<?xml version="1.0" encoding="UTF-8"?>
<testsuites name="UserCheck" time="329" tests="7" failures="0" errors="0">
   <testsuite name="UserCheck" tests="7" failures="0" errors="0" time="329" timestamp="2019-01-30 13:02:33" hostname="pashine_a - Abhishek-Pashine.India.XoriantCorp.com" id="Test Suites/UserCheck">
      <properties>
         <property name="deviceName" value=""/>
         <property name="devicePlatform" value=""/>
         <property name="logFolder" value="D:\\Git Data\\SafetyChain-Test-Automation-Katalon\\Reports\\UserCheck\\20190130_130231"/>
         <property name="logFiles" value="D:\\Git Data\\SafetyChain-Test-Automation-Katalon\\Reports\\UserCheck\\20190130_130231\\execution0.log"/>
         <property name="attachments" value=""/>
         <property name="hostName" value="pashine_a - Abhishek-Pashine.India.XoriantCorp.com"/>
         <property name="os" value="Windows 7 64bit"/>
         <property name="katalonVersion" value="5.10.1.1"/>
         <property name="browser" value="Chrome 71.0.3578.98"/>
         <property name="hostAddress" value="10.21.7.147"/>
         <property name="sessionId" value="392fb30bf333f6bc6d110dcb57e60f04"/>
         <property name="seleniumVersion" value="3.7.1"/>
         <property name="proxyInformation" value="ProxyInformation{proxyOption=NO_PROXY, proxyServerType=HTTP, password=, proxyServerAddress=, proxyServerPort=0}"/>
         <property name="platform" value="Windows 7"/>
      </properties>
      <testcase name="Test Cases/TestUser/createUser" classname="Test Cases/TestUser/createUser" status="PASSED">
         <system-out><![CDATA[2019-01-30 13:02:33 - [TEST_CASE][PASSED] - Test Cases/TestUser/createUser: Test Cases/TestUser/createUser

2019-01-30 13:02:34 - [TEST_STEP][PASSED] - openBrowser(URL): Browser is opened with url: 'https://test2.stage.safetychain.com'

2019-01-30 13:02:34 - [MESSAGE][INFO] - Starting 'Chrome' driver

2019-01-30 13:02:34 - [MESSAGE][INFO] - Action delay is set to 0 seconds

2019-01-30 13:03:10 - [MESSAGE][PASSED] - Browser is opened with url: 'https://test2.stage.safetychain.com'

2019-01-30 13:03:10 - [TEST_STEP][PASSED] - maximizeWindow(): Current window maximized

2019-01-30 13:03:11 - [MESSAGE][PASSED] - Current window maximized

2019-01-30 13:03:11 - [TEST_STEP][PASSED] - waitForElementVisible(findTestObject("TestUserLocation/login_Username"), 70): Object 'Object Repository/TestUserLocation/login_Username' is visible

2019-01-30 13:03:15 - [MESSAGE][PASSED] - Object 'Object Repository/TestUserLocation/login_Username' is visible

2019-01-30 13:03:15 - [TEST_STEP][PASSED] - setText(findTestObject("TestUserLocation/login_Username"), UserName): Text 'tester' is set on object 'Object Repository/TestUserLocation/login_Username'

2019-01-30 13:03:15 - [MESSAGE][PASSED] - Text 'tester' is set on object 'Object Repository/TestUserLocation/login_Username'

2019-01-30 13:03:15 - [TEST_STEP][PASSED] - setText(findTestObject("TestUserLocation/login_Password"), Password): Text 'TestSt@ge' is set on object 'Object Repository/TestUserLocation/login_Password'

2019-01-30 13:03:15 - [MESSAGE][PASSED] - Text 'TestSt@ge' is set on object 'Object Repository/TestUserLocation/login_Password'

2019-01-30 13:03:15 - [TEST_STEP][PASSED] - User.setNamePass(): User.setNamePass is PASSED

2019-01-30 13:03:16 - [MESSAGE][PASSED] - User.setNamePass is PASSED

2019-01-30 13:03:16 - [TEST_STEP][PASSED] - click(findTestObject("TestUserLocation/login_Button")): Object: 'Object Repository/TestUserLocation/login_Button' is clicked on

2019-01-30 13:03:18 - [MESSAGE][PASSED] - Object: 'Object Repository/TestUserLocation/login_Button' is clicked on

2019-01-30 13:03:18 - [TEST_STEP][PASSED] - Thread.sleep(6000): null

2019-01-30 13:03:24 - [TEST_STEP][PASSED] - waitForElementClickable(findTestObject("TestUserLocation/mainmenu_button"), 70): Object 'Object Repository/TestUserLocation/mainmenu_button' is clickable

2019-01-30 13:03:24 - [MESSAGE][PASSED] - Object 'Object Repository/TestUserLocation/mainmenu_button' is clickable

2019-01-30 13:03:24 - [TEST_STEP][PASSED] - click(findTestObject("TestUserLocation/mainmenu_button")): Object: 'Object Repository/TestUserLocation/mainmenu_button' is clicked on

2019-01-30 13:03:24 - [MESSAGE][PASSED] - Object: 'Object Repository/TestUserLocation/mainmenu_button' is clicked on

2019-01-30 13:03:24 - [TEST_STEP][PASSED] - click(findTestObject("Form_Selection_Creation/mainMenu_AdminTools")): Object: 'Object Repository/Form_Selection_Creation/mainMenu_AdminTools' is clicked on

2019-01-30 13:03:24 - [MESSAGE][PASSED] - Object: 'Object Repository/Form_Selection_Creation/mainMenu_AdminTools' is clicked on

2019-01-30 13:03:24 - [TEST_STEP][PASSED] - Thread.sleep(2000): null

2019-01-30 13:03:26 - [TEST_STEP][PASSED] - click(findTestObject("TestUser/users")): Object: 'Object Repository/TestUser/users' is clicked on

2019-01-30 13:03:27 - [MESSAGE][PASSED] - Object: 'Object Repository/TestUser/users' is clicked on

2019-01-30 13:03:27 - [TEST_STEP][PASSED] - Thread.sleep(6000): null

2019-01-30 13:03:33 - [TEST_STEP][PASSED] - click(findTestObject("TestUser/addNewUser")): Object: 'Object Repository/TestUser/addNewUser' is clicked on

2019-01-30 13:03:33 - [MESSAGE][PASSED] - Object: 'Object Repository/TestUser/addNewUser' is clicked on

2019-01-30 13:03:33 - [TEST_STEP][PASSED] - Thread.sleep(4000): null

2019-01-30 13:03:37 - [TEST_STEP][PASSED] - setText(findTestObject("TestUser/userName"), findTestData("UserData").getValue("UserName", 1)): Text 'User_On_30/01/19-13:03' is set on object 'Object Repository/TestUser/userName'

2019-01-30 13:03:37 - [MESSAGE][PASSED] - Text 'User_On_30/01/19-13:03' is set on object 'Object Repository/TestUser/userName'

2019-01-30 13:03:37 - [TEST_STEP][PASSED] - setText(findTestObject("TestUser/password"), findTestData("UserData").getValue("Password", 1)): Text 'password' is set on object 'Object Repository/TestUser/password'

2019-01-30 13:03:37 - [MESSAGE][PASSED] - Text 'password' is set on object 'Object Repository/TestUser/password'

2019-01-30 13:03:37 - [TEST_STEP][PASSED] - setText(findTestObject("TestUser/firstName"), "Test"): Text 'Test' is set on object 'Object Repository/TestUser/firstName'

2019-01-30 13:03:38 - [MESSAGE][PASSED] - Text 'Test' is set on object 'Object Repository/TestUser/firstName'

2019-01-30 13:03:38 - [TEST_STEP][PASSED] - setText(findTestObject("TestUser/lastName"), "Auto"): Text 'Auto' is set on object 'Object Repository/TestUser/lastName'

2019-01-30 13:03:38 - [MESSAGE][PASSED] - Text 'Auto' is set on object 'Object Repository/TestUser/lastName'

2019-01-30 13:03:38 - [TEST_STEP][PASSED] - setText(findTestObject("TestUser/email"), "test123@auto.com"): Text 'test123@auto.com' is set on object 'Object Repository/TestUser/email'

2019-01-30 13:03:38 - [MESSAGE][PASSED] - Text 'test123@auto.com' is set on object 'Object Repository/TestUser/email'

2019-01-30 13:03:38 - [TEST_STEP][PASSED] - click(findTestObject("TestUser/timeZoneOpen")): Object: 'Object Repository/TestUser/timeZoneOpen' is clicked on

2019-01-30 13:03:38 - [MESSAGE][PASSED] - Object: 'Object Repository/TestUser/timeZoneOpen' is clicked on

2019-01-30 13:03:38 - [TEST_STEP][PASSED] - Thread.sleep(2000): null

2019-01-30 13:03:40 - [TEST_STEP][PASSED] - click(findTestObject("TestUser/selectTimeZone")): Object: 'Object Repository/TestUser/selectTimeZone' is clicked on

2019-01-30 13:03:41 - [MESSAGE][PASSED] - Object: 'Object Repository/TestUser/selectTimeZone' is clicked on

2019-01-30 13:03:41 - [TEST_STEP][PASSED] - Thread.sleep(2000): null

2019-01-30 13:03:43 - [TEST_STEP][PASSED] - click(findTestObject("TestUser/clickOutside")): Object: 'Object Repository/TestUser/clickOutside' is clicked on

2019-01-30 13:03:43 - [MESSAGE][PASSED] - Object: 'Object Repository/TestUser/clickOutside' is clicked on

2019-01-30 13:03:43 - [TEST_STEP][PASSED] - click(findTestObject("TestUser/locationOpen")): Object: 'Object Repository/TestUser/locationOpen' is clicked on

2019-01-30 13:03:43 - [MESSAGE][PASSED] - Object: 'Object Repository/TestUser/locationOpen' is clicked on

2019-01-30 13:03:43 - [TEST_STEP][PASSED] - Thread.sleep(2000): null

2019-01-30 13:03:45 - [TEST_STEP][PASSED] - click(findTestObject("TestUser/selectLocation")): Object: 'Object Repository/TestUser/selectLocation' is clicked on

2019-01-30 13:03:45 - [MESSAGE][PASSED] - Object: 'Object Repository/TestUser/selectLocation' is clicked on

2019-01-30 13:03:45 - [TEST_STEP][PASSED] - Thread.sleep(2000): null

2019-01-30 13:03:47 - [TEST_STEP][PASSED] - click(findTestObject("TestUser/clickOutside")): Object: 'Object Repository/TestUser/clickOutside' is clicked on

2019-01-30 13:03:47 - [MESSAGE][PASSED] - Object: 'Object Repository/TestUser/clickOutside' is clicked on

2019-01-30 13:03:47 - [TEST_STEP][PASSED] - click(findTestObject("TestUser/roleOpen")): Object: 'Object Repository/TestUser/roleOpen' is clicked on

2019-01-30 13:03:47 - [MESSAGE][PASSED] - Object: 'Object Repository/TestUser/roleOpen' is clicked on

2019-01-30 13:03:47 - [TEST_STEP][PASSED] - Thread.sleep(2000): null

2019-01-30 13:03:49 - [TEST_STEP][PASSED] - setText(findTestObject("TestUser/selectRole"), "Superadmin"): Text 'Superadmin' is set on object 'Object Repository/TestUser/selectRole'

2019-01-30 13:03:50 - [MESSAGE][PASSED] - Text 'Superadmin' is set on object 'Object Repository/TestUser/selectRole'

2019-01-30 13:03:50 - [TEST_STEP][PASSED] - Thread.sleep(2000): null

2019-01-30 13:03:52 - [TEST_STEP][PASSED] - sendKeys(findTestObject("TestUser/selectRole"), Keys.chord(ENTER)): Keys 'ENTER + ' sent to object: 'Object Repository/TestUser/selectRole'

2019-01-30 13:03:52 - [MESSAGE][PASSED] - Keys 'ENTER + ' sent to object: 'Object Repository/TestUser/selectRole'

2019-01-30 13:03:52 - [TEST_STEP][PASSED] - Thread.sleep(2000): null

2019-01-30 13:03:54 - [TEST_STEP][PASSED] - AdminTool_Location.moveCursor(): AdminTool_Location.moveCursor is PASSED

2019-01-30 13:03:54 - [MESSAGE][PASSED] - AdminTool_Location.moveCursor is PASSED

2019-01-30 13:03:54 - [TEST_STEP][PASSED] - Thread.sleep(2000): null

2019-01-30 13:03:56 - [TEST_STEP][PASSED] - click(findTestObject("TestUser/clickOutside")): Object: 'Object Repository/TestUser/clickOutside' is clicked on

2019-01-30 13:03:56 - [MESSAGE][PASSED] - Object: 'Object Repository/TestUser/clickOutside' is clicked on

2019-01-30 13:03:56 - [TEST_STEP][PASSED] - Thread.sleep(2000): null

2019-01-30 13:03:58 - [TEST_STEP][PASSED] - click(findTestObject("TestUser/saveUser")): Object: 'Object Repository/TestUser/saveUser' is clicked on

2019-01-30 13:03:58 - [MESSAGE][PASSED] - Object: 'Object Repository/TestUser/saveUser' is clicked on

2019-01-30 13:03:58 - [TEST_STEP][PASSED] - waitForElementClickable(findTestObject("TestUser/clickToCheck"), 30): Object 'Object Repository/TestUser/clickToCheck' is clickable

2019-01-30 13:03:58 - [MESSAGE][PASSED] - Object 'Object Repository/TestUser/clickToCheck' is clickable

2019-01-30 13:03:58 - [TEST_STEP][PASSED] - Thread.sleep(6000): null

2019-01-30 13:04:04 - [TEST_STEP][PASSED] - click(findTestObject("TestUser/clickToCheck")): Object: 'Object Repository/TestUser/clickToCheck' is clicked on

2019-01-30 13:04:04 - [MESSAGE][PASSED] - Object: 'Object Repository/TestUser/clickToCheck' is clicked on

2019-01-30 13:04:04 - [TEST_STEP][PASSED] - Thread.sleep(2000): null

2019-01-30 13:04:06 - [TEST_STEP][PASSED] - click(findTestObject("TestUser/logoutUser")): Object: 'Object Repository/TestUser/logoutUser' is clicked on

2019-01-30 13:04:10 - [MESSAGE][PASSED] - Object: 'Object Repository/TestUser/logoutUser' is clicked on

2019-01-30 13:04:10 - [TEST_STEP][PASSED] - Thread.sleep(2000): null]]></system-out>
         <system-err><![CDATA[]]></system-err>
      </testcase>
      <testcase name="Test Cases/TestUser/userFirstLogin" classname="Test Cases/TestUser/userFirstLogin" status="PASSED">
         <system-out><![CDATA[2019-01-30 13:04:12 - [TEST_CASE][PASSED] - Test Cases/TestUser/userFirstLogin: Test Cases/TestUser/userFirstLogin

2019-01-30 13:04:12 - [TEST_STEP][NOT_RUN] - openBrowser(URL): NOT_RUN: openBrowser(URL)

2019-01-30 13:04:12 - [MESSAGE][NOT_RUN] - NOT_RUN: openBrowser(URL)

2019-01-30 13:04:12 - [TEST_STEP][NOT_RUN] - maximizeWindow(): NOT_RUN: maximizeWindow()

2019-01-30 13:04:12 - [MESSAGE][NOT_RUN] - NOT_RUN: maximizeWindow()

2019-01-30 13:04:12 - [TEST_STEP][PASSED] - Thread.sleep(4000): null

2019-01-30 13:04:16 - [TEST_STEP][PASSED] - setText(findTestObject("TestUserLocation/login_Username"), findTestData("UserData").getValue("UserName", 1)): Text 'User_On_30/01/19-13:03' is set on object 'Object Repository/TestUserLocation/login_Username'

2019-01-30 13:04:16 - [MESSAGE][PASSED] - Text 'User_On_30/01/19-13:03' is set on object 'Object Repository/TestUserLocation/login_Username'

2019-01-30 13:04:16 - [TEST_STEP][PASSED] - User.setNewPass(): User.setNewPass is PASSED

2019-01-30 13:04:16 - [MESSAGE][PASSED] - User.setNewPass is PASSED

2019-01-30 13:04:16 - [TEST_STEP][PASSED] - setText(findTestObject("TestUserLocation/login_Password"), findTestData("UserData").getValue("Password", 1)): Text 'password' is set on object 'Object Repository/TestUserLocation/login_Password'

2019-01-30 13:04:16 - [MESSAGE][PASSED] - Text 'password' is set on object 'Object Repository/TestUserLocation/login_Password'

2019-01-30 13:04:16 - [TEST_STEP][PASSED] - Thread.sleep(2000): null

2019-01-30 13:04:18 - [TEST_STEP][PASSED] - click(findTestObject("TestUserLocation/login_Button")): Object: 'Object Repository/TestUserLocation/login_Button' is clicked on

2019-01-30 13:04:19 - [MESSAGE][PASSED] - Object: 'Object Repository/TestUserLocation/login_Button' is clicked on

2019-01-30 13:04:19 - [TEST_STEP][PASSED] - Thread.sleep(6000): null

2019-01-30 13:04:25 - [TEST_STEP][PASSED] - setText(findTestObject("TestUser/newPassword"), "a"): Text 'a' is set on object 'Object Repository/TestUser/newPassword'

2019-01-30 13:04:25 - [MESSAGE][PASSED] - Text 'a' is set on object 'Object Repository/TestUser/newPassword'

2019-01-30 13:04:25 - [TEST_STEP][PASSED] - setText(findTestObject("TestUser/confirmPassword"), "b"): Text 'b' is set on object 'Object Repository/TestUser/confirmPassword'

2019-01-30 13:04:25 - [MESSAGE][PASSED] - Text 'b' is set on object 'Object Repository/TestUser/confirmPassword'

2019-01-30 13:04:25 - [TEST_STEP][PASSED] - Thread.sleep(2000): null

2019-01-30 13:04:27 - [TEST_STEP][PASSED] - click(findTestObject("TestUser/createPasswordButton")): Object: 'Object Repository/TestUser/createPasswordButton' is clicked on

2019-01-30 13:04:28 - [MESSAGE][PASSED] - Object: 'Object Repository/TestUser/createPasswordButton' is clicked on

2019-01-30 13:04:28 - [TEST_STEP][PASSED] - Thread.sleep(4000): null

2019-01-30 13:04:32 - [TEST_STEP][PASSED] - click(findTestObject("TestUser/passwordMatch")): Object: 'Object Repository/TestUser/passwordMatch' is clicked on

2019-01-30 13:04:32 - [MESSAGE][PASSED] - Object: 'Object Repository/TestUser/passwordMatch' is clicked on

2019-01-30 13:04:32 - [TEST_STEP][PASSED] - setText(findTestObject("TestUser/newPassword"), "a"): Text 'a' is set on object 'Object Repository/TestUser/newPassword'

2019-01-30 13:04:32 - [MESSAGE][PASSED] - Text 'a' is set on object 'Object Repository/TestUser/newPassword'

2019-01-30 13:04:32 - [TEST_STEP][PASSED] - setText(findTestObject("TestUser/confirmPassword"), "a"): Text 'a' is set on object 'Object Repository/TestUser/confirmPassword'

2019-01-30 13:04:32 - [MESSAGE][PASSED] - Text 'a' is set on object 'Object Repository/TestUser/confirmPassword'

2019-01-30 13:04:32 - [TEST_STEP][PASSED] - Thread.sleep(2000): null

2019-01-30 13:04:34 - [TEST_STEP][PASSED] - AdminTool_Location.moveCursor(): AdminTool_Location.moveCursor is PASSED

2019-01-30 13:04:34 - [MESSAGE][PASSED] - AdminTool_Location.moveCursor is PASSED

2019-01-30 13:04:34 - [TEST_STEP][PASSED] - Thread.sleep(2000): null

2019-01-30 13:04:36 - [TEST_STEP][PASSED] - click(findTestObject("TestUser/createPasswordButton")): Object: 'Object Repository/TestUser/createPasswordButton' is clicked on

2019-01-30 13:04:36 - [MESSAGE][PASSED] - Object: 'Object Repository/TestUser/createPasswordButton' is clicked on

2019-01-30 13:04:36 - [TEST_STEP][PASSED] - Thread.sleep(4000): null

2019-01-30 13:04:40 - [TEST_STEP][PASSED] - click(findTestObject("TestUser/characterLength")): Object: 'Object Repository/TestUser/characterLength' is clicked on

2019-01-30 13:04:40 - [MESSAGE][PASSED] - Object: 'Object Repository/TestUser/characterLength' is clicked on

2019-01-30 13:04:40 - [TEST_STEP][PASSED] - setText(findTestObject("TestUser/newPassword"), findTestData("UserData").getValue("Password", 1)): Text 'password' is set on object 'Object Repository/TestUser/newPassword'

2019-01-30 13:04:41 - [MESSAGE][PASSED] - Text 'password' is set on object 'Object Repository/TestUser/newPassword'

2019-01-30 13:04:41 - [TEST_STEP][PASSED] - setText(findTestObject("TestUser/confirmPassword"), findTestData("UserData").getValue("Password", 1)): Text 'password' is set on object 'Object Repository/TestUser/confirmPassword'

2019-01-30 13:04:41 - [MESSAGE][PASSED] - Text 'password' is set on object 'Object Repository/TestUser/confirmPassword'

2019-01-30 13:04:41 - [TEST_STEP][PASSED] - Thread.sleep(2000): null

2019-01-30 13:04:43 - [TEST_STEP][PASSED] - click(findTestObject("TestUser/createPasswordButton")): Object: 'Object Repository/TestUser/createPasswordButton' is clicked on

2019-01-30 13:04:43 - [MESSAGE][PASSED] - Object: 'Object Repository/TestUser/createPasswordButton' is clicked on

2019-01-30 13:04:43 - [TEST_STEP][PASSED] - Thread.sleep(4000): null

2019-01-30 13:04:47 - [TEST_STEP][PASSED] - click(findTestObject("TestUser/specialCharacater")): Object: 'Object Repository/TestUser/specialCharacater' is clicked on

2019-01-30 13:04:47 - [MESSAGE][PASSED] - Object: 'Object Repository/TestUser/specialCharacater' is clicked on

2019-01-30 13:04:47 - [TEST_STEP][PASSED] - setText(findTestObject("TestUser/newPassword"), findTestData("UserData").getValue("NewPassword", 1)): Text 'password@123#' is set on object 'Object Repository/TestUser/newPassword'

2019-01-30 13:04:47 - [MESSAGE][PASSED] - Text 'password@123#' is set on object 'Object Repository/TestUser/newPassword'

2019-01-30 13:04:47 - [TEST_STEP][PASSED] - setText(findTestObject("TestUser/confirmPassword"), findTestData("UserData").getValue("NewPassword", 1)): Text 'password@123#' is set on object 'Object Repository/TestUser/confirmPassword'

2019-01-30 13:04:47 - [MESSAGE][PASSED] - Text 'password@123#' is set on object 'Object Repository/TestUser/confirmPassword'

2019-01-30 13:04:47 - [TEST_STEP][PASSED] - Thread.sleep(2000): null

2019-01-30 13:04:49 - [TEST_STEP][PASSED] - click(findTestObject("TestUser/createPasswordButton")): Object: 'Object Repository/TestUser/createPasswordButton' is clicked on

2019-01-30 13:04:50 - [MESSAGE][PASSED] - Object: 'Object Repository/TestUser/createPasswordButton' is clicked on

2019-01-30 13:04:50 - [TEST_STEP][PASSED] - Thread.sleep(4000): null

2019-01-30 13:04:54 - [TEST_STEP][PASSED] - setText(findTestObject("TestUserLocation/login_Username"), findTestData("UserData").getValue("UserName", 1)): Text 'User_On_30/01/19-13:03' is set on object 'Object Repository/TestUserLocation/login_Username'

2019-01-30 13:04:54 - [MESSAGE][PASSED] - Text 'User_On_30/01/19-13:03' is set on object 'Object Repository/TestUserLocation/login_Username'

2019-01-30 13:04:54 - [TEST_STEP][PASSED] - setText(findTestObject("TestUserLocation/login_Password"), findTestData("UserData").getValue("NewPassword", 1)): Text 'password@123#' is set on object 'Object Repository/TestUserLocation/login_Password'

2019-01-30 13:04:55 - [MESSAGE][PASSED] - Text 'password@123#' is set on object 'Object Repository/TestUserLocation/login_Password'

2019-01-30 13:04:55 - [TEST_STEP][PASSED] - Thread.sleep(2000): null

2019-01-30 13:04:57 - [TEST_STEP][PASSED] - click(findTestObject("TestUserLocation/login_Button")): Object: 'Object Repository/TestUserLocation/login_Button' is clicked on

2019-01-30 13:04:58 - [MESSAGE][PASSED] - Object: 'Object Repository/TestUserLocation/login_Button' is clicked on

2019-01-30 13:04:58 - [TEST_STEP][PASSED] - waitForElementClickable(findTestObject("TestUser/clickToCheck"), 70): Object 'Object Repository/TestUser/clickToCheck' is clickable

2019-01-30 13:05:00 - [MESSAGE][PASSED] - Object 'Object Repository/TestUser/clickToCheck' is clickable

2019-01-30 13:05:00 - [TEST_STEP][PASSED] - Thread.sleep(4000): null

2019-01-30 13:05:04 - [TEST_STEP][PASSED] - click(findTestObject("TestUser/clickToCheck")): Object: 'Object Repository/TestUser/clickToCheck' is clicked on

2019-01-30 13:05:04 - [MESSAGE][PASSED] - Object: 'Object Repository/TestUser/clickToCheck' is clicked on

2019-01-30 13:05:04 - [TEST_STEP][PASSED] - Thread.sleep(2000): null

2019-01-30 13:05:06 - [TEST_STEP][PASSED] - click(findTestObject("TestUser/logoutUser")): Object: 'Object Repository/TestUser/logoutUser' is clicked on

2019-01-30 13:05:08 - [MESSAGE][PASSED] - Object: 'Object Repository/TestUser/logoutUser' is clicked on]]></system-out>
         <system-err><![CDATA[]]></system-err>
      </testcase>
      <testcase name="Test Cases/TestUser/CheckUser_Invalid" classname="Test Cases/TestUser/CheckUser_Invalid" status="PASSED">
         <system-out><![CDATA[2019-01-30 13:05:08 - [TEST_CASE][PASSED] - Test Cases/TestUser/CheckUser_Invalid: Test Cases/TestUser/CheckUser_Invalid

2019-01-30 13:05:08 - [TEST_STEP][NOT_RUN] - openBrowser(URL): NOT_RUN: openBrowser(URL)

2019-01-30 13:05:08 - [MESSAGE][NOT_RUN] - NOT_RUN: openBrowser(URL)

2019-01-30 13:05:08 - [TEST_STEP][NOT_RUN] - maximizeWindow(): NOT_RUN: maximizeWindow()

2019-01-30 13:05:08 - [MESSAGE][NOT_RUN] - NOT_RUN: maximizeWindow()

2019-01-30 13:05:08 - [TEST_STEP][PASSED] - for (def index : (0..10)): null

2019-01-30 13:05:08 - [TEST_STEP][PASSED] - setText(findTestObject("TestUserLocation/login_Username"), findTestData("UserData").getValue("UserName", 1)): Text 'User_On_30/01/19-13:03' is set on object 'Object Repository/TestUserLocation/login_Username'

2019-01-30 13:05:09 - [MESSAGE][PASSED] - Text 'User_On_30/01/19-13:03' is set on object 'Object Repository/TestUserLocation/login_Username'

2019-01-30 13:05:09 - [TEST_STEP][PASSED] - setText(findTestObject("TestUserLocation/login_Password"), findTestData("UserData").getValue("Password", 1)): Text 'password' is set on object 'Object Repository/TestUserLocation/login_Password'

2019-01-30 13:05:10 - [MESSAGE][PASSED] - Text 'password' is set on object 'Object Repository/TestUserLocation/login_Password'

2019-01-30 13:05:10 - [TEST_STEP][PASSED] - click(findTestObject("TestUserLocation/login_Button")): Object: 'Object Repository/TestUserLocation/login_Button' is clicked on

2019-01-30 13:05:10 - [MESSAGE][PASSED] - Object: 'Object Repository/TestUserLocation/login_Button' is clicked on

2019-01-30 13:05:10 - [TEST_STEP][PASSED] - Thread.sleep(2000): null

2019-01-30 13:05:12 - [TEST_STEP][PASSED] - setText(findTestObject("TestUserLocation/login_Username"), findTestData("UserData").getValue("UserName", 1)): Text 'User_On_30/01/19-13:03' is set on object 'Object Repository/TestUserLocation/login_Username'

2019-01-30 13:05:12 - [MESSAGE][PASSED] - Text 'User_On_30/01/19-13:03' is set on object 'Object Repository/TestUserLocation/login_Username'

2019-01-30 13:05:12 - [TEST_STEP][PASSED] - setText(findTestObject("TestUserLocation/login_Password"), findTestData("UserData").getValue("Password", 1)): Text 'password' is set on object 'Object Repository/TestUserLocation/login_Password'

2019-01-30 13:05:12 - [MESSAGE][PASSED] - Text 'password' is set on object 'Object Repository/TestUserLocation/login_Password'

2019-01-30 13:05:12 - [TEST_STEP][PASSED] - click(findTestObject("TestUserLocation/login_Button")): Object: 'Object Repository/TestUserLocation/login_Button' is clicked on

2019-01-30 13:05:13 - [MESSAGE][PASSED] - Object: 'Object Repository/TestUserLocation/login_Button' is clicked on

2019-01-30 13:05:13 - [TEST_STEP][PASSED] - Thread.sleep(2000): null

2019-01-30 13:05:15 - [TEST_STEP][PASSED] - setText(findTestObject("TestUserLocation/login_Username"), findTestData("UserData").getValue("UserName", 1)): Text 'User_On_30/01/19-13:03' is set on object 'Object Repository/TestUserLocation/login_Username'

2019-01-30 13:05:15 - [MESSAGE][PASSED] - Text 'User_On_30/01/19-13:03' is set on object 'Object Repository/TestUserLocation/login_Username'

2019-01-30 13:05:15 - [TEST_STEP][PASSED] - setText(findTestObject("TestUserLocation/login_Password"), findTestData("UserData").getValue("Password", 1)): Text 'password' is set on object 'Object Repository/TestUserLocation/login_Password'

2019-01-30 13:05:15 - [MESSAGE][PASSED] - Text 'password' is set on object 'Object Repository/TestUserLocation/login_Password'

2019-01-30 13:05:15 - [TEST_STEP][PASSED] - click(findTestObject("TestUserLocation/login_Button")): Object: 'Object Repository/TestUserLocation/login_Button' is clicked on

2019-01-30 13:05:16 - [MESSAGE][PASSED] - Object: 'Object Repository/TestUserLocation/login_Button' is clicked on

2019-01-30 13:05:16 - [TEST_STEP][PASSED] - Thread.sleep(2000): null

2019-01-30 13:05:18 - [TEST_STEP][PASSED] - setText(findTestObject("TestUserLocation/login_Username"), findTestData("UserData").getValue("UserName", 1)): Text 'User_On_30/01/19-13:03' is set on object 'Object Repository/TestUserLocation/login_Username'

2019-01-30 13:05:18 - [MESSAGE][PASSED] - Text 'User_On_30/01/19-13:03' is set on object 'Object Repository/TestUserLocation/login_Username'

2019-01-30 13:05:18 - [TEST_STEP][PASSED] - setText(findTestObject("TestUserLocation/login_Password"), findTestData("UserData").getValue("Password", 1)): Text 'password' is set on object 'Object Repository/TestUserLocation/login_Password'

2019-01-30 13:05:18 - [MESSAGE][PASSED] - Text 'password' is set on object 'Object Repository/TestUserLocation/login_Password'

2019-01-30 13:05:18 - [TEST_STEP][PASSED] - click(findTestObject("TestUserLocation/login_Button")): Object: 'Object Repository/TestUserLocation/login_Button' is clicked on

2019-01-30 13:05:18 - [MESSAGE][PASSED] - Object: 'Object Repository/TestUserLocation/login_Button' is clicked on

2019-01-30 13:05:18 - [TEST_STEP][PASSED] - Thread.sleep(2000): null

2019-01-30 13:05:20 - [TEST_STEP][PASSED] - setText(findTestObject("TestUserLocation/login_Username"), findTestData("UserData").getValue("UserName", 1)): Text 'User_On_30/01/19-13:03' is set on object 'Object Repository/TestUserLocation/login_Username'

2019-01-30 13:05:21 - [MESSAGE][PASSED] - Text 'User_On_30/01/19-13:03' is set on object 'Object Repository/TestUserLocation/login_Username'

2019-01-30 13:05:21 - [TEST_STEP][PASSED] - setText(findTestObject("TestUserLocation/login_Password"), findTestData("UserData").getValue("Password", 1)): Text 'password' is set on object 'Object Repository/TestUserLocation/login_Password'

2019-01-30 13:05:21 - [MESSAGE][PASSED] - Text 'password' is set on object 'Object Repository/TestUserLocation/login_Password'

2019-01-30 13:05:21 - [TEST_STEP][PASSED] - click(findTestObject("TestUserLocation/login_Button")): Object: 'Object Repository/TestUserLocation/login_Button' is clicked on

2019-01-30 13:05:21 - [MESSAGE][PASSED] - Object: 'Object Repository/TestUserLocation/login_Button' is clicked on

2019-01-30 13:05:21 - [TEST_STEP][PASSED] - Thread.sleep(2000): null

2019-01-30 13:05:23 - [TEST_STEP][PASSED] - setText(findTestObject("TestUserLocation/login_Username"), findTestData("UserData").getValue("UserName", 1)): Text 'User_On_30/01/19-13:03' is set on object 'Object Repository/TestUserLocation/login_Username'

2019-01-30 13:05:23 - [MESSAGE][PASSED] - Text 'User_On_30/01/19-13:03' is set on object 'Object Repository/TestUserLocation/login_Username'

2019-01-30 13:05:23 - [TEST_STEP][PASSED] - setText(findTestObject("TestUserLocation/login_Password"), findTestData("UserData").getValue("Password", 1)): Text 'password' is set on object 'Object Repository/TestUserLocation/login_Password'

2019-01-30 13:05:24 - [MESSAGE][PASSED] - Text 'password' is set on object 'Object Repository/TestUserLocation/login_Password'

2019-01-30 13:05:24 - [TEST_STEP][PASSED] - click(findTestObject("TestUserLocation/login_Button")): Object: 'Object Repository/TestUserLocation/login_Button' is clicked on

2019-01-30 13:05:24 - [MESSAGE][PASSED] - Object: 'Object Repository/TestUserLocation/login_Button' is clicked on

2019-01-30 13:05:24 - [TEST_STEP][PASSED] - Thread.sleep(2000): null

2019-01-30 13:05:26 - [TEST_STEP][PASSED] - setText(findTestObject("TestUserLocation/login_Username"), findTestData("UserData").getValue("UserName", 1)): Text 'User_On_30/01/19-13:03' is set on object 'Object Repository/TestUserLocation/login_Username'

2019-01-30 13:05:26 - [MESSAGE][PASSED] - Text 'User_On_30/01/19-13:03' is set on object 'Object Repository/TestUserLocation/login_Username'

2019-01-30 13:05:26 - [TEST_STEP][PASSED] - setText(findTestObject("TestUserLocation/login_Password"), findTestData("UserData").getValue("Password", 1)): Text 'password' is set on object 'Object Repository/TestUserLocation/login_Password'

2019-01-30 13:05:26 - [MESSAGE][PASSED] - Text 'password' is set on object 'Object Repository/TestUserLocation/login_Password'

2019-01-30 13:05:26 - [TEST_STEP][PASSED] - click(findTestObject("TestUserLocation/login_Button")): Object: 'Object Repository/TestUserLocation/login_Button' is clicked on

2019-01-30 13:05:27 - [MESSAGE][PASSED] - Object: 'Object Repository/TestUserLocation/login_Button' is clicked on

2019-01-30 13:05:27 - [TEST_STEP][PASSED] - Thread.sleep(2000): null

2019-01-30 13:05:29 - [TEST_STEP][PASSED] - setText(findTestObject("TestUserLocation/login_Username"), findTestData("UserData").getValue("UserName", 1)): Text 'User_On_30/01/19-13:03' is set on object 'Object Repository/TestUserLocation/login_Username'

2019-01-30 13:05:29 - [MESSAGE][PASSED] - Text 'User_On_30/01/19-13:03' is set on object 'Object Repository/TestUserLocation/login_Username'

2019-01-30 13:05:29 - [TEST_STEP][PASSED] - setText(findTestObject("TestUserLocation/login_Password"), findTestData("UserData").getValue("Password", 1)): Text 'password' is set on object 'Object Repository/TestUserLocation/login_Password'

2019-01-30 13:05:29 - [MESSAGE][PASSED] - Text 'password' is set on object 'Object Repository/TestUserLocation/login_Password'

2019-01-30 13:05:29 - [TEST_STEP][PASSED] - click(findTestObject("TestUserLocation/login_Button")): Object: 'Object Repository/TestUserLocation/login_Button' is clicked on

2019-01-30 13:05:30 - [MESSAGE][PASSED] - Object: 'Object Repository/TestUserLocation/login_Button' is clicked on

2019-01-30 13:05:30 - [TEST_STEP][PASSED] - Thread.sleep(2000): null

2019-01-30 13:05:32 - [TEST_STEP][PASSED] - setText(findTestObject("TestUserLocation/login_Username"), findTestData("UserData").getValue("UserName", 1)): Text 'User_On_30/01/19-13:03' is set on object 'Object Repository/TestUserLocation/login_Username'

2019-01-30 13:05:32 - [MESSAGE][PASSED] - Text 'User_On_30/01/19-13:03' is set on object 'Object Repository/TestUserLocation/login_Username'

2019-01-30 13:05:32 - [TEST_STEP][PASSED] - setText(findTestObject("TestUserLocation/login_Password"), findTestData("UserData").getValue("Password", 1)): Text 'password' is set on object 'Object Repository/TestUserLocation/login_Password'

2019-01-30 13:05:32 - [MESSAGE][PASSED] - Text 'password' is set on object 'Object Repository/TestUserLocation/login_Password'

2019-01-30 13:05:32 - [TEST_STEP][PASSED] - click(findTestObject("TestUserLocation/login_Button")): Object: 'Object Repository/TestUserLocation/login_Button' is clicked on

2019-01-30 13:05:32 - [MESSAGE][PASSED] - Object: 'Object Repository/TestUserLocation/login_Button' is clicked on

2019-01-30 13:05:32 - [TEST_STEP][PASSED] - Thread.sleep(2000): null

2019-01-30 13:05:34 - [TEST_STEP][PASSED] - setText(findTestObject("TestUserLocation/login_Username"), findTestData("UserData").getValue("UserName", 1)): Text 'User_On_30/01/19-13:03' is set on object 'Object Repository/TestUserLocation/login_Username'

2019-01-30 13:05:35 - [MESSAGE][PASSED] - Text 'User_On_30/01/19-13:03' is set on object 'Object Repository/TestUserLocation/login_Username'

2019-01-30 13:05:35 - [TEST_STEP][PASSED] - setText(findTestObject("TestUserLocation/login_Password"), findTestData("UserData").getValue("Password", 1)): Text 'password' is set on object 'Object Repository/TestUserLocation/login_Password'

2019-01-30 13:05:35 - [MESSAGE][PASSED] - Text 'password' is set on object 'Object Repository/TestUserLocation/login_Password'

2019-01-30 13:05:35 - [TEST_STEP][PASSED] - click(findTestObject("TestUserLocation/login_Button")): Object: 'Object Repository/TestUserLocation/login_Button' is clicked on

2019-01-30 13:05:35 - [MESSAGE][PASSED] - Object: 'Object Repository/TestUserLocation/login_Button' is clicked on

2019-01-30 13:05:35 - [TEST_STEP][PASSED] - Thread.sleep(2000): null

2019-01-30 13:05:37 - [TEST_STEP][PASSED] - setText(findTestObject("TestUserLocation/login_Username"), findTestData("UserData").getValue("UserName", 1)): Text 'User_On_30/01/19-13:03' is set on object 'Object Repository/TestUserLocation/login_Username'

2019-01-30 13:05:37 - [MESSAGE][PASSED] - Text 'User_On_30/01/19-13:03' is set on object 'Object Repository/TestUserLocation/login_Username'

2019-01-30 13:05:37 - [TEST_STEP][PASSED] - setText(findTestObject("TestUserLocation/login_Password"), findTestData("UserData").getValue("Password", 1)): Text 'password' is set on object 'Object Repository/TestUserLocation/login_Password'

2019-01-30 13:05:38 - [MESSAGE][PASSED] - Text 'password' is set on object 'Object Repository/TestUserLocation/login_Password'

2019-01-30 13:05:38 - [TEST_STEP][PASSED] - click(findTestObject("TestUserLocation/login_Button")): Object: 'Object Repository/TestUserLocation/login_Button' is clicked on

2019-01-30 13:05:38 - [MESSAGE][PASSED] - Object: 'Object Repository/TestUserLocation/login_Button' is clicked on

2019-01-30 13:05:38 - [TEST_STEP][PASSED] - Thread.sleep(2000): null

2019-01-30 13:05:40 - [TEST_STEP][PASSED] - click(findTestObject("TestUser/lockedAccount")): Object: 'Object Repository/TestUser/lockedAccount' is clicked on

2019-01-30 13:05:40 - [MESSAGE][PASSED] - Object: 'Object Repository/TestUser/lockedAccount' is clicked on

2019-01-30 13:05:40 - [TEST_STEP][PASSED] - Thread.sleep(6000): null

2019-01-30 13:05:46 - [TEST_STEP][NOT_RUN] - click(findTestObject("TestUser/clickToCheck")): NOT_RUN: click(findTestObject("TestUser/clickToCheck"))

2019-01-30 13:05:46 - [MESSAGE][NOT_RUN] - NOT_RUN: click(findTestObject("TestUser/clickToCheck"))

2019-01-30 13:05:46 - [TEST_STEP][NOT_RUN] - Thread.sleep(2000): NOT_RUN: Thread.sleep(2000)

2019-01-30 13:05:46 - [MESSAGE][NOT_RUN] - NOT_RUN: Thread.sleep(2000)

2019-01-30 13:05:46 - [TEST_STEP][NOT_RUN] - click(findTestObject("TestUser/logoutUser")): NOT_RUN: click(findTestObject("TestUser/logoutUser"))

2019-01-30 13:05:46 - [MESSAGE][NOT_RUN] - NOT_RUN: click(findTestObject("TestUser/logoutUser"))

2019-01-30 13:05:46 - [TEST_STEP][NOT_RUN] - setText(findTestObject("TestUserLocation/login_Username"), findTestData("UserData").getValue("UserName", 1)): NOT_RUN: setText(findTestObject("TestUserLocation/login_Username"), findTestData("UserData").getValue("UserName", 1))

2019-01-30 13:05:46 - [MESSAGE][NOT_RUN] - NOT_RUN: setText(findTestObject("TestUserLocation/login_Username"), findTestData("UserData").getValue("UserName", 1))

2019-01-30 13:05:46 - [TEST_STEP][NOT_RUN] - setText(findTestObject("TestUserLocation/login_Password"), findTestData("UserData").getValue("NewPassword", 1)): NOT_RUN: setText(findTestObject("TestUserLocation/login_Password"), findTestData("UserData").getValue("NewPassword", 1))

2019-01-30 13:05:46 - [MESSAGE][NOT_RUN] - NOT_RUN: setText(findTestObject("TestUserLocation/login_Password"), findTestData("UserData").getValue("NewPassword", 1))

2019-01-30 13:05:46 - [TEST_STEP][NOT_RUN] - click(findTestObject("TestUserLocation/login_Button")): NOT_RUN: click(findTestObject("TestUserLocation/login_Button"))

2019-01-30 13:05:46 - [MESSAGE][NOT_RUN] - NOT_RUN: click(findTestObject("TestUserLocation/login_Button"))]]></system-out>
         <system-err><![CDATA[]]></system-err>
      </testcase>
      <testcase name="Test Cases/TestUser/UnlockUser" classname="Test Cases/TestUser/UnlockUser" status="PASSED">
         <system-out><![CDATA[2019-01-30 13:05:46 - [TEST_CASE][PASSED] - Test Cases/TestUser/UnlockUser: Test Cases/TestUser/UnlockUser

2019-01-30 13:05:46 - [TEST_STEP][NOT_RUN] - openBrowser(URL): NOT_RUN: openBrowser(URL)

2019-01-30 13:05:46 - [MESSAGE][NOT_RUN] - NOT_RUN: openBrowser(URL)

2019-01-30 13:05:46 - [TEST_STEP][NOT_RUN] - maximizeWindow(): NOT_RUN: maximizeWindow()

2019-01-30 13:05:46 - [MESSAGE][NOT_RUN] - NOT_RUN: maximizeWindow()

2019-01-30 13:05:46 - [TEST_STEP][PASSED] - Thread.sleep(2000): null

2019-01-30 13:05:48 - [TEST_STEP][PASSED] - setText(findTestObject("TestUserLocation/login_Username"), UserName): Text 'tester' is set on object 'Object Repository/TestUserLocation/login_Username'

2019-01-30 13:05:48 - [MESSAGE][PASSED] - Text 'tester' is set on object 'Object Repository/TestUserLocation/login_Username'

2019-01-30 13:05:48 - [TEST_STEP][PASSED] - setText(findTestObject("TestUserLocation/login_Password"), Password): Text 'TestSt@ge' is set on object 'Object Repository/TestUserLocation/login_Password'

2019-01-30 13:05:49 - [MESSAGE][PASSED] - Text 'TestSt@ge' is set on object 'Object Repository/TestUserLocation/login_Password'

2019-01-30 13:05:49 - [TEST_STEP][NOT_RUN] - User.setNamePass(): NOT_RUN: User.setNamePass()

2019-01-30 13:05:49 - [MESSAGE][NOT_RUN] - NOT_RUN: User.setNamePass()

2019-01-30 13:05:49 - [TEST_STEP][PASSED] - click(findTestObject("TestUserLocation/login_Button")): Object: 'Object Repository/TestUserLocation/login_Button' is clicked on

2019-01-30 13:05:50 - [MESSAGE][PASSED] - Object: 'Object Repository/TestUserLocation/login_Button' is clicked on

2019-01-30 13:05:50 - [TEST_STEP][PASSED] - Thread.sleep(6000): null

2019-01-30 13:05:56 - [TEST_STEP][PASSED] - click(findTestObject("TestUserLocation/mainmenu_button")): Object: 'Object Repository/TestUserLocation/mainmenu_button' is clicked on

2019-01-30 13:05:56 - [MESSAGE][PASSED] - Object: 'Object Repository/TestUserLocation/mainmenu_button' is clicked on

2019-01-30 13:05:56 - [TEST_STEP][PASSED] - click(findTestObject("Form_Selection_Creation/mainMenu_AdminTools")): Object: 'Object Repository/Form_Selection_Creation/mainMenu_AdminTools' is clicked on

2019-01-30 13:05:56 - [MESSAGE][PASSED] - Object: 'Object Repository/Form_Selection_Creation/mainMenu_AdminTools' is clicked on

2019-01-30 13:05:56 - [TEST_STEP][PASSED] - Thread.sleep(2000): null

2019-01-30 13:05:58 - [TEST_STEP][PASSED] - click(findTestObject("TestUser/users")): Object: 'Object Repository/TestUser/users' is clicked on

2019-01-30 13:05:59 - [MESSAGE][PASSED] - Object: 'Object Repository/TestUser/users' is clicked on

2019-01-30 13:05:59 - [TEST_STEP][PASSED] - Thread.sleep(4000): null

2019-01-30 13:06:03 - [TEST_STEP][PASSED] - setText(findTestObject("TestUser/filterUser"), findTestData("UserData").getValue("UserName", 1)): Text 'User_On_30/01/19-13:03' is set on object 'Object Repository/TestUser/filterUser'

2019-01-30 13:06:03 - [MESSAGE][PASSED] - Text 'User_On_30/01/19-13:03' is set on object 'Object Repository/TestUser/filterUser'

2019-01-30 13:06:03 - [TEST_STEP][PASSED] - Thread.sleep(2000): null

2019-01-30 13:06:05 - [TEST_STEP][PASSED] - sendKeys(findTestObject("TestUser/filterUser"), Keys.chord(ENTER)): Keys 'ENTER + ' sent to object: 'Object Repository/TestUser/filterUser'

2019-01-30 13:06:05 - [MESSAGE][PASSED] - Keys 'ENTER + ' sent to object: 'Object Repository/TestUser/filterUser'

2019-01-30 13:06:05 - [TEST_STEP][PASSED] - Thread.sleep(4000): null

2019-01-30 13:06:09 - [TEST_STEP][PASSED] - AdminTool_Location.moveCursor(): AdminTool_Location.moveCursor is PASSED

2019-01-30 13:06:09 - [MESSAGE][PASSED] - AdminTool_Location.moveCursor is PASSED

2019-01-30 13:06:09 - [TEST_STEP][PASSED] - Thread.sleep(2000): null

2019-01-30 13:06:11 - [TEST_STEP][PASSED] - waitForElementPresent(findTestObject("TestUser/moveToUser"), 30): Object 'Object Repository/TestUser/moveToUser' is present

2019-01-30 13:06:11 - [MESSAGE][PASSED] - Object 'Object Repository/TestUser/moveToUser' is present

2019-01-30 13:06:11 - [TEST_STEP][PASSED] - click(findTestObject("TestUser/moveToUser")): Object: 'Object Repository/TestUser/moveToUser' is clicked on

2019-01-30 13:06:11 - [MESSAGE][PASSED] - Object: 'Object Repository/TestUser/moveToUser' is clicked on

2019-01-30 13:06:11 - [TEST_STEP][PASSED] - Thread.sleep(2000): null

2019-01-30 13:06:13 - [TEST_STEP][PASSED] - click(findTestObject("TestUser/openUserOptions")): Object: 'Object Repository/TestUser/openUserOptions' is clicked on

2019-01-30 13:06:13 - [MESSAGE][PASSED] - Object: 'Object Repository/TestUser/openUserOptions' is clicked on

2019-01-30 13:06:13 - [TEST_STEP][PASSED] - Thread.sleep(2000): null

2019-01-30 13:06:15 - [TEST_STEP][PASSED] - click(findTestObject("TestUser/unlockUserOption")): Object: 'Object Repository/TestUser/unlockUserOption' is clicked on

2019-01-30 13:06:16 - [MESSAGE][PASSED] - Object: 'Object Repository/TestUser/unlockUserOption' is clicked on

2019-01-30 13:06:16 - [TEST_STEP][PASSED] - Thread.sleep(2000): null

2019-01-30 13:06:18 - [TEST_STEP][PASSED] - click(findTestObject("TestUser/confirmUserYes")): Object: 'Object Repository/TestUser/confirmUserYes' is clicked on

2019-01-30 13:06:18 - [MESSAGE][PASSED] - Object: 'Object Repository/TestUser/confirmUserYes' is clicked on

2019-01-30 13:06:18 - [TEST_STEP][PASSED] - waitForElementClickable(findTestObject("TestUser/clickToCheck"), 30): Object 'Object Repository/TestUser/clickToCheck' is clickable

2019-01-30 13:06:18 - [MESSAGE][PASSED] - Object 'Object Repository/TestUser/clickToCheck' is clickable

2019-01-30 13:06:18 - [TEST_STEP][PASSED] - Thread.sleep(7000): null

2019-01-30 13:06:25 - [TEST_STEP][PASSED] - click(findTestObject("TestUser/clickToCheck")): Object: 'Object Repository/TestUser/clickToCheck' is clicked on

2019-01-30 13:06:25 - [MESSAGE][PASSED] - Object: 'Object Repository/TestUser/clickToCheck' is clicked on

2019-01-30 13:06:25 - [TEST_STEP][PASSED] - Thread.sleep(2000): null

2019-01-30 13:06:27 - [TEST_STEP][PASSED] - click(findTestObject("TestUser/logoutUser")): Object: 'Object Repository/TestUser/logoutUser' is clicked on

2019-01-30 13:06:29 - [MESSAGE][PASSED] - Object: 'Object Repository/TestUser/logoutUser' is clicked on

2019-01-30 13:06:29 - [TEST_STEP][PASSED] - Thread.sleep(2000): null]]></system-out>
         <system-err><![CDATA[]]></system-err>
      </testcase>
      <testcase name="Test Cases/TestUser/LoginUser_Unlock" classname="Test Cases/TestUser/LoginUser_Unlock" status="PASSED">
         <system-out><![CDATA[2019-01-30 13:06:31 - [TEST_CASE][PASSED] - Test Cases/TestUser/LoginUser_Unlock: Test Cases/TestUser/LoginUser_Unlock

2019-01-30 13:06:31 - [TEST_STEP][NOT_RUN] - openBrowser(URL): NOT_RUN: openBrowser(URL)

2019-01-30 13:06:31 - [MESSAGE][NOT_RUN] - NOT_RUN: openBrowser(URL)

2019-01-30 13:06:31 - [TEST_STEP][NOT_RUN] - maximizeWindow(): NOT_RUN: maximizeWindow()

2019-01-30 13:06:31 - [MESSAGE][NOT_RUN] - NOT_RUN: maximizeWindow()

2019-01-30 13:06:31 - [TEST_STEP][PASSED] - setText(findTestObject("TestUserLocation/login_Username"), findTestData("UserData").getValue("UserName", 1)): Text 'User_On_30/01/19-13:03' is set on object 'Object Repository/TestUserLocation/login_Username'

2019-01-30 13:06:32 - [MESSAGE][PASSED] - Text 'User_On_30/01/19-13:03' is set on object 'Object Repository/TestUserLocation/login_Username'

2019-01-30 13:06:32 - [TEST_STEP][PASSED] - setText(findTestObject("TestUserLocation/login_Password"), findTestData("UserData").getValue("NewPassword", 1)): Text 'password@123#' is set on object 'Object Repository/TestUserLocation/login_Password'

2019-01-30 13:06:32 - [MESSAGE][PASSED] - Text 'password@123#' is set on object 'Object Repository/TestUserLocation/login_Password'

2019-01-30 13:06:32 - [TEST_STEP][PASSED] - Thread.sleep(2000): null

2019-01-30 13:06:34 - [TEST_STEP][PASSED] - click(findTestObject("TestUserLocation/login_Button")): Object: 'Object Repository/TestUserLocation/login_Button' is clicked on

2019-01-30 13:06:36 - [MESSAGE][PASSED] - Object: 'Object Repository/TestUserLocation/login_Button' is clicked on

2019-01-30 13:06:36 - [TEST_STEP][PASSED] - Thread.sleep(10000): null

2019-01-30 13:06:46 - [TEST_STEP][PASSED] - AdminTool_Location.moveCursor(): AdminTool_Location.moveCursor is PASSED

2019-01-30 13:06:46 - [MESSAGE][PASSED] - AdminTool_Location.moveCursor is PASSED

2019-01-30 13:06:46 - [TEST_STEP][PASSED] - waitForElementClickable(findTestObject("TestUser/clickToCheck"), 30): Object 'Object Repository/TestUser/clickToCheck' is clickable

2019-01-30 13:06:46 - [MESSAGE][PASSED] - Object 'Object Repository/TestUser/clickToCheck' is clickable

2019-01-30 13:06:46 - [TEST_STEP][PASSED] - Thread.sleep(2000): null

2019-01-30 13:06:48 - [TEST_STEP][PASSED] - click(findTestObject("TestUser/clickToCheck")): Object: 'Object Repository/TestUser/clickToCheck' is clicked on

2019-01-30 13:06:49 - [MESSAGE][PASSED] - Object: 'Object Repository/TestUser/clickToCheck' is clicked on

2019-01-30 13:06:49 - [TEST_STEP][PASSED] - Thread.sleep(2000): null

2019-01-30 13:06:51 - [TEST_STEP][PASSED] - click(findTestObject("TestUser/logoutUser")): Object: 'Object Repository/TestUser/logoutUser' is clicked on

2019-01-30 13:06:51 - [MESSAGE][PASSED] - Object: 'Object Repository/TestUser/logoutUser' is clicked on

2019-01-30 13:06:51 - [TEST_STEP][PASSED] - Thread.sleep(6000): null]]></system-out>
         <system-err><![CDATA[]]></system-err>
      </testcase>
      <testcase name="Test Cases/TestUser/DeactivateUser" classname="Test Cases/TestUser/DeactivateUser" status="PASSED">
         <system-out><![CDATA[2019-01-30 13:06:57 - [TEST_CASE][PASSED] - Test Cases/TestUser/DeactivateUser: Test Cases/TestUser/DeactivateUser

2019-01-30 13:06:58 - [TEST_STEP][NOT_RUN] - openBrowser(URL): NOT_RUN: openBrowser(URL)

2019-01-30 13:06:58 - [MESSAGE][NOT_RUN] - NOT_RUN: openBrowser(URL)

2019-01-30 13:06:58 - [TEST_STEP][NOT_RUN] - maximizeWindow(): NOT_RUN: maximizeWindow()

2019-01-30 13:06:58 - [MESSAGE][NOT_RUN] - NOT_RUN: maximizeWindow()

2019-01-30 13:06:58 - [TEST_STEP][PASSED] - setText(findTestObject("TestUserLocation/login_Username"), UserName): Text 'tester' is set on object 'Object Repository/TestUserLocation/login_Username'

2019-01-30 13:06:58 - [MESSAGE][PASSED] - Text 'tester' is set on object 'Object Repository/TestUserLocation/login_Username'

2019-01-30 13:06:58 - [TEST_STEP][PASSED] - setText(findTestObject("TestUserLocation/login_Password"), Password): Text 'TestSt@ge' is set on object 'Object Repository/TestUserLocation/login_Password'

2019-01-30 13:06:58 - [MESSAGE][PASSED] - Text 'TestSt@ge' is set on object 'Object Repository/TestUserLocation/login_Password'

2019-01-30 13:06:58 - [TEST_STEP][NOT_RUN] - User.setNamePass(): NOT_RUN: User.setNamePass()

2019-01-30 13:06:58 - [MESSAGE][NOT_RUN] - NOT_RUN: User.setNamePass()

2019-01-30 13:06:58 - [TEST_STEP][PASSED] - click(findTestObject("TestUserLocation/login_Button")): Object: 'Object Repository/TestUserLocation/login_Button' is clicked on

2019-01-30 13:07:00 - [MESSAGE][PASSED] - Object: 'Object Repository/TestUserLocation/login_Button' is clicked on

2019-01-30 13:07:00 - [TEST_STEP][PASSED] - Thread.sleep(6000): null

2019-01-30 13:07:06 - [TEST_STEP][PASSED] - click(findTestObject("TestUserLocation/mainmenu_button")): Object: 'Object Repository/TestUserLocation/mainmenu_button' is clicked on

2019-01-30 13:07:06 - [MESSAGE][PASSED] - Object: 'Object Repository/TestUserLocation/mainmenu_button' is clicked on

2019-01-30 13:07:06 - [TEST_STEP][PASSED] - click(findTestObject("Form_Selection_Creation/mainMenu_AdminTools")): Object: 'Object Repository/Form_Selection_Creation/mainMenu_AdminTools' is clicked on

2019-01-30 13:07:06 - [MESSAGE][PASSED] - Object: 'Object Repository/Form_Selection_Creation/mainMenu_AdminTools' is clicked on

2019-01-30 13:07:06 - [TEST_STEP][PASSED] - Thread.sleep(2000): null

2019-01-30 13:07:08 - [TEST_STEP][PASSED] - click(findTestObject("TestUser/users")): Object: 'Object Repository/TestUser/users' is clicked on

2019-01-30 13:07:08 - [MESSAGE][PASSED] - Object: 'Object Repository/TestUser/users' is clicked on

2019-01-30 13:07:08 - [TEST_STEP][PASSED] - Thread.sleep(6000): null

2019-01-30 13:07:14 - [TEST_STEP][PASSED] - setText(findTestObject("TestUser/filterUser"), findTestData("UserData").getValue("UserName", 1)): Text 'User_On_30/01/19-13:03' is set on object 'Object Repository/TestUser/filterUser'

2019-01-30 13:07:14 - [MESSAGE][PASSED] - Text 'User_On_30/01/19-13:03' is set on object 'Object Repository/TestUser/filterUser'

2019-01-30 13:07:14 - [TEST_STEP][PASSED] - Thread.sleep(2000): null

2019-01-30 13:07:16 - [TEST_STEP][PASSED] - sendKeys(findTestObject("TestUser/filterUser"), Keys.chord(ENTER)): Keys 'ENTER + ' sent to object: 'Object Repository/TestUser/filterUser'

2019-01-30 13:07:17 - [MESSAGE][PASSED] - Keys 'ENTER + ' sent to object: 'Object Repository/TestUser/filterUser'

2019-01-30 13:07:17 - [TEST_STEP][PASSED] - Thread.sleep(4000): null

2019-01-30 13:07:21 - [TEST_STEP][PASSED] - AdminTool_Location.moveCursor(): AdminTool_Location.moveCursor is PASSED

2019-01-30 13:07:21 - [MESSAGE][PASSED] - AdminTool_Location.moveCursor is PASSED

2019-01-30 13:07:21 - [TEST_STEP][PASSED] - Thread.sleep(2000): null

2019-01-30 13:07:23 - [TEST_STEP][PASSED] - click(findTestObject("TestUser/moveToUser")): Object: 'Object Repository/TestUser/moveToUser' is clicked on

2019-01-30 13:07:23 - [MESSAGE][PASSED] - Object: 'Object Repository/TestUser/moveToUser' is clicked on

2019-01-30 13:07:23 - [TEST_STEP][PASSED] - Thread.sleep(2000): null

2019-01-30 13:07:25 - [TEST_STEP][PASSED] - click(findTestObject("TestUser/openUserOptions")): Object: 'Object Repository/TestUser/openUserOptions' is clicked on

2019-01-30 13:07:25 - [MESSAGE][PASSED] - Object: 'Object Repository/TestUser/openUserOptions' is clicked on

2019-01-30 13:07:25 - [TEST_STEP][PASSED] - Thread.sleep(2000): null

2019-01-30 13:07:27 - [TEST_STEP][PASSED] - click(findTestObject("TestUser/deactivateUserOption")): Object: 'Object Repository/TestUser/deactivateUserOption' is clicked on

2019-01-30 13:07:27 - [MESSAGE][PASSED] - Object: 'Object Repository/TestUser/deactivateUserOption' is clicked on

2019-01-30 13:07:27 - [TEST_STEP][PASSED] - Thread.sleep(2000): null

2019-01-30 13:07:29 - [TEST_STEP][PASSED] - click(findTestObject("TestUser/confirmUserYes")): Object: 'Object Repository/TestUser/confirmUserYes' is clicked on

2019-01-30 13:07:29 - [MESSAGE][PASSED] - Object: 'Object Repository/TestUser/confirmUserYes' is clicked on

2019-01-30 13:07:29 - [TEST_STEP][PASSED] - waitForElementClickable(findTestObject("TestUser/clickToCheck"), 30): Object 'Object Repository/TestUser/clickToCheck' is clickable

2019-01-30 13:07:29 - [MESSAGE][PASSED] - Object 'Object Repository/TestUser/clickToCheck' is clickable

2019-01-30 13:07:29 - [TEST_STEP][PASSED] - Thread.sleep(7000): null

2019-01-30 13:07:36 - [TEST_STEP][PASSED] - click(findTestObject("TestUser/clickToCheck")): Object: 'Object Repository/TestUser/clickToCheck' is clicked on

2019-01-30 13:07:36 - [MESSAGE][PASSED] - Object: 'Object Repository/TestUser/clickToCheck' is clicked on

2019-01-30 13:07:36 - [TEST_STEP][PASSED] - Thread.sleep(2000): null

2019-01-30 13:07:38 - [TEST_STEP][PASSED] - click(findTestObject("TestUser/logoutUser")): Object: 'Object Repository/TestUser/logoutUser' is clicked on

2019-01-30 13:07:40 - [MESSAGE][PASSED] - Object: 'Object Repository/TestUser/logoutUser' is clicked on

2019-01-30 13:07:40 - [TEST_STEP][PASSED] - Thread.sleep(2000): null]]></system-out>
         <system-err><![CDATA[]]></system-err>
      </testcase>
      <testcase name="Test Cases/TestUser/LoginUser_Deactivate" classname="Test Cases/TestUser/LoginUser_Deactivate" status="PASSED">
         <system-out><![CDATA[2019-01-30 13:07:42 - [TEST_CASE][PASSED] - Test Cases/TestUser/LoginUser_Deactivate: Test Cases/TestUser/LoginUser_Deactivate

2019-01-30 13:07:43 - [TEST_STEP][NOT_RUN] - openBrowser(URL): NOT_RUN: openBrowser(URL)

2019-01-30 13:07:43 - [MESSAGE][NOT_RUN] - NOT_RUN: openBrowser(URL)

2019-01-30 13:07:43 - [TEST_STEP][NOT_RUN] - maximizeWindow(): NOT_RUN: maximizeWindow()

2019-01-30 13:07:43 - [MESSAGE][NOT_RUN] - NOT_RUN: maximizeWindow()

2019-01-30 13:07:43 - [TEST_STEP][PASSED] - Thread.sleep(2000): null

2019-01-30 13:07:45 - [TEST_STEP][PASSED] - setText(findTestObject("TestUserLocation/login_Username"), findTestData("UserData").getValue("UserName", 1)): Text 'User_On_30/01/19-13:03' is set on object 'Object Repository/TestUserLocation/login_Username'

2019-01-30 13:07:45 - [MESSAGE][PASSED] - Text 'User_On_30/01/19-13:03' is set on object 'Object Repository/TestUserLocation/login_Username'

2019-01-30 13:07:45 - [TEST_STEP][PASSED] - setText(findTestObject("TestUserLocation/login_Password"), findTestData("UserData").getValue("NewPassword", 1)): Text 'password@123#' is set on object 'Object Repository/TestUserLocation/login_Password'

2019-01-30 13:07:45 - [MESSAGE][PASSED] - Text 'password@123#' is set on object 'Object Repository/TestUserLocation/login_Password'

2019-01-30 13:07:45 - [TEST_STEP][PASSED] - Thread.sleep(2000): null

2019-01-30 13:07:47 - [TEST_STEP][PASSED] - click(findTestObject("TestUserLocation/login_Button")): Object: 'Object Repository/TestUserLocation/login_Button' is clicked on

2019-01-30 13:07:47 - [MESSAGE][PASSED] - Object: 'Object Repository/TestUserLocation/login_Button' is clicked on

2019-01-30 13:07:47 - [TEST_STEP][PASSED] - Thread.sleep(6000): null

2019-01-30 13:07:53 - [TEST_STEP][PASSED] - AdminTool_Location.moveCursor(): AdminTool_Location.moveCursor is PASSED

2019-01-30 13:07:53 - [MESSAGE][PASSED] - AdminTool_Location.moveCursor is PASSED

2019-01-30 13:07:53 - [TEST_STEP][PASSED] - Thread.sleep(2000): null

2019-01-30 13:07:55 - [TEST_STEP][PASSED] - click(findTestObject("TestUser/deactivateTest")): Object: 'Object Repository/TestUser/deactivateTest' is clicked on

2019-01-30 13:07:55 - [MESSAGE][PASSED] - Object: 'Object Repository/TestUser/deactivateTest' is clicked on

2019-01-30 13:07:55 - [TEST_STEP][PASSED] - Thread.sleep(6000): null]]></system-out>
         <system-err><![CDATA[]]></system-err>
      </testcase>
      <system-out><![CDATA[2019-01-30 13:02:33 - [TEST_SUITE][PASSED] - UserCheck: Test Cases/TestUser/LoginUser_Deactivate]]></system-out>
      <system-err><![CDATA[]]></system-err>
   </testsuite>
</testsuites>
