<?xml version="1.0" encoding="UTF-8"?>
<testsuites name="TestSupplier" time="1601" tests="12" failures="0" errors="0">
   <testsuite name="TestSupplier" tests="12" failures="0" errors="0" time="1601" timestamp="2019-02-26 11:52:07" hostname="pashine_a - Abhishek-Pashine.India.XoriantCorp.com" id="Test Suites/TestSupplier">
      <properties>
         <property name="deviceName" value=""/>
         <property name="devicePlatform" value=""/>
         <property name="logFolder" value="D:\\Git Data\\SafetyChain-Test-Automation-Katalon\\Reports\\TestSupplier\\20190226_115203"/>
         <property name="logFiles" value="D:\\Git Data\\SafetyChain-Test-Automation-Katalon\\Reports\\TestSupplier\\20190226_115203\\execution0.log"/>
         <property name="attachments" value=""/>
         <property name="hostName" value="pashine_a - Abhishek-Pashine.India.XoriantCorp.com"/>
         <property name="os" value="Windows 7 64bit"/>
         <property name="katalonVersion" value="5.10.1.1"/>
         <property name="browser" value="Chrome 72.0.3626.109"/>
         <property name="hostAddress" value="10.21.7.147"/>
         <property name="sessionId" value="531b7ff4f253d21c4dbd8224bca9dd4f"/>
         <property name="seleniumVersion" value="3.7.1"/>
         <property name="proxyInformation" value="ProxyInformation{proxyOption=NO_PROXY, proxyServerType=HTTP, password=, proxyServerAddress=, proxyServerPort=0}"/>
         <property name="platform" value="Windows 7"/>
      </properties>
      <testcase name="Test Cases/SupplierFlow/1_CreateForm" classname="Test Cases/SupplierFlow/1_CreateForm" status="PASSED">
         <system-out><![CDATA[2019-02-26 11:52:07 - [TEST_CASE][PASSED] - Test Cases/SupplierFlow/1_CreateForm: Test Cases/SupplierFlow/1_CreateForm

2019-02-26 11:52:09 - [TEST_STEP][PASSED] - openBrowser(URL): Browser is opened with url: 'https://test2.stage.safetychain.com'

2019-02-26 11:52:09 - [MESSAGE][INFO] - Starting 'Chrome' driver

2019-02-26 11:52:09 - [MESSAGE][INFO] - Action delay is set to 0 seconds

2019-02-26 11:52:50 - [MESSAGE][PASSED] - Browser is opened with url: 'https://test2.stage.safetychain.com'

2019-02-26 11:52:50 - [TEST_STEP][PASSED] - maximizeWindow(): Current window maximized

2019-02-26 11:52:51 - [MESSAGE][PASSED] - Current window maximized

2019-02-26 11:52:51 - [TEST_STEP][PASSED] - setText(findTestObject("Form_Selection_Creation/login_Username"), UserName): Text 'tester' is set on object 'Object Repository/Form_Selection_Creation/login_Username'

2019-02-26 11:52:56 - [MESSAGE][PASSED] - Text 'tester' is set on object 'Object Repository/Form_Selection_Creation/login_Username'

2019-02-26 11:52:56 - [TEST_STEP][PASSED] - setText(findTestObject("Form_Selection_Creation/login_Password"), Password): Text 'TestSt@ge' is set on object 'Object Repository/Form_Selection_Creation/login_Password'

2019-02-26 11:52:56 - [MESSAGE][PASSED] - Text 'TestSt@ge' is set on object 'Object Repository/Form_Selection_Creation/login_Password'

2019-02-26 11:52:56 - [TEST_STEP][PASSED] - FormName.setData1(): FormName.setData1 is PASSED

2019-02-26 11:52:58 - [MESSAGE][PASSED] - FormName.setData1 is PASSED

2019-02-26 11:52:58 - [TEST_STEP][PASSED] - click(findTestObject("Form_Selection_Creation/login_Button")): Object: 'Object Repository/Form_Selection_Creation/login_Button' is clicked on

2019-02-26 11:53:00 - [MESSAGE][PASSED] - Object: 'Object Repository/Form_Selection_Creation/login_Button' is clicked on

2019-02-26 11:53:00 - [TEST_STEP][PASSED] - Thread.sleep(3000): null

2019-02-26 11:53:03 - [TEST_STEP][PASSED] - click(findTestObject("Form_Selection_Creation/mainMenu_Button")): Object: 'Object Repository/Form_Selection_Creation/mainMenu_Button' is clicked on

2019-02-26 11:53:04 - [MESSAGE][PASSED] - Object: 'Object Repository/Form_Selection_Creation/mainMenu_Button' is clicked on

2019-02-26 11:53:04 - [TEST_STEP][PASSED] - click(findTestObject("Form_Selection_Creation/mainMenu_AdminTools")): Object: 'Object Repository/Form_Selection_Creation/mainMenu_AdminTools' is clicked on

2019-02-26 11:53:04 - [MESSAGE][PASSED] - Object: 'Object Repository/Form_Selection_Creation/mainMenu_AdminTools' is clicked on

2019-02-26 11:53:04 - [TEST_STEP][PASSED] - AdminTool_Location.moveCursor(): AdminTool_Location.moveCursor is PASSED

2019-02-26 11:53:04 - [MESSAGE][PASSED] - AdminTool_Location.moveCursor is PASSED

2019-02-26 11:53:04 - [TEST_STEP][PASSED] - Thread.sleep(2000): null

2019-02-26 11:53:06 - [TEST_STEP][PASSED] - click(findTestObject("Form_Selection_Creation/mainMenu_AdminTools_FormDesigner")): Object: 'Object Repository/Form_Selection_Creation/mainMenu_AdminTools_FormDesigner' is clicked on

2019-02-26 11:53:06 - [MESSAGE][PASSED] - Object: 'Object Repository/Form_Selection_Creation/mainMenu_AdminTools_FormDesigner' is clicked on

2019-02-26 11:53:06 - [TEST_STEP][PASSED] - Thread.sleep(2000): null

2019-02-26 11:53:08 - [TEST_STEP][PASSED] - click(findTestObject("Form_Selection_Creation/selectQuestionaireForm")): Object: 'Object Repository/Form_Selection_Creation/selectQuestionaireForm' is clicked on

2019-02-26 11:53:09 - [MESSAGE][PASSED] - Object: 'Object Repository/Form_Selection_Creation/selectQuestionaireForm' is clicked on

2019-02-26 11:53:09 - [TEST_STEP][PASSED] - Thread.sleep(3000): null

2019-02-26 11:53:12 - [TEST_STEP][PASSED] - dragAndDropToObject(findTestObject("Form_Selection_Creation/formDesign_selectResource"), findTestObject("Form_Selection_Creation/Target_Res_Object")): Dragged object with id 'Object Repository/Form_Selection_Creation/formDesign_selectResource' to object with id 'TestObject - 'Object Repository/Form_Selection_Creation/Target_Res_Object'' successfully

2019-02-26 11:53:12 - [MESSAGE][PASSED] - Dragged object with id 'Object Repository/Form_Selection_Creation/formDesign_selectResource' to object with id 'TestObject - 'Object Repository/Form_Selection_Creation/Target_Res_Object'' successfully

2019-02-26 11:53:12 - [TEST_STEP][PASSED] - Thread.sleep(6000): null

2019-02-26 11:53:18 - [TEST_STEP][PASSED] - click(findTestObject("Form_Selection_Creation/formCreation_NextToDesignForm")): Object: 'Object Repository/Form_Selection_Creation/formCreation_NextToDesignForm' is clicked on

2019-02-26 11:53:19 - [MESSAGE][PASSED] - Object: 'Object Repository/Form_Selection_Creation/formCreation_NextToDesignForm' is clicked on

2019-02-26 11:53:19 - [TEST_STEP][PASSED] - Thread.sleep(4000): null

2019-02-26 11:53:23 - [TEST_STEP][PASSED] - FormName.createForm(findTestObject("Form_Selection_Creation/formDesign_FormName")): FormName.createForm is PASSED

2019-02-26 11:53:23 - [MESSAGE][PASSED] - FormName.createForm is PASSED

2019-02-26 11:53:23 - [TEST_STEP][PASSED] - Thread.sleep(2000): null

2019-02-26 11:53:25 - [TEST_STEP][PASSED] - dragAndDropToObject(findTestObject("Form_Selection_Creation/formDesign_SelectSection"), findTestObject("Form_Selection_Creation/default_area")): Dragged object with id 'Object Repository/Form_Selection_Creation/formDesign_SelectSection' to object with id 'TestObject - 'Object Repository/Form_Selection_Creation/default_area'' successfully

2019-02-26 11:53:26 - [MESSAGE][PASSED] - Dragged object with id 'Object Repository/Form_Selection_Creation/formDesign_SelectSection' to object with id 'TestObject - 'Object Repository/Form_Selection_Creation/default_area'' successfully

2019-02-26 11:53:26 - [TEST_STEP][PASSED] - setText(findTestObject("Form_Selection_Creation/formDesign_SectionName_text"), "This is Section "): Text 'This is Section ' is set on object 'Object Repository/Form_Selection_Creation/formDesign_SectionName_text'

2019-02-26 11:53:27 - [MESSAGE][PASSED] - Text 'This is Section ' is set on object 'Object Repository/Form_Selection_Creation/formDesign_SectionName_text'

2019-02-26 11:53:27 - [TEST_STEP][PASSED] - Thread.sleep(2000): null

2019-02-26 11:53:29 - [TEST_STEP][PASSED] - dragAndDropToObject(findTestObject("Form_Selection_Creation/formDesign_SelectFieldgroup"), findTestObject("Form_Selection_Creation/section_area")): Dragged object with id 'Object Repository/Form_Selection_Creation/formDesign_SelectFieldgroup' to object with id 'TestObject - 'Object Repository/Form_Selection_Creation/section_area'' successfully

2019-02-26 11:53:30 - [MESSAGE][PASSED] - Dragged object with id 'Object Repository/Form_Selection_Creation/formDesign_SelectFieldgroup' to object with id 'TestObject - 'Object Repository/Form_Selection_Creation/section_area'' successfully

2019-02-26 11:53:30 - [TEST_STEP][PASSED] - setText(findTestObject("Form_Selection_Creation/formDesign_FieldGroupName_text"), "This is Field Group "): Text 'This is Field Group ' is set on object 'Object Repository/Form_Selection_Creation/formDesign_FieldGroupName_text'

2019-02-26 11:53:30 - [MESSAGE][PASSED] - Text 'This is Field Group ' is set on object 'Object Repository/Form_Selection_Creation/formDesign_FieldGroupName_text'

2019-02-26 11:53:30 - [TEST_STEP][PASSED] - Thread.sleep(2000): null

2019-02-26 11:53:32 - [TEST_STEP][PASSED] - dragAndDropToObject(findTestObject("Form_Selection_Creation/formDesign_SelectFree Text"), findTestObject("Form_Selection_Creation/group_area")): Dragged object with id 'Object Repository/Form_Selection_Creation/formDesign_SelectFree Text' to object with id 'TestObject - 'Object Repository/Form_Selection_Creation/group_area'' successfully

2019-02-26 11:53:33 - [MESSAGE][PASSED] - Dragged object with id 'Object Repository/Form_Selection_Creation/formDesign_SelectFree Text' to object with id 'TestObject - 'Object Repository/Form_Selection_Creation/group_area'' successfully

2019-02-26 11:53:33 - [TEST_STEP][PASSED] - setText(findTestObject("Form_Selection_Creation/formDesign_SingleLineName_Text"), "This is Single Line Text"): Text 'This is Single Line Text' is set on object 'Object Repository/Form_Selection_Creation/formDesign_SingleLineName_Text'

2019-02-26 11:53:34 - [MESSAGE][PASSED] - Text 'This is Single Line Text' is set on object 'Object Repository/Form_Selection_Creation/formDesign_SingleLineName_Text'

2019-02-26 11:53:34 - [TEST_STEP][PASSED] - Thread.sleep(2000): null

2019-02-26 11:53:36 - [TEST_STEP][PASSED] - dragAndDropToObject(findTestObject("Form_Selection_Creation/formDesign_SelectParagraphText"), findTestObject("Form_Selection_Creation/group_area")): Dragged object with id 'Object Repository/Form_Selection_Creation/formDesign_SelectParagraphText' to object with id 'TestObject - 'Object Repository/Form_Selection_Creation/group_area'' successfully

2019-02-26 11:53:37 - [MESSAGE][PASSED] - Dragged object with id 'Object Repository/Form_Selection_Creation/formDesign_SelectParagraphText' to object with id 'TestObject - 'Object Repository/Form_Selection_Creation/group_area'' successfully

2019-02-26 11:53:37 - [TEST_STEP][PASSED] - setText(findTestObject("Form_Selection_Creation/formDesign_ParagraphName_Text"), "This is Paragraph"): Text 'This is Paragraph' is set on object 'Object Repository/Form_Selection_Creation/formDesign_ParagraphName_Text'

2019-02-26 11:53:37 - [MESSAGE][PASSED] - Text 'This is Paragraph' is set on object 'Object Repository/Form_Selection_Creation/formDesign_ParagraphName_Text'

2019-02-26 11:53:37 - [TEST_STEP][PASSED] - Thread.sleep(2000): null

2019-02-26 11:53:39 - [TEST_STEP][PASSED] - dragAndDropToObject(findTestObject("Form_Selection_Creation/formDesign_Select_SelectOne"), findTestObject("Form_Selection_Creation/group_area")): Dragged object with id 'Object Repository/Form_Selection_Creation/formDesign_Select_SelectOne' to object with id 'TestObject - 'Object Repository/Form_Selection_Creation/group_area'' successfully

2019-02-26 11:53:40 - [MESSAGE][PASSED] - Dragged object with id 'Object Repository/Form_Selection_Creation/formDesign_Select_SelectOne' to object with id 'TestObject - 'Object Repository/Form_Selection_Creation/group_area'' successfully

2019-02-26 11:53:40 - [TEST_STEP][PASSED] - setText(findTestObject("Form_Selection_Creation/formDesign_Select_OneName_text"), "This is Select One"): Text 'This is Select One' is set on object 'Object Repository/Form_Selection_Creation/formDesign_Select_OneName_text'

2019-02-26 11:53:41 - [MESSAGE][PASSED] - Text 'This is Select One' is set on object 'Object Repository/Form_Selection_Creation/formDesign_Select_OneName_text'

2019-02-26 11:53:41 - [TEST_STEP][PASSED] - Thread.sleep(3000): null

2019-02-26 11:53:44 - [TEST_STEP][PASSED] - click(findTestObject("Form_Selection_Creation/button_AddNew1")): Object: 'Object Repository/Form_Selection_Creation/button_AddNew1' is clicked on

2019-02-26 11:53:44 - [MESSAGE][PASSED] - Object: 'Object Repository/Form_Selection_Creation/button_AddNew1' is clicked on

2019-02-26 11:53:44 - [TEST_STEP][PASSED] - setText(findTestObject("Form_Selection_Creation/add1singleValue1"), "SingleOption1"): Text 'SingleOption1' is set on object 'Object Repository/Form_Selection_Creation/add1singleValue1'

2019-02-26 11:53:45 - [MESSAGE][PASSED] - Text 'SingleOption1' is set on object 'Object Repository/Form_Selection_Creation/add1singleValue1'

2019-02-26 11:53:45 - [TEST_STEP][PASSED] - Thread.sleep(2000): null

2019-02-26 11:53:47 - [TEST_STEP][PASSED] - click(findTestObject("Form_Selection_Creation/button_AddNew1")): Object: 'Object Repository/Form_Selection_Creation/button_AddNew1' is clicked on

2019-02-26 11:53:47 - [MESSAGE][PASSED] - Object: 'Object Repository/Form_Selection_Creation/button_AddNew1' is clicked on

2019-02-26 11:53:47 - [TEST_STEP][PASSED] - setText(findTestObject("Form_Selection_Creation/add1singleValue2"), "SingleOption2"): Text 'SingleOption2' is set on object 'Object Repository/Form_Selection_Creation/add1singleValue2'

2019-02-26 11:53:48 - [MESSAGE][PASSED] - Text 'SingleOption2' is set on object 'Object Repository/Form_Selection_Creation/add1singleValue2'

2019-02-26 11:53:48 - [TEST_STEP][PASSED] - Thread.sleep(2000): null

2019-02-26 11:53:50 - [TEST_STEP][PASSED] - dragAndDropToObject(findTestObject("Form_Selection_Creation/formDesign_Select_SelectMultiple"), findTestObject("Form_Selection_Creation/group_area")): Dragged object with id 'Object Repository/Form_Selection_Creation/formDesign_Select_SelectMultiple' to object with id 'TestObject - 'Object Repository/Form_Selection_Creation/group_area'' successfully

2019-02-26 11:53:50 - [MESSAGE][PASSED] - Dragged object with id 'Object Repository/Form_Selection_Creation/formDesign_Select_SelectMultiple' to object with id 'TestObject - 'Object Repository/Form_Selection_Creation/group_area'' successfully

2019-02-26 11:53:50 - [TEST_STEP][PASSED] - setText(findTestObject("Form_Selection_Creation/formDesign_Select_MultipleName_text"), "This is Select Multiple"): Text 'This is Select Multiple' is set on object 'Object Repository/Form_Selection_Creation/formDesign_Select_MultipleName_text'

2019-02-26 11:53:51 - [MESSAGE][PASSED] - Text 'This is Select Multiple' is set on object 'Object Repository/Form_Selection_Creation/formDesign_Select_MultipleName_text'

2019-02-26 11:53:51 - [TEST_STEP][PASSED] - Thread.sleep(3000): null

2019-02-26 11:53:54 - [TEST_STEP][PASSED] - click(findTestObject("Form_Selection_Creation/button_addNewMul1")): Object: 'Object Repository/Form_Selection_Creation/button_addNewMul1' is clicked on

2019-02-26 11:53:54 - [MESSAGE][PASSED] - Object: 'Object Repository/Form_Selection_Creation/button_addNewMul1' is clicked on

2019-02-26 11:53:54 - [TEST_STEP][PASSED] - setText(findTestObject("Form_Selection_Creation/add1MultipleValue1"), "MultipleOption1"): Text 'MultipleOption1' is set on object 'Object Repository/Form_Selection_Creation/add1MultipleValue1'

2019-02-26 11:53:55 - [MESSAGE][PASSED] - Text 'MultipleOption1' is set on object 'Object Repository/Form_Selection_Creation/add1MultipleValue1'

2019-02-26 11:53:55 - [TEST_STEP][PASSED] - Thread.sleep(2000): null

2019-02-26 11:53:57 - [TEST_STEP][PASSED] - click(findTestObject("Form_Selection_Creation/button_addNewMul1")): Object: 'Object Repository/Form_Selection_Creation/button_addNewMul1' is clicked on

2019-02-26 11:53:57 - [MESSAGE][PASSED] - Object: 'Object Repository/Form_Selection_Creation/button_addNewMul1' is clicked on

2019-02-26 11:53:57 - [TEST_STEP][PASSED] - setText(findTestObject("Form_Selection_Creation/add1MultipleValue2"), "MultipleOption2"): Text 'MultipleOption2' is set on object 'Object Repository/Form_Selection_Creation/add1MultipleValue2'

2019-02-26 11:53:57 - [MESSAGE][PASSED] - Text 'MultipleOption2' is set on object 'Object Repository/Form_Selection_Creation/add1MultipleValue2'

2019-02-26 11:53:57 - [TEST_STEP][PASSED] - Thread.sleep(2000): null

2019-02-26 11:53:59 - [TEST_STEP][PASSED] - dragAndDropToObject(findTestObject("Form_Selection_Creation/formDesign_SelectNumeric"), findTestObject("Form_Selection_Creation/group_area")): Dragged object with id 'Object Repository/Form_Selection_Creation/formDesign_SelectNumeric' to object with id 'TestObject - 'Object Repository/Form_Selection_Creation/group_area'' successfully

2019-02-26 11:54:00 - [MESSAGE][PASSED] - Dragged object with id 'Object Repository/Form_Selection_Creation/formDesign_SelectNumeric' to object with id 'TestObject - 'Object Repository/Form_Selection_Creation/group_area'' successfully

2019-02-26 11:54:00 - [TEST_STEP][PASSED] - setText(findTestObject("Form_Selection_Creation/formDesign_NumericName_Text"), "This is a Number"): Text 'This is a Number' is set on object 'Object Repository/Form_Selection_Creation/formDesign_NumericName_Text'

2019-02-26 11:54:00 - [MESSAGE][PASSED] - Text 'This is a Number' is set on object 'Object Repository/Form_Selection_Creation/formDesign_NumericName_Text'

2019-02-26 11:54:00 - [TEST_STEP][PASSED] - Thread.sleep(2000): null

2019-02-26 11:54:02 - [TEST_STEP][PASSED] - dragAndDropToObject(findTestObject("Form_Selection_Creation/formDesign_SelectDate"), findTestObject("Form_Selection_Creation/group_area")): Dragged object with id 'Object Repository/Form_Selection_Creation/formDesign_SelectDate' to object with id 'TestObject - 'Object Repository/Form_Selection_Creation/group_area'' successfully

2019-02-26 11:54:08 - [MESSAGE][PASSED] - Dragged object with id 'Object Repository/Form_Selection_Creation/formDesign_SelectDate' to object with id 'TestObject - 'Object Repository/Form_Selection_Creation/group_area'' successfully

2019-02-26 11:54:08 - [TEST_STEP][PASSED] - setText(findTestObject("Form_Selection_Creation/formDesign_DateName_Text"), "This is a Date"): Text 'This is a Date' is set on object 'Object Repository/Form_Selection_Creation/formDesign_DateName_Text'

2019-02-26 11:54:08 - [MESSAGE][PASSED] - Text 'This is a Date' is set on object 'Object Repository/Form_Selection_Creation/formDesign_DateName_Text'

2019-02-26 11:54:08 - [TEST_STEP][PASSED] - Thread.sleep(2000): null

2019-02-26 11:54:10 - [TEST_STEP][PASSED] - dragAndDropToObject(findTestObject("Form_Selection_Creation/formDesign_SelectTime"), findTestObject("Form_Selection_Creation/group_area")): Dragged object with id 'Object Repository/Form_Selection_Creation/formDesign_SelectTime' to object with id 'TestObject - 'Object Repository/Form_Selection_Creation/group_area'' successfully

2019-02-26 11:54:12 - [MESSAGE][PASSED] - Dragged object with id 'Object Repository/Form_Selection_Creation/formDesign_SelectTime' to object with id 'TestObject - 'Object Repository/Form_Selection_Creation/group_area'' successfully

2019-02-26 11:54:12 - [TEST_STEP][PASSED] - setText(findTestObject("Form_Selection_Creation/formDesign_TimeName_text"), "This is a Time"): Text 'This is a Time' is set on object 'Object Repository/Form_Selection_Creation/formDesign_TimeName_text'

2019-02-26 11:54:12 - [MESSAGE][PASSED] - Text 'This is a Time' is set on object 'Object Repository/Form_Selection_Creation/formDesign_TimeName_text'

2019-02-26 11:54:12 - [TEST_STEP][PASSED] - Thread.sleep(2000): null

2019-02-26 11:54:14 - [TEST_STEP][PASSED] - dragAndDropToObject(findTestObject("Form_Selection_Creation/formDesign_SelectDateTime"), findTestObject("Form_Selection_Creation/group_area")): Dragged object with id 'Object Repository/Form_Selection_Creation/formDesign_SelectDateTime' to object with id 'TestObject - 'Object Repository/Form_Selection_Creation/group_area'' successfully

2019-02-26 11:54:15 - [MESSAGE][PASSED] - Dragged object with id 'Object Repository/Form_Selection_Creation/formDesign_SelectDateTime' to object with id 'TestObject - 'Object Repository/Form_Selection_Creation/group_area'' successfully

2019-02-26 11:54:15 - [TEST_STEP][PASSED] - setText(findTestObject("Form_Selection_Creation/formDesign_DateTimeName_Text"), "This is a Date-Time"): Text 'This is a Date-Time' is set on object 'Object Repository/Form_Selection_Creation/formDesign_DateTimeName_Text'

2019-02-26 11:54:16 - [MESSAGE][PASSED] - Text 'This is a Date-Time' is set on object 'Object Repository/Form_Selection_Creation/formDesign_DateTimeName_Text'

2019-02-26 11:54:16 - [TEST_STEP][PASSED] - Thread.sleep(2000): null

2019-02-26 11:54:18 - [TEST_STEP][PASSED] - click(findTestObject("Form_Selection_Creation/formCreation_NextToDesignForm")): Object: 'Object Repository/Form_Selection_Creation/formCreation_NextToDesignForm' is clicked on

2019-02-26 11:54:19 - [MESSAGE][PASSED] - Object: 'Object Repository/Form_Selection_Creation/formCreation_NextToDesignForm' is clicked on

2019-02-26 11:54:19 - [TEST_STEP][PASSED] - Thread.sleep(7000): null

2019-02-26 11:54:26 - [TEST_STEP][PASSED] - click(findTestObject("Form_Selection_Creation/div_Preview             Form1")): Object: 'Object Repository/Form_Selection_Creation/div_Preview             Form1' is clicked on

2019-02-26 11:54:26 - [MESSAGE][PASSED] - Object: 'Object Repository/Form_Selection_Creation/div_Preview             Form1' is clicked on

2019-02-26 11:54:26 - [TEST_STEP][PASSED] - Thread.sleep(5000): null

2019-02-26 11:54:31 - [TEST_STEP][PASSED] - click(findTestObject("Form_Selection_Creation/button_Release")): Object: 'Object Repository/Form_Selection_Creation/button_Release' is clicked on

2019-02-26 11:54:31 - [MESSAGE][PASSED] - Object: 'Object Repository/Form_Selection_Creation/button_Release' is clicked on

2019-02-26 11:54:31 - [TEST_STEP][PASSED] - Thread.sleep(6000): null]]></system-out>
         <system-err><![CDATA[]]></system-err>
      </testcase>
      <testcase name="Test Cases/SupplierFlow/2_CreateLocation" classname="Test Cases/SupplierFlow/2_CreateLocation" status="PASSED">
         <system-out><![CDATA[2019-02-26 11:54:37 - [TEST_CASE][PASSED] - Test Cases/SupplierFlow/2_CreateLocation: Test Cases/SupplierFlow/2_CreateLocation

2019-02-26 11:54:37 - [TEST_STEP][NOT_RUN] - openBrowser(URL): NOT_RUN: openBrowser(URL)

2019-02-26 11:54:37 - [MESSAGE][NOT_RUN] - NOT_RUN: openBrowser(URL)

2019-02-26 11:54:37 - [TEST_STEP][NOT_RUN] - maximizeWindow(): NOT_RUN: maximizeWindow()

2019-02-26 11:54:37 - [MESSAGE][NOT_RUN] - NOT_RUN: maximizeWindow()

2019-02-26 11:54:37 - [TEST_STEP][NOT_RUN] - setText(findTestObject("TestUserLocation/login_Username"), UserName1): NOT_RUN: setText(findTestObject("TestUserLocation/login_Username"), UserName1)

2019-02-26 11:54:37 - [MESSAGE][NOT_RUN] - NOT_RUN: setText(findTestObject("TestUserLocation/login_Username"), UserName1)

2019-02-26 11:54:37 - [TEST_STEP][NOT_RUN] - setText(findTestObject("TestUserLocation/login_Password"), Password111): NOT_RUN: setText(findTestObject("TestUserLocation/login_Password"), Password111)

2019-02-26 11:54:37 - [MESSAGE][NOT_RUN] - NOT_RUN: setText(findTestObject("TestUserLocation/login_Password"), Password111)

2019-02-26 11:54:37 - [TEST_STEP][PASSED] - Thread.sleep(2000): null

2019-02-26 11:54:39 - [TEST_STEP][PASSED] - AdminTool_Location.setLocationName(): AdminTool_Location.setLocationName is PASSED

2019-02-26 11:54:44 - [MESSAGE][PASSED] - AdminTool_Location.setLocationName is PASSED

2019-02-26 11:54:44 - [TEST_STEP][NOT_RUN] - click(findTestObject("TestUserLocation/login_Button")): NOT_RUN: click(findTestObject("TestUserLocation/login_Button"))

2019-02-26 11:54:44 - [MESSAGE][NOT_RUN] - NOT_RUN: click(findTestObject("TestUserLocation/login_Button"))

2019-02-26 11:54:44 - [TEST_STEP][PASSED] - Thread.sleep(4000): null

2019-02-26 11:54:48 - [TEST_STEP][PASSED] - AdminTool_Location.setLocationNameInLocation(): AdminTool_Location.setLocationNameInLocation is PASSED

2019-02-26 11:54:52 - [MESSAGE][PASSED] - AdminTool_Location.setLocationNameInLocation is PASSED

2019-02-26 11:54:52 - [TEST_STEP][PASSED] - click(findTestObject("TestUserLocation/mainmenu_button")): Object: 'Object Repository/TestUserLocation/mainmenu_button' is clicked on

2019-02-26 11:54:53 - [MESSAGE][PASSED] - Object: 'Object Repository/TestUserLocation/mainmenu_button' is clicked on

2019-02-26 11:54:53 - [TEST_STEP][NOT_RUN] - click(findTestObject("TestUserLocation/adminTool")): NOT_RUN: click(findTestObject("TestUserLocation/adminTool"))

2019-02-26 11:54:53 - [MESSAGE][NOT_RUN] - NOT_RUN: click(findTestObject("TestUserLocation/adminTool"))

2019-02-26 11:54:53 - [TEST_STEP][PASSED] - click(findTestObject("TestUserLocation/mainMenuResourceDesigner")): Object: 'Object Repository/TestUserLocation/mainMenuResourceDesigner' is clicked on

2019-02-26 11:54:53 - [MESSAGE][PASSED] - Object: 'Object Repository/TestUserLocation/mainMenuResourceDesigner' is clicked on

2019-02-26 11:54:53 - [TEST_STEP][PASSED] - Thread.sleep(4000): null

2019-02-26 11:54:57 - [TEST_STEP][PASSED] - click(findTestObject("TestUserLocation/locations")): Object: 'Object Repository/TestUserLocation/locations' is clicked on

2019-02-26 11:54:57 - [MESSAGE][PASSED] - Object: 'Object Repository/TestUserLocation/locations' is clicked on

2019-02-26 11:54:57 - [TEST_STEP][PASSED] - Thread.sleep(4000): null

2019-02-26 11:55:01 - [TEST_STEP][PASSED] - AdminTool_Location.moveCursor(): AdminTool_Location.moveCursor is PASSED

2019-02-26 11:55:01 - [MESSAGE][PASSED] - AdminTool_Location.moveCursor is PASSED

2019-02-26 11:55:01 - [TEST_STEP][PASSED] - Thread.sleep(2000): null

2019-02-26 11:55:03 - [TEST_STEP][NOT_RUN] - refresh(): NOT_RUN: refresh()

2019-02-26 11:55:03 - [MESSAGE][NOT_RUN] - NOT_RUN: refresh()

2019-02-26 11:55:03 - [TEST_STEP][NOT_RUN] - Thread.sleep(4000): NOT_RUN: Thread.sleep(4000)

2019-02-26 11:55:03 - [MESSAGE][NOT_RUN] - NOT_RUN: Thread.sleep(4000)

2019-02-26 11:55:03 - [TEST_STEP][PASSED] - click(findTestObject("TestUserLocation/categories")): Object: 'Object Repository/TestUserLocation/categories' is clicked on

2019-02-26 11:55:03 - [MESSAGE][PASSED] - Object: 'Object Repository/TestUserLocation/categories' is clicked on

2019-02-26 11:55:03 - [TEST_STEP][PASSED] - Thread.sleep(2000): null

2019-02-26 11:55:05 - [TEST_STEP][PASSED] - click(findTestObject("TestUserLocation/defaultArea")): Object: 'Object Repository/TestUserLocation/defaultArea' is clicked on

2019-02-26 11:55:07 - [MESSAGE][PASSED] - Object: 'Object Repository/TestUserLocation/defaultArea' is clicked on

2019-02-26 11:55:07 - [TEST_STEP][PASSED] - click(findTestObject("TestUserLocation/hoverHeading")): Object: 'Object Repository/TestUserLocation/hoverHeading' is clicked on

2019-02-26 11:55:07 - [MESSAGE][PASSED] - Object: 'Object Repository/TestUserLocation/hoverHeading' is clicked on

2019-02-26 11:55:07 - [TEST_STEP][PASSED] - click(findTestObject("TestUserLocation/addPlusIcon")): Object: 'Object Repository/TestUserLocation/addPlusIcon' is clicked on

2019-02-26 11:55:07 - [MESSAGE][PASSED] - Object: 'Object Repository/TestUserLocation/addPlusIcon' is clicked on

2019-02-26 11:55:07 - [TEST_STEP][PASSED] - setText(findTestObject("TestUserLocation/setNewName"), findTestData("LocationData").getValue("LocationName", 1)): Text 'Location_26/02/19-11:54' is set on object 'Object Repository/TestUserLocation/setNewName'

2019-02-26 11:55:10 - [MESSAGE][PASSED] - Text 'Location_26/02/19-11:54' is set on object 'Object Repository/TestUserLocation/setNewName'

2019-02-26 11:55:10 - [TEST_STEP][PASSED] - Thread.sleep(2000): null

2019-02-26 11:55:12 - [TEST_STEP][PASSED] - click(findTestObject("TestUserLocation/saveButton")): Object: 'Object Repository/TestUserLocation/saveButton' is clicked on

2019-02-26 11:55:12 - [MESSAGE][PASSED] - Object: 'Object Repository/TestUserLocation/saveButton' is clicked on

2019-02-26 11:55:12 - [TEST_STEP][PASSED] - Thread.sleep(4000): null

2019-02-26 11:55:16 - [TEST_STEP][PASSED] - click(findTestObject("TestUserLocation/mainmenu_button")): Object: 'Object Repository/TestUserLocation/mainmenu_button' is clicked on

2019-02-26 11:55:16 - [MESSAGE][PASSED] - Object: 'Object Repository/TestUserLocation/mainmenu_button' is clicked on

2019-02-26 11:55:16 - [TEST_STEP][PASSED] - click(findTestObject("TestUserLocation/mainMenuLocation")): Object: 'Object Repository/TestUserLocation/mainMenuLocation' is clicked on

2019-02-26 11:55:17 - [MESSAGE][PASSED] - Object: 'Object Repository/TestUserLocation/mainMenuLocation' is clicked on

2019-02-26 11:55:17 - [TEST_STEP][PASSED] - Thread.sleep(4000): null

2019-02-26 11:55:21 - [TEST_STEP][PASSED] - AdminTool_Location.selectLocation(): Element has been clicked

2019-02-26 11:55:26 - [MESSAGE][PASSED] - Element has been clicked

2019-02-26 11:55:26 - [TEST_STEP][PASSED] - click(findTestObject("TestUserLocation/addPlusIcon")): Object: 'Object Repository/TestUserLocation/addPlusIcon' is clicked on

2019-02-26 11:55:26 - [MESSAGE][PASSED] - Object: 'Object Repository/TestUserLocation/addPlusIcon' is clicked on

2019-02-26 11:55:26 - [TEST_STEP][PASSED] - Thread.sleep(2000): null

2019-02-26 11:55:28 - [TEST_STEP][PASSED] - setText(findTestObject("TestUserLocation/setNewName"), findTestData("LocationData").getValue("SubLocationName", 1)): Text 'SubLocation1_26/02/19-11:54' is set on object 'Object Repository/TestUserLocation/setNewName'

2019-02-26 11:55:29 - [MESSAGE][PASSED] - Text 'SubLocation1_26/02/19-11:54' is set on object 'Object Repository/TestUserLocation/setNewName'

2019-02-26 11:55:29 - [TEST_STEP][PASSED] - Thread.sleep(2000): null

2019-02-26 11:55:31 - [TEST_STEP][PASSED] - click(findTestObject("TestUserLocation/saveLocationDetailButton")): Object: 'Object Repository/TestUserLocation/saveLocationDetailButton' is clicked on

2019-02-26 11:55:31 - [MESSAGE][PASSED] - Object: 'Object Repository/TestUserLocation/saveLocationDetailButton' is clicked on

2019-02-26 11:55:31 - [TEST_STEP][PASSED] - Thread.sleep(4000): null

2019-02-26 11:55:35 - [TEST_STEP][PASSED] - click(findTestObject("TestUserLocation/customerSelect")): Object: 'Object Repository/TestUserLocation/customerSelect' is clicked on

2019-02-26 11:55:36 - [MESSAGE][PASSED] - Object: 'Object Repository/TestUserLocation/customerSelect' is clicked on

2019-02-26 11:55:36 - [TEST_STEP][PASSED] - Thread.sleep(4000): null

2019-02-26 11:55:40 - [TEST_STEP][PASSED] - check(findTestObject("TestUserLocation/select4ResouceInCustomer")): Object 'Object Repository/TestUserLocation/select4ResouceInCustomer' is checked

2019-02-26 11:55:41 - [MESSAGE][PASSED] - Object 'Object Repository/TestUserLocation/select4ResouceInCustomer' is checked

2019-02-26 11:55:41 - [TEST_STEP][PASSED] - Thread.sleep(2000): null

2019-02-26 11:55:43 - [TEST_STEP][PASSED] - click(findTestObject("TestUserLocation/saveLocationDetailButton")): Object: 'Object Repository/TestUserLocation/saveLocationDetailButton' is clicked on

2019-02-26 11:55:43 - [MESSAGE][PASSED] - Object: 'Object Repository/TestUserLocation/saveLocationDetailButton' is clicked on

2019-02-26 11:55:43 - [TEST_STEP][PASSED] - Thread.sleep(6000): null]]></system-out>
         <system-err><![CDATA[]]></system-err>
      </testcase>
      <testcase name="Test Cases/SupplierFlow/3_1_CreateResource_Supplier" classname="Test Cases/SupplierFlow/3_1_CreateResource_Supplier" status="PASSED">
         <system-out><![CDATA[2019-02-26 11:55:49 - [TEST_CASE][PASSED] - Test Cases/SupplierFlow/3_1_CreateResource_Supplier: Test Cases/SupplierFlow/3_1_CreateResource_Supplier

2019-02-26 11:55:49 - [TEST_STEP][NOT_RUN] - openBrowser(URL): NOT_RUN: openBrowser(URL)

2019-02-26 11:55:49 - [MESSAGE][NOT_RUN] - NOT_RUN: openBrowser(URL)

2019-02-26 11:55:49 - [TEST_STEP][NOT_RUN] - maximizeWindow(): NOT_RUN: maximizeWindow()

2019-02-26 11:55:49 - [MESSAGE][NOT_RUN] - NOT_RUN: maximizeWindow()

2019-02-26 11:55:49 - [TEST_STEP][NOT_RUN] - setText(findTestObject("TestUserLocation/login_Username"), UserName1): NOT_RUN: setText(findTestObject("TestUserLocation/login_Username"), UserName1)

2019-02-26 11:55:49 - [MESSAGE][NOT_RUN] - NOT_RUN: setText(findTestObject("TestUserLocation/login_Username"), UserName1)

2019-02-26 11:55:49 - [TEST_STEP][NOT_RUN] - setText(findTestObject("TestUserLocation/login_Password"), Password111): NOT_RUN: setText(findTestObject("TestUserLocation/login_Password"), Password111)

2019-02-26 11:55:49 - [MESSAGE][NOT_RUN] - NOT_RUN: setText(findTestObject("TestUserLocation/login_Password"), Password111)

2019-02-26 11:55:49 - [TEST_STEP][PASSED] - Thread.sleep(2000): null

2019-02-26 11:55:51 - [TEST_STEP][PASSED] - AdminTool_Location.setSupplierName(): AdminTool_Location.setSupplierName is PASSED

2019-02-26 11:55:51 - [MESSAGE][PASSED] - AdminTool_Location.setSupplierName is PASSED

2019-02-26 11:55:51 - [TEST_STEP][NOT_RUN] - click(findTestObject("TestUserLocation/login_Button")): NOT_RUN: click(findTestObject("TestUserLocation/login_Button"))

2019-02-26 11:55:51 - [MESSAGE][NOT_RUN] - NOT_RUN: click(findTestObject("TestUserLocation/login_Button"))

2019-02-26 11:55:51 - [TEST_STEP][PASSED] - Thread.sleep(4000): null

2019-02-26 11:55:55 - [TEST_STEP][PASSED] - click(findTestObject("TestUserLocation/mainmenu_button")): Object: 'Object Repository/TestUserLocation/mainmenu_button' is clicked on

2019-02-26 11:55:55 - [MESSAGE][PASSED] - Object: 'Object Repository/TestUserLocation/mainmenu_button' is clicked on

2019-02-26 11:55:55 - [TEST_STEP][NOT_RUN] - click(findTestObject("TestUserLocation/adminTool")): NOT_RUN: click(findTestObject("TestUserLocation/adminTool"))

2019-02-26 11:55:55 - [MESSAGE][NOT_RUN] - NOT_RUN: click(findTestObject("TestUserLocation/adminTool"))

2019-02-26 11:55:55 - [TEST_STEP][PASSED] - click(findTestObject("TestUserLocation/mainMenuResourceDesigner")): Object: 'Object Repository/TestUserLocation/mainMenuResourceDesigner' is clicked on

2019-02-26 11:55:56 - [MESSAGE][PASSED] - Object: 'Object Repository/TestUserLocation/mainMenuResourceDesigner' is clicked on

2019-02-26 11:55:56 - [TEST_STEP][PASSED] - Thread.sleep(4000): null

2019-02-26 11:56:00 - [TEST_STEP][PASSED] - click(findTestObject("TestResource/SuppliersDesign")): Object: 'Object Repository/TestResource/SuppliersDesign' is clicked on

2019-02-26 11:56:00 - [MESSAGE][PASSED] - Object: 'Object Repository/TestResource/SuppliersDesign' is clicked on

2019-02-26 11:56:00 - [TEST_STEP][PASSED] - Thread.sleep(4000): null

2019-02-26 11:56:04 - [TEST_STEP][PASSED] - click(findTestObject("TestUserLocation/categories")): Object: 'Object Repository/TestUserLocation/categories' is clicked on

2019-02-26 11:56:04 - [MESSAGE][PASSED] - Object: 'Object Repository/TestUserLocation/categories' is clicked on

2019-02-26 11:56:04 - [TEST_STEP][PASSED] - Thread.sleep(2000): null

2019-02-26 11:56:06 - [TEST_STEP][PASSED] - click(findTestObject("TestUserLocation/defaultArea")): Object: 'Object Repository/TestUserLocation/defaultArea' is clicked on

2019-02-26 11:56:06 - [MESSAGE][PASSED] - Object: 'Object Repository/TestUserLocation/defaultArea' is clicked on

2019-02-26 11:56:06 - [TEST_STEP][PASSED] - Thread.sleep(2000): null

2019-02-26 11:56:08 - [TEST_STEP][PASSED] - click(findTestObject("TestUserLocation/hoverHeading")): Object: 'Object Repository/TestUserLocation/hoverHeading' is clicked on

2019-02-26 11:56:08 - [MESSAGE][PASSED] - Object: 'Object Repository/TestUserLocation/hoverHeading' is clicked on

2019-02-26 11:56:08 - [TEST_STEP][PASSED] - click(findTestObject("TestUserLocation/addPlusIcon")): Object: 'Object Repository/TestUserLocation/addPlusIcon' is clicked on

2019-02-26 11:56:08 - [MESSAGE][PASSED] - Object: 'Object Repository/TestUserLocation/addPlusIcon' is clicked on

2019-02-26 11:56:08 - [TEST_STEP][PASSED] - setText(findTestObject("TestUserLocation/setNewName"), findTestData("LocationData").getValue("SuppliersName", 1)): Text 'Supplier_26/02/19-11:55' is set on object 'Object Repository/TestUserLocation/setNewName'

2019-02-26 11:56:09 - [MESSAGE][PASSED] - Text 'Supplier_26/02/19-11:55' is set on object 'Object Repository/TestUserLocation/setNewName'

2019-02-26 11:56:09 - [TEST_STEP][PASSED] - Thread.sleep(2000): null

2019-02-26 11:56:11 - [TEST_STEP][PASSED] - click(findTestObject("TestUserLocation/saveButton")): Object: 'Object Repository/TestUserLocation/saveButton' is clicked on

2019-02-26 11:56:11 - [MESSAGE][PASSED] - Object: 'Object Repository/TestUserLocation/saveButton' is clicked on

2019-02-26 11:56:11 - [TEST_STEP][PASSED] - Thread.sleep(4000): null

2019-02-26 11:56:15 - [TEST_STEP][PASSED] - Thread.sleep(4000): null

2019-02-26 11:56:19 - [TEST_STEP][PASSED] - click(findTestObject("TestUserLocation/mainmenu_button")): Object: 'Object Repository/TestUserLocation/mainmenu_button' is clicked on

2019-02-26 11:56:19 - [MESSAGE][PASSED] - Object: 'Object Repository/TestUserLocation/mainmenu_button' is clicked on

2019-02-26 11:56:19 - [TEST_STEP][PASSED] - click(findTestObject("TestResource/mainMenu_resources")): Object: 'Object Repository/TestResource/mainMenu_resources' is clicked on

2019-02-26 11:56:19 - [MESSAGE][PASSED] - Object: 'Object Repository/TestResource/mainMenu_resources' is clicked on

2019-02-26 11:56:19 - [TEST_STEP][PASSED] - Thread.sleep(4000): null

2019-02-26 11:56:23 - [TEST_STEP][PASSED] - click(findTestObject("TestResource/suppliers")): Object: 'Object Repository/TestResource/suppliers' is clicked on

2019-02-26 11:56:23 - [MESSAGE][PASSED] - Object: 'Object Repository/TestResource/suppliers' is clicked on

2019-02-26 11:56:23 - [TEST_STEP][PASSED] - Thread.sleep(4000): null

2019-02-26 11:56:27 - [TEST_STEP][PASSED] - AdminTool_Location.selectSupplier(): Element has been clicked

2019-02-26 11:56:50 - [MESSAGE][PASSED] - Element has been clicked

2019-02-26 11:56:50 - [TEST_STEP][PASSED] - Thread.sleep(4000): null

2019-02-26 11:56:54 - [TEST_STEP][NOT_RUN] - click(findTestObject("TestUserLocation/addPlusIcon")): NOT_RUN: click(findTestObject("TestUserLocation/addPlusIcon"))

2019-02-26 11:56:54 - [MESSAGE][NOT_RUN] - NOT_RUN: click(findTestObject("TestUserLocation/addPlusIcon"))

2019-02-26 11:56:54 - [TEST_STEP][NOT_RUN] - Thread.sleep(2000): NOT_RUN: Thread.sleep(2000)

2019-02-26 11:56:54 - [MESSAGE][NOT_RUN] - NOT_RUN: Thread.sleep(2000)

2019-02-26 11:56:54 - [TEST_STEP][NOT_RUN] - setText(findTestObject("TestUserLocation/setNewName"), findTestData("LocationData").getValue("SubSuppliersName1", 1)): NOT_RUN: setText(findTestObject("TestUserLocation/setNewName"), findTestData("LocationData").getValue("SubSuppliersName1", 1))

2019-02-26 11:56:54 - [MESSAGE][NOT_RUN] - NOT_RUN: setText(findTestObject("TestUserLocation/setNewName"), findTestData("LocationData").getValue("SubSuppliersName1", 1))

2019-02-26 11:56:54 - [TEST_STEP][NOT_RUN] - setText(findTestObject("TestResource/setPhoneNumber"), "912378456"): NOT_RUN: setText(findTestObject("TestResource/setPhoneNumber"), "912378456")

2019-02-26 11:56:54 - [MESSAGE][NOT_RUN] - NOT_RUN: setText(findTestObject("TestResource/setPhoneNumber"), "912378456")

2019-02-26 11:56:54 - [TEST_STEP][NOT_RUN] - Thread.sleep(2000): NOT_RUN: Thread.sleep(2000)

2019-02-26 11:56:54 - [MESSAGE][NOT_RUN] - NOT_RUN: Thread.sleep(2000)

2019-02-26 11:56:54 - [TEST_STEP][NOT_RUN] - click(findTestObject("TestResource/saveDetailButton")): NOT_RUN: click(findTestObject("TestResource/saveDetailButton"))

2019-02-26 11:56:54 - [MESSAGE][NOT_RUN] - NOT_RUN: click(findTestObject("TestResource/saveDetailButton"))

2019-02-26 11:56:54 - [TEST_STEP][NOT_RUN] - Thread.sleep(7000): NOT_RUN: Thread.sleep(7000)

2019-02-26 11:56:54 - [MESSAGE][NOT_RUN] - NOT_RUN: Thread.sleep(7000)

2019-02-26 11:56:54 - [TEST_STEP][NOT_RUN] - click(findTestObject("TestResource/disableResource")): NOT_RUN: click(findTestObject("TestResource/disableResource"))

2019-02-26 11:56:54 - [MESSAGE][NOT_RUN] - NOT_RUN: click(findTestObject("TestResource/disableResource"))

2019-02-26 11:56:54 - [TEST_STEP][NOT_RUN] - Thread.sleep(2000): NOT_RUN: Thread.sleep(2000)

2019-02-26 11:56:54 - [MESSAGE][NOT_RUN] - NOT_RUN: Thread.sleep(2000)

2019-02-26 11:56:54 - [TEST_STEP][NOT_RUN] - click(findTestObject("TestResource/button2Yes")): NOT_RUN: click(findTestObject("TestResource/button2Yes"))

2019-02-26 11:56:54 - [MESSAGE][NOT_RUN] - NOT_RUN: click(findTestObject("TestResource/button2Yes"))

2019-02-26 11:56:54 - [TEST_STEP][NOT_RUN] - Thread.sleep(2000): NOT_RUN: Thread.sleep(2000)

2019-02-26 11:56:54 - [MESSAGE][NOT_RUN] - NOT_RUN: Thread.sleep(2000)

2019-02-26 11:56:54 - [TEST_STEP][NOT_RUN] - click(findTestObject("TestResource/saveDetailButton")): NOT_RUN: click(findTestObject("TestResource/saveDetailButton"))

2019-02-26 11:56:54 - [MESSAGE][NOT_RUN] - NOT_RUN: click(findTestObject("TestResource/saveDetailButton"))

2019-02-26 11:56:54 - [TEST_STEP][NOT_RUN] - Thread.sleep(7000): NOT_RUN: Thread.sleep(7000)

2019-02-26 11:56:54 - [MESSAGE][NOT_RUN] - NOT_RUN: Thread.sleep(7000)

2019-02-26 11:56:54 - [TEST_STEP][NOT_RUN] - click(findTestObject("TestResource/linksTab")): NOT_RUN: click(findTestObject("TestResource/linksTab"))

2019-02-26 11:56:54 - [MESSAGE][NOT_RUN] - NOT_RUN: click(findTestObject("TestResource/linksTab"))

2019-02-26 11:56:54 - [TEST_STEP][NOT_RUN] - Thread.sleep(2000): NOT_RUN: Thread.sleep(2000)

2019-02-26 11:56:54 - [MESSAGE][NOT_RUN] - NOT_RUN: Thread.sleep(2000)

2019-02-26 11:56:54 - [TEST_STEP][NOT_RUN] - click(findTestObject("TestResource/addLink")): NOT_RUN: click(findTestObject("TestResource/addLink"))

2019-02-26 11:56:54 - [MESSAGE][NOT_RUN] - NOT_RUN: click(findTestObject("TestResource/addLink"))

2019-02-26 11:56:54 - [TEST_STEP][NOT_RUN] - Thread.sleep(5000): NOT_RUN: Thread.sleep(5000)

2019-02-26 11:56:54 - [MESSAGE][NOT_RUN] - NOT_RUN: Thread.sleep(5000)

2019-02-26 11:56:54 - [TEST_STEP][NOT_RUN] - check(findTestObject("TestResource/selectSecondResourceToLink")): NOT_RUN: check(findTestObject("TestResource/selectSecondResourceToLink"))

2019-02-26 11:56:54 - [MESSAGE][NOT_RUN] - NOT_RUN: check(findTestObject("TestResource/selectSecondResourceToLink"))

2019-02-26 11:56:54 - [TEST_STEP][NOT_RUN] - AdminTool_Location.resourceLinkName(): NOT_RUN: AdminTool_Location.resourceLinkName()

2019-02-26 11:56:54 - [MESSAGE][NOT_RUN] - NOT_RUN: AdminTool_Location.resourceLinkName()

2019-02-26 11:56:54 - [TEST_STEP][NOT_RUN] - Thread.sleep(2000): NOT_RUN: Thread.sleep(2000)

2019-02-26 11:56:54 - [MESSAGE][NOT_RUN] - NOT_RUN: Thread.sleep(2000)

2019-02-26 11:56:54 - [TEST_STEP][NOT_RUN] - click(findTestObject("TestResource/button2Save")): NOT_RUN: click(findTestObject("TestResource/button2Save"))

2019-02-26 11:56:54 - [MESSAGE][NOT_RUN] - NOT_RUN: click(findTestObject("TestResource/button2Save"))

2019-02-26 11:56:54 - [TEST_STEP][NOT_RUN] - Thread.sleep(4000): NOT_RUN: Thread.sleep(4000)

2019-02-26 11:56:54 - [MESSAGE][NOT_RUN] - NOT_RUN: Thread.sleep(4000)

2019-02-26 11:56:54 - [TEST_STEP][NOT_RUN] - click(findTestObject("TestResource/locationTab")): NOT_RUN: click(findTestObject("TestResource/locationTab"))

2019-02-26 11:56:54 - [MESSAGE][NOT_RUN] - NOT_RUN: click(findTestObject("TestResource/locationTab"))

2019-02-26 11:56:54 - [TEST_STEP][NOT_RUN] - Thread.sleep(5000): NOT_RUN: Thread.sleep(5000)

2019-02-26 11:56:54 - [MESSAGE][NOT_RUN] - NOT_RUN: Thread.sleep(5000)

2019-02-26 11:56:54 - [TEST_STEP][NOT_RUN] - AdminTool_Location.checkLocation(): NOT_RUN: AdminTool_Location.checkLocation()

2019-02-26 11:56:54 - [MESSAGE][NOT_RUN] - NOT_RUN: AdminTool_Location.checkLocation()

2019-02-26 11:56:54 - [TEST_STEP][NOT_RUN] - Thread.sleep(4000): NOT_RUN: Thread.sleep(4000)

2019-02-26 11:56:54 - [MESSAGE][NOT_RUN] - NOT_RUN: Thread.sleep(4000)

2019-02-26 11:56:54 - [TEST_STEP][NOT_RUN] - click(findTestObject("TestResource/saveLocation")): NOT_RUN: click(findTestObject("TestResource/saveLocation"))

2019-02-26 11:56:54 - [MESSAGE][NOT_RUN] - NOT_RUN: click(findTestObject("TestResource/saveLocation"))

2019-02-26 11:56:54 - [TEST_STEP][NOT_RUN] - click(findTestObject("TestUserLocation/mainmenu_button")): NOT_RUN: click(findTestObject("TestUserLocation/mainmenu_button"))

2019-02-26 11:56:54 - [MESSAGE][NOT_RUN] - NOT_RUN: click(findTestObject("TestUserLocation/mainmenu_button"))

2019-02-26 11:56:54 - [TEST_STEP][NOT_RUN] - click(findTestObject("TestResource/mainMenu_resources")): NOT_RUN: click(findTestObject("TestResource/mainMenu_resources"))

2019-02-26 11:56:54 - [MESSAGE][NOT_RUN] - NOT_RUN: click(findTestObject("TestResource/mainMenu_resources"))

2019-02-26 11:56:54 - [TEST_STEP][NOT_RUN] - Thread.sleep(4000): NOT_RUN: Thread.sleep(4000)

2019-02-26 11:56:54 - [MESSAGE][NOT_RUN] - NOT_RUN: Thread.sleep(4000)

2019-02-26 11:56:54 - [TEST_STEP][NOT_RUN] - click(findTestObject("TestResource/suppliers")): NOT_RUN: click(findTestObject("TestResource/suppliers"))

2019-02-26 11:56:54 - [MESSAGE][NOT_RUN] - NOT_RUN: click(findTestObject("TestResource/suppliers"))

2019-02-26 11:56:54 - [TEST_STEP][NOT_RUN] - Thread.sleep(4000): NOT_RUN: Thread.sleep(4000)

2019-02-26 11:56:54 - [MESSAGE][NOT_RUN] - NOT_RUN: Thread.sleep(4000)

2019-02-26 11:56:54 - [TEST_STEP][NOT_RUN] - AdminTool_Location.selectSupplier(): NOT_RUN: AdminTool_Location.selectSupplier()

2019-02-26 11:56:54 - [MESSAGE][NOT_RUN] - NOT_RUN: AdminTool_Location.selectSupplier()

2019-02-26 11:56:54 - [TEST_STEP][NOT_RUN] - Thread.sleep(4000): NOT_RUN: Thread.sleep(4000)

2019-02-26 11:56:54 - [MESSAGE][NOT_RUN] - NOT_RUN: Thread.sleep(4000)

2019-02-26 11:56:54 - [TEST_STEP][PASSED] - click(findTestObject("TestUserLocation/addPlusIcon")): Object: 'Object Repository/TestUserLocation/addPlusIcon' is clicked on

2019-02-26 11:56:54 - [MESSAGE][PASSED] - Object: 'Object Repository/TestUserLocation/addPlusIcon' is clicked on

2019-02-26 11:56:54 - [TEST_STEP][PASSED] - Thread.sleep(2000): null

2019-02-26 11:56:56 - [TEST_STEP][PASSED] - setText(findTestObject("TestUserLocation/setNewName"), findTestData("LocationData").getValue("SubSuppliersName2", 1)): Text 'SubSupplier2_26/02/19-11:55' is set on object 'Object Repository/TestUserLocation/setNewName'

2019-02-26 11:56:57 - [MESSAGE][PASSED] - Text 'SubSupplier2_26/02/19-11:55' is set on object 'Object Repository/TestUserLocation/setNewName'

2019-02-26 11:56:57 - [TEST_STEP][NOT_RUN] - setText(findTestObject("TestResource/setPhoneNumber"), "912378456"): NOT_RUN: setText(findTestObject("TestResource/setPhoneNumber"), "912378456")

2019-02-26 11:56:57 - [MESSAGE][NOT_RUN] - NOT_RUN: setText(findTestObject("TestResource/setPhoneNumber"), "912378456")

2019-02-26 11:56:57 - [TEST_STEP][PASSED] - Thread.sleep(2000): null

2019-02-26 11:56:59 - [TEST_STEP][PASSED] - Submission.createResource(): Submission.createResource is PASSED

2019-02-26 11:57:07 - [MESSAGE][PASSED] - Submission.createResource is PASSED

2019-02-26 11:57:07 - [TEST_STEP][PASSED] - Thread.sleep(2000): null

2019-02-26 11:57:09 - [TEST_STEP][PASSED] - click(findTestObject("TestResource/saveDetailButton")): Object: 'Object Repository/TestResource/saveDetailButton' is clicked on

2019-02-26 11:57:09 - [MESSAGE][PASSED] - Object: 'Object Repository/TestResource/saveDetailButton' is clicked on

2019-02-26 11:57:09 - [TEST_STEP][PASSED] - Thread.sleep(7000): null

2019-02-26 11:57:16 - [TEST_STEP][PASSED] - click(findTestObject("TestResource/linksTab")): Object: 'Object Repository/TestResource/linksTab' is clicked on

2019-02-26 11:57:16 - [MESSAGE][PASSED] - Object: 'Object Repository/TestResource/linksTab' is clicked on

2019-02-26 11:57:16 - [TEST_STEP][PASSED] - Thread.sleep(2000): null

2019-02-26 11:57:18 - [TEST_STEP][PASSED] - click(findTestObject("TestResource/addLink")): Object: 'Object Repository/TestResource/addLink' is clicked on

2019-02-26 11:57:18 - [MESSAGE][PASSED] - Object: 'Object Repository/TestResource/addLink' is clicked on

2019-02-26 11:57:18 - [TEST_STEP][PASSED] - Thread.sleep(5000): null

2019-02-26 11:57:23 - [TEST_STEP][PASSED] - check(findTestObject("TestResource/selectSecondResourceToLink")): Object 'Object Repository/TestResource/selectSecondResourceToLink' is checked

2019-02-26 11:57:24 - [MESSAGE][PASSED] - Object 'Object Repository/TestResource/selectSecondResourceToLink' is checked

2019-02-26 11:57:24 - [TEST_STEP][PASSED] - AdminTool_Location.resourceLinkName(): AdminTool_Location.resourceLinkName is PASSED

2019-02-26 11:57:24 - [MESSAGE][PASSED] - AdminTool_Location.resourceLinkName is PASSED

2019-02-26 11:57:24 - [TEST_STEP][PASSED] - Thread.sleep(2000): null

2019-02-26 11:57:26 - [TEST_STEP][PASSED] - click(findTestObject("TestResource/button2Save")): Object: 'Object Repository/TestResource/button2Save' is clicked on

2019-02-26 11:57:26 - [MESSAGE][PASSED] - Object: 'Object Repository/TestResource/button2Save' is clicked on

2019-02-26 11:57:26 - [TEST_STEP][PASSED] - Thread.sleep(4000): null

2019-02-26 11:57:30 - [TEST_STEP][PASSED] - click(findTestObject("TestResource/locationTab")): Object: 'Object Repository/TestResource/locationTab' is clicked on

2019-02-26 11:57:30 - [MESSAGE][PASSED] - Object: 'Object Repository/TestResource/locationTab' is clicked on

2019-02-26 11:57:30 - [TEST_STEP][PASSED] - Thread.sleep(5000): null

2019-02-26 11:57:35 - [TEST_STEP][PASSED] - AdminTool_Location.checkLocation(): AdminTool_Location.checkLocation is PASSED

2019-02-26 11:57:37 - [MESSAGE][PASSED] - AdminTool_Location.checkLocation is PASSED

2019-02-26 11:57:37 - [TEST_STEP][PASSED] - Thread.sleep(4000): null

2019-02-26 11:57:41 - [TEST_STEP][PASSED] - click(findTestObject("TestResource/saveLocation")): Object: 'Object Repository/TestResource/saveLocation' is clicked on

2019-02-26 11:57:41 - [MESSAGE][PASSED] - Object: 'Object Repository/TestResource/saveLocation' is clicked on

2019-02-26 11:57:41 - [TEST_STEP][PASSED] - Thread.sleep(6000): null]]></system-out>
         <system-err><![CDATA[]]></system-err>
      </testcase>
      <testcase name="Test Cases/SupplierFlow/3_2_CreateResource_Items" classname="Test Cases/SupplierFlow/3_2_CreateResource_Items" status="PASSED">
         <system-out><![CDATA[2019-02-26 11:57:47 - [TEST_CASE][PASSED] - Test Cases/SupplierFlow/3_2_CreateResource_Items: Test Cases/SupplierFlow/3_2_CreateResource_Items

2019-02-26 11:57:48 - [TEST_STEP][NOT_RUN] - openBrowser(URL): NOT_RUN: openBrowser(URL)

2019-02-26 11:57:48 - [MESSAGE][NOT_RUN] - NOT_RUN: openBrowser(URL)

2019-02-26 11:57:48 - [TEST_STEP][NOT_RUN] - maximizeWindow(): NOT_RUN: maximizeWindow()

2019-02-26 11:57:48 - [MESSAGE][NOT_RUN] - NOT_RUN: maximizeWindow()

2019-02-26 11:57:48 - [TEST_STEP][NOT_RUN] - setText(findTestObject("TestUserLocation/login_Username"), UserName1): NOT_RUN: setText(findTestObject("TestUserLocation/login_Username"), UserName1)

2019-02-26 11:57:48 - [MESSAGE][NOT_RUN] - NOT_RUN: setText(findTestObject("TestUserLocation/login_Username"), UserName1)

2019-02-26 11:57:48 - [TEST_STEP][NOT_RUN] - setText(findTestObject("TestUserLocation/login_Password"), Password1): NOT_RUN: setText(findTestObject("TestUserLocation/login_Password"), Password1)

2019-02-26 11:57:48 - [MESSAGE][NOT_RUN] - NOT_RUN: setText(findTestObject("TestUserLocation/login_Password"), Password1)

2019-02-26 11:57:48 - [TEST_STEP][PASSED] - AdminTool_Location.setItemName(): AdminTool_Location.setItemName is PASSED

2019-02-26 11:57:48 - [MESSAGE][PASSED] - AdminTool_Location.setItemName is PASSED

2019-02-26 11:57:48 - [TEST_STEP][NOT_RUN] - click(findTestObject("TestUserLocation/login_Button")): NOT_RUN: click(findTestObject("TestUserLocation/login_Button"))

2019-02-26 11:57:48 - [MESSAGE][NOT_RUN] - NOT_RUN: click(findTestObject("TestUserLocation/login_Button"))

2019-02-26 11:57:48 - [TEST_STEP][PASSED] - Thread.sleep(4000): null

2019-02-26 11:57:52 - [TEST_STEP][PASSED] - click(findTestObject("TestUserLocation/mainmenu_button")): Object: 'Object Repository/TestUserLocation/mainmenu_button' is clicked on

2019-02-26 11:57:52 - [MESSAGE][PASSED] - Object: 'Object Repository/TestUserLocation/mainmenu_button' is clicked on

2019-02-26 11:57:52 - [TEST_STEP][NOT_RUN] - click(findTestObject("TestUserLocation/adminTool")): NOT_RUN: click(findTestObject("TestUserLocation/adminTool"))

2019-02-26 11:57:52 - [MESSAGE][NOT_RUN] - NOT_RUN: click(findTestObject("TestUserLocation/adminTool"))

2019-02-26 11:57:52 - [TEST_STEP][PASSED] - click(findTestObject("TestUserLocation/mainMenuResourceDesigner")): Object: 'Object Repository/TestUserLocation/mainMenuResourceDesigner' is clicked on

2019-02-26 11:57:52 - [MESSAGE][PASSED] - Object: 'Object Repository/TestUserLocation/mainMenuResourceDesigner' is clicked on

2019-02-26 11:57:52 - [TEST_STEP][PASSED] - Thread.sleep(4000): null

2019-02-26 11:57:56 - [TEST_STEP][PASSED] - click(findTestObject("TestResource/items")): Object: 'Object Repository/TestResource/items' is clicked on

2019-02-26 11:57:56 - [MESSAGE][PASSED] - Object: 'Object Repository/TestResource/items' is clicked on

2019-02-26 11:57:56 - [TEST_STEP][PASSED] - Thread.sleep(4000): null

2019-02-26 11:58:00 - [TEST_STEP][PASSED] - waitForElementClickable(findTestObject("TestUserLocation/categories"), 45): Object 'Object Repository/TestUserLocation/categories' is clickable

2019-02-26 11:58:00 - [MESSAGE][PASSED] - Object 'Object Repository/TestUserLocation/categories' is clickable

2019-02-26 11:58:00 - [TEST_STEP][PASSED] - click(findTestObject("TestUserLocation/categories")): Object: 'Object Repository/TestUserLocation/categories' is clicked on

2019-02-26 11:58:00 - [MESSAGE][PASSED] - Object: 'Object Repository/TestUserLocation/categories' is clicked on

2019-02-26 11:58:00 - [TEST_STEP][PASSED] - Thread.sleep(2000): null

2019-02-26 11:58:02 - [TEST_STEP][PASSED] - click(findTestObject("TestUserLocation/defaultArea")): Object: 'Object Repository/TestUserLocation/defaultArea' is clicked on

2019-02-26 11:58:03 - [MESSAGE][PASSED] - Object: 'Object Repository/TestUserLocation/defaultArea' is clicked on

2019-02-26 11:58:03 - [TEST_STEP][PASSED] - Thread.sleep(2000): null

2019-02-26 11:58:05 - [TEST_STEP][PASSED] - click(findTestObject("TestUserLocation/hoverHeading")): Object: 'Object Repository/TestUserLocation/hoverHeading' is clicked on

2019-02-26 11:58:05 - [MESSAGE][PASSED] - Object: 'Object Repository/TestUserLocation/hoverHeading' is clicked on

2019-02-26 11:58:05 - [TEST_STEP][PASSED] - click(findTestObject("TestUserLocation/addPlusIcon")): Object: 'Object Repository/TestUserLocation/addPlusIcon' is clicked on

2019-02-26 11:58:05 - [MESSAGE][PASSED] - Object: 'Object Repository/TestUserLocation/addPlusIcon' is clicked on

2019-02-26 11:58:05 - [TEST_STEP][PASSED] - setText(findTestObject("TestUserLocation/setNewName"), findTestData("LocationData").getValue("ItemsName", 1)): Text 'Item_26/02/19-11:57' is set on object 'Object Repository/TestUserLocation/setNewName'

2019-02-26 11:58:05 - [MESSAGE][PASSED] - Text 'Item_26/02/19-11:57' is set on object 'Object Repository/TestUserLocation/setNewName'

2019-02-26 11:58:05 - [TEST_STEP][PASSED] - Thread.sleep(2000): null

2019-02-26 11:58:07 - [TEST_STEP][PASSED] - click(findTestObject("TestUserLocation/saveButton")): Object: 'Object Repository/TestUserLocation/saveButton' is clicked on

2019-02-26 11:58:07 - [MESSAGE][PASSED] - Object: 'Object Repository/TestUserLocation/saveButton' is clicked on

2019-02-26 11:58:07 - [TEST_STEP][PASSED] - Thread.sleep(4000): null

2019-02-26 11:58:11 - [TEST_STEP][PASSED] - Thread.sleep(4000): null

2019-02-26 11:58:15 - [TEST_STEP][PASSED] - click(findTestObject("TestUserLocation/mainmenu_button")): Object: 'Object Repository/TestUserLocation/mainmenu_button' is clicked on

2019-02-26 11:58:15 - [MESSAGE][PASSED] - Object: 'Object Repository/TestUserLocation/mainmenu_button' is clicked on

2019-02-26 11:58:15 - [TEST_STEP][PASSED] - click(findTestObject("TestResource/mainMenu_resources")): Object: 'Object Repository/TestResource/mainMenu_resources' is clicked on

2019-02-26 11:58:15 - [MESSAGE][PASSED] - Object: 'Object Repository/TestResource/mainMenu_resources' is clicked on

2019-02-26 11:58:15 - [TEST_STEP][PASSED] - Thread.sleep(4000): null

2019-02-26 11:58:19 - [TEST_STEP][PASSED] - click(findTestObject("TestResource/items")): Object: 'Object Repository/TestResource/items' is clicked on

2019-02-26 11:58:19 - [MESSAGE][PASSED] - Object: 'Object Repository/TestResource/items' is clicked on

2019-02-26 11:58:19 - [TEST_STEP][PASSED] - Thread.sleep(4000): null

2019-02-26 11:58:23 - [TEST_STEP][PASSED] - AdminTool_Location.selectItem(): Element has been clicked

2019-02-26 11:58:28 - [MESSAGE][PASSED] - Element has been clicked

2019-02-26 11:58:28 - [TEST_STEP][PASSED] - Thread.sleep(4000): null

2019-02-26 11:58:32 - [TEST_STEP][PASSED] - waitForElementClickable(findTestObject("TestUserLocation/addPlusIcon"), 45): Object 'Object Repository/TestUserLocation/addPlusIcon' is clickable

2019-02-26 11:58:32 - [MESSAGE][PASSED] - Object 'Object Repository/TestUserLocation/addPlusIcon' is clickable

2019-02-26 11:58:32 - [TEST_STEP][PASSED] - click(findTestObject("TestUserLocation/addPlusIcon")): Object: 'Object Repository/TestUserLocation/addPlusIcon' is clicked on

2019-02-26 11:58:32 - [MESSAGE][PASSED] - Object: 'Object Repository/TestUserLocation/addPlusIcon' is clicked on

2019-02-26 11:58:32 - [TEST_STEP][PASSED] - Thread.sleep(2000): null

2019-02-26 11:58:34 - [TEST_STEP][PASSED] - setText(findTestObject("TestUserLocation/setNewName"), findTestData("LocationData").getValue("SubItemsName1", 1)): Text 'SubItem1_26/02/19-11:57' is set on object 'Object Repository/TestUserLocation/setNewName'

2019-02-26 11:58:34 - [MESSAGE][PASSED] - Text 'SubItem1_26/02/19-11:57' is set on object 'Object Repository/TestUserLocation/setNewName'

2019-02-26 11:58:34 - [TEST_STEP][NOT_RUN] - setText(findTestObject("TestResource/setPhoneNumber"), "912378456"): NOT_RUN: setText(findTestObject("TestResource/setPhoneNumber"), "912378456")

2019-02-26 11:58:34 - [MESSAGE][NOT_RUN] - NOT_RUN: setText(findTestObject("TestResource/setPhoneNumber"), "912378456")

2019-02-26 11:58:34 - [TEST_STEP][PASSED] - Thread.sleep(2000): null

2019-02-26 11:58:36 - [TEST_STEP][PASSED] - Submission.createResource(): Submission.createResource is PASSED

2019-02-26 11:58:47 - [MESSAGE][PASSED] - Submission.createResource is PASSED

2019-02-26 11:58:47 - [TEST_STEP][PASSED] - Thread.sleep(2000): null

2019-02-26 11:58:49 - [TEST_STEP][PASSED] - click(findTestObject("TestResource/saveDetailButton")): Object: 'Object Repository/TestResource/saveDetailButton' is clicked on

2019-02-26 11:58:49 - [MESSAGE][PASSED] - Object: 'Object Repository/TestResource/saveDetailButton' is clicked on

2019-02-26 11:58:49 - [TEST_STEP][NOT_RUN] - Thread.sleep(7000): NOT_RUN: Thread.sleep(7000)

2019-02-26 11:58:49 - [MESSAGE][NOT_RUN] - NOT_RUN: Thread.sleep(7000)

2019-02-26 11:58:49 - [TEST_STEP][NOT_RUN] - click(findTestObject("TestResource/disableResource")): NOT_RUN: click(findTestObject("TestResource/disableResource"))

2019-02-26 11:58:49 - [MESSAGE][NOT_RUN] - NOT_RUN: click(findTestObject("TestResource/disableResource"))

2019-02-26 11:58:49 - [TEST_STEP][NOT_RUN] - Thread.sleep(2000): NOT_RUN: Thread.sleep(2000)

2019-02-26 11:58:49 - [MESSAGE][NOT_RUN] - NOT_RUN: Thread.sleep(2000)

2019-02-26 11:58:49 - [TEST_STEP][NOT_RUN] - click(findTestObject("TestResource/button2Yes")): NOT_RUN: click(findTestObject("TestResource/button2Yes"))

2019-02-26 11:58:49 - [MESSAGE][NOT_RUN] - NOT_RUN: click(findTestObject("TestResource/button2Yes"))

2019-02-26 11:58:49 - [TEST_STEP][NOT_RUN] - Thread.sleep(2000): NOT_RUN: Thread.sleep(2000)

2019-02-26 11:58:49 - [MESSAGE][NOT_RUN] - NOT_RUN: Thread.sleep(2000)

2019-02-26 11:58:49 - [TEST_STEP][NOT_RUN] - click(findTestObject("TestResource/saveDetailButton")): NOT_RUN: click(findTestObject("TestResource/saveDetailButton"))

2019-02-26 11:58:49 - [MESSAGE][NOT_RUN] - NOT_RUN: click(findTestObject("TestResource/saveDetailButton"))

2019-02-26 11:58:49 - [TEST_STEP][PASSED] - Thread.sleep(7000): null

2019-02-26 11:58:56 - [TEST_STEP][PASSED] - click(findTestObject("TestResource/linksTab")): Object: 'Object Repository/TestResource/linksTab' is clicked on

2019-02-26 11:58:56 - [MESSAGE][PASSED] - Object: 'Object Repository/TestResource/linksTab' is clicked on

2019-02-26 11:58:56 - [TEST_STEP][PASSED] - Thread.sleep(2000): null

2019-02-26 11:58:58 - [TEST_STEP][PASSED] - click(findTestObject("TestResource/addLink")): Object: 'Object Repository/TestResource/addLink' is clicked on

2019-02-26 11:58:58 - [MESSAGE][PASSED] - Object: 'Object Repository/TestResource/addLink' is clicked on

2019-02-26 11:58:58 - [TEST_STEP][PASSED] - Thread.sleep(5000): null

2019-02-26 11:59:03 - [TEST_STEP][PASSED] - check(findTestObject("TestResource/selectSecondResourceToLink")): Object 'Object Repository/TestResource/selectSecondResourceToLink' is checked

2019-02-26 11:59:03 - [MESSAGE][PASSED] - Object 'Object Repository/TestResource/selectSecondResourceToLink' is checked

2019-02-26 11:59:03 - [TEST_STEP][PASSED] - AdminTool_Location.resourceLinkName(): AdminTool_Location.resourceLinkName is PASSED

2019-02-26 11:59:03 - [MESSAGE][PASSED] - AdminTool_Location.resourceLinkName is PASSED

2019-02-26 11:59:03 - [TEST_STEP][PASSED] - Thread.sleep(2000): null

2019-02-26 11:59:05 - [TEST_STEP][PASSED] - click(findTestObject("TestResource/button2Save")): Object: 'Object Repository/TestResource/button2Save' is clicked on

2019-02-26 11:59:06 - [MESSAGE][PASSED] - Object: 'Object Repository/TestResource/button2Save' is clicked on

2019-02-26 11:59:06 - [TEST_STEP][PASSED] - Thread.sleep(4000): null

2019-02-26 11:59:10 - [TEST_STEP][PASSED] - click(findTestObject("TestResource/supplierTab")): Object: 'Object Repository/TestResource/supplierTab' is clicked on

2019-02-26 11:59:10 - [MESSAGE][PASSED] - Object: 'Object Repository/TestResource/supplierTab' is clicked on

2019-02-26 11:59:10 - [TEST_STEP][PASSED] - Thread.sleep(4000): null

2019-02-26 11:59:14 - [TEST_STEP][PASSED] - click(findTestObject("TestResource/selectNewSupplier")): Object: 'Object Repository/TestResource/selectNewSupplier' is clicked on

2019-02-26 11:59:14 - [MESSAGE][PASSED] - Object: 'Object Repository/TestResource/selectNewSupplier' is clicked on

2019-02-26 11:59:14 - [TEST_STEP][PASSED] - Thread.sleep(2000): null

2019-02-26 11:59:16 - [TEST_STEP][PASSED] - Supplier.selectSupplierInItem(): Supplier.selectSupplierInItem is PASSED

2019-02-26 11:59:16 - [MESSAGE][PASSED] - Supplier.selectSupplierInItem is PASSED

2019-02-26 11:59:16 - [TEST_STEP][PASSED] - Thread.sleep(2000): null

2019-02-26 11:59:18 - [TEST_STEP][PASSED] - click(findTestObject("TestResource/saveButton")): Object: 'Object Repository/TestResource/saveButton' is clicked on

2019-02-26 11:59:19 - [MESSAGE][PASSED] - Object: 'Object Repository/TestResource/saveButton' is clicked on

2019-02-26 11:59:19 - [TEST_STEP][PASSED] - Thread.sleep(4000): null

2019-02-26 11:59:23 - [TEST_STEP][PASSED] - click(findTestObject("TestResource/locationTab")): Object: 'Object Repository/TestResource/locationTab' is clicked on

2019-02-26 11:59:23 - [MESSAGE][PASSED] - Object: 'Object Repository/TestResource/locationTab' is clicked on

2019-02-26 11:59:23 - [TEST_STEP][PASSED] - AdminTool_Location.moveCursor(): AdminTool_Location.moveCursor is PASSED

2019-02-26 11:59:23 - [MESSAGE][PASSED] - AdminTool_Location.moveCursor is PASSED

2019-02-26 11:59:23 - [TEST_STEP][PASSED] - Thread.sleep(2000): null

2019-02-26 11:59:25 - [TEST_STEP][PASSED] - Thread.sleep(5000): null

2019-02-26 11:59:30 - [TEST_STEP][PASSED] - AdminTool_Location.checkLocation(): AdminTool_Location.checkLocation is PASSED

2019-02-26 11:59:32 - [MESSAGE][PASSED] - AdminTool_Location.checkLocation is PASSED

2019-02-26 11:59:32 - [TEST_STEP][PASSED] - Thread.sleep(4000): null

2019-02-26 11:59:36 - [TEST_STEP][PASSED] - click(findTestObject("TestResource/saveLocation")): Object: 'Object Repository/TestResource/saveLocation' is clicked on

2019-02-26 11:59:36 - [MESSAGE][PASSED] - Object: 'Object Repository/TestResource/saveLocation' is clicked on

2019-02-26 11:59:36 - [TEST_STEP][NOT_RUN] - click(findTestObject("TestUserLocation/mainmenu_button")): NOT_RUN: click(findTestObject("TestUserLocation/mainmenu_button"))

2019-02-26 11:59:36 - [MESSAGE][NOT_RUN] - NOT_RUN: click(findTestObject("TestUserLocation/mainmenu_button"))

2019-02-26 11:59:36 - [TEST_STEP][NOT_RUN] - click(findTestObject("TestResource/mainMenu_resources")): NOT_RUN: click(findTestObject("TestResource/mainMenu_resources"))

2019-02-26 11:59:36 - [MESSAGE][NOT_RUN] - NOT_RUN: click(findTestObject("TestResource/mainMenu_resources"))

2019-02-26 11:59:36 - [TEST_STEP][NOT_RUN] - Thread.sleep(4000): NOT_RUN: Thread.sleep(4000)

2019-02-26 11:59:36 - [MESSAGE][NOT_RUN] - NOT_RUN: Thread.sleep(4000)

2019-02-26 11:59:36 - [TEST_STEP][NOT_RUN] - click(findTestObject("TestResource/items")): NOT_RUN: click(findTestObject("TestResource/items"))

2019-02-26 11:59:36 - [MESSAGE][NOT_RUN] - NOT_RUN: click(findTestObject("TestResource/items"))

2019-02-26 11:59:36 - [TEST_STEP][NOT_RUN] - Thread.sleep(4000): NOT_RUN: Thread.sleep(4000)

2019-02-26 11:59:36 - [MESSAGE][NOT_RUN] - NOT_RUN: Thread.sleep(4000)

2019-02-26 11:59:36 - [TEST_STEP][NOT_RUN] - AdminTool_Location.selectItem(): NOT_RUN: AdminTool_Location.selectItem()

2019-02-26 11:59:36 - [MESSAGE][NOT_RUN] - NOT_RUN: AdminTool_Location.selectItem()

2019-02-26 11:59:36 - [TEST_STEP][NOT_RUN] - Thread.sleep(4000): NOT_RUN: Thread.sleep(4000)

2019-02-26 11:59:36 - [MESSAGE][NOT_RUN] - NOT_RUN: Thread.sleep(4000)

2019-02-26 11:59:36 - [TEST_STEP][NOT_RUN] - waitForElementClickable(findTestObject("TestUserLocation/addPlusIcon"), 45): NOT_RUN: waitForElementClickable(findTestObject("TestUserLocation/addPlusIcon"), 45)

2019-02-26 11:59:36 - [MESSAGE][NOT_RUN] - NOT_RUN: waitForElementClickable(findTestObject("TestUserLocation/addPlusIcon"), 45)

2019-02-26 11:59:36 - [TEST_STEP][NOT_RUN] - click(findTestObject("TestUserLocation/addPlusIcon")): NOT_RUN: click(findTestObject("TestUserLocation/addPlusIcon"))

2019-02-26 11:59:36 - [MESSAGE][NOT_RUN] - NOT_RUN: click(findTestObject("TestUserLocation/addPlusIcon"))

2019-02-26 11:59:36 - [TEST_STEP][NOT_RUN] - Thread.sleep(2000): NOT_RUN: Thread.sleep(2000)

2019-02-26 11:59:36 - [MESSAGE][NOT_RUN] - NOT_RUN: Thread.sleep(2000)

2019-02-26 11:59:36 - [TEST_STEP][NOT_RUN] - setText(findTestObject("TestUserLocation/setNewName"), findTestData("LocationData").getValue("SubItemsName2", 1)): NOT_RUN: setText(findTestObject("TestUserLocation/setNewName"), findTestData("LocationData").getValue("SubItemsName2", 1))

2019-02-26 11:59:36 - [MESSAGE][NOT_RUN] - NOT_RUN: setText(findTestObject("TestUserLocation/setNewName"), findTestData("LocationData").getValue("SubItemsName2", 1))

2019-02-26 11:59:36 - [TEST_STEP][NOT_RUN] - setText(findTestObject("TestResource/setPhoneNumber"), "912378456"): NOT_RUN: setText(findTestObject("TestResource/setPhoneNumber"), "912378456")

2019-02-26 11:59:36 - [MESSAGE][NOT_RUN] - NOT_RUN: setText(findTestObject("TestResource/setPhoneNumber"), "912378456")

2019-02-26 11:59:36 - [TEST_STEP][NOT_RUN] - Thread.sleep(2000): NOT_RUN: Thread.sleep(2000)

2019-02-26 11:59:36 - [MESSAGE][NOT_RUN] - NOT_RUN: Thread.sleep(2000)

2019-02-26 11:59:36 - [TEST_STEP][NOT_RUN] - click(findTestObject("TestResource/saveDetailButton")): NOT_RUN: click(findTestObject("TestResource/saveDetailButton"))

2019-02-26 11:59:36 - [MESSAGE][NOT_RUN] - NOT_RUN: click(findTestObject("TestResource/saveDetailButton"))

2019-02-26 11:59:36 - [TEST_STEP][NOT_RUN] - Thread.sleep(7000): NOT_RUN: Thread.sleep(7000)

2019-02-26 11:59:36 - [MESSAGE][NOT_RUN] - NOT_RUN: Thread.sleep(7000)

2019-02-26 11:59:36 - [TEST_STEP][NOT_RUN] - click(findTestObject("TestResource/linksTab")): NOT_RUN: click(findTestObject("TestResource/linksTab"))

2019-02-26 11:59:36 - [MESSAGE][NOT_RUN] - NOT_RUN: click(findTestObject("TestResource/linksTab"))

2019-02-26 11:59:36 - [TEST_STEP][NOT_RUN] - Thread.sleep(2000): NOT_RUN: Thread.sleep(2000)

2019-02-26 11:59:36 - [MESSAGE][NOT_RUN] - NOT_RUN: Thread.sleep(2000)

2019-02-26 11:59:36 - [TEST_STEP][NOT_RUN] - click(findTestObject("TestResource/addLink")): NOT_RUN: click(findTestObject("TestResource/addLink"))

2019-02-26 11:59:36 - [MESSAGE][NOT_RUN] - NOT_RUN: click(findTestObject("TestResource/addLink"))

2019-02-26 11:59:36 - [TEST_STEP][NOT_RUN] - Thread.sleep(5000): NOT_RUN: Thread.sleep(5000)

2019-02-26 11:59:36 - [MESSAGE][NOT_RUN] - NOT_RUN: Thread.sleep(5000)

2019-02-26 11:59:36 - [TEST_STEP][NOT_RUN] - check(findTestObject("TestResource/selectSecondResourceToLink")): NOT_RUN: check(findTestObject("TestResource/selectSecondResourceToLink"))

2019-02-26 11:59:36 - [MESSAGE][NOT_RUN] - NOT_RUN: check(findTestObject("TestResource/selectSecondResourceToLink"))

2019-02-26 11:59:36 - [TEST_STEP][NOT_RUN] - AdminTool_Location.resourceLinkName(): NOT_RUN: AdminTool_Location.resourceLinkName()

2019-02-26 11:59:36 - [MESSAGE][NOT_RUN] - NOT_RUN: AdminTool_Location.resourceLinkName()

2019-02-26 11:59:36 - [TEST_STEP][NOT_RUN] - Thread.sleep(2000): NOT_RUN: Thread.sleep(2000)

2019-02-26 11:59:36 - [MESSAGE][NOT_RUN] - NOT_RUN: Thread.sleep(2000)

2019-02-26 11:59:36 - [TEST_STEP][NOT_RUN] - click(findTestObject("TestResource/button2Save")): NOT_RUN: click(findTestObject("TestResource/button2Save"))

2019-02-26 11:59:36 - [MESSAGE][NOT_RUN] - NOT_RUN: click(findTestObject("TestResource/button2Save"))

2019-02-26 11:59:36 - [TEST_STEP][NOT_RUN] - Thread.sleep(4000): NOT_RUN: Thread.sleep(4000)

2019-02-26 11:59:36 - [MESSAGE][NOT_RUN] - NOT_RUN: Thread.sleep(4000)

2019-02-26 11:59:36 - [TEST_STEP][NOT_RUN] - click(findTestObject("TestResource/locationTab")): NOT_RUN: click(findTestObject("TestResource/locationTab"))

2019-02-26 11:59:36 - [MESSAGE][NOT_RUN] - NOT_RUN: click(findTestObject("TestResource/locationTab"))

2019-02-26 11:59:36 - [TEST_STEP][NOT_RUN] - Thread.sleep(5000): NOT_RUN: Thread.sleep(5000)

2019-02-26 11:59:36 - [MESSAGE][NOT_RUN] - NOT_RUN: Thread.sleep(5000)

2019-02-26 11:59:36 - [TEST_STEP][NOT_RUN] - AdminTool_Location.checkLocation(): NOT_RUN: AdminTool_Location.checkLocation()

2019-02-26 11:59:36 - [MESSAGE][NOT_RUN] - NOT_RUN: AdminTool_Location.checkLocation()

2019-02-26 11:59:36 - [TEST_STEP][NOT_RUN] - Thread.sleep(4000): NOT_RUN: Thread.sleep(4000)

2019-02-26 11:59:36 - [MESSAGE][NOT_RUN] - NOT_RUN: Thread.sleep(4000)

2019-02-26 11:59:36 - [TEST_STEP][NOT_RUN] - click(findTestObject("TestResource/saveLocation")): NOT_RUN: click(findTestObject("TestResource/saveLocation"))

2019-02-26 11:59:36 - [MESSAGE][NOT_RUN] - NOT_RUN: click(findTestObject("TestResource/saveLocation"))]]></system-out>
         <system-err><![CDATA[]]></system-err>
      </testcase>
      <testcase name="Test Cases/SupplierFlow/4_CreateUser_Supplier" classname="Test Cases/SupplierFlow/4_CreateUser_Supplier" status="PASSED">
         <system-out><![CDATA[2019-02-26 11:59:37 - [TEST_CASE][PASSED] - Test Cases/SupplierFlow/4_CreateUser_Supplier: Test Cases/SupplierFlow/4_CreateUser_Supplier

2019-02-26 11:59:37 - [TEST_STEP][NOT_RUN] - openBrowser(URL): NOT_RUN: openBrowser(URL)

2019-02-26 11:59:37 - [MESSAGE][NOT_RUN] - NOT_RUN: openBrowser(URL)

2019-02-26 11:59:37 - [TEST_STEP][NOT_RUN] - maximizeWindow(): NOT_RUN: maximizeWindow()

2019-02-26 11:59:37 - [MESSAGE][NOT_RUN] - NOT_RUN: maximizeWindow()

2019-02-26 11:59:37 - [TEST_STEP][NOT_RUN] - setText(findTestObject("TestUserLocation/login_Username"), UserName1): NOT_RUN: setText(findTestObject("TestUserLocation/login_Username"), UserName1)

2019-02-26 11:59:37 - [MESSAGE][NOT_RUN] - NOT_RUN: setText(findTestObject("TestUserLocation/login_Username"), UserName1)

2019-02-26 11:59:37 - [TEST_STEP][NOT_RUN] - setText(findTestObject("TestUserLocation/login_Password"), Password111): NOT_RUN: setText(findTestObject("TestUserLocation/login_Password"), Password111)

2019-02-26 11:59:37 - [MESSAGE][NOT_RUN] - NOT_RUN: setText(findTestObject("TestUserLocation/login_Password"), Password111)

2019-02-26 11:59:37 - [TEST_STEP][PASSED] - Thread.sleep(2000): null

2019-02-26 11:59:39 - [TEST_STEP][PASSED] - Supplier.setSupplier(): Supplier.setSupplier is PASSED

2019-02-26 11:59:39 - [MESSAGE][PASSED] - Supplier.setSupplier is PASSED

2019-02-26 11:59:39 - [TEST_STEP][NOT_RUN] - click(findTestObject("TestUserLocation/login_Button")): NOT_RUN: click(findTestObject("TestUserLocation/login_Button"))

2019-02-26 11:59:39 - [MESSAGE][NOT_RUN] - NOT_RUN: click(findTestObject("TestUserLocation/login_Button"))

2019-02-26 11:59:39 - [TEST_STEP][NOT_RUN] - Thread.sleep(6000): NOT_RUN: Thread.sleep(6000)

2019-02-26 11:59:39 - [MESSAGE][NOT_RUN] - NOT_RUN: Thread.sleep(6000)

2019-02-26 11:59:39 - [TEST_STEP][PASSED] - Thread.sleep(4000): null

2019-02-26 11:59:43 - [TEST_STEP][PASSED] - click(findTestObject("TestUserLocation/mainmenu_button")): Object: 'Object Repository/TestUserLocation/mainmenu_button' is clicked on

2019-02-26 11:59:44 - [MESSAGE][PASSED] - Object: 'Object Repository/TestUserLocation/mainmenu_button' is clicked on

2019-02-26 11:59:44 - [TEST_STEP][NOT_RUN] - click(findTestObject("Form_Selection_Creation/mainMenu_AdminTools")): NOT_RUN: click(findTestObject("Form_Selection_Creation/mainMenu_AdminTools"))

2019-02-26 11:59:44 - [MESSAGE][NOT_RUN] - NOT_RUN: click(findTestObject("Form_Selection_Creation/mainMenu_AdminTools"))

2019-02-26 11:59:44 - [TEST_STEP][PASSED] - Thread.sleep(2000): null

2019-02-26 11:59:46 - [TEST_STEP][PASSED] - click(findTestObject("TestUser/users")): Object: 'Object Repository/TestUser/users' is clicked on

2019-02-26 11:59:46 - [MESSAGE][PASSED] - Object: 'Object Repository/TestUser/users' is clicked on

2019-02-26 11:59:46 - [TEST_STEP][PASSED] - Thread.sleep(6000): null

2019-02-26 11:59:52 - [TEST_STEP][PASSED] - click(findTestObject("SupplierFlow/selectSupplierTab")): Object: 'Object Repository/SupplierFlow/selectSupplierTab' is clicked on

2019-02-26 11:59:52 - [MESSAGE][PASSED] - Object: 'Object Repository/SupplierFlow/selectSupplierTab' is clicked on

2019-02-26 11:59:52 - [TEST_STEP][PASSED] - AdminTool_Location.moveCursor(): AdminTool_Location.moveCursor is PASSED

2019-02-26 11:59:52 - [MESSAGE][PASSED] - AdminTool_Location.moveCursor is PASSED

2019-02-26 11:59:52 - [TEST_STEP][PASSED] - Thread.sleep(2000): null

2019-02-26 11:59:54 - [TEST_STEP][PASSED] - Thread.sleep(6000): null

2019-02-26 12:00:00 - [TEST_STEP][PASSED] - click(findTestObject("SupplierFlow/addNewSupplierButton")): Object: 'Object Repository/SupplierFlow/addNewSupplierButton' is clicked on

2019-02-26 12:00:01 - [MESSAGE][PASSED] - Object: 'Object Repository/SupplierFlow/addNewSupplierButton' is clicked on

2019-02-26 12:00:01 - [TEST_STEP][PASSED] - Thread.sleep(3000): null

2019-02-26 12:00:04 - [TEST_STEP][PASSED] - click(findTestObject("SupplierFlow/openSupplierOption"), STOP_ON_FAILURE): Object: 'Object Repository/SupplierFlow/openSupplierOption' is clicked on

2019-02-26 12:00:05 - [MESSAGE][PASSED] - Object: 'Object Repository/SupplierFlow/openSupplierOption' is clicked on

2019-02-26 12:00:05 - [TEST_STEP][PASSED] - Thread.sleep(2000): null

2019-02-26 12:00:07 - [TEST_STEP][PASSED] - Supplier.getSupplierName(): Supplier.getSupplierName is PASSED

2019-02-26 12:00:07 - [MESSAGE][PASSED] - Supplier.getSupplierName is PASSED

2019-02-26 12:00:07 - [TEST_STEP][PASSED] - Supplier.setSupplier(): Supplier.setSupplier is PASSED

2019-02-26 12:00:07 - [MESSAGE][PASSED] - Supplier.setSupplier is PASSED

2019-02-26 12:00:07 - [TEST_STEP][PASSED] - setText(findTestObject("SupplierFlow/userName"), findTestData("SupplierData").getValue("UserName", 1)): Text 'Supplier_26/02/19-12:00' is set on object 'Object Repository/SupplierFlow/userName'

2019-02-26 12:00:08 - [MESSAGE][PASSED] - Text 'Supplier_26/02/19-12:00' is set on object 'Object Repository/SupplierFlow/userName'

2019-02-26 12:00:08 - [TEST_STEP][PASSED] - setText(findTestObject("SupplierFlow/firstName"), "Supplier"): Text 'Supplier' is set on object 'Object Repository/SupplierFlow/firstName'

2019-02-26 12:00:08 - [MESSAGE][PASSED] - Text 'Supplier' is set on object 'Object Repository/SupplierFlow/firstName'

2019-02-26 12:00:08 - [TEST_STEP][PASSED] - setText(findTestObject("SupplierFlow/lastName"), "Test"): Text 'Test' is set on object 'Object Repository/SupplierFlow/lastName'

2019-02-26 12:00:08 - [MESSAGE][PASSED] - Text 'Test' is set on object 'Object Repository/SupplierFlow/lastName'

2019-02-26 12:00:08 - [TEST_STEP][PASSED] - setText(findTestObject("SupplierFlow/email"), "Sup@gmail.com"): Text 'Sup@gmail.com' is set on object 'Object Repository/SupplierFlow/email'

2019-02-26 12:00:09 - [MESSAGE][PASSED] - Text 'Sup@gmail.com' is set on object 'Object Repository/SupplierFlow/email'

2019-02-26 12:00:09 - [TEST_STEP][PASSED] - setText(findTestObject("SupplierFlow/password"), findTestData("SupplierData").getValue("Password", 1)): Text 'password' is set on object 'Object Repository/SupplierFlow/password'

2019-02-26 12:00:09 - [MESSAGE][PASSED] - Text 'password' is set on object 'Object Repository/SupplierFlow/password'

2019-02-26 12:00:09 - [TEST_STEP][PASSED] - setText(findTestObject("SupplierFlow/title"), "Test"): Text 'Test' is set on object 'Object Repository/SupplierFlow/title'

2019-02-26 12:00:09 - [MESSAGE][PASSED] - Text 'Test' is set on object 'Object Repository/SupplierFlow/title'

2019-02-26 12:00:09 - [TEST_STEP][PASSED] - click(findTestObject("SupplierFlow/openTimeZone")): Object: 'Object Repository/SupplierFlow/openTimeZone' is clicked on

2019-02-26 12:00:10 - [MESSAGE][PASSED] - Object: 'Object Repository/SupplierFlow/openTimeZone' is clicked on

2019-02-26 12:00:10 - [TEST_STEP][PASSED] - Thread.sleep(2000): null

2019-02-26 12:00:12 - [TEST_STEP][PASSED] - click(findTestObject("SupplierFlow/selectTimeZone_India")): Object: 'Object Repository/SupplierFlow/selectTimeZone_India' is clicked on

2019-02-26 12:00:12 - [MESSAGE][PASSED] - Object: 'Object Repository/SupplierFlow/selectTimeZone_India' is clicked on

2019-02-26 12:00:12 - [TEST_STEP][PASSED] - Thread.sleep(4000): null

2019-02-26 12:00:16 - [TEST_STEP][PASSED] - click(findTestObject("SupplierFlow/saveButton")): Object: 'Object Repository/SupplierFlow/saveButton' is clicked on

2019-02-26 12:00:16 - [MESSAGE][PASSED] - Object: 'Object Repository/SupplierFlow/saveButton' is clicked on

2019-02-26 12:00:16 - [TEST_STEP][PASSED] - Thread.sleep(6000): null]]></system-out>
         <system-err><![CDATA[]]></system-err>
      </testcase>
      <testcase name="Test Cases/SupplierFlow/5_CreateWG" classname="Test Cases/SupplierFlow/5_CreateWG" status="PASSED">
         <system-out><![CDATA[2019-02-26 12:00:22 - [TEST_CASE][PASSED] - Test Cases/SupplierFlow/5_CreateWG: Test Cases/SupplierFlow/5_CreateWG

2019-02-26 12:00:22 - [TEST_STEP][NOT_RUN] - openBrowser(URL): NOT_RUN: openBrowser(URL)

2019-02-26 12:00:22 - [MESSAGE][NOT_RUN] - NOT_RUN: openBrowser(URL)

2019-02-26 12:00:22 - [TEST_STEP][NOT_RUN] - maximizeWindow(): NOT_RUN: maximizeWindow()

2019-02-26 12:00:22 - [MESSAGE][NOT_RUN] - NOT_RUN: maximizeWindow()

2019-02-26 12:00:22 - [TEST_STEP][NOT_RUN] - setText(findTestObject("Form_Selection_Creation/login_Username"), UserName1): NOT_RUN: setText(findTestObject("Form_Selection_Creation/login_Username"), UserName1)

2019-02-26 12:00:22 - [MESSAGE][NOT_RUN] - NOT_RUN: setText(findTestObject("Form_Selection_Creation/login_Username"), UserName1)

2019-02-26 12:00:22 - [TEST_STEP][NOT_RUN] - setText(findTestObject("Form_Selection_Creation/login_Password"), Password111): NOT_RUN: setText(findTestObject("Form_Selection_Creation/login_Password"), Password111)

2019-02-26 12:00:22 - [MESSAGE][NOT_RUN] - NOT_RUN: setText(findTestObject("Form_Selection_Creation/login_Password"), Password111)

2019-02-26 12:00:23 - [TEST_STEP][NOT_RUN] - click(findTestObject("Form_Selection_Creation/login_Button")): NOT_RUN: click(findTestObject("Form_Selection_Creation/login_Button"))

2019-02-26 12:00:23 - [MESSAGE][NOT_RUN] - NOT_RUN: click(findTestObject("Form_Selection_Creation/login_Button"))

2019-02-26 12:00:23 - [TEST_STEP][PASSED] - Thread.sleep(4000): null

2019-02-26 12:00:27 - [TEST_STEP][PASSED] - click(findTestObject("Form_Selection_Creation/mainMenu_Button")): Object: 'Object Repository/Form_Selection_Creation/mainMenu_Button' is clicked on

2019-02-26 12:00:27 - [MESSAGE][PASSED] - Object: 'Object Repository/Form_Selection_Creation/mainMenu_Button' is clicked on

2019-02-26 12:00:27 - [TEST_STEP][NOT_RUN] - click(findTestObject("Form_Selection_Creation/mainMenu_AdminTools")): NOT_RUN: click(findTestObject("Form_Selection_Creation/mainMenu_AdminTools"))

2019-02-26 12:00:27 - [MESSAGE][NOT_RUN] - NOT_RUN: click(findTestObject("Form_Selection_Creation/mainMenu_AdminTools"))

2019-02-26 12:00:27 - [TEST_STEP][PASSED] - click(findTestObject("SupplierFlow/workgroup")): Object: 'Object Repository/SupplierFlow/workgroup' is clicked on

2019-02-26 12:00:27 - [MESSAGE][PASSED] - Object: 'Object Repository/SupplierFlow/workgroup' is clicked on

2019-02-26 12:00:27 - [TEST_STEP][PASSED] - Thread.sleep(5000): null

2019-02-26 12:00:32 - [TEST_STEP][PASSED] - click(findTestObject("SupplierFlow/addButtonWG")): Object: 'Object Repository/SupplierFlow/addButtonWG' is clicked on

2019-02-26 12:00:32 - [MESSAGE][PASSED] - Object: 'Object Repository/SupplierFlow/addButtonWG' is clicked on

2019-02-26 12:00:32 - [TEST_STEP][PASSED] - setText(findTestObject("SupplierFlow/setWGText"), findTestData("SupplierData").getValue("WorkGroupName", 1)): Text 'WorkGroup_26/02/19-12:00' is set on object 'Object Repository/SupplierFlow/setWGText'

2019-02-26 12:00:33 - [MESSAGE][PASSED] - Text 'WorkGroup_26/02/19-12:00' is set on object 'Object Repository/SupplierFlow/setWGText'

2019-02-26 12:00:33 - [TEST_STEP][PASSED] - sendKeys(findTestObject("SupplierFlow/setWGText"), Keys.chord(ENTER)): Keys 'ENTER + ' sent to object: 'Object Repository/SupplierFlow/setWGText'

2019-02-26 12:00:33 - [MESSAGE][PASSED] - Keys 'ENTER + ' sent to object: 'Object Repository/SupplierFlow/setWGText'

2019-02-26 12:00:33 - [TEST_STEP][PASSED] - Thread.sleep(6000): null

2019-02-26 12:00:39 - [TEST_STEP][PASSED] - AdminTool_Location.moveCursor(): AdminTool_Location.moveCursor is PASSED

2019-02-26 12:00:39 - [MESSAGE][PASSED] - AdminTool_Location.moveCursor is PASSED

2019-02-26 12:00:39 - [TEST_STEP][PASSED] - Thread.sleep(2000): null

2019-02-26 12:00:41 - [TEST_STEP][PASSED] - setText(findTestObject("SupplierFlow/searchUserInWG"), "tester"): Text 'tester' is set on object 'Object Repository/SupplierFlow/searchUserInWG'

2019-02-26 12:00:41 - [MESSAGE][PASSED] - Text 'tester' is set on object 'Object Repository/SupplierFlow/searchUserInWG'

2019-02-26 12:00:41 - [TEST_STEP][PASSED] - sendKeys(findTestObject("SupplierFlow/searchUserInWG"), Keys.chord(ENTER)): Keys 'ENTER + ' sent to object: 'Object Repository/SupplierFlow/searchUserInWG'

2019-02-26 12:00:42 - [MESSAGE][PASSED] - Keys 'ENTER + ' sent to object: 'Object Repository/SupplierFlow/searchUserInWG'

2019-02-26 12:00:42 - [TEST_STEP][PASSED] - Thread.sleep(4000): null

2019-02-26 12:00:46 - [TEST_STEP][PASSED] - check(findTestObject("SupplierFlow/checkUserinWG")): Object 'Object Repository/SupplierFlow/checkUserinWG' is checked

2019-02-26 12:00:46 - [MESSAGE][PASSED] - Object 'Object Repository/SupplierFlow/checkUserinWG' is checked

2019-02-26 12:00:46 - [TEST_STEP][PASSED] - Thread.sleep(3000): null

2019-02-26 12:00:49 - [TEST_STEP][PASSED] - click(findTestObject("SupplierFlow/saveInWG")): Object: 'Object Repository/SupplierFlow/saveInWG' is clicked on

2019-02-26 12:00:49 - [MESSAGE][PASSED] - Object: 'Object Repository/SupplierFlow/saveInWG' is clicked on]]></system-out>
         <system-err><![CDATA[]]></system-err>
      </testcase>
      <testcase name="Test Cases/SupplierFlow/6_1_CreateRequirement_Supplier" classname="Test Cases/SupplierFlow/6_1_CreateRequirement_Supplier" status="PASSED">
         <system-out><![CDATA[2019-02-26 12:00:49 - [TEST_CASE][PASSED] - Test Cases/SupplierFlow/6_1_CreateRequirement_Supplier: Test Cases/SupplierFlow/6_1_CreateRequirement_Supplier

2019-02-26 12:00:49 - [TEST_STEP][NOT_RUN] - openBrowser(URL): NOT_RUN: openBrowser(URL)

2019-02-26 12:00:49 - [MESSAGE][NOT_RUN] - NOT_RUN: openBrowser(URL)

2019-02-26 12:00:49 - [TEST_STEP][NOT_RUN] - maximizeWindow(): NOT_RUN: maximizeWindow()

2019-02-26 12:00:49 - [MESSAGE][NOT_RUN] - NOT_RUN: maximizeWindow()

2019-02-26 12:00:49 - [TEST_STEP][NOT_RUN] - setText(findTestObject("TestUserLocation/login_Username"), UserName1): NOT_RUN: setText(findTestObject("TestUserLocation/login_Username"), UserName1)

2019-02-26 12:00:49 - [MESSAGE][NOT_RUN] - NOT_RUN: setText(findTestObject("TestUserLocation/login_Username"), UserName1)

2019-02-26 12:00:49 - [TEST_STEP][NOT_RUN] - setText(findTestObject("TestUserLocation/login_Password"), Password1): NOT_RUN: setText(findTestObject("TestUserLocation/login_Password"), Password1)

2019-02-26 12:00:49 - [MESSAGE][NOT_RUN] - NOT_RUN: setText(findTestObject("TestUserLocation/login_Password"), Password1)

2019-02-26 12:00:49 - [TEST_STEP][PASSED] - Thread.sleep(2000): null

2019-02-26 12:00:51 - [TEST_STEP][PASSED] - Supplier.setSupplierName(): Supplier.setSupplierName is PASSED

2019-02-26 12:00:51 - [MESSAGE][PASSED] - Supplier.setSupplierName is PASSED

2019-02-26 12:00:51 - [TEST_STEP][NOT_RUN] - click(findTestObject("TestUserLocation/login_Button")): NOT_RUN: click(findTestObject("TestUserLocation/login_Button"))

2019-02-26 12:00:51 - [MESSAGE][NOT_RUN] - NOT_RUN: click(findTestObject("TestUserLocation/login_Button"))

2019-02-26 12:00:51 - [TEST_STEP][NOT_RUN] - Thread.sleep(6000): NOT_RUN: Thread.sleep(6000)

2019-02-26 12:00:51 - [MESSAGE][NOT_RUN] - NOT_RUN: Thread.sleep(6000)

2019-02-26 12:00:51 - [TEST_STEP][PASSED] - Thread.sleep(4000): null

2019-02-26 12:00:55 - [TEST_STEP][PASSED] - click(findTestObject("TestUserLocation/mainmenu_button")): Object: 'Object Repository/TestUserLocation/mainmenu_button' is clicked on

2019-02-26 12:00:55 - [MESSAGE][PASSED] - Object: 'Object Repository/TestUserLocation/mainmenu_button' is clicked on

2019-02-26 12:00:55 - [TEST_STEP][NOT_RUN] - click(findTestObject("Form_Selection_Creation/mainMenu_AdminTools")): NOT_RUN: click(findTestObject("Form_Selection_Creation/mainMenu_AdminTools"))

2019-02-26 12:00:55 - [MESSAGE][NOT_RUN] - NOT_RUN: click(findTestObject("Form_Selection_Creation/mainMenu_AdminTools"))

2019-02-26 12:00:55 - [TEST_STEP][PASSED] - Thread.sleep(2000): null

2019-02-26 12:00:57 - [TEST_STEP][PASSED] - click(findTestObject("SupplierFlow/requirements")): Object: 'Object Repository/SupplierFlow/requirements' is clicked on

2019-02-26 12:00:57 - [MESSAGE][PASSED] - Object: 'Object Repository/SupplierFlow/requirements' is clicked on

2019-02-26 12:00:57 - [TEST_STEP][PASSED] - Thread.sleep(4000): null

2019-02-26 12:01:01 - [TEST_STEP][PASSED] - click(findTestObject("SupplierFlow/addSupplierPlus")): Object: 'Object Repository/SupplierFlow/addSupplierPlus' is clicked on

2019-02-26 12:01:02 - [MESSAGE][PASSED] - Object: 'Object Repository/SupplierFlow/addSupplierPlus' is clicked on

2019-02-26 12:01:02 - [TEST_STEP][PASSED] - Thread.sleep(2000): null

2019-02-26 12:01:04 - [TEST_STEP][PASSED] - setText(findTestObject("SupplierFlow/setSupplierInRequirement"), findTestData("SupplierData").getValue("SupplierName", 1)): Text 'SuppReq_26/02/19-12:00' is set on object 'Object Repository/SupplierFlow/setSupplierInRequirement'

2019-02-26 12:01:04 - [MESSAGE][PASSED] - Text 'SuppReq_26/02/19-12:00' is set on object 'Object Repository/SupplierFlow/setSupplierInRequirement'

2019-02-26 12:01:04 - [TEST_STEP][PASSED] - sendKeys(findTestObject("SupplierFlow/setSupplierInRequirement"), Keys.chord(ENTER)): Keys 'ENTER + ' sent to object: 'Object Repository/SupplierFlow/setSupplierInRequirement'

2019-02-26 12:01:04 - [MESSAGE][PASSED] - Keys 'ENTER + ' sent to object: 'Object Repository/SupplierFlow/setSupplierInRequirement'

2019-02-26 12:01:04 - [TEST_STEP][PASSED] - Thread.sleep(4000): null

2019-02-26 12:01:08 - [TEST_STEP][PASSED] - click(findTestObject("SupplierFlow/optionToSelectNewRequirement")): Object: 'Object Repository/SupplierFlow/optionToSelectNewRequirement' is clicked on

2019-02-26 12:01:08 - [MESSAGE][PASSED] - Object: 'Object Repository/SupplierFlow/optionToSelectNewRequirement' is clicked on

2019-02-26 12:01:08 - [TEST_STEP][PASSED] - Thread.sleep(2000): null

2019-02-26 12:01:10 - [TEST_STEP][PASSED] - click(findTestObject("SupplierFlow/selectAckOption")): Object: 'Object Repository/SupplierFlow/selectAckOption' is clicked on

2019-02-26 12:01:10 - [MESSAGE][PASSED] - Object: 'Object Repository/SupplierFlow/selectAckOption' is clicked on

2019-02-26 12:01:10 - [TEST_STEP][PASSED] - waitForElementNotPresent(findTestObject("SupplierFlow/testACK"), 45): Web element with id: 'Object Repository/SupplierFlow/testACK' located by 'By.xpath: //*[@id="scs-pp-acknowledgement-step-1-grid-container"]//tr[1]/td[3]' is not present after '45' second(s)

2019-02-26 12:01:11 - [MESSAGE][PASSED] - Web element with id: 'Object Repository/SupplierFlow/testACK' located by 'By.xpath: //*[@id="scs-pp-acknowledgement-step-1-grid-container"]//tr[1]/td[3]' is not present after '45' second(s)

2019-02-26 12:01:11 - [TEST_STEP][PASSED] - waitForElementClickable(findTestObject("SupplierFlow/testACK"), 45): Object 'Object Repository/SupplierFlow/testACK' is clickable

2019-02-26 12:01:14 - [MESSAGE][PASSED] - Object 'Object Repository/SupplierFlow/testACK' is clickable

2019-02-26 12:01:14 - [TEST_STEP][PASSED] - Supplier.selectACK(): Supplier.selectACK is PASSED

2019-02-26 12:01:19 - [MESSAGE][PASSED] - Supplier.selectACK is PASSED

2019-02-26 12:01:19 - [TEST_STEP][PASSED] - Thread.sleep(2000): null

2019-02-26 12:01:21 - [TEST_STEP][PASSED] - click(findTestObject("SupplierFlow/nextButtonReqForm")): Object: 'Object Repository/SupplierFlow/nextButtonReqForm' is clicked on

2019-02-26 12:01:21 - [MESSAGE][PASSED] - Object: 'Object Repository/SupplierFlow/nextButtonReqForm' is clicked on

2019-02-26 12:01:21 - [TEST_STEP][NOT_RUN] - Thread.sleep(3000): NOT_RUN: Thread.sleep(3000)

2019-02-26 12:01:21 - [MESSAGE][NOT_RUN] - NOT_RUN: Thread.sleep(3000)

2019-02-26 12:01:21 - [TEST_STEP][NOT_RUN] - click(findTestObject("SupplierFlow/bold")): NOT_RUN: click(findTestObject("SupplierFlow/bold"))

2019-02-26 12:01:21 - [MESSAGE][NOT_RUN] - NOT_RUN: click(findTestObject("SupplierFlow/bold"))

2019-02-26 12:01:21 - [TEST_STEP][NOT_RUN] - Thread.sleep(2000): NOT_RUN: Thread.sleep(2000)

2019-02-26 12:01:21 - [MESSAGE][NOT_RUN] - NOT_RUN: Thread.sleep(2000)

2019-02-26 12:01:21 - [TEST_STEP][NOT_RUN] - sendKeys(findTestObject("SupplierFlow/ackMessage"), "This is automatic acknowledment message."): NOT_RUN: sendKeys(findTestObject("SupplierFlow/ackMessage"), "This is automatic acknowledment message.")

2019-02-26 12:01:21 - [MESSAGE][NOT_RUN] - NOT_RUN: sendKeys(findTestObject("SupplierFlow/ackMessage"), "This is automatic acknowledment message.")

2019-02-26 12:01:21 - [TEST_STEP][PASSED] - Thread.sleep(2000): null

2019-02-26 12:01:23 - [TEST_STEP][PASSED] - click(findTestObject("SupplierFlow/nextButtonReqForm")): Object: 'Object Repository/SupplierFlow/nextButtonReqForm' is clicked on

2019-02-26 12:01:23 - [MESSAGE][PASSED] - Object: 'Object Repository/SupplierFlow/nextButtonReqForm' is clicked on

2019-02-26 12:01:23 - [TEST_STEP][PASSED] - Supplier.setACKTaskName(): Supplier.setACKTaskName is PASSED

2019-02-26 12:01:25 - [MESSAGE][PASSED] - Supplier.setACKTaskName is PASSED

2019-02-26 12:01:25 - [TEST_STEP][PASSED] - Thread.sleep(4000): null

2019-02-26 12:01:29 - [TEST_STEP][PASSED] - setText(findTestObject("SupplierFlow/setTaskName"), findTestData("SupplierData").getValue("ACKTask", 1)): Text 'TestACKTask_26/02/19-12:01' is set on object 'Object Repository/SupplierFlow/setTaskName'

2019-02-26 12:01:29 - [MESSAGE][PASSED] - Text 'TestACKTask_26/02/19-12:01' is set on object 'Object Repository/SupplierFlow/setTaskName'

2019-02-26 12:01:29 - [TEST_STEP][PASSED] - click(findTestObject("SupplierFlow/approvedBy")): Object: 'Object Repository/SupplierFlow/approvedBy' is clicked on

2019-02-26 12:01:30 - [MESSAGE][PASSED] - Object: 'Object Repository/SupplierFlow/approvedBy' is clicked on

2019-02-26 12:01:30 - [TEST_STEP][PASSED] - Thread.sleep(2000): null

2019-02-26 12:01:32 - [TEST_STEP][PASSED] - Supplier.selectWG(): Supplier.selectWG is PASSED

2019-02-26 12:01:34 - [MESSAGE][PASSED] - Supplier.selectWG is PASSED

2019-02-26 12:01:34 - [TEST_STEP][PASSED] - Thread.sleep(2000): null

2019-02-26 12:01:36 - [TEST_STEP][PASSED] - click(findTestObject("SupplierFlow/saveButtonTask")): Object: 'Object Repository/SupplierFlow/saveButtonTask' is clicked on

2019-02-26 12:01:36 - [MESSAGE][PASSED] - Object: 'Object Repository/SupplierFlow/saveButtonTask' is clicked on

2019-02-26 12:01:36 - [TEST_STEP][PASSED] - Thread.sleep(6000): null

2019-02-26 12:01:42 - [TEST_STEP][PASSED] - click(findTestObject("SupplierFlow/optionToSelectNewRequirement")): Object: 'Object Repository/SupplierFlow/optionToSelectNewRequirement' is clicked on

2019-02-26 12:01:42 - [MESSAGE][PASSED] - Object: 'Object Repository/SupplierFlow/optionToSelectNewRequirement' is clicked on

2019-02-26 12:01:42 - [TEST_STEP][PASSED] - Thread.sleep(2000): null

2019-02-26 12:01:44 - [TEST_STEP][PASSED] - click(findTestObject("SupplierFlow/selectCompleteForm")): Object: 'Object Repository/SupplierFlow/selectCompleteForm' is clicked on

2019-02-26 12:01:44 - [MESSAGE][PASSED] - Object: 'Object Repository/SupplierFlow/selectCompleteForm' is clicked on

2019-02-26 12:01:44 - [TEST_STEP][PASSED] - waitForElementNotPresent(findTestObject("SupplierFlow/testForm"), 45): Web element with id: 'Object Repository/SupplierFlow/testForm' located by 'By.xpath: //*[@id="scs-pp-acknowledgement-step-1-grid-container"]//tr[1]/td[2]' is not present after '45' second(s)

2019-02-26 12:01:44 - [MESSAGE][PASSED] - Web element with id: 'Object Repository/SupplierFlow/testForm' located by 'By.xpath: //*[@id="scs-pp-acknowledgement-step-1-grid-container"]//tr[1]/td[2]' is not present after '45' second(s)

2019-02-26 12:01:44 - [TEST_STEP][PASSED] - waitForElementClickable(findTestObject("SupplierFlow/testForm"), 45): Object 'Object Repository/SupplierFlow/testForm' is clickable

2019-02-26 12:01:49 - [MESSAGE][PASSED] - Object 'Object Repository/SupplierFlow/testForm' is clickable

2019-02-26 12:01:49 - [TEST_STEP][NOT_RUN] - check(findTestObject("SupplierFlow/selectForm")): NOT_RUN: check(findTestObject("SupplierFlow/selectForm"))

2019-02-26 12:01:49 - [MESSAGE][NOT_RUN] - NOT_RUN: check(findTestObject("SupplierFlow/selectForm"))

2019-02-26 12:01:49 - [TEST_STEP][PASSED] - Supplier.selectForm(): Supplier.selectForm is PASSED

2019-02-26 12:01:53 - [MESSAGE][PASSED] - Supplier.selectForm is PASSED

2019-02-26 12:01:53 - [TEST_STEP][PASSED] - Thread.sleep(2000): null

2019-02-26 12:01:55 - [TEST_STEP][PASSED] - click(findTestObject("SupplierFlow/nextButtonReqForm")): Object: 'Object Repository/SupplierFlow/nextButtonReqForm' is clicked on

2019-02-26 12:01:55 - [MESSAGE][PASSED] - Object: 'Object Repository/SupplierFlow/nextButtonReqForm' is clicked on

2019-02-26 12:01:55 - [TEST_STEP][PASSED] - Supplier.setFormTaskName(): Supplier.setFormTaskName is PASSED

2019-02-26 12:01:57 - [MESSAGE][PASSED] - Supplier.setFormTaskName is PASSED

2019-02-26 12:01:57 - [TEST_STEP][PASSED] - Thread.sleep(4000): null

2019-02-26 12:02:01 - [TEST_STEP][PASSED] - setText(findTestObject("SupplierFlow/setTaskName"), findTestData("SupplierData").getValue("FormTask", 1)): Text 'TestFormTask_26/02/19-12:01' is set on object 'Object Repository/SupplierFlow/setTaskName'

2019-02-26 12:02:02 - [MESSAGE][PASSED] - Text 'TestFormTask_26/02/19-12:01' is set on object 'Object Repository/SupplierFlow/setTaskName'

2019-02-26 12:02:02 - [TEST_STEP][PASSED] - click(findTestObject("SupplierFlow/approvedBy")): Object: 'Object Repository/SupplierFlow/approvedBy' is clicked on

2019-02-26 12:02:02 - [MESSAGE][PASSED] - Object: 'Object Repository/SupplierFlow/approvedBy' is clicked on

2019-02-26 12:02:02 - [TEST_STEP][PASSED] - Thread.sleep(2000): null

2019-02-26 12:02:04 - [TEST_STEP][PASSED] - Supplier.selectWG(): Supplier.selectWG is PASSED

2019-02-26 12:02:09 - [MESSAGE][PASSED] - Supplier.selectWG is PASSED

2019-02-26 12:02:09 - [TEST_STEP][PASSED] - Thread.sleep(2000): null

2019-02-26 12:02:11 - [TEST_STEP][PASSED] - click(findTestObject("SupplierFlow/saveButtonTask")): Object: 'Object Repository/SupplierFlow/saveButtonTask' is clicked on

2019-02-26 12:02:12 - [MESSAGE][PASSED] - Object: 'Object Repository/SupplierFlow/saveButtonTask' is clicked on

2019-02-26 12:02:12 - [TEST_STEP][PASSED] - AdminTool_Location.moveCursor(): AdminTool_Location.moveCursor is PASSED

2019-02-26 12:02:12 - [MESSAGE][PASSED] - AdminTool_Location.moveCursor is PASSED

2019-02-26 12:02:12 - [TEST_STEP][PASSED] - Thread.sleep(2000): null

2019-02-26 12:02:14 - [TEST_STEP][PASSED] - Thread.sleep(6000): null

2019-02-26 12:02:20 - [TEST_STEP][PASSED] - click(findTestObject("SupplierFlow/optionToSelectNewRequirement")): Object: 'Object Repository/SupplierFlow/optionToSelectNewRequirement' is clicked on

2019-02-26 12:02:20 - [MESSAGE][PASSED] - Object: 'Object Repository/SupplierFlow/optionToSelectNewRequirement' is clicked on

2019-02-26 12:02:20 - [TEST_STEP][PASSED] - Thread.sleep(2000): null

2019-02-26 12:02:22 - [TEST_STEP][PASSED] - click(findTestObject("SupplierFlow/selectDocumentUploadOption")): Object: 'Object Repository/SupplierFlow/selectDocumentUploadOption' is clicked on

2019-02-26 12:02:22 - [MESSAGE][PASSED] - Object: 'Object Repository/SupplierFlow/selectDocumentUploadOption' is clicked on

2019-02-26 12:02:22 - [TEST_STEP][PASSED] - waitForElementNotPresent(findTestObject("SupplierFlow/testDoc"), 45): Web element with id: 'Object Repository/SupplierFlow/testDoc' located by 'By.xpath: //*[@id="scs-pp-acknowledgement-step-1-grid-container"]//tr[1]/td[2]' is not present after '45' second(s)

2019-02-26 12:02:22 - [MESSAGE][PASSED] - Web element with id: 'Object Repository/SupplierFlow/testDoc' located by 'By.xpath: //*[@id="scs-pp-acknowledgement-step-1-grid-container"]//tr[1]/td[2]' is not present after '45' second(s)

2019-02-26 12:02:22 - [TEST_STEP][PASSED] - waitForElementClickable(findTestObject("SupplierFlow/testDoc"), 45): Object 'Object Repository/SupplierFlow/testDoc' is clickable

2019-02-26 12:02:25 - [MESSAGE][PASSED] - Object 'Object Repository/SupplierFlow/testDoc' is clickable

2019-02-26 12:02:25 - [TEST_STEP][PASSED] - Supplier.selectDocument(): Supplier.selectDocument is PASSED

2019-02-26 12:02:30 - [MESSAGE][PASSED] - Supplier.selectDocument is PASSED

2019-02-26 12:02:30 - [TEST_STEP][PASSED] - Thread.sleep(2000): null

2019-02-26 12:02:32 - [TEST_STEP][PASSED] - click(findTestObject("SupplierFlow/nextButtonReqForm")): Object: 'Object Repository/SupplierFlow/nextButtonReqForm' is clicked on

2019-02-26 12:02:32 - [MESSAGE][PASSED] - Object: 'Object Repository/SupplierFlow/nextButtonReqForm' is clicked on

2019-02-26 12:02:32 - [TEST_STEP][PASSED] - Supplier.setDocTaskName(): Supplier.setDocTaskName is PASSED

2019-02-26 12:02:34 - [MESSAGE][PASSED] - Supplier.setDocTaskName is PASSED

2019-02-26 12:02:34 - [TEST_STEP][PASSED] - Thread.sleep(4000): null

2019-02-26 12:02:38 - [TEST_STEP][PASSED] - setText(findTestObject("SupplierFlow/setTaskName"), findTestData("SupplierData").getValue("DocTask", 1)): Text 'TestDocTask_26/02/19-12:02' is set on object 'Object Repository/SupplierFlow/setTaskName'

2019-02-26 12:02:39 - [MESSAGE][PASSED] - Text 'TestDocTask_26/02/19-12:02' is set on object 'Object Repository/SupplierFlow/setTaskName'

2019-02-26 12:02:39 - [TEST_STEP][PASSED] - click(findTestObject("SupplierFlow/approvedBy")): Object: 'Object Repository/SupplierFlow/approvedBy' is clicked on

2019-02-26 12:02:39 - [MESSAGE][PASSED] - Object: 'Object Repository/SupplierFlow/approvedBy' is clicked on

2019-02-26 12:02:39 - [TEST_STEP][PASSED] - Thread.sleep(2000): null

2019-02-26 12:02:41 - [TEST_STEP][PASSED] - Supplier.selectWG(): Supplier.selectWG is PASSED

2019-02-26 12:02:50 - [MESSAGE][PASSED] - Supplier.selectWG is PASSED

2019-02-26 12:02:50 - [TEST_STEP][PASSED] - Thread.sleep(2000): null

2019-02-26 12:02:52 - [TEST_STEP][PASSED] - click(findTestObject("SupplierFlow/saveButtonTask")): Object: 'Object Repository/SupplierFlow/saveButtonTask' is clicked on

2019-02-26 12:02:52 - [MESSAGE][PASSED] - Object: 'Object Repository/SupplierFlow/saveButtonTask' is clicked on

2019-02-26 12:02:52 - [TEST_STEP][PASSED] - Thread.sleep(6000): null

2019-02-26 12:02:58 - [TEST_STEP][PASSED] - click(findTestObject("SupplierFlow/supplierTabInRequirement")): Object: 'Object Repository/SupplierFlow/supplierTabInRequirement' is clicked on

2019-02-26 12:02:58 - [MESSAGE][PASSED] - Object: 'Object Repository/SupplierFlow/supplierTabInRequirement' is clicked on

2019-02-26 12:02:58 - [TEST_STEP][PASSED] - Thread.sleep(4000): null

2019-02-26 12:03:02 - [TEST_STEP][PASSED] - click(findTestObject("SupplierFlow/selectNewSupplier")): Object: 'Object Repository/SupplierFlow/selectNewSupplier' is clicked on

2019-02-26 12:03:02 - [MESSAGE][PASSED] - Object: 'Object Repository/SupplierFlow/selectNewSupplier' is clicked on

2019-02-26 12:03:02 - [TEST_STEP][PASSED] - Thread.sleep(4000): null

2019-02-26 12:03:06 - [TEST_STEP][PASSED] - Supplier.selectNewSupplier(): Supplier.selectNewSupplier is PASSED

2019-02-26 12:03:12 - [MESSAGE][PASSED] - Supplier.selectNewSupplier is PASSED

2019-02-26 12:03:12 - [TEST_STEP][PASSED] - Thread.sleep(2000): null

2019-02-26 12:03:14 - [TEST_STEP][PASSED] - click(findTestObject("SupplierFlow/saveSupplierSelection")): Object: 'Object Repository/SupplierFlow/saveSupplierSelection' is clicked on

2019-02-26 12:03:15 - [MESSAGE][PASSED] - Object: 'Object Repository/SupplierFlow/saveSupplierSelection' is clicked on

2019-02-26 12:03:15 - [TEST_STEP][PASSED] - Thread.sleep(6000): null

2019-02-26 12:03:21 - [TEST_STEP][NOT_RUN] - click(findTestObject("TestUser/clickToCheck")): NOT_RUN: click(findTestObject("TestUser/clickToCheck"))

2019-02-26 12:03:21 - [MESSAGE][NOT_RUN] - NOT_RUN: click(findTestObject("TestUser/clickToCheck"))

2019-02-26 12:03:21 - [TEST_STEP][NOT_RUN] - Thread.sleep(2000): NOT_RUN: Thread.sleep(2000)

2019-02-26 12:03:21 - [MESSAGE][NOT_RUN] - NOT_RUN: Thread.sleep(2000)

2019-02-26 12:03:21 - [TEST_STEP][NOT_RUN] - click(findTestObject("TestUser/logoutUser")): NOT_RUN: click(findTestObject("TestUser/logoutUser"))

2019-02-26 12:03:21 - [MESSAGE][NOT_RUN] - NOT_RUN: click(findTestObject("TestUser/logoutUser"))

2019-02-26 12:03:21 - [TEST_STEP][NOT_RUN] - Thread.sleep(2000): NOT_RUN: Thread.sleep(2000)

2019-02-26 12:03:21 - [MESSAGE][NOT_RUN] - NOT_RUN: Thread.sleep(2000)]]></system-out>
         <system-err><![CDATA[]]></system-err>
      </testcase>
      <testcase name="Test Cases/SupplierFlow/6_2_CreateRequirement_Items" classname="Test Cases/SupplierFlow/6_2_CreateRequirement_Items" status="PASSED">
         <system-out><![CDATA[2019-02-26 12:03:21 - [TEST_CASE][PASSED] - Test Cases/SupplierFlow/6_2_CreateRequirement_Items: Test Cases/SupplierFlow/6_2_CreateRequirement_Items

2019-02-26 12:03:21 - [TEST_STEP][NOT_RUN] - openBrowser(URL): NOT_RUN: openBrowser(URL)

2019-02-26 12:03:21 - [MESSAGE][NOT_RUN] - NOT_RUN: openBrowser(URL)

2019-02-26 12:03:21 - [TEST_STEP][NOT_RUN] - maximizeWindow(): NOT_RUN: maximizeWindow()

2019-02-26 12:03:21 - [MESSAGE][NOT_RUN] - NOT_RUN: maximizeWindow()

2019-02-26 12:03:21 - [TEST_STEP][NOT_RUN] - setText(findTestObject("TestUserLocation/login_Username"), UserName1): NOT_RUN: setText(findTestObject("TestUserLocation/login_Username"), UserName1)

2019-02-26 12:03:21 - [MESSAGE][NOT_RUN] - NOT_RUN: setText(findTestObject("TestUserLocation/login_Username"), UserName1)

2019-02-26 12:03:21 - [TEST_STEP][NOT_RUN] - setText(findTestObject("TestUserLocation/login_Password"), Password1): NOT_RUN: setText(findTestObject("TestUserLocation/login_Password"), Password1)

2019-02-26 12:03:21 - [MESSAGE][NOT_RUN] - NOT_RUN: setText(findTestObject("TestUserLocation/login_Password"), Password1)

2019-02-26 12:03:21 - [TEST_STEP][PASSED] - Thread.sleep(2000): null

2019-02-26 12:03:23 - [TEST_STEP][PASSED] - Supplier.setItemName(): Supplier.setItemName is PASSED

2019-02-26 12:03:23 - [MESSAGE][PASSED] - Supplier.setItemName is PASSED

2019-02-26 12:03:23 - [TEST_STEP][NOT_RUN] - click(findTestObject("TestUserLocation/login_Button")): NOT_RUN: click(findTestObject("TestUserLocation/login_Button"))

2019-02-26 12:03:23 - [MESSAGE][NOT_RUN] - NOT_RUN: click(findTestObject("TestUserLocation/login_Button"))

2019-02-26 12:03:23 - [TEST_STEP][PASSED] - Thread.sleep(6000): null

2019-02-26 12:03:29 - [TEST_STEP][NOT_RUN] - Thread.sleep(4000): NOT_RUN: Thread.sleep(4000)

2019-02-26 12:03:29 - [MESSAGE][NOT_RUN] - NOT_RUN: Thread.sleep(4000)

2019-02-26 12:03:29 - [TEST_STEP][PASSED] - click(findTestObject("TestUserLocation/mainmenu_button")): Object: 'Object Repository/TestUserLocation/mainmenu_button' is clicked on

2019-02-26 12:03:29 - [MESSAGE][PASSED] - Object: 'Object Repository/TestUserLocation/mainmenu_button' is clicked on

2019-02-26 12:03:29 - [TEST_STEP][NOT_RUN] - click(findTestObject("Form_Selection_Creation/mainMenu_AdminTools")): NOT_RUN: click(findTestObject("Form_Selection_Creation/mainMenu_AdminTools"))

2019-02-26 12:03:29 - [MESSAGE][NOT_RUN] - NOT_RUN: click(findTestObject("Form_Selection_Creation/mainMenu_AdminTools"))

2019-02-26 12:03:29 - [TEST_STEP][PASSED] - Thread.sleep(2000): null

2019-02-26 12:03:31 - [TEST_STEP][PASSED] - click(findTestObject("SupplierFlow/requirements")): Object: 'Object Repository/SupplierFlow/requirements' is clicked on

2019-02-26 12:03:31 - [MESSAGE][PASSED] - Object: 'Object Repository/SupplierFlow/requirements' is clicked on

2019-02-26 12:03:31 - [TEST_STEP][PASSED] - Thread.sleep(4000): null

2019-02-26 12:03:35 - [TEST_STEP][PASSED] - click(findTestObject("SupplierFlow/openReqOptions")): Object: 'Object Repository/SupplierFlow/openReqOptions' is clicked on

2019-02-26 12:03:35 - [MESSAGE][PASSED] - Object: 'Object Repository/SupplierFlow/openReqOptions' is clicked on

2019-02-26 12:03:35 - [TEST_STEP][PASSED] - Thread.sleep(2000): null

2019-02-26 12:03:37 - [TEST_STEP][PASSED] - click(findTestObject("SupplierFlow/selectItemOption")): Object: 'Object Repository/SupplierFlow/selectItemOption' is clicked on

2019-02-26 12:03:39 - [MESSAGE][PASSED] - Object: 'Object Repository/SupplierFlow/selectItemOption' is clicked on

2019-02-26 12:03:39 - [TEST_STEP][PASSED] - Thread.sleep(2000): null

2019-02-26 12:03:41 - [TEST_STEP][PASSED] - click(findTestObject("SupplierFlow/addSupplierPlus")): Object: 'Object Repository/SupplierFlow/addSupplierPlus' is clicked on

2019-02-26 12:03:41 - [MESSAGE][PASSED] - Object: 'Object Repository/SupplierFlow/addSupplierPlus' is clicked on

2019-02-26 12:03:41 - [TEST_STEP][PASSED] - Thread.sleep(2000): null

2019-02-26 12:03:43 - [TEST_STEP][PASSED] - setText(findTestObject("SupplierFlow/setSupplierInRequirement"), findTestData("SupplierData").getValue("ItemName", 1)): Text 'ItemReq_26/02/19-12:03' is set on object 'Object Repository/SupplierFlow/setSupplierInRequirement'

2019-02-26 12:03:45 - [MESSAGE][PASSED] - Text 'ItemReq_26/02/19-12:03' is set on object 'Object Repository/SupplierFlow/setSupplierInRequirement'

2019-02-26 12:03:45 - [TEST_STEP][PASSED] - sendKeys(findTestObject("SupplierFlow/setSupplierInRequirement"), Keys.chord(ENTER)): Keys 'ENTER + ' sent to object: 'Object Repository/SupplierFlow/setSupplierInRequirement'

2019-02-26 12:03:45 - [MESSAGE][PASSED] - Keys 'ENTER + ' sent to object: 'Object Repository/SupplierFlow/setSupplierInRequirement'

2019-02-26 12:03:45 - [TEST_STEP][PASSED] - Thread.sleep(4000): null

2019-02-26 12:03:49 - [TEST_STEP][PASSED] - click(findTestObject("SupplierFlow/optionToSelectNewRequirement")): Object: 'Object Repository/SupplierFlow/optionToSelectNewRequirement' is clicked on

2019-02-26 12:03:49 - [MESSAGE][PASSED] - Object: 'Object Repository/SupplierFlow/optionToSelectNewRequirement' is clicked on

2019-02-26 12:03:49 - [TEST_STEP][PASSED] - Thread.sleep(2000): null

2019-02-26 12:03:51 - [TEST_STEP][PASSED] - click(findTestObject("SupplierFlow/selectAckOption")): Object: 'Object Repository/SupplierFlow/selectAckOption' is clicked on

2019-02-26 12:03:51 - [MESSAGE][PASSED] - Object: 'Object Repository/SupplierFlow/selectAckOption' is clicked on

2019-02-26 12:03:51 - [TEST_STEP][PASSED] - waitForElementNotPresent(findTestObject("SupplierFlow/testACK"), 45): Web element with id: 'Object Repository/SupplierFlow/testACK' located by 'By.xpath: //*[@id="scs-pp-acknowledgement-step-1-grid-container"]//tr[1]/td[3]' is not present after '45' second(s)

2019-02-26 12:03:51 - [MESSAGE][PASSED] - Web element with id: 'Object Repository/SupplierFlow/testACK' located by 'By.xpath: //*[@id="scs-pp-acknowledgement-step-1-grid-container"]//tr[1]/td[3]' is not present after '45' second(s)

2019-02-26 12:03:51 - [TEST_STEP][PASSED] - waitForElementClickable(findTestObject("SupplierFlow/testACK"), 45): Object 'Object Repository/SupplierFlow/testACK' is clickable

2019-02-26 12:03:55 - [MESSAGE][PASSED] - Object 'Object Repository/SupplierFlow/testACK' is clickable

2019-02-26 12:03:55 - [TEST_STEP][PASSED] - Supplier.selectACK(): Supplier.selectACK is PASSED

2019-02-26 12:03:59 - [MESSAGE][PASSED] - Supplier.selectACK is PASSED

2019-02-26 12:03:59 - [TEST_STEP][PASSED] - Thread.sleep(2000): null

2019-02-26 12:04:01 - [TEST_STEP][PASSED] - click(findTestObject("SupplierFlow/nextButtonReqForm")): Object: 'Object Repository/SupplierFlow/nextButtonReqForm' is clicked on

2019-02-26 12:04:01 - [MESSAGE][PASSED] - Object: 'Object Repository/SupplierFlow/nextButtonReqForm' is clicked on

2019-02-26 12:04:01 - [TEST_STEP][NOT_RUN] - Thread.sleep(3000): NOT_RUN: Thread.sleep(3000)

2019-02-26 12:04:01 - [MESSAGE][NOT_RUN] - NOT_RUN: Thread.sleep(3000)

2019-02-26 12:04:01 - [TEST_STEP][NOT_RUN] - click(findTestObject("SupplierFlow/bold")): NOT_RUN: click(findTestObject("SupplierFlow/bold"))

2019-02-26 12:04:01 - [MESSAGE][NOT_RUN] - NOT_RUN: click(findTestObject("SupplierFlow/bold"))

2019-02-26 12:04:01 - [TEST_STEP][NOT_RUN] - Thread.sleep(2000): NOT_RUN: Thread.sleep(2000)

2019-02-26 12:04:01 - [MESSAGE][NOT_RUN] - NOT_RUN: Thread.sleep(2000)

2019-02-26 12:04:01 - [TEST_STEP][NOT_RUN] - sendKeys(findTestObject("SupplierFlow/ackMessage"), "This is automatic acknowledment message."): NOT_RUN: sendKeys(findTestObject("SupplierFlow/ackMessage"), "This is automatic acknowledment message.")

2019-02-26 12:04:01 - [MESSAGE][NOT_RUN] - NOT_RUN: sendKeys(findTestObject("SupplierFlow/ackMessage"), "This is automatic acknowledment message.")

2019-02-26 12:04:01 - [TEST_STEP][PASSED] - Thread.sleep(2000): null

2019-02-26 12:04:03 - [TEST_STEP][PASSED] - click(findTestObject("SupplierFlow/nextButtonReqForm")): Object: 'Object Repository/SupplierFlow/nextButtonReqForm' is clicked on

2019-02-26 12:04:03 - [MESSAGE][PASSED] - Object: 'Object Repository/SupplierFlow/nextButtonReqForm' is clicked on

2019-02-26 12:04:03 - [TEST_STEP][PASSED] - Supplier.setACKTaskName1(): Supplier.setACKTaskName1 is PASSED

2019-02-26 12:04:05 - [MESSAGE][PASSED] - Supplier.setACKTaskName1 is PASSED

2019-02-26 12:04:05 - [TEST_STEP][PASSED] - Thread.sleep(4000): null

2019-02-26 12:04:09 - [TEST_STEP][PASSED] - setText(findTestObject("SupplierFlow/setTaskName"), findTestData("SupplierData").getValue("ACKTask1", 1)): Text 'TestACKTask_26/02/19-12:04' is set on object 'Object Repository/SupplierFlow/setTaskName'

2019-02-26 12:04:10 - [MESSAGE][PASSED] - Text 'TestACKTask_26/02/19-12:04' is set on object 'Object Repository/SupplierFlow/setTaskName'

2019-02-26 12:04:10 - [TEST_STEP][PASSED] - click(findTestObject("SupplierFlow/approvedBy")): Object: 'Object Repository/SupplierFlow/approvedBy' is clicked on

2019-02-26 12:04:11 - [MESSAGE][PASSED] - Object: 'Object Repository/SupplierFlow/approvedBy' is clicked on

2019-02-26 12:04:11 - [TEST_STEP][PASSED] - Thread.sleep(2000): null

2019-02-26 12:04:13 - [TEST_STEP][PASSED] - Supplier.selectWG(): Supplier.selectWG is PASSED

2019-02-26 12:04:25 - [MESSAGE][PASSED] - Supplier.selectWG is PASSED

2019-02-26 12:04:25 - [TEST_STEP][PASSED] - Thread.sleep(2000): null

2019-02-26 12:04:27 - [TEST_STEP][PASSED] - click(findTestObject("SupplierFlow/saveButtonTask")): Object: 'Object Repository/SupplierFlow/saveButtonTask' is clicked on

2019-02-26 12:04:27 - [MESSAGE][PASSED] - Object: 'Object Repository/SupplierFlow/saveButtonTask' is clicked on

2019-02-26 12:04:27 - [TEST_STEP][PASSED] - Thread.sleep(6000): null

2019-02-26 12:04:33 - [TEST_STEP][PASSED] - click(findTestObject("SupplierFlow/optionToSelectNewRequirement")): Object: 'Object Repository/SupplierFlow/optionToSelectNewRequirement' is clicked on

2019-02-26 12:04:33 - [MESSAGE][PASSED] - Object: 'Object Repository/SupplierFlow/optionToSelectNewRequirement' is clicked on

2019-02-26 12:04:33 - [TEST_STEP][PASSED] - Thread.sleep(2000): null

2019-02-26 12:04:35 - [TEST_STEP][PASSED] - click(findTestObject("SupplierFlow/selectCompleteForm")): Object: 'Object Repository/SupplierFlow/selectCompleteForm' is clicked on

2019-02-26 12:04:35 - [MESSAGE][PASSED] - Object: 'Object Repository/SupplierFlow/selectCompleteForm' is clicked on

2019-02-26 12:04:35 - [TEST_STEP][PASSED] - waitForElementNotPresent(findTestObject("SupplierFlow/testForm"), 45): Web element with id: 'Object Repository/SupplierFlow/testForm' located by 'By.xpath: //*[@id="scs-pp-acknowledgement-step-1-grid-container"]//tr[1]/td[2]' is not present after '45' second(s)

2019-02-26 12:04:35 - [MESSAGE][PASSED] - Web element with id: 'Object Repository/SupplierFlow/testForm' located by 'By.xpath: //*[@id="scs-pp-acknowledgement-step-1-grid-container"]//tr[1]/td[2]' is not present after '45' second(s)

2019-02-26 12:04:35 - [TEST_STEP][PASSED] - waitForElementClickable(findTestObject("SupplierFlow/testForm"), 45): Object 'Object Repository/SupplierFlow/testForm' is clickable

2019-02-26 12:04:40 - [MESSAGE][PASSED] - Object 'Object Repository/SupplierFlow/testForm' is clickable

2019-02-26 12:04:40 - [TEST_STEP][NOT_RUN] - check(findTestObject("SupplierFlow/selectForm")): NOT_RUN: check(findTestObject("SupplierFlow/selectForm"))

2019-02-26 12:04:40 - [MESSAGE][NOT_RUN] - NOT_RUN: check(findTestObject("SupplierFlow/selectForm"))

2019-02-26 12:04:40 - [TEST_STEP][PASSED] - Supplier.selectForm(): Supplier.selectForm is PASSED

2019-02-26 12:04:44 - [MESSAGE][PASSED] - Supplier.selectForm is PASSED

2019-02-26 12:04:44 - [TEST_STEP][PASSED] - Thread.sleep(2000): null

2019-02-26 12:04:46 - [TEST_STEP][PASSED] - click(findTestObject("SupplierFlow/nextButtonReqForm")): Object: 'Object Repository/SupplierFlow/nextButtonReqForm' is clicked on

2019-02-26 12:04:46 - [MESSAGE][PASSED] - Object: 'Object Repository/SupplierFlow/nextButtonReqForm' is clicked on

2019-02-26 12:04:46 - [TEST_STEP][PASSED] - Supplier.setFormTaskName1(): Supplier.setFormTaskName1 is PASSED

2019-02-26 12:04:48 - [MESSAGE][PASSED] - Supplier.setFormTaskName1 is PASSED

2019-02-26 12:04:48 - [TEST_STEP][PASSED] - Thread.sleep(4000): null

2019-02-26 12:04:52 - [TEST_STEP][PASSED] - setText(findTestObject("SupplierFlow/setTaskName"), findTestData("SupplierData").getValue("FormTask1", 1)): Text 'TestFormTask_26/02/19-12:04' is set on object 'Object Repository/SupplierFlow/setTaskName'

2019-02-26 12:04:53 - [MESSAGE][PASSED] - Text 'TestFormTask_26/02/19-12:04' is set on object 'Object Repository/SupplierFlow/setTaskName'

2019-02-26 12:04:53 - [TEST_STEP][PASSED] - click(findTestObject("SupplierFlow/approvedBy")): Object: 'Object Repository/SupplierFlow/approvedBy' is clicked on

2019-02-26 12:04:54 - [MESSAGE][PASSED] - Object: 'Object Repository/SupplierFlow/approvedBy' is clicked on

2019-02-26 12:04:54 - [TEST_STEP][PASSED] - Thread.sleep(2000): null

2019-02-26 12:04:56 - [TEST_STEP][PASSED] - Supplier.selectWG(): Supplier.selectWG is PASSED

2019-02-26 12:05:10 - [MESSAGE][PASSED] - Supplier.selectWG is PASSED

2019-02-26 12:05:10 - [TEST_STEP][PASSED] - Thread.sleep(2000): null

2019-02-26 12:05:12 - [TEST_STEP][PASSED] - click(findTestObject("SupplierFlow/saveButtonTask")): Object: 'Object Repository/SupplierFlow/saveButtonTask' is clicked on

2019-02-26 12:05:12 - [MESSAGE][PASSED] - Object: 'Object Repository/SupplierFlow/saveButtonTask' is clicked on

2019-02-26 12:05:12 - [TEST_STEP][PASSED] - AdminTool_Location.moveCursor(): AdminTool_Location.moveCursor is PASSED

2019-02-26 12:05:12 - [MESSAGE][PASSED] - AdminTool_Location.moveCursor is PASSED

2019-02-26 12:05:12 - [TEST_STEP][PASSED] - Thread.sleep(2000): null

2019-02-26 12:05:14 - [TEST_STEP][PASSED] - Thread.sleep(6000): null

2019-02-26 12:05:20 - [TEST_STEP][PASSED] - click(findTestObject("SupplierFlow/optionToSelectNewRequirement")): Object: 'Object Repository/SupplierFlow/optionToSelectNewRequirement' is clicked on

2019-02-26 12:05:20 - [MESSAGE][PASSED] - Object: 'Object Repository/SupplierFlow/optionToSelectNewRequirement' is clicked on

2019-02-26 12:05:20 - [TEST_STEP][PASSED] - Thread.sleep(2000): null

2019-02-26 12:05:22 - [TEST_STEP][PASSED] - click(findTestObject("SupplierFlow/selectDocumentUploadOption")): Object: 'Object Repository/SupplierFlow/selectDocumentUploadOption' is clicked on

2019-02-26 12:05:23 - [MESSAGE][PASSED] - Object: 'Object Repository/SupplierFlow/selectDocumentUploadOption' is clicked on

2019-02-26 12:05:23 - [TEST_STEP][PASSED] - waitForElementNotPresent(findTestObject("SupplierFlow/testDoc"), 45): Web element with id: 'Object Repository/SupplierFlow/testDoc' located by 'By.xpath: //*[@id="scs-pp-acknowledgement-step-1-grid-container"]//tr[1]/td[2]' is not present after '45' second(s)

2019-02-26 12:05:23 - [MESSAGE][PASSED] - Web element with id: 'Object Repository/SupplierFlow/testDoc' located by 'By.xpath: //*[@id="scs-pp-acknowledgement-step-1-grid-container"]//tr[1]/td[2]' is not present after '45' second(s)

2019-02-26 12:05:23 - [TEST_STEP][PASSED] - waitForElementClickable(findTestObject("SupplierFlow/testDoc"), 45): Object 'Object Repository/SupplierFlow/testDoc' is clickable

2019-02-26 12:05:27 - [MESSAGE][PASSED] - Object 'Object Repository/SupplierFlow/testDoc' is clickable

2019-02-26 12:05:27 - [TEST_STEP][PASSED] - Supplier.selectDocument(): Supplier.selectDocument is PASSED

2019-02-26 12:05:31 - [MESSAGE][PASSED] - Supplier.selectDocument is PASSED

2019-02-26 12:05:31 - [TEST_STEP][PASSED] - Thread.sleep(2000): null

2019-02-26 12:05:33 - [TEST_STEP][PASSED] - click(findTestObject("SupplierFlow/nextButtonReqForm")): Object: 'Object Repository/SupplierFlow/nextButtonReqForm' is clicked on

2019-02-26 12:05:34 - [MESSAGE][PASSED] - Object: 'Object Repository/SupplierFlow/nextButtonReqForm' is clicked on

2019-02-26 12:05:34 - [TEST_STEP][PASSED] - Supplier.setDocTaskName1(): Supplier.setDocTaskName1 is PASSED

2019-02-26 12:05:36 - [MESSAGE][PASSED] - Supplier.setDocTaskName1 is PASSED

2019-02-26 12:05:36 - [TEST_STEP][PASSED] - Thread.sleep(4000): null

2019-02-26 12:05:40 - [TEST_STEP][PASSED] - setText(findTestObject("SupplierFlow/setTaskName"), findTestData("SupplierData").getValue("DocTask1", 1)): Text 'TestDocTask_26/02/19-12:05' is set on object 'Object Repository/SupplierFlow/setTaskName'

2019-02-26 12:05:41 - [MESSAGE][PASSED] - Text 'TestDocTask_26/02/19-12:05' is set on object 'Object Repository/SupplierFlow/setTaskName'

2019-02-26 12:05:41 - [TEST_STEP][PASSED] - click(findTestObject("SupplierFlow/approvedBy")): Object: 'Object Repository/SupplierFlow/approvedBy' is clicked on

2019-02-26 12:05:41 - [MESSAGE][PASSED] - Object: 'Object Repository/SupplierFlow/approvedBy' is clicked on

2019-02-26 12:05:41 - [TEST_STEP][PASSED] - Thread.sleep(2000): null

2019-02-26 12:05:43 - [TEST_STEP][PASSED] - Supplier.selectWG(): Supplier.selectWG is PASSED

2019-02-26 12:06:01 - [MESSAGE][PASSED] - Supplier.selectWG is PASSED

2019-02-26 12:06:01 - [TEST_STEP][PASSED] - Thread.sleep(2000): null

2019-02-26 12:06:03 - [TEST_STEP][PASSED] - click(findTestObject("SupplierFlow/saveButtonTask")): Object: 'Object Repository/SupplierFlow/saveButtonTask' is clicked on

2019-02-26 12:06:03 - [MESSAGE][PASSED] - Object: 'Object Repository/SupplierFlow/saveButtonTask' is clicked on

2019-02-26 12:06:03 - [TEST_STEP][PASSED] - Thread.sleep(6000): null

2019-02-26 12:06:09 - [TEST_STEP][PASSED] - click(findTestObject("SupplierFlow/itemsTabInReq")): Object: 'Object Repository/SupplierFlow/itemsTabInReq' is clicked on

2019-02-26 12:06:10 - [MESSAGE][PASSED] - Object: 'Object Repository/SupplierFlow/itemsTabInReq' is clicked on

2019-02-26 12:06:10 - [TEST_STEP][PASSED] - Thread.sleep(4000): null

2019-02-26 12:06:14 - [TEST_STEP][PASSED] - click(findTestObject("SupplierFlow/selectNewSupplier")): Object: 'Object Repository/SupplierFlow/selectNewSupplier' is clicked on

2019-02-26 12:06:14 - [MESSAGE][PASSED] - Object: 'Object Repository/SupplierFlow/selectNewSupplier' is clicked on

2019-02-26 12:06:14 - [TEST_STEP][PASSED] - Thread.sleep(4000): null

2019-02-26 12:06:18 - [TEST_STEP][PASSED] - Supplier.selectNewItem(): Supplier.selectNewItem is PASSED

2019-02-26 12:06:23 - [MESSAGE][PASSED] - Supplier.selectNewItem is PASSED

2019-02-26 12:06:23 - [TEST_STEP][PASSED] - Thread.sleep(2000): null

2019-02-26 12:06:25 - [TEST_STEP][PASSED] - click(findTestObject("SupplierFlow/saveSupplierSelection")): Object: 'Object Repository/SupplierFlow/saveSupplierSelection' is clicked on

2019-02-26 12:06:25 - [MESSAGE][PASSED] - Object: 'Object Repository/SupplierFlow/saveSupplierSelection' is clicked on

2019-02-26 12:06:25 - [TEST_STEP][PASSED] - Thread.sleep(6000): null

2019-02-26 12:06:31 - [TEST_STEP][PASSED] - click(findTestObject("TestUser/clickToCheck")): Object: 'Object Repository/TestUser/clickToCheck' is clicked on

2019-02-26 12:06:36 - [MESSAGE][PASSED] - Object: 'Object Repository/TestUser/clickToCheck' is clicked on

2019-02-26 12:06:36 - [TEST_STEP][PASSED] - Thread.sleep(2000): null

2019-02-26 12:06:38 - [TEST_STEP][PASSED] - click(findTestObject("TestUser/logoutUser")): Object: 'Object Repository/TestUser/logoutUser' is clicked on

2019-02-26 12:06:43 - [MESSAGE][PASSED] - Object: 'Object Repository/TestUser/logoutUser' is clicked on

2019-02-26 12:06:43 - [TEST_STEP][PASSED] - Thread.sleep(2000): null]]></system-out>
         <system-err><![CDATA[]]></system-err>
      </testcase>
      <testcase name="Test Cases/SupplierFlow/7_SupplierFirstLogin" classname="Test Cases/SupplierFlow/7_SupplierFirstLogin" status="PASSED">
         <system-out><![CDATA[2019-02-26 12:06:45 - [TEST_CASE][PASSED] - Test Cases/SupplierFlow/7_SupplierFirstLogin: Test Cases/SupplierFlow/7_SupplierFirstLogin

2019-02-26 12:06:45 - [TEST_STEP][NOT_RUN] - openBrowser(URL): NOT_RUN: openBrowser(URL)

2019-02-26 12:06:45 - [MESSAGE][NOT_RUN] - NOT_RUN: openBrowser(URL)

2019-02-26 12:06:45 - [TEST_STEP][NOT_RUN] - Thread.sleep(2000): NOT_RUN: Thread.sleep(2000)

2019-02-26 12:06:45 - [MESSAGE][NOT_RUN] - NOT_RUN: Thread.sleep(2000)

2019-02-26 12:06:45 - [TEST_STEP][NOT_RUN] - maximizeWindow(): NOT_RUN: maximizeWindow()

2019-02-26 12:06:45 - [MESSAGE][NOT_RUN] - NOT_RUN: maximizeWindow()

2019-02-26 12:06:45 - [TEST_STEP][PASSED] - Thread.sleep(2000): null

2019-02-26 12:06:47 - [TEST_STEP][PASSED] - driver = getWebDriver(): null

2019-02-26 12:06:47 - [TEST_STEP][PASSED] - setText(findTestObject("TestUserLocation/login_Username"), findTestData("SupplierData").getValue("UserName", 1)): Text 'Supplier_26/02/19-12:00' is set on object 'Object Repository/TestUserLocation/login_Username'

2019-02-26 12:06:47 - [MESSAGE][PASSED] - Text 'Supplier_26/02/19-12:00' is set on object 'Object Repository/TestUserLocation/login_Username'

2019-02-26 12:06:47 - [TEST_STEP][PASSED] - setText(findTestObject("TestUserLocation/login_Password"), findTestData("SupplierData").getValue("Password", 1)): Text 'password' is set on object 'Object Repository/TestUserLocation/login_Password'

2019-02-26 12:06:47 - [MESSAGE][PASSED] - Text 'password' is set on object 'Object Repository/TestUserLocation/login_Password'

2019-02-26 12:06:47 - [TEST_STEP][PASSED] - Thread.sleep(2000): null

2019-02-26 12:06:49 - [TEST_STEP][PASSED] - click(findTestObject("TestUserLocation/login_Button")): Object: 'Object Repository/TestUserLocation/login_Button' is clicked on

2019-02-26 12:06:50 - [MESSAGE][PASSED] - Object: 'Object Repository/TestUserLocation/login_Button' is clicked on

2019-02-26 12:06:50 - [TEST_STEP][PASSED] - Thread.sleep(6000): null

2019-02-26 12:06:56 - [TEST_STEP][PASSED] - setText(findTestObject("TestUser/newPassword"), findTestData("SupplierData").getValue("NewPassword", 1)): Text 'password@123#' is set on object 'Object Repository/TestUser/newPassword'

2019-02-26 12:06:56 - [MESSAGE][PASSED] - Text 'password@123#' is set on object 'Object Repository/TestUser/newPassword'

2019-02-26 12:06:56 - [TEST_STEP][PASSED] - setText(findTestObject("TestUser/confirmPassword"), findTestData("SupplierData").getValue("NewPassword", 1)): Text 'password@123#' is set on object 'Object Repository/TestUser/confirmPassword'

2019-02-26 12:06:57 - [MESSAGE][PASSED] - Text 'password@123#' is set on object 'Object Repository/TestUser/confirmPassword'

2019-02-26 12:06:57 - [TEST_STEP][PASSED] - Thread.sleep(2000): null

2019-02-26 12:06:59 - [TEST_STEP][PASSED] - click(findTestObject("TestUser/createPasswordButton")): Object: 'Object Repository/TestUser/createPasswordButton' is clicked on

2019-02-26 12:06:59 - [MESSAGE][PASSED] - Object: 'Object Repository/TestUser/createPasswordButton' is clicked on

2019-02-26 12:06:59 - [TEST_STEP][PASSED] - Thread.sleep(4000): null

2019-02-26 12:07:03 - [TEST_STEP][PASSED] - setText(findTestObject("TestUserLocation/login_Username"), findTestData("SupplierData").getValue("UserName", 1)): Text 'Supplier_26/02/19-12:00' is set on object 'Object Repository/TestUserLocation/login_Username'

2019-02-26 12:07:03 - [MESSAGE][PASSED] - Text 'Supplier_26/02/19-12:00' is set on object 'Object Repository/TestUserLocation/login_Username'

2019-02-26 12:07:03 - [TEST_STEP][PASSED] - setText(findTestObject("TestUserLocation/login_Password"), findTestData("SupplierData").getValue("NewPassword", 1)): Text 'password@123#' is set on object 'Object Repository/TestUserLocation/login_Password'

2019-02-26 12:07:04 - [MESSAGE][PASSED] - Text 'password@123#' is set on object 'Object Repository/TestUserLocation/login_Password'

2019-02-26 12:07:04 - [TEST_STEP][PASSED] - Thread.sleep(2000): null

2019-02-26 12:07:06 - [TEST_STEP][PASSED] - click(findTestObject("TestUserLocation/login_Button")): Object: 'Object Repository/TestUserLocation/login_Button' is clicked on

2019-02-26 12:07:08 - [MESSAGE][PASSED] - Object: 'Object Repository/TestUserLocation/login_Button' is clicked on

2019-02-26 12:07:08 - [TEST_STEP][PASSED] - Thread.sleep(6000): null

2019-02-26 12:07:14 - [TEST_STEP][PASSED] - AdminTool_Location.moveCursor(): AdminTool_Location.moveCursor is PASSED

2019-02-26 12:07:14 - [MESSAGE][PASSED] - AdminTool_Location.moveCursor is PASSED

2019-02-26 12:07:14 - [TEST_STEP][PASSED] - Thread.sleep(2000): null

2019-02-26 12:07:16 - [TEST_STEP][PASSED] - Submission.supplierPortalSubmission(): Submission.supplierPortalSubmission is PASSED

2019-02-26 12:11:16 - [MESSAGE][PASSED] - Submission.supplierPortalSubmission is PASSED

2019-02-26 12:11:16 - [TEST_STEP][NOT_RUN] - Supplier.selectSupplierTask(): NOT_RUN: Supplier.selectSupplierTask()

2019-02-26 12:11:16 - [MESSAGE][NOT_RUN] - NOT_RUN: Supplier.selectSupplierTask()

2019-02-26 12:11:16 - [TEST_STEP][PASSED] - waitForElementClickable(findTestObject("TestUser/clickToCheck"), 45): Object 'Object Repository/TestUser/clickToCheck' is clickable

2019-02-26 12:11:16 - [MESSAGE][PASSED] - Object 'Object Repository/TestUser/clickToCheck' is clickable

2019-02-26 12:11:16 - [TEST_STEP][PASSED] - click(findTestObject("TestUser/clickToCheck")): Object: 'Object Repository/TestUser/clickToCheck' is clicked on

2019-02-26 12:11:16 - [MESSAGE][PASSED] - Object: 'Object Repository/TestUser/clickToCheck' is clicked on

2019-02-26 12:11:16 - [TEST_STEP][PASSED] - Thread.sleep(2000): null

2019-02-26 12:11:18 - [TEST_STEP][PASSED] - click(findTestObject("TestUser/logoutUser")): Object: 'Object Repository/TestUser/logoutUser' is clicked on

2019-02-26 12:11:20 - [MESSAGE][PASSED] - Object: 'Object Repository/TestUser/logoutUser' is clicked on

2019-02-26 12:11:20 - [TEST_STEP][PASSED] - Thread.sleep(2000): null]]></system-out>
         <system-err><![CDATA[]]></system-err>
      </testcase>
      <testcase name="Test Cases/SupplierFlow/8_RejectFromInbox" classname="Test Cases/SupplierFlow/8_RejectFromInbox" status="PASSED">
         <system-out><![CDATA[2019-02-26 12:11:22 - [TEST_CASE][PASSED] - Test Cases/SupplierFlow/8_RejectFromInbox: Test Cases/SupplierFlow/8_RejectFromInbox

2019-02-26 12:11:23 - [TEST_STEP][NOT_RUN] - openBrowser(URL): NOT_RUN: openBrowser(URL)

2019-02-26 12:11:23 - [MESSAGE][NOT_RUN] - NOT_RUN: openBrowser(URL)

2019-02-26 12:11:23 - [TEST_STEP][NOT_RUN] - maximizeWindow(): NOT_RUN: maximizeWindow()

2019-02-26 12:11:23 - [MESSAGE][NOT_RUN] - NOT_RUN: maximizeWindow()

2019-02-26 12:11:23 - [TEST_STEP][PASSED] - setText(findTestObject("Form_Selection_Creation/login_Username"), UserName): Text 'tester' is set on object 'Object Repository/Form_Selection_Creation/login_Username'

2019-02-26 12:11:23 - [MESSAGE][PASSED] - Text 'tester' is set on object 'Object Repository/Form_Selection_Creation/login_Username'

2019-02-26 12:11:23 - [TEST_STEP][PASSED] - setText(findTestObject("Form_Selection_Creation/login_Password"), Password): Text 'TestSt@ge' is set on object 'Object Repository/Form_Selection_Creation/login_Password'

2019-02-26 12:11:23 - [MESSAGE][PASSED] - Text 'TestSt@ge' is set on object 'Object Repository/Form_Selection_Creation/login_Password'

2019-02-26 12:11:23 - [TEST_STEP][PASSED] - click(findTestObject("Form_Selection_Creation/login_Button")): Object: 'Object Repository/Form_Selection_Creation/login_Button' is clicked on

2019-02-26 12:11:24 - [MESSAGE][PASSED] - Object: 'Object Repository/Form_Selection_Creation/login_Button' is clicked on

2019-02-26 12:11:24 - [TEST_STEP][PASSED] - Thread.sleep(4000): null

2019-02-26 12:11:28 - [TEST_STEP][PASSED] - click(findTestObject("Form_Selection_Creation/mainMenu_Button")): Object: 'Object Repository/Form_Selection_Creation/mainMenu_Button' is clicked on

2019-02-26 12:11:29 - [MESSAGE][PASSED] - Object: 'Object Repository/Form_Selection_Creation/mainMenu_Button' is clicked on

2019-02-26 12:11:29 - [TEST_STEP][PASSED] - click(findTestObject("SupplierFlow/inbox")): Object: 'Object Repository/SupplierFlow/inbox' is clicked on

2019-02-26 12:11:29 - [MESSAGE][PASSED] - Object: 'Object Repository/SupplierFlow/inbox' is clicked on

2019-02-26 12:11:29 - [TEST_STEP][PASSED] - Thread.sleep(6000): null

2019-02-26 12:11:35 - [TEST_STEP][PASSED] - setText(findTestObject("SupplierFlow/searchTaskInInbox"), findTestData("SupplierData").getValue("FormTask", 1)): Text 'TestFormTask_26/02/19-12:01' is set on object 'Object Repository/SupplierFlow/searchTaskInInbox'

2019-02-26 12:11:36 - [MESSAGE][PASSED] - Text 'TestFormTask_26/02/19-12:01' is set on object 'Object Repository/SupplierFlow/searchTaskInInbox'

2019-02-26 12:11:36 - [TEST_STEP][PASSED] - sendKeys(findTestObject("SupplierFlow/searchTaskInInbox"), Keys.chord(ENTER)): Keys 'ENTER + ' sent to object: 'Object Repository/SupplierFlow/searchTaskInInbox'

2019-02-26 12:11:36 - [MESSAGE][PASSED] - Keys 'ENTER + ' sent to object: 'Object Repository/SupplierFlow/searchTaskInInbox'

2019-02-26 12:11:36 - [TEST_STEP][PASSED] - Thread.sleep(3000): null

2019-02-26 12:11:39 - [TEST_STEP][PASSED] - waitForElementClickable(findTestObject("SupplierFlow/firstEntry"), 45): Object 'Object Repository/SupplierFlow/firstEntry' is clickable

2019-02-26 12:11:39 - [MESSAGE][PASSED] - Object 'Object Repository/SupplierFlow/firstEntry' is clickable

2019-02-26 12:11:39 - [TEST_STEP][PASSED] - Thread.sleep(3000): null

2019-02-26 12:11:42 - [TEST_STEP][PASSED] - Supplier.selectTaskInInbox(): Supplier.selectTaskInInbox is PASSED

2019-02-26 12:11:44 - [MESSAGE][PASSED] - Supplier.selectTaskInInbox is PASSED

2019-02-26 12:11:44 - [TEST_STEP][PASSED] - waitForElementClickable(findTestObject("SupplierFlow/rejectButton"), 45): Object 'Object Repository/SupplierFlow/rejectButton' is clickable

2019-02-26 12:11:46 - [MESSAGE][PASSED] - Object 'Object Repository/SupplierFlow/rejectButton' is clickable

2019-02-26 12:11:46 - [TEST_STEP][PASSED] - Thread.sleep(6000): null

2019-02-26 12:11:52 - [TEST_STEP][PASSED] - click(findTestObject("SupplierFlow/rejectButton")): Object: 'Object Repository/SupplierFlow/rejectButton' is clicked on

2019-02-26 12:11:52 - [MESSAGE][PASSED] - Object: 'Object Repository/SupplierFlow/rejectButton' is clicked on

2019-02-26 12:11:52 - [TEST_STEP][PASSED] - Thread.sleep(3000): null

2019-02-26 12:11:55 - [TEST_STEP][PASSED] - setText(findTestObject("SupplierFlow/rejectionNote"), "This Task is rejected"): Text 'This Task is rejected' is set on object 'Object Repository/SupplierFlow/rejectionNote'

2019-02-26 12:11:55 - [MESSAGE][PASSED] - Text 'This Task is rejected' is set on object 'Object Repository/SupplierFlow/rejectionNote'

2019-02-26 12:11:55 - [TEST_STEP][PASSED] - Thread.sleep(2000): null

2019-02-26 12:11:57 - [TEST_STEP][PASSED] - click(findTestObject("SupplierFlow/sendTask")): Object: 'Object Repository/SupplierFlow/sendTask' is clicked on

2019-02-26 12:11:57 - [MESSAGE][PASSED] - Object: 'Object Repository/SupplierFlow/sendTask' is clicked on

2019-02-26 12:11:57 - [TEST_STEP][PASSED] - Thread.sleep(2000): null

2019-02-26 12:11:59 - [TEST_STEP][PASSED] - waitForElementVisible(findTestObject("SupplierFlow/firstEntry"), 45): Object 'Object Repository/SupplierFlow/firstEntry' is visible

2019-02-26 12:12:04 - [MESSAGE][PASSED] - Object 'Object Repository/SupplierFlow/firstEntry' is visible

2019-02-26 12:12:04 - [TEST_STEP][PASSED] - Thread.sleep(2000): null

2019-02-26 12:12:06 - [TEST_STEP][NOT_RUN] - setText(findTestObject("SupplierFlow/searchTaskInInbox"), findTestData("SupplierData").getValue("FormTask", 1)): NOT_RUN: setText(findTestObject("SupplierFlow/searchTaskInInbox"), findTestData("SupplierData").getValue("FormTask", 1))

2019-02-26 12:12:06 - [MESSAGE][NOT_RUN] - NOT_RUN: setText(findTestObject("SupplierFlow/searchTaskInInbox"), findTestData("SupplierData").getValue("FormTask", 1))

2019-02-26 12:12:06 - [TEST_STEP][NOT_RUN] - sendKeys(findTestObject("SupplierFlow/searchTaskInInbox"), Keys.chord(ENTER)): NOT_RUN: sendKeys(findTestObject("SupplierFlow/searchTaskInInbox"), Keys.chord(ENTER))

2019-02-26 12:12:06 - [MESSAGE][NOT_RUN] - NOT_RUN: sendKeys(findTestObject("SupplierFlow/searchTaskInInbox"), Keys.chord(ENTER))

2019-02-26 12:12:06 - [TEST_STEP][NOT_RUN] - Thread.sleep(3000): NOT_RUN: Thread.sleep(3000)

2019-02-26 12:12:06 - [MESSAGE][NOT_RUN] - NOT_RUN: Thread.sleep(3000)

2019-02-26 12:12:06 - [TEST_STEP][PASSED] - setText(findTestObject("SupplierFlow/searchTaskInInbox"), findTestData("SupplierData").getValue("FormTask1", 1)): Text 'TestFormTask_26/02/19-12:04' is set on object 'Object Repository/SupplierFlow/searchTaskInInbox'

2019-02-26 12:12:07 - [MESSAGE][PASSED] - Text 'TestFormTask_26/02/19-12:04' is set on object 'Object Repository/SupplierFlow/searchTaskInInbox'

2019-02-26 12:12:07 - [TEST_STEP][PASSED] - sendKeys(findTestObject("SupplierFlow/searchTaskInInbox"), Keys.chord(ENTER)): Keys 'ENTER + ' sent to object: 'Object Repository/SupplierFlow/searchTaskInInbox'

2019-02-26 12:12:07 - [MESSAGE][PASSED] - Keys 'ENTER + ' sent to object: 'Object Repository/SupplierFlow/searchTaskInInbox'

2019-02-26 12:12:07 - [TEST_STEP][PASSED] - Thread.sleep(3000): null

2019-02-26 12:12:10 - [TEST_STEP][PASSED] - waitForElementClickable(findTestObject("SupplierFlow/firstEntry"), 45): Object 'Object Repository/SupplierFlow/firstEntry' is clickable

2019-02-26 12:12:10 - [MESSAGE][PASSED] - Object 'Object Repository/SupplierFlow/firstEntry' is clickable

2019-02-26 12:12:10 - [TEST_STEP][PASSED] - Thread.sleep(3000): null

2019-02-26 12:12:13 - [TEST_STEP][PASSED] - Supplier.selectTaskInInbox(): Supplier.selectTaskInInbox is PASSED

2019-02-26 12:12:15 - [MESSAGE][PASSED] - Supplier.selectTaskInInbox is PASSED

2019-02-26 12:12:15 - [TEST_STEP][PASSED] - waitForElementClickable(findTestObject("SupplierFlow/rejectButton"), 45): Object 'Object Repository/SupplierFlow/rejectButton' is clickable

2019-02-26 12:12:16 - [MESSAGE][PASSED] - Object 'Object Repository/SupplierFlow/rejectButton' is clickable

2019-02-26 12:12:16 - [TEST_STEP][PASSED] - Thread.sleep(6000): null

2019-02-26 12:12:22 - [TEST_STEP][PASSED] - click(findTestObject("SupplierFlow/rejectButton")): Object: 'Object Repository/SupplierFlow/rejectButton' is clicked on

2019-02-26 12:12:22 - [MESSAGE][PASSED] - Object: 'Object Repository/SupplierFlow/rejectButton' is clicked on

2019-02-26 12:12:22 - [TEST_STEP][PASSED] - Thread.sleep(3000): null

2019-02-26 12:12:25 - [TEST_STEP][PASSED] - setText(findTestObject("SupplierFlow/rejectionNote"), "This Task is rejected"): Text 'This Task is rejected' is set on object 'Object Repository/SupplierFlow/rejectionNote'

2019-02-26 12:12:26 - [MESSAGE][PASSED] - Text 'This Task is rejected' is set on object 'Object Repository/SupplierFlow/rejectionNote'

2019-02-26 12:12:26 - [TEST_STEP][PASSED] - Thread.sleep(2000): null

2019-02-26 12:12:28 - [TEST_STEP][PASSED] - click(findTestObject("SupplierFlow/sendTask")): Object: 'Object Repository/SupplierFlow/sendTask' is clicked on

2019-02-26 12:12:28 - [MESSAGE][PASSED] - Object: 'Object Repository/SupplierFlow/sendTask' is clicked on

2019-02-26 12:12:28 - [TEST_STEP][PASSED] - Thread.sleep(2000): null

2019-02-26 12:12:30 - [TEST_STEP][PASSED] - AdminTool_Location.moveCursor(): AdminTool_Location.moveCursor is PASSED

2019-02-26 12:12:30 - [MESSAGE][PASSED] - AdminTool_Location.moveCursor is PASSED

2019-02-26 12:12:30 - [TEST_STEP][PASSED] - Thread.sleep(2000): null

2019-02-26 12:12:32 - [TEST_STEP][PASSED] - waitForElementVisible(findTestObject("SupplierFlow/firstEntry"), 45): Object 'Object Repository/SupplierFlow/firstEntry' is visible

2019-02-26 12:12:34 - [MESSAGE][PASSED] - Object 'Object Repository/SupplierFlow/firstEntry' is visible

2019-02-26 12:12:34 - [TEST_STEP][PASSED] - setText(findTestObject("SupplierFlow/searchTaskInInbox"), findTestData("SupplierData").getValue("DocTask", 1)): Text 'TestDocTask_26/02/19-12:02' is set on object 'Object Repository/SupplierFlow/searchTaskInInbox'

2019-02-26 12:12:34 - [MESSAGE][PASSED] - Text 'TestDocTask_26/02/19-12:02' is set on object 'Object Repository/SupplierFlow/searchTaskInInbox'

2019-02-26 12:12:34 - [TEST_STEP][PASSED] - sendKeys(findTestObject("SupplierFlow/searchTaskInInbox"), Keys.chord(ENTER)): Keys 'ENTER + ' sent to object: 'Object Repository/SupplierFlow/searchTaskInInbox'

2019-02-26 12:12:35 - [MESSAGE][PASSED] - Keys 'ENTER + ' sent to object: 'Object Repository/SupplierFlow/searchTaskInInbox'

2019-02-26 12:12:35 - [TEST_STEP][PASSED] - Thread.sleep(3000): null

2019-02-26 12:12:38 - [TEST_STEP][PASSED] - waitForElementClickable(findTestObject("SupplierFlow/firstEntry"), 45): Object 'Object Repository/SupplierFlow/firstEntry' is clickable

2019-02-26 12:12:38 - [MESSAGE][PASSED] - Object 'Object Repository/SupplierFlow/firstEntry' is clickable

2019-02-26 12:12:38 - [TEST_STEP][PASSED] - Thread.sleep(3000): null

2019-02-26 12:12:41 - [TEST_STEP][PASSED] - Supplier.selectTaskInInbox(): Supplier.selectTaskInInbox is PASSED

2019-02-26 12:12:43 - [MESSAGE][PASSED] - Supplier.selectTaskInInbox is PASSED

2019-02-26 12:12:43 - [TEST_STEP][PASSED] - waitForElementClickable(findTestObject("SupplierFlow/rejectButton"), 45): Object 'Object Repository/SupplierFlow/rejectButton' is clickable

2019-02-26 12:12:44 - [MESSAGE][PASSED] - Object 'Object Repository/SupplierFlow/rejectButton' is clickable

2019-02-26 12:12:44 - [TEST_STEP][PASSED] - Thread.sleep(6000): null

2019-02-26 12:12:50 - [TEST_STEP][PASSED] - click(findTestObject("SupplierFlow/rejectButton")): Object: 'Object Repository/SupplierFlow/rejectButton' is clicked on

2019-02-26 12:12:57 - [MESSAGE][PASSED] - Object: 'Object Repository/SupplierFlow/rejectButton' is clicked on

2019-02-26 12:12:57 - [TEST_STEP][PASSED] - Thread.sleep(3000): null

2019-02-26 12:13:00 - [TEST_STEP][PASSED] - setText(findTestObject("SupplierFlow/rejectionNote"), "This Task is rejected"): Text 'This Task is rejected' is set on object 'Object Repository/SupplierFlow/rejectionNote'

2019-02-26 12:13:00 - [MESSAGE][PASSED] - Text 'This Task is rejected' is set on object 'Object Repository/SupplierFlow/rejectionNote'

2019-02-26 12:13:00 - [TEST_STEP][PASSED] - Thread.sleep(2000): null

2019-02-26 12:13:02 - [TEST_STEP][PASSED] - click(findTestObject("SupplierFlow/sendTask")): Object: 'Object Repository/SupplierFlow/sendTask' is clicked on

2019-02-26 12:13:02 - [MESSAGE][PASSED] - Object: 'Object Repository/SupplierFlow/sendTask' is clicked on

2019-02-26 12:13:02 - [TEST_STEP][PASSED] - Thread.sleep(2000): null

2019-02-26 12:13:04 - [TEST_STEP][PASSED] - waitForElementVisible(findTestObject("SupplierFlow/firstEntry"), 45): Object 'Object Repository/SupplierFlow/firstEntry' is visible

2019-02-26 12:13:06 - [MESSAGE][PASSED] - Object 'Object Repository/SupplierFlow/firstEntry' is visible

2019-02-26 12:13:06 - [TEST_STEP][PASSED] - Thread.sleep(2000): null

2019-02-26 12:13:08 - [TEST_STEP][PASSED] - setText(findTestObject("SupplierFlow/searchTaskInInbox"), findTestData("SupplierData").getValue("DocTask1", 1)): Text 'TestDocTask_26/02/19-12:05' is set on object 'Object Repository/SupplierFlow/searchTaskInInbox'

2019-02-26 12:13:09 - [MESSAGE][PASSED] - Text 'TestDocTask_26/02/19-12:05' is set on object 'Object Repository/SupplierFlow/searchTaskInInbox'

2019-02-26 12:13:09 - [TEST_STEP][PASSED] - sendKeys(findTestObject("SupplierFlow/searchTaskInInbox"), Keys.chord(ENTER)): Keys 'ENTER + ' sent to object: 'Object Repository/SupplierFlow/searchTaskInInbox'

2019-02-26 12:13:09 - [MESSAGE][PASSED] - Keys 'ENTER + ' sent to object: 'Object Repository/SupplierFlow/searchTaskInInbox'

2019-02-26 12:13:09 - [TEST_STEP][PASSED] - Thread.sleep(3000): null

2019-02-26 12:13:12 - [TEST_STEP][PASSED] - waitForElementClickable(findTestObject("SupplierFlow/firstEntry"), 45): Object 'Object Repository/SupplierFlow/firstEntry' is clickable

2019-02-26 12:13:12 - [MESSAGE][PASSED] - Object 'Object Repository/SupplierFlow/firstEntry' is clickable

2019-02-26 12:13:12 - [TEST_STEP][PASSED] - Thread.sleep(3000): null

2019-02-26 12:13:15 - [TEST_STEP][PASSED] - Supplier.selectTaskInInbox(): Supplier.selectTaskInInbox is PASSED

2019-02-26 12:13:17 - [MESSAGE][PASSED] - Supplier.selectTaskInInbox is PASSED

2019-02-26 12:13:17 - [TEST_STEP][PASSED] - waitForElementClickable(findTestObject("SupplierFlow/rejectButton"), 45): Object 'Object Repository/SupplierFlow/rejectButton' is clickable

2019-02-26 12:13:18 - [MESSAGE][PASSED] - Object 'Object Repository/SupplierFlow/rejectButton' is clickable

2019-02-26 12:13:18 - [TEST_STEP][PASSED] - Thread.sleep(6000): null

2019-02-26 12:13:24 - [TEST_STEP][PASSED] - click(findTestObject("SupplierFlow/rejectButton")): Object: 'Object Repository/SupplierFlow/rejectButton' is clicked on

2019-02-26 12:13:24 - [MESSAGE][PASSED] - Object: 'Object Repository/SupplierFlow/rejectButton' is clicked on

2019-02-26 12:13:24 - [TEST_STEP][PASSED] - Thread.sleep(3000): null

2019-02-26 12:13:27 - [TEST_STEP][PASSED] - setText(findTestObject("SupplierFlow/rejectionNote"), "This Task is rejected"): Text 'This Task is rejected' is set on object 'Object Repository/SupplierFlow/rejectionNote'

2019-02-26 12:13:28 - [MESSAGE][PASSED] - Text 'This Task is rejected' is set on object 'Object Repository/SupplierFlow/rejectionNote'

2019-02-26 12:13:28 - [TEST_STEP][PASSED] - Thread.sleep(2000): null

2019-02-26 12:13:30 - [TEST_STEP][PASSED] - click(findTestObject("SupplierFlow/sendTask")): Object: 'Object Repository/SupplierFlow/sendTask' is clicked on

2019-02-26 12:13:30 - [MESSAGE][PASSED] - Object: 'Object Repository/SupplierFlow/sendTask' is clicked on

2019-02-26 12:13:30 - [TEST_STEP][PASSED] - Thread.sleep(4000): null

2019-02-26 12:13:34 - [TEST_STEP][PASSED] - waitForElementVisible(findTestObject("SupplierFlow/firstEntry"), 45): Object 'Object Repository/SupplierFlow/firstEntry' is visible

2019-02-26 12:13:35 - [MESSAGE][PASSED] - Object 'Object Repository/SupplierFlow/firstEntry' is visible

2019-02-26 12:13:35 - [TEST_STEP][PASSED] - Thread.sleep(3000): null

2019-02-26 12:13:38 - [TEST_STEP][PASSED] - waitForElementClickable(findTestObject("TestUser/clickToCheck"), 45): Object 'Object Repository/TestUser/clickToCheck' is clickable

2019-02-26 12:13:39 - [MESSAGE][PASSED] - Object 'Object Repository/TestUser/clickToCheck' is clickable

2019-02-26 12:13:39 - [TEST_STEP][PASSED] - Thread.sleep(2000): null

2019-02-26 12:13:41 - [TEST_STEP][PASSED] - click(findTestObject("TestUser/clickToCheck")): Object: 'Object Repository/TestUser/clickToCheck' is clicked on

2019-02-26 12:13:41 - [MESSAGE][PASSED] - Object: 'Object Repository/TestUser/clickToCheck' is clicked on

2019-02-26 12:13:41 - [TEST_STEP][PASSED] - Thread.sleep(2000): null

2019-02-26 12:13:43 - [TEST_STEP][PASSED] - click(findTestObject("TestUser/logoutUser")): Object: 'Object Repository/TestUser/logoutUser' is clicked on

2019-02-26 12:13:45 - [MESSAGE][PASSED] - Object: 'Object Repository/TestUser/logoutUser' is clicked on

2019-02-26 12:13:45 - [TEST_STEP][PASSED] - Thread.sleep(2000): null]]></system-out>
         <system-err><![CDATA[]]></system-err>
      </testcase>
      <testcase name="Test Cases/SupplierFlow/9_Resubmission_Supplier" classname="Test Cases/SupplierFlow/9_Resubmission_Supplier" status="PASSED">
         <system-out><![CDATA[2019-02-26 12:13:47 - [TEST_CASE][PASSED] - Test Cases/SupplierFlow/9_Resubmission_Supplier: Test Cases/SupplierFlow/9_Resubmission_Supplier

2019-02-26 12:13:47 - [TEST_STEP][NOT_RUN] - openBrowser(URL): NOT_RUN: openBrowser(URL)

2019-02-26 12:13:47 - [MESSAGE][NOT_RUN] - NOT_RUN: openBrowser(URL)

2019-02-26 12:13:47 - [TEST_STEP][NOT_RUN] - maximizeWindow(): NOT_RUN: maximizeWindow()

2019-02-26 12:13:47 - [MESSAGE][NOT_RUN] - NOT_RUN: maximizeWindow()

2019-02-26 12:13:47 - [TEST_STEP][PASSED] - driver = getWebDriver(): null

2019-02-26 12:13:47 - [TEST_STEP][PASSED] - Thread.sleep(2000): null

2019-02-26 12:13:49 - [TEST_STEP][PASSED] - setText(findTestObject("TestUserLocation/login_Username"), findTestData("SupplierData").getValue("UserName", 1)): Text 'Supplier_26/02/19-12:00' is set on object 'Object Repository/TestUserLocation/login_Username'

2019-02-26 12:13:49 - [MESSAGE][PASSED] - Text 'Supplier_26/02/19-12:00' is set on object 'Object Repository/TestUserLocation/login_Username'

2019-02-26 12:13:49 - [TEST_STEP][PASSED] - setText(findTestObject("TestUserLocation/login_Password"), findTestData("SupplierData").getValue("NewPassword", 1)): Text 'password@123#' is set on object 'Object Repository/TestUserLocation/login_Password'

2019-02-26 12:13:50 - [MESSAGE][PASSED] - Text 'password@123#' is set on object 'Object Repository/TestUserLocation/login_Password'

2019-02-26 12:13:50 - [TEST_STEP][PASSED] - Thread.sleep(2000): null

2019-02-26 12:13:52 - [TEST_STEP][PASSED] - click(findTestObject("TestUserLocation/login_Button")): Object: 'Object Repository/TestUserLocation/login_Button' is clicked on

2019-02-26 12:13:53 - [MESSAGE][PASSED] - Object: 'Object Repository/TestUserLocation/login_Button' is clicked on

2019-02-26 12:13:53 - [TEST_STEP][PASSED] - Thread.sleep(6000): null

2019-02-26 12:13:59 - [TEST_STEP][PASSED] - click(findTestObject("SupplierFlow/clickOnSuppReject")): Object: 'Object Repository/SupplierFlow/clickOnSuppReject' is clicked on

2019-02-26 12:13:59 - [MESSAGE][PASSED] - Object: 'Object Repository/SupplierFlow/clickOnSuppReject' is clicked on

2019-02-26 12:13:59 - [TEST_STEP][PASSED] - Thread.sleep(2000): null

2019-02-26 12:14:01 - [TEST_STEP][PASSED] - Submission.supplierPortalSubmission(): Submission.supplierPortalSubmission is PASSED

2019-02-26 12:16:14 - [MESSAGE][PASSED] - Submission.supplierPortalSubmission is PASSED

2019-02-26 12:16:14 - [TEST_STEP][NOT_RUN] - Supplier.selectSupplierTask(): NOT_RUN: Supplier.selectSupplierTask()

2019-02-26 12:16:14 - [MESSAGE][NOT_RUN] - NOT_RUN: Supplier.selectSupplierTask()

2019-02-26 12:16:14 - [TEST_STEP][NOT_RUN] - Thread.sleep(4000): NOT_RUN: Thread.sleep(4000)

2019-02-26 12:16:14 - [MESSAGE][NOT_RUN] - NOT_RUN: Thread.sleep(4000)

2019-02-26 12:16:14 - [TEST_STEP][NOT_RUN] - click(findTestObject("FormTab/fillForm_SubmitButton")): NOT_RUN: click(findTestObject("FormTab/fillForm_SubmitButton"))

2019-02-26 12:16:14 - [MESSAGE][NOT_RUN] - NOT_RUN: click(findTestObject("FormTab/fillForm_SubmitButton"))

2019-02-26 12:16:14 - [TEST_STEP][NOT_RUN] - Thread.sleep(2000): NOT_RUN: Thread.sleep(2000)

2019-02-26 12:16:14 - [MESSAGE][NOT_RUN] - NOT_RUN: Thread.sleep(2000)

2019-02-26 12:16:14 - [TEST_STEP][NOT_RUN] - setText(findTestObject("SupplierFlow/formSubmissionNote"), "Form is Finally submitted Correctly."): NOT_RUN: setText(findTestObject("SupplierFlow/formSubmissionNote"), "Form is Finally submitted Correctly.")

2019-02-26 12:16:14 - [MESSAGE][NOT_RUN] - NOT_RUN: setText(findTestObject("SupplierFlow/formSubmissionNote"), "Form is Finally submitted Correctly.")

2019-02-26 12:16:14 - [TEST_STEP][NOT_RUN] - Thread.sleep(2000): NOT_RUN: Thread.sleep(2000)

2019-02-26 12:16:14 - [MESSAGE][NOT_RUN] - NOT_RUN: Thread.sleep(2000)

2019-02-26 12:16:14 - [TEST_STEP][NOT_RUN] - click(findTestObject("FormTab/fillForm_SubmissionOkButton")): NOT_RUN: click(findTestObject("FormTab/fillForm_SubmissionOkButton"))

2019-02-26 12:16:14 - [MESSAGE][NOT_RUN] - NOT_RUN: click(findTestObject("FormTab/fillForm_SubmissionOkButton"))

2019-02-26 12:16:14 - [TEST_STEP][PASSED] - Thread.sleep(6000): null

2019-02-26 12:16:20 - [TEST_STEP][PASSED] - click(findTestObject("TestUser/clickToCheck")): Object: 'Object Repository/TestUser/clickToCheck' is clicked on

2019-02-26 12:16:20 - [MESSAGE][PASSED] - Object: 'Object Repository/TestUser/clickToCheck' is clicked on

2019-02-26 12:16:20 - [TEST_STEP][PASSED] - Thread.sleep(2000): null

2019-02-26 12:16:22 - [TEST_STEP][PASSED] - click(findTestObject("TestUser/logoutUser")): Object: 'Object Repository/TestUser/logoutUser' is clicked on

2019-02-26 12:16:25 - [MESSAGE][PASSED] - Object: 'Object Repository/TestUser/logoutUser' is clicked on

2019-02-26 12:16:25 - [TEST_STEP][PASSED] - Thread.sleep(2000): null]]></system-out>
         <system-err><![CDATA[]]></system-err>
      </testcase>
      <testcase name="Test Cases/SupplierFlow/10_ApprovedFromInbox" classname="Test Cases/SupplierFlow/10_ApprovedFromInbox" status="PASSED">
         <system-out><![CDATA[2019-02-26 12:16:27 - [TEST_CASE][PASSED] - Test Cases/SupplierFlow/10_ApprovedFromInbox: Test Cases/SupplierFlow/10_ApprovedFromInbox

2019-02-26 12:16:28 - [TEST_STEP][NOT_RUN] - openBrowser(URL): NOT_RUN: openBrowser(URL)

2019-02-26 12:16:28 - [MESSAGE][NOT_RUN] - NOT_RUN: openBrowser(URL)

2019-02-26 12:16:28 - [TEST_STEP][NOT_RUN] - maximizeWindow(): NOT_RUN: maximizeWindow()

2019-02-26 12:16:28 - [MESSAGE][NOT_RUN] - NOT_RUN: maximizeWindow()

2019-02-26 12:16:28 - [TEST_STEP][PASSED] - setText(findTestObject("Form_Selection_Creation/login_Username"), UserName): Text 'tester' is set on object 'Object Repository/Form_Selection_Creation/login_Username'

2019-02-26 12:16:28 - [MESSAGE][PASSED] - Text 'tester' is set on object 'Object Repository/Form_Selection_Creation/login_Username'

2019-02-26 12:16:28 - [TEST_STEP][PASSED] - setText(findTestObject("Form_Selection_Creation/login_Password"), Password): Text 'TestSt@ge' is set on object 'Object Repository/Form_Selection_Creation/login_Password'

2019-02-26 12:16:28 - [MESSAGE][PASSED] - Text 'TestSt@ge' is set on object 'Object Repository/Form_Selection_Creation/login_Password'

2019-02-26 12:16:28 - [TEST_STEP][PASSED] - click(findTestObject("Form_Selection_Creation/login_Button")): Object: 'Object Repository/Form_Selection_Creation/login_Button' is clicked on

2019-02-26 12:16:30 - [MESSAGE][PASSED] - Object: 'Object Repository/Form_Selection_Creation/login_Button' is clicked on

2019-02-26 12:16:30 - [TEST_STEP][PASSED] - Thread.sleep(3000): null

2019-02-26 12:16:33 - [TEST_STEP][PASSED] - click(findTestObject("Form_Selection_Creation/mainMenu_Button")): Object: 'Object Repository/Form_Selection_Creation/mainMenu_Button' is clicked on

2019-02-26 12:16:36 - [MESSAGE][PASSED] - Object: 'Object Repository/Form_Selection_Creation/mainMenu_Button' is clicked on

2019-02-26 12:16:36 - [TEST_STEP][PASSED] - click(findTestObject("SupplierFlow/inbox")): Object: 'Object Repository/SupplierFlow/inbox' is clicked on

2019-02-26 12:16:36 - [MESSAGE][PASSED] - Object: 'Object Repository/SupplierFlow/inbox' is clicked on

2019-02-26 12:16:36 - [TEST_STEP][PASSED] - Thread.sleep(6000): null

2019-02-26 12:16:42 - [TEST_STEP][PASSED] - setText(findTestObject("SupplierFlow/searchTaskInInbox"), findTestData("SupplierData").getValue("FormTask", 1)): Text 'TestFormTask_26/02/19-12:01' is set on object 'Object Repository/SupplierFlow/searchTaskInInbox'

2019-02-26 12:16:43 - [MESSAGE][PASSED] - Text 'TestFormTask_26/02/19-12:01' is set on object 'Object Repository/SupplierFlow/searchTaskInInbox'

2019-02-26 12:16:43 - [TEST_STEP][PASSED] - sendKeys(findTestObject("SupplierFlow/searchTaskInInbox"), Keys.chord(ENTER)): Keys 'ENTER + ' sent to object: 'Object Repository/SupplierFlow/searchTaskInInbox'

2019-02-26 12:16:43 - [MESSAGE][PASSED] - Keys 'ENTER + ' sent to object: 'Object Repository/SupplierFlow/searchTaskInInbox'

2019-02-26 12:16:43 - [TEST_STEP][PASSED] - Thread.sleep(3000): null

2019-02-26 12:16:46 - [TEST_STEP][PASSED] - waitForElementClickable(findTestObject("SupplierFlow/firstEntry"), 45): Object 'Object Repository/SupplierFlow/firstEntry' is clickable

2019-02-26 12:16:46 - [MESSAGE][PASSED] - Object 'Object Repository/SupplierFlow/firstEntry' is clickable

2019-02-26 12:16:46 - [TEST_STEP][PASSED] - Thread.sleep(3000): null

2019-02-26 12:16:49 - [TEST_STEP][PASSED] - Supplier.selectTaskInInbox(): Supplier.selectTaskInInbox is PASSED

2019-02-26 12:16:51 - [MESSAGE][PASSED] - Supplier.selectTaskInInbox is PASSED

2019-02-26 12:16:51 - [TEST_STEP][PASSED] - waitForElementClickable(findTestObject("SupplierFlow/approveButton"), 45): Object 'Object Repository/SupplierFlow/approveButton' is clickable

2019-02-26 12:16:53 - [MESSAGE][PASSED] - Object 'Object Repository/SupplierFlow/approveButton' is clickable

2019-02-26 12:16:53 - [TEST_STEP][PASSED] - Thread.sleep(6000): null

2019-02-26 12:16:59 - [TEST_STEP][PASSED] - click(findTestObject("SupplierFlow/approveButton")): Object: 'Object Repository/SupplierFlow/approveButton' is clicked on

2019-02-26 12:16:59 - [MESSAGE][PASSED] - Object: 'Object Repository/SupplierFlow/approveButton' is clicked on

2019-02-26 12:16:59 - [TEST_STEP][PASSED] - Thread.sleep(3000): null

2019-02-26 12:17:02 - [TEST_STEP][PASSED] - setText(findTestObject("SupplierFlow/expirtionDate_ApproveTask"), "12/17/2018"): Text '12/17/2018' is set on object 'Object Repository/SupplierFlow/expirtionDate_ApproveTask'

2019-02-26 12:17:02 - [MESSAGE][PASSED] - Text '12/17/2018' is set on object 'Object Repository/SupplierFlow/expirtionDate_ApproveTask'

2019-02-26 12:17:02 - [TEST_STEP][PASSED] - Thread.sleep(2000): null

2019-02-26 12:17:04 - [TEST_STEP][PASSED] - click(findTestObject("SupplierFlow/approveYesButton")): Object: 'Object Repository/SupplierFlow/approveYesButton' is clicked on

2019-02-26 12:17:04 - [MESSAGE][PASSED] - Object: 'Object Repository/SupplierFlow/approveYesButton' is clicked on

2019-02-26 12:17:04 - [TEST_STEP][PASSED] - Thread.sleep(2000): null

2019-02-26 12:17:06 - [TEST_STEP][PASSED] - waitForElementVisible(findTestObject("SupplierFlow/firstEntry"), 45): Object 'Object Repository/SupplierFlow/firstEntry' is visible

2019-02-26 12:17:09 - [MESSAGE][PASSED] - Object 'Object Repository/SupplierFlow/firstEntry' is visible

2019-02-26 12:17:09 - [TEST_STEP][PASSED] - Thread.sleep(2000): null

2019-02-26 12:17:11 - [TEST_STEP][PASSED] - setText(findTestObject("SupplierFlow/searchTaskInInbox"), findTestData("SupplierData").getValue("FormTask", 1)): Text 'TestFormTask_26/02/19-12:01' is set on object 'Object Repository/SupplierFlow/searchTaskInInbox'

2019-02-26 12:17:12 - [MESSAGE][PASSED] - Text 'TestFormTask_26/02/19-12:01' is set on object 'Object Repository/SupplierFlow/searchTaskInInbox'

2019-02-26 12:17:12 - [TEST_STEP][PASSED] - sendKeys(findTestObject("SupplierFlow/searchTaskInInbox"), Keys.chord(ENTER)): Keys 'ENTER + ' sent to object: 'Object Repository/SupplierFlow/searchTaskInInbox'

2019-02-26 12:17:12 - [MESSAGE][PASSED] - Keys 'ENTER + ' sent to object: 'Object Repository/SupplierFlow/searchTaskInInbox'

2019-02-26 12:17:12 - [TEST_STEP][PASSED] - Thread.sleep(3000): null

2019-02-26 12:17:15 - [TEST_STEP][PASSED] - setText(findTestObject("SupplierFlow/searchTaskInInbox"), findTestData("SupplierData").getValue("FormTask1", 1)): Text 'TestFormTask_26/02/19-12:04' is set on object 'Object Repository/SupplierFlow/searchTaskInInbox'

2019-02-26 12:17:16 - [MESSAGE][PASSED] - Text 'TestFormTask_26/02/19-12:04' is set on object 'Object Repository/SupplierFlow/searchTaskInInbox'

2019-02-26 12:17:16 - [TEST_STEP][PASSED] - sendKeys(findTestObject("SupplierFlow/searchTaskInInbox"), Keys.chord(ENTER)): Keys 'ENTER + ' sent to object: 'Object Repository/SupplierFlow/searchTaskInInbox'

2019-02-26 12:17:16 - [MESSAGE][PASSED] - Keys 'ENTER + ' sent to object: 'Object Repository/SupplierFlow/searchTaskInInbox'

2019-02-26 12:17:16 - [TEST_STEP][PASSED] - Thread.sleep(3000): null

2019-02-26 12:17:19 - [TEST_STEP][PASSED] - waitForElementClickable(findTestObject("SupplierFlow/firstEntry"), 45): Object 'Object Repository/SupplierFlow/firstEntry' is clickable

2019-02-26 12:17:19 - [MESSAGE][PASSED] - Object 'Object Repository/SupplierFlow/firstEntry' is clickable

2019-02-26 12:17:19 - [TEST_STEP][PASSED] - Thread.sleep(3000): null

2019-02-26 12:17:22 - [TEST_STEP][PASSED] - Supplier.selectTaskInInbox(): Supplier.selectTaskInInbox is PASSED

2019-02-26 12:17:24 - [MESSAGE][PASSED] - Supplier.selectTaskInInbox is PASSED

2019-02-26 12:17:24 - [TEST_STEP][PASSED] - waitForElementClickable(findTestObject("SupplierFlow/approveButton"), 45): Object 'Object Repository/SupplierFlow/approveButton' is clickable

2019-02-26 12:17:25 - [MESSAGE][PASSED] - Object 'Object Repository/SupplierFlow/approveButton' is clickable

2019-02-26 12:17:25 - [TEST_STEP][PASSED] - Thread.sleep(6000): null

2019-02-26 12:17:31 - [TEST_STEP][PASSED] - click(findTestObject("SupplierFlow/approveButton")): Object: 'Object Repository/SupplierFlow/approveButton' is clicked on

2019-02-26 12:17:31 - [MESSAGE][PASSED] - Object: 'Object Repository/SupplierFlow/approveButton' is clicked on

2019-02-26 12:17:31 - [TEST_STEP][PASSED] - Thread.sleep(3000): null

2019-02-26 12:17:34 - [TEST_STEP][PASSED] - setText(findTestObject("SupplierFlow/expirtionDate_ApproveTask"), "12/17/2018"): Text '12/17/2018' is set on object 'Object Repository/SupplierFlow/expirtionDate_ApproveTask'

2019-02-26 12:17:35 - [MESSAGE][PASSED] - Text '12/17/2018' is set on object 'Object Repository/SupplierFlow/expirtionDate_ApproveTask'

2019-02-26 12:17:35 - [TEST_STEP][PASSED] - Thread.sleep(2000): null

2019-02-26 12:17:37 - [TEST_STEP][PASSED] - click(findTestObject("SupplierFlow/approveYesButton")): Object: 'Object Repository/SupplierFlow/approveYesButton' is clicked on

2019-02-26 12:17:37 - [MESSAGE][PASSED] - Object: 'Object Repository/SupplierFlow/approveYesButton' is clicked on

2019-02-26 12:17:37 - [TEST_STEP][PASSED] - Thread.sleep(6000): null

2019-02-26 12:17:43 - [TEST_STEP][PASSED] - setText(findTestObject("SupplierFlow/searchTaskInInbox"), findTestData("SupplierData").getValue("FormTask1", 1)): Text 'TestFormTask_26/02/19-12:04' is set on object 'Object Repository/SupplierFlow/searchTaskInInbox'

2019-02-26 12:17:43 - [MESSAGE][PASSED] - Text 'TestFormTask_26/02/19-12:04' is set on object 'Object Repository/SupplierFlow/searchTaskInInbox'

2019-02-26 12:17:43 - [TEST_STEP][PASSED] - sendKeys(findTestObject("SupplierFlow/searchTaskInInbox"), Keys.chord(ENTER)): Keys 'ENTER + ' sent to object: 'Object Repository/SupplierFlow/searchTaskInInbox'

2019-02-26 12:17:44 - [MESSAGE][PASSED] - Keys 'ENTER + ' sent to object: 'Object Repository/SupplierFlow/searchTaskInInbox'

2019-02-26 12:17:44 - [TEST_STEP][PASSED] - Thread.sleep(3000): null

2019-02-26 12:17:47 - [TEST_STEP][PASSED] - setText(findTestObject("SupplierFlow/searchTaskInInbox"), findTestData("SupplierData").getValue("DocTask", 1)): Text 'TestDocTask_26/02/19-12:02' is set on object 'Object Repository/SupplierFlow/searchTaskInInbox'

2019-02-26 12:17:47 - [MESSAGE][PASSED] - Text 'TestDocTask_26/02/19-12:02' is set on object 'Object Repository/SupplierFlow/searchTaskInInbox'

2019-02-26 12:17:47 - [TEST_STEP][PASSED] - sendKeys(findTestObject("SupplierFlow/searchTaskInInbox"), Keys.chord(ENTER)): Keys 'ENTER + ' sent to object: 'Object Repository/SupplierFlow/searchTaskInInbox'

2019-02-26 12:17:47 - [MESSAGE][PASSED] - Keys 'ENTER + ' sent to object: 'Object Repository/SupplierFlow/searchTaskInInbox'

2019-02-26 12:17:47 - [TEST_STEP][PASSED] - Thread.sleep(3000): null

2019-02-26 12:17:50 - [TEST_STEP][PASSED] - waitForElementClickable(findTestObject("SupplierFlow/firstEntry"), 45): Object 'Object Repository/SupplierFlow/firstEntry' is clickable

2019-02-26 12:17:50 - [MESSAGE][PASSED] - Object 'Object Repository/SupplierFlow/firstEntry' is clickable

2019-02-26 12:17:50 - [TEST_STEP][PASSED] - Thread.sleep(3000): null

2019-02-26 12:17:53 - [TEST_STEP][PASSED] - Supplier.selectTaskInInbox(): Supplier.selectTaskInInbox is PASSED

2019-02-26 12:17:55 - [MESSAGE][PASSED] - Supplier.selectTaskInInbox is PASSED

2019-02-26 12:17:55 - [TEST_STEP][PASSED] - waitForElementClickable(findTestObject("SupplierFlow/approveButton"), 45): Object 'Object Repository/SupplierFlow/approveButton' is clickable

2019-02-26 12:17:56 - [MESSAGE][PASSED] - Object 'Object Repository/SupplierFlow/approveButton' is clickable

2019-02-26 12:17:56 - [TEST_STEP][PASSED] - Thread.sleep(6000): null

2019-02-26 12:18:02 - [TEST_STEP][PASSED] - click(findTestObject("SupplierFlow/approveButton")): Object: 'Object Repository/SupplierFlow/approveButton' is clicked on

2019-02-26 12:18:02 - [MESSAGE][PASSED] - Object: 'Object Repository/SupplierFlow/approveButton' is clicked on

2019-02-26 12:18:02 - [TEST_STEP][PASSED] - Thread.sleep(3000): null

2019-02-26 12:18:05 - [TEST_STEP][PASSED] - setText(findTestObject("SupplierFlow/expirtionDate_ApproveTask"), "12/17/2018"): Text '12/17/2018' is set on object 'Object Repository/SupplierFlow/expirtionDate_ApproveTask'

2019-02-26 12:18:06 - [MESSAGE][PASSED] - Text '12/17/2018' is set on object 'Object Repository/SupplierFlow/expirtionDate_ApproveTask'

2019-02-26 12:18:06 - [TEST_STEP][PASSED] - Thread.sleep(2000): null

2019-02-26 12:18:08 - [TEST_STEP][PASSED] - click(findTestObject("SupplierFlow/approveYesButton")): Object: 'Object Repository/SupplierFlow/approveYesButton' is clicked on

2019-02-26 12:18:08 - [MESSAGE][PASSED] - Object: 'Object Repository/SupplierFlow/approveYesButton' is clicked on

2019-02-26 12:18:08 - [TEST_STEP][PASSED] - Thread.sleep(2000): null

2019-02-26 12:18:10 - [TEST_STEP][PASSED] - waitForElementVisible(findTestObject("SupplierFlow/firstEntry"), 45): Object 'Object Repository/SupplierFlow/firstEntry' is visible

2019-02-26 12:18:13 - [MESSAGE][PASSED] - Object 'Object Repository/SupplierFlow/firstEntry' is visible

2019-02-26 12:18:13 - [TEST_STEP][PASSED] - Thread.sleep(2000): null

2019-02-26 12:18:15 - [TEST_STEP][PASSED] - setText(findTestObject("SupplierFlow/searchTaskInInbox"), findTestData("SupplierData").getValue("DocTask", 1)): Text 'TestDocTask_26/02/19-12:02' is set on object 'Object Repository/SupplierFlow/searchTaskInInbox'

2019-02-26 12:18:16 - [MESSAGE][PASSED] - Text 'TestDocTask_26/02/19-12:02' is set on object 'Object Repository/SupplierFlow/searchTaskInInbox'

2019-02-26 12:18:16 - [TEST_STEP][PASSED] - sendKeys(findTestObject("SupplierFlow/searchTaskInInbox"), Keys.chord(ENTER)): Keys 'ENTER + ' sent to object: 'Object Repository/SupplierFlow/searchTaskInInbox'

2019-02-26 12:18:16 - [MESSAGE][PASSED] - Keys 'ENTER + ' sent to object: 'Object Repository/SupplierFlow/searchTaskInInbox'

2019-02-26 12:18:16 - [TEST_STEP][PASSED] - Thread.sleep(3000): null

2019-02-26 12:18:19 - [TEST_STEP][PASSED] - setText(findTestObject("SupplierFlow/searchTaskInInbox"), findTestData("SupplierData").getValue("DocTask1", 1)): Text 'TestDocTask_26/02/19-12:05' is set on object 'Object Repository/SupplierFlow/searchTaskInInbox'

2019-02-26 12:18:20 - [MESSAGE][PASSED] - Text 'TestDocTask_26/02/19-12:05' is set on object 'Object Repository/SupplierFlow/searchTaskInInbox'

2019-02-26 12:18:20 - [TEST_STEP][PASSED] - sendKeys(findTestObject("SupplierFlow/searchTaskInInbox"), Keys.chord(ENTER)): Keys 'ENTER + ' sent to object: 'Object Repository/SupplierFlow/searchTaskInInbox'

2019-02-26 12:18:20 - [MESSAGE][PASSED] - Keys 'ENTER + ' sent to object: 'Object Repository/SupplierFlow/searchTaskInInbox'

2019-02-26 12:18:20 - [TEST_STEP][PASSED] - Thread.sleep(3000): null

2019-02-26 12:18:23 - [TEST_STEP][PASSED] - waitForElementClickable(findTestObject("SupplierFlow/firstEntry"), 45): Object 'Object Repository/SupplierFlow/firstEntry' is clickable

2019-02-26 12:18:23 - [MESSAGE][PASSED] - Object 'Object Repository/SupplierFlow/firstEntry' is clickable

2019-02-26 12:18:23 - [TEST_STEP][PASSED] - Thread.sleep(3000): null

2019-02-26 12:18:26 - [TEST_STEP][PASSED] - Supplier.selectTaskInInbox(): Supplier.selectTaskInInbox is PASSED

2019-02-26 12:18:28 - [MESSAGE][PASSED] - Supplier.selectTaskInInbox is PASSED

2019-02-26 12:18:28 - [TEST_STEP][PASSED] - waitForElementClickable(findTestObject("SupplierFlow/approveButton"), 45): Object 'Object Repository/SupplierFlow/approveButton' is clickable

2019-02-26 12:18:29 - [MESSAGE][PASSED] - Object 'Object Repository/SupplierFlow/approveButton' is clickable

2019-02-26 12:18:29 - [TEST_STEP][PASSED] - Thread.sleep(6000): null

2019-02-26 12:18:35 - [TEST_STEP][PASSED] - click(findTestObject("SupplierFlow/approveButton")): Object: 'Object Repository/SupplierFlow/approveButton' is clicked on

2019-02-26 12:18:35 - [MESSAGE][PASSED] - Object: 'Object Repository/SupplierFlow/approveButton' is clicked on

2019-02-26 12:18:35 - [TEST_STEP][PASSED] - Thread.sleep(3000): null

2019-02-26 12:18:38 - [TEST_STEP][PASSED] - setText(findTestObject("SupplierFlow/expirtionDate_ApproveTask"), "12/17/2018"): Text '12/17/2018' is set on object 'Object Repository/SupplierFlow/expirtionDate_ApproveTask'

2019-02-26 12:18:38 - [MESSAGE][PASSED] - Text '12/17/2018' is set on object 'Object Repository/SupplierFlow/expirtionDate_ApproveTask'

2019-02-26 12:18:38 - [TEST_STEP][PASSED] - Thread.sleep(2000): null

2019-02-26 12:18:40 - [TEST_STEP][PASSED] - click(findTestObject("SupplierFlow/approveYesButton")): Object: 'Object Repository/SupplierFlow/approveYesButton' is clicked on

2019-02-26 12:18:41 - [MESSAGE][PASSED] - Object: 'Object Repository/SupplierFlow/approveYesButton' is clicked on

2019-02-26 12:18:41 - [TEST_STEP][PASSED] - Thread.sleep(6000): null

2019-02-26 12:18:47 - [TEST_STEP][PASSED] - setText(findTestObject("SupplierFlow/searchTaskInInbox"), findTestData("SupplierData").getValue("DocTask1", 1)): Text 'TestDocTask_26/02/19-12:05' is set on object 'Object Repository/SupplierFlow/searchTaskInInbox'

2019-02-26 12:18:47 - [MESSAGE][PASSED] - Text 'TestDocTask_26/02/19-12:05' is set on object 'Object Repository/SupplierFlow/searchTaskInInbox'

2019-02-26 12:18:47 - [TEST_STEP][PASSED] - sendKeys(findTestObject("SupplierFlow/searchTaskInInbox"), Keys.chord(ENTER)): Keys 'ENTER + ' sent to object: 'Object Repository/SupplierFlow/searchTaskInInbox'

2019-02-26 12:18:47 - [MESSAGE][PASSED] - Keys 'ENTER + ' sent to object: 'Object Repository/SupplierFlow/searchTaskInInbox']]></system-out>
         <system-err><![CDATA[]]></system-err>
      </testcase>
      <system-out><![CDATA[2019-02-26 11:52:07 - [TEST_SUITE][PASSED] - TestSupplier: Test Cases/SupplierFlow/10_ApprovedFromInbox]]></system-out>
      <system-err><![CDATA[]]></system-err>
   </testsuite>
</testsuites>
