<?xml version="1.0" encoding="UTF-8"?>
<testsuites name="CheckAllResources" time="863" tests="9" failures="0" errors="0">
   <testsuite name="CheckAllResources" tests="9" failures="0" errors="0" time="863" timestamp="2019-01-15 11:42:50" hostname="pashine_a - Abhishek-Pashine.India.XoriantCorp.com" id="Test Suites/CheckAllResources">
      <properties>
         <property name="deviceName" value=""/>
         <property name="devicePlatform" value=""/>
         <property name="logFolder" value="D:\\Git Data\\SafetyChain-Test-Automation-Katalon\\Reports\\CheckAllResources\\20190115_112654"/>
         <property name="logFiles" value="D:\\Git Data\\SafetyChain-Test-Automation-Katalon\\Reports\\CheckAllResources\\20190115_112654\\execution0.log"/>
         <property name="attachments" value=""/>
         <property name="hostName" value="pashine_a - Abhishek-Pashine.India.XoriantCorp.com"/>
         <property name="os" value="Windows 7 64bit"/>
         <property name="katalonVersion" value="5.10.1.1"/>
         <property name="browser" value="Chrome 71.0.3578.98"/>
         <property name="hostAddress" value="10.21.7.147"/>
         <property name="sessionId" value="ad12007f0393d2acff3c2f5db9dc4969"/>
         <property name="seleniumVersion" value="3.7.1"/>
         <property name="proxyInformation" value="ProxyInformation{proxyOption=NO_PROXY, proxyServerType=HTTP, password=, proxyServerAddress=, proxyServerPort=0}"/>
         <property name="platform" value="Windows 7"/>
      </properties>
      <testcase name="Test Cases/CheckResoucesAsPerLocation/checkLocation" classname="Test Cases/CheckResoucesAsPerLocation/checkLocation" status="PASSED">
         <system-out><![CDATA[2019-01-15 11:42:50 - [TEST_CASE][PASSED] - Test Cases/CheckResoucesAsPerLocation/checkLocation: Test Cases/CheckResoucesAsPerLocation/checkLocation

2019-01-15 11:42:51 - [TEST_STEP][PASSED] - openBrowser(URL): Browser is opened with url: 'https://test2.stage.safetychain.com'

2019-01-15 11:42:52 - [MESSAGE][INFO] - Starting 'Chrome' driver

2019-01-15 11:42:52 - [MESSAGE][INFO] - Action delay is set to 0 seconds

2019-01-15 11:43:17 - [MESSAGE][PASSED] - Browser is opened with url: 'https://test2.stage.safetychain.com'

2019-01-15 11:43:17 - [TEST_STEP][PASSED] - maximizeWindow(): Current window maximized

2019-01-15 11:43:18 - [MESSAGE][PASSED] - Current window maximized

2019-01-15 11:43:18 - [TEST_STEP][PASSED] - setText(findTestObject("TestUserLocation/login_Username"), UserName): Text 'superadmin' is set on object 'Object Repository/TestUserLocation/login_Username'

2019-01-15 11:43:21 - [MESSAGE][PASSED] - Text 'superadmin' is set on object 'Object Repository/TestUserLocation/login_Username'

2019-01-15 11:43:21 - [TEST_STEP][PASSED] - setText(findTestObject("TestUserLocation/login_Password"), Password): Text 'sliptest23772boot' is set on object 'Object Repository/TestUserLocation/login_Password'

2019-01-15 11:43:21 - [MESSAGE][PASSED] - Text 'sliptest23772boot' is set on object 'Object Repository/TestUserLocation/login_Password'

2019-01-15 11:43:21 - [TEST_STEP][PASSED] - AdminTool_Location.setLocationName(): AdminTool_Location.setLocationName is PASSED

2019-01-15 11:43:22 - [MESSAGE][PASSED] - AdminTool_Location.setLocationName is PASSED

2019-01-15 11:43:22 - [TEST_STEP][PASSED] - click(findTestObject("TestUserLocation/login_Button")): Object: 'Object Repository/TestUserLocation/login_Button' is clicked on

2019-01-15 11:43:24 - [MESSAGE][PASSED] - Object: 'Object Repository/TestUserLocation/login_Button' is clicked on

2019-01-15 11:43:24 - [TEST_STEP][PASSED] - Thread.sleep(4000): null

2019-01-15 11:43:28 - [TEST_STEP][PASSED] - AdminTool_Location.setLocationNameInLocation(): AdminTool_Location.setLocationNameInLocation is PASSED

2019-01-15 11:43:28 - [MESSAGE][PASSED] - AdminTool_Location.setLocationNameInLocation is PASSED

2019-01-15 11:43:28 - [TEST_STEP][PASSED] - click(findTestObject("TestUserLocation/mainmenu_button")): Object: 'Object Repository/TestUserLocation/mainmenu_button' is clicked on

2019-01-15 11:43:30 - [MESSAGE][PASSED] - Object: 'Object Repository/TestUserLocation/mainmenu_button' is clicked on

2019-01-15 11:43:30 - [TEST_STEP][PASSED] - Thread.sleep(2000): null

2019-01-15 11:43:32 - [TEST_STEP][PASSED] - click(findTestObject("TestUserLocation/adminTool")): Object: 'Object Repository/TestUserLocation/adminTool' is clicked on

2019-01-15 11:43:32 - [MESSAGE][PASSED] - Object: 'Object Repository/TestUserLocation/adminTool' is clicked on

2019-01-15 11:43:32 - [TEST_STEP][PASSED] - Thread.sleep(2000): null

2019-01-15 11:43:34 - [TEST_STEP][PASSED] - click(findTestObject("TestUserLocation/mainMenuResourceDesigner")): Object: 'Object Repository/TestUserLocation/mainMenuResourceDesigner' is clicked on

2019-01-15 11:43:34 - [MESSAGE][PASSED] - Object: 'Object Repository/TestUserLocation/mainMenuResourceDesigner' is clicked on

2019-01-15 11:43:34 - [TEST_STEP][PASSED] - Thread.sleep(4000): null

2019-01-15 11:43:38 - [TEST_STEP][PASSED] - click(findTestObject("TestUserLocation/locations")): Object: 'Object Repository/TestUserLocation/locations' is clicked on

2019-01-15 11:43:38 - [MESSAGE][PASSED] - Object: 'Object Repository/TestUserLocation/locations' is clicked on

2019-01-15 11:43:38 - [TEST_STEP][PASSED] - Thread.sleep(4000): null

2019-01-15 11:43:42 - [TEST_STEP][NOT_RUN] - refresh(): NOT_RUN: refresh()

2019-01-15 11:43:42 - [MESSAGE][NOT_RUN] - NOT_RUN: refresh()

2019-01-15 11:43:42 - [TEST_STEP][NOT_RUN] - Thread.sleep(4000): NOT_RUN: Thread.sleep(4000)

2019-01-15 11:43:42 - [MESSAGE][NOT_RUN] - NOT_RUN: Thread.sleep(4000)

2019-01-15 11:43:42 - [TEST_STEP][PASSED] - click(findTestObject("TestUserLocation/categories")): Object: 'Object Repository/TestUserLocation/categories' is clicked on

2019-01-15 11:43:42 - [MESSAGE][PASSED] - Object: 'Object Repository/TestUserLocation/categories' is clicked on

2019-01-15 11:43:42 - [TEST_STEP][PASSED] - Thread.sleep(2000): null

2019-01-15 11:43:44 - [TEST_STEP][PASSED] - click(findTestObject("TestUserLocation/defaultArea")): Object: 'Object Repository/TestUserLocation/defaultArea' is clicked on

2019-01-15 11:43:44 - [MESSAGE][PASSED] - Object: 'Object Repository/TestUserLocation/defaultArea' is clicked on

2019-01-15 11:43:44 - [TEST_STEP][PASSED] - click(findTestObject("TestUserLocation/hoverHeading")): Object: 'Object Repository/TestUserLocation/hoverHeading' is clicked on

2019-01-15 11:43:44 - [MESSAGE][PASSED] - Object: 'Object Repository/TestUserLocation/hoverHeading' is clicked on

2019-01-15 11:43:44 - [TEST_STEP][PASSED] - click(findTestObject("TestUserLocation/addPlusIcon")): Object: 'Object Repository/TestUserLocation/addPlusIcon' is clicked on

2019-01-15 11:43:45 - [MESSAGE][PASSED] - Object: 'Object Repository/TestUserLocation/addPlusIcon' is clicked on

2019-01-15 11:43:45 - [TEST_STEP][PASSED] - setText(findTestObject("TestUserLocation/setNewName"), findTestData("LocationData").getValue("LocationName", 1)): Text 'Location_15/01/19-11:43' is set on object 'Object Repository/TestUserLocation/setNewName'

2019-01-15 11:43:45 - [MESSAGE][PASSED] - Text 'Location_15/01/19-11:43' is set on object 'Object Repository/TestUserLocation/setNewName'

2019-01-15 11:43:45 - [TEST_STEP][PASSED] - Thread.sleep(2000): null

2019-01-15 11:43:47 - [TEST_STEP][PASSED] - click(findTestObject("TestUserLocation/saveButton")): Object: 'Object Repository/TestUserLocation/saveButton' is clicked on

2019-01-15 11:43:47 - [MESSAGE][PASSED] - Object: 'Object Repository/TestUserLocation/saveButton' is clicked on

2019-01-15 11:43:47 - [TEST_STEP][PASSED] - Thread.sleep(4000): null

2019-01-15 11:43:51 - [TEST_STEP][PASSED] - AdminTool_Location.moveCursor(): AdminTool_Location.moveCursor is PASSED

2019-01-15 11:43:51 - [MESSAGE][PASSED] - AdminTool_Location.moveCursor is PASSED

2019-01-15 11:43:51 - [TEST_STEP][PASSED] - Thread.sleep(2000): null

2019-01-15 11:43:53 - [TEST_STEP][PASSED] - click(findTestObject("TestUserLocation/mainmenu_button")): Object: 'Object Repository/TestUserLocation/mainmenu_button' is clicked on

2019-01-15 11:43:53 - [MESSAGE][PASSED] - Object: 'Object Repository/TestUserLocation/mainmenu_button' is clicked on

2019-01-15 11:43:53 - [TEST_STEP][PASSED] - click(findTestObject("TestUserLocation/mainMenuLocation")): Object: 'Object Repository/TestUserLocation/mainMenuLocation' is clicked on

2019-01-15 11:43:54 - [MESSAGE][PASSED] - Object: 'Object Repository/TestUserLocation/mainMenuLocation' is clicked on

2019-01-15 11:43:54 - [TEST_STEP][PASSED] - Thread.sleep(4000): null

2019-01-15 11:43:58 - [TEST_STEP][PASSED] - AdminTool_Location.selectLocation(): Element has been clicked

2019-01-15 11:44:02 - [MESSAGE][PASSED] - Element has been clicked

2019-01-15 11:44:02 - [TEST_STEP][PASSED] - click(findTestObject("TestUserLocation/addPlusIcon")): Object: 'Object Repository/TestUserLocation/addPlusIcon' is clicked on

2019-01-15 11:44:02 - [MESSAGE][PASSED] - Object: 'Object Repository/TestUserLocation/addPlusIcon' is clicked on

2019-01-15 11:44:02 - [TEST_STEP][PASSED] - Thread.sleep(2000): null

2019-01-15 11:44:04 - [TEST_STEP][PASSED] - setText(findTestObject("TestUserLocation/setNewName"), findTestData("LocationData").getValue("SubLocationName", 1)): Text 'SubLocation_15/01/19-11:43' is set on object 'Object Repository/TestUserLocation/setNewName'

2019-01-15 11:44:05 - [MESSAGE][PASSED] - Text 'SubLocation_15/01/19-11:43' is set on object 'Object Repository/TestUserLocation/setNewName'

2019-01-15 11:44:05 - [TEST_STEP][PASSED] - Thread.sleep(2000): null

2019-01-15 11:44:07 - [TEST_STEP][PASSED] - click(findTestObject("TestUserLocation/saveLocationDetailButton")): Object: 'Object Repository/TestUserLocation/saveLocationDetailButton' is clicked on

2019-01-15 11:44:07 - [MESSAGE][PASSED] - Object: 'Object Repository/TestUserLocation/saveLocationDetailButton' is clicked on

2019-01-15 11:44:07 - [TEST_STEP][PASSED] - Thread.sleep(4000): null

2019-01-15 11:44:11 - [TEST_STEP][PASSED] - click(findTestObject("TestUserLocation/customerSelect")): Object: 'Object Repository/TestUserLocation/customerSelect' is clicked on

2019-01-15 11:44:11 - [MESSAGE][PASSED] - Object: 'Object Repository/TestUserLocation/customerSelect' is clicked on

2019-01-15 11:44:11 - [TEST_STEP][PASSED] - Thread.sleep(4000): null

2019-01-15 11:44:15 - [TEST_STEP][PASSED] - check(findTestObject("TestUserLocation/select4ResouceInCustomer")): Object 'Object Repository/TestUserLocation/select4ResouceInCustomer' is checked

2019-01-15 11:44:15 - [MESSAGE][PASSED] - Object 'Object Repository/TestUserLocation/select4ResouceInCustomer' is checked

2019-01-15 11:44:15 - [TEST_STEP][PASSED] - Thread.sleep(2000): null

2019-01-15 11:44:17 - [TEST_STEP][PASSED] - click(findTestObject("TestUserLocation/saveLocationDetailButton")): Object: 'Object Repository/TestUserLocation/saveLocationDetailButton' is clicked on

2019-01-15 11:44:17 - [MESSAGE][PASSED] - Object: 'Object Repository/TestUserLocation/saveLocationDetailButton' is clicked on]]></system-out>
         <system-err><![CDATA[]]></system-err>
      </testcase>
      <testcase name="Test Cases/CheckResoucesAsPerLocation/checkResource_Customer" classname="Test Cases/CheckResoucesAsPerLocation/checkResource_Customer" status="PASSED">
         <system-out><![CDATA[2019-01-15 11:44:17 - [TEST_CASE][PASSED] - Test Cases/CheckResoucesAsPerLocation/checkResource_Customer: Test Cases/CheckResoucesAsPerLocation/checkResource_Customer

2019-01-15 11:44:17 - [TEST_STEP][NOT_RUN] - openBrowser(URL): NOT_RUN: openBrowser(URL)

2019-01-15 11:44:17 - [MESSAGE][NOT_RUN] - NOT_RUN: openBrowser(URL)

2019-01-15 11:44:17 - [TEST_STEP][NOT_RUN] - maximizeWindow(): NOT_RUN: maximizeWindow()

2019-01-15 11:44:17 - [MESSAGE][NOT_RUN] - NOT_RUN: maximizeWindow()

2019-01-15 11:44:17 - [TEST_STEP][NOT_RUN] - setText(findTestObject("TestUserLocation/login_Username"), UserName): NOT_RUN: setText(findTestObject("TestUserLocation/login_Username"), UserName)

2019-01-15 11:44:17 - [MESSAGE][NOT_RUN] - NOT_RUN: setText(findTestObject("TestUserLocation/login_Username"), UserName)

2019-01-15 11:44:17 - [TEST_STEP][NOT_RUN] - setText(findTestObject("TestUserLocation/login_Password"), Password): NOT_RUN: setText(findTestObject("TestUserLocation/login_Password"), Password)

2019-01-15 11:44:17 - [MESSAGE][NOT_RUN] - NOT_RUN: setText(findTestObject("TestUserLocation/login_Password"), Password)

2019-01-15 11:44:17 - [TEST_STEP][PASSED] - AdminTool_Location.setCustomerName(): AdminTool_Location.setCustomerName is PASSED

2019-01-15 11:44:17 - [MESSAGE][PASSED] - AdminTool_Location.setCustomerName is PASSED

2019-01-15 11:44:17 - [TEST_STEP][NOT_RUN] - click(findTestObject("TestUserLocation/login_Button")): NOT_RUN: click(findTestObject("TestUserLocation/login_Button"))

2019-01-15 11:44:17 - [MESSAGE][NOT_RUN] - NOT_RUN: click(findTestObject("TestUserLocation/login_Button"))

2019-01-15 11:44:17 - [TEST_STEP][PASSED] - Thread.sleep(4000): null

2019-01-15 11:44:21 - [TEST_STEP][PASSED] - click(findTestObject("TestUserLocation/mainmenu_button")): Object: 'Object Repository/TestUserLocation/mainmenu_button' is clicked on

2019-01-15 11:44:22 - [MESSAGE][PASSED] - Object: 'Object Repository/TestUserLocation/mainmenu_button' is clicked on

2019-01-15 11:44:22 - [TEST_STEP][PASSED] - Thread.sleep(2000): null

2019-01-15 11:44:24 - [TEST_STEP][NOT_RUN] - click(findTestObject("TestUserLocation/adminTool")): NOT_RUN: click(findTestObject("TestUserLocation/adminTool"))

2019-01-15 11:44:24 - [MESSAGE][NOT_RUN] - NOT_RUN: click(findTestObject("TestUserLocation/adminTool"))

2019-01-15 11:44:24 - [TEST_STEP][PASSED] - click(findTestObject("TestUserLocation/mainMenuResourceDesigner")): Object: 'Object Repository/TestUserLocation/mainMenuResourceDesigner' is clicked on

2019-01-15 11:44:24 - [MESSAGE][PASSED] - Object: 'Object Repository/TestUserLocation/mainMenuResourceDesigner' is clicked on

2019-01-15 11:44:24 - [TEST_STEP][NOT_RUN] - Thread.sleep(2000): NOT_RUN: Thread.sleep(2000)

2019-01-15 11:44:24 - [MESSAGE][NOT_RUN] - NOT_RUN: Thread.sleep(2000)

2019-01-15 11:44:24 - [TEST_STEP][NOT_RUN] - click(findTestObject("TestUserLocation/yesDelete")): NOT_RUN: click(findTestObject("TestUserLocation/yesDelete"))

2019-01-15 11:44:24 - [MESSAGE][NOT_RUN] - NOT_RUN: click(findTestObject("TestUserLocation/yesDelete"))

2019-01-15 11:44:24 - [TEST_STEP][PASSED] - Thread.sleep(4000): null

2019-01-15 11:44:28 - [TEST_STEP][PASSED] - click(findTestObject("TestResource/customers")): Object: 'Object Repository/TestResource/customers' is clicked on

2019-01-15 11:44:28 - [MESSAGE][PASSED] - Object: 'Object Repository/TestResource/customers' is clicked on

2019-01-15 11:44:28 - [TEST_STEP][PASSED] - Thread.sleep(4000): null

2019-01-15 11:44:32 - [TEST_STEP][PASSED] - waitForElementClickable(findTestObject("TestUserLocation/categories"), 45): Object 'Object Repository/TestUserLocation/categories' is clickable

2019-01-15 11:44:32 - [MESSAGE][PASSED] - Object 'Object Repository/TestUserLocation/categories' is clickable

2019-01-15 11:44:32 - [TEST_STEP][PASSED] - click(findTestObject("TestUserLocation/categories")): Object: 'Object Repository/TestUserLocation/categories' is clicked on

2019-01-15 11:44:32 - [MESSAGE][PASSED] - Object: 'Object Repository/TestUserLocation/categories' is clicked on

2019-01-15 11:44:32 - [TEST_STEP][PASSED] - Thread.sleep(2000): null

2019-01-15 11:44:34 - [TEST_STEP][PASSED] - click(findTestObject("TestUserLocation/defaultArea")): Object: 'Object Repository/TestUserLocation/defaultArea' is clicked on

2019-01-15 11:44:34 - [MESSAGE][PASSED] - Object: 'Object Repository/TestUserLocation/defaultArea' is clicked on

2019-01-15 11:44:34 - [TEST_STEP][PASSED] - Thread.sleep(2000): null

2019-01-15 11:44:36 - [TEST_STEP][PASSED] - waitForElementClickable(findTestObject("TestUserLocation/hoverHeading"), 45): Object 'Object Repository/TestUserLocation/hoverHeading' is clickable

2019-01-15 11:44:36 - [MESSAGE][PASSED] - Object 'Object Repository/TestUserLocation/hoverHeading' is clickable

2019-01-15 11:44:36 - [TEST_STEP][PASSED] - click(findTestObject("TestUserLocation/hoverHeading")): Object: 'Object Repository/TestUserLocation/hoverHeading' is clicked on

2019-01-15 11:44:36 - [MESSAGE][PASSED] - Object: 'Object Repository/TestUserLocation/hoverHeading' is clicked on

2019-01-15 11:44:36 - [TEST_STEP][PASSED] - click(findTestObject("TestUserLocation/addPlusIcon")): Object: 'Object Repository/TestUserLocation/addPlusIcon' is clicked on

2019-01-15 11:44:36 - [MESSAGE][PASSED] - Object: 'Object Repository/TestUserLocation/addPlusIcon' is clicked on

2019-01-15 11:44:36 - [TEST_STEP][PASSED] - setText(findTestObject("TestUserLocation/setNewName"), findTestData("LocationData").getValue("CustomerName", 1)): Text 'Customer_15/01/19-11:44' is set on object 'Object Repository/TestUserLocation/setNewName'

2019-01-15 11:44:37 - [MESSAGE][PASSED] - Text 'Customer_15/01/19-11:44' is set on object 'Object Repository/TestUserLocation/setNewName'

2019-01-15 11:44:37 - [TEST_STEP][PASSED] - Thread.sleep(2000): null

2019-01-15 11:44:39 - [TEST_STEP][PASSED] - click(findTestObject("TestUserLocation/saveButton")): Object: 'Object Repository/TestUserLocation/saveButton' is clicked on

2019-01-15 11:44:39 - [MESSAGE][PASSED] - Object: 'Object Repository/TestUserLocation/saveButton' is clicked on

2019-01-15 11:44:39 - [TEST_STEP][PASSED] - Thread.sleep(4000): null

2019-01-15 11:44:43 - [TEST_STEP][PASSED] - Thread.sleep(4000): null

2019-01-15 11:44:47 - [TEST_STEP][PASSED] - click(findTestObject("TestUserLocation/mainmenu_button")): Object: 'Object Repository/TestUserLocation/mainmenu_button' is clicked on

2019-01-15 11:44:47 - [MESSAGE][PASSED] - Object: 'Object Repository/TestUserLocation/mainmenu_button' is clicked on

2019-01-15 11:44:47 - [TEST_STEP][PASSED] - Thread.sleep(2000): null

2019-01-15 11:44:49 - [TEST_STEP][PASSED] - click(findTestObject("TestResource/mainMenu_resources")): Object: 'Object Repository/TestResource/mainMenu_resources' is clicked on

2019-01-15 11:44:49 - [MESSAGE][PASSED] - Object: 'Object Repository/TestResource/mainMenu_resources' is clicked on

2019-01-15 11:44:49 - [TEST_STEP][PASSED] - Thread.sleep(4000): null

2019-01-15 11:44:53 - [TEST_STEP][PASSED] - click(findTestObject("TestResource/customers")): Object: 'Object Repository/TestResource/customers' is clicked on

2019-01-15 11:44:53 - [MESSAGE][PASSED] - Object: 'Object Repository/TestResource/customers' is clicked on

2019-01-15 11:44:53 - [TEST_STEP][PASSED] - Thread.sleep(4000): null

2019-01-15 11:44:57 - [TEST_STEP][PASSED] - AdminTool_Location.selectCustomer(): Element has been clicked

2019-01-15 11:45:02 - [MESSAGE][PASSED] - Element has been clicked

2019-01-15 11:45:02 - [TEST_STEP][PASSED] - Thread.sleep(4000): null

2019-01-15 11:45:06 - [TEST_STEP][PASSED] - waitForElementClickable(findTestObject("TestUserLocation/addPlusIcon"), 45): Object 'Object Repository/TestUserLocation/addPlusIcon' is clickable

2019-01-15 11:45:06 - [MESSAGE][PASSED] - Object 'Object Repository/TestUserLocation/addPlusIcon' is clickable

2019-01-15 11:45:06 - [TEST_STEP][PASSED] - click(findTestObject("TestUserLocation/addPlusIcon")): Object: 'Object Repository/TestUserLocation/addPlusIcon' is clicked on

2019-01-15 11:45:06 - [MESSAGE][PASSED] - Object: 'Object Repository/TestUserLocation/addPlusIcon' is clicked on

2019-01-15 11:45:06 - [TEST_STEP][PASSED] - Thread.sleep(2000): null

2019-01-15 11:45:08 - [TEST_STEP][PASSED] - setText(findTestObject("TestUserLocation/setNewName"), findTestData("LocationData").getValue("SubCustomerName1", 1)): Text 'SubCustomer1_15/01/19-11:44' is set on object 'Object Repository/TestUserLocation/setNewName'

2019-01-15 11:45:08 - [MESSAGE][PASSED] - Text 'SubCustomer1_15/01/19-11:44' is set on object 'Object Repository/TestUserLocation/setNewName'

2019-01-15 11:45:08 - [TEST_STEP][PASSED] - setText(findTestObject("TestResource/setPhoneNumber"), "912378456"): Text '912378456' is set on object 'Object Repository/TestResource/setPhoneNumber'

2019-01-15 11:45:09 - [MESSAGE][PASSED] - Text '912378456' is set on object 'Object Repository/TestResource/setPhoneNumber'

2019-01-15 11:45:09 - [TEST_STEP][PASSED] - Thread.sleep(2000): null

2019-01-15 11:45:11 - [TEST_STEP][PASSED] - click(findTestObject("TestResource/saveDetailButton")): Object: 'Object Repository/TestResource/saveDetailButton' is clicked on

2019-01-15 11:45:11 - [MESSAGE][PASSED] - Object: 'Object Repository/TestResource/saveDetailButton' is clicked on

2019-01-15 11:45:11 - [TEST_STEP][PASSED] - Thread.sleep(7000): null

2019-01-15 11:45:18 - [TEST_STEP][PASSED] - click(findTestObject("TestResource/disableResource")): Object: 'Object Repository/TestResource/disableResource' is clicked on

2019-01-15 11:45:18 - [MESSAGE][PASSED] - Object: 'Object Repository/TestResource/disableResource' is clicked on

2019-01-15 11:45:18 - [TEST_STEP][PASSED] - Thread.sleep(2000): null

2019-01-15 11:45:20 - [TEST_STEP][PASSED] - click(findTestObject("TestResource/button2Yes")): Object: 'Object Repository/TestResource/button2Yes' is clicked on

2019-01-15 11:45:20 - [MESSAGE][PASSED] - Object: 'Object Repository/TestResource/button2Yes' is clicked on

2019-01-15 11:45:20 - [TEST_STEP][PASSED] - Thread.sleep(2000): null

2019-01-15 11:45:22 - [TEST_STEP][PASSED] - click(findTestObject("TestResource/saveDetailButton")): Object: 'Object Repository/TestResource/saveDetailButton' is clicked on

2019-01-15 11:45:22 - [MESSAGE][PASSED] - Object: 'Object Repository/TestResource/saveDetailButton' is clicked on

2019-01-15 11:45:22 - [TEST_STEP][PASSED] - Thread.sleep(7000): null

2019-01-15 11:45:29 - [TEST_STEP][PASSED] - click(findTestObject("TestResource/linksTab")): Object: 'Object Repository/TestResource/linksTab' is clicked on

2019-01-15 11:45:29 - [MESSAGE][PASSED] - Object: 'Object Repository/TestResource/linksTab' is clicked on

2019-01-15 11:45:29 - [TEST_STEP][PASSED] - Thread.sleep(2000): null

2019-01-15 11:45:31 - [TEST_STEP][PASSED] - click(findTestObject("TestResource/addLink")): Object: 'Object Repository/TestResource/addLink' is clicked on

2019-01-15 11:45:31 - [MESSAGE][PASSED] - Object: 'Object Repository/TestResource/addLink' is clicked on

2019-01-15 11:45:31 - [TEST_STEP][PASSED] - Thread.sleep(5000): null

2019-01-15 11:45:36 - [TEST_STEP][PASSED] - check(findTestObject("TestResource/selectSecondResourceToLink")): Object 'Object Repository/TestResource/selectSecondResourceToLink' is checked

2019-01-15 11:45:37 - [MESSAGE][PASSED] - Object 'Object Repository/TestResource/selectSecondResourceToLink' is checked

2019-01-15 11:45:37 - [TEST_STEP][PASSED] - AdminTool_Location.resourceLinkName(): AdminTool_Location.resourceLinkName is PASSED

2019-01-15 11:45:37 - [MESSAGE][PASSED] - AdminTool_Location.resourceLinkName is PASSED

2019-01-15 11:45:37 - [TEST_STEP][PASSED] - Thread.sleep(2000): null

2019-01-15 11:45:39 - [TEST_STEP][PASSED] - click(findTestObject("TestResource/button2Save")): Object: 'Object Repository/TestResource/button2Save' is clicked on

2019-01-15 11:45:39 - [MESSAGE][PASSED] - Object: 'Object Repository/TestResource/button2Save' is clicked on

2019-01-15 11:45:39 - [TEST_STEP][PASSED] - Thread.sleep(4000): null

2019-01-15 11:45:43 - [TEST_STEP][PASSED] - click(findTestObject("TestResource/locationTab")): Object: 'Object Repository/TestResource/locationTab' is clicked on

2019-01-15 11:45:43 - [MESSAGE][PASSED] - Object: 'Object Repository/TestResource/locationTab' is clicked on

2019-01-15 11:45:43 - [TEST_STEP][PASSED] - Thread.sleep(5000): null

2019-01-15 11:45:48 - [TEST_STEP][PASSED] - AdminTool_Location.checkLocation(): AdminTool_Location.checkLocation is PASSED

2019-01-15 11:45:50 - [MESSAGE][PASSED] - AdminTool_Location.checkLocation is PASSED

2019-01-15 11:45:50 - [TEST_STEP][PASSED] - Thread.sleep(4000): null

2019-01-15 11:45:54 - [TEST_STEP][PASSED] - click(findTestObject("TestResource/saveLocation")): Object: 'Object Repository/TestResource/saveLocation' is clicked on

2019-01-15 11:45:54 - [MESSAGE][PASSED] - Object: 'Object Repository/TestResource/saveLocation' is clicked on

2019-01-15 11:45:54 - [TEST_STEP][PASSED] - click(findTestObject("TestUserLocation/mainmenu_button")): Object: 'Object Repository/TestUserLocation/mainmenu_button' is clicked on

2019-01-15 11:45:55 - [MESSAGE][PASSED] - Object: 'Object Repository/TestUserLocation/mainmenu_button' is clicked on

2019-01-15 11:45:55 - [TEST_STEP][PASSED] - Thread.sleep(2000): null

2019-01-15 11:45:57 - [TEST_STEP][PASSED] - click(findTestObject("TestResource/mainMenu_resources")): Object: 'Object Repository/TestResource/mainMenu_resources' is clicked on

2019-01-15 11:45:57 - [MESSAGE][PASSED] - Object: 'Object Repository/TestResource/mainMenu_resources' is clicked on

2019-01-15 11:45:57 - [TEST_STEP][PASSED] - Thread.sleep(4000): null

2019-01-15 11:46:01 - [TEST_STEP][PASSED] - click(findTestObject("TestResource/customers")): Object: 'Object Repository/TestResource/customers' is clicked on

2019-01-15 11:46:01 - [MESSAGE][PASSED] - Object: 'Object Repository/TestResource/customers' is clicked on

2019-01-15 11:46:01 - [TEST_STEP][PASSED] - Thread.sleep(4000): null

2019-01-15 11:46:05 - [TEST_STEP][PASSED] - AdminTool_Location.selectCustomer(): Element has been clicked

2019-01-15 11:46:09 - [MESSAGE][PASSED] - Element has been clicked

2019-01-15 11:46:09 - [TEST_STEP][PASSED] - Thread.sleep(4000): null

2019-01-15 11:46:13 - [TEST_STEP][PASSED] - waitForElementClickable(findTestObject("TestUserLocation/addPlusIcon"), 45): Object 'Object Repository/TestUserLocation/addPlusIcon' is clickable

2019-01-15 11:46:13 - [MESSAGE][PASSED] - Object 'Object Repository/TestUserLocation/addPlusIcon' is clickable

2019-01-15 11:46:13 - [TEST_STEP][PASSED] - click(findTestObject("TestUserLocation/addPlusIcon")): Object: 'Object Repository/TestUserLocation/addPlusIcon' is clicked on

2019-01-15 11:46:14 - [MESSAGE][PASSED] - Object: 'Object Repository/TestUserLocation/addPlusIcon' is clicked on

2019-01-15 11:46:14 - [TEST_STEP][PASSED] - Thread.sleep(2000): null

2019-01-15 11:46:16 - [TEST_STEP][PASSED] - setText(findTestObject("TestUserLocation/setNewName"), findTestData("LocationData").getValue("SubCustomerName2", 1)): Text 'SubCustomer2_15/01/19-11:44' is set on object 'Object Repository/TestUserLocation/setNewName'

2019-01-15 11:46:16 - [MESSAGE][PASSED] - Text 'SubCustomer2_15/01/19-11:44' is set on object 'Object Repository/TestUserLocation/setNewName'

2019-01-15 11:46:16 - [TEST_STEP][PASSED] - setText(findTestObject("TestResource/setPhoneNumber"), "912378456"): Text '912378456' is set on object 'Object Repository/TestResource/setPhoneNumber'

2019-01-15 11:46:16 - [MESSAGE][PASSED] - Text '912378456' is set on object 'Object Repository/TestResource/setPhoneNumber'

2019-01-15 11:46:16 - [TEST_STEP][PASSED] - Thread.sleep(2000): null

2019-01-15 11:46:18 - [TEST_STEP][PASSED] - click(findTestObject("TestResource/saveDetailButton")): Object: 'Object Repository/TestResource/saveDetailButton' is clicked on

2019-01-15 11:46:19 - [MESSAGE][PASSED] - Object: 'Object Repository/TestResource/saveDetailButton' is clicked on

2019-01-15 11:46:19 - [TEST_STEP][PASSED] - AdminTool_Location.moveCursor(): AdminTool_Location.moveCursor is PASSED

2019-01-15 11:46:19 - [MESSAGE][PASSED] - AdminTool_Location.moveCursor is PASSED

2019-01-15 11:46:19 - [TEST_STEP][PASSED] - Thread.sleep(2000): null

2019-01-15 11:46:21 - [TEST_STEP][PASSED] - Thread.sleep(7000): null

2019-01-15 11:46:28 - [TEST_STEP][PASSED] - click(findTestObject("TestResource/linksTab")): Object: 'Object Repository/TestResource/linksTab' is clicked on

2019-01-15 11:46:28 - [MESSAGE][PASSED] - Object: 'Object Repository/TestResource/linksTab' is clicked on

2019-01-15 11:46:28 - [TEST_STEP][PASSED] - Thread.sleep(2000): null

2019-01-15 11:46:30 - [TEST_STEP][PASSED] - click(findTestObject("TestResource/addLink")): Object: 'Object Repository/TestResource/addLink' is clicked on

2019-01-15 11:46:30 - [MESSAGE][PASSED] - Object: 'Object Repository/TestResource/addLink' is clicked on

2019-01-15 11:46:30 - [TEST_STEP][PASSED] - Thread.sleep(5000): null

2019-01-15 11:46:35 - [TEST_STEP][PASSED] - check(findTestObject("TestResource/selectSecondResourceToLink")): Object 'Object Repository/TestResource/selectSecondResourceToLink' is checked

2019-01-15 11:46:35 - [MESSAGE][PASSED] - Object 'Object Repository/TestResource/selectSecondResourceToLink' is checked

2019-01-15 11:46:35 - [TEST_STEP][PASSED] - AdminTool_Location.resourceLinkName(): AdminTool_Location.resourceLinkName is PASSED

2019-01-15 11:46:35 - [MESSAGE][PASSED] - AdminTool_Location.resourceLinkName is PASSED

2019-01-15 11:46:35 - [TEST_STEP][PASSED] - Thread.sleep(2000): null

2019-01-15 11:46:37 - [TEST_STEP][PASSED] - click(findTestObject("TestResource/button2Save")): Object: 'Object Repository/TestResource/button2Save' is clicked on

2019-01-15 11:46:37 - [MESSAGE][PASSED] - Object: 'Object Repository/TestResource/button2Save' is clicked on

2019-01-15 11:46:37 - [TEST_STEP][PASSED] - Thread.sleep(4000): null

2019-01-15 11:46:41 - [TEST_STEP][PASSED] - click(findTestObject("TestResource/locationTab")): Object: 'Object Repository/TestResource/locationTab' is clicked on

2019-01-15 11:46:41 - [MESSAGE][PASSED] - Object: 'Object Repository/TestResource/locationTab' is clicked on

2019-01-15 11:46:41 - [TEST_STEP][PASSED] - Thread.sleep(5000): null

2019-01-15 11:46:46 - [TEST_STEP][PASSED] - AdminTool_Location.checkLocation(): AdminTool_Location.checkLocation is PASSED

2019-01-15 11:46:49 - [MESSAGE][PASSED] - AdminTool_Location.checkLocation is PASSED

2019-01-15 11:46:49 - [TEST_STEP][PASSED] - Thread.sleep(4000): null

2019-01-15 11:46:53 - [TEST_STEP][PASSED] - click(findTestObject("TestResource/saveLocation")): Object: 'Object Repository/TestResource/saveLocation' is clicked on

2019-01-15 11:46:53 - [MESSAGE][PASSED] - Object: 'Object Repository/TestResource/saveLocation' is clicked on]]></system-out>
         <system-err><![CDATA[]]></system-err>
      </testcase>
      <testcase name="Test Cases/CheckResoucesAsPerLocation/validateResource" classname="Test Cases/CheckResoucesAsPerLocation/validateResource" status="PASSED">
         <system-out><![CDATA[2019-01-15 11:46:53 - [TEST_CASE][PASSED] - Test Cases/CheckResoucesAsPerLocation/validateResource: Test Cases/CheckResoucesAsPerLocation/validateResource

2019-01-15 11:46:53 - [TEST_STEP][NOT_RUN] - openBrowser(URL): NOT_RUN: openBrowser(URL)

2019-01-15 11:46:53 - [MESSAGE][NOT_RUN] - NOT_RUN: openBrowser(URL)

2019-01-15 11:46:53 - [TEST_STEP][NOT_RUN] - maximizeWindow(): NOT_RUN: maximizeWindow()

2019-01-15 11:46:53 - [MESSAGE][NOT_RUN] - NOT_RUN: maximizeWindow()

2019-01-15 11:46:53 - [TEST_STEP][NOT_RUN] - setText(findTestObject("Form_Selection_Creation/login_Username"), UserName): NOT_RUN: setText(findTestObject("Form_Selection_Creation/login_Username"), UserName)

2019-01-15 11:46:53 - [MESSAGE][NOT_RUN] - NOT_RUN: setText(findTestObject("Form_Selection_Creation/login_Username"), UserName)

2019-01-15 11:46:53 - [TEST_STEP][NOT_RUN] - setText(findTestObject("Form_Selection_Creation/login_Password"), Password11): NOT_RUN: setText(findTestObject("Form_Selection_Creation/login_Password"), Password11)

2019-01-15 11:46:53 - [MESSAGE][NOT_RUN] - NOT_RUN: setText(findTestObject("Form_Selection_Creation/login_Password"), Password11)

2019-01-15 11:46:53 - [TEST_STEP][PASSED] - Thread.sleep(4000): null

2019-01-15 11:46:57 - [TEST_STEP][PASSED] - FormName.setData(): FormName.setData is PASSED

2019-01-15 11:46:57 - [MESSAGE][PASSED] - FormName.setData is PASSED

2019-01-15 11:46:57 - [TEST_STEP][NOT_RUN] - click(findTestObject("Form_Selection_Creation/login_Button")): NOT_RUN: click(findTestObject("Form_Selection_Creation/login_Button"))

2019-01-15 11:46:57 - [MESSAGE][NOT_RUN] - NOT_RUN: click(findTestObject("Form_Selection_Creation/login_Button"))

2019-01-15 11:46:57 - [TEST_STEP][PASSED] - click(findTestObject("Form_Selection_Creation/mainMenu_Button")): Object: 'Object Repository/Form_Selection_Creation/mainMenu_Button' is clicked on

2019-01-15 11:47:13 - [MESSAGE][PASSED] - Object: 'Object Repository/Form_Selection_Creation/mainMenu_Button' is clicked on

2019-01-15 11:47:13 - [TEST_STEP][PASSED] - Thread.sleep(2000): null

2019-01-15 11:47:15 - [TEST_STEP][NOT_RUN] - click(findTestObject("Form_Selection_Creation/mainMenu_AdminTools")): NOT_RUN: click(findTestObject("Form_Selection_Creation/mainMenu_AdminTools"))

2019-01-15 11:47:15 - [MESSAGE][NOT_RUN] - NOT_RUN: click(findTestObject("Form_Selection_Creation/mainMenu_AdminTools"))

2019-01-15 11:47:15 - [TEST_STEP][PASSED] - click(findTestObject("Form_Selection_Creation/mainMenu_AdminTools_FormDesigner")): Object: 'Object Repository/Form_Selection_Creation/mainMenu_AdminTools_FormDesigner' is clicked on

2019-01-15 11:47:15 - [MESSAGE][PASSED] - Object: 'Object Repository/Form_Selection_Creation/mainMenu_AdminTools_FormDesigner' is clicked on

2019-01-15 11:47:15 - [TEST_STEP][PASSED] - click(findTestObject("Form_Selection_Creation/selectCheckForm")): Object: 'Object Repository/Form_Selection_Creation/selectCheckForm' is clicked on

2019-01-15 11:47:15 - [MESSAGE][PASSED] - Object: 'Object Repository/Form_Selection_Creation/selectCheckForm' is clicked on

2019-01-15 11:47:15 - [TEST_STEP][PASSED] - Thread.sleep(5000): null

2019-01-15 11:47:20 - [TEST_STEP][PASSED] - AdminTool_Location.moveCursor(): AdminTool_Location.moveCursor is PASSED

2019-01-15 11:47:20 - [MESSAGE][PASSED] - AdminTool_Location.moveCursor is PASSED

2019-01-15 11:47:20 - [TEST_STEP][PASSED] - Thread.sleep(2000): null

2019-01-15 11:47:22 - [TEST_STEP][PASSED] - AdminTool_Location.selectResType(): AdminTool_Location.selectResType is PASSED

2019-01-15 11:47:32 - [MESSAGE][PASSED] - AdminTool_Location.selectResType is PASSED

2019-01-15 11:47:32 - [TEST_STEP][PASSED] - AdminTool_Location.dragDropRes(): Element has been clicked

2019-01-15 11:47:37 - [MESSAGE][PASSED] - Element has been clicked

2019-01-15 11:47:37 - [TEST_STEP][PASSED] - Thread.sleep(5000): null

2019-01-15 11:47:42 - [TEST_STEP][NOT_RUN] - dragAndDropToObject(findTestObject("null"), findTestObject("Form_Selection_Creation/Target_Res_Object")): NOT_RUN: dragAndDropToObject(findTestObject("null"), findTestObject("Form_Selection_Creation/Target_Res_Object"))

2019-01-15 11:47:42 - [MESSAGE][NOT_RUN] - NOT_RUN: dragAndDropToObject(findTestObject("null"), findTestObject("Form_Selection_Creation/Target_Res_Object"))

2019-01-15 11:47:42 - [TEST_STEP][PASSED] - AdminTool_Location.validate(): AdminTool_Location.validate is PASSED

2019-01-15 11:47:42 - [MESSAGE][PASSED] - AdminTool_Location.validate is PASSED

2019-01-15 11:47:42 - [TEST_STEP][PASSED] - s = getText(findTestObject("TestResource/testText")): Text of object 'Object Repository/TestResource/testText' is: 'Customers > Customer_15/01/19-11:44 > SubCustomer2_15/01/19-11:44'

2019-01-15 11:47:42 - [MESSAGE][PASSED] - Text of object 'Object Repository/TestResource/testText' is: 'Customers > Customer_15/01/19-11:44 > SubCustomer2_15/01/19-11:44'

2019-01-15 11:47:42 - [TEST_STEP][PASSED] - println(s): null]]></system-out>
         <system-err><![CDATA[]]></system-err>
      </testcase>
      <testcase name="Test Cases/CheckResoucesAsPerLocation/checkResource_Equipment" classname="Test Cases/CheckResoucesAsPerLocation/checkResource_Equipment" status="PASSED">
         <system-out><![CDATA[2019-01-15 11:47:42 - [TEST_CASE][PASSED] - Test Cases/CheckResoucesAsPerLocation/checkResource_Equipment: Test Cases/CheckResoucesAsPerLocation/checkResource_Equipment

2019-01-15 11:47:42 - [TEST_STEP][NOT_RUN] - openBrowser(URL): NOT_RUN: openBrowser(URL)

2019-01-15 11:47:42 - [MESSAGE][NOT_RUN] - NOT_RUN: openBrowser(URL)

2019-01-15 11:47:42 - [TEST_STEP][NOT_RUN] - maximizeWindow(): NOT_RUN: maximizeWindow()

2019-01-15 11:47:42 - [MESSAGE][NOT_RUN] - NOT_RUN: maximizeWindow()

2019-01-15 11:47:42 - [TEST_STEP][NOT_RUN] - setText(findTestObject("TestUserLocation/login_Username"), UserName): NOT_RUN: setText(findTestObject("TestUserLocation/login_Username"), UserName)

2019-01-15 11:47:42 - [MESSAGE][NOT_RUN] - NOT_RUN: setText(findTestObject("TestUserLocation/login_Username"), UserName)

2019-01-15 11:47:42 - [TEST_STEP][NOT_RUN] - setText(findTestObject("TestUserLocation/login_Password"), Password): NOT_RUN: setText(findTestObject("TestUserLocation/login_Password"), Password)

2019-01-15 11:47:42 - [MESSAGE][NOT_RUN] - NOT_RUN: setText(findTestObject("TestUserLocation/login_Password"), Password)

2019-01-15 11:47:42 - [TEST_STEP][PASSED] - AdminTool_Location.setEquipmentName(): AdminTool_Location.setEquipmentName is PASSED

2019-01-15 11:47:42 - [MESSAGE][PASSED] - AdminTool_Location.setEquipmentName is PASSED

2019-01-15 11:47:42 - [TEST_STEP][NOT_RUN] - click(findTestObject("TestUserLocation/login_Button")): NOT_RUN: click(findTestObject("TestUserLocation/login_Button"))

2019-01-15 11:47:42 - [MESSAGE][NOT_RUN] - NOT_RUN: click(findTestObject("TestUserLocation/login_Button"))

2019-01-15 11:47:42 - [TEST_STEP][PASSED] - Thread.sleep(4000): null

2019-01-15 11:47:46 - [TEST_STEP][PASSED] - click(findTestObject("TestUserLocation/mainmenu_button")): Object: 'Object Repository/TestUserLocation/mainmenu_button' is clicked on

2019-01-15 11:47:46 - [MESSAGE][PASSED] - Object: 'Object Repository/TestUserLocation/mainmenu_button' is clicked on

2019-01-15 11:47:46 - [TEST_STEP][PASSED] - Thread.sleep(2000): null

2019-01-15 11:47:48 - [TEST_STEP][NOT_RUN] - click(findTestObject("TestUserLocation/adminTool")): NOT_RUN: click(findTestObject("TestUserLocation/adminTool"))

2019-01-15 11:47:48 - [MESSAGE][NOT_RUN] - NOT_RUN: click(findTestObject("TestUserLocation/adminTool"))

2019-01-15 11:47:48 - [TEST_STEP][PASSED] - click(findTestObject("TestUserLocation/mainMenuResourceDesigner")): Object: 'Object Repository/TestUserLocation/mainMenuResourceDesigner' is clicked on

2019-01-15 11:47:48 - [MESSAGE][PASSED] - Object: 'Object Repository/TestUserLocation/mainMenuResourceDesigner' is clicked on

2019-01-15 11:47:48 - [TEST_STEP][PASSED] - Thread.sleep(2000): null

2019-01-15 11:47:50 - [TEST_STEP][PASSED] - click(findTestObject("TestUserLocation/yesDelete")): Object: 'Object Repository/TestUserLocation/yesDelete' is clicked on

2019-01-15 11:47:51 - [MESSAGE][PASSED] - Object: 'Object Repository/TestUserLocation/yesDelete' is clicked on

2019-01-15 11:47:51 - [TEST_STEP][PASSED] - Thread.sleep(4000): null

2019-01-15 11:47:55 - [TEST_STEP][PASSED] - click(findTestObject("TestResource/equipment")): Object: 'Object Repository/TestResource/equipment' is clicked on

2019-01-15 11:47:55 - [MESSAGE][PASSED] - Object: 'Object Repository/TestResource/equipment' is clicked on

2019-01-15 11:47:55 - [TEST_STEP][PASSED] - Thread.sleep(4000): null

2019-01-15 11:47:59 - [TEST_STEP][PASSED] - waitForElementClickable(findTestObject("TestUserLocation/categories"), 45): Object 'Object Repository/TestUserLocation/categories' is clickable

2019-01-15 11:47:59 - [MESSAGE][PASSED] - Object 'Object Repository/TestUserLocation/categories' is clickable

2019-01-15 11:47:59 - [TEST_STEP][PASSED] - click(findTestObject("TestUserLocation/categories")): Object: 'Object Repository/TestUserLocation/categories' is clicked on

2019-01-15 11:47:59 - [MESSAGE][PASSED] - Object: 'Object Repository/TestUserLocation/categories' is clicked on

2019-01-15 11:47:59 - [TEST_STEP][PASSED] - Thread.sleep(2000): null

2019-01-15 11:48:01 - [TEST_STEP][PASSED] - click(findTestObject("TestUserLocation/defaultArea")): Object: 'Object Repository/TestUserLocation/defaultArea' is clicked on

2019-01-15 11:48:01 - [MESSAGE][PASSED] - Object: 'Object Repository/TestUserLocation/defaultArea' is clicked on

2019-01-15 11:48:01 - [TEST_STEP][PASSED] - Thread.sleep(2000): null

2019-01-15 11:48:03 - [TEST_STEP][PASSED] - click(findTestObject("TestUserLocation/hoverHeading")): Object: 'Object Repository/TestUserLocation/hoverHeading' is clicked on

2019-01-15 11:48:03 - [MESSAGE][PASSED] - Object: 'Object Repository/TestUserLocation/hoverHeading' is clicked on

2019-01-15 11:48:03 - [TEST_STEP][PASSED] - click(findTestObject("TestUserLocation/addPlusIcon")): Object: 'Object Repository/TestUserLocation/addPlusIcon' is clicked on

2019-01-15 11:48:03 - [MESSAGE][PASSED] - Object: 'Object Repository/TestUserLocation/addPlusIcon' is clicked on

2019-01-15 11:48:03 - [TEST_STEP][PASSED] - setText(findTestObject("TestUserLocation/setNewName"), findTestData("LocationData").getValue("EquipmentName", 1)): Text 'Equipment_15/01/19-11:47' is set on object 'Object Repository/TestUserLocation/setNewName'

2019-01-15 11:48:03 - [MESSAGE][PASSED] - Text 'Equipment_15/01/19-11:47' is set on object 'Object Repository/TestUserLocation/setNewName'

2019-01-15 11:48:03 - [TEST_STEP][PASSED] - Thread.sleep(2000): null

2019-01-15 11:48:05 - [TEST_STEP][PASSED] - click(findTestObject("TestUserLocation/saveButton")): Object: 'Object Repository/TestUserLocation/saveButton' is clicked on

2019-01-15 11:48:06 - [MESSAGE][PASSED] - Object: 'Object Repository/TestUserLocation/saveButton' is clicked on

2019-01-15 11:48:06 - [TEST_STEP][PASSED] - Thread.sleep(4000): null

2019-01-15 11:48:10 - [TEST_STEP][PASSED] - Thread.sleep(4000): null

2019-01-15 11:48:14 - [TEST_STEP][PASSED] - click(findTestObject("TestUserLocation/mainmenu_button")): Object: 'Object Repository/TestUserLocation/mainmenu_button' is clicked on

2019-01-15 11:48:14 - [MESSAGE][PASSED] - Object: 'Object Repository/TestUserLocation/mainmenu_button' is clicked on

2019-01-15 11:48:14 - [TEST_STEP][PASSED] - Thread.sleep(2000): null

2019-01-15 11:48:16 - [TEST_STEP][PASSED] - click(findTestObject("TestResource/mainMenu_resources")): Object: 'Object Repository/TestResource/mainMenu_resources' is clicked on

2019-01-15 11:48:16 - [MESSAGE][PASSED] - Object: 'Object Repository/TestResource/mainMenu_resources' is clicked on

2019-01-15 11:48:16 - [TEST_STEP][PASSED] - Thread.sleep(4000): null

2019-01-15 11:48:20 - [TEST_STEP][PASSED] - click(findTestObject("TestResource/equipment")): Object: 'Object Repository/TestResource/equipment' is clicked on

2019-01-15 11:48:20 - [MESSAGE][PASSED] - Object: 'Object Repository/TestResource/equipment' is clicked on

2019-01-15 11:48:20 - [TEST_STEP][PASSED] - Thread.sleep(4000): null

2019-01-15 11:48:24 - [TEST_STEP][PASSED] - AdminTool_Location.selectEquipment(): Element has been clicked

2019-01-15 11:48:28 - [MESSAGE][PASSED] - Element has been clicked

2019-01-15 11:48:28 - [TEST_STEP][PASSED] - Thread.sleep(4000): null

2019-01-15 11:48:32 - [TEST_STEP][PASSED] - waitForElementClickable(findTestObject("TestUserLocation/addPlusIcon"), 45): Object 'Object Repository/TestUserLocation/addPlusIcon' is clickable

2019-01-15 11:48:32 - [MESSAGE][PASSED] - Object 'Object Repository/TestUserLocation/addPlusIcon' is clickable

2019-01-15 11:48:32 - [TEST_STEP][PASSED] - click(findTestObject("TestUserLocation/addPlusIcon")): Object: 'Object Repository/TestUserLocation/addPlusIcon' is clicked on

2019-01-15 11:48:32 - [MESSAGE][PASSED] - Object: 'Object Repository/TestUserLocation/addPlusIcon' is clicked on

2019-01-15 11:48:32 - [TEST_STEP][PASSED] - Thread.sleep(2000): null

2019-01-15 11:48:34 - [TEST_STEP][PASSED] - setText(findTestObject("TestUserLocation/setNewName"), findTestData("LocationData").getValue("SubEquipmentName1", 1)): Text 'SubEquipment1_15/01/19-11:47' is set on object 'Object Repository/TestUserLocation/setNewName'

2019-01-15 11:48:35 - [MESSAGE][PASSED] - Text 'SubEquipment1_15/01/19-11:47' is set on object 'Object Repository/TestUserLocation/setNewName'

2019-01-15 11:48:35 - [TEST_STEP][PASSED] - setText(findTestObject("TestResource/setPhoneNumber"), "912378456"): Text '912378456' is set on object 'Object Repository/TestResource/setPhoneNumber'

2019-01-15 11:48:35 - [MESSAGE][PASSED] - Text '912378456' is set on object 'Object Repository/TestResource/setPhoneNumber'

2019-01-15 11:48:35 - [TEST_STEP][PASSED] - Thread.sleep(2000): null

2019-01-15 11:48:37 - [TEST_STEP][PASSED] - click(findTestObject("TestResource/saveDetailButton")): Object: 'Object Repository/TestResource/saveDetailButton' is clicked on

2019-01-15 11:48:37 - [MESSAGE][PASSED] - Object: 'Object Repository/TestResource/saveDetailButton' is clicked on

2019-01-15 11:48:37 - [TEST_STEP][PASSED] - Thread.sleep(7000): null

2019-01-15 11:48:44 - [TEST_STEP][PASSED] - click(findTestObject("TestResource/disableResource")): Object: 'Object Repository/TestResource/disableResource' is clicked on

2019-01-15 11:48:44 - [MESSAGE][PASSED] - Object: 'Object Repository/TestResource/disableResource' is clicked on

2019-01-15 11:48:44 - [TEST_STEP][PASSED] - Thread.sleep(2000): null

2019-01-15 11:48:46 - [TEST_STEP][PASSED] - click(findTestObject("TestResource/button2Yes")): Object: 'Object Repository/TestResource/button2Yes' is clicked on

2019-01-15 11:48:46 - [MESSAGE][PASSED] - Object: 'Object Repository/TestResource/button2Yes' is clicked on

2019-01-15 11:48:46 - [TEST_STEP][PASSED] - Thread.sleep(2000): null

2019-01-15 11:48:48 - [TEST_STEP][PASSED] - click(findTestObject("TestResource/saveDetailButton")): Object: 'Object Repository/TestResource/saveDetailButton' is clicked on

2019-01-15 11:48:48 - [MESSAGE][PASSED] - Object: 'Object Repository/TestResource/saveDetailButton' is clicked on

2019-01-15 11:48:48 - [TEST_STEP][PASSED] - Thread.sleep(7000): null

2019-01-15 11:48:55 - [TEST_STEP][PASSED] - click(findTestObject("TestResource/linksTab")): Object: 'Object Repository/TestResource/linksTab' is clicked on

2019-01-15 11:48:56 - [MESSAGE][PASSED] - Object: 'Object Repository/TestResource/linksTab' is clicked on

2019-01-15 11:48:56 - [TEST_STEP][PASSED] - Thread.sleep(2000): null

2019-01-15 11:48:58 - [TEST_STEP][PASSED] - click(findTestObject("TestResource/addLink")): Object: 'Object Repository/TestResource/addLink' is clicked on

2019-01-15 11:48:58 - [MESSAGE][PASSED] - Object: 'Object Repository/TestResource/addLink' is clicked on

2019-01-15 11:48:58 - [TEST_STEP][PASSED] - Thread.sleep(5000): null

2019-01-15 11:49:03 - [TEST_STEP][PASSED] - check(findTestObject("TestResource/selectSecondResourceToLink")): Object 'Object Repository/TestResource/selectSecondResourceToLink' is checked

2019-01-15 11:49:03 - [MESSAGE][PASSED] - Object 'Object Repository/TestResource/selectSecondResourceToLink' is checked

2019-01-15 11:49:03 - [TEST_STEP][PASSED] - AdminTool_Location.resourceLinkName(): AdminTool_Location.resourceLinkName is PASSED

2019-01-15 11:49:03 - [MESSAGE][PASSED] - AdminTool_Location.resourceLinkName is PASSED

2019-01-15 11:49:03 - [TEST_STEP][PASSED] - Thread.sleep(2000): null

2019-01-15 11:49:05 - [TEST_STEP][PASSED] - click(findTestObject("TestResource/button2Save")): Object: 'Object Repository/TestResource/button2Save' is clicked on

2019-01-15 11:49:05 - [MESSAGE][PASSED] - Object: 'Object Repository/TestResource/button2Save' is clicked on

2019-01-15 11:49:05 - [TEST_STEP][PASSED] - Thread.sleep(4000): null

2019-01-15 11:49:09 - [TEST_STEP][PASSED] - click(findTestObject("TestResource/locationTab")): Object: 'Object Repository/TestResource/locationTab' is clicked on

2019-01-15 11:49:09 - [MESSAGE][PASSED] - Object: 'Object Repository/TestResource/locationTab' is clicked on

2019-01-15 11:49:09 - [TEST_STEP][PASSED] - Thread.sleep(5000): null

2019-01-15 11:49:14 - [TEST_STEP][PASSED] - AdminTool_Location.checkLocation(): AdminTool_Location.checkLocation is PASSED

2019-01-15 11:49:16 - [MESSAGE][PASSED] - AdminTool_Location.checkLocation is PASSED

2019-01-15 11:49:16 - [TEST_STEP][PASSED] - Thread.sleep(4000): null

2019-01-15 11:49:20 - [TEST_STEP][PASSED] - click(findTestObject("TestResource/saveLocation")): Object: 'Object Repository/TestResource/saveLocation' is clicked on

2019-01-15 11:49:21 - [MESSAGE][PASSED] - Object: 'Object Repository/TestResource/saveLocation' is clicked on

2019-01-15 11:49:21 - [TEST_STEP][PASSED] - click(findTestObject("TestUserLocation/mainmenu_button")): Object: 'Object Repository/TestUserLocation/mainmenu_button' is clicked on

2019-01-15 11:49:21 - [MESSAGE][PASSED] - Object: 'Object Repository/TestUserLocation/mainmenu_button' is clicked on

2019-01-15 11:49:21 - [TEST_STEP][PASSED] - Thread.sleep(2000): null

2019-01-15 11:49:23 - [TEST_STEP][PASSED] - click(findTestObject("TestResource/mainMenu_resources")): Object: 'Object Repository/TestResource/mainMenu_resources' is clicked on

2019-01-15 11:49:23 - [MESSAGE][PASSED] - Object: 'Object Repository/TestResource/mainMenu_resources' is clicked on

2019-01-15 11:49:23 - [TEST_STEP][PASSED] - Thread.sleep(4000): null

2019-01-15 11:49:27 - [TEST_STEP][PASSED] - AdminTool_Location.moveCursor(): AdminTool_Location.moveCursor is PASSED

2019-01-15 11:49:27 - [MESSAGE][PASSED] - AdminTool_Location.moveCursor is PASSED

2019-01-15 11:49:27 - [TEST_STEP][PASSED] - Thread.sleep(2000): null

2019-01-15 11:49:29 - [TEST_STEP][PASSED] - click(findTestObject("TestResource/equipment")): Object: 'Object Repository/TestResource/equipment' is clicked on

2019-01-15 11:49:29 - [MESSAGE][PASSED] - Object: 'Object Repository/TestResource/equipment' is clicked on

2019-01-15 11:49:29 - [TEST_STEP][PASSED] - Thread.sleep(4000): null

2019-01-15 11:49:33 - [TEST_STEP][PASSED] - AdminTool_Location.selectEquipment(): Element has been clicked

2019-01-15 11:49:38 - [MESSAGE][PASSED] - Element has been clicked

2019-01-15 11:49:38 - [TEST_STEP][PASSED] - Thread.sleep(4000): null

2019-01-15 11:49:42 - [TEST_STEP][PASSED] - waitForElementClickable(findTestObject("TestUserLocation/addPlusIcon"), 45): Object 'Object Repository/TestUserLocation/addPlusIcon' is clickable

2019-01-15 11:49:42 - [MESSAGE][PASSED] - Object 'Object Repository/TestUserLocation/addPlusIcon' is clickable

2019-01-15 11:49:42 - [TEST_STEP][PASSED] - click(findTestObject("TestUserLocation/addPlusIcon")): Object: 'Object Repository/TestUserLocation/addPlusIcon' is clicked on

2019-01-15 11:49:42 - [MESSAGE][PASSED] - Object: 'Object Repository/TestUserLocation/addPlusIcon' is clicked on

2019-01-15 11:49:42 - [TEST_STEP][PASSED] - Thread.sleep(2000): null

2019-01-15 11:49:44 - [TEST_STEP][PASSED] - setText(findTestObject("TestUserLocation/setNewName"), findTestData("LocationData").getValue("SubEquipmentName2", 1)): Text 'SubEquipment2_15/01/19-11:47' is set on object 'Object Repository/TestUserLocation/setNewName'

2019-01-15 11:49:44 - [MESSAGE][PASSED] - Text 'SubEquipment2_15/01/19-11:47' is set on object 'Object Repository/TestUserLocation/setNewName'

2019-01-15 11:49:44 - [TEST_STEP][PASSED] - setText(findTestObject("TestResource/setPhoneNumber"), "912378456"): Text '912378456' is set on object 'Object Repository/TestResource/setPhoneNumber'

2019-01-15 11:49:45 - [MESSAGE][PASSED] - Text '912378456' is set on object 'Object Repository/TestResource/setPhoneNumber'

2019-01-15 11:49:45 - [TEST_STEP][PASSED] - Thread.sleep(2000): null

2019-01-15 11:49:47 - [TEST_STEP][PASSED] - click(findTestObject("TestResource/saveDetailButton")): Object: 'Object Repository/TestResource/saveDetailButton' is clicked on

2019-01-15 11:49:47 - [MESSAGE][PASSED] - Object: 'Object Repository/TestResource/saveDetailButton' is clicked on

2019-01-15 11:49:47 - [TEST_STEP][PASSED] - Thread.sleep(7000): null

2019-01-15 11:49:54 - [TEST_STEP][PASSED] - click(findTestObject("TestResource/linksTab")): Object: 'Object Repository/TestResource/linksTab' is clicked on

2019-01-15 11:49:54 - [MESSAGE][PASSED] - Object: 'Object Repository/TestResource/linksTab' is clicked on

2019-01-15 11:49:54 - [TEST_STEP][PASSED] - Thread.sleep(2000): null

2019-01-15 11:49:56 - [TEST_STEP][PASSED] - click(findTestObject("TestResource/addLink")): Object: 'Object Repository/TestResource/addLink' is clicked on

2019-01-15 11:49:56 - [MESSAGE][PASSED] - Object: 'Object Repository/TestResource/addLink' is clicked on

2019-01-15 11:49:56 - [TEST_STEP][PASSED] - Thread.sleep(5000): null

2019-01-15 11:50:01 - [TEST_STEP][PASSED] - check(findTestObject("TestResource/selectSecondResourceToLink")): Object 'Object Repository/TestResource/selectSecondResourceToLink' is checked

2019-01-15 11:50:01 - [MESSAGE][PASSED] - Object 'Object Repository/TestResource/selectSecondResourceToLink' is checked

2019-01-15 11:50:01 - [TEST_STEP][PASSED] - AdminTool_Location.resourceLinkName(): AdminTool_Location.resourceLinkName is PASSED

2019-01-15 11:50:01 - [MESSAGE][PASSED] - AdminTool_Location.resourceLinkName is PASSED

2019-01-15 11:50:01 - [TEST_STEP][PASSED] - Thread.sleep(2000): null

2019-01-15 11:50:03 - [TEST_STEP][PASSED] - click(findTestObject("TestResource/button2Save")): Object: 'Object Repository/TestResource/button2Save' is clicked on

2019-01-15 11:50:03 - [MESSAGE][PASSED] - Object: 'Object Repository/TestResource/button2Save' is clicked on

2019-01-15 11:50:03 - [TEST_STEP][PASSED] - Thread.sleep(4000): null

2019-01-15 11:50:07 - [TEST_STEP][PASSED] - click(findTestObject("TestResource/locationTab")): Object: 'Object Repository/TestResource/locationTab' is clicked on

2019-01-15 11:50:07 - [MESSAGE][PASSED] - Object: 'Object Repository/TestResource/locationTab' is clicked on

2019-01-15 11:50:07 - [TEST_STEP][PASSED] - Thread.sleep(5000): null

2019-01-15 11:50:12 - [TEST_STEP][PASSED] - AdminTool_Location.checkLocation(): AdminTool_Location.checkLocation is PASSED

2019-01-15 11:50:15 - [MESSAGE][PASSED] - AdminTool_Location.checkLocation is PASSED

2019-01-15 11:50:15 - [TEST_STEP][PASSED] - Thread.sleep(4000): null

2019-01-15 11:50:19 - [TEST_STEP][PASSED] - click(findTestObject("TestResource/saveLocation")): Object: 'Object Repository/TestResource/saveLocation' is clicked on

2019-01-15 11:50:19 - [MESSAGE][PASSED] - Object: 'Object Repository/TestResource/saveLocation' is clicked on]]></system-out>
         <system-err><![CDATA[]]></system-err>
      </testcase>
      <testcase name="Test Cases/CheckResoucesAsPerLocation/validateResource" classname="Test Cases/CheckResoucesAsPerLocation/validateResource" status="PASSED">
         <system-out><![CDATA[2019-01-15 11:50:19 - [TEST_CASE][PASSED] - Test Cases/CheckResoucesAsPerLocation/validateResource: Test Cases/CheckResoucesAsPerLocation/validateResource

2019-01-15 11:50:19 - [TEST_STEP][NOT_RUN] - openBrowser(URL): NOT_RUN: openBrowser(URL)

2019-01-15 11:50:19 - [MESSAGE][NOT_RUN] - NOT_RUN: openBrowser(URL)

2019-01-15 11:50:19 - [TEST_STEP][NOT_RUN] - maximizeWindow(): NOT_RUN: maximizeWindow()

2019-01-15 11:50:19 - [MESSAGE][NOT_RUN] - NOT_RUN: maximizeWindow()

2019-01-15 11:50:19 - [TEST_STEP][NOT_RUN] - setText(findTestObject("Form_Selection_Creation/login_Username"), UserName): NOT_RUN: setText(findTestObject("Form_Selection_Creation/login_Username"), UserName)

2019-01-15 11:50:19 - [MESSAGE][NOT_RUN] - NOT_RUN: setText(findTestObject("Form_Selection_Creation/login_Username"), UserName)

2019-01-15 11:50:19 - [TEST_STEP][NOT_RUN] - setText(findTestObject("Form_Selection_Creation/login_Password"), Password11): NOT_RUN: setText(findTestObject("Form_Selection_Creation/login_Password"), Password11)

2019-01-15 11:50:19 - [MESSAGE][NOT_RUN] - NOT_RUN: setText(findTestObject("Form_Selection_Creation/login_Password"), Password11)

2019-01-15 11:50:19 - [TEST_STEP][PASSED] - Thread.sleep(4000): null

2019-01-15 11:50:23 - [TEST_STEP][PASSED] - FormName.setData(): FormName.setData is PASSED

2019-01-15 11:50:23 - [MESSAGE][PASSED] - FormName.setData is PASSED

2019-01-15 11:50:23 - [TEST_STEP][NOT_RUN] - click(findTestObject("Form_Selection_Creation/login_Button")): NOT_RUN: click(findTestObject("Form_Selection_Creation/login_Button"))

2019-01-15 11:50:23 - [MESSAGE][NOT_RUN] - NOT_RUN: click(findTestObject("Form_Selection_Creation/login_Button"))

2019-01-15 11:50:23 - [TEST_STEP][PASSED] - click(findTestObject("Form_Selection_Creation/mainMenu_Button")): Object: 'Object Repository/Form_Selection_Creation/mainMenu_Button' is clicked on

2019-01-15 11:50:23 - [MESSAGE][PASSED] - Object: 'Object Repository/Form_Selection_Creation/mainMenu_Button' is clicked on

2019-01-15 11:50:23 - [TEST_STEP][PASSED] - Thread.sleep(2000): null

2019-01-15 11:50:25 - [TEST_STEP][NOT_RUN] - click(findTestObject("Form_Selection_Creation/mainMenu_AdminTools")): NOT_RUN: click(findTestObject("Form_Selection_Creation/mainMenu_AdminTools"))

2019-01-15 11:50:25 - [MESSAGE][NOT_RUN] - NOT_RUN: click(findTestObject("Form_Selection_Creation/mainMenu_AdminTools"))

2019-01-15 11:50:25 - [TEST_STEP][PASSED] - click(findTestObject("Form_Selection_Creation/mainMenu_AdminTools_FormDesigner")): Object: 'Object Repository/Form_Selection_Creation/mainMenu_AdminTools_FormDesigner' is clicked on

2019-01-15 11:50:25 - [MESSAGE][PASSED] - Object: 'Object Repository/Form_Selection_Creation/mainMenu_AdminTools_FormDesigner' is clicked on

2019-01-15 11:50:25 - [TEST_STEP][PASSED] - click(findTestObject("Form_Selection_Creation/selectCheckForm")): Object: 'Object Repository/Form_Selection_Creation/selectCheckForm' is clicked on

2019-01-15 11:50:25 - [MESSAGE][PASSED] - Object: 'Object Repository/Form_Selection_Creation/selectCheckForm' is clicked on

2019-01-15 11:50:25 - [TEST_STEP][PASSED] - Thread.sleep(5000): null

2019-01-15 11:50:30 - [TEST_STEP][PASSED] - AdminTool_Location.moveCursor(): AdminTool_Location.moveCursor is PASSED

2019-01-15 11:50:30 - [MESSAGE][PASSED] - AdminTool_Location.moveCursor is PASSED

2019-01-15 11:50:30 - [TEST_STEP][PASSED] - Thread.sleep(2000): null

2019-01-15 11:50:32 - [TEST_STEP][PASSED] - AdminTool_Location.selectResType(): AdminTool_Location.selectResType is PASSED

2019-01-15 11:50:43 - [MESSAGE][PASSED] - AdminTool_Location.selectResType is PASSED

2019-01-15 11:50:43 - [TEST_STEP][PASSED] - AdminTool_Location.dragDropRes(): Element has been clicked

2019-01-15 11:50:47 - [MESSAGE][PASSED] - Element has been clicked

2019-01-15 11:50:47 - [TEST_STEP][PASSED] - Thread.sleep(5000): null

2019-01-15 11:50:52 - [TEST_STEP][NOT_RUN] - dragAndDropToObject(findTestObject("null"), findTestObject("Form_Selection_Creation/Target_Res_Object")): NOT_RUN: dragAndDropToObject(findTestObject("null"), findTestObject("Form_Selection_Creation/Target_Res_Object"))

2019-01-15 11:50:52 - [MESSAGE][NOT_RUN] - NOT_RUN: dragAndDropToObject(findTestObject("null"), findTestObject("Form_Selection_Creation/Target_Res_Object"))

2019-01-15 11:50:52 - [TEST_STEP][PASSED] - AdminTool_Location.validate(): AdminTool_Location.validate is PASSED

2019-01-15 11:50:52 - [MESSAGE][PASSED] - AdminTool_Location.validate is PASSED

2019-01-15 11:50:52 - [TEST_STEP][PASSED] - s = getText(findTestObject("TestResource/testText")): Text of object 'Object Repository/TestResource/testText' is: 'Equipment > Equipment_15/01/19-11:47 > SubEquipment2_15/01/19-11:47'

2019-01-15 11:50:52 - [MESSAGE][PASSED] - Text of object 'Object Repository/TestResource/testText' is: 'Equipment > Equipment_15/01/19-11:47 > SubEquipment2_15/01/19-11:47'

2019-01-15 11:50:52 - [TEST_STEP][PASSED] - println(s): null]]></system-out>
         <system-err><![CDATA[]]></system-err>
      </testcase>
      <testcase name="Test Cases/CheckResoucesAsPerLocation/checkResource_Items" classname="Test Cases/CheckResoucesAsPerLocation/checkResource_Items" status="PASSED">
         <system-out><![CDATA[2019-01-15 11:50:52 - [TEST_CASE][PASSED] - Test Cases/CheckResoucesAsPerLocation/checkResource_Items: Test Cases/CheckResoucesAsPerLocation/checkResource_Items

2019-01-15 11:50:52 - [TEST_STEP][NOT_RUN] - openBrowser(URL): NOT_RUN: openBrowser(URL)

2019-01-15 11:50:52 - [MESSAGE][NOT_RUN] - NOT_RUN: openBrowser(URL)

2019-01-15 11:50:52 - [TEST_STEP][NOT_RUN] - maximizeWindow(): NOT_RUN: maximizeWindow()

2019-01-15 11:50:52 - [MESSAGE][NOT_RUN] - NOT_RUN: maximizeWindow()

2019-01-15 11:50:52 - [TEST_STEP][NOT_RUN] - setText(findTestObject("TestUserLocation/login_Username"), UserName): NOT_RUN: setText(findTestObject("TestUserLocation/login_Username"), UserName)

2019-01-15 11:50:52 - [MESSAGE][NOT_RUN] - NOT_RUN: setText(findTestObject("TestUserLocation/login_Username"), UserName)

2019-01-15 11:50:52 - [TEST_STEP][NOT_RUN] - setText(findTestObject("TestUserLocation/login_Password"), Password): NOT_RUN: setText(findTestObject("TestUserLocation/login_Password"), Password)

2019-01-15 11:50:52 - [MESSAGE][NOT_RUN] - NOT_RUN: setText(findTestObject("TestUserLocation/login_Password"), Password)

2019-01-15 11:50:52 - [TEST_STEP][PASSED] - AdminTool_Location.setItemName(): AdminTool_Location.setItemName is PASSED

2019-01-15 11:50:52 - [MESSAGE][PASSED] - AdminTool_Location.setItemName is PASSED

2019-01-15 11:50:52 - [TEST_STEP][NOT_RUN] - click(findTestObject("TestUserLocation/login_Button")): NOT_RUN: click(findTestObject("TestUserLocation/login_Button"))

2019-01-15 11:50:52 - [MESSAGE][NOT_RUN] - NOT_RUN: click(findTestObject("TestUserLocation/login_Button"))

2019-01-15 11:50:52 - [TEST_STEP][NOT_RUN] - Thread.sleep(4000): NOT_RUN: Thread.sleep(4000)

2019-01-15 11:50:52 - [MESSAGE][NOT_RUN] - NOT_RUN: Thread.sleep(4000)

2019-01-15 11:50:52 - [TEST_STEP][PASSED] - click(findTestObject("TestUserLocation/mainmenu_button")): Object: 'Object Repository/TestUserLocation/mainmenu_button' is clicked on

2019-01-15 11:50:52 - [MESSAGE][PASSED] - Object: 'Object Repository/TestUserLocation/mainmenu_button' is clicked on

2019-01-15 11:50:52 - [TEST_STEP][PASSED] - Thread.sleep(2000): null

2019-01-15 11:50:54 - [TEST_STEP][NOT_RUN] - click(findTestObject("TestUserLocation/adminTool")): NOT_RUN: click(findTestObject("TestUserLocation/adminTool"))

2019-01-15 11:50:54 - [MESSAGE][NOT_RUN] - NOT_RUN: click(findTestObject("TestUserLocation/adminTool"))

2019-01-15 11:50:54 - [TEST_STEP][PASSED] - click(findTestObject("TestUserLocation/mainMenuResourceDesigner")): Object: 'Object Repository/TestUserLocation/mainMenuResourceDesigner' is clicked on

2019-01-15 11:50:55 - [MESSAGE][PASSED] - Object: 'Object Repository/TestUserLocation/mainMenuResourceDesigner' is clicked on

2019-01-15 11:50:55 - [TEST_STEP][PASSED] - Thread.sleep(2000): null

2019-01-15 11:50:57 - [TEST_STEP][PASSED] - click(findTestObject("TestUserLocation/yesDelete")): Object: 'Object Repository/TestUserLocation/yesDelete' is clicked on

2019-01-15 11:50:57 - [MESSAGE][PASSED] - Object: 'Object Repository/TestUserLocation/yesDelete' is clicked on

2019-01-15 11:50:57 - [TEST_STEP][PASSED] - Thread.sleep(4000): null

2019-01-15 11:51:01 - [TEST_STEP][PASSED] - click(findTestObject("TestResource/items")): Object: 'Object Repository/TestResource/items' is clicked on

2019-01-15 11:51:01 - [MESSAGE][PASSED] - Object: 'Object Repository/TestResource/items' is clicked on

2019-01-15 11:51:01 - [TEST_STEP][PASSED] - Thread.sleep(4000): null

2019-01-15 11:51:05 - [TEST_STEP][PASSED] - waitForElementClickable(findTestObject("TestUserLocation/categories"), 45): Object 'Object Repository/TestUserLocation/categories' is clickable

2019-01-15 11:51:05 - [MESSAGE][PASSED] - Object 'Object Repository/TestUserLocation/categories' is clickable

2019-01-15 11:51:05 - [TEST_STEP][PASSED] - click(findTestObject("TestUserLocation/categories")): Object: 'Object Repository/TestUserLocation/categories' is clicked on

2019-01-15 11:51:05 - [MESSAGE][PASSED] - Object: 'Object Repository/TestUserLocation/categories' is clicked on

2019-01-15 11:51:05 - [TEST_STEP][PASSED] - Thread.sleep(2000): null

2019-01-15 11:51:07 - [TEST_STEP][PASSED] - click(findTestObject("TestUserLocation/defaultArea")): Object: 'Object Repository/TestUserLocation/defaultArea' is clicked on

2019-01-15 11:51:07 - [MESSAGE][PASSED] - Object: 'Object Repository/TestUserLocation/defaultArea' is clicked on

2019-01-15 11:51:07 - [TEST_STEP][PASSED] - Thread.sleep(2000): null

2019-01-15 11:51:09 - [TEST_STEP][PASSED] - click(findTestObject("TestUserLocation/hoverHeading")): Object: 'Object Repository/TestUserLocation/hoverHeading' is clicked on

2019-01-15 11:51:09 - [MESSAGE][PASSED] - Object: 'Object Repository/TestUserLocation/hoverHeading' is clicked on

2019-01-15 11:51:09 - [TEST_STEP][PASSED] - click(findTestObject("TestUserLocation/addPlusIcon")): Object: 'Object Repository/TestUserLocation/addPlusIcon' is clicked on

2019-01-15 11:51:09 - [MESSAGE][PASSED] - Object: 'Object Repository/TestUserLocation/addPlusIcon' is clicked on

2019-01-15 11:51:09 - [TEST_STEP][PASSED] - setText(findTestObject("TestUserLocation/setNewName"), findTestData("LocationData").getValue("ItemsName", 1)): Text 'Item_15/01/19-11:50' is set on object 'Object Repository/TestUserLocation/setNewName'

2019-01-15 11:51:10 - [MESSAGE][PASSED] - Text 'Item_15/01/19-11:50' is set on object 'Object Repository/TestUserLocation/setNewName'

2019-01-15 11:51:10 - [TEST_STEP][PASSED] - Thread.sleep(2000): null

2019-01-15 11:51:12 - [TEST_STEP][PASSED] - click(findTestObject("TestUserLocation/saveButton")): Object: 'Object Repository/TestUserLocation/saveButton' is clicked on

2019-01-15 11:51:12 - [MESSAGE][PASSED] - Object: 'Object Repository/TestUserLocation/saveButton' is clicked on

2019-01-15 11:51:12 - [TEST_STEP][PASSED] - Thread.sleep(4000): null

2019-01-15 11:51:16 - [TEST_STEP][PASSED] - Thread.sleep(4000): null

2019-01-15 11:51:20 - [TEST_STEP][PASSED] - click(findTestObject("TestUserLocation/mainmenu_button")): Object: 'Object Repository/TestUserLocation/mainmenu_button' is clicked on

2019-01-15 11:51:20 - [MESSAGE][PASSED] - Object: 'Object Repository/TestUserLocation/mainmenu_button' is clicked on

2019-01-15 11:51:20 - [TEST_STEP][PASSED] - Thread.sleep(2000): null

2019-01-15 11:51:22 - [TEST_STEP][PASSED] - click(findTestObject("TestResource/mainMenu_resources")): Object: 'Object Repository/TestResource/mainMenu_resources' is clicked on

2019-01-15 11:51:22 - [MESSAGE][PASSED] - Object: 'Object Repository/TestResource/mainMenu_resources' is clicked on

2019-01-15 11:51:22 - [TEST_STEP][PASSED] - Thread.sleep(4000): null

2019-01-15 11:51:26 - [TEST_STEP][PASSED] - click(findTestObject("TestResource/items")): Object: 'Object Repository/TestResource/items' is clicked on

2019-01-15 11:51:26 - [MESSAGE][PASSED] - Object: 'Object Repository/TestResource/items' is clicked on

2019-01-15 11:51:26 - [TEST_STEP][PASSED] - Thread.sleep(4000): null

2019-01-15 11:51:30 - [TEST_STEP][PASSED] - AdminTool_Location.selectItem(): Element has been clicked

2019-01-15 11:51:34 - [MESSAGE][PASSED] - Element has been clicked

2019-01-15 11:51:34 - [TEST_STEP][PASSED] - Thread.sleep(4000): null

2019-01-15 11:51:38 - [TEST_STEP][PASSED] - waitForElementClickable(findTestObject("TestUserLocation/addPlusIcon"), 45): Object 'Object Repository/TestUserLocation/addPlusIcon' is clickable

2019-01-15 11:51:38 - [MESSAGE][PASSED] - Object 'Object Repository/TestUserLocation/addPlusIcon' is clickable

2019-01-15 11:51:38 - [TEST_STEP][PASSED] - click(findTestObject("TestUserLocation/addPlusIcon")): Object: 'Object Repository/TestUserLocation/addPlusIcon' is clicked on

2019-01-15 11:51:39 - [MESSAGE][PASSED] - Object: 'Object Repository/TestUserLocation/addPlusIcon' is clicked on

2019-01-15 11:51:39 - [TEST_STEP][PASSED] - Thread.sleep(2000): null

2019-01-15 11:51:41 - [TEST_STEP][PASSED] - setText(findTestObject("TestUserLocation/setNewName"), findTestData("LocationData").getValue("SubItemsName1", 1)): Text 'SubItem1_15/01/19-11:50' is set on object 'Object Repository/TestUserLocation/setNewName'

2019-01-15 11:51:46 - [MESSAGE][PASSED] - Text 'SubItem1_15/01/19-11:50' is set on object 'Object Repository/TestUserLocation/setNewName'

2019-01-15 11:51:46 - [TEST_STEP][NOT_RUN] - setText(findTestObject("TestResource/setPhoneNumber"), "912378456"): NOT_RUN: setText(findTestObject("TestResource/setPhoneNumber"), "912378456")

2019-01-15 11:51:46 - [MESSAGE][NOT_RUN] - NOT_RUN: setText(findTestObject("TestResource/setPhoneNumber"), "912378456")

2019-01-15 11:51:46 - [TEST_STEP][PASSED] - Thread.sleep(2000): null

2019-01-15 11:51:48 - [TEST_STEP][PASSED] - click(findTestObject("TestResource/saveDetailButton")): Object: 'Object Repository/TestResource/saveDetailButton' is clicked on

2019-01-15 11:51:48 - [MESSAGE][PASSED] - Object: 'Object Repository/TestResource/saveDetailButton' is clicked on

2019-01-15 11:51:48 - [TEST_STEP][PASSED] - Thread.sleep(7000): null

2019-01-15 11:51:55 - [TEST_STEP][PASSED] - click(findTestObject("TestResource/disableResource")): Object: 'Object Repository/TestResource/disableResource' is clicked on

2019-01-15 11:51:55 - [MESSAGE][PASSED] - Object: 'Object Repository/TestResource/disableResource' is clicked on

2019-01-15 11:51:55 - [TEST_STEP][PASSED] - Thread.sleep(2000): null

2019-01-15 11:51:57 - [TEST_STEP][PASSED] - click(findTestObject("TestResource/button2Yes")): Object: 'Object Repository/TestResource/button2Yes' is clicked on

2019-01-15 11:51:57 - [MESSAGE][PASSED] - Object: 'Object Repository/TestResource/button2Yes' is clicked on

2019-01-15 11:51:57 - [TEST_STEP][PASSED] - Thread.sleep(2000): null

2019-01-15 11:51:59 - [TEST_STEP][PASSED] - click(findTestObject("TestResource/saveDetailButton")): Object: 'Object Repository/TestResource/saveDetailButton' is clicked on

2019-01-15 11:51:59 - [MESSAGE][PASSED] - Object: 'Object Repository/TestResource/saveDetailButton' is clicked on

2019-01-15 11:51:59 - [TEST_STEP][PASSED] - Thread.sleep(7000): null

2019-01-15 11:52:06 - [TEST_STEP][PASSED] - click(findTestObject("TestResource/linksTab")): Object: 'Object Repository/TestResource/linksTab' is clicked on

2019-01-15 11:52:06 - [MESSAGE][PASSED] - Object: 'Object Repository/TestResource/linksTab' is clicked on

2019-01-15 11:52:06 - [TEST_STEP][PASSED] - Thread.sleep(2000): null

2019-01-15 11:52:08 - [TEST_STEP][PASSED] - click(findTestObject("TestResource/addLink")): Object: 'Object Repository/TestResource/addLink' is clicked on

2019-01-15 11:52:09 - [MESSAGE][PASSED] - Object: 'Object Repository/TestResource/addLink' is clicked on

2019-01-15 11:52:09 - [TEST_STEP][PASSED] - Thread.sleep(5000): null

2019-01-15 11:52:14 - [TEST_STEP][PASSED] - check(findTestObject("TestResource/selectSecondResourceToLink")): Object 'Object Repository/TestResource/selectSecondResourceToLink' is checked

2019-01-15 11:52:14 - [MESSAGE][PASSED] - Object 'Object Repository/TestResource/selectSecondResourceToLink' is checked

2019-01-15 11:52:14 - [TEST_STEP][PASSED] - AdminTool_Location.resourceLinkName(): AdminTool_Location.resourceLinkName is PASSED

2019-01-15 11:52:14 - [MESSAGE][PASSED] - AdminTool_Location.resourceLinkName is PASSED

2019-01-15 11:52:14 - [TEST_STEP][PASSED] - Thread.sleep(2000): null

2019-01-15 11:52:16 - [TEST_STEP][PASSED] - click(findTestObject("TestResource/button2Save")): Object: 'Object Repository/TestResource/button2Save' is clicked on

2019-01-15 11:52:16 - [MESSAGE][PASSED] - Object: 'Object Repository/TestResource/button2Save' is clicked on

2019-01-15 11:52:16 - [TEST_STEP][PASSED] - Thread.sleep(4000): null

2019-01-15 11:52:20 - [TEST_STEP][PASSED] - click(findTestObject("TestResource/locationTab")): Object: 'Object Repository/TestResource/locationTab' is clicked on

2019-01-15 11:52:20 - [MESSAGE][PASSED] - Object: 'Object Repository/TestResource/locationTab' is clicked on

2019-01-15 11:52:20 - [TEST_STEP][PASSED] - AdminTool_Location.moveCursor(): AdminTool_Location.moveCursor is PASSED

2019-01-15 11:52:20 - [MESSAGE][PASSED] - AdminTool_Location.moveCursor is PASSED

2019-01-15 11:52:20 - [TEST_STEP][PASSED] - Thread.sleep(2000): null

2019-01-15 11:52:22 - [TEST_STEP][PASSED] - Thread.sleep(5000): null

2019-01-15 11:52:27 - [TEST_STEP][PASSED] - AdminTool_Location.checkLocation(): AdminTool_Location.checkLocation is PASSED

2019-01-15 11:52:29 - [MESSAGE][PASSED] - AdminTool_Location.checkLocation is PASSED

2019-01-15 11:52:29 - [TEST_STEP][PASSED] - Thread.sleep(4000): null

2019-01-15 11:52:33 - [TEST_STEP][PASSED] - click(findTestObject("TestResource/saveLocation")): Object: 'Object Repository/TestResource/saveLocation' is clicked on

2019-01-15 11:52:34 - [MESSAGE][PASSED] - Object: 'Object Repository/TestResource/saveLocation' is clicked on

2019-01-15 11:52:34 - [TEST_STEP][PASSED] - click(findTestObject("TestUserLocation/mainmenu_button")): Object: 'Object Repository/TestUserLocation/mainmenu_button' is clicked on

2019-01-15 11:52:34 - [MESSAGE][PASSED] - Object: 'Object Repository/TestUserLocation/mainmenu_button' is clicked on

2019-01-15 11:52:34 - [TEST_STEP][PASSED] - Thread.sleep(2000): null

2019-01-15 11:52:36 - [TEST_STEP][PASSED] - click(findTestObject("TestResource/mainMenu_resources")): Object: 'Object Repository/TestResource/mainMenu_resources' is clicked on

2019-01-15 11:52:36 - [MESSAGE][PASSED] - Object: 'Object Repository/TestResource/mainMenu_resources' is clicked on

2019-01-15 11:52:36 - [TEST_STEP][PASSED] - Thread.sleep(4000): null

2019-01-15 11:52:40 - [TEST_STEP][PASSED] - click(findTestObject("TestResource/items")): Object: 'Object Repository/TestResource/items' is clicked on

2019-01-15 11:52:40 - [MESSAGE][PASSED] - Object: 'Object Repository/TestResource/items' is clicked on

2019-01-15 11:52:40 - [TEST_STEP][PASSED] - Thread.sleep(4000): null

2019-01-15 11:52:44 - [TEST_STEP][PASSED] - AdminTool_Location.selectItem(): Element has been clicked

2019-01-15 11:52:49 - [MESSAGE][PASSED] - Element has been clicked

2019-01-15 11:52:49 - [TEST_STEP][PASSED] - Thread.sleep(4000): null

2019-01-15 11:52:53 - [TEST_STEP][PASSED] - waitForElementClickable(findTestObject("TestUserLocation/addPlusIcon"), 45): Object 'Object Repository/TestUserLocation/addPlusIcon' is clickable

2019-01-15 11:52:53 - [MESSAGE][PASSED] - Object 'Object Repository/TestUserLocation/addPlusIcon' is clickable

2019-01-15 11:52:53 - [TEST_STEP][PASSED] - click(findTestObject("TestUserLocation/addPlusIcon")): Object: 'Object Repository/TestUserLocation/addPlusIcon' is clicked on

2019-01-15 11:52:53 - [MESSAGE][PASSED] - Object: 'Object Repository/TestUserLocation/addPlusIcon' is clicked on

2019-01-15 11:52:53 - [TEST_STEP][PASSED] - Thread.sleep(2000): null

2019-01-15 11:52:55 - [TEST_STEP][PASSED] - setText(findTestObject("TestUserLocation/setNewName"), findTestData("LocationData").getValue("SubItemsName2", 1)): Text 'SubItem2_15/01/19-11:50' is set on object 'Object Repository/TestUserLocation/setNewName'

2019-01-15 11:52:55 - [MESSAGE][PASSED] - Text 'SubItem2_15/01/19-11:50' is set on object 'Object Repository/TestUserLocation/setNewName'

2019-01-15 11:52:55 - [TEST_STEP][NOT_RUN] - setText(findTestObject("TestResource/setPhoneNumber"), "912378456"): NOT_RUN: setText(findTestObject("TestResource/setPhoneNumber"), "912378456")

2019-01-15 11:52:55 - [MESSAGE][NOT_RUN] - NOT_RUN: setText(findTestObject("TestResource/setPhoneNumber"), "912378456")

2019-01-15 11:52:55 - [TEST_STEP][PASSED] - Thread.sleep(2000): null

2019-01-15 11:52:57 - [TEST_STEP][PASSED] - click(findTestObject("TestResource/saveDetailButton")): Object: 'Object Repository/TestResource/saveDetailButton' is clicked on

2019-01-15 11:52:57 - [MESSAGE][PASSED] - Object: 'Object Repository/TestResource/saveDetailButton' is clicked on

2019-01-15 11:52:57 - [TEST_STEP][PASSED] - Thread.sleep(7000): null

2019-01-15 11:53:04 - [TEST_STEP][PASSED] - click(findTestObject("TestResource/linksTab")): Object: 'Object Repository/TestResource/linksTab' is clicked on

2019-01-15 11:53:04 - [MESSAGE][PASSED] - Object: 'Object Repository/TestResource/linksTab' is clicked on

2019-01-15 11:53:04 - [TEST_STEP][PASSED] - Thread.sleep(2000): null

2019-01-15 11:53:06 - [TEST_STEP][PASSED] - click(findTestObject("TestResource/addLink")): Object: 'Object Repository/TestResource/addLink' is clicked on

2019-01-15 11:53:07 - [MESSAGE][PASSED] - Object: 'Object Repository/TestResource/addLink' is clicked on

2019-01-15 11:53:07 - [TEST_STEP][PASSED] - Thread.sleep(5000): null

2019-01-15 11:53:12 - [TEST_STEP][PASSED] - check(findTestObject("TestResource/selectSecondResourceToLink")): Object 'Object Repository/TestResource/selectSecondResourceToLink' is checked

2019-01-15 11:53:12 - [MESSAGE][PASSED] - Object 'Object Repository/TestResource/selectSecondResourceToLink' is checked

2019-01-15 11:53:12 - [TEST_STEP][PASSED] - AdminTool_Location.resourceLinkName(): AdminTool_Location.resourceLinkName is PASSED

2019-01-15 11:53:12 - [MESSAGE][PASSED] - AdminTool_Location.resourceLinkName is PASSED

2019-01-15 11:53:12 - [TEST_STEP][PASSED] - Thread.sleep(2000): null

2019-01-15 11:53:14 - [TEST_STEP][PASSED] - click(findTestObject("TestResource/button2Save")): Object: 'Object Repository/TestResource/button2Save' is clicked on

2019-01-15 11:53:14 - [MESSAGE][PASSED] - Object: 'Object Repository/TestResource/button2Save' is clicked on

2019-01-15 11:53:14 - [TEST_STEP][PASSED] - Thread.sleep(4000): null

2019-01-15 11:53:18 - [TEST_STEP][PASSED] - click(findTestObject("TestResource/locationTab")): Object: 'Object Repository/TestResource/locationTab' is clicked on

2019-01-15 11:53:18 - [MESSAGE][PASSED] - Object: 'Object Repository/TestResource/locationTab' is clicked on

2019-01-15 11:53:18 - [TEST_STEP][PASSED] - Thread.sleep(5000): null

2019-01-15 11:53:23 - [TEST_STEP][PASSED] - AdminTool_Location.checkLocation(): AdminTool_Location.checkLocation is PASSED

2019-01-15 11:53:25 - [MESSAGE][PASSED] - AdminTool_Location.checkLocation is PASSED

2019-01-15 11:53:25 - [TEST_STEP][PASSED] - Thread.sleep(4000): null

2019-01-15 11:53:29 - [TEST_STEP][PASSED] - click(findTestObject("TestResource/saveLocation")): Object: 'Object Repository/TestResource/saveLocation' is clicked on

2019-01-15 11:53:29 - [MESSAGE][PASSED] - Object: 'Object Repository/TestResource/saveLocation' is clicked on]]></system-out>
         <system-err><![CDATA[]]></system-err>
      </testcase>
      <testcase name="Test Cases/CheckResoucesAsPerLocation/validateResource" classname="Test Cases/CheckResoucesAsPerLocation/validateResource" status="PASSED">
         <system-out><![CDATA[2019-01-15 11:53:29 - [TEST_CASE][PASSED] - Test Cases/CheckResoucesAsPerLocation/validateResource: Test Cases/CheckResoucesAsPerLocation/validateResource

2019-01-15 11:53:29 - [TEST_STEP][NOT_RUN] - openBrowser(URL): NOT_RUN: openBrowser(URL)

2019-01-15 11:53:29 - [MESSAGE][NOT_RUN] - NOT_RUN: openBrowser(URL)

2019-01-15 11:53:29 - [TEST_STEP][NOT_RUN] - maximizeWindow(): NOT_RUN: maximizeWindow()

2019-01-15 11:53:29 - [MESSAGE][NOT_RUN] - NOT_RUN: maximizeWindow()

2019-01-15 11:53:29 - [TEST_STEP][NOT_RUN] - setText(findTestObject("Form_Selection_Creation/login_Username"), UserName): NOT_RUN: setText(findTestObject("Form_Selection_Creation/login_Username"), UserName)

2019-01-15 11:53:29 - [MESSAGE][NOT_RUN] - NOT_RUN: setText(findTestObject("Form_Selection_Creation/login_Username"), UserName)

2019-01-15 11:53:29 - [TEST_STEP][NOT_RUN] - setText(findTestObject("Form_Selection_Creation/login_Password"), Password11): NOT_RUN: setText(findTestObject("Form_Selection_Creation/login_Password"), Password11)

2019-01-15 11:53:29 - [MESSAGE][NOT_RUN] - NOT_RUN: setText(findTestObject("Form_Selection_Creation/login_Password"), Password11)

2019-01-15 11:53:29 - [TEST_STEP][PASSED] - Thread.sleep(4000): null

2019-01-15 11:53:33 - [TEST_STEP][PASSED] - FormName.setData(): FormName.setData is PASSED

2019-01-15 11:53:34 - [MESSAGE][PASSED] - FormName.setData is PASSED

2019-01-15 11:53:34 - [TEST_STEP][NOT_RUN] - click(findTestObject("Form_Selection_Creation/login_Button")): NOT_RUN: click(findTestObject("Form_Selection_Creation/login_Button"))

2019-01-15 11:53:34 - [MESSAGE][NOT_RUN] - NOT_RUN: click(findTestObject("Form_Selection_Creation/login_Button"))

2019-01-15 11:53:34 - [TEST_STEP][PASSED] - click(findTestObject("Form_Selection_Creation/mainMenu_Button")): Object: 'Object Repository/Form_Selection_Creation/mainMenu_Button' is clicked on

2019-01-15 11:53:34 - [MESSAGE][PASSED] - Object: 'Object Repository/Form_Selection_Creation/mainMenu_Button' is clicked on

2019-01-15 11:53:34 - [TEST_STEP][PASSED] - Thread.sleep(2000): null

2019-01-15 11:53:36 - [TEST_STEP][NOT_RUN] - click(findTestObject("Form_Selection_Creation/mainMenu_AdminTools")): NOT_RUN: click(findTestObject("Form_Selection_Creation/mainMenu_AdminTools"))

2019-01-15 11:53:36 - [MESSAGE][NOT_RUN] - NOT_RUN: click(findTestObject("Form_Selection_Creation/mainMenu_AdminTools"))

2019-01-15 11:53:36 - [TEST_STEP][PASSED] - click(findTestObject("Form_Selection_Creation/mainMenu_AdminTools_FormDesigner")): Object: 'Object Repository/Form_Selection_Creation/mainMenu_AdminTools_FormDesigner' is clicked on

2019-01-15 11:53:36 - [MESSAGE][PASSED] - Object: 'Object Repository/Form_Selection_Creation/mainMenu_AdminTools_FormDesigner' is clicked on

2019-01-15 11:53:36 - [TEST_STEP][PASSED] - click(findTestObject("Form_Selection_Creation/selectCheckForm")): Object: 'Object Repository/Form_Selection_Creation/selectCheckForm' is clicked on

2019-01-15 11:53:36 - [MESSAGE][PASSED] - Object: 'Object Repository/Form_Selection_Creation/selectCheckForm' is clicked on

2019-01-15 11:53:36 - [TEST_STEP][PASSED] - Thread.sleep(5000): null

2019-01-15 11:53:41 - [TEST_STEP][PASSED] - AdminTool_Location.moveCursor(): AdminTool_Location.moveCursor is PASSED

2019-01-15 11:53:41 - [MESSAGE][PASSED] - AdminTool_Location.moveCursor is PASSED

2019-01-15 11:53:41 - [TEST_STEP][PASSED] - Thread.sleep(2000): null

2019-01-15 11:53:43 - [TEST_STEP][PASSED] - AdminTool_Location.selectResType(): AdminTool_Location.selectResType is PASSED

2019-01-15 11:53:53 - [MESSAGE][PASSED] - AdminTool_Location.selectResType is PASSED

2019-01-15 11:53:53 - [TEST_STEP][PASSED] - AdminTool_Location.dragDropRes(): Element has been clicked

2019-01-15 11:53:57 - [MESSAGE][PASSED] - Element has been clicked

2019-01-15 11:53:57 - [TEST_STEP][PASSED] - Thread.sleep(5000): null

2019-01-15 11:54:02 - [TEST_STEP][NOT_RUN] - dragAndDropToObject(findTestObject("null"), findTestObject("Form_Selection_Creation/Target_Res_Object")): NOT_RUN: dragAndDropToObject(findTestObject("null"), findTestObject("Form_Selection_Creation/Target_Res_Object"))

2019-01-15 11:54:02 - [MESSAGE][NOT_RUN] - NOT_RUN: dragAndDropToObject(findTestObject("null"), findTestObject("Form_Selection_Creation/Target_Res_Object"))

2019-01-15 11:54:02 - [TEST_STEP][PASSED] - AdminTool_Location.validate(): AdminTool_Location.validate is PASSED

2019-01-15 11:54:03 - [MESSAGE][PASSED] - AdminTool_Location.validate is PASSED

2019-01-15 11:54:03 - [TEST_STEP][PASSED] - s = getText(findTestObject("TestResource/testText")): Text of object 'Object Repository/TestResource/testText' is: 'Items > Item_15/01/19-11:50 > SubItem2_15/01/19-11:50'

2019-01-15 11:54:03 - [MESSAGE][PASSED] - Text of object 'Object Repository/TestResource/testText' is: 'Items > Item_15/01/19-11:50 > SubItem2_15/01/19-11:50'

2019-01-15 11:54:03 - [TEST_STEP][PASSED] - println(s): null]]></system-out>
         <system-err><![CDATA[]]></system-err>
      </testcase>
      <testcase name="Test Cases/CheckResoucesAsPerLocation/checkResource_Supplier" classname="Test Cases/CheckResoucesAsPerLocation/checkResource_Supplier" status="PASSED">
         <system-out><![CDATA[2019-01-15 11:54:03 - [TEST_CASE][PASSED] - Test Cases/CheckResoucesAsPerLocation/checkResource_Supplier: Test Cases/CheckResoucesAsPerLocation/checkResource_Supplier

2019-01-15 11:54:03 - [TEST_STEP][NOT_RUN] - openBrowser(URL): NOT_RUN: openBrowser(URL)

2019-01-15 11:54:03 - [MESSAGE][NOT_RUN] - NOT_RUN: openBrowser(URL)

2019-01-15 11:54:03 - [TEST_STEP][NOT_RUN] - maximizeWindow(): NOT_RUN: maximizeWindow()

2019-01-15 11:54:03 - [MESSAGE][NOT_RUN] - NOT_RUN: maximizeWindow()

2019-01-15 11:54:03 - [TEST_STEP][NOT_RUN] - setText(findTestObject("TestUserLocation/login_Username"), UserName): NOT_RUN: setText(findTestObject("TestUserLocation/login_Username"), UserName)

2019-01-15 11:54:03 - [MESSAGE][NOT_RUN] - NOT_RUN: setText(findTestObject("TestUserLocation/login_Username"), UserName)

2019-01-15 11:54:03 - [TEST_STEP][NOT_RUN] - setText(findTestObject("TestUserLocation/login_Password"), Password): NOT_RUN: setText(findTestObject("TestUserLocation/login_Password"), Password)

2019-01-15 11:54:03 - [MESSAGE][NOT_RUN] - NOT_RUN: setText(findTestObject("TestUserLocation/login_Password"), Password)

2019-01-15 11:54:03 - [TEST_STEP][PASSED] - AdminTool_Location.setSupplierName(): AdminTool_Location.setSupplierName is PASSED

2019-01-15 11:54:03 - [MESSAGE][PASSED] - AdminTool_Location.setSupplierName is PASSED

2019-01-15 11:54:03 - [TEST_STEP][NOT_RUN] - click(findTestObject("TestUserLocation/login_Button")): NOT_RUN: click(findTestObject("TestUserLocation/login_Button"))

2019-01-15 11:54:03 - [MESSAGE][NOT_RUN] - NOT_RUN: click(findTestObject("TestUserLocation/login_Button"))

2019-01-15 11:54:03 - [TEST_STEP][PASSED] - Thread.sleep(4000): null

2019-01-15 11:54:07 - [TEST_STEP][PASSED] - click(findTestObject("TestUserLocation/mainmenu_button")): Object: 'Object Repository/TestUserLocation/mainmenu_button' is clicked on

2019-01-15 11:54:07 - [MESSAGE][PASSED] - Object: 'Object Repository/TestUserLocation/mainmenu_button' is clicked on

2019-01-15 11:54:07 - [TEST_STEP][PASSED] - Thread.sleep(2000): null

2019-01-15 11:54:09 - [TEST_STEP][NOT_RUN] - click(findTestObject("TestUserLocation/adminTool")): NOT_RUN: click(findTestObject("TestUserLocation/adminTool"))

2019-01-15 11:54:09 - [MESSAGE][NOT_RUN] - NOT_RUN: click(findTestObject("TestUserLocation/adminTool"))

2019-01-15 11:54:09 - [TEST_STEP][PASSED] - click(findTestObject("TestUserLocation/mainMenuResourceDesigner")): Object: 'Object Repository/TestUserLocation/mainMenuResourceDesigner' is clicked on

2019-01-15 11:54:09 - [MESSAGE][PASSED] - Object: 'Object Repository/TestUserLocation/mainMenuResourceDesigner' is clicked on

2019-01-15 11:54:09 - [TEST_STEP][PASSED] - Thread.sleep(2000): null

2019-01-15 11:54:11 - [TEST_STEP][PASSED] - click(findTestObject("TestUserLocation/yesDelete")): Object: 'Object Repository/TestUserLocation/yesDelete' is clicked on

2019-01-15 11:54:11 - [MESSAGE][PASSED] - Object: 'Object Repository/TestUserLocation/yesDelete' is clicked on

2019-01-15 11:54:11 - [TEST_STEP][PASSED] - Thread.sleep(4000): null

2019-01-15 11:54:15 - [TEST_STEP][PASSED] - click(findTestObject("TestResource/SuppliersDesign")): Object: 'Object Repository/TestResource/SuppliersDesign' is clicked on

2019-01-15 11:54:15 - [MESSAGE][PASSED] - Object: 'Object Repository/TestResource/SuppliersDesign' is clicked on

2019-01-15 11:54:15 - [TEST_STEP][PASSED] - Thread.sleep(4000): null

2019-01-15 11:54:19 - [TEST_STEP][PASSED] - waitForElementClickable(findTestObject("TestUserLocation/categories"), 45): Object 'Object Repository/TestUserLocation/categories' is clickable

2019-01-15 11:54:19 - [MESSAGE][PASSED] - Object 'Object Repository/TestUserLocation/categories' is clickable

2019-01-15 11:54:19 - [TEST_STEP][PASSED] - click(findTestObject("TestUserLocation/categories")): Object: 'Object Repository/TestUserLocation/categories' is clicked on

2019-01-15 11:54:19 - [MESSAGE][PASSED] - Object: 'Object Repository/TestUserLocation/categories' is clicked on

2019-01-15 11:54:19 - [TEST_STEP][PASSED] - Thread.sleep(2000): null

2019-01-15 11:54:21 - [TEST_STEP][PASSED] - click(findTestObject("TestUserLocation/defaultArea")): Object: 'Object Repository/TestUserLocation/defaultArea' is clicked on

2019-01-15 11:54:22 - [MESSAGE][PASSED] - Object: 'Object Repository/TestUserLocation/defaultArea' is clicked on

2019-01-15 11:54:22 - [TEST_STEP][PASSED] - Thread.sleep(2000): null

2019-01-15 11:54:24 - [TEST_STEP][PASSED] - click(findTestObject("TestUserLocation/hoverHeading")): Object: 'Object Repository/TestUserLocation/hoverHeading' is clicked on

2019-01-15 11:54:24 - [MESSAGE][PASSED] - Object: 'Object Repository/TestUserLocation/hoverHeading' is clicked on

2019-01-15 11:54:24 - [TEST_STEP][PASSED] - click(findTestObject("TestUserLocation/addPlusIcon")): Object: 'Object Repository/TestUserLocation/addPlusIcon' is clicked on

2019-01-15 11:54:24 - [MESSAGE][PASSED] - Object: 'Object Repository/TestUserLocation/addPlusIcon' is clicked on

2019-01-15 11:54:24 - [TEST_STEP][PASSED] - setText(findTestObject("TestUserLocation/setNewName"), findTestData("LocationData").getValue("SuppliersName", 1)): Text 'Supplier_15/01/19-11:54' is set on object 'Object Repository/TestUserLocation/setNewName'

2019-01-15 11:54:24 - [MESSAGE][PASSED] - Text 'Supplier_15/01/19-11:54' is set on object 'Object Repository/TestUserLocation/setNewName'

2019-01-15 11:54:24 - [TEST_STEP][PASSED] - Thread.sleep(2000): null

2019-01-15 11:54:26 - [TEST_STEP][PASSED] - click(findTestObject("TestUserLocation/saveButton")): Object: 'Object Repository/TestUserLocation/saveButton' is clicked on

2019-01-15 11:54:26 - [MESSAGE][PASSED] - Object: 'Object Repository/TestUserLocation/saveButton' is clicked on

2019-01-15 11:54:26 - [TEST_STEP][PASSED] - Thread.sleep(4000): null

2019-01-15 11:54:30 - [TEST_STEP][PASSED] - Thread.sleep(4000): null

2019-01-15 11:54:34 - [TEST_STEP][PASSED] - click(findTestObject("TestUserLocation/mainmenu_button")): Object: 'Object Repository/TestUserLocation/mainmenu_button' is clicked on

2019-01-15 11:54:34 - [MESSAGE][PASSED] - Object: 'Object Repository/TestUserLocation/mainmenu_button' is clicked on

2019-01-15 11:54:34 - [TEST_STEP][PASSED] - Thread.sleep(2000): null

2019-01-15 11:54:36 - [TEST_STEP][PASSED] - click(findTestObject("TestResource/mainMenu_resources")): Object: 'Object Repository/TestResource/mainMenu_resources' is clicked on

2019-01-15 11:54:37 - [MESSAGE][PASSED] - Object: 'Object Repository/TestResource/mainMenu_resources' is clicked on

2019-01-15 11:54:37 - [TEST_STEP][PASSED] - Thread.sleep(4000): null

2019-01-15 11:54:41 - [TEST_STEP][PASSED] - click(findTestObject("TestResource/suppliers")): Object: 'Object Repository/TestResource/suppliers' is clicked on

2019-01-15 11:54:41 - [MESSAGE][PASSED] - Object: 'Object Repository/TestResource/suppliers' is clicked on

2019-01-15 11:54:41 - [TEST_STEP][PASSED] - Thread.sleep(4000): null

2019-01-15 11:54:45 - [TEST_STEP][PASSED] - AdminTool_Location.selectSupplier(): Element has been clicked

2019-01-15 11:54:49 - [MESSAGE][PASSED] - Element has been clicked

2019-01-15 11:54:49 - [TEST_STEP][PASSED] - Thread.sleep(4000): null

2019-01-15 11:54:53 - [TEST_STEP][PASSED] - waitForElementClickable(findTestObject("TestUserLocation/addPlusIcon"), 45): Object 'Object Repository/TestUserLocation/addPlusIcon' is clickable

2019-01-15 11:54:53 - [MESSAGE][PASSED] - Object 'Object Repository/TestUserLocation/addPlusIcon' is clickable

2019-01-15 11:54:53 - [TEST_STEP][PASSED] - click(findTestObject("TestUserLocation/addPlusIcon")): Object: 'Object Repository/TestUserLocation/addPlusIcon' is clicked on

2019-01-15 11:54:53 - [MESSAGE][PASSED] - Object: 'Object Repository/TestUserLocation/addPlusIcon' is clicked on

2019-01-15 11:54:53 - [TEST_STEP][PASSED] - Thread.sleep(2000): null

2019-01-15 11:54:55 - [TEST_STEP][PASSED] - setText(findTestObject("TestUserLocation/setNewName"), findTestData("LocationData").getValue("SubSuppliersName1", 1)): Text 'SubSupplier1_15/01/19-11:54' is set on object 'Object Repository/TestUserLocation/setNewName'

2019-01-15 11:54:56 - [MESSAGE][PASSED] - Text 'SubSupplier1_15/01/19-11:54' is set on object 'Object Repository/TestUserLocation/setNewName'

2019-01-15 11:54:56 - [TEST_STEP][NOT_RUN] - setText(findTestObject("TestResource/setPhoneNumber"), "912378456"): NOT_RUN: setText(findTestObject("TestResource/setPhoneNumber"), "912378456")

2019-01-15 11:54:56 - [MESSAGE][NOT_RUN] - NOT_RUN: setText(findTestObject("TestResource/setPhoneNumber"), "912378456")

2019-01-15 11:54:56 - [TEST_STEP][PASSED] - Thread.sleep(2000): null

2019-01-15 11:54:58 - [TEST_STEP][PASSED] - click(findTestObject("TestResource/saveDetailButton")): Object: 'Object Repository/TestResource/saveDetailButton' is clicked on

2019-01-15 11:54:58 - [MESSAGE][PASSED] - Object: 'Object Repository/TestResource/saveDetailButton' is clicked on

2019-01-15 11:54:58 - [TEST_STEP][PASSED] - Thread.sleep(7000): null

2019-01-15 11:55:05 - [TEST_STEP][PASSED] - click(findTestObject("TestResource/disableResource")): Object: 'Object Repository/TestResource/disableResource' is clicked on

2019-01-15 11:55:05 - [MESSAGE][PASSED] - Object: 'Object Repository/TestResource/disableResource' is clicked on

2019-01-15 11:55:05 - [TEST_STEP][PASSED] - Thread.sleep(2000): null

2019-01-15 11:55:07 - [TEST_STEP][PASSED] - click(findTestObject("TestResource/button2Yes")): Object: 'Object Repository/TestResource/button2Yes' is clicked on

2019-01-15 11:55:07 - [MESSAGE][PASSED] - Object: 'Object Repository/TestResource/button2Yes' is clicked on

2019-01-15 11:55:07 - [TEST_STEP][PASSED] - Thread.sleep(2000): null

2019-01-15 11:55:09 - [TEST_STEP][PASSED] - click(findTestObject("TestResource/saveDetailButton")): Object: 'Object Repository/TestResource/saveDetailButton' is clicked on

2019-01-15 11:55:09 - [MESSAGE][PASSED] - Object: 'Object Repository/TestResource/saveDetailButton' is clicked on

2019-01-15 11:55:09 - [TEST_STEP][PASSED] - Thread.sleep(7000): null

2019-01-15 11:55:16 - [TEST_STEP][PASSED] - click(findTestObject("TestResource/linksTab")): Object: 'Object Repository/TestResource/linksTab' is clicked on

2019-01-15 11:55:16 - [MESSAGE][PASSED] - Object: 'Object Repository/TestResource/linksTab' is clicked on

2019-01-15 11:55:16 - [TEST_STEP][PASSED] - Thread.sleep(2000): null

2019-01-15 11:55:18 - [TEST_STEP][PASSED] - click(findTestObject("TestResource/addLink")): Object: 'Object Repository/TestResource/addLink' is clicked on

2019-01-15 11:55:18 - [MESSAGE][PASSED] - Object: 'Object Repository/TestResource/addLink' is clicked on

2019-01-15 11:55:18 - [TEST_STEP][PASSED] - Thread.sleep(5000): null

2019-01-15 11:55:23 - [TEST_STEP][PASSED] - check(findTestObject("TestResource/selectSecondResourceToLink")): Object 'Object Repository/TestResource/selectSecondResourceToLink' is checked

2019-01-15 11:55:24 - [MESSAGE][PASSED] - Object 'Object Repository/TestResource/selectSecondResourceToLink' is checked

2019-01-15 11:55:24 - [TEST_STEP][PASSED] - AdminTool_Location.resourceLinkName(): AdminTool_Location.resourceLinkName is PASSED

2019-01-15 11:55:24 - [MESSAGE][PASSED] - AdminTool_Location.resourceLinkName is PASSED

2019-01-15 11:55:24 - [TEST_STEP][PASSED] - Thread.sleep(2000): null

2019-01-15 11:55:26 - [TEST_STEP][PASSED] - click(findTestObject("TestResource/button2Save")): Object: 'Object Repository/TestResource/button2Save' is clicked on

2019-01-15 11:55:26 - [MESSAGE][PASSED] - Object: 'Object Repository/TestResource/button2Save' is clicked on

2019-01-15 11:55:26 - [TEST_STEP][PASSED] - Thread.sleep(4000): null

2019-01-15 11:55:30 - [TEST_STEP][PASSED] - click(findTestObject("TestResource/locationTab")): Object: 'Object Repository/TestResource/locationTab' is clicked on

2019-01-15 11:55:30 - [MESSAGE][PASSED] - Object: 'Object Repository/TestResource/locationTab' is clicked on

2019-01-15 11:55:30 - [TEST_STEP][PASSED] - Thread.sleep(5000): null

2019-01-15 11:55:35 - [TEST_STEP][PASSED] - AdminTool_Location.checkLocation(): AdminTool_Location.checkLocation is PASSED

2019-01-15 11:55:37 - [MESSAGE][PASSED] - AdminTool_Location.checkLocation is PASSED

2019-01-15 11:55:37 - [TEST_STEP][PASSED] - Thread.sleep(4000): null

2019-01-15 11:55:41 - [TEST_STEP][PASSED] - AdminTool_Location.moveCursor(): AdminTool_Location.moveCursor is PASSED

2019-01-15 11:55:41 - [MESSAGE][PASSED] - AdminTool_Location.moveCursor is PASSED

2019-01-15 11:55:41 - [TEST_STEP][PASSED] - Thread.sleep(2000): null

2019-01-15 11:55:43 - [TEST_STEP][PASSED] - click(findTestObject("TestResource/saveLocation")): Object: 'Object Repository/TestResource/saveLocation' is clicked on

2019-01-15 11:55:43 - [MESSAGE][PASSED] - Object: 'Object Repository/TestResource/saveLocation' is clicked on

2019-01-15 11:55:43 - [TEST_STEP][PASSED] - click(findTestObject("TestUserLocation/mainmenu_button")): Object: 'Object Repository/TestUserLocation/mainmenu_button' is clicked on

2019-01-15 11:55:44 - [MESSAGE][PASSED] - Object: 'Object Repository/TestUserLocation/mainmenu_button' is clicked on

2019-01-15 11:55:44 - [TEST_STEP][PASSED] - Thread.sleep(2000): null

2019-01-15 11:55:46 - [TEST_STEP][PASSED] - click(findTestObject("TestResource/mainMenu_resources")): Object: 'Object Repository/TestResource/mainMenu_resources' is clicked on

2019-01-15 11:55:46 - [MESSAGE][PASSED] - Object: 'Object Repository/TestResource/mainMenu_resources' is clicked on

2019-01-15 11:55:46 - [TEST_STEP][PASSED] - Thread.sleep(4000): null

2019-01-15 11:55:50 - [TEST_STEP][PASSED] - click(findTestObject("TestResource/suppliers")): Object: 'Object Repository/TestResource/suppliers' is clicked on

2019-01-15 11:55:50 - [MESSAGE][PASSED] - Object: 'Object Repository/TestResource/suppliers' is clicked on

2019-01-15 11:55:50 - [TEST_STEP][PASSED] - Thread.sleep(4000): null

2019-01-15 11:55:54 - [TEST_STEP][PASSED] - AdminTool_Location.selectSupplier(): Element has been clicked

2019-01-15 11:55:59 - [MESSAGE][PASSED] - Element has been clicked

2019-01-15 11:55:59 - [TEST_STEP][PASSED] - Thread.sleep(4000): null

2019-01-15 11:56:03 - [TEST_STEP][PASSED] - waitForElementClickable(findTestObject("TestUserLocation/addPlusIcon"), 45): Object 'Object Repository/TestUserLocation/addPlusIcon' is clickable

2019-01-15 11:56:03 - [MESSAGE][PASSED] - Object 'Object Repository/TestUserLocation/addPlusIcon' is clickable

2019-01-15 11:56:03 - [TEST_STEP][PASSED] - click(findTestObject("TestUserLocation/addPlusIcon")): Object: 'Object Repository/TestUserLocation/addPlusIcon' is clicked on

2019-01-15 11:56:03 - [MESSAGE][PASSED] - Object: 'Object Repository/TestUserLocation/addPlusIcon' is clicked on

2019-01-15 11:56:03 - [TEST_STEP][PASSED] - Thread.sleep(2000): null

2019-01-15 11:56:05 - [TEST_STEP][PASSED] - setText(findTestObject("TestUserLocation/setNewName"), findTestData("LocationData").getValue("SubSuppliersName2", 1)): Text 'SubSupplier2_15/01/19-11:54' is set on object 'Object Repository/TestUserLocation/setNewName'

2019-01-15 11:56:05 - [MESSAGE][PASSED] - Text 'SubSupplier2_15/01/19-11:54' is set on object 'Object Repository/TestUserLocation/setNewName'

2019-01-15 11:56:05 - [TEST_STEP][NOT_RUN] - setText(findTestObject("TestResource/setPhoneNumber"), "912378456"): NOT_RUN: setText(findTestObject("TestResource/setPhoneNumber"), "912378456")

2019-01-15 11:56:05 - [MESSAGE][NOT_RUN] - NOT_RUN: setText(findTestObject("TestResource/setPhoneNumber"), "912378456")

2019-01-15 11:56:05 - [TEST_STEP][PASSED] - Thread.sleep(2000): null

2019-01-15 11:56:07 - [TEST_STEP][PASSED] - click(findTestObject("TestResource/saveDetailButton")): Object: 'Object Repository/TestResource/saveDetailButton' is clicked on

2019-01-15 11:56:08 - [MESSAGE][PASSED] - Object: 'Object Repository/TestResource/saveDetailButton' is clicked on

2019-01-15 11:56:08 - [TEST_STEP][PASSED] - Thread.sleep(7000): null

2019-01-15 11:56:15 - [TEST_STEP][PASSED] - click(findTestObject("TestResource/linksTab")): Object: 'Object Repository/TestResource/linksTab' is clicked on

2019-01-15 11:56:15 - [MESSAGE][PASSED] - Object: 'Object Repository/TestResource/linksTab' is clicked on

2019-01-15 11:56:15 - [TEST_STEP][PASSED] - Thread.sleep(2000): null

2019-01-15 11:56:17 - [TEST_STEP][PASSED] - click(findTestObject("TestResource/addLink")): Object: 'Object Repository/TestResource/addLink' is clicked on

2019-01-15 11:56:17 - [MESSAGE][PASSED] - Object: 'Object Repository/TestResource/addLink' is clicked on

2019-01-15 11:56:17 - [TEST_STEP][PASSED] - Thread.sleep(5000): null

2019-01-15 11:56:22 - [TEST_STEP][PASSED] - check(findTestObject("TestResource/selectSecondResourceToLink")): Object 'Object Repository/TestResource/selectSecondResourceToLink' is checked

2019-01-15 11:56:22 - [MESSAGE][PASSED] - Object 'Object Repository/TestResource/selectSecondResourceToLink' is checked

2019-01-15 11:56:22 - [TEST_STEP][PASSED] - AdminTool_Location.resourceLinkName(): AdminTool_Location.resourceLinkName is PASSED

2019-01-15 11:56:22 - [MESSAGE][PASSED] - AdminTool_Location.resourceLinkName is PASSED

2019-01-15 11:56:22 - [TEST_STEP][PASSED] - Thread.sleep(2000): null

2019-01-15 11:56:24 - [TEST_STEP][PASSED] - click(findTestObject("TestResource/button2Save")): Object: 'Object Repository/TestResource/button2Save' is clicked on

2019-01-15 11:56:24 - [MESSAGE][PASSED] - Object: 'Object Repository/TestResource/button2Save' is clicked on

2019-01-15 11:56:24 - [TEST_STEP][PASSED] - Thread.sleep(4000): null

2019-01-15 11:56:28 - [TEST_STEP][PASSED] - click(findTestObject("TestResource/locationTab")): Object: 'Object Repository/TestResource/locationTab' is clicked on

2019-01-15 11:56:28 - [MESSAGE][PASSED] - Object: 'Object Repository/TestResource/locationTab' is clicked on

2019-01-15 11:56:28 - [TEST_STEP][PASSED] - Thread.sleep(5000): null

2019-01-15 11:56:33 - [TEST_STEP][PASSED] - AdminTool_Location.checkLocation(): AdminTool_Location.checkLocation is PASSED

2019-01-15 11:56:36 - [MESSAGE][PASSED] - AdminTool_Location.checkLocation is PASSED

2019-01-15 11:56:36 - [TEST_STEP][PASSED] - Thread.sleep(4000): null

2019-01-15 11:56:40 - [TEST_STEP][PASSED] - click(findTestObject("TestResource/saveLocation")): Object: 'Object Repository/TestResource/saveLocation' is clicked on

2019-01-15 11:56:40 - [MESSAGE][PASSED] - Object: 'Object Repository/TestResource/saveLocation' is clicked on]]></system-out>
         <system-err><![CDATA[]]></system-err>
      </testcase>
      <testcase name="Test Cases/CheckResoucesAsPerLocation/validateResource" classname="Test Cases/CheckResoucesAsPerLocation/validateResource" status="PASSED">
         <system-out><![CDATA[2019-01-15 11:56:40 - [TEST_CASE][PASSED] - Test Cases/CheckResoucesAsPerLocation/validateResource: Test Cases/CheckResoucesAsPerLocation/validateResource

2019-01-15 11:56:40 - [TEST_STEP][NOT_RUN] - openBrowser(URL): NOT_RUN: openBrowser(URL)

2019-01-15 11:56:40 - [MESSAGE][NOT_RUN] - NOT_RUN: openBrowser(URL)

2019-01-15 11:56:40 - [TEST_STEP][NOT_RUN] - maximizeWindow(): NOT_RUN: maximizeWindow()

2019-01-15 11:56:40 - [MESSAGE][NOT_RUN] - NOT_RUN: maximizeWindow()

2019-01-15 11:56:40 - [TEST_STEP][NOT_RUN] - setText(findTestObject("Form_Selection_Creation/login_Username"), UserName): NOT_RUN: setText(findTestObject("Form_Selection_Creation/login_Username"), UserName)

2019-01-15 11:56:40 - [MESSAGE][NOT_RUN] - NOT_RUN: setText(findTestObject("Form_Selection_Creation/login_Username"), UserName)

2019-01-15 11:56:40 - [TEST_STEP][NOT_RUN] - setText(findTestObject("Form_Selection_Creation/login_Password"), Password11): NOT_RUN: setText(findTestObject("Form_Selection_Creation/login_Password"), Password11)

2019-01-15 11:56:40 - [MESSAGE][NOT_RUN] - NOT_RUN: setText(findTestObject("Form_Selection_Creation/login_Password"), Password11)

2019-01-15 11:56:40 - [TEST_STEP][PASSED] - Thread.sleep(4000): null

2019-01-15 11:56:44 - [TEST_STEP][PASSED] - FormName.setData(): FormName.setData is PASSED

2019-01-15 11:56:44 - [MESSAGE][PASSED] - FormName.setData is PASSED

2019-01-15 11:56:44 - [TEST_STEP][NOT_RUN] - click(findTestObject("Form_Selection_Creation/login_Button")): NOT_RUN: click(findTestObject("Form_Selection_Creation/login_Button"))

2019-01-15 11:56:44 - [MESSAGE][NOT_RUN] - NOT_RUN: click(findTestObject("Form_Selection_Creation/login_Button"))

2019-01-15 11:56:44 - [TEST_STEP][PASSED] - click(findTestObject("Form_Selection_Creation/mainMenu_Button")): Object: 'Object Repository/Form_Selection_Creation/mainMenu_Button' is clicked on

2019-01-15 11:56:44 - [MESSAGE][PASSED] - Object: 'Object Repository/Form_Selection_Creation/mainMenu_Button' is clicked on

2019-01-15 11:56:44 - [TEST_STEP][PASSED] - Thread.sleep(2000): null

2019-01-15 11:56:46 - [TEST_STEP][NOT_RUN] - click(findTestObject("Form_Selection_Creation/mainMenu_AdminTools")): NOT_RUN: click(findTestObject("Form_Selection_Creation/mainMenu_AdminTools"))

2019-01-15 11:56:46 - [MESSAGE][NOT_RUN] - NOT_RUN: click(findTestObject("Form_Selection_Creation/mainMenu_AdminTools"))

2019-01-15 11:56:46 - [TEST_STEP][PASSED] - click(findTestObject("Form_Selection_Creation/mainMenu_AdminTools_FormDesigner")): Object: 'Object Repository/Form_Selection_Creation/mainMenu_AdminTools_FormDesigner' is clicked on

2019-01-15 11:56:46 - [MESSAGE][PASSED] - Object: 'Object Repository/Form_Selection_Creation/mainMenu_AdminTools_FormDesigner' is clicked on

2019-01-15 11:56:46 - [TEST_STEP][PASSED] - click(findTestObject("Form_Selection_Creation/selectCheckForm")): Object: 'Object Repository/Form_Selection_Creation/selectCheckForm' is clicked on

2019-01-15 11:56:46 - [MESSAGE][PASSED] - Object: 'Object Repository/Form_Selection_Creation/selectCheckForm' is clicked on

2019-01-15 11:56:46 - [TEST_STEP][PASSED] - Thread.sleep(5000): null

2019-01-15 11:56:51 - [TEST_STEP][PASSED] - AdminTool_Location.moveCursor(): AdminTool_Location.moveCursor is PASSED

2019-01-15 11:56:51 - [MESSAGE][PASSED] - AdminTool_Location.moveCursor is PASSED

2019-01-15 11:56:51 - [TEST_STEP][PASSED] - Thread.sleep(2000): null

2019-01-15 11:56:53 - [TEST_STEP][PASSED] - AdminTool_Location.selectResType(): AdminTool_Location.selectResType is PASSED

2019-01-15 11:57:04 - [MESSAGE][PASSED] - AdminTool_Location.selectResType is PASSED

2019-01-15 11:57:04 - [TEST_STEP][PASSED] - AdminTool_Location.dragDropRes(): Element has been clicked

2019-01-15 11:57:08 - [MESSAGE][PASSED] - Element has been clicked

2019-01-15 11:57:08 - [TEST_STEP][PASSED] - Thread.sleep(5000): null

2019-01-15 11:57:13 - [TEST_STEP][NOT_RUN] - dragAndDropToObject(findTestObject("null"), findTestObject("Form_Selection_Creation/Target_Res_Object")): NOT_RUN: dragAndDropToObject(findTestObject("null"), findTestObject("Form_Selection_Creation/Target_Res_Object"))

2019-01-15 11:57:13 - [MESSAGE][NOT_RUN] - NOT_RUN: dragAndDropToObject(findTestObject("null"), findTestObject("Form_Selection_Creation/Target_Res_Object"))

2019-01-15 11:57:13 - [TEST_STEP][PASSED] - AdminTool_Location.validate(): AdminTool_Location.validate is PASSED

2019-01-15 11:57:13 - [MESSAGE][PASSED] - AdminTool_Location.validate is PASSED

2019-01-15 11:57:13 - [TEST_STEP][PASSED] - s = getText(findTestObject("TestResource/testText")): Text of object 'Object Repository/TestResource/testText' is: 'Suppliers > Supplier_15/01/19-11:54 > SubSupplier2_15/01/19-11:54'

2019-01-15 11:57:13 - [MESSAGE][PASSED] - Text of object 'Object Repository/TestResource/testText' is: 'Suppliers > Supplier_15/01/19-11:54 > SubSupplier2_15/01/19-11:54'

2019-01-15 11:57:13 - [TEST_STEP][PASSED] - println(s): null]]></system-out>
         <system-err><![CDATA[]]></system-err>
      </testcase>
      <system-out><![CDATA[2019-01-15 11:42:50 - [TEST_SUITE][PASSED] - CheckAllResources: Test Cases/CheckResoucesAsPerLocation/validateResource]]></system-out>
      <system-err><![CDATA[]]></system-err>
   </testsuite>
</testsuites>
