<?xml version="1.0" encoding="UTF-8"?>
<testsuites name="UserCheck" time="508" tests="7" failures="0" errors="0">
   <testsuite name="UserCheck" tests="7" failures="0" errors="0" time="508" timestamp="2019-01-03 10:40:26" hostname="pashine_a - Abhishek-Pashine.India.XoriantCorp.com" id="Test Suites/UserCheck">
      <properties>
         <property name="deviceName" value=""/>
         <property name="devicePlatform" value=""/>
         <property name="logFolder" value="D:\\Git Data\\SafetyChain-Test-Automation-Katalon\\Reports\\UserCheck\\20190103_104023"/>
         <property name="logFiles" value="D:\\Git Data\\SafetyChain-Test-Automation-Katalon\\Reports\\UserCheck\\20190103_104023\\execution0.log"/>
         <property name="attachments" value=""/>
         <property name="hostName" value="pashine_a - Abhishek-Pashine.India.XoriantCorp.com"/>
         <property name="os" value="Windows 7 64bit"/>
         <property name="katalonVersion" value="5.10.1.1"/>
         <property name="browser" value="Chrome 71.0.3578.98"/>
         <property name="hostAddress" value="10.21.7.147"/>
         <property name="sessionId" value="02aed0c2a7549eaac585ab125ecad284"/>
         <property name="seleniumVersion" value="3.7.1"/>
         <property name="proxyInformation" value="ProxyInformation{proxyOption=NO_PROXY, proxyServerType=HTTP, password=, proxyServerAddress=, proxyServerPort=0}"/>
         <property name="platform" value="Windows 7"/>
      </properties>
      <testcase name="Test Cases/TestUser/createUser" classname="Test Cases/TestUser/createUser" status="PASSED">
         <system-out><![CDATA[2019-01-03 10:40:26 - [TEST_CASE][PASSED] - Test Cases/TestUser/createUser: Test Cases/TestUser/createUser

2019-01-03 10:40:27 - [TEST_STEP][PASSED] - openBrowser(URL): Browser is opened with url: 'https://test2.stage.safetychain.com'

2019-01-03 10:40:27 - [MESSAGE][INFO] - Starting 'Chrome' driver

2019-01-03 10:40:27 - [MESSAGE][INFO] - Action delay is set to 0 seconds

2019-01-03 10:40:56 - [MESSAGE][PASSED] - Browser is opened with url: 'https://test2.stage.safetychain.com'

2019-01-03 10:40:56 - [TEST_STEP][PASSED] - maximizeWindow(): Current window maximized

2019-01-03 10:40:58 - [MESSAGE][PASSED] - Current window maximized

2019-01-03 10:40:58 - [TEST_STEP][PASSED] - setText(findTestObject("TestUserLocation/login_Username"), UserName): Text 'superadmin' is set on object 'Object Repository/TestUserLocation/login_Username'

2019-01-03 10:41:01 - [MESSAGE][PASSED] - Text 'superadmin' is set on object 'Object Repository/TestUserLocation/login_Username'

2019-01-03 10:41:01 - [TEST_STEP][PASSED] - setText(findTestObject("TestUserLocation/login_Password"), Password): Text 'sliptest23772boot' is set on object 'Object Repository/TestUserLocation/login_Password'

2019-01-03 10:41:01 - [MESSAGE][PASSED] - Text 'sliptest23772boot' is set on object 'Object Repository/TestUserLocation/login_Password'

2019-01-03 10:41:01 - [TEST_STEP][PASSED] - User.setNamePass(): User.setNamePass is PASSED

2019-01-03 10:41:03 - [MESSAGE][PASSED] - User.setNamePass is PASSED

2019-01-03 10:41:03 - [TEST_STEP][PASSED] - click(findTestObject("TestUserLocation/login_Button")): Object: 'Object Repository/TestUserLocation/login_Button' is clicked on

2019-01-03 10:41:05 - [MESSAGE][PASSED] - Object: 'Object Repository/TestUserLocation/login_Button' is clicked on

2019-01-03 10:41:05 - [TEST_STEP][PASSED] - Thread.sleep(6000): null

2019-01-03 10:41:11 - [TEST_STEP][PASSED] - click(findTestObject("TestUserLocation/mainmenu_button")): Object: 'Object Repository/TestUserLocation/mainmenu_button' is clicked on

2019-01-03 10:41:11 - [MESSAGE][PASSED] - Object: 'Object Repository/TestUserLocation/mainmenu_button' is clicked on

2019-01-03 10:41:11 - [TEST_STEP][PASSED] - click(findTestObject("Form_Selection_Creation/mainMenu_AdminTools")): Object: 'Object Repository/Form_Selection_Creation/mainMenu_AdminTools' is clicked on

2019-01-03 10:41:11 - [MESSAGE][PASSED] - Object: 'Object Repository/Form_Selection_Creation/mainMenu_AdminTools' is clicked on

2019-01-03 10:41:11 - [TEST_STEP][PASSED] - Thread.sleep(2000): null

2019-01-03 10:41:13 - [TEST_STEP][PASSED] - click(findTestObject("TestUser/users")): Object: 'Object Repository/TestUser/users' is clicked on

2019-01-03 10:41:13 - [MESSAGE][PASSED] - Object: 'Object Repository/TestUser/users' is clicked on

2019-01-03 10:41:13 - [TEST_STEP][PASSED] - Thread.sleep(6000): null

2019-01-03 10:41:19 - [TEST_STEP][PASSED] - click(findTestObject("TestUser/addNewUser")): Object: 'Object Repository/TestUser/addNewUser' is clicked on

2019-01-03 10:41:19 - [MESSAGE][PASSED] - Object: 'Object Repository/TestUser/addNewUser' is clicked on

2019-01-03 10:41:19 - [TEST_STEP][PASSED] - Thread.sleep(4000): null

2019-01-03 10:41:23 - [TEST_STEP][PASSED] - setText(findTestObject("TestUser/userName"), findTestData("UserData").getValue("UserName", 1)): Text 'User_On_03/01/19-10:41' is set on object 'Object Repository/TestUser/userName'

2019-01-03 10:41:24 - [MESSAGE][PASSED] - Text 'User_On_03/01/19-10:41' is set on object 'Object Repository/TestUser/userName'

2019-01-03 10:41:24 - [TEST_STEP][PASSED] - setText(findTestObject("TestUser/password"), findTestData("UserData").getValue("Password", 1)): Text 'password' is set on object 'Object Repository/TestUser/password'

2019-01-03 10:41:24 - [MESSAGE][PASSED] - Text 'password' is set on object 'Object Repository/TestUser/password'

2019-01-03 10:41:24 - [TEST_STEP][PASSED] - setText(findTestObject("TestUser/firstName"), "Test"): Text 'Test' is set on object 'Object Repository/TestUser/firstName'

2019-01-03 10:41:24 - [MESSAGE][PASSED] - Text 'Test' is set on object 'Object Repository/TestUser/firstName'

2019-01-03 10:41:24 - [TEST_STEP][PASSED] - setText(findTestObject("TestUser/lastName"), "Auto"): Text 'Auto' is set on object 'Object Repository/TestUser/lastName'

2019-01-03 10:41:24 - [MESSAGE][PASSED] - Text 'Auto' is set on object 'Object Repository/TestUser/lastName'

2019-01-03 10:41:24 - [TEST_STEP][PASSED] - setText(findTestObject("TestUser/email"), "test123@auto.com"): Text 'test123@auto.com' is set on object 'Object Repository/TestUser/email'

2019-01-03 10:41:25 - [MESSAGE][PASSED] - Text 'test123@auto.com' is set on object 'Object Repository/TestUser/email'

2019-01-03 10:41:25 - [TEST_STEP][PASSED] - click(findTestObject("TestUser/timeZoneOpen")): Object: 'Object Repository/TestUser/timeZoneOpen' is clicked on

2019-01-03 10:41:25 - [MESSAGE][PASSED] - Object: 'Object Repository/TestUser/timeZoneOpen' is clicked on

2019-01-03 10:41:25 - [TEST_STEP][PASSED] - Thread.sleep(2000): null

2019-01-03 10:41:27 - [TEST_STEP][PASSED] - click(findTestObject("TestUser/selectTimeZone")): Object: 'Object Repository/TestUser/selectTimeZone' is clicked on

2019-01-03 10:41:27 - [MESSAGE][PASSED] - Object: 'Object Repository/TestUser/selectTimeZone' is clicked on

2019-01-03 10:41:27 - [TEST_STEP][PASSED] - Thread.sleep(2000): null

2019-01-03 10:41:29 - [TEST_STEP][PASSED] - click(findTestObject("TestUser/clickOutside")): Object: 'Object Repository/TestUser/clickOutside' is clicked on

2019-01-03 10:41:29 - [MESSAGE][PASSED] - Object: 'Object Repository/TestUser/clickOutside' is clicked on

2019-01-03 10:41:29 - [TEST_STEP][PASSED] - click(findTestObject("TestUser/locationOpen")): Object: 'Object Repository/TestUser/locationOpen' is clicked on

2019-01-03 10:41:29 - [MESSAGE][PASSED] - Object: 'Object Repository/TestUser/locationOpen' is clicked on

2019-01-03 10:41:29 - [TEST_STEP][PASSED] - Thread.sleep(2000): null

2019-01-03 10:41:31 - [TEST_STEP][PASSED] - click(findTestObject("TestUser/selectLocation")): Object: 'Object Repository/TestUser/selectLocation' is clicked on

2019-01-03 10:41:32 - [MESSAGE][PASSED] - Object: 'Object Repository/TestUser/selectLocation' is clicked on

2019-01-03 10:41:32 - [TEST_STEP][PASSED] - Thread.sleep(2000): null

2019-01-03 10:41:34 - [TEST_STEP][PASSED] - click(findTestObject("TestUser/clickOutside")): Object: 'Object Repository/TestUser/clickOutside' is clicked on

2019-01-03 10:41:34 - [MESSAGE][PASSED] - Object: 'Object Repository/TestUser/clickOutside' is clicked on

2019-01-03 10:41:34 - [TEST_STEP][PASSED] - click(findTestObject("TestUser/roleOpen")): Object: 'Object Repository/TestUser/roleOpen' is clicked on

2019-01-03 10:41:34 - [MESSAGE][PASSED] - Object: 'Object Repository/TestUser/roleOpen' is clicked on

2019-01-03 10:41:34 - [TEST_STEP][PASSED] - Thread.sleep(2000): null

2019-01-03 10:41:36 - [TEST_STEP][PASSED] - click(findTestObject("TestUser/selectRole")): Object: 'Object Repository/TestUser/selectRole' is clicked on

2019-01-03 10:41:36 - [MESSAGE][PASSED] - Object: 'Object Repository/TestUser/selectRole' is clicked on

2019-01-03 10:41:36 - [TEST_STEP][PASSED] - Thread.sleep(2000): null

2019-01-03 10:41:38 - [TEST_STEP][PASSED] - click(findTestObject("TestUser/clickOutside")): Object: 'Object Repository/TestUser/clickOutside' is clicked on

2019-01-03 10:41:38 - [MESSAGE][PASSED] - Object: 'Object Repository/TestUser/clickOutside' is clicked on

2019-01-03 10:41:38 - [TEST_STEP][PASSED] - Thread.sleep(2000): null

2019-01-03 10:41:40 - [TEST_STEP][PASSED] - click(findTestObject("TestUser/saveUser")): Object: 'Object Repository/TestUser/saveUser' is clicked on

2019-01-03 10:41:40 - [MESSAGE][PASSED] - Object: 'Object Repository/TestUser/saveUser' is clicked on

2019-01-03 10:41:40 - [TEST_STEP][PASSED] - Thread.sleep(6000): null]]></system-out>
         <system-err><![CDATA[]]></system-err>
      </testcase>
      <testcase name="Test Cases/TestUser/userFirstLogin" classname="Test Cases/TestUser/userFirstLogin" status="PASSED">
         <system-out><![CDATA[2019-01-03 10:41:46 - [TEST_CASE][PASSED] - Test Cases/TestUser/userFirstLogin: Test Cases/TestUser/userFirstLogin

2019-01-03 10:41:46 - [TEST_STEP][PASSED] - openBrowser(URL): Browser is opened with url: 'https://test2.stage.safetychain.com'

2019-01-03 10:41:46 - [MESSAGE][WARNING] - A browser is already opened. Closing browser and opening a new one

2019-01-03 10:41:47 - [MESSAGE][INFO] - Starting 'Chrome' driver

2019-01-03 10:42:15 - [MESSAGE][PASSED] - Browser is opened with url: 'https://test2.stage.safetychain.com'

2019-01-03 10:42:15 - [TEST_STEP][PASSED] - maximizeWindow(): Current window maximized

2019-01-03 10:42:16 - [MESSAGE][PASSED] - Current window maximized

2019-01-03 10:42:16 - [TEST_STEP][PASSED] - Thread.sleep(2000): null

2019-01-03 10:42:18 - [TEST_STEP][PASSED] - setText(findTestObject("TestUserLocation/login_Username"), findTestData("UserData").getValue("UserName", 1)): Text 'User_On_03/01/19-10:41' is set on object 'Object Repository/TestUserLocation/login_Username'

2019-01-03 10:42:19 - [MESSAGE][PASSED] - Text 'User_On_03/01/19-10:41' is set on object 'Object Repository/TestUserLocation/login_Username'

2019-01-03 10:42:19 - [TEST_STEP][PASSED] - User.setNewPass(): User.setNewPass is PASSED

2019-01-03 10:42:19 - [MESSAGE][PASSED] - User.setNewPass is PASSED

2019-01-03 10:42:19 - [TEST_STEP][PASSED] - setText(findTestObject("TestUserLocation/login_Password"), findTestData("UserData").getValue("Password", 1)): Text 'password' is set on object 'Object Repository/TestUserLocation/login_Password'

2019-01-03 10:42:19 - [MESSAGE][PASSED] - Text 'password' is set on object 'Object Repository/TestUserLocation/login_Password'

2019-01-03 10:42:19 - [TEST_STEP][PASSED] - Thread.sleep(2000): null

2019-01-03 10:42:21 - [TEST_STEP][PASSED] - click(findTestObject("TestUserLocation/login_Button")): Object: 'Object Repository/TestUserLocation/login_Button' is clicked on

2019-01-03 10:42:24 - [MESSAGE][PASSED] - Object: 'Object Repository/TestUserLocation/login_Button' is clicked on

2019-01-03 10:42:24 - [TEST_STEP][PASSED] - Thread.sleep(6000): null

2019-01-03 10:42:30 - [TEST_STEP][PASSED] - setText(findTestObject("TestUser/newPassword"), "a"): Text 'a' is set on object 'Object Repository/TestUser/newPassword'

2019-01-03 10:42:30 - [MESSAGE][PASSED] - Text 'a' is set on object 'Object Repository/TestUser/newPassword'

2019-01-03 10:42:30 - [TEST_STEP][PASSED] - setText(findTestObject("TestUser/confirmPassword"), "b"): Text 'b' is set on object 'Object Repository/TestUser/confirmPassword'

2019-01-03 10:42:30 - [MESSAGE][PASSED] - Text 'b' is set on object 'Object Repository/TestUser/confirmPassword'

2019-01-03 10:42:30 - [TEST_STEP][PASSED] - Thread.sleep(2000): null

2019-01-03 10:42:32 - [TEST_STEP][PASSED] - click(findTestObject("TestUser/createPasswordButton")): Object: 'Object Repository/TestUser/createPasswordButton' is clicked on

2019-01-03 10:42:33 - [MESSAGE][PASSED] - Object: 'Object Repository/TestUser/createPasswordButton' is clicked on

2019-01-03 10:42:33 - [TEST_STEP][PASSED] - Thread.sleep(4000): null

2019-01-03 10:42:37 - [TEST_STEP][PASSED] - click(findTestObject("TestUser/passwordMatch")): Object: 'Object Repository/TestUser/passwordMatch' is clicked on

2019-01-03 10:42:37 - [MESSAGE][PASSED] - Object: 'Object Repository/TestUser/passwordMatch' is clicked on

2019-01-03 10:42:37 - [TEST_STEP][PASSED] - setText(findTestObject("TestUser/newPassword"), "a"): Text 'a' is set on object 'Object Repository/TestUser/newPassword'

2019-01-03 10:42:37 - [MESSAGE][PASSED] - Text 'a' is set on object 'Object Repository/TestUser/newPassword'

2019-01-03 10:42:37 - [TEST_STEP][PASSED] - setText(findTestObject("TestUser/confirmPassword"), "a"): Text 'a' is set on object 'Object Repository/TestUser/confirmPassword'

2019-01-03 10:42:37 - [MESSAGE][PASSED] - Text 'a' is set on object 'Object Repository/TestUser/confirmPassword'

2019-01-03 10:42:37 - [TEST_STEP][PASSED] - Thread.sleep(2000): null

2019-01-03 10:42:39 - [TEST_STEP][PASSED] - click(findTestObject("TestUser/createPasswordButton")): Object: 'Object Repository/TestUser/createPasswordButton' is clicked on

2019-01-03 10:42:39 - [MESSAGE][PASSED] - Object: 'Object Repository/TestUser/createPasswordButton' is clicked on

2019-01-03 10:42:39 - [TEST_STEP][PASSED] - Thread.sleep(4000): null

2019-01-03 10:42:43 - [TEST_STEP][PASSED] - click(findTestObject("TestUser/characterLength")): Object: 'Object Repository/TestUser/characterLength' is clicked on

2019-01-03 10:42:44 - [MESSAGE][PASSED] - Object: 'Object Repository/TestUser/characterLength' is clicked on

2019-01-03 10:42:44 - [TEST_STEP][PASSED] - setText(findTestObject("TestUser/newPassword"), findTestData("UserData").getValue("Password", 1)): Text 'password' is set on object 'Object Repository/TestUser/newPassword'

2019-01-03 10:42:44 - [MESSAGE][PASSED] - Text 'password' is set on object 'Object Repository/TestUser/newPassword'

2019-01-03 10:42:44 - [TEST_STEP][PASSED] - setText(findTestObject("TestUser/confirmPassword"), findTestData("UserData").getValue("Password", 1)): Text 'password' is set on object 'Object Repository/TestUser/confirmPassword'

2019-01-03 10:42:44 - [MESSAGE][PASSED] - Text 'password' is set on object 'Object Repository/TestUser/confirmPassword'

2019-01-03 10:42:44 - [TEST_STEP][PASSED] - Thread.sleep(2000): null

2019-01-03 10:42:46 - [TEST_STEP][PASSED] - click(findTestObject("TestUser/createPasswordButton")): Object: 'Object Repository/TestUser/createPasswordButton' is clicked on

2019-01-03 10:42:46 - [MESSAGE][PASSED] - Object: 'Object Repository/TestUser/createPasswordButton' is clicked on

2019-01-03 10:42:46 - [TEST_STEP][PASSED] - Thread.sleep(4000): null

2019-01-03 10:42:50 - [TEST_STEP][PASSED] - click(findTestObject("TestUser/specialCharacater")): Object: 'Object Repository/TestUser/specialCharacater' is clicked on

2019-01-03 10:42:50 - [MESSAGE][PASSED] - Object: 'Object Repository/TestUser/specialCharacater' is clicked on

2019-01-03 10:42:50 - [TEST_STEP][PASSED] - setText(findTestObject("TestUser/newPassword"), findTestData("UserData").getValue("NewPassword", 1)): Text 'password@123#' is set on object 'Object Repository/TestUser/newPassword'

2019-01-03 10:42:51 - [MESSAGE][PASSED] - Text 'password@123#' is set on object 'Object Repository/TestUser/newPassword'

2019-01-03 10:42:51 - [TEST_STEP][PASSED] - setText(findTestObject("TestUser/confirmPassword"), findTestData("UserData").getValue("NewPassword", 1)): Text 'password@123#' is set on object 'Object Repository/TestUser/confirmPassword'

2019-01-03 10:42:51 - [MESSAGE][PASSED] - Text 'password@123#' is set on object 'Object Repository/TestUser/confirmPassword'

2019-01-03 10:42:51 - [TEST_STEP][PASSED] - Thread.sleep(2000): null

2019-01-03 10:42:53 - [TEST_STEP][PASSED] - click(findTestObject("TestUser/createPasswordButton")): Object: 'Object Repository/TestUser/createPasswordButton' is clicked on

2019-01-03 10:42:53 - [MESSAGE][PASSED] - Object: 'Object Repository/TestUser/createPasswordButton' is clicked on

2019-01-03 10:42:53 - [TEST_STEP][PASSED] - Thread.sleep(4000): null

2019-01-03 10:42:57 - [TEST_STEP][PASSED] - setText(findTestObject("TestUserLocation/login_Username"), findTestData("UserData").getValue("UserName", 1)): Text 'User_On_03/01/19-10:41' is set on object 'Object Repository/TestUserLocation/login_Username'

2019-01-03 10:42:58 - [MESSAGE][PASSED] - Text 'User_On_03/01/19-10:41' is set on object 'Object Repository/TestUserLocation/login_Username'

2019-01-03 10:42:58 - [TEST_STEP][PASSED] - setText(findTestObject("TestUserLocation/login_Password"), findTestData("UserData").getValue("NewPassword", 1)): Text 'password@123#' is set on object 'Object Repository/TestUserLocation/login_Password'

2019-01-03 10:42:58 - [MESSAGE][PASSED] - Text 'password@123#' is set on object 'Object Repository/TestUserLocation/login_Password'

2019-01-03 10:42:58 - [TEST_STEP][PASSED] - Thread.sleep(2000): null

2019-01-03 10:43:00 - [TEST_STEP][PASSED] - click(findTestObject("TestUserLocation/login_Button")): Object: 'Object Repository/TestUserLocation/login_Button' is clicked on

2019-01-03 10:43:02 - [MESSAGE][PASSED] - Object: 'Object Repository/TestUserLocation/login_Button' is clicked on

2019-01-03 10:43:02 - [TEST_STEP][PASSED] - Thread.sleep(4000): null]]></system-out>
         <system-err><![CDATA[]]></system-err>
      </testcase>
      <testcase name="Test Cases/TestUser/CheckUser_Invalid" classname="Test Cases/TestUser/CheckUser_Invalid" status="PASSED">
         <system-out><![CDATA[2019-01-03 10:43:06 - [TEST_CASE][PASSED] - Test Cases/TestUser/CheckUser_Invalid: Test Cases/TestUser/CheckUser_Invalid

2019-01-03 10:43:06 - [TEST_STEP][PASSED] - openBrowser(URL): Browser is opened with url: 'https://test2.stage.safetychain.com'

2019-01-03 10:43:06 - [MESSAGE][WARNING] - A browser is already opened. Closing browser and opening a new one

2019-01-03 10:43:07 - [MESSAGE][INFO] - Starting 'Chrome' driver

2019-01-03 10:43:43 - [MESSAGE][PASSED] - Browser is opened with url: 'https://test2.stage.safetychain.com'

2019-01-03 10:43:43 - [TEST_STEP][PASSED] - maximizeWindow(): Current window maximized

2019-01-03 10:43:44 - [MESSAGE][PASSED] - Current window maximized

2019-01-03 10:43:44 - [TEST_STEP][PASSED] - for (def index : (0..10)): null

2019-01-03 10:43:44 - [TEST_STEP][PASSED] - setText(findTestObject("TestUserLocation/login_Username"), findTestData("UserData").getValue("UserName", 1)): Text 'User_On_03/01/19-10:41' is set on object 'Object Repository/TestUserLocation/login_Username'

2019-01-03 10:43:48 - [MESSAGE][PASSED] - Text 'User_On_03/01/19-10:41' is set on object 'Object Repository/TestUserLocation/login_Username'

2019-01-03 10:43:48 - [TEST_STEP][PASSED] - setText(findTestObject("TestUserLocation/login_Password"), findTestData("UserData").getValue("Password", 1)): Text 'password' is set on object 'Object Repository/TestUserLocation/login_Password'

2019-01-03 10:43:49 - [MESSAGE][PASSED] - Text 'password' is set on object 'Object Repository/TestUserLocation/login_Password'

2019-01-03 10:43:49 - [TEST_STEP][PASSED] - click(findTestObject("TestUserLocation/login_Button")): Object: 'Object Repository/TestUserLocation/login_Button' is clicked on

2019-01-03 10:43:49 - [MESSAGE][PASSED] - Object: 'Object Repository/TestUserLocation/login_Button' is clicked on

2019-01-03 10:43:49 - [TEST_STEP][PASSED] - Thread.sleep(2000): null

2019-01-03 10:43:51 - [TEST_STEP][PASSED] - setText(findTestObject("TestUserLocation/login_Username"), findTestData("UserData").getValue("UserName", 1)): Text 'User_On_03/01/19-10:41' is set on object 'Object Repository/TestUserLocation/login_Username'

2019-01-03 10:43:51 - [MESSAGE][PASSED] - Text 'User_On_03/01/19-10:41' is set on object 'Object Repository/TestUserLocation/login_Username'

2019-01-03 10:43:51 - [TEST_STEP][PASSED] - setText(findTestObject("TestUserLocation/login_Password"), findTestData("UserData").getValue("Password", 1)): Text 'password' is set on object 'Object Repository/TestUserLocation/login_Password'

2019-01-03 10:43:52 - [MESSAGE][PASSED] - Text 'password' is set on object 'Object Repository/TestUserLocation/login_Password'

2019-01-03 10:43:52 - [TEST_STEP][PASSED] - click(findTestObject("TestUserLocation/login_Button")): Object: 'Object Repository/TestUserLocation/login_Button' is clicked on

2019-01-03 10:43:52 - [MESSAGE][PASSED] - Object: 'Object Repository/TestUserLocation/login_Button' is clicked on

2019-01-03 10:43:52 - [TEST_STEP][PASSED] - Thread.sleep(2000): null

2019-01-03 10:43:54 - [TEST_STEP][PASSED] - setText(findTestObject("TestUserLocation/login_Username"), findTestData("UserData").getValue("UserName", 1)): Text 'User_On_03/01/19-10:41' is set on object 'Object Repository/TestUserLocation/login_Username'

2019-01-03 10:43:54 - [MESSAGE][PASSED] - Text 'User_On_03/01/19-10:41' is set on object 'Object Repository/TestUserLocation/login_Username'

2019-01-03 10:43:54 - [TEST_STEP][PASSED] - setText(findTestObject("TestUserLocation/login_Password"), findTestData("UserData").getValue("Password", 1)): Text 'password' is set on object 'Object Repository/TestUserLocation/login_Password'

2019-01-03 10:43:54 - [MESSAGE][PASSED] - Text 'password' is set on object 'Object Repository/TestUserLocation/login_Password'

2019-01-03 10:43:54 - [TEST_STEP][PASSED] - click(findTestObject("TestUserLocation/login_Button")): Object: 'Object Repository/TestUserLocation/login_Button' is clicked on

2019-01-03 10:43:55 - [MESSAGE][PASSED] - Object: 'Object Repository/TestUserLocation/login_Button' is clicked on

2019-01-03 10:43:55 - [TEST_STEP][PASSED] - Thread.sleep(2000): null

2019-01-03 10:43:57 - [TEST_STEP][PASSED] - setText(findTestObject("TestUserLocation/login_Username"), findTestData("UserData").getValue("UserName", 1)): Text 'User_On_03/01/19-10:41' is set on object 'Object Repository/TestUserLocation/login_Username'

2019-01-03 10:43:57 - [MESSAGE][PASSED] - Text 'User_On_03/01/19-10:41' is set on object 'Object Repository/TestUserLocation/login_Username'

2019-01-03 10:43:57 - [TEST_STEP][PASSED] - setText(findTestObject("TestUserLocation/login_Password"), findTestData("UserData").getValue("Password", 1)): Text 'password' is set on object 'Object Repository/TestUserLocation/login_Password'

2019-01-03 10:43:57 - [MESSAGE][PASSED] - Text 'password' is set on object 'Object Repository/TestUserLocation/login_Password'

2019-01-03 10:43:57 - [TEST_STEP][PASSED] - click(findTestObject("TestUserLocation/login_Button")): Object: 'Object Repository/TestUserLocation/login_Button' is clicked on

2019-01-03 10:43:58 - [MESSAGE][PASSED] - Object: 'Object Repository/TestUserLocation/login_Button' is clicked on

2019-01-03 10:43:58 - [TEST_STEP][PASSED] - Thread.sleep(2000): null

2019-01-03 10:44:00 - [TEST_STEP][PASSED] - setText(findTestObject("TestUserLocation/login_Username"), findTestData("UserData").getValue("UserName", 1)): Text 'User_On_03/01/19-10:41' is set on object 'Object Repository/TestUserLocation/login_Username'

2019-01-03 10:44:00 - [MESSAGE][PASSED] - Text 'User_On_03/01/19-10:41' is set on object 'Object Repository/TestUserLocation/login_Username'

2019-01-03 10:44:00 - [TEST_STEP][PASSED] - setText(findTestObject("TestUserLocation/login_Password"), findTestData("UserData").getValue("Password", 1)): Text 'password' is set on object 'Object Repository/TestUserLocation/login_Password'

2019-01-03 10:44:00 - [MESSAGE][PASSED] - Text 'password' is set on object 'Object Repository/TestUserLocation/login_Password'

2019-01-03 10:44:00 - [TEST_STEP][PASSED] - click(findTestObject("TestUserLocation/login_Button")): Object: 'Object Repository/TestUserLocation/login_Button' is clicked on

2019-01-03 10:44:00 - [MESSAGE][PASSED] - Object: 'Object Repository/TestUserLocation/login_Button' is clicked on

2019-01-03 10:44:00 - [TEST_STEP][PASSED] - Thread.sleep(2000): null

2019-01-03 10:44:02 - [TEST_STEP][PASSED] - setText(findTestObject("TestUserLocation/login_Username"), findTestData("UserData").getValue("UserName", 1)): Text 'User_On_03/01/19-10:41' is set on object 'Object Repository/TestUserLocation/login_Username'

2019-01-03 10:44:03 - [MESSAGE][PASSED] - Text 'User_On_03/01/19-10:41' is set on object 'Object Repository/TestUserLocation/login_Username'

2019-01-03 10:44:03 - [TEST_STEP][PASSED] - setText(findTestObject("TestUserLocation/login_Password"), findTestData("UserData").getValue("Password", 1)): Text 'password' is set on object 'Object Repository/TestUserLocation/login_Password'

2019-01-03 10:44:03 - [MESSAGE][PASSED] - Text 'password' is set on object 'Object Repository/TestUserLocation/login_Password'

2019-01-03 10:44:03 - [TEST_STEP][PASSED] - click(findTestObject("TestUserLocation/login_Button")): Object: 'Object Repository/TestUserLocation/login_Button' is clicked on

2019-01-03 10:44:03 - [MESSAGE][PASSED] - Object: 'Object Repository/TestUserLocation/login_Button' is clicked on

2019-01-03 10:44:03 - [TEST_STEP][PASSED] - Thread.sleep(2000): null

2019-01-03 10:44:05 - [TEST_STEP][PASSED] - setText(findTestObject("TestUserLocation/login_Username"), findTestData("UserData").getValue("UserName", 1)): Text 'User_On_03/01/19-10:41' is set on object 'Object Repository/TestUserLocation/login_Username'

2019-01-03 10:44:05 - [MESSAGE][PASSED] - Text 'User_On_03/01/19-10:41' is set on object 'Object Repository/TestUserLocation/login_Username'

2019-01-03 10:44:05 - [TEST_STEP][PASSED] - setText(findTestObject("TestUserLocation/login_Password"), findTestData("UserData").getValue("Password", 1)): Text 'password' is set on object 'Object Repository/TestUserLocation/login_Password'

2019-01-03 10:44:05 - [MESSAGE][PASSED] - Text 'password' is set on object 'Object Repository/TestUserLocation/login_Password'

2019-01-03 10:44:05 - [TEST_STEP][PASSED] - click(findTestObject("TestUserLocation/login_Button")): Object: 'Object Repository/TestUserLocation/login_Button' is clicked on

2019-01-03 10:44:06 - [MESSAGE][PASSED] - Object: 'Object Repository/TestUserLocation/login_Button' is clicked on

2019-01-03 10:44:06 - [TEST_STEP][PASSED] - Thread.sleep(2000): null

2019-01-03 10:44:08 - [TEST_STEP][PASSED] - setText(findTestObject("TestUserLocation/login_Username"), findTestData("UserData").getValue("UserName", 1)): Text 'User_On_03/01/19-10:41' is set on object 'Object Repository/TestUserLocation/login_Username'

2019-01-03 10:44:08 - [MESSAGE][PASSED] - Text 'User_On_03/01/19-10:41' is set on object 'Object Repository/TestUserLocation/login_Username'

2019-01-03 10:44:08 - [TEST_STEP][PASSED] - setText(findTestObject("TestUserLocation/login_Password"), findTestData("UserData").getValue("Password", 1)): Text 'password' is set on object 'Object Repository/TestUserLocation/login_Password'

2019-01-03 10:44:08 - [MESSAGE][PASSED] - Text 'password' is set on object 'Object Repository/TestUserLocation/login_Password'

2019-01-03 10:44:08 - [TEST_STEP][PASSED] - click(findTestObject("TestUserLocation/login_Button")): Object: 'Object Repository/TestUserLocation/login_Button' is clicked on

2019-01-03 10:44:09 - [MESSAGE][PASSED] - Object: 'Object Repository/TestUserLocation/login_Button' is clicked on

2019-01-03 10:44:09 - [TEST_STEP][PASSED] - Thread.sleep(2000): null

2019-01-03 10:44:11 - [TEST_STEP][PASSED] - setText(findTestObject("TestUserLocation/login_Username"), findTestData("UserData").getValue("UserName", 1)): Text 'User_On_03/01/19-10:41' is set on object 'Object Repository/TestUserLocation/login_Username'

2019-01-03 10:44:11 - [MESSAGE][PASSED] - Text 'User_On_03/01/19-10:41' is set on object 'Object Repository/TestUserLocation/login_Username'

2019-01-03 10:44:11 - [TEST_STEP][PASSED] - setText(findTestObject("TestUserLocation/login_Password"), findTestData("UserData").getValue("Password", 1)): Text 'password' is set on object 'Object Repository/TestUserLocation/login_Password'

2019-01-03 10:44:11 - [MESSAGE][PASSED] - Text 'password' is set on object 'Object Repository/TestUserLocation/login_Password'

2019-01-03 10:44:11 - [TEST_STEP][PASSED] - click(findTestObject("TestUserLocation/login_Button")): Object: 'Object Repository/TestUserLocation/login_Button' is clicked on

2019-01-03 10:44:12 - [MESSAGE][PASSED] - Object: 'Object Repository/TestUserLocation/login_Button' is clicked on

2019-01-03 10:44:12 - [TEST_STEP][PASSED] - Thread.sleep(2000): null

2019-01-03 10:44:14 - [TEST_STEP][PASSED] - setText(findTestObject("TestUserLocation/login_Username"), findTestData("UserData").getValue("UserName", 1)): Text 'User_On_03/01/19-10:41' is set on object 'Object Repository/TestUserLocation/login_Username'

2019-01-03 10:44:14 - [MESSAGE][PASSED] - Text 'User_On_03/01/19-10:41' is set on object 'Object Repository/TestUserLocation/login_Username'

2019-01-03 10:44:14 - [TEST_STEP][PASSED] - setText(findTestObject("TestUserLocation/login_Password"), findTestData("UserData").getValue("Password", 1)): Text 'password' is set on object 'Object Repository/TestUserLocation/login_Password'

2019-01-03 10:44:14 - [MESSAGE][PASSED] - Text 'password' is set on object 'Object Repository/TestUserLocation/login_Password'

2019-01-03 10:44:14 - [TEST_STEP][PASSED] - click(findTestObject("TestUserLocation/login_Button")): Object: 'Object Repository/TestUserLocation/login_Button' is clicked on

2019-01-03 10:44:14 - [MESSAGE][PASSED] - Object: 'Object Repository/TestUserLocation/login_Button' is clicked on

2019-01-03 10:44:14 - [TEST_STEP][PASSED] - Thread.sleep(2000): null

2019-01-03 10:44:16 - [TEST_STEP][PASSED] - setText(findTestObject("TestUserLocation/login_Username"), findTestData("UserData").getValue("UserName", 1)): Text 'User_On_03/01/19-10:41' is set on object 'Object Repository/TestUserLocation/login_Username'

2019-01-03 10:44:17 - [MESSAGE][PASSED] - Text 'User_On_03/01/19-10:41' is set on object 'Object Repository/TestUserLocation/login_Username'

2019-01-03 10:44:17 - [TEST_STEP][PASSED] - setText(findTestObject("TestUserLocation/login_Password"), findTestData("UserData").getValue("Password", 1)): Text 'password' is set on object 'Object Repository/TestUserLocation/login_Password'

2019-01-03 10:44:17 - [MESSAGE][PASSED] - Text 'password' is set on object 'Object Repository/TestUserLocation/login_Password'

2019-01-03 10:44:17 - [TEST_STEP][PASSED] - click(findTestObject("TestUserLocation/login_Button")): Object: 'Object Repository/TestUserLocation/login_Button' is clicked on

2019-01-03 10:44:17 - [MESSAGE][PASSED] - Object: 'Object Repository/TestUserLocation/login_Button' is clicked on

2019-01-03 10:44:17 - [TEST_STEP][PASSED] - Thread.sleep(2000): null

2019-01-03 10:44:19 - [TEST_STEP][PASSED] - click(findTestObject("TestUser/lockedAccount")): Object: 'Object Repository/TestUser/lockedAccount' is clicked on

2019-01-03 10:44:19 - [MESSAGE][PASSED] - Object: 'Object Repository/TestUser/lockedAccount' is clicked on

2019-01-03 10:44:19 - [TEST_STEP][PASSED] - Thread.sleep(6000): null

2019-01-03 10:44:25 - [TEST_STEP][NOT_RUN] - setText(findTestObject("TestUserLocation/login_Username"), findTestData("UserData").getValue("UserName", 1)): NOT_RUN: setText(findTestObject("TestUserLocation/login_Username"), findTestData("UserData").getValue("UserName", 1))

2019-01-03 10:44:25 - [MESSAGE][NOT_RUN] - NOT_RUN: setText(findTestObject("TestUserLocation/login_Username"), findTestData("UserData").getValue("UserName", 1))

2019-01-03 10:44:25 - [TEST_STEP][NOT_RUN] - setText(findTestObject("TestUserLocation/login_Password"), findTestData("UserData").getValue("NewPassword", 1)): NOT_RUN: setText(findTestObject("TestUserLocation/login_Password"), findTestData("UserData").getValue("NewPassword", 1))

2019-01-03 10:44:25 - [MESSAGE][NOT_RUN] - NOT_RUN: setText(findTestObject("TestUserLocation/login_Password"), findTestData("UserData").getValue("NewPassword", 1))

2019-01-03 10:44:25 - [TEST_STEP][NOT_RUN] - click(findTestObject("TestUserLocation/login_Button")): NOT_RUN: click(findTestObject("TestUserLocation/login_Button"))

2019-01-03 10:44:25 - [MESSAGE][NOT_RUN] - NOT_RUN: click(findTestObject("TestUserLocation/login_Button"))]]></system-out>
         <system-err><![CDATA[]]></system-err>
      </testcase>
      <testcase name="Test Cases/TestUser/UnlockUser" classname="Test Cases/TestUser/UnlockUser" status="PASSED">
         <system-out><![CDATA[2019-01-03 10:44:25 - [TEST_CASE][PASSED] - Test Cases/TestUser/UnlockUser: Test Cases/TestUser/UnlockUser

2019-01-03 10:44:25 - [TEST_STEP][PASSED] - openBrowser(URL): Browser is opened with url: 'https://test2.stage.safetychain.com'

2019-01-03 10:44:25 - [MESSAGE][WARNING] - A browser is already opened. Closing browser and opening a new one

2019-01-03 10:44:26 - [MESSAGE][INFO] - Starting 'Chrome' driver

2019-01-03 10:44:54 - [MESSAGE][PASSED] - Browser is opened with url: 'https://test2.stage.safetychain.com'

2019-01-03 10:44:54 - [TEST_STEP][PASSED] - maximizeWindow(): Current window maximized

2019-01-03 10:44:55 - [MESSAGE][PASSED] - Current window maximized

2019-01-03 10:44:55 - [TEST_STEP][PASSED] - setText(findTestObject("TestUserLocation/login_Username"), UserName): Text 'superadmin' is set on object 'Object Repository/TestUserLocation/login_Username'

2019-01-03 10:44:59 - [MESSAGE][PASSED] - Text 'superadmin' is set on object 'Object Repository/TestUserLocation/login_Username'

2019-01-03 10:44:59 - [TEST_STEP][PASSED] - setText(findTestObject("TestUserLocation/login_Password"), Password): Text 'sliptest23772boot' is set on object 'Object Repository/TestUserLocation/login_Password'

2019-01-03 10:44:59 - [MESSAGE][PASSED] - Text 'sliptest23772boot' is set on object 'Object Repository/TestUserLocation/login_Password'

2019-01-03 10:44:59 - [TEST_STEP][NOT_RUN] - User.setNamePass(): NOT_RUN: User.setNamePass()

2019-01-03 10:44:59 - [MESSAGE][NOT_RUN] - NOT_RUN: User.setNamePass()

2019-01-03 10:44:59 - [TEST_STEP][PASSED] - click(findTestObject("TestUserLocation/login_Button")): Object: 'Object Repository/TestUserLocation/login_Button' is clicked on

2019-01-03 10:45:01 - [MESSAGE][PASSED] - Object: 'Object Repository/TestUserLocation/login_Button' is clicked on

2019-01-03 10:45:01 - [TEST_STEP][PASSED] - Thread.sleep(6000): null

2019-01-03 10:45:07 - [TEST_STEP][PASSED] - click(findTestObject("TestUserLocation/mainmenu_button")): Object: 'Object Repository/TestUserLocation/mainmenu_button' is clicked on

2019-01-03 10:45:07 - [MESSAGE][PASSED] - Object: 'Object Repository/TestUserLocation/mainmenu_button' is clicked on

2019-01-03 10:45:07 - [TEST_STEP][PASSED] - click(findTestObject("Form_Selection_Creation/mainMenu_AdminTools")): Object: 'Object Repository/Form_Selection_Creation/mainMenu_AdminTools' is clicked on

2019-01-03 10:45:07 - [MESSAGE][PASSED] - Object: 'Object Repository/Form_Selection_Creation/mainMenu_AdminTools' is clicked on

2019-01-03 10:45:07 - [TEST_STEP][PASSED] - Thread.sleep(2000): null

2019-01-03 10:45:09 - [TEST_STEP][PASSED] - click(findTestObject("TestUser/users")): Object: 'Object Repository/TestUser/users' is clicked on

2019-01-03 10:45:10 - [MESSAGE][PASSED] - Object: 'Object Repository/TestUser/users' is clicked on

2019-01-03 10:45:10 - [TEST_STEP][PASSED] - Thread.sleep(4000): null

2019-01-03 10:45:14 - [TEST_STEP][PASSED] - setText(findTestObject("TestUser/filterUser"), findTestData("UserData").getValue("UserName", 1)): Text 'User_On_03/01/19-10:41' is set on object 'Object Repository/TestUser/filterUser'

2019-01-03 10:45:14 - [MESSAGE][PASSED] - Text 'User_On_03/01/19-10:41' is set on object 'Object Repository/TestUser/filterUser'

2019-01-03 10:45:14 - [TEST_STEP][PASSED] - Thread.sleep(2000): null

2019-01-03 10:45:16 - [TEST_STEP][PASSED] - sendKeys(findTestObject("TestUser/filterUser"), Keys.chord(ENTER)): Keys 'ENTER + ' sent to object: 'Object Repository/TestUser/filterUser'

2019-01-03 10:45:16 - [MESSAGE][PASSED] - Keys 'ENTER + ' sent to object: 'Object Repository/TestUser/filterUser'

2019-01-03 10:45:16 - [TEST_STEP][PASSED] - Thread.sleep(4000): null

2019-01-03 10:45:20 - [TEST_STEP][PASSED] - click(findTestObject("TestUser/moveToUser")): Object: 'Object Repository/TestUser/moveToUser' is clicked on

2019-01-03 10:45:20 - [MESSAGE][PASSED] - Object: 'Object Repository/TestUser/moveToUser' is clicked on

2019-01-03 10:45:20 - [TEST_STEP][PASSED] - Thread.sleep(2000): null

2019-01-03 10:45:22 - [TEST_STEP][PASSED] - click(findTestObject("TestUser/openUserOptions")): Object: 'Object Repository/TestUser/openUserOptions' is clicked on

2019-01-03 10:45:22 - [MESSAGE][PASSED] - Object: 'Object Repository/TestUser/openUserOptions' is clicked on

2019-01-03 10:45:22 - [TEST_STEP][PASSED] - Thread.sleep(2000): null

2019-01-03 10:45:24 - [TEST_STEP][PASSED] - click(findTestObject("TestUser/unlockUserOption")): Object: 'Object Repository/TestUser/unlockUserOption' is clicked on

2019-01-03 10:45:25 - [MESSAGE][PASSED] - Object: 'Object Repository/TestUser/unlockUserOption' is clicked on

2019-01-03 10:45:25 - [TEST_STEP][PASSED] - Thread.sleep(2000): null

2019-01-03 10:45:27 - [TEST_STEP][PASSED] - click(findTestObject("TestUser/confirmUserYes")): Object: 'Object Repository/TestUser/confirmUserYes' is clicked on

2019-01-03 10:45:27 - [MESSAGE][PASSED] - Object: 'Object Repository/TestUser/confirmUserYes' is clicked on

2019-01-03 10:45:27 - [TEST_STEP][PASSED] - Thread.sleep(7000): null]]></system-out>
         <system-err><![CDATA[]]></system-err>
      </testcase>
      <testcase name="Test Cases/TestUser/LoginUser_Unlock" classname="Test Cases/TestUser/LoginUser_Unlock" status="PASSED">
         <system-out><![CDATA[2019-01-03 10:45:34 - [TEST_CASE][PASSED] - Test Cases/TestUser/LoginUser_Unlock: Test Cases/TestUser/LoginUser_Unlock

2019-01-03 10:45:34 - [TEST_STEP][PASSED] - openBrowser(URL): Browser is opened with url: 'https://test2.stage.safetychain.com'

2019-01-03 10:45:34 - [MESSAGE][WARNING] - A browser is already opened. Closing browser and opening a new one

2019-01-03 10:45:34 - [MESSAGE][INFO] - Starting 'Chrome' driver

2019-01-03 10:46:06 - [MESSAGE][PASSED] - Browser is opened with url: 'https://test2.stage.safetychain.com'

2019-01-03 10:46:06 - [TEST_STEP][PASSED] - maximizeWindow(): Current window maximized

2019-01-03 10:46:07 - [MESSAGE][PASSED] - Current window maximized

2019-01-03 10:46:07 - [TEST_STEP][PASSED] - setText(findTestObject("TestUserLocation/login_Username"), findTestData("UserData").getValue("UserName", 1)): Text 'User_On_03/01/19-10:41' is set on object 'Object Repository/TestUserLocation/login_Username'

2019-01-03 10:46:14 - [MESSAGE][PASSED] - Text 'User_On_03/01/19-10:41' is set on object 'Object Repository/TestUserLocation/login_Username'

2019-01-03 10:46:14 - [TEST_STEP][PASSED] - setText(findTestObject("TestUserLocation/login_Password"), findTestData("UserData").getValue("NewPassword", 1)): Text 'password@123#' is set on object 'Object Repository/TestUserLocation/login_Password'

2019-01-03 10:46:14 - [MESSAGE][PASSED] - Text 'password@123#' is set on object 'Object Repository/TestUserLocation/login_Password'

2019-01-03 10:46:14 - [TEST_STEP][PASSED] - Thread.sleep(2000): null

2019-01-03 10:46:16 - [TEST_STEP][PASSED] - click(findTestObject("TestUserLocation/login_Button")): Object: 'Object Repository/TestUserLocation/login_Button' is clicked on

2019-01-03 10:46:18 - [MESSAGE][PASSED] - Object: 'Object Repository/TestUserLocation/login_Button' is clicked on

2019-01-03 10:46:18 - [TEST_STEP][PASSED] - Thread.sleep(10000): null

2019-01-03 10:46:28 - [TEST_STEP][PASSED] - click(findTestObject("TestUser/clickToCheck")): Object: 'Object Repository/TestUser/clickToCheck' is clicked on

2019-01-03 10:46:28 - [MESSAGE][PASSED] - Object: 'Object Repository/TestUser/clickToCheck' is clicked on

2019-01-03 10:46:28 - [TEST_STEP][PASSED] - Thread.sleep(6000): null]]></system-out>
         <system-err><![CDATA[]]></system-err>
      </testcase>
      <testcase name="Test Cases/TestUser/DeactivateUser" classname="Test Cases/TestUser/DeactivateUser" status="PASSED">
         <system-out><![CDATA[2019-01-03 10:46:34 - [TEST_CASE][PASSED] - Test Cases/TestUser/DeactivateUser: Test Cases/TestUser/DeactivateUser

2019-01-03 10:46:34 - [TEST_STEP][PASSED] - openBrowser(URL): Browser is opened with url: 'https://test2.stage.safetychain.com'

2019-01-03 10:46:34 - [MESSAGE][WARNING] - A browser is already opened. Closing browser and opening a new one

2019-01-03 10:46:35 - [MESSAGE][INFO] - Starting 'Chrome' driver

2019-01-03 10:47:05 - [MESSAGE][PASSED] - Browser is opened with url: 'https://test2.stage.safetychain.com'

2019-01-03 10:47:05 - [TEST_STEP][PASSED] - maximizeWindow(): Current window maximized

2019-01-03 10:47:06 - [MESSAGE][PASSED] - Current window maximized

2019-01-03 10:47:06 - [TEST_STEP][PASSED] - setText(findTestObject("TestUserLocation/login_Username"), UserName): Text 'superadmin' is set on object 'Object Repository/TestUserLocation/login_Username'

2019-01-03 10:47:10 - [MESSAGE][PASSED] - Text 'superadmin' is set on object 'Object Repository/TestUserLocation/login_Username'

2019-01-03 10:47:10 - [TEST_STEP][PASSED] - setText(findTestObject("TestUserLocation/login_Password"), Password): Text 'sliptest23772boot' is set on object 'Object Repository/TestUserLocation/login_Password'

2019-01-03 10:47:10 - [MESSAGE][PASSED] - Text 'sliptest23772boot' is set on object 'Object Repository/TestUserLocation/login_Password'

2019-01-03 10:47:10 - [TEST_STEP][NOT_RUN] - User.setNamePass(): NOT_RUN: User.setNamePass()

2019-01-03 10:47:10 - [MESSAGE][NOT_RUN] - NOT_RUN: User.setNamePass()

2019-01-03 10:47:10 - [TEST_STEP][PASSED] - click(findTestObject("TestUserLocation/login_Button")): Object: 'Object Repository/TestUserLocation/login_Button' is clicked on

2019-01-03 10:47:12 - [MESSAGE][PASSED] - Object: 'Object Repository/TestUserLocation/login_Button' is clicked on

2019-01-03 10:47:12 - [TEST_STEP][PASSED] - Thread.sleep(6000): null

2019-01-03 10:47:18 - [TEST_STEP][PASSED] - click(findTestObject("TestUserLocation/mainmenu_button")): Object: 'Object Repository/TestUserLocation/mainmenu_button' is clicked on

2019-01-03 10:47:18 - [MESSAGE][PASSED] - Object: 'Object Repository/TestUserLocation/mainmenu_button' is clicked on

2019-01-03 10:47:18 - [TEST_STEP][PASSED] - click(findTestObject("Form_Selection_Creation/mainMenu_AdminTools")): Object: 'Object Repository/Form_Selection_Creation/mainMenu_AdminTools' is clicked on

2019-01-03 10:47:18 - [MESSAGE][PASSED] - Object: 'Object Repository/Form_Selection_Creation/mainMenu_AdminTools' is clicked on

2019-01-03 10:47:18 - [TEST_STEP][PASSED] - Thread.sleep(2000): null

2019-01-03 10:47:20 - [TEST_STEP][PASSED] - click(findTestObject("TestUser/users")): Object: 'Object Repository/TestUser/users' is clicked on

2019-01-03 10:47:20 - [MESSAGE][PASSED] - Object: 'Object Repository/TestUser/users' is clicked on

2019-01-03 10:47:20 - [TEST_STEP][PASSED] - Thread.sleep(6000): null

2019-01-03 10:47:26 - [TEST_STEP][PASSED] - setText(findTestObject("TestUser/filterUser"), findTestData("UserData").getValue("UserName", 1)): Text 'User_On_03/01/19-10:41' is set on object 'Object Repository/TestUser/filterUser'

2019-01-03 10:47:27 - [MESSAGE][PASSED] - Text 'User_On_03/01/19-10:41' is set on object 'Object Repository/TestUser/filterUser'

2019-01-03 10:47:27 - [TEST_STEP][PASSED] - Thread.sleep(2000): null

2019-01-03 10:47:29 - [TEST_STEP][PASSED] - sendKeys(findTestObject("TestUser/filterUser"), Keys.chord(ENTER)): Keys 'ENTER + ' sent to object: 'Object Repository/TestUser/filterUser'

2019-01-03 10:47:29 - [MESSAGE][PASSED] - Keys 'ENTER + ' sent to object: 'Object Repository/TestUser/filterUser'

2019-01-03 10:47:29 - [TEST_STEP][PASSED] - Thread.sleep(4000): null

2019-01-03 10:47:33 - [TEST_STEP][PASSED] - click(findTestObject("TestUser/moveToUser")): Object: 'Object Repository/TestUser/moveToUser' is clicked on

2019-01-03 10:47:33 - [MESSAGE][PASSED] - Object: 'Object Repository/TestUser/moveToUser' is clicked on

2019-01-03 10:47:33 - [TEST_STEP][PASSED] - Thread.sleep(2000): null

2019-01-03 10:47:35 - [TEST_STEP][PASSED] - click(findTestObject("TestUser/openUserOptions")): Object: 'Object Repository/TestUser/openUserOptions' is clicked on

2019-01-03 10:47:35 - [MESSAGE][PASSED] - Object: 'Object Repository/TestUser/openUserOptions' is clicked on

2019-01-03 10:47:35 - [TEST_STEP][PASSED] - Thread.sleep(2000): null

2019-01-03 10:47:37 - [TEST_STEP][PASSED] - click(findTestObject("TestUser/deactivateUserOption")): Object: 'Object Repository/TestUser/deactivateUserOption' is clicked on

2019-01-03 10:47:37 - [MESSAGE][PASSED] - Object: 'Object Repository/TestUser/deactivateUserOption' is clicked on

2019-01-03 10:47:37 - [TEST_STEP][PASSED] - Thread.sleep(2000): null

2019-01-03 10:47:39 - [TEST_STEP][PASSED] - click(findTestObject("TestUser/confirmUserYes")): Object: 'Object Repository/TestUser/confirmUserYes' is clicked on

2019-01-03 10:47:39 - [MESSAGE][PASSED] - Object: 'Object Repository/TestUser/confirmUserYes' is clicked on

2019-01-03 10:47:39 - [TEST_STEP][PASSED] - Thread.sleep(7000): null]]></system-out>
         <system-err><![CDATA[]]></system-err>
      </testcase>
      <testcase name="Test Cases/TestUser/LoginUser_Deactivate" classname="Test Cases/TestUser/LoginUser_Deactivate" status="PASSED">
         <system-out><![CDATA[2019-01-03 10:47:46 - [TEST_CASE][PASSED] - Test Cases/TestUser/LoginUser_Deactivate: Test Cases/TestUser/LoginUser_Deactivate

2019-01-03 10:47:47 - [TEST_STEP][PASSED] - openBrowser(URL): Browser is opened with url: 'https://test2.stage.safetychain.com'

2019-01-03 10:47:47 - [MESSAGE][WARNING] - A browser is already opened. Closing browser and opening a new one

2019-01-03 10:47:47 - [MESSAGE][INFO] - Starting 'Chrome' driver

2019-01-03 10:48:02 - [MESSAGE][PASSED] - Browser is opened with url: 'https://test2.stage.safetychain.com'

2019-01-03 10:48:02 - [TEST_STEP][PASSED] - maximizeWindow(): Current window maximized

2019-01-03 10:48:03 - [MESSAGE][PASSED] - Current window maximized

2019-01-03 10:48:03 - [TEST_STEP][PASSED] - setText(findTestObject("TestUserLocation/login_Username"), findTestData("UserData").getValue("UserName", 1)): Text 'User_On_03/01/19-10:41' is set on object 'Object Repository/TestUserLocation/login_Username'

2019-01-03 10:48:39 - [MESSAGE][PASSED] - Text 'User_On_03/01/19-10:41' is set on object 'Object Repository/TestUserLocation/login_Username'

2019-01-03 10:48:39 - [TEST_STEP][PASSED] - setText(findTestObject("TestUserLocation/login_Password"), findTestData("UserData").getValue("NewPassword", 1)): Text 'password@123#' is set on object 'Object Repository/TestUserLocation/login_Password'

2019-01-03 10:48:39 - [MESSAGE][PASSED] - Text 'password@123#' is set on object 'Object Repository/TestUserLocation/login_Password'

2019-01-03 10:48:39 - [TEST_STEP][PASSED] - Thread.sleep(2000): null

2019-01-03 10:48:41 - [TEST_STEP][PASSED] - click(findTestObject("TestUserLocation/login_Button")): Object: 'Object Repository/TestUserLocation/login_Button' is clicked on

2019-01-03 10:48:41 - [MESSAGE][PASSED] - Object: 'Object Repository/TestUserLocation/login_Button' is clicked on

2019-01-03 10:48:41 - [TEST_STEP][PASSED] - Thread.sleep(6000): null

2019-01-03 10:48:47 - [TEST_STEP][PASSED] - click(findTestObject("TestUser/deactivateTest")): Object: 'Object Repository/TestUser/deactivateTest' is clicked on

2019-01-03 10:48:47 - [MESSAGE][PASSED] - Object: 'Object Repository/TestUser/deactivateTest' is clicked on

2019-01-03 10:48:47 - [TEST_STEP][PASSED] - Thread.sleep(6000): null]]></system-out>
         <system-err><![CDATA[]]></system-err>
      </testcase>
      <system-out><![CDATA[2019-01-03 10:40:26 - [TEST_SUITE][PASSED] - UserCheck: Test Cases/TestUser/LoginUser_Deactivate]]></system-out>
      <system-err><![CDATA[]]></system-err>
   </testsuite>
</testsuites>
