<?xml version="1.0" encoding="UTF-8"?>
<testsuites name="CheckAllResources" time="977" tests="9" failures="0" errors="0">
   <testsuite name="CheckAllResources" tests="9" failures="0" errors="0" time="977" timestamp="2019-01-30 12:11:35" hostname="pashine_a - Abhishek-Pashine.India.XoriantCorp.com" id="Test Suites/CheckAllResources">
      <properties>
         <property name="deviceName" value=""/>
         <property name="devicePlatform" value=""/>
         <property name="logFolder" value="D:\\Git Data\\SafetyChain-Test-Automation-Katalon\\Reports\\CheckAllResources\\20190130_121132"/>
         <property name="logFiles" value="D:\\Git Data\\SafetyChain-Test-Automation-Katalon\\Reports\\CheckAllResources\\20190130_121132\\execution0.log"/>
         <property name="attachments" value=""/>
         <property name="hostName" value="pashine_a - Abhishek-Pashine.India.XoriantCorp.com"/>
         <property name="os" value="Windows 7 64bit"/>
         <property name="katalonVersion" value="5.10.1.1"/>
         <property name="browser" value="Chrome 71.0.3578.98"/>
         <property name="hostAddress" value="10.21.7.147"/>
         <property name="sessionId" value="b18bc21dbf18f904d4fc23ecdfb67dd5"/>
         <property name="seleniumVersion" value="3.7.1"/>
         <property name="proxyInformation" value="ProxyInformation{proxyOption=NO_PROXY, proxyServerType=HTTP, password=, proxyServerAddress=, proxyServerPort=0}"/>
         <property name="platform" value="Windows 7"/>
      </properties>
      <testcase name="Test Cases/CheckResoucesAsPerLocation/checkLocation" classname="Test Cases/CheckResoucesAsPerLocation/checkLocation" status="PASSED">
         <system-out><![CDATA[2019-01-30 12:11:35 - [TEST_CASE][PASSED] - Test Cases/CheckResoucesAsPerLocation/checkLocation: Test Cases/CheckResoucesAsPerLocation/checkLocation

2019-01-30 12:11:35 - [TEST_STEP][PASSED] - openBrowser(URL): Browser is opened with url: 'https://test2.stage.safetychain.com'

2019-01-30 12:11:36 - [MESSAGE][INFO] - Starting 'Chrome' driver

2019-01-30 12:11:36 - [MESSAGE][INFO] - Action delay is set to 0 seconds

2019-01-30 12:12:08 - [MESSAGE][PASSED] - Browser is opened with url: 'https://test2.stage.safetychain.com'

2019-01-30 12:12:08 - [TEST_STEP][PASSED] - maximizeWindow(): Current window maximized

2019-01-30 12:12:09 - [MESSAGE][PASSED] - Current window maximized

2019-01-30 12:12:09 - [TEST_STEP][PASSED] - setText(findTestObject("TestUserLocation/login_Username"), UserName): Text 'tester' is set on object 'Object Repository/TestUserLocation/login_Username'

2019-01-30 12:12:19 - [MESSAGE][PASSED] - Text 'tester' is set on object 'Object Repository/TestUserLocation/login_Username'

2019-01-30 12:12:19 - [TEST_STEP][PASSED] - setText(findTestObject("TestUserLocation/login_Password"), Password): Text 'TestSt@ge' is set on object 'Object Repository/TestUserLocation/login_Password'

2019-01-30 12:12:19 - [MESSAGE][PASSED] - Text 'TestSt@ge' is set on object 'Object Repository/TestUserLocation/login_Password'

2019-01-30 12:12:19 - [TEST_STEP][PASSED] - AdminTool_Location.setLocationName(): AdminTool_Location.setLocationName is PASSED

2019-01-30 12:12:25 - [MESSAGE][PASSED] - AdminTool_Location.setLocationName is PASSED

2019-01-30 12:12:25 - [TEST_STEP][PASSED] - click(findTestObject("TestUserLocation/login_Button")): Object: 'Object Repository/TestUserLocation/login_Button' is clicked on

2019-01-30 12:12:27 - [MESSAGE][PASSED] - Object: 'Object Repository/TestUserLocation/login_Button' is clicked on

2019-01-30 12:12:27 - [TEST_STEP][PASSED] - Thread.sleep(4000): null

2019-01-30 12:12:31 - [TEST_STEP][PASSED] - AdminTool_Location.setLocationNameInLocation(): AdminTool_Location.setLocationNameInLocation is PASSED

2019-01-30 12:12:35 - [MESSAGE][PASSED] - AdminTool_Location.setLocationNameInLocation is PASSED

2019-01-30 12:12:35 - [TEST_STEP][PASSED] - click(findTestObject("TestUserLocation/mainmenu_button")): Object: 'Object Repository/TestUserLocation/mainmenu_button' is clicked on

2019-01-30 12:12:35 - [MESSAGE][PASSED] - Object: 'Object Repository/TestUserLocation/mainmenu_button' is clicked on

2019-01-30 12:12:35 - [TEST_STEP][PASSED] - Thread.sleep(2000): null

2019-01-30 12:12:37 - [TEST_STEP][PASSED] - click(findTestObject("TestUserLocation/adminTool")): Object: 'Object Repository/TestUserLocation/adminTool' is clicked on

2019-01-30 12:12:38 - [MESSAGE][PASSED] - Object: 'Object Repository/TestUserLocation/adminTool' is clicked on

2019-01-30 12:12:38 - [TEST_STEP][PASSED] - Thread.sleep(2000): null

2019-01-30 12:12:40 - [TEST_STEP][PASSED] - click(findTestObject("TestUserLocation/mainMenuResourceDesigner")): Object: 'Object Repository/TestUserLocation/mainMenuResourceDesigner' is clicked on

2019-01-30 12:12:40 - [MESSAGE][PASSED] - Object: 'Object Repository/TestUserLocation/mainMenuResourceDesigner' is clicked on

2019-01-30 12:12:40 - [TEST_STEP][PASSED] - Thread.sleep(4000): null

2019-01-30 12:12:44 - [TEST_STEP][PASSED] - click(findTestObject("TestUserLocation/locations")): Object: 'Object Repository/TestUserLocation/locations' is clicked on

2019-01-30 12:12:44 - [MESSAGE][PASSED] - Object: 'Object Repository/TestUserLocation/locations' is clicked on

2019-01-30 12:12:44 - [TEST_STEP][PASSED] - Thread.sleep(4000): null

2019-01-30 12:12:48 - [TEST_STEP][NOT_RUN] - refresh(): NOT_RUN: refresh()

2019-01-30 12:12:48 - [MESSAGE][NOT_RUN] - NOT_RUN: refresh()

2019-01-30 12:12:48 - [TEST_STEP][NOT_RUN] - Thread.sleep(4000): NOT_RUN: Thread.sleep(4000)

2019-01-30 12:12:48 - [MESSAGE][NOT_RUN] - NOT_RUN: Thread.sleep(4000)

2019-01-30 12:12:48 - [TEST_STEP][PASSED] - click(findTestObject("TestUserLocation/categories")): Object: 'Object Repository/TestUserLocation/categories' is clicked on

2019-01-30 12:12:48 - [MESSAGE][PASSED] - Object: 'Object Repository/TestUserLocation/categories' is clicked on

2019-01-30 12:12:48 - [TEST_STEP][PASSED] - Thread.sleep(2000): null

2019-01-30 12:12:50 - [TEST_STEP][PASSED] - click(findTestObject("TestUserLocation/defaultArea")): Object: 'Object Repository/TestUserLocation/defaultArea' is clicked on

2019-01-30 12:12:50 - [MESSAGE][PASSED] - Object: 'Object Repository/TestUserLocation/defaultArea' is clicked on

2019-01-30 12:12:50 - [TEST_STEP][PASSED] - click(findTestObject("TestUserLocation/hoverHeading")): Object: 'Object Repository/TestUserLocation/hoverHeading' is clicked on

2019-01-30 12:12:50 - [MESSAGE][PASSED] - Object: 'Object Repository/TestUserLocation/hoverHeading' is clicked on

2019-01-30 12:12:50 - [TEST_STEP][PASSED] - click(findTestObject("TestUserLocation/addPlusIcon")): Object: 'Object Repository/TestUserLocation/addPlusIcon' is clicked on

2019-01-30 12:12:51 - [MESSAGE][PASSED] - Object: 'Object Repository/TestUserLocation/addPlusIcon' is clicked on

2019-01-30 12:12:51 - [TEST_STEP][PASSED] - setText(findTestObject("TestUserLocation/setNewName"), findTestData("LocationData").getValue("LocationName", 1)): Text 'Location_30/01/19-12:12' is set on object 'Object Repository/TestUserLocation/setNewName'

2019-01-30 12:12:51 - [MESSAGE][PASSED] - Text 'Location_30/01/19-12:12' is set on object 'Object Repository/TestUserLocation/setNewName'

2019-01-30 12:12:51 - [TEST_STEP][PASSED] - Thread.sleep(2000): null

2019-01-30 12:12:53 - [TEST_STEP][PASSED] - click(findTestObject("TestUserLocation/saveButton")): Object: 'Object Repository/TestUserLocation/saveButton' is clicked on

2019-01-30 12:12:53 - [MESSAGE][PASSED] - Object: 'Object Repository/TestUserLocation/saveButton' is clicked on

2019-01-30 12:12:53 - [TEST_STEP][PASSED] - Thread.sleep(4000): null

2019-01-30 12:12:57 - [TEST_STEP][PASSED] - AdminTool_Location.moveCursor(): AdminTool_Location.moveCursor is PASSED

2019-01-30 12:12:57 - [MESSAGE][PASSED] - AdminTool_Location.moveCursor is PASSED

2019-01-30 12:12:57 - [TEST_STEP][PASSED] - Thread.sleep(2000): null

2019-01-30 12:12:59 - [TEST_STEP][PASSED] - click(findTestObject("TestUserLocation/mainmenu_button")): Object: 'Object Repository/TestUserLocation/mainmenu_button' is clicked on

2019-01-30 12:12:59 - [MESSAGE][PASSED] - Object: 'Object Repository/TestUserLocation/mainmenu_button' is clicked on

2019-01-30 12:12:59 - [TEST_STEP][PASSED] - click(findTestObject("TestUserLocation/mainMenuLocation")): Object: 'Object Repository/TestUserLocation/mainMenuLocation' is clicked on

2019-01-30 12:13:00 - [MESSAGE][PASSED] - Object: 'Object Repository/TestUserLocation/mainMenuLocation' is clicked on

2019-01-30 12:13:00 - [TEST_STEP][PASSED] - Thread.sleep(4000): null

2019-01-30 12:13:04 - [TEST_STEP][PASSED] - AdminTool_Location.selectLocation(): Element has been clicked

2019-01-30 12:13:08 - [MESSAGE][PASSED] - Element has been clicked

2019-01-30 12:13:08 - [TEST_STEP][PASSED] - click(findTestObject("TestUserLocation/addPlusIcon")): Object: 'Object Repository/TestUserLocation/addPlusIcon' is clicked on

2019-01-30 12:13:08 - [MESSAGE][PASSED] - Object: 'Object Repository/TestUserLocation/addPlusIcon' is clicked on

2019-01-30 12:13:08 - [TEST_STEP][PASSED] - Thread.sleep(2000): null

2019-01-30 12:13:10 - [TEST_STEP][PASSED] - setText(findTestObject("TestUserLocation/setNewName"), findTestData("LocationData").getValue("SubLocationName", 1)): Text 'SubLocation1_30/01/19-12:12' is set on object 'Object Repository/TestUserLocation/setNewName'

2019-01-30 12:13:10 - [MESSAGE][PASSED] - Text 'SubLocation1_30/01/19-12:12' is set on object 'Object Repository/TestUserLocation/setNewName'

2019-01-30 12:13:10 - [TEST_STEP][PASSED] - Thread.sleep(2000): null

2019-01-30 12:13:12 - [TEST_STEP][PASSED] - click(findTestObject("TestUserLocation/saveLocationDetailButton")): Object: 'Object Repository/TestUserLocation/saveLocationDetailButton' is clicked on

2019-01-30 12:13:13 - [MESSAGE][PASSED] - Object: 'Object Repository/TestUserLocation/saveLocationDetailButton' is clicked on

2019-01-30 12:13:13 - [TEST_STEP][PASSED] - Thread.sleep(4000): null

2019-01-30 12:13:17 - [TEST_STEP][PASSED] - click(findTestObject("TestUserLocation/customerSelect")): Object: 'Object Repository/TestUserLocation/customerSelect' is clicked on

2019-01-30 12:13:17 - [MESSAGE][PASSED] - Object: 'Object Repository/TestUserLocation/customerSelect' is clicked on

2019-01-30 12:13:17 - [TEST_STEP][PASSED] - Thread.sleep(4000): null

2019-01-30 12:13:21 - [TEST_STEP][PASSED] - check(findTestObject("TestUserLocation/select4ResouceInCustomer")): Object 'Object Repository/TestUserLocation/select4ResouceInCustomer' is checked

2019-01-30 12:13:21 - [MESSAGE][PASSED] - Object 'Object Repository/TestUserLocation/select4ResouceInCustomer' is checked

2019-01-30 12:13:21 - [TEST_STEP][PASSED] - Thread.sleep(2000): null

2019-01-30 12:13:23 - [TEST_STEP][PASSED] - click(findTestObject("TestUserLocation/saveLocationDetailButton")): Object: 'Object Repository/TestUserLocation/saveLocationDetailButton' is clicked on

2019-01-30 12:13:23 - [MESSAGE][PASSED] - Object: 'Object Repository/TestUserLocation/saveLocationDetailButton' is clicked on]]></system-out>
         <system-err><![CDATA[]]></system-err>
      </testcase>
      <testcase name="Test Cases/CheckResoucesAsPerLocation/checkResource_Customer" classname="Test Cases/CheckResoucesAsPerLocation/checkResource_Customer" status="PASSED">
         <system-out><![CDATA[2019-01-30 12:13:23 - [TEST_CASE][PASSED] - Test Cases/CheckResoucesAsPerLocation/checkResource_Customer: Test Cases/CheckResoucesAsPerLocation/checkResource_Customer

2019-01-30 12:13:23 - [TEST_STEP][NOT_RUN] - openBrowser(URL): NOT_RUN: openBrowser(URL)

2019-01-30 12:13:23 - [MESSAGE][NOT_RUN] - NOT_RUN: openBrowser(URL)

2019-01-30 12:13:23 - [TEST_STEP][NOT_RUN] - maximizeWindow(): NOT_RUN: maximizeWindow()

2019-01-30 12:13:23 - [MESSAGE][NOT_RUN] - NOT_RUN: maximizeWindow()

2019-01-30 12:13:23 - [TEST_STEP][NOT_RUN] - setText(findTestObject("TestUserLocation/login_Username"), UserName1): NOT_RUN: setText(findTestObject("TestUserLocation/login_Username"), UserName1)

2019-01-30 12:13:23 - [MESSAGE][NOT_RUN] - NOT_RUN: setText(findTestObject("TestUserLocation/login_Username"), UserName1)

2019-01-30 12:13:23 - [TEST_STEP][NOT_RUN] - setText(findTestObject("TestUserLocation/login_Password"), Password1): NOT_RUN: setText(findTestObject("TestUserLocation/login_Password"), Password1)

2019-01-30 12:13:23 - [MESSAGE][NOT_RUN] - NOT_RUN: setText(findTestObject("TestUserLocation/login_Password"), Password1)

2019-01-30 12:13:23 - [TEST_STEP][PASSED] - AdminTool_Location.setCustomerName(): AdminTool_Location.setCustomerName is PASSED

2019-01-30 12:13:23 - [MESSAGE][PASSED] - AdminTool_Location.setCustomerName is PASSED

2019-01-30 12:13:23 - [TEST_STEP][NOT_RUN] - click(findTestObject("TestUserLocation/login_Button")): NOT_RUN: click(findTestObject("TestUserLocation/login_Button"))

2019-01-30 12:13:23 - [MESSAGE][NOT_RUN] - NOT_RUN: click(findTestObject("TestUserLocation/login_Button"))

2019-01-30 12:13:23 - [TEST_STEP][PASSED] - Thread.sleep(4000): null

2019-01-30 12:13:27 - [TEST_STEP][PASSED] - click(findTestObject("TestUserLocation/mainmenu_button")): Object: 'Object Repository/TestUserLocation/mainmenu_button' is clicked on

2019-01-30 12:13:28 - [MESSAGE][PASSED] - Object: 'Object Repository/TestUserLocation/mainmenu_button' is clicked on

2019-01-30 12:13:28 - [TEST_STEP][PASSED] - Thread.sleep(2000): null

2019-01-30 12:13:30 - [TEST_STEP][NOT_RUN] - click(findTestObject("TestUserLocation/adminTool")): NOT_RUN: click(findTestObject("TestUserLocation/adminTool"))

2019-01-30 12:13:30 - [MESSAGE][NOT_RUN] - NOT_RUN: click(findTestObject("TestUserLocation/adminTool"))

2019-01-30 12:13:30 - [TEST_STEP][PASSED] - click(findTestObject("TestUserLocation/mainMenuResourceDesigner")): Object: 'Object Repository/TestUserLocation/mainMenuResourceDesigner' is clicked on

2019-01-30 12:13:30 - [MESSAGE][PASSED] - Object: 'Object Repository/TestUserLocation/mainMenuResourceDesigner' is clicked on

2019-01-30 12:13:30 - [TEST_STEP][NOT_RUN] - Thread.sleep(2000): NOT_RUN: Thread.sleep(2000)

2019-01-30 12:13:30 - [MESSAGE][NOT_RUN] - NOT_RUN: Thread.sleep(2000)

2019-01-30 12:13:30 - [TEST_STEP][NOT_RUN] - click(findTestObject("TestUserLocation/yesDelete")): NOT_RUN: click(findTestObject("TestUserLocation/yesDelete"))

2019-01-30 12:13:30 - [MESSAGE][NOT_RUN] - NOT_RUN: click(findTestObject("TestUserLocation/yesDelete"))

2019-01-30 12:13:30 - [TEST_STEP][PASSED] - Thread.sleep(4000): null

2019-01-30 12:13:34 - [TEST_STEP][PASSED] - click(findTestObject("TestResource/customers")): Object: 'Object Repository/TestResource/customers' is clicked on

2019-01-30 12:13:34 - [MESSAGE][PASSED] - Object: 'Object Repository/TestResource/customers' is clicked on

2019-01-30 12:13:34 - [TEST_STEP][PASSED] - Thread.sleep(4000): null

2019-01-30 12:13:38 - [TEST_STEP][PASSED] - waitForElementClickable(findTestObject("TestUserLocation/categories"), 45): Object 'Object Repository/TestUserLocation/categories' is clickable

2019-01-30 12:13:38 - [MESSAGE][PASSED] - Object 'Object Repository/TestUserLocation/categories' is clickable

2019-01-30 12:13:38 - [TEST_STEP][PASSED] - click(findTestObject("TestUserLocation/categories")): Object: 'Object Repository/TestUserLocation/categories' is clicked on

2019-01-30 12:13:38 - [MESSAGE][PASSED] - Object: 'Object Repository/TestUserLocation/categories' is clicked on

2019-01-30 12:13:38 - [TEST_STEP][PASSED] - Thread.sleep(2000): null

2019-01-30 12:13:40 - [TEST_STEP][PASSED] - click(findTestObject("TestUserLocation/defaultArea")): Object: 'Object Repository/TestUserLocation/defaultArea' is clicked on

2019-01-30 12:13:40 - [MESSAGE][PASSED] - Object: 'Object Repository/TestUserLocation/defaultArea' is clicked on

2019-01-30 12:13:40 - [TEST_STEP][PASSED] - Thread.sleep(2000): null

2019-01-30 12:13:42 - [TEST_STEP][PASSED] - waitForElementClickable(findTestObject("TestUserLocation/hoverHeading"), 45): Object 'Object Repository/TestUserLocation/hoverHeading' is clickable

2019-01-30 12:13:42 - [MESSAGE][PASSED] - Object 'Object Repository/TestUserLocation/hoverHeading' is clickable

2019-01-30 12:13:42 - [TEST_STEP][PASSED] - click(findTestObject("TestUserLocation/hoverHeading")): Object: 'Object Repository/TestUserLocation/hoverHeading' is clicked on

2019-01-30 12:13:42 - [MESSAGE][PASSED] - Object: 'Object Repository/TestUserLocation/hoverHeading' is clicked on

2019-01-30 12:13:42 - [TEST_STEP][PASSED] - click(findTestObject("TestUserLocation/addPlusIcon")): Object: 'Object Repository/TestUserLocation/addPlusIcon' is clicked on

2019-01-30 12:13:43 - [MESSAGE][PASSED] - Object: 'Object Repository/TestUserLocation/addPlusIcon' is clicked on

2019-01-30 12:13:43 - [TEST_STEP][PASSED] - setText(findTestObject("TestUserLocation/setNewName"), findTestData("LocationData").getValue("CustomerName", 1)): Text 'Customer_30/01/19-12:13' is set on object 'Object Repository/TestUserLocation/setNewName'

2019-01-30 12:13:43 - [MESSAGE][PASSED] - Text 'Customer_30/01/19-12:13' is set on object 'Object Repository/TestUserLocation/setNewName'

2019-01-30 12:13:43 - [TEST_STEP][PASSED] - Thread.sleep(2000): null

2019-01-30 12:13:45 - [TEST_STEP][PASSED] - click(findTestObject("TestUserLocation/saveButton")): Object: 'Object Repository/TestUserLocation/saveButton' is clicked on

2019-01-30 12:13:45 - [MESSAGE][PASSED] - Object: 'Object Repository/TestUserLocation/saveButton' is clicked on

2019-01-30 12:13:45 - [TEST_STEP][PASSED] - Thread.sleep(4000): null

2019-01-30 12:13:49 - [TEST_STEP][PASSED] - Thread.sleep(4000): null

2019-01-30 12:13:53 - [TEST_STEP][PASSED] - click(findTestObject("TestUserLocation/mainmenu_button")): Object: 'Object Repository/TestUserLocation/mainmenu_button' is clicked on

2019-01-30 12:13:53 - [MESSAGE][PASSED] - Object: 'Object Repository/TestUserLocation/mainmenu_button' is clicked on

2019-01-30 12:13:53 - [TEST_STEP][PASSED] - Thread.sleep(2000): null

2019-01-30 12:13:55 - [TEST_STEP][PASSED] - click(findTestObject("TestResource/mainMenu_resources")): Object: 'Object Repository/TestResource/mainMenu_resources' is clicked on

2019-01-30 12:13:55 - [MESSAGE][PASSED] - Object: 'Object Repository/TestResource/mainMenu_resources' is clicked on

2019-01-30 12:13:55 - [TEST_STEP][PASSED] - Thread.sleep(4000): null

2019-01-30 12:13:59 - [TEST_STEP][PASSED] - click(findTestObject("TestResource/customers")): Object: 'Object Repository/TestResource/customers' is clicked on

2019-01-30 12:13:59 - [MESSAGE][PASSED] - Object: 'Object Repository/TestResource/customers' is clicked on

2019-01-30 12:13:59 - [TEST_STEP][PASSED] - Thread.sleep(4000): null

2019-01-30 12:14:03 - [TEST_STEP][PASSED] - AdminTool_Location.selectCustomer(): Element has been clicked

2019-01-30 12:14:08 - [MESSAGE][PASSED] - Element has been clicked

2019-01-30 12:14:08 - [TEST_STEP][PASSED] - Thread.sleep(4000): null

2019-01-30 12:14:12 - [TEST_STEP][PASSED] - waitForElementClickable(findTestObject("TestUserLocation/addPlusIcon"), 45): Object 'Object Repository/TestUserLocation/addPlusIcon' is clickable

2019-01-30 12:14:12 - [MESSAGE][PASSED] - Object 'Object Repository/TestUserLocation/addPlusIcon' is clickable

2019-01-30 12:14:12 - [TEST_STEP][PASSED] - click(findTestObject("TestUserLocation/addPlusIcon")): Object: 'Object Repository/TestUserLocation/addPlusIcon' is clicked on

2019-01-30 12:14:12 - [MESSAGE][PASSED] - Object: 'Object Repository/TestUserLocation/addPlusIcon' is clicked on

2019-01-30 12:14:12 - [TEST_STEP][PASSED] - Thread.sleep(2000): null

2019-01-30 12:14:14 - [TEST_STEP][PASSED] - setText(findTestObject("TestUserLocation/setNewName"), findTestData("LocationData").getValue("SubCustomerName1", 1)): Text 'SubCustomer1_30/01/19-12:13' is set on object 'Object Repository/TestUserLocation/setNewName'

2019-01-30 12:14:15 - [MESSAGE][PASSED] - Text 'SubCustomer1_30/01/19-12:13' is set on object 'Object Repository/TestUserLocation/setNewName'

2019-01-30 12:14:15 - [TEST_STEP][PASSED] - Thread.sleep(2000): null

2019-01-30 12:14:17 - [TEST_STEP][PASSED] - Submission.createResource(): Submission.createResource is PASSED

2019-01-30 12:14:47 - [MESSAGE][PASSED] - Submission.createResource is PASSED

2019-01-30 12:14:47 - [TEST_STEP][NOT_RUN] - setText(findTestObject("TestResource/setPhoneNumber"), "912378456"): NOT_RUN: setText(findTestObject("TestResource/setPhoneNumber"), "912378456")

2019-01-30 12:14:47 - [MESSAGE][NOT_RUN] - NOT_RUN: setText(findTestObject("TestResource/setPhoneNumber"), "912378456")

2019-01-30 12:14:47 - [TEST_STEP][PASSED] - Thread.sleep(2000): null

2019-01-30 12:14:49 - [TEST_STEP][PASSED] - click(findTestObject("TestResource/saveDetailButton")): Object: 'Object Repository/TestResource/saveDetailButton' is clicked on

2019-01-30 12:14:49 - [MESSAGE][PASSED] - Object: 'Object Repository/TestResource/saveDetailButton' is clicked on

2019-01-30 12:14:49 - [TEST_STEP][PASSED] - Thread.sleep(7000): null

2019-01-30 12:14:56 - [TEST_STEP][PASSED] - click(findTestObject("TestResource/disableResource")): Object: 'Object Repository/TestResource/disableResource' is clicked on

2019-01-30 12:14:56 - [MESSAGE][PASSED] - Object: 'Object Repository/TestResource/disableResource' is clicked on

2019-01-30 12:14:56 - [TEST_STEP][PASSED] - Thread.sleep(2000): null

2019-01-30 12:14:58 - [TEST_STEP][PASSED] - click(findTestObject("TestResource/button2Yes")): Object: 'Object Repository/TestResource/button2Yes' is clicked on

2019-01-30 12:14:58 - [MESSAGE][PASSED] - Object: 'Object Repository/TestResource/button2Yes' is clicked on

2019-01-30 12:14:58 - [TEST_STEP][PASSED] - Thread.sleep(2000): null

2019-01-30 12:15:00 - [TEST_STEP][PASSED] - click(findTestObject("TestResource/saveDetailButton")): Object: 'Object Repository/TestResource/saveDetailButton' is clicked on

2019-01-30 12:15:01 - [MESSAGE][PASSED] - Object: 'Object Repository/TestResource/saveDetailButton' is clicked on

2019-01-30 12:15:01 - [TEST_STEP][PASSED] - Thread.sleep(7000): null

2019-01-30 12:15:08 - [TEST_STEP][PASSED] - click(findTestObject("TestResource/linksTab")): Object: 'Object Repository/TestResource/linksTab' is clicked on

2019-01-30 12:15:08 - [MESSAGE][PASSED] - Object: 'Object Repository/TestResource/linksTab' is clicked on

2019-01-30 12:15:08 - [TEST_STEP][PASSED] - Thread.sleep(2000): null

2019-01-30 12:15:10 - [TEST_STEP][PASSED] - click(findTestObject("TestResource/addLink")): Object: 'Object Repository/TestResource/addLink' is clicked on

2019-01-30 12:15:10 - [MESSAGE][PASSED] - Object: 'Object Repository/TestResource/addLink' is clicked on

2019-01-30 12:15:10 - [TEST_STEP][PASSED] - Thread.sleep(5000): null

2019-01-30 12:15:15 - [TEST_STEP][PASSED] - check(findTestObject("TestResource/selectSecondResourceToLink")): Object 'Object Repository/TestResource/selectSecondResourceToLink' is checked

2019-01-30 12:15:15 - [MESSAGE][PASSED] - Object 'Object Repository/TestResource/selectSecondResourceToLink' is checked

2019-01-30 12:15:15 - [TEST_STEP][PASSED] - AdminTool_Location.resourceLinkName(): AdminTool_Location.resourceLinkName is PASSED

2019-01-30 12:15:15 - [MESSAGE][PASSED] - AdminTool_Location.resourceLinkName is PASSED

2019-01-30 12:15:15 - [TEST_STEP][PASSED] - Thread.sleep(2000): null

2019-01-30 12:15:17 - [TEST_STEP][PASSED] - click(findTestObject("TestResource/button2Save")): Object: 'Object Repository/TestResource/button2Save' is clicked on

2019-01-30 12:15:17 - [MESSAGE][PASSED] - Object: 'Object Repository/TestResource/button2Save' is clicked on

2019-01-30 12:15:17 - [TEST_STEP][PASSED] - Thread.sleep(4000): null

2019-01-30 12:15:21 - [TEST_STEP][PASSED] - click(findTestObject("TestResource/locationTab")): Object: 'Object Repository/TestResource/locationTab' is clicked on

2019-01-30 12:15:22 - [MESSAGE][PASSED] - Object: 'Object Repository/TestResource/locationTab' is clicked on

2019-01-30 12:15:22 - [TEST_STEP][PASSED] - Thread.sleep(5000): null

2019-01-30 12:15:27 - [TEST_STEP][PASSED] - AdminTool_Location.checkLocation(): AdminTool_Location.checkLocation is PASSED

2019-01-30 12:15:29 - [MESSAGE][PASSED] - AdminTool_Location.checkLocation is PASSED

2019-01-30 12:15:29 - [TEST_STEP][PASSED] - Thread.sleep(4000): null

2019-01-30 12:15:33 - [TEST_STEP][PASSED] - click(findTestObject("TestResource/saveLocation")): Object: 'Object Repository/TestResource/saveLocation' is clicked on

2019-01-30 12:15:38 - [MESSAGE][PASSED] - Object: 'Object Repository/TestResource/saveLocation' is clicked on

2019-01-30 12:15:38 - [TEST_STEP][PASSED] - click(findTestObject("TestUserLocation/mainmenu_button")): Object: 'Object Repository/TestUserLocation/mainmenu_button' is clicked on

2019-01-30 12:15:39 - [MESSAGE][PASSED] - Object: 'Object Repository/TestUserLocation/mainmenu_button' is clicked on

2019-01-30 12:15:39 - [TEST_STEP][PASSED] - Thread.sleep(2000): null

2019-01-30 12:15:41 - [TEST_STEP][PASSED] - click(findTestObject("TestResource/mainMenu_resources")): Object: 'Object Repository/TestResource/mainMenu_resources' is clicked on

2019-01-30 12:15:41 - [MESSAGE][PASSED] - Object: 'Object Repository/TestResource/mainMenu_resources' is clicked on

2019-01-30 12:15:41 - [TEST_STEP][PASSED] - Thread.sleep(4000): null

2019-01-30 12:15:45 - [TEST_STEP][PASSED] - click(findTestObject("TestResource/customers")): Object: 'Object Repository/TestResource/customers' is clicked on

2019-01-30 12:15:45 - [MESSAGE][PASSED] - Object: 'Object Repository/TestResource/customers' is clicked on

2019-01-30 12:15:45 - [TEST_STEP][PASSED] - Thread.sleep(4000): null

2019-01-30 12:15:49 - [TEST_STEP][PASSED] - AdminTool_Location.selectCustomer(): Element has been clicked

2019-01-30 12:15:53 - [MESSAGE][PASSED] - Element has been clicked

2019-01-30 12:15:53 - [TEST_STEP][PASSED] - Thread.sleep(4000): null

2019-01-30 12:15:57 - [TEST_STEP][PASSED] - waitForElementClickable(findTestObject("TestUserLocation/addPlusIcon"), 45): Object 'Object Repository/TestUserLocation/addPlusIcon' is clickable

2019-01-30 12:15:58 - [MESSAGE][PASSED] - Object 'Object Repository/TestUserLocation/addPlusIcon' is clickable

2019-01-30 12:15:58 - [TEST_STEP][PASSED] - click(findTestObject("TestUserLocation/addPlusIcon")): Object: 'Object Repository/TestUserLocation/addPlusIcon' is clicked on

2019-01-30 12:15:58 - [MESSAGE][PASSED] - Object: 'Object Repository/TestUserLocation/addPlusIcon' is clicked on

2019-01-30 12:15:58 - [TEST_STEP][PASSED] - Thread.sleep(2000): null

2019-01-30 12:16:00 - [TEST_STEP][PASSED] - setText(findTestObject("TestUserLocation/setNewName"), findTestData("LocationData").getValue("SubCustomerName2", 1)): Text 'SubCustomer2_30/01/19-12:13' is set on object 'Object Repository/TestUserLocation/setNewName'

2019-01-30 12:16:16 - [MESSAGE][PASSED] - Text 'SubCustomer2_30/01/19-12:13' is set on object 'Object Repository/TestUserLocation/setNewName'

2019-01-30 12:16:16 - [TEST_STEP][PASSED] - Thread.sleep(2000): null

2019-01-30 12:16:18 - [TEST_STEP][PASSED] - Submission.createResource(): Submission.createResource is PASSED

2019-01-30 12:16:43 - [MESSAGE][PASSED] - Submission.createResource is PASSED

2019-01-30 12:16:43 - [TEST_STEP][NOT_RUN] - setText(findTestObject("TestResource/setPhoneNumber"), "912378456"): NOT_RUN: setText(findTestObject("TestResource/setPhoneNumber"), "912378456")

2019-01-30 12:16:43 - [MESSAGE][NOT_RUN] - NOT_RUN: setText(findTestObject("TestResource/setPhoneNumber"), "912378456")

2019-01-30 12:16:43 - [TEST_STEP][PASSED] - Thread.sleep(2000): null

2019-01-30 12:16:45 - [TEST_STEP][PASSED] - click(findTestObject("TestResource/saveDetailButton")): Object: 'Object Repository/TestResource/saveDetailButton' is clicked on

2019-01-30 12:16:46 - [MESSAGE][PASSED] - Object: 'Object Repository/TestResource/saveDetailButton' is clicked on

2019-01-30 12:16:46 - [TEST_STEP][PASSED] - AdminTool_Location.moveCursor(): AdminTool_Location.moveCursor is PASSED

2019-01-30 12:16:46 - [MESSAGE][PASSED] - AdminTool_Location.moveCursor is PASSED

2019-01-30 12:16:46 - [TEST_STEP][PASSED] - Thread.sleep(2000): null

2019-01-30 12:16:48 - [TEST_STEP][PASSED] - Thread.sleep(7000): null

2019-01-30 12:16:55 - [TEST_STEP][PASSED] - click(findTestObject("TestResource/linksTab")): Object: 'Object Repository/TestResource/linksTab' is clicked on

2019-01-30 12:16:55 - [MESSAGE][PASSED] - Object: 'Object Repository/TestResource/linksTab' is clicked on

2019-01-30 12:16:55 - [TEST_STEP][PASSED] - Thread.sleep(2000): null

2019-01-30 12:16:57 - [TEST_STEP][PASSED] - click(findTestObject("TestResource/addLink")): Object: 'Object Repository/TestResource/addLink' is clicked on

2019-01-30 12:16:57 - [MESSAGE][PASSED] - Object: 'Object Repository/TestResource/addLink' is clicked on

2019-01-30 12:16:57 - [TEST_STEP][PASSED] - Thread.sleep(5000): null

2019-01-30 12:17:02 - [TEST_STEP][PASSED] - check(findTestObject("TestResource/selectSecondResourceToLink")): Object 'Object Repository/TestResource/selectSecondResourceToLink' is checked

2019-01-30 12:17:02 - [MESSAGE][PASSED] - Object 'Object Repository/TestResource/selectSecondResourceToLink' is checked

2019-01-30 12:17:02 - [TEST_STEP][PASSED] - AdminTool_Location.resourceLinkName(): AdminTool_Location.resourceLinkName is PASSED

2019-01-30 12:17:02 - [MESSAGE][PASSED] - AdminTool_Location.resourceLinkName is PASSED

2019-01-30 12:17:02 - [TEST_STEP][PASSED] - Thread.sleep(2000): null

2019-01-30 12:17:04 - [TEST_STEP][PASSED] - click(findTestObject("TestResource/button2Save")): Object: 'Object Repository/TestResource/button2Save' is clicked on

2019-01-30 12:17:04 - [MESSAGE][PASSED] - Object: 'Object Repository/TestResource/button2Save' is clicked on

2019-01-30 12:17:04 - [TEST_STEP][PASSED] - Thread.sleep(4000): null

2019-01-30 12:17:08 - [TEST_STEP][PASSED] - click(findTestObject("TestResource/locationTab")): Object: 'Object Repository/TestResource/locationTab' is clicked on

2019-01-30 12:17:09 - [MESSAGE][PASSED] - Object: 'Object Repository/TestResource/locationTab' is clicked on

2019-01-30 12:17:09 - [TEST_STEP][PASSED] - Thread.sleep(5000): null

2019-01-30 12:17:14 - [TEST_STEP][PASSED] - AdminTool_Location.checkLocation(): AdminTool_Location.checkLocation is PASSED

2019-01-30 12:17:16 - [MESSAGE][PASSED] - AdminTool_Location.checkLocation is PASSED

2019-01-30 12:17:16 - [TEST_STEP][PASSED] - Thread.sleep(4000): null

2019-01-30 12:17:20 - [TEST_STEP][PASSED] - click(findTestObject("TestResource/saveLocation")): Object: 'Object Repository/TestResource/saveLocation' is clicked on

2019-01-30 12:17:20 - [MESSAGE][PASSED] - Object: 'Object Repository/TestResource/saveLocation' is clicked on]]></system-out>
         <system-err><![CDATA[]]></system-err>
      </testcase>
      <testcase name="Test Cases/CheckResoucesAsPerLocation/validateResource" classname="Test Cases/CheckResoucesAsPerLocation/validateResource" status="PASSED">
         <system-out><![CDATA[2019-01-30 12:17:20 - [TEST_CASE][PASSED] - Test Cases/CheckResoucesAsPerLocation/validateResource: Test Cases/CheckResoucesAsPerLocation/validateResource

2019-01-30 12:17:20 - [TEST_STEP][NOT_RUN] - openBrowser(URL): NOT_RUN: openBrowser(URL)

2019-01-30 12:17:20 - [MESSAGE][NOT_RUN] - NOT_RUN: openBrowser(URL)

2019-01-30 12:17:20 - [TEST_STEP][NOT_RUN] - maximizeWindow(): NOT_RUN: maximizeWindow()

2019-01-30 12:17:20 - [MESSAGE][NOT_RUN] - NOT_RUN: maximizeWindow()

2019-01-30 12:17:20 - [TEST_STEP][NOT_RUN] - setText(findTestObject("Form_Selection_Creation/login_Username"), UserName1): NOT_RUN: setText(findTestObject("Form_Selection_Creation/login_Username"), UserName1)

2019-01-30 12:17:20 - [MESSAGE][NOT_RUN] - NOT_RUN: setText(findTestObject("Form_Selection_Creation/login_Username"), UserName1)

2019-01-30 12:17:20 - [TEST_STEP][NOT_RUN] - setText(findTestObject("Form_Selection_Creation/login_Password"), Password111): NOT_RUN: setText(findTestObject("Form_Selection_Creation/login_Password"), Password111)

2019-01-30 12:17:20 - [MESSAGE][NOT_RUN] - NOT_RUN: setText(findTestObject("Form_Selection_Creation/login_Password"), Password111)

2019-01-30 12:17:20 - [TEST_STEP][PASSED] - Thread.sleep(4000): null

2019-01-30 12:17:24 - [TEST_STEP][PASSED] - FormName.setData(): FormName.setData is PASSED

2019-01-30 12:17:24 - [MESSAGE][PASSED] - FormName.setData is PASSED

2019-01-30 12:17:24 - [TEST_STEP][NOT_RUN] - click(findTestObject("Form_Selection_Creation/login_Button")): NOT_RUN: click(findTestObject("Form_Selection_Creation/login_Button"))

2019-01-30 12:17:24 - [MESSAGE][NOT_RUN] - NOT_RUN: click(findTestObject("Form_Selection_Creation/login_Button"))

2019-01-30 12:17:24 - [TEST_STEP][PASSED] - click(findTestObject("Form_Selection_Creation/mainMenu_Button")): Object: 'Object Repository/Form_Selection_Creation/mainMenu_Button' is clicked on

2019-01-30 12:17:24 - [MESSAGE][PASSED] - Object: 'Object Repository/Form_Selection_Creation/mainMenu_Button' is clicked on

2019-01-30 12:17:24 - [TEST_STEP][PASSED] - Thread.sleep(2000): null

2019-01-30 12:17:26 - [TEST_STEP][NOT_RUN] - click(findTestObject("Form_Selection_Creation/mainMenu_AdminTools")): NOT_RUN: click(findTestObject("Form_Selection_Creation/mainMenu_AdminTools"))

2019-01-30 12:17:26 - [MESSAGE][NOT_RUN] - NOT_RUN: click(findTestObject("Form_Selection_Creation/mainMenu_AdminTools"))

2019-01-30 12:17:26 - [TEST_STEP][PASSED] - click(findTestObject("Form_Selection_Creation/mainMenu_AdminTools_FormDesigner")): Object: 'Object Repository/Form_Selection_Creation/mainMenu_AdminTools_FormDesigner' is clicked on

2019-01-30 12:17:26 - [MESSAGE][PASSED] - Object: 'Object Repository/Form_Selection_Creation/mainMenu_AdminTools_FormDesigner' is clicked on

2019-01-30 12:17:26 - [TEST_STEP][PASSED] - click(findTestObject("Form_Selection_Creation/selectCheckForm")): Object: 'Object Repository/Form_Selection_Creation/selectCheckForm' is clicked on

2019-01-30 12:17:27 - [MESSAGE][PASSED] - Object: 'Object Repository/Form_Selection_Creation/selectCheckForm' is clicked on

2019-01-30 12:17:27 - [TEST_STEP][PASSED] - Thread.sleep(5000): null

2019-01-30 12:17:32 - [TEST_STEP][PASSED] - AdminTool_Location.moveCursor(): AdminTool_Location.moveCursor is PASSED

2019-01-30 12:17:32 - [MESSAGE][PASSED] - AdminTool_Location.moveCursor is PASSED

2019-01-30 12:17:32 - [TEST_STEP][PASSED] - Thread.sleep(2000): null

2019-01-30 12:17:34 - [TEST_STEP][PASSED] - AdminTool_Location.selectResType(): AdminTool_Location.selectResType is PASSED

2019-01-30 12:17:44 - [MESSAGE][PASSED] - AdminTool_Location.selectResType is PASSED

2019-01-30 12:17:44 - [TEST_STEP][PASSED] - AdminTool_Location.dragDropRes(): Element has been clicked

2019-01-30 12:17:48 - [MESSAGE][PASSED] - Element has been clicked

2019-01-30 12:17:48 - [TEST_STEP][PASSED] - Thread.sleep(5000): null

2019-01-30 12:17:53 - [TEST_STEP][NOT_RUN] - dragAndDropToObject(findTestObject("null"), findTestObject("Form_Selection_Creation/Target_Res_Object")): NOT_RUN: dragAndDropToObject(findTestObject("null"), findTestObject("Form_Selection_Creation/Target_Res_Object"))

2019-01-30 12:17:53 - [MESSAGE][NOT_RUN] - NOT_RUN: dragAndDropToObject(findTestObject("null"), findTestObject("Form_Selection_Creation/Target_Res_Object"))

2019-01-30 12:17:53 - [TEST_STEP][PASSED] - AdminTool_Location.validate(): AdminTool_Location.validate is PASSED

2019-01-30 12:17:53 - [MESSAGE][PASSED] - AdminTool_Location.validate is PASSED

2019-01-30 12:17:53 - [TEST_STEP][PASSED] - s = getText(findTestObject("TestResource/testText")): Text of object 'Object Repository/TestResource/testText' is: 'Customers > Customer_30/01/19-12:13 > SubCustomer2_30/01/19-12:13'

2019-01-30 12:17:53 - [MESSAGE][PASSED] - Text of object 'Object Repository/TestResource/testText' is: 'Customers > Customer_30/01/19-12:13 > SubCustomer2_30/01/19-12:13'

2019-01-30 12:17:53 - [TEST_STEP][PASSED] - println(s): null]]></system-out>
         <system-err><![CDATA[]]></system-err>
      </testcase>
      <testcase name="Test Cases/CheckResoucesAsPerLocation/checkResource_Equipment" classname="Test Cases/CheckResoucesAsPerLocation/checkResource_Equipment" status="PASSED">
         <system-out><![CDATA[2019-01-30 12:17:53 - [TEST_CASE][PASSED] - Test Cases/CheckResoucesAsPerLocation/checkResource_Equipment: Test Cases/CheckResoucesAsPerLocation/checkResource_Equipment

2019-01-30 12:17:54 - [TEST_STEP][NOT_RUN] - openBrowser(URL): NOT_RUN: openBrowser(URL)

2019-01-30 12:17:54 - [MESSAGE][NOT_RUN] - NOT_RUN: openBrowser(URL)

2019-01-30 12:17:54 - [TEST_STEP][NOT_RUN] - maximizeWindow(): NOT_RUN: maximizeWindow()

2019-01-30 12:17:54 - [MESSAGE][NOT_RUN] - NOT_RUN: maximizeWindow()

2019-01-30 12:17:54 - [TEST_STEP][NOT_RUN] - setText(findTestObject("TestUserLocation/login_Username"), UserName1): NOT_RUN: setText(findTestObject("TestUserLocation/login_Username"), UserName1)

2019-01-30 12:17:54 - [MESSAGE][NOT_RUN] - NOT_RUN: setText(findTestObject("TestUserLocation/login_Username"), UserName1)

2019-01-30 12:17:54 - [TEST_STEP][NOT_RUN] - setText(findTestObject("TestUserLocation/login_Password"), Password1): NOT_RUN: setText(findTestObject("TestUserLocation/login_Password"), Password1)

2019-01-30 12:17:54 - [MESSAGE][NOT_RUN] - NOT_RUN: setText(findTestObject("TestUserLocation/login_Password"), Password1)

2019-01-30 12:17:54 - [TEST_STEP][PASSED] - AdminTool_Location.setEquipmentName(): AdminTool_Location.setEquipmentName is PASSED

2019-01-30 12:17:54 - [MESSAGE][PASSED] - AdminTool_Location.setEquipmentName is PASSED

2019-01-30 12:17:54 - [TEST_STEP][NOT_RUN] - click(findTestObject("TestUserLocation/login_Button")): NOT_RUN: click(findTestObject("TestUserLocation/login_Button"))

2019-01-30 12:17:54 - [MESSAGE][NOT_RUN] - NOT_RUN: click(findTestObject("TestUserLocation/login_Button"))

2019-01-30 12:17:54 - [TEST_STEP][PASSED] - Thread.sleep(4000): null

2019-01-30 12:17:58 - [TEST_STEP][PASSED] - click(findTestObject("TestUserLocation/mainmenu_button")): Object: 'Object Repository/TestUserLocation/mainmenu_button' is clicked on

2019-01-30 12:17:58 - [MESSAGE][PASSED] - Object: 'Object Repository/TestUserLocation/mainmenu_button' is clicked on

2019-01-30 12:17:58 - [TEST_STEP][PASSED] - Thread.sleep(2000): null

2019-01-30 12:18:00 - [TEST_STEP][NOT_RUN] - click(findTestObject("TestUserLocation/adminTool")): NOT_RUN: click(findTestObject("TestUserLocation/adminTool"))

2019-01-30 12:18:00 - [MESSAGE][NOT_RUN] - NOT_RUN: click(findTestObject("TestUserLocation/adminTool"))

2019-01-30 12:18:00 - [TEST_STEP][PASSED] - click(findTestObject("TestUserLocation/mainMenuResourceDesigner")): Object: 'Object Repository/TestUserLocation/mainMenuResourceDesigner' is clicked on

2019-01-30 12:18:00 - [MESSAGE][PASSED] - Object: 'Object Repository/TestUserLocation/mainMenuResourceDesigner' is clicked on

2019-01-30 12:18:00 - [TEST_STEP][PASSED] - Thread.sleep(2000): null

2019-01-30 12:18:02 - [TEST_STEP][PASSED] - click(findTestObject("TestUserLocation/yesDelete")): Object: 'Object Repository/TestUserLocation/yesDelete' is clicked on

2019-01-30 12:18:02 - [MESSAGE][PASSED] - Object: 'Object Repository/TestUserLocation/yesDelete' is clicked on

2019-01-30 12:18:02 - [TEST_STEP][PASSED] - Thread.sleep(4000): null

2019-01-30 12:18:06 - [TEST_STEP][PASSED] - click(findTestObject("TestResource/equipment")): Object: 'Object Repository/TestResource/equipment' is clicked on

2019-01-30 12:18:06 - [MESSAGE][PASSED] - Object: 'Object Repository/TestResource/equipment' is clicked on

2019-01-30 12:18:06 - [TEST_STEP][PASSED] - Thread.sleep(4000): null

2019-01-30 12:18:10 - [TEST_STEP][PASSED] - waitForElementClickable(findTestObject("TestUserLocation/categories"), 45): Object 'Object Repository/TestUserLocation/categories' is clickable

2019-01-30 12:18:10 - [MESSAGE][PASSED] - Object 'Object Repository/TestUserLocation/categories' is clickable

2019-01-30 12:18:10 - [TEST_STEP][PASSED] - click(findTestObject("TestUserLocation/categories")): Object: 'Object Repository/TestUserLocation/categories' is clicked on

2019-01-30 12:18:10 - [MESSAGE][PASSED] - Object: 'Object Repository/TestUserLocation/categories' is clicked on

2019-01-30 12:18:10 - [TEST_STEP][PASSED] - Thread.sleep(2000): null

2019-01-30 12:18:12 - [TEST_STEP][PASSED] - click(findTestObject("TestUserLocation/defaultArea")): Object: 'Object Repository/TestUserLocation/defaultArea' is clicked on

2019-01-30 12:18:13 - [MESSAGE][PASSED] - Object: 'Object Repository/TestUserLocation/defaultArea' is clicked on

2019-01-30 12:18:13 - [TEST_STEP][PASSED] - Thread.sleep(2000): null

2019-01-30 12:18:15 - [TEST_STEP][PASSED] - click(findTestObject("TestUserLocation/hoverHeading")): Object: 'Object Repository/TestUserLocation/hoverHeading' is clicked on

2019-01-30 12:18:15 - [MESSAGE][PASSED] - Object: 'Object Repository/TestUserLocation/hoverHeading' is clicked on

2019-01-30 12:18:15 - [TEST_STEP][PASSED] - click(findTestObject("TestUserLocation/addPlusIcon")): Object: 'Object Repository/TestUserLocation/addPlusIcon' is clicked on

2019-01-30 12:18:15 - [MESSAGE][PASSED] - Object: 'Object Repository/TestUserLocation/addPlusIcon' is clicked on

2019-01-30 12:18:15 - [TEST_STEP][PASSED] - setText(findTestObject("TestUserLocation/setNewName"), findTestData("LocationData").getValue("EquipmentName", 1)): Text 'Equipment_30/01/19-12:17' is set on object 'Object Repository/TestUserLocation/setNewName'

2019-01-30 12:18:15 - [MESSAGE][PASSED] - Text 'Equipment_30/01/19-12:17' is set on object 'Object Repository/TestUserLocation/setNewName'

2019-01-30 12:18:15 - [TEST_STEP][PASSED] - Thread.sleep(2000): null

2019-01-30 12:18:17 - [TEST_STEP][PASSED] - click(findTestObject("TestUserLocation/saveButton")): Object: 'Object Repository/TestUserLocation/saveButton' is clicked on

2019-01-30 12:18:17 - [MESSAGE][PASSED] - Object: 'Object Repository/TestUserLocation/saveButton' is clicked on

2019-01-30 12:18:17 - [TEST_STEP][PASSED] - Thread.sleep(4000): null

2019-01-30 12:18:21 - [TEST_STEP][PASSED] - Thread.sleep(4000): null

2019-01-30 12:18:25 - [TEST_STEP][PASSED] - click(findTestObject("TestUserLocation/mainmenu_button")): Object: 'Object Repository/TestUserLocation/mainmenu_button' is clicked on

2019-01-30 12:18:25 - [MESSAGE][PASSED] - Object: 'Object Repository/TestUserLocation/mainmenu_button' is clicked on

2019-01-30 12:18:25 - [TEST_STEP][PASSED] - Thread.sleep(2000): null

2019-01-30 12:18:27 - [TEST_STEP][PASSED] - click(findTestObject("TestResource/mainMenu_resources")): Object: 'Object Repository/TestResource/mainMenu_resources' is clicked on

2019-01-30 12:18:28 - [MESSAGE][PASSED] - Object: 'Object Repository/TestResource/mainMenu_resources' is clicked on

2019-01-30 12:18:28 - [TEST_STEP][PASSED] - Thread.sleep(4000): null

2019-01-30 12:18:32 - [TEST_STEP][PASSED] - click(findTestObject("TestResource/equipment")): Object: 'Object Repository/TestResource/equipment' is clicked on

2019-01-30 12:18:32 - [MESSAGE][PASSED] - Object: 'Object Repository/TestResource/equipment' is clicked on

2019-01-30 12:18:32 - [TEST_STEP][PASSED] - Thread.sleep(4000): null

2019-01-30 12:18:36 - [TEST_STEP][PASSED] - AdminTool_Location.selectEquipment(): Element has been clicked

2019-01-30 12:18:40 - [MESSAGE][PASSED] - Element has been clicked

2019-01-30 12:18:40 - [TEST_STEP][PASSED] - Thread.sleep(4000): null

2019-01-30 12:18:44 - [TEST_STEP][PASSED] - waitForElementClickable(findTestObject("TestUserLocation/addPlusIcon"), 45): Object 'Object Repository/TestUserLocation/addPlusIcon' is clickable

2019-01-30 12:18:44 - [MESSAGE][PASSED] - Object 'Object Repository/TestUserLocation/addPlusIcon' is clickable

2019-01-30 12:18:44 - [TEST_STEP][PASSED] - click(findTestObject("TestUserLocation/addPlusIcon")): Object: 'Object Repository/TestUserLocation/addPlusIcon' is clicked on

2019-01-30 12:18:44 - [MESSAGE][PASSED] - Object: 'Object Repository/TestUserLocation/addPlusIcon' is clicked on

2019-01-30 12:18:44 - [TEST_STEP][PASSED] - Thread.sleep(2000): null

2019-01-30 12:18:46 - [TEST_STEP][PASSED] - setText(findTestObject("TestUserLocation/setNewName"), findTestData("LocationData").getValue("SubEquipmentName1", 1)): Text 'SubEquipment1_30/01/19-12:17' is set on object 'Object Repository/TestUserLocation/setNewName'

2019-01-30 12:18:46 - [MESSAGE][PASSED] - Text 'SubEquipment1_30/01/19-12:17' is set on object 'Object Repository/TestUserLocation/setNewName'

2019-01-30 12:18:46 - [TEST_STEP][PASSED] - Thread.sleep(2000): null

2019-01-30 12:18:48 - [TEST_STEP][PASSED] - Submission.createResource(): Submission.createResource is PASSED

2019-01-30 12:18:53 - [MESSAGE][PASSED] - Submission.createResource is PASSED

2019-01-30 12:18:53 - [TEST_STEP][NOT_RUN] - setText(findTestObject("TestResource/setPhoneNumber"), "912378456"): NOT_RUN: setText(findTestObject("TestResource/setPhoneNumber"), "912378456")

2019-01-30 12:18:53 - [MESSAGE][NOT_RUN] - NOT_RUN: setText(findTestObject("TestResource/setPhoneNumber"), "912378456")

2019-01-30 12:18:53 - [TEST_STEP][PASSED] - Thread.sleep(2000): null

2019-01-30 12:18:55 - [TEST_STEP][PASSED] - click(findTestObject("TestResource/saveDetailButton")): Object: 'Object Repository/TestResource/saveDetailButton' is clicked on

2019-01-30 12:18:55 - [MESSAGE][PASSED] - Object: 'Object Repository/TestResource/saveDetailButton' is clicked on

2019-01-30 12:18:55 - [TEST_STEP][PASSED] - Thread.sleep(7000): null

2019-01-30 12:19:02 - [TEST_STEP][PASSED] - click(findTestObject("TestResource/disableResource")): Object: 'Object Repository/TestResource/disableResource' is clicked on

2019-01-30 12:19:02 - [MESSAGE][PASSED] - Object: 'Object Repository/TestResource/disableResource' is clicked on

2019-01-30 12:19:02 - [TEST_STEP][PASSED] - Thread.sleep(2000): null

2019-01-30 12:19:04 - [TEST_STEP][PASSED] - click(findTestObject("TestResource/button2Yes")): Object: 'Object Repository/TestResource/button2Yes' is clicked on

2019-01-30 12:19:04 - [MESSAGE][PASSED] - Object: 'Object Repository/TestResource/button2Yes' is clicked on

2019-01-30 12:19:04 - [TEST_STEP][PASSED] - Thread.sleep(2000): null

2019-01-30 12:19:06 - [TEST_STEP][PASSED] - click(findTestObject("TestResource/saveDetailButton")): Object: 'Object Repository/TestResource/saveDetailButton' is clicked on

2019-01-30 12:19:06 - [MESSAGE][PASSED] - Object: 'Object Repository/TestResource/saveDetailButton' is clicked on

2019-01-30 12:19:06 - [TEST_STEP][PASSED] - Thread.sleep(7000): null

2019-01-30 12:19:13 - [TEST_STEP][PASSED] - click(findTestObject("TestResource/linksTab")): Object: 'Object Repository/TestResource/linksTab' is clicked on

2019-01-30 12:19:13 - [MESSAGE][PASSED] - Object: 'Object Repository/TestResource/linksTab' is clicked on

2019-01-30 12:19:13 - [TEST_STEP][PASSED] - Thread.sleep(2000): null

2019-01-30 12:19:15 - [TEST_STEP][PASSED] - click(findTestObject("TestResource/addLink")): Object: 'Object Repository/TestResource/addLink' is clicked on

2019-01-30 12:19:16 - [MESSAGE][PASSED] - Object: 'Object Repository/TestResource/addLink' is clicked on

2019-01-30 12:19:16 - [TEST_STEP][PASSED] - Thread.sleep(5000): null

2019-01-30 12:19:21 - [TEST_STEP][PASSED] - check(findTestObject("TestResource/selectSecondResourceToLink")): Object 'Object Repository/TestResource/selectSecondResourceToLink' is checked

2019-01-30 12:19:21 - [MESSAGE][PASSED] - Object 'Object Repository/TestResource/selectSecondResourceToLink' is checked

2019-01-30 12:19:21 - [TEST_STEP][PASSED] - AdminTool_Location.resourceLinkName(): AdminTool_Location.resourceLinkName is PASSED

2019-01-30 12:19:21 - [MESSAGE][PASSED] - AdminTool_Location.resourceLinkName is PASSED

2019-01-30 12:19:21 - [TEST_STEP][PASSED] - Thread.sleep(2000): null

2019-01-30 12:19:23 - [TEST_STEP][PASSED] - click(findTestObject("TestResource/button2Save")): Object: 'Object Repository/TestResource/button2Save' is clicked on

2019-01-30 12:19:23 - [MESSAGE][PASSED] - Object: 'Object Repository/TestResource/button2Save' is clicked on

2019-01-30 12:19:23 - [TEST_STEP][PASSED] - Thread.sleep(4000): null

2019-01-30 12:19:27 - [TEST_STEP][PASSED] - click(findTestObject("TestResource/locationTab")): Object: 'Object Repository/TestResource/locationTab' is clicked on

2019-01-30 12:19:27 - [MESSAGE][PASSED] - Object: 'Object Repository/TestResource/locationTab' is clicked on

2019-01-30 12:19:27 - [TEST_STEP][PASSED] - Thread.sleep(5000): null

2019-01-30 12:19:32 - [TEST_STEP][PASSED] - AdminTool_Location.checkLocation(): AdminTool_Location.checkLocation is PASSED

2019-01-30 12:19:34 - [MESSAGE][PASSED] - AdminTool_Location.checkLocation is PASSED

2019-01-30 12:19:34 - [TEST_STEP][PASSED] - Thread.sleep(4000): null

2019-01-30 12:19:38 - [TEST_STEP][PASSED] - click(findTestObject("TestResource/saveLocation")): Object: 'Object Repository/TestResource/saveLocation' is clicked on

2019-01-30 12:19:38 - [MESSAGE][PASSED] - Object: 'Object Repository/TestResource/saveLocation' is clicked on

2019-01-30 12:19:38 - [TEST_STEP][PASSED] - click(findTestObject("TestUserLocation/mainmenu_button")): Object: 'Object Repository/TestUserLocation/mainmenu_button' is clicked on

2019-01-30 12:19:39 - [MESSAGE][PASSED] - Object: 'Object Repository/TestUserLocation/mainmenu_button' is clicked on

2019-01-30 12:19:39 - [TEST_STEP][PASSED] - Thread.sleep(2000): null

2019-01-30 12:19:41 - [TEST_STEP][PASSED] - click(findTestObject("TestResource/mainMenu_resources")): Object: 'Object Repository/TestResource/mainMenu_resources' is clicked on

2019-01-30 12:19:41 - [MESSAGE][PASSED] - Object: 'Object Repository/TestResource/mainMenu_resources' is clicked on

2019-01-30 12:19:41 - [TEST_STEP][PASSED] - Thread.sleep(4000): null

2019-01-30 12:19:45 - [TEST_STEP][PASSED] - AdminTool_Location.moveCursor(): AdminTool_Location.moveCursor is PASSED

2019-01-30 12:19:45 - [MESSAGE][PASSED] - AdminTool_Location.moveCursor is PASSED

2019-01-30 12:19:45 - [TEST_STEP][PASSED] - Thread.sleep(2000): null

2019-01-30 12:19:47 - [TEST_STEP][PASSED] - click(findTestObject("TestResource/equipment")): Object: 'Object Repository/TestResource/equipment' is clicked on

2019-01-30 12:19:48 - [MESSAGE][PASSED] - Object: 'Object Repository/TestResource/equipment' is clicked on

2019-01-30 12:19:48 - [TEST_STEP][PASSED] - Thread.sleep(4000): null

2019-01-30 12:19:52 - [TEST_STEP][PASSED] - AdminTool_Location.selectEquipment(): Element has been clicked

2019-01-30 12:19:56 - [MESSAGE][PASSED] - Element has been clicked

2019-01-30 12:19:56 - [TEST_STEP][PASSED] - Thread.sleep(4000): null

2019-01-30 12:20:00 - [TEST_STEP][PASSED] - waitForElementClickable(findTestObject("TestUserLocation/addPlusIcon"), 45): Object 'Object Repository/TestUserLocation/addPlusIcon' is clickable

2019-01-30 12:20:00 - [MESSAGE][PASSED] - Object 'Object Repository/TestUserLocation/addPlusIcon' is clickable

2019-01-30 12:20:00 - [TEST_STEP][PASSED] - click(findTestObject("TestUserLocation/addPlusIcon")): Object: 'Object Repository/TestUserLocation/addPlusIcon' is clicked on

2019-01-30 12:20:00 - [MESSAGE][PASSED] - Object: 'Object Repository/TestUserLocation/addPlusIcon' is clicked on

2019-01-30 12:20:00 - [TEST_STEP][PASSED] - Thread.sleep(2000): null

2019-01-30 12:20:02 - [TEST_STEP][PASSED] - setText(findTestObject("TestUserLocation/setNewName"), findTestData("LocationData").getValue("SubEquipmentName2", 1)): Text 'SubEquipment2_30/01/19-12:17' is set on object 'Object Repository/TestUserLocation/setNewName'

2019-01-30 12:20:03 - [MESSAGE][PASSED] - Text 'SubEquipment2_30/01/19-12:17' is set on object 'Object Repository/TestUserLocation/setNewName'

2019-01-30 12:20:03 - [TEST_STEP][PASSED] - Thread.sleep(2000): null

2019-01-30 12:20:05 - [TEST_STEP][PASSED] - Submission.createResource(): Submission.createResource is PASSED

2019-01-30 12:20:09 - [MESSAGE][PASSED] - Submission.createResource is PASSED

2019-01-30 12:20:09 - [TEST_STEP][NOT_RUN] - setText(findTestObject("TestResource/setPhoneNumber"), "912378456"): NOT_RUN: setText(findTestObject("TestResource/setPhoneNumber"), "912378456")

2019-01-30 12:20:09 - [MESSAGE][NOT_RUN] - NOT_RUN: setText(findTestObject("TestResource/setPhoneNumber"), "912378456")

2019-01-30 12:20:09 - [TEST_STEP][PASSED] - Thread.sleep(2000): null

2019-01-30 12:20:11 - [TEST_STEP][PASSED] - click(findTestObject("TestResource/saveDetailButton")): Object: 'Object Repository/TestResource/saveDetailButton' is clicked on

2019-01-30 12:20:11 - [MESSAGE][PASSED] - Object: 'Object Repository/TestResource/saveDetailButton' is clicked on

2019-01-30 12:20:11 - [TEST_STEP][PASSED] - Thread.sleep(7000): null

2019-01-30 12:20:18 - [TEST_STEP][PASSED] - click(findTestObject("TestResource/linksTab")): Object: 'Object Repository/TestResource/linksTab' is clicked on

2019-01-30 12:20:18 - [MESSAGE][PASSED] - Object: 'Object Repository/TestResource/linksTab' is clicked on

2019-01-30 12:20:18 - [TEST_STEP][PASSED] - Thread.sleep(2000): null

2019-01-30 12:20:20 - [TEST_STEP][PASSED] - click(findTestObject("TestResource/addLink")): Object: 'Object Repository/TestResource/addLink' is clicked on

2019-01-30 12:20:20 - [MESSAGE][PASSED] - Object: 'Object Repository/TestResource/addLink' is clicked on

2019-01-30 12:20:20 - [TEST_STEP][PASSED] - Thread.sleep(5000): null

2019-01-30 12:20:25 - [TEST_STEP][PASSED] - check(findTestObject("TestResource/selectSecondResourceToLink")): Object 'Object Repository/TestResource/selectSecondResourceToLink' is checked

2019-01-30 12:20:25 - [MESSAGE][PASSED] - Object 'Object Repository/TestResource/selectSecondResourceToLink' is checked

2019-01-30 12:20:25 - [TEST_STEP][PASSED] - AdminTool_Location.resourceLinkName(): AdminTool_Location.resourceLinkName is PASSED

2019-01-30 12:20:26 - [MESSAGE][PASSED] - AdminTool_Location.resourceLinkName is PASSED

2019-01-30 12:20:26 - [TEST_STEP][PASSED] - Thread.sleep(2000): null

2019-01-30 12:20:28 - [TEST_STEP][PASSED] - click(findTestObject("TestResource/button2Save")): Object: 'Object Repository/TestResource/button2Save' is clicked on

2019-01-30 12:20:28 - [MESSAGE][PASSED] - Object: 'Object Repository/TestResource/button2Save' is clicked on

2019-01-30 12:20:28 - [TEST_STEP][PASSED] - Thread.sleep(4000): null

2019-01-30 12:20:32 - [TEST_STEP][PASSED] - click(findTestObject("TestResource/locationTab")): Object: 'Object Repository/TestResource/locationTab' is clicked on

2019-01-30 12:20:32 - [MESSAGE][PASSED] - Object: 'Object Repository/TestResource/locationTab' is clicked on

2019-01-30 12:20:32 - [TEST_STEP][PASSED] - Thread.sleep(5000): null

2019-01-30 12:20:37 - [TEST_STEP][PASSED] - AdminTool_Location.checkLocation(): AdminTool_Location.checkLocation is PASSED

2019-01-30 12:20:39 - [MESSAGE][PASSED] - AdminTool_Location.checkLocation is PASSED

2019-01-30 12:20:39 - [TEST_STEP][PASSED] - Thread.sleep(4000): null

2019-01-30 12:20:43 - [TEST_STEP][PASSED] - click(findTestObject("TestResource/saveLocation")): Object: 'Object Repository/TestResource/saveLocation' is clicked on

2019-01-30 12:20:43 - [MESSAGE][PASSED] - Object: 'Object Repository/TestResource/saveLocation' is clicked on]]></system-out>
         <system-err><![CDATA[]]></system-err>
      </testcase>
      <testcase name="Test Cases/CheckResoucesAsPerLocation/validateResource" classname="Test Cases/CheckResoucesAsPerLocation/validateResource" status="PASSED">
         <system-out><![CDATA[2019-01-30 12:20:43 - [TEST_CASE][PASSED] - Test Cases/CheckResoucesAsPerLocation/validateResource: Test Cases/CheckResoucesAsPerLocation/validateResource

2019-01-30 12:20:43 - [TEST_STEP][NOT_RUN] - openBrowser(URL): NOT_RUN: openBrowser(URL)

2019-01-30 12:20:43 - [MESSAGE][NOT_RUN] - NOT_RUN: openBrowser(URL)

2019-01-30 12:20:43 - [TEST_STEP][NOT_RUN] - maximizeWindow(): NOT_RUN: maximizeWindow()

2019-01-30 12:20:43 - [MESSAGE][NOT_RUN] - NOT_RUN: maximizeWindow()

2019-01-30 12:20:43 - [TEST_STEP][NOT_RUN] - setText(findTestObject("Form_Selection_Creation/login_Username"), UserName1): NOT_RUN: setText(findTestObject("Form_Selection_Creation/login_Username"), UserName1)

2019-01-30 12:20:43 - [MESSAGE][NOT_RUN] - NOT_RUN: setText(findTestObject("Form_Selection_Creation/login_Username"), UserName1)

2019-01-30 12:20:43 - [TEST_STEP][NOT_RUN] - setText(findTestObject("Form_Selection_Creation/login_Password"), Password111): NOT_RUN: setText(findTestObject("Form_Selection_Creation/login_Password"), Password111)

2019-01-30 12:20:43 - [MESSAGE][NOT_RUN] - NOT_RUN: setText(findTestObject("Form_Selection_Creation/login_Password"), Password111)

2019-01-30 12:20:43 - [TEST_STEP][PASSED] - Thread.sleep(4000): null

2019-01-30 12:20:47 - [TEST_STEP][PASSED] - FormName.setData(): FormName.setData is PASSED

2019-01-30 12:20:47 - [MESSAGE][PASSED] - FormName.setData is PASSED

2019-01-30 12:20:47 - [TEST_STEP][NOT_RUN] - click(findTestObject("Form_Selection_Creation/login_Button")): NOT_RUN: click(findTestObject("Form_Selection_Creation/login_Button"))

2019-01-30 12:20:47 - [MESSAGE][NOT_RUN] - NOT_RUN: click(findTestObject("Form_Selection_Creation/login_Button"))

2019-01-30 12:20:47 - [TEST_STEP][PASSED] - click(findTestObject("Form_Selection_Creation/mainMenu_Button")): Object: 'Object Repository/Form_Selection_Creation/mainMenu_Button' is clicked on

2019-01-30 12:20:47 - [MESSAGE][PASSED] - Object: 'Object Repository/Form_Selection_Creation/mainMenu_Button' is clicked on

2019-01-30 12:20:47 - [TEST_STEP][PASSED] - Thread.sleep(2000): null

2019-01-30 12:20:49 - [TEST_STEP][NOT_RUN] - click(findTestObject("Form_Selection_Creation/mainMenu_AdminTools")): NOT_RUN: click(findTestObject("Form_Selection_Creation/mainMenu_AdminTools"))

2019-01-30 12:20:49 - [MESSAGE][NOT_RUN] - NOT_RUN: click(findTestObject("Form_Selection_Creation/mainMenu_AdminTools"))

2019-01-30 12:20:49 - [TEST_STEP][PASSED] - click(findTestObject("Form_Selection_Creation/mainMenu_AdminTools_FormDesigner")): Object: 'Object Repository/Form_Selection_Creation/mainMenu_AdminTools_FormDesigner' is clicked on

2019-01-30 12:20:50 - [MESSAGE][PASSED] - Object: 'Object Repository/Form_Selection_Creation/mainMenu_AdminTools_FormDesigner' is clicked on

2019-01-30 12:20:50 - [TEST_STEP][PASSED] - click(findTestObject("Form_Selection_Creation/selectCheckForm")): Object: 'Object Repository/Form_Selection_Creation/selectCheckForm' is clicked on

2019-01-30 12:20:50 - [MESSAGE][PASSED] - Object: 'Object Repository/Form_Selection_Creation/selectCheckForm' is clicked on

2019-01-30 12:20:50 - [TEST_STEP][PASSED] - Thread.sleep(5000): null

2019-01-30 12:20:55 - [TEST_STEP][PASSED] - AdminTool_Location.moveCursor(): AdminTool_Location.moveCursor is PASSED

2019-01-30 12:20:55 - [MESSAGE][PASSED] - AdminTool_Location.moveCursor is PASSED

2019-01-30 12:20:55 - [TEST_STEP][PASSED] - Thread.sleep(2000): null

2019-01-30 12:20:57 - [TEST_STEP][PASSED] - AdminTool_Location.selectResType(): AdminTool_Location.selectResType is PASSED

2019-01-30 12:21:07 - [MESSAGE][PASSED] - AdminTool_Location.selectResType is PASSED

2019-01-30 12:21:07 - [TEST_STEP][PASSED] - AdminTool_Location.dragDropRes(): Element has been clicked

2019-01-30 12:21:11 - [MESSAGE][PASSED] - Element has been clicked

2019-01-30 12:21:11 - [TEST_STEP][PASSED] - Thread.sleep(5000): null

2019-01-30 12:21:16 - [TEST_STEP][NOT_RUN] - dragAndDropToObject(findTestObject("null"), findTestObject("Form_Selection_Creation/Target_Res_Object")): NOT_RUN: dragAndDropToObject(findTestObject("null"), findTestObject("Form_Selection_Creation/Target_Res_Object"))

2019-01-30 12:21:16 - [MESSAGE][NOT_RUN] - NOT_RUN: dragAndDropToObject(findTestObject("null"), findTestObject("Form_Selection_Creation/Target_Res_Object"))

2019-01-30 12:21:16 - [TEST_STEP][PASSED] - AdminTool_Location.validate(): AdminTool_Location.validate is PASSED

2019-01-30 12:21:16 - [MESSAGE][PASSED] - AdminTool_Location.validate is PASSED

2019-01-30 12:21:16 - [TEST_STEP][PASSED] - s = getText(findTestObject("TestResource/testText")): Text of object 'Object Repository/TestResource/testText' is: 'Equipment > Equipment_30/01/19-12:17 > SubEquipment2_30/01/19-12:17'

2019-01-30 12:21:16 - [MESSAGE][PASSED] - Text of object 'Object Repository/TestResource/testText' is: 'Equipment > Equipment_30/01/19-12:17 > SubEquipment2_30/01/19-12:17'

2019-01-30 12:21:16 - [TEST_STEP][PASSED] - println(s): null]]></system-out>
         <system-err><![CDATA[]]></system-err>
      </testcase>
      <testcase name="Test Cases/CheckResoucesAsPerLocation/checkResource_Items" classname="Test Cases/CheckResoucesAsPerLocation/checkResource_Items" status="PASSED">
         <system-out><![CDATA[2019-01-30 12:21:16 - [TEST_CASE][PASSED] - Test Cases/CheckResoucesAsPerLocation/checkResource_Items: Test Cases/CheckResoucesAsPerLocation/checkResource_Items

2019-01-30 12:21:17 - [TEST_STEP][NOT_RUN] - openBrowser(URL): NOT_RUN: openBrowser(URL)

2019-01-30 12:21:17 - [MESSAGE][NOT_RUN] - NOT_RUN: openBrowser(URL)

2019-01-30 12:21:17 - [TEST_STEP][NOT_RUN] - maximizeWindow(): NOT_RUN: maximizeWindow()

2019-01-30 12:21:17 - [MESSAGE][NOT_RUN] - NOT_RUN: maximizeWindow()

2019-01-30 12:21:17 - [TEST_STEP][NOT_RUN] - setText(findTestObject("TestUserLocation/login_Username"), UserName1): NOT_RUN: setText(findTestObject("TestUserLocation/login_Username"), UserName1)

2019-01-30 12:21:17 - [MESSAGE][NOT_RUN] - NOT_RUN: setText(findTestObject("TestUserLocation/login_Username"), UserName1)

2019-01-30 12:21:17 - [TEST_STEP][NOT_RUN] - setText(findTestObject("TestUserLocation/login_Password"), Password1): NOT_RUN: setText(findTestObject("TestUserLocation/login_Password"), Password1)

2019-01-30 12:21:17 - [MESSAGE][NOT_RUN] - NOT_RUN: setText(findTestObject("TestUserLocation/login_Password"), Password1)

2019-01-30 12:21:17 - [TEST_STEP][PASSED] - AdminTool_Location.setItemName(): AdminTool_Location.setItemName is PASSED

2019-01-30 12:21:17 - [MESSAGE][PASSED] - AdminTool_Location.setItemName is PASSED

2019-01-30 12:21:17 - [TEST_STEP][NOT_RUN] - click(findTestObject("TestUserLocation/login_Button")): NOT_RUN: click(findTestObject("TestUserLocation/login_Button"))

2019-01-30 12:21:17 - [MESSAGE][NOT_RUN] - NOT_RUN: click(findTestObject("TestUserLocation/login_Button"))

2019-01-30 12:21:17 - [TEST_STEP][NOT_RUN] - Thread.sleep(4000): NOT_RUN: Thread.sleep(4000)

2019-01-30 12:21:17 - [MESSAGE][NOT_RUN] - NOT_RUN: Thread.sleep(4000)

2019-01-30 12:21:17 - [TEST_STEP][PASSED] - click(findTestObject("TestUserLocation/mainmenu_button")): Object: 'Object Repository/TestUserLocation/mainmenu_button' is clicked on

2019-01-30 12:21:17 - [MESSAGE][PASSED] - Object: 'Object Repository/TestUserLocation/mainmenu_button' is clicked on

2019-01-30 12:21:17 - [TEST_STEP][PASSED] - Thread.sleep(2000): null

2019-01-30 12:21:19 - [TEST_STEP][NOT_RUN] - click(findTestObject("TestUserLocation/adminTool")): NOT_RUN: click(findTestObject("TestUserLocation/adminTool"))

2019-01-30 12:21:19 - [MESSAGE][NOT_RUN] - NOT_RUN: click(findTestObject("TestUserLocation/adminTool"))

2019-01-30 12:21:19 - [TEST_STEP][PASSED] - click(findTestObject("TestUserLocation/mainMenuResourceDesigner")): Object: 'Object Repository/TestUserLocation/mainMenuResourceDesigner' is clicked on

2019-01-30 12:21:19 - [MESSAGE][PASSED] - Object: 'Object Repository/TestUserLocation/mainMenuResourceDesigner' is clicked on

2019-01-30 12:21:19 - [TEST_STEP][PASSED] - Thread.sleep(2000): null

2019-01-30 12:21:21 - [TEST_STEP][PASSED] - click(findTestObject("TestUserLocation/yesDelete")): Object: 'Object Repository/TestUserLocation/yesDelete' is clicked on

2019-01-30 12:21:21 - [MESSAGE][PASSED] - Object: 'Object Repository/TestUserLocation/yesDelete' is clicked on

2019-01-30 12:21:21 - [TEST_STEP][PASSED] - Thread.sleep(4000): null

2019-01-30 12:21:25 - [TEST_STEP][PASSED] - click(findTestObject("TestResource/items")): Object: 'Object Repository/TestResource/items' is clicked on

2019-01-30 12:21:26 - [MESSAGE][PASSED] - Object: 'Object Repository/TestResource/items' is clicked on

2019-01-30 12:21:26 - [TEST_STEP][PASSED] - Thread.sleep(4000): null

2019-01-30 12:21:30 - [TEST_STEP][PASSED] - waitForElementClickable(findTestObject("TestUserLocation/categories"), 45): Object 'Object Repository/TestUserLocation/categories' is clickable

2019-01-30 12:21:30 - [MESSAGE][PASSED] - Object 'Object Repository/TestUserLocation/categories' is clickable

2019-01-30 12:21:30 - [TEST_STEP][PASSED] - click(findTestObject("TestUserLocation/categories")): Object: 'Object Repository/TestUserLocation/categories' is clicked on

2019-01-30 12:21:30 - [MESSAGE][PASSED] - Object: 'Object Repository/TestUserLocation/categories' is clicked on

2019-01-30 12:21:30 - [TEST_STEP][PASSED] - Thread.sleep(2000): null

2019-01-30 12:21:32 - [TEST_STEP][PASSED] - click(findTestObject("TestUserLocation/defaultArea")): Object: 'Object Repository/TestUserLocation/defaultArea' is clicked on

2019-01-30 12:21:32 - [MESSAGE][PASSED] - Object: 'Object Repository/TestUserLocation/defaultArea' is clicked on

2019-01-30 12:21:32 - [TEST_STEP][PASSED] - Thread.sleep(2000): null

2019-01-30 12:21:34 - [TEST_STEP][PASSED] - click(findTestObject("TestUserLocation/hoverHeading")): Object: 'Object Repository/TestUserLocation/hoverHeading' is clicked on

2019-01-30 12:21:34 - [MESSAGE][PASSED] - Object: 'Object Repository/TestUserLocation/hoverHeading' is clicked on

2019-01-30 12:21:34 - [TEST_STEP][PASSED] - click(findTestObject("TestUserLocation/addPlusIcon")): Object: 'Object Repository/TestUserLocation/addPlusIcon' is clicked on

2019-01-30 12:21:34 - [MESSAGE][PASSED] - Object: 'Object Repository/TestUserLocation/addPlusIcon' is clicked on

2019-01-30 12:21:34 - [TEST_STEP][PASSED] - setText(findTestObject("TestUserLocation/setNewName"), findTestData("LocationData").getValue("ItemsName", 1)): Text 'Item_30/01/19-12:21' is set on object 'Object Repository/TestUserLocation/setNewName'

2019-01-30 12:21:34 - [MESSAGE][PASSED] - Text 'Item_30/01/19-12:21' is set on object 'Object Repository/TestUserLocation/setNewName'

2019-01-30 12:21:34 - [TEST_STEP][PASSED] - Thread.sleep(2000): null

2019-01-30 12:21:36 - [TEST_STEP][PASSED] - click(findTestObject("TestUserLocation/saveButton")): Object: 'Object Repository/TestUserLocation/saveButton' is clicked on

2019-01-30 12:21:36 - [MESSAGE][PASSED] - Object: 'Object Repository/TestUserLocation/saveButton' is clicked on

2019-01-30 12:21:36 - [TEST_STEP][PASSED] - Thread.sleep(4000): null

2019-01-30 12:21:40 - [TEST_STEP][PASSED] - Thread.sleep(4000): null

2019-01-30 12:21:44 - [TEST_STEP][PASSED] - click(findTestObject("TestUserLocation/mainmenu_button")): Object: 'Object Repository/TestUserLocation/mainmenu_button' is clicked on

2019-01-30 12:21:45 - [MESSAGE][PASSED] - Object: 'Object Repository/TestUserLocation/mainmenu_button' is clicked on

2019-01-30 12:21:45 - [TEST_STEP][PASSED] - Thread.sleep(2000): null

2019-01-30 12:21:47 - [TEST_STEP][PASSED] - click(findTestObject("TestResource/mainMenu_resources")): Object: 'Object Repository/TestResource/mainMenu_resources' is clicked on

2019-01-30 12:21:47 - [MESSAGE][PASSED] - Object: 'Object Repository/TestResource/mainMenu_resources' is clicked on

2019-01-30 12:21:47 - [TEST_STEP][PASSED] - Thread.sleep(4000): null

2019-01-30 12:21:51 - [TEST_STEP][PASSED] - click(findTestObject("TestResource/items")): Object: 'Object Repository/TestResource/items' is clicked on

2019-01-30 12:21:51 - [MESSAGE][PASSED] - Object: 'Object Repository/TestResource/items' is clicked on

2019-01-30 12:21:51 - [TEST_STEP][PASSED] - Thread.sleep(4000): null

2019-01-30 12:21:55 - [TEST_STEP][PASSED] - AdminTool_Location.selectItem(): Element has been clicked

2019-01-30 12:21:59 - [MESSAGE][PASSED] - Element has been clicked

2019-01-30 12:21:59 - [TEST_STEP][PASSED] - Thread.sleep(4000): null

2019-01-30 12:22:03 - [TEST_STEP][PASSED] - waitForElementClickable(findTestObject("TestUserLocation/addPlusIcon"), 45): Object 'Object Repository/TestUserLocation/addPlusIcon' is clickable

2019-01-30 12:22:03 - [MESSAGE][PASSED] - Object 'Object Repository/TestUserLocation/addPlusIcon' is clickable

2019-01-30 12:22:03 - [TEST_STEP][PASSED] - click(findTestObject("TestUserLocation/addPlusIcon")): Object: 'Object Repository/TestUserLocation/addPlusIcon' is clicked on

2019-01-30 12:22:03 - [MESSAGE][PASSED] - Object: 'Object Repository/TestUserLocation/addPlusIcon' is clicked on

2019-01-30 12:22:03 - [TEST_STEP][PASSED] - Thread.sleep(2000): null

2019-01-30 12:22:05 - [TEST_STEP][PASSED] - setText(findTestObject("TestUserLocation/setNewName"), findTestData("LocationData").getValue("SubItemsName1", 1)): Text 'SubItem1_30/01/19-12:21' is set on object 'Object Repository/TestUserLocation/setNewName'

2019-01-30 12:22:06 - [MESSAGE][PASSED] - Text 'SubItem1_30/01/19-12:21' is set on object 'Object Repository/TestUserLocation/setNewName'

2019-01-30 12:22:06 - [TEST_STEP][PASSED] - Thread.sleep(2000): null

2019-01-30 12:22:08 - [TEST_STEP][PASSED] - Submission.createResource(): Submission.createResource is PASSED

2019-01-30 12:22:08 - [MESSAGE][PASSED] - Submission.createResource is PASSED

2019-01-30 12:22:08 - [TEST_STEP][NOT_RUN] - setText(findTestObject("TestResource/setPhoneNumber"), "912378456"): NOT_RUN: setText(findTestObject("TestResource/setPhoneNumber"), "912378456")

2019-01-30 12:22:08 - [MESSAGE][NOT_RUN] - NOT_RUN: setText(findTestObject("TestResource/setPhoneNumber"), "912378456")

2019-01-30 12:22:08 - [TEST_STEP][PASSED] - Thread.sleep(2000): null

2019-01-30 12:22:10 - [TEST_STEP][PASSED] - click(findTestObject("TestResource/saveDetailButton")): Object: 'Object Repository/TestResource/saveDetailButton' is clicked on

2019-01-30 12:22:10 - [MESSAGE][PASSED] - Object: 'Object Repository/TestResource/saveDetailButton' is clicked on

2019-01-30 12:22:10 - [TEST_STEP][PASSED] - Thread.sleep(7000): null

2019-01-30 12:22:17 - [TEST_STEP][PASSED] - click(findTestObject("TestResource/disableResource")): Object: 'Object Repository/TestResource/disableResource' is clicked on

2019-01-30 12:22:17 - [MESSAGE][PASSED] - Object: 'Object Repository/TestResource/disableResource' is clicked on

2019-01-30 12:22:17 - [TEST_STEP][PASSED] - Thread.sleep(2000): null

2019-01-30 12:22:19 - [TEST_STEP][PASSED] - click(findTestObject("TestResource/button2Yes")): Object: 'Object Repository/TestResource/button2Yes' is clicked on

2019-01-30 12:22:19 - [MESSAGE][PASSED] - Object: 'Object Repository/TestResource/button2Yes' is clicked on

2019-01-30 12:22:19 - [TEST_STEP][PASSED] - Thread.sleep(2000): null

2019-01-30 12:22:21 - [TEST_STEP][PASSED] - click(findTestObject("TestResource/saveDetailButton")): Object: 'Object Repository/TestResource/saveDetailButton' is clicked on

2019-01-30 12:22:21 - [MESSAGE][PASSED] - Object: 'Object Repository/TestResource/saveDetailButton' is clicked on

2019-01-30 12:22:21 - [TEST_STEP][PASSED] - Thread.sleep(7000): null

2019-01-30 12:22:28 - [TEST_STEP][PASSED] - click(findTestObject("TestResource/linksTab")): Object: 'Object Repository/TestResource/linksTab' is clicked on

2019-01-30 12:22:28 - [MESSAGE][PASSED] - Object: 'Object Repository/TestResource/linksTab' is clicked on

2019-01-30 12:22:28 - [TEST_STEP][PASSED] - Thread.sleep(2000): null

2019-01-30 12:22:30 - [TEST_STEP][PASSED] - click(findTestObject("TestResource/addLink")): Object: 'Object Repository/TestResource/addLink' is clicked on

2019-01-30 12:22:31 - [MESSAGE][PASSED] - Object: 'Object Repository/TestResource/addLink' is clicked on

2019-01-30 12:22:31 - [TEST_STEP][PASSED] - Thread.sleep(5000): null

2019-01-30 12:22:36 - [TEST_STEP][PASSED] - check(findTestObject("TestResource/selectSecondResourceToLink")): Object 'Object Repository/TestResource/selectSecondResourceToLink' is checked

2019-01-30 12:22:36 - [MESSAGE][PASSED] - Object 'Object Repository/TestResource/selectSecondResourceToLink' is checked

2019-01-30 12:22:36 - [TEST_STEP][PASSED] - AdminTool_Location.resourceLinkName(): AdminTool_Location.resourceLinkName is PASSED

2019-01-30 12:22:36 - [MESSAGE][PASSED] - AdminTool_Location.resourceLinkName is PASSED

2019-01-30 12:22:36 - [TEST_STEP][PASSED] - Thread.sleep(2000): null

2019-01-30 12:22:38 - [TEST_STEP][PASSED] - click(findTestObject("TestResource/button2Save")): Object: 'Object Repository/TestResource/button2Save' is clicked on

2019-01-30 12:22:38 - [MESSAGE][PASSED] - Object: 'Object Repository/TestResource/button2Save' is clicked on

2019-01-30 12:22:38 - [TEST_STEP][PASSED] - Thread.sleep(4000): null

2019-01-30 12:22:42 - [TEST_STEP][PASSED] - click(findTestObject("TestResource/locationTab")): Object: 'Object Repository/TestResource/locationTab' is clicked on

2019-01-30 12:22:42 - [MESSAGE][PASSED] - Object: 'Object Repository/TestResource/locationTab' is clicked on

2019-01-30 12:22:42 - [TEST_STEP][PASSED] - AdminTool_Location.moveCursor(): AdminTool_Location.moveCursor is PASSED

2019-01-30 12:22:42 - [MESSAGE][PASSED] - AdminTool_Location.moveCursor is PASSED

2019-01-30 12:22:42 - [TEST_STEP][PASSED] - Thread.sleep(2000): null

2019-01-30 12:22:44 - [TEST_STEP][PASSED] - Thread.sleep(5000): null

2019-01-30 12:22:49 - [TEST_STEP][PASSED] - AdminTool_Location.checkLocation(): AdminTool_Location.checkLocation is PASSED

2019-01-30 12:22:51 - [MESSAGE][PASSED] - AdminTool_Location.checkLocation is PASSED

2019-01-30 12:22:51 - [TEST_STEP][PASSED] - Thread.sleep(4000): null

2019-01-30 12:22:55 - [TEST_STEP][PASSED] - click(findTestObject("TestResource/saveLocation")): Object: 'Object Repository/TestResource/saveLocation' is clicked on

2019-01-30 12:22:55 - [MESSAGE][PASSED] - Object: 'Object Repository/TestResource/saveLocation' is clicked on

2019-01-30 12:22:55 - [TEST_STEP][PASSED] - click(findTestObject("TestUserLocation/mainmenu_button")): Object: 'Object Repository/TestUserLocation/mainmenu_button' is clicked on

2019-01-30 12:22:56 - [MESSAGE][PASSED] - Object: 'Object Repository/TestUserLocation/mainmenu_button' is clicked on

2019-01-30 12:22:56 - [TEST_STEP][PASSED] - Thread.sleep(2000): null

2019-01-30 12:22:58 - [TEST_STEP][PASSED] - click(findTestObject("TestResource/mainMenu_resources")): Object: 'Object Repository/TestResource/mainMenu_resources' is clicked on

2019-01-30 12:22:58 - [MESSAGE][PASSED] - Object: 'Object Repository/TestResource/mainMenu_resources' is clicked on

2019-01-30 12:22:58 - [TEST_STEP][PASSED] - Thread.sleep(4000): null

2019-01-30 12:23:02 - [TEST_STEP][PASSED] - click(findTestObject("TestResource/items")): Object: 'Object Repository/TestResource/items' is clicked on

2019-01-30 12:23:02 - [MESSAGE][PASSED] - Object: 'Object Repository/TestResource/items' is clicked on

2019-01-30 12:23:02 - [TEST_STEP][PASSED] - Thread.sleep(4000): null

2019-01-30 12:23:06 - [TEST_STEP][PASSED] - AdminTool_Location.selectItem(): Element has been clicked

2019-01-30 12:23:10 - [MESSAGE][PASSED] - Element has been clicked

2019-01-30 12:23:10 - [TEST_STEP][PASSED] - Thread.sleep(4000): null

2019-01-30 12:23:14 - [TEST_STEP][PASSED] - waitForElementClickable(findTestObject("TestUserLocation/addPlusIcon"), 45): Object 'Object Repository/TestUserLocation/addPlusIcon' is clickable

2019-01-30 12:23:15 - [MESSAGE][PASSED] - Object 'Object Repository/TestUserLocation/addPlusIcon' is clickable

2019-01-30 12:23:15 - [TEST_STEP][PASSED] - click(findTestObject("TestUserLocation/addPlusIcon")): Object: 'Object Repository/TestUserLocation/addPlusIcon' is clicked on

2019-01-30 12:23:15 - [MESSAGE][PASSED] - Object: 'Object Repository/TestUserLocation/addPlusIcon' is clicked on

2019-01-30 12:23:15 - [TEST_STEP][PASSED] - Thread.sleep(2000): null

2019-01-30 12:23:17 - [TEST_STEP][PASSED] - setText(findTestObject("TestUserLocation/setNewName"), findTestData("LocationData").getValue("SubItemsName2", 1)): Text 'SubItem2_30/01/19-12:21' is set on object 'Object Repository/TestUserLocation/setNewName'

2019-01-30 12:23:17 - [MESSAGE][PASSED] - Text 'SubItem2_30/01/19-12:21' is set on object 'Object Repository/TestUserLocation/setNewName'

2019-01-30 12:23:17 - [TEST_STEP][PASSED] - Thread.sleep(2000): null

2019-01-30 12:23:19 - [TEST_STEP][PASSED] - Submission.createResource(): Submission.createResource is PASSED

2019-01-30 12:23:20 - [MESSAGE][PASSED] - Submission.createResource is PASSED

2019-01-30 12:23:20 - [TEST_STEP][NOT_RUN] - setText(findTestObject("TestResource/setPhoneNumber"), "912378456"): NOT_RUN: setText(findTestObject("TestResource/setPhoneNumber"), "912378456")

2019-01-30 12:23:20 - [MESSAGE][NOT_RUN] - NOT_RUN: setText(findTestObject("TestResource/setPhoneNumber"), "912378456")

2019-01-30 12:23:20 - [TEST_STEP][PASSED] - Thread.sleep(2000): null

2019-01-30 12:23:22 - [TEST_STEP][PASSED] - click(findTestObject("TestResource/saveDetailButton")): Object: 'Object Repository/TestResource/saveDetailButton' is clicked on

2019-01-30 12:23:22 - [MESSAGE][PASSED] - Object: 'Object Repository/TestResource/saveDetailButton' is clicked on

2019-01-30 12:23:22 - [TEST_STEP][PASSED] - Thread.sleep(7000): null

2019-01-30 12:23:29 - [TEST_STEP][PASSED] - click(findTestObject("TestResource/linksTab")): Object: 'Object Repository/TestResource/linksTab' is clicked on

2019-01-30 12:23:29 - [MESSAGE][PASSED] - Object: 'Object Repository/TestResource/linksTab' is clicked on

2019-01-30 12:23:29 - [TEST_STEP][PASSED] - Thread.sleep(2000): null

2019-01-30 12:23:31 - [TEST_STEP][PASSED] - click(findTestObject("TestResource/addLink")): Object: 'Object Repository/TestResource/addLink' is clicked on

2019-01-30 12:23:31 - [MESSAGE][PASSED] - Object: 'Object Repository/TestResource/addLink' is clicked on

2019-01-30 12:23:31 - [TEST_STEP][PASSED] - Thread.sleep(5000): null

2019-01-30 12:23:36 - [TEST_STEP][PASSED] - check(findTestObject("TestResource/selectSecondResourceToLink")): Object 'Object Repository/TestResource/selectSecondResourceToLink' is checked

2019-01-30 12:23:36 - [MESSAGE][PASSED] - Object 'Object Repository/TestResource/selectSecondResourceToLink' is checked

2019-01-30 12:23:36 - [TEST_STEP][PASSED] - AdminTool_Location.resourceLinkName(): AdminTool_Location.resourceLinkName is PASSED

2019-01-30 12:23:37 - [MESSAGE][PASSED] - AdminTool_Location.resourceLinkName is PASSED

2019-01-30 12:23:37 - [TEST_STEP][PASSED] - Thread.sleep(2000): null

2019-01-30 12:23:39 - [TEST_STEP][PASSED] - click(findTestObject("TestResource/button2Save")): Object: 'Object Repository/TestResource/button2Save' is clicked on

2019-01-30 12:23:39 - [MESSAGE][PASSED] - Object: 'Object Repository/TestResource/button2Save' is clicked on

2019-01-30 12:23:39 - [TEST_STEP][PASSED] - Thread.sleep(4000): null

2019-01-30 12:23:43 - [TEST_STEP][PASSED] - click(findTestObject("TestResource/locationTab")): Object: 'Object Repository/TestResource/locationTab' is clicked on

2019-01-30 12:23:43 - [MESSAGE][PASSED] - Object: 'Object Repository/TestResource/locationTab' is clicked on

2019-01-30 12:23:43 - [TEST_STEP][PASSED] - Thread.sleep(5000): null

2019-01-30 12:23:48 - [TEST_STEP][PASSED] - AdminTool_Location.checkLocation(): AdminTool_Location.checkLocation is PASSED

2019-01-30 12:23:50 - [MESSAGE][PASSED] - AdminTool_Location.checkLocation is PASSED

2019-01-30 12:23:50 - [TEST_STEP][PASSED] - Thread.sleep(4000): null

2019-01-30 12:23:54 - [TEST_STEP][PASSED] - click(findTestObject("TestResource/saveLocation")): Object: 'Object Repository/TestResource/saveLocation' is clicked on

2019-01-30 12:23:54 - [MESSAGE][PASSED] - Object: 'Object Repository/TestResource/saveLocation' is clicked on]]></system-out>
         <system-err><![CDATA[]]></system-err>
      </testcase>
      <testcase name="Test Cases/CheckResoucesAsPerLocation/validateResource" classname="Test Cases/CheckResoucesAsPerLocation/validateResource" status="PASSED">
         <system-out><![CDATA[2019-01-30 12:23:54 - [TEST_CASE][PASSED] - Test Cases/CheckResoucesAsPerLocation/validateResource: Test Cases/CheckResoucesAsPerLocation/validateResource

2019-01-30 12:23:54 - [TEST_STEP][NOT_RUN] - openBrowser(URL): NOT_RUN: openBrowser(URL)

2019-01-30 12:23:54 - [MESSAGE][NOT_RUN] - NOT_RUN: openBrowser(URL)

2019-01-30 12:23:54 - [TEST_STEP][NOT_RUN] - maximizeWindow(): NOT_RUN: maximizeWindow()

2019-01-30 12:23:54 - [MESSAGE][NOT_RUN] - NOT_RUN: maximizeWindow()

2019-01-30 12:23:54 - [TEST_STEP][NOT_RUN] - setText(findTestObject("Form_Selection_Creation/login_Username"), UserName1): NOT_RUN: setText(findTestObject("Form_Selection_Creation/login_Username"), UserName1)

2019-01-30 12:23:54 - [MESSAGE][NOT_RUN] - NOT_RUN: setText(findTestObject("Form_Selection_Creation/login_Username"), UserName1)

2019-01-30 12:23:54 - [TEST_STEP][NOT_RUN] - setText(findTestObject("Form_Selection_Creation/login_Password"), Password111): NOT_RUN: setText(findTestObject("Form_Selection_Creation/login_Password"), Password111)

2019-01-30 12:23:54 - [MESSAGE][NOT_RUN] - NOT_RUN: setText(findTestObject("Form_Selection_Creation/login_Password"), Password111)

2019-01-30 12:23:54 - [TEST_STEP][PASSED] - Thread.sleep(4000): null

2019-01-30 12:23:58 - [TEST_STEP][PASSED] - FormName.setData(): FormName.setData is PASSED

2019-01-30 12:23:58 - [MESSAGE][PASSED] - FormName.setData is PASSED

2019-01-30 12:23:58 - [TEST_STEP][NOT_RUN] - click(findTestObject("Form_Selection_Creation/login_Button")): NOT_RUN: click(findTestObject("Form_Selection_Creation/login_Button"))

2019-01-30 12:23:58 - [MESSAGE][NOT_RUN] - NOT_RUN: click(findTestObject("Form_Selection_Creation/login_Button"))

2019-01-30 12:23:58 - [TEST_STEP][PASSED] - click(findTestObject("Form_Selection_Creation/mainMenu_Button")): Object: 'Object Repository/Form_Selection_Creation/mainMenu_Button' is clicked on

2019-01-30 12:23:58 - [MESSAGE][PASSED] - Object: 'Object Repository/Form_Selection_Creation/mainMenu_Button' is clicked on

2019-01-30 12:23:58 - [TEST_STEP][PASSED] - Thread.sleep(2000): null

2019-01-30 12:24:00 - [TEST_STEP][NOT_RUN] - click(findTestObject("Form_Selection_Creation/mainMenu_AdminTools")): NOT_RUN: click(findTestObject("Form_Selection_Creation/mainMenu_AdminTools"))

2019-01-30 12:24:00 - [MESSAGE][NOT_RUN] - NOT_RUN: click(findTestObject("Form_Selection_Creation/mainMenu_AdminTools"))

2019-01-30 12:24:00 - [TEST_STEP][PASSED] - click(findTestObject("Form_Selection_Creation/mainMenu_AdminTools_FormDesigner")): Object: 'Object Repository/Form_Selection_Creation/mainMenu_AdminTools_FormDesigner' is clicked on

2019-01-30 12:24:00 - [MESSAGE][PASSED] - Object: 'Object Repository/Form_Selection_Creation/mainMenu_AdminTools_FormDesigner' is clicked on

2019-01-30 12:24:00 - [TEST_STEP][PASSED] - click(findTestObject("Form_Selection_Creation/selectCheckForm")): Object: 'Object Repository/Form_Selection_Creation/selectCheckForm' is clicked on

2019-01-30 12:24:01 - [MESSAGE][PASSED] - Object: 'Object Repository/Form_Selection_Creation/selectCheckForm' is clicked on

2019-01-30 12:24:01 - [TEST_STEP][PASSED] - Thread.sleep(5000): null

2019-01-30 12:24:06 - [TEST_STEP][PASSED] - AdminTool_Location.moveCursor(): AdminTool_Location.moveCursor is PASSED

2019-01-30 12:24:06 - [MESSAGE][PASSED] - AdminTool_Location.moveCursor is PASSED

2019-01-30 12:24:06 - [TEST_STEP][PASSED] - Thread.sleep(2000): null

2019-01-30 12:24:08 - [TEST_STEP][PASSED] - AdminTool_Location.selectResType(): AdminTool_Location.selectResType is PASSED

2019-01-30 12:24:18 - [MESSAGE][PASSED] - AdminTool_Location.selectResType is PASSED

2019-01-30 12:24:18 - [TEST_STEP][PASSED] - AdminTool_Location.dragDropRes(): Element has been clicked

2019-01-30 12:24:22 - [MESSAGE][PASSED] - Element has been clicked

2019-01-30 12:24:22 - [TEST_STEP][PASSED] - Thread.sleep(5000): null

2019-01-30 12:24:27 - [TEST_STEP][NOT_RUN] - dragAndDropToObject(findTestObject("null"), findTestObject("Form_Selection_Creation/Target_Res_Object")): NOT_RUN: dragAndDropToObject(findTestObject("null"), findTestObject("Form_Selection_Creation/Target_Res_Object"))

2019-01-30 12:24:27 - [MESSAGE][NOT_RUN] - NOT_RUN: dragAndDropToObject(findTestObject("null"), findTestObject("Form_Selection_Creation/Target_Res_Object"))

2019-01-30 12:24:27 - [TEST_STEP][PASSED] - AdminTool_Location.validate(): AdminTool_Location.validate is PASSED

2019-01-30 12:24:27 - [MESSAGE][PASSED] - AdminTool_Location.validate is PASSED

2019-01-30 12:24:27 - [TEST_STEP][PASSED] - s = getText(findTestObject("TestResource/testText")): Text of object 'Object Repository/TestResource/testText' is: 'Items > Item_30/01/19-12:21 > SubItem2_30/01/19-12:21'

2019-01-30 12:24:27 - [MESSAGE][PASSED] - Text of object 'Object Repository/TestResource/testText' is: 'Items > Item_30/01/19-12:21 > SubItem2_30/01/19-12:21'

2019-01-30 12:24:27 - [TEST_STEP][PASSED] - println(s): null]]></system-out>
         <system-err><![CDATA[]]></system-err>
      </testcase>
      <testcase name="Test Cases/CheckResoucesAsPerLocation/checkResource_Supplier" classname="Test Cases/CheckResoucesAsPerLocation/checkResource_Supplier" status="PASSED">
         <system-out><![CDATA[2019-01-30 12:24:27 - [TEST_CASE][PASSED] - Test Cases/CheckResoucesAsPerLocation/checkResource_Supplier: Test Cases/CheckResoucesAsPerLocation/checkResource_Supplier

2019-01-30 12:24:27 - [TEST_STEP][NOT_RUN] - openBrowser(URL): NOT_RUN: openBrowser(URL)

2019-01-30 12:24:27 - [MESSAGE][NOT_RUN] - NOT_RUN: openBrowser(URL)

2019-01-30 12:24:27 - [TEST_STEP][NOT_RUN] - maximizeWindow(): NOT_RUN: maximizeWindow()

2019-01-30 12:24:27 - [MESSAGE][NOT_RUN] - NOT_RUN: maximizeWindow()

2019-01-30 12:24:27 - [TEST_STEP][NOT_RUN] - setText(findTestObject("TestUserLocation/login_Username"), UserName1): NOT_RUN: setText(findTestObject("TestUserLocation/login_Username"), UserName1)

2019-01-30 12:24:27 - [MESSAGE][NOT_RUN] - NOT_RUN: setText(findTestObject("TestUserLocation/login_Username"), UserName1)

2019-01-30 12:24:27 - [TEST_STEP][NOT_RUN] - setText(findTestObject("TestUserLocation/login_Password"), Password1): NOT_RUN: setText(findTestObject("TestUserLocation/login_Password"), Password1)

2019-01-30 12:24:27 - [MESSAGE][NOT_RUN] - NOT_RUN: setText(findTestObject("TestUserLocation/login_Password"), Password1)

2019-01-30 12:24:27 - [TEST_STEP][PASSED] - AdminTool_Location.setSupplierName(): AdminTool_Location.setSupplierName is PASSED

2019-01-30 12:24:27 - [MESSAGE][PASSED] - AdminTool_Location.setSupplierName is PASSED

2019-01-30 12:24:27 - [TEST_STEP][NOT_RUN] - click(findTestObject("TestUserLocation/login_Button")): NOT_RUN: click(findTestObject("TestUserLocation/login_Button"))

2019-01-30 12:24:27 - [MESSAGE][NOT_RUN] - NOT_RUN: click(findTestObject("TestUserLocation/login_Button"))

2019-01-30 12:24:27 - [TEST_STEP][PASSED] - Thread.sleep(4000): null

2019-01-30 12:24:31 - [TEST_STEP][PASSED] - click(findTestObject("TestUserLocation/mainmenu_button")): Object: 'Object Repository/TestUserLocation/mainmenu_button' is clicked on

2019-01-30 12:24:32 - [MESSAGE][PASSED] - Object: 'Object Repository/TestUserLocation/mainmenu_button' is clicked on

2019-01-30 12:24:32 - [TEST_STEP][PASSED] - Thread.sleep(2000): null

2019-01-30 12:24:34 - [TEST_STEP][NOT_RUN] - click(findTestObject("TestUserLocation/adminTool")): NOT_RUN: click(findTestObject("TestUserLocation/adminTool"))

2019-01-30 12:24:34 - [MESSAGE][NOT_RUN] - NOT_RUN: click(findTestObject("TestUserLocation/adminTool"))

2019-01-30 12:24:34 - [TEST_STEP][PASSED] - click(findTestObject("TestUserLocation/mainMenuResourceDesigner")): Object: 'Object Repository/TestUserLocation/mainMenuResourceDesigner' is clicked on

2019-01-30 12:24:34 - [MESSAGE][PASSED] - Object: 'Object Repository/TestUserLocation/mainMenuResourceDesigner' is clicked on

2019-01-30 12:24:34 - [TEST_STEP][PASSED] - Thread.sleep(2000): null

2019-01-30 12:24:36 - [TEST_STEP][PASSED] - click(findTestObject("TestUserLocation/yesDelete")): Object: 'Object Repository/TestUserLocation/yesDelete' is clicked on

2019-01-30 12:24:36 - [MESSAGE][PASSED] - Object: 'Object Repository/TestUserLocation/yesDelete' is clicked on

2019-01-30 12:24:36 - [TEST_STEP][PASSED] - Thread.sleep(4000): null

2019-01-30 12:24:40 - [TEST_STEP][PASSED] - click(findTestObject("TestResource/SuppliersDesign")): Object: 'Object Repository/TestResource/SuppliersDesign' is clicked on

2019-01-30 12:24:40 - [MESSAGE][PASSED] - Object: 'Object Repository/TestResource/SuppliersDesign' is clicked on

2019-01-30 12:24:40 - [TEST_STEP][PASSED] - Thread.sleep(4000): null

2019-01-30 12:24:44 - [TEST_STEP][PASSED] - waitForElementClickable(findTestObject("TestUserLocation/categories"), 45): Object 'Object Repository/TestUserLocation/categories' is clickable

2019-01-30 12:24:44 - [MESSAGE][PASSED] - Object 'Object Repository/TestUserLocation/categories' is clickable

2019-01-30 12:24:44 - [TEST_STEP][PASSED] - click(findTestObject("TestUserLocation/categories")): Object: 'Object Repository/TestUserLocation/categories' is clicked on

2019-01-30 12:24:44 - [MESSAGE][PASSED] - Object: 'Object Repository/TestUserLocation/categories' is clicked on

2019-01-30 12:24:44 - [TEST_STEP][PASSED] - Thread.sleep(2000): null

2019-01-30 12:24:46 - [TEST_STEP][PASSED] - click(findTestObject("TestUserLocation/defaultArea")): Object: 'Object Repository/TestUserLocation/defaultArea' is clicked on

2019-01-30 12:24:46 - [MESSAGE][PASSED] - Object: 'Object Repository/TestUserLocation/defaultArea' is clicked on

2019-01-30 12:24:46 - [TEST_STEP][PASSED] - Thread.sleep(2000): null

2019-01-30 12:24:48 - [TEST_STEP][PASSED] - click(findTestObject("TestUserLocation/hoverHeading")): Object: 'Object Repository/TestUserLocation/hoverHeading' is clicked on

2019-01-30 12:24:48 - [MESSAGE][PASSED] - Object: 'Object Repository/TestUserLocation/hoverHeading' is clicked on

2019-01-30 12:24:48 - [TEST_STEP][PASSED] - click(findTestObject("TestUserLocation/addPlusIcon")): Object: 'Object Repository/TestUserLocation/addPlusIcon' is clicked on

2019-01-30 12:24:49 - [MESSAGE][PASSED] - Object: 'Object Repository/TestUserLocation/addPlusIcon' is clicked on

2019-01-30 12:24:49 - [TEST_STEP][PASSED] - setText(findTestObject("TestUserLocation/setNewName"), findTestData("LocationData").getValue("SuppliersName", 1)): Text 'Supplier_30/01/19-12:24' is set on object 'Object Repository/TestUserLocation/setNewName'

2019-01-30 12:24:49 - [MESSAGE][PASSED] - Text 'Supplier_30/01/19-12:24' is set on object 'Object Repository/TestUserLocation/setNewName'

2019-01-30 12:24:49 - [TEST_STEP][PASSED] - Thread.sleep(2000): null

2019-01-30 12:24:51 - [TEST_STEP][PASSED] - click(findTestObject("TestUserLocation/saveButton")): Object: 'Object Repository/TestUserLocation/saveButton' is clicked on

2019-01-30 12:24:51 - [MESSAGE][PASSED] - Object: 'Object Repository/TestUserLocation/saveButton' is clicked on

2019-01-30 12:24:51 - [TEST_STEP][PASSED] - Thread.sleep(4000): null

2019-01-30 12:24:55 - [TEST_STEP][PASSED] - Thread.sleep(4000): null

2019-01-30 12:24:59 - [TEST_STEP][PASSED] - click(findTestObject("TestUserLocation/mainmenu_button")): Object: 'Object Repository/TestUserLocation/mainmenu_button' is clicked on

2019-01-30 12:24:59 - [MESSAGE][PASSED] - Object: 'Object Repository/TestUserLocation/mainmenu_button' is clicked on

2019-01-30 12:24:59 - [TEST_STEP][PASSED] - Thread.sleep(2000): null

2019-01-30 12:25:01 - [TEST_STEP][PASSED] - click(findTestObject("TestResource/mainMenu_resources")): Object: 'Object Repository/TestResource/mainMenu_resources' is clicked on

2019-01-30 12:25:01 - [MESSAGE][PASSED] - Object: 'Object Repository/TestResource/mainMenu_resources' is clicked on

2019-01-30 12:25:01 - [TEST_STEP][PASSED] - Thread.sleep(4000): null

2019-01-30 12:25:05 - [TEST_STEP][PASSED] - click(findTestObject("TestResource/suppliers")): Object: 'Object Repository/TestResource/suppliers' is clicked on

2019-01-30 12:25:06 - [MESSAGE][PASSED] - Object: 'Object Repository/TestResource/suppliers' is clicked on

2019-01-30 12:25:06 - [TEST_STEP][PASSED] - Thread.sleep(4000): null

2019-01-30 12:25:10 - [TEST_STEP][PASSED] - AdminTool_Location.selectSupplier(): Element has been clicked

2019-01-30 12:25:14 - [MESSAGE][PASSED] - Element has been clicked

2019-01-30 12:25:14 - [TEST_STEP][PASSED] - Thread.sleep(4000): null

2019-01-30 12:25:18 - [TEST_STEP][PASSED] - waitForElementClickable(findTestObject("TestUserLocation/addPlusIcon"), 45): Object 'Object Repository/TestUserLocation/addPlusIcon' is clickable

2019-01-30 12:25:18 - [MESSAGE][PASSED] - Object 'Object Repository/TestUserLocation/addPlusIcon' is clickable

2019-01-30 12:25:18 - [TEST_STEP][PASSED] - click(findTestObject("TestUserLocation/addPlusIcon")): Object: 'Object Repository/TestUserLocation/addPlusIcon' is clicked on

2019-01-30 12:25:18 - [MESSAGE][PASSED] - Object: 'Object Repository/TestUserLocation/addPlusIcon' is clicked on

2019-01-30 12:25:18 - [TEST_STEP][PASSED] - Thread.sleep(2000): null

2019-01-30 12:25:20 - [TEST_STEP][PASSED] - setText(findTestObject("TestUserLocation/setNewName"), findTestData("LocationData").getValue("SubSuppliersName1", 1)): Text 'SubSupplier1_30/01/19-12:24' is set on object 'Object Repository/TestUserLocation/setNewName'

2019-01-30 12:25:26 - [MESSAGE][PASSED] - Text 'SubSupplier1_30/01/19-12:24' is set on object 'Object Repository/TestUserLocation/setNewName'

2019-01-30 12:25:26 - [TEST_STEP][NOT_RUN] - setText(findTestObject("TestResource/setPhoneNumber"), "912378456"): NOT_RUN: setText(findTestObject("TestResource/setPhoneNumber"), "912378456")

2019-01-30 12:25:26 - [MESSAGE][NOT_RUN] - NOT_RUN: setText(findTestObject("TestResource/setPhoneNumber"), "912378456")

2019-01-30 12:25:26 - [TEST_STEP][PASSED] - Thread.sleep(2000): null

2019-01-30 12:25:28 - [TEST_STEP][PASSED] - Submission.createResource(): Submission.createResource is PASSED

2019-01-30 12:25:28 - [MESSAGE][PASSED] - Submission.createResource is PASSED

2019-01-30 12:25:28 - [TEST_STEP][PASSED] - Thread.sleep(2000): null

2019-01-30 12:25:30 - [TEST_STEP][PASSED] - click(findTestObject("TestResource/saveDetailButton")): Object: 'Object Repository/TestResource/saveDetailButton' is clicked on

2019-01-30 12:25:30 - [MESSAGE][PASSED] - Object: 'Object Repository/TestResource/saveDetailButton' is clicked on

2019-01-30 12:25:30 - [TEST_STEP][PASSED] - Thread.sleep(7000): null

2019-01-30 12:25:37 - [TEST_STEP][PASSED] - click(findTestObject("TestResource/disableResource")): Object: 'Object Repository/TestResource/disableResource' is clicked on

2019-01-30 12:25:42 - [MESSAGE][PASSED] - Object: 'Object Repository/TestResource/disableResource' is clicked on

2019-01-30 12:25:42 - [TEST_STEP][PASSED] - Thread.sleep(2000): null

2019-01-30 12:25:44 - [TEST_STEP][PASSED] - click(findTestObject("TestResource/button2Yes")): Object: 'Object Repository/TestResource/button2Yes' is clicked on

2019-01-30 12:25:44 - [MESSAGE][PASSED] - Object: 'Object Repository/TestResource/button2Yes' is clicked on

2019-01-30 12:25:44 - [TEST_STEP][PASSED] - Thread.sleep(2000): null

2019-01-30 12:25:46 - [TEST_STEP][PASSED] - click(findTestObject("TestResource/saveDetailButton")): Object: 'Object Repository/TestResource/saveDetailButton' is clicked on

2019-01-30 12:25:46 - [MESSAGE][PASSED] - Object: 'Object Repository/TestResource/saveDetailButton' is clicked on

2019-01-30 12:25:46 - [TEST_STEP][PASSED] - Thread.sleep(7000): null

2019-01-30 12:25:53 - [TEST_STEP][PASSED] - click(findTestObject("TestResource/linksTab")): Object: 'Object Repository/TestResource/linksTab' is clicked on

2019-01-30 12:25:53 - [MESSAGE][PASSED] - Object: 'Object Repository/TestResource/linksTab' is clicked on

2019-01-30 12:25:53 - [TEST_STEP][PASSED] - Thread.sleep(2000): null

2019-01-30 12:25:55 - [TEST_STEP][PASSED] - click(findTestObject("TestResource/addLink")): Object: 'Object Repository/TestResource/addLink' is clicked on

2019-01-30 12:25:56 - [MESSAGE][PASSED] - Object: 'Object Repository/TestResource/addLink' is clicked on

2019-01-30 12:25:56 - [TEST_STEP][PASSED] - Thread.sleep(5000): null

2019-01-30 12:26:01 - [TEST_STEP][PASSED] - check(findTestObject("TestResource/selectSecondResourceToLink")): Object 'Object Repository/TestResource/selectSecondResourceToLink' is checked

2019-01-30 12:26:01 - [MESSAGE][PASSED] - Object 'Object Repository/TestResource/selectSecondResourceToLink' is checked

2019-01-30 12:26:01 - [TEST_STEP][PASSED] - AdminTool_Location.resourceLinkName(): AdminTool_Location.resourceLinkName is PASSED

2019-01-30 12:26:01 - [MESSAGE][PASSED] - AdminTool_Location.resourceLinkName is PASSED

2019-01-30 12:26:01 - [TEST_STEP][PASSED] - Thread.sleep(2000): null

2019-01-30 12:26:03 - [TEST_STEP][PASSED] - click(findTestObject("TestResource/button2Save")): Object: 'Object Repository/TestResource/button2Save' is clicked on

2019-01-30 12:26:03 - [MESSAGE][PASSED] - Object: 'Object Repository/TestResource/button2Save' is clicked on

2019-01-30 12:26:03 - [TEST_STEP][PASSED] - Thread.sleep(4000): null

2019-01-30 12:26:07 - [TEST_STEP][PASSED] - click(findTestObject("TestResource/locationTab")): Object: 'Object Repository/TestResource/locationTab' is clicked on

2019-01-30 12:26:07 - [MESSAGE][PASSED] - Object: 'Object Repository/TestResource/locationTab' is clicked on

2019-01-30 12:26:07 - [TEST_STEP][PASSED] - Thread.sleep(5000): null

2019-01-30 12:26:12 - [TEST_STEP][PASSED] - AdminTool_Location.checkLocation(): AdminTool_Location.checkLocation is PASSED

2019-01-30 12:26:14 - [MESSAGE][PASSED] - AdminTool_Location.checkLocation is PASSED

2019-01-30 12:26:14 - [TEST_STEP][PASSED] - Thread.sleep(4000): null

2019-01-30 12:26:18 - [TEST_STEP][PASSED] - AdminTool_Location.moveCursor(): AdminTool_Location.moveCursor is PASSED

2019-01-30 12:26:18 - [MESSAGE][PASSED] - AdminTool_Location.moveCursor is PASSED

2019-01-30 12:26:18 - [TEST_STEP][PASSED] - Thread.sleep(2000): null

2019-01-30 12:26:20 - [TEST_STEP][PASSED] - click(findTestObject("TestResource/saveLocation")): Object: 'Object Repository/TestResource/saveLocation' is clicked on

2019-01-30 12:26:20 - [MESSAGE][PASSED] - Object: 'Object Repository/TestResource/saveLocation' is clicked on

2019-01-30 12:26:20 - [TEST_STEP][PASSED] - click(findTestObject("TestUserLocation/mainmenu_button")): Object: 'Object Repository/TestUserLocation/mainmenu_button' is clicked on

2019-01-30 12:26:21 - [MESSAGE][PASSED] - Object: 'Object Repository/TestUserLocation/mainmenu_button' is clicked on

2019-01-30 12:26:21 - [TEST_STEP][PASSED] - Thread.sleep(2000): null

2019-01-30 12:26:23 - [TEST_STEP][PASSED] - click(findTestObject("TestResource/mainMenu_resources")): Object: 'Object Repository/TestResource/mainMenu_resources' is clicked on

2019-01-30 12:26:23 - [MESSAGE][PASSED] - Object: 'Object Repository/TestResource/mainMenu_resources' is clicked on

2019-01-30 12:26:23 - [TEST_STEP][PASSED] - Thread.sleep(4000): null

2019-01-30 12:26:27 - [TEST_STEP][PASSED] - click(findTestObject("TestResource/suppliers")): Object: 'Object Repository/TestResource/suppliers' is clicked on

2019-01-30 12:26:27 - [MESSAGE][PASSED] - Object: 'Object Repository/TestResource/suppliers' is clicked on

2019-01-30 12:26:27 - [TEST_STEP][PASSED] - Thread.sleep(4000): null

2019-01-30 12:26:31 - [TEST_STEP][PASSED] - AdminTool_Location.selectSupplier(): Element has been clicked

2019-01-30 12:26:35 - [MESSAGE][PASSED] - Element has been clicked

2019-01-30 12:26:35 - [TEST_STEP][PASSED] - Thread.sleep(4000): null

2019-01-30 12:26:39 - [TEST_STEP][PASSED] - waitForElementClickable(findTestObject("TestUserLocation/addPlusIcon"), 45): Object 'Object Repository/TestUserLocation/addPlusIcon' is clickable

2019-01-30 12:26:40 - [MESSAGE][PASSED] - Object 'Object Repository/TestUserLocation/addPlusIcon' is clickable

2019-01-30 12:26:40 - [TEST_STEP][PASSED] - click(findTestObject("TestUserLocation/addPlusIcon")): Object: 'Object Repository/TestUserLocation/addPlusIcon' is clicked on

2019-01-30 12:26:40 - [MESSAGE][PASSED] - Object: 'Object Repository/TestUserLocation/addPlusIcon' is clicked on

2019-01-30 12:26:40 - [TEST_STEP][PASSED] - Thread.sleep(2000): null

2019-01-30 12:26:42 - [TEST_STEP][PASSED] - setText(findTestObject("TestUserLocation/setNewName"), findTestData("LocationData").getValue("SubSuppliersName2", 1)): Text 'SubSupplier2_30/01/19-12:24' is set on object 'Object Repository/TestUserLocation/setNewName'

2019-01-30 12:26:42 - [MESSAGE][PASSED] - Text 'SubSupplier2_30/01/19-12:24' is set on object 'Object Repository/TestUserLocation/setNewName'

2019-01-30 12:26:42 - [TEST_STEP][PASSED] - Thread.sleep(2000): null

2019-01-30 12:26:44 - [TEST_STEP][PASSED] - Submission.createResource(): Submission.createResource is PASSED

2019-01-30 12:26:44 - [MESSAGE][PASSED] - Submission.createResource is PASSED

2019-01-30 12:26:44 - [TEST_STEP][NOT_RUN] - setText(findTestObject("TestResource/setPhoneNumber"), "912378456"): NOT_RUN: setText(findTestObject("TestResource/setPhoneNumber"), "912378456")

2019-01-30 12:26:44 - [MESSAGE][NOT_RUN] - NOT_RUN: setText(findTestObject("TestResource/setPhoneNumber"), "912378456")

2019-01-30 12:26:44 - [TEST_STEP][PASSED] - Thread.sleep(2000): null

2019-01-30 12:26:46 - [TEST_STEP][PASSED] - click(findTestObject("TestResource/saveDetailButton")): Object: 'Object Repository/TestResource/saveDetailButton' is clicked on

2019-01-30 12:26:46 - [MESSAGE][PASSED] - Object: 'Object Repository/TestResource/saveDetailButton' is clicked on

2019-01-30 12:26:46 - [TEST_STEP][PASSED] - Thread.sleep(7000): null

2019-01-30 12:26:53 - [TEST_STEP][PASSED] - click(findTestObject("TestResource/linksTab")): Object: 'Object Repository/TestResource/linksTab' is clicked on

2019-01-30 12:26:54 - [MESSAGE][PASSED] - Object: 'Object Repository/TestResource/linksTab' is clicked on

2019-01-30 12:26:54 - [TEST_STEP][PASSED] - Thread.sleep(2000): null

2019-01-30 12:26:56 - [TEST_STEP][PASSED] - click(findTestObject("TestResource/addLink")): Object: 'Object Repository/TestResource/addLink' is clicked on

2019-01-30 12:26:56 - [MESSAGE][PASSED] - Object: 'Object Repository/TestResource/addLink' is clicked on

2019-01-30 12:26:56 - [TEST_STEP][PASSED] - Thread.sleep(5000): null

2019-01-30 12:27:01 - [TEST_STEP][PASSED] - check(findTestObject("TestResource/selectSecondResourceToLink")): Object 'Object Repository/TestResource/selectSecondResourceToLink' is checked

2019-01-30 12:27:01 - [MESSAGE][PASSED] - Object 'Object Repository/TestResource/selectSecondResourceToLink' is checked

2019-01-30 12:27:01 - [TEST_STEP][PASSED] - AdminTool_Location.resourceLinkName(): AdminTool_Location.resourceLinkName is PASSED

2019-01-30 12:27:01 - [MESSAGE][PASSED] - AdminTool_Location.resourceLinkName is PASSED

2019-01-30 12:27:01 - [TEST_STEP][PASSED] - Thread.sleep(2000): null

2019-01-30 12:27:03 - [TEST_STEP][PASSED] - click(findTestObject("TestResource/button2Save")): Object: 'Object Repository/TestResource/button2Save' is clicked on

2019-01-30 12:27:03 - [MESSAGE][PASSED] - Object: 'Object Repository/TestResource/button2Save' is clicked on

2019-01-30 12:27:03 - [TEST_STEP][PASSED] - Thread.sleep(4000): null

2019-01-30 12:27:07 - [TEST_STEP][PASSED] - click(findTestObject("TestResource/locationTab")): Object: 'Object Repository/TestResource/locationTab' is clicked on

2019-01-30 12:27:07 - [MESSAGE][PASSED] - Object: 'Object Repository/TestResource/locationTab' is clicked on

2019-01-30 12:27:07 - [TEST_STEP][PASSED] - Thread.sleep(5000): null

2019-01-30 12:27:12 - [TEST_STEP][PASSED] - AdminTool_Location.checkLocation(): AdminTool_Location.checkLocation is PASSED

2019-01-30 12:27:14 - [MESSAGE][PASSED] - AdminTool_Location.checkLocation is PASSED

2019-01-30 12:27:14 - [TEST_STEP][PASSED] - Thread.sleep(4000): null

2019-01-30 12:27:18 - [TEST_STEP][PASSED] - click(findTestObject("TestResource/saveLocation")): Object: 'Object Repository/TestResource/saveLocation' is clicked on

2019-01-30 12:27:19 - [MESSAGE][PASSED] - Object: 'Object Repository/TestResource/saveLocation' is clicked on]]></system-out>
         <system-err><![CDATA[]]></system-err>
      </testcase>
      <testcase name="Test Cases/CheckResoucesAsPerLocation/validateResource" classname="Test Cases/CheckResoucesAsPerLocation/validateResource" status="PASSED">
         <system-out><![CDATA[2019-01-30 12:27:19 - [TEST_CASE][PASSED] - Test Cases/CheckResoucesAsPerLocation/validateResource: Test Cases/CheckResoucesAsPerLocation/validateResource

2019-01-30 12:27:19 - [TEST_STEP][NOT_RUN] - openBrowser(URL): NOT_RUN: openBrowser(URL)

2019-01-30 12:27:19 - [MESSAGE][NOT_RUN] - NOT_RUN: openBrowser(URL)

2019-01-30 12:27:19 - [TEST_STEP][NOT_RUN] - maximizeWindow(): NOT_RUN: maximizeWindow()

2019-01-30 12:27:19 - [MESSAGE][NOT_RUN] - NOT_RUN: maximizeWindow()

2019-01-30 12:27:19 - [TEST_STEP][NOT_RUN] - setText(findTestObject("Form_Selection_Creation/login_Username"), UserName1): NOT_RUN: setText(findTestObject("Form_Selection_Creation/login_Username"), UserName1)

2019-01-30 12:27:19 - [MESSAGE][NOT_RUN] - NOT_RUN: setText(findTestObject("Form_Selection_Creation/login_Username"), UserName1)

2019-01-30 12:27:19 - [TEST_STEP][NOT_RUN] - setText(findTestObject("Form_Selection_Creation/login_Password"), Password111): NOT_RUN: setText(findTestObject("Form_Selection_Creation/login_Password"), Password111)

2019-01-30 12:27:19 - [MESSAGE][NOT_RUN] - NOT_RUN: setText(findTestObject("Form_Selection_Creation/login_Password"), Password111)

2019-01-30 12:27:19 - [TEST_STEP][PASSED] - Thread.sleep(4000): null

2019-01-30 12:27:23 - [TEST_STEP][PASSED] - FormName.setData(): FormName.setData is PASSED

2019-01-30 12:27:23 - [MESSAGE][PASSED] - FormName.setData is PASSED

2019-01-30 12:27:23 - [TEST_STEP][NOT_RUN] - click(findTestObject("Form_Selection_Creation/login_Button")): NOT_RUN: click(findTestObject("Form_Selection_Creation/login_Button"))

2019-01-30 12:27:23 - [MESSAGE][NOT_RUN] - NOT_RUN: click(findTestObject("Form_Selection_Creation/login_Button"))

2019-01-30 12:27:23 - [TEST_STEP][PASSED] - click(findTestObject("Form_Selection_Creation/mainMenu_Button")): Object: 'Object Repository/Form_Selection_Creation/mainMenu_Button' is clicked on

2019-01-30 12:27:23 - [MESSAGE][PASSED] - Object: 'Object Repository/Form_Selection_Creation/mainMenu_Button' is clicked on

2019-01-30 12:27:23 - [TEST_STEP][PASSED] - Thread.sleep(2000): null

2019-01-30 12:27:25 - [TEST_STEP][NOT_RUN] - click(findTestObject("Form_Selection_Creation/mainMenu_AdminTools")): NOT_RUN: click(findTestObject("Form_Selection_Creation/mainMenu_AdminTools"))

2019-01-30 12:27:25 - [MESSAGE][NOT_RUN] - NOT_RUN: click(findTestObject("Form_Selection_Creation/mainMenu_AdminTools"))

2019-01-30 12:27:25 - [TEST_STEP][PASSED] - click(findTestObject("Form_Selection_Creation/mainMenu_AdminTools_FormDesigner")): Object: 'Object Repository/Form_Selection_Creation/mainMenu_AdminTools_FormDesigner' is clicked on

2019-01-30 12:27:25 - [MESSAGE][PASSED] - Object: 'Object Repository/Form_Selection_Creation/mainMenu_AdminTools_FormDesigner' is clicked on

2019-01-30 12:27:25 - [TEST_STEP][PASSED] - click(findTestObject("Form_Selection_Creation/selectCheckForm")): Object: 'Object Repository/Form_Selection_Creation/selectCheckForm' is clicked on

2019-01-30 12:27:25 - [MESSAGE][PASSED] - Object: 'Object Repository/Form_Selection_Creation/selectCheckForm' is clicked on

2019-01-30 12:27:25 - [TEST_STEP][PASSED] - Thread.sleep(5000): null

2019-01-30 12:27:30 - [TEST_STEP][PASSED] - AdminTool_Location.moveCursor(): AdminTool_Location.moveCursor is PASSED

2019-01-30 12:27:30 - [MESSAGE][PASSED] - AdminTool_Location.moveCursor is PASSED

2019-01-30 12:27:30 - [TEST_STEP][PASSED] - Thread.sleep(2000): null

2019-01-30 12:27:32 - [TEST_STEP][PASSED] - AdminTool_Location.selectResType(): AdminTool_Location.selectResType is PASSED

2019-01-30 12:27:42 - [MESSAGE][PASSED] - AdminTool_Location.selectResType is PASSED

2019-01-30 12:27:42 - [TEST_STEP][PASSED] - AdminTool_Location.dragDropRes(): Element has been clicked

2019-01-30 12:27:47 - [MESSAGE][PASSED] - Element has been clicked

2019-01-30 12:27:47 - [TEST_STEP][PASSED] - Thread.sleep(5000): null

2019-01-30 12:27:52 - [TEST_STEP][NOT_RUN] - dragAndDropToObject(findTestObject("null"), findTestObject("Form_Selection_Creation/Target_Res_Object")): NOT_RUN: dragAndDropToObject(findTestObject("null"), findTestObject("Form_Selection_Creation/Target_Res_Object"))

2019-01-30 12:27:52 - [MESSAGE][NOT_RUN] - NOT_RUN: dragAndDropToObject(findTestObject("null"), findTestObject("Form_Selection_Creation/Target_Res_Object"))

2019-01-30 12:27:52 - [TEST_STEP][PASSED] - AdminTool_Location.validate(): AdminTool_Location.validate is PASSED

2019-01-30 12:27:52 - [MESSAGE][PASSED] - AdminTool_Location.validate is PASSED

2019-01-30 12:27:52 - [TEST_STEP][PASSED] - s = getText(findTestObject("TestResource/testText")): Text of object 'Object Repository/TestResource/testText' is: 'Suppliers > Supplier_30/01/19-12:24 > SubSupplier2_30/01/19-12:24'

2019-01-30 12:27:52 - [MESSAGE][PASSED] - Text of object 'Object Repository/TestResource/testText' is: 'Suppliers > Supplier_30/01/19-12:24 > SubSupplier2_30/01/19-12:24'

2019-01-30 12:27:52 - [TEST_STEP][PASSED] - println(s): null]]></system-out>
         <system-err><![CDATA[]]></system-err>
      </testcase>
      <system-out><![CDATA[2019-01-30 12:11:35 - [TEST_SUITE][PASSED] - CheckAllResources: Test Cases/CheckResoucesAsPerLocation/validateResource]]></system-out>
      <system-err><![CDATA[]]></system-err>
   </testsuite>
</testsuites>
