<?xml version="1.0" encoding="UTF-8"?>
<testsuites name="CheckAllResources" time="895" tests="9" failures="0" errors="0">
   <testsuite name="CheckAllResources" tests="9" failures="0" errors="0" time="895" timestamp="2019-01-29 18:37:38" hostname="pashine_a - Abhishek-Pashine.India.XoriantCorp.com" id="Test Suites/CheckAllResources">
      <properties>
         <property name="deviceName" value=""/>
         <property name="devicePlatform" value=""/>
         <property name="logFolder" value="D:\\Git Data\\SafetyChain-Test-Automation-Katalon\\Reports\\CheckAllResources\\20190129_182135"/>
         <property name="logFiles" value="D:\\Git Data\\SafetyChain-Test-Automation-Katalon\\Reports\\CheckAllResources\\20190129_182135\\execution0.log"/>
         <property name="attachments" value=""/>
         <property name="hostName" value="pashine_a - Abhishek-Pashine.India.XoriantCorp.com"/>
         <property name="os" value="Windows 7 64bit"/>
         <property name="katalonVersion" value="5.10.1.1"/>
         <property name="browser" value="Chrome 71.0.3578.98"/>
         <property name="hostAddress" value="10.21.7.147"/>
         <property name="sessionId" value="a276a960c5e8bc81e355ebc376e39360"/>
         <property name="seleniumVersion" value="3.7.1"/>
         <property name="proxyInformation" value="ProxyInformation{proxyOption=NO_PROXY, proxyServerType=HTTP, password=, proxyServerAddress=, proxyServerPort=0}"/>
         <property name="platform" value="Windows 7"/>
      </properties>
      <testcase name="Test Cases/CheckResoucesAsPerLocation/checkLocation" classname="Test Cases/CheckResoucesAsPerLocation/checkLocation" status="PASSED">
         <system-out><![CDATA[2019-01-29 18:37:39 - [TEST_CASE][PASSED] - Test Cases/CheckResoucesAsPerLocation/checkLocation: Test Cases/CheckResoucesAsPerLocation/checkLocation

2019-01-29 18:37:39 - [TEST_STEP][PASSED] - openBrowser(URL): Browser is opened with url: 'https://test1.safetychain.com'

2019-01-29 18:37:40 - [MESSAGE][INFO] - Starting 'Chrome' driver

2019-01-29 18:37:40 - [MESSAGE][INFO] - Action delay is set to 0 seconds

2019-01-29 18:37:58 - [MESSAGE][PASSED] - Browser is opened with url: 'https://test1.safetychain.com'

2019-01-29 18:37:58 - [TEST_STEP][PASSED] - maximizeWindow(): Current window maximized

2019-01-29 18:37:59 - [MESSAGE][PASSED] - Current window maximized

2019-01-29 18:37:59 - [TEST_STEP][PASSED] - setText(findTestObject("TestUserLocation/login_Username"), UserName): Text 'tester' is set on object 'Object Repository/TestUserLocation/login_Username'

2019-01-29 18:38:03 - [MESSAGE][PASSED] - Text 'tester' is set on object 'Object Repository/TestUserLocation/login_Username'

2019-01-29 18:38:03 - [TEST_STEP][PASSED] - setText(findTestObject("TestUserLocation/login_Password"), Password): Text 'TestLi^e' is set on object 'Object Repository/TestUserLocation/login_Password'

2019-01-29 18:38:03 - [MESSAGE][PASSED] - Text 'TestLi^e' is set on object 'Object Repository/TestUserLocation/login_Password'

2019-01-29 18:38:03 - [TEST_STEP][PASSED] - AdminTool_Location.setLocationName(): AdminTool_Location.setLocationName is PASSED

2019-01-29 18:38:09 - [MESSAGE][PASSED] - AdminTool_Location.setLocationName is PASSED

2019-01-29 18:38:09 - [TEST_STEP][PASSED] - click(findTestObject("TestUserLocation/login_Button")): Object: 'Object Repository/TestUserLocation/login_Button' is clicked on

2019-01-29 18:38:10 - [MESSAGE][PASSED] - Object: 'Object Repository/TestUserLocation/login_Button' is clicked on

2019-01-29 18:38:10 - [TEST_STEP][PASSED] - Thread.sleep(4000): null

2019-01-29 18:38:14 - [TEST_STEP][PASSED] - AdminTool_Location.setLocationNameInLocation(): AdminTool_Location.setLocationNameInLocation is PASSED

2019-01-29 18:38:18 - [MESSAGE][PASSED] - AdminTool_Location.setLocationNameInLocation is PASSED

2019-01-29 18:38:18 - [TEST_STEP][PASSED] - click(findTestObject("TestUserLocation/mainmenu_button")): Object: 'Object Repository/TestUserLocation/mainmenu_button' is clicked on

2019-01-29 18:38:18 - [MESSAGE][PASSED] - Object: 'Object Repository/TestUserLocation/mainmenu_button' is clicked on

2019-01-29 18:38:18 - [TEST_STEP][PASSED] - Thread.sleep(2000): null

2019-01-29 18:38:20 - [TEST_STEP][PASSED] - click(findTestObject("TestUserLocation/adminTool")): Object: 'Object Repository/TestUserLocation/adminTool' is clicked on

2019-01-29 18:38:20 - [MESSAGE][PASSED] - Object: 'Object Repository/TestUserLocation/adminTool' is clicked on

2019-01-29 18:38:20 - [TEST_STEP][PASSED] - Thread.sleep(2000): null

2019-01-29 18:38:22 - [TEST_STEP][PASSED] - click(findTestObject("TestUserLocation/mainMenuResourceDesigner")): Object: 'Object Repository/TestUserLocation/mainMenuResourceDesigner' is clicked on

2019-01-29 18:38:23 - [MESSAGE][PASSED] - Object: 'Object Repository/TestUserLocation/mainMenuResourceDesigner' is clicked on

2019-01-29 18:38:23 - [TEST_STEP][PASSED] - Thread.sleep(4000): null

2019-01-29 18:38:27 - [TEST_STEP][PASSED] - click(findTestObject("TestUserLocation/locations")): Object: 'Object Repository/TestUserLocation/locations' is clicked on

2019-01-29 18:38:27 - [MESSAGE][PASSED] - Object: 'Object Repository/TestUserLocation/locations' is clicked on

2019-01-29 18:38:27 - [TEST_STEP][PASSED] - Thread.sleep(4000): null

2019-01-29 18:38:31 - [TEST_STEP][NOT_RUN] - refresh(): NOT_RUN: refresh()

2019-01-29 18:38:31 - [MESSAGE][NOT_RUN] - NOT_RUN: refresh()

2019-01-29 18:38:31 - [TEST_STEP][NOT_RUN] - Thread.sleep(4000): NOT_RUN: Thread.sleep(4000)

2019-01-29 18:38:31 - [MESSAGE][NOT_RUN] - NOT_RUN: Thread.sleep(4000)

2019-01-29 18:38:31 - [TEST_STEP][PASSED] - click(findTestObject("TestUserLocation/categories")): Object: 'Object Repository/TestUserLocation/categories' is clicked on

2019-01-29 18:38:31 - [MESSAGE][PASSED] - Object: 'Object Repository/TestUserLocation/categories' is clicked on

2019-01-29 18:38:31 - [TEST_STEP][PASSED] - Thread.sleep(2000): null

2019-01-29 18:38:33 - [TEST_STEP][PASSED] - click(findTestObject("TestUserLocation/defaultArea")): Object: 'Object Repository/TestUserLocation/defaultArea' is clicked on

2019-01-29 18:38:33 - [MESSAGE][PASSED] - Object: 'Object Repository/TestUserLocation/defaultArea' is clicked on

2019-01-29 18:38:33 - [TEST_STEP][PASSED] - click(findTestObject("TestUserLocation/hoverHeading")): Object: 'Object Repository/TestUserLocation/hoverHeading' is clicked on

2019-01-29 18:38:33 - [MESSAGE][PASSED] - Object: 'Object Repository/TestUserLocation/hoverHeading' is clicked on

2019-01-29 18:38:33 - [TEST_STEP][PASSED] - click(findTestObject("TestUserLocation/addPlusIcon")): Object: 'Object Repository/TestUserLocation/addPlusIcon' is clicked on

2019-01-29 18:38:33 - [MESSAGE][PASSED] - Object: 'Object Repository/TestUserLocation/addPlusIcon' is clicked on

2019-01-29 18:38:33 - [TEST_STEP][PASSED] - setText(findTestObject("TestUserLocation/setNewName"), findTestData("LocationData").getValue("LocationName", 1)): Text 'Location_29/01/19-18:38' is set on object 'Object Repository/TestUserLocation/setNewName'

2019-01-29 18:38:34 - [MESSAGE][PASSED] - Text 'Location_29/01/19-18:38' is set on object 'Object Repository/TestUserLocation/setNewName'

2019-01-29 18:38:34 - [TEST_STEP][PASSED] - Thread.sleep(2000): null

2019-01-29 18:38:36 - [TEST_STEP][PASSED] - click(findTestObject("TestUserLocation/saveButton")): Object: 'Object Repository/TestUserLocation/saveButton' is clicked on

2019-01-29 18:38:36 - [MESSAGE][PASSED] - Object: 'Object Repository/TestUserLocation/saveButton' is clicked on

2019-01-29 18:38:36 - [TEST_STEP][PASSED] - Thread.sleep(4000): null

2019-01-29 18:38:40 - [TEST_STEP][PASSED] - AdminTool_Location.moveCursor(): AdminTool_Location.moveCursor is PASSED

2019-01-29 18:38:40 - [MESSAGE][PASSED] - AdminTool_Location.moveCursor is PASSED

2019-01-29 18:38:40 - [TEST_STEP][PASSED] - Thread.sleep(2000): null

2019-01-29 18:38:42 - [TEST_STEP][PASSED] - click(findTestObject("TestUserLocation/mainmenu_button")): Object: 'Object Repository/TestUserLocation/mainmenu_button' is clicked on

2019-01-29 18:38:42 - [MESSAGE][PASSED] - Object: 'Object Repository/TestUserLocation/mainmenu_button' is clicked on

2019-01-29 18:38:42 - [TEST_STEP][PASSED] - click(findTestObject("TestUserLocation/mainMenuLocation")): Object: 'Object Repository/TestUserLocation/mainMenuLocation' is clicked on

2019-01-29 18:38:42 - [MESSAGE][PASSED] - Object: 'Object Repository/TestUserLocation/mainMenuLocation' is clicked on

2019-01-29 18:38:42 - [TEST_STEP][PASSED] - Thread.sleep(4000): null

2019-01-29 18:38:46 - [TEST_STEP][PASSED] - AdminTool_Location.selectLocation(): Element has been clicked

2019-01-29 18:38:50 - [MESSAGE][PASSED] - Element has been clicked

2019-01-29 18:38:50 - [TEST_STEP][PASSED] - click(findTestObject("TestUserLocation/addPlusIcon")): Object: 'Object Repository/TestUserLocation/addPlusIcon' is clicked on

2019-01-29 18:38:51 - [MESSAGE][PASSED] - Object: 'Object Repository/TestUserLocation/addPlusIcon' is clicked on

2019-01-29 18:38:51 - [TEST_STEP][PASSED] - Thread.sleep(2000): null

2019-01-29 18:38:53 - [TEST_STEP][PASSED] - setText(findTestObject("TestUserLocation/setNewName"), findTestData("LocationData").getValue("SubLocationName", 1)): Text 'SubLocation1_29/01/19-18:38' is set on object 'Object Repository/TestUserLocation/setNewName'

2019-01-29 18:38:53 - [MESSAGE][PASSED] - Text 'SubLocation1_29/01/19-18:38' is set on object 'Object Repository/TestUserLocation/setNewName'

2019-01-29 18:38:53 - [TEST_STEP][PASSED] - Thread.sleep(2000): null

2019-01-29 18:38:55 - [TEST_STEP][PASSED] - click(findTestObject("TestUserLocation/saveLocationDetailButton")): Object: 'Object Repository/TestUserLocation/saveLocationDetailButton' is clicked on

2019-01-29 18:38:56 - [MESSAGE][PASSED] - Object: 'Object Repository/TestUserLocation/saveLocationDetailButton' is clicked on

2019-01-29 18:38:56 - [TEST_STEP][PASSED] - Thread.sleep(4000): null

2019-01-29 18:39:00 - [TEST_STEP][PASSED] - click(findTestObject("TestUserLocation/customerSelect")): Object: 'Object Repository/TestUserLocation/customerSelect' is clicked on

2019-01-29 18:39:00 - [MESSAGE][PASSED] - Object: 'Object Repository/TestUserLocation/customerSelect' is clicked on

2019-01-29 18:39:00 - [TEST_STEP][PASSED] - Thread.sleep(4000): null

2019-01-29 18:39:04 - [TEST_STEP][PASSED] - check(findTestObject("TestUserLocation/select4ResouceInCustomer")): Object 'Object Repository/TestUserLocation/select4ResouceInCustomer' is checked

2019-01-29 18:39:04 - [MESSAGE][PASSED] - Object 'Object Repository/TestUserLocation/select4ResouceInCustomer' is checked

2019-01-29 18:39:04 - [TEST_STEP][PASSED] - Thread.sleep(2000): null

2019-01-29 18:39:06 - [TEST_STEP][PASSED] - click(findTestObject("TestUserLocation/saveLocationDetailButton")): Object: 'Object Repository/TestUserLocation/saveLocationDetailButton' is clicked on

2019-01-29 18:39:06 - [MESSAGE][PASSED] - Object: 'Object Repository/TestUserLocation/saveLocationDetailButton' is clicked on]]></system-out>
         <system-err><![CDATA[]]></system-err>
      </testcase>
      <testcase name="Test Cases/CheckResoucesAsPerLocation/checkResource_Customer" classname="Test Cases/CheckResoucesAsPerLocation/checkResource_Customer" status="PASSED">
         <system-out><![CDATA[2019-01-29 18:39:06 - [TEST_CASE][PASSED] - Test Cases/CheckResoucesAsPerLocation/checkResource_Customer: Test Cases/CheckResoucesAsPerLocation/checkResource_Customer

2019-01-29 18:39:07 - [TEST_STEP][NOT_RUN] - openBrowser(URL): NOT_RUN: openBrowser(URL)

2019-01-29 18:39:07 - [MESSAGE][NOT_RUN] - NOT_RUN: openBrowser(URL)

2019-01-29 18:39:07 - [TEST_STEP][NOT_RUN] - maximizeWindow(): NOT_RUN: maximizeWindow()

2019-01-29 18:39:07 - [MESSAGE][NOT_RUN] - NOT_RUN: maximizeWindow()

2019-01-29 18:39:07 - [TEST_STEP][NOT_RUN] - setText(findTestObject("TestUserLocation/login_Username"), UserName1): NOT_RUN: setText(findTestObject("TestUserLocation/login_Username"), UserName1)

2019-01-29 18:39:07 - [MESSAGE][NOT_RUN] - NOT_RUN: setText(findTestObject("TestUserLocation/login_Username"), UserName1)

2019-01-29 18:39:07 - [TEST_STEP][NOT_RUN] - setText(findTestObject("TestUserLocation/login_Password"), Password1): NOT_RUN: setText(findTestObject("TestUserLocation/login_Password"), Password1)

2019-01-29 18:39:07 - [MESSAGE][NOT_RUN] - NOT_RUN: setText(findTestObject("TestUserLocation/login_Password"), Password1)

2019-01-29 18:39:07 - [TEST_STEP][PASSED] - AdminTool_Location.setCustomerName(): AdminTool_Location.setCustomerName is PASSED

2019-01-29 18:39:07 - [MESSAGE][PASSED] - AdminTool_Location.setCustomerName is PASSED

2019-01-29 18:39:07 - [TEST_STEP][NOT_RUN] - click(findTestObject("TestUserLocation/login_Button")): NOT_RUN: click(findTestObject("TestUserLocation/login_Button"))

2019-01-29 18:39:07 - [MESSAGE][NOT_RUN] - NOT_RUN: click(findTestObject("TestUserLocation/login_Button"))

2019-01-29 18:39:07 - [TEST_STEP][PASSED] - Thread.sleep(4000): null

2019-01-29 18:39:11 - [TEST_STEP][PASSED] - click(findTestObject("TestUserLocation/mainmenu_button")): Object: 'Object Repository/TestUserLocation/mainmenu_button' is clicked on

2019-01-29 18:39:11 - [MESSAGE][PASSED] - Object: 'Object Repository/TestUserLocation/mainmenu_button' is clicked on

2019-01-29 18:39:11 - [TEST_STEP][PASSED] - Thread.sleep(2000): null

2019-01-29 18:39:13 - [TEST_STEP][NOT_RUN] - click(findTestObject("TestUserLocation/adminTool")): NOT_RUN: click(findTestObject("TestUserLocation/adminTool"))

2019-01-29 18:39:13 - [MESSAGE][NOT_RUN] - NOT_RUN: click(findTestObject("TestUserLocation/adminTool"))

2019-01-29 18:39:13 - [TEST_STEP][PASSED] - click(findTestObject("TestUserLocation/mainMenuResourceDesigner")): Object: 'Object Repository/TestUserLocation/mainMenuResourceDesigner' is clicked on

2019-01-29 18:39:13 - [MESSAGE][PASSED] - Object: 'Object Repository/TestUserLocation/mainMenuResourceDesigner' is clicked on

2019-01-29 18:39:13 - [TEST_STEP][NOT_RUN] - Thread.sleep(2000): NOT_RUN: Thread.sleep(2000)

2019-01-29 18:39:13 - [MESSAGE][NOT_RUN] - NOT_RUN: Thread.sleep(2000)

2019-01-29 18:39:13 - [TEST_STEP][NOT_RUN] - click(findTestObject("TestUserLocation/yesDelete")): NOT_RUN: click(findTestObject("TestUserLocation/yesDelete"))

2019-01-29 18:39:13 - [MESSAGE][NOT_RUN] - NOT_RUN: click(findTestObject("TestUserLocation/yesDelete"))

2019-01-29 18:39:13 - [TEST_STEP][PASSED] - Thread.sleep(4000): null

2019-01-29 18:39:17 - [TEST_STEP][PASSED] - click(findTestObject("TestResource/customers")): Object: 'Object Repository/TestResource/customers' is clicked on

2019-01-29 18:39:17 - [MESSAGE][PASSED] - Object: 'Object Repository/TestResource/customers' is clicked on

2019-01-29 18:39:17 - [TEST_STEP][PASSED] - Thread.sleep(4000): null

2019-01-29 18:39:21 - [TEST_STEP][PASSED] - waitForElementClickable(findTestObject("TestUserLocation/categories"), 45): Object 'Object Repository/TestUserLocation/categories' is clickable

2019-01-29 18:39:21 - [MESSAGE][PASSED] - Object 'Object Repository/TestUserLocation/categories' is clickable

2019-01-29 18:39:21 - [TEST_STEP][PASSED] - click(findTestObject("TestUserLocation/categories")): Object: 'Object Repository/TestUserLocation/categories' is clicked on

2019-01-29 18:39:21 - [MESSAGE][PASSED] - Object: 'Object Repository/TestUserLocation/categories' is clicked on

2019-01-29 18:39:21 - [TEST_STEP][PASSED] - Thread.sleep(2000): null

2019-01-29 18:39:23 - [TEST_STEP][PASSED] - click(findTestObject("TestUserLocation/defaultArea")): Object: 'Object Repository/TestUserLocation/defaultArea' is clicked on

2019-01-29 18:39:23 - [MESSAGE][PASSED] - Object: 'Object Repository/TestUserLocation/defaultArea' is clicked on

2019-01-29 18:39:23 - [TEST_STEP][PASSED] - Thread.sleep(2000): null

2019-01-29 18:39:25 - [TEST_STEP][PASSED] - waitForElementClickable(findTestObject("TestUserLocation/hoverHeading"), 45): Object 'Object Repository/TestUserLocation/hoverHeading' is clickable

2019-01-29 18:39:25 - [MESSAGE][PASSED] - Object 'Object Repository/TestUserLocation/hoverHeading' is clickable

2019-01-29 18:39:25 - [TEST_STEP][PASSED] - click(findTestObject("TestUserLocation/hoverHeading")): Object: 'Object Repository/TestUserLocation/hoverHeading' is clicked on

2019-01-29 18:39:26 - [MESSAGE][PASSED] - Object: 'Object Repository/TestUserLocation/hoverHeading' is clicked on

2019-01-29 18:39:26 - [TEST_STEP][PASSED] - click(findTestObject("TestUserLocation/addPlusIcon")): Object: 'Object Repository/TestUserLocation/addPlusIcon' is clicked on

2019-01-29 18:39:26 - [MESSAGE][PASSED] - Object: 'Object Repository/TestUserLocation/addPlusIcon' is clicked on

2019-01-29 18:39:26 - [TEST_STEP][PASSED] - setText(findTestObject("TestUserLocation/setNewName"), findTestData("LocationData").getValue("CustomerName", 1)): Text 'Customer_29/01/19-18:39' is set on object 'Object Repository/TestUserLocation/setNewName'

2019-01-29 18:39:26 - [MESSAGE][PASSED] - Text 'Customer_29/01/19-18:39' is set on object 'Object Repository/TestUserLocation/setNewName'

2019-01-29 18:39:26 - [TEST_STEP][PASSED] - Thread.sleep(2000): null

2019-01-29 18:39:28 - [TEST_STEP][PASSED] - click(findTestObject("TestUserLocation/saveButton")): Object: 'Object Repository/TestUserLocation/saveButton' is clicked on

2019-01-29 18:39:28 - [MESSAGE][PASSED] - Object: 'Object Repository/TestUserLocation/saveButton' is clicked on

2019-01-29 18:39:28 - [TEST_STEP][PASSED] - Thread.sleep(4000): null

2019-01-29 18:39:32 - [TEST_STEP][PASSED] - Thread.sleep(4000): null

2019-01-29 18:39:36 - [TEST_STEP][PASSED] - click(findTestObject("TestUserLocation/mainmenu_button")): Object: 'Object Repository/TestUserLocation/mainmenu_button' is clicked on

2019-01-29 18:39:36 - [MESSAGE][PASSED] - Object: 'Object Repository/TestUserLocation/mainmenu_button' is clicked on

2019-01-29 18:39:36 - [TEST_STEP][PASSED] - Thread.sleep(2000): null

2019-01-29 18:39:38 - [TEST_STEP][PASSED] - click(findTestObject("TestResource/mainMenu_resources")): Object: 'Object Repository/TestResource/mainMenu_resources' is clicked on

2019-01-29 18:39:39 - [MESSAGE][PASSED] - Object: 'Object Repository/TestResource/mainMenu_resources' is clicked on

2019-01-29 18:39:39 - [TEST_STEP][PASSED] - Thread.sleep(4000): null

2019-01-29 18:39:43 - [TEST_STEP][PASSED] - click(findTestObject("TestResource/customers")): Object: 'Object Repository/TestResource/customers' is clicked on

2019-01-29 18:39:43 - [MESSAGE][PASSED] - Object: 'Object Repository/TestResource/customers' is clicked on

2019-01-29 18:39:43 - [TEST_STEP][PASSED] - Thread.sleep(4000): null

2019-01-29 18:39:47 - [TEST_STEP][PASSED] - AdminTool_Location.selectCustomer(): Element has been clicked

2019-01-29 18:39:51 - [MESSAGE][PASSED] - Element has been clicked

2019-01-29 18:39:51 - [TEST_STEP][PASSED] - Thread.sleep(4000): null

2019-01-29 18:39:55 - [TEST_STEP][PASSED] - waitForElementClickable(findTestObject("TestUserLocation/addPlusIcon"), 45): Object 'Object Repository/TestUserLocation/addPlusIcon' is clickable

2019-01-29 18:39:55 - [MESSAGE][PASSED] - Object 'Object Repository/TestUserLocation/addPlusIcon' is clickable

2019-01-29 18:39:55 - [TEST_STEP][PASSED] - click(findTestObject("TestUserLocation/addPlusIcon")): Object: 'Object Repository/TestUserLocation/addPlusIcon' is clicked on

2019-01-29 18:39:55 - [MESSAGE][PASSED] - Object: 'Object Repository/TestUserLocation/addPlusIcon' is clicked on

2019-01-29 18:39:55 - [TEST_STEP][PASSED] - Thread.sleep(2000): null

2019-01-29 18:39:57 - [TEST_STEP][PASSED] - setText(findTestObject("TestUserLocation/setNewName"), findTestData("LocationData").getValue("SubCustomerName1", 1)): Text 'SubCustomer1_29/01/19-18:39' is set on object 'Object Repository/TestUserLocation/setNewName'

2019-01-29 18:39:58 - [MESSAGE][PASSED] - Text 'SubCustomer1_29/01/19-18:39' is set on object 'Object Repository/TestUserLocation/setNewName'

2019-01-29 18:39:58 - [TEST_STEP][PASSED] - Thread.sleep(2000): null

2019-01-29 18:40:00 - [TEST_STEP][PASSED] - Submission.createResource(): Submission.createResource is PASSED

2019-01-29 18:40:04 - [MESSAGE][PASSED] - Submission.createResource is PASSED

2019-01-29 18:40:04 - [TEST_STEP][NOT_RUN] - setText(findTestObject("TestResource/setPhoneNumber"), "912378456"): NOT_RUN: setText(findTestObject("TestResource/setPhoneNumber"), "912378456")

2019-01-29 18:40:04 - [MESSAGE][NOT_RUN] - NOT_RUN: setText(findTestObject("TestResource/setPhoneNumber"), "912378456")

2019-01-29 18:40:04 - [TEST_STEP][PASSED] - Thread.sleep(2000): null

2019-01-29 18:40:06 - [TEST_STEP][PASSED] - click(findTestObject("TestResource/saveDetailButton")): Object: 'Object Repository/TestResource/saveDetailButton' is clicked on

2019-01-29 18:40:06 - [MESSAGE][PASSED] - Object: 'Object Repository/TestResource/saveDetailButton' is clicked on

2019-01-29 18:40:06 - [TEST_STEP][PASSED] - Thread.sleep(7000): null

2019-01-29 18:40:13 - [TEST_STEP][PASSED] - click(findTestObject("TestResource/disableResource")): Object: 'Object Repository/TestResource/disableResource' is clicked on

2019-01-29 18:40:13 - [MESSAGE][PASSED] - Object: 'Object Repository/TestResource/disableResource' is clicked on

2019-01-29 18:40:13 - [TEST_STEP][PASSED] - Thread.sleep(2000): null

2019-01-29 18:40:15 - [TEST_STEP][PASSED] - click(findTestObject("TestResource/button2Yes")): Object: 'Object Repository/TestResource/button2Yes' is clicked on

2019-01-29 18:40:15 - [MESSAGE][PASSED] - Object: 'Object Repository/TestResource/button2Yes' is clicked on

2019-01-29 18:40:15 - [TEST_STEP][PASSED] - Thread.sleep(2000): null

2019-01-29 18:40:17 - [TEST_STEP][PASSED] - click(findTestObject("TestResource/saveDetailButton")): Object: 'Object Repository/TestResource/saveDetailButton' is clicked on

2019-01-29 18:40:18 - [MESSAGE][PASSED] - Object: 'Object Repository/TestResource/saveDetailButton' is clicked on

2019-01-29 18:40:18 - [TEST_STEP][PASSED] - Thread.sleep(7000): null

2019-01-29 18:40:25 - [TEST_STEP][PASSED] - click(findTestObject("TestResource/linksTab")): Object: 'Object Repository/TestResource/linksTab' is clicked on

2019-01-29 18:40:25 - [MESSAGE][PASSED] - Object: 'Object Repository/TestResource/linksTab' is clicked on

2019-01-29 18:40:25 - [TEST_STEP][PASSED] - Thread.sleep(2000): null

2019-01-29 18:40:27 - [TEST_STEP][PASSED] - click(findTestObject("TestResource/addLink")): Object: 'Object Repository/TestResource/addLink' is clicked on

2019-01-29 18:40:27 - [MESSAGE][PASSED] - Object: 'Object Repository/TestResource/addLink' is clicked on

2019-01-29 18:40:27 - [TEST_STEP][PASSED] - Thread.sleep(5000): null

2019-01-29 18:40:32 - [TEST_STEP][PASSED] - check(findTestObject("TestResource/selectSecondResourceToLink")): Object 'Object Repository/TestResource/selectSecondResourceToLink' is checked

2019-01-29 18:40:32 - [MESSAGE][PASSED] - Object 'Object Repository/TestResource/selectSecondResourceToLink' is checked

2019-01-29 18:40:32 - [TEST_STEP][PASSED] - AdminTool_Location.resourceLinkName(): AdminTool_Location.resourceLinkName is PASSED

2019-01-29 18:40:32 - [MESSAGE][PASSED] - AdminTool_Location.resourceLinkName is PASSED

2019-01-29 18:40:32 - [TEST_STEP][PASSED] - Thread.sleep(2000): null

2019-01-29 18:40:34 - [TEST_STEP][PASSED] - click(findTestObject("TestResource/button2Save")): Object: 'Object Repository/TestResource/button2Save' is clicked on

2019-01-29 18:40:34 - [MESSAGE][PASSED] - Object: 'Object Repository/TestResource/button2Save' is clicked on

2019-01-29 18:40:34 - [TEST_STEP][PASSED] - Thread.sleep(4000): null

2019-01-29 18:40:38 - [TEST_STEP][PASSED] - click(findTestObject("TestResource/locationTab")): Object: 'Object Repository/TestResource/locationTab' is clicked on

2019-01-29 18:40:39 - [MESSAGE][PASSED] - Object: 'Object Repository/TestResource/locationTab' is clicked on

2019-01-29 18:40:39 - [TEST_STEP][PASSED] - Thread.sleep(5000): null

2019-01-29 18:40:44 - [TEST_STEP][PASSED] - AdminTool_Location.checkLocation(): AdminTool_Location.checkLocation is PASSED

2019-01-29 18:40:46 - [MESSAGE][PASSED] - AdminTool_Location.checkLocation is PASSED

2019-01-29 18:40:46 - [TEST_STEP][PASSED] - Thread.sleep(4000): null

2019-01-29 18:40:50 - [TEST_STEP][PASSED] - click(findTestObject("TestResource/saveLocation")): Object: 'Object Repository/TestResource/saveLocation' is clicked on

2019-01-29 18:40:50 - [MESSAGE][PASSED] - Object: 'Object Repository/TestResource/saveLocation' is clicked on

2019-01-29 18:40:50 - [TEST_STEP][PASSED] - click(findTestObject("TestUserLocation/mainmenu_button")): Object: 'Object Repository/TestUserLocation/mainmenu_button' is clicked on

2019-01-29 18:40:56 - [MESSAGE][PASSED] - Object: 'Object Repository/TestUserLocation/mainmenu_button' is clicked on

2019-01-29 18:40:56 - [TEST_STEP][PASSED] - Thread.sleep(2000): null

2019-01-29 18:40:58 - [TEST_STEP][PASSED] - click(findTestObject("TestResource/mainMenu_resources")): Object: 'Object Repository/TestResource/mainMenu_resources' is clicked on

2019-01-29 18:40:58 - [MESSAGE][PASSED] - Object: 'Object Repository/TestResource/mainMenu_resources' is clicked on

2019-01-29 18:40:58 - [TEST_STEP][PASSED] - Thread.sleep(4000): null

2019-01-29 18:41:02 - [TEST_STEP][PASSED] - click(findTestObject("TestResource/customers")): Object: 'Object Repository/TestResource/customers' is clicked on

2019-01-29 18:41:02 - [MESSAGE][PASSED] - Object: 'Object Repository/TestResource/customers' is clicked on

2019-01-29 18:41:02 - [TEST_STEP][PASSED] - Thread.sleep(4000): null

2019-01-29 18:41:06 - [TEST_STEP][PASSED] - AdminTool_Location.selectCustomer(): Element has been clicked

2019-01-29 18:41:10 - [MESSAGE][PASSED] - Element has been clicked

2019-01-29 18:41:10 - [TEST_STEP][PASSED] - Thread.sleep(4000): null

2019-01-29 18:41:14 - [TEST_STEP][PASSED] - waitForElementClickable(findTestObject("TestUserLocation/addPlusIcon"), 45): Object 'Object Repository/TestUserLocation/addPlusIcon' is clickable

2019-01-29 18:41:14 - [MESSAGE][PASSED] - Object 'Object Repository/TestUserLocation/addPlusIcon' is clickable

2019-01-29 18:41:14 - [TEST_STEP][PASSED] - click(findTestObject("TestUserLocation/addPlusIcon")): Object: 'Object Repository/TestUserLocation/addPlusIcon' is clicked on

2019-01-29 18:41:14 - [MESSAGE][PASSED] - Object: 'Object Repository/TestUserLocation/addPlusIcon' is clicked on

2019-01-29 18:41:14 - [TEST_STEP][PASSED] - Thread.sleep(2000): null

2019-01-29 18:41:16 - [TEST_STEP][PASSED] - setText(findTestObject("TestUserLocation/setNewName"), findTestData("LocationData").getValue("SubCustomerName2", 1)): Text 'SubCustomer2_29/01/19-18:39' is set on object 'Object Repository/TestUserLocation/setNewName'

2019-01-29 18:41:17 - [MESSAGE][PASSED] - Text 'SubCustomer2_29/01/19-18:39' is set on object 'Object Repository/TestUserLocation/setNewName'

2019-01-29 18:41:17 - [TEST_STEP][PASSED] - Thread.sleep(2000): null

2019-01-29 18:41:19 - [TEST_STEP][PASSED] - Submission.createResource(): Submission.createResource is PASSED

2019-01-29 18:41:23 - [MESSAGE][PASSED] - Submission.createResource is PASSED

2019-01-29 18:41:23 - [TEST_STEP][NOT_RUN] - setText(findTestObject("TestResource/setPhoneNumber"), "912378456"): NOT_RUN: setText(findTestObject("TestResource/setPhoneNumber"), "912378456")

2019-01-29 18:41:23 - [MESSAGE][NOT_RUN] - NOT_RUN: setText(findTestObject("TestResource/setPhoneNumber"), "912378456")

2019-01-29 18:41:23 - [TEST_STEP][PASSED] - Thread.sleep(2000): null

2019-01-29 18:41:25 - [TEST_STEP][PASSED] - click(findTestObject("TestResource/saveDetailButton")): Object: 'Object Repository/TestResource/saveDetailButton' is clicked on

2019-01-29 18:41:25 - [MESSAGE][PASSED] - Object: 'Object Repository/TestResource/saveDetailButton' is clicked on

2019-01-29 18:41:25 - [TEST_STEP][PASSED] - AdminTool_Location.moveCursor(): AdminTool_Location.moveCursor is PASSED

2019-01-29 18:41:25 - [MESSAGE][PASSED] - AdminTool_Location.moveCursor is PASSED

2019-01-29 18:41:25 - [TEST_STEP][PASSED] - Thread.sleep(2000): null

2019-01-29 18:41:27 - [TEST_STEP][PASSED] - Thread.sleep(7000): null

2019-01-29 18:41:34 - [TEST_STEP][PASSED] - click(findTestObject("TestResource/linksTab")): Object: 'Object Repository/TestResource/linksTab' is clicked on

2019-01-29 18:41:35 - [MESSAGE][PASSED] - Object: 'Object Repository/TestResource/linksTab' is clicked on

2019-01-29 18:41:35 - [TEST_STEP][PASSED] - Thread.sleep(2000): null

2019-01-29 18:41:37 - [TEST_STEP][PASSED] - click(findTestObject("TestResource/addLink")): Object: 'Object Repository/TestResource/addLink' is clicked on

2019-01-29 18:41:37 - [MESSAGE][PASSED] - Object: 'Object Repository/TestResource/addLink' is clicked on

2019-01-29 18:41:37 - [TEST_STEP][PASSED] - Thread.sleep(5000): null

2019-01-29 18:41:42 - [TEST_STEP][PASSED] - check(findTestObject("TestResource/selectSecondResourceToLink")): Object 'Object Repository/TestResource/selectSecondResourceToLink' is checked

2019-01-29 18:41:48 - [MESSAGE][PASSED] - Object 'Object Repository/TestResource/selectSecondResourceToLink' is checked

2019-01-29 18:41:48 - [TEST_STEP][PASSED] - AdminTool_Location.resourceLinkName(): AdminTool_Location.resourceLinkName is PASSED

2019-01-29 18:41:48 - [MESSAGE][PASSED] - AdminTool_Location.resourceLinkName is PASSED

2019-01-29 18:41:48 - [TEST_STEP][PASSED] - Thread.sleep(2000): null

2019-01-29 18:41:50 - [TEST_STEP][PASSED] - click(findTestObject("TestResource/button2Save")): Object: 'Object Repository/TestResource/button2Save' is clicked on

2019-01-29 18:41:50 - [MESSAGE][PASSED] - Object: 'Object Repository/TestResource/button2Save' is clicked on

2019-01-29 18:41:50 - [TEST_STEP][PASSED] - Thread.sleep(4000): null

2019-01-29 18:41:54 - [TEST_STEP][PASSED] - click(findTestObject("TestResource/locationTab")): Object: 'Object Repository/TestResource/locationTab' is clicked on

2019-01-29 18:41:54 - [MESSAGE][PASSED] - Object: 'Object Repository/TestResource/locationTab' is clicked on

2019-01-29 18:41:54 - [TEST_STEP][PASSED] - Thread.sleep(5000): null

2019-01-29 18:41:59 - [TEST_STEP][PASSED] - AdminTool_Location.checkLocation(): AdminTool_Location.checkLocation is PASSED

2019-01-29 18:42:01 - [MESSAGE][PASSED] - AdminTool_Location.checkLocation is PASSED

2019-01-29 18:42:01 - [TEST_STEP][PASSED] - Thread.sleep(4000): null

2019-01-29 18:42:05 - [TEST_STEP][PASSED] - click(findTestObject("TestResource/saveLocation")): Object: 'Object Repository/TestResource/saveLocation' is clicked on

2019-01-29 18:42:06 - [MESSAGE][PASSED] - Object: 'Object Repository/TestResource/saveLocation' is clicked on]]></system-out>
         <system-err><![CDATA[]]></system-err>
      </testcase>
      <testcase name="Test Cases/CheckResoucesAsPerLocation/validateResource" classname="Test Cases/CheckResoucesAsPerLocation/validateResource" status="PASSED">
         <system-out><![CDATA[2019-01-29 18:42:06 - [TEST_CASE][PASSED] - Test Cases/CheckResoucesAsPerLocation/validateResource: Test Cases/CheckResoucesAsPerLocation/validateResource

2019-01-29 18:42:06 - [TEST_STEP][NOT_RUN] - openBrowser(URL): NOT_RUN: openBrowser(URL)

2019-01-29 18:42:06 - [MESSAGE][NOT_RUN] - NOT_RUN: openBrowser(URL)

2019-01-29 18:42:06 - [TEST_STEP][NOT_RUN] - maximizeWindow(): NOT_RUN: maximizeWindow()

2019-01-29 18:42:06 - [MESSAGE][NOT_RUN] - NOT_RUN: maximizeWindow()

2019-01-29 18:42:06 - [TEST_STEP][NOT_RUN] - setText(findTestObject("Form_Selection_Creation/login_Username"), UserName1): NOT_RUN: setText(findTestObject("Form_Selection_Creation/login_Username"), UserName1)

2019-01-29 18:42:06 - [MESSAGE][NOT_RUN] - NOT_RUN: setText(findTestObject("Form_Selection_Creation/login_Username"), UserName1)

2019-01-29 18:42:06 - [TEST_STEP][NOT_RUN] - setText(findTestObject("Form_Selection_Creation/login_Password"), Password111): NOT_RUN: setText(findTestObject("Form_Selection_Creation/login_Password"), Password111)

2019-01-29 18:42:06 - [MESSAGE][NOT_RUN] - NOT_RUN: setText(findTestObject("Form_Selection_Creation/login_Password"), Password111)

2019-01-29 18:42:06 - [TEST_STEP][PASSED] - Thread.sleep(4000): null

2019-01-29 18:42:10 - [TEST_STEP][PASSED] - FormName.setData(): FormName.setData is PASSED

2019-01-29 18:42:10 - [MESSAGE][PASSED] - FormName.setData is PASSED

2019-01-29 18:42:10 - [TEST_STEP][NOT_RUN] - click(findTestObject("Form_Selection_Creation/login_Button")): NOT_RUN: click(findTestObject("Form_Selection_Creation/login_Button"))

2019-01-29 18:42:10 - [MESSAGE][NOT_RUN] - NOT_RUN: click(findTestObject("Form_Selection_Creation/login_Button"))

2019-01-29 18:42:10 - [TEST_STEP][PASSED] - click(findTestObject("Form_Selection_Creation/mainMenu_Button")): Object: 'Object Repository/Form_Selection_Creation/mainMenu_Button' is clicked on

2019-01-29 18:42:10 - [MESSAGE][PASSED] - Object: 'Object Repository/Form_Selection_Creation/mainMenu_Button' is clicked on

2019-01-29 18:42:10 - [TEST_STEP][PASSED] - Thread.sleep(2000): null

2019-01-29 18:42:12 - [TEST_STEP][NOT_RUN] - click(findTestObject("Form_Selection_Creation/mainMenu_AdminTools")): NOT_RUN: click(findTestObject("Form_Selection_Creation/mainMenu_AdminTools"))

2019-01-29 18:42:12 - [MESSAGE][NOT_RUN] - NOT_RUN: click(findTestObject("Form_Selection_Creation/mainMenu_AdminTools"))

2019-01-29 18:42:12 - [TEST_STEP][PASSED] - click(findTestObject("Form_Selection_Creation/mainMenu_AdminTools_FormDesigner")): Object: 'Object Repository/Form_Selection_Creation/mainMenu_AdminTools_FormDesigner' is clicked on

2019-01-29 18:42:12 - [MESSAGE][PASSED] - Object: 'Object Repository/Form_Selection_Creation/mainMenu_AdminTools_FormDesigner' is clicked on

2019-01-29 18:42:12 - [TEST_STEP][PASSED] - click(findTestObject("Form_Selection_Creation/selectCheckForm")): Object: 'Object Repository/Form_Selection_Creation/selectCheckForm' is clicked on

2019-01-29 18:42:12 - [MESSAGE][PASSED] - Object: 'Object Repository/Form_Selection_Creation/selectCheckForm' is clicked on

2019-01-29 18:42:12 - [TEST_STEP][PASSED] - Thread.sleep(5000): null

2019-01-29 18:42:17 - [TEST_STEP][PASSED] - AdminTool_Location.moveCursor(): AdminTool_Location.moveCursor is PASSED

2019-01-29 18:42:17 - [MESSAGE][PASSED] - AdminTool_Location.moveCursor is PASSED

2019-01-29 18:42:17 - [TEST_STEP][PASSED] - Thread.sleep(2000): null

2019-01-29 18:42:19 - [TEST_STEP][PASSED] - AdminTool_Location.selectResType(): AdminTool_Location.selectResType is PASSED

2019-01-29 18:42:30 - [MESSAGE][PASSED] - AdminTool_Location.selectResType is PASSED

2019-01-29 18:42:30 - [TEST_STEP][PASSED] - AdminTool_Location.dragDropRes(): Element has been clicked

2019-01-29 18:42:34 - [MESSAGE][PASSED] - Element has been clicked

2019-01-29 18:42:34 - [TEST_STEP][PASSED] - Thread.sleep(5000): null

2019-01-29 18:42:39 - [TEST_STEP][NOT_RUN] - dragAndDropToObject(findTestObject("null"), findTestObject("Form_Selection_Creation/Target_Res_Object")): NOT_RUN: dragAndDropToObject(findTestObject("null"), findTestObject("Form_Selection_Creation/Target_Res_Object"))

2019-01-29 18:42:39 - [MESSAGE][NOT_RUN] - NOT_RUN: dragAndDropToObject(findTestObject("null"), findTestObject("Form_Selection_Creation/Target_Res_Object"))

2019-01-29 18:42:39 - [TEST_STEP][PASSED] - AdminTool_Location.validate(): AdminTool_Location.validate is PASSED

2019-01-29 18:42:39 - [MESSAGE][PASSED] - AdminTool_Location.validate is PASSED

2019-01-29 18:42:39 - [TEST_STEP][PASSED] - s = getText(findTestObject("TestResource/testText")): Text of object 'Object Repository/TestResource/testText' is: 'Customers > Customer_29/01/19-18:39 > SubCustomer2_29/01/19-18:39'

2019-01-29 18:42:39 - [MESSAGE][PASSED] - Text of object 'Object Repository/TestResource/testText' is: 'Customers > Customer_29/01/19-18:39 > SubCustomer2_29/01/19-18:39'

2019-01-29 18:42:39 - [TEST_STEP][PASSED] - println(s): null]]></system-out>
         <system-err><![CDATA[]]></system-err>
      </testcase>
      <testcase name="Test Cases/CheckResoucesAsPerLocation/checkResource_Equipment" classname="Test Cases/CheckResoucesAsPerLocation/checkResource_Equipment" status="PASSED">
         <system-out><![CDATA[2019-01-29 18:42:39 - [TEST_CASE][PASSED] - Test Cases/CheckResoucesAsPerLocation/checkResource_Equipment: Test Cases/CheckResoucesAsPerLocation/checkResource_Equipment

2019-01-29 18:42:40 - [TEST_STEP][NOT_RUN] - openBrowser(URL): NOT_RUN: openBrowser(URL)

2019-01-29 18:42:40 - [MESSAGE][NOT_RUN] - NOT_RUN: openBrowser(URL)

2019-01-29 18:42:40 - [TEST_STEP][NOT_RUN] - maximizeWindow(): NOT_RUN: maximizeWindow()

2019-01-29 18:42:40 - [MESSAGE][NOT_RUN] - NOT_RUN: maximizeWindow()

2019-01-29 18:42:40 - [TEST_STEP][NOT_RUN] - setText(findTestObject("TestUserLocation/login_Username"), UserName1): NOT_RUN: setText(findTestObject("TestUserLocation/login_Username"), UserName1)

2019-01-29 18:42:40 - [MESSAGE][NOT_RUN] - NOT_RUN: setText(findTestObject("TestUserLocation/login_Username"), UserName1)

2019-01-29 18:42:40 - [TEST_STEP][NOT_RUN] - setText(findTestObject("TestUserLocation/login_Password"), Password1): NOT_RUN: setText(findTestObject("TestUserLocation/login_Password"), Password1)

2019-01-29 18:42:40 - [MESSAGE][NOT_RUN] - NOT_RUN: setText(findTestObject("TestUserLocation/login_Password"), Password1)

2019-01-29 18:42:40 - [TEST_STEP][PASSED] - AdminTool_Location.setEquipmentName(): AdminTool_Location.setEquipmentName is PASSED

2019-01-29 18:42:40 - [MESSAGE][PASSED] - AdminTool_Location.setEquipmentName is PASSED

2019-01-29 18:42:40 - [TEST_STEP][NOT_RUN] - click(findTestObject("TestUserLocation/login_Button")): NOT_RUN: click(findTestObject("TestUserLocation/login_Button"))

2019-01-29 18:42:40 - [MESSAGE][NOT_RUN] - NOT_RUN: click(findTestObject("TestUserLocation/login_Button"))

2019-01-29 18:42:40 - [TEST_STEP][PASSED] - Thread.sleep(4000): null

2019-01-29 18:42:44 - [TEST_STEP][PASSED] - click(findTestObject("TestUserLocation/mainmenu_button")): Object: 'Object Repository/TestUserLocation/mainmenu_button' is clicked on

2019-01-29 18:42:44 - [MESSAGE][PASSED] - Object: 'Object Repository/TestUserLocation/mainmenu_button' is clicked on

2019-01-29 18:42:44 - [TEST_STEP][PASSED] - Thread.sleep(2000): null

2019-01-29 18:42:46 - [TEST_STEP][NOT_RUN] - click(findTestObject("TestUserLocation/adminTool")): NOT_RUN: click(findTestObject("TestUserLocation/adminTool"))

2019-01-29 18:42:46 - [MESSAGE][NOT_RUN] - NOT_RUN: click(findTestObject("TestUserLocation/adminTool"))

2019-01-29 18:42:46 - [TEST_STEP][PASSED] - click(findTestObject("TestUserLocation/mainMenuResourceDesigner")): Object: 'Object Repository/TestUserLocation/mainMenuResourceDesigner' is clicked on

2019-01-29 18:42:46 - [MESSAGE][PASSED] - Object: 'Object Repository/TestUserLocation/mainMenuResourceDesigner' is clicked on

2019-01-29 18:42:46 - [TEST_STEP][PASSED] - Thread.sleep(2000): null

2019-01-29 18:42:48 - [TEST_STEP][PASSED] - click(findTestObject("TestUserLocation/yesDelete")): Object: 'Object Repository/TestUserLocation/yesDelete' is clicked on

2019-01-29 18:42:48 - [MESSAGE][PASSED] - Object: 'Object Repository/TestUserLocation/yesDelete' is clicked on

2019-01-29 18:42:48 - [TEST_STEP][PASSED] - Thread.sleep(4000): null

2019-01-29 18:42:52 - [TEST_STEP][PASSED] - click(findTestObject("TestResource/equipment")): Object: 'Object Repository/TestResource/equipment' is clicked on

2019-01-29 18:42:52 - [MESSAGE][PASSED] - Object: 'Object Repository/TestResource/equipment' is clicked on

2019-01-29 18:42:52 - [TEST_STEP][PASSED] - Thread.sleep(4000): null

2019-01-29 18:42:56 - [TEST_STEP][PASSED] - waitForElementClickable(findTestObject("TestUserLocation/categories"), 45): Object 'Object Repository/TestUserLocation/categories' is clickable

2019-01-29 18:42:56 - [MESSAGE][PASSED] - Object 'Object Repository/TestUserLocation/categories' is clickable

2019-01-29 18:42:56 - [TEST_STEP][PASSED] - click(findTestObject("TestUserLocation/categories")): Object: 'Object Repository/TestUserLocation/categories' is clicked on

2019-01-29 18:42:56 - [MESSAGE][PASSED] - Object: 'Object Repository/TestUserLocation/categories' is clicked on

2019-01-29 18:42:56 - [TEST_STEP][PASSED] - Thread.sleep(2000): null

2019-01-29 18:42:58 - [TEST_STEP][PASSED] - click(findTestObject("TestUserLocation/defaultArea")): Object: 'Object Repository/TestUserLocation/defaultArea' is clicked on

2019-01-29 18:42:58 - [MESSAGE][PASSED] - Object: 'Object Repository/TestUserLocation/defaultArea' is clicked on

2019-01-29 18:42:58 - [TEST_STEP][PASSED] - Thread.sleep(2000): null

2019-01-29 18:43:00 - [TEST_STEP][PASSED] - click(findTestObject("TestUserLocation/hoverHeading")): Object: 'Object Repository/TestUserLocation/hoverHeading' is clicked on

2019-01-29 18:43:01 - [MESSAGE][PASSED] - Object: 'Object Repository/TestUserLocation/hoverHeading' is clicked on

2019-01-29 18:43:01 - [TEST_STEP][PASSED] - click(findTestObject("TestUserLocation/addPlusIcon")): Object: 'Object Repository/TestUserLocation/addPlusIcon' is clicked on

2019-01-29 18:43:01 - [MESSAGE][PASSED] - Object: 'Object Repository/TestUserLocation/addPlusIcon' is clicked on

2019-01-29 18:43:01 - [TEST_STEP][PASSED] - setText(findTestObject("TestUserLocation/setNewName"), findTestData("LocationData").getValue("EquipmentName", 1)): Text 'Equipment_29/01/19-18:42' is set on object 'Object Repository/TestUserLocation/setNewName'

2019-01-29 18:43:01 - [MESSAGE][PASSED] - Text 'Equipment_29/01/19-18:42' is set on object 'Object Repository/TestUserLocation/setNewName'

2019-01-29 18:43:01 - [TEST_STEP][PASSED] - Thread.sleep(2000): null

2019-01-29 18:43:03 - [TEST_STEP][PASSED] - click(findTestObject("TestUserLocation/saveButton")): Object: 'Object Repository/TestUserLocation/saveButton' is clicked on

2019-01-29 18:43:03 - [MESSAGE][PASSED] - Object: 'Object Repository/TestUserLocation/saveButton' is clicked on

2019-01-29 18:43:03 - [TEST_STEP][PASSED] - Thread.sleep(4000): null

2019-01-29 18:43:07 - [TEST_STEP][PASSED] - Thread.sleep(4000): null

2019-01-29 18:43:11 - [TEST_STEP][PASSED] - click(findTestObject("TestUserLocation/mainmenu_button")): Object: 'Object Repository/TestUserLocation/mainmenu_button' is clicked on

2019-01-29 18:43:11 - [MESSAGE][PASSED] - Object: 'Object Repository/TestUserLocation/mainmenu_button' is clicked on

2019-01-29 18:43:11 - [TEST_STEP][PASSED] - Thread.sleep(2000): null

2019-01-29 18:43:13 - [TEST_STEP][PASSED] - click(findTestObject("TestResource/mainMenu_resources")): Object: 'Object Repository/TestResource/mainMenu_resources' is clicked on

2019-01-29 18:43:14 - [MESSAGE][PASSED] - Object: 'Object Repository/TestResource/mainMenu_resources' is clicked on

2019-01-29 18:43:14 - [TEST_STEP][PASSED] - Thread.sleep(4000): null

2019-01-29 18:43:18 - [TEST_STEP][PASSED] - click(findTestObject("TestResource/equipment")): Object: 'Object Repository/TestResource/equipment' is clicked on

2019-01-29 18:43:18 - [MESSAGE][PASSED] - Object: 'Object Repository/TestResource/equipment' is clicked on

2019-01-29 18:43:18 - [TEST_STEP][PASSED] - Thread.sleep(4000): null

2019-01-29 18:43:22 - [TEST_STEP][PASSED] - AdminTool_Location.selectEquipment(): Element has been clicked

2019-01-29 18:43:26 - [MESSAGE][PASSED] - Element has been clicked

2019-01-29 18:43:26 - [TEST_STEP][PASSED] - Thread.sleep(4000): null

2019-01-29 18:43:30 - [TEST_STEP][PASSED] - waitForElementClickable(findTestObject("TestUserLocation/addPlusIcon"), 45): Object 'Object Repository/TestUserLocation/addPlusIcon' is clickable

2019-01-29 18:43:30 - [MESSAGE][PASSED] - Object 'Object Repository/TestUserLocation/addPlusIcon' is clickable

2019-01-29 18:43:30 - [TEST_STEP][PASSED] - click(findTestObject("TestUserLocation/addPlusIcon")): Object: 'Object Repository/TestUserLocation/addPlusIcon' is clicked on

2019-01-29 18:43:30 - [MESSAGE][PASSED] - Object: 'Object Repository/TestUserLocation/addPlusIcon' is clicked on

2019-01-29 18:43:30 - [TEST_STEP][PASSED] - Thread.sleep(2000): null

2019-01-29 18:43:32 - [TEST_STEP][PASSED] - setText(findTestObject("TestUserLocation/setNewName"), findTestData("LocationData").getValue("SubEquipmentName1", 1)): Text 'SubEquipment1_29/01/19-18:42' is set on object 'Object Repository/TestUserLocation/setNewName'

2019-01-29 18:43:32 - [MESSAGE][PASSED] - Text 'SubEquipment1_29/01/19-18:42' is set on object 'Object Repository/TestUserLocation/setNewName'

2019-01-29 18:43:33 - [TEST_STEP][PASSED] - Thread.sleep(2000): null

2019-01-29 18:43:35 - [TEST_STEP][PASSED] - Submission.createResource(): Submission.createResource is PASSED

2019-01-29 18:43:39 - [MESSAGE][PASSED] - Submission.createResource is PASSED

2019-01-29 18:43:39 - [TEST_STEP][NOT_RUN] - setText(findTestObject("TestResource/setPhoneNumber"), "912378456"): NOT_RUN: setText(findTestObject("TestResource/setPhoneNumber"), "912378456")

2019-01-29 18:43:39 - [MESSAGE][NOT_RUN] - NOT_RUN: setText(findTestObject("TestResource/setPhoneNumber"), "912378456")

2019-01-29 18:43:39 - [TEST_STEP][PASSED] - Thread.sleep(2000): null

2019-01-29 18:43:41 - [TEST_STEP][PASSED] - click(findTestObject("TestResource/saveDetailButton")): Object: 'Object Repository/TestResource/saveDetailButton' is clicked on

2019-01-29 18:43:41 - [MESSAGE][PASSED] - Object: 'Object Repository/TestResource/saveDetailButton' is clicked on

2019-01-29 18:43:41 - [TEST_STEP][PASSED] - Thread.sleep(7000): null

2019-01-29 18:43:48 - [TEST_STEP][PASSED] - click(findTestObject("TestResource/disableResource")): Object: 'Object Repository/TestResource/disableResource' is clicked on

2019-01-29 18:43:48 - [MESSAGE][PASSED] - Object: 'Object Repository/TestResource/disableResource' is clicked on

2019-01-29 18:43:48 - [TEST_STEP][PASSED] - Thread.sleep(2000): null

2019-01-29 18:43:50 - [TEST_STEP][PASSED] - click(findTestObject("TestResource/button2Yes")): Object: 'Object Repository/TestResource/button2Yes' is clicked on

2019-01-29 18:43:50 - [MESSAGE][PASSED] - Object: 'Object Repository/TestResource/button2Yes' is clicked on

2019-01-29 18:43:50 - [TEST_STEP][PASSED] - Thread.sleep(2000): null

2019-01-29 18:43:52 - [TEST_STEP][PASSED] - click(findTestObject("TestResource/saveDetailButton")): Object: 'Object Repository/TestResource/saveDetailButton' is clicked on

2019-01-29 18:43:52 - [MESSAGE][PASSED] - Object: 'Object Repository/TestResource/saveDetailButton' is clicked on

2019-01-29 18:43:52 - [TEST_STEP][PASSED] - Thread.sleep(7000): null

2019-01-29 18:43:59 - [TEST_STEP][PASSED] - click(findTestObject("TestResource/linksTab")): Object: 'Object Repository/TestResource/linksTab' is clicked on

2019-01-29 18:43:59 - [MESSAGE][PASSED] - Object: 'Object Repository/TestResource/linksTab' is clicked on

2019-01-29 18:43:59 - [TEST_STEP][PASSED] - Thread.sleep(2000): null

2019-01-29 18:44:01 - [TEST_STEP][PASSED] - click(findTestObject("TestResource/addLink")): Object: 'Object Repository/TestResource/addLink' is clicked on

2019-01-29 18:44:02 - [MESSAGE][PASSED] - Object: 'Object Repository/TestResource/addLink' is clicked on

2019-01-29 18:44:02 - [TEST_STEP][PASSED] - Thread.sleep(5000): null

2019-01-29 18:44:07 - [TEST_STEP][PASSED] - check(findTestObject("TestResource/selectSecondResourceToLink")): Object 'Object Repository/TestResource/selectSecondResourceToLink' is checked

2019-01-29 18:44:07 - [MESSAGE][PASSED] - Object 'Object Repository/TestResource/selectSecondResourceToLink' is checked

2019-01-29 18:44:07 - [TEST_STEP][PASSED] - AdminTool_Location.resourceLinkName(): AdminTool_Location.resourceLinkName is PASSED

2019-01-29 18:44:07 - [MESSAGE][PASSED] - AdminTool_Location.resourceLinkName is PASSED

2019-01-29 18:44:07 - [TEST_STEP][PASSED] - Thread.sleep(2000): null

2019-01-29 18:44:09 - [TEST_STEP][PASSED] - click(findTestObject("TestResource/button2Save")): Object: 'Object Repository/TestResource/button2Save' is clicked on

2019-01-29 18:44:09 - [MESSAGE][PASSED] - Object: 'Object Repository/TestResource/button2Save' is clicked on

2019-01-29 18:44:09 - [TEST_STEP][PASSED] - Thread.sleep(4000): null

2019-01-29 18:44:13 - [TEST_STEP][PASSED] - click(findTestObject("TestResource/locationTab")): Object: 'Object Repository/TestResource/locationTab' is clicked on

2019-01-29 18:44:13 - [MESSAGE][PASSED] - Object: 'Object Repository/TestResource/locationTab' is clicked on

2019-01-29 18:44:13 - [TEST_STEP][PASSED] - Thread.sleep(5000): null

2019-01-29 18:44:18 - [TEST_STEP][PASSED] - AdminTool_Location.checkLocation(): AdminTool_Location.checkLocation is PASSED

2019-01-29 18:44:21 - [MESSAGE][PASSED] - AdminTool_Location.checkLocation is PASSED

2019-01-29 18:44:21 - [TEST_STEP][PASSED] - Thread.sleep(4000): null

2019-01-29 18:44:25 - [TEST_STEP][PASSED] - click(findTestObject("TestResource/saveLocation")): Object: 'Object Repository/TestResource/saveLocation' is clicked on

2019-01-29 18:44:25 - [MESSAGE][PASSED] - Object: 'Object Repository/TestResource/saveLocation' is clicked on

2019-01-29 18:44:25 - [TEST_STEP][PASSED] - click(findTestObject("TestUserLocation/mainmenu_button")): Object: 'Object Repository/TestUserLocation/mainmenu_button' is clicked on

2019-01-29 18:44:26 - [MESSAGE][PASSED] - Object: 'Object Repository/TestUserLocation/mainmenu_button' is clicked on

2019-01-29 18:44:26 - [TEST_STEP][PASSED] - Thread.sleep(2000): null

2019-01-29 18:44:28 - [TEST_STEP][PASSED] - click(findTestObject("TestResource/mainMenu_resources")): Object: 'Object Repository/TestResource/mainMenu_resources' is clicked on

2019-01-29 18:44:28 - [MESSAGE][PASSED] - Object: 'Object Repository/TestResource/mainMenu_resources' is clicked on

2019-01-29 18:44:28 - [TEST_STEP][PASSED] - Thread.sleep(4000): null

2019-01-29 18:44:32 - [TEST_STEP][PASSED] - AdminTool_Location.moveCursor(): AdminTool_Location.moveCursor is PASSED

2019-01-29 18:44:32 - [MESSAGE][PASSED] - AdminTool_Location.moveCursor is PASSED

2019-01-29 18:44:32 - [TEST_STEP][PASSED] - Thread.sleep(2000): null

2019-01-29 18:44:34 - [TEST_STEP][PASSED] - click(findTestObject("TestResource/equipment")): Object: 'Object Repository/TestResource/equipment' is clicked on

2019-01-29 18:44:34 - [MESSAGE][PASSED] - Object: 'Object Repository/TestResource/equipment' is clicked on

2019-01-29 18:44:34 - [TEST_STEP][PASSED] - Thread.sleep(4000): null

2019-01-29 18:44:38 - [TEST_STEP][PASSED] - AdminTool_Location.selectEquipment(): Element has been clicked

2019-01-29 18:44:42 - [MESSAGE][PASSED] - Element has been clicked

2019-01-29 18:44:42 - [TEST_STEP][PASSED] - Thread.sleep(4000): null

2019-01-29 18:44:46 - [TEST_STEP][PASSED] - waitForElementClickable(findTestObject("TestUserLocation/addPlusIcon"), 45): Object 'Object Repository/TestUserLocation/addPlusIcon' is clickable

2019-01-29 18:44:46 - [MESSAGE][PASSED] - Object 'Object Repository/TestUserLocation/addPlusIcon' is clickable

2019-01-29 18:44:46 - [TEST_STEP][PASSED] - click(findTestObject("TestUserLocation/addPlusIcon")): Object: 'Object Repository/TestUserLocation/addPlusIcon' is clicked on

2019-01-29 18:44:47 - [MESSAGE][PASSED] - Object: 'Object Repository/TestUserLocation/addPlusIcon' is clicked on

2019-01-29 18:44:47 - [TEST_STEP][PASSED] - Thread.sleep(2000): null

2019-01-29 18:44:49 - [TEST_STEP][PASSED] - setText(findTestObject("TestUserLocation/setNewName"), findTestData("LocationData").getValue("SubEquipmentName2", 1)): Text 'SubEquipment2_29/01/19-18:42' is set on object 'Object Repository/TestUserLocation/setNewName'

2019-01-29 18:44:49 - [MESSAGE][PASSED] - Text 'SubEquipment2_29/01/19-18:42' is set on object 'Object Repository/TestUserLocation/setNewName'

2019-01-29 18:44:49 - [TEST_STEP][PASSED] - Thread.sleep(2000): null

2019-01-29 18:44:51 - [TEST_STEP][PASSED] - Submission.createResource(): Submission.createResource is PASSED

2019-01-29 18:44:55 - [MESSAGE][PASSED] - Submission.createResource is PASSED

2019-01-29 18:44:55 - [TEST_STEP][NOT_RUN] - setText(findTestObject("TestResource/setPhoneNumber"), "912378456"): NOT_RUN: setText(findTestObject("TestResource/setPhoneNumber"), "912378456")

2019-01-29 18:44:55 - [MESSAGE][NOT_RUN] - NOT_RUN: setText(findTestObject("TestResource/setPhoneNumber"), "912378456")

2019-01-29 18:44:55 - [TEST_STEP][PASSED] - Thread.sleep(2000): null

2019-01-29 18:44:57 - [TEST_STEP][PASSED] - click(findTestObject("TestResource/saveDetailButton")): Object: 'Object Repository/TestResource/saveDetailButton' is clicked on

2019-01-29 18:44:58 - [MESSAGE][PASSED] - Object: 'Object Repository/TestResource/saveDetailButton' is clicked on

2019-01-29 18:44:58 - [TEST_STEP][PASSED] - Thread.sleep(7000): null

2019-01-29 18:45:05 - [TEST_STEP][PASSED] - click(findTestObject("TestResource/linksTab")): Object: 'Object Repository/TestResource/linksTab' is clicked on

2019-01-29 18:45:05 - [MESSAGE][PASSED] - Object: 'Object Repository/TestResource/linksTab' is clicked on

2019-01-29 18:45:05 - [TEST_STEP][PASSED] - Thread.sleep(2000): null

2019-01-29 18:45:07 - [TEST_STEP][PASSED] - click(findTestObject("TestResource/addLink")): Object: 'Object Repository/TestResource/addLink' is clicked on

2019-01-29 18:45:07 - [MESSAGE][PASSED] - Object: 'Object Repository/TestResource/addLink' is clicked on

2019-01-29 18:45:07 - [TEST_STEP][PASSED] - Thread.sleep(5000): null

2019-01-29 18:45:12 - [TEST_STEP][PASSED] - check(findTestObject("TestResource/selectSecondResourceToLink")): Object 'Object Repository/TestResource/selectSecondResourceToLink' is checked

2019-01-29 18:45:12 - [MESSAGE][PASSED] - Object 'Object Repository/TestResource/selectSecondResourceToLink' is checked

2019-01-29 18:45:12 - [TEST_STEP][PASSED] - AdminTool_Location.resourceLinkName(): AdminTool_Location.resourceLinkName is PASSED

2019-01-29 18:45:12 - [MESSAGE][PASSED] - AdminTool_Location.resourceLinkName is PASSED

2019-01-29 18:45:12 - [TEST_STEP][PASSED] - Thread.sleep(2000): null

2019-01-29 18:45:14 - [TEST_STEP][PASSED] - click(findTestObject("TestResource/button2Save")): Object: 'Object Repository/TestResource/button2Save' is clicked on

2019-01-29 18:45:14 - [MESSAGE][PASSED] - Object: 'Object Repository/TestResource/button2Save' is clicked on

2019-01-29 18:45:14 - [TEST_STEP][PASSED] - Thread.sleep(4000): null

2019-01-29 18:45:18 - [TEST_STEP][PASSED] - click(findTestObject("TestResource/locationTab")): Object: 'Object Repository/TestResource/locationTab' is clicked on

2019-01-29 18:45:18 - [MESSAGE][PASSED] - Object: 'Object Repository/TestResource/locationTab' is clicked on

2019-01-29 18:45:18 - [TEST_STEP][PASSED] - Thread.sleep(5000): null

2019-01-29 18:45:23 - [TEST_STEP][PASSED] - AdminTool_Location.checkLocation(): AdminTool_Location.checkLocation is PASSED

2019-01-29 18:45:26 - [MESSAGE][PASSED] - AdminTool_Location.checkLocation is PASSED

2019-01-29 18:45:26 - [TEST_STEP][PASSED] - Thread.sleep(4000): null

2019-01-29 18:45:30 - [TEST_STEP][PASSED] - click(findTestObject("TestResource/saveLocation")): Object: 'Object Repository/TestResource/saveLocation' is clicked on

2019-01-29 18:45:30 - [MESSAGE][PASSED] - Object: 'Object Repository/TestResource/saveLocation' is clicked on]]></system-out>
         <system-err><![CDATA[]]></system-err>
      </testcase>
      <testcase name="Test Cases/CheckResoucesAsPerLocation/validateResource" classname="Test Cases/CheckResoucesAsPerLocation/validateResource" status="PASSED">
         <system-out><![CDATA[2019-01-29 18:45:30 - [TEST_CASE][PASSED] - Test Cases/CheckResoucesAsPerLocation/validateResource: Test Cases/CheckResoucesAsPerLocation/validateResource

2019-01-29 18:45:30 - [TEST_STEP][NOT_RUN] - openBrowser(URL): NOT_RUN: openBrowser(URL)

2019-01-29 18:45:30 - [MESSAGE][NOT_RUN] - NOT_RUN: openBrowser(URL)

2019-01-29 18:45:30 - [TEST_STEP][NOT_RUN] - maximizeWindow(): NOT_RUN: maximizeWindow()

2019-01-29 18:45:30 - [MESSAGE][NOT_RUN] - NOT_RUN: maximizeWindow()

2019-01-29 18:45:30 - [TEST_STEP][NOT_RUN] - setText(findTestObject("Form_Selection_Creation/login_Username"), UserName1): NOT_RUN: setText(findTestObject("Form_Selection_Creation/login_Username"), UserName1)

2019-01-29 18:45:30 - [MESSAGE][NOT_RUN] - NOT_RUN: setText(findTestObject("Form_Selection_Creation/login_Username"), UserName1)

2019-01-29 18:45:30 - [TEST_STEP][NOT_RUN] - setText(findTestObject("Form_Selection_Creation/login_Password"), Password111): NOT_RUN: setText(findTestObject("Form_Selection_Creation/login_Password"), Password111)

2019-01-29 18:45:30 - [MESSAGE][NOT_RUN] - NOT_RUN: setText(findTestObject("Form_Selection_Creation/login_Password"), Password111)

2019-01-29 18:45:30 - [TEST_STEP][PASSED] - Thread.sleep(4000): null

2019-01-29 18:45:34 - [TEST_STEP][PASSED] - FormName.setData(): FormName.setData is PASSED

2019-01-29 18:45:34 - [MESSAGE][PASSED] - FormName.setData is PASSED

2019-01-29 18:45:34 - [TEST_STEP][NOT_RUN] - click(findTestObject("Form_Selection_Creation/login_Button")): NOT_RUN: click(findTestObject("Form_Selection_Creation/login_Button"))

2019-01-29 18:45:34 - [MESSAGE][NOT_RUN] - NOT_RUN: click(findTestObject("Form_Selection_Creation/login_Button"))

2019-01-29 18:45:34 - [TEST_STEP][PASSED] - click(findTestObject("Form_Selection_Creation/mainMenu_Button")): Object: 'Object Repository/Form_Selection_Creation/mainMenu_Button' is clicked on

2019-01-29 18:45:34 - [MESSAGE][PASSED] - Object: 'Object Repository/Form_Selection_Creation/mainMenu_Button' is clicked on

2019-01-29 18:45:34 - [TEST_STEP][PASSED] - Thread.sleep(2000): null

2019-01-29 18:45:36 - [TEST_STEP][NOT_RUN] - click(findTestObject("Form_Selection_Creation/mainMenu_AdminTools")): NOT_RUN: click(findTestObject("Form_Selection_Creation/mainMenu_AdminTools"))

2019-01-29 18:45:36 - [MESSAGE][NOT_RUN] - NOT_RUN: click(findTestObject("Form_Selection_Creation/mainMenu_AdminTools"))

2019-01-29 18:45:36 - [TEST_STEP][PASSED] - click(findTestObject("Form_Selection_Creation/mainMenu_AdminTools_FormDesigner")): Object: 'Object Repository/Form_Selection_Creation/mainMenu_AdminTools_FormDesigner' is clicked on

2019-01-29 18:45:36 - [MESSAGE][PASSED] - Object: 'Object Repository/Form_Selection_Creation/mainMenu_AdminTools_FormDesigner' is clicked on

2019-01-29 18:45:36 - [TEST_STEP][PASSED] - click(findTestObject("Form_Selection_Creation/selectCheckForm")): Object: 'Object Repository/Form_Selection_Creation/selectCheckForm' is clicked on

2019-01-29 18:45:36 - [MESSAGE][PASSED] - Object: 'Object Repository/Form_Selection_Creation/selectCheckForm' is clicked on

2019-01-29 18:45:36 - [TEST_STEP][PASSED] - Thread.sleep(5000): null

2019-01-29 18:45:41 - [TEST_STEP][PASSED] - AdminTool_Location.moveCursor(): AdminTool_Location.moveCursor is PASSED

2019-01-29 18:45:41 - [MESSAGE][PASSED] - AdminTool_Location.moveCursor is PASSED

2019-01-29 18:45:41 - [TEST_STEP][PASSED] - Thread.sleep(2000): null

2019-01-29 18:45:43 - [TEST_STEP][PASSED] - AdminTool_Location.selectResType(): AdminTool_Location.selectResType is PASSED

2019-01-29 18:45:54 - [MESSAGE][PASSED] - AdminTool_Location.selectResType is PASSED

2019-01-29 18:45:54 - [TEST_STEP][PASSED] - AdminTool_Location.dragDropRes(): Element has been clicked

2019-01-29 18:45:58 - [MESSAGE][PASSED] - Element has been clicked

2019-01-29 18:45:58 - [TEST_STEP][PASSED] - Thread.sleep(5000): null

2019-01-29 18:46:03 - [TEST_STEP][NOT_RUN] - dragAndDropToObject(findTestObject("null"), findTestObject("Form_Selection_Creation/Target_Res_Object")): NOT_RUN: dragAndDropToObject(findTestObject("null"), findTestObject("Form_Selection_Creation/Target_Res_Object"))

2019-01-29 18:46:03 - [MESSAGE][NOT_RUN] - NOT_RUN: dragAndDropToObject(findTestObject("null"), findTestObject("Form_Selection_Creation/Target_Res_Object"))

2019-01-29 18:46:03 - [TEST_STEP][PASSED] - AdminTool_Location.validate(): AdminTool_Location.validate is PASSED

2019-01-29 18:46:03 - [MESSAGE][PASSED] - AdminTool_Location.validate is PASSED

2019-01-29 18:46:03 - [TEST_STEP][PASSED] - s = getText(findTestObject("TestResource/testText")): Text of object 'Object Repository/TestResource/testText' is: 'Equipment > Equipment_29/01/19-18:42 > SubEquipment2_29/01/19-18:42'

2019-01-29 18:46:03 - [MESSAGE][PASSED] - Text of object 'Object Repository/TestResource/testText' is: 'Equipment > Equipment_29/01/19-18:42 > SubEquipment2_29/01/19-18:42'

2019-01-29 18:46:03 - [TEST_STEP][PASSED] - println(s): null]]></system-out>
         <system-err><![CDATA[]]></system-err>
      </testcase>
      <testcase name="Test Cases/CheckResoucesAsPerLocation/checkResource_Items" classname="Test Cases/CheckResoucesAsPerLocation/checkResource_Items" status="PASSED">
         <system-out><![CDATA[2019-01-29 18:46:03 - [TEST_CASE][PASSED] - Test Cases/CheckResoucesAsPerLocation/checkResource_Items: Test Cases/CheckResoucesAsPerLocation/checkResource_Items

2019-01-29 18:46:03 - [TEST_STEP][NOT_RUN] - openBrowser(URL): NOT_RUN: openBrowser(URL)

2019-01-29 18:46:03 - [MESSAGE][NOT_RUN] - NOT_RUN: openBrowser(URL)

2019-01-29 18:46:03 - [TEST_STEP][NOT_RUN] - maximizeWindow(): NOT_RUN: maximizeWindow()

2019-01-29 18:46:03 - [MESSAGE][NOT_RUN] - NOT_RUN: maximizeWindow()

2019-01-29 18:46:03 - [TEST_STEP][NOT_RUN] - setText(findTestObject("TestUserLocation/login_Username"), UserName1): NOT_RUN: setText(findTestObject("TestUserLocation/login_Username"), UserName1)

2019-01-29 18:46:03 - [MESSAGE][NOT_RUN] - NOT_RUN: setText(findTestObject("TestUserLocation/login_Username"), UserName1)

2019-01-29 18:46:03 - [TEST_STEP][NOT_RUN] - setText(findTestObject("TestUserLocation/login_Password"), Password1): NOT_RUN: setText(findTestObject("TestUserLocation/login_Password"), Password1)

2019-01-29 18:46:03 - [MESSAGE][NOT_RUN] - NOT_RUN: setText(findTestObject("TestUserLocation/login_Password"), Password1)

2019-01-29 18:46:03 - [TEST_STEP][PASSED] - AdminTool_Location.setItemName(): AdminTool_Location.setItemName is PASSED

2019-01-29 18:46:03 - [MESSAGE][PASSED] - AdminTool_Location.setItemName is PASSED

2019-01-29 18:46:03 - [TEST_STEP][NOT_RUN] - click(findTestObject("TestUserLocation/login_Button")): NOT_RUN: click(findTestObject("TestUserLocation/login_Button"))

2019-01-29 18:46:03 - [MESSAGE][NOT_RUN] - NOT_RUN: click(findTestObject("TestUserLocation/login_Button"))

2019-01-29 18:46:03 - [TEST_STEP][NOT_RUN] - Thread.sleep(4000): NOT_RUN: Thread.sleep(4000)

2019-01-29 18:46:03 - [MESSAGE][NOT_RUN] - NOT_RUN: Thread.sleep(4000)

2019-01-29 18:46:03 - [TEST_STEP][PASSED] - click(findTestObject("TestUserLocation/mainmenu_button")): Object: 'Object Repository/TestUserLocation/mainmenu_button' is clicked on

2019-01-29 18:46:03 - [MESSAGE][PASSED] - Object: 'Object Repository/TestUserLocation/mainmenu_button' is clicked on

2019-01-29 18:46:03 - [TEST_STEP][PASSED] - Thread.sleep(2000): null

2019-01-29 18:46:05 - [TEST_STEP][NOT_RUN] - click(findTestObject("TestUserLocation/adminTool")): NOT_RUN: click(findTestObject("TestUserLocation/adminTool"))

2019-01-29 18:46:05 - [MESSAGE][NOT_RUN] - NOT_RUN: click(findTestObject("TestUserLocation/adminTool"))

2019-01-29 18:46:05 - [TEST_STEP][PASSED] - click(findTestObject("TestUserLocation/mainMenuResourceDesigner")): Object: 'Object Repository/TestUserLocation/mainMenuResourceDesigner' is clicked on

2019-01-29 18:46:06 - [MESSAGE][PASSED] - Object: 'Object Repository/TestUserLocation/mainMenuResourceDesigner' is clicked on

2019-01-29 18:46:06 - [TEST_STEP][PASSED] - Thread.sleep(2000): null

2019-01-29 18:46:08 - [TEST_STEP][PASSED] - click(findTestObject("TestUserLocation/yesDelete")): Object: 'Object Repository/TestUserLocation/yesDelete' is clicked on

2019-01-29 18:46:08 - [MESSAGE][PASSED] - Object: 'Object Repository/TestUserLocation/yesDelete' is clicked on

2019-01-29 18:46:08 - [TEST_STEP][PASSED] - Thread.sleep(4000): null

2019-01-29 18:46:12 - [TEST_STEP][PASSED] - click(findTestObject("TestResource/items")): Object: 'Object Repository/TestResource/items' is clicked on

2019-01-29 18:46:12 - [MESSAGE][PASSED] - Object: 'Object Repository/TestResource/items' is clicked on

2019-01-29 18:46:12 - [TEST_STEP][PASSED] - Thread.sleep(4000): null

2019-01-29 18:46:16 - [TEST_STEP][PASSED] - waitForElementClickable(findTestObject("TestUserLocation/categories"), 45): Object 'Object Repository/TestUserLocation/categories' is clickable

2019-01-29 18:46:16 - [MESSAGE][PASSED] - Object 'Object Repository/TestUserLocation/categories' is clickable

2019-01-29 18:46:16 - [TEST_STEP][PASSED] - click(findTestObject("TestUserLocation/categories")): Object: 'Object Repository/TestUserLocation/categories' is clicked on

2019-01-29 18:46:16 - [MESSAGE][PASSED] - Object: 'Object Repository/TestUserLocation/categories' is clicked on

2019-01-29 18:46:16 - [TEST_STEP][PASSED] - Thread.sleep(2000): null

2019-01-29 18:46:18 - [TEST_STEP][PASSED] - click(findTestObject("TestUserLocation/defaultArea")): Object: 'Object Repository/TestUserLocation/defaultArea' is clicked on

2019-01-29 18:46:18 - [MESSAGE][PASSED] - Object: 'Object Repository/TestUserLocation/defaultArea' is clicked on

2019-01-29 18:46:18 - [TEST_STEP][PASSED] - Thread.sleep(2000): null

2019-01-29 18:46:20 - [TEST_STEP][PASSED] - click(findTestObject("TestUserLocation/hoverHeading")): Object: 'Object Repository/TestUserLocation/hoverHeading' is clicked on

2019-01-29 18:46:20 - [MESSAGE][PASSED] - Object: 'Object Repository/TestUserLocation/hoverHeading' is clicked on

2019-01-29 18:46:20 - [TEST_STEP][PASSED] - click(findTestObject("TestUserLocation/addPlusIcon")): Object: 'Object Repository/TestUserLocation/addPlusIcon' is clicked on

2019-01-29 18:46:20 - [MESSAGE][PASSED] - Object: 'Object Repository/TestUserLocation/addPlusIcon' is clicked on

2019-01-29 18:46:20 - [TEST_STEP][PASSED] - setText(findTestObject("TestUserLocation/setNewName"), findTestData("LocationData").getValue("ItemsName", 1)): Text 'Item_29/01/19-18:46' is set on object 'Object Repository/TestUserLocation/setNewName'

2019-01-29 18:46:21 - [MESSAGE][PASSED] - Text 'Item_29/01/19-18:46' is set on object 'Object Repository/TestUserLocation/setNewName'

2019-01-29 18:46:21 - [TEST_STEP][PASSED] - Thread.sleep(2000): null

2019-01-29 18:46:23 - [TEST_STEP][PASSED] - click(findTestObject("TestUserLocation/saveButton")): Object: 'Object Repository/TestUserLocation/saveButton' is clicked on

2019-01-29 18:46:23 - [MESSAGE][PASSED] - Object: 'Object Repository/TestUserLocation/saveButton' is clicked on

2019-01-29 18:46:23 - [TEST_STEP][PASSED] - Thread.sleep(4000): null

2019-01-29 18:46:27 - [TEST_STEP][PASSED] - Thread.sleep(4000): null

2019-01-29 18:46:31 - [TEST_STEP][PASSED] - click(findTestObject("TestUserLocation/mainmenu_button")): Object: 'Object Repository/TestUserLocation/mainmenu_button' is clicked on

2019-01-29 18:46:31 - [MESSAGE][PASSED] - Object: 'Object Repository/TestUserLocation/mainmenu_button' is clicked on

2019-01-29 18:46:31 - [TEST_STEP][PASSED] - Thread.sleep(2000): null

2019-01-29 18:46:33 - [TEST_STEP][PASSED] - click(findTestObject("TestResource/mainMenu_resources")): Object: 'Object Repository/TestResource/mainMenu_resources' is clicked on

2019-01-29 18:46:33 - [MESSAGE][PASSED] - Object: 'Object Repository/TestResource/mainMenu_resources' is clicked on

2019-01-29 18:46:33 - [TEST_STEP][PASSED] - Thread.sleep(4000): null

2019-01-29 18:46:37 - [TEST_STEP][PASSED] - click(findTestObject("TestResource/items")): Object: 'Object Repository/TestResource/items' is clicked on

2019-01-29 18:46:37 - [MESSAGE][PASSED] - Object: 'Object Repository/TestResource/items' is clicked on

2019-01-29 18:46:37 - [TEST_STEP][PASSED] - Thread.sleep(4000): null

2019-01-29 18:46:41 - [TEST_STEP][PASSED] - AdminTool_Location.selectItem(): Element has been clicked

2019-01-29 18:46:45 - [MESSAGE][PASSED] - Element has been clicked

2019-01-29 18:46:45 - [TEST_STEP][PASSED] - Thread.sleep(4000): null

2019-01-29 18:46:49 - [TEST_STEP][PASSED] - waitForElementClickable(findTestObject("TestUserLocation/addPlusIcon"), 45): Object 'Object Repository/TestUserLocation/addPlusIcon' is clickable

2019-01-29 18:46:49 - [MESSAGE][PASSED] - Object 'Object Repository/TestUserLocation/addPlusIcon' is clickable

2019-01-29 18:46:49 - [TEST_STEP][PASSED] - click(findTestObject("TestUserLocation/addPlusIcon")): Object: 'Object Repository/TestUserLocation/addPlusIcon' is clicked on

2019-01-29 18:46:50 - [MESSAGE][PASSED] - Object: 'Object Repository/TestUserLocation/addPlusIcon' is clicked on

2019-01-29 18:46:50 - [TEST_STEP][PASSED] - Thread.sleep(2000): null

2019-01-29 18:46:52 - [TEST_STEP][PASSED] - setText(findTestObject("TestUserLocation/setNewName"), findTestData("LocationData").getValue("SubItemsName1", 1)): Text 'SubItem1_29/01/19-18:46' is set on object 'Object Repository/TestUserLocation/setNewName'

2019-01-29 18:46:52 - [MESSAGE][PASSED] - Text 'SubItem1_29/01/19-18:46' is set on object 'Object Repository/TestUserLocation/setNewName'

2019-01-29 18:46:52 - [TEST_STEP][PASSED] - Thread.sleep(2000): null

2019-01-29 18:46:54 - [TEST_STEP][PASSED] - Submission.createResource(): Submission.createResource is PASSED

2019-01-29 18:46:54 - [MESSAGE][PASSED] - Submission.createResource is PASSED

2019-01-29 18:46:54 - [TEST_STEP][NOT_RUN] - setText(findTestObject("TestResource/setPhoneNumber"), "912378456"): NOT_RUN: setText(findTestObject("TestResource/setPhoneNumber"), "912378456")

2019-01-29 18:46:54 - [MESSAGE][NOT_RUN] - NOT_RUN: setText(findTestObject("TestResource/setPhoneNumber"), "912378456")

2019-01-29 18:46:54 - [TEST_STEP][PASSED] - Thread.sleep(2000): null

2019-01-29 18:46:56 - [TEST_STEP][PASSED] - click(findTestObject("TestResource/saveDetailButton")): Object: 'Object Repository/TestResource/saveDetailButton' is clicked on

2019-01-29 18:46:56 - [MESSAGE][PASSED] - Object: 'Object Repository/TestResource/saveDetailButton' is clicked on

2019-01-29 18:46:56 - [TEST_STEP][PASSED] - Thread.sleep(7000): null

2019-01-29 18:47:03 - [TEST_STEP][PASSED] - click(findTestObject("TestResource/disableResource")): Object: 'Object Repository/TestResource/disableResource' is clicked on

2019-01-29 18:47:03 - [MESSAGE][PASSED] - Object: 'Object Repository/TestResource/disableResource' is clicked on

2019-01-29 18:47:03 - [TEST_STEP][PASSED] - Thread.sleep(2000): null

2019-01-29 18:47:05 - [TEST_STEP][PASSED] - click(findTestObject("TestResource/button2Yes")): Object: 'Object Repository/TestResource/button2Yes' is clicked on

2019-01-29 18:47:05 - [MESSAGE][PASSED] - Object: 'Object Repository/TestResource/button2Yes' is clicked on

2019-01-29 18:47:05 - [TEST_STEP][PASSED] - Thread.sleep(2000): null

2019-01-29 18:47:07 - [TEST_STEP][PASSED] - click(findTestObject("TestResource/saveDetailButton")): Object: 'Object Repository/TestResource/saveDetailButton' is clicked on

2019-01-29 18:47:07 - [MESSAGE][PASSED] - Object: 'Object Repository/TestResource/saveDetailButton' is clicked on

2019-01-29 18:47:07 - [TEST_STEP][PASSED] - Thread.sleep(7000): null

2019-01-29 18:47:14 - [TEST_STEP][PASSED] - click(findTestObject("TestResource/linksTab")): Object: 'Object Repository/TestResource/linksTab' is clicked on

2019-01-29 18:47:14 - [MESSAGE][PASSED] - Object: 'Object Repository/TestResource/linksTab' is clicked on

2019-01-29 18:47:14 - [TEST_STEP][PASSED] - Thread.sleep(2000): null

2019-01-29 18:47:16 - [TEST_STEP][PASSED] - click(findTestObject("TestResource/addLink")): Object: 'Object Repository/TestResource/addLink' is clicked on

2019-01-29 18:47:17 - [MESSAGE][PASSED] - Object: 'Object Repository/TestResource/addLink' is clicked on

2019-01-29 18:47:17 - [TEST_STEP][PASSED] - Thread.sleep(5000): null

2019-01-29 18:47:22 - [TEST_STEP][PASSED] - check(findTestObject("TestResource/selectSecondResourceToLink")): Object 'Object Repository/TestResource/selectSecondResourceToLink' is checked

2019-01-29 18:47:22 - [MESSAGE][PASSED] - Object 'Object Repository/TestResource/selectSecondResourceToLink' is checked

2019-01-29 18:47:22 - [TEST_STEP][PASSED] - AdminTool_Location.resourceLinkName(): AdminTool_Location.resourceLinkName is PASSED

2019-01-29 18:47:22 - [MESSAGE][PASSED] - AdminTool_Location.resourceLinkName is PASSED

2019-01-29 18:47:22 - [TEST_STEP][PASSED] - Thread.sleep(2000): null

2019-01-29 18:47:24 - [TEST_STEP][PASSED] - click(findTestObject("TestResource/button2Save")): Object: 'Object Repository/TestResource/button2Save' is clicked on

2019-01-29 18:47:24 - [MESSAGE][PASSED] - Object: 'Object Repository/TestResource/button2Save' is clicked on

2019-01-29 18:47:24 - [TEST_STEP][PASSED] - Thread.sleep(4000): null

2019-01-29 18:47:28 - [TEST_STEP][PASSED] - click(findTestObject("TestResource/locationTab")): Object: 'Object Repository/TestResource/locationTab' is clicked on

2019-01-29 18:47:28 - [MESSAGE][PASSED] - Object: 'Object Repository/TestResource/locationTab' is clicked on

2019-01-29 18:47:28 - [TEST_STEP][PASSED] - AdminTool_Location.moveCursor(): AdminTool_Location.moveCursor is PASSED

2019-01-29 18:47:28 - [MESSAGE][PASSED] - AdminTool_Location.moveCursor is PASSED

2019-01-29 18:47:28 - [TEST_STEP][PASSED] - Thread.sleep(2000): null

2019-01-29 18:47:30 - [TEST_STEP][PASSED] - Thread.sleep(5000): null

2019-01-29 18:47:35 - [TEST_STEP][PASSED] - AdminTool_Location.checkLocation(): AdminTool_Location.checkLocation is PASSED

2019-01-29 18:47:37 - [MESSAGE][PASSED] - AdminTool_Location.checkLocation is PASSED

2019-01-29 18:47:37 - [TEST_STEP][PASSED] - Thread.sleep(4000): null

2019-01-29 18:47:41 - [TEST_STEP][PASSED] - click(findTestObject("TestResource/saveLocation")): Object: 'Object Repository/TestResource/saveLocation' is clicked on

2019-01-29 18:47:41 - [MESSAGE][PASSED] - Object: 'Object Repository/TestResource/saveLocation' is clicked on

2019-01-29 18:47:41 - [TEST_STEP][PASSED] - click(findTestObject("TestUserLocation/mainmenu_button")): Object: 'Object Repository/TestUserLocation/mainmenu_button' is clicked on

2019-01-29 18:47:42 - [MESSAGE][PASSED] - Object: 'Object Repository/TestUserLocation/mainmenu_button' is clicked on

2019-01-29 18:47:42 - [TEST_STEP][PASSED] - Thread.sleep(2000): null

2019-01-29 18:47:44 - [TEST_STEP][PASSED] - click(findTestObject("TestResource/mainMenu_resources")): Object: 'Object Repository/TestResource/mainMenu_resources' is clicked on

2019-01-29 18:47:45 - [MESSAGE][PASSED] - Object: 'Object Repository/TestResource/mainMenu_resources' is clicked on

2019-01-29 18:47:45 - [TEST_STEP][PASSED] - Thread.sleep(4000): null

2019-01-29 18:47:49 - [TEST_STEP][PASSED] - click(findTestObject("TestResource/items")): Object: 'Object Repository/TestResource/items' is clicked on

2019-01-29 18:47:49 - [MESSAGE][PASSED] - Object: 'Object Repository/TestResource/items' is clicked on

2019-01-29 18:47:49 - [TEST_STEP][PASSED] - Thread.sleep(4000): null

2019-01-29 18:47:53 - [TEST_STEP][PASSED] - AdminTool_Location.selectItem(): Element has been clicked

2019-01-29 18:47:57 - [MESSAGE][PASSED] - Element has been clicked

2019-01-29 18:47:57 - [TEST_STEP][PASSED] - Thread.sleep(4000): null

2019-01-29 18:48:01 - [TEST_STEP][PASSED] - waitForElementClickable(findTestObject("TestUserLocation/addPlusIcon"), 45): Object 'Object Repository/TestUserLocation/addPlusIcon' is clickable

2019-01-29 18:48:01 - [MESSAGE][PASSED] - Object 'Object Repository/TestUserLocation/addPlusIcon' is clickable

2019-01-29 18:48:01 - [TEST_STEP][PASSED] - click(findTestObject("TestUserLocation/addPlusIcon")): Object: 'Object Repository/TestUserLocation/addPlusIcon' is clicked on

2019-01-29 18:48:06 - [MESSAGE][PASSED] - Object: 'Object Repository/TestUserLocation/addPlusIcon' is clicked on

2019-01-29 18:48:06 - [TEST_STEP][PASSED] - Thread.sleep(2000): null

2019-01-29 18:48:08 - [TEST_STEP][PASSED] - setText(findTestObject("TestUserLocation/setNewName"), findTestData("LocationData").getValue("SubItemsName2", 1)): Text 'SubItem2_29/01/19-18:46' is set on object 'Object Repository/TestUserLocation/setNewName'

2019-01-29 18:48:09 - [MESSAGE][PASSED] - Text 'SubItem2_29/01/19-18:46' is set on object 'Object Repository/TestUserLocation/setNewName'

2019-01-29 18:48:09 - [TEST_STEP][PASSED] - Thread.sleep(2000): null

2019-01-29 18:48:11 - [TEST_STEP][PASSED] - Submission.createResource(): Submission.createResource is PASSED

2019-01-29 18:48:11 - [MESSAGE][PASSED] - Submission.createResource is PASSED

2019-01-29 18:48:11 - [TEST_STEP][NOT_RUN] - setText(findTestObject("TestResource/setPhoneNumber"), "912378456"): NOT_RUN: setText(findTestObject("TestResource/setPhoneNumber"), "912378456")

2019-01-29 18:48:11 - [MESSAGE][NOT_RUN] - NOT_RUN: setText(findTestObject("TestResource/setPhoneNumber"), "912378456")

2019-01-29 18:48:11 - [TEST_STEP][PASSED] - Thread.sleep(2000): null

2019-01-29 18:48:13 - [TEST_STEP][PASSED] - click(findTestObject("TestResource/saveDetailButton")): Object: 'Object Repository/TestResource/saveDetailButton' is clicked on

2019-01-29 18:48:13 - [MESSAGE][PASSED] - Object: 'Object Repository/TestResource/saveDetailButton' is clicked on

2019-01-29 18:48:13 - [TEST_STEP][PASSED] - Thread.sleep(7000): null

2019-01-29 18:48:20 - [TEST_STEP][PASSED] - click(findTestObject("TestResource/linksTab")): Object: 'Object Repository/TestResource/linksTab' is clicked on

2019-01-29 18:48:20 - [MESSAGE][PASSED] - Object: 'Object Repository/TestResource/linksTab' is clicked on

2019-01-29 18:48:20 - [TEST_STEP][PASSED] - Thread.sleep(2000): null

2019-01-29 18:48:22 - [TEST_STEP][PASSED] - click(findTestObject("TestResource/addLink")): Object: 'Object Repository/TestResource/addLink' is clicked on

2019-01-29 18:48:22 - [MESSAGE][PASSED] - Object: 'Object Repository/TestResource/addLink' is clicked on

2019-01-29 18:48:22 - [TEST_STEP][PASSED] - Thread.sleep(5000): null

2019-01-29 18:48:27 - [TEST_STEP][PASSED] - check(findTestObject("TestResource/selectSecondResourceToLink")): Object 'Object Repository/TestResource/selectSecondResourceToLink' is checked

2019-01-29 18:48:27 - [MESSAGE][PASSED] - Object 'Object Repository/TestResource/selectSecondResourceToLink' is checked

2019-01-29 18:48:27 - [TEST_STEP][PASSED] - AdminTool_Location.resourceLinkName(): AdminTool_Location.resourceLinkName is PASSED

2019-01-29 18:48:27 - [MESSAGE][PASSED] - AdminTool_Location.resourceLinkName is PASSED

2019-01-29 18:48:27 - [TEST_STEP][PASSED] - Thread.sleep(2000): null

2019-01-29 18:48:29 - [TEST_STEP][PASSED] - click(findTestObject("TestResource/button2Save")): Object: 'Object Repository/TestResource/button2Save' is clicked on

2019-01-29 18:48:30 - [MESSAGE][PASSED] - Object: 'Object Repository/TestResource/button2Save' is clicked on

2019-01-29 18:48:30 - [TEST_STEP][PASSED] - Thread.sleep(4000): null

2019-01-29 18:48:34 - [TEST_STEP][PASSED] - click(findTestObject("TestResource/locationTab")): Object: 'Object Repository/TestResource/locationTab' is clicked on

2019-01-29 18:48:34 - [MESSAGE][PASSED] - Object: 'Object Repository/TestResource/locationTab' is clicked on

2019-01-29 18:48:34 - [TEST_STEP][PASSED] - Thread.sleep(5000): null

2019-01-29 18:48:39 - [TEST_STEP][PASSED] - AdminTool_Location.checkLocation(): AdminTool_Location.checkLocation is PASSED

2019-01-29 18:48:41 - [MESSAGE][PASSED] - AdminTool_Location.checkLocation is PASSED

2019-01-29 18:48:41 - [TEST_STEP][PASSED] - Thread.sleep(4000): null

2019-01-29 18:48:45 - [TEST_STEP][PASSED] - click(findTestObject("TestResource/saveLocation")): Object: 'Object Repository/TestResource/saveLocation' is clicked on

2019-01-29 18:48:45 - [MESSAGE][PASSED] - Object: 'Object Repository/TestResource/saveLocation' is clicked on]]></system-out>
         <system-err><![CDATA[]]></system-err>
      </testcase>
      <testcase name="Test Cases/CheckResoucesAsPerLocation/validateResource" classname="Test Cases/CheckResoucesAsPerLocation/validateResource" status="PASSED">
         <system-out><![CDATA[2019-01-29 18:48:45 - [TEST_CASE][PASSED] - Test Cases/CheckResoucesAsPerLocation/validateResource: Test Cases/CheckResoucesAsPerLocation/validateResource

2019-01-29 18:48:45 - [TEST_STEP][NOT_RUN] - openBrowser(URL): NOT_RUN: openBrowser(URL)

2019-01-29 18:48:45 - [MESSAGE][NOT_RUN] - NOT_RUN: openBrowser(URL)

2019-01-29 18:48:45 - [TEST_STEP][NOT_RUN] - maximizeWindow(): NOT_RUN: maximizeWindow()

2019-01-29 18:48:45 - [MESSAGE][NOT_RUN] - NOT_RUN: maximizeWindow()

2019-01-29 18:48:45 - [TEST_STEP][NOT_RUN] - setText(findTestObject("Form_Selection_Creation/login_Username"), UserName1): NOT_RUN: setText(findTestObject("Form_Selection_Creation/login_Username"), UserName1)

2019-01-29 18:48:45 - [MESSAGE][NOT_RUN] - NOT_RUN: setText(findTestObject("Form_Selection_Creation/login_Username"), UserName1)

2019-01-29 18:48:45 - [TEST_STEP][NOT_RUN] - setText(findTestObject("Form_Selection_Creation/login_Password"), Password111): NOT_RUN: setText(findTestObject("Form_Selection_Creation/login_Password"), Password111)

2019-01-29 18:48:45 - [MESSAGE][NOT_RUN] - NOT_RUN: setText(findTestObject("Form_Selection_Creation/login_Password"), Password111)

2019-01-29 18:48:45 - [TEST_STEP][PASSED] - Thread.sleep(4000): null

2019-01-29 18:48:49 - [TEST_STEP][PASSED] - FormName.setData(): FormName.setData is PASSED

2019-01-29 18:48:49 - [MESSAGE][PASSED] - FormName.setData is PASSED

2019-01-29 18:48:49 - [TEST_STEP][NOT_RUN] - click(findTestObject("Form_Selection_Creation/login_Button")): NOT_RUN: click(findTestObject("Form_Selection_Creation/login_Button"))

2019-01-29 18:48:49 - [MESSAGE][NOT_RUN] - NOT_RUN: click(findTestObject("Form_Selection_Creation/login_Button"))

2019-01-29 18:48:49 - [TEST_STEP][PASSED] - click(findTestObject("Form_Selection_Creation/mainMenu_Button")): Object: 'Object Repository/Form_Selection_Creation/mainMenu_Button' is clicked on

2019-01-29 18:48:49 - [MESSAGE][PASSED] - Object: 'Object Repository/Form_Selection_Creation/mainMenu_Button' is clicked on

2019-01-29 18:48:49 - [TEST_STEP][PASSED] - Thread.sleep(2000): null

2019-01-29 18:48:51 - [TEST_STEP][NOT_RUN] - click(findTestObject("Form_Selection_Creation/mainMenu_AdminTools")): NOT_RUN: click(findTestObject("Form_Selection_Creation/mainMenu_AdminTools"))

2019-01-29 18:48:51 - [MESSAGE][NOT_RUN] - NOT_RUN: click(findTestObject("Form_Selection_Creation/mainMenu_AdminTools"))

2019-01-29 18:48:51 - [TEST_STEP][PASSED] - click(findTestObject("Form_Selection_Creation/mainMenu_AdminTools_FormDesigner")): Object: 'Object Repository/Form_Selection_Creation/mainMenu_AdminTools_FormDesigner' is clicked on

2019-01-29 18:48:52 - [MESSAGE][PASSED] - Object: 'Object Repository/Form_Selection_Creation/mainMenu_AdminTools_FormDesigner' is clicked on

2019-01-29 18:48:52 - [TEST_STEP][PASSED] - click(findTestObject("Form_Selection_Creation/selectCheckForm")): Object: 'Object Repository/Form_Selection_Creation/selectCheckForm' is clicked on

2019-01-29 18:48:52 - [MESSAGE][PASSED] - Object: 'Object Repository/Form_Selection_Creation/selectCheckForm' is clicked on

2019-01-29 18:48:52 - [TEST_STEP][PASSED] - Thread.sleep(5000): null

2019-01-29 18:48:57 - [TEST_STEP][PASSED] - AdminTool_Location.moveCursor(): AdminTool_Location.moveCursor is PASSED

2019-01-29 18:48:57 - [MESSAGE][PASSED] - AdminTool_Location.moveCursor is PASSED

2019-01-29 18:48:57 - [TEST_STEP][PASSED] - Thread.sleep(2000): null

2019-01-29 18:48:59 - [TEST_STEP][PASSED] - AdminTool_Location.selectResType(): AdminTool_Location.selectResType is PASSED

2019-01-29 18:49:09 - [MESSAGE][PASSED] - AdminTool_Location.selectResType is PASSED

2019-01-29 18:49:09 - [TEST_STEP][PASSED] - AdminTool_Location.dragDropRes(): Element has been clicked

2019-01-29 18:49:14 - [MESSAGE][PASSED] - Element has been clicked

2019-01-29 18:49:14 - [TEST_STEP][PASSED] - Thread.sleep(5000): null

2019-01-29 18:49:19 - [TEST_STEP][NOT_RUN] - dragAndDropToObject(findTestObject("null"), findTestObject("Form_Selection_Creation/Target_Res_Object")): NOT_RUN: dragAndDropToObject(findTestObject("null"), findTestObject("Form_Selection_Creation/Target_Res_Object"))

2019-01-29 18:49:19 - [MESSAGE][NOT_RUN] - NOT_RUN: dragAndDropToObject(findTestObject("null"), findTestObject("Form_Selection_Creation/Target_Res_Object"))

2019-01-29 18:49:19 - [TEST_STEP][PASSED] - AdminTool_Location.validate(): AdminTool_Location.validate is PASSED

2019-01-29 18:49:19 - [MESSAGE][PASSED] - AdminTool_Location.validate is PASSED

2019-01-29 18:49:19 - [TEST_STEP][PASSED] - s = getText(findTestObject("TestResource/testText")): Text of object 'Object Repository/TestResource/testText' is: 'Items > Item_29/01/19-18:46 > SubItem2_29/01/19-18:46'

2019-01-29 18:49:19 - [MESSAGE][PASSED] - Text of object 'Object Repository/TestResource/testText' is: 'Items > Item_29/01/19-18:46 > SubItem2_29/01/19-18:46'

2019-01-29 18:49:19 - [TEST_STEP][PASSED] - println(s): null]]></system-out>
         <system-err><![CDATA[]]></system-err>
      </testcase>
      <testcase name="Test Cases/CheckResoucesAsPerLocation/checkResource_Supplier" classname="Test Cases/CheckResoucesAsPerLocation/checkResource_Supplier" status="PASSED">
         <system-out><![CDATA[2019-01-29 18:49:19 - [TEST_CASE][PASSED] - Test Cases/CheckResoucesAsPerLocation/checkResource_Supplier: Test Cases/CheckResoucesAsPerLocation/checkResource_Supplier

2019-01-29 18:49:19 - [TEST_STEP][NOT_RUN] - openBrowser(URL): NOT_RUN: openBrowser(URL)

2019-01-29 18:49:19 - [MESSAGE][NOT_RUN] - NOT_RUN: openBrowser(URL)

2019-01-29 18:49:19 - [TEST_STEP][NOT_RUN] - maximizeWindow(): NOT_RUN: maximizeWindow()

2019-01-29 18:49:19 - [MESSAGE][NOT_RUN] - NOT_RUN: maximizeWindow()

2019-01-29 18:49:19 - [TEST_STEP][NOT_RUN] - setText(findTestObject("TestUserLocation/login_Username"), UserName1): NOT_RUN: setText(findTestObject("TestUserLocation/login_Username"), UserName1)

2019-01-29 18:49:19 - [MESSAGE][NOT_RUN] - NOT_RUN: setText(findTestObject("TestUserLocation/login_Username"), UserName1)

2019-01-29 18:49:19 - [TEST_STEP][NOT_RUN] - setText(findTestObject("TestUserLocation/login_Password"), Password1): NOT_RUN: setText(findTestObject("TestUserLocation/login_Password"), Password1)

2019-01-29 18:49:19 - [MESSAGE][NOT_RUN] - NOT_RUN: setText(findTestObject("TestUserLocation/login_Password"), Password1)

2019-01-29 18:49:19 - [TEST_STEP][PASSED] - AdminTool_Location.setSupplierName(): AdminTool_Location.setSupplierName is PASSED

2019-01-29 18:49:19 - [MESSAGE][PASSED] - AdminTool_Location.setSupplierName is PASSED

2019-01-29 18:49:19 - [TEST_STEP][NOT_RUN] - click(findTestObject("TestUserLocation/login_Button")): NOT_RUN: click(findTestObject("TestUserLocation/login_Button"))

2019-01-29 18:49:19 - [MESSAGE][NOT_RUN] - NOT_RUN: click(findTestObject("TestUserLocation/login_Button"))

2019-01-29 18:49:19 - [TEST_STEP][PASSED] - Thread.sleep(4000): null

2019-01-29 18:49:23 - [TEST_STEP][PASSED] - click(findTestObject("TestUserLocation/mainmenu_button")): Object: 'Object Repository/TestUserLocation/mainmenu_button' is clicked on

2019-01-29 18:49:23 - [MESSAGE][PASSED] - Object: 'Object Repository/TestUserLocation/mainmenu_button' is clicked on

2019-01-29 18:49:23 - [TEST_STEP][PASSED] - Thread.sleep(2000): null

2019-01-29 18:49:25 - [TEST_STEP][NOT_RUN] - click(findTestObject("TestUserLocation/adminTool")): NOT_RUN: click(findTestObject("TestUserLocation/adminTool"))

2019-01-29 18:49:25 - [MESSAGE][NOT_RUN] - NOT_RUN: click(findTestObject("TestUserLocation/adminTool"))

2019-01-29 18:49:25 - [TEST_STEP][PASSED] - click(findTestObject("TestUserLocation/mainMenuResourceDesigner")): Object: 'Object Repository/TestUserLocation/mainMenuResourceDesigner' is clicked on

2019-01-29 18:49:25 - [MESSAGE][PASSED] - Object: 'Object Repository/TestUserLocation/mainMenuResourceDesigner' is clicked on

2019-01-29 18:49:25 - [TEST_STEP][PASSED] - Thread.sleep(2000): null

2019-01-29 18:49:27 - [TEST_STEP][PASSED] - click(findTestObject("TestUserLocation/yesDelete")): Object: 'Object Repository/TestUserLocation/yesDelete' is clicked on

2019-01-29 18:49:27 - [MESSAGE][PASSED] - Object: 'Object Repository/TestUserLocation/yesDelete' is clicked on

2019-01-29 18:49:27 - [TEST_STEP][PASSED] - Thread.sleep(4000): null

2019-01-29 18:49:31 - [TEST_STEP][PASSED] - click(findTestObject("TestResource/SuppliersDesign")): Object: 'Object Repository/TestResource/SuppliersDesign' is clicked on

2019-01-29 18:49:32 - [MESSAGE][PASSED] - Object: 'Object Repository/TestResource/SuppliersDesign' is clicked on

2019-01-29 18:49:32 - [TEST_STEP][PASSED] - Thread.sleep(4000): null

2019-01-29 18:49:36 - [TEST_STEP][PASSED] - waitForElementClickable(findTestObject("TestUserLocation/categories"), 45): Object 'Object Repository/TestUserLocation/categories' is clickable

2019-01-29 18:49:36 - [MESSAGE][PASSED] - Object 'Object Repository/TestUserLocation/categories' is clickable

2019-01-29 18:49:36 - [TEST_STEP][PASSED] - click(findTestObject("TestUserLocation/categories")): Object: 'Object Repository/TestUserLocation/categories' is clicked on

2019-01-29 18:49:36 - [MESSAGE][PASSED] - Object: 'Object Repository/TestUserLocation/categories' is clicked on

2019-01-29 18:49:36 - [TEST_STEP][PASSED] - Thread.sleep(2000): null

2019-01-29 18:49:38 - [TEST_STEP][PASSED] - click(findTestObject("TestUserLocation/defaultArea")): Object: 'Object Repository/TestUserLocation/defaultArea' is clicked on

2019-01-29 18:49:38 - [MESSAGE][PASSED] - Object: 'Object Repository/TestUserLocation/defaultArea' is clicked on

2019-01-29 18:49:38 - [TEST_STEP][PASSED] - Thread.sleep(2000): null

2019-01-29 18:49:40 - [TEST_STEP][PASSED] - click(findTestObject("TestUserLocation/hoverHeading")): Object: 'Object Repository/TestUserLocation/hoverHeading' is clicked on

2019-01-29 18:49:40 - [MESSAGE][PASSED] - Object: 'Object Repository/TestUserLocation/hoverHeading' is clicked on

2019-01-29 18:49:40 - [TEST_STEP][PASSED] - click(findTestObject("TestUserLocation/addPlusIcon")): Object: 'Object Repository/TestUserLocation/addPlusIcon' is clicked on

2019-01-29 18:49:40 - [MESSAGE][PASSED] - Object: 'Object Repository/TestUserLocation/addPlusIcon' is clicked on

2019-01-29 18:49:40 - [TEST_STEP][PASSED] - setText(findTestObject("TestUserLocation/setNewName"), findTestData("LocationData").getValue("SuppliersName", 1)): Text 'Supplier_29/01/19-18:49' is set on object 'Object Repository/TestUserLocation/setNewName'

2019-01-29 18:49:40 - [MESSAGE][PASSED] - Text 'Supplier_29/01/19-18:49' is set on object 'Object Repository/TestUserLocation/setNewName'

2019-01-29 18:49:40 - [TEST_STEP][PASSED] - Thread.sleep(2000): null

2019-01-29 18:49:42 - [TEST_STEP][PASSED] - click(findTestObject("TestUserLocation/saveButton")): Object: 'Object Repository/TestUserLocation/saveButton' is clicked on

2019-01-29 18:49:42 - [MESSAGE][PASSED] - Object: 'Object Repository/TestUserLocation/saveButton' is clicked on

2019-01-29 18:49:42 - [TEST_STEP][PASSED] - Thread.sleep(4000): null

2019-01-29 18:49:46 - [TEST_STEP][PASSED] - Thread.sleep(4000): null

2019-01-29 18:49:50 - [TEST_STEP][PASSED] - click(findTestObject("TestUserLocation/mainmenu_button")): Object: 'Object Repository/TestUserLocation/mainmenu_button' is clicked on

2019-01-29 18:49:51 - [MESSAGE][PASSED] - Object: 'Object Repository/TestUserLocation/mainmenu_button' is clicked on

2019-01-29 18:49:51 - [TEST_STEP][PASSED] - Thread.sleep(2000): null

2019-01-29 18:49:53 - [TEST_STEP][PASSED] - click(findTestObject("TestResource/mainMenu_resources")): Object: 'Object Repository/TestResource/mainMenu_resources' is clicked on

2019-01-29 18:49:53 - [MESSAGE][PASSED] - Object: 'Object Repository/TestResource/mainMenu_resources' is clicked on

2019-01-29 18:49:53 - [TEST_STEP][PASSED] - Thread.sleep(4000): null

2019-01-29 18:49:57 - [TEST_STEP][PASSED] - click(findTestObject("TestResource/suppliers")): Object: 'Object Repository/TestResource/suppliers' is clicked on

2019-01-29 18:49:57 - [MESSAGE][PASSED] - Object: 'Object Repository/TestResource/suppliers' is clicked on

2019-01-29 18:49:57 - [TEST_STEP][PASSED] - Thread.sleep(4000): null

2019-01-29 18:50:01 - [TEST_STEP][PASSED] - AdminTool_Location.selectSupplier(): Element has been clicked

2019-01-29 18:50:05 - [MESSAGE][PASSED] - Element has been clicked

2019-01-29 18:50:05 - [TEST_STEP][PASSED] - Thread.sleep(4000): null

2019-01-29 18:50:09 - [TEST_STEP][PASSED] - waitForElementClickable(findTestObject("TestUserLocation/addPlusIcon"), 45): Object 'Object Repository/TestUserLocation/addPlusIcon' is clickable

2019-01-29 18:50:09 - [MESSAGE][PASSED] - Object 'Object Repository/TestUserLocation/addPlusIcon' is clickable

2019-01-29 18:50:09 - [TEST_STEP][PASSED] - click(findTestObject("TestUserLocation/addPlusIcon")): Object: 'Object Repository/TestUserLocation/addPlusIcon' is clicked on

2019-01-29 18:50:09 - [MESSAGE][PASSED] - Object: 'Object Repository/TestUserLocation/addPlusIcon' is clicked on

2019-01-29 18:50:09 - [TEST_STEP][PASSED] - Thread.sleep(2000): null

2019-01-29 18:50:11 - [TEST_STEP][PASSED] - setText(findTestObject("TestUserLocation/setNewName"), findTestData("LocationData").getValue("SubSuppliersName1", 1)): Text 'SubSupplier1_29/01/19-18:49' is set on object 'Object Repository/TestUserLocation/setNewName'

2019-01-29 18:50:12 - [MESSAGE][PASSED] - Text 'SubSupplier1_29/01/19-18:49' is set on object 'Object Repository/TestUserLocation/setNewName'

2019-01-29 18:50:12 - [TEST_STEP][NOT_RUN] - setText(findTestObject("TestResource/setPhoneNumber"), "912378456"): NOT_RUN: setText(findTestObject("TestResource/setPhoneNumber"), "912378456")

2019-01-29 18:50:12 - [MESSAGE][NOT_RUN] - NOT_RUN: setText(findTestObject("TestResource/setPhoneNumber"), "912378456")

2019-01-29 18:50:12 - [TEST_STEP][PASSED] - Thread.sleep(2000): null

2019-01-29 18:50:14 - [TEST_STEP][PASSED] - Submission.createResource(): Submission.createResource is PASSED

2019-01-29 18:50:14 - [MESSAGE][PASSED] - Submission.createResource is PASSED

2019-01-29 18:50:14 - [TEST_STEP][PASSED] - Thread.sleep(2000): null

2019-01-29 18:50:16 - [TEST_STEP][PASSED] - click(findTestObject("TestResource/saveDetailButton")): Object: 'Object Repository/TestResource/saveDetailButton' is clicked on

2019-01-29 18:50:16 - [MESSAGE][PASSED] - Object: 'Object Repository/TestResource/saveDetailButton' is clicked on

2019-01-29 18:50:16 - [TEST_STEP][PASSED] - Thread.sleep(7000): null

2019-01-29 18:50:23 - [TEST_STEP][PASSED] - click(findTestObject("TestResource/disableResource")): Object: 'Object Repository/TestResource/disableResource' is clicked on

2019-01-29 18:50:23 - [MESSAGE][PASSED] - Object: 'Object Repository/TestResource/disableResource' is clicked on

2019-01-29 18:50:23 - [TEST_STEP][PASSED] - Thread.sleep(2000): null

2019-01-29 18:50:25 - [TEST_STEP][PASSED] - click(findTestObject("TestResource/button2Yes")): Object: 'Object Repository/TestResource/button2Yes' is clicked on

2019-01-29 18:50:25 - [MESSAGE][PASSED] - Object: 'Object Repository/TestResource/button2Yes' is clicked on

2019-01-29 18:50:25 - [TEST_STEP][PASSED] - Thread.sleep(2000): null

2019-01-29 18:50:27 - [TEST_STEP][PASSED] - click(findTestObject("TestResource/saveDetailButton")): Object: 'Object Repository/TestResource/saveDetailButton' is clicked on

2019-01-29 18:50:27 - [MESSAGE][PASSED] - Object: 'Object Repository/TestResource/saveDetailButton' is clicked on

2019-01-29 18:50:27 - [TEST_STEP][PASSED] - Thread.sleep(7000): null

2019-01-29 18:50:34 - [TEST_STEP][PASSED] - click(findTestObject("TestResource/linksTab")): Object: 'Object Repository/TestResource/linksTab' is clicked on

2019-01-29 18:50:34 - [MESSAGE][PASSED] - Object: 'Object Repository/TestResource/linksTab' is clicked on

2019-01-29 18:50:34 - [TEST_STEP][PASSED] - Thread.sleep(2000): null

2019-01-29 18:50:36 - [TEST_STEP][PASSED] - click(findTestObject("TestResource/addLink")): Object: 'Object Repository/TestResource/addLink' is clicked on

2019-01-29 18:50:36 - [MESSAGE][PASSED] - Object: 'Object Repository/TestResource/addLink' is clicked on

2019-01-29 18:50:36 - [TEST_STEP][PASSED] - Thread.sleep(5000): null

2019-01-29 18:50:41 - [TEST_STEP][PASSED] - check(findTestObject("TestResource/selectSecondResourceToLink")): Object 'Object Repository/TestResource/selectSecondResourceToLink' is checked

2019-01-29 18:50:42 - [MESSAGE][PASSED] - Object 'Object Repository/TestResource/selectSecondResourceToLink' is checked

2019-01-29 18:50:42 - [TEST_STEP][PASSED] - AdminTool_Location.resourceLinkName(): AdminTool_Location.resourceLinkName is PASSED

2019-01-29 18:50:42 - [MESSAGE][PASSED] - AdminTool_Location.resourceLinkName is PASSED

2019-01-29 18:50:42 - [TEST_STEP][PASSED] - Thread.sleep(2000): null

2019-01-29 18:50:44 - [TEST_STEP][PASSED] - click(findTestObject("TestResource/button2Save")): Object: 'Object Repository/TestResource/button2Save' is clicked on

2019-01-29 18:50:44 - [MESSAGE][PASSED] - Object: 'Object Repository/TestResource/button2Save' is clicked on

2019-01-29 18:50:44 - [TEST_STEP][PASSED] - Thread.sleep(4000): null

2019-01-29 18:50:48 - [TEST_STEP][PASSED] - click(findTestObject("TestResource/locationTab")): Object: 'Object Repository/TestResource/locationTab' is clicked on

2019-01-29 18:50:48 - [MESSAGE][PASSED] - Object: 'Object Repository/TestResource/locationTab' is clicked on

2019-01-29 18:50:48 - [TEST_STEP][PASSED] - Thread.sleep(5000): null

2019-01-29 18:50:53 - [TEST_STEP][PASSED] - AdminTool_Location.checkLocation(): AdminTool_Location.checkLocation is PASSED

2019-01-29 18:50:55 - [MESSAGE][PASSED] - AdminTool_Location.checkLocation is PASSED

2019-01-29 18:50:55 - [TEST_STEP][PASSED] - Thread.sleep(4000): null

2019-01-29 18:50:59 - [TEST_STEP][PASSED] - AdminTool_Location.moveCursor(): AdminTool_Location.moveCursor is PASSED

2019-01-29 18:50:59 - [MESSAGE][PASSED] - AdminTool_Location.moveCursor is PASSED

2019-01-29 18:50:59 - [TEST_STEP][PASSED] - Thread.sleep(2000): null

2019-01-29 18:51:01 - [TEST_STEP][PASSED] - click(findTestObject("TestResource/saveLocation")): Object: 'Object Repository/TestResource/saveLocation' is clicked on

2019-01-29 18:51:01 - [MESSAGE][PASSED] - Object: 'Object Repository/TestResource/saveLocation' is clicked on

2019-01-29 18:51:01 - [TEST_STEP][PASSED] - click(findTestObject("TestUserLocation/mainmenu_button")): Object: 'Object Repository/TestUserLocation/mainmenu_button' is clicked on

2019-01-29 18:51:02 - [MESSAGE][PASSED] - Object: 'Object Repository/TestUserLocation/mainmenu_button' is clicked on

2019-01-29 18:51:02 - [TEST_STEP][PASSED] - Thread.sleep(2000): null

2019-01-29 18:51:04 - [TEST_STEP][PASSED] - click(findTestObject("TestResource/mainMenu_resources")): Object: 'Object Repository/TestResource/mainMenu_resources' is clicked on

2019-01-29 18:51:04 - [MESSAGE][PASSED] - Object: 'Object Repository/TestResource/mainMenu_resources' is clicked on

2019-01-29 18:51:04 - [TEST_STEP][PASSED] - Thread.sleep(4000): null

2019-01-29 18:51:08 - [TEST_STEP][PASSED] - click(findTestObject("TestResource/suppliers")): Object: 'Object Repository/TestResource/suppliers' is clicked on

2019-01-29 18:51:09 - [MESSAGE][PASSED] - Object: 'Object Repository/TestResource/suppliers' is clicked on

2019-01-29 18:51:09 - [TEST_STEP][PASSED] - Thread.sleep(4000): null

2019-01-29 18:51:13 - [TEST_STEP][PASSED] - AdminTool_Location.selectSupplier(): Element has been clicked

2019-01-29 18:51:17 - [MESSAGE][PASSED] - Element has been clicked

2019-01-29 18:51:17 - [TEST_STEP][PASSED] - Thread.sleep(4000): null

2019-01-29 18:51:21 - [TEST_STEP][PASSED] - waitForElementClickable(findTestObject("TestUserLocation/addPlusIcon"), 45): Object 'Object Repository/TestUserLocation/addPlusIcon' is clickable

2019-01-29 18:51:21 - [MESSAGE][PASSED] - Object 'Object Repository/TestUserLocation/addPlusIcon' is clickable

2019-01-29 18:51:21 - [TEST_STEP][PASSED] - click(findTestObject("TestUserLocation/addPlusIcon")): Object: 'Object Repository/TestUserLocation/addPlusIcon' is clicked on

2019-01-29 18:51:21 - [MESSAGE][PASSED] - Object: 'Object Repository/TestUserLocation/addPlusIcon' is clicked on

2019-01-29 18:51:21 - [TEST_STEP][PASSED] - Thread.sleep(2000): null

2019-01-29 18:51:23 - [TEST_STEP][PASSED] - setText(findTestObject("TestUserLocation/setNewName"), findTestData("LocationData").getValue("SubSuppliersName2", 1)): Text 'SubSupplier2_29/01/19-18:49' is set on object 'Object Repository/TestUserLocation/setNewName'

2019-01-29 18:51:24 - [MESSAGE][PASSED] - Text 'SubSupplier2_29/01/19-18:49' is set on object 'Object Repository/TestUserLocation/setNewName'

2019-01-29 18:51:24 - [TEST_STEP][PASSED] - Thread.sleep(2000): null

2019-01-29 18:51:26 - [TEST_STEP][PASSED] - Submission.createResource(): Submission.createResource is PASSED

2019-01-29 18:51:26 - [MESSAGE][PASSED] - Submission.createResource is PASSED

2019-01-29 18:51:26 - [TEST_STEP][NOT_RUN] - setText(findTestObject("TestResource/setPhoneNumber"), "912378456"): NOT_RUN: setText(findTestObject("TestResource/setPhoneNumber"), "912378456")

2019-01-29 18:51:26 - [MESSAGE][NOT_RUN] - NOT_RUN: setText(findTestObject("TestResource/setPhoneNumber"), "912378456")

2019-01-29 18:51:26 - [TEST_STEP][PASSED] - Thread.sleep(2000): null

2019-01-29 18:51:28 - [TEST_STEP][PASSED] - click(findTestObject("TestResource/saveDetailButton")): Object: 'Object Repository/TestResource/saveDetailButton' is clicked on

2019-01-29 18:51:28 - [MESSAGE][PASSED] - Object: 'Object Repository/TestResource/saveDetailButton' is clicked on

2019-01-29 18:51:28 - [TEST_STEP][PASSED] - Thread.sleep(7000): null

2019-01-29 18:51:35 - [TEST_STEP][PASSED] - click(findTestObject("TestResource/linksTab")): Object: 'Object Repository/TestResource/linksTab' is clicked on

2019-01-29 18:51:35 - [MESSAGE][PASSED] - Object: 'Object Repository/TestResource/linksTab' is clicked on

2019-01-29 18:51:35 - [TEST_STEP][PASSED] - Thread.sleep(2000): null

2019-01-29 18:51:37 - [TEST_STEP][PASSED] - click(findTestObject("TestResource/addLink")): Object: 'Object Repository/TestResource/addLink' is clicked on

2019-01-29 18:51:37 - [MESSAGE][PASSED] - Object: 'Object Repository/TestResource/addLink' is clicked on

2019-01-29 18:51:37 - [TEST_STEP][PASSED] - Thread.sleep(5000): null

2019-01-29 18:51:42 - [TEST_STEP][PASSED] - check(findTestObject("TestResource/selectSecondResourceToLink")): Object 'Object Repository/TestResource/selectSecondResourceToLink' is checked

2019-01-29 18:51:42 - [MESSAGE][PASSED] - Object 'Object Repository/TestResource/selectSecondResourceToLink' is checked

2019-01-29 18:51:42 - [TEST_STEP][PASSED] - AdminTool_Location.resourceLinkName(): AdminTool_Location.resourceLinkName is PASSED

2019-01-29 18:51:42 - [MESSAGE][PASSED] - AdminTool_Location.resourceLinkName is PASSED

2019-01-29 18:51:42 - [TEST_STEP][PASSED] - Thread.sleep(2000): null

2019-01-29 18:51:44 - [TEST_STEP][PASSED] - click(findTestObject("TestResource/button2Save")): Object: 'Object Repository/TestResource/button2Save' is clicked on

2019-01-29 18:51:44 - [MESSAGE][PASSED] - Object: 'Object Repository/TestResource/button2Save' is clicked on

2019-01-29 18:51:44 - [TEST_STEP][PASSED] - Thread.sleep(4000): null

2019-01-29 18:51:48 - [TEST_STEP][PASSED] - click(findTestObject("TestResource/locationTab")): Object: 'Object Repository/TestResource/locationTab' is clicked on

2019-01-29 18:51:48 - [MESSAGE][PASSED] - Object: 'Object Repository/TestResource/locationTab' is clicked on

2019-01-29 18:51:48 - [TEST_STEP][PASSED] - Thread.sleep(5000): null

2019-01-29 18:51:53 - [TEST_STEP][PASSED] - AdminTool_Location.checkLocation(): AdminTool_Location.checkLocation is PASSED

2019-01-29 18:51:56 - [MESSAGE][PASSED] - AdminTool_Location.checkLocation is PASSED

2019-01-29 18:51:56 - [TEST_STEP][PASSED] - Thread.sleep(4000): null

2019-01-29 18:52:00 - [TEST_STEP][PASSED] - click(findTestObject("TestResource/saveLocation")): Object: 'Object Repository/TestResource/saveLocation' is clicked on

2019-01-29 18:52:00 - [MESSAGE][PASSED] - Object: 'Object Repository/TestResource/saveLocation' is clicked on]]></system-out>
         <system-err><![CDATA[]]></system-err>
      </testcase>
      <testcase name="Test Cases/CheckResoucesAsPerLocation/validateResource" classname="Test Cases/CheckResoucesAsPerLocation/validateResource" status="PASSED">
         <system-out><![CDATA[2019-01-29 18:52:00 - [TEST_CASE][PASSED] - Test Cases/CheckResoucesAsPerLocation/validateResource: Test Cases/CheckResoucesAsPerLocation/validateResource

2019-01-29 18:52:00 - [TEST_STEP][NOT_RUN] - openBrowser(URL): NOT_RUN: openBrowser(URL)

2019-01-29 18:52:00 - [MESSAGE][NOT_RUN] - NOT_RUN: openBrowser(URL)

2019-01-29 18:52:00 - [TEST_STEP][NOT_RUN] - maximizeWindow(): NOT_RUN: maximizeWindow()

2019-01-29 18:52:00 - [MESSAGE][NOT_RUN] - NOT_RUN: maximizeWindow()

2019-01-29 18:52:00 - [TEST_STEP][NOT_RUN] - setText(findTestObject("Form_Selection_Creation/login_Username"), UserName1): NOT_RUN: setText(findTestObject("Form_Selection_Creation/login_Username"), UserName1)

2019-01-29 18:52:00 - [MESSAGE][NOT_RUN] - NOT_RUN: setText(findTestObject("Form_Selection_Creation/login_Username"), UserName1)

2019-01-29 18:52:00 - [TEST_STEP][NOT_RUN] - setText(findTestObject("Form_Selection_Creation/login_Password"), Password111): NOT_RUN: setText(findTestObject("Form_Selection_Creation/login_Password"), Password111)

2019-01-29 18:52:00 - [MESSAGE][NOT_RUN] - NOT_RUN: setText(findTestObject("Form_Selection_Creation/login_Password"), Password111)

2019-01-29 18:52:00 - [TEST_STEP][PASSED] - Thread.sleep(4000): null

2019-01-29 18:52:04 - [TEST_STEP][PASSED] - FormName.setData(): FormName.setData is PASSED

2019-01-29 18:52:04 - [MESSAGE][PASSED] - FormName.setData is PASSED

2019-01-29 18:52:04 - [TEST_STEP][NOT_RUN] - click(findTestObject("Form_Selection_Creation/login_Button")): NOT_RUN: click(findTestObject("Form_Selection_Creation/login_Button"))

2019-01-29 18:52:04 - [MESSAGE][NOT_RUN] - NOT_RUN: click(findTestObject("Form_Selection_Creation/login_Button"))

2019-01-29 18:52:04 - [TEST_STEP][PASSED] - click(findTestObject("Form_Selection_Creation/mainMenu_Button")): Object: 'Object Repository/Form_Selection_Creation/mainMenu_Button' is clicked on

2019-01-29 18:52:04 - [MESSAGE][PASSED] - Object: 'Object Repository/Form_Selection_Creation/mainMenu_Button' is clicked on

2019-01-29 18:52:04 - [TEST_STEP][PASSED] - Thread.sleep(2000): null

2019-01-29 18:52:06 - [TEST_STEP][NOT_RUN] - click(findTestObject("Form_Selection_Creation/mainMenu_AdminTools")): NOT_RUN: click(findTestObject("Form_Selection_Creation/mainMenu_AdminTools"))

2019-01-29 18:52:06 - [MESSAGE][NOT_RUN] - NOT_RUN: click(findTestObject("Form_Selection_Creation/mainMenu_AdminTools"))

2019-01-29 18:52:06 - [TEST_STEP][PASSED] - click(findTestObject("Form_Selection_Creation/mainMenu_AdminTools_FormDesigner")): Object: 'Object Repository/Form_Selection_Creation/mainMenu_AdminTools_FormDesigner' is clicked on

2019-01-29 18:52:06 - [MESSAGE][PASSED] - Object: 'Object Repository/Form_Selection_Creation/mainMenu_AdminTools_FormDesigner' is clicked on

2019-01-29 18:52:06 - [TEST_STEP][PASSED] - click(findTestObject("Form_Selection_Creation/selectCheckForm")): Object: 'Object Repository/Form_Selection_Creation/selectCheckForm' is clicked on

2019-01-29 18:52:06 - [MESSAGE][PASSED] - Object: 'Object Repository/Form_Selection_Creation/selectCheckForm' is clicked on

2019-01-29 18:52:06 - [TEST_STEP][PASSED] - Thread.sleep(5000): null

2019-01-29 18:52:11 - [TEST_STEP][PASSED] - AdminTool_Location.moveCursor(): AdminTool_Location.moveCursor is PASSED

2019-01-29 18:52:11 - [MESSAGE][PASSED] - AdminTool_Location.moveCursor is PASSED

2019-01-29 18:52:11 - [TEST_STEP][PASSED] - Thread.sleep(2000): null

2019-01-29 18:52:13 - [TEST_STEP][PASSED] - AdminTool_Location.selectResType(): AdminTool_Location.selectResType is PASSED

2019-01-29 18:52:24 - [MESSAGE][PASSED] - AdminTool_Location.selectResType is PASSED

2019-01-29 18:52:24 - [TEST_STEP][PASSED] - AdminTool_Location.dragDropRes(): Element has been clicked

2019-01-29 18:52:28 - [MESSAGE][PASSED] - Element has been clicked

2019-01-29 18:52:28 - [TEST_STEP][PASSED] - Thread.sleep(5000): null

2019-01-29 18:52:33 - [TEST_STEP][NOT_RUN] - dragAndDropToObject(findTestObject("null"), findTestObject("Form_Selection_Creation/Target_Res_Object")): NOT_RUN: dragAndDropToObject(findTestObject("null"), findTestObject("Form_Selection_Creation/Target_Res_Object"))

2019-01-29 18:52:33 - [MESSAGE][NOT_RUN] - NOT_RUN: dragAndDropToObject(findTestObject("null"), findTestObject("Form_Selection_Creation/Target_Res_Object"))

2019-01-29 18:52:33 - [TEST_STEP][PASSED] - AdminTool_Location.validate(): AdminTool_Location.validate is PASSED

2019-01-29 18:52:33 - [MESSAGE][PASSED] - AdminTool_Location.validate is PASSED

2019-01-29 18:52:33 - [TEST_STEP][PASSED] - s = getText(findTestObject("TestResource/testText")): Text of object 'Object Repository/TestResource/testText' is: 'Suppliers > Supplier_29/01/19-18:49 > SubSupplier2_29/01/19-18:49'

2019-01-29 18:52:33 - [MESSAGE][PASSED] - Text of object 'Object Repository/TestResource/testText' is: 'Suppliers > Supplier_29/01/19-18:49 > SubSupplier2_29/01/19-18:49'

2019-01-29 18:52:33 - [TEST_STEP][PASSED] - println(s): null]]></system-out>
         <system-err><![CDATA[]]></system-err>
      </testcase>
      <system-out><![CDATA[2019-01-29 18:37:38 - [TEST_SUITE][PASSED] - CheckAllResources: Test Cases/CheckResoucesAsPerLocation/validateResource]]></system-out>
      <system-err><![CDATA[]]></system-err>
   </testsuite>
</testsuites>
