<?xml version="1.0" encoding="UTF-8"?>
<testsuites name="First_SupplierFlow" time="478" tests="6" failures="0" errors="0">
   <testsuite name="First_SupplierFlow" tests="6" failures="0" errors="0" time="478" timestamp="2018-12-17 18:57:30" hostname="pashine_a - Abhishek-Pashine.India.XoriantCorp.com" id="Test Suites/First_SupplierFlow">
      <properties>
         <property name="deviceName" value=""/>
         <property name="devicePlatform" value=""/>
         <property name="logFolder" value="D:\\Git Data\\SafetyChain-Test-Automation-Katalon\\Reports\\First_SupplierFlow\\20181217_185727"/>
         <property name="logFiles" value="D:\\Git Data\\SafetyChain-Test-Automation-Katalon\\Reports\\First_SupplierFlow\\20181217_185727\\execution0.log"/>
         <property name="attachments" value=""/>
         <property name="hostName" value="pashine_a - Abhishek-Pashine.India.XoriantCorp.com"/>
         <property name="os" value="Windows 7 64bit"/>
         <property name="katalonVersion" value="5.9.1.2"/>
         <property name="browser" value="Chrome 71.0.3578.98"/>
         <property name="hostAddress" value="10.21.7.147"/>
         <property name="sessionId" value="4e3bb513fd952540a5d23f75817a4105"/>
         <property name="seleniumVersion" value="3.7.1"/>
         <property name="proxyInformation" value="ProxyInformation{proxyOption=NO_PROXY, proxyServerType=HTTP, password=, proxyServerAddress=, proxyServerPort=0}"/>
         <property name="platform" value="Windows 7"/>
      </properties>
      <testcase name="Test Cases/SupplierFlow/1_CreateForm" classname="Test Cases/SupplierFlow/1_CreateForm" status="PASSED">
         <system-out><![CDATA[2018-12-17 18:57:30 - [TEST_CASE][PASSED] - Test Cases/SupplierFlow/1_CreateForm: Test Cases/SupplierFlow/1_CreateForm

2018-12-17 18:57:32 - [TEST_STEP][PASSED] - openBrowser(URL): Browser is opened with url: 'https://test2.stage.safetychain.com'

2018-12-17 18:57:32 - [MESSAGE][INFO] - Starting 'Chrome' driver

2018-12-17 18:57:32 - [MESSAGE][INFO] - Action delay is set to 0 seconds

2018-12-17 18:58:06 - [MESSAGE][PASSED] - Browser is opened with url: 'https://test2.stage.safetychain.com'

2018-12-17 18:58:06 - [TEST_STEP][PASSED] - maximizeWindow(): Current window maximized

2018-12-17 18:58:07 - [MESSAGE][PASSED] - Current window maximized

2018-12-17 18:58:07 - [TEST_STEP][PASSED] - setText(findTestObject("Form_Selection_Creation/login_Username"), UserName): Text 'superadmin' is set on object 'Object Repository/Form_Selection_Creation/login_Username'

2018-12-17 18:58:11 - [MESSAGE][PASSED] - Text 'superadmin' is set on object 'Object Repository/Form_Selection_Creation/login_Username'

2018-12-17 18:58:11 - [TEST_STEP][PASSED] - setText(findTestObject("Form_Selection_Creation/login_Password"), Password): Text 'sliptest23772boot' is set on object 'Object Repository/Form_Selection_Creation/login_Password'

2018-12-17 18:58:11 - [MESSAGE][PASSED] - Text 'sliptest23772boot' is set on object 'Object Repository/Form_Selection_Creation/login_Password'

2018-12-17 18:58:11 - [TEST_STEP][PASSED] - FormName.setData(): FormName.setData is PASSED

2018-12-17 18:58:13 - [MESSAGE][PASSED] - FormName.setData is PASSED

2018-12-17 18:58:13 - [TEST_STEP][PASSED] - click(findTestObject("Form_Selection_Creation/login_Button")): Object: 'Object Repository/Form_Selection_Creation/login_Button' is clicked on

2018-12-17 18:58:14 - [MESSAGE][PASSED] - Object: 'Object Repository/Form_Selection_Creation/login_Button' is clicked on

2018-12-17 18:58:14 - [TEST_STEP][PASSED] - Thread.sleep(3000): null

2018-12-17 18:58:17 - [TEST_STEP][PASSED] - click(findTestObject("Form_Selection_Creation/mainMenu_Button")): Object: 'Object Repository/Form_Selection_Creation/mainMenu_Button' is clicked on

2018-12-17 18:58:19 - [MESSAGE][PASSED] - Object: 'Object Repository/Form_Selection_Creation/mainMenu_Button' is clicked on

2018-12-17 18:58:19 - [TEST_STEP][PASSED] - click(findTestObject("Form_Selection_Creation/mainMenu_AdminTools")): Object: 'Object Repository/Form_Selection_Creation/mainMenu_AdminTools' is clicked on

2018-12-17 18:58:19 - [MESSAGE][PASSED] - Object: 'Object Repository/Form_Selection_Creation/mainMenu_AdminTools' is clicked on

2018-12-17 18:58:19 - [TEST_STEP][PASSED] - click(findTestObject("Form_Selection_Creation/mainMenu_AdminTools_FormDesigner")): Object: 'Object Repository/Form_Selection_Creation/mainMenu_AdminTools_FormDesigner' is clicked on

2018-12-17 18:58:19 - [MESSAGE][PASSED] - Object: 'Object Repository/Form_Selection_Creation/mainMenu_AdminTools_FormDesigner' is clicked on

2018-12-17 18:58:19 - [TEST_STEP][PASSED] - Thread.sleep(2000): null

2018-12-17 18:58:21 - [TEST_STEP][PASSED] - click(findTestObject("Form_Selection_Creation/selectQuestionaireForm")): Object: 'Object Repository/Form_Selection_Creation/selectQuestionaireForm' is clicked on

2018-12-17 18:58:21 - [MESSAGE][PASSED] - Object: 'Object Repository/Form_Selection_Creation/selectQuestionaireForm' is clicked on

2018-12-17 18:58:21 - [TEST_STEP][PASSED] - Thread.sleep(3000): null

2018-12-17 18:58:24 - [TEST_STEP][PASSED] - dragAndDropToObject(findTestObject("Form_Selection_Creation/formDesign_selectResource"), findTestObject("Form_Selection_Creation/Target_Res_Object")): Dragged object with id 'Object Repository/Form_Selection_Creation/formDesign_selectResource' to object with id 'TestObject - 'Object Repository/Form_Selection_Creation/Target_Res_Object'' successfully

2018-12-17 18:58:25 - [MESSAGE][PASSED] - Dragged object with id 'Object Repository/Form_Selection_Creation/formDesign_selectResource' to object with id 'TestObject - 'Object Repository/Form_Selection_Creation/Target_Res_Object'' successfully

2018-12-17 18:58:25 - [TEST_STEP][PASSED] - Thread.sleep(6000): null

2018-12-17 18:58:31 - [TEST_STEP][PASSED] - click(findTestObject("Form_Selection_Creation/formCreation_NextToDesignForm")): Object: 'Object Repository/Form_Selection_Creation/formCreation_NextToDesignForm' is clicked on

2018-12-17 18:58:31 - [MESSAGE][PASSED] - Object: 'Object Repository/Form_Selection_Creation/formCreation_NextToDesignForm' is clicked on

2018-12-17 18:58:31 - [TEST_STEP][PASSED] - Thread.sleep(4000): null

2018-12-17 18:58:35 - [TEST_STEP][PASSED] - FormName.createForm(findTestObject("Form_Selection_Creation/formDesign_FormName")): FormName.createForm is PASSED

2018-12-17 18:58:36 - [MESSAGE][PASSED] - FormName.createForm is PASSED

2018-12-17 18:58:36 - [TEST_STEP][PASSED] - Thread.sleep(2000): null

2018-12-17 18:58:38 - [TEST_STEP][PASSED] - dragAndDropToObject(findTestObject("Form_Selection_Creation/formDesign_SelectSection"), findTestObject("Form_Selection_Creation/default_area")): Dragged object with id 'Object Repository/Form_Selection_Creation/formDesign_SelectSection' to object with id 'TestObject - 'Object Repository/Form_Selection_Creation/default_area'' successfully

2018-12-17 18:58:39 - [MESSAGE][PASSED] - Dragged object with id 'Object Repository/Form_Selection_Creation/formDesign_SelectSection' to object with id 'TestObject - 'Object Repository/Form_Selection_Creation/default_area'' successfully

2018-12-17 18:58:39 - [TEST_STEP][PASSED] - setText(findTestObject("Form_Selection_Creation/formDesign_SectionName_text"), "This is Section "): Text 'This is Section ' is set on object 'Object Repository/Form_Selection_Creation/formDesign_SectionName_text'

2018-12-17 18:58:39 - [MESSAGE][PASSED] - Text 'This is Section ' is set on object 'Object Repository/Form_Selection_Creation/formDesign_SectionName_text'

2018-12-17 18:58:39 - [TEST_STEP][PASSED] - Thread.sleep(2000): null

2018-12-17 18:58:41 - [TEST_STEP][PASSED] - dragAndDropToObject(findTestObject("Form_Selection_Creation/formDesign_SelectFieldgroup"), findTestObject("Form_Selection_Creation/section_area")): Dragged object with id 'Object Repository/Form_Selection_Creation/formDesign_SelectFieldgroup' to object with id 'TestObject - 'Object Repository/Form_Selection_Creation/section_area'' successfully

2018-12-17 18:58:42 - [MESSAGE][PASSED] - Dragged object with id 'Object Repository/Form_Selection_Creation/formDesign_SelectFieldgroup' to object with id 'TestObject - 'Object Repository/Form_Selection_Creation/section_area'' successfully

2018-12-17 18:58:42 - [TEST_STEP][PASSED] - setText(findTestObject("Form_Selection_Creation/formDesign_FieldGroupName_text"), "This is Field Group "): Text 'This is Field Group ' is set on object 'Object Repository/Form_Selection_Creation/formDesign_FieldGroupName_text'

2018-12-17 18:58:42 - [MESSAGE][PASSED] - Text 'This is Field Group ' is set on object 'Object Repository/Form_Selection_Creation/formDesign_FieldGroupName_text'

2018-12-17 18:58:42 - [TEST_STEP][PASSED] - Thread.sleep(2000): null

2018-12-17 18:58:44 - [TEST_STEP][PASSED] - dragAndDropToObject(findTestObject("Form_Selection_Creation/formDesign_SelectFree Text"), findTestObject("Form_Selection_Creation/group_area")): Dragged object with id 'Object Repository/Form_Selection_Creation/formDesign_SelectFree Text' to object with id 'TestObject - 'Object Repository/Form_Selection_Creation/group_area'' successfully

2018-12-17 18:58:45 - [MESSAGE][PASSED] - Dragged object with id 'Object Repository/Form_Selection_Creation/formDesign_SelectFree Text' to object with id 'TestObject - 'Object Repository/Form_Selection_Creation/group_area'' successfully

2018-12-17 18:58:45 - [TEST_STEP][PASSED] - setText(findTestObject("Form_Selection_Creation/formDesign_SingleLineName_Text"), "This is Single Line Text"): Text 'This is Single Line Text' is set on object 'Object Repository/Form_Selection_Creation/formDesign_SingleLineName_Text'

2018-12-17 18:58:45 - [MESSAGE][PASSED] - Text 'This is Single Line Text' is set on object 'Object Repository/Form_Selection_Creation/formDesign_SingleLineName_Text'

2018-12-17 18:58:45 - [TEST_STEP][PASSED] - Thread.sleep(2000): null

2018-12-17 18:58:47 - [TEST_STEP][PASSED] - dragAndDropToObject(findTestObject("Form_Selection_Creation/formDesign_SelectParagraphText"), findTestObject("Form_Selection_Creation/group_area")): Dragged object with id 'Object Repository/Form_Selection_Creation/formDesign_SelectParagraphText' to object with id 'TestObject - 'Object Repository/Form_Selection_Creation/group_area'' successfully

2018-12-17 18:58:48 - [MESSAGE][PASSED] - Dragged object with id 'Object Repository/Form_Selection_Creation/formDesign_SelectParagraphText' to object with id 'TestObject - 'Object Repository/Form_Selection_Creation/group_area'' successfully

2018-12-17 18:58:48 - [TEST_STEP][PASSED] - setText(findTestObject("Form_Selection_Creation/formDesign_ParagraphName_Text"), "This is Paragraph"): Text 'This is Paragraph' is set on object 'Object Repository/Form_Selection_Creation/formDesign_ParagraphName_Text'

2018-12-17 18:58:48 - [MESSAGE][PASSED] - Text 'This is Paragraph' is set on object 'Object Repository/Form_Selection_Creation/formDesign_ParagraphName_Text'

2018-12-17 18:58:48 - [TEST_STEP][PASSED] - Thread.sleep(2000): null

2018-12-17 18:58:50 - [TEST_STEP][PASSED] - dragAndDropToObject(findTestObject("Form_Selection_Creation/formDesign_Select_SelectOne"), findTestObject("Form_Selection_Creation/group_area")): Dragged object with id 'Object Repository/Form_Selection_Creation/formDesign_Select_SelectOne' to object with id 'TestObject - 'Object Repository/Form_Selection_Creation/group_area'' successfully

2018-12-17 18:58:51 - [MESSAGE][PASSED] - Dragged object with id 'Object Repository/Form_Selection_Creation/formDesign_Select_SelectOne' to object with id 'TestObject - 'Object Repository/Form_Selection_Creation/group_area'' successfully

2018-12-17 18:58:51 - [TEST_STEP][PASSED] - setText(findTestObject("Form_Selection_Creation/formDesign_Select_OneName_text"), "This is Select One"): Text 'This is Select One' is set on object 'Object Repository/Form_Selection_Creation/formDesign_Select_OneName_text'

2018-12-17 18:58:52 - [MESSAGE][PASSED] - Text 'This is Select One' is set on object 'Object Repository/Form_Selection_Creation/formDesign_Select_OneName_text'

2018-12-17 18:58:52 - [TEST_STEP][PASSED] - Thread.sleep(3000): null

2018-12-17 18:58:55 - [TEST_STEP][PASSED] - click(findTestObject("Form_Selection_Creation/button_AddNew1")): Object: 'Object Repository/Form_Selection_Creation/button_AddNew1' is clicked on

2018-12-17 18:58:55 - [MESSAGE][PASSED] - Object: 'Object Repository/Form_Selection_Creation/button_AddNew1' is clicked on

2018-12-17 18:58:55 - [TEST_STEP][PASSED] - setText(findTestObject("Form_Selection_Creation/add1singleValue1"), "SingleOption1"): Text 'SingleOption1' is set on object 'Object Repository/Form_Selection_Creation/add1singleValue1'

2018-12-17 18:58:55 - [MESSAGE][PASSED] - Text 'SingleOption1' is set on object 'Object Repository/Form_Selection_Creation/add1singleValue1'

2018-12-17 18:58:55 - [TEST_STEP][PASSED] - Thread.sleep(2000): null

2018-12-17 18:58:57 - [TEST_STEP][PASSED] - click(findTestObject("Form_Selection_Creation/button_AddNew1")): Object: 'Object Repository/Form_Selection_Creation/button_AddNew1' is clicked on

2018-12-17 18:58:57 - [MESSAGE][PASSED] - Object: 'Object Repository/Form_Selection_Creation/button_AddNew1' is clicked on

2018-12-17 18:58:57 - [TEST_STEP][PASSED] - setText(findTestObject("Form_Selection_Creation/add1singleValue2"), "SingleOption2"): Text 'SingleOption2' is set on object 'Object Repository/Form_Selection_Creation/add1singleValue2'

2018-12-17 18:58:57 - [MESSAGE][PASSED] - Text 'SingleOption2' is set on object 'Object Repository/Form_Selection_Creation/add1singleValue2'

2018-12-17 18:58:57 - [TEST_STEP][PASSED] - Thread.sleep(2000): null

2018-12-17 18:58:59 - [TEST_STEP][PASSED] - dragAndDropToObject(findTestObject("Form_Selection_Creation/formDesign_Select_SelectMultiple"), findTestObject("Form_Selection_Creation/group_area")): Dragged object with id 'Object Repository/Form_Selection_Creation/formDesign_Select_SelectMultiple' to object with id 'TestObject - 'Object Repository/Form_Selection_Creation/group_area'' successfully

2018-12-17 18:59:00 - [MESSAGE][PASSED] - Dragged object with id 'Object Repository/Form_Selection_Creation/formDesign_Select_SelectMultiple' to object with id 'TestObject - 'Object Repository/Form_Selection_Creation/group_area'' successfully

2018-12-17 18:59:00 - [TEST_STEP][PASSED] - setText(findTestObject("Form_Selection_Creation/formDesign_Select_MultipleName_text"), "This is Select Multiple"): Text 'This is Select Multiple' is set on object 'Object Repository/Form_Selection_Creation/formDesign_Select_MultipleName_text'

2018-12-17 18:59:01 - [MESSAGE][PASSED] - Text 'This is Select Multiple' is set on object 'Object Repository/Form_Selection_Creation/formDesign_Select_MultipleName_text'

2018-12-17 18:59:01 - [TEST_STEP][PASSED] - Thread.sleep(3000): null

2018-12-17 18:59:04 - [TEST_STEP][PASSED] - click(findTestObject("Form_Selection_Creation/button_addNewMul1")): Object: 'Object Repository/Form_Selection_Creation/button_addNewMul1' is clicked on

2018-12-17 18:59:04 - [MESSAGE][PASSED] - Object: 'Object Repository/Form_Selection_Creation/button_addNewMul1' is clicked on

2018-12-17 18:59:04 - [TEST_STEP][PASSED] - setText(findTestObject("Form_Selection_Creation/add1MultipleValue1"), "MultipleOption1"): Text 'MultipleOption1' is set on object 'Object Repository/Form_Selection_Creation/add1MultipleValue1'

2018-12-17 18:59:04 - [MESSAGE][PASSED] - Text 'MultipleOption1' is set on object 'Object Repository/Form_Selection_Creation/add1MultipleValue1'

2018-12-17 18:59:04 - [TEST_STEP][PASSED] - Thread.sleep(2000): null

2018-12-17 18:59:06 - [TEST_STEP][PASSED] - click(findTestObject("Form_Selection_Creation/button_addNewMul1")): Object: 'Object Repository/Form_Selection_Creation/button_addNewMul1' is clicked on

2018-12-17 18:59:06 - [MESSAGE][PASSED] - Object: 'Object Repository/Form_Selection_Creation/button_addNewMul1' is clicked on

2018-12-17 18:59:06 - [TEST_STEP][PASSED] - setText(findTestObject("Form_Selection_Creation/add1MultipleValue2"), "MultipleOption2"): Text 'MultipleOption2' is set on object 'Object Repository/Form_Selection_Creation/add1MultipleValue2'

2018-12-17 18:59:06 - [MESSAGE][PASSED] - Text 'MultipleOption2' is set on object 'Object Repository/Form_Selection_Creation/add1MultipleValue2'

2018-12-17 18:59:06 - [TEST_STEP][PASSED] - Thread.sleep(2000): null

2018-12-17 18:59:08 - [TEST_STEP][PASSED] - dragAndDropToObject(findTestObject("Form_Selection_Creation/formDesign_SelectNumeric"), findTestObject("Form_Selection_Creation/group_area")): Dragged object with id 'Object Repository/Form_Selection_Creation/formDesign_SelectNumeric' to object with id 'TestObject - 'Object Repository/Form_Selection_Creation/group_area'' successfully

2018-12-17 18:59:09 - [MESSAGE][PASSED] - Dragged object with id 'Object Repository/Form_Selection_Creation/formDesign_SelectNumeric' to object with id 'TestObject - 'Object Repository/Form_Selection_Creation/group_area'' successfully

2018-12-17 18:59:09 - [TEST_STEP][PASSED] - setText(findTestObject("Form_Selection_Creation/formDesign_NumericName_Text"), "This is a Number"): Text 'This is a Number' is set on object 'Object Repository/Form_Selection_Creation/formDesign_NumericName_Text'

2018-12-17 18:59:10 - [MESSAGE][PASSED] - Text 'This is a Number' is set on object 'Object Repository/Form_Selection_Creation/formDesign_NumericName_Text'

2018-12-17 18:59:10 - [TEST_STEP][PASSED] - Thread.sleep(2000): null

2018-12-17 18:59:12 - [TEST_STEP][PASSED] - dragAndDropToObject(findTestObject("Form_Selection_Creation/formDesign_SelectDate"), findTestObject("Form_Selection_Creation/group_area")): Dragged object with id 'Object Repository/Form_Selection_Creation/formDesign_SelectDate' to object with id 'TestObject - 'Object Repository/Form_Selection_Creation/group_area'' successfully

2018-12-17 18:59:13 - [MESSAGE][PASSED] - Dragged object with id 'Object Repository/Form_Selection_Creation/formDesign_SelectDate' to object with id 'TestObject - 'Object Repository/Form_Selection_Creation/group_area'' successfully

2018-12-17 18:59:13 - [TEST_STEP][PASSED] - setText(findTestObject("Form_Selection_Creation/formDesign_DateName_Text"), "This is a Date"): Text 'This is a Date' is set on object 'Object Repository/Form_Selection_Creation/formDesign_DateName_Text'

2018-12-17 18:59:13 - [MESSAGE][PASSED] - Text 'This is a Date' is set on object 'Object Repository/Form_Selection_Creation/formDesign_DateName_Text'

2018-12-17 18:59:13 - [TEST_STEP][PASSED] - Thread.sleep(2000): null

2018-12-17 18:59:15 - [TEST_STEP][PASSED] - dragAndDropToObject(findTestObject("Form_Selection_Creation/formDesign_SelectTime"), findTestObject("Form_Selection_Creation/group_area")): Dragged object with id 'Object Repository/Form_Selection_Creation/formDesign_SelectTime' to object with id 'TestObject - 'Object Repository/Form_Selection_Creation/group_area'' successfully

2018-12-17 18:59:16 - [MESSAGE][PASSED] - Dragged object with id 'Object Repository/Form_Selection_Creation/formDesign_SelectTime' to object with id 'TestObject - 'Object Repository/Form_Selection_Creation/group_area'' successfully

2018-12-17 18:59:16 - [TEST_STEP][PASSED] - setText(findTestObject("Form_Selection_Creation/formDesign_TimeName_text"), "This is a Time"): Text 'This is a Time' is set on object 'Object Repository/Form_Selection_Creation/formDesign_TimeName_text'

2018-12-17 18:59:16 - [MESSAGE][PASSED] - Text 'This is a Time' is set on object 'Object Repository/Form_Selection_Creation/formDesign_TimeName_text'

2018-12-17 18:59:16 - [TEST_STEP][PASSED] - Thread.sleep(2000): null

2018-12-17 18:59:18 - [TEST_STEP][PASSED] - dragAndDropToObject(findTestObject("Form_Selection_Creation/formDesign_SelectDateTime"), findTestObject("Form_Selection_Creation/group_area")): Dragged object with id 'Object Repository/Form_Selection_Creation/formDesign_SelectDateTime' to object with id 'TestObject - 'Object Repository/Form_Selection_Creation/group_area'' successfully

2018-12-17 18:59:19 - [MESSAGE][PASSED] - Dragged object with id 'Object Repository/Form_Selection_Creation/formDesign_SelectDateTime' to object with id 'TestObject - 'Object Repository/Form_Selection_Creation/group_area'' successfully

2018-12-17 18:59:19 - [TEST_STEP][PASSED] - setText(findTestObject("Form_Selection_Creation/formDesign_DateTimeName_Text"), "This is a Date-Time"): Text 'This is a Date-Time' is set on object 'Object Repository/Form_Selection_Creation/formDesign_DateTimeName_Text'

2018-12-17 18:59:19 - [MESSAGE][PASSED] - Text 'This is a Date-Time' is set on object 'Object Repository/Form_Selection_Creation/formDesign_DateTimeName_Text'

2018-12-17 18:59:19 - [TEST_STEP][PASSED] - Thread.sleep(2000): null

2018-12-17 18:59:21 - [TEST_STEP][PASSED] - click(findTestObject("Form_Selection_Creation/formCreation_NextToDesignForm")): Object: 'Object Repository/Form_Selection_Creation/formCreation_NextToDesignForm' is clicked on

2018-12-17 18:59:22 - [MESSAGE][PASSED] - Object: 'Object Repository/Form_Selection_Creation/formCreation_NextToDesignForm' is clicked on

2018-12-17 18:59:22 - [TEST_STEP][PASSED] - Thread.sleep(7000): null

2018-12-17 18:59:29 - [TEST_STEP][PASSED] - click(findTestObject("Form_Selection_Creation/div_Preview             Form1")): Object: 'Object Repository/Form_Selection_Creation/div_Preview             Form1' is clicked on

2018-12-17 18:59:29 - [MESSAGE][PASSED] - Object: 'Object Repository/Form_Selection_Creation/div_Preview             Form1' is clicked on

2018-12-17 18:59:29 - [TEST_STEP][PASSED] - Thread.sleep(5000): null

2018-12-17 18:59:34 - [TEST_STEP][PASSED] - click(findTestObject("Form_Selection_Creation/button_Release")): Object: 'Object Repository/Form_Selection_Creation/button_Release' is clicked on

2018-12-17 18:59:34 - [MESSAGE][PASSED] - Object: 'Object Repository/Form_Selection_Creation/button_Release' is clicked on

2018-12-17 18:59:34 - [TEST_STEP][PASSED] - Thread.sleep(6000): null]]></system-out>
         <system-err><![CDATA[]]></system-err>
      </testcase>
      <testcase name="Test Cases/SupplierFlow/2_CreateLocation" classname="Test Cases/SupplierFlow/2_CreateLocation" status="PASSED">
         <system-out><![CDATA[2018-12-17 18:59:40 - [TEST_CASE][PASSED] - Test Cases/SupplierFlow/2_CreateLocation: Test Cases/SupplierFlow/2_CreateLocation

2018-12-17 18:59:40 - [TEST_STEP][NOT_RUN] - openBrowser(URL): NOT_RUN: openBrowser(URL)

2018-12-17 18:59:40 - [MESSAGE][NOT_RUN] - NOT_RUN: openBrowser(URL)

2018-12-17 18:59:40 - [TEST_STEP][NOT_RUN] - maximizeWindow(): NOT_RUN: maximizeWindow()

2018-12-17 18:59:40 - [MESSAGE][NOT_RUN] - NOT_RUN: maximizeWindow()

2018-12-17 18:59:40 - [TEST_STEP][NOT_RUN] - setText(findTestObject("TestUserLocation/login_Username"), UserName): NOT_RUN: setText(findTestObject("TestUserLocation/login_Username"), UserName)

2018-12-17 18:59:40 - [MESSAGE][NOT_RUN] - NOT_RUN: setText(findTestObject("TestUserLocation/login_Username"), UserName)

2018-12-17 18:59:40 - [TEST_STEP][NOT_RUN] - setText(findTestObject("TestUserLocation/login_Password"), Password): NOT_RUN: setText(findTestObject("TestUserLocation/login_Password"), Password)

2018-12-17 18:59:40 - [MESSAGE][NOT_RUN] - NOT_RUN: setText(findTestObject("TestUserLocation/login_Password"), Password)

2018-12-17 18:59:40 - [TEST_STEP][PASSED] - Thread.sleep(2000): null

2018-12-17 18:59:42 - [TEST_STEP][PASSED] - AdminTool_Location.setLocationName(): AdminTool_Location.setLocationName is PASSED

2018-12-17 18:59:42 - [MESSAGE][PASSED] - AdminTool_Location.setLocationName is PASSED

2018-12-17 18:59:42 - [TEST_STEP][NOT_RUN] - click(findTestObject("TestUserLocation/login_Button")): NOT_RUN: click(findTestObject("TestUserLocation/login_Button"))

2018-12-17 18:59:42 - [MESSAGE][NOT_RUN] - NOT_RUN: click(findTestObject("TestUserLocation/login_Button"))

2018-12-17 18:59:42 - [TEST_STEP][PASSED] - Thread.sleep(2000): null

2018-12-17 18:59:44 - [TEST_STEP][PASSED] - AdminTool_Location.setLocationNameInLocation(): AdminTool_Location.setLocationNameInLocation is PASSED

2018-12-17 18:59:44 - [MESSAGE][PASSED] - AdminTool_Location.setLocationNameInLocation is PASSED

2018-12-17 18:59:44 - [TEST_STEP][PASSED] - click(findTestObject("TestUserLocation/mainmenu_button")): Object: 'Object Repository/TestUserLocation/mainmenu_button' is clicked on

2018-12-17 18:59:44 - [MESSAGE][PASSED] - Object: 'Object Repository/TestUserLocation/mainmenu_button' is clicked on

2018-12-17 18:59:44 - [TEST_STEP][NOT_RUN] - click(findTestObject("TestUserLocation/adminTool")): NOT_RUN: click(findTestObject("TestUserLocation/adminTool"))

2018-12-17 18:59:44 - [MESSAGE][NOT_RUN] - NOT_RUN: click(findTestObject("TestUserLocation/adminTool"))

2018-12-17 18:59:44 - [TEST_STEP][PASSED] - click(findTestObject("TestUserLocation/mainMenuResourceDesigner")): Object: 'Object Repository/TestUserLocation/mainMenuResourceDesigner' is clicked on

2018-12-17 18:59:44 - [MESSAGE][PASSED] - Object: 'Object Repository/TestUserLocation/mainMenuResourceDesigner' is clicked on

2018-12-17 18:59:44 - [TEST_STEP][PASSED] - Thread.sleep(4000): null

2018-12-17 18:59:48 - [TEST_STEP][PASSED] - click(findTestObject("TestUserLocation/locations")): Object: 'Object Repository/TestUserLocation/locations' is clicked on

2018-12-17 18:59:49 - [MESSAGE][PASSED] - Object: 'Object Repository/TestUserLocation/locations' is clicked on

2018-12-17 18:59:49 - [TEST_STEP][PASSED] - Thread.sleep(4000): null

2018-12-17 18:59:53 - [TEST_STEP][NOT_RUN] - refresh(): NOT_RUN: refresh()

2018-12-17 18:59:53 - [MESSAGE][NOT_RUN] - NOT_RUN: refresh()

2018-12-17 18:59:53 - [TEST_STEP][NOT_RUN] - Thread.sleep(4000): NOT_RUN: Thread.sleep(4000)

2018-12-17 18:59:53 - [MESSAGE][NOT_RUN] - NOT_RUN: Thread.sleep(4000)

2018-12-17 18:59:53 - [TEST_STEP][PASSED] - click(findTestObject("TestUserLocation/categories")): Object: 'Object Repository/TestUserLocation/categories' is clicked on

2018-12-17 18:59:53 - [MESSAGE][PASSED] - Object: 'Object Repository/TestUserLocation/categories' is clicked on

2018-12-17 18:59:53 - [TEST_STEP][PASSED] - Thread.sleep(2000): null

2018-12-17 18:59:55 - [TEST_STEP][PASSED] - click(findTestObject("TestUserLocation/defaultArea")): Object: 'Object Repository/TestUserLocation/defaultArea' is clicked on

2018-12-17 18:59:55 - [MESSAGE][PASSED] - Object: 'Object Repository/TestUserLocation/defaultArea' is clicked on

2018-12-17 18:59:55 - [TEST_STEP][PASSED] - click(findTestObject("TestUserLocation/hoverHeading")): Object: 'Object Repository/TestUserLocation/hoverHeading' is clicked on

2018-12-17 18:59:55 - [MESSAGE][PASSED] - Object: 'Object Repository/TestUserLocation/hoverHeading' is clicked on

2018-12-17 18:59:55 - [TEST_STEP][PASSED] - click(findTestObject("TestUserLocation/addPlusIcon")): Object: 'Object Repository/TestUserLocation/addPlusIcon' is clicked on

2018-12-17 18:59:55 - [MESSAGE][PASSED] - Object: 'Object Repository/TestUserLocation/addPlusIcon' is clicked on

2018-12-17 18:59:55 - [TEST_STEP][PASSED] - setText(findTestObject("TestUserLocation/setNewName"), findTestData("LocationData").getValue("LocationName", 1)): Text 'LOCATION_ON_17/12/18-18:59' is set on object 'Object Repository/TestUserLocation/setNewName'

2018-12-17 18:59:56 - [MESSAGE][PASSED] - Text 'LOCATION_ON_17/12/18-18:59' is set on object 'Object Repository/TestUserLocation/setNewName'

2018-12-17 18:59:56 - [TEST_STEP][PASSED] - Thread.sleep(2000): null

2018-12-17 18:59:58 - [TEST_STEP][PASSED] - click(findTestObject("TestUserLocation/saveButton")): Object: 'Object Repository/TestUserLocation/saveButton' is clicked on

2018-12-17 18:59:58 - [MESSAGE][PASSED] - Object: 'Object Repository/TestUserLocation/saveButton' is clicked on

2018-12-17 18:59:58 - [TEST_STEP][PASSED] - Thread.sleep(4000): null

2018-12-17 19:00:02 - [TEST_STEP][PASSED] - click(findTestObject("TestUserLocation/mainmenu_button")): Object: 'Object Repository/TestUserLocation/mainmenu_button' is clicked on

2018-12-17 19:00:02 - [MESSAGE][PASSED] - Object: 'Object Repository/TestUserLocation/mainmenu_button' is clicked on

2018-12-17 19:00:02 - [TEST_STEP][PASSED] - click(findTestObject("TestUserLocation/mainMenuLocation")): Object: 'Object Repository/TestUserLocation/mainMenuLocation' is clicked on

2018-12-17 19:00:02 - [MESSAGE][PASSED] - Object: 'Object Repository/TestUserLocation/mainMenuLocation' is clicked on

2018-12-17 19:00:02 - [TEST_STEP][PASSED] - Thread.sleep(4000): null

2018-12-17 19:00:06 - [TEST_STEP][PASSED] - AdminTool_Location.selectLocation(): Element has been clicked

2018-12-17 19:00:10 - [MESSAGE][PASSED] - Element has been clicked

2018-12-17 19:00:10 - [TEST_STEP][PASSED] - click(findTestObject("TestUserLocation/addPlusIcon")): Object: 'Object Repository/TestUserLocation/addPlusIcon' is clicked on

2018-12-17 19:00:10 - [MESSAGE][PASSED] - Object: 'Object Repository/TestUserLocation/addPlusIcon' is clicked on

2018-12-17 19:00:10 - [TEST_STEP][PASSED] - Thread.sleep(2000): null

2018-12-17 19:00:12 - [TEST_STEP][PASSED] - setText(findTestObject("TestUserLocation/setNewName"), findTestData("LocationData").getValue("SubLocationName", 1)): Text 'SUBLOCATION_ON_17/12/18-18:59' is set on object 'Object Repository/TestUserLocation/setNewName'

2018-12-17 19:00:13 - [MESSAGE][PASSED] - Text 'SUBLOCATION_ON_17/12/18-18:59' is set on object 'Object Repository/TestUserLocation/setNewName'

2018-12-17 19:00:13 - [TEST_STEP][PASSED] - Thread.sleep(2000): null

2018-12-17 19:00:15 - [TEST_STEP][PASSED] - click(findTestObject("TestUserLocation/saveLocationDetailButton")): Object: 'Object Repository/TestUserLocation/saveLocationDetailButton' is clicked on

2018-12-17 19:00:15 - [MESSAGE][PASSED] - Object: 'Object Repository/TestUserLocation/saveLocationDetailButton' is clicked on

2018-12-17 19:00:15 - [TEST_STEP][PASSED] - Thread.sleep(4000): null

2018-12-17 19:00:19 - [TEST_STEP][PASSED] - click(findTestObject("TestUserLocation/customerSelect")): Object: 'Object Repository/TestUserLocation/customerSelect' is clicked on

2018-12-17 19:00:19 - [MESSAGE][PASSED] - Object: 'Object Repository/TestUserLocation/customerSelect' is clicked on

2018-12-17 19:00:19 - [TEST_STEP][PASSED] - Thread.sleep(4000): null

2018-12-17 19:00:23 - [TEST_STEP][PASSED] - check(findTestObject("TestUserLocation/select4ResouceInCustomer")): Object 'Object Repository/TestUserLocation/select4ResouceInCustomer' is checked

2018-12-17 19:00:23 - [MESSAGE][PASSED] - Object 'Object Repository/TestUserLocation/select4ResouceInCustomer' is checked

2018-12-17 19:00:23 - [TEST_STEP][PASSED] - Thread.sleep(2000): null

2018-12-17 19:00:25 - [TEST_STEP][PASSED] - click(findTestObject("TestUserLocation/saveLocationDetailButton")): Object: 'Object Repository/TestUserLocation/saveLocationDetailButton' is clicked on

2018-12-17 19:00:25 - [MESSAGE][PASSED] - Object: 'Object Repository/TestUserLocation/saveLocationDetailButton' is clicked on

2018-12-17 19:00:25 - [TEST_STEP][PASSED] - Thread.sleep(6000): null]]></system-out>
         <system-err><![CDATA[]]></system-err>
      </testcase>
      <testcase name="Test Cases/SupplierFlow/3_CreateResource_Supplier" classname="Test Cases/SupplierFlow/3_CreateResource_Supplier" status="PASSED">
         <system-out><![CDATA[2018-12-17 19:00:31 - [TEST_CASE][PASSED] - Test Cases/SupplierFlow/3_CreateResource_Supplier: Test Cases/SupplierFlow/3_CreateResource_Supplier

2018-12-17 19:00:32 - [TEST_STEP][NOT_RUN] - openBrowser(URL): NOT_RUN: openBrowser(URL)

2018-12-17 19:00:32 - [MESSAGE][NOT_RUN] - NOT_RUN: openBrowser(URL)

2018-12-17 19:00:32 - [TEST_STEP][NOT_RUN] - maximizeWindow(): NOT_RUN: maximizeWindow()

2018-12-17 19:00:32 - [MESSAGE][NOT_RUN] - NOT_RUN: maximizeWindow()

2018-12-17 19:00:32 - [TEST_STEP][NOT_RUN] - setText(findTestObject("TestUserLocation/login_Username"), UserName): NOT_RUN: setText(findTestObject("TestUserLocation/login_Username"), UserName)

2018-12-17 19:00:32 - [MESSAGE][NOT_RUN] - NOT_RUN: setText(findTestObject("TestUserLocation/login_Username"), UserName)

2018-12-17 19:00:32 - [TEST_STEP][NOT_RUN] - setText(findTestObject("TestUserLocation/login_Password"), Password): NOT_RUN: setText(findTestObject("TestUserLocation/login_Password"), Password)

2018-12-17 19:00:32 - [MESSAGE][NOT_RUN] - NOT_RUN: setText(findTestObject("TestUserLocation/login_Password"), Password)

2018-12-17 19:00:32 - [TEST_STEP][PASSED] - Thread.sleep(2000): null

2018-12-17 19:00:34 - [TEST_STEP][PASSED] - AdminTool_Location.setSupplierName(): AdminTool_Location.setSupplierName is PASSED

2018-12-17 19:00:34 - [MESSAGE][PASSED] - AdminTool_Location.setSupplierName is PASSED

2018-12-17 19:00:34 - [TEST_STEP][NOT_RUN] - click(findTestObject("TestUserLocation/login_Button")): NOT_RUN: click(findTestObject("TestUserLocation/login_Button"))

2018-12-17 19:00:34 - [MESSAGE][NOT_RUN] - NOT_RUN: click(findTestObject("TestUserLocation/login_Button"))

2018-12-17 19:00:34 - [TEST_STEP][PASSED] - Thread.sleep(2000): null

2018-12-17 19:00:36 - [TEST_STEP][PASSED] - click(findTestObject("TestUserLocation/mainmenu_button")): Object: 'Object Repository/TestUserLocation/mainmenu_button' is clicked on

2018-12-17 19:00:36 - [MESSAGE][PASSED] - Object: 'Object Repository/TestUserLocation/mainmenu_button' is clicked on

2018-12-17 19:00:36 - [TEST_STEP][NOT_RUN] - click(findTestObject("TestUserLocation/adminTool")): NOT_RUN: click(findTestObject("TestUserLocation/adminTool"))

2018-12-17 19:00:36 - [MESSAGE][NOT_RUN] - NOT_RUN: click(findTestObject("TestUserLocation/adminTool"))

2018-12-17 19:00:36 - [TEST_STEP][PASSED] - click(findTestObject("TestUserLocation/mainMenuResourceDesigner")): Object: 'Object Repository/TestUserLocation/mainMenuResourceDesigner' is clicked on

2018-12-17 19:00:36 - [MESSAGE][PASSED] - Object: 'Object Repository/TestUserLocation/mainMenuResourceDesigner' is clicked on

2018-12-17 19:00:36 - [TEST_STEP][PASSED] - Thread.sleep(4000): null

2018-12-17 19:00:40 - [TEST_STEP][PASSED] - click(findTestObject("TestResource/SuppliersDesign")): Object: 'Object Repository/TestResource/SuppliersDesign' is clicked on

2018-12-17 19:00:40 - [MESSAGE][PASSED] - Object: 'Object Repository/TestResource/SuppliersDesign' is clicked on

2018-12-17 19:00:40 - [TEST_STEP][PASSED] - Thread.sleep(4000): null

2018-12-17 19:00:44 - [TEST_STEP][PASSED] - click(findTestObject("TestUserLocation/categories")): Object: 'Object Repository/TestUserLocation/categories' is clicked on

2018-12-17 19:00:44 - [MESSAGE][PASSED] - Object: 'Object Repository/TestUserLocation/categories' is clicked on

2018-12-17 19:00:44 - [TEST_STEP][PASSED] - Thread.sleep(2000): null

2018-12-17 19:00:46 - [TEST_STEP][PASSED] - click(findTestObject("TestUserLocation/defaultArea")): Object: 'Object Repository/TestUserLocation/defaultArea' is clicked on

2018-12-17 19:00:46 - [MESSAGE][PASSED] - Object: 'Object Repository/TestUserLocation/defaultArea' is clicked on

2018-12-17 19:00:46 - [TEST_STEP][PASSED] - Thread.sleep(2000): null

2018-12-17 19:00:48 - [TEST_STEP][PASSED] - click(findTestObject("TestUserLocation/hoverHeading")): Object: 'Object Repository/TestUserLocation/hoverHeading' is clicked on

2018-12-17 19:00:48 - [MESSAGE][PASSED] - Object: 'Object Repository/TestUserLocation/hoverHeading' is clicked on

2018-12-17 19:00:48 - [TEST_STEP][PASSED] - click(findTestObject("TestUserLocation/addPlusIcon")): Object: 'Object Repository/TestUserLocation/addPlusIcon' is clicked on

2018-12-17 19:00:49 - [MESSAGE][PASSED] - Object: 'Object Repository/TestUserLocation/addPlusIcon' is clicked on

2018-12-17 19:00:49 - [TEST_STEP][PASSED] - setText(findTestObject("TestUserLocation/setNewName"), findTestData("LocationData").getValue("SuppliersName", 1)): Text 'SUPPLIER_ON_17/12/18-19:00' is set on object 'Object Repository/TestUserLocation/setNewName'

2018-12-17 19:00:49 - [MESSAGE][PASSED] - Text 'SUPPLIER_ON_17/12/18-19:00' is set on object 'Object Repository/TestUserLocation/setNewName'

2018-12-17 19:00:49 - [TEST_STEP][PASSED] - Thread.sleep(2000): null

2018-12-17 19:00:51 - [TEST_STEP][PASSED] - click(findTestObject("TestUserLocation/saveButton")): Object: 'Object Repository/TestUserLocation/saveButton' is clicked on

2018-12-17 19:00:51 - [MESSAGE][PASSED] - Object: 'Object Repository/TestUserLocation/saveButton' is clicked on

2018-12-17 19:00:51 - [TEST_STEP][PASSED] - Thread.sleep(4000): null

2018-12-17 19:00:55 - [TEST_STEP][PASSED] - Thread.sleep(4000): null

2018-12-17 19:00:59 - [TEST_STEP][PASSED] - click(findTestObject("TestUserLocation/mainmenu_button")): Object: 'Object Repository/TestUserLocation/mainmenu_button' is clicked on

2018-12-17 19:00:59 - [MESSAGE][PASSED] - Object: 'Object Repository/TestUserLocation/mainmenu_button' is clicked on

2018-12-17 19:00:59 - [TEST_STEP][PASSED] - click(findTestObject("TestResource/mainMenu_resources")): Object: 'Object Repository/TestResource/mainMenu_resources' is clicked on

2018-12-17 19:00:59 - [MESSAGE][PASSED] - Object: 'Object Repository/TestResource/mainMenu_resources' is clicked on

2018-12-17 19:00:59 - [TEST_STEP][PASSED] - Thread.sleep(4000): null

2018-12-17 19:01:03 - [TEST_STEP][PASSED] - click(findTestObject("TestResource/suppliers")): Object: 'Object Repository/TestResource/suppliers' is clicked on

2018-12-17 19:01:03 - [MESSAGE][PASSED] - Object: 'Object Repository/TestResource/suppliers' is clicked on

2018-12-17 19:01:03 - [TEST_STEP][PASSED] - Thread.sleep(4000): null

2018-12-17 19:01:07 - [TEST_STEP][PASSED] - AdminTool_Location.selectSupplier(): Element has been clicked

2018-12-17 19:01:12 - [MESSAGE][PASSED] - Element has been clicked

2018-12-17 19:01:12 - [TEST_STEP][PASSED] - Thread.sleep(4000): null

2018-12-17 19:01:16 - [TEST_STEP][PASSED] - click(findTestObject("TestUserLocation/addPlusIcon")): Object: 'Object Repository/TestUserLocation/addPlusIcon' is clicked on

2018-12-17 19:01:16 - [MESSAGE][PASSED] - Object: 'Object Repository/TestUserLocation/addPlusIcon' is clicked on

2018-12-17 19:01:16 - [TEST_STEP][PASSED] - Thread.sleep(2000): null

2018-12-17 19:01:18 - [TEST_STEP][PASSED] - setText(findTestObject("TestUserLocation/setNewName"), findTestData("LocationData").getValue("SubSuppliersName1", 1)): Text 'SUBSUPPLIER1_ON_17/12/18-19:00' is set on object 'Object Repository/TestUserLocation/setNewName'

2018-12-17 19:01:18 - [MESSAGE][PASSED] - Text 'SUBSUPPLIER1_ON_17/12/18-19:00' is set on object 'Object Repository/TestUserLocation/setNewName'

2018-12-17 19:01:18 - [TEST_STEP][NOT_RUN] - setText(findTestObject("TestResource/setPhoneNumber"), "912378456"): NOT_RUN: setText(findTestObject("TestResource/setPhoneNumber"), "912378456")

2018-12-17 19:01:18 - [MESSAGE][NOT_RUN] - NOT_RUN: setText(findTestObject("TestResource/setPhoneNumber"), "912378456")

2018-12-17 19:01:18 - [TEST_STEP][PASSED] - Thread.sleep(2000): null

2018-12-17 19:01:20 - [TEST_STEP][PASSED] - click(findTestObject("TestResource/saveDetailButton")): Object: 'Object Repository/TestResource/saveDetailButton' is clicked on

2018-12-17 19:01:20 - [MESSAGE][PASSED] - Object: 'Object Repository/TestResource/saveDetailButton' is clicked on

2018-12-17 19:01:20 - [TEST_STEP][PASSED] - Thread.sleep(7000): null

2018-12-17 19:01:27 - [TEST_STEP][PASSED] - click(findTestObject("TestResource/disableResource")): Object: 'Object Repository/TestResource/disableResource' is clicked on

2018-12-17 19:01:28 - [MESSAGE][PASSED] - Object: 'Object Repository/TestResource/disableResource' is clicked on

2018-12-17 19:01:28 - [TEST_STEP][PASSED] - Thread.sleep(2000): null

2018-12-17 19:01:30 - [TEST_STEP][PASSED] - click(findTestObject("TestResource/button2Yes")): Object: 'Object Repository/TestResource/button2Yes' is clicked on

2018-12-17 19:01:30 - [MESSAGE][PASSED] - Object: 'Object Repository/TestResource/button2Yes' is clicked on

2018-12-17 19:01:30 - [TEST_STEP][PASSED] - Thread.sleep(2000): null

2018-12-17 19:01:32 - [TEST_STEP][PASSED] - click(findTestObject("TestResource/saveDetailButton")): Object: 'Object Repository/TestResource/saveDetailButton' is clicked on

2018-12-17 19:01:32 - [MESSAGE][PASSED] - Object: 'Object Repository/TestResource/saveDetailButton' is clicked on

2018-12-17 19:01:32 - [TEST_STEP][PASSED] - Thread.sleep(7000): null

2018-12-17 19:01:39 - [TEST_STEP][PASSED] - click(findTestObject("TestResource/linksTab")): Object: 'Object Repository/TestResource/linksTab' is clicked on

2018-12-17 19:01:39 - [MESSAGE][PASSED] - Object: 'Object Repository/TestResource/linksTab' is clicked on

2018-12-17 19:01:39 - [TEST_STEP][PASSED] - Thread.sleep(2000): null

2018-12-17 19:01:41 - [TEST_STEP][PASSED] - click(findTestObject("TestResource/addLink")): Object: 'Object Repository/TestResource/addLink' is clicked on

2018-12-17 19:01:41 - [MESSAGE][PASSED] - Object: 'Object Repository/TestResource/addLink' is clicked on

2018-12-17 19:01:41 - [TEST_STEP][PASSED] - Thread.sleep(5000): null

2018-12-17 19:01:46 - [TEST_STEP][PASSED] - check(findTestObject("TestResource/selectSecondResourceToLink")): Object 'Object Repository/TestResource/selectSecondResourceToLink' is checked

2018-12-17 19:02:04 - [MESSAGE][PASSED] - Object 'Object Repository/TestResource/selectSecondResourceToLink' is checked

2018-12-17 19:02:04 - [TEST_STEP][PASSED] - AdminTool_Location.resourceLinkName(): AdminTool_Location.resourceLinkName is PASSED

2018-12-17 19:02:04 - [MESSAGE][PASSED] - AdminTool_Location.resourceLinkName is PASSED

2018-12-17 19:02:04 - [TEST_STEP][PASSED] - Thread.sleep(2000): null

2018-12-17 19:02:06 - [TEST_STEP][PASSED] - click(findTestObject("TestResource/button2Save")): Object: 'Object Repository/TestResource/button2Save' is clicked on

2018-12-17 19:02:06 - [MESSAGE][PASSED] - Object: 'Object Repository/TestResource/button2Save' is clicked on

2018-12-17 19:02:06 - [TEST_STEP][PASSED] - Thread.sleep(4000): null

2018-12-17 19:02:10 - [TEST_STEP][PASSED] - click(findTestObject("TestResource/locationTab")): Object: 'Object Repository/TestResource/locationTab' is clicked on

2018-12-17 19:02:10 - [MESSAGE][PASSED] - Object: 'Object Repository/TestResource/locationTab' is clicked on

2018-12-17 19:02:10 - [TEST_STEP][PASSED] - Thread.sleep(5000): null

2018-12-17 19:02:15 - [TEST_STEP][PASSED] - AdminTool_Location.checkLocation(): AdminTool_Location.checkLocation is PASSED

2018-12-17 19:02:17 - [MESSAGE][PASSED] - AdminTool_Location.checkLocation is PASSED

2018-12-17 19:02:17 - [TEST_STEP][PASSED] - Thread.sleep(4000): null

2018-12-17 19:02:21 - [TEST_STEP][PASSED] - click(findTestObject("TestResource/saveLocation")): Object: 'Object Repository/TestResource/saveLocation' is clicked on

2018-12-17 19:02:21 - [MESSAGE][PASSED] - Object: 'Object Repository/TestResource/saveLocation' is clicked on

2018-12-17 19:02:21 - [TEST_STEP][PASSED] - click(findTestObject("TestUserLocation/mainmenu_button")): Object: 'Object Repository/TestUserLocation/mainmenu_button' is clicked on

2018-12-17 19:02:23 - [MESSAGE][PASSED] - Object: 'Object Repository/TestUserLocation/mainmenu_button' is clicked on

2018-12-17 19:02:23 - [TEST_STEP][PASSED] - click(findTestObject("TestResource/mainMenu_resources")): Object: 'Object Repository/TestResource/mainMenu_resources' is clicked on

2018-12-17 19:02:23 - [MESSAGE][PASSED] - Object: 'Object Repository/TestResource/mainMenu_resources' is clicked on

2018-12-17 19:02:23 - [TEST_STEP][PASSED] - Thread.sleep(4000): null

2018-12-17 19:02:27 - [TEST_STEP][PASSED] - click(findTestObject("TestResource/suppliers")): Object: 'Object Repository/TestResource/suppliers' is clicked on

2018-12-17 19:02:27 - [MESSAGE][PASSED] - Object: 'Object Repository/TestResource/suppliers' is clicked on

2018-12-17 19:02:27 - [TEST_STEP][PASSED] - Thread.sleep(4000): null

2018-12-17 19:02:31 - [TEST_STEP][PASSED] - AdminTool_Location.selectSupplier(): Element has been clicked

2018-12-17 19:02:35 - [MESSAGE][PASSED] - Element has been clicked

2018-12-17 19:02:35 - [TEST_STEP][PASSED] - Thread.sleep(4000): null

2018-12-17 19:02:39 - [TEST_STEP][PASSED] - click(findTestObject("TestUserLocation/addPlusIcon")): Object: 'Object Repository/TestUserLocation/addPlusIcon' is clicked on

2018-12-17 19:02:39 - [MESSAGE][PASSED] - Object: 'Object Repository/TestUserLocation/addPlusIcon' is clicked on

2018-12-17 19:02:39 - [TEST_STEP][PASSED] - Thread.sleep(2000): null

2018-12-17 19:02:41 - [TEST_STEP][PASSED] - setText(findTestObject("TestUserLocation/setNewName"), findTestData("LocationData").getValue("SubSuppliersName2", 1)): Text 'SUBSUPPLIER2_ON_17/12/18-19:00' is set on object 'Object Repository/TestUserLocation/setNewName'

2018-12-17 19:02:41 - [MESSAGE][PASSED] - Text 'SUBSUPPLIER2_ON_17/12/18-19:00' is set on object 'Object Repository/TestUserLocation/setNewName'

2018-12-17 19:02:41 - [TEST_STEP][NOT_RUN] - setText(findTestObject("TestResource/setPhoneNumber"), "912378456"): NOT_RUN: setText(findTestObject("TestResource/setPhoneNumber"), "912378456")

2018-12-17 19:02:41 - [MESSAGE][NOT_RUN] - NOT_RUN: setText(findTestObject("TestResource/setPhoneNumber"), "912378456")

2018-12-17 19:02:41 - [TEST_STEP][PASSED] - Thread.sleep(2000): null

2018-12-17 19:02:43 - [TEST_STEP][PASSED] - click(findTestObject("TestResource/saveDetailButton")): Object: 'Object Repository/TestResource/saveDetailButton' is clicked on

2018-12-17 19:02:44 - [MESSAGE][PASSED] - Object: 'Object Repository/TestResource/saveDetailButton' is clicked on

2018-12-17 19:02:44 - [TEST_STEP][PASSED] - Thread.sleep(7000): null

2018-12-17 19:02:51 - [TEST_STEP][PASSED] - click(findTestObject("TestResource/linksTab")): Object: 'Object Repository/TestResource/linksTab' is clicked on

2018-12-17 19:02:51 - [MESSAGE][PASSED] - Object: 'Object Repository/TestResource/linksTab' is clicked on

2018-12-17 19:02:51 - [TEST_STEP][PASSED] - Thread.sleep(2000): null

2018-12-17 19:02:53 - [TEST_STEP][PASSED] - click(findTestObject("TestResource/addLink")): Object: 'Object Repository/TestResource/addLink' is clicked on

2018-12-17 19:02:53 - [MESSAGE][PASSED] - Object: 'Object Repository/TestResource/addLink' is clicked on

2018-12-17 19:02:53 - [TEST_STEP][PASSED] - Thread.sleep(5000): null

2018-12-17 19:02:58 - [TEST_STEP][PASSED] - check(findTestObject("TestResource/selectSecondResourceToLink")): Object 'Object Repository/TestResource/selectSecondResourceToLink' is checked

2018-12-17 19:02:58 - [MESSAGE][PASSED] - Object 'Object Repository/TestResource/selectSecondResourceToLink' is checked

2018-12-17 19:02:58 - [TEST_STEP][PASSED] - AdminTool_Location.resourceLinkName(): AdminTool_Location.resourceLinkName is PASSED

2018-12-17 19:02:58 - [MESSAGE][PASSED] - AdminTool_Location.resourceLinkName is PASSED

2018-12-17 19:02:58 - [TEST_STEP][PASSED] - Thread.sleep(2000): null

2018-12-17 19:03:00 - [TEST_STEP][PASSED] - click(findTestObject("TestResource/button2Save")): Object: 'Object Repository/TestResource/button2Save' is clicked on

2018-12-17 19:03:00 - [MESSAGE][PASSED] - Object: 'Object Repository/TestResource/button2Save' is clicked on

2018-12-17 19:03:00 - [TEST_STEP][PASSED] - Thread.sleep(4000): null

2018-12-17 19:03:04 - [TEST_STEP][PASSED] - click(findTestObject("TestResource/locationTab")): Object: 'Object Repository/TestResource/locationTab' is clicked on

2018-12-17 19:03:04 - [MESSAGE][PASSED] - Object: 'Object Repository/TestResource/locationTab' is clicked on

2018-12-17 19:03:04 - [TEST_STEP][PASSED] - Thread.sleep(5000): null

2018-12-17 19:03:09 - [TEST_STEP][PASSED] - AdminTool_Location.checkLocation(): AdminTool_Location.checkLocation is PASSED

2018-12-17 19:03:12 - [MESSAGE][PASSED] - AdminTool_Location.checkLocation is PASSED

2018-12-17 19:03:12 - [TEST_STEP][PASSED] - Thread.sleep(4000): null

2018-12-17 19:03:16 - [TEST_STEP][PASSED] - click(findTestObject("TestResource/saveLocation")): Object: 'Object Repository/TestResource/saveLocation' is clicked on

2018-12-17 19:03:16 - [MESSAGE][PASSED] - Object: 'Object Repository/TestResource/saveLocation' is clicked on

2018-12-17 19:03:16 - [TEST_STEP][PASSED] - Thread.sleep(6000): null]]></system-out>
         <system-err><![CDATA[]]></system-err>
      </testcase>
      <testcase name="Test Cases/SupplierFlow/4_CreateUser_Supplier" classname="Test Cases/SupplierFlow/4_CreateUser_Supplier" status="PASSED">
         <system-out><![CDATA[2018-12-17 19:03:22 - [TEST_CASE][PASSED] - Test Cases/SupplierFlow/4_CreateUser_Supplier: Test Cases/SupplierFlow/4_CreateUser_Supplier

2018-12-17 19:03:22 - [TEST_STEP][NOT_RUN] - openBrowser(URL): NOT_RUN: openBrowser(URL)

2018-12-17 19:03:22 - [MESSAGE][NOT_RUN] - NOT_RUN: openBrowser(URL)

2018-12-17 19:03:22 - [TEST_STEP][NOT_RUN] - maximizeWindow(): NOT_RUN: maximizeWindow()

2018-12-17 19:03:22 - [MESSAGE][NOT_RUN] - NOT_RUN: maximizeWindow()

2018-12-17 19:03:22 - [TEST_STEP][NOT_RUN] - setText(findTestObject("TestUserLocation/login_Username"), UserName): NOT_RUN: setText(findTestObject("TestUserLocation/login_Username"), UserName)

2018-12-17 19:03:22 - [MESSAGE][NOT_RUN] - NOT_RUN: setText(findTestObject("TestUserLocation/login_Username"), UserName)

2018-12-17 19:03:22 - [TEST_STEP][NOT_RUN] - setText(findTestObject("TestUserLocation/login_Password"), Password): NOT_RUN: setText(findTestObject("TestUserLocation/login_Password"), Password)

2018-12-17 19:03:22 - [MESSAGE][NOT_RUN] - NOT_RUN: setText(findTestObject("TestUserLocation/login_Password"), Password)

2018-12-17 19:03:22 - [TEST_STEP][PASSED] - Thread.sleep(2000): null

2018-12-17 19:03:24 - [TEST_STEP][PASSED] - Supplier.setSupplier(): Supplier.setSupplier is PASSED

2018-12-17 19:03:24 - [MESSAGE][PASSED] - Supplier.setSupplier is PASSED

2018-12-17 19:03:24 - [TEST_STEP][NOT_RUN] - click(findTestObject("TestUserLocation/login_Button")): NOT_RUN: click(findTestObject("TestUserLocation/login_Button"))

2018-12-17 19:03:24 - [MESSAGE][NOT_RUN] - NOT_RUN: click(findTestObject("TestUserLocation/login_Button"))

2018-12-17 19:03:24 - [TEST_STEP][NOT_RUN] - Thread.sleep(6000): NOT_RUN: Thread.sleep(6000)

2018-12-17 19:03:24 - [MESSAGE][NOT_RUN] - NOT_RUN: Thread.sleep(6000)

2018-12-17 19:03:24 - [TEST_STEP][PASSED] - click(findTestObject("TestUserLocation/mainmenu_button")): Object: 'Object Repository/TestUserLocation/mainmenu_button' is clicked on

2018-12-17 19:03:24 - [MESSAGE][PASSED] - Object: 'Object Repository/TestUserLocation/mainmenu_button' is clicked on

2018-12-17 19:03:24 - [TEST_STEP][NOT_RUN] - click(findTestObject("Form_Selection_Creation/mainMenu_AdminTools")): NOT_RUN: click(findTestObject("Form_Selection_Creation/mainMenu_AdminTools"))

2018-12-17 19:03:24 - [MESSAGE][NOT_RUN] - NOT_RUN: click(findTestObject("Form_Selection_Creation/mainMenu_AdminTools"))

2018-12-17 19:03:24 - [TEST_STEP][PASSED] - Thread.sleep(2000): null

2018-12-17 19:03:26 - [TEST_STEP][PASSED] - click(findTestObject("TestUser/users")): Object: 'Object Repository/TestUser/users' is clicked on

2018-12-17 19:03:26 - [MESSAGE][PASSED] - Object: 'Object Repository/TestUser/users' is clicked on

2018-12-17 19:03:26 - [TEST_STEP][PASSED] - Thread.sleep(6000): null

2018-12-17 19:03:32 - [TEST_STEP][PASSED] - click(findTestObject("SupplierFlow/selectSupplierTab")): Object: 'Object Repository/SupplierFlow/selectSupplierTab' is clicked on

2018-12-17 19:03:32 - [MESSAGE][PASSED] - Object: 'Object Repository/SupplierFlow/selectSupplierTab' is clicked on

2018-12-17 19:03:32 - [TEST_STEP][PASSED] - Thread.sleep(6000): null

2018-12-17 19:03:38 - [TEST_STEP][PASSED] - click(findTestObject("SupplierFlow/addNewSupplierButton")): Object: 'Object Repository/SupplierFlow/addNewSupplierButton' is clicked on

2018-12-17 19:03:39 - [MESSAGE][PASSED] - Object: 'Object Repository/SupplierFlow/addNewSupplierButton' is clicked on

2018-12-17 19:03:39 - [TEST_STEP][PASSED] - Thread.sleep(3000): null

2018-12-17 19:03:42 - [TEST_STEP][PASSED] - click(findTestObject("SupplierFlow/openSupplierOption"), STOP_ON_FAILURE): Object: 'Object Repository/SupplierFlow/openSupplierOption' is clicked on

2018-12-17 19:03:42 - [MESSAGE][PASSED] - Object: 'Object Repository/SupplierFlow/openSupplierOption' is clicked on

2018-12-17 19:03:42 - [TEST_STEP][PASSED] - Thread.sleep(2000): null

2018-12-17 19:03:44 - [TEST_STEP][PASSED] - Supplier.getSupplierName(): Supplier.getSupplierName is PASSED

2018-12-17 19:03:44 - [MESSAGE][PASSED] - Supplier.getSupplierName is PASSED

2018-12-17 19:03:44 - [TEST_STEP][PASSED] - Supplier.setSupplier(): Supplier.setSupplier is PASSED

2018-12-17 19:03:44 - [MESSAGE][PASSED] - Supplier.setSupplier is PASSED

2018-12-17 19:03:44 - [TEST_STEP][PASSED] - setText(findTestObject("SupplierFlow/userName"), findTestData("SupplierData").getValue("UserName", 1)): Text 'Supplier_On_17/12/18-19:03' is set on object 'Object Repository/SupplierFlow/userName'

2018-12-17 19:03:45 - [MESSAGE][PASSED] - Text 'Supplier_On_17/12/18-19:03' is set on object 'Object Repository/SupplierFlow/userName'

2018-12-17 19:03:45 - [TEST_STEP][PASSED] - setText(findTestObject("SupplierFlow/firstName"), "Supplier"): Text 'Supplier' is set on object 'Object Repository/SupplierFlow/firstName'

2018-12-17 19:03:45 - [MESSAGE][PASSED] - Text 'Supplier' is set on object 'Object Repository/SupplierFlow/firstName'

2018-12-17 19:03:45 - [TEST_STEP][PASSED] - setText(findTestObject("SupplierFlow/lastName"), "Test"): Text 'Test' is set on object 'Object Repository/SupplierFlow/lastName'

2018-12-17 19:03:45 - [MESSAGE][PASSED] - Text 'Test' is set on object 'Object Repository/SupplierFlow/lastName'

2018-12-17 19:03:45 - [TEST_STEP][PASSED] - setText(findTestObject("SupplierFlow/email"), "Sup@gmail.com"): Text 'Sup@gmail.com' is set on object 'Object Repository/SupplierFlow/email'

2018-12-17 19:03:45 - [MESSAGE][PASSED] - Text 'Sup@gmail.com' is set on object 'Object Repository/SupplierFlow/email'

2018-12-17 19:03:45 - [TEST_STEP][PASSED] - setText(findTestObject("SupplierFlow/password"), findTestData("SupplierData").getValue("Password", 1)): Text 'password' is set on object 'Object Repository/SupplierFlow/password'

2018-12-17 19:03:45 - [MESSAGE][PASSED] - Text 'password' is set on object 'Object Repository/SupplierFlow/password'

2018-12-17 19:03:45 - [TEST_STEP][PASSED] - setText(findTestObject("SupplierFlow/title"), "Test"): Text 'Test' is set on object 'Object Repository/SupplierFlow/title'

2018-12-17 19:03:46 - [MESSAGE][PASSED] - Text 'Test' is set on object 'Object Repository/SupplierFlow/title'

2018-12-17 19:03:46 - [TEST_STEP][PASSED] - click(findTestObject("SupplierFlow/openTimeZone")): Object: 'Object Repository/SupplierFlow/openTimeZone' is clicked on

2018-12-17 19:03:46 - [MESSAGE][PASSED] - Object: 'Object Repository/SupplierFlow/openTimeZone' is clicked on

2018-12-17 19:03:46 - [TEST_STEP][PASSED] - Thread.sleep(2000): null

2018-12-17 19:03:48 - [TEST_STEP][PASSED] - click(findTestObject("SupplierFlow/selectTimeZone_India")): Object: 'Object Repository/SupplierFlow/selectTimeZone_India' is clicked on

2018-12-17 19:03:48 - [MESSAGE][PASSED] - Object: 'Object Repository/SupplierFlow/selectTimeZone_India' is clicked on

2018-12-17 19:03:48 - [TEST_STEP][PASSED] - Thread.sleep(4000): null

2018-12-17 19:03:52 - [TEST_STEP][PASSED] - click(findTestObject("SupplierFlow/saveButton")): Object: 'Object Repository/SupplierFlow/saveButton' is clicked on

2018-12-17 19:03:52 - [MESSAGE][PASSED] - Object: 'Object Repository/SupplierFlow/saveButton' is clicked on

2018-12-17 19:03:52 - [TEST_STEP][PASSED] - Thread.sleep(6000): null]]></system-out>
         <system-err><![CDATA[]]></system-err>
      </testcase>
      <testcase name="Test Cases/SupplierFlow/5_CreateWG" classname="Test Cases/SupplierFlow/5_CreateWG" status="PASSED">
         <system-out><![CDATA[2018-12-17 19:03:58 - [TEST_CASE][PASSED] - Test Cases/SupplierFlow/5_CreateWG: Test Cases/SupplierFlow/5_CreateWG

2018-12-17 19:03:58 - [TEST_STEP][NOT_RUN] - openBrowser(URL): NOT_RUN: openBrowser(URL)

2018-12-17 19:03:58 - [MESSAGE][NOT_RUN] - NOT_RUN: openBrowser(URL)

2018-12-17 19:03:58 - [TEST_STEP][NOT_RUN] - maximizeWindow(): NOT_RUN: maximizeWindow()

2018-12-17 19:03:58 - [MESSAGE][NOT_RUN] - NOT_RUN: maximizeWindow()

2018-12-17 19:03:58 - [TEST_STEP][NOT_RUN] - setText(findTestObject("Form_Selection_Creation/login_Username"), UserName): NOT_RUN: setText(findTestObject("Form_Selection_Creation/login_Username"), UserName)

2018-12-17 19:03:58 - [MESSAGE][NOT_RUN] - NOT_RUN: setText(findTestObject("Form_Selection_Creation/login_Username"), UserName)

2018-12-17 19:03:58 - [TEST_STEP][NOT_RUN] - setText(findTestObject("Form_Selection_Creation/login_Password"), Password): NOT_RUN: setText(findTestObject("Form_Selection_Creation/login_Password"), Password)

2018-12-17 19:03:58 - [MESSAGE][NOT_RUN] - NOT_RUN: setText(findTestObject("Form_Selection_Creation/login_Password"), Password)

2018-12-17 19:03:59 - [TEST_STEP][NOT_RUN] - click(findTestObject("Form_Selection_Creation/login_Button")): NOT_RUN: click(findTestObject("Form_Selection_Creation/login_Button"))

2018-12-17 19:03:59 - [MESSAGE][NOT_RUN] - NOT_RUN: click(findTestObject("Form_Selection_Creation/login_Button"))

2018-12-17 19:03:59 - [TEST_STEP][PASSED] - Thread.sleep(3000): null

2018-12-17 19:04:02 - [TEST_STEP][PASSED] - click(findTestObject("Form_Selection_Creation/mainMenu_Button")): Object: 'Object Repository/Form_Selection_Creation/mainMenu_Button' is clicked on

2018-12-17 19:04:02 - [MESSAGE][PASSED] - Object: 'Object Repository/Form_Selection_Creation/mainMenu_Button' is clicked on

2018-12-17 19:04:02 - [TEST_STEP][NOT_RUN] - click(findTestObject("Form_Selection_Creation/mainMenu_AdminTools")): NOT_RUN: click(findTestObject("Form_Selection_Creation/mainMenu_AdminTools"))

2018-12-17 19:04:02 - [MESSAGE][NOT_RUN] - NOT_RUN: click(findTestObject("Form_Selection_Creation/mainMenu_AdminTools"))

2018-12-17 19:04:02 - [TEST_STEP][PASSED] - click(findTestObject("SupplierFlow/workgroup")): Object: 'Object Repository/SupplierFlow/workgroup' is clicked on

2018-12-17 19:04:02 - [MESSAGE][PASSED] - Object: 'Object Repository/SupplierFlow/workgroup' is clicked on

2018-12-17 19:04:02 - [TEST_STEP][PASSED] - Thread.sleep(5000): null

2018-12-17 19:04:07 - [TEST_STEP][PASSED] - click(findTestObject("SupplierFlow/addButtonWG")): Object: 'Object Repository/SupplierFlow/addButtonWG' is clicked on

2018-12-17 19:04:07 - [MESSAGE][PASSED] - Object: 'Object Repository/SupplierFlow/addButtonWG' is clicked on

2018-12-17 19:04:07 - [TEST_STEP][PASSED] - setText(findTestObject("SupplierFlow/setWGText"), findTestData("SupplierData").getValue("WorkGroupName", 1)): Text 'WorkGroup_On_17/12/18-19:03' is set on object 'Object Repository/SupplierFlow/setWGText'

2018-12-17 19:04:08 - [MESSAGE][PASSED] - Text 'WorkGroup_On_17/12/18-19:03' is set on object 'Object Repository/SupplierFlow/setWGText'

2018-12-17 19:04:08 - [TEST_STEP][PASSED] - sendKeys(findTestObject("SupplierFlow/setWGText"), Keys.chord(ENTER)): Keys 'ENTER + ' sent to object: 'Object Repository/SupplierFlow/setWGText'

2018-12-17 19:04:08 - [MESSAGE][PASSED] - Keys 'ENTER + ' sent to object: 'Object Repository/SupplierFlow/setWGText'

2018-12-17 19:04:08 - [TEST_STEP][PASSED] - Thread.sleep(6000): null

2018-12-17 19:04:14 - [TEST_STEP][PASSED] - setText(findTestObject("SupplierFlow/searchUserInWG"), "Superadmin"): Text 'Superadmin' is set on object 'Object Repository/SupplierFlow/searchUserInWG'

2018-12-17 19:04:14 - [MESSAGE][PASSED] - Text 'Superadmin' is set on object 'Object Repository/SupplierFlow/searchUserInWG'

2018-12-17 19:04:14 - [TEST_STEP][PASSED] - sendKeys(findTestObject("SupplierFlow/searchUserInWG"), Keys.chord(ENTER)): Keys 'ENTER + ' sent to object: 'Object Repository/SupplierFlow/searchUserInWG'

2018-12-17 19:04:14 - [MESSAGE][PASSED] - Keys 'ENTER + ' sent to object: 'Object Repository/SupplierFlow/searchUserInWG'

2018-12-17 19:04:14 - [TEST_STEP][PASSED] - Thread.sleep(4000): null

2018-12-17 19:04:18 - [TEST_STEP][PASSED] - check(findTestObject("SupplierFlow/checkUserinWG")): Object 'Object Repository/SupplierFlow/checkUserinWG' is checked

2018-12-17 19:04:18 - [MESSAGE][PASSED] - Object 'Object Repository/SupplierFlow/checkUserinWG' is checked

2018-12-17 19:04:18 - [TEST_STEP][PASSED] - Thread.sleep(3000): null

2018-12-17 19:04:21 - [TEST_STEP][PASSED] - click(findTestObject("SupplierFlow/saveInWG")): Object: 'Object Repository/SupplierFlow/saveInWG' is clicked on

2018-12-17 19:04:21 - [MESSAGE][PASSED] - Object: 'Object Repository/SupplierFlow/saveInWG' is clicked on]]></system-out>
         <system-err><![CDATA[]]></system-err>
      </testcase>
      <testcase name="Test Cases/SupplierFlow/6_CreateRequirement" classname="Test Cases/SupplierFlow/6_CreateRequirement" status="PASSED">
         <system-out><![CDATA[2018-12-17 19:04:21 - [TEST_CASE][PASSED] - Test Cases/SupplierFlow/6_CreateRequirement: Test Cases/SupplierFlow/6_CreateRequirement

2018-12-17 19:04:22 - [TEST_STEP][NOT_RUN] - openBrowser(URL): NOT_RUN: openBrowser(URL)

2018-12-17 19:04:22 - [MESSAGE][NOT_RUN] - NOT_RUN: openBrowser(URL)

2018-12-17 19:04:22 - [TEST_STEP][NOT_RUN] - maximizeWindow(): NOT_RUN: maximizeWindow()

2018-12-17 19:04:22 - [MESSAGE][NOT_RUN] - NOT_RUN: maximizeWindow()

2018-12-17 19:04:22 - [TEST_STEP][NOT_RUN] - setText(findTestObject("TestUserLocation/login_Username"), UserName): NOT_RUN: setText(findTestObject("TestUserLocation/login_Username"), UserName)

2018-12-17 19:04:22 - [MESSAGE][NOT_RUN] - NOT_RUN: setText(findTestObject("TestUserLocation/login_Username"), UserName)

2018-12-17 19:04:22 - [TEST_STEP][NOT_RUN] - setText(findTestObject("TestUserLocation/login_Password"), Password): NOT_RUN: setText(findTestObject("TestUserLocation/login_Password"), Password)

2018-12-17 19:04:22 - [MESSAGE][NOT_RUN] - NOT_RUN: setText(findTestObject("TestUserLocation/login_Password"), Password)

2018-12-17 19:04:22 - [TEST_STEP][PASSED] - Thread.sleep(2000): null

2018-12-17 19:04:24 - [TEST_STEP][PASSED] - FormName.setTaskName(): FormName.setTaskName is PASSED

2018-12-17 19:04:24 - [MESSAGE][PASSED] - FormName.setTaskName is PASSED

2018-12-17 19:04:24 - [TEST_STEP][PASSED] - Supplier.setSupplierName(): Supplier.setSupplierName is PASSED

2018-12-17 19:04:24 - [MESSAGE][PASSED] - Supplier.setSupplierName is PASSED

2018-12-17 19:04:24 - [TEST_STEP][NOT_RUN] - click(findTestObject("TestUserLocation/login_Button")): NOT_RUN: click(findTestObject("TestUserLocation/login_Button"))

2018-12-17 19:04:24 - [MESSAGE][NOT_RUN] - NOT_RUN: click(findTestObject("TestUserLocation/login_Button"))

2018-12-17 19:04:24 - [TEST_STEP][NOT_RUN] - Thread.sleep(6000): NOT_RUN: Thread.sleep(6000)

2018-12-17 19:04:24 - [MESSAGE][NOT_RUN] - NOT_RUN: Thread.sleep(6000)

2018-12-17 19:04:24 - [TEST_STEP][PASSED] - click(findTestObject("TestUserLocation/mainmenu_button")): Object: 'Object Repository/TestUserLocation/mainmenu_button' is clicked on

2018-12-17 19:04:24 - [MESSAGE][PASSED] - Object: 'Object Repository/TestUserLocation/mainmenu_button' is clicked on

2018-12-17 19:04:24 - [TEST_STEP][NOT_RUN] - click(findTestObject("Form_Selection_Creation/mainMenu_AdminTools")): NOT_RUN: click(findTestObject("Form_Selection_Creation/mainMenu_AdminTools"))

2018-12-17 19:04:24 - [MESSAGE][NOT_RUN] - NOT_RUN: click(findTestObject("Form_Selection_Creation/mainMenu_AdminTools"))

2018-12-17 19:04:24 - [TEST_STEP][PASSED] - Thread.sleep(2000): null

2018-12-17 19:04:26 - [TEST_STEP][PASSED] - click(findTestObject("SupplierFlow/requirements")): Object: 'Object Repository/SupplierFlow/requirements' is clicked on

2018-12-17 19:04:26 - [MESSAGE][PASSED] - Object: 'Object Repository/SupplierFlow/requirements' is clicked on

2018-12-17 19:04:26 - [TEST_STEP][PASSED] - Thread.sleep(4000): null

2018-12-17 19:04:30 - [TEST_STEP][PASSED] - click(findTestObject("SupplierFlow/addSupplierPlus")): Object: 'Object Repository/SupplierFlow/addSupplierPlus' is clicked on

2018-12-17 19:04:30 - [MESSAGE][PASSED] - Object: 'Object Repository/SupplierFlow/addSupplierPlus' is clicked on

2018-12-17 19:04:30 - [TEST_STEP][PASSED] - Thread.sleep(2000): null

2018-12-17 19:04:32 - [TEST_STEP][PASSED] - setText(findTestObject("SupplierFlow/setSupplierInRequirement"), findTestData("SupplierData").getValue("SupplierName", 1)): Text 'Req_Supplier_On_17/12/18-19:04' is set on object 'Object Repository/SupplierFlow/setSupplierInRequirement'

2018-12-17 19:04:33 - [MESSAGE][PASSED] - Text 'Req_Supplier_On_17/12/18-19:04' is set on object 'Object Repository/SupplierFlow/setSupplierInRequirement'

2018-12-17 19:04:33 - [TEST_STEP][PASSED] - sendKeys(findTestObject("SupplierFlow/setSupplierInRequirement"), Keys.chord(ENTER)): Keys 'ENTER + ' sent to object: 'Object Repository/SupplierFlow/setSupplierInRequirement'

2018-12-17 19:04:33 - [MESSAGE][PASSED] - Keys 'ENTER + ' sent to object: 'Object Repository/SupplierFlow/setSupplierInRequirement'

2018-12-17 19:04:33 - [TEST_STEP][PASSED] - Thread.sleep(4000): null

2018-12-17 19:04:37 - [TEST_STEP][PASSED] - click(findTestObject("SupplierFlow/optionToSelectNewRequirement")): Object: 'Object Repository/SupplierFlow/optionToSelectNewRequirement' is clicked on

2018-12-17 19:04:37 - [MESSAGE][PASSED] - Object: 'Object Repository/SupplierFlow/optionToSelectNewRequirement' is clicked on

2018-12-17 19:04:37 - [TEST_STEP][PASSED] - Thread.sleep(2000): null

2018-12-17 19:04:39 - [TEST_STEP][PASSED] - click(findTestObject("SupplierFlow/selectCompleteForm")): Object: 'Object Repository/SupplierFlow/selectCompleteForm' is clicked on

2018-12-17 19:04:39 - [MESSAGE][PASSED] - Object: 'Object Repository/SupplierFlow/selectCompleteForm' is clicked on

2018-12-17 19:04:39 - [TEST_STEP][PASSED] - Thread.sleep(10000): null

2018-12-17 19:04:49 - [TEST_STEP][NOT_RUN] - check(findTestObject("SupplierFlow/selectForm")): NOT_RUN: check(findTestObject("SupplierFlow/selectForm"))

2018-12-17 19:04:49 - [MESSAGE][NOT_RUN] - NOT_RUN: check(findTestObject("SupplierFlow/selectForm"))

2018-12-17 19:04:49 - [TEST_STEP][PASSED] - Supplier.selectForm(): Supplier.selectForm is PASSED

2018-12-17 19:04:49 - [MESSAGE][PASSED] - Supplier.selectForm is PASSED

2018-12-17 19:04:49 - [TEST_STEP][PASSED] - Thread.sleep(2000): null

2018-12-17 19:04:51 - [TEST_STEP][PASSED] - click(findTestObject("SupplierFlow/nextButtonReqForm")): Object: 'Object Repository/SupplierFlow/nextButtonReqForm' is clicked on

2018-12-17 19:04:51 - [MESSAGE][PASSED] - Object: 'Object Repository/SupplierFlow/nextButtonReqForm' is clicked on

2018-12-17 19:04:51 - [TEST_STEP][PASSED] - Thread.sleep(4000): null

2018-12-17 19:04:55 - [TEST_STEP][PASSED] - setText(findTestObject("SupplierFlow/setTaskName"), findTestData("FormData").getValue("TaskName", 1)): Text 'AUTO_TEST_TASK_ON_17/12/2018-19:04:24' is set on object 'Object Repository/SupplierFlow/setTaskName'

2018-12-17 19:04:56 - [MESSAGE][PASSED] - Text 'AUTO_TEST_TASK_ON_17/12/2018-19:04:24' is set on object 'Object Repository/SupplierFlow/setTaskName'

2018-12-17 19:04:56 - [TEST_STEP][PASSED] - click(findTestObject("SupplierFlow/approvedBy")): Object: 'Object Repository/SupplierFlow/approvedBy' is clicked on

2018-12-17 19:04:56 - [MESSAGE][PASSED] - Object: 'Object Repository/SupplierFlow/approvedBy' is clicked on

2018-12-17 19:04:56 - [TEST_STEP][PASSED] - Thread.sleep(2000): null

2018-12-17 19:04:58 - [TEST_STEP][PASSED] - Supplier.selectWG(): Supplier.selectWG is PASSED

2018-12-17 19:04:58 - [MESSAGE][PASSED] - Supplier.selectWG is PASSED

2018-12-17 19:04:58 - [TEST_STEP][PASSED] - Thread.sleep(2000): null

2018-12-17 19:05:00 - [TEST_STEP][PASSED] - click(findTestObject("SupplierFlow/saveButtonTask")): Object: 'Object Repository/SupplierFlow/saveButtonTask' is clicked on

2018-12-17 19:05:01 - [MESSAGE][PASSED] - Object: 'Object Repository/SupplierFlow/saveButtonTask' is clicked on

2018-12-17 19:05:01 - [TEST_STEP][PASSED] - Thread.sleep(6000): null

2018-12-17 19:05:07 - [TEST_STEP][PASSED] - click(findTestObject("SupplierFlow/supplierTabInRequirement")): Object: 'Object Repository/SupplierFlow/supplierTabInRequirement' is clicked on

2018-12-17 19:05:07 - [MESSAGE][PASSED] - Object: 'Object Repository/SupplierFlow/supplierTabInRequirement' is clicked on

2018-12-17 19:05:07 - [TEST_STEP][PASSED] - Thread.sleep(4000): null

2018-12-17 19:05:11 - [TEST_STEP][PASSED] - click(findTestObject("SupplierFlow/selectNewSupplier")): Object: 'Object Repository/SupplierFlow/selectNewSupplier' is clicked on

2018-12-17 19:05:11 - [MESSAGE][PASSED] - Object: 'Object Repository/SupplierFlow/selectNewSupplier' is clicked on

2018-12-17 19:05:11 - [TEST_STEP][PASSED] - Thread.sleep(4000): null

2018-12-17 19:05:15 - [TEST_STEP][PASSED] - Supplier.selectNewSupplier(): Supplier.selectNewSupplier is PASSED

2018-12-17 19:05:20 - [MESSAGE][PASSED] - Supplier.selectNewSupplier is PASSED

2018-12-17 19:05:20 - [TEST_STEP][PASSED] - Thread.sleep(2000): null

2018-12-17 19:05:22 - [TEST_STEP][PASSED] - click(findTestObject("SupplierFlow/saveSupplierSelection")): Object: 'Object Repository/SupplierFlow/saveSupplierSelection' is clicked on

2018-12-17 19:05:22 - [MESSAGE][PASSED] - Object: 'Object Repository/SupplierFlow/saveSupplierSelection' is clicked on

2018-12-17 19:05:22 - [TEST_STEP][PASSED] - Thread.sleep(6000): null]]></system-out>
         <system-err><![CDATA[]]></system-err>
      </testcase>
      <system-out><![CDATA[2018-12-17 18:57:30 - [TEST_SUITE][PASSED] - First_SupplierFlow: Test Cases/SupplierFlow/6_CreateRequirement]]></system-out>
      <system-err><![CDATA[]]></system-err>
   </testsuite>
</testsuites>
