<?xml version="1.0" encoding="UTF-8"?>
<testsuites name="TestSupplier" time="609" tests="10" failures="0" errors="0">
   <testsuite name="TestSupplier" tests="10" failures="0" errors="0" time="609" timestamp="2019-01-03 11:59:23" hostname="pashine_a - Abhishek-Pashine.India.XoriantCorp.com" id="Test Suites/TestSupplier">
      <properties>
         <property name="deviceName" value=""/>
         <property name="devicePlatform" value=""/>
         <property name="logFolder" value="D:\\Git Data\\SafetyChain-Test-Automation-Katalon\\Reports\\TestSupplier\\20190103_115921"/>
         <property name="logFiles" value="D:\\Git Data\\SafetyChain-Test-Automation-Katalon\\Reports\\TestSupplier\\20190103_115921\\execution0.log"/>
         <property name="attachments" value=""/>
         <property name="hostName" value="pashine_a - Abhishek-Pashine.India.XoriantCorp.com"/>
         <property name="os" value="Windows 7 64bit"/>
         <property name="katalonVersion" value="5.10.1.1"/>
         <property name="browser" value="Chrome 71.0.3578.98"/>
         <property name="hostAddress" value="10.21.7.147"/>
         <property name="sessionId" value="6db1afffcf43cb7484f1c13a3b5945a6"/>
         <property name="seleniumVersion" value="3.7.1"/>
         <property name="proxyInformation" value="ProxyInformation{proxyOption=NO_PROXY, proxyServerType=HTTP, password=, proxyServerAddress=, proxyServerPort=0}"/>
         <property name="platform" value="Windows 7"/>
      </properties>
      <testcase name="Test Cases/SupplierFlow/1_CreateForm" classname="Test Cases/SupplierFlow/1_CreateForm" status="PASSED">
         <system-out><![CDATA[2019-01-03 11:59:23 - [TEST_CASE][PASSED] - Test Cases/SupplierFlow/1_CreateForm: Test Cases/SupplierFlow/1_CreateForm

2019-01-03 11:59:24 - [TEST_STEP][PASSED] - openBrowser(URL): Browser is opened with url: 'https://test2.stage.safetychain.com'

2019-01-03 11:59:24 - [MESSAGE][INFO] - Starting 'Chrome' driver

2019-01-03 11:59:24 - [MESSAGE][INFO] - Action delay is set to 0 seconds

2019-01-03 11:59:55 - [MESSAGE][PASSED] - Browser is opened with url: 'https://test2.stage.safetychain.com'

2019-01-03 11:59:55 - [TEST_STEP][PASSED] - maximizeWindow(): Current window maximized

2019-01-03 11:59:56 - [MESSAGE][PASSED] - Current window maximized

2019-01-03 11:59:56 - [TEST_STEP][PASSED] - setText(findTestObject("Form_Selection_Creation/login_Username"), UserName): Text 'superadmin' is set on object 'Object Repository/Form_Selection_Creation/login_Username'

2019-01-03 12:00:00 - [MESSAGE][PASSED] - Text 'superadmin' is set on object 'Object Repository/Form_Selection_Creation/login_Username'

2019-01-03 12:00:00 - [TEST_STEP][PASSED] - setText(findTestObject("Form_Selection_Creation/login_Password"), Password): Text 'sliptest23772boot' is set on object 'Object Repository/Form_Selection_Creation/login_Password'

2019-01-03 12:00:00 - [MESSAGE][PASSED] - Text 'sliptest23772boot' is set on object 'Object Repository/Form_Selection_Creation/login_Password'

2019-01-03 12:00:00 - [TEST_STEP][PASSED] - FormName.setData(): FormName.setData is PASSED

2019-01-03 12:00:02 - [MESSAGE][PASSED] - FormName.setData is PASSED

2019-01-03 12:00:02 - [TEST_STEP][PASSED] - click(findTestObject("Form_Selection_Creation/login_Button")): Object: 'Object Repository/Form_Selection_Creation/login_Button' is clicked on

2019-01-03 12:00:03 - [MESSAGE][PASSED] - Object: 'Object Repository/Form_Selection_Creation/login_Button' is clicked on

2019-01-03 12:00:03 - [TEST_STEP][PASSED] - Thread.sleep(3000): null

2019-01-03 12:00:06 - [TEST_STEP][PASSED] - click(findTestObject("Form_Selection_Creation/mainMenu_Button")): Object: 'Object Repository/Form_Selection_Creation/mainMenu_Button' is clicked on

2019-01-03 12:00:10 - [MESSAGE][PASSED] - Object: 'Object Repository/Form_Selection_Creation/mainMenu_Button' is clicked on

2019-01-03 12:00:10 - [TEST_STEP][PASSED] - click(findTestObject("Form_Selection_Creation/mainMenu_AdminTools")): Object: 'Object Repository/Form_Selection_Creation/mainMenu_AdminTools' is clicked on

2019-01-03 12:00:10 - [MESSAGE][PASSED] - Object: 'Object Repository/Form_Selection_Creation/mainMenu_AdminTools' is clicked on

2019-01-03 12:00:10 - [TEST_STEP][PASSED] - click(findTestObject("Form_Selection_Creation/mainMenu_AdminTools_FormDesigner")): Object: 'Object Repository/Form_Selection_Creation/mainMenu_AdminTools_FormDesigner' is clicked on

2019-01-03 12:00:10 - [MESSAGE][PASSED] - Object: 'Object Repository/Form_Selection_Creation/mainMenu_AdminTools_FormDesigner' is clicked on

2019-01-03 12:00:10 - [TEST_STEP][PASSED] - Thread.sleep(2000): null

2019-01-03 12:00:12 - [TEST_STEP][PASSED] - click(findTestObject("Form_Selection_Creation/selectQuestionaireForm")): Object: 'Object Repository/Form_Selection_Creation/selectQuestionaireForm' is clicked on

2019-01-03 12:00:12 - [MESSAGE][PASSED] - Object: 'Object Repository/Form_Selection_Creation/selectQuestionaireForm' is clicked on

2019-01-03 12:00:12 - [TEST_STEP][PASSED] - Thread.sleep(3000): null

2019-01-03 12:00:15 - [TEST_STEP][PASSED] - dragAndDropToObject(findTestObject("Form_Selection_Creation/formDesign_selectResource"), findTestObject("Form_Selection_Creation/Target_Res_Object")): Dragged object with id 'Object Repository/Form_Selection_Creation/formDesign_selectResource' to object with id 'TestObject - 'Object Repository/Form_Selection_Creation/Target_Res_Object'' successfully

2019-01-03 12:00:16 - [MESSAGE][PASSED] - Dragged object with id 'Object Repository/Form_Selection_Creation/formDesign_selectResource' to object with id 'TestObject - 'Object Repository/Form_Selection_Creation/Target_Res_Object'' successfully

2019-01-03 12:00:16 - [TEST_STEP][PASSED] - Thread.sleep(6000): null

2019-01-03 12:00:22 - [TEST_STEP][PASSED] - click(findTestObject("Form_Selection_Creation/formCreation_NextToDesignForm")): Object: 'Object Repository/Form_Selection_Creation/formCreation_NextToDesignForm' is clicked on

2019-01-03 12:00:23 - [MESSAGE][PASSED] - Object: 'Object Repository/Form_Selection_Creation/formCreation_NextToDesignForm' is clicked on

2019-01-03 12:00:23 - [TEST_STEP][PASSED] - Thread.sleep(4000): null

2019-01-03 12:00:27 - [TEST_STEP][PASSED] - FormName.createForm(findTestObject("Form_Selection_Creation/formDesign_FormName")): FormName.createForm is PASSED

2019-01-03 12:00:27 - [MESSAGE][PASSED] - FormName.createForm is PASSED

2019-01-03 12:00:27 - [TEST_STEP][PASSED] - Thread.sleep(2000): null

2019-01-03 12:00:29 - [TEST_STEP][PASSED] - dragAndDropToObject(findTestObject("Form_Selection_Creation/formDesign_SelectSection"), findTestObject("Form_Selection_Creation/default_area")): Dragged object with id 'Object Repository/Form_Selection_Creation/formDesign_SelectSection' to object with id 'TestObject - 'Object Repository/Form_Selection_Creation/default_area'' successfully

2019-01-03 12:00:30 - [MESSAGE][PASSED] - Dragged object with id 'Object Repository/Form_Selection_Creation/formDesign_SelectSection' to object with id 'TestObject - 'Object Repository/Form_Selection_Creation/default_area'' successfully

2019-01-03 12:00:30 - [TEST_STEP][PASSED] - setText(findTestObject("Form_Selection_Creation/formDesign_SectionName_text"), "This is Section "): Text 'This is Section ' is set on object 'Object Repository/Form_Selection_Creation/formDesign_SectionName_text'

2019-01-03 12:00:30 - [MESSAGE][PASSED] - Text 'This is Section ' is set on object 'Object Repository/Form_Selection_Creation/formDesign_SectionName_text'

2019-01-03 12:00:30 - [TEST_STEP][PASSED] - Thread.sleep(2000): null

2019-01-03 12:00:32 - [TEST_STEP][PASSED] - dragAndDropToObject(findTestObject("Form_Selection_Creation/formDesign_SelectFieldgroup"), findTestObject("Form_Selection_Creation/section_area")): Dragged object with id 'Object Repository/Form_Selection_Creation/formDesign_SelectFieldgroup' to object with id 'TestObject - 'Object Repository/Form_Selection_Creation/section_area'' successfully

2019-01-03 12:00:33 - [MESSAGE][PASSED] - Dragged object with id 'Object Repository/Form_Selection_Creation/formDesign_SelectFieldgroup' to object with id 'TestObject - 'Object Repository/Form_Selection_Creation/section_area'' successfully

2019-01-03 12:00:33 - [TEST_STEP][PASSED] - setText(findTestObject("Form_Selection_Creation/formDesign_FieldGroupName_text"), "This is Field Group "): Text 'This is Field Group ' is set on object 'Object Repository/Form_Selection_Creation/formDesign_FieldGroupName_text'

2019-01-03 12:00:33 - [MESSAGE][PASSED] - Text 'This is Field Group ' is set on object 'Object Repository/Form_Selection_Creation/formDesign_FieldGroupName_text'

2019-01-03 12:00:33 - [TEST_STEP][PASSED] - Thread.sleep(2000): null

2019-01-03 12:00:35 - [TEST_STEP][PASSED] - dragAndDropToObject(findTestObject("Form_Selection_Creation/formDesign_SelectFree Text"), findTestObject("Form_Selection_Creation/group_area")): Dragged object with id 'Object Repository/Form_Selection_Creation/formDesign_SelectFree Text' to object with id 'TestObject - 'Object Repository/Form_Selection_Creation/group_area'' successfully

2019-01-03 12:00:36 - [MESSAGE][PASSED] - Dragged object with id 'Object Repository/Form_Selection_Creation/formDesign_SelectFree Text' to object with id 'TestObject - 'Object Repository/Form_Selection_Creation/group_area'' successfully

2019-01-03 12:00:36 - [TEST_STEP][PASSED] - setText(findTestObject("Form_Selection_Creation/formDesign_SingleLineName_Text"), "This is Single Line Text"): Text 'This is Single Line Text' is set on object 'Object Repository/Form_Selection_Creation/formDesign_SingleLineName_Text'

2019-01-03 12:00:36 - [MESSAGE][PASSED] - Text 'This is Single Line Text' is set on object 'Object Repository/Form_Selection_Creation/formDesign_SingleLineName_Text'

2019-01-03 12:00:36 - [TEST_STEP][PASSED] - Thread.sleep(2000): null

2019-01-03 12:00:38 - [TEST_STEP][PASSED] - dragAndDropToObject(findTestObject("Form_Selection_Creation/formDesign_SelectParagraphText"), findTestObject("Form_Selection_Creation/group_area")): Dragged object with id 'Object Repository/Form_Selection_Creation/formDesign_SelectParagraphText' to object with id 'TestObject - 'Object Repository/Form_Selection_Creation/group_area'' successfully

2019-01-03 12:00:39 - [MESSAGE][PASSED] - Dragged object with id 'Object Repository/Form_Selection_Creation/formDesign_SelectParagraphText' to object with id 'TestObject - 'Object Repository/Form_Selection_Creation/group_area'' successfully

2019-01-03 12:00:39 - [TEST_STEP][PASSED] - setText(findTestObject("Form_Selection_Creation/formDesign_ParagraphName_Text"), "This is Paragraph"): Text 'This is Paragraph' is set on object 'Object Repository/Form_Selection_Creation/formDesign_ParagraphName_Text'

2019-01-03 12:00:40 - [MESSAGE][PASSED] - Text 'This is Paragraph' is set on object 'Object Repository/Form_Selection_Creation/formDesign_ParagraphName_Text'

2019-01-03 12:00:40 - [TEST_STEP][PASSED] - Thread.sleep(2000): null

2019-01-03 12:00:42 - [TEST_STEP][PASSED] - dragAndDropToObject(findTestObject("Form_Selection_Creation/formDesign_Select_SelectOne"), findTestObject("Form_Selection_Creation/group_area")): Dragged object with id 'Object Repository/Form_Selection_Creation/formDesign_Select_SelectOne' to object with id 'TestObject - 'Object Repository/Form_Selection_Creation/group_area'' successfully

2019-01-03 12:00:42 - [MESSAGE][PASSED] - Dragged object with id 'Object Repository/Form_Selection_Creation/formDesign_Select_SelectOne' to object with id 'TestObject - 'Object Repository/Form_Selection_Creation/group_area'' successfully

2019-01-03 12:00:42 - [TEST_STEP][PASSED] - setText(findTestObject("Form_Selection_Creation/formDesign_Select_OneName_text"), "This is Select One"): Text 'This is Select One' is set on object 'Object Repository/Form_Selection_Creation/formDesign_Select_OneName_text'

2019-01-03 12:00:43 - [MESSAGE][PASSED] - Text 'This is Select One' is set on object 'Object Repository/Form_Selection_Creation/formDesign_Select_OneName_text'

2019-01-03 12:00:43 - [TEST_STEP][PASSED] - Thread.sleep(3000): null

2019-01-03 12:00:46 - [TEST_STEP][PASSED] - click(findTestObject("Form_Selection_Creation/button_AddNew1")): Object: 'Object Repository/Form_Selection_Creation/button_AddNew1' is clicked on

2019-01-03 12:00:46 - [MESSAGE][PASSED] - Object: 'Object Repository/Form_Selection_Creation/button_AddNew1' is clicked on

2019-01-03 12:00:46 - [TEST_STEP][PASSED] - setText(findTestObject("Form_Selection_Creation/add1singleValue1"), "SingleOption1"): Text 'SingleOption1' is set on object 'Object Repository/Form_Selection_Creation/add1singleValue1'

2019-01-03 12:00:46 - [MESSAGE][PASSED] - Text 'SingleOption1' is set on object 'Object Repository/Form_Selection_Creation/add1singleValue1'

2019-01-03 12:00:46 - [TEST_STEP][PASSED] - Thread.sleep(2000): null

2019-01-03 12:00:48 - [TEST_STEP][PASSED] - click(findTestObject("Form_Selection_Creation/button_AddNew1")): Object: 'Object Repository/Form_Selection_Creation/button_AddNew1' is clicked on

2019-01-03 12:00:48 - [MESSAGE][PASSED] - Object: 'Object Repository/Form_Selection_Creation/button_AddNew1' is clicked on

2019-01-03 12:00:48 - [TEST_STEP][PASSED] - setText(findTestObject("Form_Selection_Creation/add1singleValue2"), "SingleOption2"): Text 'SingleOption2' is set on object 'Object Repository/Form_Selection_Creation/add1singleValue2'

2019-01-03 12:00:49 - [MESSAGE][PASSED] - Text 'SingleOption2' is set on object 'Object Repository/Form_Selection_Creation/add1singleValue2'

2019-01-03 12:00:49 - [TEST_STEP][PASSED] - Thread.sleep(2000): null

2019-01-03 12:00:51 - [TEST_STEP][PASSED] - dragAndDropToObject(findTestObject("Form_Selection_Creation/formDesign_Select_SelectMultiple"), findTestObject("Form_Selection_Creation/group_area")): Dragged object with id 'Object Repository/Form_Selection_Creation/formDesign_Select_SelectMultiple' to object with id 'TestObject - 'Object Repository/Form_Selection_Creation/group_area'' successfully

2019-01-03 12:00:51 - [MESSAGE][PASSED] - Dragged object with id 'Object Repository/Form_Selection_Creation/formDesign_Select_SelectMultiple' to object with id 'TestObject - 'Object Repository/Form_Selection_Creation/group_area'' successfully

2019-01-03 12:00:51 - [TEST_STEP][PASSED] - setText(findTestObject("Form_Selection_Creation/formDesign_Select_MultipleName_text"), "This is Select Multiple"): Text 'This is Select Multiple' is set on object 'Object Repository/Form_Selection_Creation/formDesign_Select_MultipleName_text'

2019-01-03 12:00:52 - [MESSAGE][PASSED] - Text 'This is Select Multiple' is set on object 'Object Repository/Form_Selection_Creation/formDesign_Select_MultipleName_text'

2019-01-03 12:00:52 - [TEST_STEP][PASSED] - Thread.sleep(3000): null

2019-01-03 12:00:55 - [TEST_STEP][PASSED] - click(findTestObject("Form_Selection_Creation/button_addNewMul1")): Object: 'Object Repository/Form_Selection_Creation/button_addNewMul1' is clicked on

2019-01-03 12:00:55 - [MESSAGE][PASSED] - Object: 'Object Repository/Form_Selection_Creation/button_addNewMul1' is clicked on

2019-01-03 12:00:55 - [TEST_STEP][PASSED] - setText(findTestObject("Form_Selection_Creation/add1MultipleValue1"), "MultipleOption1"): Text 'MultipleOption1' is set on object 'Object Repository/Form_Selection_Creation/add1MultipleValue1'

2019-01-03 12:00:55 - [MESSAGE][PASSED] - Text 'MultipleOption1' is set on object 'Object Repository/Form_Selection_Creation/add1MultipleValue1'

2019-01-03 12:00:55 - [TEST_STEP][PASSED] - Thread.sleep(2000): null

2019-01-03 12:00:57 - [TEST_STEP][PASSED] - click(findTestObject("Form_Selection_Creation/button_addNewMul1")): Object: 'Object Repository/Form_Selection_Creation/button_addNewMul1' is clicked on

2019-01-03 12:00:58 - [MESSAGE][PASSED] - Object: 'Object Repository/Form_Selection_Creation/button_addNewMul1' is clicked on

2019-01-03 12:00:58 - [TEST_STEP][PASSED] - setText(findTestObject("Form_Selection_Creation/add1MultipleValue2"), "MultipleOption2"): Text 'MultipleOption2' is set on object 'Object Repository/Form_Selection_Creation/add1MultipleValue2'

2019-01-03 12:00:58 - [MESSAGE][PASSED] - Text 'MultipleOption2' is set on object 'Object Repository/Form_Selection_Creation/add1MultipleValue2'

2019-01-03 12:00:58 - [TEST_STEP][PASSED] - Thread.sleep(2000): null

2019-01-03 12:01:00 - [TEST_STEP][PASSED] - dragAndDropToObject(findTestObject("Form_Selection_Creation/formDesign_SelectNumeric"), findTestObject("Form_Selection_Creation/group_area")): Dragged object with id 'Object Repository/Form_Selection_Creation/formDesign_SelectNumeric' to object with id 'TestObject - 'Object Repository/Form_Selection_Creation/group_area'' successfully

2019-01-03 12:01:01 - [MESSAGE][PASSED] - Dragged object with id 'Object Repository/Form_Selection_Creation/formDesign_SelectNumeric' to object with id 'TestObject - 'Object Repository/Form_Selection_Creation/group_area'' successfully

2019-01-03 12:01:01 - [TEST_STEP][PASSED] - setText(findTestObject("Form_Selection_Creation/formDesign_NumericName_Text"), "This is a Number"): Text 'This is a Number' is set on object 'Object Repository/Form_Selection_Creation/formDesign_NumericName_Text'

2019-01-03 12:01:01 - [MESSAGE][PASSED] - Text 'This is a Number' is set on object 'Object Repository/Form_Selection_Creation/formDesign_NumericName_Text'

2019-01-03 12:01:01 - [TEST_STEP][PASSED] - Thread.sleep(2000): null

2019-01-03 12:01:03 - [TEST_STEP][PASSED] - dragAndDropToObject(findTestObject("Form_Selection_Creation/formDesign_SelectDate"), findTestObject("Form_Selection_Creation/group_area")): Dragged object with id 'Object Repository/Form_Selection_Creation/formDesign_SelectDate' to object with id 'TestObject - 'Object Repository/Form_Selection_Creation/group_area'' successfully

2019-01-03 12:01:04 - [MESSAGE][PASSED] - Dragged object with id 'Object Repository/Form_Selection_Creation/formDesign_SelectDate' to object with id 'TestObject - 'Object Repository/Form_Selection_Creation/group_area'' successfully

2019-01-03 12:01:04 - [TEST_STEP][PASSED] - setText(findTestObject("Form_Selection_Creation/formDesign_DateName_Text"), "This is a Date"): Text 'This is a Date' is set on object 'Object Repository/Form_Selection_Creation/formDesign_DateName_Text'

2019-01-03 12:01:04 - [MESSAGE][PASSED] - Text 'This is a Date' is set on object 'Object Repository/Form_Selection_Creation/formDesign_DateName_Text'

2019-01-03 12:01:04 - [TEST_STEP][PASSED] - Thread.sleep(2000): null

2019-01-03 12:01:06 - [TEST_STEP][PASSED] - dragAndDropToObject(findTestObject("Form_Selection_Creation/formDesign_SelectTime"), findTestObject("Form_Selection_Creation/group_area")): Dragged object with id 'Object Repository/Form_Selection_Creation/formDesign_SelectTime' to object with id 'TestObject - 'Object Repository/Form_Selection_Creation/group_area'' successfully

2019-01-03 12:01:07 - [MESSAGE][PASSED] - Dragged object with id 'Object Repository/Form_Selection_Creation/formDesign_SelectTime' to object with id 'TestObject - 'Object Repository/Form_Selection_Creation/group_area'' successfully

2019-01-03 12:01:07 - [TEST_STEP][PASSED] - setText(findTestObject("Form_Selection_Creation/formDesign_TimeName_text"), "This is a Time"): Text 'This is a Time' is set on object 'Object Repository/Form_Selection_Creation/formDesign_TimeName_text'

2019-01-03 12:01:07 - [MESSAGE][PASSED] - Text 'This is a Time' is set on object 'Object Repository/Form_Selection_Creation/formDesign_TimeName_text'

2019-01-03 12:01:07 - [TEST_STEP][PASSED] - Thread.sleep(2000): null

2019-01-03 12:01:09 - [TEST_STEP][PASSED] - dragAndDropToObject(findTestObject("Form_Selection_Creation/formDesign_SelectDateTime"), findTestObject("Form_Selection_Creation/group_area")): Dragged object with id 'Object Repository/Form_Selection_Creation/formDesign_SelectDateTime' to object with id 'TestObject - 'Object Repository/Form_Selection_Creation/group_area'' successfully

2019-01-03 12:01:10 - [MESSAGE][PASSED] - Dragged object with id 'Object Repository/Form_Selection_Creation/formDesign_SelectDateTime' to object with id 'TestObject - 'Object Repository/Form_Selection_Creation/group_area'' successfully

2019-01-03 12:01:10 - [TEST_STEP][PASSED] - setText(findTestObject("Form_Selection_Creation/formDesign_DateTimeName_Text"), "This is a Date-Time"): Text 'This is a Date-Time' is set on object 'Object Repository/Form_Selection_Creation/formDesign_DateTimeName_Text'

2019-01-03 12:01:11 - [MESSAGE][PASSED] - Text 'This is a Date-Time' is set on object 'Object Repository/Form_Selection_Creation/formDesign_DateTimeName_Text'

2019-01-03 12:01:11 - [TEST_STEP][PASSED] - Thread.sleep(2000): null

2019-01-03 12:01:13 - [TEST_STEP][PASSED] - click(findTestObject("Form_Selection_Creation/formCreation_NextToDesignForm")): Object: 'Object Repository/Form_Selection_Creation/formCreation_NextToDesignForm' is clicked on

2019-01-03 12:01:13 - [MESSAGE][PASSED] - Object: 'Object Repository/Form_Selection_Creation/formCreation_NextToDesignForm' is clicked on

2019-01-03 12:01:13 - [TEST_STEP][PASSED] - Thread.sleep(7000): null

2019-01-03 12:01:20 - [TEST_STEP][PASSED] - click(findTestObject("Form_Selection_Creation/div_Preview             Form1")): Object: 'Object Repository/Form_Selection_Creation/div_Preview             Form1' is clicked on

2019-01-03 12:01:20 - [MESSAGE][PASSED] - Object: 'Object Repository/Form_Selection_Creation/div_Preview             Form1' is clicked on

2019-01-03 12:01:20 - [TEST_STEP][PASSED] - Thread.sleep(5000): null

2019-01-03 12:01:25 - [TEST_STEP][PASSED] - click(findTestObject("Form_Selection_Creation/button_Release")): Object: 'Object Repository/Form_Selection_Creation/button_Release' is clicked on

2019-01-03 12:01:25 - [MESSAGE][PASSED] - Object: 'Object Repository/Form_Selection_Creation/button_Release' is clicked on

2019-01-03 12:01:25 - [TEST_STEP][PASSED] - Thread.sleep(6000): null]]></system-out>
         <system-err><![CDATA[]]></system-err>
      </testcase>
      <testcase name="Test Cases/SupplierFlow/2_CreateLocation" classname="Test Cases/SupplierFlow/2_CreateLocation" status="PASSED">
         <system-out><![CDATA[2019-01-03 12:01:31 - [TEST_CASE][PASSED] - Test Cases/SupplierFlow/2_CreateLocation: Test Cases/SupplierFlow/2_CreateLocation

2019-01-03 12:01:31 - [TEST_STEP][NOT_RUN] - openBrowser(URL): NOT_RUN: openBrowser(URL)

2019-01-03 12:01:31 - [MESSAGE][NOT_RUN] - NOT_RUN: openBrowser(URL)

2019-01-03 12:01:31 - [TEST_STEP][NOT_RUN] - maximizeWindow(): NOT_RUN: maximizeWindow()

2019-01-03 12:01:31 - [MESSAGE][NOT_RUN] - NOT_RUN: maximizeWindow()

2019-01-03 12:01:31 - [TEST_STEP][NOT_RUN] - setText(findTestObject("TestUserLocation/login_Username"), UserName): NOT_RUN: setText(findTestObject("TestUserLocation/login_Username"), UserName)

2019-01-03 12:01:31 - [MESSAGE][NOT_RUN] - NOT_RUN: setText(findTestObject("TestUserLocation/login_Username"), UserName)

2019-01-03 12:01:31 - [TEST_STEP][NOT_RUN] - setText(findTestObject("TestUserLocation/login_Password"), Password11): NOT_RUN: setText(findTestObject("TestUserLocation/login_Password"), Password11)

2019-01-03 12:01:31 - [MESSAGE][NOT_RUN] - NOT_RUN: setText(findTestObject("TestUserLocation/login_Password"), Password11)

2019-01-03 12:01:31 - [TEST_STEP][PASSED] - Thread.sleep(2000): null

2019-01-03 12:01:33 - [TEST_STEP][PASSED] - AdminTool_Location.setLocationName(): AdminTool_Location.setLocationName is PASSED

2019-01-03 12:01:34 - [MESSAGE][PASSED] - AdminTool_Location.setLocationName is PASSED

2019-01-03 12:01:34 - [TEST_STEP][NOT_RUN] - click(findTestObject("TestUserLocation/login_Button")): NOT_RUN: click(findTestObject("TestUserLocation/login_Button"))

2019-01-03 12:01:34 - [MESSAGE][NOT_RUN] - NOT_RUN: click(findTestObject("TestUserLocation/login_Button"))

2019-01-03 12:01:34 - [TEST_STEP][PASSED] - Thread.sleep(2000): null

2019-01-03 12:01:36 - [TEST_STEP][PASSED] - AdminTool_Location.setLocationNameInLocation(): AdminTool_Location.setLocationNameInLocation is PASSED

2019-01-03 12:01:36 - [MESSAGE][PASSED] - AdminTool_Location.setLocationNameInLocation is PASSED

2019-01-03 12:01:36 - [TEST_STEP][PASSED] - click(findTestObject("TestUserLocation/mainmenu_button")): Object: 'Object Repository/TestUserLocation/mainmenu_button' is clicked on

2019-01-03 12:01:36 - [MESSAGE][PASSED] - Object: 'Object Repository/TestUserLocation/mainmenu_button' is clicked on

2019-01-03 12:01:36 - [TEST_STEP][NOT_RUN] - click(findTestObject("TestUserLocation/adminTool")): NOT_RUN: click(findTestObject("TestUserLocation/adminTool"))

2019-01-03 12:01:36 - [MESSAGE][NOT_RUN] - NOT_RUN: click(findTestObject("TestUserLocation/adminTool"))

2019-01-03 12:01:36 - [TEST_STEP][PASSED] - click(findTestObject("TestUserLocation/mainMenuResourceDesigner")): Object: 'Object Repository/TestUserLocation/mainMenuResourceDesigner' is clicked on

2019-01-03 12:01:36 - [MESSAGE][PASSED] - Object: 'Object Repository/TestUserLocation/mainMenuResourceDesigner' is clicked on

2019-01-03 12:01:36 - [TEST_STEP][PASSED] - Thread.sleep(4000): null

2019-01-03 12:01:40 - [TEST_STEP][PASSED] - click(findTestObject("TestUserLocation/locations")): Object: 'Object Repository/TestUserLocation/locations' is clicked on

2019-01-03 12:01:40 - [MESSAGE][PASSED] - Object: 'Object Repository/TestUserLocation/locations' is clicked on

2019-01-03 12:01:40 - [TEST_STEP][PASSED] - Thread.sleep(4000): null

2019-01-03 12:01:44 - [TEST_STEP][NOT_RUN] - refresh(): NOT_RUN: refresh()

2019-01-03 12:01:44 - [MESSAGE][NOT_RUN] - NOT_RUN: refresh()

2019-01-03 12:01:44 - [TEST_STEP][NOT_RUN] - Thread.sleep(4000): NOT_RUN: Thread.sleep(4000)

2019-01-03 12:01:44 - [MESSAGE][NOT_RUN] - NOT_RUN: Thread.sleep(4000)

2019-01-03 12:01:44 - [TEST_STEP][PASSED] - click(findTestObject("TestUserLocation/categories")): Object: 'Object Repository/TestUserLocation/categories' is clicked on

2019-01-03 12:01:44 - [MESSAGE][PASSED] - Object: 'Object Repository/TestUserLocation/categories' is clicked on

2019-01-03 12:01:44 - [TEST_STEP][PASSED] - Thread.sleep(2000): null

2019-01-03 12:01:46 - [TEST_STEP][PASSED] - click(findTestObject("TestUserLocation/defaultArea")): Object: 'Object Repository/TestUserLocation/defaultArea' is clicked on

2019-01-03 12:01:46 - [MESSAGE][PASSED] - Object: 'Object Repository/TestUserLocation/defaultArea' is clicked on

2019-01-03 12:01:46 - [TEST_STEP][PASSED] - click(findTestObject("TestUserLocation/hoverHeading")): Object: 'Object Repository/TestUserLocation/hoverHeading' is clicked on

2019-01-03 12:01:47 - [MESSAGE][PASSED] - Object: 'Object Repository/TestUserLocation/hoverHeading' is clicked on

2019-01-03 12:01:47 - [TEST_STEP][PASSED] - click(findTestObject("TestUserLocation/addPlusIcon")): Object: 'Object Repository/TestUserLocation/addPlusIcon' is clicked on

2019-01-03 12:01:47 - [MESSAGE][PASSED] - Object: 'Object Repository/TestUserLocation/addPlusIcon' is clicked on

2019-01-03 12:01:47 - [TEST_STEP][PASSED] - setText(findTestObject("TestUserLocation/setNewName"), findTestData("LocationData").getValue("LocationName", 1)): Text 'LOCATION_ON_03/01/19-12:01' is set on object 'Object Repository/TestUserLocation/setNewName'

2019-01-03 12:01:47 - [MESSAGE][PASSED] - Text 'LOCATION_ON_03/01/19-12:01' is set on object 'Object Repository/TestUserLocation/setNewName'

2019-01-03 12:01:47 - [TEST_STEP][PASSED] - Thread.sleep(2000): null

2019-01-03 12:01:49 - [TEST_STEP][PASSED] - click(findTestObject("TestUserLocation/saveButton")): Object: 'Object Repository/TestUserLocation/saveButton' is clicked on

2019-01-03 12:01:49 - [MESSAGE][PASSED] - Object: 'Object Repository/TestUserLocation/saveButton' is clicked on

2019-01-03 12:01:49 - [TEST_STEP][PASSED] - Thread.sleep(4000): null

2019-01-03 12:01:53 - [TEST_STEP][PASSED] - click(findTestObject("TestUserLocation/mainmenu_button")): Object: 'Object Repository/TestUserLocation/mainmenu_button' is clicked on

2019-01-03 12:01:54 - [MESSAGE][PASSED] - Object: 'Object Repository/TestUserLocation/mainmenu_button' is clicked on

2019-01-03 12:01:54 - [TEST_STEP][PASSED] - click(findTestObject("TestUserLocation/mainMenuLocation")): Object: 'Object Repository/TestUserLocation/mainMenuLocation' is clicked on

2019-01-03 12:01:54 - [MESSAGE][PASSED] - Object: 'Object Repository/TestUserLocation/mainMenuLocation' is clicked on

2019-01-03 12:01:54 - [TEST_STEP][PASSED] - Thread.sleep(4000): null

2019-01-03 12:01:58 - [TEST_STEP][PASSED] - AdminTool_Location.selectLocation(): Element has been clicked

2019-01-03 12:02:02 - [MESSAGE][PASSED] - Element has been clicked

2019-01-03 12:02:02 - [TEST_STEP][PASSED] - click(findTestObject("TestUserLocation/addPlusIcon")): Object: 'Object Repository/TestUserLocation/addPlusIcon' is clicked on

2019-01-03 12:02:02 - [MESSAGE][PASSED] - Object: 'Object Repository/TestUserLocation/addPlusIcon' is clicked on

2019-01-03 12:02:02 - [TEST_STEP][PASSED] - Thread.sleep(2000): null

2019-01-03 12:02:04 - [TEST_STEP][PASSED] - setText(findTestObject("TestUserLocation/setNewName"), findTestData("LocationData").getValue("SubLocationName", 1)): Text 'SUBLOCATION_ON_03/01/19-12:01' is set on object 'Object Repository/TestUserLocation/setNewName'

2019-01-03 12:02:05 - [MESSAGE][PASSED] - Text 'SUBLOCATION_ON_03/01/19-12:01' is set on object 'Object Repository/TestUserLocation/setNewName'

2019-01-03 12:02:05 - [TEST_STEP][PASSED] - Thread.sleep(2000): null

2019-01-03 12:02:07 - [TEST_STEP][PASSED] - click(findTestObject("TestUserLocation/saveLocationDetailButton")): Object: 'Object Repository/TestUserLocation/saveLocationDetailButton' is clicked on

2019-01-03 12:02:07 - [MESSAGE][PASSED] - Object: 'Object Repository/TestUserLocation/saveLocationDetailButton' is clicked on

2019-01-03 12:02:07 - [TEST_STEP][PASSED] - Thread.sleep(4000): null

2019-01-03 12:02:11 - [TEST_STEP][PASSED] - click(findTestObject("TestUserLocation/customerSelect")): Object: 'Object Repository/TestUserLocation/customerSelect' is clicked on

2019-01-03 12:02:11 - [MESSAGE][PASSED] - Object: 'Object Repository/TestUserLocation/customerSelect' is clicked on

2019-01-03 12:02:11 - [TEST_STEP][PASSED] - Thread.sleep(4000): null

2019-01-03 12:02:15 - [TEST_STEP][PASSED] - check(findTestObject("TestUserLocation/select4ResouceInCustomer")): Object 'Object Repository/TestUserLocation/select4ResouceInCustomer' is checked

2019-01-03 12:02:15 - [MESSAGE][PASSED] - Object 'Object Repository/TestUserLocation/select4ResouceInCustomer' is checked

2019-01-03 12:02:15 - [TEST_STEP][PASSED] - Thread.sleep(2000): null

2019-01-03 12:02:17 - [TEST_STEP][PASSED] - click(findTestObject("TestUserLocation/saveLocationDetailButton")): Object: 'Object Repository/TestUserLocation/saveLocationDetailButton' is clicked on

2019-01-03 12:02:17 - [MESSAGE][PASSED] - Object: 'Object Repository/TestUserLocation/saveLocationDetailButton' is clicked on

2019-01-03 12:02:17 - [TEST_STEP][PASSED] - Thread.sleep(6000): null]]></system-out>
         <system-err><![CDATA[]]></system-err>
      </testcase>
      <testcase name="Test Cases/SupplierFlow/3_CreateResource_Supplier" classname="Test Cases/SupplierFlow/3_CreateResource_Supplier" status="PASSED">
         <system-out><![CDATA[2019-01-03 12:02:23 - [TEST_CASE][PASSED] - Test Cases/SupplierFlow/3_CreateResource_Supplier: Test Cases/SupplierFlow/3_CreateResource_Supplier

2019-01-03 12:02:23 - [TEST_STEP][NOT_RUN] - openBrowser(URL): NOT_RUN: openBrowser(URL)

2019-01-03 12:02:23 - [MESSAGE][NOT_RUN] - NOT_RUN: openBrowser(URL)

2019-01-03 12:02:23 - [TEST_STEP][NOT_RUN] - maximizeWindow(): NOT_RUN: maximizeWindow()

2019-01-03 12:02:23 - [MESSAGE][NOT_RUN] - NOT_RUN: maximizeWindow()

2019-01-03 12:02:23 - [TEST_STEP][NOT_RUN] - setText(findTestObject("TestUserLocation/login_Username"), UserName): NOT_RUN: setText(findTestObject("TestUserLocation/login_Username"), UserName)

2019-01-03 12:02:23 - [MESSAGE][NOT_RUN] - NOT_RUN: setText(findTestObject("TestUserLocation/login_Username"), UserName)

2019-01-03 12:02:23 - [TEST_STEP][NOT_RUN] - setText(findTestObject("TestUserLocation/login_Password"), Password11): NOT_RUN: setText(findTestObject("TestUserLocation/login_Password"), Password11)

2019-01-03 12:02:23 - [MESSAGE][NOT_RUN] - NOT_RUN: setText(findTestObject("TestUserLocation/login_Password"), Password11)

2019-01-03 12:02:23 - [TEST_STEP][PASSED] - Thread.sleep(2000): null

2019-01-03 12:02:25 - [TEST_STEP][PASSED] - AdminTool_Location.setSupplierName(): AdminTool_Location.setSupplierName is PASSED

2019-01-03 12:02:26 - [MESSAGE][PASSED] - AdminTool_Location.setSupplierName is PASSED

2019-01-03 12:02:26 - [TEST_STEP][NOT_RUN] - click(findTestObject("TestUserLocation/login_Button")): NOT_RUN: click(findTestObject("TestUserLocation/login_Button"))

2019-01-03 12:02:26 - [MESSAGE][NOT_RUN] - NOT_RUN: click(findTestObject("TestUserLocation/login_Button"))

2019-01-03 12:02:26 - [TEST_STEP][PASSED] - Thread.sleep(2000): null

2019-01-03 12:02:28 - [TEST_STEP][PASSED] - click(findTestObject("TestUserLocation/mainmenu_button")): Object: 'Object Repository/TestUserLocation/mainmenu_button' is clicked on

2019-01-03 12:02:28 - [MESSAGE][PASSED] - Object: 'Object Repository/TestUserLocation/mainmenu_button' is clicked on

2019-01-03 12:02:28 - [TEST_STEP][NOT_RUN] - click(findTestObject("TestUserLocation/adminTool")): NOT_RUN: click(findTestObject("TestUserLocation/adminTool"))

2019-01-03 12:02:28 - [MESSAGE][NOT_RUN] - NOT_RUN: click(findTestObject("TestUserLocation/adminTool"))

2019-01-03 12:02:28 - [TEST_STEP][PASSED] - click(findTestObject("TestUserLocation/mainMenuResourceDesigner")): Object: 'Object Repository/TestUserLocation/mainMenuResourceDesigner' is clicked on

2019-01-03 12:02:28 - [MESSAGE][PASSED] - Object: 'Object Repository/TestUserLocation/mainMenuResourceDesigner' is clicked on

2019-01-03 12:02:28 - [TEST_STEP][PASSED] - Thread.sleep(4000): null

2019-01-03 12:02:32 - [TEST_STEP][PASSED] - click(findTestObject("TestResource/SuppliersDesign")): Object: 'Object Repository/TestResource/SuppliersDesign' is clicked on

2019-01-03 12:02:32 - [MESSAGE][PASSED] - Object: 'Object Repository/TestResource/SuppliersDesign' is clicked on

2019-01-03 12:02:32 - [TEST_STEP][PASSED] - Thread.sleep(4000): null

2019-01-03 12:02:36 - [TEST_STEP][PASSED] - click(findTestObject("TestUserLocation/categories")): Object: 'Object Repository/TestUserLocation/categories' is clicked on

2019-01-03 12:02:36 - [MESSAGE][PASSED] - Object: 'Object Repository/TestUserLocation/categories' is clicked on

2019-01-03 12:02:36 - [TEST_STEP][PASSED] - Thread.sleep(2000): null

2019-01-03 12:02:38 - [TEST_STEP][PASSED] - click(findTestObject("TestUserLocation/defaultArea")): Object: 'Object Repository/TestUserLocation/defaultArea' is clicked on

2019-01-03 12:02:38 - [MESSAGE][PASSED] - Object: 'Object Repository/TestUserLocation/defaultArea' is clicked on

2019-01-03 12:02:38 - [TEST_STEP][PASSED] - Thread.sleep(2000): null

2019-01-03 12:02:40 - [TEST_STEP][PASSED] - click(findTestObject("TestUserLocation/hoverHeading")): Object: 'Object Repository/TestUserLocation/hoverHeading' is clicked on

2019-01-03 12:02:40 - [MESSAGE][PASSED] - Object: 'Object Repository/TestUserLocation/hoverHeading' is clicked on

2019-01-03 12:02:40 - [TEST_STEP][PASSED] - click(findTestObject("TestUserLocation/addPlusIcon")): Object: 'Object Repository/TestUserLocation/addPlusIcon' is clicked on

2019-01-03 12:02:40 - [MESSAGE][PASSED] - Object: 'Object Repository/TestUserLocation/addPlusIcon' is clicked on

2019-01-03 12:02:40 - [TEST_STEP][PASSED] - setText(findTestObject("TestUserLocation/setNewName"), findTestData("LocationData").getValue("SuppliersName", 1)): Text 'SUPPLIER_ON_03/01/19-12:02' is set on object 'Object Repository/TestUserLocation/setNewName'

2019-01-03 12:02:41 - [MESSAGE][PASSED] - Text 'SUPPLIER_ON_03/01/19-12:02' is set on object 'Object Repository/TestUserLocation/setNewName'

2019-01-03 12:02:41 - [TEST_STEP][PASSED] - Thread.sleep(2000): null

2019-01-03 12:02:43 - [TEST_STEP][PASSED] - click(findTestObject("TestUserLocation/saveButton")): Object: 'Object Repository/TestUserLocation/saveButton' is clicked on

2019-01-03 12:02:43 - [MESSAGE][PASSED] - Object: 'Object Repository/TestUserLocation/saveButton' is clicked on

2019-01-03 12:02:43 - [TEST_STEP][PASSED] - Thread.sleep(4000): null

2019-01-03 12:02:47 - [TEST_STEP][PASSED] - Thread.sleep(4000): null

2019-01-03 12:02:51 - [TEST_STEP][PASSED] - click(findTestObject("TestUserLocation/mainmenu_button")): Object: 'Object Repository/TestUserLocation/mainmenu_button' is clicked on

2019-01-03 12:02:51 - [MESSAGE][PASSED] - Object: 'Object Repository/TestUserLocation/mainmenu_button' is clicked on

2019-01-03 12:02:51 - [TEST_STEP][PASSED] - click(findTestObject("TestResource/mainMenu_resources")): Object: 'Object Repository/TestResource/mainMenu_resources' is clicked on

2019-01-03 12:02:51 - [MESSAGE][PASSED] - Object: 'Object Repository/TestResource/mainMenu_resources' is clicked on

2019-01-03 12:02:51 - [TEST_STEP][PASSED] - Thread.sleep(4000): null

2019-01-03 12:02:55 - [TEST_STEP][PASSED] - click(findTestObject("TestResource/suppliers")): Object: 'Object Repository/TestResource/suppliers' is clicked on

2019-01-03 12:02:55 - [MESSAGE][PASSED] - Object: 'Object Repository/TestResource/suppliers' is clicked on

2019-01-03 12:02:55 - [TEST_STEP][PASSED] - Thread.sleep(4000): null

2019-01-03 12:02:59 - [TEST_STEP][PASSED] - AdminTool_Location.selectSupplier(): Element has been clicked

2019-01-03 12:03:04 - [MESSAGE][PASSED] - Element has been clicked

2019-01-03 12:03:04 - [TEST_STEP][PASSED] - Thread.sleep(4000): null

2019-01-03 12:03:08 - [TEST_STEP][NOT_RUN] - click(findTestObject("TestUserLocation/addPlusIcon")): NOT_RUN: click(findTestObject("TestUserLocation/addPlusIcon"))

2019-01-03 12:03:08 - [MESSAGE][NOT_RUN] - NOT_RUN: click(findTestObject("TestUserLocation/addPlusIcon"))

2019-01-03 12:03:08 - [TEST_STEP][NOT_RUN] - Thread.sleep(2000): NOT_RUN: Thread.sleep(2000)

2019-01-03 12:03:08 - [MESSAGE][NOT_RUN] - NOT_RUN: Thread.sleep(2000)

2019-01-03 12:03:08 - [TEST_STEP][NOT_RUN] - setText(findTestObject("TestUserLocation/setNewName"), findTestData("LocationData").getValue("SubSuppliersName1", 1)): NOT_RUN: setText(findTestObject("TestUserLocation/setNewName"), findTestData("LocationData").getValue("SubSuppliersName1", 1))

2019-01-03 12:03:08 - [MESSAGE][NOT_RUN] - NOT_RUN: setText(findTestObject("TestUserLocation/setNewName"), findTestData("LocationData").getValue("SubSuppliersName1", 1))

2019-01-03 12:03:08 - [TEST_STEP][NOT_RUN] - setText(findTestObject("TestResource/setPhoneNumber"), "912378456"): NOT_RUN: setText(findTestObject("TestResource/setPhoneNumber"), "912378456")

2019-01-03 12:03:08 - [MESSAGE][NOT_RUN] - NOT_RUN: setText(findTestObject("TestResource/setPhoneNumber"), "912378456")

2019-01-03 12:03:08 - [TEST_STEP][NOT_RUN] - Thread.sleep(2000): NOT_RUN: Thread.sleep(2000)

2019-01-03 12:03:08 - [MESSAGE][NOT_RUN] - NOT_RUN: Thread.sleep(2000)

2019-01-03 12:03:08 - [TEST_STEP][NOT_RUN] - click(findTestObject("TestResource/saveDetailButton")): NOT_RUN: click(findTestObject("TestResource/saveDetailButton"))

2019-01-03 12:03:08 - [MESSAGE][NOT_RUN] - NOT_RUN: click(findTestObject("TestResource/saveDetailButton"))

2019-01-03 12:03:08 - [TEST_STEP][NOT_RUN] - Thread.sleep(7000): NOT_RUN: Thread.sleep(7000)

2019-01-03 12:03:08 - [MESSAGE][NOT_RUN] - NOT_RUN: Thread.sleep(7000)

2019-01-03 12:03:08 - [TEST_STEP][NOT_RUN] - click(findTestObject("TestResource/disableResource")): NOT_RUN: click(findTestObject("TestResource/disableResource"))

2019-01-03 12:03:08 - [MESSAGE][NOT_RUN] - NOT_RUN: click(findTestObject("TestResource/disableResource"))

2019-01-03 12:03:08 - [TEST_STEP][NOT_RUN] - Thread.sleep(2000): NOT_RUN: Thread.sleep(2000)

2019-01-03 12:03:08 - [MESSAGE][NOT_RUN] - NOT_RUN: Thread.sleep(2000)

2019-01-03 12:03:08 - [TEST_STEP][NOT_RUN] - click(findTestObject("TestResource/button2Yes")): NOT_RUN: click(findTestObject("TestResource/button2Yes"))

2019-01-03 12:03:08 - [MESSAGE][NOT_RUN] - NOT_RUN: click(findTestObject("TestResource/button2Yes"))

2019-01-03 12:03:08 - [TEST_STEP][NOT_RUN] - Thread.sleep(2000): NOT_RUN: Thread.sleep(2000)

2019-01-03 12:03:08 - [MESSAGE][NOT_RUN] - NOT_RUN: Thread.sleep(2000)

2019-01-03 12:03:08 - [TEST_STEP][NOT_RUN] - click(findTestObject("TestResource/saveDetailButton")): NOT_RUN: click(findTestObject("TestResource/saveDetailButton"))

2019-01-03 12:03:08 - [MESSAGE][NOT_RUN] - NOT_RUN: click(findTestObject("TestResource/saveDetailButton"))

2019-01-03 12:03:08 - [TEST_STEP][NOT_RUN] - Thread.sleep(7000): NOT_RUN: Thread.sleep(7000)

2019-01-03 12:03:08 - [MESSAGE][NOT_RUN] - NOT_RUN: Thread.sleep(7000)

2019-01-03 12:03:08 - [TEST_STEP][NOT_RUN] - click(findTestObject("TestResource/linksTab")): NOT_RUN: click(findTestObject("TestResource/linksTab"))

2019-01-03 12:03:08 - [MESSAGE][NOT_RUN] - NOT_RUN: click(findTestObject("TestResource/linksTab"))

2019-01-03 12:03:08 - [TEST_STEP][NOT_RUN] - Thread.sleep(2000): NOT_RUN: Thread.sleep(2000)

2019-01-03 12:03:08 - [MESSAGE][NOT_RUN] - NOT_RUN: Thread.sleep(2000)

2019-01-03 12:03:08 - [TEST_STEP][NOT_RUN] - click(findTestObject("TestResource/addLink")): NOT_RUN: click(findTestObject("TestResource/addLink"))

2019-01-03 12:03:08 - [MESSAGE][NOT_RUN] - NOT_RUN: click(findTestObject("TestResource/addLink"))

2019-01-03 12:03:08 - [TEST_STEP][NOT_RUN] - Thread.sleep(5000): NOT_RUN: Thread.sleep(5000)

2019-01-03 12:03:08 - [MESSAGE][NOT_RUN] - NOT_RUN: Thread.sleep(5000)

2019-01-03 12:03:08 - [TEST_STEP][NOT_RUN] - check(findTestObject("TestResource/selectSecondResourceToLink")): NOT_RUN: check(findTestObject("TestResource/selectSecondResourceToLink"))

2019-01-03 12:03:08 - [MESSAGE][NOT_RUN] - NOT_RUN: check(findTestObject("TestResource/selectSecondResourceToLink"))

2019-01-03 12:03:08 - [TEST_STEP][NOT_RUN] - AdminTool_Location.resourceLinkName(): NOT_RUN: AdminTool_Location.resourceLinkName()

2019-01-03 12:03:08 - [MESSAGE][NOT_RUN] - NOT_RUN: AdminTool_Location.resourceLinkName()

2019-01-03 12:03:08 - [TEST_STEP][NOT_RUN] - Thread.sleep(2000): NOT_RUN: Thread.sleep(2000)

2019-01-03 12:03:08 - [MESSAGE][NOT_RUN] - NOT_RUN: Thread.sleep(2000)

2019-01-03 12:03:08 - [TEST_STEP][NOT_RUN] - click(findTestObject("TestResource/button2Save")): NOT_RUN: click(findTestObject("TestResource/button2Save"))

2019-01-03 12:03:08 - [MESSAGE][NOT_RUN] - NOT_RUN: click(findTestObject("TestResource/button2Save"))

2019-01-03 12:03:08 - [TEST_STEP][NOT_RUN] - Thread.sleep(4000): NOT_RUN: Thread.sleep(4000)

2019-01-03 12:03:08 - [MESSAGE][NOT_RUN] - NOT_RUN: Thread.sleep(4000)

2019-01-03 12:03:08 - [TEST_STEP][NOT_RUN] - click(findTestObject("TestResource/locationTab")): NOT_RUN: click(findTestObject("TestResource/locationTab"))

2019-01-03 12:03:08 - [MESSAGE][NOT_RUN] - NOT_RUN: click(findTestObject("TestResource/locationTab"))

2019-01-03 12:03:08 - [TEST_STEP][NOT_RUN] - Thread.sleep(5000): NOT_RUN: Thread.sleep(5000)

2019-01-03 12:03:08 - [MESSAGE][NOT_RUN] - NOT_RUN: Thread.sleep(5000)

2019-01-03 12:03:08 - [TEST_STEP][NOT_RUN] - AdminTool_Location.checkLocation(): NOT_RUN: AdminTool_Location.checkLocation()

2019-01-03 12:03:08 - [MESSAGE][NOT_RUN] - NOT_RUN: AdminTool_Location.checkLocation()

2019-01-03 12:03:08 - [TEST_STEP][NOT_RUN] - Thread.sleep(4000): NOT_RUN: Thread.sleep(4000)

2019-01-03 12:03:08 - [MESSAGE][NOT_RUN] - NOT_RUN: Thread.sleep(4000)

2019-01-03 12:03:08 - [TEST_STEP][NOT_RUN] - click(findTestObject("TestResource/saveLocation")): NOT_RUN: click(findTestObject("TestResource/saveLocation"))

2019-01-03 12:03:08 - [MESSAGE][NOT_RUN] - NOT_RUN: click(findTestObject("TestResource/saveLocation"))

2019-01-03 12:03:08 - [TEST_STEP][NOT_RUN] - click(findTestObject("TestUserLocation/mainmenu_button")): NOT_RUN: click(findTestObject("TestUserLocation/mainmenu_button"))

2019-01-03 12:03:08 - [MESSAGE][NOT_RUN] - NOT_RUN: click(findTestObject("TestUserLocation/mainmenu_button"))

2019-01-03 12:03:08 - [TEST_STEP][NOT_RUN] - click(findTestObject("TestResource/mainMenu_resources")): NOT_RUN: click(findTestObject("TestResource/mainMenu_resources"))

2019-01-03 12:03:08 - [MESSAGE][NOT_RUN] - NOT_RUN: click(findTestObject("TestResource/mainMenu_resources"))

2019-01-03 12:03:08 - [TEST_STEP][NOT_RUN] - Thread.sleep(4000): NOT_RUN: Thread.sleep(4000)

2019-01-03 12:03:08 - [MESSAGE][NOT_RUN] - NOT_RUN: Thread.sleep(4000)

2019-01-03 12:03:08 - [TEST_STEP][NOT_RUN] - click(findTestObject("TestResource/suppliers")): NOT_RUN: click(findTestObject("TestResource/suppliers"))

2019-01-03 12:03:08 - [MESSAGE][NOT_RUN] - NOT_RUN: click(findTestObject("TestResource/suppliers"))

2019-01-03 12:03:08 - [TEST_STEP][NOT_RUN] - Thread.sleep(4000): NOT_RUN: Thread.sleep(4000)

2019-01-03 12:03:08 - [MESSAGE][NOT_RUN] - NOT_RUN: Thread.sleep(4000)

2019-01-03 12:03:08 - [TEST_STEP][NOT_RUN] - AdminTool_Location.selectSupplier(): NOT_RUN: AdminTool_Location.selectSupplier()

2019-01-03 12:03:08 - [MESSAGE][NOT_RUN] - NOT_RUN: AdminTool_Location.selectSupplier()

2019-01-03 12:03:08 - [TEST_STEP][NOT_RUN] - Thread.sleep(4000): NOT_RUN: Thread.sleep(4000)

2019-01-03 12:03:08 - [MESSAGE][NOT_RUN] - NOT_RUN: Thread.sleep(4000)

2019-01-03 12:03:08 - [TEST_STEP][PASSED] - click(findTestObject("TestUserLocation/addPlusIcon")): Object: 'Object Repository/TestUserLocation/addPlusIcon' is clicked on

2019-01-03 12:03:08 - [MESSAGE][PASSED] - Object: 'Object Repository/TestUserLocation/addPlusIcon' is clicked on

2019-01-03 12:03:08 - [TEST_STEP][PASSED] - Thread.sleep(2000): null

2019-01-03 12:03:10 - [TEST_STEP][PASSED] - setText(findTestObject("TestUserLocation/setNewName"), findTestData("LocationData").getValue("SubSuppliersName2", 1)): Text 'SUBSUPPLIER2_ON_03/01/19-12:02' is set on object 'Object Repository/TestUserLocation/setNewName'

2019-01-03 12:03:11 - [MESSAGE][PASSED] - Text 'SUBSUPPLIER2_ON_03/01/19-12:02' is set on object 'Object Repository/TestUserLocation/setNewName'

2019-01-03 12:03:11 - [TEST_STEP][NOT_RUN] - setText(findTestObject("TestResource/setPhoneNumber"), "912378456"): NOT_RUN: setText(findTestObject("TestResource/setPhoneNumber"), "912378456")

2019-01-03 12:03:11 - [MESSAGE][NOT_RUN] - NOT_RUN: setText(findTestObject("TestResource/setPhoneNumber"), "912378456")

2019-01-03 12:03:11 - [TEST_STEP][PASSED] - Thread.sleep(2000): null

2019-01-03 12:03:13 - [TEST_STEP][PASSED] - click(findTestObject("TestResource/saveDetailButton")): Object: 'Object Repository/TestResource/saveDetailButton' is clicked on

2019-01-03 12:03:13 - [MESSAGE][PASSED] - Object: 'Object Repository/TestResource/saveDetailButton' is clicked on

2019-01-03 12:03:13 - [TEST_STEP][PASSED] - Thread.sleep(7000): null

2019-01-03 12:03:20 - [TEST_STEP][PASSED] - click(findTestObject("TestResource/linksTab")): Object: 'Object Repository/TestResource/linksTab' is clicked on

2019-01-03 12:03:20 - [MESSAGE][PASSED] - Object: 'Object Repository/TestResource/linksTab' is clicked on

2019-01-03 12:03:20 - [TEST_STEP][PASSED] - Thread.sleep(2000): null

2019-01-03 12:03:22 - [TEST_STEP][PASSED] - click(findTestObject("TestResource/addLink")): Object: 'Object Repository/TestResource/addLink' is clicked on

2019-01-03 12:03:22 - [MESSAGE][PASSED] - Object: 'Object Repository/TestResource/addLink' is clicked on

2019-01-03 12:03:22 - [TEST_STEP][PASSED] - Thread.sleep(5000): null

2019-01-03 12:03:27 - [TEST_STEP][PASSED] - check(findTestObject("TestResource/selectSecondResourceToLink")): Object 'Object Repository/TestResource/selectSecondResourceToLink' is checked

2019-01-03 12:03:27 - [MESSAGE][PASSED] - Object 'Object Repository/TestResource/selectSecondResourceToLink' is checked

2019-01-03 12:03:27 - [TEST_STEP][PASSED] - AdminTool_Location.resourceLinkName(): AdminTool_Location.resourceLinkName is PASSED

2019-01-03 12:03:27 - [MESSAGE][PASSED] - AdminTool_Location.resourceLinkName is PASSED

2019-01-03 12:03:27 - [TEST_STEP][PASSED] - Thread.sleep(2000): null

2019-01-03 12:03:29 - [TEST_STEP][PASSED] - click(findTestObject("TestResource/button2Save")): Object: 'Object Repository/TestResource/button2Save' is clicked on

2019-01-03 12:03:29 - [MESSAGE][PASSED] - Object: 'Object Repository/TestResource/button2Save' is clicked on

2019-01-03 12:03:29 - [TEST_STEP][PASSED] - Thread.sleep(4000): null

2019-01-03 12:03:33 - [TEST_STEP][PASSED] - click(findTestObject("TestResource/locationTab")): Object: 'Object Repository/TestResource/locationTab' is clicked on

2019-01-03 12:03:34 - [MESSAGE][PASSED] - Object: 'Object Repository/TestResource/locationTab' is clicked on

2019-01-03 12:03:34 - [TEST_STEP][PASSED] - Thread.sleep(5000): null

2019-01-03 12:03:39 - [TEST_STEP][PASSED] - AdminTool_Location.checkLocation(): AdminTool_Location.checkLocation is PASSED

2019-01-03 12:04:00 - [MESSAGE][PASSED] - AdminTool_Location.checkLocation is PASSED

2019-01-03 12:04:00 - [TEST_STEP][PASSED] - Thread.sleep(4000): null

2019-01-03 12:04:04 - [TEST_STEP][PASSED] - click(findTestObject("TestResource/saveLocation")): Object: 'Object Repository/TestResource/saveLocation' is clicked on

2019-01-03 12:04:04 - [MESSAGE][PASSED] - Object: 'Object Repository/TestResource/saveLocation' is clicked on

2019-01-03 12:04:04 - [TEST_STEP][PASSED] - Thread.sleep(6000): null]]></system-out>
         <system-err><![CDATA[]]></system-err>
      </testcase>
      <testcase name="Test Cases/SupplierFlow/4_CreateUser_Supplier" classname="Test Cases/SupplierFlow/4_CreateUser_Supplier" status="PASSED">
         <system-out><![CDATA[2019-01-03 12:04:10 - [TEST_CASE][PASSED] - Test Cases/SupplierFlow/4_CreateUser_Supplier: Test Cases/SupplierFlow/4_CreateUser_Supplier

2019-01-03 12:04:10 - [TEST_STEP][NOT_RUN] - openBrowser(URL): NOT_RUN: openBrowser(URL)

2019-01-03 12:04:10 - [MESSAGE][NOT_RUN] - NOT_RUN: openBrowser(URL)

2019-01-03 12:04:10 - [TEST_STEP][NOT_RUN] - maximizeWindow(): NOT_RUN: maximizeWindow()

2019-01-03 12:04:10 - [MESSAGE][NOT_RUN] - NOT_RUN: maximizeWindow()

2019-01-03 12:04:10 - [TEST_STEP][NOT_RUN] - setText(findTestObject("TestUserLocation/login_Username"), UserName): NOT_RUN: setText(findTestObject("TestUserLocation/login_Username"), UserName)

2019-01-03 12:04:10 - [MESSAGE][NOT_RUN] - NOT_RUN: setText(findTestObject("TestUserLocation/login_Username"), UserName)

2019-01-03 12:04:10 - [TEST_STEP][NOT_RUN] - setText(findTestObject("TestUserLocation/login_Password"), Password11): NOT_RUN: setText(findTestObject("TestUserLocation/login_Password"), Password11)

2019-01-03 12:04:10 - [MESSAGE][NOT_RUN] - NOT_RUN: setText(findTestObject("TestUserLocation/login_Password"), Password11)

2019-01-03 12:04:10 - [TEST_STEP][PASSED] - Thread.sleep(2000): null

2019-01-03 12:04:12 - [TEST_STEP][PASSED] - Supplier.setSupplier(): Supplier.setSupplier is PASSED

2019-01-03 12:04:12 - [MESSAGE][PASSED] - Supplier.setSupplier is PASSED

2019-01-03 12:04:12 - [TEST_STEP][NOT_RUN] - click(findTestObject("TestUserLocation/login_Button")): NOT_RUN: click(findTestObject("TestUserLocation/login_Button"))

2019-01-03 12:04:12 - [MESSAGE][NOT_RUN] - NOT_RUN: click(findTestObject("TestUserLocation/login_Button"))

2019-01-03 12:04:12 - [TEST_STEP][NOT_RUN] - Thread.sleep(6000): NOT_RUN: Thread.sleep(6000)

2019-01-03 12:04:12 - [MESSAGE][NOT_RUN] - NOT_RUN: Thread.sleep(6000)

2019-01-03 12:04:12 - [TEST_STEP][PASSED] - click(findTestObject("TestUserLocation/mainmenu_button")): Object: 'Object Repository/TestUserLocation/mainmenu_button' is clicked on

2019-01-03 12:04:12 - [MESSAGE][PASSED] - Object: 'Object Repository/TestUserLocation/mainmenu_button' is clicked on

2019-01-03 12:04:12 - [TEST_STEP][NOT_RUN] - click(findTestObject("Form_Selection_Creation/mainMenu_AdminTools")): NOT_RUN: click(findTestObject("Form_Selection_Creation/mainMenu_AdminTools"))

2019-01-03 12:04:12 - [MESSAGE][NOT_RUN] - NOT_RUN: click(findTestObject("Form_Selection_Creation/mainMenu_AdminTools"))

2019-01-03 12:04:12 - [TEST_STEP][PASSED] - Thread.sleep(2000): null

2019-01-03 12:04:14 - [TEST_STEP][PASSED] - click(findTestObject("TestUser/users")): Object: 'Object Repository/TestUser/users' is clicked on

2019-01-03 12:04:15 - [MESSAGE][PASSED] - Object: 'Object Repository/TestUser/users' is clicked on

2019-01-03 12:04:15 - [TEST_STEP][PASSED] - Thread.sleep(6000): null

2019-01-03 12:04:21 - [TEST_STEP][PASSED] - click(findTestObject("SupplierFlow/selectSupplierTab")): Object: 'Object Repository/SupplierFlow/selectSupplierTab' is clicked on

2019-01-03 12:04:21 - [MESSAGE][PASSED] - Object: 'Object Repository/SupplierFlow/selectSupplierTab' is clicked on

2019-01-03 12:04:21 - [TEST_STEP][PASSED] - Thread.sleep(6000): null

2019-01-03 12:04:27 - [TEST_STEP][PASSED] - click(findTestObject("SupplierFlow/addNewSupplierButton")): Object: 'Object Repository/SupplierFlow/addNewSupplierButton' is clicked on

2019-01-03 12:04:27 - [MESSAGE][PASSED] - Object: 'Object Repository/SupplierFlow/addNewSupplierButton' is clicked on

2019-01-03 12:04:27 - [TEST_STEP][PASSED] - Thread.sleep(3000): null

2019-01-03 12:04:30 - [TEST_STEP][PASSED] - click(findTestObject("SupplierFlow/openSupplierOption"), STOP_ON_FAILURE): Object: 'Object Repository/SupplierFlow/openSupplierOption' is clicked on

2019-01-03 12:04:30 - [MESSAGE][PASSED] - Object: 'Object Repository/SupplierFlow/openSupplierOption' is clicked on

2019-01-03 12:04:31 - [TEST_STEP][PASSED] - Thread.sleep(2000): null

2019-01-03 12:04:33 - [TEST_STEP][PASSED] - Supplier.getSupplierName(): Supplier.getSupplierName is PASSED

2019-01-03 12:04:33 - [MESSAGE][PASSED] - Supplier.getSupplierName is PASSED

2019-01-03 12:04:33 - [TEST_STEP][PASSED] - Supplier.setSupplier(): Supplier.setSupplier is PASSED

2019-01-03 12:04:33 - [MESSAGE][PASSED] - Supplier.setSupplier is PASSED

2019-01-03 12:04:33 - [TEST_STEP][PASSED] - setText(findTestObject("SupplierFlow/userName"), findTestData("SupplierData").getValue("UserName", 1)): Text 'Supplier_On_03/01/19-12:04' is set on object 'Object Repository/SupplierFlow/userName'

2019-01-03 12:04:33 - [MESSAGE][PASSED] - Text 'Supplier_On_03/01/19-12:04' is set on object 'Object Repository/SupplierFlow/userName'

2019-01-03 12:04:33 - [TEST_STEP][PASSED] - setText(findTestObject("SupplierFlow/firstName"), "Supplier"): Text 'Supplier' is set on object 'Object Repository/SupplierFlow/firstName'

2019-01-03 12:04:33 - [MESSAGE][PASSED] - Text 'Supplier' is set on object 'Object Repository/SupplierFlow/firstName'

2019-01-03 12:04:33 - [TEST_STEP][PASSED] - setText(findTestObject("SupplierFlow/lastName"), "Test"): Text 'Test' is set on object 'Object Repository/SupplierFlow/lastName'

2019-01-03 12:04:33 - [MESSAGE][PASSED] - Text 'Test' is set on object 'Object Repository/SupplierFlow/lastName'

2019-01-03 12:04:33 - [TEST_STEP][PASSED] - setText(findTestObject("SupplierFlow/email"), "Sup@gmail.com"): Text 'Sup@gmail.com' is set on object 'Object Repository/SupplierFlow/email'

2019-01-03 12:04:34 - [MESSAGE][PASSED] - Text 'Sup@gmail.com' is set on object 'Object Repository/SupplierFlow/email'

2019-01-03 12:04:34 - [TEST_STEP][PASSED] - setText(findTestObject("SupplierFlow/password"), findTestData("SupplierData").getValue("Password", 1)): Text 'password' is set on object 'Object Repository/SupplierFlow/password'

2019-01-03 12:04:34 - [MESSAGE][PASSED] - Text 'password' is set on object 'Object Repository/SupplierFlow/password'

2019-01-03 12:04:34 - [TEST_STEP][PASSED] - setText(findTestObject("SupplierFlow/title"), "Test"): Text 'Test' is set on object 'Object Repository/SupplierFlow/title'

2019-01-03 12:04:34 - [MESSAGE][PASSED] - Text 'Test' is set on object 'Object Repository/SupplierFlow/title'

2019-01-03 12:04:34 - [TEST_STEP][PASSED] - click(findTestObject("SupplierFlow/openTimeZone")): Object: 'Object Repository/SupplierFlow/openTimeZone' is clicked on

2019-01-03 12:04:35 - [MESSAGE][PASSED] - Object: 'Object Repository/SupplierFlow/openTimeZone' is clicked on

2019-01-03 12:04:35 - [TEST_STEP][PASSED] - Thread.sleep(2000): null

2019-01-03 12:04:37 - [TEST_STEP][PASSED] - click(findTestObject("SupplierFlow/selectTimeZone_India")): Object: 'Object Repository/SupplierFlow/selectTimeZone_India' is clicked on

2019-01-03 12:04:37 - [MESSAGE][PASSED] - Object: 'Object Repository/SupplierFlow/selectTimeZone_India' is clicked on

2019-01-03 12:04:37 - [TEST_STEP][PASSED] - Thread.sleep(4000): null

2019-01-03 12:04:41 - [TEST_STEP][PASSED] - click(findTestObject("SupplierFlow/saveButton")): Object: 'Object Repository/SupplierFlow/saveButton' is clicked on

2019-01-03 12:04:41 - [MESSAGE][PASSED] - Object: 'Object Repository/SupplierFlow/saveButton' is clicked on

2019-01-03 12:04:41 - [TEST_STEP][PASSED] - Thread.sleep(6000): null]]></system-out>
         <system-err><![CDATA[]]></system-err>
      </testcase>
      <testcase name="Test Cases/SupplierFlow/5_CreateWG" classname="Test Cases/SupplierFlow/5_CreateWG" status="PASSED">
         <system-out><![CDATA[2019-01-03 12:04:47 - [TEST_CASE][PASSED] - Test Cases/SupplierFlow/5_CreateWG: Test Cases/SupplierFlow/5_CreateWG

2019-01-03 12:04:47 - [TEST_STEP][NOT_RUN] - openBrowser(URL): NOT_RUN: openBrowser(URL)

2019-01-03 12:04:47 - [MESSAGE][NOT_RUN] - NOT_RUN: openBrowser(URL)

2019-01-03 12:04:47 - [TEST_STEP][NOT_RUN] - maximizeWindow(): NOT_RUN: maximizeWindow()

2019-01-03 12:04:47 - [MESSAGE][NOT_RUN] - NOT_RUN: maximizeWindow()

2019-01-03 12:04:47 - [TEST_STEP][NOT_RUN] - setText(findTestObject("Form_Selection_Creation/login_Username"), UserName): NOT_RUN: setText(findTestObject("Form_Selection_Creation/login_Username"), UserName)

2019-01-03 12:04:47 - [MESSAGE][NOT_RUN] - NOT_RUN: setText(findTestObject("Form_Selection_Creation/login_Username"), UserName)

2019-01-03 12:04:47 - [TEST_STEP][NOT_RUN] - setText(findTestObject("Form_Selection_Creation/login_Password"), Password11): NOT_RUN: setText(findTestObject("Form_Selection_Creation/login_Password"), Password11)

2019-01-03 12:04:47 - [MESSAGE][NOT_RUN] - NOT_RUN: setText(findTestObject("Form_Selection_Creation/login_Password"), Password11)

2019-01-03 12:04:47 - [TEST_STEP][NOT_RUN] - click(findTestObject("Form_Selection_Creation/login_Button")): NOT_RUN: click(findTestObject("Form_Selection_Creation/login_Button"))

2019-01-03 12:04:47 - [MESSAGE][NOT_RUN] - NOT_RUN: click(findTestObject("Form_Selection_Creation/login_Button"))

2019-01-03 12:04:47 - [TEST_STEP][PASSED] - Thread.sleep(3000): null

2019-01-03 12:04:50 - [TEST_STEP][PASSED] - click(findTestObject("Form_Selection_Creation/mainMenu_Button")): Object: 'Object Repository/Form_Selection_Creation/mainMenu_Button' is clicked on

2019-01-03 12:04:50 - [MESSAGE][PASSED] - Object: 'Object Repository/Form_Selection_Creation/mainMenu_Button' is clicked on

2019-01-03 12:04:50 - [TEST_STEP][NOT_RUN] - click(findTestObject("Form_Selection_Creation/mainMenu_AdminTools")): NOT_RUN: click(findTestObject("Form_Selection_Creation/mainMenu_AdminTools"))

2019-01-03 12:04:50 - [MESSAGE][NOT_RUN] - NOT_RUN: click(findTestObject("Form_Selection_Creation/mainMenu_AdminTools"))

2019-01-03 12:04:50 - [TEST_STEP][PASSED] - click(findTestObject("SupplierFlow/workgroup")): Object: 'Object Repository/SupplierFlow/workgroup' is clicked on

2019-01-03 12:04:50 - [MESSAGE][PASSED] - Object: 'Object Repository/SupplierFlow/workgroup' is clicked on

2019-01-03 12:04:50 - [TEST_STEP][PASSED] - Thread.sleep(5000): null

2019-01-03 12:04:55 - [TEST_STEP][PASSED] - click(findTestObject("SupplierFlow/addButtonWG")): Object: 'Object Repository/SupplierFlow/addButtonWG' is clicked on

2019-01-03 12:04:56 - [MESSAGE][PASSED] - Object: 'Object Repository/SupplierFlow/addButtonWG' is clicked on

2019-01-03 12:04:56 - [TEST_STEP][PASSED] - setText(findTestObject("SupplierFlow/setWGText"), findTestData("SupplierData").getValue("WorkGroupName", 1)): Text 'WorkGroup_On_03/01/19-12:04' is set on object 'Object Repository/SupplierFlow/setWGText'

2019-01-03 12:04:56 - [MESSAGE][PASSED] - Text 'WorkGroup_On_03/01/19-12:04' is set on object 'Object Repository/SupplierFlow/setWGText'

2019-01-03 12:04:56 - [TEST_STEP][PASSED] - sendKeys(findTestObject("SupplierFlow/setWGText"), Keys.chord(ENTER)): Keys 'ENTER + ' sent to object: 'Object Repository/SupplierFlow/setWGText'

2019-01-03 12:04:56 - [MESSAGE][PASSED] - Keys 'ENTER + ' sent to object: 'Object Repository/SupplierFlow/setWGText'

2019-01-03 12:04:56 - [TEST_STEP][PASSED] - Thread.sleep(6000): null

2019-01-03 12:05:02 - [TEST_STEP][PASSED] - setText(findTestObject("SupplierFlow/searchUserInWG"), "Superadmin"): Text 'Superadmin' is set on object 'Object Repository/SupplierFlow/searchUserInWG'

2019-01-03 12:05:03 - [MESSAGE][PASSED] - Text 'Superadmin' is set on object 'Object Repository/SupplierFlow/searchUserInWG'

2019-01-03 12:05:03 - [TEST_STEP][PASSED] - sendKeys(findTestObject("SupplierFlow/searchUserInWG"), Keys.chord(ENTER)): Keys 'ENTER + ' sent to object: 'Object Repository/SupplierFlow/searchUserInWG'

2019-01-03 12:05:03 - [MESSAGE][PASSED] - Keys 'ENTER + ' sent to object: 'Object Repository/SupplierFlow/searchUserInWG'

2019-01-03 12:05:03 - [TEST_STEP][PASSED] - Thread.sleep(4000): null

2019-01-03 12:05:07 - [TEST_STEP][PASSED] - check(findTestObject("SupplierFlow/checkUserinWG")): Object 'Object Repository/SupplierFlow/checkUserinWG' is checked

2019-01-03 12:05:07 - [MESSAGE][PASSED] - Object 'Object Repository/SupplierFlow/checkUserinWG' is checked

2019-01-03 12:05:07 - [TEST_STEP][PASSED] - Thread.sleep(3000): null

2019-01-03 12:05:10 - [TEST_STEP][PASSED] - click(findTestObject("SupplierFlow/saveInWG")): Object: 'Object Repository/SupplierFlow/saveInWG' is clicked on

2019-01-03 12:05:10 - [MESSAGE][PASSED] - Object: 'Object Repository/SupplierFlow/saveInWG' is clicked on]]></system-out>
         <system-err><![CDATA[]]></system-err>
      </testcase>
      <testcase name="Test Cases/SupplierFlow/6_CreateRequirement" classname="Test Cases/SupplierFlow/6_CreateRequirement" status="PASSED">
         <system-out><![CDATA[2019-01-03 12:05:10 - [TEST_CASE][PASSED] - Test Cases/SupplierFlow/6_CreateRequirement: Test Cases/SupplierFlow/6_CreateRequirement

2019-01-03 12:05:10 - [TEST_STEP][NOT_RUN] - openBrowser(URL): NOT_RUN: openBrowser(URL)

2019-01-03 12:05:10 - [MESSAGE][NOT_RUN] - NOT_RUN: openBrowser(URL)

2019-01-03 12:05:10 - [TEST_STEP][NOT_RUN] - maximizeWindow(): NOT_RUN: maximizeWindow()

2019-01-03 12:05:10 - [MESSAGE][NOT_RUN] - NOT_RUN: maximizeWindow()

2019-01-03 12:05:10 - [TEST_STEP][NOT_RUN] - setText(findTestObject("TestUserLocation/login_Username"), UserName): NOT_RUN: setText(findTestObject("TestUserLocation/login_Username"), UserName)

2019-01-03 12:05:10 - [MESSAGE][NOT_RUN] - NOT_RUN: setText(findTestObject("TestUserLocation/login_Username"), UserName)

2019-01-03 12:05:10 - [TEST_STEP][NOT_RUN] - setText(findTestObject("TestUserLocation/login_Password"), Password11): NOT_RUN: setText(findTestObject("TestUserLocation/login_Password"), Password11)

2019-01-03 12:05:10 - [MESSAGE][NOT_RUN] - NOT_RUN: setText(findTestObject("TestUserLocation/login_Password"), Password11)

2019-01-03 12:05:10 - [TEST_STEP][PASSED] - Thread.sleep(2000): null

2019-01-03 12:05:12 - [TEST_STEP][PASSED] - FormName.setTaskName(): FormName.setTaskName is PASSED

2019-01-03 12:05:12 - [MESSAGE][PASSED] - FormName.setTaskName is PASSED

2019-01-03 12:05:12 - [TEST_STEP][PASSED] - Supplier.setSupplierName(): Supplier.setSupplierName is PASSED

2019-01-03 12:05:12 - [MESSAGE][PASSED] - Supplier.setSupplierName is PASSED

2019-01-03 12:05:12 - [TEST_STEP][NOT_RUN] - click(findTestObject("TestUserLocation/login_Button")): NOT_RUN: click(findTestObject("TestUserLocation/login_Button"))

2019-01-03 12:05:12 - [MESSAGE][NOT_RUN] - NOT_RUN: click(findTestObject("TestUserLocation/login_Button"))

2019-01-03 12:05:12 - [TEST_STEP][NOT_RUN] - Thread.sleep(6000): NOT_RUN: Thread.sleep(6000)

2019-01-03 12:05:12 - [MESSAGE][NOT_RUN] - NOT_RUN: Thread.sleep(6000)

2019-01-03 12:05:12 - [TEST_STEP][PASSED] - click(findTestObject("TestUserLocation/mainmenu_button")): Object: 'Object Repository/TestUserLocation/mainmenu_button' is clicked on

2019-01-03 12:05:12 - [MESSAGE][PASSED] - Object: 'Object Repository/TestUserLocation/mainmenu_button' is clicked on

2019-01-03 12:05:12 - [TEST_STEP][NOT_RUN] - click(findTestObject("Form_Selection_Creation/mainMenu_AdminTools")): NOT_RUN: click(findTestObject("Form_Selection_Creation/mainMenu_AdminTools"))

2019-01-03 12:05:12 - [MESSAGE][NOT_RUN] - NOT_RUN: click(findTestObject("Form_Selection_Creation/mainMenu_AdminTools"))

2019-01-03 12:05:12 - [TEST_STEP][PASSED] - Thread.sleep(2000): null

2019-01-03 12:05:14 - [TEST_STEP][PASSED] - click(findTestObject("SupplierFlow/requirements")): Object: 'Object Repository/SupplierFlow/requirements' is clicked on

2019-01-03 12:05:15 - [MESSAGE][PASSED] - Object: 'Object Repository/SupplierFlow/requirements' is clicked on

2019-01-03 12:05:15 - [TEST_STEP][PASSED] - Thread.sleep(4000): null

2019-01-03 12:05:19 - [TEST_STEP][PASSED] - click(findTestObject("SupplierFlow/addSupplierPlus")): Object: 'Object Repository/SupplierFlow/addSupplierPlus' is clicked on

2019-01-03 12:05:19 - [MESSAGE][PASSED] - Object: 'Object Repository/SupplierFlow/addSupplierPlus' is clicked on

2019-01-03 12:05:19 - [TEST_STEP][PASSED] - Thread.sleep(2000): null

2019-01-03 12:05:21 - [TEST_STEP][PASSED] - setText(findTestObject("SupplierFlow/setSupplierInRequirement"), findTestData("SupplierData").getValue("SupplierName", 1)): Text 'Req_Supplier_On_03/01/19-12:05' is set on object 'Object Repository/SupplierFlow/setSupplierInRequirement'

2019-01-03 12:05:21 - [MESSAGE][PASSED] - Text 'Req_Supplier_On_03/01/19-12:05' is set on object 'Object Repository/SupplierFlow/setSupplierInRequirement'

2019-01-03 12:05:21 - [TEST_STEP][PASSED] - sendKeys(findTestObject("SupplierFlow/setSupplierInRequirement"), Keys.chord(ENTER)): Keys 'ENTER + ' sent to object: 'Object Repository/SupplierFlow/setSupplierInRequirement'

2019-01-03 12:05:21 - [MESSAGE][PASSED] - Keys 'ENTER + ' sent to object: 'Object Repository/SupplierFlow/setSupplierInRequirement'

2019-01-03 12:05:21 - [TEST_STEP][PASSED] - Thread.sleep(4000): null

2019-01-03 12:05:25 - [TEST_STEP][PASSED] - click(findTestObject("SupplierFlow/optionToSelectNewRequirement")): Object: 'Object Repository/SupplierFlow/optionToSelectNewRequirement' is clicked on

2019-01-03 12:05:25 - [MESSAGE][PASSED] - Object: 'Object Repository/SupplierFlow/optionToSelectNewRequirement' is clicked on

2019-01-03 12:05:25 - [TEST_STEP][PASSED] - Thread.sleep(2000): null

2019-01-03 12:05:27 - [TEST_STEP][PASSED] - click(findTestObject("SupplierFlow/selectCompleteForm")): Object: 'Object Repository/SupplierFlow/selectCompleteForm' is clicked on

2019-01-03 12:05:27 - [MESSAGE][PASSED] - Object: 'Object Repository/SupplierFlow/selectCompleteForm' is clicked on

2019-01-03 12:05:27 - [TEST_STEP][PASSED] - Thread.sleep(10000): null

2019-01-03 12:05:37 - [TEST_STEP][NOT_RUN] - check(findTestObject("SupplierFlow/selectForm")): NOT_RUN: check(findTestObject("SupplierFlow/selectForm"))

2019-01-03 12:05:37 - [MESSAGE][NOT_RUN] - NOT_RUN: check(findTestObject("SupplierFlow/selectForm"))

2019-01-03 12:05:37 - [TEST_STEP][PASSED] - Supplier.selectForm(): Supplier.selectForm is PASSED

2019-01-03 12:05:38 - [MESSAGE][PASSED] - Supplier.selectForm is PASSED

2019-01-03 12:05:38 - [TEST_STEP][PASSED] - Thread.sleep(2000): null

2019-01-03 12:05:40 - [TEST_STEP][PASSED] - click(findTestObject("SupplierFlow/nextButtonReqForm")): Object: 'Object Repository/SupplierFlow/nextButtonReqForm' is clicked on

2019-01-03 12:05:40 - [MESSAGE][PASSED] - Object: 'Object Repository/SupplierFlow/nextButtonReqForm' is clicked on

2019-01-03 12:05:40 - [TEST_STEP][PASSED] - Thread.sleep(4000): null

2019-01-03 12:05:44 - [TEST_STEP][PASSED] - setText(findTestObject("SupplierFlow/setTaskName"), findTestData("FormData").getValue("TaskName", 1)): Text 'AUTO_TEST_TASK_ON_03/01/2019-12:05:12' is set on object 'Object Repository/SupplierFlow/setTaskName'

2019-01-03 12:05:50 - [MESSAGE][PASSED] - Text 'AUTO_TEST_TASK_ON_03/01/2019-12:05:12' is set on object 'Object Repository/SupplierFlow/setTaskName'

2019-01-03 12:05:50 - [TEST_STEP][PASSED] - click(findTestObject("SupplierFlow/approvedBy")): Object: 'Object Repository/SupplierFlow/approvedBy' is clicked on

2019-01-03 12:05:50 - [MESSAGE][PASSED] - Object: 'Object Repository/SupplierFlow/approvedBy' is clicked on

2019-01-03 12:05:50 - [TEST_STEP][PASSED] - Thread.sleep(2000): null

2019-01-03 12:05:52 - [TEST_STEP][PASSED] - Supplier.selectWG(): Supplier.selectWG is PASSED

2019-01-03 12:05:52 - [MESSAGE][PASSED] - Supplier.selectWG is PASSED

2019-01-03 12:05:52 - [TEST_STEP][PASSED] - Thread.sleep(2000): null

2019-01-03 12:05:54 - [TEST_STEP][PASSED] - click(findTestObject("SupplierFlow/saveButtonTask")): Object: 'Object Repository/SupplierFlow/saveButtonTask' is clicked on

2019-01-03 12:05:54 - [MESSAGE][PASSED] - Object: 'Object Repository/SupplierFlow/saveButtonTask' is clicked on

2019-01-03 12:05:54 - [TEST_STEP][PASSED] - Thread.sleep(6000): null

2019-01-03 12:06:00 - [TEST_STEP][PASSED] - click(findTestObject("SupplierFlow/supplierTabInRequirement")): Object: 'Object Repository/SupplierFlow/supplierTabInRequirement' is clicked on

2019-01-03 12:06:00 - [MESSAGE][PASSED] - Object: 'Object Repository/SupplierFlow/supplierTabInRequirement' is clicked on

2019-01-03 12:06:00 - [TEST_STEP][PASSED] - Thread.sleep(4000): null

2019-01-03 12:06:04 - [TEST_STEP][PASSED] - click(findTestObject("SupplierFlow/selectNewSupplier")): Object: 'Object Repository/SupplierFlow/selectNewSupplier' is clicked on

2019-01-03 12:06:04 - [MESSAGE][PASSED] - Object: 'Object Repository/SupplierFlow/selectNewSupplier' is clicked on

2019-01-03 12:06:04 - [TEST_STEP][PASSED] - Thread.sleep(4000): null

2019-01-03 12:06:08 - [TEST_STEP][PASSED] - Supplier.selectNewSupplier(): Supplier.selectNewSupplier is PASSED

2019-01-03 12:06:14 - [MESSAGE][PASSED] - Supplier.selectNewSupplier is PASSED

2019-01-03 12:06:14 - [TEST_STEP][PASSED] - Thread.sleep(2000): null

2019-01-03 12:06:16 - [TEST_STEP][PASSED] - click(findTestObject("SupplierFlow/saveSupplierSelection")): Object: 'Object Repository/SupplierFlow/saveSupplierSelection' is clicked on

2019-01-03 12:06:16 - [MESSAGE][PASSED] - Object: 'Object Repository/SupplierFlow/saveSupplierSelection' is clicked on

2019-01-03 12:06:16 - [TEST_STEP][PASSED] - Thread.sleep(6000): null

2019-01-03 12:06:22 - [TEST_STEP][PASSED] - click(findTestObject("TestUser/clickToCheck")): Object: 'Object Repository/TestUser/clickToCheck' is clicked on

2019-01-03 12:06:22 - [MESSAGE][PASSED] - Object: 'Object Repository/TestUser/clickToCheck' is clicked on

2019-01-03 12:06:22 - [TEST_STEP][PASSED] - Thread.sleep(2000): null

2019-01-03 12:06:24 - [TEST_STEP][PASSED] - click(findTestObject("TestUser/logoutUser")): Object: 'Object Repository/TestUser/logoutUser' is clicked on

2019-01-03 12:06:28 - [MESSAGE][PASSED] - Object: 'Object Repository/TestUser/logoutUser' is clicked on

2019-01-03 12:06:28 - [TEST_STEP][PASSED] - Thread.sleep(2000): null]]></system-out>
         <system-err><![CDATA[]]></system-err>
      </testcase>
      <testcase name="Test Cases/SupplierFlow/7_SupplierFirstLogin" classname="Test Cases/SupplierFlow/7_SupplierFirstLogin" status="PASSED">
         <system-out><![CDATA[2019-01-03 12:06:30 - [TEST_CASE][PASSED] - Test Cases/SupplierFlow/7_SupplierFirstLogin: Test Cases/SupplierFlow/7_SupplierFirstLogin

2019-01-03 12:06:30 - [TEST_STEP][NOT_RUN] - openBrowser(URL): NOT_RUN: openBrowser(URL)

2019-01-03 12:06:30 - [MESSAGE][NOT_RUN] - NOT_RUN: openBrowser(URL)

2019-01-03 12:06:30 - [TEST_STEP][NOT_RUN] - maximizeWindow(): NOT_RUN: maximizeWindow()

2019-01-03 12:06:30 - [MESSAGE][NOT_RUN] - NOT_RUN: maximizeWindow()

2019-01-03 12:06:30 - [TEST_STEP][PASSED] - driver = getWebDriver(): null

2019-01-03 12:06:30 - [TEST_STEP][PASSED] - Thread.sleep(2000): null

2019-01-03 12:06:32 - [TEST_STEP][PASSED] - setText(findTestObject("TestUserLocation/login_Username"), findTestData("SupplierData").getValue("UserName", 1)): Text 'Supplier_On_03/01/19-12:04' is set on object 'Object Repository/TestUserLocation/login_Username'

2019-01-03 12:06:32 - [MESSAGE][PASSED] - Text 'Supplier_On_03/01/19-12:04' is set on object 'Object Repository/TestUserLocation/login_Username'

2019-01-03 12:06:32 - [TEST_STEP][PASSED] - setText(findTestObject("TestUserLocation/login_Password"), findTestData("SupplierData").getValue("Password", 1)): Text 'password' is set on object 'Object Repository/TestUserLocation/login_Password'

2019-01-03 12:06:32 - [MESSAGE][PASSED] - Text 'password' is set on object 'Object Repository/TestUserLocation/login_Password'

2019-01-03 12:06:32 - [TEST_STEP][PASSED] - Thread.sleep(2000): null

2019-01-03 12:06:34 - [TEST_STEP][PASSED] - click(findTestObject("TestUserLocation/login_Button")): Object: 'Object Repository/TestUserLocation/login_Button' is clicked on

2019-01-03 12:06:35 - [MESSAGE][PASSED] - Object: 'Object Repository/TestUserLocation/login_Button' is clicked on

2019-01-03 12:06:35 - [TEST_STEP][PASSED] - Thread.sleep(6000): null

2019-01-03 12:06:41 - [TEST_STEP][PASSED] - setText(findTestObject("TestUser/newPassword"), findTestData("SupplierData").getValue("NewPassword", 1)): Text 'password@123#' is set on object 'Object Repository/TestUser/newPassword'

2019-01-03 12:06:41 - [MESSAGE][PASSED] - Text 'password@123#' is set on object 'Object Repository/TestUser/newPassword'

2019-01-03 12:06:41 - [TEST_STEP][PASSED] - setText(findTestObject("TestUser/confirmPassword"), findTestData("SupplierData").getValue("NewPassword", 1)): Text 'password@123#' is set on object 'Object Repository/TestUser/confirmPassword'

2019-01-03 12:06:41 - [MESSAGE][PASSED] - Text 'password@123#' is set on object 'Object Repository/TestUser/confirmPassword'

2019-01-03 12:06:41 - [TEST_STEP][PASSED] - Thread.sleep(2000): null

2019-01-03 12:06:43 - [TEST_STEP][PASSED] - click(findTestObject("TestUser/createPasswordButton")): Object: 'Object Repository/TestUser/createPasswordButton' is clicked on

2019-01-03 12:06:44 - [MESSAGE][PASSED] - Object: 'Object Repository/TestUser/createPasswordButton' is clicked on

2019-01-03 12:06:44 - [TEST_STEP][PASSED] - Thread.sleep(4000): null

2019-01-03 12:06:48 - [TEST_STEP][PASSED] - setText(findTestObject("TestUserLocation/login_Username"), findTestData("SupplierData").getValue("UserName", 1)): Text 'Supplier_On_03/01/19-12:04' is set on object 'Object Repository/TestUserLocation/login_Username'

2019-01-03 12:06:48 - [MESSAGE][PASSED] - Text 'Supplier_On_03/01/19-12:04' is set on object 'Object Repository/TestUserLocation/login_Username'

2019-01-03 12:06:48 - [TEST_STEP][PASSED] - setText(findTestObject("TestUserLocation/login_Password"), findTestData("SupplierData").getValue("NewPassword", 1)): Text 'password@123#' is set on object 'Object Repository/TestUserLocation/login_Password'

2019-01-03 12:06:48 - [MESSAGE][PASSED] - Text 'password@123#' is set on object 'Object Repository/TestUserLocation/login_Password'

2019-01-03 12:06:48 - [TEST_STEP][PASSED] - Thread.sleep(2000): null

2019-01-03 12:06:50 - [TEST_STEP][PASSED] - click(findTestObject("TestUserLocation/login_Button")): Object: 'Object Repository/TestUserLocation/login_Button' is clicked on

2019-01-03 12:06:52 - [MESSAGE][PASSED] - Object: 'Object Repository/TestUserLocation/login_Button' is clicked on

2019-01-03 12:06:52 - [TEST_STEP][PASSED] - Thread.sleep(6000): null

2019-01-03 12:06:58 - [TEST_STEP][PASSED] - Supplier.selectSupplierTask(): Supplier.selectSupplierTask is PASSED

2019-01-03 12:06:58 - [MESSAGE][PASSED] - Supplier.selectSupplierTask is PASSED

2019-01-03 12:06:58 - [TEST_STEP][PASSED] - Thread.sleep(4000): null

2019-01-03 12:07:02 - [TEST_STEP][PASSED] - setText(findTestObject("FormTab/fillForm_FreeSingleText"), "MyText"): Text 'MyText' is set on object 'Object Repository/FormTab/fillForm_FreeSingleText'

2019-01-03 12:07:02 - [MESSAGE][PASSED] - Text 'MyText' is set on object 'Object Repository/FormTab/fillForm_FreeSingleText'

2019-01-03 12:07:02 - [TEST_STEP][PASSED] - setText(findTestObject("FormTab/fillForm_ParagraphText"), "MyParagraph"): Text 'MyParagraph' is set on object 'Object Repository/FormTab/fillForm_ParagraphText'

2019-01-03 12:07:03 - [MESSAGE][PASSED] - Text 'MyParagraph' is set on object 'Object Repository/FormTab/fillForm_ParagraphText'

2019-01-03 12:07:03 - [TEST_STEP][PASSED] - Thread.sleep(3000): null

2019-01-03 12:07:06 - [TEST_STEP][PASSED] - setText(findTestObject("FormTab/fillForm_SelectOneOption"), "SingleOption1"): Text 'SingleOption1' is set on object 'Object Repository/FormTab/fillForm_SelectOneOption'

2019-01-03 12:07:06 - [MESSAGE][PASSED] - Text 'SingleOption1' is set on object 'Object Repository/FormTab/fillForm_SelectOneOption'

2019-01-03 12:07:06 - [TEST_STEP][PASSED] - Thread.sleep(3000): null

2019-01-03 12:07:09 - [TEST_STEP][PASSED] - xpath("//*[@id='scs-form-level']/div/div/div/div/div/div/div[4]/div/field-template/div/div/div/div/span/span/input")).sendKeys(Keys.chord(ENTER)): null

2019-01-03 12:07:09 - [TEST_STEP][PASSED] - Thread.sleep(3000): null

2019-01-03 12:07:12 - [TEST_STEP][PASSED] - setText(findTestObject("FormTab/fillForm_SelectMultipleOption"), "MultipleOption1"): Text 'MultipleOption1' is set on object 'Object Repository/FormTab/fillForm_SelectMultipleOption'

2019-01-03 12:07:12 - [MESSAGE][PASSED] - Text 'MultipleOption1' is set on object 'Object Repository/FormTab/fillForm_SelectMultipleOption'

2019-01-03 12:07:12 - [TEST_STEP][PASSED] - Thread.sleep(3000): null

2019-01-03 12:07:15 - [TEST_STEP][PASSED] - xpath("//*[@id='scs-form-level']/div/div/div/div/div/div/div[5]/div/field-template/div/div/div/div/div/div/input")).sendKeys(Keys.chord(ENTER)): null

2019-01-03 12:07:15 - [TEST_STEP][PASSED] - click(findTestObject("FormTab/fillForm_SelectMultipleOption")): Object: 'Object Repository/FormTab/fillForm_SelectMultipleOption' is clicked on

2019-01-03 12:07:15 - [MESSAGE][PASSED] - Object: 'Object Repository/FormTab/fillForm_SelectMultipleOption' is clicked on

2019-01-03 12:07:15 - [TEST_STEP][PASSED] - Thread.sleep(4000): null

2019-01-03 12:07:19 - [TEST_STEP][PASSED] - xpath("//*[@id='scs-form-level']/div/div/div/div[2]/div/div/div[6]/div/field-template/div/div[2]/div/div/span[1]/span/input[1]")).sendKeys("9"): null

2019-01-03 12:07:20 - [TEST_STEP][PASSED] - setText(findTestObject("FormTab/fillForm_DateText"), "10/18/2018"): Text '10/18/2018' is set on object 'Object Repository/FormTab/fillForm_DateText'

2019-01-03 12:07:20 - [MESSAGE][PASSED] - Text '10/18/2018' is set on object 'Object Repository/FormTab/fillForm_DateText'

2019-01-03 12:07:20 - [TEST_STEP][PASSED] - setText(findTestObject("FormTab/fillForm_TimeText"), "9:00 AM"): Text '9:00 AM' is set on object 'Object Repository/FormTab/fillForm_TimeText'

2019-01-03 12:07:20 - [MESSAGE][PASSED] - Text '9:00 AM' is set on object 'Object Repository/FormTab/fillForm_TimeText'

2019-01-03 12:07:20 - [TEST_STEP][PASSED] - setText(findTestObject("FormTab/fillForm_DateTimeText"), "10/18/2018 9:00 AM"): Text '10/18/2018 9:00 AM' is set on object 'Object Repository/FormTab/fillForm_DateTimeText'

2019-01-03 12:07:20 - [MESSAGE][PASSED] - Text '10/18/2018 9:00 AM' is set on object 'Object Repository/FormTab/fillForm_DateTimeText'

2019-01-03 12:07:20 - [TEST_STEP][PASSED] - click(findTestObject("FormTab/fillForm_SubmitButton")): Object: 'Object Repository/FormTab/fillForm_SubmitButton' is clicked on

2019-01-03 12:07:20 - [MESSAGE][PASSED] - Object: 'Object Repository/FormTab/fillForm_SubmitButton' is clicked on

2019-01-03 12:07:20 - [TEST_STEP][PASSED] - Thread.sleep(2000): null

2019-01-03 12:07:22 - [TEST_STEP][PASSED] - setText(findTestObject("SupplierFlow/formSubmissionNote"), "Form may require correction."): Text 'Form may require correction.' is set on object 'Object Repository/SupplierFlow/formSubmissionNote'

2019-01-03 12:07:22 - [MESSAGE][PASSED] - Text 'Form may require correction.' is set on object 'Object Repository/SupplierFlow/formSubmissionNote'

2019-01-03 12:07:22 - [TEST_STEP][PASSED] - Thread.sleep(2000): null

2019-01-03 12:07:24 - [TEST_STEP][PASSED] - click(findTestObject("FormTab/fillForm_SubmissionOkButton")): Object: 'Object Repository/FormTab/fillForm_SubmissionOkButton' is clicked on

2019-01-03 12:07:25 - [MESSAGE][PASSED] - Object: 'Object Repository/FormTab/fillForm_SubmissionOkButton' is clicked on

2019-01-03 12:07:25 - [TEST_STEP][PASSED] - Thread.sleep(4000): null

2019-01-03 12:07:29 - [TEST_STEP][PASSED] - click(findTestObject("TestUser/clickToCheck")): Object: 'Object Repository/TestUser/clickToCheck' is clicked on

2019-01-03 12:07:29 - [MESSAGE][PASSED] - Object: 'Object Repository/TestUser/clickToCheck' is clicked on

2019-01-03 12:07:29 - [TEST_STEP][PASSED] - Thread.sleep(2000): null

2019-01-03 12:07:31 - [TEST_STEP][PASSED] - click(findTestObject("TestUser/logoutUser")): Object: 'Object Repository/TestUser/logoutUser' is clicked on

2019-01-03 12:07:33 - [MESSAGE][PASSED] - Object: 'Object Repository/TestUser/logoutUser' is clicked on

2019-01-03 12:07:33 - [TEST_STEP][PASSED] - Thread.sleep(2000): null]]></system-out>
         <system-err><![CDATA[]]></system-err>
      </testcase>
      <testcase name="Test Cases/SupplierFlow/8_RejectFromInbox" classname="Test Cases/SupplierFlow/8_RejectFromInbox" status="PASSED">
         <system-out><![CDATA[2019-01-03 12:07:35 - [TEST_CASE][PASSED] - Test Cases/SupplierFlow/8_RejectFromInbox: Test Cases/SupplierFlow/8_RejectFromInbox

2019-01-03 12:07:35 - [TEST_STEP][NOT_RUN] - openBrowser(URL): NOT_RUN: openBrowser(URL)

2019-01-03 12:07:35 - [MESSAGE][NOT_RUN] - NOT_RUN: openBrowser(URL)

2019-01-03 12:07:35 - [TEST_STEP][NOT_RUN] - maximizeWindow(): NOT_RUN: maximizeWindow()

2019-01-03 12:07:35 - [MESSAGE][NOT_RUN] - NOT_RUN: maximizeWindow()

2019-01-03 12:07:35 - [TEST_STEP][PASSED] - setText(findTestObject("Form_Selection_Creation/login_Username"), UserName): Text 'superadmin' is set on object 'Object Repository/Form_Selection_Creation/login_Username'

2019-01-03 12:07:35 - [MESSAGE][PASSED] - Text 'superadmin' is set on object 'Object Repository/Form_Selection_Creation/login_Username'

2019-01-03 12:07:35 - [TEST_STEP][PASSED] - setText(findTestObject("Form_Selection_Creation/login_Password"), Password): Text 'sliptest23772boot' is set on object 'Object Repository/Form_Selection_Creation/login_Password'

2019-01-03 12:07:35 - [MESSAGE][PASSED] - Text 'sliptest23772boot' is set on object 'Object Repository/Form_Selection_Creation/login_Password'

2019-01-03 12:07:35 - [TEST_STEP][PASSED] - click(findTestObject("Form_Selection_Creation/login_Button")): Object: 'Object Repository/Form_Selection_Creation/login_Button' is clicked on

2019-01-03 12:07:37 - [MESSAGE][PASSED] - Object: 'Object Repository/Form_Selection_Creation/login_Button' is clicked on

2019-01-03 12:07:37 - [TEST_STEP][PASSED] - Thread.sleep(3000): null

2019-01-03 12:07:40 - [TEST_STEP][PASSED] - click(findTestObject("Form_Selection_Creation/mainMenu_Button")): Object: 'Object Repository/Form_Selection_Creation/mainMenu_Button' is clicked on

2019-01-03 12:07:42 - [MESSAGE][PASSED] - Object: 'Object Repository/Form_Selection_Creation/mainMenu_Button' is clicked on

2019-01-03 12:07:42 - [TEST_STEP][PASSED] - click(findTestObject("SupplierFlow/inbox")): Object: 'Object Repository/SupplierFlow/inbox' is clicked on

2019-01-03 12:07:42 - [MESSAGE][PASSED] - Object: 'Object Repository/SupplierFlow/inbox' is clicked on

2019-01-03 12:07:42 - [TEST_STEP][PASSED] - Thread.sleep(6000): null

2019-01-03 12:07:48 - [TEST_STEP][PASSED] - setText(findTestObject("SupplierFlow/searchTaskInInbox"), findTestData("FormData").getValue("TaskName", 1)): Text 'AUTO_TEST_TASK_ON_03/01/2019-12:05:12' is set on object 'Object Repository/SupplierFlow/searchTaskInInbox'

2019-01-03 12:07:48 - [MESSAGE][PASSED] - Text 'AUTO_TEST_TASK_ON_03/01/2019-12:05:12' is set on object 'Object Repository/SupplierFlow/searchTaskInInbox'

2019-01-03 12:07:48 - [TEST_STEP][PASSED] - sendKeys(findTestObject("SupplierFlow/searchTaskInInbox"), Keys.chord(ENTER)): Keys 'ENTER + ' sent to object: 'Object Repository/SupplierFlow/searchTaskInInbox'

2019-01-03 12:07:49 - [MESSAGE][PASSED] - Keys 'ENTER + ' sent to object: 'Object Repository/SupplierFlow/searchTaskInInbox'

2019-01-03 12:07:49 - [TEST_STEP][PASSED] - Thread.sleep(3000): null

2019-01-03 12:07:52 - [TEST_STEP][PASSED] - Supplier.selectTaskInInbox(): Supplier.selectTaskInInbox is PASSED

2019-01-03 12:07:52 - [MESSAGE][PASSED] - Supplier.selectTaskInInbox is PASSED

2019-01-03 12:07:52 - [TEST_STEP][PASSED] - Thread.sleep(6000): null

2019-01-03 12:07:58 - [TEST_STEP][PASSED] - click(findTestObject("SupplierFlow/rejectButton")): Object: 'Object Repository/SupplierFlow/rejectButton' is clicked on

2019-01-03 12:07:58 - [MESSAGE][PASSED] - Object: 'Object Repository/SupplierFlow/rejectButton' is clicked on

2019-01-03 12:07:58 - [TEST_STEP][PASSED] - Thread.sleep(3000): null

2019-01-03 12:08:01 - [TEST_STEP][PASSED] - setText(findTestObject("SupplierFlow/rejectionNote"), "This Task is rejected"): Text 'This Task is rejected' is set on object 'Object Repository/SupplierFlow/rejectionNote'

2019-01-03 12:08:01 - [MESSAGE][PASSED] - Text 'This Task is rejected' is set on object 'Object Repository/SupplierFlow/rejectionNote'

2019-01-03 12:08:01 - [TEST_STEP][PASSED] - Thread.sleep(2000): null

2019-01-03 12:08:03 - [TEST_STEP][PASSED] - click(findTestObject("SupplierFlow/sendTask")): Object: 'Object Repository/SupplierFlow/sendTask' is clicked on

2019-01-03 12:08:03 - [MESSAGE][PASSED] - Object: 'Object Repository/SupplierFlow/sendTask' is clicked on

2019-01-03 12:08:03 - [TEST_STEP][PASSED] - Thread.sleep(6000): null

2019-01-03 12:08:09 - [TEST_STEP][PASSED] - click(findTestObject("TestUser/clickToCheck")): Object: 'Object Repository/TestUser/clickToCheck' is clicked on

2019-01-03 12:08:09 - [MESSAGE][PASSED] - Object: 'Object Repository/TestUser/clickToCheck' is clicked on

2019-01-03 12:08:09 - [TEST_STEP][PASSED] - Thread.sleep(2000): null

2019-01-03 12:08:11 - [TEST_STEP][PASSED] - click(findTestObject("TestUser/logoutUser")): Object: 'Object Repository/TestUser/logoutUser' is clicked on

2019-01-03 12:08:13 - [MESSAGE][PASSED] - Object: 'Object Repository/TestUser/logoutUser' is clicked on

2019-01-03 12:08:13 - [TEST_STEP][PASSED] - Thread.sleep(2000): null]]></system-out>
         <system-err><![CDATA[]]></system-err>
      </testcase>
      <testcase name="Test Cases/SupplierFlow/9_Resubmission_Supplier" classname="Test Cases/SupplierFlow/9_Resubmission_Supplier" status="PASSED">
         <system-out><![CDATA[2019-01-03 12:08:15 - [TEST_CASE][PASSED] - Test Cases/SupplierFlow/9_Resubmission_Supplier: Test Cases/SupplierFlow/9_Resubmission_Supplier

2019-01-03 12:08:15 - [TEST_STEP][NOT_RUN] - openBrowser(URL): NOT_RUN: openBrowser(URL)

2019-01-03 12:08:15 - [MESSAGE][NOT_RUN] - NOT_RUN: openBrowser(URL)

2019-01-03 12:08:15 - [TEST_STEP][NOT_RUN] - maximizeWindow(): NOT_RUN: maximizeWindow()

2019-01-03 12:08:15 - [MESSAGE][NOT_RUN] - NOT_RUN: maximizeWindow()

2019-01-03 12:08:15 - [TEST_STEP][PASSED] - driver = getWebDriver(): null

2019-01-03 12:08:15 - [TEST_STEP][PASSED] - Thread.sleep(2000): null

2019-01-03 12:08:17 - [TEST_STEP][PASSED] - setText(findTestObject("TestUserLocation/login_Username"), findTestData("SupplierData").getValue("UserName", 1)): Text 'Supplier_On_03/01/19-12:04' is set on object 'Object Repository/TestUserLocation/login_Username'

2019-01-03 12:08:18 - [MESSAGE][PASSED] - Text 'Supplier_On_03/01/19-12:04' is set on object 'Object Repository/TestUserLocation/login_Username'

2019-01-03 12:08:18 - [TEST_STEP][PASSED] - setText(findTestObject("TestUserLocation/login_Password"), findTestData("SupplierData").getValue("NewPassword", 1)): Text 'password@123#' is set on object 'Object Repository/TestUserLocation/login_Password'

2019-01-03 12:08:18 - [MESSAGE][PASSED] - Text 'password@123#' is set on object 'Object Repository/TestUserLocation/login_Password'

2019-01-03 12:08:18 - [TEST_STEP][PASSED] - Thread.sleep(2000): null

2019-01-03 12:08:20 - [TEST_STEP][PASSED] - click(findTestObject("TestUserLocation/login_Button")): Object: 'Object Repository/TestUserLocation/login_Button' is clicked on

2019-01-03 12:08:21 - [MESSAGE][PASSED] - Object: 'Object Repository/TestUserLocation/login_Button' is clicked on

2019-01-03 12:08:21 - [TEST_STEP][PASSED] - Thread.sleep(6000): null

2019-01-03 12:08:27 - [TEST_STEP][PASSED] - click(findTestObject("SupplierFlow/clickOnSuppReject")): Object: 'Object Repository/SupplierFlow/clickOnSuppReject' is clicked on

2019-01-03 12:08:27 - [MESSAGE][PASSED] - Object: 'Object Repository/SupplierFlow/clickOnSuppReject' is clicked on

2019-01-03 12:08:27 - [TEST_STEP][PASSED] - Thread.sleep(2000): null

2019-01-03 12:08:29 - [TEST_STEP][PASSED] - Supplier.selectSupplierTask(): Supplier.selectSupplierTask is PASSED

2019-01-03 12:08:30 - [MESSAGE][PASSED] - Supplier.selectSupplierTask is PASSED

2019-01-03 12:08:30 - [TEST_STEP][PASSED] - Thread.sleep(4000): null

2019-01-03 12:08:34 - [TEST_STEP][PASSED] - xpath("//*[@id='scs-form-level']/div/div/div/div[2]/div/div/div[6]/div/field-template/div/div[2]/div/div/span[1]/span/input[1]")).sendKeys("12"): null

2019-01-03 12:08:34 - [TEST_STEP][PASSED] - click(findTestObject("FormTab/fillForm_SubmitButton")): Object: 'Object Repository/FormTab/fillForm_SubmitButton' is clicked on

2019-01-03 12:08:34 - [MESSAGE][PASSED] - Object: 'Object Repository/FormTab/fillForm_SubmitButton' is clicked on

2019-01-03 12:08:34 - [TEST_STEP][PASSED] - Thread.sleep(2000): null

2019-01-03 12:08:36 - [TEST_STEP][PASSED] - setText(findTestObject("SupplierFlow/formSubmissionNote"), "Form is Finally submitted Correctly."): Text 'Form is Finally submitted Correctly.' is set on object 'Object Repository/SupplierFlow/formSubmissionNote'

2019-01-03 12:08:36 - [MESSAGE][PASSED] - Text 'Form is Finally submitted Correctly.' is set on object 'Object Repository/SupplierFlow/formSubmissionNote'

2019-01-03 12:08:36 - [TEST_STEP][PASSED] - Thread.sleep(2000): null

2019-01-03 12:08:38 - [TEST_STEP][PASSED] - click(findTestObject("FormTab/fillForm_SubmissionOkButton")): Object: 'Object Repository/FormTab/fillForm_SubmissionOkButton' is clicked on

2019-01-03 12:08:38 - [MESSAGE][PASSED] - Object: 'Object Repository/FormTab/fillForm_SubmissionOkButton' is clicked on

2019-01-03 12:08:38 - [TEST_STEP][PASSED] - Thread.sleep(6000): null

2019-01-03 12:08:44 - [TEST_STEP][PASSED] - click(findTestObject("TestUser/clickToCheck")): Object: 'Object Repository/TestUser/clickToCheck' is clicked on

2019-01-03 12:08:44 - [MESSAGE][PASSED] - Object: 'Object Repository/TestUser/clickToCheck' is clicked on

2019-01-03 12:08:44 - [TEST_STEP][PASSED] - Thread.sleep(2000): null

2019-01-03 12:08:46 - [TEST_STEP][PASSED] - click(findTestObject("TestUser/logoutUser")): Object: 'Object Repository/TestUser/logoutUser' is clicked on

2019-01-03 12:08:49 - [MESSAGE][PASSED] - Object: 'Object Repository/TestUser/logoutUser' is clicked on

2019-01-03 12:08:49 - [TEST_STEP][PASSED] - Thread.sleep(2000): null]]></system-out>
         <system-err><![CDATA[]]></system-err>
      </testcase>
      <testcase name="Test Cases/SupplierFlow/10_ApprovedFromInbox" classname="Test Cases/SupplierFlow/10_ApprovedFromInbox" status="PASSED">
         <system-out><![CDATA[2019-01-03 12:08:51 - [TEST_CASE][PASSED] - Test Cases/SupplierFlow/10_ApprovedFromInbox: Test Cases/SupplierFlow/10_ApprovedFromInbox

2019-01-03 12:08:51 - [TEST_STEP][NOT_RUN] - openBrowser(URL): NOT_RUN: openBrowser(URL)

2019-01-03 12:08:51 - [MESSAGE][NOT_RUN] - NOT_RUN: openBrowser(URL)

2019-01-03 12:08:51 - [TEST_STEP][NOT_RUN] - maximizeWindow(): NOT_RUN: maximizeWindow()

2019-01-03 12:08:51 - [MESSAGE][NOT_RUN] - NOT_RUN: maximizeWindow()

2019-01-03 12:08:51 - [TEST_STEP][PASSED] - setText(findTestObject("Form_Selection_Creation/login_Username"), UserName): Text 'superadmin' is set on object 'Object Repository/Form_Selection_Creation/login_Username'

2019-01-03 12:08:52 - [MESSAGE][PASSED] - Text 'superadmin' is set on object 'Object Repository/Form_Selection_Creation/login_Username'

2019-01-03 12:08:52 - [TEST_STEP][PASSED] - setText(findTestObject("Form_Selection_Creation/login_Password"), Password): Text 'sliptest23772boot' is set on object 'Object Repository/Form_Selection_Creation/login_Password'

2019-01-03 12:08:52 - [MESSAGE][PASSED] - Text 'sliptest23772boot' is set on object 'Object Repository/Form_Selection_Creation/login_Password'

2019-01-03 12:08:52 - [TEST_STEP][PASSED] - click(findTestObject("Form_Selection_Creation/login_Button")): Object: 'Object Repository/Form_Selection_Creation/login_Button' is clicked on

2019-01-03 12:08:54 - [MESSAGE][PASSED] - Object: 'Object Repository/Form_Selection_Creation/login_Button' is clicked on

2019-01-03 12:08:54 - [TEST_STEP][PASSED] - Thread.sleep(3000): null

2019-01-03 12:08:57 - [TEST_STEP][PASSED] - click(findTestObject("Form_Selection_Creation/mainMenu_Button")): Object: 'Object Repository/Form_Selection_Creation/mainMenu_Button' is clicked on

2019-01-03 12:08:57 - [MESSAGE][PASSED] - Object: 'Object Repository/Form_Selection_Creation/mainMenu_Button' is clicked on

2019-01-03 12:08:57 - [TEST_STEP][PASSED] - click(findTestObject("SupplierFlow/inbox")): Object: 'Object Repository/SupplierFlow/inbox' is clicked on

2019-01-03 12:08:57 - [MESSAGE][PASSED] - Object: 'Object Repository/SupplierFlow/inbox' is clicked on

2019-01-03 12:08:57 - [TEST_STEP][PASSED] - Thread.sleep(6000): null

2019-01-03 12:09:03 - [TEST_STEP][PASSED] - setText(findTestObject("SupplierFlow/searchTaskInInbox"), findTestData("FormData").getValue("TaskName", 1)): Text 'AUTO_TEST_TASK_ON_03/01/2019-12:05:12' is set on object 'Object Repository/SupplierFlow/searchTaskInInbox'

2019-01-03 12:09:04 - [MESSAGE][PASSED] - Text 'AUTO_TEST_TASK_ON_03/01/2019-12:05:12' is set on object 'Object Repository/SupplierFlow/searchTaskInInbox'

2019-01-03 12:09:04 - [TEST_STEP][PASSED] - sendKeys(findTestObject("SupplierFlow/searchTaskInInbox"), Keys.chord(ENTER)): Keys 'ENTER + ' sent to object: 'Object Repository/SupplierFlow/searchTaskInInbox'

2019-01-03 12:09:04 - [MESSAGE][PASSED] - Keys 'ENTER + ' sent to object: 'Object Repository/SupplierFlow/searchTaskInInbox'

2019-01-03 12:09:04 - [TEST_STEP][PASSED] - Thread.sleep(3000): null

2019-01-03 12:09:07 - [TEST_STEP][PASSED] - Supplier.selectTaskInInbox(): Supplier.selectTaskInInbox is PASSED

2019-01-03 12:09:07 - [MESSAGE][PASSED] - Supplier.selectTaskInInbox is PASSED

2019-01-03 12:09:07 - [TEST_STEP][PASSED] - Thread.sleep(6000): null

2019-01-03 12:09:13 - [TEST_STEP][PASSED] - click(findTestObject("SupplierFlow/approveButton")): Object: 'Object Repository/SupplierFlow/approveButton' is clicked on

2019-01-03 12:09:13 - [MESSAGE][PASSED] - Object: 'Object Repository/SupplierFlow/approveButton' is clicked on

2019-01-03 12:09:13 - [TEST_STEP][PASSED] - Thread.sleep(3000): null

2019-01-03 12:09:16 - [TEST_STEP][PASSED] - setText(findTestObject("SupplierFlow/expirtionDate_ApproveTask"), "12/17/2018"): Text '12/17/2018' is set on object 'Object Repository/SupplierFlow/expirtionDate_ApproveTask'

2019-01-03 12:09:17 - [MESSAGE][PASSED] - Text '12/17/2018' is set on object 'Object Repository/SupplierFlow/expirtionDate_ApproveTask'

2019-01-03 12:09:17 - [TEST_STEP][PASSED] - Thread.sleep(2000): null

2019-01-03 12:09:19 - [TEST_STEP][PASSED] - click(findTestObject("SupplierFlow/approveYesButton")): Object: 'Object Repository/SupplierFlow/approveYesButton' is clicked on

2019-01-03 12:09:19 - [MESSAGE][PASSED] - Object: 'Object Repository/SupplierFlow/approveYesButton' is clicked on

2019-01-03 12:09:19 - [TEST_STEP][PASSED] - Thread.sleep(6000): null

2019-01-03 12:09:25 - [TEST_STEP][PASSED] - setText(findTestObject("SupplierFlow/searchTaskInInbox"), findTestData("FormData").getValue("TaskName", 1)): Text 'AUTO_TEST_TASK_ON_03/01/2019-12:05:12' is set on object 'Object Repository/SupplierFlow/searchTaskInInbox'

2019-01-03 12:09:25 - [MESSAGE][PASSED] - Text 'AUTO_TEST_TASK_ON_03/01/2019-12:05:12' is set on object 'Object Repository/SupplierFlow/searchTaskInInbox'

2019-01-03 12:09:25 - [TEST_STEP][PASSED] - sendKeys(findTestObject("SupplierFlow/searchTaskInInbox"), Keys.chord(ENTER)): Keys 'ENTER + ' sent to object: 'Object Repository/SupplierFlow/searchTaskInInbox'

2019-01-03 12:09:26 - [MESSAGE][PASSED] - Keys 'ENTER + ' sent to object: 'Object Repository/SupplierFlow/searchTaskInInbox'

2019-01-03 12:09:26 - [TEST_STEP][PASSED] - Thread.sleep(6000): null]]></system-out>
         <system-err><![CDATA[]]></system-err>
      </testcase>
      <system-out><![CDATA[2019-01-03 11:59:23 - [TEST_SUITE][PASSED] - TestSupplier: Test Cases/SupplierFlow/10_ApprovedFromInbox]]></system-out>
      <system-err><![CDATA[]]></system-err>
   </testsuite>
</testsuites>
