<?xml version="1.0" encoding="UTF-8"?>
<testsuites name="Check_Form" time="284" tests="3" failures="0" errors="0">
   <testsuite name="Check_Form" tests="3" failures="0" errors="0" time="284" timestamp="2018-11-21 13:15:30" hostname="pashine_a - Abhishek-Pashine.India.XoriantCorp.com" id="Test Suites/Check_Form">
      <properties>
         <property name="deviceName" value=""/>
         <property name="devicePlatform" value=""/>
         <property name="logFolder" value="D:\\Git Data\\SafetyChain-Test-Automation-Katalon\\Reports\\Check_Form\\20181121_131528"/>
         <property name="logFiles" value="D:\\Git Data\\SafetyChain-Test-Automation-Katalon\\Reports\\Check_Form\\20181121_131528\\execution0.log"/>
         <property name="attachments" value=""/>
         <property name="hostName" value="pashine_a - Abhishek-Pashine.India.XoriantCorp.com"/>
         <property name="os" value="Windows 7 64bit"/>
         <property name="katalonVersion" value="5.8.6.1"/>
         <property name="browser" value="Chrome 70.0.3538.102"/>
         <property name="hostAddress" value="10.21.7.147"/>
         <property name="sessionId" value="3a91c7a7d770b5a2c18f9a26c3493b92"/>
         <property name="seleniumVersion" value="3.7.1"/>
         <property name="proxyInformation" value="ProxyInformation{proxyOption=NO_PROXY, proxyServerType=HTTP, password=, proxyServerAddress=, proxyServerPort=0}"/>
         <property name="platform" value="Windows 7"/>
      </properties>
      <testcase name="Test Cases/Forms/CheckForm/1_CreateForm" classname="Test Cases/Forms/CheckForm/1_CreateForm" status="PASSED">
         <system-out><![CDATA[2018-11-21 13:15:31 - [TEST_CASE][PASSED] - Test Cases/Forms/CheckForm/1_CreateForm: Test Cases/Forms/CheckForm/1_CreateForm

2018-11-21 13:15:32 - [TEST_STEP][PASSED] - openBrowser: Browser is opened with url: 'https://test2.stage.safetychain.com'

2018-11-21 13:16:07 - [MESSAGE][PASSED] - Browser is opened with url: 'https://test2.stage.safetychain.com'

2018-11-21 13:16:07 - [TEST_STEP][PASSED] - maximizeWindow: Current window maximized

2018-11-21 13:16:09 - [MESSAGE][PASSED] - Current window maximized

2018-11-21 13:16:09 - [TEST_STEP][PASSED] - setText: Text 'superadmin' is set on object 'Object Repository/Form_Selection_Creation/login_Username'

2018-11-21 13:16:12 - [MESSAGE][PASSED] - Text 'superadmin' is set on object 'Object Repository/Form_Selection_Creation/login_Username'

2018-11-21 13:16:12 - [TEST_STEP][PASSED] - setText: Text 'sliptest23772boot' is set on object 'Object Repository/Form_Selection_Creation/login_Password'

2018-11-21 13:16:13 - [MESSAGE][PASSED] - Text 'sliptest23772boot' is set on object 'Object Repository/Form_Selection_Creation/login_Password'

2018-11-21 13:16:13 - [TEST_STEP][PASSED] - FormName.setData: FormName.setData is PASSED

2018-11-21 13:16:14 - [MESSAGE][PASSED] - FormName.setData is PASSED

2018-11-21 13:16:14 - [TEST_STEP][PASSED] - click: Object: 'Object Repository/Form_Selection_Creation/login_Button' is clicked on

2018-11-21 13:16:15 - [MESSAGE][PASSED] - Object: 'Object Repository/Form_Selection_Creation/login_Button' is clicked on

2018-11-21 13:16:15 - [TEST_STEP][PASSED] - Statement - java.lang.Thread.sleep(3000): null

2018-11-21 13:16:18 - [TEST_STEP][PASSED] - click: Object: 'Object Repository/Form_Selection_Creation/mainMenu_Button' is clicked on

2018-11-21 13:16:19 - [MESSAGE][PASSED] - Object: 'Object Repository/Form_Selection_Creation/mainMenu_Button' is clicked on

2018-11-21 13:16:19 - [TEST_STEP][PASSED] - click: Object: 'Object Repository/Form_Selection_Creation/mainMenu_AdminTools' is clicked on

2018-11-21 13:16:20 - [MESSAGE][PASSED] - Object: 'Object Repository/Form_Selection_Creation/mainMenu_AdminTools' is clicked on

2018-11-21 13:16:20 - [TEST_STEP][PASSED] - click: Object: 'Object Repository/Form_Selection_Creation/mainMenu_AdminTools_FormDesigner' is clicked on

2018-11-21 13:16:20 - [MESSAGE][PASSED] - Object: 'Object Repository/Form_Selection_Creation/mainMenu_AdminTools_FormDesigner' is clicked on

2018-11-21 13:16:20 - [TEST_STEP][PASSED] - click: Object: 'Object Repository/Form_Selection_Creation/selectCheckForm' is clicked on

2018-11-21 13:16:20 - [MESSAGE][PASSED] - Object: 'Object Repository/Form_Selection_Creation/selectCheckForm' is clicked on

2018-11-21 13:16:20 - [TEST_STEP][PASSED] - Statement - java.lang.Thread.sleep(3000): null

2018-11-21 13:16:23 - [TEST_STEP][PASSED] - dragAndDropToObject: Dragged object with id 'Object Repository/Form_Selection_Creation/formDesign_selectResource' to object with id 'TestObject - 'Object Repository/Form_Selection_Creation/Target_Res_Object'' successfully

2018-11-21 13:16:24 - [MESSAGE][PASSED] - Dragged object with id 'Object Repository/Form_Selection_Creation/formDesign_selectResource' to object with id 'TestObject - 'Object Repository/Form_Selection_Creation/Target_Res_Object'' successfully

2018-11-21 13:16:24 - [TEST_STEP][PASSED] - Statement - java.lang.Thread.sleep(6000): null

2018-11-21 13:16:30 - [TEST_STEP][PASSED] - click: Object: 'Object Repository/Form_Selection_Creation/formCreation_NextToDesignForm' is clicked on

2018-11-21 13:16:30 - [MESSAGE][PASSED] - Object: 'Object Repository/Form_Selection_Creation/formCreation_NextToDesignForm' is clicked on

2018-11-21 13:16:30 - [TEST_STEP][PASSED] - Statement - java.lang.Thread.sleep(4000): null

2018-11-21 13:16:34 - [TEST_STEP][PASSED] - FormName.createForm: FormName.createForm is PASSED

2018-11-21 13:16:35 - [MESSAGE][PASSED] - FormName.createForm is PASSED

2018-11-21 13:16:35 - [TEST_STEP][PASSED] - Statement - java.lang.Thread.sleep(2000): null

2018-11-21 13:16:37 - [TEST_STEP][PASSED] - dragAndDropToObject: Dragged object with id 'Object Repository/Form_Selection_Creation/formDesign_SelectSection' to object with id 'TestObject - 'Object Repository/Form_Selection_Creation/default_area'' successfully

2018-11-21 13:16:38 - [MESSAGE][PASSED] - Dragged object with id 'Object Repository/Form_Selection_Creation/formDesign_SelectSection' to object with id 'TestObject - 'Object Repository/Form_Selection_Creation/default_area'' successfully

2018-11-21 13:16:38 - [TEST_STEP][PASSED] - setText: Text 'This is a Section' is set on object 'Object Repository/Form_Selection_Creation/formDesign_SectionName'

2018-11-21 13:16:38 - [MESSAGE][PASSED] - Text 'This is a Section' is set on object 'Object Repository/Form_Selection_Creation/formDesign_SectionName'

2018-11-21 13:16:38 - [TEST_STEP][PASSED] - Statement - java.lang.Thread.sleep(2000): null

2018-11-21 13:16:40 - [TEST_STEP][PASSED] - dragAndDropToObject: Dragged object with id 'Object Repository/Form_Selection_Creation/formDesign_SelectFieldgroup' to object with id 'TestObject - 'Object Repository/Form_Selection_Creation/section_area'' successfully

2018-11-21 13:16:41 - [MESSAGE][PASSED] - Dragged object with id 'Object Repository/Form_Selection_Creation/formDesign_SelectFieldgroup' to object with id 'TestObject - 'Object Repository/Form_Selection_Creation/section_area'' successfully

2018-11-21 13:16:41 - [TEST_STEP][PASSED] - setText: Text 'This is Field Group' is set on object 'Object Repository/Form_Selection_Creation/formDesign_FieldGroupName'

2018-11-21 13:16:42 - [MESSAGE][PASSED] - Text 'This is Field Group' is set on object 'Object Repository/Form_Selection_Creation/formDesign_FieldGroupName'

2018-11-21 13:16:42 - [TEST_STEP][PASSED] - Statement - java.lang.Thread.sleep(2000): null

2018-11-21 13:16:44 - [TEST_STEP][PASSED] - dragAndDropToObject: Dragged object with id 'Object Repository/Form_Selection_Creation/formDesign_SelectFree Text' to object with id 'TestObject - 'Object Repository/Form_Selection_Creation/group_area'' successfully

2018-11-21 13:16:45 - [MESSAGE][PASSED] - Dragged object with id 'Object Repository/Form_Selection_Creation/formDesign_SelectFree Text' to object with id 'TestObject - 'Object Repository/Form_Selection_Creation/group_area'' successfully

2018-11-21 13:16:45 - [TEST_STEP][PASSED] - setText: Text 'This is Free Text' is set on object 'Object Repository/Form_Selection_Creation/formDesign_FreetextName'

2018-11-21 13:16:45 - [MESSAGE][PASSED] - Text 'This is Free Text' is set on object 'Object Repository/Form_Selection_Creation/formDesign_FreetextName'

2018-11-21 13:16:45 - [TEST_STEP][PASSED] - Statement - java.lang.Thread.sleep(2000): null

2018-11-21 13:16:47 - [TEST_STEP][PASSED] - dragAndDropToObject: Dragged object with id 'Object Repository/Form_Selection_Creation/formDesign_SelectParagraphText' to object with id 'TestObject - 'Object Repository/Form_Selection_Creation/group_area'' successfully

2018-11-21 13:16:48 - [MESSAGE][PASSED] - Dragged object with id 'Object Repository/Form_Selection_Creation/formDesign_SelectParagraphText' to object with id 'TestObject - 'Object Repository/Form_Selection_Creation/group_area'' successfully

2018-11-21 13:16:48 - [TEST_STEP][PASSED] - setText: Text 'This is Paragraph' is set on object 'Object Repository/Form_Selection_Creation/formDesign_ParagraphName'

2018-11-21 13:16:49 - [MESSAGE][PASSED] - Text 'This is Paragraph' is set on object 'Object Repository/Form_Selection_Creation/formDesign_ParagraphName'

2018-11-21 13:16:49 - [TEST_STEP][PASSED] - Statement - java.lang.Thread.sleep(2000): null

2018-11-21 13:16:51 - [TEST_STEP][PASSED] - dragAndDropToObject: Dragged object with id 'Object Repository/Form_Selection_Creation/formDesign_Select_SelectOne' to object with id 'TestObject - 'Object Repository/Form_Selection_Creation/group_area'' successfully

2018-11-21 13:16:52 - [MESSAGE][PASSED] - Dragged object with id 'Object Repository/Form_Selection_Creation/formDesign_Select_SelectOne' to object with id 'TestObject - 'Object Repository/Form_Selection_Creation/group_area'' successfully

2018-11-21 13:16:52 - [TEST_STEP][PASSED] - setText: Text 'This is Select One' is set on object 'Object Repository/Form_Selection_Creation/formDesign_Select_OneName'

2018-11-21 13:16:53 - [MESSAGE][PASSED] - Text 'This is Select One' is set on object 'Object Repository/Form_Selection_Creation/formDesign_Select_OneName'

2018-11-21 13:16:53 - [TEST_STEP][PASSED] - Statement - java.lang.Thread.sleep(3000): null

2018-11-21 13:16:56 - [TEST_STEP][PASSED] - click: Object: 'Object Repository/Form_Selection_Creation/button_Add New' is clicked on

2018-11-21 13:16:56 - [MESSAGE][PASSED] - Object: 'Object Repository/Form_Selection_Creation/button_Add New' is clicked on

2018-11-21 13:16:56 - [TEST_STEP][PASSED] - setText: Text 'Select Option1' is set on object 'Object Repository/Form_Selection_Creation/addSingleValue1'

2018-11-21 13:16:57 - [MESSAGE][PASSED] - Text 'Select Option1' is set on object 'Object Repository/Form_Selection_Creation/addSingleValue1'

2018-11-21 13:16:57 - [TEST_STEP][PASSED] - Statement - java.lang.Thread.sleep(2000): null

2018-11-21 13:16:59 - [TEST_STEP][PASSED] - click: Object: 'Object Repository/Form_Selection_Creation/button_Add New' is clicked on

2018-11-21 13:16:59 - [MESSAGE][PASSED] - Object: 'Object Repository/Form_Selection_Creation/button_Add New' is clicked on

2018-11-21 13:16:59 - [TEST_STEP][PASSED] - setText: Text 'Select Option2' is set on object 'Object Repository/Form_Selection_Creation/addSingleValue2'

2018-11-21 13:16:59 - [MESSAGE][PASSED] - Text 'Select Option2' is set on object 'Object Repository/Form_Selection_Creation/addSingleValue2'

2018-11-21 13:16:59 - [TEST_STEP][PASSED] - Statement - java.lang.Thread.sleep(2000): null

2018-11-21 13:17:01 - [TEST_STEP][PASSED] - dragAndDropToObject: Dragged object with id 'Object Repository/Form_Selection_Creation/formDesign_Select_SelectMultiple' to object with id 'TestObject - 'Object Repository/Form_Selection_Creation/group_area'' successfully

2018-11-21 13:17:02 - [MESSAGE][PASSED] - Dragged object with id 'Object Repository/Form_Selection_Creation/formDesign_Select_SelectMultiple' to object with id 'TestObject - 'Object Repository/Form_Selection_Creation/group_area'' successfully

2018-11-21 13:17:02 - [TEST_STEP][PASSED] - setText: Text 'This is Select Multiple ' is set on object 'Object Repository/Form_Selection_Creation/formDesign_Select_MultipleName'

2018-11-21 13:17:03 - [MESSAGE][PASSED] - Text 'This is Select Multiple ' is set on object 'Object Repository/Form_Selection_Creation/formDesign_Select_MultipleName'

2018-11-21 13:17:03 - [TEST_STEP][PASSED] - Statement - java.lang.Thread.sleep(3000): null

2018-11-21 13:17:06 - [TEST_STEP][PASSED] - click: Object: 'Object Repository/Form_Selection_Creation/button_AddNewMul' is clicked on

2018-11-21 13:17:06 - [MESSAGE][PASSED] - Object: 'Object Repository/Form_Selection_Creation/button_AddNewMul' is clicked on

2018-11-21 13:17:06 - [TEST_STEP][PASSED] - setText: Text 'Multiple Option1' is set on object 'Object Repository/Form_Selection_Creation/addMultipleValue1'

2018-11-21 13:17:07 - [MESSAGE][PASSED] - Text 'Multiple Option1' is set on object 'Object Repository/Form_Selection_Creation/addMultipleValue1'

2018-11-21 13:17:07 - [TEST_STEP][PASSED] - Statement - java.lang.Thread.sleep(2000): null

2018-11-21 13:17:09 - [TEST_STEP][PASSED] - click: Object: 'Object Repository/Form_Selection_Creation/button_AddNewMul' is clicked on

2018-11-21 13:17:09 - [MESSAGE][PASSED] - Object: 'Object Repository/Form_Selection_Creation/button_AddNewMul' is clicked on

2018-11-21 13:17:09 - [TEST_STEP][PASSED] - setText: Text 'Multiple Option2' is set on object 'Object Repository/Form_Selection_Creation/addMultipleValue2'

2018-11-21 13:17:09 - [MESSAGE][PASSED] - Text 'Multiple Option2' is set on object 'Object Repository/Form_Selection_Creation/addMultipleValue2'

2018-11-21 13:17:09 - [TEST_STEP][PASSED] - Statement - java.lang.Thread.sleep(2000): null

2018-11-21 13:17:11 - [TEST_STEP][PASSED] - dragAndDropToObject: Dragged object with id 'Object Repository/Form_Selection_Creation/formDesign_SelectNumeric' to object with id 'TestObject - 'Object Repository/Form_Selection_Creation/group_area'' successfully

2018-11-21 13:17:12 - [MESSAGE][PASSED] - Dragged object with id 'Object Repository/Form_Selection_Creation/formDesign_SelectNumeric' to object with id 'TestObject - 'Object Repository/Form_Selection_Creation/group_area'' successfully

2018-11-21 13:17:12 - [TEST_STEP][PASSED] - setText: Text 'This is Numeric Field.' is set on object 'Object Repository/Form_Selection_Creation/formDesignt_NumericName'

2018-11-21 13:17:13 - [MESSAGE][PASSED] - Text 'This is Numeric Field.' is set on object 'Object Repository/Form_Selection_Creation/formDesignt_NumericName'

2018-11-21 13:17:13 - [TEST_STEP][PASSED] - Statement - java.lang.Thread.sleep(2000): null

2018-11-21 13:17:15 - [TEST_STEP][PASSED] - dragAndDropToObject: Dragged object with id 'Object Repository/Form_Selection_Creation/formDesign_SelectDate' to object with id 'TestObject - 'Object Repository/Form_Selection_Creation/group_area'' successfully

2018-11-21 13:17:16 - [MESSAGE][PASSED] - Dragged object with id 'Object Repository/Form_Selection_Creation/formDesign_SelectDate' to object with id 'TestObject - 'Object Repository/Form_Selection_Creation/group_area'' successfully

2018-11-21 13:17:16 - [TEST_STEP][PASSED] - setText: Text 'This is Date' is set on object 'Object Repository/Form_Selection_Creation/formDesign_DateName'

2018-11-21 13:17:16 - [MESSAGE][PASSED] - Text 'This is Date' is set on object 'Object Repository/Form_Selection_Creation/formDesign_DateName'

2018-11-21 13:17:16 - [TEST_STEP][PASSED] - Statement - java.lang.Thread.sleep(2000): null

2018-11-21 13:17:18 - [TEST_STEP][PASSED] - dragAndDropToObject: Dragged object with id 'Object Repository/Form_Selection_Creation/formDesign_SelectTime' to object with id 'TestObject - 'Object Repository/Form_Selection_Creation/group_area'' successfully

2018-11-21 13:17:19 - [MESSAGE][PASSED] - Dragged object with id 'Object Repository/Form_Selection_Creation/formDesign_SelectTime' to object with id 'TestObject - 'Object Repository/Form_Selection_Creation/group_area'' successfully

2018-11-21 13:17:19 - [TEST_STEP][PASSED] - setText: Text 'This is Time' is set on object 'Object Repository/Form_Selection_Creation/formDesign_TimeName'

2018-11-21 13:17:20 - [MESSAGE][PASSED] - Text 'This is Time' is set on object 'Object Repository/Form_Selection_Creation/formDesign_TimeName'

2018-11-21 13:17:20 - [TEST_STEP][PASSED] - Statement - java.lang.Thread.sleep(2000): null

2018-11-21 13:17:22 - [TEST_STEP][PASSED] - dragAndDropToObject: Dragged object with id 'Object Repository/Form_Selection_Creation/formDesign_SelectDateTime' to object with id 'TestObject - 'Object Repository/Form_Selection_Creation/group_area'' successfully

2018-11-21 13:17:23 - [MESSAGE][PASSED] - Dragged object with id 'Object Repository/Form_Selection_Creation/formDesign_SelectDateTime' to object with id 'TestObject - 'Object Repository/Form_Selection_Creation/group_area'' successfully

2018-11-21 13:17:23 - [TEST_STEP][PASSED] - setText: Text 'This is Date-Time' is set on object 'Object Repository/Form_Selection_Creation/formDesign_DateTimeName'

2018-11-21 13:17:23 - [MESSAGE][PASSED] - Text 'This is Date-Time' is set on object 'Object Repository/Form_Selection_Creation/formDesign_DateTimeName'

2018-11-21 13:17:23 - [TEST_STEP][PASSED] - Statement - java.lang.Thread.sleep(2000): null

2018-11-21 13:17:25 - [TEST_STEP][PASSED] - click: Object: 'Object Repository/Form_Selection_Creation/formCreation_NextToDesignForm' is clicked on

2018-11-21 13:17:25 - [MESSAGE][PASSED] - Object: 'Object Repository/Form_Selection_Creation/formCreation_NextToDesignForm' is clicked on

2018-11-21 13:17:25 - [TEST_STEP][PASSED] - Statement - java.lang.Thread.sleep(7000): null

2018-11-21 13:17:32 - [TEST_STEP][PASSED] - click: Object: 'Object Repository/Form_Selection_Creation/div_Preview             Form1' is clicked on

2018-11-21 13:17:33 - [MESSAGE][PASSED] - Object: 'Object Repository/Form_Selection_Creation/div_Preview             Form1' is clicked on

2018-11-21 13:17:33 - [TEST_STEP][PASSED] - Statement - java.lang.Thread.sleep(5000): null

2018-11-21 13:17:38 - [TEST_STEP][PASSED] - click: Object: 'Object Repository/Form_Selection_Creation/button_Release' is clicked on

2018-11-21 13:17:38 - [MESSAGE][PASSED] - Object: 'Object Repository/Form_Selection_Creation/button_Release' is clicked on

2018-11-21 13:17:38 - [TEST_STEP][PASSED] - Statement - java.lang.Thread.sleep(4000): null]]></system-out>
         <system-err><![CDATA[]]></system-err>
      </testcase>
      <testcase name="Test Cases/Forms/CheckForm/2_FormSubmission" classname="Test Cases/Forms/CheckForm/2_FormSubmission" status="PASSED">
         <system-out><![CDATA[2018-11-21 13:17:42 - [TEST_CASE][PASSED] - Test Cases/Forms/CheckForm/2_FormSubmission: Test Cases/Forms/CheckForm/2_FormSubmission

2018-11-21 13:17:42 - [TEST_STEP][PASSED] - openBrowser: Browser is opened with url: 'https://test2.stage.safetychain.com'

2018-11-21 13:17:42 - [MESSAGE][WARNING] - A browser is already opened. Closing browser and opening a new one

2018-11-21 13:18:20 - [MESSAGE][PASSED] - Browser is opened with url: 'https://test2.stage.safetychain.com'

2018-11-21 13:18:20 - [TEST_STEP][PASSED] - maximizeWindow: Current window maximized

2018-11-21 13:18:21 - [MESSAGE][PASSED] - Current window maximized

2018-11-21 13:18:21 - [TEST_STEP][PASSED] - Statement - driver = com.kms.katalon.core.webui.driver.DriverFactory.getWebDriver(): null

2018-11-21 13:18:21 - [TEST_STEP][PASSED] - Statement - java.lang.Thread.sleep(3000): null

2018-11-21 13:18:24 - [TEST_STEP][PASSED] - setText: Text 'superadmin' is set on object 'Object Repository/FormTab/login_Username'

2018-11-21 13:18:26 - [MESSAGE][PASSED] - Text 'superadmin' is set on object 'Object Repository/FormTab/login_Username'

2018-11-21 13:18:26 - [TEST_STEP][PASSED] - setText: Text 'sliptest23772boot' is set on object 'Object Repository/FormTab/login_Password'

2018-11-21 13:18:26 - [MESSAGE][PASSED] - Text 'sliptest23772boot' is set on object 'Object Repository/FormTab/login_Password'

2018-11-21 13:18:26 - [TEST_STEP][PASSED] - click: Object: 'Object Repository/FormTab/login_Button' is clicked on

2018-11-21 13:18:28 - [MESSAGE][PASSED] - Object: 'Object Repository/FormTab/login_Button' is clicked on

2018-11-21 13:18:28 - [TEST_STEP][PASSED] - Statement - java.lang.Thread.sleep(8000): null

2018-11-21 13:18:36 - [TEST_STEP][PASSED] - click: Object: 'Object Repository/FormTab/form_Tab' is clicked on

2018-11-21 13:18:36 - [MESSAGE][PASSED] - Object: 'Object Repository/FormTab/form_Tab' is clicked on

2018-11-21 13:18:36 - [TEST_STEP][PASSED] - Statement - java.lang.Thread.sleep(5000): null

2018-11-21 13:18:41 - [TEST_STEP][NOT_RUN] - click: NOT_RUN: click

2018-11-21 13:18:41 - [MESSAGE][NOT_RUN] - NOT_RUN: click

2018-11-21 13:18:41 - [TEST_STEP][NOT_RUN] - Statement - java.lang.Thread.sleep(3000): NOT_RUN: Statement - java.lang.Thread.sleep(3000)

2018-11-21 13:18:41 - [MESSAGE][NOT_RUN] - NOT_RUN: Statement - java.lang.Thread.sleep(3000)

2018-11-21 13:18:41 - [TEST_STEP][NOT_RUN] - waitForElementNotVisible: NOT_RUN: waitForElementNotVisible

2018-11-21 13:18:41 - [MESSAGE][NOT_RUN] - NOT_RUN: waitForElementNotVisible

2018-11-21 13:18:41 - [TEST_STEP][NOT_RUN] - click: NOT_RUN: click

2018-11-21 13:18:41 - [MESSAGE][NOT_RUN] - NOT_RUN: click

2018-11-21 13:18:41 - [TEST_STEP][NOT_RUN] - Statement - java.lang.Thread.sleep(7000): NOT_RUN: Statement - java.lang.Thread.sleep(7000)

2018-11-21 13:18:41 - [MESSAGE][NOT_RUN] - NOT_RUN: Statement - java.lang.Thread.sleep(7000)

2018-11-21 13:18:41 - [TEST_STEP][NOT_RUN] - FormName.fillFormName: NOT_RUN: FormName.fillFormName

2018-11-21 13:18:41 - [MESSAGE][NOT_RUN] - NOT_RUN: FormName.fillFormName

2018-11-21 13:18:41 - [TEST_STEP][PASSED] - click: Object: 'Object Repository/FormTab/options' is clicked on

2018-11-21 13:18:42 - [MESSAGE][PASSED] - Object: 'Object Repository/FormTab/options' is clicked on

2018-11-21 13:18:42 - [TEST_STEP][PASSED] - Statement - java.lang.Thread.sleep(2000): null

2018-11-21 13:18:44 - [TEST_STEP][PASSED] - mouseOver: Object: 'Object Repository/FormTab/filterOption' is hovered

2018-11-21 13:18:44 - [MESSAGE][PASSED] - Object: 'Object Repository/FormTab/filterOption' is hovered

2018-11-21 13:18:44 - [TEST_STEP][PASSED] - Statement - java.lang.Thread.sleep(2000): null

2018-11-21 13:18:46 - [TEST_STEP][PASSED] - FormName.filterFormName: FormName.filterFormName is PASSED

2018-11-21 13:18:46 - [MESSAGE][PASSED] - FormName.filterFormName is PASSED

2018-11-21 13:18:46 - [TEST_STEP][PASSED] - Statement - java.lang.Thread.sleep(2000): null

2018-11-21 13:18:48 - [TEST_STEP][PASSED] - click: Object: 'Object Repository/FormTab/filterButton' is clicked on

2018-11-21 13:18:49 - [MESSAGE][PASSED] - Object: 'Object Repository/FormTab/filterButton' is clicked on

2018-11-21 13:18:49 - [TEST_STEP][PASSED] - Statement - java.lang.Thread.sleep(4000): null

2018-11-21 13:18:53 - [TEST_STEP][PASSED] - click: Object: 'Object Repository/FormTab/selectForm' is clicked on

2018-11-21 13:18:53 - [MESSAGE][PASSED] - Object: 'Object Repository/FormTab/selectForm' is clicked on

2018-11-21 13:18:53 - [TEST_STEP][PASSED] - Statement - java.lang.Thread.sleep(4000): null

2018-11-21 13:18:57 - [TEST_STEP][PASSED] - click: Object: 'Object Repository/FormTab/fillForm_OpenLocationOption' is clicked on

2018-11-21 13:18:57 - [MESSAGE][PASSED] - Object: 'Object Repository/FormTab/fillForm_OpenLocationOption' is clicked on

2018-11-21 13:18:57 - [TEST_STEP][PASSED] - Statement - java.lang.Thread.sleep(2000): null

2018-11-21 13:18:59 - [TEST_STEP][PASSED] - click: Object: 'Object Repository/FormTab/fillForm_SelectLocation' is clicked on

2018-11-21 13:18:59 - [MESSAGE][PASSED] - Object: 'Object Repository/FormTab/fillForm_SelectLocation' is clicked on

2018-11-21 13:18:59 - [TEST_STEP][PASSED] - Statement - java.lang.Thread.sleep(4000): null

2018-11-21 13:19:03 - [TEST_STEP][PASSED] - click: Object: 'Object Repository/FormTab/fillForm_OpenResourceOption' is clicked on

2018-11-21 13:19:03 - [MESSAGE][PASSED] - Object: 'Object Repository/FormTab/fillForm_OpenResourceOption' is clicked on

2018-11-21 13:19:03 - [TEST_STEP][PASSED] - Statement - java.lang.Thread.sleep(4000): null

2018-11-21 13:19:07 - [TEST_STEP][PASSED] - click: Object: 'Object Repository/FormTab/fillForm_SelectResource' is clicked on

2018-11-21 13:19:08 - [MESSAGE][PASSED] - Object: 'Object Repository/FormTab/fillForm_SelectResource' is clicked on

2018-11-21 13:19:08 - [TEST_STEP][PASSED] - Statement - java.lang.Thread.sleep(4000): null

2018-11-21 13:19:12 - [TEST_STEP][PASSED] - setText: Text 'MyText' is set on object 'Object Repository/FormTab/fillForm_FreeSingleText'

2018-11-21 13:19:12 - [MESSAGE][PASSED] - Text 'MyText' is set on object 'Object Repository/FormTab/fillForm_FreeSingleText'

2018-11-21 13:19:12 - [TEST_STEP][PASSED] - setText: Text 'MyParagraph' is set on object 'Object Repository/FormTab/fillForm_ParagraphText'

2018-11-21 13:19:12 - [MESSAGE][PASSED] - Text 'MyParagraph' is set on object 'Object Repository/FormTab/fillForm_ParagraphText'

2018-11-21 13:19:12 - [TEST_STEP][PASSED] - Statement - java.lang.Thread.sleep(3000): null

2018-11-21 13:19:15 - [TEST_STEP][PASSED] - setText: Text 'Select Option1' is set on object 'Object Repository/FormTab/fillForm_SelectOneOption'

2018-11-21 13:19:15 - [MESSAGE][PASSED] - Text 'Select Option1' is set on object 'Object Repository/FormTab/fillForm_SelectOneOption'

2018-11-21 13:19:15 - [TEST_STEP][PASSED] - Statement - java.lang.Thread.sleep(3000): null

2018-11-21 13:19:18 - [TEST_STEP][PASSED] - Statement - driver.findElement(org.openqa.selenium.By.xpath("//*[@id='scs-form-level']/div/div/div/div/div/div/div[4]/div/field-template/div/div/div/div/span/span/input")).sendKeys(ENTER): null

2018-11-21 13:19:18 - [TEST_STEP][PASSED] - Statement - java.lang.Thread.sleep(3000): null

2018-11-21 13:19:21 - [TEST_STEP][PASSED] - setText: Text 'Multiple Option1' is set on object 'Object Repository/FormTab/fillForm_SelectMultipleOption'

2018-11-21 13:19:22 - [MESSAGE][PASSED] - Text 'Multiple Option1' is set on object 'Object Repository/FormTab/fillForm_SelectMultipleOption'

2018-11-21 13:19:22 - [TEST_STEP][PASSED] - Statement - java.lang.Thread.sleep(3000): null

2018-11-21 13:19:25 - [TEST_STEP][PASSED] - Statement - driver.findElement(org.openqa.selenium.By.xpath("//*[@id='scs-form-level']/div/div/div/div/div/div/div[5]/div/field-template/div/div/div/div/div/div/input")).sendKeys(ENTER): null

2018-11-21 13:19:25 - [TEST_STEP][PASSED] - Statement - java.lang.Thread.sleep(3000): null

2018-11-21 13:19:28 - [TEST_STEP][PASSED] - click: Object: 'Object Repository/FormTab/fillForm_SelectMultipleOption' is clicked on

2018-11-21 13:19:28 - [MESSAGE][PASSED] - Object: 'Object Repository/FormTab/fillForm_SelectMultipleOption' is clicked on

2018-11-21 13:19:28 - [TEST_STEP][PASSED] - Statement - java.lang.Thread.sleep(4000): null

2018-11-21 13:19:32 - [TEST_STEP][PASSED] - Statement - driver.findElement(org.openqa.selenium.By.xpath("//*[@id='scs-form-level']/div/div/div/div[2]/div/div/div[6]/div/field-template/div/div[2]/div/div/span[1]/span/input[1]")).sendKeys("9"): null

2018-11-21 13:19:32 - [TEST_STEP][PASSED] - setText: Text '10/18/2018' is set on object 'Object Repository/FormTab/fillForm_DateText'

2018-11-21 13:19:32 - [MESSAGE][PASSED] - Text '10/18/2018' is set on object 'Object Repository/FormTab/fillForm_DateText'

2018-11-21 13:19:32 - [TEST_STEP][PASSED] - setText: Text '9:00 AM' is set on object 'Object Repository/FormTab/fillForm_TimeText'

2018-11-21 13:19:33 - [MESSAGE][PASSED] - Text '9:00 AM' is set on object 'Object Repository/FormTab/fillForm_TimeText'

2018-11-21 13:19:33 - [TEST_STEP][PASSED] - setText: Text '10/18/2018 9:00 AM' is set on object 'Object Repository/FormTab/fillForm_DateTimeText'

2018-11-21 13:19:33 - [MESSAGE][PASSED] - Text '10/18/2018 9:00 AM' is set on object 'Object Repository/FormTab/fillForm_DateTimeText'

2018-11-21 13:19:33 - [TEST_STEP][PASSED] - click: Object: 'Object Repository/FormTab/fillForm_SubmitButton' is clicked on

2018-11-21 13:19:33 - [MESSAGE][PASSED] - Object: 'Object Repository/FormTab/fillForm_SubmitButton' is clicked on

2018-11-21 13:19:33 - [TEST_STEP][PASSED] - Statement - java.lang.Thread.sleep(2000): null

2018-11-21 13:19:35 - [TEST_STEP][PASSED] - click: Object: 'Object Repository/FormTab/fillForm_SubmissionOkButton' is clicked on

2018-11-21 13:19:35 - [MESSAGE][PASSED] - Object: 'Object Repository/FormTab/fillForm_SubmissionOkButton' is clicked on

2018-11-21 13:19:35 - [TEST_STEP][PASSED] - Statement - java.lang.Thread.sleep(4000): null]]></system-out>
         <system-err><![CDATA[]]></system-err>
      </testcase>
      <testcase name="Test Cases/Forms/CheckForm/3_VerifyingRecord" classname="Test Cases/Forms/CheckForm/3_VerifyingRecord" status="PASSED">
         <system-out><![CDATA[2018-11-21 13:19:39 - [TEST_CASE][PASSED] - Test Cases/Forms/CheckForm/3_VerifyingRecord: Test Cases/Forms/CheckForm/3_VerifyingRecord

2018-11-21 13:19:39 - [TEST_STEP][NOT_RUN] - openBrowser: NOT_RUN: openBrowser

2018-11-21 13:19:39 - [MESSAGE][NOT_RUN] - NOT_RUN: openBrowser

2018-11-21 13:19:39 - [TEST_STEP][NOT_RUN] - maximizeWindow: NOT_RUN: maximizeWindow

2018-11-21 13:19:39 - [MESSAGE][NOT_RUN] - NOT_RUN: maximizeWindow

2018-11-21 13:19:39 - [TEST_STEP][NOT_RUN] - setText: NOT_RUN: setText

2018-11-21 13:19:39 - [MESSAGE][NOT_RUN] - NOT_RUN: setText

2018-11-21 13:19:39 - [TEST_STEP][NOT_RUN] - setText: NOT_RUN: setText

2018-11-21 13:19:39 - [MESSAGE][NOT_RUN] - NOT_RUN: setText

2018-11-21 13:19:39 - [TEST_STEP][NOT_RUN] - click: NOT_RUN: click

2018-11-21 13:19:39 - [MESSAGE][NOT_RUN] - NOT_RUN: click

2018-11-21 13:19:39 - [TEST_STEP][PASSED] - Statement - java.lang.Thread.sleep(8000): null

2018-11-21 13:19:47 - [TEST_STEP][PASSED] - click: Object: 'Object Repository/Record/record_Tab' is clicked on

2018-11-21 13:19:48 - [MESSAGE][PASSED] - Object: 'Object Repository/Record/record_Tab' is clicked on

2018-11-21 13:19:48 - [TEST_STEP][PASSED] - Statement - java.lang.Thread.sleep(5000): null

2018-11-21 13:19:53 - [TEST_STEP][PASSED] - click: Object: 'Object Repository/FormTab/clickToViewMoreOption' is clicked on

2018-11-21 13:19:53 - [MESSAGE][PASSED] - Object: 'Object Repository/FormTab/clickToViewMoreOption' is clicked on

2018-11-21 13:19:53 - [TEST_STEP][PASSED] - Statement - java.lang.Thread.sleep(4000): null

2018-11-21 13:19:57 - [TEST_STEP][PASSED] - waitForElementNotVisible: Object 'Object Repository/FormTab/select500_Form' is visible after 5 second(s)

2018-11-21 13:20:02 - [MESSAGE][WARNING] - Object 'Object Repository/FormTab/select500_Form' is visible after 5 second(s)

2018-11-21 13:20:02 - [TEST_STEP][PASSED] - click: Object: 'Object Repository/FormTab/select500_Form' is clicked on

2018-11-21 13:20:02 - [MESSAGE][PASSED] - Object: 'Object Repository/FormTab/select500_Form' is clicked on

2018-11-21 13:20:02 - [TEST_STEP][PASSED] - Statement - java.lang.Thread.sleep(7000): null

2018-11-21 13:20:09 - [TEST_STEP][PASSED] - FormName.recordFormName: FormName.recordFormName is PASSED

2018-11-21 13:20:10 - [MESSAGE][PASSED] - FormName.recordFormName is PASSED

2018-11-21 13:20:10 - [TEST_STEP][PASSED] - Statement - java.lang.Thread.sleep(4000): null]]></system-out>
         <system-err><![CDATA[]]></system-err>
      </testcase>
      <system-out><![CDATA[2018-11-21 13:15:30 - [TEST_SUITE][PASSED] - Check_Form: Test Cases/Forms/CheckForm/3_VerifyingRecord]]></system-out>
      <system-err><![CDATA[]]></system-err>
   </testsuite>
</testsuites>
