<?xml version="1.0" encoding="UTF-8"?>
<testsuites name="Data Security" time="3" tests="0" failures="0" errors="0">
   <testsuite name="Data Security" tests="0" failures="0" errors="0" time="3" timestamp="2019-01-23 17:07:23" hostname="pashine_a - Abhishek-Pashine.India.XoriantCorp.com" id="Test Suites/Data Security">
      <properties>
         <property name="deviceName" value=""/>
         <property name="devicePlatform" value=""/>
         <property name="logFolder" value="D:\\Git Data\\SafetyChain-Test-Automation-Katalon\\Reports\\Data Security\\20190123_170715"/>
         <property name="logFiles" value="D:\\Git Data\\SafetyChain-Test-Automation-Katalon\\Reports\\Data Security\\20190123_170715\\execution0.log"/>
         <property name="attachments" value=""/>
         <property name="hostName" value="pashine_a - Abhishek-Pashine.India.XoriantCorp.com"/>
         <property name="hostAddress" value="10.21.7.147"/>
         <property name="os" value="Windows 7 64bit"/>
         <property name="katalonVersion" value="5.10.1.1"/>
      </properties>
      <testcase name="Test Cases/Data-Security/Create_Location" classname="Test Cases/Data-Security/Create_Location" status="INCOMPLETE">
         <system-out><![CDATA[2019-01-23 17:07:23 - [TEST_CASE][INCOMPLETE] - Test Cases/Data-Security/Create_Location: null

2019-01-23 17:07:25 - [TEST_STEP][INCOMPLETE] - openBrowser(URL): Action delay is set to 0 seconds

2019-01-23 17:07:25 - [MESSAGE][INFO] - Starting 'Firefox' driver

2019-01-23 17:07:26 - [MESSAGE][INFO] - Action delay is set to 0 seconds]]></system-out>
         <system-err><![CDATA[2019-01-23 17:07:23 - [TEST_CASE][INCOMPLETE] - Test Cases/Data-Security/Create_Location: null]]></system-err>
      </testcase>
      <system-out><![CDATA[2019-01-23 17:07:23 - [TEST_SUITE][INCOMPLETE] - Data Security: null]]></system-out>
      <system-err><![CDATA[2019-01-23 17:07:23 - [TEST_SUITE][INCOMPLETE] - Data Security: null]]></system-err>
   </testsuite>
</testsuites>
