<?xml version="1.0" encoding="UTF-8"?>
<testsuites name="TestSupplier" time="1633" tests="12" failures="0" errors="0">
   <testsuite name="TestSupplier" tests="12" failures="0" errors="0" time="1633" timestamp="2019-02-28 16:02:44" hostname="pashine_a - Abhishek-Pashine.India.XoriantCorp.com" id="Test Suites/TestSupplier">
      <properties>
         <property name="deviceName" value=""/>
         <property name="devicePlatform" value=""/>
         <property name="logFolder" value="D:\\Git Data\\SafetyChain-Test-Automation-Katalon\\Reports\\TestSupplier\\20190228_160241"/>
         <property name="logFiles" value="D:\\Git Data\\SafetyChain-Test-Automation-Katalon\\Reports\\TestSupplier\\20190228_160241\\execution0.log"/>
         <property name="attachments" value=""/>
         <property name="hostName" value="pashine_a - Abhishek-Pashine.India.XoriantCorp.com"/>
         <property name="os" value="Windows 7 64bit"/>
         <property name="katalonVersion" value="5.10.1.1"/>
         <property name="browser" value="Chrome 72.0.3626.119"/>
         <property name="hostAddress" value="10.21.7.147"/>
         <property name="sessionId" value="1116535782464ecd3f936a25d0250010"/>
         <property name="seleniumVersion" value="3.7.1"/>
         <property name="proxyInformation" value="ProxyInformation{proxyOption=NO_PROXY, proxyServerType=HTTP, password=, proxyServerAddress=, proxyServerPort=0}"/>
         <property name="platform" value="Windows 7"/>
      </properties>
      <testcase name="Test Cases/SupplierFlow/1_CreateForm" classname="Test Cases/SupplierFlow/1_CreateForm" status="PASSED">
         <system-out><![CDATA[2019-02-28 16:02:44 - [TEST_CASE][PASSED] - Test Cases/SupplierFlow/1_CreateForm: Test Cases/SupplierFlow/1_CreateForm

2019-02-28 16:02:45 - [TEST_STEP][PASSED] - openBrowser(URL): Browser is opened with url: 'https://test2.stage.safetychain.com'

2019-02-28 16:02:46 - [MESSAGE][INFO] - Starting 'Chrome' driver

2019-02-28 16:02:46 - [MESSAGE][INFO] - Action delay is set to 0 seconds

2019-02-28 16:03:58 - [MESSAGE][PASSED] - Browser is opened with url: 'https://test2.stage.safetychain.com'

2019-02-28 16:03:58 - [TEST_STEP][PASSED] - maximizeWindow(): Current window maximized

2019-02-28 16:03:59 - [MESSAGE][PASSED] - Current window maximized

2019-02-28 16:03:59 - [TEST_STEP][PASSED] - setText(findTestObject("Form_Selection_Creation/login_Username"), UserName): Text 'tester' is set on object 'Object Repository/Form_Selection_Creation/login_Username'

2019-02-28 16:04:02 - [MESSAGE][PASSED] - Text 'tester' is set on object 'Object Repository/Form_Selection_Creation/login_Username'

2019-02-28 16:04:02 - [TEST_STEP][PASSED] - setText(findTestObject("Form_Selection_Creation/login_Password"), Password): Text 'TestSt@ge' is set on object 'Object Repository/Form_Selection_Creation/login_Password'

2019-02-28 16:04:02 - [MESSAGE][PASSED] - Text 'TestSt@ge' is set on object 'Object Repository/Form_Selection_Creation/login_Password'

2019-02-28 16:04:02 - [TEST_STEP][PASSED] - FormName.setData1(): FormName.setData1 is PASSED

2019-02-28 16:04:03 - [MESSAGE][PASSED] - FormName.setData1 is PASSED

2019-02-28 16:04:03 - [TEST_STEP][PASSED] - click(findTestObject("Form_Selection_Creation/login_Button")): Object: 'Object Repository/Form_Selection_Creation/login_Button' is clicked on

2019-02-28 16:04:04 - [MESSAGE][PASSED] - Object: 'Object Repository/Form_Selection_Creation/login_Button' is clicked on

2019-02-28 16:04:04 - [TEST_STEP][PASSED] - Thread.sleep(3000): null

2019-02-28 16:04:07 - [TEST_STEP][PASSED] - click(findTestObject("Form_Selection_Creation/mainMenu_Button")): Object: 'Object Repository/Form_Selection_Creation/mainMenu_Button' is clicked on

2019-02-28 16:04:10 - [MESSAGE][PASSED] - Object: 'Object Repository/Form_Selection_Creation/mainMenu_Button' is clicked on

2019-02-28 16:04:10 - [TEST_STEP][PASSED] - click(findTestObject("Form_Selection_Creation/mainMenu_AdminTools")): Object: 'Object Repository/Form_Selection_Creation/mainMenu_AdminTools' is clicked on

2019-02-28 16:04:10 - [MESSAGE][PASSED] - Object: 'Object Repository/Form_Selection_Creation/mainMenu_AdminTools' is clicked on

2019-02-28 16:04:10 - [TEST_STEP][PASSED] - AdminTool_Location.moveCursor(): AdminTool_Location.moveCursor is PASSED

2019-02-28 16:04:10 - [MESSAGE][PASSED] - AdminTool_Location.moveCursor is PASSED

2019-02-28 16:04:10 - [TEST_STEP][PASSED] - Thread.sleep(2000): null

2019-02-28 16:04:12 - [TEST_STEP][PASSED] - click(findTestObject("Form_Selection_Creation/mainMenu_AdminTools_FormDesigner")): Object: 'Object Repository/Form_Selection_Creation/mainMenu_AdminTools_FormDesigner' is clicked on

2019-02-28 16:04:12 - [MESSAGE][PASSED] - Object: 'Object Repository/Form_Selection_Creation/mainMenu_AdminTools_FormDesigner' is clicked on

2019-02-28 16:04:12 - [TEST_STEP][PASSED] - Thread.sleep(2000): null

2019-02-28 16:04:14 - [TEST_STEP][PASSED] - click(findTestObject("Form_Selection_Creation/selectQuestionaireForm")): Object: 'Object Repository/Form_Selection_Creation/selectQuestionaireForm' is clicked on

2019-02-28 16:04:14 - [MESSAGE][PASSED] - Object: 'Object Repository/Form_Selection_Creation/selectQuestionaireForm' is clicked on

2019-02-28 16:04:14 - [TEST_STEP][PASSED] - Thread.sleep(3000): null

2019-02-28 16:04:17 - [TEST_STEP][PASSED] - dragAndDropToObject(findTestObject("Form_Selection_Creation/formDesign_selectResource"), findTestObject("Form_Selection_Creation/Target_Res_Object")): Dragged object with id 'Object Repository/Form_Selection_Creation/formDesign_selectResource' to object with id 'TestObject - 'Object Repository/Form_Selection_Creation/Target_Res_Object'' successfully

2019-02-28 16:04:18 - [MESSAGE][PASSED] - Dragged object with id 'Object Repository/Form_Selection_Creation/formDesign_selectResource' to object with id 'TestObject - 'Object Repository/Form_Selection_Creation/Target_Res_Object'' successfully

2019-02-28 16:04:18 - [TEST_STEP][PASSED] - Thread.sleep(6000): null

2019-02-28 16:04:24 - [TEST_STEP][PASSED] - click(findTestObject("Form_Selection_Creation/formCreation_NextToDesignForm")): Object: 'Object Repository/Form_Selection_Creation/formCreation_NextToDesignForm' is clicked on

2019-02-28 16:04:24 - [MESSAGE][PASSED] - Object: 'Object Repository/Form_Selection_Creation/formCreation_NextToDesignForm' is clicked on

2019-02-28 16:04:24 - [TEST_STEP][PASSED] - Thread.sleep(4000): null

2019-02-28 16:04:28 - [TEST_STEP][PASSED] - FormName.createForm(findTestObject("Form_Selection_Creation/formDesign_FormName")): FormName.createForm is PASSED

2019-02-28 16:04:29 - [MESSAGE][PASSED] - FormName.createForm is PASSED

2019-02-28 16:04:29 - [TEST_STEP][PASSED] - Thread.sleep(2000): null

2019-02-28 16:04:31 - [TEST_STEP][PASSED] - dragAndDropToObject(findTestObject("Form_Selection_Creation/formDesign_SelectSection"), findTestObject("Form_Selection_Creation/default_area")): Dragged object with id 'Object Repository/Form_Selection_Creation/formDesign_SelectSection' to object with id 'TestObject - 'Object Repository/Form_Selection_Creation/default_area'' successfully

2019-02-28 16:04:32 - [MESSAGE][PASSED] - Dragged object with id 'Object Repository/Form_Selection_Creation/formDesign_SelectSection' to object with id 'TestObject - 'Object Repository/Form_Selection_Creation/default_area'' successfully

2019-02-28 16:04:32 - [TEST_STEP][PASSED] - setText(findTestObject("Form_Selection_Creation/formDesign_SectionName_text"), "This is Section "): Text 'This is Section ' is set on object 'Object Repository/Form_Selection_Creation/formDesign_SectionName_text'

2019-02-28 16:04:32 - [MESSAGE][PASSED] - Text 'This is Section ' is set on object 'Object Repository/Form_Selection_Creation/formDesign_SectionName_text'

2019-02-28 16:04:32 - [TEST_STEP][PASSED] - Thread.sleep(2000): null

2019-02-28 16:04:34 - [TEST_STEP][PASSED] - dragAndDropToObject(findTestObject("Form_Selection_Creation/formDesign_SelectFieldgroup"), findTestObject("Form_Selection_Creation/section_area")): Dragged object with id 'Object Repository/Form_Selection_Creation/formDesign_SelectFieldgroup' to object with id 'TestObject - 'Object Repository/Form_Selection_Creation/section_area'' successfully

2019-02-28 16:04:35 - [MESSAGE][PASSED] - Dragged object with id 'Object Repository/Form_Selection_Creation/formDesign_SelectFieldgroup' to object with id 'TestObject - 'Object Repository/Form_Selection_Creation/section_area'' successfully

2019-02-28 16:04:35 - [TEST_STEP][PASSED] - setText(findTestObject("Form_Selection_Creation/formDesign_FieldGroupName_text"), "This is Field Group "): Text 'This is Field Group ' is set on object 'Object Repository/Form_Selection_Creation/formDesign_FieldGroupName_text'

2019-02-28 16:04:35 - [MESSAGE][PASSED] - Text 'This is Field Group ' is set on object 'Object Repository/Form_Selection_Creation/formDesign_FieldGroupName_text'

2019-02-28 16:04:35 - [TEST_STEP][PASSED] - Thread.sleep(2000): null

2019-02-28 16:04:37 - [TEST_STEP][PASSED] - dragAndDropToObject(findTestObject("Form_Selection_Creation/formDesign_SelectFree Text"), findTestObject("Form_Selection_Creation/group_area")): Dragged object with id 'Object Repository/Form_Selection_Creation/formDesign_SelectFree Text' to object with id 'TestObject - 'Object Repository/Form_Selection_Creation/group_area'' successfully

2019-02-28 16:04:38 - [MESSAGE][PASSED] - Dragged object with id 'Object Repository/Form_Selection_Creation/formDesign_SelectFree Text' to object with id 'TestObject - 'Object Repository/Form_Selection_Creation/group_area'' successfully

2019-02-28 16:04:38 - [TEST_STEP][PASSED] - setText(findTestObject("Form_Selection_Creation/formDesign_SingleLineName_Text"), "This is Single Line Text"): Text 'This is Single Line Text' is set on object 'Object Repository/Form_Selection_Creation/formDesign_SingleLineName_Text'

2019-02-28 16:04:39 - [MESSAGE][PASSED] - Text 'This is Single Line Text' is set on object 'Object Repository/Form_Selection_Creation/formDesign_SingleLineName_Text'

2019-02-28 16:04:39 - [TEST_STEP][PASSED] - Thread.sleep(2000): null

2019-02-28 16:04:41 - [TEST_STEP][PASSED] - dragAndDropToObject(findTestObject("Form_Selection_Creation/formDesign_SelectParagraphText"), findTestObject("Form_Selection_Creation/group_area")): Dragged object with id 'Object Repository/Form_Selection_Creation/formDesign_SelectParagraphText' to object with id 'TestObject - 'Object Repository/Form_Selection_Creation/group_area'' successfully

2019-02-28 16:04:41 - [MESSAGE][PASSED] - Dragged object with id 'Object Repository/Form_Selection_Creation/formDesign_SelectParagraphText' to object with id 'TestObject - 'Object Repository/Form_Selection_Creation/group_area'' successfully

2019-02-28 16:04:41 - [TEST_STEP][PASSED] - setText(findTestObject("Form_Selection_Creation/formDesign_ParagraphName_Text"), "This is Paragraph"): Text 'This is Paragraph' is set on object 'Object Repository/Form_Selection_Creation/formDesign_ParagraphName_Text'

2019-02-28 16:04:42 - [MESSAGE][PASSED] - Text 'This is Paragraph' is set on object 'Object Repository/Form_Selection_Creation/formDesign_ParagraphName_Text'

2019-02-28 16:04:42 - [TEST_STEP][PASSED] - Thread.sleep(2000): null

2019-02-28 16:04:44 - [TEST_STEP][PASSED] - dragAndDropToObject(findTestObject("Form_Selection_Creation/formDesign_Select_SelectOne"), findTestObject("Form_Selection_Creation/group_area")): Dragged object with id 'Object Repository/Form_Selection_Creation/formDesign_Select_SelectOne' to object with id 'TestObject - 'Object Repository/Form_Selection_Creation/group_area'' successfully

2019-02-28 16:04:45 - [MESSAGE][PASSED] - Dragged object with id 'Object Repository/Form_Selection_Creation/formDesign_Select_SelectOne' to object with id 'TestObject - 'Object Repository/Form_Selection_Creation/group_area'' successfully

2019-02-28 16:04:45 - [TEST_STEP][PASSED] - setText(findTestObject("Form_Selection_Creation/formDesign_Select_OneName_text"), "This is Select One"): Text 'This is Select One' is set on object 'Object Repository/Form_Selection_Creation/formDesign_Select_OneName_text'

2019-02-28 16:04:45 - [MESSAGE][PASSED] - Text 'This is Select One' is set on object 'Object Repository/Form_Selection_Creation/formDesign_Select_OneName_text'

2019-02-28 16:04:45 - [TEST_STEP][PASSED] - Thread.sleep(3000): null

2019-02-28 16:04:48 - [TEST_STEP][PASSED] - click(findTestObject("Form_Selection_Creation/button_AddNew1")): Object: 'Object Repository/Form_Selection_Creation/button_AddNew1' is clicked on

2019-02-28 16:04:48 - [MESSAGE][PASSED] - Object: 'Object Repository/Form_Selection_Creation/button_AddNew1' is clicked on

2019-02-28 16:04:48 - [TEST_STEP][PASSED] - setText(findTestObject("Form_Selection_Creation/add1singleValue1"), "SingleOption1"): Text 'SingleOption1' is set on object 'Object Repository/Form_Selection_Creation/add1singleValue1'

2019-02-28 16:04:48 - [MESSAGE][PASSED] - Text 'SingleOption1' is set on object 'Object Repository/Form_Selection_Creation/add1singleValue1'

2019-02-28 16:04:48 - [TEST_STEP][PASSED] - Thread.sleep(2000): null

2019-02-28 16:04:50 - [TEST_STEP][PASSED] - click(findTestObject("Form_Selection_Creation/button_AddNew1")): Object: 'Object Repository/Form_Selection_Creation/button_AddNew1' is clicked on

2019-02-28 16:04:51 - [MESSAGE][PASSED] - Object: 'Object Repository/Form_Selection_Creation/button_AddNew1' is clicked on

2019-02-28 16:04:51 - [TEST_STEP][PASSED] - setText(findTestObject("Form_Selection_Creation/add1singleValue2"), "SingleOption2"): Text 'SingleOption2' is set on object 'Object Repository/Form_Selection_Creation/add1singleValue2'

2019-02-28 16:04:51 - [MESSAGE][PASSED] - Text 'SingleOption2' is set on object 'Object Repository/Form_Selection_Creation/add1singleValue2'

2019-02-28 16:04:51 - [TEST_STEP][PASSED] - Thread.sleep(2000): null

2019-02-28 16:04:53 - [TEST_STEP][PASSED] - dragAndDropToObject(findTestObject("Form_Selection_Creation/formDesign_Select_SelectMultiple"), findTestObject("Form_Selection_Creation/group_area")): Dragged object with id 'Object Repository/Form_Selection_Creation/formDesign_Select_SelectMultiple' to object with id 'TestObject - 'Object Repository/Form_Selection_Creation/group_area'' successfully

2019-02-28 16:04:54 - [MESSAGE][PASSED] - Dragged object with id 'Object Repository/Form_Selection_Creation/formDesign_Select_SelectMultiple' to object with id 'TestObject - 'Object Repository/Form_Selection_Creation/group_area'' successfully

2019-02-28 16:04:54 - [TEST_STEP][PASSED] - setText(findTestObject("Form_Selection_Creation/formDesign_Select_MultipleName_text"), "This is Select Multiple"): Text 'This is Select Multiple' is set on object 'Object Repository/Form_Selection_Creation/formDesign_Select_MultipleName_text'

2019-02-28 16:04:54 - [MESSAGE][PASSED] - Text 'This is Select Multiple' is set on object 'Object Repository/Form_Selection_Creation/formDesign_Select_MultipleName_text'

2019-02-28 16:04:54 - [TEST_STEP][PASSED] - Thread.sleep(3000): null

2019-02-28 16:04:57 - [TEST_STEP][PASSED] - click(findTestObject("Form_Selection_Creation/button_addNewMul1")): Object: 'Object Repository/Form_Selection_Creation/button_addNewMul1' is clicked on

2019-02-28 16:04:57 - [MESSAGE][PASSED] - Object: 'Object Repository/Form_Selection_Creation/button_addNewMul1' is clicked on

2019-02-28 16:04:57 - [TEST_STEP][PASSED] - setText(findTestObject("Form_Selection_Creation/add1MultipleValue1"), "MultipleOption1"): Text 'MultipleOption1' is set on object 'Object Repository/Form_Selection_Creation/add1MultipleValue1'

2019-02-28 16:04:58 - [MESSAGE][PASSED] - Text 'MultipleOption1' is set on object 'Object Repository/Form_Selection_Creation/add1MultipleValue1'

2019-02-28 16:04:58 - [TEST_STEP][PASSED] - Thread.sleep(2000): null

2019-02-28 16:05:00 - [TEST_STEP][PASSED] - click(findTestObject("Form_Selection_Creation/button_addNewMul1")): Object: 'Object Repository/Form_Selection_Creation/button_addNewMul1' is clicked on

2019-02-28 16:05:00 - [MESSAGE][PASSED] - Object: 'Object Repository/Form_Selection_Creation/button_addNewMul1' is clicked on

2019-02-28 16:05:00 - [TEST_STEP][PASSED] - setText(findTestObject("Form_Selection_Creation/add1MultipleValue2"), "MultipleOption2"): Text 'MultipleOption2' is set on object 'Object Repository/Form_Selection_Creation/add1MultipleValue2'

2019-02-28 16:05:00 - [MESSAGE][PASSED] - Text 'MultipleOption2' is set on object 'Object Repository/Form_Selection_Creation/add1MultipleValue2'

2019-02-28 16:05:00 - [TEST_STEP][PASSED] - Thread.sleep(2000): null

2019-02-28 16:05:02 - [TEST_STEP][PASSED] - dragAndDropToObject(findTestObject("Form_Selection_Creation/formDesign_SelectNumeric"), findTestObject("Form_Selection_Creation/group_area")): Dragged object with id 'Object Repository/Form_Selection_Creation/formDesign_SelectNumeric' to object with id 'TestObject - 'Object Repository/Form_Selection_Creation/group_area'' successfully

2019-02-28 16:05:03 - [MESSAGE][PASSED] - Dragged object with id 'Object Repository/Form_Selection_Creation/formDesign_SelectNumeric' to object with id 'TestObject - 'Object Repository/Form_Selection_Creation/group_area'' successfully

2019-02-28 16:05:03 - [TEST_STEP][PASSED] - setText(findTestObject("Form_Selection_Creation/formDesign_NumericName_Text"), "This is a Number"): Text 'This is a Number' is set on object 'Object Repository/Form_Selection_Creation/formDesign_NumericName_Text'

2019-02-28 16:05:03 - [MESSAGE][PASSED] - Text 'This is a Number' is set on object 'Object Repository/Form_Selection_Creation/formDesign_NumericName_Text'

2019-02-28 16:05:03 - [TEST_STEP][PASSED] - Thread.sleep(2000): null

2019-02-28 16:05:05 - [TEST_STEP][PASSED] - dragAndDropToObject(findTestObject("Form_Selection_Creation/formDesign_SelectDate"), findTestObject("Form_Selection_Creation/group_area")): Dragged object with id 'Object Repository/Form_Selection_Creation/formDesign_SelectDate' to object with id 'TestObject - 'Object Repository/Form_Selection_Creation/group_area'' successfully

2019-02-28 16:05:06 - [MESSAGE][PASSED] - Dragged object with id 'Object Repository/Form_Selection_Creation/formDesign_SelectDate' to object with id 'TestObject - 'Object Repository/Form_Selection_Creation/group_area'' successfully

2019-02-28 16:05:06 - [TEST_STEP][PASSED] - setText(findTestObject("Form_Selection_Creation/formDesign_DateName_Text"), "This is a Date"): Text 'This is a Date' is set on object 'Object Repository/Form_Selection_Creation/formDesign_DateName_Text'

2019-02-28 16:05:07 - [MESSAGE][PASSED] - Text 'This is a Date' is set on object 'Object Repository/Form_Selection_Creation/formDesign_DateName_Text'

2019-02-28 16:05:07 - [TEST_STEP][PASSED] - Thread.sleep(2000): null

2019-02-28 16:05:09 - [TEST_STEP][PASSED] - dragAndDropToObject(findTestObject("Form_Selection_Creation/formDesign_SelectTime"), findTestObject("Form_Selection_Creation/group_area")): Dragged object with id 'Object Repository/Form_Selection_Creation/formDesign_SelectTime' to object with id 'TestObject - 'Object Repository/Form_Selection_Creation/group_area'' successfully

2019-02-28 16:05:10 - [MESSAGE][PASSED] - Dragged object with id 'Object Repository/Form_Selection_Creation/formDesign_SelectTime' to object with id 'TestObject - 'Object Repository/Form_Selection_Creation/group_area'' successfully

2019-02-28 16:05:10 - [TEST_STEP][PASSED] - setText(findTestObject("Form_Selection_Creation/formDesign_TimeName_text"), "This is a Time"): Text 'This is a Time' is set on object 'Object Repository/Form_Selection_Creation/formDesign_TimeName_text'

2019-02-28 16:05:10 - [MESSAGE][PASSED] - Text 'This is a Time' is set on object 'Object Repository/Form_Selection_Creation/formDesign_TimeName_text'

2019-02-28 16:05:10 - [TEST_STEP][PASSED] - Thread.sleep(2000): null

2019-02-28 16:05:12 - [TEST_STEP][PASSED] - dragAndDropToObject(findTestObject("Form_Selection_Creation/formDesign_SelectDateTime"), findTestObject("Form_Selection_Creation/group_area")): Dragged object with id 'Object Repository/Form_Selection_Creation/formDesign_SelectDateTime' to object with id 'TestObject - 'Object Repository/Form_Selection_Creation/group_area'' successfully

2019-02-28 16:05:13 - [MESSAGE][PASSED] - Dragged object with id 'Object Repository/Form_Selection_Creation/formDesign_SelectDateTime' to object with id 'TestObject - 'Object Repository/Form_Selection_Creation/group_area'' successfully

2019-02-28 16:05:13 - [TEST_STEP][PASSED] - setText(findTestObject("Form_Selection_Creation/formDesign_DateTimeName_Text"), "This is a Date-Time"): Text 'This is a Date-Time' is set on object 'Object Repository/Form_Selection_Creation/formDesign_DateTimeName_Text'

2019-02-28 16:05:14 - [MESSAGE][PASSED] - Text 'This is a Date-Time' is set on object 'Object Repository/Form_Selection_Creation/formDesign_DateTimeName_Text'

2019-02-28 16:05:14 - [TEST_STEP][PASSED] - Thread.sleep(2000): null

2019-02-28 16:05:16 - [TEST_STEP][PASSED] - click(findTestObject("Form_Selection_Creation/formCreation_NextToDesignForm")): Object: 'Object Repository/Form_Selection_Creation/formCreation_NextToDesignForm' is clicked on

2019-02-28 16:05:16 - [MESSAGE][PASSED] - Object: 'Object Repository/Form_Selection_Creation/formCreation_NextToDesignForm' is clicked on

2019-02-28 16:05:16 - [TEST_STEP][PASSED] - Thread.sleep(7000): null

2019-02-28 16:05:23 - [TEST_STEP][PASSED] - click(findTestObject("Form_Selection_Creation/div_Preview             Form1")): Object: 'Object Repository/Form_Selection_Creation/div_Preview             Form1' is clicked on

2019-02-28 16:05:23 - [MESSAGE][PASSED] - Object: 'Object Repository/Form_Selection_Creation/div_Preview             Form1' is clicked on

2019-02-28 16:05:23 - [TEST_STEP][PASSED] - Thread.sleep(5000): null

2019-02-28 16:05:28 - [TEST_STEP][PASSED] - click(findTestObject("Form_Selection_Creation/button_Release")): Object: 'Object Repository/Form_Selection_Creation/button_Release' is clicked on

2019-02-28 16:05:28 - [MESSAGE][PASSED] - Object: 'Object Repository/Form_Selection_Creation/button_Release' is clicked on

2019-02-28 16:05:28 - [TEST_STEP][PASSED] - Thread.sleep(6000): null]]></system-out>
         <system-err><![CDATA[]]></system-err>
      </testcase>
      <testcase name="Test Cases/SupplierFlow/2_CreateLocation" classname="Test Cases/SupplierFlow/2_CreateLocation" status="PASSED">
         <system-out><![CDATA[2019-02-28 16:05:34 - [TEST_CASE][PASSED] - Test Cases/SupplierFlow/2_CreateLocation: Test Cases/SupplierFlow/2_CreateLocation

2019-02-28 16:05:34 - [TEST_STEP][NOT_RUN] - openBrowser(URL): NOT_RUN: openBrowser(URL)

2019-02-28 16:05:34 - [MESSAGE][NOT_RUN] - NOT_RUN: openBrowser(URL)

2019-02-28 16:05:34 - [TEST_STEP][NOT_RUN] - maximizeWindow(): NOT_RUN: maximizeWindow()

2019-02-28 16:05:34 - [MESSAGE][NOT_RUN] - NOT_RUN: maximizeWindow()

2019-02-28 16:05:34 - [TEST_STEP][NOT_RUN] - setText(findTestObject("TestUserLocation/login_Username"), UserName1): NOT_RUN: setText(findTestObject("TestUserLocation/login_Username"), UserName1)

2019-02-28 16:05:34 - [MESSAGE][NOT_RUN] - NOT_RUN: setText(findTestObject("TestUserLocation/login_Username"), UserName1)

2019-02-28 16:05:34 - [TEST_STEP][NOT_RUN] - setText(findTestObject("TestUserLocation/login_Password"), Password111): NOT_RUN: setText(findTestObject("TestUserLocation/login_Password"), Password111)

2019-02-28 16:05:34 - [MESSAGE][NOT_RUN] - NOT_RUN: setText(findTestObject("TestUserLocation/login_Password"), Password111)

2019-02-28 16:05:34 - [TEST_STEP][PASSED] - Thread.sleep(2000): null

2019-02-28 16:05:36 - [TEST_STEP][PASSED] - AdminTool_Location.setLocationName(): AdminTool_Location.setLocationName is PASSED

2019-02-28 16:05:40 - [MESSAGE][PASSED] - AdminTool_Location.setLocationName is PASSED

2019-02-28 16:05:40 - [TEST_STEP][NOT_RUN] - click(findTestObject("TestUserLocation/login_Button")): NOT_RUN: click(findTestObject("TestUserLocation/login_Button"))

2019-02-28 16:05:40 - [MESSAGE][NOT_RUN] - NOT_RUN: click(findTestObject("TestUserLocation/login_Button"))

2019-02-28 16:05:40 - [TEST_STEP][PASSED] - Thread.sleep(4000): null

2019-02-28 16:05:44 - [TEST_STEP][PASSED] - AdminTool_Location.setLocationNameInLocation(): AdminTool_Location.setLocationNameInLocation is PASSED

2019-02-28 16:05:49 - [MESSAGE][PASSED] - AdminTool_Location.setLocationNameInLocation is PASSED

2019-02-28 16:05:49 - [TEST_STEP][PASSED] - click(findTestObject("TestUserLocation/mainmenu_button")): Object: 'Object Repository/TestUserLocation/mainmenu_button' is clicked on

2019-02-28 16:05:49 - [MESSAGE][PASSED] - Object: 'Object Repository/TestUserLocation/mainmenu_button' is clicked on

2019-02-28 16:05:49 - [TEST_STEP][NOT_RUN] - click(findTestObject("TestUserLocation/adminTool")): NOT_RUN: click(findTestObject("TestUserLocation/adminTool"))

2019-02-28 16:05:49 - [MESSAGE][NOT_RUN] - NOT_RUN: click(findTestObject("TestUserLocation/adminTool"))

2019-02-28 16:05:49 - [TEST_STEP][PASSED] - click(findTestObject("TestUserLocation/mainMenuResourceDesigner")): Object: 'Object Repository/TestUserLocation/mainMenuResourceDesigner' is clicked on

2019-02-28 16:05:49 - [MESSAGE][PASSED] - Object: 'Object Repository/TestUserLocation/mainMenuResourceDesigner' is clicked on

2019-02-28 16:05:49 - [TEST_STEP][PASSED] - Thread.sleep(4000): null

2019-02-28 16:05:53 - [TEST_STEP][PASSED] - click(findTestObject("TestUserLocation/locations")): Object: 'Object Repository/TestUserLocation/locations' is clicked on

2019-02-28 16:05:53 - [MESSAGE][PASSED] - Object: 'Object Repository/TestUserLocation/locations' is clicked on

2019-02-28 16:05:53 - [TEST_STEP][PASSED] - Thread.sleep(4000): null

2019-02-28 16:05:57 - [TEST_STEP][PASSED] - AdminTool_Location.moveCursor(): AdminTool_Location.moveCursor is PASSED

2019-02-28 16:05:57 - [MESSAGE][PASSED] - AdminTool_Location.moveCursor is PASSED

2019-02-28 16:05:57 - [TEST_STEP][PASSED] - Thread.sleep(2000): null

2019-02-28 16:05:59 - [TEST_STEP][NOT_RUN] - refresh(): NOT_RUN: refresh()

2019-02-28 16:05:59 - [MESSAGE][NOT_RUN] - NOT_RUN: refresh()

2019-02-28 16:05:59 - [TEST_STEP][NOT_RUN] - Thread.sleep(4000): NOT_RUN: Thread.sleep(4000)

2019-02-28 16:05:59 - [MESSAGE][NOT_RUN] - NOT_RUN: Thread.sleep(4000)

2019-02-28 16:05:59 - [TEST_STEP][PASSED] - click(findTestObject("TestUserLocation/categories")): Object: 'Object Repository/TestUserLocation/categories' is clicked on

2019-02-28 16:05:59 - [MESSAGE][PASSED] - Object: 'Object Repository/TestUserLocation/categories' is clicked on

2019-02-28 16:05:59 - [TEST_STEP][PASSED] - Thread.sleep(2000): null

2019-02-28 16:06:01 - [TEST_STEP][PASSED] - click(findTestObject("TestUserLocation/defaultArea")): Object: 'Object Repository/TestUserLocation/defaultArea' is clicked on

2019-02-28 16:06:02 - [MESSAGE][PASSED] - Object: 'Object Repository/TestUserLocation/defaultArea' is clicked on

2019-02-28 16:06:02 - [TEST_STEP][PASSED] - click(findTestObject("TestUserLocation/hoverHeading")): Object: 'Object Repository/TestUserLocation/hoverHeading' is clicked on

2019-02-28 16:06:02 - [MESSAGE][PASSED] - Object: 'Object Repository/TestUserLocation/hoverHeading' is clicked on

2019-02-28 16:06:02 - [TEST_STEP][PASSED] - click(findTestObject("TestUserLocation/addPlusIcon")): Object: 'Object Repository/TestUserLocation/addPlusIcon' is clicked on

2019-02-28 16:06:02 - [MESSAGE][PASSED] - Object: 'Object Repository/TestUserLocation/addPlusIcon' is clicked on

2019-02-28 16:06:02 - [TEST_STEP][PASSED] - setText(findTestObject("TestUserLocation/setNewName"), findTestData("LocationData").getValue("LocationName", 1)): Text 'Location_28/02/19-16:05' is set on object 'Object Repository/TestUserLocation/setNewName'

2019-02-28 16:06:03 - [MESSAGE][PASSED] - Text 'Location_28/02/19-16:05' is set on object 'Object Repository/TestUserLocation/setNewName'

2019-02-28 16:06:03 - [TEST_STEP][PASSED] - Thread.sleep(2000): null

2019-02-28 16:06:05 - [TEST_STEP][PASSED] - click(findTestObject("TestUserLocation/saveButton")): Object: 'Object Repository/TestUserLocation/saveButton' is clicked on

2019-02-28 16:06:05 - [MESSAGE][PASSED] - Object: 'Object Repository/TestUserLocation/saveButton' is clicked on

2019-02-28 16:06:05 - [TEST_STEP][PASSED] - Thread.sleep(4000): null

2019-02-28 16:06:09 - [TEST_STEP][PASSED] - click(findTestObject("TestUserLocation/mainmenu_button")): Object: 'Object Repository/TestUserLocation/mainmenu_button' is clicked on

2019-02-28 16:06:09 - [MESSAGE][PASSED] - Object: 'Object Repository/TestUserLocation/mainmenu_button' is clicked on

2019-02-28 16:06:09 - [TEST_STEP][PASSED] - click(findTestObject("TestUserLocation/mainMenuLocation")): Object: 'Object Repository/TestUserLocation/mainMenuLocation' is clicked on

2019-02-28 16:06:09 - [MESSAGE][PASSED] - Object: 'Object Repository/TestUserLocation/mainMenuLocation' is clicked on

2019-02-28 16:06:09 - [TEST_STEP][PASSED] - Thread.sleep(4000): null

2019-02-28 16:06:13 - [TEST_STEP][PASSED] - AdminTool_Location.selectLocation(): Element has been clicked

2019-02-28 16:06:17 - [MESSAGE][PASSED] - Element has been clicked

2019-02-28 16:06:17 - [TEST_STEP][PASSED] - click(findTestObject("TestUserLocation/addPlusIcon")): Object: 'Object Repository/TestUserLocation/addPlusIcon' is clicked on

2019-02-28 16:06:17 - [MESSAGE][PASSED] - Object: 'Object Repository/TestUserLocation/addPlusIcon' is clicked on

2019-02-28 16:06:17 - [TEST_STEP][PASSED] - Thread.sleep(2000): null

2019-02-28 16:06:19 - [TEST_STEP][PASSED] - setText(findTestObject("TestUserLocation/setNewName"), findTestData("LocationData").getValue("SubLocationName", 1)): Text 'SubLocation1_28/02/19-16:05' is set on object 'Object Repository/TestUserLocation/setNewName'

2019-02-28 16:06:20 - [MESSAGE][PASSED] - Text 'SubLocation1_28/02/19-16:05' is set on object 'Object Repository/TestUserLocation/setNewName'

2019-02-28 16:06:20 - [TEST_STEP][PASSED] - Thread.sleep(2000): null

2019-02-28 16:06:22 - [TEST_STEP][PASSED] - click(findTestObject("TestUserLocation/saveLocationDetailButton")): Object: 'Object Repository/TestUserLocation/saveLocationDetailButton' is clicked on

2019-02-28 16:06:22 - [MESSAGE][PASSED] - Object: 'Object Repository/TestUserLocation/saveLocationDetailButton' is clicked on

2019-02-28 16:06:22 - [TEST_STEP][PASSED] - Thread.sleep(4000): null

2019-02-28 16:06:26 - [TEST_STEP][PASSED] - click(findTestObject("TestUserLocation/customerSelect")): Object: 'Object Repository/TestUserLocation/customerSelect' is clicked on

2019-02-28 16:06:26 - [MESSAGE][PASSED] - Object: 'Object Repository/TestUserLocation/customerSelect' is clicked on

2019-02-28 16:06:26 - [TEST_STEP][PASSED] - Thread.sleep(4000): null

2019-02-28 16:06:30 - [TEST_STEP][PASSED] - check(findTestObject("TestUserLocation/select4ResouceInCustomer")): Object 'Object Repository/TestUserLocation/select4ResouceInCustomer' is checked

2019-02-28 16:06:30 - [MESSAGE][PASSED] - Object 'Object Repository/TestUserLocation/select4ResouceInCustomer' is checked

2019-02-28 16:06:30 - [TEST_STEP][PASSED] - Thread.sleep(2000): null

2019-02-28 16:06:32 - [TEST_STEP][PASSED] - click(findTestObject("TestUserLocation/saveLocationDetailButton")): Object: 'Object Repository/TestUserLocation/saveLocationDetailButton' is clicked on

2019-02-28 16:06:32 - [MESSAGE][PASSED] - Object: 'Object Repository/TestUserLocation/saveLocationDetailButton' is clicked on

2019-02-28 16:06:32 - [TEST_STEP][PASSED] - Thread.sleep(6000): null]]></system-out>
         <system-err><![CDATA[]]></system-err>
      </testcase>
      <testcase name="Test Cases/SupplierFlow/3_1_CreateResource_Supplier" classname="Test Cases/SupplierFlow/3_1_CreateResource_Supplier" status="PASSED">
         <system-out><![CDATA[2019-02-28 16:06:39 - [TEST_CASE][PASSED] - Test Cases/SupplierFlow/3_1_CreateResource_Supplier: Test Cases/SupplierFlow/3_1_CreateResource_Supplier

2019-02-28 16:06:39 - [TEST_STEP][NOT_RUN] - openBrowser(URL): NOT_RUN: openBrowser(URL)

2019-02-28 16:06:39 - [MESSAGE][NOT_RUN] - NOT_RUN: openBrowser(URL)

2019-02-28 16:06:39 - [TEST_STEP][NOT_RUN] - maximizeWindow(): NOT_RUN: maximizeWindow()

2019-02-28 16:06:39 - [MESSAGE][NOT_RUN] - NOT_RUN: maximizeWindow()

2019-02-28 16:06:39 - [TEST_STEP][NOT_RUN] - setText(findTestObject("TestUserLocation/login_Username"), UserName1): NOT_RUN: setText(findTestObject("TestUserLocation/login_Username"), UserName1)

2019-02-28 16:06:39 - [MESSAGE][NOT_RUN] - NOT_RUN: setText(findTestObject("TestUserLocation/login_Username"), UserName1)

2019-02-28 16:06:39 - [TEST_STEP][NOT_RUN] - setText(findTestObject("TestUserLocation/login_Password"), Password111): NOT_RUN: setText(findTestObject("TestUserLocation/login_Password"), Password111)

2019-02-28 16:06:39 - [MESSAGE][NOT_RUN] - NOT_RUN: setText(findTestObject("TestUserLocation/login_Password"), Password111)

2019-02-28 16:06:39 - [TEST_STEP][PASSED] - Thread.sleep(2000): null

2019-02-28 16:06:41 - [TEST_STEP][PASSED] - AdminTool_Location.setSupplierName(): AdminTool_Location.setSupplierName is PASSED

2019-02-28 16:06:41 - [MESSAGE][PASSED] - AdminTool_Location.setSupplierName is PASSED

2019-02-28 16:06:41 - [TEST_STEP][NOT_RUN] - click(findTestObject("TestUserLocation/login_Button")): NOT_RUN: click(findTestObject("TestUserLocation/login_Button"))

2019-02-28 16:06:41 - [MESSAGE][NOT_RUN] - NOT_RUN: click(findTestObject("TestUserLocation/login_Button"))

2019-02-28 16:06:41 - [TEST_STEP][PASSED] - Thread.sleep(4000): null

2019-02-28 16:06:45 - [TEST_STEP][PASSED] - click(findTestObject("TestUserLocation/mainmenu_button")): Object: 'Object Repository/TestUserLocation/mainmenu_button' is clicked on

2019-02-28 16:06:45 - [MESSAGE][PASSED] - Object: 'Object Repository/TestUserLocation/mainmenu_button' is clicked on

2019-02-28 16:06:45 - [TEST_STEP][NOT_RUN] - click(findTestObject("TestUserLocation/adminTool")): NOT_RUN: click(findTestObject("TestUserLocation/adminTool"))

2019-02-28 16:06:45 - [MESSAGE][NOT_RUN] - NOT_RUN: click(findTestObject("TestUserLocation/adminTool"))

2019-02-28 16:06:45 - [TEST_STEP][PASSED] - click(findTestObject("TestUserLocation/mainMenuResourceDesigner")): Object: 'Object Repository/TestUserLocation/mainMenuResourceDesigner' is clicked on

2019-02-28 16:06:45 - [MESSAGE][PASSED] - Object: 'Object Repository/TestUserLocation/mainMenuResourceDesigner' is clicked on

2019-02-28 16:06:45 - [TEST_STEP][PASSED] - Thread.sleep(4000): null

2019-02-28 16:06:49 - [TEST_STEP][PASSED] - click(findTestObject("TestResource/SuppliersDesign")): Object: 'Object Repository/TestResource/SuppliersDesign' is clicked on

2019-02-28 16:06:49 - [MESSAGE][PASSED] - Object: 'Object Repository/TestResource/SuppliersDesign' is clicked on

2019-02-28 16:06:49 - [TEST_STEP][PASSED] - Thread.sleep(4000): null

2019-02-28 16:06:53 - [TEST_STEP][PASSED] - click(findTestObject("TestUserLocation/categories")): Object: 'Object Repository/TestUserLocation/categories' is clicked on

2019-02-28 16:06:54 - [MESSAGE][PASSED] - Object: 'Object Repository/TestUserLocation/categories' is clicked on

2019-02-28 16:06:54 - [TEST_STEP][PASSED] - Thread.sleep(2000): null

2019-02-28 16:06:56 - [TEST_STEP][PASSED] - click(findTestObject("TestUserLocation/defaultArea")): Object: 'Object Repository/TestUserLocation/defaultArea' is clicked on

2019-02-28 16:06:56 - [MESSAGE][PASSED] - Object: 'Object Repository/TestUserLocation/defaultArea' is clicked on

2019-02-28 16:06:56 - [TEST_STEP][PASSED] - Thread.sleep(2000): null

2019-02-28 16:06:58 - [TEST_STEP][PASSED] - click(findTestObject("TestUserLocation/hoverHeading")): Object: 'Object Repository/TestUserLocation/hoverHeading' is clicked on

2019-02-28 16:06:58 - [MESSAGE][PASSED] - Object: 'Object Repository/TestUserLocation/hoverHeading' is clicked on

2019-02-28 16:06:58 - [TEST_STEP][PASSED] - click(findTestObject("TestUserLocation/addPlusIcon")): Object: 'Object Repository/TestUserLocation/addPlusIcon' is clicked on

2019-02-28 16:06:58 - [MESSAGE][PASSED] - Object: 'Object Repository/TestUserLocation/addPlusIcon' is clicked on

2019-02-28 16:06:58 - [TEST_STEP][PASSED] - setText(findTestObject("TestUserLocation/setNewName"), findTestData("LocationData").getValue("SuppliersName", 1)): Text 'Supplier_28/02/19-16:06' is set on object 'Object Repository/TestUserLocation/setNewName'

2019-02-28 16:06:58 - [MESSAGE][PASSED] - Text 'Supplier_28/02/19-16:06' is set on object 'Object Repository/TestUserLocation/setNewName'

2019-02-28 16:06:58 - [TEST_STEP][PASSED] - Thread.sleep(2000): null

2019-02-28 16:07:00 - [TEST_STEP][PASSED] - click(findTestObject("TestUserLocation/saveButton")): Object: 'Object Repository/TestUserLocation/saveButton' is clicked on

2019-02-28 16:07:00 - [MESSAGE][PASSED] - Object: 'Object Repository/TestUserLocation/saveButton' is clicked on

2019-02-28 16:07:00 - [TEST_STEP][PASSED] - Thread.sleep(4000): null

2019-02-28 16:07:04 - [TEST_STEP][PASSED] - Thread.sleep(4000): null

2019-02-28 16:07:08 - [TEST_STEP][PASSED] - click(findTestObject("TestUserLocation/mainmenu_button")): Object: 'Object Repository/TestUserLocation/mainmenu_button' is clicked on

2019-02-28 16:07:09 - [MESSAGE][PASSED] - Object: 'Object Repository/TestUserLocation/mainmenu_button' is clicked on

2019-02-28 16:07:09 - [TEST_STEP][PASSED] - click(findTestObject("TestResource/mainMenu_resources")): Object: 'Object Repository/TestResource/mainMenu_resources' is clicked on

2019-02-28 16:07:09 - [MESSAGE][PASSED] - Object: 'Object Repository/TestResource/mainMenu_resources' is clicked on

2019-02-28 16:07:09 - [TEST_STEP][PASSED] - Thread.sleep(4000): null

2019-02-28 16:07:13 - [TEST_STEP][PASSED] - click(findTestObject("TestResource/suppliers")): Object: 'Object Repository/TestResource/suppliers' is clicked on

2019-02-28 16:07:13 - [MESSAGE][PASSED] - Object: 'Object Repository/TestResource/suppliers' is clicked on

2019-02-28 16:07:13 - [TEST_STEP][PASSED] - Thread.sleep(4000): null

2019-02-28 16:07:17 - [TEST_STEP][PASSED] - AdminTool_Location.selectSupplier(): Element has been clicked

2019-02-28 16:07:21 - [MESSAGE][PASSED] - Element has been clicked

2019-02-28 16:07:21 - [TEST_STEP][PASSED] - Thread.sleep(4000): null

2019-02-28 16:07:25 - [TEST_STEP][NOT_RUN] - click(findTestObject("TestUserLocation/addPlusIcon")): NOT_RUN: click(findTestObject("TestUserLocation/addPlusIcon"))

2019-02-28 16:07:25 - [MESSAGE][NOT_RUN] - NOT_RUN: click(findTestObject("TestUserLocation/addPlusIcon"))

2019-02-28 16:07:25 - [TEST_STEP][NOT_RUN] - Thread.sleep(2000): NOT_RUN: Thread.sleep(2000)

2019-02-28 16:07:25 - [MESSAGE][NOT_RUN] - NOT_RUN: Thread.sleep(2000)

2019-02-28 16:07:25 - [TEST_STEP][NOT_RUN] - setText(findTestObject("TestUserLocation/setNewName"), findTestData("LocationData").getValue("SubSuppliersName1", 1)): NOT_RUN: setText(findTestObject("TestUserLocation/setNewName"), findTestData("LocationData").getValue("SubSuppliersName1", 1))

2019-02-28 16:07:25 - [MESSAGE][NOT_RUN] - NOT_RUN: setText(findTestObject("TestUserLocation/setNewName"), findTestData("LocationData").getValue("SubSuppliersName1", 1))

2019-02-28 16:07:25 - [TEST_STEP][NOT_RUN] - setText(findTestObject("TestResource/setPhoneNumber"), "912378456"): NOT_RUN: setText(findTestObject("TestResource/setPhoneNumber"), "912378456")

2019-02-28 16:07:25 - [MESSAGE][NOT_RUN] - NOT_RUN: setText(findTestObject("TestResource/setPhoneNumber"), "912378456")

2019-02-28 16:07:25 - [TEST_STEP][NOT_RUN] - Thread.sleep(2000): NOT_RUN: Thread.sleep(2000)

2019-02-28 16:07:25 - [MESSAGE][NOT_RUN] - NOT_RUN: Thread.sleep(2000)

2019-02-28 16:07:25 - [TEST_STEP][NOT_RUN] - click(findTestObject("TestResource/saveDetailButton")): NOT_RUN: click(findTestObject("TestResource/saveDetailButton"))

2019-02-28 16:07:25 - [MESSAGE][NOT_RUN] - NOT_RUN: click(findTestObject("TestResource/saveDetailButton"))

2019-02-28 16:07:25 - [TEST_STEP][NOT_RUN] - Thread.sleep(7000): NOT_RUN: Thread.sleep(7000)

2019-02-28 16:07:25 - [MESSAGE][NOT_RUN] - NOT_RUN: Thread.sleep(7000)

2019-02-28 16:07:25 - [TEST_STEP][NOT_RUN] - click(findTestObject("TestResource/disableResource")): NOT_RUN: click(findTestObject("TestResource/disableResource"))

2019-02-28 16:07:25 - [MESSAGE][NOT_RUN] - NOT_RUN: click(findTestObject("TestResource/disableResource"))

2019-02-28 16:07:25 - [TEST_STEP][NOT_RUN] - Thread.sleep(2000): NOT_RUN: Thread.sleep(2000)

2019-02-28 16:07:25 - [MESSAGE][NOT_RUN] - NOT_RUN: Thread.sleep(2000)

2019-02-28 16:07:25 - [TEST_STEP][NOT_RUN] - click(findTestObject("TestResource/button2Yes")): NOT_RUN: click(findTestObject("TestResource/button2Yes"))

2019-02-28 16:07:25 - [MESSAGE][NOT_RUN] - NOT_RUN: click(findTestObject("TestResource/button2Yes"))

2019-02-28 16:07:25 - [TEST_STEP][NOT_RUN] - Thread.sleep(2000): NOT_RUN: Thread.sleep(2000)

2019-02-28 16:07:25 - [MESSAGE][NOT_RUN] - NOT_RUN: Thread.sleep(2000)

2019-02-28 16:07:25 - [TEST_STEP][NOT_RUN] - click(findTestObject("TestResource/saveDetailButton")): NOT_RUN: click(findTestObject("TestResource/saveDetailButton"))

2019-02-28 16:07:25 - [MESSAGE][NOT_RUN] - NOT_RUN: click(findTestObject("TestResource/saveDetailButton"))

2019-02-28 16:07:25 - [TEST_STEP][NOT_RUN] - Thread.sleep(7000): NOT_RUN: Thread.sleep(7000)

2019-02-28 16:07:25 - [MESSAGE][NOT_RUN] - NOT_RUN: Thread.sleep(7000)

2019-02-28 16:07:25 - [TEST_STEP][NOT_RUN] - click(findTestObject("TestResource/linksTab")): NOT_RUN: click(findTestObject("TestResource/linksTab"))

2019-02-28 16:07:25 - [MESSAGE][NOT_RUN] - NOT_RUN: click(findTestObject("TestResource/linksTab"))

2019-02-28 16:07:25 - [TEST_STEP][NOT_RUN] - Thread.sleep(2000): NOT_RUN: Thread.sleep(2000)

2019-02-28 16:07:25 - [MESSAGE][NOT_RUN] - NOT_RUN: Thread.sleep(2000)

2019-02-28 16:07:25 - [TEST_STEP][NOT_RUN] - click(findTestObject("TestResource/addLink")): NOT_RUN: click(findTestObject("TestResource/addLink"))

2019-02-28 16:07:25 - [MESSAGE][NOT_RUN] - NOT_RUN: click(findTestObject("TestResource/addLink"))

2019-02-28 16:07:25 - [TEST_STEP][NOT_RUN] - Thread.sleep(5000): NOT_RUN: Thread.sleep(5000)

2019-02-28 16:07:25 - [MESSAGE][NOT_RUN] - NOT_RUN: Thread.sleep(5000)

2019-02-28 16:07:25 - [TEST_STEP][NOT_RUN] - check(findTestObject("TestResource/selectSecondResourceToLink")): NOT_RUN: check(findTestObject("TestResource/selectSecondResourceToLink"))

2019-02-28 16:07:25 - [MESSAGE][NOT_RUN] - NOT_RUN: check(findTestObject("TestResource/selectSecondResourceToLink"))

2019-02-28 16:07:25 - [TEST_STEP][NOT_RUN] - AdminTool_Location.resourceLinkName(): NOT_RUN: AdminTool_Location.resourceLinkName()

2019-02-28 16:07:25 - [MESSAGE][NOT_RUN] - NOT_RUN: AdminTool_Location.resourceLinkName()

2019-02-28 16:07:25 - [TEST_STEP][NOT_RUN] - Thread.sleep(2000): NOT_RUN: Thread.sleep(2000)

2019-02-28 16:07:25 - [MESSAGE][NOT_RUN] - NOT_RUN: Thread.sleep(2000)

2019-02-28 16:07:25 - [TEST_STEP][NOT_RUN] - click(findTestObject("TestResource/button2Save")): NOT_RUN: click(findTestObject("TestResource/button2Save"))

2019-02-28 16:07:25 - [MESSAGE][NOT_RUN] - NOT_RUN: click(findTestObject("TestResource/button2Save"))

2019-02-28 16:07:25 - [TEST_STEP][NOT_RUN] - Thread.sleep(4000): NOT_RUN: Thread.sleep(4000)

2019-02-28 16:07:25 - [MESSAGE][NOT_RUN] - NOT_RUN: Thread.sleep(4000)

2019-02-28 16:07:25 - [TEST_STEP][NOT_RUN] - click(findTestObject("TestResource/locationTab")): NOT_RUN: click(findTestObject("TestResource/locationTab"))

2019-02-28 16:07:25 - [MESSAGE][NOT_RUN] - NOT_RUN: click(findTestObject("TestResource/locationTab"))

2019-02-28 16:07:25 - [TEST_STEP][NOT_RUN] - Thread.sleep(5000): NOT_RUN: Thread.sleep(5000)

2019-02-28 16:07:25 - [MESSAGE][NOT_RUN] - NOT_RUN: Thread.sleep(5000)

2019-02-28 16:07:25 - [TEST_STEP][NOT_RUN] - AdminTool_Location.checkLocation(): NOT_RUN: AdminTool_Location.checkLocation()

2019-02-28 16:07:25 - [MESSAGE][NOT_RUN] - NOT_RUN: AdminTool_Location.checkLocation()

2019-02-28 16:07:25 - [TEST_STEP][NOT_RUN] - Thread.sleep(4000): NOT_RUN: Thread.sleep(4000)

2019-02-28 16:07:25 - [MESSAGE][NOT_RUN] - NOT_RUN: Thread.sleep(4000)

2019-02-28 16:07:25 - [TEST_STEP][NOT_RUN] - click(findTestObject("TestResource/saveLocation")): NOT_RUN: click(findTestObject("TestResource/saveLocation"))

2019-02-28 16:07:25 - [MESSAGE][NOT_RUN] - NOT_RUN: click(findTestObject("TestResource/saveLocation"))

2019-02-28 16:07:25 - [TEST_STEP][NOT_RUN] - click(findTestObject("TestUserLocation/mainmenu_button")): NOT_RUN: click(findTestObject("TestUserLocation/mainmenu_button"))

2019-02-28 16:07:25 - [MESSAGE][NOT_RUN] - NOT_RUN: click(findTestObject("TestUserLocation/mainmenu_button"))

2019-02-28 16:07:25 - [TEST_STEP][NOT_RUN] - click(findTestObject("TestResource/mainMenu_resources")): NOT_RUN: click(findTestObject("TestResource/mainMenu_resources"))

2019-02-28 16:07:25 - [MESSAGE][NOT_RUN] - NOT_RUN: click(findTestObject("TestResource/mainMenu_resources"))

2019-02-28 16:07:26 - [TEST_STEP][NOT_RUN] - Thread.sleep(4000): NOT_RUN: Thread.sleep(4000)

2019-02-28 16:07:26 - [MESSAGE][NOT_RUN] - NOT_RUN: Thread.sleep(4000)

2019-02-28 16:07:26 - [TEST_STEP][NOT_RUN] - click(findTestObject("TestResource/suppliers")): NOT_RUN: click(findTestObject("TestResource/suppliers"))

2019-02-28 16:07:26 - [MESSAGE][NOT_RUN] - NOT_RUN: click(findTestObject("TestResource/suppliers"))

2019-02-28 16:07:26 - [TEST_STEP][NOT_RUN] - Thread.sleep(4000): NOT_RUN: Thread.sleep(4000)

2019-02-28 16:07:26 - [MESSAGE][NOT_RUN] - NOT_RUN: Thread.sleep(4000)

2019-02-28 16:07:26 - [TEST_STEP][NOT_RUN] - AdminTool_Location.selectSupplier(): NOT_RUN: AdminTool_Location.selectSupplier()

2019-02-28 16:07:26 - [MESSAGE][NOT_RUN] - NOT_RUN: AdminTool_Location.selectSupplier()

2019-02-28 16:07:26 - [TEST_STEP][NOT_RUN] - Thread.sleep(4000): NOT_RUN: Thread.sleep(4000)

2019-02-28 16:07:26 - [MESSAGE][NOT_RUN] - NOT_RUN: Thread.sleep(4000)

2019-02-28 16:07:26 - [TEST_STEP][PASSED] - click(findTestObject("TestUserLocation/addPlusIcon")): Object: 'Object Repository/TestUserLocation/addPlusIcon' is clicked on

2019-02-28 16:07:26 - [MESSAGE][PASSED] - Object: 'Object Repository/TestUserLocation/addPlusIcon' is clicked on

2019-02-28 16:07:26 - [TEST_STEP][PASSED] - Thread.sleep(2000): null

2019-02-28 16:07:28 - [TEST_STEP][PASSED] - setText(findTestObject("TestUserLocation/setNewName"), findTestData("LocationData").getValue("SubSuppliersName2", 1)): Text 'SubSupplier2_28/02/19-16:06' is set on object 'Object Repository/TestUserLocation/setNewName'

2019-02-28 16:07:28 - [MESSAGE][PASSED] - Text 'SubSupplier2_28/02/19-16:06' is set on object 'Object Repository/TestUserLocation/setNewName'

2019-02-28 16:07:28 - [TEST_STEP][NOT_RUN] - setText(findTestObject("TestResource/setPhoneNumber"), "912378456"): NOT_RUN: setText(findTestObject("TestResource/setPhoneNumber"), "912378456")

2019-02-28 16:07:28 - [MESSAGE][NOT_RUN] - NOT_RUN: setText(findTestObject("TestResource/setPhoneNumber"), "912378456")

2019-02-28 16:07:28 - [TEST_STEP][PASSED] - Thread.sleep(2000): null

2019-02-28 16:07:30 - [TEST_STEP][PASSED] - Submission.createResource(): Submission.createResource is PASSED

2019-02-28 16:07:39 - [MESSAGE][PASSED] - Submission.createResource is PASSED

2019-02-28 16:07:39 - [TEST_STEP][PASSED] - Thread.sleep(2000): null

2019-02-28 16:07:41 - [TEST_STEP][PASSED] - click(findTestObject("TestResource/saveDetailButton")): Object: 'Object Repository/TestResource/saveDetailButton' is clicked on

2019-02-28 16:08:12 - [MESSAGE][PASSED] - Object: 'Object Repository/TestResource/saveDetailButton' is clicked on

2019-02-28 16:08:12 - [TEST_STEP][PASSED] - Thread.sleep(7000): null

2019-02-28 16:08:19 - [TEST_STEP][PASSED] - click(findTestObject("TestResource/linksTab")): Object: 'Object Repository/TestResource/linksTab' is clicked on

2019-02-28 16:08:19 - [MESSAGE][PASSED] - Object: 'Object Repository/TestResource/linksTab' is clicked on

2019-02-28 16:08:19 - [TEST_STEP][PASSED] - Thread.sleep(2000): null

2019-02-28 16:08:21 - [TEST_STEP][PASSED] - click(findTestObject("TestResource/addLink")): Object: 'Object Repository/TestResource/addLink' is clicked on

2019-02-28 16:08:22 - [MESSAGE][PASSED] - Object: 'Object Repository/TestResource/addLink' is clicked on

2019-02-28 16:08:22 - [TEST_STEP][PASSED] - Thread.sleep(5000): null

2019-02-28 16:08:27 - [TEST_STEP][PASSED] - check(findTestObject("TestResource/selectSecondResourceToLink")): Object 'Object Repository/TestResource/selectSecondResourceToLink' is checked

2019-02-28 16:08:27 - [MESSAGE][PASSED] - Object 'Object Repository/TestResource/selectSecondResourceToLink' is checked

2019-02-28 16:08:27 - [TEST_STEP][PASSED] - AdminTool_Location.resourceLinkName(): AdminTool_Location.resourceLinkName is PASSED

2019-02-28 16:08:27 - [MESSAGE][PASSED] - AdminTool_Location.resourceLinkName is PASSED

2019-02-28 16:08:27 - [TEST_STEP][PASSED] - Thread.sleep(2000): null

2019-02-28 16:08:29 - [TEST_STEP][PASSED] - click(findTestObject("TestResource/button2Save")): Object: 'Object Repository/TestResource/button2Save' is clicked on

2019-02-28 16:08:29 - [MESSAGE][PASSED] - Object: 'Object Repository/TestResource/button2Save' is clicked on

2019-02-28 16:08:29 - [TEST_STEP][PASSED] - Thread.sleep(4000): null

2019-02-28 16:08:33 - [TEST_STEP][PASSED] - click(findTestObject("TestResource/locationTab")): Object: 'Object Repository/TestResource/locationTab' is clicked on

2019-02-28 16:08:33 - [MESSAGE][PASSED] - Object: 'Object Repository/TestResource/locationTab' is clicked on

2019-02-28 16:08:33 - [TEST_STEP][PASSED] - Thread.sleep(5000): null

2019-02-28 16:08:38 - [TEST_STEP][PASSED] - AdminTool_Location.checkLocation(): AdminTool_Location.checkLocation is PASSED

2019-02-28 16:08:40 - [MESSAGE][PASSED] - AdminTool_Location.checkLocation is PASSED

2019-02-28 16:08:40 - [TEST_STEP][PASSED] - Thread.sleep(4000): null

2019-02-28 16:08:44 - [TEST_STEP][PASSED] - click(findTestObject("TestResource/saveLocation")): Object: 'Object Repository/TestResource/saveLocation' is clicked on

2019-02-28 16:08:44 - [MESSAGE][PASSED] - Object: 'Object Repository/TestResource/saveLocation' is clicked on

2019-02-28 16:08:44 - [TEST_STEP][PASSED] - Thread.sleep(6000): null]]></system-out>
         <system-err><![CDATA[]]></system-err>
      </testcase>
      <testcase name="Test Cases/SupplierFlow/3_2_CreateResource_Items" classname="Test Cases/SupplierFlow/3_2_CreateResource_Items" status="PASSED">
         <system-out><![CDATA[2019-02-28 16:08:51 - [TEST_CASE][PASSED] - Test Cases/SupplierFlow/3_2_CreateResource_Items: Test Cases/SupplierFlow/3_2_CreateResource_Items

2019-02-28 16:08:51 - [TEST_STEP][NOT_RUN] - openBrowser(URL): NOT_RUN: openBrowser(URL)

2019-02-28 16:08:51 - [MESSAGE][NOT_RUN] - NOT_RUN: openBrowser(URL)

2019-02-28 16:08:51 - [TEST_STEP][NOT_RUN] - maximizeWindow(): NOT_RUN: maximizeWindow()

2019-02-28 16:08:51 - [MESSAGE][NOT_RUN] - NOT_RUN: maximizeWindow()

2019-02-28 16:08:51 - [TEST_STEP][NOT_RUN] - setText(findTestObject("TestUserLocation/login_Username"), UserName1): NOT_RUN: setText(findTestObject("TestUserLocation/login_Username"), UserName1)

2019-02-28 16:08:51 - [MESSAGE][NOT_RUN] - NOT_RUN: setText(findTestObject("TestUserLocation/login_Username"), UserName1)

2019-02-28 16:08:51 - [TEST_STEP][NOT_RUN] - setText(findTestObject("TestUserLocation/login_Password"), Password1): NOT_RUN: setText(findTestObject("TestUserLocation/login_Password"), Password1)

2019-02-28 16:08:51 - [MESSAGE][NOT_RUN] - NOT_RUN: setText(findTestObject("TestUserLocation/login_Password"), Password1)

2019-02-28 16:08:51 - [TEST_STEP][PASSED] - AdminTool_Location.setItemName(): AdminTool_Location.setItemName is PASSED

2019-02-28 16:08:51 - [MESSAGE][PASSED] - AdminTool_Location.setItemName is PASSED

2019-02-28 16:08:51 - [TEST_STEP][NOT_RUN] - click(findTestObject("TestUserLocation/login_Button")): NOT_RUN: click(findTestObject("TestUserLocation/login_Button"))

2019-02-28 16:08:51 - [MESSAGE][NOT_RUN] - NOT_RUN: click(findTestObject("TestUserLocation/login_Button"))

2019-02-28 16:08:51 - [TEST_STEP][PASSED] - Thread.sleep(4000): null

2019-02-28 16:08:55 - [TEST_STEP][PASSED] - click(findTestObject("TestUserLocation/mainmenu_button")): Object: 'Object Repository/TestUserLocation/mainmenu_button' is clicked on

2019-02-28 16:08:55 - [MESSAGE][PASSED] - Object: 'Object Repository/TestUserLocation/mainmenu_button' is clicked on

2019-02-28 16:08:55 - [TEST_STEP][NOT_RUN] - click(findTestObject("TestUserLocation/adminTool")): NOT_RUN: click(findTestObject("TestUserLocation/adminTool"))

2019-02-28 16:08:55 - [MESSAGE][NOT_RUN] - NOT_RUN: click(findTestObject("TestUserLocation/adminTool"))

2019-02-28 16:08:55 - [TEST_STEP][PASSED] - click(findTestObject("TestUserLocation/mainMenuResourceDesigner")): Object: 'Object Repository/TestUserLocation/mainMenuResourceDesigner' is clicked on

2019-02-28 16:08:55 - [MESSAGE][PASSED] - Object: 'Object Repository/TestUserLocation/mainMenuResourceDesigner' is clicked on

2019-02-28 16:08:55 - [TEST_STEP][PASSED] - Thread.sleep(4000): null

2019-02-28 16:08:59 - [TEST_STEP][PASSED] - click(findTestObject("TestResource/items")): Object: 'Object Repository/TestResource/items' is clicked on

2019-02-28 16:08:59 - [MESSAGE][PASSED] - Object: 'Object Repository/TestResource/items' is clicked on

2019-02-28 16:08:59 - [TEST_STEP][PASSED] - Thread.sleep(4000): null

2019-02-28 16:09:03 - [TEST_STEP][PASSED] - waitForElementClickable(findTestObject("TestUserLocation/categories"), 45): Object 'Object Repository/TestUserLocation/categories' is clickable

2019-02-28 16:09:03 - [MESSAGE][PASSED] - Object 'Object Repository/TestUserLocation/categories' is clickable

2019-02-28 16:09:03 - [TEST_STEP][PASSED] - click(findTestObject("TestUserLocation/categories")): Object: 'Object Repository/TestUserLocation/categories' is clicked on

2019-02-28 16:09:04 - [MESSAGE][PASSED] - Object: 'Object Repository/TestUserLocation/categories' is clicked on

2019-02-28 16:09:04 - [TEST_STEP][PASSED] - Thread.sleep(2000): null

2019-02-28 16:09:06 - [TEST_STEP][PASSED] - click(findTestObject("TestUserLocation/defaultArea")): Object: 'Object Repository/TestUserLocation/defaultArea' is clicked on

2019-02-28 16:09:06 - [MESSAGE][PASSED] - Object: 'Object Repository/TestUserLocation/defaultArea' is clicked on

2019-02-28 16:09:06 - [TEST_STEP][PASSED] - Thread.sleep(2000): null

2019-02-28 16:09:08 - [TEST_STEP][PASSED] - click(findTestObject("TestUserLocation/hoverHeading")): Object: 'Object Repository/TestUserLocation/hoverHeading' is clicked on

2019-02-28 16:09:08 - [MESSAGE][PASSED] - Object: 'Object Repository/TestUserLocation/hoverHeading' is clicked on

2019-02-28 16:09:08 - [TEST_STEP][PASSED] - click(findTestObject("TestUserLocation/addPlusIcon")): Object: 'Object Repository/TestUserLocation/addPlusIcon' is clicked on

2019-02-28 16:09:08 - [MESSAGE][PASSED] - Object: 'Object Repository/TestUserLocation/addPlusIcon' is clicked on

2019-02-28 16:09:08 - [TEST_STEP][PASSED] - setText(findTestObject("TestUserLocation/setNewName"), findTestData("LocationData").getValue("ItemsName", 1)): Text 'Item_28/02/19-16:08' is set on object 'Object Repository/TestUserLocation/setNewName'

2019-02-28 16:09:08 - [MESSAGE][PASSED] - Text 'Item_28/02/19-16:08' is set on object 'Object Repository/TestUserLocation/setNewName'

2019-02-28 16:09:08 - [TEST_STEP][PASSED] - Thread.sleep(2000): null

2019-02-28 16:09:10 - [TEST_STEP][PASSED] - click(findTestObject("TestUserLocation/saveButton")): Object: 'Object Repository/TestUserLocation/saveButton' is clicked on

2019-02-28 16:09:10 - [MESSAGE][PASSED] - Object: 'Object Repository/TestUserLocation/saveButton' is clicked on

2019-02-28 16:09:10 - [TEST_STEP][PASSED] - Thread.sleep(4000): null

2019-02-28 16:09:14 - [TEST_STEP][PASSED] - Thread.sleep(4000): null

2019-02-28 16:09:18 - [TEST_STEP][PASSED] - click(findTestObject("TestUserLocation/mainmenu_button")): Object: 'Object Repository/TestUserLocation/mainmenu_button' is clicked on

2019-02-28 16:09:18 - [MESSAGE][PASSED] - Object: 'Object Repository/TestUserLocation/mainmenu_button' is clicked on

2019-02-28 16:09:18 - [TEST_STEP][PASSED] - click(findTestObject("TestResource/mainMenu_resources")): Object: 'Object Repository/TestResource/mainMenu_resources' is clicked on

2019-02-28 16:09:19 - [MESSAGE][PASSED] - Object: 'Object Repository/TestResource/mainMenu_resources' is clicked on

2019-02-28 16:09:19 - [TEST_STEP][PASSED] - Thread.sleep(4000): null

2019-02-28 16:09:23 - [TEST_STEP][PASSED] - click(findTestObject("TestResource/items")): Object: 'Object Repository/TestResource/items' is clicked on

2019-02-28 16:09:23 - [MESSAGE][PASSED] - Object: 'Object Repository/TestResource/items' is clicked on

2019-02-28 16:09:23 - [TEST_STEP][PASSED] - Thread.sleep(4000): null

2019-02-28 16:09:27 - [TEST_STEP][PASSED] - AdminTool_Location.selectItem(): Element has been clicked

2019-02-28 16:09:31 - [MESSAGE][PASSED] - Element has been clicked

2019-02-28 16:09:31 - [TEST_STEP][PASSED] - Thread.sleep(4000): null

2019-02-28 16:09:35 - [TEST_STEP][PASSED] - waitForElementClickable(findTestObject("TestUserLocation/addPlusIcon"), 45): Object 'Object Repository/TestUserLocation/addPlusIcon' is clickable

2019-02-28 16:09:35 - [MESSAGE][PASSED] - Object 'Object Repository/TestUserLocation/addPlusIcon' is clickable

2019-02-28 16:09:35 - [TEST_STEP][PASSED] - click(findTestObject("TestUserLocation/addPlusIcon")): Object: 'Object Repository/TestUserLocation/addPlusIcon' is clicked on

2019-02-28 16:09:35 - [MESSAGE][PASSED] - Object: 'Object Repository/TestUserLocation/addPlusIcon' is clicked on

2019-02-28 16:09:35 - [TEST_STEP][PASSED] - Thread.sleep(2000): null

2019-02-28 16:09:37 - [TEST_STEP][PASSED] - setText(findTestObject("TestUserLocation/setNewName"), findTestData("LocationData").getValue("SubItemsName1", 1)): Text 'SubItem1_28/02/19-16:08' is set on object 'Object Repository/TestUserLocation/setNewName'

2019-02-28 16:09:38 - [MESSAGE][PASSED] - Text 'SubItem1_28/02/19-16:08' is set on object 'Object Repository/TestUserLocation/setNewName'

2019-02-28 16:09:38 - [TEST_STEP][NOT_RUN] - setText(findTestObject("TestResource/setPhoneNumber"), "912378456"): NOT_RUN: setText(findTestObject("TestResource/setPhoneNumber"), "912378456")

2019-02-28 16:09:38 - [MESSAGE][NOT_RUN] - NOT_RUN: setText(findTestObject("TestResource/setPhoneNumber"), "912378456")

2019-02-28 16:09:38 - [TEST_STEP][PASSED] - Thread.sleep(2000): null

2019-02-28 16:09:40 - [TEST_STEP][PASSED] - Submission.createResource(): Submission.createResource is PASSED

2019-02-28 16:09:50 - [MESSAGE][PASSED] - Submission.createResource is PASSED

2019-02-28 16:09:50 - [TEST_STEP][PASSED] - Thread.sleep(2000): null

2019-02-28 16:09:52 - [TEST_STEP][PASSED] - click(findTestObject("TestResource/saveDetailButton")): Object: 'Object Repository/TestResource/saveDetailButton' is clicked on

2019-02-28 16:09:52 - [MESSAGE][PASSED] - Object: 'Object Repository/TestResource/saveDetailButton' is clicked on

2019-02-28 16:09:52 - [TEST_STEP][NOT_RUN] - Thread.sleep(7000): NOT_RUN: Thread.sleep(7000)

2019-02-28 16:09:52 - [MESSAGE][NOT_RUN] - NOT_RUN: Thread.sleep(7000)

2019-02-28 16:09:52 - [TEST_STEP][NOT_RUN] - click(findTestObject("TestResource/disableResource")): NOT_RUN: click(findTestObject("TestResource/disableResource"))

2019-02-28 16:09:52 - [MESSAGE][NOT_RUN] - NOT_RUN: click(findTestObject("TestResource/disableResource"))

2019-02-28 16:09:52 - [TEST_STEP][NOT_RUN] - Thread.sleep(2000): NOT_RUN: Thread.sleep(2000)

2019-02-28 16:09:52 - [MESSAGE][NOT_RUN] - NOT_RUN: Thread.sleep(2000)

2019-02-28 16:09:52 - [TEST_STEP][NOT_RUN] - click(findTestObject("TestResource/button2Yes")): NOT_RUN: click(findTestObject("TestResource/button2Yes"))

2019-02-28 16:09:52 - [MESSAGE][NOT_RUN] - NOT_RUN: click(findTestObject("TestResource/button2Yes"))

2019-02-28 16:09:52 - [TEST_STEP][NOT_RUN] - Thread.sleep(2000): NOT_RUN: Thread.sleep(2000)

2019-02-28 16:09:52 - [MESSAGE][NOT_RUN] - NOT_RUN: Thread.sleep(2000)

2019-02-28 16:09:52 - [TEST_STEP][NOT_RUN] - click(findTestObject("TestResource/saveDetailButton")): NOT_RUN: click(findTestObject("TestResource/saveDetailButton"))

2019-02-28 16:09:52 - [MESSAGE][NOT_RUN] - NOT_RUN: click(findTestObject("TestResource/saveDetailButton"))

2019-02-28 16:09:52 - [TEST_STEP][PASSED] - Thread.sleep(7000): null

2019-02-28 16:09:59 - [TEST_STEP][PASSED] - click(findTestObject("TestResource/linksTab")): Object: 'Object Repository/TestResource/linksTab' is clicked on

2019-02-28 16:09:59 - [MESSAGE][PASSED] - Object: 'Object Repository/TestResource/linksTab' is clicked on

2019-02-28 16:09:59 - [TEST_STEP][PASSED] - Thread.sleep(2000): null

2019-02-28 16:10:01 - [TEST_STEP][PASSED] - click(findTestObject("TestResource/addLink")): Object: 'Object Repository/TestResource/addLink' is clicked on

2019-02-28 16:10:01 - [MESSAGE][PASSED] - Object: 'Object Repository/TestResource/addLink' is clicked on

2019-02-28 16:10:01 - [TEST_STEP][PASSED] - Thread.sleep(5000): null

2019-02-28 16:10:06 - [TEST_STEP][PASSED] - check(findTestObject("TestResource/selectSecondResourceToLink")): Object 'Object Repository/TestResource/selectSecondResourceToLink' is checked

2019-02-28 16:10:07 - [MESSAGE][PASSED] - Object 'Object Repository/TestResource/selectSecondResourceToLink' is checked

2019-02-28 16:10:07 - [TEST_STEP][PASSED] - AdminTool_Location.resourceLinkName(): AdminTool_Location.resourceLinkName is PASSED

2019-02-28 16:10:07 - [MESSAGE][PASSED] - AdminTool_Location.resourceLinkName is PASSED

2019-02-28 16:10:07 - [TEST_STEP][PASSED] - Thread.sleep(2000): null

2019-02-28 16:10:09 - [TEST_STEP][PASSED] - click(findTestObject("TestResource/button2Save")): Object: 'Object Repository/TestResource/button2Save' is clicked on

2019-02-28 16:10:09 - [MESSAGE][PASSED] - Object: 'Object Repository/TestResource/button2Save' is clicked on

2019-02-28 16:10:09 - [TEST_STEP][PASSED] - Thread.sleep(4000): null

2019-02-28 16:10:13 - [TEST_STEP][PASSED] - click(findTestObject("TestResource/supplierTab")): Object: 'Object Repository/TestResource/supplierTab' is clicked on

2019-02-28 16:10:13 - [MESSAGE][PASSED] - Object: 'Object Repository/TestResource/supplierTab' is clicked on

2019-02-28 16:10:13 - [TEST_STEP][PASSED] - Thread.sleep(4000): null

2019-02-28 16:10:17 - [TEST_STEP][PASSED] - click(findTestObject("TestResource/selectNewSupplier")): Object: 'Object Repository/TestResource/selectNewSupplier' is clicked on

2019-02-28 16:10:17 - [MESSAGE][PASSED] - Object: 'Object Repository/TestResource/selectNewSupplier' is clicked on

2019-02-28 16:10:17 - [TEST_STEP][PASSED] - Thread.sleep(2000): null

2019-02-28 16:10:19 - [TEST_STEP][PASSED] - Supplier.selectSupplierInItem(): Supplier.selectSupplierInItem is PASSED

2019-02-28 16:10:19 - [MESSAGE][PASSED] - Supplier.selectSupplierInItem is PASSED

2019-02-28 16:10:19 - [TEST_STEP][PASSED] - Thread.sleep(2000): null

2019-02-28 16:10:21 - [TEST_STEP][PASSED] - click(findTestObject("TestResource/saveButton")): Object: 'Object Repository/TestResource/saveButton' is clicked on

2019-02-28 16:10:22 - [MESSAGE][PASSED] - Object: 'Object Repository/TestResource/saveButton' is clicked on

2019-02-28 16:10:22 - [TEST_STEP][PASSED] - Thread.sleep(4000): null

2019-02-28 16:10:26 - [TEST_STEP][PASSED] - click(findTestObject("TestResource/locationTab")): Object: 'Object Repository/TestResource/locationTab' is clicked on

2019-02-28 16:10:26 - [MESSAGE][PASSED] - Object: 'Object Repository/TestResource/locationTab' is clicked on

2019-02-28 16:10:26 - [TEST_STEP][PASSED] - AdminTool_Location.moveCursor(): AdminTool_Location.moveCursor is PASSED

2019-02-28 16:10:26 - [MESSAGE][PASSED] - AdminTool_Location.moveCursor is PASSED

2019-02-28 16:10:26 - [TEST_STEP][PASSED] - Thread.sleep(2000): null

2019-02-28 16:10:28 - [TEST_STEP][PASSED] - Thread.sleep(5000): null

2019-02-28 16:10:33 - [TEST_STEP][PASSED] - AdminTool_Location.checkLocation(): AdminTool_Location.checkLocation is PASSED

2019-02-28 16:10:35 - [MESSAGE][PASSED] - AdminTool_Location.checkLocation is PASSED

2019-02-28 16:10:35 - [TEST_STEP][PASSED] - Thread.sleep(4000): null

2019-02-28 16:10:39 - [TEST_STEP][PASSED] - click(findTestObject("TestResource/saveLocation")): Object: 'Object Repository/TestResource/saveLocation' is clicked on

2019-02-28 16:10:39 - [MESSAGE][PASSED] - Object: 'Object Repository/TestResource/saveLocation' is clicked on

2019-02-28 16:10:39 - [TEST_STEP][NOT_RUN] - click(findTestObject("TestUserLocation/mainmenu_button")): NOT_RUN: click(findTestObject("TestUserLocation/mainmenu_button"))

2019-02-28 16:10:39 - [MESSAGE][NOT_RUN] - NOT_RUN: click(findTestObject("TestUserLocation/mainmenu_button"))

2019-02-28 16:10:39 - [TEST_STEP][NOT_RUN] - click(findTestObject("TestResource/mainMenu_resources")): NOT_RUN: click(findTestObject("TestResource/mainMenu_resources"))

2019-02-28 16:10:39 - [MESSAGE][NOT_RUN] - NOT_RUN: click(findTestObject("TestResource/mainMenu_resources"))

2019-02-28 16:10:39 - [TEST_STEP][NOT_RUN] - Thread.sleep(4000): NOT_RUN: Thread.sleep(4000)

2019-02-28 16:10:39 - [MESSAGE][NOT_RUN] - NOT_RUN: Thread.sleep(4000)

2019-02-28 16:10:39 - [TEST_STEP][NOT_RUN] - click(findTestObject("TestResource/items")): NOT_RUN: click(findTestObject("TestResource/items"))

2019-02-28 16:10:39 - [MESSAGE][NOT_RUN] - NOT_RUN: click(findTestObject("TestResource/items"))

2019-02-28 16:10:39 - [TEST_STEP][NOT_RUN] - Thread.sleep(4000): NOT_RUN: Thread.sleep(4000)

2019-02-28 16:10:39 - [MESSAGE][NOT_RUN] - NOT_RUN: Thread.sleep(4000)

2019-02-28 16:10:39 - [TEST_STEP][NOT_RUN] - AdminTool_Location.selectItem(): NOT_RUN: AdminTool_Location.selectItem()

2019-02-28 16:10:39 - [MESSAGE][NOT_RUN] - NOT_RUN: AdminTool_Location.selectItem()

2019-02-28 16:10:39 - [TEST_STEP][NOT_RUN] - Thread.sleep(4000): NOT_RUN: Thread.sleep(4000)

2019-02-28 16:10:39 - [MESSAGE][NOT_RUN] - NOT_RUN: Thread.sleep(4000)

2019-02-28 16:10:39 - [TEST_STEP][NOT_RUN] - waitForElementClickable(findTestObject("TestUserLocation/addPlusIcon"), 45): NOT_RUN: waitForElementClickable(findTestObject("TestUserLocation/addPlusIcon"), 45)

2019-02-28 16:10:39 - [MESSAGE][NOT_RUN] - NOT_RUN: waitForElementClickable(findTestObject("TestUserLocation/addPlusIcon"), 45)

2019-02-28 16:10:39 - [TEST_STEP][NOT_RUN] - click(findTestObject("TestUserLocation/addPlusIcon")): NOT_RUN: click(findTestObject("TestUserLocation/addPlusIcon"))

2019-02-28 16:10:39 - [MESSAGE][NOT_RUN] - NOT_RUN: click(findTestObject("TestUserLocation/addPlusIcon"))

2019-02-28 16:10:39 - [TEST_STEP][NOT_RUN] - Thread.sleep(2000): NOT_RUN: Thread.sleep(2000)

2019-02-28 16:10:39 - [MESSAGE][NOT_RUN] - NOT_RUN: Thread.sleep(2000)

2019-02-28 16:10:39 - [TEST_STEP][NOT_RUN] - setText(findTestObject("TestUserLocation/setNewName"), findTestData("LocationData").getValue("SubItemsName2", 1)): NOT_RUN: setText(findTestObject("TestUserLocation/setNewName"), findTestData("LocationData").getValue("SubItemsName2", 1))

2019-02-28 16:10:39 - [MESSAGE][NOT_RUN] - NOT_RUN: setText(findTestObject("TestUserLocation/setNewName"), findTestData("LocationData").getValue("SubItemsName2", 1))

2019-02-28 16:10:39 - [TEST_STEP][NOT_RUN] - setText(findTestObject("TestResource/setPhoneNumber"), "912378456"): NOT_RUN: setText(findTestObject("TestResource/setPhoneNumber"), "912378456")

2019-02-28 16:10:39 - [MESSAGE][NOT_RUN] - NOT_RUN: setText(findTestObject("TestResource/setPhoneNumber"), "912378456")

2019-02-28 16:10:39 - [TEST_STEP][NOT_RUN] - Thread.sleep(2000): NOT_RUN: Thread.sleep(2000)

2019-02-28 16:10:39 - [MESSAGE][NOT_RUN] - NOT_RUN: Thread.sleep(2000)

2019-02-28 16:10:39 - [TEST_STEP][NOT_RUN] - click(findTestObject("TestResource/saveDetailButton")): NOT_RUN: click(findTestObject("TestResource/saveDetailButton"))

2019-02-28 16:10:39 - [MESSAGE][NOT_RUN] - NOT_RUN: click(findTestObject("TestResource/saveDetailButton"))

2019-02-28 16:10:39 - [TEST_STEP][NOT_RUN] - Thread.sleep(7000): NOT_RUN: Thread.sleep(7000)

2019-02-28 16:10:39 - [MESSAGE][NOT_RUN] - NOT_RUN: Thread.sleep(7000)

2019-02-28 16:10:39 - [TEST_STEP][NOT_RUN] - click(findTestObject("TestResource/linksTab")): NOT_RUN: click(findTestObject("TestResource/linksTab"))

2019-02-28 16:10:39 - [MESSAGE][NOT_RUN] - NOT_RUN: click(findTestObject("TestResource/linksTab"))

2019-02-28 16:10:39 - [TEST_STEP][NOT_RUN] - Thread.sleep(2000): NOT_RUN: Thread.sleep(2000)

2019-02-28 16:10:39 - [MESSAGE][NOT_RUN] - NOT_RUN: Thread.sleep(2000)

2019-02-28 16:10:39 - [TEST_STEP][NOT_RUN] - click(findTestObject("TestResource/addLink")): NOT_RUN: click(findTestObject("TestResource/addLink"))

2019-02-28 16:10:39 - [MESSAGE][NOT_RUN] - NOT_RUN: click(findTestObject("TestResource/addLink"))

2019-02-28 16:10:39 - [TEST_STEP][NOT_RUN] - Thread.sleep(5000): NOT_RUN: Thread.sleep(5000)

2019-02-28 16:10:39 - [MESSAGE][NOT_RUN] - NOT_RUN: Thread.sleep(5000)

2019-02-28 16:10:39 - [TEST_STEP][NOT_RUN] - check(findTestObject("TestResource/selectSecondResourceToLink")): NOT_RUN: check(findTestObject("TestResource/selectSecondResourceToLink"))

2019-02-28 16:10:39 - [MESSAGE][NOT_RUN] - NOT_RUN: check(findTestObject("TestResource/selectSecondResourceToLink"))

2019-02-28 16:10:39 - [TEST_STEP][NOT_RUN] - AdminTool_Location.resourceLinkName(): NOT_RUN: AdminTool_Location.resourceLinkName()

2019-02-28 16:10:39 - [MESSAGE][NOT_RUN] - NOT_RUN: AdminTool_Location.resourceLinkName()

2019-02-28 16:10:39 - [TEST_STEP][NOT_RUN] - Thread.sleep(2000): NOT_RUN: Thread.sleep(2000)

2019-02-28 16:10:39 - [MESSAGE][NOT_RUN] - NOT_RUN: Thread.sleep(2000)

2019-02-28 16:10:39 - [TEST_STEP][NOT_RUN] - click(findTestObject("TestResource/button2Save")): NOT_RUN: click(findTestObject("TestResource/button2Save"))

2019-02-28 16:10:39 - [MESSAGE][NOT_RUN] - NOT_RUN: click(findTestObject("TestResource/button2Save"))

2019-02-28 16:10:39 - [TEST_STEP][NOT_RUN] - Thread.sleep(4000): NOT_RUN: Thread.sleep(4000)

2019-02-28 16:10:39 - [MESSAGE][NOT_RUN] - NOT_RUN: Thread.sleep(4000)

2019-02-28 16:10:39 - [TEST_STEP][NOT_RUN] - click(findTestObject("TestResource/locationTab")): NOT_RUN: click(findTestObject("TestResource/locationTab"))

2019-02-28 16:10:39 - [MESSAGE][NOT_RUN] - NOT_RUN: click(findTestObject("TestResource/locationTab"))

2019-02-28 16:10:39 - [TEST_STEP][NOT_RUN] - Thread.sleep(5000): NOT_RUN: Thread.sleep(5000)

2019-02-28 16:10:39 - [MESSAGE][NOT_RUN] - NOT_RUN: Thread.sleep(5000)

2019-02-28 16:10:39 - [TEST_STEP][NOT_RUN] - AdminTool_Location.checkLocation(): NOT_RUN: AdminTool_Location.checkLocation()

2019-02-28 16:10:40 - [MESSAGE][NOT_RUN] - NOT_RUN: AdminTool_Location.checkLocation()

2019-02-28 16:10:40 - [TEST_STEP][NOT_RUN] - Thread.sleep(4000): NOT_RUN: Thread.sleep(4000)

2019-02-28 16:10:40 - [MESSAGE][NOT_RUN] - NOT_RUN: Thread.sleep(4000)

2019-02-28 16:10:40 - [TEST_STEP][NOT_RUN] - click(findTestObject("TestResource/saveLocation")): NOT_RUN: click(findTestObject("TestResource/saveLocation"))

2019-02-28 16:10:40 - [MESSAGE][NOT_RUN] - NOT_RUN: click(findTestObject("TestResource/saveLocation"))]]></system-out>
         <system-err><![CDATA[]]></system-err>
      </testcase>
      <testcase name="Test Cases/SupplierFlow/4_CreateUser_Supplier" classname="Test Cases/SupplierFlow/4_CreateUser_Supplier" status="PASSED">
         <system-out><![CDATA[2019-02-28 16:10:40 - [TEST_CASE][PASSED] - Test Cases/SupplierFlow/4_CreateUser_Supplier: Test Cases/SupplierFlow/4_CreateUser_Supplier

2019-02-28 16:10:40 - [TEST_STEP][NOT_RUN] - openBrowser(URL): NOT_RUN: openBrowser(URL)

2019-02-28 16:10:40 - [MESSAGE][NOT_RUN] - NOT_RUN: openBrowser(URL)

2019-02-28 16:10:40 - [TEST_STEP][NOT_RUN] - maximizeWindow(): NOT_RUN: maximizeWindow()

2019-02-28 16:10:40 - [MESSAGE][NOT_RUN] - NOT_RUN: maximizeWindow()

2019-02-28 16:10:40 - [TEST_STEP][NOT_RUN] - setText(findTestObject("TestUserLocation/login_Username"), UserName1): NOT_RUN: setText(findTestObject("TestUserLocation/login_Username"), UserName1)

2019-02-28 16:10:40 - [MESSAGE][NOT_RUN] - NOT_RUN: setText(findTestObject("TestUserLocation/login_Username"), UserName1)

2019-02-28 16:10:40 - [TEST_STEP][NOT_RUN] - setText(findTestObject("TestUserLocation/login_Password"), Password111): NOT_RUN: setText(findTestObject("TestUserLocation/login_Password"), Password111)

2019-02-28 16:10:40 - [MESSAGE][NOT_RUN] - NOT_RUN: setText(findTestObject("TestUserLocation/login_Password"), Password111)

2019-02-28 16:10:40 - [TEST_STEP][PASSED] - Thread.sleep(2000): null

2019-02-28 16:10:42 - [TEST_STEP][PASSED] - Supplier.setSupplier(): Supplier.setSupplier is PASSED

2019-02-28 16:10:42 - [MESSAGE][PASSED] - Supplier.setSupplier is PASSED

2019-02-28 16:10:42 - [TEST_STEP][NOT_RUN] - click(findTestObject("TestUserLocation/login_Button")): NOT_RUN: click(findTestObject("TestUserLocation/login_Button"))

2019-02-28 16:10:42 - [MESSAGE][NOT_RUN] - NOT_RUN: click(findTestObject("TestUserLocation/login_Button"))

2019-02-28 16:10:42 - [TEST_STEP][NOT_RUN] - Thread.sleep(6000): NOT_RUN: Thread.sleep(6000)

2019-02-28 16:10:42 - [MESSAGE][NOT_RUN] - NOT_RUN: Thread.sleep(6000)

2019-02-28 16:10:42 - [TEST_STEP][PASSED] - Thread.sleep(4000): null

2019-02-28 16:10:46 - [TEST_STEP][PASSED] - click(findTestObject("TestUserLocation/mainmenu_button")): Object: 'Object Repository/TestUserLocation/mainmenu_button' is clicked on

2019-02-28 16:10:46 - [MESSAGE][PASSED] - Object: 'Object Repository/TestUserLocation/mainmenu_button' is clicked on

2019-02-28 16:10:46 - [TEST_STEP][NOT_RUN] - click(findTestObject("Form_Selection_Creation/mainMenu_AdminTools")): NOT_RUN: click(findTestObject("Form_Selection_Creation/mainMenu_AdminTools"))

2019-02-28 16:10:46 - [MESSAGE][NOT_RUN] - NOT_RUN: click(findTestObject("Form_Selection_Creation/mainMenu_AdminTools"))

2019-02-28 16:10:46 - [TEST_STEP][PASSED] - Thread.sleep(2000): null

2019-02-28 16:10:48 - [TEST_STEP][PASSED] - click(findTestObject("TestUser/users")): Object: 'Object Repository/TestUser/users' is clicked on

2019-02-28 16:10:49 - [MESSAGE][PASSED] - Object: 'Object Repository/TestUser/users' is clicked on

2019-02-28 16:10:49 - [TEST_STEP][PASSED] - Thread.sleep(6000): null

2019-02-28 16:10:55 - [TEST_STEP][PASSED] - click(findTestObject("SupplierFlow/selectSupplierTab")): Object: 'Object Repository/SupplierFlow/selectSupplierTab' is clicked on

2019-02-28 16:10:55 - [MESSAGE][PASSED] - Object: 'Object Repository/SupplierFlow/selectSupplierTab' is clicked on

2019-02-28 16:10:55 - [TEST_STEP][PASSED] - AdminTool_Location.moveCursor(): AdminTool_Location.moveCursor is PASSED

2019-02-28 16:10:55 - [MESSAGE][PASSED] - AdminTool_Location.moveCursor is PASSED

2019-02-28 16:10:55 - [TEST_STEP][PASSED] - Thread.sleep(2000): null

2019-02-28 16:10:57 - [TEST_STEP][PASSED] - Thread.sleep(6000): null

2019-02-28 16:11:03 - [TEST_STEP][PASSED] - click(findTestObject("SupplierFlow/addNewSupplierButton")): Object: 'Object Repository/SupplierFlow/addNewSupplierButton' is clicked on

2019-02-28 16:11:04 - [MESSAGE][PASSED] - Object: 'Object Repository/SupplierFlow/addNewSupplierButton' is clicked on

2019-02-28 16:11:04 - [TEST_STEP][PASSED] - Thread.sleep(3000): null

2019-02-28 16:11:07 - [TEST_STEP][PASSED] - click(findTestObject("SupplierFlow/openSupplierOption"), STOP_ON_FAILURE): Object: 'Object Repository/SupplierFlow/openSupplierOption' is clicked on

2019-02-28 16:11:07 - [MESSAGE][PASSED] - Object: 'Object Repository/SupplierFlow/openSupplierOption' is clicked on

2019-02-28 16:11:07 - [TEST_STEP][PASSED] - Thread.sleep(2000): null

2019-02-28 16:11:09 - [TEST_STEP][PASSED] - Supplier.getSupplierName(): Supplier.getSupplierName is PASSED

2019-02-28 16:11:09 - [MESSAGE][PASSED] - Supplier.getSupplierName is PASSED

2019-02-28 16:11:09 - [TEST_STEP][PASSED] - Supplier.setSupplier(): Supplier.setSupplier is PASSED

2019-02-28 16:11:09 - [MESSAGE][PASSED] - Supplier.setSupplier is PASSED

2019-02-28 16:11:09 - [TEST_STEP][PASSED] - setText(findTestObject("SupplierFlow/userName"), findTestData("SupplierData").getValue("UserName", 1)): Text 'Supplier_28/02/19-16:11' is set on object 'Object Repository/SupplierFlow/userName'

2019-02-28 16:11:09 - [MESSAGE][PASSED] - Text 'Supplier_28/02/19-16:11' is set on object 'Object Repository/SupplierFlow/userName'

2019-02-28 16:11:09 - [TEST_STEP][PASSED] - setText(findTestObject("SupplierFlow/firstName"), "Supplier"): Text 'Supplier' is set on object 'Object Repository/SupplierFlow/firstName'

2019-02-28 16:11:10 - [MESSAGE][PASSED] - Text 'Supplier' is set on object 'Object Repository/SupplierFlow/firstName'

2019-02-28 16:11:10 - [TEST_STEP][PASSED] - setText(findTestObject("SupplierFlow/lastName"), "Test"): Text 'Test' is set on object 'Object Repository/SupplierFlow/lastName'

2019-02-28 16:11:10 - [MESSAGE][PASSED] - Text 'Test' is set on object 'Object Repository/SupplierFlow/lastName'

2019-02-28 16:11:10 - [TEST_STEP][PASSED] - setText(findTestObject("SupplierFlow/email"), "Sup@gmail.com"): Text 'Sup@gmail.com' is set on object 'Object Repository/SupplierFlow/email'

2019-02-28 16:11:10 - [MESSAGE][PASSED] - Text 'Sup@gmail.com' is set on object 'Object Repository/SupplierFlow/email'

2019-02-28 16:11:10 - [TEST_STEP][PASSED] - setText(findTestObject("SupplierFlow/password"), findTestData("SupplierData").getValue("Password", 1)): Text 'password' is set on object 'Object Repository/SupplierFlow/password'

2019-02-28 16:11:10 - [MESSAGE][PASSED] - Text 'password' is set on object 'Object Repository/SupplierFlow/password'

2019-02-28 16:11:10 - [TEST_STEP][PASSED] - setText(findTestObject("SupplierFlow/title"), "Test"): Text 'Test' is set on object 'Object Repository/SupplierFlow/title'

2019-02-28 16:11:10 - [MESSAGE][PASSED] - Text 'Test' is set on object 'Object Repository/SupplierFlow/title'

2019-02-28 16:11:10 - [TEST_STEP][PASSED] - click(findTestObject("SupplierFlow/openTimeZone")): Object: 'Object Repository/SupplierFlow/openTimeZone' is clicked on

2019-02-28 16:11:11 - [MESSAGE][PASSED] - Object: 'Object Repository/SupplierFlow/openTimeZone' is clicked on

2019-02-28 16:11:11 - [TEST_STEP][PASSED] - Thread.sleep(2000): null

2019-02-28 16:11:13 - [TEST_STEP][PASSED] - click(findTestObject("SupplierFlow/selectTimeZone_India")): Object: 'Object Repository/SupplierFlow/selectTimeZone_India' is clicked on

2019-02-28 16:11:13 - [MESSAGE][PASSED] - Object: 'Object Repository/SupplierFlow/selectTimeZone_India' is clicked on

2019-02-28 16:11:13 - [TEST_STEP][PASSED] - Thread.sleep(4000): null

2019-02-28 16:11:17 - [TEST_STEP][PASSED] - click(findTestObject("SupplierFlow/saveButton")): Object: 'Object Repository/SupplierFlow/saveButton' is clicked on

2019-02-28 16:11:17 - [MESSAGE][PASSED] - Object: 'Object Repository/SupplierFlow/saveButton' is clicked on

2019-02-28 16:11:17 - [TEST_STEP][PASSED] - Thread.sleep(6000): null]]></system-out>
         <system-err><![CDATA[]]></system-err>
      </testcase>
      <testcase name="Test Cases/SupplierFlow/5_CreateWG" classname="Test Cases/SupplierFlow/5_CreateWG" status="PASSED">
         <system-out><![CDATA[2019-02-28 16:11:23 - [TEST_CASE][PASSED] - Test Cases/SupplierFlow/5_CreateWG: Test Cases/SupplierFlow/5_CreateWG

2019-02-28 16:11:24 - [TEST_STEP][NOT_RUN] - openBrowser(URL): NOT_RUN: openBrowser(URL)

2019-02-28 16:11:24 - [MESSAGE][NOT_RUN] - NOT_RUN: openBrowser(URL)

2019-02-28 16:11:24 - [TEST_STEP][NOT_RUN] - maximizeWindow(): NOT_RUN: maximizeWindow()

2019-02-28 16:11:24 - [MESSAGE][NOT_RUN] - NOT_RUN: maximizeWindow()

2019-02-28 16:11:24 - [TEST_STEP][NOT_RUN] - setText(findTestObject("Form_Selection_Creation/login_Username"), UserName1): NOT_RUN: setText(findTestObject("Form_Selection_Creation/login_Username"), UserName1)

2019-02-28 16:11:24 - [MESSAGE][NOT_RUN] - NOT_RUN: setText(findTestObject("Form_Selection_Creation/login_Username"), UserName1)

2019-02-28 16:11:24 - [TEST_STEP][NOT_RUN] - setText(findTestObject("Form_Selection_Creation/login_Password"), Password111): NOT_RUN: setText(findTestObject("Form_Selection_Creation/login_Password"), Password111)

2019-02-28 16:11:24 - [MESSAGE][NOT_RUN] - NOT_RUN: setText(findTestObject("Form_Selection_Creation/login_Password"), Password111)

2019-02-28 16:11:24 - [TEST_STEP][NOT_RUN] - click(findTestObject("Form_Selection_Creation/login_Button")): NOT_RUN: click(findTestObject("Form_Selection_Creation/login_Button"))

2019-02-28 16:11:24 - [MESSAGE][NOT_RUN] - NOT_RUN: click(findTestObject("Form_Selection_Creation/login_Button"))

2019-02-28 16:11:24 - [TEST_STEP][PASSED] - Thread.sleep(4000): null

2019-02-28 16:11:28 - [TEST_STEP][PASSED] - click(findTestObject("Form_Selection_Creation/mainMenu_Button")): Object: 'Object Repository/Form_Selection_Creation/mainMenu_Button' is clicked on

2019-02-28 16:11:28 - [MESSAGE][PASSED] - Object: 'Object Repository/Form_Selection_Creation/mainMenu_Button' is clicked on

2019-02-28 16:11:28 - [TEST_STEP][NOT_RUN] - click(findTestObject("Form_Selection_Creation/mainMenu_AdminTools")): NOT_RUN: click(findTestObject("Form_Selection_Creation/mainMenu_AdminTools"))

2019-02-28 16:11:28 - [MESSAGE][NOT_RUN] - NOT_RUN: click(findTestObject("Form_Selection_Creation/mainMenu_AdminTools"))

2019-02-28 16:11:28 - [TEST_STEP][PASSED] - click(findTestObject("SupplierFlow/workgroup")): Object: 'Object Repository/SupplierFlow/workgroup' is clicked on

2019-02-28 16:11:28 - [MESSAGE][PASSED] - Object: 'Object Repository/SupplierFlow/workgroup' is clicked on

2019-02-28 16:11:28 - [TEST_STEP][PASSED] - Thread.sleep(5000): null

2019-02-28 16:11:33 - [TEST_STEP][PASSED] - click(findTestObject("SupplierFlow/addButtonWG")): Object: 'Object Repository/SupplierFlow/addButtonWG' is clicked on

2019-02-28 16:11:33 - [MESSAGE][PASSED] - Object: 'Object Repository/SupplierFlow/addButtonWG' is clicked on

2019-02-28 16:11:33 - [TEST_STEP][PASSED] - setText(findTestObject("SupplierFlow/setWGText"), findTestData("SupplierData").getValue("WorkGroupName", 1)): Text 'WorkGroup_28/02/19-16:11' is set on object 'Object Repository/SupplierFlow/setWGText'

2019-02-28 16:11:34 - [MESSAGE][PASSED] - Text 'WorkGroup_28/02/19-16:11' is set on object 'Object Repository/SupplierFlow/setWGText'

2019-02-28 16:11:34 - [TEST_STEP][PASSED] - sendKeys(findTestObject("SupplierFlow/setWGText"), Keys.chord(ENTER)): Keys 'ENTER + ' sent to object: 'Object Repository/SupplierFlow/setWGText'

2019-02-28 16:11:34 - [MESSAGE][PASSED] - Keys 'ENTER + ' sent to object: 'Object Repository/SupplierFlow/setWGText'

2019-02-28 16:11:34 - [TEST_STEP][PASSED] - Thread.sleep(6000): null

2019-02-28 16:11:40 - [TEST_STEP][PASSED] - AdminTool_Location.moveCursor(): AdminTool_Location.moveCursor is PASSED

2019-02-28 16:11:40 - [MESSAGE][PASSED] - AdminTool_Location.moveCursor is PASSED

2019-02-28 16:11:40 - [TEST_STEP][PASSED] - Thread.sleep(2000): null

2019-02-28 16:11:42 - [TEST_STEP][PASSED] - setText(findTestObject("SupplierFlow/searchUserInWG"), "tester"): Text 'tester' is set on object 'Object Repository/SupplierFlow/searchUserInWG'

2019-02-28 16:11:42 - [MESSAGE][PASSED] - Text 'tester' is set on object 'Object Repository/SupplierFlow/searchUserInWG'

2019-02-28 16:11:42 - [TEST_STEP][PASSED] - sendKeys(findTestObject("SupplierFlow/searchUserInWG"), Keys.chord(ENTER)): Keys 'ENTER + ' sent to object: 'Object Repository/SupplierFlow/searchUserInWG'

2019-02-28 16:11:42 - [MESSAGE][PASSED] - Keys 'ENTER + ' sent to object: 'Object Repository/SupplierFlow/searchUserInWG'

2019-02-28 16:11:42 - [TEST_STEP][PASSED] - Thread.sleep(4000): null

2019-02-28 16:11:46 - [TEST_STEP][PASSED] - check(findTestObject("SupplierFlow/checkUserinWG")): Object 'Object Repository/SupplierFlow/checkUserinWG' is checked

2019-02-28 16:11:47 - [MESSAGE][PASSED] - Object 'Object Repository/SupplierFlow/checkUserinWG' is checked

2019-02-28 16:11:47 - [TEST_STEP][PASSED] - Thread.sleep(3000): null

2019-02-28 16:11:50 - [TEST_STEP][PASSED] - click(findTestObject("SupplierFlow/saveInWG")): Object: 'Object Repository/SupplierFlow/saveInWG' is clicked on

2019-02-28 16:11:50 - [MESSAGE][PASSED] - Object: 'Object Repository/SupplierFlow/saveInWG' is clicked on]]></system-out>
         <system-err><![CDATA[]]></system-err>
      </testcase>
      <testcase name="Test Cases/SupplierFlow/6_1_CreateRequirement_Supplier" classname="Test Cases/SupplierFlow/6_1_CreateRequirement_Supplier" status="PASSED">
         <system-out><![CDATA[2019-02-28 16:11:50 - [TEST_CASE][PASSED] - Test Cases/SupplierFlow/6_1_CreateRequirement_Supplier: Test Cases/SupplierFlow/6_1_CreateRequirement_Supplier

2019-02-28 16:11:50 - [TEST_STEP][NOT_RUN] - openBrowser(URL): NOT_RUN: openBrowser(URL)

2019-02-28 16:11:50 - [MESSAGE][NOT_RUN] - NOT_RUN: openBrowser(URL)

2019-02-28 16:11:50 - [TEST_STEP][NOT_RUN] - maximizeWindow(): NOT_RUN: maximizeWindow()

2019-02-28 16:11:50 - [MESSAGE][NOT_RUN] - NOT_RUN: maximizeWindow()

2019-02-28 16:11:50 - [TEST_STEP][NOT_RUN] - setText(findTestObject("TestUserLocation/login_Username"), UserName1): NOT_RUN: setText(findTestObject("TestUserLocation/login_Username"), UserName1)

2019-02-28 16:11:50 - [MESSAGE][NOT_RUN] - NOT_RUN: setText(findTestObject("TestUserLocation/login_Username"), UserName1)

2019-02-28 16:11:50 - [TEST_STEP][NOT_RUN] - setText(findTestObject("TestUserLocation/login_Password"), Password1): NOT_RUN: setText(findTestObject("TestUserLocation/login_Password"), Password1)

2019-02-28 16:11:50 - [MESSAGE][NOT_RUN] - NOT_RUN: setText(findTestObject("TestUserLocation/login_Password"), Password1)

2019-02-28 16:11:50 - [TEST_STEP][PASSED] - Thread.sleep(2000): null

2019-02-28 16:11:52 - [TEST_STEP][PASSED] - Supplier.setSupplierName(): Supplier.setSupplierName is PASSED

2019-02-28 16:11:52 - [MESSAGE][PASSED] - Supplier.setSupplierName is PASSED

2019-02-28 16:11:52 - [TEST_STEP][NOT_RUN] - click(findTestObject("TestUserLocation/login_Button")): NOT_RUN: click(findTestObject("TestUserLocation/login_Button"))

2019-02-28 16:11:52 - [MESSAGE][NOT_RUN] - NOT_RUN: click(findTestObject("TestUserLocation/login_Button"))

2019-02-28 16:11:52 - [TEST_STEP][NOT_RUN] - Thread.sleep(6000): NOT_RUN: Thread.sleep(6000)

2019-02-28 16:11:52 - [MESSAGE][NOT_RUN] - NOT_RUN: Thread.sleep(6000)

2019-02-28 16:11:52 - [TEST_STEP][PASSED] - Thread.sleep(4000): null

2019-02-28 16:11:56 - [TEST_STEP][PASSED] - click(findTestObject("TestUserLocation/mainmenu_button")): Object: 'Object Repository/TestUserLocation/mainmenu_button' is clicked on

2019-02-28 16:11:56 - [MESSAGE][PASSED] - Object: 'Object Repository/TestUserLocation/mainmenu_button' is clicked on

2019-02-28 16:11:56 - [TEST_STEP][NOT_RUN] - click(findTestObject("Form_Selection_Creation/mainMenu_AdminTools")): NOT_RUN: click(findTestObject("Form_Selection_Creation/mainMenu_AdminTools"))

2019-02-28 16:11:56 - [MESSAGE][NOT_RUN] - NOT_RUN: click(findTestObject("Form_Selection_Creation/mainMenu_AdminTools"))

2019-02-28 16:11:56 - [TEST_STEP][PASSED] - Thread.sleep(2000): null

2019-02-28 16:11:58 - [TEST_STEP][PASSED] - click(findTestObject("SupplierFlow/requirements")): Object: 'Object Repository/SupplierFlow/requirements' is clicked on

2019-02-28 16:11:58 - [MESSAGE][PASSED] - Object: 'Object Repository/SupplierFlow/requirements' is clicked on

2019-02-28 16:11:58 - [TEST_STEP][PASSED] - Thread.sleep(4000): null

2019-02-28 16:12:02 - [TEST_STEP][PASSED] - click(findTestObject("SupplierFlow/addSupplierPlus")): Object: 'Object Repository/SupplierFlow/addSupplierPlus' is clicked on

2019-02-28 16:12:03 - [MESSAGE][PASSED] - Object: 'Object Repository/SupplierFlow/addSupplierPlus' is clicked on

2019-02-28 16:12:03 - [TEST_STEP][PASSED] - Thread.sleep(2000): null

2019-02-28 16:12:05 - [TEST_STEP][PASSED] - setText(findTestObject("SupplierFlow/setSupplierInRequirement"), findTestData("SupplierData").getValue("SupplierName", 1)): Text 'SuppReq_28/02/19-16:11' is set on object 'Object Repository/SupplierFlow/setSupplierInRequirement'

2019-02-28 16:12:05 - [MESSAGE][PASSED] - Text 'SuppReq_28/02/19-16:11' is set on object 'Object Repository/SupplierFlow/setSupplierInRequirement'

2019-02-28 16:12:05 - [TEST_STEP][PASSED] - sendKeys(findTestObject("SupplierFlow/setSupplierInRequirement"), Keys.chord(ENTER)): Keys 'ENTER + ' sent to object: 'Object Repository/SupplierFlow/setSupplierInRequirement'

2019-02-28 16:12:05 - [MESSAGE][PASSED] - Keys 'ENTER + ' sent to object: 'Object Repository/SupplierFlow/setSupplierInRequirement'

2019-02-28 16:12:05 - [TEST_STEP][PASSED] - Thread.sleep(4000): null

2019-02-28 16:12:09 - [TEST_STEP][PASSED] - click(findTestObject("SupplierFlow/optionToSelectNewRequirement")): Object: 'Object Repository/SupplierFlow/optionToSelectNewRequirement' is clicked on

2019-02-28 16:12:09 - [MESSAGE][PASSED] - Object: 'Object Repository/SupplierFlow/optionToSelectNewRequirement' is clicked on

2019-02-28 16:12:09 - [TEST_STEP][PASSED] - Thread.sleep(2000): null

2019-02-28 16:12:11 - [TEST_STEP][PASSED] - click(findTestObject("SupplierFlow/selectAckOption")): Object: 'Object Repository/SupplierFlow/selectAckOption' is clicked on

2019-02-28 16:12:11 - [MESSAGE][PASSED] - Object: 'Object Repository/SupplierFlow/selectAckOption' is clicked on

2019-02-28 16:12:11 - [TEST_STEP][PASSED] - waitForElementNotPresent(findTestObject("SupplierFlow/testACK"), 45): Web element with id: 'Object Repository/SupplierFlow/testACK' located by 'By.xpath: //*[@id="scs-pp-acknowledgement-step-1-grid-container"]//tr[1]/td[3]' is not present after '45' second(s)

2019-02-28 16:12:11 - [MESSAGE][PASSED] - Web element with id: 'Object Repository/SupplierFlow/testACK' located by 'By.xpath: //*[@id="scs-pp-acknowledgement-step-1-grid-container"]//tr[1]/td[3]' is not present after '45' second(s)

2019-02-28 16:12:11 - [TEST_STEP][PASSED] - waitForElementClickable(findTestObject("SupplierFlow/testACK"), 45): Object 'Object Repository/SupplierFlow/testACK' is clickable

2019-02-28 16:12:16 - [MESSAGE][PASSED] - Object 'Object Repository/SupplierFlow/testACK' is clickable

2019-02-28 16:12:16 - [TEST_STEP][PASSED] - Supplier.selectACK(): Supplier.selectACK is PASSED

2019-02-28 16:12:20 - [MESSAGE][PASSED] - Supplier.selectACK is PASSED

2019-02-28 16:12:20 - [TEST_STEP][PASSED] - Thread.sleep(2000): null

2019-02-28 16:12:22 - [TEST_STEP][PASSED] - click(findTestObject("SupplierFlow/nextButtonReqForm")): Object: 'Object Repository/SupplierFlow/nextButtonReqForm' is clicked on

2019-02-28 16:12:22 - [MESSAGE][PASSED] - Object: 'Object Repository/SupplierFlow/nextButtonReqForm' is clicked on

2019-02-28 16:12:22 - [TEST_STEP][NOT_RUN] - Thread.sleep(3000): NOT_RUN: Thread.sleep(3000)

2019-02-28 16:12:22 - [MESSAGE][NOT_RUN] - NOT_RUN: Thread.sleep(3000)

2019-02-28 16:12:22 - [TEST_STEP][NOT_RUN] - click(findTestObject("SupplierFlow/bold")): NOT_RUN: click(findTestObject("SupplierFlow/bold"))

2019-02-28 16:12:22 - [MESSAGE][NOT_RUN] - NOT_RUN: click(findTestObject("SupplierFlow/bold"))

2019-02-28 16:12:22 - [TEST_STEP][NOT_RUN] - Thread.sleep(2000): NOT_RUN: Thread.sleep(2000)

2019-02-28 16:12:22 - [MESSAGE][NOT_RUN] - NOT_RUN: Thread.sleep(2000)

2019-02-28 16:12:22 - [TEST_STEP][NOT_RUN] - sendKeys(findTestObject("SupplierFlow/ackMessage"), "This is automatic acknowledment message."): NOT_RUN: sendKeys(findTestObject("SupplierFlow/ackMessage"), "This is automatic acknowledment message.")

2019-02-28 16:12:22 - [MESSAGE][NOT_RUN] - NOT_RUN: sendKeys(findTestObject("SupplierFlow/ackMessage"), "This is automatic acknowledment message.")

2019-02-28 16:12:22 - [TEST_STEP][PASSED] - Thread.sleep(2000): null

2019-02-28 16:12:24 - [TEST_STEP][PASSED] - click(findTestObject("SupplierFlow/nextButtonReqForm")): Object: 'Object Repository/SupplierFlow/nextButtonReqForm' is clicked on

2019-02-28 16:12:24 - [MESSAGE][PASSED] - Object: 'Object Repository/SupplierFlow/nextButtonReqForm' is clicked on

2019-02-28 16:12:24 - [TEST_STEP][PASSED] - Supplier.setACKTaskName(): Supplier.setACKTaskName is PASSED

2019-02-28 16:12:26 - [MESSAGE][PASSED] - Supplier.setACKTaskName is PASSED

2019-02-28 16:12:26 - [TEST_STEP][PASSED] - Thread.sleep(4000): null

2019-02-28 16:12:30 - [TEST_STEP][PASSED] - setText(findTestObject("SupplierFlow/setTaskName"), findTestData("SupplierData").getValue("ACKTask", 1)): Text 'TestACKTask_28/02/19-16:12' is set on object 'Object Repository/SupplierFlow/setTaskName'

2019-02-28 16:12:31 - [MESSAGE][PASSED] - Text 'TestACKTask_28/02/19-16:12' is set on object 'Object Repository/SupplierFlow/setTaskName'

2019-02-28 16:12:31 - [TEST_STEP][PASSED] - click(findTestObject("SupplierFlow/approvedBy")): Object: 'Object Repository/SupplierFlow/approvedBy' is clicked on

2019-02-28 16:12:31 - [MESSAGE][PASSED] - Object: 'Object Repository/SupplierFlow/approvedBy' is clicked on

2019-02-28 16:12:31 - [TEST_STEP][PASSED] - Thread.sleep(2000): null

2019-02-28 16:12:33 - [TEST_STEP][PASSED] - Supplier.selectWG(): Supplier.selectWG is PASSED

2019-02-28 16:12:35 - [MESSAGE][PASSED] - Supplier.selectWG is PASSED

2019-02-28 16:12:35 - [TEST_STEP][PASSED] - Thread.sleep(2000): null

2019-02-28 16:12:37 - [TEST_STEP][PASSED] - click(findTestObject("SupplierFlow/saveButtonTask")): Object: 'Object Repository/SupplierFlow/saveButtonTask' is clicked on

2019-02-28 16:12:37 - [MESSAGE][PASSED] - Object: 'Object Repository/SupplierFlow/saveButtonTask' is clicked on

2019-02-28 16:12:37 - [TEST_STEP][PASSED] - Thread.sleep(6000): null

2019-02-28 16:12:43 - [TEST_STEP][PASSED] - click(findTestObject("SupplierFlow/optionToSelectNewRequirement")): Object: 'Object Repository/SupplierFlow/optionToSelectNewRequirement' is clicked on

2019-02-28 16:12:43 - [MESSAGE][PASSED] - Object: 'Object Repository/SupplierFlow/optionToSelectNewRequirement' is clicked on

2019-02-28 16:12:43 - [TEST_STEP][PASSED] - Thread.sleep(2000): null

2019-02-28 16:12:45 - [TEST_STEP][PASSED] - click(findTestObject("SupplierFlow/selectCompleteForm")): Object: 'Object Repository/SupplierFlow/selectCompleteForm' is clicked on

2019-02-28 16:12:46 - [MESSAGE][PASSED] - Object: 'Object Repository/SupplierFlow/selectCompleteForm' is clicked on

2019-02-28 16:12:46 - [TEST_STEP][PASSED] - waitForElementNotPresent(findTestObject("SupplierFlow/testForm"), 45): Web element with id: 'Object Repository/SupplierFlow/testForm' located by 'By.xpath: //*[@id="scs-pp-acknowledgement-step-1-grid-container"]//tr[1]/td[2]' is not present after '45' second(s)

2019-02-28 16:12:46 - [MESSAGE][PASSED] - Web element with id: 'Object Repository/SupplierFlow/testForm' located by 'By.xpath: //*[@id="scs-pp-acknowledgement-step-1-grid-container"]//tr[1]/td[2]' is not present after '45' second(s)

2019-02-28 16:12:46 - [TEST_STEP][PASSED] - waitForElementClickable(findTestObject("SupplierFlow/testForm"), 45): Object 'Object Repository/SupplierFlow/testForm' is clickable

2019-02-28 16:12:50 - [MESSAGE][PASSED] - Object 'Object Repository/SupplierFlow/testForm' is clickable

2019-02-28 16:12:50 - [TEST_STEP][NOT_RUN] - check(findTestObject("SupplierFlow/selectForm")): NOT_RUN: check(findTestObject("SupplierFlow/selectForm"))

2019-02-28 16:12:50 - [MESSAGE][NOT_RUN] - NOT_RUN: check(findTestObject("SupplierFlow/selectForm"))

2019-02-28 16:12:50 - [TEST_STEP][PASSED] - Supplier.selectForm(): Supplier.selectForm is PASSED

2019-02-28 16:12:54 - [MESSAGE][PASSED] - Supplier.selectForm is PASSED

2019-02-28 16:12:54 - [TEST_STEP][PASSED] - Thread.sleep(2000): null

2019-02-28 16:12:56 - [TEST_STEP][PASSED] - click(findTestObject("SupplierFlow/nextButtonReqForm")): Object: 'Object Repository/SupplierFlow/nextButtonReqForm' is clicked on

2019-02-28 16:12:56 - [MESSAGE][PASSED] - Object: 'Object Repository/SupplierFlow/nextButtonReqForm' is clicked on

2019-02-28 16:12:56 - [TEST_STEP][PASSED] - Supplier.setFormTaskName(): Supplier.setFormTaskName is PASSED

2019-02-28 16:12:58 - [MESSAGE][PASSED] - Supplier.setFormTaskName is PASSED

2019-02-28 16:12:58 - [TEST_STEP][PASSED] - Thread.sleep(4000): null

2019-02-28 16:13:02 - [TEST_STEP][PASSED] - setText(findTestObject("SupplierFlow/setTaskName"), findTestData("SupplierData").getValue("FormTask", 1)): Text 'TestFormTask_28/02/19-16:12' is set on object 'Object Repository/SupplierFlow/setTaskName'

2019-02-28 16:13:03 - [MESSAGE][PASSED] - Text 'TestFormTask_28/02/19-16:12' is set on object 'Object Repository/SupplierFlow/setTaskName'

2019-02-28 16:13:03 - [TEST_STEP][PASSED] - click(findTestObject("SupplierFlow/approvedBy")): Object: 'Object Repository/SupplierFlow/approvedBy' is clicked on

2019-02-28 16:13:03 - [MESSAGE][PASSED] - Object: 'Object Repository/SupplierFlow/approvedBy' is clicked on

2019-02-28 16:13:03 - [TEST_STEP][PASSED] - Thread.sleep(2000): null

2019-02-28 16:13:05 - [TEST_STEP][PASSED] - Supplier.selectWG(): Supplier.selectWG is PASSED

2019-02-28 16:13:11 - [MESSAGE][PASSED] - Supplier.selectWG is PASSED

2019-02-28 16:13:11 - [TEST_STEP][PASSED] - Thread.sleep(2000): null

2019-02-28 16:13:13 - [TEST_STEP][PASSED] - click(findTestObject("SupplierFlow/saveButtonTask")): Object: 'Object Repository/SupplierFlow/saveButtonTask' is clicked on

2019-02-28 16:13:13 - [MESSAGE][PASSED] - Object: 'Object Repository/SupplierFlow/saveButtonTask' is clicked on

2019-02-28 16:13:13 - [TEST_STEP][PASSED] - AdminTool_Location.moveCursor(): AdminTool_Location.moveCursor is PASSED

2019-02-28 16:13:13 - [MESSAGE][PASSED] - AdminTool_Location.moveCursor is PASSED

2019-02-28 16:13:13 - [TEST_STEP][PASSED] - Thread.sleep(2000): null

2019-02-28 16:13:15 - [TEST_STEP][PASSED] - Thread.sleep(6000): null

2019-02-28 16:13:21 - [TEST_STEP][PASSED] - click(findTestObject("SupplierFlow/optionToSelectNewRequirement")): Object: 'Object Repository/SupplierFlow/optionToSelectNewRequirement' is clicked on

2019-02-28 16:13:21 - [MESSAGE][PASSED] - Object: 'Object Repository/SupplierFlow/optionToSelectNewRequirement' is clicked on

2019-02-28 16:13:21 - [TEST_STEP][PASSED] - Thread.sleep(2000): null

2019-02-28 16:13:23 - [TEST_STEP][PASSED] - click(findTestObject("SupplierFlow/selectDocumentUploadOption")): Object: 'Object Repository/SupplierFlow/selectDocumentUploadOption' is clicked on

2019-02-28 16:13:23 - [MESSAGE][PASSED] - Object: 'Object Repository/SupplierFlow/selectDocumentUploadOption' is clicked on

2019-02-28 16:13:23 - [TEST_STEP][PASSED] - waitForElementNotPresent(findTestObject("SupplierFlow/testDoc"), 45): Web element with id: 'Object Repository/SupplierFlow/testDoc' located by 'By.xpath: //*[@id="scs-pp-acknowledgement-step-1-grid-container"]//tr[1]/td[2]' is not present after '45' second(s)

2019-02-28 16:13:23 - [MESSAGE][PASSED] - Web element with id: 'Object Repository/SupplierFlow/testDoc' located by 'By.xpath: //*[@id="scs-pp-acknowledgement-step-1-grid-container"]//tr[1]/td[2]' is not present after '45' second(s)

2019-02-28 16:13:23 - [TEST_STEP][PASSED] - waitForElementClickable(findTestObject("SupplierFlow/testDoc"), 45): Object 'Object Repository/SupplierFlow/testDoc' is clickable

2019-02-28 16:13:27 - [MESSAGE][PASSED] - Object 'Object Repository/SupplierFlow/testDoc' is clickable

2019-02-28 16:13:27 - [TEST_STEP][PASSED] - Supplier.selectDocument(): Supplier.selectDocument is PASSED

2019-02-28 16:13:31 - [MESSAGE][PASSED] - Supplier.selectDocument is PASSED

2019-02-28 16:13:31 - [TEST_STEP][PASSED] - Thread.sleep(2000): null

2019-02-28 16:13:33 - [TEST_STEP][PASSED] - click(findTestObject("SupplierFlow/nextButtonReqForm")): Object: 'Object Repository/SupplierFlow/nextButtonReqForm' is clicked on

2019-02-28 16:13:33 - [MESSAGE][PASSED] - Object: 'Object Repository/SupplierFlow/nextButtonReqForm' is clicked on

2019-02-28 16:13:33 - [TEST_STEP][PASSED] - Supplier.setDocTaskName(): Supplier.setDocTaskName is PASSED

2019-02-28 16:13:35 - [MESSAGE][PASSED] - Supplier.setDocTaskName is PASSED

2019-02-28 16:13:35 - [TEST_STEP][PASSED] - Thread.sleep(4000): null

2019-02-28 16:13:39 - [TEST_STEP][PASSED] - setText(findTestObject("SupplierFlow/setTaskName"), findTestData("SupplierData").getValue("DocTask", 1)): Text 'TestDocTask_28/02/19-16:13' is set on object 'Object Repository/SupplierFlow/setTaskName'

2019-02-28 16:13:40 - [MESSAGE][PASSED] - Text 'TestDocTask_28/02/19-16:13' is set on object 'Object Repository/SupplierFlow/setTaskName'

2019-02-28 16:13:40 - [TEST_STEP][PASSED] - click(findTestObject("SupplierFlow/approvedBy")): Object: 'Object Repository/SupplierFlow/approvedBy' is clicked on

2019-02-28 16:13:41 - [MESSAGE][PASSED] - Object: 'Object Repository/SupplierFlow/approvedBy' is clicked on

2019-02-28 16:13:41 - [TEST_STEP][PASSED] - Thread.sleep(2000): null

2019-02-28 16:13:43 - [TEST_STEP][PASSED] - Supplier.selectWG(): Supplier.selectWG is PASSED

2019-02-28 16:13:51 - [MESSAGE][PASSED] - Supplier.selectWG is PASSED

2019-02-28 16:13:51 - [TEST_STEP][PASSED] - Thread.sleep(2000): null

2019-02-28 16:13:53 - [TEST_STEP][PASSED] - click(findTestObject("SupplierFlow/saveButtonTask")): Object: 'Object Repository/SupplierFlow/saveButtonTask' is clicked on

2019-02-28 16:13:53 - [MESSAGE][PASSED] - Object: 'Object Repository/SupplierFlow/saveButtonTask' is clicked on

2019-02-28 16:13:53 - [TEST_STEP][PASSED] - Thread.sleep(6000): null

2019-02-28 16:13:59 - [TEST_STEP][PASSED] - click(findTestObject("SupplierFlow/supplierTabInRequirement")): Object: 'Object Repository/SupplierFlow/supplierTabInRequirement' is clicked on

2019-02-28 16:13:59 - [MESSAGE][PASSED] - Object: 'Object Repository/SupplierFlow/supplierTabInRequirement' is clicked on

2019-02-28 16:13:59 - [TEST_STEP][PASSED] - Thread.sleep(4000): null

2019-02-28 16:14:03 - [TEST_STEP][PASSED] - click(findTestObject("SupplierFlow/selectNewSupplier")): Object: 'Object Repository/SupplierFlow/selectNewSupplier' is clicked on

2019-02-28 16:14:03 - [MESSAGE][PASSED] - Object: 'Object Repository/SupplierFlow/selectNewSupplier' is clicked on

2019-02-28 16:14:03 - [TEST_STEP][PASSED] - Thread.sleep(4000): null

2019-02-28 16:14:07 - [TEST_STEP][PASSED] - Supplier.selectNewSupplier(): Supplier.selectNewSupplier is PASSED

2019-02-28 16:14:14 - [MESSAGE][PASSED] - Supplier.selectNewSupplier is PASSED

2019-02-28 16:14:14 - [TEST_STEP][PASSED] - Thread.sleep(2000): null

2019-02-28 16:14:16 - [TEST_STEP][PASSED] - click(findTestObject("SupplierFlow/saveSupplierSelection")): Object: 'Object Repository/SupplierFlow/saveSupplierSelection' is clicked on

2019-02-28 16:14:16 - [MESSAGE][PASSED] - Object: 'Object Repository/SupplierFlow/saveSupplierSelection' is clicked on

2019-02-28 16:14:16 - [TEST_STEP][PASSED] - Thread.sleep(6000): null

2019-02-28 16:14:22 - [TEST_STEP][NOT_RUN] - click(findTestObject("TestUser/clickToCheck")): NOT_RUN: click(findTestObject("TestUser/clickToCheck"))

2019-02-28 16:14:22 - [MESSAGE][NOT_RUN] - NOT_RUN: click(findTestObject("TestUser/clickToCheck"))

2019-02-28 16:14:22 - [TEST_STEP][NOT_RUN] - Thread.sleep(2000): NOT_RUN: Thread.sleep(2000)

2019-02-28 16:14:22 - [MESSAGE][NOT_RUN] - NOT_RUN: Thread.sleep(2000)

2019-02-28 16:14:22 - [TEST_STEP][NOT_RUN] - click(findTestObject("TestUser/logoutUser")): NOT_RUN: click(findTestObject("TestUser/logoutUser"))

2019-02-28 16:14:22 - [MESSAGE][NOT_RUN] - NOT_RUN: click(findTestObject("TestUser/logoutUser"))

2019-02-28 16:14:22 - [TEST_STEP][NOT_RUN] - Thread.sleep(2000): NOT_RUN: Thread.sleep(2000)

2019-02-28 16:14:22 - [MESSAGE][NOT_RUN] - NOT_RUN: Thread.sleep(2000)]]></system-out>
         <system-err><![CDATA[]]></system-err>
      </testcase>
      <testcase name="Test Cases/SupplierFlow/6_2_CreateRequirement_Items" classname="Test Cases/SupplierFlow/6_2_CreateRequirement_Items" status="PASSED">
         <system-out><![CDATA[2019-02-28 16:14:22 - [TEST_CASE][PASSED] - Test Cases/SupplierFlow/6_2_CreateRequirement_Items: Test Cases/SupplierFlow/6_2_CreateRequirement_Items

2019-02-28 16:14:22 - [TEST_STEP][NOT_RUN] - openBrowser(URL): NOT_RUN: openBrowser(URL)

2019-02-28 16:14:22 - [MESSAGE][NOT_RUN] - NOT_RUN: openBrowser(URL)

2019-02-28 16:14:22 - [TEST_STEP][NOT_RUN] - maximizeWindow(): NOT_RUN: maximizeWindow()

2019-02-28 16:14:22 - [MESSAGE][NOT_RUN] - NOT_RUN: maximizeWindow()

2019-02-28 16:14:22 - [TEST_STEP][NOT_RUN] - setText(findTestObject("TestUserLocation/login_Username"), UserName1): NOT_RUN: setText(findTestObject("TestUserLocation/login_Username"), UserName1)

2019-02-28 16:14:22 - [MESSAGE][NOT_RUN] - NOT_RUN: setText(findTestObject("TestUserLocation/login_Username"), UserName1)

2019-02-28 16:14:22 - [TEST_STEP][NOT_RUN] - setText(findTestObject("TestUserLocation/login_Password"), Password1): NOT_RUN: setText(findTestObject("TestUserLocation/login_Password"), Password1)

2019-02-28 16:14:22 - [MESSAGE][NOT_RUN] - NOT_RUN: setText(findTestObject("TestUserLocation/login_Password"), Password1)

2019-02-28 16:14:22 - [TEST_STEP][PASSED] - Thread.sleep(2000): null

2019-02-28 16:14:24 - [TEST_STEP][PASSED] - Supplier.setItemName(): Supplier.setItemName is PASSED

2019-02-28 16:14:24 - [MESSAGE][PASSED] - Supplier.setItemName is PASSED

2019-02-28 16:14:24 - [TEST_STEP][NOT_RUN] - click(findTestObject("TestUserLocation/login_Button")): NOT_RUN: click(findTestObject("TestUserLocation/login_Button"))

2019-02-28 16:14:24 - [MESSAGE][NOT_RUN] - NOT_RUN: click(findTestObject("TestUserLocation/login_Button"))

2019-02-28 16:14:24 - [TEST_STEP][PASSED] - Thread.sleep(6000): null

2019-02-28 16:14:30 - [TEST_STEP][NOT_RUN] - Thread.sleep(4000): NOT_RUN: Thread.sleep(4000)

2019-02-28 16:14:30 - [MESSAGE][NOT_RUN] - NOT_RUN: Thread.sleep(4000)

2019-02-28 16:14:30 - [TEST_STEP][PASSED] - click(findTestObject("TestUserLocation/mainmenu_button")): Object: 'Object Repository/TestUserLocation/mainmenu_button' is clicked on

2019-02-28 16:14:30 - [MESSAGE][PASSED] - Object: 'Object Repository/TestUserLocation/mainmenu_button' is clicked on

2019-02-28 16:14:30 - [TEST_STEP][NOT_RUN] - click(findTestObject("Form_Selection_Creation/mainMenu_AdminTools")): NOT_RUN: click(findTestObject("Form_Selection_Creation/mainMenu_AdminTools"))

2019-02-28 16:14:30 - [MESSAGE][NOT_RUN] - NOT_RUN: click(findTestObject("Form_Selection_Creation/mainMenu_AdminTools"))

2019-02-28 16:14:30 - [TEST_STEP][PASSED] - Thread.sleep(2000): null

2019-02-28 16:14:32 - [TEST_STEP][PASSED] - click(findTestObject("SupplierFlow/requirements")): Object: 'Object Repository/SupplierFlow/requirements' is clicked on

2019-02-28 16:14:38 - [MESSAGE][PASSED] - Object: 'Object Repository/SupplierFlow/requirements' is clicked on

2019-02-28 16:14:38 - [TEST_STEP][PASSED] - Thread.sleep(4000): null

2019-02-28 16:14:42 - [TEST_STEP][PASSED] - click(findTestObject("SupplierFlow/openReqOptions")): Object: 'Object Repository/SupplierFlow/openReqOptions' is clicked on

2019-02-28 16:14:42 - [MESSAGE][PASSED] - Object: 'Object Repository/SupplierFlow/openReqOptions' is clicked on

2019-02-28 16:14:42 - [TEST_STEP][PASSED] - Thread.sleep(2000): null

2019-02-28 16:14:44 - [TEST_STEP][PASSED] - click(findTestObject("SupplierFlow/selectItemOption")): Object: 'Object Repository/SupplierFlow/selectItemOption' is clicked on

2019-02-28 16:14:49 - [MESSAGE][PASSED] - Object: 'Object Repository/SupplierFlow/selectItemOption' is clicked on

2019-02-28 16:14:49 - [TEST_STEP][PASSED] - Thread.sleep(2000): null

2019-02-28 16:14:51 - [TEST_STEP][PASSED] - click(findTestObject("SupplierFlow/addSupplierPlus")): Object: 'Object Repository/SupplierFlow/addSupplierPlus' is clicked on

2019-02-28 16:14:51 - [MESSAGE][PASSED] - Object: 'Object Repository/SupplierFlow/addSupplierPlus' is clicked on

2019-02-28 16:14:51 - [TEST_STEP][PASSED] - Thread.sleep(2000): null

2019-02-28 16:14:53 - [TEST_STEP][PASSED] - setText(findTestObject("SupplierFlow/setSupplierInRequirement"), findTestData("SupplierData").getValue("ItemName", 1)): Text 'ItemReq_28/02/19-16:14' is set on object 'Object Repository/SupplierFlow/setSupplierInRequirement'

2019-02-28 16:14:54 - [MESSAGE][PASSED] - Text 'ItemReq_28/02/19-16:14' is set on object 'Object Repository/SupplierFlow/setSupplierInRequirement'

2019-02-28 16:14:54 - [TEST_STEP][PASSED] - sendKeys(findTestObject("SupplierFlow/setSupplierInRequirement"), Keys.chord(ENTER)): Keys 'ENTER + ' sent to object: 'Object Repository/SupplierFlow/setSupplierInRequirement'

2019-02-28 16:14:54 - [MESSAGE][PASSED] - Keys 'ENTER + ' sent to object: 'Object Repository/SupplierFlow/setSupplierInRequirement'

2019-02-28 16:14:54 - [TEST_STEP][PASSED] - Thread.sleep(4000): null

2019-02-28 16:14:58 - [TEST_STEP][PASSED] - click(findTestObject("SupplierFlow/optionToSelectNewRequirement")): Object: 'Object Repository/SupplierFlow/optionToSelectNewRequirement' is clicked on

2019-02-28 16:14:58 - [MESSAGE][PASSED] - Object: 'Object Repository/SupplierFlow/optionToSelectNewRequirement' is clicked on

2019-02-28 16:14:58 - [TEST_STEP][PASSED] - Thread.sleep(2000): null

2019-02-28 16:15:00 - [TEST_STEP][PASSED] - click(findTestObject("SupplierFlow/selectAckOption")): Object: 'Object Repository/SupplierFlow/selectAckOption' is clicked on

2019-02-28 16:15:00 - [MESSAGE][PASSED] - Object: 'Object Repository/SupplierFlow/selectAckOption' is clicked on

2019-02-28 16:15:00 - [TEST_STEP][PASSED] - waitForElementNotPresent(findTestObject("SupplierFlow/testACK"), 45): Web element with id: 'Object Repository/SupplierFlow/testACK' located by 'By.xpath: //*[@id="scs-pp-acknowledgement-step-1-grid-container"]//tr[1]/td[3]' is not present after '45' second(s)

2019-02-28 16:15:00 - [MESSAGE][PASSED] - Web element with id: 'Object Repository/SupplierFlow/testACK' located by 'By.xpath: //*[@id="scs-pp-acknowledgement-step-1-grid-container"]//tr[1]/td[3]' is not present after '45' second(s)

2019-02-28 16:15:00 - [TEST_STEP][PASSED] - waitForElementClickable(findTestObject("SupplierFlow/testACK"), 45): Object 'Object Repository/SupplierFlow/testACK' is clickable

2019-02-28 16:15:04 - [MESSAGE][PASSED] - Object 'Object Repository/SupplierFlow/testACK' is clickable

2019-02-28 16:15:04 - [TEST_STEP][PASSED] - Supplier.selectACK(): Supplier.selectACK is PASSED

2019-02-28 16:15:08 - [MESSAGE][PASSED] - Supplier.selectACK is PASSED

2019-02-28 16:15:08 - [TEST_STEP][PASSED] - Thread.sleep(2000): null

2019-02-28 16:15:10 - [TEST_STEP][PASSED] - click(findTestObject("SupplierFlow/nextButtonReqForm")): Object: 'Object Repository/SupplierFlow/nextButtonReqForm' is clicked on

2019-02-28 16:15:10 - [MESSAGE][PASSED] - Object: 'Object Repository/SupplierFlow/nextButtonReqForm' is clicked on

2019-02-28 16:15:10 - [TEST_STEP][NOT_RUN] - Thread.sleep(3000): NOT_RUN: Thread.sleep(3000)

2019-02-28 16:15:10 - [MESSAGE][NOT_RUN] - NOT_RUN: Thread.sleep(3000)

2019-02-28 16:15:10 - [TEST_STEP][NOT_RUN] - click(findTestObject("SupplierFlow/bold")): NOT_RUN: click(findTestObject("SupplierFlow/bold"))

2019-02-28 16:15:10 - [MESSAGE][NOT_RUN] - NOT_RUN: click(findTestObject("SupplierFlow/bold"))

2019-02-28 16:15:10 - [TEST_STEP][NOT_RUN] - Thread.sleep(2000): NOT_RUN: Thread.sleep(2000)

2019-02-28 16:15:10 - [MESSAGE][NOT_RUN] - NOT_RUN: Thread.sleep(2000)

2019-02-28 16:15:10 - [TEST_STEP][NOT_RUN] - sendKeys(findTestObject("SupplierFlow/ackMessage"), "This is automatic acknowledment message."): NOT_RUN: sendKeys(findTestObject("SupplierFlow/ackMessage"), "This is automatic acknowledment message.")

2019-02-28 16:15:10 - [MESSAGE][NOT_RUN] - NOT_RUN: sendKeys(findTestObject("SupplierFlow/ackMessage"), "This is automatic acknowledment message.")

2019-02-28 16:15:10 - [TEST_STEP][PASSED] - Thread.sleep(2000): null

2019-02-28 16:15:12 - [TEST_STEP][PASSED] - click(findTestObject("SupplierFlow/nextButtonReqForm")): Object: 'Object Repository/SupplierFlow/nextButtonReqForm' is clicked on

2019-02-28 16:15:12 - [MESSAGE][PASSED] - Object: 'Object Repository/SupplierFlow/nextButtonReqForm' is clicked on

2019-02-28 16:15:12 - [TEST_STEP][PASSED] - Supplier.setACKTaskName1(): Supplier.setACKTaskName1 is PASSED

2019-02-28 16:15:14 - [MESSAGE][PASSED] - Supplier.setACKTaskName1 is PASSED

2019-02-28 16:15:14 - [TEST_STEP][PASSED] - Thread.sleep(4000): null

2019-02-28 16:15:18 - [TEST_STEP][PASSED] - setText(findTestObject("SupplierFlow/setTaskName"), findTestData("SupplierData").getValue("ACKTask1", 1)): Text 'TestACKTask_28/02/19-16:15' is set on object 'Object Repository/SupplierFlow/setTaskName'

2019-02-28 16:15:24 - [MESSAGE][PASSED] - Text 'TestACKTask_28/02/19-16:15' is set on object 'Object Repository/SupplierFlow/setTaskName'

2019-02-28 16:15:24 - [TEST_STEP][PASSED] - click(findTestObject("SupplierFlow/approvedBy")): Object: 'Object Repository/SupplierFlow/approvedBy' is clicked on

2019-02-28 16:15:24 - [MESSAGE][PASSED] - Object: 'Object Repository/SupplierFlow/approvedBy' is clicked on

2019-02-28 16:15:24 - [TEST_STEP][PASSED] - Thread.sleep(2000): null

2019-02-28 16:15:26 - [TEST_STEP][PASSED] - Supplier.selectWG(): Supplier.selectWG is PASSED

2019-02-28 16:15:38 - [MESSAGE][PASSED] - Supplier.selectWG is PASSED

2019-02-28 16:15:38 - [TEST_STEP][PASSED] - Thread.sleep(2000): null

2019-02-28 16:15:40 - [TEST_STEP][PASSED] - click(findTestObject("SupplierFlow/saveButtonTask")): Object: 'Object Repository/SupplierFlow/saveButtonTask' is clicked on

2019-02-28 16:15:40 - [MESSAGE][PASSED] - Object: 'Object Repository/SupplierFlow/saveButtonTask' is clicked on

2019-02-28 16:15:40 - [TEST_STEP][PASSED] - Thread.sleep(6000): null

2019-02-28 16:15:46 - [TEST_STEP][PASSED] - click(findTestObject("SupplierFlow/optionToSelectNewRequirement")): Object: 'Object Repository/SupplierFlow/optionToSelectNewRequirement' is clicked on

2019-02-28 16:15:46 - [MESSAGE][PASSED] - Object: 'Object Repository/SupplierFlow/optionToSelectNewRequirement' is clicked on

2019-02-28 16:15:46 - [TEST_STEP][PASSED] - Thread.sleep(2000): null

2019-02-28 16:15:48 - [TEST_STEP][PASSED] - click(findTestObject("SupplierFlow/selectCompleteForm")): Object: 'Object Repository/SupplierFlow/selectCompleteForm' is clicked on

2019-02-28 16:15:48 - [MESSAGE][PASSED] - Object: 'Object Repository/SupplierFlow/selectCompleteForm' is clicked on

2019-02-28 16:15:48 - [TEST_STEP][PASSED] - waitForElementNotPresent(findTestObject("SupplierFlow/testForm"), 45): Web element with id: 'Object Repository/SupplierFlow/testForm' located by 'By.xpath: //*[@id="scs-pp-acknowledgement-step-1-grid-container"]//tr[1]/td[2]' is not present after '45' second(s)

2019-02-28 16:15:48 - [MESSAGE][PASSED] - Web element with id: 'Object Repository/SupplierFlow/testForm' located by 'By.xpath: //*[@id="scs-pp-acknowledgement-step-1-grid-container"]//tr[1]/td[2]' is not present after '45' second(s)

2019-02-28 16:15:48 - [TEST_STEP][PASSED] - waitForElementClickable(findTestObject("SupplierFlow/testForm"), 45): Object 'Object Repository/SupplierFlow/testForm' is clickable

2019-02-28 16:15:52 - [MESSAGE][PASSED] - Object 'Object Repository/SupplierFlow/testForm' is clickable

2019-02-28 16:15:52 - [TEST_STEP][NOT_RUN] - check(findTestObject("SupplierFlow/selectForm")): NOT_RUN: check(findTestObject("SupplierFlow/selectForm"))

2019-02-28 16:15:52 - [MESSAGE][NOT_RUN] - NOT_RUN: check(findTestObject("SupplierFlow/selectForm"))

2019-02-28 16:15:52 - [TEST_STEP][PASSED] - Supplier.selectForm(): Supplier.selectForm is PASSED

2019-02-28 16:15:57 - [MESSAGE][PASSED] - Supplier.selectForm is PASSED

2019-02-28 16:15:57 - [TEST_STEP][PASSED] - Thread.sleep(2000): null

2019-02-28 16:15:59 - [TEST_STEP][PASSED] - click(findTestObject("SupplierFlow/nextButtonReqForm")): Object: 'Object Repository/SupplierFlow/nextButtonReqForm' is clicked on

2019-02-28 16:15:59 - [MESSAGE][PASSED] - Object: 'Object Repository/SupplierFlow/nextButtonReqForm' is clicked on

2019-02-28 16:15:59 - [TEST_STEP][PASSED] - Supplier.setFormTaskName1(): Supplier.setFormTaskName1 is PASSED

2019-02-28 16:16:01 - [MESSAGE][PASSED] - Supplier.setFormTaskName1 is PASSED

2019-02-28 16:16:01 - [TEST_STEP][PASSED] - Thread.sleep(4000): null

2019-02-28 16:16:05 - [TEST_STEP][PASSED] - setText(findTestObject("SupplierFlow/setTaskName"), findTestData("SupplierData").getValue("FormTask1", 1)): Text 'TestFormTask_28/02/19-16:15' is set on object 'Object Repository/SupplierFlow/setTaskName'

2019-02-28 16:16:06 - [MESSAGE][PASSED] - Text 'TestFormTask_28/02/19-16:15' is set on object 'Object Repository/SupplierFlow/setTaskName'

2019-02-28 16:16:06 - [TEST_STEP][PASSED] - click(findTestObject("SupplierFlow/approvedBy")): Object: 'Object Repository/SupplierFlow/approvedBy' is clicked on

2019-02-28 16:16:07 - [MESSAGE][PASSED] - Object: 'Object Repository/SupplierFlow/approvedBy' is clicked on

2019-02-28 16:16:07 - [TEST_STEP][PASSED] - Thread.sleep(2000): null

2019-02-28 16:16:09 - [TEST_STEP][PASSED] - Supplier.selectWG(): Supplier.selectWG is PASSED

2019-02-28 16:16:23 - [MESSAGE][PASSED] - Supplier.selectWG is PASSED

2019-02-28 16:16:23 - [TEST_STEP][PASSED] - Thread.sleep(2000): null

2019-02-28 16:16:25 - [TEST_STEP][PASSED] - click(findTestObject("SupplierFlow/saveButtonTask")): Object: 'Object Repository/SupplierFlow/saveButtonTask' is clicked on

2019-02-28 16:16:25 - [MESSAGE][PASSED] - Object: 'Object Repository/SupplierFlow/saveButtonTask' is clicked on

2019-02-28 16:16:25 - [TEST_STEP][PASSED] - AdminTool_Location.moveCursor(): AdminTool_Location.moveCursor is PASSED

2019-02-28 16:16:25 - [MESSAGE][PASSED] - AdminTool_Location.moveCursor is PASSED

2019-02-28 16:16:25 - [TEST_STEP][PASSED] - Thread.sleep(2000): null

2019-02-28 16:16:27 - [TEST_STEP][PASSED] - Thread.sleep(6000): null

2019-02-28 16:16:33 - [TEST_STEP][PASSED] - click(findTestObject("SupplierFlow/optionToSelectNewRequirement")): Object: 'Object Repository/SupplierFlow/optionToSelectNewRequirement' is clicked on

2019-02-28 16:16:34 - [MESSAGE][PASSED] - Object: 'Object Repository/SupplierFlow/optionToSelectNewRequirement' is clicked on

2019-02-28 16:16:34 - [TEST_STEP][PASSED] - Thread.sleep(2000): null

2019-02-28 16:16:36 - [TEST_STEP][PASSED] - click(findTestObject("SupplierFlow/selectDocumentUploadOption")): Object: 'Object Repository/SupplierFlow/selectDocumentUploadOption' is clicked on

2019-02-28 16:16:36 - [MESSAGE][PASSED] - Object: 'Object Repository/SupplierFlow/selectDocumentUploadOption' is clicked on

2019-02-28 16:16:36 - [TEST_STEP][PASSED] - waitForElementNotPresent(findTestObject("SupplierFlow/testDoc"), 45): Web element with id: 'Object Repository/SupplierFlow/testDoc' located by 'By.xpath: //*[@id="scs-pp-acknowledgement-step-1-grid-container"]//tr[1]/td[2]' is not present after '45' second(s)

2019-02-28 16:16:36 - [MESSAGE][PASSED] - Web element with id: 'Object Repository/SupplierFlow/testDoc' located by 'By.xpath: //*[@id="scs-pp-acknowledgement-step-1-grid-container"]//tr[1]/td[2]' is not present after '45' second(s)

2019-02-28 16:16:36 - [TEST_STEP][PASSED] - waitForElementClickable(findTestObject("SupplierFlow/testDoc"), 45): Object 'Object Repository/SupplierFlow/testDoc' is clickable

2019-02-28 16:16:40 - [MESSAGE][PASSED] - Object 'Object Repository/SupplierFlow/testDoc' is clickable

2019-02-28 16:16:40 - [TEST_STEP][PASSED] - Supplier.selectDocument(): Supplier.selectDocument is PASSED

2019-02-28 16:16:44 - [MESSAGE][PASSED] - Supplier.selectDocument is PASSED

2019-02-28 16:16:44 - [TEST_STEP][PASSED] - Thread.sleep(2000): null

2019-02-28 16:16:46 - [TEST_STEP][PASSED] - click(findTestObject("SupplierFlow/nextButtonReqForm")): Object: 'Object Repository/SupplierFlow/nextButtonReqForm' is clicked on

2019-02-28 16:16:46 - [MESSAGE][PASSED] - Object: 'Object Repository/SupplierFlow/nextButtonReqForm' is clicked on

2019-02-28 16:16:46 - [TEST_STEP][PASSED] - Supplier.setDocTaskName1(): Supplier.setDocTaskName1 is PASSED

2019-02-28 16:16:48 - [MESSAGE][PASSED] - Supplier.setDocTaskName1 is PASSED

2019-02-28 16:16:48 - [TEST_STEP][PASSED] - Thread.sleep(4000): null

2019-02-28 16:16:52 - [TEST_STEP][PASSED] - setText(findTestObject("SupplierFlow/setTaskName"), findTestData("SupplierData").getValue("DocTask1", 1)): Text 'TestDocTask_28/02/19-16:16' is set on object 'Object Repository/SupplierFlow/setTaskName'

2019-02-28 16:16:53 - [MESSAGE][PASSED] - Text 'TestDocTask_28/02/19-16:16' is set on object 'Object Repository/SupplierFlow/setTaskName'

2019-02-28 16:16:53 - [TEST_STEP][PASSED] - click(findTestObject("SupplierFlow/approvedBy")): Object: 'Object Repository/SupplierFlow/approvedBy' is clicked on

2019-02-28 16:16:54 - [MESSAGE][PASSED] - Object: 'Object Repository/SupplierFlow/approvedBy' is clicked on

2019-02-28 16:16:54 - [TEST_STEP][PASSED] - Thread.sleep(2000): null

2019-02-28 16:16:56 - [TEST_STEP][PASSED] - Supplier.selectWG(): Supplier.selectWG is PASSED

2019-02-28 16:17:13 - [MESSAGE][PASSED] - Supplier.selectWG is PASSED

2019-02-28 16:17:13 - [TEST_STEP][PASSED] - Thread.sleep(2000): null

2019-02-28 16:17:15 - [TEST_STEP][PASSED] - click(findTestObject("SupplierFlow/saveButtonTask")): Object: 'Object Repository/SupplierFlow/saveButtonTask' is clicked on

2019-02-28 16:17:16 - [MESSAGE][PASSED] - Object: 'Object Repository/SupplierFlow/saveButtonTask' is clicked on

2019-02-28 16:17:16 - [TEST_STEP][PASSED] - Thread.sleep(6000): null

2019-02-28 16:17:22 - [TEST_STEP][PASSED] - click(findTestObject("SupplierFlow/itemsTabInReq")): Object: 'Object Repository/SupplierFlow/itemsTabInReq' is clicked on

2019-02-28 16:17:22 - [MESSAGE][PASSED] - Object: 'Object Repository/SupplierFlow/itemsTabInReq' is clicked on

2019-02-28 16:17:22 - [TEST_STEP][PASSED] - Thread.sleep(4000): null

2019-02-28 16:17:26 - [TEST_STEP][PASSED] - click(findTestObject("SupplierFlow/selectNewSupplier")): Object: 'Object Repository/SupplierFlow/selectNewSupplier' is clicked on

2019-02-28 16:17:26 - [MESSAGE][PASSED] - Object: 'Object Repository/SupplierFlow/selectNewSupplier' is clicked on

2019-02-28 16:17:26 - [TEST_STEP][PASSED] - Thread.sleep(4000): null

2019-02-28 16:17:30 - [TEST_STEP][PASSED] - Supplier.selectNewItem(): Supplier.selectNewItem is PASSED

2019-02-28 16:17:35 - [MESSAGE][PASSED] - Supplier.selectNewItem is PASSED

2019-02-28 16:17:35 - [TEST_STEP][PASSED] - Thread.sleep(2000): null

2019-02-28 16:17:37 - [TEST_STEP][PASSED] - click(findTestObject("SupplierFlow/saveSupplierSelection")): Object: 'Object Repository/SupplierFlow/saveSupplierSelection' is clicked on

2019-02-28 16:17:37 - [MESSAGE][PASSED] - Object: 'Object Repository/SupplierFlow/saveSupplierSelection' is clicked on

2019-02-28 16:17:37 - [TEST_STEP][PASSED] - Thread.sleep(6000): null

2019-02-28 16:17:43 - [TEST_STEP][PASSED] - click(findTestObject("TestUser/clickToCheck")): Object: 'Object Repository/TestUser/clickToCheck' is clicked on

2019-02-28 16:17:43 - [MESSAGE][PASSED] - Object: 'Object Repository/TestUser/clickToCheck' is clicked on

2019-02-28 16:17:43 - [TEST_STEP][PASSED] - Thread.sleep(2000): null

2019-02-28 16:17:45 - [TEST_STEP][PASSED] - click(findTestObject("TestUser/logoutUser")): Object: 'Object Repository/TestUser/logoutUser' is clicked on

2019-02-28 16:17:49 - [MESSAGE][PASSED] - Object: 'Object Repository/TestUser/logoutUser' is clicked on

2019-02-28 16:17:49 - [TEST_STEP][PASSED] - Thread.sleep(2000): null]]></system-out>
         <system-err><![CDATA[]]></system-err>
      </testcase>
      <testcase name="Test Cases/SupplierFlow/7_SupplierFirstLogin" classname="Test Cases/SupplierFlow/7_SupplierFirstLogin" status="PASSED">
         <system-out><![CDATA[2019-02-28 16:17:51 - [TEST_CASE][PASSED] - Test Cases/SupplierFlow/7_SupplierFirstLogin: Test Cases/SupplierFlow/7_SupplierFirstLogin

2019-02-28 16:17:52 - [TEST_STEP][NOT_RUN] - openBrowser(URL): NOT_RUN: openBrowser(URL)

2019-02-28 16:17:52 - [MESSAGE][NOT_RUN] - NOT_RUN: openBrowser(URL)

2019-02-28 16:17:52 - [TEST_STEP][NOT_RUN] - Thread.sleep(2000): NOT_RUN: Thread.sleep(2000)

2019-02-28 16:17:52 - [MESSAGE][NOT_RUN] - NOT_RUN: Thread.sleep(2000)

2019-02-28 16:17:52 - [TEST_STEP][NOT_RUN] - maximizeWindow(): NOT_RUN: maximizeWindow()

2019-02-28 16:17:52 - [MESSAGE][NOT_RUN] - NOT_RUN: maximizeWindow()

2019-02-28 16:17:52 - [TEST_STEP][PASSED] - Thread.sleep(2000): null

2019-02-28 16:17:54 - [TEST_STEP][PASSED] - driver = getWebDriver(): null

2019-02-28 16:17:54 - [TEST_STEP][PASSED] - setText(findTestObject("TestUserLocation/login_Username"), findTestData("SupplierData").getValue("UserName", 1)): Text 'Supplier_28/02/19-16:11' is set on object 'Object Repository/TestUserLocation/login_Username'

2019-02-28 16:17:54 - [MESSAGE][PASSED] - Text 'Supplier_28/02/19-16:11' is set on object 'Object Repository/TestUserLocation/login_Username'

2019-02-28 16:17:54 - [TEST_STEP][PASSED] - setText(findTestObject("TestUserLocation/login_Password"), findTestData("SupplierData").getValue("Password", 1)): Text 'password' is set on object 'Object Repository/TestUserLocation/login_Password'

2019-02-28 16:17:54 - [MESSAGE][PASSED] - Text 'password' is set on object 'Object Repository/TestUserLocation/login_Password'

2019-02-28 16:17:54 - [TEST_STEP][PASSED] - Thread.sleep(2000): null

2019-02-28 16:17:56 - [TEST_STEP][PASSED] - click(findTestObject("TestUserLocation/login_Button")): Object: 'Object Repository/TestUserLocation/login_Button' is clicked on

2019-02-28 16:17:57 - [MESSAGE][PASSED] - Object: 'Object Repository/TestUserLocation/login_Button' is clicked on

2019-02-28 16:17:57 - [TEST_STEP][PASSED] - Thread.sleep(6000): null

2019-02-28 16:18:03 - [TEST_STEP][PASSED] - setText(findTestObject("TestUser/newPassword"), findTestData("SupplierData").getValue("NewPassword", 1)): Text 'password@123#' is set on object 'Object Repository/TestUser/newPassword'

2019-02-28 16:18:03 - [MESSAGE][PASSED] - Text 'password@123#' is set on object 'Object Repository/TestUser/newPassword'

2019-02-28 16:18:03 - [TEST_STEP][PASSED] - setText(findTestObject("TestUser/confirmPassword"), findTestData("SupplierData").getValue("NewPassword", 1)): Text 'password@123#' is set on object 'Object Repository/TestUser/confirmPassword'

2019-02-28 16:18:03 - [MESSAGE][PASSED] - Text 'password@123#' is set on object 'Object Repository/TestUser/confirmPassword'

2019-02-28 16:18:03 - [TEST_STEP][PASSED] - Thread.sleep(2000): null

2019-02-28 16:18:05 - [TEST_STEP][PASSED] - click(findTestObject("TestUser/createPasswordButton")): Object: 'Object Repository/TestUser/createPasswordButton' is clicked on

2019-02-28 16:18:06 - [MESSAGE][PASSED] - Object: 'Object Repository/TestUser/createPasswordButton' is clicked on

2019-02-28 16:18:06 - [TEST_STEP][PASSED] - Thread.sleep(4000): null

2019-02-28 16:18:10 - [TEST_STEP][PASSED] - setText(findTestObject("TestUserLocation/login_Username"), findTestData("SupplierData").getValue("UserName", 1)): Text 'Supplier_28/02/19-16:11' is set on object 'Object Repository/TestUserLocation/login_Username'

2019-02-28 16:18:10 - [MESSAGE][PASSED] - Text 'Supplier_28/02/19-16:11' is set on object 'Object Repository/TestUserLocation/login_Username'

2019-02-28 16:18:10 - [TEST_STEP][PASSED] - setText(findTestObject("TestUserLocation/login_Password"), findTestData("SupplierData").getValue("NewPassword", 1)): Text 'password@123#' is set on object 'Object Repository/TestUserLocation/login_Password'

2019-02-28 16:18:10 - [MESSAGE][PASSED] - Text 'password@123#' is set on object 'Object Repository/TestUserLocation/login_Password'

2019-02-28 16:18:10 - [TEST_STEP][PASSED] - Thread.sleep(2000): null

2019-02-28 16:18:12 - [TEST_STEP][PASSED] - click(findTestObject("TestUserLocation/login_Button")): Object: 'Object Repository/TestUserLocation/login_Button' is clicked on

2019-02-28 16:18:14 - [MESSAGE][PASSED] - Object: 'Object Repository/TestUserLocation/login_Button' is clicked on

2019-02-28 16:18:14 - [TEST_STEP][PASSED] - Thread.sleep(6000): null

2019-02-28 16:18:20 - [TEST_STEP][PASSED] - AdminTool_Location.moveCursor(): AdminTool_Location.moveCursor is PASSED

2019-02-28 16:18:20 - [MESSAGE][PASSED] - AdminTool_Location.moveCursor is PASSED

2019-02-28 16:18:20 - [TEST_STEP][PASSED] - Thread.sleep(2000): null

2019-02-28 16:18:22 - [TEST_STEP][PASSED] - Submission.supplierPortalSubmission(): Submission.supplierPortalSubmission is PASSED

2019-02-28 16:22:22 - [MESSAGE][PASSED] - Submission.supplierPortalSubmission is PASSED

2019-02-28 16:22:22 - [TEST_STEP][NOT_RUN] - Supplier.selectSupplierTask(): NOT_RUN: Supplier.selectSupplierTask()

2019-02-28 16:22:22 - [MESSAGE][NOT_RUN] - NOT_RUN: Supplier.selectSupplierTask()

2019-02-28 16:22:22 - [TEST_STEP][PASSED] - waitForElementClickable(findTestObject("TestUser/clickToCheck"), 45): Object 'Object Repository/TestUser/clickToCheck' is clickable

2019-02-28 16:22:22 - [MESSAGE][PASSED] - Object 'Object Repository/TestUser/clickToCheck' is clickable

2019-02-28 16:22:22 - [TEST_STEP][PASSED] - click(findTestObject("TestUser/clickToCheck")): Object: 'Object Repository/TestUser/clickToCheck' is clicked on

2019-02-28 16:22:22 - [MESSAGE][PASSED] - Object: 'Object Repository/TestUser/clickToCheck' is clicked on

2019-02-28 16:22:22 - [TEST_STEP][PASSED] - Thread.sleep(2000): null

2019-02-28 16:22:24 - [TEST_STEP][PASSED] - click(findTestObject("TestUser/logoutUser")): Object: 'Object Repository/TestUser/logoutUser' is clicked on

2019-02-28 16:22:25 - [MESSAGE][PASSED] - Object: 'Object Repository/TestUser/logoutUser' is clicked on

2019-02-28 16:22:25 - [TEST_STEP][PASSED] - Thread.sleep(2000): null]]></system-out>
         <system-err><![CDATA[]]></system-err>
      </testcase>
      <testcase name="Test Cases/SupplierFlow/8_RejectFromInbox" classname="Test Cases/SupplierFlow/8_RejectFromInbox" status="PASSED">
         <system-out><![CDATA[2019-02-28 16:22:27 - [TEST_CASE][PASSED] - Test Cases/SupplierFlow/8_RejectFromInbox: Test Cases/SupplierFlow/8_RejectFromInbox

2019-02-28 16:22:28 - [TEST_STEP][NOT_RUN] - openBrowser(URL): NOT_RUN: openBrowser(URL)

2019-02-28 16:22:28 - [MESSAGE][NOT_RUN] - NOT_RUN: openBrowser(URL)

2019-02-28 16:22:28 - [TEST_STEP][NOT_RUN] - maximizeWindow(): NOT_RUN: maximizeWindow()

2019-02-28 16:22:28 - [MESSAGE][NOT_RUN] - NOT_RUN: maximizeWindow()

2019-02-28 16:22:28 - [TEST_STEP][PASSED] - setText(findTestObject("Form_Selection_Creation/login_Username"), UserName): Text 'tester' is set on object 'Object Repository/Form_Selection_Creation/login_Username'

2019-02-28 16:22:28 - [MESSAGE][PASSED] - Text 'tester' is set on object 'Object Repository/Form_Selection_Creation/login_Username'

2019-02-28 16:22:28 - [TEST_STEP][PASSED] - setText(findTestObject("Form_Selection_Creation/login_Password"), Password): Text 'TestSt@ge' is set on object 'Object Repository/Form_Selection_Creation/login_Password'

2019-02-28 16:22:28 - [MESSAGE][PASSED] - Text 'TestSt@ge' is set on object 'Object Repository/Form_Selection_Creation/login_Password'

2019-02-28 16:22:28 - [TEST_STEP][PASSED] - click(findTestObject("Form_Selection_Creation/login_Button")): Object: 'Object Repository/Form_Selection_Creation/login_Button' is clicked on

2019-02-28 16:22:29 - [MESSAGE][PASSED] - Object: 'Object Repository/Form_Selection_Creation/login_Button' is clicked on

2019-02-28 16:22:29 - [TEST_STEP][PASSED] - Thread.sleep(4000): null

2019-02-28 16:22:33 - [TEST_STEP][PASSED] - click(findTestObject("Form_Selection_Creation/mainMenu_Button")): Object: 'Object Repository/Form_Selection_Creation/mainMenu_Button' is clicked on

2019-02-28 16:22:35 - [MESSAGE][PASSED] - Object: 'Object Repository/Form_Selection_Creation/mainMenu_Button' is clicked on

2019-02-28 16:22:35 - [TEST_STEP][PASSED] - click(findTestObject("SupplierFlow/inbox")): Object: 'Object Repository/SupplierFlow/inbox' is clicked on

2019-02-28 16:22:35 - [MESSAGE][PASSED] - Object: 'Object Repository/SupplierFlow/inbox' is clicked on

2019-02-28 16:22:35 - [TEST_STEP][PASSED] - Thread.sleep(6000): null

2019-02-28 16:22:41 - [TEST_STEP][PASSED] - setText(findTestObject("SupplierFlow/searchTaskInInbox"), findTestData("SupplierData").getValue("FormTask", 1)): Text 'TestFormTask_28/02/19-16:12' is set on object 'Object Repository/SupplierFlow/searchTaskInInbox'

2019-02-28 16:22:42 - [MESSAGE][PASSED] - Text 'TestFormTask_28/02/19-16:12' is set on object 'Object Repository/SupplierFlow/searchTaskInInbox'

2019-02-28 16:22:42 - [TEST_STEP][PASSED] - sendKeys(findTestObject("SupplierFlow/searchTaskInInbox"), Keys.chord(ENTER)): Keys 'ENTER + ' sent to object: 'Object Repository/SupplierFlow/searchTaskInInbox'

2019-02-28 16:22:42 - [MESSAGE][PASSED] - Keys 'ENTER + ' sent to object: 'Object Repository/SupplierFlow/searchTaskInInbox'

2019-02-28 16:22:42 - [TEST_STEP][PASSED] - Thread.sleep(3000): null

2019-02-28 16:22:45 - [TEST_STEP][PASSED] - waitForElementClickable(findTestObject("SupplierFlow/firstEntry"), 45): Object 'Object Repository/SupplierFlow/firstEntry' is clickable

2019-02-28 16:22:45 - [MESSAGE][PASSED] - Object 'Object Repository/SupplierFlow/firstEntry' is clickable

2019-02-28 16:22:45 - [TEST_STEP][PASSED] - Thread.sleep(3000): null

2019-02-28 16:22:48 - [TEST_STEP][PASSED] - Supplier.selectTaskInInbox(): Supplier.selectTaskInInbox is PASSED

2019-02-28 16:22:50 - [MESSAGE][PASSED] - Supplier.selectTaskInInbox is PASSED

2019-02-28 16:22:50 - [TEST_STEP][PASSED] - waitForElementClickable(findTestObject("SupplierFlow/rejectButton"), 45): Object 'Object Repository/SupplierFlow/rejectButton' is clickable

2019-02-28 16:22:52 - [MESSAGE][PASSED] - Object 'Object Repository/SupplierFlow/rejectButton' is clickable

2019-02-28 16:22:52 - [TEST_STEP][PASSED] - Thread.sleep(6000): null

2019-02-28 16:22:58 - [TEST_STEP][PASSED] - click(findTestObject("SupplierFlow/rejectButton")): Object: 'Object Repository/SupplierFlow/rejectButton' is clicked on

2019-02-28 16:22:58 - [MESSAGE][PASSED] - Object: 'Object Repository/SupplierFlow/rejectButton' is clicked on

2019-02-28 16:22:58 - [TEST_STEP][PASSED] - Thread.sleep(3000): null

2019-02-28 16:23:01 - [TEST_STEP][PASSED] - setText(findTestObject("SupplierFlow/rejectionNote"), "This Task is rejected"): Text 'This Task is rejected' is set on object 'Object Repository/SupplierFlow/rejectionNote'

2019-02-28 16:23:01 - [MESSAGE][PASSED] - Text 'This Task is rejected' is set on object 'Object Repository/SupplierFlow/rejectionNote'

2019-02-28 16:23:01 - [TEST_STEP][PASSED] - Thread.sleep(2000): null

2019-02-28 16:23:03 - [TEST_STEP][PASSED] - click(findTestObject("SupplierFlow/sendTask")): Object: 'Object Repository/SupplierFlow/sendTask' is clicked on

2019-02-28 16:23:03 - [MESSAGE][PASSED] - Object: 'Object Repository/SupplierFlow/sendTask' is clicked on

2019-02-28 16:23:03 - [TEST_STEP][PASSED] - Thread.sleep(2000): null

2019-02-28 16:23:05 - [TEST_STEP][PASSED] - waitForElementVisible(findTestObject("SupplierFlow/firstEntry"), 45): Object 'Object Repository/SupplierFlow/firstEntry' is visible

2019-02-28 16:23:10 - [MESSAGE][PASSED] - Object 'Object Repository/SupplierFlow/firstEntry' is visible

2019-02-28 16:23:10 - [TEST_STEP][PASSED] - Thread.sleep(2000): null

2019-02-28 16:23:12 - [TEST_STEP][NOT_RUN] - setText(findTestObject("SupplierFlow/searchTaskInInbox"), findTestData("SupplierData").getValue("FormTask", 1)): NOT_RUN: setText(findTestObject("SupplierFlow/searchTaskInInbox"), findTestData("SupplierData").getValue("FormTask", 1))

2019-02-28 16:23:12 - [MESSAGE][NOT_RUN] - NOT_RUN: setText(findTestObject("SupplierFlow/searchTaskInInbox"), findTestData("SupplierData").getValue("FormTask", 1))

2019-02-28 16:23:12 - [TEST_STEP][NOT_RUN] - sendKeys(findTestObject("SupplierFlow/searchTaskInInbox"), Keys.chord(ENTER)): NOT_RUN: sendKeys(findTestObject("SupplierFlow/searchTaskInInbox"), Keys.chord(ENTER))

2019-02-28 16:23:12 - [MESSAGE][NOT_RUN] - NOT_RUN: sendKeys(findTestObject("SupplierFlow/searchTaskInInbox"), Keys.chord(ENTER))

2019-02-28 16:23:12 - [TEST_STEP][NOT_RUN] - Thread.sleep(3000): NOT_RUN: Thread.sleep(3000)

2019-02-28 16:23:12 - [MESSAGE][NOT_RUN] - NOT_RUN: Thread.sleep(3000)

2019-02-28 16:23:12 - [TEST_STEP][PASSED] - setText(findTestObject("SupplierFlow/searchTaskInInbox"), findTestData("SupplierData").getValue("FormTask1", 1)): Text 'TestFormTask_28/02/19-16:15' is set on object 'Object Repository/SupplierFlow/searchTaskInInbox'

2019-02-28 16:23:12 - [MESSAGE][PASSED] - Text 'TestFormTask_28/02/19-16:15' is set on object 'Object Repository/SupplierFlow/searchTaskInInbox'

2019-02-28 16:23:12 - [TEST_STEP][PASSED] - sendKeys(findTestObject("SupplierFlow/searchTaskInInbox"), Keys.chord(ENTER)): Keys 'ENTER + ' sent to object: 'Object Repository/SupplierFlow/searchTaskInInbox'

2019-02-28 16:23:12 - [MESSAGE][PASSED] - Keys 'ENTER + ' sent to object: 'Object Repository/SupplierFlow/searchTaskInInbox'

2019-02-28 16:23:12 - [TEST_STEP][PASSED] - Thread.sleep(3000): null

2019-02-28 16:23:15 - [TEST_STEP][PASSED] - waitForElementClickable(findTestObject("SupplierFlow/firstEntry"), 45): Object 'Object Repository/SupplierFlow/firstEntry' is clickable

2019-02-28 16:23:15 - [MESSAGE][PASSED] - Object 'Object Repository/SupplierFlow/firstEntry' is clickable

2019-02-28 16:23:15 - [TEST_STEP][PASSED] - Thread.sleep(3000): null

2019-02-28 16:23:18 - [TEST_STEP][PASSED] - Supplier.selectTaskInInbox(): Supplier.selectTaskInInbox is PASSED

2019-02-28 16:23:21 - [MESSAGE][PASSED] - Supplier.selectTaskInInbox is PASSED

2019-02-28 16:23:21 - [TEST_STEP][PASSED] - waitForElementClickable(findTestObject("SupplierFlow/rejectButton"), 45): Object 'Object Repository/SupplierFlow/rejectButton' is clickable

2019-02-28 16:23:22 - [MESSAGE][PASSED] - Object 'Object Repository/SupplierFlow/rejectButton' is clickable

2019-02-28 16:23:22 - [TEST_STEP][PASSED] - Thread.sleep(6000): null

2019-02-28 16:23:28 - [TEST_STEP][PASSED] - click(findTestObject("SupplierFlow/rejectButton")): Object: 'Object Repository/SupplierFlow/rejectButton' is clicked on

2019-02-28 16:23:28 - [MESSAGE][PASSED] - Object: 'Object Repository/SupplierFlow/rejectButton' is clicked on

2019-02-28 16:23:28 - [TEST_STEP][PASSED] - Thread.sleep(3000): null

2019-02-28 16:23:31 - [TEST_STEP][PASSED] - setText(findTestObject("SupplierFlow/rejectionNote"), "This Task is rejected"): Text 'This Task is rejected' is set on object 'Object Repository/SupplierFlow/rejectionNote'

2019-02-28 16:23:31 - [MESSAGE][PASSED] - Text 'This Task is rejected' is set on object 'Object Repository/SupplierFlow/rejectionNote'

2019-02-28 16:23:31 - [TEST_STEP][PASSED] - Thread.sleep(2000): null

2019-02-28 16:23:33 - [TEST_STEP][PASSED] - click(findTestObject("SupplierFlow/sendTask")): Object: 'Object Repository/SupplierFlow/sendTask' is clicked on

2019-02-28 16:23:33 - [MESSAGE][PASSED] - Object: 'Object Repository/SupplierFlow/sendTask' is clicked on

2019-02-28 16:23:33 - [TEST_STEP][PASSED] - Thread.sleep(2000): null

2019-02-28 16:23:35 - [TEST_STEP][PASSED] - AdminTool_Location.moveCursor(): AdminTool_Location.moveCursor is PASSED

2019-02-28 16:23:35 - [MESSAGE][PASSED] - AdminTool_Location.moveCursor is PASSED

2019-02-28 16:23:35 - [TEST_STEP][PASSED] - Thread.sleep(2000): null

2019-02-28 16:23:37 - [TEST_STEP][PASSED] - waitForElementVisible(findTestObject("SupplierFlow/firstEntry"), 45): Object 'Object Repository/SupplierFlow/firstEntry' is visible

2019-02-28 16:23:37 - [MESSAGE][PASSED] - Object 'Object Repository/SupplierFlow/firstEntry' is visible

2019-02-28 16:23:37 - [TEST_STEP][PASSED] - setText(findTestObject("SupplierFlow/searchTaskInInbox"), findTestData("SupplierData").getValue("DocTask", 1)): Text 'TestDocTask_28/02/19-16:13' is set on object 'Object Repository/SupplierFlow/searchTaskInInbox'

2019-02-28 16:23:38 - [MESSAGE][PASSED] - Text 'TestDocTask_28/02/19-16:13' is set on object 'Object Repository/SupplierFlow/searchTaskInInbox'

2019-02-28 16:23:38 - [TEST_STEP][PASSED] - sendKeys(findTestObject("SupplierFlow/searchTaskInInbox"), Keys.chord(ENTER)): Keys 'ENTER + ' sent to object: 'Object Repository/SupplierFlow/searchTaskInInbox'

2019-02-28 16:23:38 - [MESSAGE][PASSED] - Keys 'ENTER + ' sent to object: 'Object Repository/SupplierFlow/searchTaskInInbox'

2019-02-28 16:23:38 - [TEST_STEP][PASSED] - Thread.sleep(3000): null

2019-02-28 16:23:41 - [TEST_STEP][PASSED] - waitForElementClickable(findTestObject("SupplierFlow/firstEntry"), 45): Object 'Object Repository/SupplierFlow/firstEntry' is clickable

2019-02-28 16:23:41 - [MESSAGE][PASSED] - Object 'Object Repository/SupplierFlow/firstEntry' is clickable

2019-02-28 16:23:41 - [TEST_STEP][PASSED] - Thread.sleep(3000): null

2019-02-28 16:23:44 - [TEST_STEP][PASSED] - Supplier.selectTaskInInbox(): Supplier.selectTaskInInbox is PASSED

2019-02-28 16:23:46 - [MESSAGE][PASSED] - Supplier.selectTaskInInbox is PASSED

2019-02-28 16:23:46 - [TEST_STEP][PASSED] - waitForElementClickable(findTestObject("SupplierFlow/rejectButton"), 45): Object 'Object Repository/SupplierFlow/rejectButton' is clickable

2019-02-28 16:23:47 - [MESSAGE][PASSED] - Object 'Object Repository/SupplierFlow/rejectButton' is clickable

2019-02-28 16:23:47 - [TEST_STEP][PASSED] - Thread.sleep(6000): null

2019-02-28 16:23:53 - [TEST_STEP][PASSED] - click(findTestObject("SupplierFlow/rejectButton")): Object: 'Object Repository/SupplierFlow/rejectButton' is clicked on

2019-02-28 16:24:01 - [MESSAGE][PASSED] - Object: 'Object Repository/SupplierFlow/rejectButton' is clicked on

2019-02-28 16:24:01 - [TEST_STEP][PASSED] - Thread.sleep(3000): null

2019-02-28 16:24:04 - [TEST_STEP][PASSED] - setText(findTestObject("SupplierFlow/rejectionNote"), "This Task is rejected"): Text 'This Task is rejected' is set on object 'Object Repository/SupplierFlow/rejectionNote'

2019-02-28 16:24:04 - [MESSAGE][PASSED] - Text 'This Task is rejected' is set on object 'Object Repository/SupplierFlow/rejectionNote'

2019-02-28 16:24:04 - [TEST_STEP][PASSED] - Thread.sleep(2000): null

2019-02-28 16:24:06 - [TEST_STEP][PASSED] - click(findTestObject("SupplierFlow/sendTask")): Object: 'Object Repository/SupplierFlow/sendTask' is clicked on

2019-02-28 16:24:06 - [MESSAGE][PASSED] - Object: 'Object Repository/SupplierFlow/sendTask' is clicked on

2019-02-28 16:24:06 - [TEST_STEP][PASSED] - Thread.sleep(2000): null

2019-02-28 16:24:08 - [TEST_STEP][PASSED] - waitForElementVisible(findTestObject("SupplierFlow/firstEntry"), 45): Object 'Object Repository/SupplierFlow/firstEntry' is visible

2019-02-28 16:24:10 - [MESSAGE][PASSED] - Object 'Object Repository/SupplierFlow/firstEntry' is visible

2019-02-28 16:24:10 - [TEST_STEP][PASSED] - Thread.sleep(2000): null

2019-02-28 16:24:12 - [TEST_STEP][PASSED] - setText(findTestObject("SupplierFlow/searchTaskInInbox"), findTestData("SupplierData").getValue("DocTask1", 1)): Text 'TestDocTask_28/02/19-16:16' is set on object 'Object Repository/SupplierFlow/searchTaskInInbox'

2019-02-28 16:24:13 - [MESSAGE][PASSED] - Text 'TestDocTask_28/02/19-16:16' is set on object 'Object Repository/SupplierFlow/searchTaskInInbox'

2019-02-28 16:24:13 - [TEST_STEP][PASSED] - sendKeys(findTestObject("SupplierFlow/searchTaskInInbox"), Keys.chord(ENTER)): Keys 'ENTER + ' sent to object: 'Object Repository/SupplierFlow/searchTaskInInbox'

2019-02-28 16:24:13 - [MESSAGE][PASSED] - Keys 'ENTER + ' sent to object: 'Object Repository/SupplierFlow/searchTaskInInbox'

2019-02-28 16:24:13 - [TEST_STEP][PASSED] - Thread.sleep(3000): null

2019-02-28 16:24:16 - [TEST_STEP][PASSED] - waitForElementClickable(findTestObject("SupplierFlow/firstEntry"), 45): Object 'Object Repository/SupplierFlow/firstEntry' is clickable

2019-02-28 16:24:16 - [MESSAGE][PASSED] - Object 'Object Repository/SupplierFlow/firstEntry' is clickable

2019-02-28 16:24:16 - [TEST_STEP][PASSED] - Thread.sleep(3000): null

2019-02-28 16:24:19 - [TEST_STEP][PASSED] - Supplier.selectTaskInInbox(): Supplier.selectTaskInInbox is PASSED

2019-02-28 16:24:21 - [MESSAGE][PASSED] - Supplier.selectTaskInInbox is PASSED

2019-02-28 16:24:21 - [TEST_STEP][PASSED] - waitForElementClickable(findTestObject("SupplierFlow/rejectButton"), 45): Object 'Object Repository/SupplierFlow/rejectButton' is clickable

2019-02-28 16:24:23 - [MESSAGE][PASSED] - Object 'Object Repository/SupplierFlow/rejectButton' is clickable

2019-02-28 16:24:23 - [TEST_STEP][PASSED] - Thread.sleep(6000): null

2019-02-28 16:24:29 - [TEST_STEP][PASSED] - click(findTestObject("SupplierFlow/rejectButton")): Object: 'Object Repository/SupplierFlow/rejectButton' is clicked on

2019-02-28 16:24:29 - [MESSAGE][PASSED] - Object: 'Object Repository/SupplierFlow/rejectButton' is clicked on

2019-02-28 16:24:29 - [TEST_STEP][PASSED] - Thread.sleep(3000): null

2019-02-28 16:24:32 - [TEST_STEP][PASSED] - setText(findTestObject("SupplierFlow/rejectionNote"), "This Task is rejected"): Text 'This Task is rejected' is set on object 'Object Repository/SupplierFlow/rejectionNote'

2019-02-28 16:24:32 - [MESSAGE][PASSED] - Text 'This Task is rejected' is set on object 'Object Repository/SupplierFlow/rejectionNote'

2019-02-28 16:24:32 - [TEST_STEP][PASSED] - Thread.sleep(2000): null

2019-02-28 16:24:34 - [TEST_STEP][PASSED] - click(findTestObject("SupplierFlow/sendTask")): Object: 'Object Repository/SupplierFlow/sendTask' is clicked on

2019-02-28 16:24:34 - [MESSAGE][PASSED] - Object: 'Object Repository/SupplierFlow/sendTask' is clicked on

2019-02-28 16:24:34 - [TEST_STEP][PASSED] - Thread.sleep(4000): null

2019-02-28 16:24:38 - [TEST_STEP][PASSED] - waitForElementVisible(findTestObject("SupplierFlow/firstEntry"), 45): Object 'Object Repository/SupplierFlow/firstEntry' is visible

2019-02-28 16:24:39 - [MESSAGE][PASSED] - Object 'Object Repository/SupplierFlow/firstEntry' is visible

2019-02-28 16:24:39 - [TEST_STEP][PASSED] - Thread.sleep(3000): null

2019-02-28 16:24:42 - [TEST_STEP][PASSED] - waitForElementClickable(findTestObject("TestUser/clickToCheck"), 45): Object 'Object Repository/TestUser/clickToCheck' is clickable

2019-02-28 16:24:42 - [MESSAGE][PASSED] - Object 'Object Repository/TestUser/clickToCheck' is clickable

2019-02-28 16:24:42 - [TEST_STEP][PASSED] - Thread.sleep(2000): null

2019-02-28 16:24:44 - [TEST_STEP][PASSED] - click(findTestObject("TestUser/clickToCheck")): Object: 'Object Repository/TestUser/clickToCheck' is clicked on

2019-02-28 16:24:44 - [MESSAGE][PASSED] - Object: 'Object Repository/TestUser/clickToCheck' is clicked on

2019-02-28 16:24:44 - [TEST_STEP][PASSED] - Thread.sleep(2000): null

2019-02-28 16:24:46 - [TEST_STEP][PASSED] - click(findTestObject("TestUser/logoutUser")): Object: 'Object Repository/TestUser/logoutUser' is clicked on

2019-02-28 16:24:47 - [MESSAGE][PASSED] - Object: 'Object Repository/TestUser/logoutUser' is clicked on

2019-02-28 16:24:47 - [TEST_STEP][PASSED] - Thread.sleep(2000): null]]></system-out>
         <system-err><![CDATA[]]></system-err>
      </testcase>
      <testcase name="Test Cases/SupplierFlow/9_Resubmission_Supplier" classname="Test Cases/SupplierFlow/9_Resubmission_Supplier" status="PASSED">
         <system-out><![CDATA[2019-02-28 16:24:49 - [TEST_CASE][PASSED] - Test Cases/SupplierFlow/9_Resubmission_Supplier: Test Cases/SupplierFlow/9_Resubmission_Supplier

2019-02-28 16:24:50 - [TEST_STEP][NOT_RUN] - openBrowser(URL): NOT_RUN: openBrowser(URL)

2019-02-28 16:24:50 - [MESSAGE][NOT_RUN] - NOT_RUN: openBrowser(URL)

2019-02-28 16:24:50 - [TEST_STEP][NOT_RUN] - maximizeWindow(): NOT_RUN: maximizeWindow()

2019-02-28 16:24:50 - [MESSAGE][NOT_RUN] - NOT_RUN: maximizeWindow()

2019-02-28 16:24:50 - [TEST_STEP][PASSED] - driver = getWebDriver(): null

2019-02-28 16:24:50 - [TEST_STEP][PASSED] - Thread.sleep(2000): null

2019-02-28 16:24:52 - [TEST_STEP][PASSED] - setText(findTestObject("TestUserLocation/login_Username"), findTestData("SupplierData").getValue("UserName", 1)): Text 'Supplier_28/02/19-16:11' is set on object 'Object Repository/TestUserLocation/login_Username'

2019-02-28 16:24:52 - [MESSAGE][PASSED] - Text 'Supplier_28/02/19-16:11' is set on object 'Object Repository/TestUserLocation/login_Username'

2019-02-28 16:24:52 - [TEST_STEP][PASSED] - setText(findTestObject("TestUserLocation/login_Password"), findTestData("SupplierData").getValue("NewPassword", 1)): Text 'password@123#' is set on object 'Object Repository/TestUserLocation/login_Password'

2019-02-28 16:24:52 - [MESSAGE][PASSED] - Text 'password@123#' is set on object 'Object Repository/TestUserLocation/login_Password'

2019-02-28 16:24:52 - [TEST_STEP][PASSED] - Thread.sleep(2000): null

2019-02-28 16:24:54 - [TEST_STEP][PASSED] - click(findTestObject("TestUserLocation/login_Button")): Object: 'Object Repository/TestUserLocation/login_Button' is clicked on

2019-02-28 16:24:55 - [MESSAGE][PASSED] - Object: 'Object Repository/TestUserLocation/login_Button' is clicked on

2019-02-28 16:24:55 - [TEST_STEP][PASSED] - Thread.sleep(6000): null

2019-02-28 16:25:01 - [TEST_STEP][PASSED] - click(findTestObject("SupplierFlow/clickOnSuppReject")): Object: 'Object Repository/SupplierFlow/clickOnSuppReject' is clicked on

2019-02-28 16:25:07 - [MESSAGE][PASSED] - Object: 'Object Repository/SupplierFlow/clickOnSuppReject' is clicked on

2019-02-28 16:25:07 - [TEST_STEP][PASSED] - Thread.sleep(2000): null

2019-02-28 16:25:09 - [TEST_STEP][PASSED] - Submission.supplierPortalSubmission(): Submission.supplierPortalSubmission is PASSED

2019-02-28 16:27:20 - [MESSAGE][PASSED] - Submission.supplierPortalSubmission is PASSED

2019-02-28 16:27:20 - [TEST_STEP][NOT_RUN] - Supplier.selectSupplierTask(): NOT_RUN: Supplier.selectSupplierTask()

2019-02-28 16:27:20 - [MESSAGE][NOT_RUN] - NOT_RUN: Supplier.selectSupplierTask()

2019-02-28 16:27:20 - [TEST_STEP][NOT_RUN] - Thread.sleep(4000): NOT_RUN: Thread.sleep(4000)

2019-02-28 16:27:20 - [MESSAGE][NOT_RUN] - NOT_RUN: Thread.sleep(4000)

2019-02-28 16:27:20 - [TEST_STEP][NOT_RUN] - click(findTestObject("FormTab/fillForm_SubmitButton")): NOT_RUN: click(findTestObject("FormTab/fillForm_SubmitButton"))

2019-02-28 16:27:20 - [MESSAGE][NOT_RUN] - NOT_RUN: click(findTestObject("FormTab/fillForm_SubmitButton"))

2019-02-28 16:27:20 - [TEST_STEP][NOT_RUN] - Thread.sleep(2000): NOT_RUN: Thread.sleep(2000)

2019-02-28 16:27:20 - [MESSAGE][NOT_RUN] - NOT_RUN: Thread.sleep(2000)

2019-02-28 16:27:20 - [TEST_STEP][NOT_RUN] - setText(findTestObject("SupplierFlow/formSubmissionNote"), "Form is Finally submitted Correctly."): NOT_RUN: setText(findTestObject("SupplierFlow/formSubmissionNote"), "Form is Finally submitted Correctly.")

2019-02-28 16:27:20 - [MESSAGE][NOT_RUN] - NOT_RUN: setText(findTestObject("SupplierFlow/formSubmissionNote"), "Form is Finally submitted Correctly.")

2019-02-28 16:27:20 - [TEST_STEP][NOT_RUN] - Thread.sleep(2000): NOT_RUN: Thread.sleep(2000)

2019-02-28 16:27:20 - [MESSAGE][NOT_RUN] - NOT_RUN: Thread.sleep(2000)

2019-02-28 16:27:20 - [TEST_STEP][NOT_RUN] - click(findTestObject("FormTab/fillForm_SubmissionOkButton")): NOT_RUN: click(findTestObject("FormTab/fillForm_SubmissionOkButton"))

2019-02-28 16:27:20 - [MESSAGE][NOT_RUN] - NOT_RUN: click(findTestObject("FormTab/fillForm_SubmissionOkButton"))

2019-02-28 16:27:20 - [TEST_STEP][PASSED] - Thread.sleep(6000): null

2019-02-28 16:27:26 - [TEST_STEP][PASSED] - click(findTestObject("TestUser/clickToCheck")): Object: 'Object Repository/TestUser/clickToCheck' is clicked on

2019-02-28 16:27:26 - [MESSAGE][PASSED] - Object: 'Object Repository/TestUser/clickToCheck' is clicked on

2019-02-28 16:27:26 - [TEST_STEP][PASSED] - Thread.sleep(2000): null

2019-02-28 16:27:28 - [TEST_STEP][PASSED] - click(findTestObject("TestUser/logoutUser")): Object: 'Object Repository/TestUser/logoutUser' is clicked on

2019-02-28 16:27:30 - [MESSAGE][PASSED] - Object: 'Object Repository/TestUser/logoutUser' is clicked on

2019-02-28 16:27:30 - [TEST_STEP][PASSED] - Thread.sleep(2000): null]]></system-out>
         <system-err><![CDATA[]]></system-err>
      </testcase>
      <testcase name="Test Cases/SupplierFlow/10_ApprovedFromInbox" classname="Test Cases/SupplierFlow/10_ApprovedFromInbox" status="PASSED">
         <system-out><![CDATA[2019-02-28 16:27:32 - [TEST_CASE][PASSED] - Test Cases/SupplierFlow/10_ApprovedFromInbox: Test Cases/SupplierFlow/10_ApprovedFromInbox

2019-02-28 16:27:32 - [TEST_STEP][NOT_RUN] - openBrowser(URL): NOT_RUN: openBrowser(URL)

2019-02-28 16:27:32 - [MESSAGE][NOT_RUN] - NOT_RUN: openBrowser(URL)

2019-02-28 16:27:32 - [TEST_STEP][NOT_RUN] - maximizeWindow(): NOT_RUN: maximizeWindow()

2019-02-28 16:27:32 - [MESSAGE][NOT_RUN] - NOT_RUN: maximizeWindow()

2019-02-28 16:27:32 - [TEST_STEP][PASSED] - setText(findTestObject("Form_Selection_Creation/login_Username"), UserName): Text 'tester' is set on object 'Object Repository/Form_Selection_Creation/login_Username'

2019-02-28 16:27:32 - [MESSAGE][PASSED] - Text 'tester' is set on object 'Object Repository/Form_Selection_Creation/login_Username'

2019-02-28 16:27:32 - [TEST_STEP][PASSED] - setText(findTestObject("Form_Selection_Creation/login_Password"), Password): Text 'TestSt@ge' is set on object 'Object Repository/Form_Selection_Creation/login_Password'

2019-02-28 16:27:33 - [MESSAGE][PASSED] - Text 'TestSt@ge' is set on object 'Object Repository/Form_Selection_Creation/login_Password'

2019-02-28 16:27:33 - [TEST_STEP][PASSED] - click(findTestObject("Form_Selection_Creation/login_Button")): Object: 'Object Repository/Form_Selection_Creation/login_Button' is clicked on

2019-02-28 16:27:34 - [MESSAGE][PASSED] - Object: 'Object Repository/Form_Selection_Creation/login_Button' is clicked on

2019-02-28 16:27:34 - [TEST_STEP][PASSED] - Thread.sleep(3000): null

2019-02-28 16:27:37 - [TEST_STEP][PASSED] - click(findTestObject("Form_Selection_Creation/mainMenu_Button")): Object: 'Object Repository/Form_Selection_Creation/mainMenu_Button' is clicked on

2019-02-28 16:27:39 - [MESSAGE][PASSED] - Object: 'Object Repository/Form_Selection_Creation/mainMenu_Button' is clicked on

2019-02-28 16:27:39 - [TEST_STEP][PASSED] - click(findTestObject("SupplierFlow/inbox")): Object: 'Object Repository/SupplierFlow/inbox' is clicked on

2019-02-28 16:27:40 - [MESSAGE][PASSED] - Object: 'Object Repository/SupplierFlow/inbox' is clicked on

2019-02-28 16:27:40 - [TEST_STEP][PASSED] - Thread.sleep(6000): null

2019-02-28 16:27:46 - [TEST_STEP][PASSED] - setText(findTestObject("SupplierFlow/searchTaskInInbox"), findTestData("SupplierData").getValue("FormTask", 1)): Text 'TestFormTask_28/02/19-16:12' is set on object 'Object Repository/SupplierFlow/searchTaskInInbox'

2019-02-28 16:27:46 - [MESSAGE][PASSED] - Text 'TestFormTask_28/02/19-16:12' is set on object 'Object Repository/SupplierFlow/searchTaskInInbox'

2019-02-28 16:27:46 - [TEST_STEP][PASSED] - sendKeys(findTestObject("SupplierFlow/searchTaskInInbox"), Keys.chord(ENTER)): Keys 'ENTER + ' sent to object: 'Object Repository/SupplierFlow/searchTaskInInbox'

2019-02-28 16:27:46 - [MESSAGE][PASSED] - Keys 'ENTER + ' sent to object: 'Object Repository/SupplierFlow/searchTaskInInbox'

2019-02-28 16:27:46 - [TEST_STEP][PASSED] - Thread.sleep(3000): null

2019-02-28 16:27:49 - [TEST_STEP][PASSED] - waitForElementClickable(findTestObject("SupplierFlow/firstEntry"), 45): Object 'Object Repository/SupplierFlow/firstEntry' is clickable

2019-02-28 16:27:49 - [MESSAGE][PASSED] - Object 'Object Repository/SupplierFlow/firstEntry' is clickable

2019-02-28 16:27:49 - [TEST_STEP][PASSED] - Thread.sleep(3000): null

2019-02-28 16:27:52 - [TEST_STEP][PASSED] - Supplier.selectTaskInInbox(): Supplier.selectTaskInInbox is PASSED

2019-02-28 16:27:55 - [MESSAGE][PASSED] - Supplier.selectTaskInInbox is PASSED

2019-02-28 16:27:55 - [TEST_STEP][PASSED] - waitForElementClickable(findTestObject("SupplierFlow/approveButton"), 45): Object 'Object Repository/SupplierFlow/approveButton' is clickable

2019-02-28 16:27:56 - [MESSAGE][PASSED] - Object 'Object Repository/SupplierFlow/approveButton' is clickable

2019-02-28 16:27:56 - [TEST_STEP][PASSED] - Thread.sleep(6000): null

2019-02-28 16:28:02 - [TEST_STEP][PASSED] - click(findTestObject("SupplierFlow/approveButton")): Object: 'Object Repository/SupplierFlow/approveButton' is clicked on

2019-02-28 16:28:02 - [MESSAGE][PASSED] - Object: 'Object Repository/SupplierFlow/approveButton' is clicked on

2019-02-28 16:28:02 - [TEST_STEP][PASSED] - Thread.sleep(3000): null

2019-02-28 16:28:05 - [TEST_STEP][PASSED] - setText(findTestObject("SupplierFlow/expirtionDate_ApproveTask"), "12/17/2018"): Text '12/17/2018' is set on object 'Object Repository/SupplierFlow/expirtionDate_ApproveTask'

2019-02-28 16:28:05 - [MESSAGE][PASSED] - Text '12/17/2018' is set on object 'Object Repository/SupplierFlow/expirtionDate_ApproveTask'

2019-02-28 16:28:05 - [TEST_STEP][PASSED] - Thread.sleep(2000): null

2019-02-28 16:28:07 - [TEST_STEP][PASSED] - click(findTestObject("SupplierFlow/approveYesButton")): Object: 'Object Repository/SupplierFlow/approveYesButton' is clicked on

2019-02-28 16:28:07 - [MESSAGE][PASSED] - Object: 'Object Repository/SupplierFlow/approveYesButton' is clicked on

2019-02-28 16:28:07 - [TEST_STEP][PASSED] - Thread.sleep(2000): null

2019-02-28 16:28:09 - [TEST_STEP][PASSED] - waitForElementVisible(findTestObject("SupplierFlow/firstEntry"), 45): Object 'Object Repository/SupplierFlow/firstEntry' is visible

2019-02-28 16:28:13 - [MESSAGE][PASSED] - Object 'Object Repository/SupplierFlow/firstEntry' is visible

2019-02-28 16:28:13 - [TEST_STEP][PASSED] - Thread.sleep(2000): null

2019-02-28 16:28:15 - [TEST_STEP][PASSED] - setText(findTestObject("SupplierFlow/searchTaskInInbox"), findTestData("SupplierData").getValue("FormTask", 1)): Text 'TestFormTask_28/02/19-16:12' is set on object 'Object Repository/SupplierFlow/searchTaskInInbox'

2019-02-28 16:28:16 - [MESSAGE][PASSED] - Text 'TestFormTask_28/02/19-16:12' is set on object 'Object Repository/SupplierFlow/searchTaskInInbox'

2019-02-28 16:28:16 - [TEST_STEP][PASSED] - sendKeys(findTestObject("SupplierFlow/searchTaskInInbox"), Keys.chord(ENTER)): Keys 'ENTER + ' sent to object: 'Object Repository/SupplierFlow/searchTaskInInbox'

2019-02-28 16:28:16 - [MESSAGE][PASSED] - Keys 'ENTER + ' sent to object: 'Object Repository/SupplierFlow/searchTaskInInbox'

2019-02-28 16:28:16 - [TEST_STEP][PASSED] - Thread.sleep(3000): null

2019-02-28 16:28:19 - [TEST_STEP][PASSED] - setText(findTestObject("SupplierFlow/searchTaskInInbox"), findTestData("SupplierData").getValue("FormTask1", 1)): Text 'TestFormTask_28/02/19-16:15' is set on object 'Object Repository/SupplierFlow/searchTaskInInbox'

2019-02-28 16:28:20 - [MESSAGE][PASSED] - Text 'TestFormTask_28/02/19-16:15' is set on object 'Object Repository/SupplierFlow/searchTaskInInbox'

2019-02-28 16:28:20 - [TEST_STEP][PASSED] - sendKeys(findTestObject("SupplierFlow/searchTaskInInbox"), Keys.chord(ENTER)): Keys 'ENTER + ' sent to object: 'Object Repository/SupplierFlow/searchTaskInInbox'

2019-02-28 16:28:25 - [MESSAGE][PASSED] - Keys 'ENTER + ' sent to object: 'Object Repository/SupplierFlow/searchTaskInInbox'

2019-02-28 16:28:25 - [TEST_STEP][PASSED] - Thread.sleep(3000): null

2019-02-28 16:28:28 - [TEST_STEP][PASSED] - waitForElementClickable(findTestObject("SupplierFlow/firstEntry"), 45): Object 'Object Repository/SupplierFlow/firstEntry' is clickable

2019-02-28 16:28:28 - [MESSAGE][PASSED] - Object 'Object Repository/SupplierFlow/firstEntry' is clickable

2019-02-28 16:28:28 - [TEST_STEP][PASSED] - Thread.sleep(3000): null

2019-02-28 16:28:31 - [TEST_STEP][PASSED] - Supplier.selectTaskInInbox(): Supplier.selectTaskInInbox is PASSED

2019-02-28 16:28:33 - [MESSAGE][PASSED] - Supplier.selectTaskInInbox is PASSED

2019-02-28 16:28:33 - [TEST_STEP][PASSED] - waitForElementClickable(findTestObject("SupplierFlow/approveButton"), 45): Object 'Object Repository/SupplierFlow/approveButton' is clickable

2019-02-28 16:28:34 - [MESSAGE][PASSED] - Object 'Object Repository/SupplierFlow/approveButton' is clickable

2019-02-28 16:28:34 - [TEST_STEP][PASSED] - Thread.sleep(6000): null

2019-02-28 16:28:40 - [TEST_STEP][PASSED] - click(findTestObject("SupplierFlow/approveButton")): Object: 'Object Repository/SupplierFlow/approveButton' is clicked on

2019-02-28 16:28:40 - [MESSAGE][PASSED] - Object: 'Object Repository/SupplierFlow/approveButton' is clicked on

2019-02-28 16:28:40 - [TEST_STEP][PASSED] - Thread.sleep(3000): null

2019-02-28 16:28:43 - [TEST_STEP][PASSED] - setText(findTestObject("SupplierFlow/expirtionDate_ApproveTask"), "12/17/2018"): Text '12/17/2018' is set on object 'Object Repository/SupplierFlow/expirtionDate_ApproveTask'

2019-02-28 16:28:43 - [MESSAGE][PASSED] - Text '12/17/2018' is set on object 'Object Repository/SupplierFlow/expirtionDate_ApproveTask'

2019-02-28 16:28:43 - [TEST_STEP][PASSED] - Thread.sleep(2000): null

2019-02-28 16:28:45 - [TEST_STEP][PASSED] - click(findTestObject("SupplierFlow/approveYesButton")): Object: 'Object Repository/SupplierFlow/approveYesButton' is clicked on

2019-02-28 16:28:45 - [MESSAGE][PASSED] - Object: 'Object Repository/SupplierFlow/approveYesButton' is clicked on

2019-02-28 16:28:45 - [TEST_STEP][PASSED] - Thread.sleep(6000): null

2019-02-28 16:28:51 - [TEST_STEP][PASSED] - setText(findTestObject("SupplierFlow/searchTaskInInbox"), findTestData("SupplierData").getValue("FormTask1", 1)): Text 'TestFormTask_28/02/19-16:15' is set on object 'Object Repository/SupplierFlow/searchTaskInInbox'

2019-02-28 16:28:52 - [MESSAGE][PASSED] - Text 'TestFormTask_28/02/19-16:15' is set on object 'Object Repository/SupplierFlow/searchTaskInInbox'

2019-02-28 16:28:52 - [TEST_STEP][PASSED] - sendKeys(findTestObject("SupplierFlow/searchTaskInInbox"), Keys.chord(ENTER)): Keys 'ENTER + ' sent to object: 'Object Repository/SupplierFlow/searchTaskInInbox'

2019-02-28 16:28:52 - [MESSAGE][PASSED] - Keys 'ENTER + ' sent to object: 'Object Repository/SupplierFlow/searchTaskInInbox'

2019-02-28 16:28:52 - [TEST_STEP][PASSED] - Thread.sleep(3000): null

2019-02-28 16:28:55 - [TEST_STEP][PASSED] - setText(findTestObject("SupplierFlow/searchTaskInInbox"), findTestData("SupplierData").getValue("DocTask", 1)): Text 'TestDocTask_28/02/19-16:13' is set on object 'Object Repository/SupplierFlow/searchTaskInInbox'

2019-02-28 16:28:56 - [MESSAGE][PASSED] - Text 'TestDocTask_28/02/19-16:13' is set on object 'Object Repository/SupplierFlow/searchTaskInInbox'

2019-02-28 16:28:56 - [TEST_STEP][PASSED] - sendKeys(findTestObject("SupplierFlow/searchTaskInInbox"), Keys.chord(ENTER)): Keys 'ENTER + ' sent to object: 'Object Repository/SupplierFlow/searchTaskInInbox'

2019-02-28 16:28:56 - [MESSAGE][PASSED] - Keys 'ENTER + ' sent to object: 'Object Repository/SupplierFlow/searchTaskInInbox'

2019-02-28 16:28:56 - [TEST_STEP][PASSED] - Thread.sleep(3000): null

2019-02-28 16:28:59 - [TEST_STEP][PASSED] - waitForElementClickable(findTestObject("SupplierFlow/firstEntry"), 45): Object 'Object Repository/SupplierFlow/firstEntry' is clickable

2019-02-28 16:28:59 - [MESSAGE][PASSED] - Object 'Object Repository/SupplierFlow/firstEntry' is clickable

2019-02-28 16:28:59 - [TEST_STEP][PASSED] - Thread.sleep(3000): null

2019-02-28 16:29:02 - [TEST_STEP][PASSED] - Supplier.selectTaskInInbox(): Supplier.selectTaskInInbox is PASSED

2019-02-28 16:29:04 - [MESSAGE][PASSED] - Supplier.selectTaskInInbox is PASSED

2019-02-28 16:29:04 - [TEST_STEP][PASSED] - waitForElementClickable(findTestObject("SupplierFlow/approveButton"), 45): Object 'Object Repository/SupplierFlow/approveButton' is clickable

2019-02-28 16:29:05 - [MESSAGE][PASSED] - Object 'Object Repository/SupplierFlow/approveButton' is clickable

2019-02-28 16:29:05 - [TEST_STEP][PASSED] - Thread.sleep(6000): null

2019-02-28 16:29:11 - [TEST_STEP][PASSED] - click(findTestObject("SupplierFlow/approveButton")): Object: 'Object Repository/SupplierFlow/approveButton' is clicked on

2019-02-28 16:29:11 - [MESSAGE][PASSED] - Object: 'Object Repository/SupplierFlow/approveButton' is clicked on

2019-02-28 16:29:11 - [TEST_STEP][PASSED] - Thread.sleep(3000): null

2019-02-28 16:29:14 - [TEST_STEP][PASSED] - setText(findTestObject("SupplierFlow/expirtionDate_ApproveTask"), "12/17/2018"): Text '12/17/2018' is set on object 'Object Repository/SupplierFlow/expirtionDate_ApproveTask'

2019-02-28 16:29:14 - [MESSAGE][PASSED] - Text '12/17/2018' is set on object 'Object Repository/SupplierFlow/expirtionDate_ApproveTask'

2019-02-28 16:29:14 - [TEST_STEP][PASSED] - Thread.sleep(2000): null

2019-02-28 16:29:16 - [TEST_STEP][PASSED] - click(findTestObject("SupplierFlow/approveYesButton")): Object: 'Object Repository/SupplierFlow/approveYesButton' is clicked on

2019-02-28 16:29:17 - [MESSAGE][PASSED] - Object: 'Object Repository/SupplierFlow/approveYesButton' is clicked on

2019-02-28 16:29:17 - [TEST_STEP][PASSED] - Thread.sleep(2000): null

2019-02-28 16:29:19 - [TEST_STEP][PASSED] - waitForElementVisible(findTestObject("SupplierFlow/firstEntry"), 45): Object 'Object Repository/SupplierFlow/firstEntry' is visible

2019-02-28 16:29:23 - [MESSAGE][PASSED] - Object 'Object Repository/SupplierFlow/firstEntry' is visible

2019-02-28 16:29:23 - [TEST_STEP][PASSED] - Thread.sleep(2000): null

2019-02-28 16:29:25 - [TEST_STEP][PASSED] - setText(findTestObject("SupplierFlow/searchTaskInInbox"), findTestData("SupplierData").getValue("DocTask", 1)): Text 'TestDocTask_28/02/19-16:13' is set on object 'Object Repository/SupplierFlow/searchTaskInInbox'

2019-02-28 16:29:25 - [MESSAGE][PASSED] - Text 'TestDocTask_28/02/19-16:13' is set on object 'Object Repository/SupplierFlow/searchTaskInInbox'

2019-02-28 16:29:25 - [TEST_STEP][PASSED] - sendKeys(findTestObject("SupplierFlow/searchTaskInInbox"), Keys.chord(ENTER)): Keys 'ENTER + ' sent to object: 'Object Repository/SupplierFlow/searchTaskInInbox'

2019-02-28 16:29:26 - [MESSAGE][PASSED] - Keys 'ENTER + ' sent to object: 'Object Repository/SupplierFlow/searchTaskInInbox'

2019-02-28 16:29:26 - [TEST_STEP][PASSED] - Thread.sleep(3000): null

2019-02-28 16:29:29 - [TEST_STEP][PASSED] - setText(findTestObject("SupplierFlow/searchTaskInInbox"), findTestData("SupplierData").getValue("DocTask1", 1)): Text 'TestDocTask_28/02/19-16:16' is set on object 'Object Repository/SupplierFlow/searchTaskInInbox'

2019-02-28 16:29:29 - [MESSAGE][PASSED] - Text 'TestDocTask_28/02/19-16:16' is set on object 'Object Repository/SupplierFlow/searchTaskInInbox'

2019-02-28 16:29:29 - [TEST_STEP][PASSED] - sendKeys(findTestObject("SupplierFlow/searchTaskInInbox"), Keys.chord(ENTER)): Keys 'ENTER + ' sent to object: 'Object Repository/SupplierFlow/searchTaskInInbox'

2019-02-28 16:29:29 - [MESSAGE][PASSED] - Keys 'ENTER + ' sent to object: 'Object Repository/SupplierFlow/searchTaskInInbox'

2019-02-28 16:29:29 - [TEST_STEP][PASSED] - Thread.sleep(3000): null

2019-02-28 16:29:32 - [TEST_STEP][PASSED] - waitForElementClickable(findTestObject("SupplierFlow/firstEntry"), 45): Object 'Object Repository/SupplierFlow/firstEntry' is clickable

2019-02-28 16:29:32 - [MESSAGE][PASSED] - Object 'Object Repository/SupplierFlow/firstEntry' is clickable

2019-02-28 16:29:32 - [TEST_STEP][PASSED] - Thread.sleep(3000): null

2019-02-28 16:29:35 - [TEST_STEP][PASSED] - Supplier.selectTaskInInbox(): Supplier.selectTaskInInbox is PASSED

2019-02-28 16:29:37 - [MESSAGE][PASSED] - Supplier.selectTaskInInbox is PASSED

2019-02-28 16:29:37 - [TEST_STEP][PASSED] - waitForElementClickable(findTestObject("SupplierFlow/approveButton"), 45): Object 'Object Repository/SupplierFlow/approveButton' is clickable

2019-02-28 16:29:38 - [MESSAGE][PASSED] - Object 'Object Repository/SupplierFlow/approveButton' is clickable

2019-02-28 16:29:38 - [TEST_STEP][PASSED] - Thread.sleep(6000): null

2019-02-28 16:29:44 - [TEST_STEP][PASSED] - click(findTestObject("SupplierFlow/approveButton")): Object: 'Object Repository/SupplierFlow/approveButton' is clicked on

2019-02-28 16:29:44 - [MESSAGE][PASSED] - Object: 'Object Repository/SupplierFlow/approveButton' is clicked on

2019-02-28 16:29:44 - [TEST_STEP][PASSED] - Thread.sleep(3000): null

2019-02-28 16:29:47 - [TEST_STEP][PASSED] - setText(findTestObject("SupplierFlow/expirtionDate_ApproveTask"), "12/17/2018"): Text '12/17/2018' is set on object 'Object Repository/SupplierFlow/expirtionDate_ApproveTask'

2019-02-28 16:29:48 - [MESSAGE][PASSED] - Text '12/17/2018' is set on object 'Object Repository/SupplierFlow/expirtionDate_ApproveTask'

2019-02-28 16:29:48 - [TEST_STEP][PASSED] - Thread.sleep(2000): null

2019-02-28 16:29:50 - [TEST_STEP][PASSED] - click(findTestObject("SupplierFlow/approveYesButton")): Object: 'Object Repository/SupplierFlow/approveYesButton' is clicked on

2019-02-28 16:29:50 - [MESSAGE][PASSED] - Object: 'Object Repository/SupplierFlow/approveYesButton' is clicked on

2019-02-28 16:29:50 - [TEST_STEP][PASSED] - Thread.sleep(6000): null

2019-02-28 16:29:56 - [TEST_STEP][PASSED] - setText(findTestObject("SupplierFlow/searchTaskInInbox"), findTestData("SupplierData").getValue("DocTask1", 1)): Text 'TestDocTask_28/02/19-16:16' is set on object 'Object Repository/SupplierFlow/searchTaskInInbox'

2019-02-28 16:29:56 - [MESSAGE][PASSED] - Text 'TestDocTask_28/02/19-16:16' is set on object 'Object Repository/SupplierFlow/searchTaskInInbox'

2019-02-28 16:29:56 - [TEST_STEP][PASSED] - sendKeys(findTestObject("SupplierFlow/searchTaskInInbox"), Keys.chord(ENTER)): Keys 'ENTER + ' sent to object: 'Object Repository/SupplierFlow/searchTaskInInbox'

2019-02-28 16:29:57 - [MESSAGE][PASSED] - Keys 'ENTER + ' sent to object: 'Object Repository/SupplierFlow/searchTaskInInbox']]></system-out>
         <system-err><![CDATA[]]></system-err>
      </testcase>
      <system-out><![CDATA[2019-02-28 16:02:44 - [TEST_SUITE][PASSED] - TestSupplier: Test Cases/SupplierFlow/10_ApprovedFromInbox]]></system-out>
      <system-err><![CDATA[]]></system-err>
   </testsuite>
</testsuites>
