<?xml version="1.0" encoding="UTF-8"?>
<testsuites name="TestSupplier" time="287" tests="3" failures="0" errors="0">
   <testsuite name="TestSupplier" tests="3" failures="0" errors="0" time="287" timestamp="2019-01-09 14:36:30" hostname="pashine_a - Abhishek-Pashine.India.XoriantCorp.com" id="Test Suites/TestSupplier">
      <properties>
         <property name="deviceName" value=""/>
         <property name="devicePlatform" value=""/>
         <property name="logFolder" value="D:\\Git Data\\SafetyChain-Test-Automation-Katalon\\Reports\\TestSupplier\\20190109_143627"/>
         <property name="logFiles" value="D:\\Git Data\\SafetyChain-Test-Automation-Katalon\\Reports\\TestSupplier\\20190109_143627\\execution0.log"/>
         <property name="attachments" value=""/>
         <property name="hostName" value="pashine_a - Abhishek-Pashine.India.XoriantCorp.com"/>
         <property name="os" value="Windows 7 64bit"/>
         <property name="katalonVersion" value="5.10.1.1"/>
         <property name="browser" value="Chrome 71.0.3578.98"/>
         <property name="hostAddress" value="10.21.7.147"/>
         <property name="sessionId" value="711b7b7b89659a9b7b82286070a4e370"/>
         <property name="seleniumVersion" value="3.7.1"/>
         <property name="proxyInformation" value="ProxyInformation{proxyOption=NO_PROXY, proxyServerType=HTTP, password=, proxyServerAddress=, proxyServerPort=0}"/>
         <property name="platform" value="Windows 7"/>
      </properties>
      <testcase name="Test Cases/SupplierFlow/8_RejectFromInbox" classname="Test Cases/SupplierFlow/8_RejectFromInbox" status="PASSED">
         <system-out><![CDATA[2019-01-09 14:36:31 - [TEST_CASE][PASSED] - Test Cases/SupplierFlow/8_RejectFromInbox: Test Cases/SupplierFlow/8_RejectFromInbox

2019-01-09 14:36:31 - [TEST_STEP][PASSED] - openBrowser(URL): Browser is opened with url: 'https://test2.stage.safetychain.com'

2019-01-09 14:36:32 - [MESSAGE][INFO] - Starting 'Chrome' driver

2019-01-09 14:36:32 - [MESSAGE][INFO] - Action delay is set to 0 seconds

2019-01-09 14:37:05 - [MESSAGE][PASSED] - Browser is opened with url: 'https://test2.stage.safetychain.com'

2019-01-09 14:37:05 - [TEST_STEP][PASSED] - maximizeWindow(): Current window maximized

2019-01-09 14:37:06 - [MESSAGE][PASSED] - Current window maximized

2019-01-09 14:37:06 - [TEST_STEP][PASSED] - setText(findTestObject("Form_Selection_Creation/login_Username"), UserName): Text 'superadmin' is set on object 'Object Repository/Form_Selection_Creation/login_Username'

2019-01-09 14:37:11 - [MESSAGE][PASSED] - Text 'superadmin' is set on object 'Object Repository/Form_Selection_Creation/login_Username'

2019-01-09 14:37:11 - [TEST_STEP][PASSED] - setText(findTestObject("Form_Selection_Creation/login_Password"), Password): Text 'sliptest23772boot' is set on object 'Object Repository/Form_Selection_Creation/login_Password'

2019-01-09 14:37:11 - [MESSAGE][PASSED] - Text 'sliptest23772boot' is set on object 'Object Repository/Form_Selection_Creation/login_Password'

2019-01-09 14:37:11 - [TEST_STEP][PASSED] - click(findTestObject("Form_Selection_Creation/login_Button")): Object: 'Object Repository/Form_Selection_Creation/login_Button' is clicked on

2019-01-09 14:37:13 - [MESSAGE][PASSED] - Object: 'Object Repository/Form_Selection_Creation/login_Button' is clicked on

2019-01-09 14:37:13 - [TEST_STEP][PASSED] - Thread.sleep(4000): null

2019-01-09 14:37:17 - [TEST_STEP][PASSED] - click(findTestObject("Form_Selection_Creation/mainMenu_Button")): Object: 'Object Repository/Form_Selection_Creation/mainMenu_Button' is clicked on

2019-01-09 14:37:18 - [MESSAGE][PASSED] - Object: 'Object Repository/Form_Selection_Creation/mainMenu_Button' is clicked on

2019-01-09 14:37:18 - [TEST_STEP][PASSED] - click(findTestObject("SupplierFlow/inbox")): Object: 'Object Repository/SupplierFlow/inbox' is clicked on

2019-01-09 14:37:18 - [MESSAGE][PASSED] - Object: 'Object Repository/SupplierFlow/inbox' is clicked on

2019-01-09 14:37:18 - [TEST_STEP][PASSED] - Thread.sleep(6000): null

2019-01-09 14:37:24 - [TEST_STEP][PASSED] - setText(findTestObject("SupplierFlow/searchTaskInInbox"), findTestData("SupplierData").getValue("FormTask", 1)): Text 'TestFormTask_09/01/19-14:13' is set on object 'Object Repository/SupplierFlow/searchTaskInInbox'

2019-01-09 14:37:25 - [MESSAGE][PASSED] - Text 'TestFormTask_09/01/19-14:13' is set on object 'Object Repository/SupplierFlow/searchTaskInInbox'

2019-01-09 14:37:25 - [TEST_STEP][PASSED] - sendKeys(findTestObject("SupplierFlow/searchTaskInInbox"), Keys.chord(ENTER)): Keys 'ENTER + ' sent to object: 'Object Repository/SupplierFlow/searchTaskInInbox'

2019-01-09 14:37:26 - [MESSAGE][PASSED] - Keys 'ENTER + ' sent to object: 'Object Repository/SupplierFlow/searchTaskInInbox'

2019-01-09 14:37:26 - [TEST_STEP][PASSED] - Thread.sleep(3000): null

2019-01-09 14:37:29 - [TEST_STEP][PASSED] - Supplier.selectTaskInInbox(): Supplier.selectTaskInInbox is PASSED

2019-01-09 14:37:29 - [MESSAGE][PASSED] - Supplier.selectTaskInInbox is PASSED

2019-01-09 14:37:29 - [TEST_STEP][PASSED] - Thread.sleep(6000): null

2019-01-09 14:37:35 - [TEST_STEP][PASSED] - click(findTestObject("SupplierFlow/rejectButton")): Object: 'Object Repository/SupplierFlow/rejectButton' is clicked on

2019-01-09 14:37:35 - [MESSAGE][PASSED] - Object: 'Object Repository/SupplierFlow/rejectButton' is clicked on

2019-01-09 14:37:35 - [TEST_STEP][PASSED] - Thread.sleep(3000): null

2019-01-09 14:37:38 - [TEST_STEP][PASSED] - setText(findTestObject("SupplierFlow/rejectionNote"), "This Task is rejected"): Text 'This Task is rejected' is set on object 'Object Repository/SupplierFlow/rejectionNote'

2019-01-09 14:37:38 - [MESSAGE][PASSED] - Text 'This Task is rejected' is set on object 'Object Repository/SupplierFlow/rejectionNote'

2019-01-09 14:37:38 - [TEST_STEP][PASSED] - Thread.sleep(2000): null

2019-01-09 14:37:40 - [TEST_STEP][PASSED] - click(findTestObject("SupplierFlow/sendTask")): Object: 'Object Repository/SupplierFlow/sendTask' is clicked on

2019-01-09 14:37:40 - [MESSAGE][PASSED] - Object: 'Object Repository/SupplierFlow/sendTask' is clicked on

2019-01-09 14:37:40 - [TEST_STEP][PASSED] - Thread.sleep(6000): null

2019-01-09 14:37:46 - [TEST_STEP][PASSED] - setText(findTestObject("SupplierFlow/searchTaskInInbox"), findTestData("SupplierData").getValue("DocTask", 1)): Text 'TestDocTask_09/01/19-14:14' is set on object 'Object Repository/SupplierFlow/searchTaskInInbox'

2019-01-09 14:37:47 - [MESSAGE][PASSED] - Text 'TestDocTask_09/01/19-14:14' is set on object 'Object Repository/SupplierFlow/searchTaskInInbox'

2019-01-09 14:37:47 - [TEST_STEP][PASSED] - sendKeys(findTestObject("SupplierFlow/searchTaskInInbox"), Keys.chord(ENTER)): Keys 'ENTER + ' sent to object: 'Object Repository/SupplierFlow/searchTaskInInbox'

2019-01-09 14:37:47 - [MESSAGE][PASSED] - Keys 'ENTER + ' sent to object: 'Object Repository/SupplierFlow/searchTaskInInbox'

2019-01-09 14:37:47 - [TEST_STEP][PASSED] - Thread.sleep(3000): null

2019-01-09 14:37:50 - [TEST_STEP][PASSED] - Supplier.selectTaskInInbox(): Supplier.selectTaskInInbox is PASSED

2019-01-09 14:37:50 - [MESSAGE][PASSED] - Supplier.selectTaskInInbox is PASSED

2019-01-09 14:37:50 - [TEST_STEP][PASSED] - Thread.sleep(6000): null

2019-01-09 14:37:56 - [TEST_STEP][PASSED] - click(findTestObject("SupplierFlow/rejectButton")): Object: 'Object Repository/SupplierFlow/rejectButton' is clicked on

2019-01-09 14:38:04 - [MESSAGE][PASSED] - Object: 'Object Repository/SupplierFlow/rejectButton' is clicked on

2019-01-09 14:38:04 - [TEST_STEP][PASSED] - Thread.sleep(3000): null

2019-01-09 14:38:07 - [TEST_STEP][PASSED] - setText(findTestObject("SupplierFlow/rejectionNote"), "This Task is rejected"): Text 'This Task is rejected' is set on object 'Object Repository/SupplierFlow/rejectionNote'

2019-01-09 14:38:07 - [MESSAGE][PASSED] - Text 'This Task is rejected' is set on object 'Object Repository/SupplierFlow/rejectionNote'

2019-01-09 14:38:07 - [TEST_STEP][PASSED] - Thread.sleep(2000): null

2019-01-09 14:38:09 - [TEST_STEP][PASSED] - click(findTestObject("SupplierFlow/sendTask")): Object: 'Object Repository/SupplierFlow/sendTask' is clicked on

2019-01-09 14:38:09 - [MESSAGE][PASSED] - Object: 'Object Repository/SupplierFlow/sendTask' is clicked on

2019-01-09 14:38:09 - [TEST_STEP][PASSED] - Thread.sleep(6000): null

2019-01-09 14:38:15 - [TEST_STEP][PASSED] - click(findTestObject("TestUser/clickToCheck")): Object: 'Object Repository/TestUser/clickToCheck' is clicked on

2019-01-09 14:38:15 - [MESSAGE][PASSED] - Object: 'Object Repository/TestUser/clickToCheck' is clicked on

2019-01-09 14:38:15 - [TEST_STEP][PASSED] - Thread.sleep(2000): null

2019-01-09 14:38:17 - [TEST_STEP][PASSED] - click(findTestObject("TestUser/logoutUser")): Object: 'Object Repository/TestUser/logoutUser' is clicked on

2019-01-09 14:38:20 - [MESSAGE][PASSED] - Object: 'Object Repository/TestUser/logoutUser' is clicked on

2019-01-09 14:38:20 - [TEST_STEP][PASSED] - Thread.sleep(2000): null]]></system-out>
         <system-err><![CDATA[]]></system-err>
      </testcase>
      <testcase name="Test Cases/SupplierFlow/9_Resubmission_Supplier" classname="Test Cases/SupplierFlow/9_Resubmission_Supplier" status="PASSED">
         <system-out><![CDATA[2019-01-09 14:38:22 - [TEST_CASE][PASSED] - Test Cases/SupplierFlow/9_Resubmission_Supplier: Test Cases/SupplierFlow/9_Resubmission_Supplier

2019-01-09 14:38:23 - [TEST_STEP][NOT_RUN] - openBrowser(URL): NOT_RUN: openBrowser(URL)

2019-01-09 14:38:23 - [MESSAGE][NOT_RUN] - NOT_RUN: openBrowser(URL)

2019-01-09 14:38:23 - [TEST_STEP][NOT_RUN] - maximizeWindow(): NOT_RUN: maximizeWindow()

2019-01-09 14:38:23 - [MESSAGE][NOT_RUN] - NOT_RUN: maximizeWindow()

2019-01-09 14:38:23 - [TEST_STEP][PASSED] - driver = getWebDriver(): null

2019-01-09 14:38:23 - [TEST_STEP][PASSED] - Thread.sleep(2000): null

2019-01-09 14:38:25 - [TEST_STEP][PASSED] - setText(findTestObject("TestUserLocation/login_Username"), findTestData("SupplierData").getValue("UserName", 1)): Text 'Supplier_On_09/01/19-14:11' is set on object 'Object Repository/TestUserLocation/login_Username'

2019-01-09 14:38:25 - [MESSAGE][PASSED] - Text 'Supplier_On_09/01/19-14:11' is set on object 'Object Repository/TestUserLocation/login_Username'

2019-01-09 14:38:25 - [TEST_STEP][PASSED] - setText(findTestObject("TestUserLocation/login_Password"), findTestData("SupplierData").getValue("NewPassword", 1)): Text 'password@123#' is set on object 'Object Repository/TestUserLocation/login_Password'

2019-01-09 14:38:25 - [MESSAGE][PASSED] - Text 'password@123#' is set on object 'Object Repository/TestUserLocation/login_Password'

2019-01-09 14:38:25 - [TEST_STEP][PASSED] - Thread.sleep(2000): null

2019-01-09 14:38:27 - [TEST_STEP][PASSED] - click(findTestObject("TestUserLocation/login_Button")): Object: 'Object Repository/TestUserLocation/login_Button' is clicked on

2019-01-09 14:38:29 - [MESSAGE][PASSED] - Object: 'Object Repository/TestUserLocation/login_Button' is clicked on

2019-01-09 14:38:29 - [TEST_STEP][PASSED] - Thread.sleep(6000): null

2019-01-09 14:38:35 - [TEST_STEP][PASSED] - click(findTestObject("SupplierFlow/clickOnSuppReject")): Object: 'Object Repository/SupplierFlow/clickOnSuppReject' is clicked on

2019-01-09 14:38:35 - [MESSAGE][PASSED] - Object: 'Object Repository/SupplierFlow/clickOnSuppReject' is clicked on

2019-01-09 14:38:35 - [TEST_STEP][PASSED] - Thread.sleep(2000): null

2019-01-09 14:38:37 - [TEST_STEP][PASSED] - Submission.supplierPortalSubmission(): Submission.supplierPortalSubmission is PASSED

2019-01-09 14:39:54 - [MESSAGE][PASSED] - Submission.supplierPortalSubmission is PASSED

2019-01-09 14:39:54 - [TEST_STEP][NOT_RUN] - Supplier.selectSupplierTask(): NOT_RUN: Supplier.selectSupplierTask()

2019-01-09 14:39:54 - [MESSAGE][NOT_RUN] - NOT_RUN: Supplier.selectSupplierTask()

2019-01-09 14:39:54 - [TEST_STEP][NOT_RUN] - Thread.sleep(4000): NOT_RUN: Thread.sleep(4000)

2019-01-09 14:39:54 - [MESSAGE][NOT_RUN] - NOT_RUN: Thread.sleep(4000)

2019-01-09 14:39:54 - [TEST_STEP][NOT_RUN] - click(findTestObject("FormTab/fillForm_SubmitButton")): NOT_RUN: click(findTestObject("FormTab/fillForm_SubmitButton"))

2019-01-09 14:39:54 - [MESSAGE][NOT_RUN] - NOT_RUN: click(findTestObject("FormTab/fillForm_SubmitButton"))

2019-01-09 14:39:54 - [TEST_STEP][NOT_RUN] - Thread.sleep(2000): NOT_RUN: Thread.sleep(2000)

2019-01-09 14:39:54 - [MESSAGE][NOT_RUN] - NOT_RUN: Thread.sleep(2000)

2019-01-09 14:39:54 - [TEST_STEP][NOT_RUN] - setText(findTestObject("SupplierFlow/formSubmissionNote"), "Form is Finally submitted Correctly."): NOT_RUN: setText(findTestObject("SupplierFlow/formSubmissionNote"), "Form is Finally submitted Correctly.")

2019-01-09 14:39:54 - [MESSAGE][NOT_RUN] - NOT_RUN: setText(findTestObject("SupplierFlow/formSubmissionNote"), "Form is Finally submitted Correctly.")

2019-01-09 14:39:54 - [TEST_STEP][NOT_RUN] - Thread.sleep(2000): NOT_RUN: Thread.sleep(2000)

2019-01-09 14:39:54 - [MESSAGE][NOT_RUN] - NOT_RUN: Thread.sleep(2000)

2019-01-09 14:39:54 - [TEST_STEP][NOT_RUN] - click(findTestObject("FormTab/fillForm_SubmissionOkButton")): NOT_RUN: click(findTestObject("FormTab/fillForm_SubmissionOkButton"))

2019-01-09 14:39:54 - [MESSAGE][NOT_RUN] - NOT_RUN: click(findTestObject("FormTab/fillForm_SubmissionOkButton"))

2019-01-09 14:39:54 - [TEST_STEP][PASSED] - Thread.sleep(6000): null

2019-01-09 14:40:00 - [TEST_STEP][PASSED] - click(findTestObject("TestUser/clickToCheck")): Object: 'Object Repository/TestUser/clickToCheck' is clicked on

2019-01-09 14:40:00 - [MESSAGE][PASSED] - Object: 'Object Repository/TestUser/clickToCheck' is clicked on

2019-01-09 14:40:00 - [TEST_STEP][PASSED] - Thread.sleep(2000): null

2019-01-09 14:40:02 - [TEST_STEP][PASSED] - click(findTestObject("TestUser/logoutUser")): Object: 'Object Repository/TestUser/logoutUser' is clicked on

2019-01-09 14:40:03 - [MESSAGE][PASSED] - Object: 'Object Repository/TestUser/logoutUser' is clicked on

2019-01-09 14:40:03 - [TEST_STEP][PASSED] - Thread.sleep(2000): null]]></system-out>
         <system-err><![CDATA[]]></system-err>
      </testcase>
      <testcase name="Test Cases/SupplierFlow/10_ApprovedFromInbox" classname="Test Cases/SupplierFlow/10_ApprovedFromInbox" status="PASSED">
         <system-out><![CDATA[2019-01-09 14:40:05 - [TEST_CASE][PASSED] - Test Cases/SupplierFlow/10_ApprovedFromInbox: Test Cases/SupplierFlow/10_ApprovedFromInbox

2019-01-09 14:40:06 - [TEST_STEP][NOT_RUN] - openBrowser(URL): NOT_RUN: openBrowser(URL)

2019-01-09 14:40:06 - [MESSAGE][NOT_RUN] - NOT_RUN: openBrowser(URL)

2019-01-09 14:40:06 - [TEST_STEP][NOT_RUN] - maximizeWindow(): NOT_RUN: maximizeWindow()

2019-01-09 14:40:06 - [MESSAGE][NOT_RUN] - NOT_RUN: maximizeWindow()

2019-01-09 14:40:06 - [TEST_STEP][PASSED] - setText(findTestObject("Form_Selection_Creation/login_Username"), UserName): Text 'superadmin' is set on object 'Object Repository/Form_Selection_Creation/login_Username'

2019-01-09 14:40:07 - [MESSAGE][PASSED] - Text 'superadmin' is set on object 'Object Repository/Form_Selection_Creation/login_Username'

2019-01-09 14:40:07 - [TEST_STEP][PASSED] - setText(findTestObject("Form_Selection_Creation/login_Password"), Password): Text 'sliptest23772boot' is set on object 'Object Repository/Form_Selection_Creation/login_Password'

2019-01-09 14:40:07 - [MESSAGE][PASSED] - Text 'sliptest23772boot' is set on object 'Object Repository/Form_Selection_Creation/login_Password'

2019-01-09 14:40:07 - [TEST_STEP][PASSED] - click(findTestObject("Form_Selection_Creation/login_Button")): Object: 'Object Repository/Form_Selection_Creation/login_Button' is clicked on

2019-01-09 14:40:09 - [MESSAGE][PASSED] - Object: 'Object Repository/Form_Selection_Creation/login_Button' is clicked on

2019-01-09 14:40:09 - [TEST_STEP][PASSED] - Thread.sleep(3000): null

2019-01-09 14:40:12 - [TEST_STEP][PASSED] - click(findTestObject("Form_Selection_Creation/mainMenu_Button")): Object: 'Object Repository/Form_Selection_Creation/mainMenu_Button' is clicked on

2019-01-09 14:40:14 - [MESSAGE][PASSED] - Object: 'Object Repository/Form_Selection_Creation/mainMenu_Button' is clicked on

2019-01-09 14:40:14 - [TEST_STEP][PASSED] - click(findTestObject("SupplierFlow/inbox")): Object: 'Object Repository/SupplierFlow/inbox' is clicked on

2019-01-09 14:40:15 - [MESSAGE][PASSED] - Object: 'Object Repository/SupplierFlow/inbox' is clicked on

2019-01-09 14:40:15 - [TEST_STEP][PASSED] - Thread.sleep(6000): null

2019-01-09 14:40:21 - [TEST_STEP][PASSED] - setText(findTestObject("SupplierFlow/searchTaskInInbox"), findTestData("SupplierData").getValue("FormTask", 1)): Text 'TestFormTask_09/01/19-14:13' is set on object 'Object Repository/SupplierFlow/searchTaskInInbox'

2019-01-09 14:40:21 - [MESSAGE][PASSED] - Text 'TestFormTask_09/01/19-14:13' is set on object 'Object Repository/SupplierFlow/searchTaskInInbox'

2019-01-09 14:40:21 - [TEST_STEP][PASSED] - sendKeys(findTestObject("SupplierFlow/searchTaskInInbox"), Keys.chord(ENTER)): Keys 'ENTER + ' sent to object: 'Object Repository/SupplierFlow/searchTaskInInbox'

2019-01-09 14:40:21 - [MESSAGE][PASSED] - Keys 'ENTER + ' sent to object: 'Object Repository/SupplierFlow/searchTaskInInbox'

2019-01-09 14:40:21 - [TEST_STEP][PASSED] - Thread.sleep(3000): null

2019-01-09 14:40:24 - [TEST_STEP][PASSED] - Supplier.selectTaskInInbox(): Supplier.selectTaskInInbox is PASSED

2019-01-09 14:40:25 - [MESSAGE][PASSED] - Supplier.selectTaskInInbox is PASSED

2019-01-09 14:40:25 - [TEST_STEP][PASSED] - Thread.sleep(6000): null

2019-01-09 14:40:31 - [TEST_STEP][PASSED] - click(findTestObject("SupplierFlow/approveButton")): Object: 'Object Repository/SupplierFlow/approveButton' is clicked on

2019-01-09 14:40:31 - [MESSAGE][PASSED] - Object: 'Object Repository/SupplierFlow/approveButton' is clicked on

2019-01-09 14:40:31 - [TEST_STEP][PASSED] - Thread.sleep(3000): null

2019-01-09 14:40:34 - [TEST_STEP][PASSED] - setText(findTestObject("SupplierFlow/expirtionDate_ApproveTask"), "12/17/2018"): Text '12/17/2018' is set on object 'Object Repository/SupplierFlow/expirtionDate_ApproveTask'

2019-01-09 14:40:34 - [MESSAGE][PASSED] - Text '12/17/2018' is set on object 'Object Repository/SupplierFlow/expirtionDate_ApproveTask'

2019-01-09 14:40:34 - [TEST_STEP][PASSED] - Thread.sleep(2000): null

2019-01-09 14:40:36 - [TEST_STEP][PASSED] - click(findTestObject("SupplierFlow/approveYesButton")): Object: 'Object Repository/SupplierFlow/approveYesButton' is clicked on

2019-01-09 14:40:36 - [MESSAGE][PASSED] - Object: 'Object Repository/SupplierFlow/approveYesButton' is clicked on

2019-01-09 14:40:36 - [TEST_STEP][PASSED] - Thread.sleep(6000): null

2019-01-09 14:40:42 - [TEST_STEP][PASSED] - setText(findTestObject("SupplierFlow/searchTaskInInbox"), findTestData("FormData").getValue("TaskName", 1)): Text 'AUTO_TEST_TASK_ON_07/01/2019-18:19:41' is set on object 'Object Repository/SupplierFlow/searchTaskInInbox'

2019-01-09 14:40:43 - [MESSAGE][PASSED] - Text 'AUTO_TEST_TASK_ON_07/01/2019-18:19:41' is set on object 'Object Repository/SupplierFlow/searchTaskInInbox'

2019-01-09 14:40:43 - [TEST_STEP][PASSED] - sendKeys(findTestObject("SupplierFlow/searchTaskInInbox"), Keys.chord(ENTER)): Keys 'ENTER + ' sent to object: 'Object Repository/SupplierFlow/searchTaskInInbox'

2019-01-09 14:40:43 - [MESSAGE][PASSED] - Keys 'ENTER + ' sent to object: 'Object Repository/SupplierFlow/searchTaskInInbox'

2019-01-09 14:40:43 - [TEST_STEP][PASSED] - Thread.sleep(6000): null

2019-01-09 14:40:49 - [TEST_STEP][PASSED] - setText(findTestObject("SupplierFlow/searchTaskInInbox"), findTestData("SupplierData").getValue("DocTask", 1)): Text 'TestDocTask_09/01/19-14:14' is set on object 'Object Repository/SupplierFlow/searchTaskInInbox'

2019-01-09 14:40:49 - [MESSAGE][PASSED] - Text 'TestDocTask_09/01/19-14:14' is set on object 'Object Repository/SupplierFlow/searchTaskInInbox'

2019-01-09 14:40:49 - [TEST_STEP][PASSED] - sendKeys(findTestObject("SupplierFlow/searchTaskInInbox"), Keys.chord(ENTER)): Keys 'ENTER + ' sent to object: 'Object Repository/SupplierFlow/searchTaskInInbox'

2019-01-09 14:40:49 - [MESSAGE][PASSED] - Keys 'ENTER + ' sent to object: 'Object Repository/SupplierFlow/searchTaskInInbox'

2019-01-09 14:40:49 - [TEST_STEP][PASSED] - Thread.sleep(3000): null

2019-01-09 14:40:52 - [TEST_STEP][PASSED] - Supplier.selectTaskInInbox(): Supplier.selectTaskInInbox is PASSED

2019-01-09 14:40:52 - [MESSAGE][PASSED] - Supplier.selectTaskInInbox is PASSED

2019-01-09 14:40:52 - [TEST_STEP][PASSED] - Thread.sleep(6000): null

2019-01-09 14:40:58 - [TEST_STEP][PASSED] - click(findTestObject("SupplierFlow/approveButton")): Object: 'Object Repository/SupplierFlow/approveButton' is clicked on

2019-01-09 14:40:58 - [MESSAGE][PASSED] - Object: 'Object Repository/SupplierFlow/approveButton' is clicked on

2019-01-09 14:40:58 - [TEST_STEP][PASSED] - Thread.sleep(3000): null

2019-01-09 14:41:01 - [TEST_STEP][PASSED] - setText(findTestObject("SupplierFlow/expirtionDate_ApproveTask"), "12/17/2018"): Text '12/17/2018' is set on object 'Object Repository/SupplierFlow/expirtionDate_ApproveTask'

2019-01-09 14:41:02 - [MESSAGE][PASSED] - Text '12/17/2018' is set on object 'Object Repository/SupplierFlow/expirtionDate_ApproveTask'

2019-01-09 14:41:02 - [TEST_STEP][PASSED] - Thread.sleep(2000): null

2019-01-09 14:41:04 - [TEST_STEP][PASSED] - click(findTestObject("SupplierFlow/approveYesButton")): Object: 'Object Repository/SupplierFlow/approveYesButton' is clicked on

2019-01-09 14:41:04 - [MESSAGE][PASSED] - Object: 'Object Repository/SupplierFlow/approveYesButton' is clicked on

2019-01-09 14:41:04 - [TEST_STEP][PASSED] - Thread.sleep(6000): null

2019-01-09 14:41:10 - [TEST_STEP][PASSED] - setText(findTestObject("SupplierFlow/searchTaskInInbox"), findTestData("FormData").getValue("TaskName", 1)): Text 'AUTO_TEST_TASK_ON_07/01/2019-18:19:41' is set on object 'Object Repository/SupplierFlow/searchTaskInInbox'

2019-01-09 14:41:11 - [MESSAGE][PASSED] - Text 'AUTO_TEST_TASK_ON_07/01/2019-18:19:41' is set on object 'Object Repository/SupplierFlow/searchTaskInInbox'

2019-01-09 14:41:11 - [TEST_STEP][PASSED] - sendKeys(findTestObject("SupplierFlow/searchTaskInInbox"), Keys.chord(ENTER)): Keys 'ENTER + ' sent to object: 'Object Repository/SupplierFlow/searchTaskInInbox'

2019-01-09 14:41:11 - [MESSAGE][PASSED] - Keys 'ENTER + ' sent to object: 'Object Repository/SupplierFlow/searchTaskInInbox'

2019-01-09 14:41:11 - [TEST_STEP][PASSED] - Thread.sleep(6000): null]]></system-out>
         <system-err><![CDATA[]]></system-err>
      </testcase>
      <system-out><![CDATA[2019-01-09 14:36:30 - [TEST_SUITE][PASSED] - TestSupplier: Test Cases/SupplierFlow/10_ApprovedFromInbox]]></system-out>
      <system-err><![CDATA[]]></system-err>
   </testsuite>
</testsuites>
