<?xml version="1.0" encoding="UTF-8"?>
<testsuites name="SmokeSuite" time="858" tests="12" failures="1" errors="0">
   <testsuite name="SmokeSuite" tests="12" failures="1" errors="0" time="858" timestamp="2018-10-31 14:50:28" hostname="pashine_a - Abhishek-Pashine.India.XoriantCorp.com" id="Test Suites/SmokeSuite">
      <properties>
         <property name="deviceName" value=""/>
         <property name="devicePlatform" value=""/>
         <property name="logFolder" value="D:\\Git Data\\SafetyChain-Test-Automation-Katalon\\Reports\\SmokeSuite\\20181031_145024"/>
         <property name="logFiles" value="D:\\Git Data\\SafetyChain-Test-Automation-Katalon\\Reports\\SmokeSuite\\20181031_145024\\execution0.log"/>
         <property name="attachments" value="D:\\Git Data\\SafetyChain-Test-Automation-Katalon\\Reports\\SmokeSuite\\20181031_145024\\1540977678257.png"/>
         <property name="hostName" value="pashine_a - Abhishek-Pashine.India.XoriantCorp.com"/>
         <property name="os" value="Windows 7 64bit"/>
         <property name="katalonVersion" value="5.8.4.14"/>
         <property name="browser" value="Chrome 70.0.3538.77"/>
         <property name="hostAddress" value="10.21.7.138"/>
         <property name="sessionId" value="914a52d7f59c610e692f365205848683"/>
         <property name="seleniumVersion" value="3.7.1"/>
         <property name="proxyInformation" value="ProxyInformation{proxyOption=NO_PROXY, proxyServerType=HTTP, password=, proxyServerAddress=, proxyServerPort=0}"/>
         <property name="platform" value="Windows 7"/>
      </properties>
      <testcase name="Test Cases/AdminTools/InternalUser" classname="Test Cases/AdminTools/InternalUser" status="FAILED">
         <failure type="FAILED" message="(Stack trace: com.kms.katalon.core.exception.StepFailedException: Unable to click on object 'Object Repository/InternalUser/ManageUsers_NewUserPopUp_AllLocation' (Root cause: org.openqa.selenium.ElementNotVisibleException: element not visible
  (Session info: chrome=70.0.3538.77)
  (Driver info: chromedriver=2.35.528161 (5b82f2d2aae0ca24b877009200ced9065a772e73),platform=Windows NT 6.1.7601 SP1 x86_64) (WARNING: The server did not provide any stacktrace information)
Command duration or timeout: 0 milliseconds
Build info: version: '3.7.1', revision: '8a0099a', time: '2017-11-06T21:07:36.161Z'
System info: host: 'ABHISHEK-PASHIN', ip: '10.21.7.138', os.name: 'Windows 7', os.arch: 'amd64', os.version: '6.1', java.version: '1.8.0_181'
Driver info: com.kms.katalon.selenium.driver.CChromeDriver
Capabilities {acceptInsecureCerts: false, acceptSslCerts: false, applicationCacheEnabled: false, browserConnectionEnabled: false, browserName: chrome, chrome: {chromedriverVersion: 2.35.528161 (5b82f2d2aae0ca..., userDataDir: C:\Users\PASHIN~1\AppData\L...}, cssSelectorsEnabled: true, databaseEnabled: false, handlesAlerts: true, hasTouchScreen: false, javascriptEnabled: true, locationContextEnabled: true, mobileEmulationEnabled: false, nativeEvents: true, networkConnectionEnabled: false, pageLoadStrategy: normal, platform: XP, platformName: XP, rotatable: false, setWindowRect: true, takesHeapSnapshot: true, takesScreenshot: true, unexpectedAlertBehaviour: , unhandledPromptBehavior: , version: 70.0.3538.77, webStorageEnabled: true}
Session ID: 39c314aafb63be55dfbedfeb869a5d45)
	at com.kms.katalon.core.keyword.internal.KeywordMain.stepFailed(KeywordMain.groovy:36)
	at com.kms.katalon.core.webui.keyword.internal.WebUIKeywordMain.stepFailed(WebUIKeywordMain.groovy:65)
	at com.kms.katalon.core.webui.keyword.internal.WebUIKeywordMain.runKeyword(WebUIKeywordMain.groovy:27)
	at com.kms.katalon.core.webui.keyword.builtin.ClickKeyword.click(ClickKeyword.groovy:86)
	at com.kms.katalon.core.webui.keyword.builtin.ClickKeyword.execute(ClickKeyword.groovy:67)
	at com.kms.katalon.core.keyword.internal.KeywordExecutor.executeKeywordForPlatform(KeywordExecutor.groovy:53)
	at com.kms.katalon.core.webui.keyword.WebUiBuiltInKeywords.click(WebUiBuiltInKeywords.groovy:616)
	at com.kms.katalon.core.webui.keyword.WebUiBuiltInKeywords$click$3.call(Unknown Source)
	at org.codehaus.groovy.runtime.callsite.CallSiteArray.defaultCall(CallSiteArray.java:48)
	at org.codehaus.groovy.runtime.callsite.AbstractCallSite.call(AbstractCallSite.java:113)
	at org.codehaus.groovy.runtime.callsite.AbstractCallSite.call(AbstractCallSite.java:125)
	at Script1540883572016.run(Script1540883572016.groovy:62)
	at com.kms.katalon.core.main.ScriptEngine.run(ScriptEngine.java:183)
	at com.kms.katalon.core.main.ScriptEngine.runScriptAsRawText(ScriptEngine.java:108)
	at com.kms.katalon.core.main.TestCaseExecutor.runScript(TestCaseExecutor.java:294)
	at com.kms.katalon.core.main.TestCaseExecutor.doExecute(TestCaseExecutor.java:285)
	at com.kms.katalon.core.main.TestCaseExecutor.processExecutionPhase(TestCaseExecutor.java:264)
	at com.kms.katalon.core.main.TestCaseExecutor.accessMainPhase(TestCaseExecutor.java:256)
	at com.kms.katalon.core.main.TestCaseExecutor.execute(TestCaseExecutor.java:200)
	at com.kms.katalon.core.main.TestSuiteExecutor.accessTestCaseMainPhase(TestSuiteExecutor.java:129)
	at com.kms.katalon.core.main.TestSuiteExecutor.accessTestSuiteMainPhase(TestSuiteExecutor.java:112)
	at com.kms.katalon.core.main.TestSuiteExecutor.execute(TestSuiteExecutor.java:81)
	at com.kms.katalon.core.main.TestCaseMain.startTestSuite(TestCaseMain.java:142)
	at com.kms.katalon.core.main.TestCaseMain$startTestSuite$0.call(Unknown Source)
	at org.codehaus.groovy.runtime.callsite.CallSiteArray.defaultCall(CallSiteArray.java:48)
	at org.codehaus.groovy.runtime.callsite.AbstractCallSite.call(AbstractCallSite.java:113)
	at org.codehaus.groovy.runtime.callsite.AbstractCallSite.call(AbstractCallSite.java:141)
	at TempTestSuite1540977624844.run(TempTestSuite1540977624844.groovy:36)
	at groovy.lang.GroovyShell.runScriptOrMainOrTestOrRunnable(GroovyShell.java:263)
	at groovy.lang.GroovyShell.run(GroovyShell.java:518)
	at groovy.lang.GroovyShell.run(GroovyShell.java:507)
	at groovy.ui.GroovyMain.processOnce(GroovyMain.java:653)
	at groovy.ui.GroovyMain.run(GroovyMain.java:384)
	at groovy.ui.GroovyMain.process(GroovyMain.java:370)
	at groovy.ui.GroovyMain.processArgs(GroovyMain.java:129)
	at groovy.ui.GroovyMain.main(GroovyMain.java:109)
	at sun.reflect.NativeMethodAccessorImpl.invoke0(Native Method)
	at sun.reflect.NativeMethodAccessorImpl.invoke(NativeMethodAccessorImpl.java:62)
	at sun.reflect.DelegatingMethodAccessorImpl.invoke(DelegatingMethodAccessorImpl.java:43)
	at java.lang.reflect.Method.invoke(Method.java:498)
	at org.codehaus.groovy.tools.GroovyStarter.rootLoader(GroovyStarter.java:109)
	at org.codehaus.groovy.tools.GroovyStarter.main(GroovyStarter.java:131)
)"/>
         <system-out><![CDATA[2018-10-31 14:50:29 - [TEST_CASE][FAILED] - Test Cases/AdminTools/InternalUser: Test Cases/AdminTools/InternalUser FAILED because (of) (Stack trace: com.kms.katalon.core.exception.StepFailedException: Unable to click on object 'Object Repository/InternalUser/ManageUsers_NewUserPopUp_AllLocation' (Root cause: org.openqa.selenium.ElementNotVisibleException: element not visible
  (Session info: chrome=70.0.3538.77)
  (Driver info: chromedriver=2.35.528161 (5b82f2d2aae0ca24b877009200ced9065a772e73),platform=Windows NT 6.1.7601 SP1 x86_64) (WARNING: The server did not provide any stacktrace information)
Command duration or timeout: 0 milliseconds
Build info: version: '3.7.1', revision: '8a0099a', time: '2017-11-06T21:07:36.161Z'
System info: host: 'ABHISHEK-PASHIN', ip: '10.21.7.138', os.name: 'Windows 7', os.arch: 'amd64', os.version: '6.1', java.version: '1.8.0_181'
Driver info: com.kms.katalon.selenium.driver.CChromeDriver
Capabilities {acceptInsecureCerts: false, acceptSslCerts: false, applicationCacheEnabled: false, browserConnectionEnabled: false, browserName: chrome, chrome: {chromedriverVersion: 2.35.528161 (5b82f2d2aae0ca..., userDataDir: C:\Users\PASHIN~1\AppData\L...}, cssSelectorsEnabled: true, databaseEnabled: false, handlesAlerts: true, hasTouchScreen: false, javascriptEnabled: true, locationContextEnabled: true, mobileEmulationEnabled: false, nativeEvents: true, networkConnectionEnabled: false, pageLoadStrategy: normal, platform: XP, platformName: XP, rotatable: false, setWindowRect: true, takesHeapSnapshot: true, takesScreenshot: true, unexpectedAlertBehaviour: , unhandledPromptBehavior: , version: 70.0.3538.77, webStorageEnabled: true}
Session ID: 39c314aafb63be55dfbedfeb869a5d45)
	at com.kms.katalon.core.keyword.internal.KeywordMain.stepFailed(KeywordMain.groovy:36)
	at com.kms.katalon.core.webui.keyword.internal.WebUIKeywordMain.stepFailed(WebUIKeywordMain.groovy:65)
	at com.kms.katalon.core.webui.keyword.internal.WebUIKeywordMain.runKeyword(WebUIKeywordMain.groovy:27)
	at com.kms.katalon.core.webui.keyword.builtin.ClickKeyword.click(ClickKeyword.groovy:86)
	at com.kms.katalon.core.webui.keyword.builtin.ClickKeyword.execute(ClickKeyword.groovy:67)
	at com.kms.katalon.core.keyword.internal.KeywordExecutor.executeKeywordForPlatform(KeywordExecutor.groovy:53)
	at com.kms.katalon.core.webui.keyword.WebUiBuiltInKeywords.click(WebUiBuiltInKeywords.groovy:616)
	at com.kms.katalon.core.webui.keyword.WebUiBuiltInKeywords$click$3.call(Unknown Source)
	at org.codehaus.groovy.runtime.callsite.CallSiteArray.defaultCall(CallSiteArray.java:48)
	at org.codehaus.groovy.runtime.callsite.AbstractCallSite.call(AbstractCallSite.java:113)
	at org.codehaus.groovy.runtime.callsite.AbstractCallSite.call(AbstractCallSite.java:125)
	at Script1540883572016.run(Script1540883572016.groovy:62)
	at com.kms.katalon.core.main.ScriptEngine.run(ScriptEngine.java:183)
	at com.kms.katalon.core.main.ScriptEngine.runScriptAsRawText(ScriptEngine.java:108)
	at com.kms.katalon.core.main.TestCaseExecutor.runScript(TestCaseExecutor.java:294)
	at com.kms.katalon.core.main.TestCaseExecutor.doExecute(TestCaseExecutor.java:285)
	at com.kms.katalon.core.main.TestCaseExecutor.processExecutionPhase(TestCaseExecutor.java:264)
	at com.kms.katalon.core.main.TestCaseExecutor.accessMainPhase(TestCaseExecutor.java:256)
	at com.kms.katalon.core.main.TestCaseExecutor.execute(TestCaseExecutor.java:200)
	at com.kms.katalon.core.main.TestSuiteExecutor.accessTestCaseMainPhase(TestSuiteExecutor.java:129)
	at com.kms.katalon.core.main.TestSuiteExecutor.accessTestSuiteMainPhase(TestSuiteExecutor.java:112)
	at com.kms.katalon.core.main.TestSuiteExecutor.execute(TestSuiteExecutor.java:81)
	at com.kms.katalon.core.main.TestCaseMain.startTestSuite(TestCaseMain.java:142)
	at com.kms.katalon.core.main.TestCaseMain$startTestSuite$0.call(Unknown Source)
	at org.codehaus.groovy.runtime.callsite.CallSiteArray.defaultCall(CallSiteArray.java:48)
	at org.codehaus.groovy.runtime.callsite.AbstractCallSite.call(AbstractCallSite.java:113)
	at org.codehaus.groovy.runtime.callsite.AbstractCallSite.call(AbstractCallSite.java:141)
	at TempTestSuite1540977624844.run(TempTestSuite1540977624844.groovy:36)
	at groovy.lang.GroovyShell.runScriptOrMainOrTestOrRunnable(GroovyShell.java:263)
	at groovy.lang.GroovyShell.run(GroovyShell.java:518)
	at groovy.lang.GroovyShell.run(GroovyShell.java:507)
	at groovy.ui.GroovyMain.processOnce(GroovyMain.java:653)
	at groovy.ui.GroovyMain.run(GroovyMain.java:384)
	at groovy.ui.GroovyMain.process(GroovyMain.java:370)
	at groovy.ui.GroovyMain.processArgs(GroovyMain.java:129)
	at groovy.ui.GroovyMain.main(GroovyMain.java:109)
	at sun.reflect.NativeMethodAccessorImpl.invoke0(Native Method)
	at sun.reflect.NativeMethodAccessorImpl.invoke(NativeMethodAccessorImpl.java:62)
	at sun.reflect.DelegatingMethodAccessorImpl.invoke(DelegatingMethodAccessorImpl.java:43)
	at java.lang.reflect.Method.invoke(Method.java:498)
	at org.codehaus.groovy.tools.GroovyStarter.rootLoader(GroovyStarter.java:109)
	at org.codehaus.groovy.tools.GroovyStarter.main(GroovyStarter.java:131)
)

2018-10-31 14:50:30 - [TEST_STEP][PASSED] - sc.sc_customkeywords.UniqueName: sc.sc_customkeywords.UniqueName is PASSED

2018-10-31 14:50:31 - [MESSAGE][PASSED] - sc.sc_customkeywords.UniqueName is PASSED

2018-10-31 14:50:31 - [TEST_STEP][PASSED] - openBrowser: Browser is opened with url: ''

2018-10-31 14:50:34 - [MESSAGE][PASSED] - Browser is opened with url: ''

2018-10-31 14:50:34 - [TEST_STEP][PASSED] - maximizeWindow: Current window maximized

2018-10-31 14:50:36 - [MESSAGE][PASSED] - Current window maximized

2018-10-31 14:50:36 - [TEST_STEP][PASSED] - navigateToUrl: Navigate to 'https://test2.stage.safetychain.com' successfully

2018-10-31 14:50:50 - [MESSAGE][PASSED] - Navigate to 'https://test2.stage.safetychain.com' successfully

2018-10-31 14:50:50 - [TEST_STEP][PASSED] - Statement - java.lang.Thread.sleep(5000): null

2018-10-31 14:50:55 - [TEST_STEP][PASSED] - setText: Text 'superadmin' is set on object 'Object Repository/CommonObjects/Login_UserName'

2018-10-31 14:50:56 - [MESSAGE][PASSED] - Text 'superadmin' is set on object 'Object Repository/CommonObjects/Login_UserName'

2018-10-31 14:50:56 - [TEST_STEP][PASSED] - setText: Text 'sliptest23772clam' is set on object 'Object Repository/CommonObjects/Login_Password'

2018-10-31 14:50:56 - [MESSAGE][PASSED] - Text 'sliptest23772clam' is set on object 'Object Repository/CommonObjects/Login_Password'

2018-10-31 14:50:56 - [TEST_STEP][PASSED] - click: Object: 'Object Repository/CommonObjects/Login_LoginButton' is clicked on

2018-10-31 14:50:58 - [MESSAGE][PASSED] - Object: 'Object Repository/CommonObjects/Login_LoginButton' is clicked on

2018-10-31 14:50:58 - [TEST_STEP][PASSED] - click: Object: 'Object Repository/CommonObjects/MainMenu_Icon' is clicked on

2018-10-31 14:51:02 - [MESSAGE][PASSED] - Object: 'Object Repository/CommonObjects/MainMenu_Icon' is clicked on

2018-10-31 14:51:02 - [TEST_STEP][PASSED] - click: Object: 'Object Repository/CommonObjects/MainMenu_AdminTools' is clicked on

2018-10-31 14:51:02 - [MESSAGE][PASSED] - Object: 'Object Repository/CommonObjects/MainMenu_AdminTools' is clicked on

2018-10-31 14:51:02 - [TEST_STEP][PASSED] - click: Object: 'Object Repository/InternalUser/MainMenu_Users' is clicked on

2018-10-31 14:51:02 - [MESSAGE][PASSED] - Object: 'Object Repository/InternalUser/MainMenu_Users' is clicked on

2018-10-31 14:51:02 - [TEST_STEP][PASSED] - click: Object: 'Object Repository/InternalUser/ManageUsers_AddNewButton' is clicked on

2018-10-31 14:51:04 - [MESSAGE][PASSED] - Object: 'Object Repository/InternalUser/ManageUsers_AddNewButton' is clicked on

2018-10-31 14:51:04 - [TEST_STEP][PASSED] - setText: Text 'UserName1540977630031' is set on object 'Object Repository/InternalUser/ManageUser_NewUserPopUp_Username'

2018-10-31 14:51:06 - [MESSAGE][PASSED] - Text 'UserName1540977630031' is set on object 'Object Repository/InternalUser/ManageUser_NewUserPopUp_Username'

2018-10-31 14:51:06 - [TEST_STEP][PASSED] - setText: Text 'Test' is set on object 'Object Repository/InternalUser/ManageUsers_NewUserPopUp_Password'

2018-10-31 14:51:06 - [MESSAGE][PASSED] - Text 'Test' is set on object 'Object Repository/InternalUser/ManageUsers_NewUserPopUp_Password'

2018-10-31 14:51:06 - [TEST_STEP][PASSED] - setText: Text 'Katalon1' is set on object 'Object Repository/InternalUser/ManageUsers_NewUserPopUp_FirstName'

2018-10-31 14:51:07 - [MESSAGE][PASSED] - Text 'Katalon1' is set on object 'Object Repository/InternalUser/ManageUsers_NewUserPopUp_FirstName'

2018-10-31 14:51:07 - [TEST_STEP][PASSED] - setText: Text 'User' is set on object 'Object Repository/InternalUser/ManageUsers_NewUserPopUp_LastName'

2018-10-31 14:51:07 - [MESSAGE][PASSED] - Text 'User' is set on object 'Object Repository/InternalUser/ManageUsers_NewUserPopUp_LastName'

2018-10-31 14:51:07 - [TEST_STEP][PASSED] - setText: Text 'test@xoriant.com' is set on object 'Object Repository/InternalUser/ManageUsers_NewUserPopUp_Email'

2018-10-31 14:51:07 - [MESSAGE][PASSED] - Text 'test@xoriant.com' is set on object 'Object Repository/InternalUser/ManageUsers_NewUserPopUp_Email'

2018-10-31 14:51:07 - [TEST_STEP][PASSED] - click: Object: 'Object Repository/InternalUser/ManageUsers_NewUserPopUp_Roles' is clicked on

2018-10-31 14:51:07 - [MESSAGE][PASSED] - Object: 'Object Repository/InternalUser/ManageUsers_NewUserPopUp_Roles' is clicked on

2018-10-31 14:51:07 - [TEST_STEP][PASSED] - Statement - java.lang.Thread.sleep(5000): null

2018-10-31 14:51:12 - [TEST_STEP][PASSED] - click: Object: 'Object Repository/InternalUser/ManageUsers_NewUserPopUp_RolesSuperadmin' is clicked on

2018-10-31 14:51:12 - [MESSAGE][PASSED] - Object: 'Object Repository/InternalUser/ManageUsers_NewUserPopUp_RolesSuperadmin' is clicked on

2018-10-31 14:51:12 - [TEST_STEP][PASSED] - click: Object: 'Object Repository/InternalUser/ManageUsers_NewUserPopUp_Location' is clicked on

2018-10-31 14:51:13 - [MESSAGE][PASSED] - Object: 'Object Repository/InternalUser/ManageUsers_NewUserPopUp_Location' is clicked on

2018-10-31 14:51:13 - [TEST_STEP][PASSED] - Statement - java.lang.Thread.sleep(5000): null

2018-10-31 14:51:18 - [TEST_STEP][FAILED] - click: Unable to click on object 'Object Repository/InternalUser/ManageUsers_NewUserPopUp_AllLocation' (Root cause: org.openqa.selenium.ElementNotVisibleException: element not visible
  (Session info: chrome=70.0.3538.77)
  (Driver info: chromedriver=2.35.528161 (5b82f2d2aae0ca24b877009200ced9065a772e73),platform=Windows NT 6.1.7601 SP1 x86_64) (WARNING: The server did not provide any stacktrace information)
Command duration or timeout: 0 milliseconds
Build info: version: '3.7.1', revision: '8a0099a', time: '2017-11-06T21:07:36.161Z'
System info: host: 'ABHISHEK-PASHIN', ip: '10.21.7.138', os.name: 'Windows 7', os.arch: 'amd64', os.version: '6.1', java.version: '1.8.0_181'
Driver info: com.kms.katalon.selenium.driver.CChromeDriver
Capabilities {acceptInsecureCerts: false, acceptSslCerts: false, applicationCacheEnabled: false, browserConnectionEnabled: false, browserName: chrome, chrome: {chromedriverVersion: 2.35.528161 (5b82f2d2aae0ca..., userDataDir: C:\Users\PASHIN~1\AppData\L...}, cssSelectorsEnabled: true, databaseEnabled: false, handlesAlerts: true, hasTouchScreen: false, javascriptEnabled: true, locationContextEnabled: true, mobileEmulationEnabled: false, nativeEvents: true, networkConnectionEnabled: false, pageLoadStrategy: normal, platform: XP, platformName: XP, rotatable: false, setWindowRect: true, takesHeapSnapshot: true, takesScreenshot: true, unexpectedAlertBehaviour: , unhandledPromptBehavior: , version: 70.0.3538.77, webStorageEnabled: true}
Session ID: 39c314aafb63be55dfbedfeb869a5d45)

2018-10-31 14:51:18 - [MESSAGE][FAILED] - Unable to click on object 'Object Repository/InternalUser/ManageUsers_NewUserPopUp_AllLocation' (Root cause: org.openqa.selenium.ElementNotVisibleException: element not visible
  (Session info: chrome=70.0.3538.77)
  (Driver info: chromedriver=2.35.528161 (5b82f2d2aae0ca24b877009200ced9065a772e73),platform=Windows NT 6.1.7601 SP1 x86_64) (WARNING: The server did not provide any stacktrace information)
Command duration or timeout: 0 milliseconds
Build info: version: '3.7.1', revision: '8a0099a', time: '2017-11-06T21:07:36.161Z'
System info: host: 'ABHISHEK-PASHIN', ip: '10.21.7.138', os.name: 'Windows 7', os.arch: 'amd64', os.version: '6.1', java.version: '1.8.0_181'
Driver info: com.kms.katalon.selenium.driver.CChromeDriver
Capabilities {acceptInsecureCerts: false, acceptSslCerts: false, applicationCacheEnabled: false, browserConnectionEnabled: false, browserName: chrome, chrome: {chromedriverVersion: 2.35.528161 (5b82f2d2aae0ca..., userDataDir: C:\Users\PASHIN~1\AppData\L...}, cssSelectorsEnabled: true, databaseEnabled: false, handlesAlerts: true, hasTouchScreen: false, javascriptEnabled: true, locationContextEnabled: true, mobileEmulationEnabled: false, nativeEvents: true, networkConnectionEnabled: false, pageLoadStrategy: normal, platform: XP, platformName: XP, rotatable: false, setWindowRect: true, takesHeapSnapshot: true, takesScreenshot: true, unexpectedAlertBehaviour: , unhandledPromptBehavior: , version: 70.0.3538.77, webStorageEnabled: true}
Session ID: 39c314aafb63be55dfbedfeb869a5d45)
[[ATTACHMENT|D:\\Git Data\\SafetyChain-Test-Automation-Katalon\\Reports\\SmokeSuite\\20181031_145024\\1540977678257.png]]]]></system-out>
         <system-err><![CDATA[2018-10-31 14:50:29 - [TEST_CASE][FAILED] - Test Cases/AdminTools/InternalUser: Test Cases/AdminTools/InternalUser FAILED because (of) (Stack trace: com.kms.katalon.core.exception.StepFailedException: Unable to click on object 'Object Repository/InternalUser/ManageUsers_NewUserPopUp_AllLocation' (Root cause: org.openqa.selenium.ElementNotVisibleException: element not visible
  (Session info: chrome=70.0.3538.77)
  (Driver info: chromedriver=2.35.528161 (5b82f2d2aae0ca24b877009200ced9065a772e73),platform=Windows NT 6.1.7601 SP1 x86_64) (WARNING: The server did not provide any stacktrace information)
Command duration or timeout: 0 milliseconds
Build info: version: '3.7.1', revision: '8a0099a', time: '2017-11-06T21:07:36.161Z'
System info: host: 'ABHISHEK-PASHIN', ip: '10.21.7.138', os.name: 'Windows 7', os.arch: 'amd64', os.version: '6.1', java.version: '1.8.0_181'
Driver info: com.kms.katalon.selenium.driver.CChromeDriver
Capabilities {acceptInsecureCerts: false, acceptSslCerts: false, applicationCacheEnabled: false, browserConnectionEnabled: false, browserName: chrome, chrome: {chromedriverVersion: 2.35.528161 (5b82f2d2aae0ca..., userDataDir: C:\Users\PASHIN~1\AppData\L...}, cssSelectorsEnabled: true, databaseEnabled: false, handlesAlerts: true, hasTouchScreen: false, javascriptEnabled: true, locationContextEnabled: true, mobileEmulationEnabled: false, nativeEvents: true, networkConnectionEnabled: false, pageLoadStrategy: normal, platform: XP, platformName: XP, rotatable: false, setWindowRect: true, takesHeapSnapshot: true, takesScreenshot: true, unexpectedAlertBehaviour: , unhandledPromptBehavior: , version: 70.0.3538.77, webStorageEnabled: true}
Session ID: 39c314aafb63be55dfbedfeb869a5d45)
	at com.kms.katalon.core.keyword.internal.KeywordMain.stepFailed(KeywordMain.groovy:36)
	at com.kms.katalon.core.webui.keyword.internal.WebUIKeywordMain.stepFailed(WebUIKeywordMain.groovy:65)
	at com.kms.katalon.core.webui.keyword.internal.WebUIKeywordMain.runKeyword(WebUIKeywordMain.groovy:27)
	at com.kms.katalon.core.webui.keyword.builtin.ClickKeyword.click(ClickKeyword.groovy:86)
	at com.kms.katalon.core.webui.keyword.builtin.ClickKeyword.execute(ClickKeyword.groovy:67)
	at com.kms.katalon.core.keyword.internal.KeywordExecutor.executeKeywordForPlatform(KeywordExecutor.groovy:53)
	at com.kms.katalon.core.webui.keyword.WebUiBuiltInKeywords.click(WebUiBuiltInKeywords.groovy:616)
	at com.kms.katalon.core.webui.keyword.WebUiBuiltInKeywords$click$3.call(Unknown Source)
	at org.codehaus.groovy.runtime.callsite.CallSiteArray.defaultCall(CallSiteArray.java:48)
	at org.codehaus.groovy.runtime.callsite.AbstractCallSite.call(AbstractCallSite.java:113)
	at org.codehaus.groovy.runtime.callsite.AbstractCallSite.call(AbstractCallSite.java:125)
	at Script1540883572016.run(Script1540883572016.groovy:62)
	at com.kms.katalon.core.main.ScriptEngine.run(ScriptEngine.java:183)
	at com.kms.katalon.core.main.ScriptEngine.runScriptAsRawText(ScriptEngine.java:108)
	at com.kms.katalon.core.main.TestCaseExecutor.runScript(TestCaseExecutor.java:294)
	at com.kms.katalon.core.main.TestCaseExecutor.doExecute(TestCaseExecutor.java:285)
	at com.kms.katalon.core.main.TestCaseExecutor.processExecutionPhase(TestCaseExecutor.java:264)
	at com.kms.katalon.core.main.TestCaseExecutor.accessMainPhase(TestCaseExecutor.java:256)
	at com.kms.katalon.core.main.TestCaseExecutor.execute(TestCaseExecutor.java:200)
	at com.kms.katalon.core.main.TestSuiteExecutor.accessTestCaseMainPhase(TestSuiteExecutor.java:129)
	at com.kms.katalon.core.main.TestSuiteExecutor.accessTestSuiteMainPhase(TestSuiteExecutor.java:112)
	at com.kms.katalon.core.main.TestSuiteExecutor.execute(TestSuiteExecutor.java:81)
	at com.kms.katalon.core.main.TestCaseMain.startTestSuite(TestCaseMain.java:142)
	at com.kms.katalon.core.main.TestCaseMain$startTestSuite$0.call(Unknown Source)
	at org.codehaus.groovy.runtime.callsite.CallSiteArray.defaultCall(CallSiteArray.java:48)
	at org.codehaus.groovy.runtime.callsite.AbstractCallSite.call(AbstractCallSite.java:113)
	at org.codehaus.groovy.runtime.callsite.AbstractCallSite.call(AbstractCallSite.java:141)
	at TempTestSuite1540977624844.run(TempTestSuite1540977624844.groovy:36)
	at groovy.lang.GroovyShell.runScriptOrMainOrTestOrRunnable(GroovyShell.java:263)
	at groovy.lang.GroovyShell.run(GroovyShell.java:518)
	at groovy.lang.GroovyShell.run(GroovyShell.java:507)
	at groovy.ui.GroovyMain.processOnce(GroovyMain.java:653)
	at groovy.ui.GroovyMain.run(GroovyMain.java:384)
	at groovy.ui.GroovyMain.process(GroovyMain.java:370)
	at groovy.ui.GroovyMain.processArgs(GroovyMain.java:129)
	at groovy.ui.GroovyMain.main(GroovyMain.java:109)
	at sun.reflect.NativeMethodAccessorImpl.invoke0(Native Method)
	at sun.reflect.NativeMethodAccessorImpl.invoke(NativeMethodAccessorImpl.java:62)
	at sun.reflect.DelegatingMethodAccessorImpl.invoke(DelegatingMethodAccessorImpl.java:43)
	at java.lang.reflect.Method.invoke(Method.java:498)
	at org.codehaus.groovy.tools.GroovyStarter.rootLoader(GroovyStarter.java:109)
	at org.codehaus.groovy.tools.GroovyStarter.main(GroovyStarter.java:131)
)]]></system-err>
      </testcase>
      <testcase name="Test Cases/AdminTools/Roles" classname="Test Cases/AdminTools/Roles" status="PASSED">
         <system-out><![CDATA[2018-10-31 14:51:18 - [TEST_CASE][PASSED] - Test Cases/AdminTools/Roles: Test Cases/AdminTools/Roles

2018-10-31 14:51:18 - [TEST_STEP][PASSED] - openBrowser: Browser is opened with url: ''

2018-10-31 14:51:19 - [MESSAGE][WARNING] - A browser is already opened. Closing browser and opening a new one

2018-10-31 14:51:22 - [MESSAGE][PASSED] - Browser is opened with url: ''

2018-10-31 14:51:22 - [TEST_STEP][PASSED] - navigateToUrl: Navigate to 'https://test2.stage.safetychain.com' successfully

2018-10-31 14:51:35 - [MESSAGE][PASSED] - Navigate to 'https://test2.stage.safetychain.com' successfully

2018-10-31 14:51:35 - [TEST_STEP][PASSED] - maximizeWindow: Current window maximized

2018-10-31 14:51:36 - [MESSAGE][PASSED] - Current window maximized

2018-10-31 14:51:36 - [TEST_STEP][PASSED] - setText: Text 'superadmin' is set on object 'Object Repository/Role-Latest/ManageRoles_input_USER NAME_Username'

2018-10-31 14:51:40 - [MESSAGE][PASSED] - Text 'superadmin' is set on object 'Object Repository/Role-Latest/ManageRoles_input_USER NAME_Username'

2018-10-31 14:51:40 - [TEST_STEP][PASSED] - setText: Text 'sliptest23772clam' is set on object 'Object Repository/Role-Latest/ManageRoles_input_PASSWORD_Password'

2018-10-31 14:51:40 - [MESSAGE][PASSED] - Text 'sliptest23772clam' is set on object 'Object Repository/Role-Latest/ManageRoles_input_PASSWORD_Password'

2018-10-31 14:51:40 - [TEST_STEP][PASSED] - click: Object: 'Object Repository/Role-Latest/ManageRoles_button_LOGIN' is clicked on

2018-10-31 14:51:42 - [MESSAGE][PASSED] - Object: 'Object Repository/Role-Latest/ManageRoles_button_LOGIN' is clicked on

2018-10-31 14:51:42 - [TEST_STEP][PASSED] - click: Object: 'Object Repository/Role-Latest/ManageRoles_svg_STAGE_scsIcon scs-hamburge' is clicked on

2018-10-31 14:51:46 - [MESSAGE][PASSED] - Object: 'Object Repository/Role-Latest/ManageRoles_svg_STAGE_scsIcon scs-hamburge' is clicked on

2018-10-31 14:51:46 - [TEST_STEP][PASSED] - click: Object: 'Object Repository/Role-Latest/ManageRoles_div_Admin Tools' is clicked on

2018-10-31 14:51:46 - [MESSAGE][PASSED] - Object: 'Object Repository/Role-Latest/ManageRoles_div_Admin Tools' is clicked on

2018-10-31 14:51:46 - [TEST_STEP][PASSED] - click: Object: 'Object Repository/Role-Latest/ManageRoles_div_Roles' is clicked on

2018-10-31 14:51:46 - [MESSAGE][PASSED] - Object: 'Object Repository/Role-Latest/ManageRoles_div_Roles' is clicked on

2018-10-31 14:51:46 - [TEST_STEP][PASSED] - click: Object: 'Object Repository/Role-Latest/ManageRoles_i_UserAdmin_fa fa-plus-circle' is clicked on

2018-10-31 14:51:47 - [MESSAGE][PASSED] - Object: 'Object Repository/Role-Latest/ManageRoles_i_UserAdmin_fa fa-plus-circle' is clicked on

2018-10-31 14:51:47 - [TEST_STEP][PASSED] - RandomRoles.clickElement: RandomRoles.clickElement is PASSED

2018-10-31 14:51:47 - [MESSAGE][PASSED] - RandomRoles.clickElement is PASSED

2018-10-31 14:51:47 - [TEST_STEP][PASSED] - click: Object: 'Object Repository/Role-Latest/ManageRoles_div_SAVE' is clicked on

2018-10-31 14:51:50 - [MESSAGE][PASSED] - Object: 'Object Repository/Role-Latest/ManageRoles_div_SAVE' is clicked on

2018-10-31 14:51:50 - [TEST_STEP][PASSED] - Statement - java.lang.Thread.sleep(6000): null

2018-10-31 14:51:56 - [TEST_STEP][PASSED] - click: Object: 'Object Repository/User_role Attachment-Latest/UserRoleLink_span_Users' is clicked on

2018-10-31 14:51:56 - [MESSAGE][PASSED] - Object: 'Object Repository/User_role Attachment-Latest/UserRoleLink_span_Users' is clicked on

2018-10-31 14:51:56 - [TEST_STEP][PASSED] - Statement - java.lang.Thread.sleep(4000): null

2018-10-31 14:52:00 - [TEST_STEP][PASSED] - setText: Text 'Superadmin' is set on object 'Object Repository/User_role Attachment-Latest/UserRoleLink_input_SAVE_scs-manage-roles-se'

2018-10-31 14:52:00 - [MESSAGE][PASSED] - Text 'Superadmin' is set on object 'Object Repository/User_role Attachment-Latest/UserRoleLink_input_SAVE_scs-manage-roles-se'

2018-10-31 14:52:00 - [TEST_STEP][PASSED] - Statement - java.lang.Thread.sleep(4000): null

2018-10-31 14:52:04 - [TEST_STEP][PASSED] - click: Object: 'Object Repository/User_role Attachment-Latest/UserRoleLink_span_SAVE_fa fa-search' is clicked on

2018-10-31 14:52:05 - [MESSAGE][PASSED] - Object: 'Object Repository/User_role Attachment-Latest/UserRoleLink_span_SAVE_fa fa-search' is clicked on

2018-10-31 14:52:05 - [TEST_STEP][PASSED] - Statement - java.lang.Thread.sleep(4000): null

2018-10-31 14:52:09 - [TEST_STEP][PASSED] - click: Object: 'Object Repository/User_role Attachment-Latest/UserRoleLink_input_select_scs-grid-row-chec' is clicked on

2018-10-31 14:52:09 - [MESSAGE][PASSED] - Object: 'Object Repository/User_role Attachment-Latest/UserRoleLink_input_select_scs-grid-row-chec' is clicked on

2018-10-31 14:52:09 - [TEST_STEP][PASSED] - Statement - java.lang.Thread.sleep(4000): null

2018-10-31 14:52:13 - [TEST_STEP][PASSED] - click: Object: 'Object Repository/User_role Attachment-Latest/UserRoleLink_div_SAVE' is clicked on

2018-10-31 14:52:13 - [MESSAGE][PASSED] - Object: 'Object Repository/User_role Attachment-Latest/UserRoleLink_div_SAVE' is clicked on

2018-10-31 14:52:13 - [TEST_STEP][PASSED] - Statement - java.lang.Thread.sleep(4000): null

2018-10-31 14:52:17 - [TEST_STEP][PASSED] - click: Object: 'Object Repository/Role-Latest/ManageRoles_div_adit s_scs-user-icon' is clicked on

2018-10-31 14:52:17 - [MESSAGE][PASSED] - Object: 'Object Repository/Role-Latest/ManageRoles_div_adit s_scs-user-icon' is clicked on

2018-10-31 14:52:17 - [TEST_STEP][PASSED] - Statement - java.lang.Thread.sleep(4000): null

2018-10-31 14:52:21 - [TEST_STEP][PASSED] - verifyElementChecked: Object 'Object Repository/User_role Attachment-Latest/Page_SafetyChain/Page_SafetyChain/ToCheckElementIsTicked' is checked

2018-10-31 14:52:21 - [MESSAGE][PASSED] - Object 'Object Repository/User_role Attachment-Latest/Page_SafetyChain/Page_SafetyChain/ToCheckElementIsTicked' is checked

2018-10-31 14:52:21 - [TEST_STEP][PASSED] - click: Object: 'Object Repository/Role-Latest/ManageRoles_li_Logout' is clicked on

2018-10-31 14:52:24 - [MESSAGE][PASSED] - Object: 'Object Repository/Role-Latest/ManageRoles_li_Logout' is clicked on

2018-10-31 14:52:24 - [TEST_STEP][PASSED] - closeBrowser: Browser is closed

2018-10-31 14:52:25 - [MESSAGE][PASSED] - Browser is closed]]></system-out>
         <system-err><![CDATA[]]></system-err>
      </testcase>
      <testcase name="Test Cases/AdminTools/WorkGroup" classname="Test Cases/AdminTools/WorkGroup" status="PASSED">
         <system-out><![CDATA[2018-10-31 14:52:25 - [TEST_CASE][PASSED] - Test Cases/AdminTools/WorkGroup: Test Cases/AdminTools/WorkGroup

2018-10-31 14:52:25 - [TEST_STEP][PASSED] - sc.sc_customkeywords.UniqueName: sc.sc_customkeywords.UniqueName is PASSED

2018-10-31 14:52:25 - [MESSAGE][PASSED] - sc.sc_customkeywords.UniqueName is PASSED

2018-10-31 14:52:25 - [TEST_STEP][PASSED] - openBrowser: Browser is opened with url: ''

2018-10-31 14:52:28 - [MESSAGE][PASSED] - Browser is opened with url: ''

2018-10-31 14:52:28 - [TEST_STEP][PASSED] - maximizeWindow: Current window maximized

2018-10-31 14:52:29 - [MESSAGE][PASSED] - Current window maximized

2018-10-31 14:52:29 - [TEST_STEP][PASSED] - navigateToUrl: Navigate to 'https://test2.stage.safetychain.com' successfully

2018-10-31 14:52:48 - [MESSAGE][PASSED] - Navigate to 'https://test2.stage.safetychain.com' successfully

2018-10-31 14:52:48 - [TEST_STEP][PASSED] - setText: Text 'superadmin' is set on object 'Object Repository/CommonObjects/Login_UserName'

2018-10-31 14:52:53 - [MESSAGE][PASSED] - Text 'superadmin' is set on object 'Object Repository/CommonObjects/Login_UserName'

2018-10-31 14:52:53 - [TEST_STEP][PASSED] - setText: Text 'sliptest23772clam' is set on object 'Object Repository/CommonObjects/Login_Password'

2018-10-31 14:52:53 - [MESSAGE][PASSED] - Text 'sliptest23772clam' is set on object 'Object Repository/CommonObjects/Login_Password'

2018-10-31 14:52:53 - [TEST_STEP][PASSED] - click: Object: 'Object Repository/CommonObjects/Login_LoginButton' is clicked on

2018-10-31 14:52:54 - [MESSAGE][PASSED] - Object: 'Object Repository/CommonObjects/Login_LoginButton' is clicked on

2018-10-31 14:52:54 - [TEST_STEP][PASSED] - click: Object: 'Object Repository/CommonObjects/FSQA_MainMenu' is clicked on

2018-10-31 14:52:58 - [MESSAGE][PASSED] - Object: 'Object Repository/CommonObjects/FSQA_MainMenu' is clicked on

2018-10-31 14:52:58 - [TEST_STEP][PASSED] - click: Object: 'Object Repository/CommonObjects/MainMenu_AdminTools' is clicked on

2018-10-31 14:52:58 - [MESSAGE][PASSED] - Object: 'Object Repository/CommonObjects/MainMenu_AdminTools' is clicked on

2018-10-31 14:52:58 - [TEST_STEP][PASSED] - click: Object: 'Object Repository/CommonObjects/MainMenu_WorkGroups' is clicked on

2018-10-31 14:52:59 - [MESSAGE][PASSED] - Object: 'Object Repository/CommonObjects/MainMenu_WorkGroups' is clicked on

2018-10-31 14:52:59 - [TEST_STEP][PASSED] - click: Object: 'Object Repository/WorkGroup/WorkGroup_PlusIcon' is clicked on

2018-10-31 14:53:00 - [MESSAGE][PASSED] - Object: 'Object Repository/WorkGroup/WorkGroup_PlusIcon' is clicked on

2018-10-31 14:53:00 - [TEST_STEP][PASSED] - setText: Text 'WorkGroup1540977745776' is set on object 'Object Repository/WorkGroup/WorkGroup_AddingNewTextField'

2018-10-31 14:53:01 - [MESSAGE][PASSED] - Text 'WorkGroup1540977745776' is set on object 'Object Repository/WorkGroup/WorkGroup_AddingNewTextField'

2018-10-31 14:53:01 - [TEST_STEP][PASSED] - click: Object: 'Object Repository/WorkGroup/WorkGroup_SaveButton' is clicked on

2018-10-31 14:53:02 - [MESSAGE][PASSED] - Object: 'Object Repository/WorkGroup/WorkGroup_SaveButton' is clicked on

2018-10-31 14:53:02 - [TEST_STEP][PASSED] - Statement - java.lang.Thread.sleep(3000): null

2018-10-31 14:53:05 - [TEST_STEP][PASSED] - verifyTextPresent: Text 'WorkGroup1540977745776' is present on page 

2018-10-31 14:53:06 - [MESSAGE][PASSED] - Text 'WorkGroup1540977745776' is present on page 

2018-10-31 14:53:06 - [TEST_STEP][PASSED] - closeBrowser: Browser is closed

2018-10-31 14:53:07 - [MESSAGE][PASSED] - Browser is closed]]></system-out>
         <system-err><![CDATA[]]></system-err>
      </testcase>
      <testcase name="Test Cases/Forms/AuditForm/1_CreateForm" classname="Test Cases/Forms/AuditForm/1_CreateForm" status="PASSED">
         <system-out><![CDATA[2018-10-31 14:53:07 - [TEST_CASE][PASSED] - Test Cases/Forms/AuditForm/1_CreateForm: Test Cases/Forms/AuditForm/1_CreateForm

2018-10-31 14:53:07 - [TEST_STEP][PASSED] - openBrowser: Browser is opened with url: 'https://test2.stage.safetychain.com'

2018-10-31 14:53:21 - [MESSAGE][PASSED] - Browser is opened with url: 'https://test2.stage.safetychain.com'

2018-10-31 14:53:21 - [TEST_STEP][PASSED] - maximizeWindow: Current window maximized

2018-10-31 14:53:22 - [MESSAGE][PASSED] - Current window maximized

2018-10-31 14:53:22 - [TEST_STEP][PASSED] - setText: Text 'superadmin' is set on object 'Object Repository/Form_Selection_Creation/login_Username'

2018-10-31 14:53:31 - [MESSAGE][PASSED] - Text 'superadmin' is set on object 'Object Repository/Form_Selection_Creation/login_Username'

2018-10-31 14:53:31 - [TEST_STEP][PASSED] - setText: Text 'sliptest23772clam' is set on object 'Object Repository/Form_Selection_Creation/login_Password'

2018-10-31 14:53:31 - [MESSAGE][PASSED] - Text 'sliptest23772clam' is set on object 'Object Repository/Form_Selection_Creation/login_Password'

2018-10-31 14:53:31 - [TEST_STEP][PASSED] - FormName.setData: FormName.setData is PASSED

2018-10-31 14:53:31 - [MESSAGE][PASSED] - FormName.setData is PASSED

2018-10-31 14:53:31 - [TEST_STEP][PASSED] - click: Object: 'Object Repository/Form_Selection_Creation/login_Button' is clicked on

2018-10-31 14:53:33 - [MESSAGE][PASSED] - Object: 'Object Repository/Form_Selection_Creation/login_Button' is clicked on

2018-10-31 14:53:33 - [TEST_STEP][PASSED] - Statement - java.lang.Thread.sleep(3000): null

2018-10-31 14:53:36 - [TEST_STEP][PASSED] - click: Object: 'Object Repository/Form_Selection_Creation/mainMenu_Button' is clicked on

2018-10-31 14:53:37 - [MESSAGE][PASSED] - Object: 'Object Repository/Form_Selection_Creation/mainMenu_Button' is clicked on

2018-10-31 14:53:37 - [TEST_STEP][PASSED] - click: Object: 'Object Repository/Form_Selection_Creation/mainMenu_AdminTools' is clicked on

2018-10-31 14:53:37 - [MESSAGE][PASSED] - Object: 'Object Repository/Form_Selection_Creation/mainMenu_AdminTools' is clicked on

2018-10-31 14:53:37 - [TEST_STEP][PASSED] - click: Object: 'Object Repository/Form_Selection_Creation/mainMenu_AdminTools_FormDesigner' is clicked on

2018-10-31 14:53:38 - [MESSAGE][PASSED] - Object: 'Object Repository/Form_Selection_Creation/mainMenu_AdminTools_FormDesigner' is clicked on

2018-10-31 14:53:38 - [TEST_STEP][PASSED] - Statement - java.lang.Thread.sleep(2000): null

2018-10-31 14:53:40 - [TEST_STEP][PASSED] - click: Object: 'Object Repository/Form_Selection_Creation/selectAuditForm' is clicked on

2018-10-31 14:53:40 - [MESSAGE][PASSED] - Object: 'Object Repository/Form_Selection_Creation/selectAuditForm' is clicked on

2018-10-31 14:53:40 - [TEST_STEP][PASSED] - Statement - java.lang.Thread.sleep(3000): null

2018-10-31 14:53:43 - [TEST_STEP][PASSED] - dragAndDropToObject: Dragged object with id 'Object Repository/Form_Selection_Creation/formDesign_selectResource' to object with id 'TestObject - 'Object Repository/Form_Selection_Creation/Target_Res_Object'' successfully

2018-10-31 14:53:44 - [MESSAGE][PASSED] - Dragged object with id 'Object Repository/Form_Selection_Creation/formDesign_selectResource' to object with id 'TestObject - 'Object Repository/Form_Selection_Creation/Target_Res_Object'' successfully

2018-10-31 14:53:44 - [TEST_STEP][PASSED] - Statement - java.lang.Thread.sleep(5000): null

2018-10-31 14:53:49 - [TEST_STEP][PASSED] - click: Object: 'Object Repository/Form_Selection_Creation/formCreation_NextToDesignForm' is clicked on

2018-10-31 14:53:49 - [MESSAGE][PASSED] - Object: 'Object Repository/Form_Selection_Creation/formCreation_NextToDesignForm' is clicked on

2018-10-31 14:53:49 - [TEST_STEP][PASSED] - Statement - java.lang.Thread.sleep(3000): null

2018-10-31 14:53:52 - [TEST_STEP][PASSED] - FormName.createForm: FormName.createForm is PASSED

2018-10-31 14:53:52 - [MESSAGE][PASSED] - FormName.createForm is PASSED

2018-10-31 14:53:52 - [TEST_STEP][PASSED] - Statement - java.lang.Thread.sleep(2000): null

2018-10-31 14:53:54 - [TEST_STEP][PASSED] - dragAndDropToObject: Dragged object with id 'Object Repository/Form_Selection_Creation/formDesign_SelectSection' to object with id 'TestObject - 'Object Repository/Form_Selection_Creation/default_area'' successfully

2018-10-31 14:53:55 - [MESSAGE][PASSED] - Dragged object with id 'Object Repository/Form_Selection_Creation/formDesign_SelectSection' to object with id 'TestObject - 'Object Repository/Form_Selection_Creation/default_area'' successfully

2018-10-31 14:53:55 - [TEST_STEP][PASSED] - setText: Text 'This is a Section' is set on object 'Object Repository/Form_Selection_Creation/formDesign_SectionName'

2018-10-31 14:53:56 - [MESSAGE][PASSED] - Text 'This is a Section' is set on object 'Object Repository/Form_Selection_Creation/formDesign_SectionName'

2018-10-31 14:53:56 - [TEST_STEP][PASSED] - Statement - java.lang.Thread.sleep(2000): null

2018-10-31 14:53:58 - [TEST_STEP][PASSED] - dragAndDropToObject: Dragged object with id 'Object Repository/Form_Selection_Creation/formDesign_SelectFieldgroup' to object with id 'TestObject - 'Object Repository/Form_Selection_Creation/section_area'' successfully

2018-10-31 14:53:59 - [MESSAGE][PASSED] - Dragged object with id 'Object Repository/Form_Selection_Creation/formDesign_SelectFieldgroup' to object with id 'TestObject - 'Object Repository/Form_Selection_Creation/section_area'' successfully

2018-10-31 14:53:59 - [TEST_STEP][PASSED] - setText: Text 'This is Field Group' is set on object 'Object Repository/Form_Selection_Creation/formDesign_questionGroupName_Text'

2018-10-31 14:53:59 - [MESSAGE][PASSED] - Text 'This is Field Group' is set on object 'Object Repository/Form_Selection_Creation/formDesign_questionGroupName_Text'

2018-10-31 14:53:59 - [TEST_STEP][PASSED] - Statement - java.lang.Thread.sleep(2000): null

2018-10-31 14:54:01 - [TEST_STEP][PASSED] - dragAndDropToObject: Dragged object with id 'Object Repository/Form_Selection_Creation/formDesign_SelectFree Text' to object with id 'TestObject - 'Object Repository/Form_Selection_Creation/questionGroupArea'' successfully

2018-10-31 14:54:02 - [MESSAGE][PASSED] - Dragged object with id 'Object Repository/Form_Selection_Creation/formDesign_SelectFree Text' to object with id 'TestObject - 'Object Repository/Form_Selection_Creation/questionGroupArea'' successfully

2018-10-31 14:54:02 - [TEST_STEP][PASSED] - setText: Text 'This is Free Text' is set on object 'Object Repository/Form_Selection_Creation/formDesign_SingleLineName'

2018-10-31 14:54:02 - [MESSAGE][PASSED] - Text 'This is Free Text' is set on object 'Object Repository/Form_Selection_Creation/formDesign_SingleLineName'

2018-10-31 14:54:02 - [TEST_STEP][PASSED] - Statement - java.lang.Thread.sleep(2000): null

2018-10-31 14:54:04 - [TEST_STEP][PASSED] - dragAndDropToObject: Dragged object with id 'Object Repository/Form_Selection_Creation/formDesign_SelectParagraphText' to object with id 'TestObject - 'Object Repository/Form_Selection_Creation/questionGroupArea'' successfully

2018-10-31 14:54:05 - [MESSAGE][PASSED] - Dragged object with id 'Object Repository/Form_Selection_Creation/formDesign_SelectParagraphText' to object with id 'TestObject - 'Object Repository/Form_Selection_Creation/questionGroupArea'' successfully

2018-10-31 14:54:05 - [TEST_STEP][PASSED] - setText: Text 'This is Paragraph' is set on object 'Object Repository/Form_Selection_Creation/formDesign_ParagraphName'

2018-10-31 14:54:05 - [MESSAGE][PASSED] - Text 'This is Paragraph' is set on object 'Object Repository/Form_Selection_Creation/formDesign_ParagraphName'

2018-10-31 14:54:05 - [TEST_STEP][PASSED] - Statement - java.lang.Thread.sleep(2000): null

2018-10-31 14:54:07 - [TEST_STEP][PASSED] - dragAndDropToObject: Dragged object with id 'Object Repository/Form_Selection_Creation/formDesign_Select_SelectOne' to object with id 'TestObject - 'Object Repository/Form_Selection_Creation/questionGroupArea'' successfully

2018-10-31 14:54:08 - [MESSAGE][PASSED] - Dragged object with id 'Object Repository/Form_Selection_Creation/formDesign_Select_SelectOne' to object with id 'TestObject - 'Object Repository/Form_Selection_Creation/questionGroupArea'' successfully

2018-10-31 14:54:08 - [TEST_STEP][PASSED] - setText: Text 'This is Select One' is set on object 'Object Repository/Form_Selection_Creation/formDesign_Select_OneName'

2018-10-31 14:54:09 - [MESSAGE][PASSED] - Text 'This is Select One' is set on object 'Object Repository/Form_Selection_Creation/formDesign_Select_OneName'

2018-10-31 14:54:09 - [TEST_STEP][PASSED] - Statement - java.lang.Thread.sleep(2000): null

2018-10-31 14:54:11 - [TEST_STEP][PASSED] - click: Object: 'Object Repository/Form_Selection_Creation/button_AddNew1' is clicked on

2018-10-31 14:54:11 - [MESSAGE][PASSED] - Object: 'Object Repository/Form_Selection_Creation/button_AddNew1' is clicked on

2018-10-31 14:54:11 - [TEST_STEP][PASSED] - setText: Text 'Single Option1' is set on object 'Object Repository/Form_Selection_Creation/add1singleValue1'

2018-10-31 14:54:11 - [MESSAGE][PASSED] - Text 'Single Option1' is set on object 'Object Repository/Form_Selection_Creation/add1singleValue1'

2018-10-31 14:54:11 - [TEST_STEP][PASSED] - Statement - java.lang.Thread.sleep(3000): null

2018-10-31 14:54:14 - [TEST_STEP][PASSED] - click: Object: 'Object Repository/Form_Selection_Creation/button_AddNew1' is clicked on

2018-10-31 14:54:15 - [MESSAGE][PASSED] - Object: 'Object Repository/Form_Selection_Creation/button_AddNew1' is clicked on

2018-10-31 14:54:15 - [TEST_STEP][PASSED] - setText: Text 'Single Option2' is set on object 'Object Repository/Form_Selection_Creation/add1singleValue2'

2018-10-31 14:54:15 - [MESSAGE][PASSED] - Text 'Single Option2' is set on object 'Object Repository/Form_Selection_Creation/add1singleValue2'

2018-10-31 14:54:15 - [TEST_STEP][PASSED] - Statement - java.lang.Thread.sleep(2000): null

2018-10-31 14:54:17 - [TEST_STEP][PASSED] - dragAndDropToObject: Dragged object with id 'Object Repository/Form_Selection_Creation/formDesign_Select_SelectMultiple' to object with id 'TestObject - 'Object Repository/Form_Selection_Creation/questionGroupArea'' successfully

2018-10-31 14:54:18 - [MESSAGE][PASSED] - Dragged object with id 'Object Repository/Form_Selection_Creation/formDesign_Select_SelectMultiple' to object with id 'TestObject - 'Object Repository/Form_Selection_Creation/questionGroupArea'' successfully

2018-10-31 14:54:18 - [TEST_STEP][PASSED] - setText: Text 'This is Select Multiple' is set on object 'Object Repository/Form_Selection_Creation/formDesign_Select_MultipleName'

2018-10-31 14:54:18 - [MESSAGE][PASSED] - Text 'This is Select Multiple' is set on object 'Object Repository/Form_Selection_Creation/formDesign_Select_MultipleName'

2018-10-31 14:54:18 - [TEST_STEP][PASSED] - Statement - java.lang.Thread.sleep(3000): null

2018-10-31 14:54:21 - [TEST_STEP][PASSED] - click: Object: 'Object Repository/Form_Selection_Creation/button_addNewMul1' is clicked on

2018-10-31 14:54:21 - [MESSAGE][PASSED] - Object: 'Object Repository/Form_Selection_Creation/button_addNewMul1' is clicked on

2018-10-31 14:54:21 - [TEST_STEP][PASSED] - setText: Text 'Multiple Option1' is set on object 'Object Repository/Form_Selection_Creation/add1MultipleValue1'

2018-10-31 14:54:22 - [MESSAGE][PASSED] - Text 'Multiple Option1' is set on object 'Object Repository/Form_Selection_Creation/add1MultipleValue1'

2018-10-31 14:54:22 - [TEST_STEP][PASSED] - Statement - java.lang.Thread.sleep(2000): null

2018-10-31 14:54:24 - [TEST_STEP][PASSED] - click: Object: 'Object Repository/Form_Selection_Creation/button_addNewMul1' is clicked on

2018-10-31 14:54:24 - [MESSAGE][PASSED] - Object: 'Object Repository/Form_Selection_Creation/button_addNewMul1' is clicked on

2018-10-31 14:54:24 - [TEST_STEP][PASSED] - setText: Text 'Multiple Option2' is set on object 'Object Repository/Form_Selection_Creation/add1MultipleValue2'

2018-10-31 14:54:24 - [MESSAGE][PASSED] - Text 'Multiple Option2' is set on object 'Object Repository/Form_Selection_Creation/add1MultipleValue2'

2018-10-31 14:54:24 - [TEST_STEP][PASSED] - Statement - java.lang.Thread.sleep(2000): null

2018-10-31 14:54:26 - [TEST_STEP][PASSED] - dragAndDropToObject: Dragged object with id 'Object Repository/Form_Selection_Creation/formDesign_SelectNumeric' to object with id 'TestObject - 'Object Repository/Form_Selection_Creation/questionGroupArea'' successfully

2018-10-31 14:54:27 - [MESSAGE][PASSED] - Dragged object with id 'Object Repository/Form_Selection_Creation/formDesign_SelectNumeric' to object with id 'TestObject - 'Object Repository/Form_Selection_Creation/questionGroupArea'' successfully

2018-10-31 14:54:27 - [TEST_STEP][PASSED] - setText: Text 'This is Numeric Field' is set on object 'Object Repository/Form_Selection_Creation/formDesignt_NumericName'

2018-10-31 14:54:28 - [MESSAGE][PASSED] - Text 'This is Numeric Field' is set on object 'Object Repository/Form_Selection_Creation/formDesignt_NumericName'

2018-10-31 14:54:28 - [TEST_STEP][PASSED] - Statement - java.lang.Thread.sleep(2000): null

2018-10-31 14:54:30 - [TEST_STEP][PASSED] - dragAndDropToObject: Dragged object with id 'Object Repository/Form_Selection_Creation/formDesign_SelectDate' to object with id 'TestObject - 'Object Repository/Form_Selection_Creation/questionGroupArea'' successfully

2018-10-31 14:54:30 - [MESSAGE][PASSED] - Dragged object with id 'Object Repository/Form_Selection_Creation/formDesign_SelectDate' to object with id 'TestObject - 'Object Repository/Form_Selection_Creation/questionGroupArea'' successfully

2018-10-31 14:54:30 - [TEST_STEP][PASSED] - setText: Text 'This is Date' is set on object 'Object Repository/Form_Selection_Creation/formDesign_DateName'

2018-10-31 14:54:31 - [MESSAGE][PASSED] - Text 'This is Date' is set on object 'Object Repository/Form_Selection_Creation/formDesign_DateName'

2018-10-31 14:54:31 - [TEST_STEP][PASSED] - Statement - java.lang.Thread.sleep(2000): null

2018-10-31 14:54:33 - [TEST_STEP][PASSED] - dragAndDropToObject: Dragged object with id 'Object Repository/Form_Selection_Creation/formDesign_SelectTime' to object with id 'TestObject - 'Object Repository/Form_Selection_Creation/questionGroupArea'' successfully

2018-10-31 14:54:34 - [MESSAGE][PASSED] - Dragged object with id 'Object Repository/Form_Selection_Creation/formDesign_SelectTime' to object with id 'TestObject - 'Object Repository/Form_Selection_Creation/questionGroupArea'' successfully

2018-10-31 14:54:34 - [TEST_STEP][PASSED] - setText: Text 'This is Time' is set on object 'Object Repository/Form_Selection_Creation/formDesign_TimeName'

2018-10-31 14:54:34 - [MESSAGE][PASSED] - Text 'This is Time' is set on object 'Object Repository/Form_Selection_Creation/formDesign_TimeName'

2018-10-31 14:54:34 - [TEST_STEP][PASSED] - Statement - java.lang.Thread.sleep(2000): null

2018-10-31 14:54:36 - [TEST_STEP][PASSED] - dragAndDropToObject: Dragged object with id 'Object Repository/Form_Selection_Creation/formDesign_SelectDateTime' to object with id 'TestObject - 'Object Repository/Form_Selection_Creation/questionGroupArea'' successfully

2018-10-31 14:54:37 - [MESSAGE][PASSED] - Dragged object with id 'Object Repository/Form_Selection_Creation/formDesign_SelectDateTime' to object with id 'TestObject - 'Object Repository/Form_Selection_Creation/questionGroupArea'' successfully

2018-10-31 14:54:37 - [TEST_STEP][PASSED] - setText: Text 'This is Date-Time' is set on object 'Object Repository/Form_Selection_Creation/formDesign_DateTimeName'

2018-10-31 14:54:38 - [MESSAGE][PASSED] - Text 'This is Date-Time' is set on object 'Object Repository/Form_Selection_Creation/formDesign_DateTimeName'

2018-10-31 14:54:38 - [TEST_STEP][PASSED] - Statement - java.lang.Thread.sleep(2000): null

2018-10-31 14:54:40 - [TEST_STEP][PASSED] - click: Object: 'Object Repository/Form_Selection_Creation/formCreation_NextToDesignForm' is clicked on

2018-10-31 14:54:40 - [MESSAGE][PASSED] - Object: 'Object Repository/Form_Selection_Creation/formCreation_NextToDesignForm' is clicked on

2018-10-31 14:54:40 - [TEST_STEP][PASSED] - Statement - java.lang.Thread.sleep(7000): null

2018-10-31 14:54:47 - [TEST_STEP][PASSED] - click: Object: 'Object Repository/Form_Selection_Creation/div_Preview             Form1' is clicked on

2018-10-31 14:54:47 - [MESSAGE][PASSED] - Object: 'Object Repository/Form_Selection_Creation/div_Preview             Form1' is clicked on

2018-10-31 14:54:47 - [TEST_STEP][PASSED] - Statement - java.lang.Thread.sleep(4000): null

2018-10-31 14:54:51 - [TEST_STEP][PASSED] - click: Object: 'Object Repository/Form_Selection_Creation/button_Release' is clicked on

2018-10-31 14:54:51 - [MESSAGE][PASSED] - Object: 'Object Repository/Form_Selection_Creation/button_Release' is clicked on

2018-10-31 14:54:51 - [TEST_STEP][PASSED] - Statement - java.lang.Thread.sleep(4000): null]]></system-out>
         <system-err><![CDATA[]]></system-err>
      </testcase>
      <testcase name="Test Cases/Forms/AuditForm/2_FormSubmission" classname="Test Cases/Forms/AuditForm/2_FormSubmission" status="PASSED">
         <system-out><![CDATA[2018-10-31 14:54:55 - [TEST_CASE][PASSED] - Test Cases/Forms/AuditForm/2_FormSubmission: Test Cases/Forms/AuditForm/2_FormSubmission

2018-10-31 14:54:56 - [TEST_STEP][PASSED] - openBrowser: Browser is opened with url: 'https://test2.stage.safetychain.com'

2018-10-31 14:54:56 - [MESSAGE][WARNING] - A browser is already opened. Closing browser and opening a new one

2018-10-31 14:55:21 - [MESSAGE][PASSED] - Browser is opened with url: 'https://test2.stage.safetychain.com'

2018-10-31 14:55:21 - [TEST_STEP][PASSED] - maximizeWindow: Current window maximized

2018-10-31 14:55:22 - [MESSAGE][PASSED] - Current window maximized

2018-10-31 14:55:22 - [TEST_STEP][PASSED] - Statement - driver = com.kms.katalon.core.webui.driver.DriverFactory.getWebDriver(): null

2018-10-31 14:55:22 - [TEST_STEP][PASSED] - setText: Text 'superadmin' is set on object 'Object Repository/FormTab/login_Username'

2018-10-31 14:55:26 - [MESSAGE][PASSED] - Text 'superadmin' is set on object 'Object Repository/FormTab/login_Username'

2018-10-31 14:55:26 - [TEST_STEP][PASSED] - setText: Text 'sliptest23772clam' is set on object 'Object Repository/FormTab/login_Password'

2018-10-31 14:55:26 - [MESSAGE][PASSED] - Text 'sliptest23772clam' is set on object 'Object Repository/FormTab/login_Password'

2018-10-31 14:55:26 - [TEST_STEP][PASSED] - click: Object: 'Object Repository/FormTab/login_Button' is clicked on

2018-10-31 14:55:28 - [MESSAGE][PASSED] - Object: 'Object Repository/FormTab/login_Button' is clicked on

2018-10-31 14:55:28 - [TEST_STEP][PASSED] - Statement - java.lang.Thread.sleep(8000): null

2018-10-31 14:55:36 - [TEST_STEP][PASSED] - click: Object: 'Object Repository/FormTab/form_Tab' is clicked on

2018-10-31 14:55:36 - [MESSAGE][PASSED] - Object: 'Object Repository/FormTab/form_Tab' is clicked on

2018-10-31 14:55:36 - [TEST_STEP][PASSED] - Statement - java.lang.Thread.sleep(5000): null

2018-10-31 14:55:41 - [TEST_STEP][PASSED] - click: Object: 'Object Repository/FormTab/options' is clicked on

2018-10-31 14:55:41 - [MESSAGE][PASSED] - Object: 'Object Repository/FormTab/options' is clicked on

2018-10-31 14:55:41 - [TEST_STEP][PASSED] - Statement - java.lang.Thread.sleep(2000): null

2018-10-31 14:55:43 - [TEST_STEP][PASSED] - mouseOver: Object: 'Object Repository/FormTab/filterOption' is hovered

2018-10-31 14:55:43 - [MESSAGE][PASSED] - Object: 'Object Repository/FormTab/filterOption' is hovered

2018-10-31 14:55:43 - [TEST_STEP][PASSED] - Statement - java.lang.Thread.sleep(2000): null

2018-10-31 14:55:45 - [TEST_STEP][PASSED] - FormName.filterFormName: FormName.filterFormName is PASSED

2018-10-31 14:55:46 - [MESSAGE][PASSED] - FormName.filterFormName is PASSED

2018-10-31 14:55:46 - [TEST_STEP][PASSED] - Statement - java.lang.Thread.sleep(2000): null

2018-10-31 14:55:48 - [TEST_STEP][PASSED] - click: Object: 'Object Repository/FormTab/filterButton' is clicked on

2018-10-31 14:55:48 - [MESSAGE][PASSED] - Object: 'Object Repository/FormTab/filterButton' is clicked on

2018-10-31 14:55:48 - [TEST_STEP][PASSED] - Statement - java.lang.Thread.sleep(4000): null

2018-10-31 14:55:52 - [TEST_STEP][PASSED] - click: Object: 'Object Repository/FormTab/selectForm' is clicked on

2018-10-31 14:55:52 - [MESSAGE][PASSED] - Object: 'Object Repository/FormTab/selectForm' is clicked on

2018-10-31 14:55:52 - [TEST_STEP][NOT_RUN] - click: NOT_RUN: click

2018-10-31 14:55:52 - [MESSAGE][NOT_RUN] - NOT_RUN: click

2018-10-31 14:55:52 - [TEST_STEP][NOT_RUN] - Statement - java.lang.Thread.sleep(4000): NOT_RUN: Statement - java.lang.Thread.sleep(4000)

2018-10-31 14:55:52 - [MESSAGE][NOT_RUN] - NOT_RUN: Statement - java.lang.Thread.sleep(4000)

2018-10-31 14:55:52 - [TEST_STEP][NOT_RUN] - waitForElementNotVisible: NOT_RUN: waitForElementNotVisible

2018-10-31 14:55:52 - [MESSAGE][NOT_RUN] - NOT_RUN: waitForElementNotVisible

2018-10-31 14:55:52 - [TEST_STEP][NOT_RUN] - click: NOT_RUN: click

2018-10-31 14:55:52 - [MESSAGE][NOT_RUN] - NOT_RUN: click

2018-10-31 14:55:52 - [TEST_STEP][NOT_RUN] - Statement - java.lang.Thread.sleep(7000): NOT_RUN: Statement - java.lang.Thread.sleep(7000)

2018-10-31 14:55:52 - [MESSAGE][NOT_RUN] - NOT_RUN: Statement - java.lang.Thread.sleep(7000)

2018-10-31 14:55:52 - [TEST_STEP][NOT_RUN] - FormName.fillFormName: NOT_RUN: FormName.fillFormName

2018-10-31 14:55:52 - [MESSAGE][NOT_RUN] - NOT_RUN: FormName.fillFormName

2018-10-31 14:55:52 - [TEST_STEP][PASSED] - Statement - java.lang.Thread.sleep(3000): null

2018-10-31 14:55:55 - [TEST_STEP][PASSED] - click: Object: 'Object Repository/FormTab/fillForm_OpenLocationOption' is clicked on

2018-10-31 14:55:55 - [MESSAGE][PASSED] - Object: 'Object Repository/FormTab/fillForm_OpenLocationOption' is clicked on

2018-10-31 14:55:55 - [TEST_STEP][PASSED] - Statement - java.lang.Thread.sleep(2000): null

2018-10-31 14:55:57 - [TEST_STEP][PASSED] - click: Object: 'Object Repository/FormTab/fillForm_SelectLocation' is clicked on

2018-10-31 14:55:57 - [MESSAGE][PASSED] - Object: 'Object Repository/FormTab/fillForm_SelectLocation' is clicked on

2018-10-31 14:55:57 - [TEST_STEP][PASSED] - Statement - java.lang.Thread.sleep(4000): null

2018-10-31 14:56:01 - [TEST_STEP][PASSED] - click: Object: 'Object Repository/FormTab/fillForm_OpenResourceOption' is clicked on

2018-10-31 14:56:02 - [MESSAGE][PASSED] - Object: 'Object Repository/FormTab/fillForm_OpenResourceOption' is clicked on

2018-10-31 14:56:02 - [TEST_STEP][PASSED] - Statement - java.lang.Thread.sleep(2000): null

2018-10-31 14:56:04 - [TEST_STEP][PASSED] - click: Object: 'Object Repository/FormTab/fillForm_SelectResource' is clicked on

2018-10-31 14:56:04 - [MESSAGE][PASSED] - Object: 'Object Repository/FormTab/fillForm_SelectResource' is clicked on

2018-10-31 14:56:04 - [TEST_STEP][PASSED] - Statement - java.lang.Thread.sleep(3000): null

2018-10-31 14:56:07 - [TEST_STEP][PASSED] - setText: Text 'MyText' is set on object 'Object Repository/FormTab/fillForm_FreeSingleText'

2018-10-31 14:56:07 - [MESSAGE][PASSED] - Text 'MyText' is set on object 'Object Repository/FormTab/fillForm_FreeSingleText'

2018-10-31 14:56:07 - [TEST_STEP][PASSED] - setText: Text 'MyParagraph' is set on object 'Object Repository/FormTab/fillForm_ParagraphText'

2018-10-31 14:56:07 - [MESSAGE][PASSED] - Text 'MyParagraph' is set on object 'Object Repository/FormTab/fillForm_ParagraphText'

2018-10-31 14:56:07 - [TEST_STEP][PASSED] - Statement - java.lang.Thread.sleep(3000): null

2018-10-31 14:56:10 - [TEST_STEP][PASSED] - setText: Text 'Single Option1' is set on object 'Object Repository/FormTab/fillForm_SelectOneOption'

2018-10-31 14:56:10 - [MESSAGE][PASSED] - Text 'Single Option1' is set on object 'Object Repository/FormTab/fillForm_SelectOneOption'

2018-10-31 14:56:10 - [TEST_STEP][PASSED] - Statement - java.lang.Thread.sleep(3000): null

2018-10-31 14:56:13 - [TEST_STEP][PASSED] - Statement - driver.findElement(org.openqa.selenium.By.xpath("//*[@id='scs-form-level']/div/div/div/div/div/div/div[4]/div/field-template/div/div/div/div/span/span/input")).sendKeys(ENTER): null

2018-10-31 14:56:13 - [TEST_STEP][PASSED] - Statement - java.lang.Thread.sleep(3000): null

2018-10-31 14:56:16 - [TEST_STEP][PASSED] - setText: Text 'Multiple Option1' is set on object 'Object Repository/FormTab/fillForm_SelectMultipleOption'

2018-10-31 14:56:17 - [MESSAGE][PASSED] - Text 'Multiple Option1' is set on object 'Object Repository/FormTab/fillForm_SelectMultipleOption'

2018-10-31 14:56:17 - [TEST_STEP][PASSED] - Statement - java.lang.Thread.sleep(3000): null

2018-10-31 14:56:20 - [TEST_STEP][PASSED] - Statement - driver.findElement(org.openqa.selenium.By.xpath("//*[@id='scs-form-level']/div/div/div/div/div/div/div[5]/div/field-template/div/div/div/div/div/div/input")).sendKeys(ENTER): null

2018-10-31 14:56:20 - [TEST_STEP][PASSED] - Statement - java.lang.Thread.sleep(3000): null

2018-10-31 14:56:23 - [TEST_STEP][PASSED] - click: Object: 'Object Repository/FormTab/fillForm_SelectMultipleOption' is clicked on

2018-10-31 14:56:23 - [MESSAGE][PASSED] - Object: 'Object Repository/FormTab/fillForm_SelectMultipleOption' is clicked on

2018-10-31 14:56:23 - [TEST_STEP][PASSED] - Statement - java.lang.Thread.sleep(4000): null

2018-10-31 14:56:27 - [TEST_STEP][PASSED] - Statement - driver.findElement(org.openqa.selenium.By.xpath("//*[@id='scs-form-level']/div/div/div/div[2]/div/div/div[6]/div/field-template/div/div[2]/div/div/span[1]/span/input[1]")).sendKeys("9"): null

2018-10-31 14:56:27 - [TEST_STEP][PASSED] - setText: Text '10/29/2018' is set on object 'Object Repository/FormTab/fillForm_DateText'

2018-10-31 14:56:27 - [MESSAGE][PASSED] - Text '10/29/2018' is set on object 'Object Repository/FormTab/fillForm_DateText'

2018-10-31 14:56:27 - [TEST_STEP][PASSED] - setText: Text '4:00 PM' is set on object 'Object Repository/FormTab/fillForm_TimeText'

2018-10-31 14:56:27 - [MESSAGE][PASSED] - Text '4:00 PM' is set on object 'Object Repository/FormTab/fillForm_TimeText'

2018-10-31 14:56:27 - [TEST_STEP][PASSED] - setText: Text '10/29/2018 4:00 PM' is set on object 'Object Repository/FormTab/fillForm_DateTimeText'

2018-10-31 14:56:28 - [MESSAGE][PASSED] - Text '10/29/2018 4:00 PM' is set on object 'Object Repository/FormTab/fillForm_DateTimeText'

2018-10-31 14:56:28 - [TEST_STEP][PASSED] - click: Object: 'Object Repository/FormTab/fillForm_SubmitButton' is clicked on

2018-10-31 14:56:28 - [MESSAGE][PASSED] - Object: 'Object Repository/FormTab/fillForm_SubmitButton' is clicked on

2018-10-31 14:56:28 - [TEST_STEP][PASSED] - Statement - java.lang.Thread.sleep(2000): null

2018-10-31 14:56:30 - [TEST_STEP][PASSED] - click: Object: 'Object Repository/FormTab/fillForm_SubmissionOkButton' is clicked on

2018-10-31 14:56:30 - [MESSAGE][PASSED] - Object: 'Object Repository/FormTab/fillForm_SubmissionOkButton' is clicked on

2018-10-31 14:56:30 - [TEST_STEP][PASSED] - Statement - java.lang.Thread.sleep(4000): null]]></system-out>
         <system-err><![CDATA[]]></system-err>
      </testcase>
      <testcase name="Test Cases/Forms/AuditForm/3_VerifyingRecord" classname="Test Cases/Forms/AuditForm/3_VerifyingRecord" status="PASSED">
         <system-out><![CDATA[2018-10-31 14:56:34 - [TEST_CASE][PASSED] - Test Cases/Forms/AuditForm/3_VerifyingRecord: Test Cases/Forms/AuditForm/3_VerifyingRecord

2018-10-31 14:56:34 - [TEST_STEP][NOT_RUN] - openBrowser: NOT_RUN: openBrowser

2018-10-31 14:56:34 - [MESSAGE][NOT_RUN] - NOT_RUN: openBrowser

2018-10-31 14:56:34 - [TEST_STEP][NOT_RUN] - maximizeWindow: NOT_RUN: maximizeWindow

2018-10-31 14:56:34 - [MESSAGE][NOT_RUN] - NOT_RUN: maximizeWindow

2018-10-31 14:56:34 - [TEST_STEP][NOT_RUN] - setText: NOT_RUN: setText

2018-10-31 14:56:34 - [MESSAGE][NOT_RUN] - NOT_RUN: setText

2018-10-31 14:56:34 - [TEST_STEP][NOT_RUN] - setText: NOT_RUN: setText

2018-10-31 14:56:34 - [MESSAGE][NOT_RUN] - NOT_RUN: setText

2018-10-31 14:56:34 - [TEST_STEP][NOT_RUN] - click: NOT_RUN: click

2018-10-31 14:56:34 - [MESSAGE][NOT_RUN] - NOT_RUN: click

2018-10-31 14:56:34 - [TEST_STEP][PASSED] - Statement - java.lang.Thread.sleep(8000): null

2018-10-31 14:56:42 - [TEST_STEP][PASSED] - click: Object: 'Object Repository/Record/record_Tab' is clicked on

2018-10-31 14:56:42 - [MESSAGE][PASSED] - Object: 'Object Repository/Record/record_Tab' is clicked on

2018-10-31 14:56:42 - [TEST_STEP][PASSED] - Statement - java.lang.Thread.sleep(5000): null

2018-10-31 14:56:47 - [TEST_STEP][PASSED] - click: Object: 'Object Repository/FormTab/clickToViewMoreOption' is clicked on

2018-10-31 14:56:48 - [MESSAGE][PASSED] - Object: 'Object Repository/FormTab/clickToViewMoreOption' is clicked on

2018-10-31 14:56:48 - [TEST_STEP][PASSED] - Statement - java.lang.Thread.sleep(4000): null

2018-10-31 14:56:52 - [TEST_STEP][PASSED] - waitForElementNotVisible: Object 'Object Repository/FormTab/select500_Form' is visible after 5 second(s)

2018-10-31 14:56:57 - [MESSAGE][WARNING] - Object 'Object Repository/FormTab/select500_Form' is visible after 5 second(s)

2018-10-31 14:56:57 - [TEST_STEP][PASSED] - click: Object: 'Object Repository/FormTab/select500_Form' is clicked on

2018-10-31 14:56:57 - [MESSAGE][PASSED] - Object: 'Object Repository/FormTab/select500_Form' is clicked on

2018-10-31 14:56:57 - [TEST_STEP][PASSED] - Statement - java.lang.Thread.sleep(7000): null

2018-10-31 14:57:04 - [TEST_STEP][PASSED] - FormName.recordFormName: FormName.recordFormName is PASSED

2018-10-31 14:57:05 - [MESSAGE][PASSED] - FormName.recordFormName is PASSED

2018-10-31 14:57:05 - [TEST_STEP][PASSED] - Statement - java.lang.Thread.sleep(4000): null]]></system-out>
         <system-err><![CDATA[]]></system-err>
      </testcase>
      <testcase name="Test Cases/Forms/CheckForm/1_CreateForm" classname="Test Cases/Forms/CheckForm/1_CreateForm" status="PASSED">
         <system-out><![CDATA[2018-10-31 14:57:09 - [TEST_CASE][PASSED] - Test Cases/Forms/CheckForm/1_CreateForm: Test Cases/Forms/CheckForm/1_CreateForm

2018-10-31 14:57:09 - [TEST_STEP][PASSED] - openBrowser: Browser is opened with url: 'https://test2.stage.safetychain.com'

2018-10-31 14:57:09 - [MESSAGE][WARNING] - A browser is already opened. Closing browser and opening a new one

2018-10-31 14:57:26 - [MESSAGE][PASSED] - Browser is opened with url: 'https://test2.stage.safetychain.com'

2018-10-31 14:57:26 - [TEST_STEP][PASSED] - maximizeWindow: Current window maximized

2018-10-31 14:57:27 - [MESSAGE][PASSED] - Current window maximized

2018-10-31 14:57:27 - [TEST_STEP][PASSED] - setText: Text 'superadmin' is set on object 'Object Repository/Form_Selection_Creation/login_Username'

2018-10-31 14:57:31 - [MESSAGE][PASSED] - Text 'superadmin' is set on object 'Object Repository/Form_Selection_Creation/login_Username'

2018-10-31 14:57:31 - [TEST_STEP][PASSED] - setText: Text 'sliptest23772clam' is set on object 'Object Repository/Form_Selection_Creation/login_Password'

2018-10-31 14:57:31 - [MESSAGE][PASSED] - Text 'sliptest23772clam' is set on object 'Object Repository/Form_Selection_Creation/login_Password'

2018-10-31 14:57:31 - [TEST_STEP][PASSED] - FormName.setData: FormName.setData is PASSED

2018-10-31 14:57:31 - [MESSAGE][PASSED] - FormName.setData is PASSED

2018-10-31 14:57:31 - [TEST_STEP][PASSED] - click: Object: 'Object Repository/Form_Selection_Creation/login_Button' is clicked on

2018-10-31 14:57:32 - [MESSAGE][PASSED] - Object: 'Object Repository/Form_Selection_Creation/login_Button' is clicked on

2018-10-31 14:57:32 - [TEST_STEP][PASSED] - Statement - java.lang.Thread.sleep(3000): null

2018-10-31 14:57:35 - [TEST_STEP][PASSED] - click: Object: 'Object Repository/Form_Selection_Creation/mainMenu_Button' is clicked on

2018-10-31 14:57:41 - [MESSAGE][PASSED] - Object: 'Object Repository/Form_Selection_Creation/mainMenu_Button' is clicked on

2018-10-31 14:57:41 - [TEST_STEP][PASSED] - click: Object: 'Object Repository/Form_Selection_Creation/mainMenu_AdminTools' is clicked on

2018-10-31 14:57:41 - [MESSAGE][PASSED] - Object: 'Object Repository/Form_Selection_Creation/mainMenu_AdminTools' is clicked on

2018-10-31 14:57:41 - [TEST_STEP][PASSED] - click: Object: 'Object Repository/Form_Selection_Creation/mainMenu_AdminTools_FormDesigner' is clicked on

2018-10-31 14:57:41 - [MESSAGE][PASSED] - Object: 'Object Repository/Form_Selection_Creation/mainMenu_AdminTools_FormDesigner' is clicked on

2018-10-31 14:57:41 - [TEST_STEP][PASSED] - click: Object: 'Object Repository/Form_Selection_Creation/selectCheckForm' is clicked on

2018-10-31 14:57:42 - [MESSAGE][PASSED] - Object: 'Object Repository/Form_Selection_Creation/selectCheckForm' is clicked on

2018-10-31 14:57:42 - [TEST_STEP][PASSED] - Statement - java.lang.Thread.sleep(2000): null

2018-10-31 14:57:44 - [TEST_STEP][PASSED] - dragAndDropToObject: Dragged object with id 'Object Repository/Form_Selection_Creation/formDesign_selectResource' to object with id 'TestObject - 'Object Repository/Form_Selection_Creation/Target_Res_Object'' successfully

2018-10-31 14:57:44 - [MESSAGE][PASSED] - Dragged object with id 'Object Repository/Form_Selection_Creation/formDesign_selectResource' to object with id 'TestObject - 'Object Repository/Form_Selection_Creation/Target_Res_Object'' successfully

2018-10-31 14:57:44 - [TEST_STEP][PASSED] - Statement - java.lang.Thread.sleep(4000): null

2018-10-31 14:57:48 - [TEST_STEP][PASSED] - click: Object: 'Object Repository/Form_Selection_Creation/formCreation_NextToDesignForm' is clicked on

2018-10-31 14:57:49 - [MESSAGE][PASSED] - Object: 'Object Repository/Form_Selection_Creation/formCreation_NextToDesignForm' is clicked on

2018-10-31 14:57:49 - [TEST_STEP][PASSED] - Statement - java.lang.Thread.sleep(3000): null

2018-10-31 14:57:52 - [TEST_STEP][PASSED] - FormName.createForm: FormName.createForm is PASSED

2018-10-31 14:57:52 - [MESSAGE][PASSED] - FormName.createForm is PASSED

2018-10-31 14:57:52 - [TEST_STEP][PASSED] - Statement - java.lang.Thread.sleep(2000): null

2018-10-31 14:57:54 - [TEST_STEP][PASSED] - dragAndDropToObject: Dragged object with id 'Object Repository/Form_Selection_Creation/formDesign_SelectSection' to object with id 'TestObject - 'Object Repository/Form_Selection_Creation/default_area'' successfully

2018-10-31 14:57:55 - [MESSAGE][PASSED] - Dragged object with id 'Object Repository/Form_Selection_Creation/formDesign_SelectSection' to object with id 'TestObject - 'Object Repository/Form_Selection_Creation/default_area'' successfully

2018-10-31 14:57:55 - [TEST_STEP][PASSED] - setText: Text 'This is Section' is set on object 'Object Repository/Form_Selection_Creation/formDesign_SectionName'

2018-10-31 14:57:55 - [MESSAGE][PASSED] - Text 'This is Section' is set on object 'Object Repository/Form_Selection_Creation/formDesign_SectionName'

2018-10-31 14:57:55 - [TEST_STEP][PASSED] - Statement - java.lang.Thread.sleep(2000): null

2018-10-31 14:57:57 - [TEST_STEP][PASSED] - dragAndDropToObject: Dragged object with id 'Object Repository/Form_Selection_Creation/formDesign_SelectFieldgroup' to object with id 'TestObject - 'Object Repository/Form_Selection_Creation/section_area'' successfully

2018-10-31 14:57:58 - [MESSAGE][PASSED] - Dragged object with id 'Object Repository/Form_Selection_Creation/formDesign_SelectFieldgroup' to object with id 'TestObject - 'Object Repository/Form_Selection_Creation/section_area'' successfully

2018-10-31 14:57:58 - [TEST_STEP][PASSED] - setText: Text 'This is Field Group' is set on object 'Object Repository/Form_Selection_Creation/formDesign_FieldGroupName'

2018-10-31 14:57:59 - [MESSAGE][PASSED] - Text 'This is Field Group' is set on object 'Object Repository/Form_Selection_Creation/formDesign_FieldGroupName'

2018-10-31 14:57:59 - [TEST_STEP][PASSED] - Statement - java.lang.Thread.sleep(2000): null

2018-10-31 14:58:01 - [TEST_STEP][PASSED] - dragAndDropToObject: Dragged object with id 'Object Repository/Form_Selection_Creation/formDesign_SelectFree Text' to object with id 'TestObject - 'Object Repository/Form_Selection_Creation/group_area'' successfully

2018-10-31 14:58:02 - [MESSAGE][PASSED] - Dragged object with id 'Object Repository/Form_Selection_Creation/formDesign_SelectFree Text' to object with id 'TestObject - 'Object Repository/Form_Selection_Creation/group_area'' successfully

2018-10-31 14:58:02 - [TEST_STEP][PASSED] - setText: Text 'This is Free Text' is set on object 'Object Repository/Form_Selection_Creation/formDesign_FreetextName'

2018-10-31 14:58:02 - [MESSAGE][PASSED] - Text 'This is Free Text' is set on object 'Object Repository/Form_Selection_Creation/formDesign_FreetextName'

2018-10-31 14:58:02 - [TEST_STEP][PASSED] - Statement - java.lang.Thread.sleep(2000): null

2018-10-31 14:58:04 - [TEST_STEP][PASSED] - dragAndDropToObject: Dragged object with id 'Object Repository/Form_Selection_Creation/formDesign_SelectParagraphText' to object with id 'TestObject - 'Object Repository/Form_Selection_Creation/group_area'' successfully

2018-10-31 14:58:05 - [MESSAGE][PASSED] - Dragged object with id 'Object Repository/Form_Selection_Creation/formDesign_SelectParagraphText' to object with id 'TestObject - 'Object Repository/Form_Selection_Creation/group_area'' successfully

2018-10-31 14:58:05 - [TEST_STEP][PASSED] - setText: Text 'This is Paragraph' is set on object 'Object Repository/Form_Selection_Creation/formDesign_ParagraphName'

2018-10-31 14:58:05 - [MESSAGE][PASSED] - Text 'This is Paragraph' is set on object 'Object Repository/Form_Selection_Creation/formDesign_ParagraphName'

2018-10-31 14:58:05 - [TEST_STEP][PASSED] - Statement - java.lang.Thread.sleep(2000): null

2018-10-31 14:58:07 - [TEST_STEP][PASSED] - dragAndDropToObject: Dragged object with id 'Object Repository/Form_Selection_Creation/formDesign_Select_SelectOne' to object with id 'TestObject - 'Object Repository/Form_Selection_Creation/group_area'' successfully

2018-10-31 14:58:08 - [MESSAGE][PASSED] - Dragged object with id 'Object Repository/Form_Selection_Creation/formDesign_Select_SelectOne' to object with id 'TestObject - 'Object Repository/Form_Selection_Creation/group_area'' successfully

2018-10-31 14:58:08 - [TEST_STEP][PASSED] - setText: Text 'This is Select One' is set on object 'Object Repository/Form_Selection_Creation/formDesign_Select_OneName'

2018-10-31 14:58:08 - [MESSAGE][PASSED] - Text 'This is Select One' is set on object 'Object Repository/Form_Selection_Creation/formDesign_Select_OneName'

2018-10-31 14:58:08 - [TEST_STEP][PASSED] - Statement - java.lang.Thread.sleep(3000): null

2018-10-31 14:58:11 - [TEST_STEP][PASSED] - click: Object: 'Object Repository/Form_Selection_Creation/button_Add New' is clicked on

2018-10-31 14:58:12 - [MESSAGE][PASSED] - Object: 'Object Repository/Form_Selection_Creation/button_Add New' is clicked on

2018-10-31 14:58:12 - [TEST_STEP][PASSED] - setText: Text 'Select Option1' is set on object 'Object Repository/Form_Selection_Creation/addSingleValue1'

2018-10-31 14:58:12 - [MESSAGE][PASSED] - Text 'Select Option1' is set on object 'Object Repository/Form_Selection_Creation/addSingleValue1'

2018-10-31 14:58:12 - [TEST_STEP][PASSED] - Statement - java.lang.Thread.sleep(2000): null

2018-10-31 14:58:14 - [TEST_STEP][PASSED] - click: Object: 'Object Repository/Form_Selection_Creation/button_Add New' is clicked on

2018-10-31 14:58:14 - [MESSAGE][PASSED] - Object: 'Object Repository/Form_Selection_Creation/button_Add New' is clicked on

2018-10-31 14:58:14 - [TEST_STEP][PASSED] - setText: Text 'Select Option2' is set on object 'Object Repository/Form_Selection_Creation/addSingleValue2'

2018-10-31 14:58:14 - [MESSAGE][PASSED] - Text 'Select Option2' is set on object 'Object Repository/Form_Selection_Creation/addSingleValue2'

2018-10-31 14:58:14 - [TEST_STEP][PASSED] - Statement - java.lang.Thread.sleep(2000): null

2018-10-31 14:58:16 - [TEST_STEP][PASSED] - dragAndDropToObject: Dragged object with id 'Object Repository/Form_Selection_Creation/formDesign_Select_SelectMultiple' to object with id 'TestObject - 'Object Repository/Form_Selection_Creation/group_area'' successfully

2018-10-31 14:58:17 - [MESSAGE][PASSED] - Dragged object with id 'Object Repository/Form_Selection_Creation/formDesign_Select_SelectMultiple' to object with id 'TestObject - 'Object Repository/Form_Selection_Creation/group_area'' successfully

2018-10-31 14:58:17 - [TEST_STEP][PASSED] - setText: Text 'This is Select Multiple ' is set on object 'Object Repository/Form_Selection_Creation/formDesign_Select_MultipleName'

2018-10-31 14:58:18 - [MESSAGE][PASSED] - Text 'This is Select Multiple ' is set on object 'Object Repository/Form_Selection_Creation/formDesign_Select_MultipleName'

2018-10-31 14:58:18 - [TEST_STEP][PASSED] - Statement - java.lang.Thread.sleep(3000): null

2018-10-31 14:58:21 - [TEST_STEP][PASSED] - click: Object: 'Object Repository/Form_Selection_Creation/button_AddNewMul' is clicked on

2018-10-31 14:58:21 - [MESSAGE][PASSED] - Object: 'Object Repository/Form_Selection_Creation/button_AddNewMul' is clicked on

2018-10-31 14:58:21 - [TEST_STEP][PASSED] - setText: Text 'Multiple Option1' is set on object 'Object Repository/Form_Selection_Creation/addMultipleValue1'

2018-10-31 14:58:21 - [MESSAGE][PASSED] - Text 'Multiple Option1' is set on object 'Object Repository/Form_Selection_Creation/addMultipleValue1'

2018-10-31 14:58:21 - [TEST_STEP][PASSED] - Statement - java.lang.Thread.sleep(2000): null

2018-10-31 14:58:23 - [TEST_STEP][PASSED] - click: Object: 'Object Repository/Form_Selection_Creation/button_AddNewMul' is clicked on

2018-10-31 14:58:23 - [MESSAGE][PASSED] - Object: 'Object Repository/Form_Selection_Creation/button_AddNewMul' is clicked on

2018-10-31 14:58:23 - [TEST_STEP][PASSED] - setText: Text 'Multiple Option2' is set on object 'Object Repository/Form_Selection_Creation/addMultipleValue2'

2018-10-31 14:58:24 - [MESSAGE][PASSED] - Text 'Multiple Option2' is set on object 'Object Repository/Form_Selection_Creation/addMultipleValue2'

2018-10-31 14:58:24 - [TEST_STEP][PASSED] - Statement - java.lang.Thread.sleep(2000): null

2018-10-31 14:58:26 - [TEST_STEP][PASSED] - dragAndDropToObject: Dragged object with id 'Object Repository/Form_Selection_Creation/formDesign_SelectNumeric' to object with id 'TestObject - 'Object Repository/Form_Selection_Creation/group_area'' successfully

2018-10-31 14:58:26 - [MESSAGE][PASSED] - Dragged object with id 'Object Repository/Form_Selection_Creation/formDesign_SelectNumeric' to object with id 'TestObject - 'Object Repository/Form_Selection_Creation/group_area'' successfully

2018-10-31 14:58:26 - [TEST_STEP][PASSED] - setText: Text 'This is Numeric Field.' is set on object 'Object Repository/Form_Selection_Creation/formDesignt_NumericName'

2018-10-31 14:58:27 - [MESSAGE][PASSED] - Text 'This is Numeric Field.' is set on object 'Object Repository/Form_Selection_Creation/formDesignt_NumericName'

2018-10-31 14:58:27 - [TEST_STEP][PASSED] - Statement - java.lang.Thread.sleep(2000): null

2018-10-31 14:58:29 - [TEST_STEP][PASSED] - dragAndDropToObject: Dragged object with id 'Object Repository/Form_Selection_Creation/formDesign_SelectDate' to object with id 'TestObject - 'Object Repository/Form_Selection_Creation/group_area'' successfully

2018-10-31 14:58:30 - [MESSAGE][PASSED] - Dragged object with id 'Object Repository/Form_Selection_Creation/formDesign_SelectDate' to object with id 'TestObject - 'Object Repository/Form_Selection_Creation/group_area'' successfully

2018-10-31 14:58:30 - [TEST_STEP][PASSED] - setText: Text 'This is Date' is set on object 'Object Repository/Form_Selection_Creation/formDesign_DateName'

2018-10-31 14:58:30 - [MESSAGE][PASSED] - Text 'This is Date' is set on object 'Object Repository/Form_Selection_Creation/formDesign_DateName'

2018-10-31 14:58:30 - [TEST_STEP][PASSED] - Statement - java.lang.Thread.sleep(2000): null

2018-10-31 14:58:32 - [TEST_STEP][PASSED] - dragAndDropToObject: Dragged object with id 'Object Repository/Form_Selection_Creation/formDesign_SelectTime' to object with id 'TestObject - 'Object Repository/Form_Selection_Creation/group_area'' successfully

2018-10-31 14:58:33 - [MESSAGE][PASSED] - Dragged object with id 'Object Repository/Form_Selection_Creation/formDesign_SelectTime' to object with id 'TestObject - 'Object Repository/Form_Selection_Creation/group_area'' successfully

2018-10-31 14:58:33 - [TEST_STEP][PASSED] - setText: Text 'This is Time' is set on object 'Object Repository/Form_Selection_Creation/formDesign_TimeName'

2018-10-31 14:58:33 - [MESSAGE][PASSED] - Text 'This is Time' is set on object 'Object Repository/Form_Selection_Creation/formDesign_TimeName'

2018-10-31 14:58:33 - [TEST_STEP][PASSED] - Statement - java.lang.Thread.sleep(2000): null

2018-10-31 14:58:35 - [TEST_STEP][PASSED] - dragAndDropToObject: Dragged object with id 'Object Repository/Form_Selection_Creation/formDesign_SelectDateTime' to object with id 'TestObject - 'Object Repository/Form_Selection_Creation/group_area'' successfully

2018-10-31 14:58:36 - [MESSAGE][PASSED] - Dragged object with id 'Object Repository/Form_Selection_Creation/formDesign_SelectDateTime' to object with id 'TestObject - 'Object Repository/Form_Selection_Creation/group_area'' successfully

2018-10-31 14:58:36 - [TEST_STEP][PASSED] - setText: Text 'This is Date-Time' is set on object 'Object Repository/Form_Selection_Creation/formDesign_DateTimeName'

2018-10-31 14:58:37 - [MESSAGE][PASSED] - Text 'This is Date-Time' is set on object 'Object Repository/Form_Selection_Creation/formDesign_DateTimeName'

2018-10-31 14:58:37 - [TEST_STEP][PASSED] - Statement - java.lang.Thread.sleep(2000): null

2018-10-31 14:58:39 - [TEST_STEP][PASSED] - click: Object: 'Object Repository/Form_Selection_Creation/formCreation_NextToDesignForm' is clicked on

2018-10-31 14:58:39 - [MESSAGE][PASSED] - Object: 'Object Repository/Form_Selection_Creation/formCreation_NextToDesignForm' is clicked on

2018-10-31 14:58:39 - [TEST_STEP][PASSED] - Statement - java.lang.Thread.sleep(4000): null

2018-10-31 14:58:43 - [TEST_STEP][PASSED] - click: Object: 'Object Repository/Form_Selection_Creation/div_Preview             Form1' is clicked on

2018-10-31 14:58:49 - [MESSAGE][PASSED] - Object: 'Object Repository/Form_Selection_Creation/div_Preview             Form1' is clicked on

2018-10-31 14:58:49 - [TEST_STEP][PASSED] - Statement - java.lang.Thread.sleep(3000): null

2018-10-31 14:58:52 - [TEST_STEP][PASSED] - click: Object: 'Object Repository/Form_Selection_Creation/button_Release' is clicked on

2018-10-31 14:58:52 - [MESSAGE][PASSED] - Object: 'Object Repository/Form_Selection_Creation/button_Release' is clicked on

2018-10-31 14:58:52 - [TEST_STEP][PASSED] - Statement - java.lang.Thread.sleep(4000): null]]></system-out>
         <system-err><![CDATA[]]></system-err>
      </testcase>
      <testcase name="Test Cases/Forms/CheckForm/2_FormSubmission" classname="Test Cases/Forms/CheckForm/2_FormSubmission" status="PASSED">
         <system-out><![CDATA[2018-10-31 14:58:56 - [TEST_CASE][PASSED] - Test Cases/Forms/CheckForm/2_FormSubmission: Test Cases/Forms/CheckForm/2_FormSubmission

2018-10-31 14:58:56 - [TEST_STEP][PASSED] - openBrowser: Browser is opened with url: 'https://test2.stage.safetychain.com'

2018-10-31 14:58:56 - [MESSAGE][WARNING] - A browser is already opened. Closing browser and opening a new one

2018-10-31 14:59:15 - [MESSAGE][PASSED] - Browser is opened with url: 'https://test2.stage.safetychain.com'

2018-10-31 14:59:15 - [TEST_STEP][PASSED] - maximizeWindow: Current window maximized

2018-10-31 14:59:16 - [MESSAGE][PASSED] - Current window maximized

2018-10-31 14:59:16 - [TEST_STEP][PASSED] - Statement - driver = com.kms.katalon.core.webui.driver.DriverFactory.getWebDriver(): null

2018-10-31 14:59:16 - [TEST_STEP][PASSED] - Statement - java.lang.Thread.sleep(3000): null

2018-10-31 14:59:19 - [TEST_STEP][PASSED] - setText: Text 'superadmin' is set on object 'Object Repository/FormTab/login_Username'

2018-10-31 14:59:19 - [MESSAGE][PASSED] - Text 'superadmin' is set on object 'Object Repository/FormTab/login_Username'

2018-10-31 14:59:19 - [TEST_STEP][PASSED] - setText: Text 'sliptest23772clam' is set on object 'Object Repository/FormTab/login_Password'

2018-10-31 14:59:19 - [MESSAGE][PASSED] - Text 'sliptest23772clam' is set on object 'Object Repository/FormTab/login_Password'

2018-10-31 14:59:19 - [TEST_STEP][PASSED] - click: Object: 'Object Repository/FormTab/login_Button' is clicked on

2018-10-31 14:59:21 - [MESSAGE][PASSED] - Object: 'Object Repository/FormTab/login_Button' is clicked on

2018-10-31 14:59:21 - [TEST_STEP][PASSED] - Statement - java.lang.Thread.sleep(8000): null

2018-10-31 14:59:29 - [TEST_STEP][PASSED] - click: Object: 'Object Repository/FormTab/form_Tab' is clicked on

2018-10-31 14:59:29 - [MESSAGE][PASSED] - Object: 'Object Repository/FormTab/form_Tab' is clicked on

2018-10-31 14:59:29 - [TEST_STEP][PASSED] - Statement - java.lang.Thread.sleep(5000): null

2018-10-31 14:59:34 - [TEST_STEP][NOT_RUN] - click: NOT_RUN: click

2018-10-31 14:59:34 - [MESSAGE][NOT_RUN] - NOT_RUN: click

2018-10-31 14:59:34 - [TEST_STEP][NOT_RUN] - Statement - java.lang.Thread.sleep(3000): NOT_RUN: Statement - java.lang.Thread.sleep(3000)

2018-10-31 14:59:34 - [MESSAGE][NOT_RUN] - NOT_RUN: Statement - java.lang.Thread.sleep(3000)

2018-10-31 14:59:34 - [TEST_STEP][NOT_RUN] - waitForElementNotVisible: NOT_RUN: waitForElementNotVisible

2018-10-31 14:59:34 - [MESSAGE][NOT_RUN] - NOT_RUN: waitForElementNotVisible

2018-10-31 14:59:34 - [TEST_STEP][NOT_RUN] - click: NOT_RUN: click

2018-10-31 14:59:34 - [MESSAGE][NOT_RUN] - NOT_RUN: click

2018-10-31 14:59:34 - [TEST_STEP][NOT_RUN] - Statement - java.lang.Thread.sleep(7000): NOT_RUN: Statement - java.lang.Thread.sleep(7000)

2018-10-31 14:59:34 - [MESSAGE][NOT_RUN] - NOT_RUN: Statement - java.lang.Thread.sleep(7000)

2018-10-31 14:59:34 - [TEST_STEP][NOT_RUN] - FormName.fillFormName: NOT_RUN: FormName.fillFormName

2018-10-31 14:59:34 - [MESSAGE][NOT_RUN] - NOT_RUN: FormName.fillFormName

2018-10-31 14:59:34 - [TEST_STEP][PASSED] - click: Object: 'Object Repository/FormTab/options' is clicked on

2018-10-31 14:59:34 - [MESSAGE][PASSED] - Object: 'Object Repository/FormTab/options' is clicked on

2018-10-31 14:59:34 - [TEST_STEP][PASSED] - Statement - java.lang.Thread.sleep(2000): null

2018-10-31 14:59:36 - [TEST_STEP][PASSED] - mouseOver: Object: 'Object Repository/FormTab/filterOption' is hovered

2018-10-31 14:59:36 - [MESSAGE][PASSED] - Object: 'Object Repository/FormTab/filterOption' is hovered

2018-10-31 14:59:36 - [TEST_STEP][PASSED] - Statement - java.lang.Thread.sleep(2000): null

2018-10-31 14:59:38 - [TEST_STEP][PASSED] - FormName.filterFormName: FormName.filterFormName is PASSED

2018-10-31 14:59:39 - [MESSAGE][PASSED] - FormName.filterFormName is PASSED

2018-10-31 14:59:39 - [TEST_STEP][PASSED] - Statement - java.lang.Thread.sleep(2000): null

2018-10-31 14:59:41 - [TEST_STEP][PASSED] - click: Object: 'Object Repository/FormTab/filterButton' is clicked on

2018-10-31 14:59:41 - [MESSAGE][PASSED] - Object: 'Object Repository/FormTab/filterButton' is clicked on

2018-10-31 14:59:41 - [TEST_STEP][PASSED] - Statement - java.lang.Thread.sleep(4000): null

2018-10-31 14:59:45 - [TEST_STEP][PASSED] - click: Object: 'Object Repository/FormTab/selectForm' is clicked on

2018-10-31 14:59:45 - [MESSAGE][PASSED] - Object: 'Object Repository/FormTab/selectForm' is clicked on

2018-10-31 14:59:45 - [TEST_STEP][PASSED] - Statement - java.lang.Thread.sleep(3000): null

2018-10-31 14:59:48 - [TEST_STEP][PASSED] - click: Object: 'Object Repository/FormTab/fillForm_OpenLocationOption' is clicked on

2018-10-31 14:59:48 - [MESSAGE][PASSED] - Object: 'Object Repository/FormTab/fillForm_OpenLocationOption' is clicked on

2018-10-31 14:59:48 - [TEST_STEP][PASSED] - Statement - java.lang.Thread.sleep(2000): null

2018-10-31 14:59:50 - [TEST_STEP][PASSED] - click: Object: 'Object Repository/FormTab/fillForm_SelectLocation' is clicked on

2018-10-31 14:59:50 - [MESSAGE][PASSED] - Object: 'Object Repository/FormTab/fillForm_SelectLocation' is clicked on

2018-10-31 14:59:50 - [TEST_STEP][PASSED] - Statement - java.lang.Thread.sleep(2000): null

2018-10-31 14:59:52 - [TEST_STEP][PASSED] - click: Object: 'Object Repository/FormTab/fillForm_OpenResourceOption' is clicked on

2018-10-31 14:59:52 - [MESSAGE][PASSED] - Object: 'Object Repository/FormTab/fillForm_OpenResourceOption' is clicked on

2018-10-31 14:59:52 - [TEST_STEP][PASSED] - Statement - java.lang.Thread.sleep(2000): null

2018-10-31 14:59:54 - [TEST_STEP][PASSED] - click: Object: 'Object Repository/FormTab/fillForm_SelectResource' is clicked on

2018-10-31 14:59:54 - [MESSAGE][PASSED] - Object: 'Object Repository/FormTab/fillForm_SelectResource' is clicked on

2018-10-31 14:59:54 - [TEST_STEP][PASSED] - Statement - java.lang.Thread.sleep(3000): null

2018-10-31 14:59:57 - [TEST_STEP][PASSED] - setText: Text 'MyText' is set on object 'Object Repository/FormTab/fillForm_FreeSingleText'

2018-10-31 14:59:58 - [MESSAGE][PASSED] - Text 'MyText' is set on object 'Object Repository/FormTab/fillForm_FreeSingleText'

2018-10-31 14:59:58 - [TEST_STEP][PASSED] - setText: Text 'MyParagraph' is set on object 'Object Repository/FormTab/fillForm_ParagraphText'

2018-10-31 14:59:58 - [MESSAGE][PASSED] - Text 'MyParagraph' is set on object 'Object Repository/FormTab/fillForm_ParagraphText'

2018-10-31 14:59:58 - [TEST_STEP][PASSED] - Statement - java.lang.Thread.sleep(3000): null

2018-10-31 15:00:01 - [TEST_STEP][PASSED] - setText: Text 'Select Option1' is set on object 'Object Repository/FormTab/fillForm_SelectOneOption'

2018-10-31 15:00:01 - [MESSAGE][PASSED] - Text 'Select Option1' is set on object 'Object Repository/FormTab/fillForm_SelectOneOption'

2018-10-31 15:00:01 - [TEST_STEP][PASSED] - Statement - java.lang.Thread.sleep(3000): null

2018-10-31 15:00:04 - [TEST_STEP][PASSED] - Statement - driver.findElement(org.openqa.selenium.By.xpath("//*[@id='scs-form-level']/div/div/div/div/div/div/div[4]/div/field-template/div/div/div/div/span/span/input")).sendKeys(ENTER): null

2018-10-31 15:00:04 - [TEST_STEP][PASSED] - Statement - java.lang.Thread.sleep(2000): null

2018-10-31 15:00:06 - [TEST_STEP][PASSED] - setText: Text 'Multiple Option1' is set on object 'Object Repository/FormTab/fillForm_SelectMultipleOption'

2018-10-31 15:00:06 - [MESSAGE][PASSED] - Text 'Multiple Option1' is set on object 'Object Repository/FormTab/fillForm_SelectMultipleOption'

2018-10-31 15:00:06 - [TEST_STEP][PASSED] - Statement - java.lang.Thread.sleep(3000): null

2018-10-31 15:00:09 - [TEST_STEP][PASSED] - Statement - driver.findElement(org.openqa.selenium.By.xpath("//*[@id='scs-form-level']/div/div/div/div/div/div/div[5]/div/field-template/div/div/div/div/div/div/input")).sendKeys(ENTER): null

2018-10-31 15:00:09 - [TEST_STEP][PASSED] - Statement - java.lang.Thread.sleep(2000): null

2018-10-31 15:00:11 - [TEST_STEP][PASSED] - click: Object: 'Object Repository/FormTab/fillForm_SelectMultipleOption' is clicked on

2018-10-31 15:00:12 - [MESSAGE][PASSED] - Object: 'Object Repository/FormTab/fillForm_SelectMultipleOption' is clicked on

2018-10-31 15:00:12 - [TEST_STEP][PASSED] - Statement - java.lang.Thread.sleep(4000): null

2018-10-31 15:00:16 - [TEST_STEP][PASSED] - Statement - driver.findElement(org.openqa.selenium.By.xpath("//*[@id='scs-form-level']/div/div/div/div[2]/div/div/div[6]/div/field-template/div/div[2]/div/div/span[1]/span/input[1]")).sendKeys("9"): null

2018-10-31 15:00:16 - [TEST_STEP][PASSED] - setText: Text '10/18/2018' is set on object 'Object Repository/FormTab/fillForm_DateText'

2018-10-31 15:00:16 - [MESSAGE][PASSED] - Text '10/18/2018' is set on object 'Object Repository/FormTab/fillForm_DateText'

2018-10-31 15:00:16 - [TEST_STEP][PASSED] - setText: Text '9:00 AM' is set on object 'Object Repository/FormTab/fillForm_TimeText'

2018-10-31 15:00:16 - [MESSAGE][PASSED] - Text '9:00 AM' is set on object 'Object Repository/FormTab/fillForm_TimeText'

2018-10-31 15:00:16 - [TEST_STEP][PASSED] - setText: Text '10/18/2018 9:00 AM' is set on object 'Object Repository/FormTab/fillForm_DateTimeText'

2018-10-31 15:00:16 - [MESSAGE][PASSED] - Text '10/18/2018 9:00 AM' is set on object 'Object Repository/FormTab/fillForm_DateTimeText'

2018-10-31 15:00:16 - [TEST_STEP][PASSED] - click: Object: 'Object Repository/FormTab/fillForm_SubmitButton' is clicked on

2018-10-31 15:00:16 - [MESSAGE][PASSED] - Object: 'Object Repository/FormTab/fillForm_SubmitButton' is clicked on

2018-10-31 15:00:16 - [TEST_STEP][PASSED] - Statement - java.lang.Thread.sleep(2000): null

2018-10-31 15:00:18 - [TEST_STEP][PASSED] - click: Object: 'Object Repository/FormTab/fillForm_SubmissionOkButton' is clicked on

2018-10-31 15:00:19 - [MESSAGE][PASSED] - Object: 'Object Repository/FormTab/fillForm_SubmissionOkButton' is clicked on

2018-10-31 15:00:19 - [TEST_STEP][PASSED] - Statement - java.lang.Thread.sleep(3000): null]]></system-out>
         <system-err><![CDATA[]]></system-err>
      </testcase>
      <testcase name="Test Cases/Forms/CheckForm/3_VerifyingRecord" classname="Test Cases/Forms/CheckForm/3_VerifyingRecord" status="PASSED">
         <system-out><![CDATA[2018-10-31 15:00:22 - [TEST_CASE][PASSED] - Test Cases/Forms/CheckForm/3_VerifyingRecord: Test Cases/Forms/CheckForm/3_VerifyingRecord

2018-10-31 15:00:22 - [TEST_STEP][NOT_RUN] - openBrowser: NOT_RUN: openBrowser

2018-10-31 15:00:22 - [MESSAGE][NOT_RUN] - NOT_RUN: openBrowser

2018-10-31 15:00:22 - [TEST_STEP][NOT_RUN] - maximizeWindow: NOT_RUN: maximizeWindow

2018-10-31 15:00:22 - [MESSAGE][NOT_RUN] - NOT_RUN: maximizeWindow

2018-10-31 15:00:22 - [TEST_STEP][NOT_RUN] - setText: NOT_RUN: setText

2018-10-31 15:00:22 - [MESSAGE][NOT_RUN] - NOT_RUN: setText

2018-10-31 15:00:22 - [TEST_STEP][NOT_RUN] - setText: NOT_RUN: setText

2018-10-31 15:00:22 - [MESSAGE][NOT_RUN] - NOT_RUN: setText

2018-10-31 15:00:22 - [TEST_STEP][NOT_RUN] - click: NOT_RUN: click

2018-10-31 15:00:22 - [MESSAGE][NOT_RUN] - NOT_RUN: click

2018-10-31 15:00:22 - [TEST_STEP][PASSED] - Statement - java.lang.Thread.sleep(8000): null

2018-10-31 15:00:30 - [TEST_STEP][PASSED] - click: Object: 'Object Repository/Record/record_Tab' is clicked on

2018-10-31 15:00:30 - [MESSAGE][PASSED] - Object: 'Object Repository/Record/record_Tab' is clicked on

2018-10-31 15:00:30 - [TEST_STEP][PASSED] - Statement - java.lang.Thread.sleep(4000): null

2018-10-31 15:00:34 - [TEST_STEP][PASSED] - click: Object: 'Object Repository/FormTab/clickToViewMoreOption' is clicked on

2018-10-31 15:00:34 - [MESSAGE][PASSED] - Object: 'Object Repository/FormTab/clickToViewMoreOption' is clicked on

2018-10-31 15:00:34 - [TEST_STEP][PASSED] - Statement - java.lang.Thread.sleep(2000): null

2018-10-31 15:00:36 - [TEST_STEP][PASSED] - waitForElementNotVisible: Object 'Object Repository/FormTab/select500_Form' is visible after 5 second(s)

2018-10-31 15:00:41 - [MESSAGE][WARNING] - Object 'Object Repository/FormTab/select500_Form' is visible after 5 second(s)

2018-10-31 15:00:41 - [TEST_STEP][PASSED] - click: Object: 'Object Repository/FormTab/select500_Form' is clicked on

2018-10-31 15:00:41 - [MESSAGE][PASSED] - Object: 'Object Repository/FormTab/select500_Form' is clicked on

2018-10-31 15:00:41 - [TEST_STEP][PASSED] - Statement - java.lang.Thread.sleep(8000): null

2018-10-31 15:00:49 - [TEST_STEP][PASSED] - FormName.recordFormName: FormName.recordFormName is PASSED

2018-10-31 15:00:50 - [MESSAGE][PASSED] - FormName.recordFormName is PASSED

2018-10-31 15:00:50 - [TEST_STEP][PASSED] - Statement - java.lang.Thread.sleep(4000): null]]></system-out>
         <system-err><![CDATA[]]></system-err>
      </testcase>
      <testcase name="Test Cases/Forms/QuestionaitreForm/1_CreateForm" classname="Test Cases/Forms/QuestionaitreForm/1_CreateForm" status="PASSED">
         <system-out><![CDATA[2018-10-31 15:00:54 - [TEST_CASE][PASSED] - Test Cases/Forms/QuestionaitreForm/1_CreateForm: Test Cases/Forms/QuestionaitreForm/1_CreateForm

2018-10-31 15:00:54 - [TEST_STEP][PASSED] - openBrowser: Browser is opened with url: 'https://test2.stage.safetychain.com'

2018-10-31 15:00:54 - [MESSAGE][WARNING] - A browser is already opened. Closing browser and opening a new one

2018-10-31 15:01:15 - [MESSAGE][PASSED] - Browser is opened with url: 'https://test2.stage.safetychain.com'

2018-10-31 15:01:15 - [TEST_STEP][PASSED] - maximizeWindow: Current window maximized

2018-10-31 15:01:16 - [MESSAGE][PASSED] - Current window maximized

2018-10-31 15:01:16 - [TEST_STEP][PASSED] - setText: Text 'superadmin' is set on object 'Object Repository/Form_Selection_Creation/login_Username'

2018-10-31 15:01:21 - [MESSAGE][PASSED] - Text 'superadmin' is set on object 'Object Repository/Form_Selection_Creation/login_Username'

2018-10-31 15:01:21 - [TEST_STEP][PASSED] - setText: Text 'sliptest23772clam' is set on object 'Object Repository/Form_Selection_Creation/login_Password'

2018-10-31 15:01:21 - [MESSAGE][PASSED] - Text 'sliptest23772clam' is set on object 'Object Repository/Form_Selection_Creation/login_Password'

2018-10-31 15:01:21 - [TEST_STEP][PASSED] - FormName.setData: FormName.setData is PASSED

2018-10-31 15:01:21 - [MESSAGE][PASSED] - FormName.setData is PASSED

2018-10-31 15:01:21 - [TEST_STEP][PASSED] - click: Object: 'Object Repository/Form_Selection_Creation/login_Button' is clicked on

2018-10-31 15:01:23 - [MESSAGE][PASSED] - Object: 'Object Repository/Form_Selection_Creation/login_Button' is clicked on

2018-10-31 15:01:23 - [TEST_STEP][PASSED] - Statement - java.lang.Thread.sleep(3000): null

2018-10-31 15:01:26 - [TEST_STEP][PASSED] - click: Object: 'Object Repository/Form_Selection_Creation/mainMenu_Button' is clicked on

2018-10-31 15:01:27 - [MESSAGE][PASSED] - Object: 'Object Repository/Form_Selection_Creation/mainMenu_Button' is clicked on

2018-10-31 15:01:27 - [TEST_STEP][PASSED] - click: Object: 'Object Repository/Form_Selection_Creation/mainMenu_AdminTools' is clicked on

2018-10-31 15:01:27 - [MESSAGE][PASSED] - Object: 'Object Repository/Form_Selection_Creation/mainMenu_AdminTools' is clicked on

2018-10-31 15:01:27 - [TEST_STEP][PASSED] - click: Object: 'Object Repository/Form_Selection_Creation/mainMenu_AdminTools_FormDesigner' is clicked on

2018-10-31 15:01:27 - [MESSAGE][PASSED] - Object: 'Object Repository/Form_Selection_Creation/mainMenu_AdminTools_FormDesigner' is clicked on

2018-10-31 15:01:27 - [TEST_STEP][PASSED] - Statement - java.lang.Thread.sleep(2000): null

2018-10-31 15:01:29 - [TEST_STEP][PASSED] - click: Object: 'Object Repository/Form_Selection_Creation/selectQuestionaireForm' is clicked on

2018-10-31 15:01:29 - [MESSAGE][PASSED] - Object: 'Object Repository/Form_Selection_Creation/selectQuestionaireForm' is clicked on

2018-10-31 15:01:29 - [TEST_STEP][PASSED] - Statement - java.lang.Thread.sleep(2000): null

2018-10-31 15:01:31 - [TEST_STEP][PASSED] - dragAndDropToObject: Dragged object with id 'Object Repository/Form_Selection_Creation/formDesign_selectResource' to object with id 'TestObject - 'Object Repository/Form_Selection_Creation/Target_Res_Object'' successfully

2018-10-31 15:01:32 - [MESSAGE][PASSED] - Dragged object with id 'Object Repository/Form_Selection_Creation/formDesign_selectResource' to object with id 'TestObject - 'Object Repository/Form_Selection_Creation/Target_Res_Object'' successfully

2018-10-31 15:01:32 - [TEST_STEP][PASSED] - Statement - java.lang.Thread.sleep(4000): null

2018-10-31 15:01:36 - [TEST_STEP][PASSED] - click: Object: 'Object Repository/Form_Selection_Creation/formCreation_NextToDesignForm' is clicked on

2018-10-31 15:01:36 - [MESSAGE][PASSED] - Object: 'Object Repository/Form_Selection_Creation/formCreation_NextToDesignForm' is clicked on

2018-10-31 15:01:36 - [TEST_STEP][PASSED] - Statement - java.lang.Thread.sleep(3000): null

2018-10-31 15:01:39 - [TEST_STEP][PASSED] - FormName.createForm: FormName.createForm is PASSED

2018-10-31 15:01:40 - [MESSAGE][PASSED] - FormName.createForm is PASSED

2018-10-31 15:01:40 - [TEST_STEP][PASSED] - Statement - java.lang.Thread.sleep(2000): null

2018-10-31 15:01:42 - [TEST_STEP][PASSED] - dragAndDropToObject: Dragged object with id 'Object Repository/Form_Selection_Creation/formDesign_SelectSection' to object with id 'TestObject - 'Object Repository/Form_Selection_Creation/default_area'' successfully

2018-10-31 15:01:43 - [MESSAGE][PASSED] - Dragged object with id 'Object Repository/Form_Selection_Creation/formDesign_SelectSection' to object with id 'TestObject - 'Object Repository/Form_Selection_Creation/default_area'' successfully

2018-10-31 15:01:43 - [TEST_STEP][PASSED] - setText: Text 'This is Section ' is set on object 'Object Repository/Form_Selection_Creation/formDesign_SectionName_text'

2018-10-31 15:01:43 - [MESSAGE][PASSED] - Text 'This is Section ' is set on object 'Object Repository/Form_Selection_Creation/formDesign_SectionName_text'

2018-10-31 15:01:43 - [TEST_STEP][PASSED] - Statement - java.lang.Thread.sleep(2000): null

2018-10-31 15:01:45 - [TEST_STEP][PASSED] - dragAndDropToObject: Dragged object with id 'Object Repository/Form_Selection_Creation/formDesign_SelectFieldgroup' to object with id 'TestObject - 'Object Repository/Form_Selection_Creation/section_area'' successfully

2018-10-31 15:01:46 - [MESSAGE][PASSED] - Dragged object with id 'Object Repository/Form_Selection_Creation/formDesign_SelectFieldgroup' to object with id 'TestObject - 'Object Repository/Form_Selection_Creation/section_area'' successfully

2018-10-31 15:01:46 - [TEST_STEP][PASSED] - setText: Text 'This is Field Group ' is set on object 'Object Repository/Form_Selection_Creation/formDesign_FieldGroupName_text'

2018-10-31 15:01:46 - [MESSAGE][PASSED] - Text 'This is Field Group ' is set on object 'Object Repository/Form_Selection_Creation/formDesign_FieldGroupName_text'

2018-10-31 15:01:46 - [TEST_STEP][PASSED] - Statement - java.lang.Thread.sleep(2000): null

2018-10-31 15:01:48 - [TEST_STEP][PASSED] - dragAndDropToObject: Dragged object with id 'Object Repository/Form_Selection_Creation/formDesign_SelectFree Text' to object with id 'TestObject - 'Object Repository/Form_Selection_Creation/group_area'' successfully

2018-10-31 15:01:49 - [MESSAGE][PASSED] - Dragged object with id 'Object Repository/Form_Selection_Creation/formDesign_SelectFree Text' to object with id 'TestObject - 'Object Repository/Form_Selection_Creation/group_area'' successfully

2018-10-31 15:01:49 - [TEST_STEP][PASSED] - setText: Text 'This is Single Line Text' is set on object 'Object Repository/Form_Selection_Creation/formDesign_SingleLineName_Text'

2018-10-31 15:01:49 - [MESSAGE][PASSED] - Text 'This is Single Line Text' is set on object 'Object Repository/Form_Selection_Creation/formDesign_SingleLineName_Text'

2018-10-31 15:01:49 - [TEST_STEP][PASSED] - Statement - java.lang.Thread.sleep(2000): null

2018-10-31 15:01:51 - [TEST_STEP][PASSED] - dragAndDropToObject: Dragged object with id 'Object Repository/Form_Selection_Creation/formDesign_SelectParagraphText' to object with id 'TestObject - 'Object Repository/Form_Selection_Creation/group_area'' successfully

2018-10-31 15:01:52 - [MESSAGE][PASSED] - Dragged object with id 'Object Repository/Form_Selection_Creation/formDesign_SelectParagraphText' to object with id 'TestObject - 'Object Repository/Form_Selection_Creation/group_area'' successfully

2018-10-31 15:01:52 - [TEST_STEP][PASSED] - setText: Text 'This is Paragraph' is set on object 'Object Repository/Form_Selection_Creation/formDesign_ParagraphName_Text'

2018-10-31 15:01:53 - [MESSAGE][PASSED] - Text 'This is Paragraph' is set on object 'Object Repository/Form_Selection_Creation/formDesign_ParagraphName_Text'

2018-10-31 15:01:53 - [TEST_STEP][PASSED] - Statement - java.lang.Thread.sleep(2000): null

2018-10-31 15:01:55 - [TEST_STEP][PASSED] - dragAndDropToObject: Dragged object with id 'Object Repository/Form_Selection_Creation/formDesign_Select_SelectOne' to object with id 'TestObject - 'Object Repository/Form_Selection_Creation/group_area'' successfully

2018-10-31 15:01:55 - [MESSAGE][PASSED] - Dragged object with id 'Object Repository/Form_Selection_Creation/formDesign_Select_SelectOne' to object with id 'TestObject - 'Object Repository/Form_Selection_Creation/group_area'' successfully

2018-10-31 15:01:55 - [TEST_STEP][PASSED] - setText: Text 'This is Select One' is set on object 'Object Repository/Form_Selection_Creation/formDesign_Select_OneName_text'

2018-10-31 15:01:56 - [MESSAGE][PASSED] - Text 'This is Select One' is set on object 'Object Repository/Form_Selection_Creation/formDesign_Select_OneName_text'

2018-10-31 15:01:56 - [TEST_STEP][PASSED] - Statement - java.lang.Thread.sleep(3000): null

2018-10-31 15:01:59 - [TEST_STEP][PASSED] - click: Object: 'Object Repository/Form_Selection_Creation/button_Add New' is clicked on

2018-10-31 15:01:59 - [MESSAGE][PASSED] - Object: 'Object Repository/Form_Selection_Creation/button_Add New' is clicked on

2018-10-31 15:01:59 - [TEST_STEP][PASSED] - setText: Text 'SingleOption1' is set on object 'Object Repository/Form_Selection_Creation/addSingleValue1'

2018-10-31 15:02:00 - [MESSAGE][PASSED] - Text 'SingleOption1' is set on object 'Object Repository/Form_Selection_Creation/addSingleValue1'

2018-10-31 15:02:00 - [TEST_STEP][PASSED] - Statement - java.lang.Thread.sleep(2000): null

2018-10-31 15:02:02 - [TEST_STEP][PASSED] - click: Object: 'Object Repository/Form_Selection_Creation/button_Add New' is clicked on

2018-10-31 15:02:02 - [MESSAGE][PASSED] - Object: 'Object Repository/Form_Selection_Creation/button_Add New' is clicked on

2018-10-31 15:02:02 - [TEST_STEP][PASSED] - setText: Text 'SingleOption2' is set on object 'Object Repository/Form_Selection_Creation/addSingleValue2'

2018-10-31 15:02:02 - [MESSAGE][PASSED] - Text 'SingleOption2' is set on object 'Object Repository/Form_Selection_Creation/addSingleValue2'

2018-10-31 15:02:02 - [TEST_STEP][PASSED] - Statement - java.lang.Thread.sleep(2000): null

2018-10-31 15:02:04 - [TEST_STEP][PASSED] - dragAndDropToObject: Dragged object with id 'Object Repository/Form_Selection_Creation/formDesign_Select_SelectMultiple' to object with id 'TestObject - 'Object Repository/Form_Selection_Creation/group_area'' successfully

2018-10-31 15:02:05 - [MESSAGE][PASSED] - Dragged object with id 'Object Repository/Form_Selection_Creation/formDesign_Select_SelectMultiple' to object with id 'TestObject - 'Object Repository/Form_Selection_Creation/group_area'' successfully

2018-10-31 15:02:05 - [TEST_STEP][PASSED] - setText: Text 'This is Select Multiple' is set on object 'Object Repository/Form_Selection_Creation/formDesign_Select_MultipleName_text'

2018-10-31 15:02:05 - [MESSAGE][PASSED] - Text 'This is Select Multiple' is set on object 'Object Repository/Form_Selection_Creation/formDesign_Select_MultipleName_text'

2018-10-31 15:02:05 - [TEST_STEP][PASSED] - Statement - java.lang.Thread.sleep(3000): null

2018-10-31 15:02:08 - [TEST_STEP][PASSED] - click: Object: 'Object Repository/Form_Selection_Creation/button_AddNewMul' is clicked on

2018-10-31 15:02:08 - [MESSAGE][PASSED] - Object: 'Object Repository/Form_Selection_Creation/button_AddNewMul' is clicked on

2018-10-31 15:02:08 - [TEST_STEP][PASSED] - setText: Text 'MultipleOption1' is set on object 'Object Repository/Form_Selection_Creation/addMultipleValue1'

2018-10-31 15:02:09 - [MESSAGE][PASSED] - Text 'MultipleOption1' is set on object 'Object Repository/Form_Selection_Creation/addMultipleValue1'

2018-10-31 15:02:09 - [TEST_STEP][PASSED] - Statement - java.lang.Thread.sleep(2000): null

2018-10-31 15:02:11 - [TEST_STEP][PASSED] - click: Object: 'Object Repository/Form_Selection_Creation/button_AddNewMul' is clicked on

2018-10-31 15:02:11 - [MESSAGE][PASSED] - Object: 'Object Repository/Form_Selection_Creation/button_AddNewMul' is clicked on

2018-10-31 15:02:11 - [TEST_STEP][PASSED] - setText: Text 'MultipleOption2' is set on object 'Object Repository/Form_Selection_Creation/addMultipleValue2'

2018-10-31 15:02:11 - [MESSAGE][PASSED] - Text 'MultipleOption2' is set on object 'Object Repository/Form_Selection_Creation/addMultipleValue2'

2018-10-31 15:02:11 - [TEST_STEP][PASSED] - Statement - java.lang.Thread.sleep(2000): null

2018-10-31 15:02:13 - [TEST_STEP][PASSED] - dragAndDropToObject: Dragged object with id 'Object Repository/Form_Selection_Creation/formDesign_SelectNumeric' to object with id 'TestObject - 'Object Repository/Form_Selection_Creation/group_area'' successfully

2018-10-31 15:02:14 - [MESSAGE][PASSED] - Dragged object with id 'Object Repository/Form_Selection_Creation/formDesign_SelectNumeric' to object with id 'TestObject - 'Object Repository/Form_Selection_Creation/group_area'' successfully

2018-10-31 15:02:14 - [TEST_STEP][PASSED] - setText: Text 'This is a Number' is set on object 'Object Repository/Form_Selection_Creation/formDesign_NumericName_Text'

2018-10-31 15:02:15 - [MESSAGE][PASSED] - Text 'This is a Number' is set on object 'Object Repository/Form_Selection_Creation/formDesign_NumericName_Text'

2018-10-31 15:02:15 - [TEST_STEP][PASSED] - Statement - java.lang.Thread.sleep(2000): null

2018-10-31 15:02:17 - [TEST_STEP][PASSED] - dragAndDropToObject: Dragged object with id 'Object Repository/Form_Selection_Creation/formDesign_SelectDate' to object with id 'TestObject - 'Object Repository/Form_Selection_Creation/group_area'' successfully

2018-10-31 15:02:17 - [MESSAGE][PASSED] - Dragged object with id 'Object Repository/Form_Selection_Creation/formDesign_SelectDate' to object with id 'TestObject - 'Object Repository/Form_Selection_Creation/group_area'' successfully

2018-10-31 15:02:17 - [TEST_STEP][PASSED] - setText: Text 'This is a Date' is set on object 'Object Repository/Form_Selection_Creation/formDesign_DateName_Text'

2018-10-31 15:02:18 - [MESSAGE][PASSED] - Text 'This is a Date' is set on object 'Object Repository/Form_Selection_Creation/formDesign_DateName_Text'

2018-10-31 15:02:18 - [TEST_STEP][PASSED] - Statement - java.lang.Thread.sleep(2000): null

2018-10-31 15:02:20 - [TEST_STEP][PASSED] - dragAndDropToObject: Dragged object with id 'Object Repository/Form_Selection_Creation/formDesign_SelectTime' to object with id 'TestObject - 'Object Repository/Form_Selection_Creation/group_area'' successfully

2018-10-31 15:02:21 - [MESSAGE][PASSED] - Dragged object with id 'Object Repository/Form_Selection_Creation/formDesign_SelectTime' to object with id 'TestObject - 'Object Repository/Form_Selection_Creation/group_area'' successfully

2018-10-31 15:02:21 - [TEST_STEP][PASSED] - setText: Text 'This is a Time' is set on object 'Object Repository/Form_Selection_Creation/formDesign_TimeName_text'

2018-10-31 15:02:21 - [MESSAGE][PASSED] - Text 'This is a Time' is set on object 'Object Repository/Form_Selection_Creation/formDesign_TimeName_text'

2018-10-31 15:02:21 - [TEST_STEP][PASSED] - Statement - java.lang.Thread.sleep(2000): null

2018-10-31 15:02:23 - [TEST_STEP][PASSED] - dragAndDropToObject: Dragged object with id 'Object Repository/Form_Selection_Creation/formDesign_SelectDateTime' to object with id 'TestObject - 'Object Repository/Form_Selection_Creation/group_area'' successfully

2018-10-31 15:02:24 - [MESSAGE][PASSED] - Dragged object with id 'Object Repository/Form_Selection_Creation/formDesign_SelectDateTime' to object with id 'TestObject - 'Object Repository/Form_Selection_Creation/group_area'' successfully

2018-10-31 15:02:24 - [TEST_STEP][PASSED] - setText: Text 'This is a Date-Time' is set on object 'Object Repository/Form_Selection_Creation/formDesign_DateTimeName_Text'

2018-10-31 15:02:25 - [MESSAGE][PASSED] - Text 'This is a Date-Time' is set on object 'Object Repository/Form_Selection_Creation/formDesign_DateTimeName_Text'

2018-10-31 15:02:25 - [TEST_STEP][PASSED] - Statement - java.lang.Thread.sleep(2000): null

2018-10-31 15:02:27 - [TEST_STEP][PASSED] - click: Object: 'Object Repository/Form_Selection_Creation/formCreation_NextToDesignForm' is clicked on

2018-10-31 15:02:27 - [MESSAGE][PASSED] - Object: 'Object Repository/Form_Selection_Creation/formCreation_NextToDesignForm' is clicked on

2018-10-31 15:02:27 - [TEST_STEP][PASSED] - Statement - java.lang.Thread.sleep(4000): null

2018-10-31 15:02:31 - [TEST_STEP][PASSED] - click: Object: 'Object Repository/Form_Selection_Creation/div_Preview             Form1' is clicked on

2018-10-31 15:02:31 - [MESSAGE][PASSED] - Object: 'Object Repository/Form_Selection_Creation/div_Preview             Form1' is clicked on

2018-10-31 15:02:31 - [TEST_STEP][PASSED] - click: Object: 'Object Repository/Form_Selection_Creation/button_Release' is clicked on

2018-10-31 15:02:31 - [MESSAGE][PASSED] - Object: 'Object Repository/Form_Selection_Creation/button_Release' is clicked on

2018-10-31 15:02:31 - [TEST_STEP][PASSED] - Statement - java.lang.Thread.sleep(4000): null]]></system-out>
         <system-err><![CDATA[]]></system-err>
      </testcase>
      <testcase name="Test Cases/Forms/QuestionaitreForm/2_FormSubmission" classname="Test Cases/Forms/QuestionaitreForm/2_FormSubmission" status="PASSED">
         <system-out><![CDATA[2018-10-31 15:02:35 - [TEST_CASE][PASSED] - Test Cases/Forms/QuestionaitreForm/2_FormSubmission: Test Cases/Forms/QuestionaitreForm/2_FormSubmission

2018-10-31 15:02:35 - [TEST_STEP][PASSED] - openBrowser: Browser is opened with url: ''

2018-10-31 15:02:35 - [MESSAGE][WARNING] - A browser is already opened. Closing browser and opening a new one

2018-10-31 15:02:39 - [MESSAGE][PASSED] - Browser is opened with url: ''

2018-10-31 15:02:39 - [TEST_STEP][PASSED] - navigateToUrl: Navigate to 'https://test2.stage.safetychain.com' successfully

2018-10-31 15:02:53 - [MESSAGE][PASSED] - Navigate to 'https://test2.stage.safetychain.com' successfully

2018-10-31 15:02:53 - [TEST_STEP][PASSED] - maximizeWindow: Current window maximized

2018-10-31 15:02:54 - [MESSAGE][PASSED] - Current window maximized

2018-10-31 15:02:54 - [TEST_STEP][PASSED] - Statement - driver = com.kms.katalon.core.webui.driver.DriverFactory.getWebDriver(): null

2018-10-31 15:02:54 - [TEST_STEP][PASSED] - setText: Text 'superadmin' is set on object 'Object Repository/FormTab/login_Username'

2018-10-31 15:02:58 - [MESSAGE][PASSED] - Text 'superadmin' is set on object 'Object Repository/FormTab/login_Username'

2018-10-31 15:02:58 - [TEST_STEP][PASSED] - setText: Text 'sliptest23772clam' is set on object 'Object Repository/FormTab/login_Password'

2018-10-31 15:02:58 - [MESSAGE][PASSED] - Text 'sliptest23772clam' is set on object 'Object Repository/FormTab/login_Password'

2018-10-31 15:02:58 - [TEST_STEP][PASSED] - click: Object: 'Object Repository/FormTab/login_Button' is clicked on

2018-10-31 15:02:59 - [MESSAGE][PASSED] - Object: 'Object Repository/FormTab/login_Button' is clicked on

2018-10-31 15:02:59 - [TEST_STEP][PASSED] - Statement - java.lang.Thread.sleep(10000): null

2018-10-31 15:03:09 - [TEST_STEP][PASSED] - click: Object: 'Object Repository/FormTab/form_Tab' is clicked on

2018-10-31 15:03:10 - [MESSAGE][PASSED] - Object: 'Object Repository/FormTab/form_Tab' is clicked on

2018-10-31 15:03:10 - [TEST_STEP][NOT_RUN] - Statement - java.lang.Thread.sleep(4000): NOT_RUN: Statement - java.lang.Thread.sleep(4000)

2018-10-31 15:03:10 - [MESSAGE][NOT_RUN] - NOT_RUN: Statement - java.lang.Thread.sleep(4000)

2018-10-31 15:03:10 - [TEST_STEP][NOT_RUN] - click: NOT_RUN: click

2018-10-31 15:03:10 - [MESSAGE][NOT_RUN] - NOT_RUN: click

2018-10-31 15:03:10 - [TEST_STEP][NOT_RUN] - waitForElementNotVisible: NOT_RUN: waitForElementNotVisible

2018-10-31 15:03:10 - [MESSAGE][NOT_RUN] - NOT_RUN: waitForElementNotVisible

2018-10-31 15:03:10 - [TEST_STEP][NOT_RUN] - click: NOT_RUN: click

2018-10-31 15:03:10 - [MESSAGE][NOT_RUN] - NOT_RUN: click

2018-10-31 15:03:10 - [TEST_STEP][PASSED] - Statement - java.lang.Thread.sleep(3000): null

2018-10-31 15:03:13 - [TEST_STEP][PASSED] - click: Object: 'Object Repository/FormTab/options' is clicked on

2018-10-31 15:03:13 - [MESSAGE][PASSED] - Object: 'Object Repository/FormTab/options' is clicked on

2018-10-31 15:03:13 - [TEST_STEP][PASSED] - Statement - java.lang.Thread.sleep(2000): null

2018-10-31 15:03:15 - [TEST_STEP][PASSED] - mouseOver: Object: 'Object Repository/FormTab/filterOption' is hovered

2018-10-31 15:03:15 - [MESSAGE][PASSED] - Object: 'Object Repository/FormTab/filterOption' is hovered

2018-10-31 15:03:15 - [TEST_STEP][PASSED] - Statement - java.lang.Thread.sleep(2000): null

2018-10-31 15:03:17 - [TEST_STEP][PASSED] - FormName.filterFormName: FormName.filterFormName is PASSED

2018-10-31 15:03:17 - [MESSAGE][PASSED] - FormName.filterFormName is PASSED

2018-10-31 15:03:17 - [TEST_STEP][PASSED] - Statement - java.lang.Thread.sleep(2000): null

2018-10-31 15:03:19 - [TEST_STEP][PASSED] - click: Object: 'Object Repository/FormTab/filterButton' is clicked on

2018-10-31 15:03:19 - [MESSAGE][PASSED] - Object: 'Object Repository/FormTab/filterButton' is clicked on

2018-10-31 15:03:19 - [TEST_STEP][PASSED] - Statement - java.lang.Thread.sleep(4000): null

2018-10-31 15:03:23 - [TEST_STEP][PASSED] - click: Object: 'Object Repository/FormTab/selectForm' is clicked on

2018-10-31 15:03:23 - [MESSAGE][PASSED] - Object: 'Object Repository/FormTab/selectForm' is clicked on

2018-10-31 15:03:23 - [TEST_STEP][PASSED] - Statement - java.lang.Thread.sleep(4000): null

2018-10-31 15:03:27 - [TEST_STEP][NOT_RUN] - FormName.fillFormName: NOT_RUN: FormName.fillFormName

2018-10-31 15:03:27 - [MESSAGE][NOT_RUN] - NOT_RUN: FormName.fillFormName

2018-10-31 15:03:27 - [TEST_STEP][NOT_RUN] - Statement - java.lang.Thread.sleep(4000): NOT_RUN: Statement - java.lang.Thread.sleep(4000)

2018-10-31 15:03:27 - [MESSAGE][NOT_RUN] - NOT_RUN: Statement - java.lang.Thread.sleep(4000)

2018-10-31 15:03:27 - [TEST_STEP][PASSED] - click: Object: 'Object Repository/FormTab/fillForm_OpenLocationOption' is clicked on

2018-10-31 15:03:28 - [MESSAGE][PASSED] - Object: 'Object Repository/FormTab/fillForm_OpenLocationOption' is clicked on

2018-10-31 15:03:28 - [TEST_STEP][PASSED] - Statement - java.lang.Thread.sleep(2000): null

2018-10-31 15:03:30 - [TEST_STEP][NOT_RUN] - delay: NOT_RUN: delay

2018-10-31 15:03:30 - [MESSAGE][NOT_RUN] - NOT_RUN: delay

2018-10-31 15:03:30 - [TEST_STEP][PASSED] - waitForElementNotVisible: Object 'Object Repository/FormTab/fillForm_SelectLocation' is visible after 5 second(s)

2018-10-31 15:03:35 - [MESSAGE][WARNING] - Object 'Object Repository/FormTab/fillForm_SelectLocation' is visible after 5 second(s)

2018-10-31 15:03:35 - [TEST_STEP][PASSED] - click: Object: 'Object Repository/FormTab/fillForm_SelectLocation' is clicked on

2018-10-31 15:03:35 - [MESSAGE][PASSED] - Object: 'Object Repository/FormTab/fillForm_SelectLocation' is clicked on

2018-10-31 15:03:35 - [TEST_STEP][PASSED] - Statement - java.lang.Thread.sleep(3000): null

2018-10-31 15:03:38 - [TEST_STEP][PASSED] - click: Object: 'Object Repository/FormTab/fillForm_OpenResourceOption' is clicked on

2018-10-31 15:03:38 - [MESSAGE][PASSED] - Object: 'Object Repository/FormTab/fillForm_OpenResourceOption' is clicked on

2018-10-31 15:03:38 - [TEST_STEP][PASSED] - Statement - java.lang.Thread.sleep(2000): null

2018-10-31 15:03:40 - [TEST_STEP][NOT_RUN] - delay: NOT_RUN: delay

2018-10-31 15:03:40 - [MESSAGE][NOT_RUN] - NOT_RUN: delay

2018-10-31 15:03:40 - [TEST_STEP][PASSED] - waitForElementNotVisible: Object 'Object Repository/FormTab/fillForm_SelectResource' is visible after 5 second(s)

2018-10-31 15:03:45 - [MESSAGE][WARNING] - Object 'Object Repository/FormTab/fillForm_SelectResource' is visible after 5 second(s)

2018-10-31 15:03:45 - [TEST_STEP][PASSED] - click: Object: 'Object Repository/FormTab/fillForm_SelectResource' is clicked on

2018-10-31 15:03:45 - [MESSAGE][PASSED] - Object: 'Object Repository/FormTab/fillForm_SelectResource' is clicked on

2018-10-31 15:03:45 - [TEST_STEP][PASSED] - Statement - java.lang.Thread.sleep(3000): null

2018-10-31 15:03:48 - [TEST_STEP][PASSED] - setText: Text 'MyText' is set on object 'Object Repository/FormTab/fillForm_FreeSingleText'

2018-10-31 15:03:49 - [MESSAGE][PASSED] - Text 'MyText' is set on object 'Object Repository/FormTab/fillForm_FreeSingleText'

2018-10-31 15:03:49 - [TEST_STEP][PASSED] - setText: Text 'MyParagraph' is set on object 'Object Repository/FormTab/fillForm_ParagraphText'

2018-10-31 15:03:49 - [MESSAGE][PASSED] - Text 'MyParagraph' is set on object 'Object Repository/FormTab/fillForm_ParagraphText'

2018-10-31 15:03:49 - [TEST_STEP][PASSED] - Statement - java.lang.Thread.sleep(3000): null

2018-10-31 15:03:52 - [TEST_STEP][PASSED] - setText: Text 'SingleOption1' is set on object 'Object Repository/FormTab/fillForm_SelectOneOption'

2018-10-31 15:03:52 - [MESSAGE][PASSED] - Text 'SingleOption1' is set on object 'Object Repository/FormTab/fillForm_SelectOneOption'

2018-10-31 15:03:52 - [TEST_STEP][PASSED] - Statement - java.lang.Thread.sleep(3000): null

2018-10-31 15:03:55 - [TEST_STEP][PASSED] - Statement - driver.findElement(org.openqa.selenium.By.xpath("//*[@id='scs-form-level']/div/div/div/div/div/div/div[4]/div/field-template/div/div/div/div/span/span/input")).sendKeys(ENTER): null

2018-10-31 15:03:55 - [TEST_STEP][PASSED] - Statement - java.lang.Thread.sleep(3000): null

2018-10-31 15:03:58 - [TEST_STEP][PASSED] - setText: Text 'MultipleOption1' is set on object 'Object Repository/FormTab/fillForm_SelectMultipleOption'

2018-10-31 15:03:58 - [MESSAGE][PASSED] - Text 'MultipleOption1' is set on object 'Object Repository/FormTab/fillForm_SelectMultipleOption'

2018-10-31 15:03:58 - [TEST_STEP][PASSED] - Statement - java.lang.Thread.sleep(3000): null

2018-10-31 15:04:01 - [TEST_STEP][PASSED] - Statement - driver.findElement(org.openqa.selenium.By.xpath("//*[@id='scs-form-level']/div/div/div/div/div/div/div[5]/div/field-template/div/div/div/div/div/div/input")).sendKeys(ENTER): null

2018-10-31 15:04:01 - [TEST_STEP][PASSED] - click: Object: 'Object Repository/FormTab/fillForm_SelectMultipleOption' is clicked on

2018-10-31 15:04:02 - [MESSAGE][PASSED] - Object: 'Object Repository/FormTab/fillForm_SelectMultipleOption' is clicked on

2018-10-31 15:04:02 - [TEST_STEP][PASSED] - Statement - java.lang.Thread.sleep(4000): null

2018-10-31 15:04:06 - [TEST_STEP][PASSED] - Statement - driver.findElement(org.openqa.selenium.By.xpath("//*[@id='scs-form-level']/div/div/div/div[2]/div/div/div[6]/div/field-template/div/div[2]/div/div/span[1]/span/input[1]")).sendKeys("9"): null

2018-10-31 15:04:06 - [TEST_STEP][PASSED] - setText: Text '10/18/2018' is set on object 'Object Repository/FormTab/fillForm_DateText'

2018-10-31 15:04:06 - [MESSAGE][PASSED] - Text '10/18/2018' is set on object 'Object Repository/FormTab/fillForm_DateText'

2018-10-31 15:04:06 - [TEST_STEP][PASSED] - setText: Text '9:00 AM' is set on object 'Object Repository/FormTab/fillForm_TimeText'

2018-10-31 15:04:06 - [MESSAGE][PASSED] - Text '9:00 AM' is set on object 'Object Repository/FormTab/fillForm_TimeText'

2018-10-31 15:04:06 - [TEST_STEP][PASSED] - setText: Text '10/18/2018 9:00 AM' is set on object 'Object Repository/FormTab/fillForm_DateTimeText'

2018-10-31 15:04:06 - [MESSAGE][PASSED] - Text '10/18/2018 9:00 AM' is set on object 'Object Repository/FormTab/fillForm_DateTimeText'

2018-10-31 15:04:06 - [TEST_STEP][PASSED] - click: Object: 'Object Repository/FormTab/fillForm_SubmitButton' is clicked on

2018-10-31 15:04:06 - [MESSAGE][PASSED] - Object: 'Object Repository/FormTab/fillForm_SubmitButton' is clicked on

2018-10-31 15:04:06 - [TEST_STEP][PASSED] - Statement - java.lang.Thread.sleep(2000): null

2018-10-31 15:04:08 - [TEST_STEP][PASSED] - click: Object: 'Object Repository/FormTab/fillForm_SubmissionOkButton' is clicked on

2018-10-31 15:04:08 - [MESSAGE][PASSED] - Object: 'Object Repository/FormTab/fillForm_SubmissionOkButton' is clicked on

2018-10-31 15:04:08 - [TEST_STEP][PASSED] - Statement - java.lang.Thread.sleep(3000): null]]></system-out>
         <system-err><![CDATA[]]></system-err>
      </testcase>
      <testcase name="Test Cases/Forms/QuestionaitreForm/3_VerifyingDocument" classname="Test Cases/Forms/QuestionaitreForm/3_VerifyingDocument" status="PASSED">
         <system-out><![CDATA[2018-10-31 15:04:11 - [TEST_CASE][PASSED] - Test Cases/Forms/QuestionaitreForm/3_VerifyingDocument: Test Cases/Forms/QuestionaitreForm/3_VerifyingDocument

2018-10-31 15:04:12 - [TEST_STEP][NOT_RUN] - openBrowser: NOT_RUN: openBrowser

2018-10-31 15:04:12 - [MESSAGE][NOT_RUN] - NOT_RUN: openBrowser

2018-10-31 15:04:12 - [TEST_STEP][NOT_RUN] - setText: NOT_RUN: setText

2018-10-31 15:04:12 - [MESSAGE][NOT_RUN] - NOT_RUN: setText

2018-10-31 15:04:12 - [TEST_STEP][NOT_RUN] - setText: NOT_RUN: setText

2018-10-31 15:04:12 - [MESSAGE][NOT_RUN] - NOT_RUN: setText

2018-10-31 15:04:12 - [TEST_STEP][NOT_RUN] - click: NOT_RUN: click

2018-10-31 15:04:12 - [MESSAGE][NOT_RUN] - NOT_RUN: click

2018-10-31 15:04:12 - [TEST_STEP][PASSED] - Statement - java.lang.Thread.sleep(8000): null

2018-10-31 15:04:20 - [TEST_STEP][PASSED] - click: Object: 'Object Repository/DocumentTab/documentTab' is clicked on

2018-10-31 15:04:20 - [MESSAGE][PASSED] - Object: 'Object Repository/DocumentTab/documentTab' is clicked on

2018-10-31 15:04:20 - [TEST_STEP][PASSED] - Statement - java.lang.Thread.sleep(6000): null

2018-10-31 15:04:26 - [TEST_STEP][PASSED] - FormName.documentFormName: FormName.documentFormName is PASSED

2018-10-31 15:04:26 - [MESSAGE][PASSED] - FormName.documentFormName is PASSED

2018-10-31 15:04:26 - [TEST_STEP][PASSED] - Statement - java.lang.Thread.sleep(4000): null]]></system-out>
         <system-err><![CDATA[]]></system-err>
      </testcase>
      <testcase name="Test Cases/Forms/QuestionaitreForm/4_VerifyingDMS" classname="Test Cases/Forms/QuestionaitreForm/4_VerifyingDMS" status="PASSED">
         <system-out><![CDATA[2018-10-31 15:04:30 - [TEST_CASE][PASSED] - Test Cases/Forms/QuestionaitreForm/4_VerifyingDMS: Test Cases/Forms/QuestionaitreForm/4_VerifyingDMS

2018-10-31 15:04:30 - [TEST_STEP][NOT_RUN] - openBrowser: NOT_RUN: openBrowser

2018-10-31 15:04:30 - [MESSAGE][NOT_RUN] - NOT_RUN: openBrowser

2018-10-31 15:04:30 - [TEST_STEP][NOT_RUN] - setText: NOT_RUN: setText

2018-10-31 15:04:30 - [MESSAGE][NOT_RUN] - NOT_RUN: setText

2018-10-31 15:04:30 - [TEST_STEP][NOT_RUN] - setText: NOT_RUN: setText

2018-10-31 15:04:30 - [MESSAGE][NOT_RUN] - NOT_RUN: setText

2018-10-31 15:04:30 - [TEST_STEP][NOT_RUN] - click: NOT_RUN: click

2018-10-31 15:04:30 - [MESSAGE][NOT_RUN] - NOT_RUN: click

2018-10-31 15:04:30 - [TEST_STEP][PASSED] - Statement - java.lang.Thread.sleep(4000): null

2018-10-31 15:04:34 - [TEST_STEP][PASSED] - click: Object: 'Object Repository/DMS_Forms/mainmenu_button' is clicked on

2018-10-31 15:04:34 - [MESSAGE][PASSED] - Object: 'Object Repository/DMS_Forms/mainmenu_button' is clicked on

2018-10-31 15:04:34 - [TEST_STEP][PASSED] - click: Object: 'Object Repository/DMS_Forms/mainmenu_Document' is clicked on

2018-10-31 15:04:35 - [MESSAGE][PASSED] - Object: 'Object Repository/DMS_Forms/mainmenu_Document' is clicked on

2018-10-31 15:04:35 - [TEST_STEP][PASSED] - Statement - java.lang.Thread.sleep(3000): null

2018-10-31 15:04:38 - [TEST_STEP][PASSED] - FormName.findinDMS: FormName.findinDMS is PASSED

2018-10-31 15:04:38 - [MESSAGE][PASSED] - FormName.findinDMS is PASSED

2018-10-31 15:04:38 - [TEST_STEP][PASSED] - Statement - java.lang.Thread.sleep(4000): null

2018-10-31 15:04:42 - [TEST_STEP][PASSED] - doubleClick: Object: 'Object Repository/DMS_Forms/openDocument' is double clicked on

2018-10-31 15:04:42 - [MESSAGE][PASSED] - Object: 'Object Repository/DMS_Forms/openDocument' is double clicked on

2018-10-31 15:04:42 - [TEST_STEP][PASSED] - Statement - java.lang.Thread.sleep(4000): null]]></system-out>
         <system-err><![CDATA[]]></system-err>
      </testcase>
      <system-out><![CDATA[2018-10-31 14:50:28 - [TEST_SUITE][FAILED] - SmokeSuite: Test Cases/AdminTools/InternalUser FAILED because (of) (Stack trace: com.kms.katalon.core.exception.StepFailedException: Unable to click on object 'Object Repository/InternalUser/ManageUsers_NewUserPopUp_AllLocation' (Root cause: org.openqa.selenium.ElementNotVisibleException: element not visible
  (Session info: chrome=70.0.3538.77)
  (Driver info: chromedriver=2.35.528161 (5b82f2d2aae0ca24b877009200ced9065a772e73),platform=Windows NT 6.1.7601 SP1 x86_64) (WARNING: The server did not provide any stacktrace information)
Command duration or timeout: 0 milliseconds
Build info: version: '3.7.1', revision: '8a0099a', time: '2017-11-06T21:07:36.161Z'
System info: host: 'ABHISHEK-PASHIN', ip: '10.21.7.138', os.name: 'Windows 7', os.arch: 'amd64', os.version: '6.1', java.version: '1.8.0_181'
Driver info: com.kms.katalon.selenium.driver.CChromeDriver
Capabilities {acceptInsecureCerts: false, acceptSslCerts: false, applicationCacheEnabled: false, browserConnectionEnabled: false, browserName: chrome, chrome: {chromedriverVersion: 2.35.528161 (5b82f2d2aae0ca..., userDataDir: C:\Users\PASHIN~1\AppData\L...}, cssSelectorsEnabled: true, databaseEnabled: false, handlesAlerts: true, hasTouchScreen: false, javascriptEnabled: true, locationContextEnabled: true, mobileEmulationEnabled: false, nativeEvents: true, networkConnectionEnabled: false, pageLoadStrategy: normal, platform: XP, platformName: XP, rotatable: false, setWindowRect: true, takesHeapSnapshot: true, takesScreenshot: true, unexpectedAlertBehaviour: , unhandledPromptBehavior: , version: 70.0.3538.77, webStorageEnabled: true}
Session ID: 39c314aafb63be55dfbedfeb869a5d45)
	at com.kms.katalon.core.keyword.internal.KeywordMain.stepFailed(KeywordMain.groovy:36)
	at com.kms.katalon.core.webui.keyword.internal.WebUIKeywordMain.stepFailed(WebUIKeywordMain.groovy:65)
	at com.kms.katalon.core.webui.keyword.internal.WebUIKeywordMain.runKeyword(WebUIKeywordMain.groovy:27)
	at com.kms.katalon.core.webui.keyword.builtin.ClickKeyword.click(ClickKeyword.groovy:86)
	at com.kms.katalon.core.webui.keyword.builtin.ClickKeyword.execute(ClickKeyword.groovy:67)
	at com.kms.katalon.core.keyword.internal.KeywordExecutor.executeKeywordForPlatform(KeywordExecutor.groovy:53)
	at com.kms.katalon.core.webui.keyword.WebUiBuiltInKeywords.click(WebUiBuiltInKeywords.groovy:616)
	at com.kms.katalon.core.webui.keyword.WebUiBuiltInKeywords$click$3.call(Unknown Source)
	at org.codehaus.groovy.runtime.callsite.CallSiteArray.defaultCall(CallSiteArray.java:48)
	at org.codehaus.groovy.runtime.callsite.AbstractCallSite.call(AbstractCallSite.java:113)
	at org.codehaus.groovy.runtime.callsite.AbstractCallSite.call(AbstractCallSite.java:125)
	at Script1540883572016.run(Script1540883572016.groovy:62)
	at com.kms.katalon.core.main.ScriptEngine.run(ScriptEngine.java:183)
	at com.kms.katalon.core.main.ScriptEngine.runScriptAsRawText(ScriptEngine.java:108)
	at com.kms.katalon.core.main.TestCaseExecutor.runScript(TestCaseExecutor.java:294)
	at com.kms.katalon.core.main.TestCaseExecutor.doExecute(TestCaseExecutor.java:285)
	at com.kms.katalon.core.main.TestCaseExecutor.processExecutionPhase(TestCaseExecutor.java:264)
	at com.kms.katalon.core.main.TestCaseExecutor.accessMainPhase(TestCaseExecutor.java:256)
	at com.kms.katalon.core.main.TestCaseExecutor.execute(TestCaseExecutor.java:200)
	at com.kms.katalon.core.main.TestSuiteExecutor.accessTestCaseMainPhase(TestSuiteExecutor.java:129)
	at com.kms.katalon.core.main.TestSuiteExecutor.accessTestSuiteMainPhase(TestSuiteExecutor.java:112)
	at com.kms.katalon.core.main.TestSuiteExecutor.execute(TestSuiteExecutor.java:81)
	at com.kms.katalon.core.main.TestCaseMain.startTestSuite(TestCaseMain.java:142)
	at com.kms.katalon.core.main.TestCaseMain$startTestSuite$0.call(Unknown Source)
	at org.codehaus.groovy.runtime.callsite.CallSiteArray.defaultCall(CallSiteArray.java:48)
	at org.codehaus.groovy.runtime.callsite.AbstractCallSite.call(AbstractCallSite.java:113)
	at org.codehaus.groovy.runtime.callsite.AbstractCallSite.call(AbstractCallSite.java:141)
	at TempTestSuite1540977624844.run(TempTestSuite1540977624844.groovy:36)
	at groovy.lang.GroovyShell.runScriptOrMainOrTestOrRunnable(GroovyShell.java:263)
	at groovy.lang.GroovyShell.run(GroovyShell.java:518)
	at groovy.lang.GroovyShell.run(GroovyShell.java:507)
	at groovy.ui.GroovyMain.processOnce(GroovyMain.java:653)
	at groovy.ui.GroovyMain.run(GroovyMain.java:384)
	at groovy.ui.GroovyMain.process(GroovyMain.java:370)
	at groovy.ui.GroovyMain.processArgs(GroovyMain.java:129)
	at groovy.ui.GroovyMain.main(GroovyMain.java:109)
	at sun.reflect.NativeMethodAccessorImpl.invoke0(Native Method)
	at sun.reflect.NativeMethodAccessorImpl.invoke(NativeMethodAccessorImpl.java:62)
	at sun.reflect.DelegatingMethodAccessorImpl.invoke(DelegatingMethodAccessorImpl.java:43)
	at java.lang.reflect.Method.invoke(Method.java:498)
	at org.codehaus.groovy.tools.GroovyStarter.rootLoader(GroovyStarter.java:109)
	at org.codehaus.groovy.tools.GroovyStarter.main(GroovyStarter.java:131)
)]]></system-out>
      <system-err><![CDATA[2018-10-31 14:50:28 - [TEST_SUITE][FAILED] - SmokeSuite: Test Cases/AdminTools/InternalUser FAILED because (of) (Stack trace: com.kms.katalon.core.exception.StepFailedException: Unable to click on object 'Object Repository/InternalUser/ManageUsers_NewUserPopUp_AllLocation' (Root cause: org.openqa.selenium.ElementNotVisibleException: element not visible
  (Session info: chrome=70.0.3538.77)
  (Driver info: chromedriver=2.35.528161 (5b82f2d2aae0ca24b877009200ced9065a772e73),platform=Windows NT 6.1.7601 SP1 x86_64) (WARNING: The server did not provide any stacktrace information)
Command duration or timeout: 0 milliseconds
Build info: version: '3.7.1', revision: '8a0099a', time: '2017-11-06T21:07:36.161Z'
System info: host: 'ABHISHEK-PASHIN', ip: '10.21.7.138', os.name: 'Windows 7', os.arch: 'amd64', os.version: '6.1', java.version: '1.8.0_181'
Driver info: com.kms.katalon.selenium.driver.CChromeDriver
Capabilities {acceptInsecureCerts: false, acceptSslCerts: false, applicationCacheEnabled: false, browserConnectionEnabled: false, browserName: chrome, chrome: {chromedriverVersion: 2.35.528161 (5b82f2d2aae0ca..., userDataDir: C:\Users\PASHIN~1\AppData\L...}, cssSelectorsEnabled: true, databaseEnabled: false, handlesAlerts: true, hasTouchScreen: false, javascriptEnabled: true, locationContextEnabled: true, mobileEmulationEnabled: false, nativeEvents: true, networkConnectionEnabled: false, pageLoadStrategy: normal, platform: XP, platformName: XP, rotatable: false, setWindowRect: true, takesHeapSnapshot: true, takesScreenshot: true, unexpectedAlertBehaviour: , unhandledPromptBehavior: , version: 70.0.3538.77, webStorageEnabled: true}
Session ID: 39c314aafb63be55dfbedfeb869a5d45)
	at com.kms.katalon.core.keyword.internal.KeywordMain.stepFailed(KeywordMain.groovy:36)
	at com.kms.katalon.core.webui.keyword.internal.WebUIKeywordMain.stepFailed(WebUIKeywordMain.groovy:65)
	at com.kms.katalon.core.webui.keyword.internal.WebUIKeywordMain.runKeyword(WebUIKeywordMain.groovy:27)
	at com.kms.katalon.core.webui.keyword.builtin.ClickKeyword.click(ClickKeyword.groovy:86)
	at com.kms.katalon.core.webui.keyword.builtin.ClickKeyword.execute(ClickKeyword.groovy:67)
	at com.kms.katalon.core.keyword.internal.KeywordExecutor.executeKeywordForPlatform(KeywordExecutor.groovy:53)
	at com.kms.katalon.core.webui.keyword.WebUiBuiltInKeywords.click(WebUiBuiltInKeywords.groovy:616)
	at com.kms.katalon.core.webui.keyword.WebUiBuiltInKeywords$click$3.call(Unknown Source)
	at org.codehaus.groovy.runtime.callsite.CallSiteArray.defaultCall(CallSiteArray.java:48)
	at org.codehaus.groovy.runtime.callsite.AbstractCallSite.call(AbstractCallSite.java:113)
	at org.codehaus.groovy.runtime.callsite.AbstractCallSite.call(AbstractCallSite.java:125)
	at Script1540883572016.run(Script1540883572016.groovy:62)
	at com.kms.katalon.core.main.ScriptEngine.run(ScriptEngine.java:183)
	at com.kms.katalon.core.main.ScriptEngine.runScriptAsRawText(ScriptEngine.java:108)
	at com.kms.katalon.core.main.TestCaseExecutor.runScript(TestCaseExecutor.java:294)
	at com.kms.katalon.core.main.TestCaseExecutor.doExecute(TestCaseExecutor.java:285)
	at com.kms.katalon.core.main.TestCaseExecutor.processExecutionPhase(TestCaseExecutor.java:264)
	at com.kms.katalon.core.main.TestCaseExecutor.accessMainPhase(TestCaseExecutor.java:256)
	at com.kms.katalon.core.main.TestCaseExecutor.execute(TestCaseExecutor.java:200)
	at com.kms.katalon.core.main.TestSuiteExecutor.accessTestCaseMainPhase(TestSuiteExecutor.java:129)
	at com.kms.katalon.core.main.TestSuiteExecutor.accessTestSuiteMainPhase(TestSuiteExecutor.java:112)
	at com.kms.katalon.core.main.TestSuiteExecutor.execute(TestSuiteExecutor.java:81)
	at com.kms.katalon.core.main.TestCaseMain.startTestSuite(TestCaseMain.java:142)
	at com.kms.katalon.core.main.TestCaseMain$startTestSuite$0.call(Unknown Source)
	at org.codehaus.groovy.runtime.callsite.CallSiteArray.defaultCall(CallSiteArray.java:48)
	at org.codehaus.groovy.runtime.callsite.AbstractCallSite.call(AbstractCallSite.java:113)
	at org.codehaus.groovy.runtime.callsite.AbstractCallSite.call(AbstractCallSite.java:141)
	at TempTestSuite1540977624844.run(TempTestSuite1540977624844.groovy:36)
	at groovy.lang.GroovyShell.runScriptOrMainOrTestOrRunnable(GroovyShell.java:263)
	at groovy.lang.GroovyShell.run(GroovyShell.java:518)
	at groovy.lang.GroovyShell.run(GroovyShell.java:507)
	at groovy.ui.GroovyMain.processOnce(GroovyMain.java:653)
	at groovy.ui.GroovyMain.run(GroovyMain.java:384)
	at groovy.ui.GroovyMain.process(GroovyMain.java:370)
	at groovy.ui.GroovyMain.processArgs(GroovyMain.java:129)
	at groovy.ui.GroovyMain.main(GroovyMain.java:109)
	at sun.reflect.NativeMethodAccessorImpl.invoke0(Native Method)
	at sun.reflect.NativeMethodAccessorImpl.invoke(NativeMethodAccessorImpl.java:62)
	at sun.reflect.DelegatingMethodAccessorImpl.invoke(DelegatingMethodAccessorImpl.java:43)
	at java.lang.reflect.Method.invoke(Method.java:498)
	at org.codehaus.groovy.tools.GroovyStarter.rootLoader(GroovyStarter.java:109)
	at org.codehaus.groovy.tools.GroovyStarter.main(GroovyStarter.java:131)
)]]></system-err>
   </testsuite>
</testsuites>
