<?xml version="1.0" encoding="UTF-8"?>
<testsuites name="Data Security" time="1115" tests="12" failures="0" errors="0">
   <testsuite name="Data Security" tests="12" failures="0" errors="0" time="1115" timestamp="2019-01-30 11:51:17" hostname="pashine_a - Abhishek-Pashine.India.XoriantCorp.com" id="Test Suites/Data Security">
      <properties>
         <property name="deviceName" value=""/>
         <property name="devicePlatform" value=""/>
         <property name="logFolder" value="D:\\Git Data\\SafetyChain-Test-Automation-Katalon\\Reports\\Data Security\\20190130_115112"/>
         <property name="logFiles" value="D:\\Git Data\\SafetyChain-Test-Automation-Katalon\\Reports\\Data Security\\20190130_115112\\execution0.log"/>
         <property name="attachments" value=""/>
         <property name="hostName" value="pashine_a - Abhishek-Pashine.India.XoriantCorp.com"/>
         <property name="os" value="Windows 7 64bit"/>
         <property name="katalonVersion" value="5.10.1.1"/>
         <property name="browser" value="Chrome 71.0.3578.98"/>
         <property name="hostAddress" value="10.21.7.147"/>
         <property name="sessionId" value="f5d3204967c342b1e356a33e75233aae"/>
         <property name="seleniumVersion" value="3.7.1"/>
         <property name="proxyInformation" value="ProxyInformation{proxyOption=NO_PROXY, proxyServerType=HTTP, password=, proxyServerAddress=, proxyServerPort=0}"/>
         <property name="platform" value="Windows 7"/>
      </properties>
      <testcase name="Test Cases/Data-Security/Create_Location" classname="Test Cases/Data-Security/Create_Location" status="PASSED">
         <system-out><![CDATA[2019-01-30 11:51:18 - [TEST_CASE][PASSED] - Test Cases/Data-Security/Create_Location: Test Cases/Data-Security/Create_Location

2019-01-30 11:51:18 - [TEST_STEP][PASSED] - openBrowser(URL): Browser is opened with url: 'https://test2.stage.safetychain.com'

2019-01-30 11:51:19 - [MESSAGE][INFO] - Starting 'Chrome' driver

2019-01-30 11:51:19 - [MESSAGE][INFO] - Action delay is set to 0 seconds

2019-01-30 11:51:54 - [MESSAGE][PASSED] - Browser is opened with url: 'https://test2.stage.safetychain.com'

2019-01-30 11:51:54 - [TEST_STEP][PASSED] - maximizeWindow(): Current window maximized

2019-01-30 11:51:55 - [MESSAGE][PASSED] - Current window maximized

2019-01-30 11:51:55 - [TEST_STEP][PASSED] - setText(findTestObject("TestUserLocation/login_Username"), UserName): Text 'tester' is set on object 'Object Repository/TestUserLocation/login_Username'

2019-01-30 11:51:59 - [MESSAGE][PASSED] - Text 'tester' is set on object 'Object Repository/TestUserLocation/login_Username'

2019-01-30 11:51:59 - [TEST_STEP][PASSED] - setText(findTestObject("TestUserLocation/login_Password"), Password): Text 'TestSt@ge' is set on object 'Object Repository/TestUserLocation/login_Password'

2019-01-30 11:51:59 - [MESSAGE][PASSED] - Text 'TestSt@ge' is set on object 'Object Repository/TestUserLocation/login_Password'

2019-01-30 11:51:59 - [TEST_STEP][PASSED] - AdminTool_Location.setLocationName(): AdminTool_Location.setLocationName is PASSED

2019-01-30 11:52:04 - [MESSAGE][PASSED] - AdminTool_Location.setLocationName is PASSED

2019-01-30 11:52:04 - [TEST_STEP][PASSED] - click(findTestObject("TestUserLocation/login_Button")): Object: 'Object Repository/TestUserLocation/login_Button' is clicked on

2019-01-30 11:52:06 - [MESSAGE][PASSED] - Object: 'Object Repository/TestUserLocation/login_Button' is clicked on

2019-01-30 11:52:06 - [TEST_STEP][PASSED] - Thread.sleep(4000): null

2019-01-30 11:52:10 - [TEST_STEP][PASSED] - AdminTool_Location.setLocationNameInLocation(): AdminTool_Location.setLocationNameInLocation is PASSED

2019-01-30 11:52:15 - [MESSAGE][PASSED] - AdminTool_Location.setLocationNameInLocation is PASSED

2019-01-30 11:52:15 - [TEST_STEP][PASSED] - click(findTestObject("TestUserLocation/mainmenu_button")): Object: 'Object Repository/TestUserLocation/mainmenu_button' is clicked on

2019-01-30 11:52:15 - [MESSAGE][PASSED] - Object: 'Object Repository/TestUserLocation/mainmenu_button' is clicked on

2019-01-30 11:52:15 - [TEST_STEP][PASSED] - Thread.sleep(2000): null

2019-01-30 11:52:17 - [TEST_STEP][PASSED] - click(findTestObject("TestUserLocation/adminTool")): Object: 'Object Repository/TestUserLocation/adminTool' is clicked on

2019-01-30 11:52:17 - [MESSAGE][PASSED] - Object: 'Object Repository/TestUserLocation/adminTool' is clicked on

2019-01-30 11:52:17 - [TEST_STEP][PASSED] - Thread.sleep(2000): null

2019-01-30 11:52:19 - [TEST_STEP][PASSED] - click(findTestObject("TestUserLocation/mainMenuResourceDesigner")): Object: 'Object Repository/TestUserLocation/mainMenuResourceDesigner' is clicked on

2019-01-30 11:52:19 - [MESSAGE][PASSED] - Object: 'Object Repository/TestUserLocation/mainMenuResourceDesigner' is clicked on

2019-01-30 11:52:19 - [TEST_STEP][PASSED] - Thread.sleep(4000): null

2019-01-30 11:52:23 - [TEST_STEP][PASSED] - click(findTestObject("TestUserLocation/locations")): Object: 'Object Repository/TestUserLocation/locations' is clicked on

2019-01-30 11:52:23 - [MESSAGE][PASSED] - Object: 'Object Repository/TestUserLocation/locations' is clicked on

2019-01-30 11:52:23 - [TEST_STEP][PASSED] - Thread.sleep(4000): null

2019-01-30 11:52:27 - [TEST_STEP][NOT_RUN] - refresh(): NOT_RUN: refresh()

2019-01-30 11:52:27 - [MESSAGE][NOT_RUN] - NOT_RUN: refresh()

2019-01-30 11:52:27 - [TEST_STEP][NOT_RUN] - Thread.sleep(4000): NOT_RUN: Thread.sleep(4000)

2019-01-30 11:52:27 - [MESSAGE][NOT_RUN] - NOT_RUN: Thread.sleep(4000)

2019-01-30 11:52:27 - [TEST_STEP][PASSED] - click(findTestObject("TestUserLocation/categories")): Object: 'Object Repository/TestUserLocation/categories' is clicked on

2019-01-30 11:52:27 - [MESSAGE][PASSED] - Object: 'Object Repository/TestUserLocation/categories' is clicked on

2019-01-30 11:52:27 - [TEST_STEP][PASSED] - Thread.sleep(2000): null

2019-01-30 11:52:29 - [TEST_STEP][PASSED] - click(findTestObject("TestUserLocation/defaultArea")): Object: 'Object Repository/TestUserLocation/defaultArea' is clicked on

2019-01-30 11:52:30 - [MESSAGE][PASSED] - Object: 'Object Repository/TestUserLocation/defaultArea' is clicked on

2019-01-30 11:52:30 - [TEST_STEP][PASSED] - click(findTestObject("TestUserLocation/hoverHeading")): Object: 'Object Repository/TestUserLocation/hoverHeading' is clicked on

2019-01-30 11:52:30 - [MESSAGE][PASSED] - Object: 'Object Repository/TestUserLocation/hoverHeading' is clicked on

2019-01-30 11:52:30 - [TEST_STEP][PASSED] - click(findTestObject("TestUserLocation/addPlusIcon")): Object: 'Object Repository/TestUserLocation/addPlusIcon' is clicked on

2019-01-30 11:52:30 - [MESSAGE][PASSED] - Object: 'Object Repository/TestUserLocation/addPlusIcon' is clicked on

2019-01-30 11:52:30 - [TEST_STEP][PASSED] - setText(findTestObject("TestUserLocation/setNewName"), findTestData("LocationData").getValue("LocationName", 1)): Text 'Location_30/01/19-11:51' is set on object 'Object Repository/TestUserLocation/setNewName'

2019-01-30 11:52:30 - [MESSAGE][PASSED] - Text 'Location_30/01/19-11:51' is set on object 'Object Repository/TestUserLocation/setNewName'

2019-01-30 11:52:30 - [TEST_STEP][PASSED] - Thread.sleep(2000): null

2019-01-30 11:52:32 - [TEST_STEP][PASSED] - click(findTestObject("TestUserLocation/saveButton")): Object: 'Object Repository/TestUserLocation/saveButton' is clicked on

2019-01-30 11:52:33 - [MESSAGE][PASSED] - Object: 'Object Repository/TestUserLocation/saveButton' is clicked on

2019-01-30 11:52:33 - [TEST_STEP][PASSED] - Thread.sleep(4000): null

2019-01-30 11:52:37 - [TEST_STEP][PASSED] - AdminTool_Location.moveCursor(): AdminTool_Location.moveCursor is PASSED

2019-01-30 11:52:37 - [MESSAGE][PASSED] - AdminTool_Location.moveCursor is PASSED

2019-01-30 11:52:37 - [TEST_STEP][PASSED] - Thread.sleep(2000): null

2019-01-30 11:52:39 - [TEST_STEP][PASSED] - click(findTestObject("TestUserLocation/mainmenu_button")): Object: 'Object Repository/TestUserLocation/mainmenu_button' is clicked on

2019-01-30 11:52:39 - [MESSAGE][PASSED] - Object: 'Object Repository/TestUserLocation/mainmenu_button' is clicked on

2019-01-30 11:52:39 - [TEST_STEP][PASSED] - click(findTestObject("TestUserLocation/mainMenuLocation")): Object: 'Object Repository/TestUserLocation/mainMenuLocation' is clicked on

2019-01-30 11:52:39 - [MESSAGE][PASSED] - Object: 'Object Repository/TestUserLocation/mainMenuLocation' is clicked on

2019-01-30 11:52:39 - [TEST_STEP][PASSED] - Thread.sleep(4000): null

2019-01-30 11:52:43 - [TEST_STEP][PASSED] - AdminTool_Location.selectLocation(): Element has been clicked

2019-01-30 11:52:47 - [MESSAGE][PASSED] - Element has been clicked

2019-01-30 11:52:47 - [TEST_STEP][PASSED] - click(findTestObject("TestUserLocation/addPlusIcon")): Object: 'Object Repository/TestUserLocation/addPlusIcon' is clicked on

2019-01-30 11:52:47 - [MESSAGE][PASSED] - Object: 'Object Repository/TestUserLocation/addPlusIcon' is clicked on

2019-01-30 11:52:47 - [TEST_STEP][PASSED] - Thread.sleep(2000): null

2019-01-30 11:52:49 - [TEST_STEP][PASSED] - setText(findTestObject("TestUserLocation/setNewName"), findTestData("LocationData").getValue("SubLocationName", 1)): Text 'SubLocation1_30/01/19-11:52' is set on object 'Object Repository/TestUserLocation/setNewName'

2019-01-30 11:52:50 - [MESSAGE][PASSED] - Text 'SubLocation1_30/01/19-11:52' is set on object 'Object Repository/TestUserLocation/setNewName'

2019-01-30 11:52:50 - [TEST_STEP][PASSED] - Thread.sleep(2000): null

2019-01-30 11:52:52 - [TEST_STEP][PASSED] - click(findTestObject("TestUserLocation/saveLocationDetailButton")): Object: 'Object Repository/TestUserLocation/saveLocationDetailButton' is clicked on

2019-01-30 11:52:52 - [MESSAGE][PASSED] - Object: 'Object Repository/TestUserLocation/saveLocationDetailButton' is clicked on

2019-01-30 11:52:52 - [TEST_STEP][PASSED] - Thread.sleep(4000): null

2019-01-30 11:52:56 - [TEST_STEP][PASSED] - AdminTool_Location.selectLocation2(): Element has been clicked

2019-01-30 11:52:56 - [MESSAGE][PASSED] - Element has been clicked

2019-01-30 11:52:56 - [TEST_STEP][PASSED] - click(findTestObject("TestUserLocation/addPlusIcon")): Object: 'Object Repository/TestUserLocation/addPlusIcon' is clicked on

2019-01-30 11:52:56 - [MESSAGE][PASSED] - Object: 'Object Repository/TestUserLocation/addPlusIcon' is clicked on

2019-01-30 11:52:56 - [TEST_STEP][PASSED] - Thread.sleep(2000): null

2019-01-30 11:52:58 - [TEST_STEP][PASSED] - setText(findTestObject("TestUserLocation/setNewName"), findTestData("LocationData").getValue("SubLocationName", 2)): Text 'SubLocation2_30/01/19-11:52' is set on object 'Object Repository/TestUserLocation/setNewName'

2019-01-30 11:52:59 - [MESSAGE][PASSED] - Text 'SubLocation2_30/01/19-11:52' is set on object 'Object Repository/TestUserLocation/setNewName'

2019-01-30 11:52:59 - [TEST_STEP][PASSED] - Thread.sleep(2000): null

2019-01-30 11:53:01 - [TEST_STEP][PASSED] - click(findTestObject("TestUserLocation/saveLocationDetailButton")): Object: 'Object Repository/TestUserLocation/saveLocationDetailButton' is clicked on

2019-01-30 11:53:01 - [MESSAGE][PASSED] - Object: 'Object Repository/TestUserLocation/saveLocationDetailButton' is clicked on

2019-01-30 11:53:01 - [TEST_STEP][NOT_RUN] - click(findTestObject("TestUserLocation/customerSelect")): NOT_RUN: click(findTestObject("TestUserLocation/customerSelect"))

2019-01-30 11:53:01 - [MESSAGE][NOT_RUN] - NOT_RUN: click(findTestObject("TestUserLocation/customerSelect"))

2019-01-30 11:53:01 - [TEST_STEP][NOT_RUN] - Thread.sleep(4000): NOT_RUN: Thread.sleep(4000)

2019-01-30 11:53:01 - [MESSAGE][NOT_RUN] - NOT_RUN: Thread.sleep(4000)

2019-01-30 11:53:01 - [TEST_STEP][NOT_RUN] - check(findTestObject("TestUserLocation/select4ResouceInCustomer")): NOT_RUN: check(findTestObject("TestUserLocation/select4ResouceInCustomer"))

2019-01-30 11:53:01 - [MESSAGE][NOT_RUN] - NOT_RUN: check(findTestObject("TestUserLocation/select4ResouceInCustomer"))

2019-01-30 11:53:01 - [TEST_STEP][NOT_RUN] - Thread.sleep(2000): NOT_RUN: Thread.sleep(2000)

2019-01-30 11:53:01 - [MESSAGE][NOT_RUN] - NOT_RUN: Thread.sleep(2000)

2019-01-30 11:53:01 - [TEST_STEP][NOT_RUN] - click(findTestObject("TestUserLocation/saveLocationDetailButton")): NOT_RUN: click(findTestObject("TestUserLocation/saveLocationDetailButton"))

2019-01-30 11:53:01 - [MESSAGE][NOT_RUN] - NOT_RUN: click(findTestObject("TestUserLocation/saveLocationDetailButton"))]]></system-out>
         <system-err><![CDATA[]]></system-err>
      </testcase>
      <testcase name="Test Cases/Data-Security/CreateRes_Customer" classname="Test Cases/Data-Security/CreateRes_Customer" status="PASSED">
         <system-out><![CDATA[2019-01-30 11:53:01 - [TEST_CASE][PASSED] - Test Cases/Data-Security/CreateRes_Customer: Test Cases/Data-Security/CreateRes_Customer

2019-01-30 11:53:01 - [TEST_STEP][NOT_RUN] - openBrowser(URL): NOT_RUN: openBrowser(URL)

2019-01-30 11:53:01 - [MESSAGE][NOT_RUN] - NOT_RUN: openBrowser(URL)

2019-01-30 11:53:01 - [TEST_STEP][NOT_RUN] - maximizeWindow(): NOT_RUN: maximizeWindow()

2019-01-30 11:53:01 - [MESSAGE][NOT_RUN] - NOT_RUN: maximizeWindow()

2019-01-30 11:53:01 - [TEST_STEP][NOT_RUN] - setText(findTestObject("TestUserLocation/login_Username"), UserName): NOT_RUN: setText(findTestObject("TestUserLocation/login_Username"), UserName)

2019-01-30 11:53:01 - [MESSAGE][NOT_RUN] - NOT_RUN: setText(findTestObject("TestUserLocation/login_Username"), UserName)

2019-01-30 11:53:01 - [TEST_STEP][NOT_RUN] - setText(findTestObject("TestUserLocation/login_Password"), Password): NOT_RUN: setText(findTestObject("TestUserLocation/login_Password"), Password)

2019-01-30 11:53:01 - [MESSAGE][NOT_RUN] - NOT_RUN: setText(findTestObject("TestUserLocation/login_Password"), Password)

2019-01-30 11:53:01 - [TEST_STEP][PASSED] - AdminTool_Location.setCustomerName(): AdminTool_Location.setCustomerName is PASSED

2019-01-30 11:53:01 - [MESSAGE][PASSED] - AdminTool_Location.setCustomerName is PASSED

2019-01-30 11:53:01 - [TEST_STEP][NOT_RUN] - click(findTestObject("TestUserLocation/login_Button")): NOT_RUN: click(findTestObject("TestUserLocation/login_Button"))

2019-01-30 11:53:01 - [MESSAGE][NOT_RUN] - NOT_RUN: click(findTestObject("TestUserLocation/login_Button"))

2019-01-30 11:53:01 - [TEST_STEP][PASSED] - Thread.sleep(4000): null

2019-01-30 11:53:05 - [TEST_STEP][PASSED] - click(findTestObject("TestUserLocation/mainmenu_button")): Object: 'Object Repository/TestUserLocation/mainmenu_button' is clicked on

2019-01-30 11:53:05 - [MESSAGE][PASSED] - Object: 'Object Repository/TestUserLocation/mainmenu_button' is clicked on

2019-01-30 11:53:05 - [TEST_STEP][NOT_RUN] - click(findTestObject("TestUserLocation/adminTool")): NOT_RUN: click(findTestObject("TestUserLocation/adminTool"))

2019-01-30 11:53:05 - [MESSAGE][NOT_RUN] - NOT_RUN: click(findTestObject("TestUserLocation/adminTool"))

2019-01-30 11:53:05 - [TEST_STEP][PASSED] - click(findTestObject("TestUserLocation/mainMenuResourceDesigner")): Object: 'Object Repository/TestUserLocation/mainMenuResourceDesigner' is clicked on

2019-01-30 11:53:06 - [MESSAGE][PASSED] - Object: 'Object Repository/TestUserLocation/mainMenuResourceDesigner' is clicked on

2019-01-30 11:53:06 - [TEST_STEP][PASSED] - Thread.sleep(4000): null

2019-01-30 11:53:10 - [TEST_STEP][PASSED] - click(findTestObject("TestResource/customers")): Object: 'Object Repository/TestResource/customers' is clicked on

2019-01-30 11:53:10 - [MESSAGE][PASSED] - Object: 'Object Repository/TestResource/customers' is clicked on

2019-01-30 11:53:10 - [TEST_STEP][PASSED] - Thread.sleep(4000): null

2019-01-30 11:53:14 - [TEST_STEP][PASSED] - waitForElementClickable(findTestObject("TestUserLocation/categories"), 45): Object 'Object Repository/TestUserLocation/categories' is clickable

2019-01-30 11:53:14 - [MESSAGE][PASSED] - Object 'Object Repository/TestUserLocation/categories' is clickable

2019-01-30 11:53:14 - [TEST_STEP][PASSED] - click(findTestObject("TestUserLocation/categories")): Object: 'Object Repository/TestUserLocation/categories' is clicked on

2019-01-30 11:53:14 - [MESSAGE][PASSED] - Object: 'Object Repository/TestUserLocation/categories' is clicked on

2019-01-30 11:53:14 - [TEST_STEP][PASSED] - Thread.sleep(2000): null

2019-01-30 11:53:16 - [TEST_STEP][PASSED] - click(findTestObject("TestUserLocation/defaultArea")): Object: 'Object Repository/TestUserLocation/defaultArea' is clicked on

2019-01-30 11:53:16 - [MESSAGE][PASSED] - Object: 'Object Repository/TestUserLocation/defaultArea' is clicked on

2019-01-30 11:53:16 - [TEST_STEP][PASSED] - Thread.sleep(2000): null

2019-01-30 11:53:18 - [TEST_STEP][PASSED] - waitForElementClickable(findTestObject("TestUserLocation/hoverHeading"), 45): Object 'Object Repository/TestUserLocation/hoverHeading' is clickable

2019-01-30 11:53:18 - [MESSAGE][PASSED] - Object 'Object Repository/TestUserLocation/hoverHeading' is clickable

2019-01-30 11:53:18 - [TEST_STEP][PASSED] - click(findTestObject("TestUserLocation/hoverHeading")): Object: 'Object Repository/TestUserLocation/hoverHeading' is clicked on

2019-01-30 11:53:18 - [MESSAGE][PASSED] - Object: 'Object Repository/TestUserLocation/hoverHeading' is clicked on

2019-01-30 11:53:18 - [TEST_STEP][PASSED] - click(findTestObject("TestUserLocation/addPlusIcon")): Object: 'Object Repository/TestUserLocation/addPlusIcon' is clicked on

2019-01-30 11:53:18 - [MESSAGE][PASSED] - Object: 'Object Repository/TestUserLocation/addPlusIcon' is clicked on

2019-01-30 11:53:18 - [TEST_STEP][PASSED] - setText(findTestObject("TestUserLocation/setNewName"), findTestData("LocationData").getValue("CustomerName", 1)): Text 'Customer_30/01/19-11:53' is set on object 'Object Repository/TestUserLocation/setNewName'

2019-01-30 11:53:19 - [MESSAGE][PASSED] - Text 'Customer_30/01/19-11:53' is set on object 'Object Repository/TestUserLocation/setNewName'

2019-01-30 11:53:19 - [TEST_STEP][PASSED] - Thread.sleep(2000): null

2019-01-30 11:53:21 - [TEST_STEP][PASSED] - click(findTestObject("TestUserLocation/saveButton")): Object: 'Object Repository/TestUserLocation/saveButton' is clicked on

2019-01-30 11:53:21 - [MESSAGE][PASSED] - Object: 'Object Repository/TestUserLocation/saveButton' is clicked on

2019-01-30 11:53:21 - [TEST_STEP][PASSED] - Thread.sleep(4000): null

2019-01-30 11:53:25 - [TEST_STEP][PASSED] - click(findTestObject("TestUserLocation/mainmenu_button")): Object: 'Object Repository/TestUserLocation/mainmenu_button' is clicked on

2019-01-30 11:53:25 - [MESSAGE][PASSED] - Object: 'Object Repository/TestUserLocation/mainmenu_button' is clicked on

2019-01-30 11:53:25 - [TEST_STEP][PASSED] - Thread.sleep(2000): null

2019-01-30 11:53:27 - [TEST_STEP][PASSED] - click(findTestObject("TestResource/mainMenu_resources")): Object: 'Object Repository/TestResource/mainMenu_resources' is clicked on

2019-01-30 11:53:27 - [MESSAGE][PASSED] - Object: 'Object Repository/TestResource/mainMenu_resources' is clicked on

2019-01-30 11:53:27 - [TEST_STEP][PASSED] - Thread.sleep(4000): null

2019-01-30 11:53:31 - [TEST_STEP][PASSED] - click(findTestObject("TestResource/customers")): Object: 'Object Repository/TestResource/customers' is clicked on

2019-01-30 11:53:31 - [MESSAGE][PASSED] - Object: 'Object Repository/TestResource/customers' is clicked on

2019-01-30 11:53:31 - [TEST_STEP][PASSED] - Thread.sleep(4000): null

2019-01-30 11:53:35 - [TEST_STEP][PASSED] - AdminTool_Location.selectCustomer(): Element has been clicked

2019-01-30 11:53:40 - [MESSAGE][PASSED] - Element has been clicked

2019-01-30 11:53:40 - [TEST_STEP][PASSED] - Thread.sleep(4000): null

2019-01-30 11:53:44 - [TEST_STEP][PASSED] - waitForElementClickable(findTestObject("TestUserLocation/addPlusIcon"), 45): Object 'Object Repository/TestUserLocation/addPlusIcon' is clickable

2019-01-30 11:53:44 - [MESSAGE][PASSED] - Object 'Object Repository/TestUserLocation/addPlusIcon' is clickable

2019-01-30 11:53:44 - [TEST_STEP][PASSED] - click(findTestObject("TestUserLocation/addPlusIcon")): Object: 'Object Repository/TestUserLocation/addPlusIcon' is clicked on

2019-01-30 11:53:44 - [MESSAGE][PASSED] - Object: 'Object Repository/TestUserLocation/addPlusIcon' is clicked on

2019-01-30 11:53:44 - [TEST_STEP][PASSED] - Thread.sleep(2000): null

2019-01-30 11:53:46 - [TEST_STEP][PASSED] - setText(findTestObject("TestUserLocation/setNewName"), findTestData("LocationData").getValue("SubCustomerName1", 1)): Text 'SubCustomer1_30/01/19-11:53' is set on object 'Object Repository/TestUserLocation/setNewName'

2019-01-30 11:53:46 - [MESSAGE][PASSED] - Text 'SubCustomer1_30/01/19-11:53' is set on object 'Object Repository/TestUserLocation/setNewName'

2019-01-30 11:53:46 - [TEST_STEP][PASSED] - Thread.sleep(2000): null

2019-01-30 11:53:48 - [TEST_STEP][PASSED] - Submission.createResource(): Submission.createResource is PASSED

2019-01-30 11:54:14 - [MESSAGE][PASSED] - Submission.createResource is PASSED

2019-01-30 11:54:14 - [TEST_STEP][PASSED] - Thread.sleep(2000): null

2019-01-30 11:54:16 - [TEST_STEP][PASSED] - click(findTestObject("TestResource/saveDetailButton")): Object: 'Object Repository/TestResource/saveDetailButton' is clicked on

2019-01-30 11:54:16 - [MESSAGE][PASSED] - Object: 'Object Repository/TestResource/saveDetailButton' is clicked on

2019-01-30 11:54:16 - [TEST_STEP][PASSED] - AdminTool_Location.moveCursor(): AdminTool_Location.moveCursor is PASSED

2019-01-30 11:54:16 - [MESSAGE][PASSED] - AdminTool_Location.moveCursor is PASSED

2019-01-30 11:54:16 - [TEST_STEP][PASSED] - Thread.sleep(7000): null

2019-01-30 11:54:23 - [TEST_STEP][PASSED] - click(findTestObject("TestResource/disableResource")): Object: 'Object Repository/TestResource/disableResource' is clicked on

2019-01-30 11:54:23 - [MESSAGE][PASSED] - Object: 'Object Repository/TestResource/disableResource' is clicked on

2019-01-30 11:54:23 - [TEST_STEP][PASSED] - Thread.sleep(2000): null

2019-01-30 11:54:25 - [TEST_STEP][PASSED] - click(findTestObject("TestResource/button2Yes")): Object: 'Object Repository/TestResource/button2Yes' is clicked on

2019-01-30 11:54:25 - [MESSAGE][PASSED] - Object: 'Object Repository/TestResource/button2Yes' is clicked on

2019-01-30 11:54:25 - [TEST_STEP][PASSED] - Thread.sleep(2000): null

2019-01-30 11:54:27 - [TEST_STEP][PASSED] - click(findTestObject("TestResource/saveDetailButton")): Object: 'Object Repository/TestResource/saveDetailButton' is clicked on

2019-01-30 11:54:27 - [MESSAGE][PASSED] - Object: 'Object Repository/TestResource/saveDetailButton' is clicked on

2019-01-30 11:54:27 - [TEST_STEP][PASSED] - waitForElementClickable(findTestObject("TestResource/locationTab"), 45): Object 'Object Repository/TestResource/locationTab' is clickable

2019-01-30 11:54:27 - [MESSAGE][PASSED] - Object 'Object Repository/TestResource/locationTab' is clickable

2019-01-30 11:54:27 - [TEST_STEP][PASSED] - Thread.sleep(7000): null

2019-01-30 11:54:34 - [TEST_STEP][PASSED] - click(findTestObject("TestResource/locationTab")): Object: 'Object Repository/TestResource/locationTab' is clicked on

2019-01-30 11:54:35 - [MESSAGE][PASSED] - Object: 'Object Repository/TestResource/locationTab' is clicked on

2019-01-30 11:54:35 - [TEST_STEP][PASSED] - Thread.sleep(5000): null

2019-01-30 11:54:40 - [TEST_STEP][PASSED] - AdminTool_Location.checkLocation(): AdminTool_Location.checkLocation is PASSED

2019-01-30 11:54:42 - [MESSAGE][PASSED] - AdminTool_Location.checkLocation is PASSED

2019-01-30 11:54:42 - [TEST_STEP][PASSED] - Thread.sleep(4000): null

2019-01-30 11:54:46 - [TEST_STEP][PASSED] - click(findTestObject("TestResource/saveLocation")): Object: 'Object Repository/TestResource/saveLocation' is clicked on

2019-01-30 11:54:46 - [MESSAGE][PASSED] - Object: 'Object Repository/TestResource/saveLocation' is clicked on

2019-01-30 11:54:46 - [TEST_STEP][PASSED] - Thread.sleep(2000): null

2019-01-30 11:54:48 - [TEST_STEP][PASSED] - click(findTestObject("TestUserLocation/mainmenu_button")): Object: 'Object Repository/TestUserLocation/mainmenu_button' is clicked on

2019-01-30 11:54:48 - [MESSAGE][PASSED] - Object: 'Object Repository/TestUserLocation/mainmenu_button' is clicked on

2019-01-30 11:54:48 - [TEST_STEP][PASSED] - Thread.sleep(2000): null

2019-01-30 11:54:50 - [TEST_STEP][PASSED] - click(findTestObject("TestResource/mainMenu_resources")): Object: 'Object Repository/TestResource/mainMenu_resources' is clicked on

2019-01-30 11:54:50 - [MESSAGE][PASSED] - Object: 'Object Repository/TestResource/mainMenu_resources' is clicked on

2019-01-30 11:54:50 - [TEST_STEP][PASSED] - Thread.sleep(4000): null

2019-01-30 11:54:54 - [TEST_STEP][PASSED] - click(findTestObject("TestResource/customers")): Object: 'Object Repository/TestResource/customers' is clicked on

2019-01-30 11:54:54 - [MESSAGE][PASSED] - Object: 'Object Repository/TestResource/customers' is clicked on

2019-01-30 11:54:54 - [TEST_STEP][PASSED] - Thread.sleep(4000): null

2019-01-30 11:54:58 - [TEST_STEP][PASSED] - AdminTool_Location.selectCustomer(): Element has been clicked

2019-01-30 11:55:03 - [MESSAGE][PASSED] - Element has been clicked

2019-01-30 11:55:03 - [TEST_STEP][PASSED] - Thread.sleep(4000): null

2019-01-30 11:55:07 - [TEST_STEP][PASSED] - waitForElementClickable(findTestObject("TestUserLocation/addPlusIcon"), 45): Object 'Object Repository/TestUserLocation/addPlusIcon' is clickable

2019-01-30 11:55:07 - [MESSAGE][PASSED] - Object 'Object Repository/TestUserLocation/addPlusIcon' is clickable

2019-01-30 11:55:07 - [TEST_STEP][PASSED] - click(findTestObject("TestUserLocation/addPlusIcon")): Object: 'Object Repository/TestUserLocation/addPlusIcon' is clicked on

2019-01-30 11:55:07 - [MESSAGE][PASSED] - Object: 'Object Repository/TestUserLocation/addPlusIcon' is clicked on

2019-01-30 11:55:07 - [TEST_STEP][PASSED] - Thread.sleep(2000): null

2019-01-30 11:55:09 - [TEST_STEP][PASSED] - setText(findTestObject("TestUserLocation/setNewName"), findTestData("LocationData").getValue("SubCustomerName2", 1)): Text 'SubCustomer2_30/01/19-11:53' is set on object 'Object Repository/TestUserLocation/setNewName'

2019-01-30 11:55:09 - [MESSAGE][PASSED] - Text 'SubCustomer2_30/01/19-11:53' is set on object 'Object Repository/TestUserLocation/setNewName'

2019-01-30 11:55:09 - [TEST_STEP][PASSED] - Thread.sleep(2000): null

2019-01-30 11:55:11 - [TEST_STEP][PASSED] - Submission.createResource(): Submission.createResource is PASSED

2019-01-30 11:55:37 - [MESSAGE][PASSED] - Submission.createResource is PASSED

2019-01-30 11:55:37 - [TEST_STEP][PASSED] - Thread.sleep(2000): null

2019-01-30 11:55:39 - [TEST_STEP][PASSED] - click(findTestObject("TestResource/saveDetailButton")): Object: 'Object Repository/TestResource/saveDetailButton' is clicked on

2019-01-30 11:55:55 - [MESSAGE][PASSED] - Object: 'Object Repository/TestResource/saveDetailButton' is clicked on

2019-01-30 11:55:55 - [TEST_STEP][PASSED] - waitForElementClickable(findTestObject("TestResource/locationTab"), 45): Object 'Object Repository/TestResource/locationTab' is clickable

2019-01-30 11:55:55 - [MESSAGE][PASSED] - Object 'Object Repository/TestResource/locationTab' is clickable

2019-01-30 11:55:55 - [TEST_STEP][PASSED] - Thread.sleep(7000): null

2019-01-30 11:56:02 - [TEST_STEP][PASSED] - click(findTestObject("TestResource/locationTab")): Object: 'Object Repository/TestResource/locationTab' is clicked on

2019-01-30 11:56:02 - [MESSAGE][PASSED] - Object: 'Object Repository/TestResource/locationTab' is clicked on

2019-01-30 11:56:02 - [TEST_STEP][PASSED] - Thread.sleep(5000): null

2019-01-30 11:56:07 - [TEST_STEP][PASSED] - AdminTool_Location.checkLocation(): AdminTool_Location.checkLocation is PASSED

2019-01-30 11:56:09 - [MESSAGE][PASSED] - AdminTool_Location.checkLocation is PASSED

2019-01-30 11:56:09 - [TEST_STEP][PASSED] - Thread.sleep(4000): null

2019-01-30 11:56:13 - [TEST_STEP][PASSED] - click(findTestObject("TestResource/saveLocation")): Object: 'Object Repository/TestResource/saveLocation' is clicked on

2019-01-30 11:56:13 - [MESSAGE][PASSED] - Object: 'Object Repository/TestResource/saveLocation' is clicked on

2019-01-30 11:56:13 - [TEST_STEP][PASSED] - Thread.sleep(2000): null]]></system-out>
         <system-err><![CDATA[]]></system-err>
      </testcase>
      <testcase name="Test Cases/Data-Security/CreateRes_Equipment" classname="Test Cases/Data-Security/CreateRes_Equipment" status="PASSED">
         <system-out><![CDATA[2019-01-30 11:56:15 - [TEST_CASE][PASSED] - Test Cases/Data-Security/CreateRes_Equipment: Test Cases/Data-Security/CreateRes_Equipment

2019-01-30 11:56:15 - [TEST_STEP][NOT_RUN] - openBrowser(URL): NOT_RUN: openBrowser(URL)

2019-01-30 11:56:15 - [MESSAGE][NOT_RUN] - NOT_RUN: openBrowser(URL)

2019-01-30 11:56:15 - [TEST_STEP][NOT_RUN] - maximizeWindow(): NOT_RUN: maximizeWindow()

2019-01-30 11:56:15 - [MESSAGE][NOT_RUN] - NOT_RUN: maximizeWindow()

2019-01-30 11:56:15 - [TEST_STEP][NOT_RUN] - setText(findTestObject("TestUserLocation/login_Username"), UserName): NOT_RUN: setText(findTestObject("TestUserLocation/login_Username"), UserName)

2019-01-30 11:56:15 - [MESSAGE][NOT_RUN] - NOT_RUN: setText(findTestObject("TestUserLocation/login_Username"), UserName)

2019-01-30 11:56:15 - [TEST_STEP][NOT_RUN] - setText(findTestObject("TestUserLocation/login_Password"), Password): NOT_RUN: setText(findTestObject("TestUserLocation/login_Password"), Password)

2019-01-30 11:56:15 - [MESSAGE][NOT_RUN] - NOT_RUN: setText(findTestObject("TestUserLocation/login_Password"), Password)

2019-01-30 11:56:15 - [TEST_STEP][PASSED] - AdminTool_Location.setEquipmentName(): AdminTool_Location.setEquipmentName is PASSED

2019-01-30 11:56:15 - [MESSAGE][PASSED] - AdminTool_Location.setEquipmentName is PASSED

2019-01-30 11:56:15 - [TEST_STEP][NOT_RUN] - click(findTestObject("TestUserLocation/login_Button")): NOT_RUN: click(findTestObject("TestUserLocation/login_Button"))

2019-01-30 11:56:15 - [MESSAGE][NOT_RUN] - NOT_RUN: click(findTestObject("TestUserLocation/login_Button"))

2019-01-30 11:56:15 - [TEST_STEP][PASSED] - Thread.sleep(4000): null

2019-01-30 11:56:19 - [TEST_STEP][PASSED] - click(findTestObject("TestUserLocation/mainmenu_button")): Object: 'Object Repository/TestUserLocation/mainmenu_button' is clicked on

2019-01-30 11:56:20 - [MESSAGE][PASSED] - Object: 'Object Repository/TestUserLocation/mainmenu_button' is clicked on

2019-01-30 11:56:20 - [TEST_STEP][PASSED] - Thread.sleep(2000): null

2019-01-30 11:56:22 - [TEST_STEP][NOT_RUN] - click(findTestObject("TestUserLocation/adminTool")): NOT_RUN: click(findTestObject("TestUserLocation/adminTool"))

2019-01-30 11:56:22 - [MESSAGE][NOT_RUN] - NOT_RUN: click(findTestObject("TestUserLocation/adminTool"))

2019-01-30 11:56:22 - [TEST_STEP][PASSED] - click(findTestObject("TestUserLocation/mainMenuResourceDesigner")): Object: 'Object Repository/TestUserLocation/mainMenuResourceDesigner' is clicked on

2019-01-30 11:56:22 - [MESSAGE][PASSED] - Object: 'Object Repository/TestUserLocation/mainMenuResourceDesigner' is clicked on

2019-01-30 11:56:22 - [TEST_STEP][PASSED] - Thread.sleep(4000): null

2019-01-30 11:56:26 - [TEST_STEP][PASSED] - click(findTestObject("TestResource/equipment")): Object: 'Object Repository/TestResource/equipment' is clicked on

2019-01-30 11:56:26 - [MESSAGE][PASSED] - Object: 'Object Repository/TestResource/equipment' is clicked on

2019-01-30 11:56:26 - [TEST_STEP][PASSED] - Thread.sleep(4000): null

2019-01-30 11:56:30 - [TEST_STEP][PASSED] - waitForElementClickable(findTestObject("TestUserLocation/categories"), 45): Object 'Object Repository/TestUserLocation/categories' is clickable

2019-01-30 11:56:30 - [MESSAGE][PASSED] - Object 'Object Repository/TestUserLocation/categories' is clickable

2019-01-30 11:56:30 - [TEST_STEP][PASSED] - click(findTestObject("TestUserLocation/categories")): Object: 'Object Repository/TestUserLocation/categories' is clicked on

2019-01-30 11:56:30 - [MESSAGE][PASSED] - Object: 'Object Repository/TestUserLocation/categories' is clicked on

2019-01-30 11:56:30 - [TEST_STEP][PASSED] - Thread.sleep(2000): null

2019-01-30 11:56:32 - [TEST_STEP][PASSED] - click(findTestObject("TestUserLocation/defaultArea")): Object: 'Object Repository/TestUserLocation/defaultArea' is clicked on

2019-01-30 11:56:32 - [MESSAGE][PASSED] - Object: 'Object Repository/TestUserLocation/defaultArea' is clicked on

2019-01-30 11:56:32 - [TEST_STEP][PASSED] - Thread.sleep(2000): null

2019-01-30 11:56:34 - [TEST_STEP][PASSED] - click(findTestObject("TestUserLocation/hoverHeading")): Object: 'Object Repository/TestUserLocation/hoverHeading' is clicked on

2019-01-30 11:56:34 - [MESSAGE][PASSED] - Object: 'Object Repository/TestUserLocation/hoverHeading' is clicked on

2019-01-30 11:56:34 - [TEST_STEP][PASSED] - click(findTestObject("TestUserLocation/addPlusIcon")): Object: 'Object Repository/TestUserLocation/addPlusIcon' is clicked on

2019-01-30 11:56:34 - [MESSAGE][PASSED] - Object: 'Object Repository/TestUserLocation/addPlusIcon' is clicked on

2019-01-30 11:56:34 - [TEST_STEP][PASSED] - setText(findTestObject("TestUserLocation/setNewName"), findTestData("LocationData").getValue("EquipmentName", 1)): Text 'Equipment_30/01/19-11:56' is set on object 'Object Repository/TestUserLocation/setNewName'

2019-01-30 11:56:35 - [MESSAGE][PASSED] - Text 'Equipment_30/01/19-11:56' is set on object 'Object Repository/TestUserLocation/setNewName'

2019-01-30 11:56:35 - [TEST_STEP][PASSED] - Thread.sleep(2000): null

2019-01-30 11:56:37 - [TEST_STEP][PASSED] - click(findTestObject("TestUserLocation/saveButton")): Object: 'Object Repository/TestUserLocation/saveButton' is clicked on

2019-01-30 11:56:37 - [MESSAGE][PASSED] - Object: 'Object Repository/TestUserLocation/saveButton' is clicked on

2019-01-30 11:56:37 - [TEST_STEP][PASSED] - Thread.sleep(4000): null

2019-01-30 11:56:41 - [TEST_STEP][PASSED] - click(findTestObject("TestUserLocation/mainmenu_button")): Object: 'Object Repository/TestUserLocation/mainmenu_button' is clicked on

2019-01-30 11:56:41 - [MESSAGE][PASSED] - Object: 'Object Repository/TestUserLocation/mainmenu_button' is clicked on

2019-01-30 11:56:41 - [TEST_STEP][PASSED] - Thread.sleep(2000): null

2019-01-30 11:56:43 - [TEST_STEP][PASSED] - click(findTestObject("TestResource/mainMenu_resources")): Object: 'Object Repository/TestResource/mainMenu_resources' is clicked on

2019-01-30 11:56:43 - [MESSAGE][PASSED] - Object: 'Object Repository/TestResource/mainMenu_resources' is clicked on

2019-01-30 11:56:43 - [TEST_STEP][PASSED] - Thread.sleep(4000): null

2019-01-30 11:56:47 - [TEST_STEP][PASSED] - click(findTestObject("TestResource/equipment")): Object: 'Object Repository/TestResource/equipment' is clicked on

2019-01-30 11:56:47 - [MESSAGE][PASSED] - Object: 'Object Repository/TestResource/equipment' is clicked on

2019-01-30 11:56:47 - [TEST_STEP][PASSED] - Thread.sleep(4000): null

2019-01-30 11:56:51 - [TEST_STEP][PASSED] - AdminTool_Location.selectEquipment(): Element has been clicked

2019-01-30 11:56:55 - [MESSAGE][PASSED] - Element has been clicked

2019-01-30 11:56:55 - [TEST_STEP][PASSED] - Thread.sleep(4000): null

2019-01-30 11:56:59 - [TEST_STEP][PASSED] - waitForElementClickable(findTestObject("TestUserLocation/addPlusIcon"), 45): Object 'Object Repository/TestUserLocation/addPlusIcon' is clickable

2019-01-30 11:57:00 - [MESSAGE][PASSED] - Object 'Object Repository/TestUserLocation/addPlusIcon' is clickable

2019-01-30 11:57:00 - [TEST_STEP][PASSED] - click(findTestObject("TestUserLocation/addPlusIcon")): Object: 'Object Repository/TestUserLocation/addPlusIcon' is clicked on

2019-01-30 11:57:00 - [MESSAGE][PASSED] - Object: 'Object Repository/TestUserLocation/addPlusIcon' is clicked on

2019-01-30 11:57:00 - [TEST_STEP][PASSED] - Thread.sleep(2000): null

2019-01-30 11:57:02 - [TEST_STEP][PASSED] - setText(findTestObject("TestUserLocation/setNewName"), findTestData("LocationData").getValue("SubEquipmentName1", 1)): Text 'SubEquipment1_30/01/19-11:56' is set on object 'Object Repository/TestUserLocation/setNewName'

2019-01-30 11:57:07 - [MESSAGE][PASSED] - Text 'SubEquipment1_30/01/19-11:56' is set on object 'Object Repository/TestUserLocation/setNewName'

2019-01-30 11:57:07 - [TEST_STEP][PASSED] - Thread.sleep(2000): null

2019-01-30 11:57:09 - [TEST_STEP][PASSED] - Submission.createResource(): Submission.createResource is PASSED

2019-01-30 11:57:13 - [MESSAGE][PASSED] - Submission.createResource is PASSED

2019-01-30 11:57:13 - [TEST_STEP][PASSED] - Thread.sleep(2000): null

2019-01-30 11:57:15 - [TEST_STEP][PASSED] - click(findTestObject("TestResource/saveDetailButton")): Object: 'Object Repository/TestResource/saveDetailButton' is clicked on

2019-01-30 11:57:15 - [MESSAGE][PASSED] - Object: 'Object Repository/TestResource/saveDetailButton' is clicked on

2019-01-30 11:57:15 - [TEST_STEP][PASSED] - AdminTool_Location.moveCursor(): AdminTool_Location.moveCursor is PASSED

2019-01-30 11:57:15 - [MESSAGE][PASSED] - AdminTool_Location.moveCursor is PASSED

2019-01-30 11:57:15 - [TEST_STEP][PASSED] - Thread.sleep(7000): null

2019-01-30 11:57:22 - [TEST_STEP][PASSED] - click(findTestObject("TestResource/disableResource")): Object: 'Object Repository/TestResource/disableResource' is clicked on

2019-01-30 11:57:23 - [MESSAGE][PASSED] - Object: 'Object Repository/TestResource/disableResource' is clicked on

2019-01-30 11:57:23 - [TEST_STEP][PASSED] - Thread.sleep(2000): null

2019-01-30 11:57:25 - [TEST_STEP][PASSED] - click(findTestObject("TestResource/button2Yes")): Object: 'Object Repository/TestResource/button2Yes' is clicked on

2019-01-30 11:57:25 - [MESSAGE][PASSED] - Object: 'Object Repository/TestResource/button2Yes' is clicked on

2019-01-30 11:57:25 - [TEST_STEP][PASSED] - Thread.sleep(2000): null

2019-01-30 11:57:27 - [TEST_STEP][PASSED] - click(findTestObject("TestResource/saveDetailButton")): Object: 'Object Repository/TestResource/saveDetailButton' is clicked on

2019-01-30 11:57:27 - [MESSAGE][PASSED] - Object: 'Object Repository/TestResource/saveDetailButton' is clicked on

2019-01-30 11:57:27 - [TEST_STEP][PASSED] - waitForElementClickable(findTestObject("TestResource/locationTab"), 45): Object 'Object Repository/TestResource/locationTab' is clickable

2019-01-30 11:57:27 - [MESSAGE][PASSED] - Object 'Object Repository/TestResource/locationTab' is clickable

2019-01-30 11:57:27 - [TEST_STEP][PASSED] - Thread.sleep(7000): null

2019-01-30 11:57:34 - [TEST_STEP][PASSED] - click(findTestObject("TestResource/locationTab")): Object: 'Object Repository/TestResource/locationTab' is clicked on

2019-01-30 11:57:34 - [MESSAGE][PASSED] - Object: 'Object Repository/TestResource/locationTab' is clicked on

2019-01-30 11:57:34 - [TEST_STEP][PASSED] - Thread.sleep(5000): null

2019-01-30 11:57:39 - [TEST_STEP][PASSED] - AdminTool_Location.checkLocation2(): AdminTool_Location.checkLocation2 is PASSED

2019-01-30 11:57:41 - [MESSAGE][PASSED] - AdminTool_Location.checkLocation2 is PASSED

2019-01-30 11:57:41 - [TEST_STEP][PASSED] - Thread.sleep(4000): null

2019-01-30 11:57:45 - [TEST_STEP][PASSED] - click(findTestObject("TestResource/saveLocation")): Object: 'Object Repository/TestResource/saveLocation' is clicked on

2019-01-30 11:57:45 - [MESSAGE][PASSED] - Object: 'Object Repository/TestResource/saveLocation' is clicked on

2019-01-30 11:57:45 - [TEST_STEP][PASSED] - Thread.sleep(2000): null

2019-01-30 11:57:47 - [TEST_STEP][PASSED] - click(findTestObject("TestUserLocation/mainmenu_button")): Object: 'Object Repository/TestUserLocation/mainmenu_button' is clicked on

2019-01-30 11:57:47 - [MESSAGE][PASSED] - Object: 'Object Repository/TestUserLocation/mainmenu_button' is clicked on

2019-01-30 11:57:47 - [TEST_STEP][PASSED] - Thread.sleep(2000): null

2019-01-30 11:57:49 - [TEST_STEP][PASSED] - click(findTestObject("TestResource/mainMenu_resources")): Object: 'Object Repository/TestResource/mainMenu_resources' is clicked on

2019-01-30 11:57:49 - [MESSAGE][PASSED] - Object: 'Object Repository/TestResource/mainMenu_resources' is clicked on

2019-01-30 11:57:49 - [TEST_STEP][PASSED] - Thread.sleep(4000): null

2019-01-30 11:57:53 - [TEST_STEP][PASSED] - AdminTool_Location.moveCursor(): AdminTool_Location.moveCursor is PASSED

2019-01-30 11:57:53 - [MESSAGE][PASSED] - AdminTool_Location.moveCursor is PASSED

2019-01-30 11:57:53 - [TEST_STEP][PASSED] - Thread.sleep(2000): null

2019-01-30 11:57:56 - [TEST_STEP][PASSED] - click(findTestObject("TestResource/equipment")): Object: 'Object Repository/TestResource/equipment' is clicked on

2019-01-30 11:57:56 - [MESSAGE][PASSED] - Object: 'Object Repository/TestResource/equipment' is clicked on

2019-01-30 11:57:56 - [TEST_STEP][PASSED] - Thread.sleep(4000): null

2019-01-30 11:58:00 - [TEST_STEP][PASSED] - AdminTool_Location.selectEquipment(): Element has been clicked

2019-01-30 11:58:04 - [MESSAGE][PASSED] - Element has been clicked

2019-01-30 11:58:04 - [TEST_STEP][PASSED] - Thread.sleep(4000): null

2019-01-30 11:58:08 - [TEST_STEP][PASSED] - waitForElementClickable(findTestObject("TestUserLocation/addPlusIcon"), 45): Object 'Object Repository/TestUserLocation/addPlusIcon' is clickable

2019-01-30 11:58:08 - [MESSAGE][PASSED] - Object 'Object Repository/TestUserLocation/addPlusIcon' is clickable

2019-01-30 11:58:08 - [TEST_STEP][PASSED] - click(findTestObject("TestUserLocation/addPlusIcon")): Object: 'Object Repository/TestUserLocation/addPlusIcon' is clicked on

2019-01-30 11:58:08 - [MESSAGE][PASSED] - Object: 'Object Repository/TestUserLocation/addPlusIcon' is clicked on

2019-01-30 11:58:08 - [TEST_STEP][PASSED] - Thread.sleep(2000): null

2019-01-30 11:58:10 - [TEST_STEP][PASSED] - setText(findTestObject("TestUserLocation/setNewName"), findTestData("LocationData").getValue("SubEquipmentName2", 1)): Text 'SubEquipment2_30/01/19-11:56' is set on object 'Object Repository/TestUserLocation/setNewName'

2019-01-30 11:58:10 - [MESSAGE][PASSED] - Text 'SubEquipment2_30/01/19-11:56' is set on object 'Object Repository/TestUserLocation/setNewName'

2019-01-30 11:58:10 - [TEST_STEP][PASSED] - Thread.sleep(2000): null

2019-01-30 11:58:12 - [TEST_STEP][PASSED] - Submission.createResource(): Submission.createResource is PASSED

2019-01-30 11:58:17 - [MESSAGE][PASSED] - Submission.createResource is PASSED

2019-01-30 11:58:17 - [TEST_STEP][PASSED] - Thread.sleep(2000): null

2019-01-30 11:58:19 - [TEST_STEP][PASSED] - click(findTestObject("TestResource/saveDetailButton")): Object: 'Object Repository/TestResource/saveDetailButton' is clicked on

2019-01-30 11:58:19 - [MESSAGE][PASSED] - Object: 'Object Repository/TestResource/saveDetailButton' is clicked on

2019-01-30 11:58:19 - [TEST_STEP][PASSED] - waitForElementClickable(findTestObject("TestResource/locationTab"), 45): Object 'Object Repository/TestResource/locationTab' is clickable

2019-01-30 11:58:19 - [MESSAGE][PASSED] - Object 'Object Repository/TestResource/locationTab' is clickable

2019-01-30 11:58:19 - [TEST_STEP][PASSED] - Thread.sleep(7000): null

2019-01-30 11:58:26 - [TEST_STEP][PASSED] - click(findTestObject("TestResource/locationTab")): Object: 'Object Repository/TestResource/locationTab' is clicked on

2019-01-30 11:58:26 - [MESSAGE][PASSED] - Object: 'Object Repository/TestResource/locationTab' is clicked on

2019-01-30 11:58:26 - [TEST_STEP][PASSED] - Thread.sleep(5000): null

2019-01-30 11:58:31 - [TEST_STEP][PASSED] - AdminTool_Location.checkLocation2(): AdminTool_Location.checkLocation2 is PASSED

2019-01-30 11:58:33 - [MESSAGE][PASSED] - AdminTool_Location.checkLocation2 is PASSED

2019-01-30 11:58:33 - [TEST_STEP][PASSED] - Thread.sleep(4000): null

2019-01-30 11:58:37 - [TEST_STEP][PASSED] - click(findTestObject("TestResource/saveLocation")): Object: 'Object Repository/TestResource/saveLocation' is clicked on

2019-01-30 11:58:37 - [MESSAGE][PASSED] - Object: 'Object Repository/TestResource/saveLocation' is clicked on

2019-01-30 11:58:37 - [TEST_STEP][PASSED] - Thread.sleep(2000): null]]></system-out>
         <system-err><![CDATA[]]></system-err>
      </testcase>
      <testcase name="Test Cases/Data-Security/CreateRes_Items" classname="Test Cases/Data-Security/CreateRes_Items" status="PASSED">
         <system-out><![CDATA[2019-01-30 11:58:39 - [TEST_CASE][PASSED] - Test Cases/Data-Security/CreateRes_Items: Test Cases/Data-Security/CreateRes_Items

2019-01-30 11:58:40 - [TEST_STEP][NOT_RUN] - openBrowser(URL): NOT_RUN: openBrowser(URL)

2019-01-30 11:58:40 - [MESSAGE][NOT_RUN] - NOT_RUN: openBrowser(URL)

2019-01-30 11:58:40 - [TEST_STEP][NOT_RUN] - maximizeWindow(): NOT_RUN: maximizeWindow()

2019-01-30 11:58:40 - [MESSAGE][NOT_RUN] - NOT_RUN: maximizeWindow()

2019-01-30 11:58:40 - [TEST_STEP][NOT_RUN] - setText(findTestObject("TestUserLocation/login_Username"), UserName): NOT_RUN: setText(findTestObject("TestUserLocation/login_Username"), UserName)

2019-01-30 11:58:40 - [MESSAGE][NOT_RUN] - NOT_RUN: setText(findTestObject("TestUserLocation/login_Username"), UserName)

2019-01-30 11:58:40 - [TEST_STEP][NOT_RUN] - setText(findTestObject("TestUserLocation/login_Password"), Password): NOT_RUN: setText(findTestObject("TestUserLocation/login_Password"), Password)

2019-01-30 11:58:40 - [MESSAGE][NOT_RUN] - NOT_RUN: setText(findTestObject("TestUserLocation/login_Password"), Password)

2019-01-30 11:58:40 - [TEST_STEP][PASSED] - AdminTool_Location.setItemName(): AdminTool_Location.setItemName is PASSED

2019-01-30 11:58:40 - [MESSAGE][PASSED] - AdminTool_Location.setItemName is PASSED

2019-01-30 11:58:40 - [TEST_STEP][NOT_RUN] - click(findTestObject("TestUserLocation/login_Button")): NOT_RUN: click(findTestObject("TestUserLocation/login_Button"))

2019-01-30 11:58:40 - [MESSAGE][NOT_RUN] - NOT_RUN: click(findTestObject("TestUserLocation/login_Button"))

2019-01-30 11:58:40 - [TEST_STEP][NOT_RUN] - Thread.sleep(4000): NOT_RUN: Thread.sleep(4000)

2019-01-30 11:58:40 - [MESSAGE][NOT_RUN] - NOT_RUN: Thread.sleep(4000)

2019-01-30 11:58:40 - [TEST_STEP][PASSED] - click(findTestObject("TestUserLocation/mainmenu_button")): Object: 'Object Repository/TestUserLocation/mainmenu_button' is clicked on

2019-01-30 11:58:40 - [MESSAGE][PASSED] - Object: 'Object Repository/TestUserLocation/mainmenu_button' is clicked on

2019-01-30 11:58:40 - [TEST_STEP][NOT_RUN] - click(findTestObject("TestUserLocation/adminTool")): NOT_RUN: click(findTestObject("TestUserLocation/adminTool"))

2019-01-30 11:58:40 - [MESSAGE][NOT_RUN] - NOT_RUN: click(findTestObject("TestUserLocation/adminTool"))

2019-01-30 11:58:40 - [TEST_STEP][PASSED] - click(findTestObject("TestUserLocation/mainMenuResourceDesigner")): Object: 'Object Repository/TestUserLocation/mainMenuResourceDesigner' is clicked on

2019-01-30 11:58:40 - [MESSAGE][PASSED] - Object: 'Object Repository/TestUserLocation/mainMenuResourceDesigner' is clicked on

2019-01-30 11:58:40 - [TEST_STEP][PASSED] - Thread.sleep(2000): null

2019-01-30 11:58:42 - [TEST_STEP][PASSED] - Thread.sleep(4000): null

2019-01-30 11:58:46 - [TEST_STEP][PASSED] - click(findTestObject("TestResource/items")): Object: 'Object Repository/TestResource/items' is clicked on

2019-01-30 11:58:46 - [MESSAGE][PASSED] - Object: 'Object Repository/TestResource/items' is clicked on

2019-01-30 11:58:46 - [TEST_STEP][PASSED] - Thread.sleep(4000): null

2019-01-30 11:58:50 - [TEST_STEP][PASSED] - waitForElementClickable(findTestObject("TestUserLocation/categories"), 45): Object 'Object Repository/TestUserLocation/categories' is clickable

2019-01-30 11:58:50 - [MESSAGE][PASSED] - Object 'Object Repository/TestUserLocation/categories' is clickable

2019-01-30 11:58:50 - [TEST_STEP][PASSED] - click(findTestObject("TestUserLocation/categories")): Object: 'Object Repository/TestUserLocation/categories' is clicked on

2019-01-30 11:58:50 - [MESSAGE][PASSED] - Object: 'Object Repository/TestUserLocation/categories' is clicked on

2019-01-30 11:58:50 - [TEST_STEP][PASSED] - Thread.sleep(2000): null

2019-01-30 11:58:52 - [TEST_STEP][PASSED] - click(findTestObject("TestUserLocation/defaultArea")): Object: 'Object Repository/TestUserLocation/defaultArea' is clicked on

2019-01-30 11:58:52 - [MESSAGE][PASSED] - Object: 'Object Repository/TestUserLocation/defaultArea' is clicked on

2019-01-30 11:58:52 - [TEST_STEP][PASSED] - Thread.sleep(2000): null

2019-01-30 11:58:54 - [TEST_STEP][PASSED] - click(findTestObject("TestUserLocation/hoverHeading")): Object: 'Object Repository/TestUserLocation/hoverHeading' is clicked on

2019-01-30 11:58:54 - [MESSAGE][PASSED] - Object: 'Object Repository/TestUserLocation/hoverHeading' is clicked on

2019-01-30 11:58:54 - [TEST_STEP][PASSED] - click(findTestObject("TestUserLocation/addPlusIcon")): Object: 'Object Repository/TestUserLocation/addPlusIcon' is clicked on

2019-01-30 11:58:55 - [MESSAGE][PASSED] - Object: 'Object Repository/TestUserLocation/addPlusIcon' is clicked on

2019-01-30 11:58:55 - [TEST_STEP][PASSED] - setText(findTestObject("TestUserLocation/setNewName"), findTestData("LocationData").getValue("ItemsName", 1)): Text 'Item_30/01/19-11:58' is set on object 'Object Repository/TestUserLocation/setNewName'

2019-01-30 11:58:55 - [MESSAGE][PASSED] - Text 'Item_30/01/19-11:58' is set on object 'Object Repository/TestUserLocation/setNewName'

2019-01-30 11:58:55 - [TEST_STEP][PASSED] - Thread.sleep(2000): null

2019-01-30 11:58:57 - [TEST_STEP][PASSED] - click(findTestObject("TestUserLocation/saveButton")): Object: 'Object Repository/TestUserLocation/saveButton' is clicked on

2019-01-30 11:58:57 - [MESSAGE][PASSED] - Object: 'Object Repository/TestUserLocation/saveButton' is clicked on

2019-01-30 11:58:57 - [TEST_STEP][PASSED] - Thread.sleep(4000): null

2019-01-30 11:59:01 - [TEST_STEP][PASSED] - click(findTestObject("TestUserLocation/mainmenu_button")): Object: 'Object Repository/TestUserLocation/mainmenu_button' is clicked on

2019-01-30 11:59:01 - [MESSAGE][PASSED] - Object: 'Object Repository/TestUserLocation/mainmenu_button' is clicked on

2019-01-30 11:59:01 - [TEST_STEP][PASSED] - Thread.sleep(2000): null

2019-01-30 11:59:03 - [TEST_STEP][PASSED] - click(findTestObject("TestResource/mainMenu_resources")): Object: 'Object Repository/TestResource/mainMenu_resources' is clicked on

2019-01-30 11:59:03 - [MESSAGE][PASSED] - Object: 'Object Repository/TestResource/mainMenu_resources' is clicked on

2019-01-30 11:59:03 - [TEST_STEP][PASSED] - Thread.sleep(4000): null

2019-01-30 11:59:07 - [TEST_STEP][PASSED] - click(findTestObject("TestResource/items")): Object: 'Object Repository/TestResource/items' is clicked on

2019-01-30 11:59:07 - [MESSAGE][PASSED] - Object: 'Object Repository/TestResource/items' is clicked on

2019-01-30 11:59:07 - [TEST_STEP][PASSED] - Thread.sleep(4000): null

2019-01-30 11:59:11 - [TEST_STEP][PASSED] - AdminTool_Location.selectItem(): Element has been clicked

2019-01-30 11:59:15 - [MESSAGE][PASSED] - Element has been clicked

2019-01-30 11:59:15 - [TEST_STEP][PASSED] - Thread.sleep(4000): null

2019-01-30 11:59:19 - [TEST_STEP][PASSED] - waitForElementClickable(findTestObject("TestUserLocation/addPlusIcon"), 45): Object 'Object Repository/TestUserLocation/addPlusIcon' is clickable

2019-01-30 11:59:20 - [MESSAGE][PASSED] - Object 'Object Repository/TestUserLocation/addPlusIcon' is clickable

2019-01-30 11:59:20 - [TEST_STEP][PASSED] - click(findTestObject("TestUserLocation/addPlusIcon")): Object: 'Object Repository/TestUserLocation/addPlusIcon' is clicked on

2019-01-30 11:59:20 - [MESSAGE][PASSED] - Object: 'Object Repository/TestUserLocation/addPlusIcon' is clicked on

2019-01-30 11:59:20 - [TEST_STEP][PASSED] - Thread.sleep(2000): null

2019-01-30 11:59:22 - [TEST_STEP][PASSED] - setText(findTestObject("TestUserLocation/setNewName"), findTestData("LocationData").getValue("SubItemsName1", 1)): Text 'SubItem1_30/01/19-11:58' is set on object 'Object Repository/TestUserLocation/setNewName'

2019-01-30 11:59:22 - [MESSAGE][PASSED] - Text 'SubItem1_30/01/19-11:58' is set on object 'Object Repository/TestUserLocation/setNewName'

2019-01-30 11:59:22 - [TEST_STEP][PASSED] - Thread.sleep(2000): null

2019-01-30 11:59:24 - [TEST_STEP][PASSED] - Submission.createResource(): Submission.createResource is PASSED

2019-01-30 11:59:24 - [MESSAGE][PASSED] - Submission.createResource is PASSED

2019-01-30 11:59:24 - [TEST_STEP][PASSED] - Thread.sleep(2000): null

2019-01-30 11:59:26 - [TEST_STEP][PASSED] - click(findTestObject("TestResource/saveDetailButton")): Object: 'Object Repository/TestResource/saveDetailButton' is clicked on

2019-01-30 11:59:27 - [MESSAGE][PASSED] - Object: 'Object Repository/TestResource/saveDetailButton' is clicked on

2019-01-30 11:59:27 - [TEST_STEP][PASSED] - Thread.sleep(7000): null

2019-01-30 11:59:34 - [TEST_STEP][PASSED] - click(findTestObject("TestResource/disableResource")): Object: 'Object Repository/TestResource/disableResource' is clicked on

2019-01-30 11:59:34 - [MESSAGE][PASSED] - Object: 'Object Repository/TestResource/disableResource' is clicked on

2019-01-30 11:59:34 - [TEST_STEP][PASSED] - Thread.sleep(2000): null

2019-01-30 11:59:36 - [TEST_STEP][PASSED] - click(findTestObject("TestResource/button2Yes")): Object: 'Object Repository/TestResource/button2Yes' is clicked on

2019-01-30 11:59:36 - [MESSAGE][PASSED] - Object: 'Object Repository/TestResource/button2Yes' is clicked on

2019-01-30 11:59:36 - [TEST_STEP][PASSED] - Thread.sleep(2000): null

2019-01-30 11:59:38 - [TEST_STEP][PASSED] - click(findTestObject("TestResource/saveDetailButton")): Object: 'Object Repository/TestResource/saveDetailButton' is clicked on

2019-01-30 11:59:38 - [MESSAGE][PASSED] - Object: 'Object Repository/TestResource/saveDetailButton' is clicked on

2019-01-30 11:59:38 - [TEST_STEP][PASSED] - waitForElementClickable(findTestObject("TestResource/locationTab"), 45): Object 'Object Repository/TestResource/locationTab' is clickable

2019-01-30 11:59:38 - [MESSAGE][PASSED] - Object 'Object Repository/TestResource/locationTab' is clickable

2019-01-30 11:59:38 - [TEST_STEP][PASSED] - AdminTool_Location.moveCursor(): AdminTool_Location.moveCursor is PASSED

2019-01-30 11:59:38 - [MESSAGE][PASSED] - AdminTool_Location.moveCursor is PASSED

2019-01-30 11:59:38 - [TEST_STEP][PASSED] - Thread.sleep(7000): null

2019-01-30 11:59:45 - [TEST_STEP][PASSED] - click(findTestObject("TestResource/locationTab")): Object: 'Object Repository/TestResource/locationTab' is clicked on

2019-01-30 11:59:45 - [MESSAGE][PASSED] - Object: 'Object Repository/TestResource/locationTab' is clicked on

2019-01-30 11:59:45 - [TEST_STEP][PASSED] - Thread.sleep(5000): null

2019-01-30 11:59:50 - [TEST_STEP][PASSED] - AdminTool_Location.checkLocation(): AdminTool_Location.checkLocation is PASSED

2019-01-30 11:59:52 - [MESSAGE][PASSED] - AdminTool_Location.checkLocation is PASSED

2019-01-30 11:59:52 - [TEST_STEP][PASSED] - Thread.sleep(4000): null

2019-01-30 11:59:56 - [TEST_STEP][PASSED] - click(findTestObject("TestResource/saveLocation")): Object: 'Object Repository/TestResource/saveLocation' is clicked on

2019-01-30 11:59:57 - [MESSAGE][PASSED] - Object: 'Object Repository/TestResource/saveLocation' is clicked on

2019-01-30 11:59:57 - [TEST_STEP][PASSED] - Thread.sleep(2000): null

2019-01-30 11:59:59 - [TEST_STEP][PASSED] - click(findTestObject("TestUserLocation/mainmenu_button")): Object: 'Object Repository/TestUserLocation/mainmenu_button' is clicked on

2019-01-30 11:59:59 - [MESSAGE][PASSED] - Object: 'Object Repository/TestUserLocation/mainmenu_button' is clicked on

2019-01-30 11:59:59 - [TEST_STEP][PASSED] - Thread.sleep(2000): null

2019-01-30 12:00:01 - [TEST_STEP][PASSED] - click(findTestObject("TestResource/mainMenu_resources")): Object: 'Object Repository/TestResource/mainMenu_resources' is clicked on

2019-01-30 12:00:01 - [MESSAGE][PASSED] - Object: 'Object Repository/TestResource/mainMenu_resources' is clicked on

2019-01-30 12:00:01 - [TEST_STEP][PASSED] - Thread.sleep(4000): null

2019-01-30 12:00:05 - [TEST_STEP][PASSED] - click(findTestObject("TestResource/items")): Object: 'Object Repository/TestResource/items' is clicked on

2019-01-30 12:00:05 - [MESSAGE][PASSED] - Object: 'Object Repository/TestResource/items' is clicked on

2019-01-30 12:00:05 - [TEST_STEP][PASSED] - Thread.sleep(4000): null

2019-01-30 12:00:09 - [TEST_STEP][PASSED] - AdminTool_Location.selectItem(): Element has been clicked

2019-01-30 12:00:13 - [MESSAGE][PASSED] - Element has been clicked

2019-01-30 12:00:13 - [TEST_STEP][PASSED] - Thread.sleep(4000): null

2019-01-30 12:00:17 - [TEST_STEP][PASSED] - waitForElementClickable(findTestObject("TestUserLocation/addPlusIcon"), 45): Object 'Object Repository/TestUserLocation/addPlusIcon' is clickable

2019-01-30 12:00:17 - [MESSAGE][PASSED] - Object 'Object Repository/TestUserLocation/addPlusIcon' is clickable

2019-01-30 12:00:17 - [TEST_STEP][PASSED] - click(findTestObject("TestUserLocation/addPlusIcon")): Object: 'Object Repository/TestUserLocation/addPlusIcon' is clicked on

2019-01-30 12:00:17 - [MESSAGE][PASSED] - Object: 'Object Repository/TestUserLocation/addPlusIcon' is clicked on

2019-01-30 12:00:17 - [TEST_STEP][PASSED] - Thread.sleep(2000): null

2019-01-30 12:00:19 - [TEST_STEP][PASSED] - setText(findTestObject("TestUserLocation/setNewName"), findTestData("LocationData").getValue("SubItemsName2", 1)): Text 'SubItem2_30/01/19-11:58' is set on object 'Object Repository/TestUserLocation/setNewName'

2019-01-30 12:00:20 - [MESSAGE][PASSED] - Text 'SubItem2_30/01/19-11:58' is set on object 'Object Repository/TestUserLocation/setNewName'

2019-01-30 12:00:20 - [TEST_STEP][PASSED] - Thread.sleep(2000): null

2019-01-30 12:00:22 - [TEST_STEP][PASSED] - Submission.createResource(): Submission.createResource is PASSED

2019-01-30 12:00:22 - [MESSAGE][PASSED] - Submission.createResource is PASSED

2019-01-30 12:00:22 - [TEST_STEP][PASSED] - Thread.sleep(2000): null

2019-01-30 12:00:24 - [TEST_STEP][PASSED] - click(findTestObject("TestResource/saveDetailButton")): Object: 'Object Repository/TestResource/saveDetailButton' is clicked on

2019-01-30 12:00:24 - [MESSAGE][PASSED] - Object: 'Object Repository/TestResource/saveDetailButton' is clicked on

2019-01-30 12:00:24 - [TEST_STEP][PASSED] - waitForElementClickable(findTestObject("TestResource/locationTab"), 45): Object 'Object Repository/TestResource/locationTab' is clickable

2019-01-30 12:00:24 - [MESSAGE][PASSED] - Object 'Object Repository/TestResource/locationTab' is clickable

2019-01-30 12:00:24 - [TEST_STEP][PASSED] - Thread.sleep(7000): null

2019-01-30 12:00:31 - [TEST_STEP][PASSED] - click(findTestObject("TestResource/locationTab")): Object: 'Object Repository/TestResource/locationTab' is clicked on

2019-01-30 12:00:31 - [MESSAGE][PASSED] - Object: 'Object Repository/TestResource/locationTab' is clicked on

2019-01-30 12:00:31 - [TEST_STEP][PASSED] - Thread.sleep(5000): null

2019-01-30 12:00:36 - [TEST_STEP][PASSED] - AdminTool_Location.checkLocation(): AdminTool_Location.checkLocation is PASSED

2019-01-30 12:00:43 - [MESSAGE][PASSED] - AdminTool_Location.checkLocation is PASSED

2019-01-30 12:00:43 - [TEST_STEP][PASSED] - Thread.sleep(4000): null

2019-01-30 12:00:47 - [TEST_STEP][PASSED] - click(findTestObject("TestResource/saveLocation")): Object: 'Object Repository/TestResource/saveLocation' is clicked on

2019-01-30 12:00:47 - [MESSAGE][PASSED] - Object: 'Object Repository/TestResource/saveLocation' is clicked on

2019-01-30 12:00:47 - [TEST_STEP][PASSED] - Thread.sleep(2000): null]]></system-out>
         <system-err><![CDATA[]]></system-err>
      </testcase>
      <testcase name="Test Cases/Data-Security/CreateRes_Supplier" classname="Test Cases/Data-Security/CreateRes_Supplier" status="PASSED">
         <system-out><![CDATA[2019-01-30 12:00:49 - [TEST_CASE][PASSED] - Test Cases/Data-Security/CreateRes_Supplier: Test Cases/Data-Security/CreateRes_Supplier

2019-01-30 12:00:49 - [TEST_STEP][NOT_RUN] - openBrowser(URL): NOT_RUN: openBrowser(URL)

2019-01-30 12:00:49 - [MESSAGE][NOT_RUN] - NOT_RUN: openBrowser(URL)

2019-01-30 12:00:49 - [TEST_STEP][NOT_RUN] - maximizeWindow(): NOT_RUN: maximizeWindow()

2019-01-30 12:00:49 - [MESSAGE][NOT_RUN] - NOT_RUN: maximizeWindow()

2019-01-30 12:00:49 - [TEST_STEP][NOT_RUN] - setText(findTestObject("TestUserLocation/login_Username"), UserName): NOT_RUN: setText(findTestObject("TestUserLocation/login_Username"), UserName)

2019-01-30 12:00:49 - [MESSAGE][NOT_RUN] - NOT_RUN: setText(findTestObject("TestUserLocation/login_Username"), UserName)

2019-01-30 12:00:49 - [TEST_STEP][NOT_RUN] - setText(findTestObject("TestUserLocation/login_Password"), Password): NOT_RUN: setText(findTestObject("TestUserLocation/login_Password"), Password)

2019-01-30 12:00:49 - [MESSAGE][NOT_RUN] - NOT_RUN: setText(findTestObject("TestUserLocation/login_Password"), Password)

2019-01-30 12:00:49 - [TEST_STEP][PASSED] - AdminTool_Location.setSupplierName(): AdminTool_Location.setSupplierName is PASSED

2019-01-30 12:00:50 - [MESSAGE][PASSED] - AdminTool_Location.setSupplierName is PASSED

2019-01-30 12:00:50 - [TEST_STEP][NOT_RUN] - click(findTestObject("TestUserLocation/login_Button")): NOT_RUN: click(findTestObject("TestUserLocation/login_Button"))

2019-01-30 12:00:50 - [MESSAGE][NOT_RUN] - NOT_RUN: click(findTestObject("TestUserLocation/login_Button"))

2019-01-30 12:00:50 - [TEST_STEP][PASSED] - Thread.sleep(4000): null

2019-01-30 12:00:54 - [TEST_STEP][PASSED] - click(findTestObject("TestUserLocation/mainmenu_button")): Object: 'Object Repository/TestUserLocation/mainmenu_button' is clicked on

2019-01-30 12:00:54 - [MESSAGE][PASSED] - Object: 'Object Repository/TestUserLocation/mainmenu_button' is clicked on

2019-01-30 12:00:54 - [TEST_STEP][PASSED] - Thread.sleep(2000): null

2019-01-30 12:00:56 - [TEST_STEP][NOT_RUN] - click(findTestObject("TestUserLocation/adminTool")): NOT_RUN: click(findTestObject("TestUserLocation/adminTool"))

2019-01-30 12:00:56 - [MESSAGE][NOT_RUN] - NOT_RUN: click(findTestObject("TestUserLocation/adminTool"))

2019-01-30 12:00:56 - [TEST_STEP][PASSED] - click(findTestObject("TestUserLocation/mainMenuResourceDesigner")): Object: 'Object Repository/TestUserLocation/mainMenuResourceDesigner' is clicked on

2019-01-30 12:00:56 - [MESSAGE][PASSED] - Object: 'Object Repository/TestUserLocation/mainMenuResourceDesigner' is clicked on

2019-01-30 12:00:56 - [TEST_STEP][PASSED] - Thread.sleep(4000): null

2019-01-30 12:01:00 - [TEST_STEP][PASSED] - click(findTestObject("TestResource/SuppliersDesign")): Object: 'Object Repository/TestResource/SuppliersDesign' is clicked on

2019-01-30 12:01:00 - [MESSAGE][PASSED] - Object: 'Object Repository/TestResource/SuppliersDesign' is clicked on

2019-01-30 12:01:00 - [TEST_STEP][PASSED] - Thread.sleep(4000): null

2019-01-30 12:01:04 - [TEST_STEP][PASSED] - waitForElementClickable(findTestObject("TestUserLocation/categories"), 45): Object 'Object Repository/TestUserLocation/categories' is clickable

2019-01-30 12:01:04 - [MESSAGE][PASSED] - Object 'Object Repository/TestUserLocation/categories' is clickable

2019-01-30 12:01:04 - [TEST_STEP][PASSED] - click(findTestObject("TestUserLocation/categories")): Object: 'Object Repository/TestUserLocation/categories' is clicked on

2019-01-30 12:01:04 - [MESSAGE][PASSED] - Object: 'Object Repository/TestUserLocation/categories' is clicked on

2019-01-30 12:01:04 - [TEST_STEP][PASSED] - Thread.sleep(2000): null

2019-01-30 12:01:06 - [TEST_STEP][PASSED] - click(findTestObject("TestUserLocation/defaultArea")): Object: 'Object Repository/TestUserLocation/defaultArea' is clicked on

2019-01-30 12:01:06 - [MESSAGE][PASSED] - Object: 'Object Repository/TestUserLocation/defaultArea' is clicked on

2019-01-30 12:01:06 - [TEST_STEP][PASSED] - Thread.sleep(2000): null

2019-01-30 12:01:08 - [TEST_STEP][PASSED] - click(findTestObject("TestUserLocation/hoverHeading")): Object: 'Object Repository/TestUserLocation/hoverHeading' is clicked on

2019-01-30 12:01:08 - [MESSAGE][PASSED] - Object: 'Object Repository/TestUserLocation/hoverHeading' is clicked on

2019-01-30 12:01:08 - [TEST_STEP][PASSED] - click(findTestObject("TestUserLocation/addPlusIcon")): Object: 'Object Repository/TestUserLocation/addPlusIcon' is clicked on

2019-01-30 12:01:08 - [MESSAGE][PASSED] - Object: 'Object Repository/TestUserLocation/addPlusIcon' is clicked on

2019-01-30 12:01:08 - [TEST_STEP][PASSED] - setText(findTestObject("TestUserLocation/setNewName"), findTestData("LocationData").getValue("SuppliersName", 1)): Text 'Supplier_30/01/19-12:00' is set on object 'Object Repository/TestUserLocation/setNewName'

2019-01-30 12:01:09 - [MESSAGE][PASSED] - Text 'Supplier_30/01/19-12:00' is set on object 'Object Repository/TestUserLocation/setNewName'

2019-01-30 12:01:09 - [TEST_STEP][PASSED] - Thread.sleep(2000): null

2019-01-30 12:01:11 - [TEST_STEP][PASSED] - click(findTestObject("TestUserLocation/saveButton")): Object: 'Object Repository/TestUserLocation/saveButton' is clicked on

2019-01-30 12:01:11 - [MESSAGE][PASSED] - Object: 'Object Repository/TestUserLocation/saveButton' is clicked on

2019-01-30 12:01:11 - [TEST_STEP][PASSED] - Thread.sleep(4000): null

2019-01-30 12:01:15 - [TEST_STEP][PASSED] - click(findTestObject("TestUserLocation/mainmenu_button")): Object: 'Object Repository/TestUserLocation/mainmenu_button' is clicked on

2019-01-30 12:01:15 - [MESSAGE][PASSED] - Object: 'Object Repository/TestUserLocation/mainmenu_button' is clicked on

2019-01-30 12:01:15 - [TEST_STEP][PASSED] - Thread.sleep(2000): null

2019-01-30 12:01:17 - [TEST_STEP][PASSED] - click(findTestObject("TestResource/mainMenu_resources")): Object: 'Object Repository/TestResource/mainMenu_resources' is clicked on

2019-01-30 12:01:17 - [MESSAGE][PASSED] - Object: 'Object Repository/TestResource/mainMenu_resources' is clicked on

2019-01-30 12:01:17 - [TEST_STEP][PASSED] - Thread.sleep(4000): null

2019-01-30 12:01:21 - [TEST_STEP][PASSED] - click(findTestObject("TestResource/suppliers")): Object: 'Object Repository/TestResource/suppliers' is clicked on

2019-01-30 12:01:21 - [MESSAGE][PASSED] - Object: 'Object Repository/TestResource/suppliers' is clicked on

2019-01-30 12:01:21 - [TEST_STEP][PASSED] - Thread.sleep(4000): null

2019-01-30 12:01:25 - [TEST_STEP][PASSED] - AdminTool_Location.selectSupplier(): Element has been clicked

2019-01-30 12:01:29 - [MESSAGE][PASSED] - Element has been clicked

2019-01-30 12:01:29 - [TEST_STEP][PASSED] - Thread.sleep(4000): null

2019-01-30 12:01:33 - [TEST_STEP][PASSED] - waitForElementClickable(findTestObject("TestUserLocation/addPlusIcon"), 45): Object 'Object Repository/TestUserLocation/addPlusIcon' is clickable

2019-01-30 12:01:33 - [MESSAGE][PASSED] - Object 'Object Repository/TestUserLocation/addPlusIcon' is clickable

2019-01-30 12:01:33 - [TEST_STEP][PASSED] - click(findTestObject("TestUserLocation/addPlusIcon")): Object: 'Object Repository/TestUserLocation/addPlusIcon' is clicked on

2019-01-30 12:01:34 - [MESSAGE][PASSED] - Object: 'Object Repository/TestUserLocation/addPlusIcon' is clicked on

2019-01-30 12:01:34 - [TEST_STEP][PASSED] - Thread.sleep(2000): null

2019-01-30 12:01:36 - [TEST_STEP][PASSED] - setText(findTestObject("TestUserLocation/setNewName"), findTestData("LocationData").getValue("SubSuppliersName1", 1)): Text 'SubSupplier1_30/01/19-12:00' is set on object 'Object Repository/TestUserLocation/setNewName'

2019-01-30 12:01:36 - [MESSAGE][PASSED] - Text 'SubSupplier1_30/01/19-12:00' is set on object 'Object Repository/TestUserLocation/setNewName'

2019-01-30 12:01:36 - [TEST_STEP][PASSED] - Thread.sleep(2000): null

2019-01-30 12:01:38 - [TEST_STEP][PASSED] - Submission.createResource(): Submission.createResource is PASSED

2019-01-30 12:01:38 - [MESSAGE][PASSED] - Submission.createResource is PASSED

2019-01-30 12:01:38 - [TEST_STEP][PASSED] - Thread.sleep(2000): null

2019-01-30 12:01:40 - [TEST_STEP][PASSED] - click(findTestObject("TestResource/saveDetailButton")): Object: 'Object Repository/TestResource/saveDetailButton' is clicked on

2019-01-30 12:01:40 - [MESSAGE][PASSED] - Object: 'Object Repository/TestResource/saveDetailButton' is clicked on

2019-01-30 12:01:40 - [TEST_STEP][PASSED] - Thread.sleep(7000): null

2019-01-30 12:01:47 - [TEST_STEP][PASSED] - click(findTestObject("TestResource/disableResource")): Object: 'Object Repository/TestResource/disableResource' is clicked on

2019-01-30 12:01:47 - [MESSAGE][PASSED] - Object: 'Object Repository/TestResource/disableResource' is clicked on

2019-01-30 12:01:47 - [TEST_STEP][PASSED] - Thread.sleep(2000): null

2019-01-30 12:01:49 - [TEST_STEP][PASSED] - click(findTestObject("TestResource/button2Yes")): Object: 'Object Repository/TestResource/button2Yes' is clicked on

2019-01-30 12:01:49 - [MESSAGE][PASSED] - Object: 'Object Repository/TestResource/button2Yes' is clicked on

2019-01-30 12:01:49 - [TEST_STEP][PASSED] - Thread.sleep(2000): null

2019-01-30 12:01:51 - [TEST_STEP][PASSED] - click(findTestObject("TestResource/saveDetailButton")): Object: 'Object Repository/TestResource/saveDetailButton' is clicked on

2019-01-30 12:01:51 - [MESSAGE][PASSED] - Object: 'Object Repository/TestResource/saveDetailButton' is clicked on

2019-01-30 12:01:51 - [TEST_STEP][PASSED] - waitForElementClickable(findTestObject("TestResource/locationTab"), 45): Object 'Object Repository/TestResource/locationTab' is clickable

2019-01-30 12:01:52 - [MESSAGE][PASSED] - Object 'Object Repository/TestResource/locationTab' is clickable

2019-01-30 12:01:52 - [TEST_STEP][PASSED] - AdminTool_Location.moveCursor(): AdminTool_Location.moveCursor is PASSED

2019-01-30 12:01:52 - [MESSAGE][PASSED] - AdminTool_Location.moveCursor is PASSED

2019-01-30 12:01:52 - [TEST_STEP][PASSED] - Thread.sleep(7000): null

2019-01-30 12:01:59 - [TEST_STEP][PASSED] - click(findTestObject("TestResource/locationTab")): Object: 'Object Repository/TestResource/locationTab' is clicked on

2019-01-30 12:01:59 - [MESSAGE][PASSED] - Object: 'Object Repository/TestResource/locationTab' is clicked on

2019-01-30 12:01:59 - [TEST_STEP][PASSED] - Thread.sleep(5000): null

2019-01-30 12:02:04 - [TEST_STEP][PASSED] - AdminTool_Location.checkLocation2(): AdminTool_Location.checkLocation2 is PASSED

2019-01-30 12:02:06 - [MESSAGE][PASSED] - AdminTool_Location.checkLocation2 is PASSED

2019-01-30 12:02:06 - [TEST_STEP][PASSED] - Thread.sleep(4000): null

2019-01-30 12:02:10 - [TEST_STEP][PASSED] - click(findTestObject("TestResource/saveLocation")): Object: 'Object Repository/TestResource/saveLocation' is clicked on

2019-01-30 12:02:10 - [MESSAGE][PASSED] - Object: 'Object Repository/TestResource/saveLocation' is clicked on

2019-01-30 12:02:10 - [TEST_STEP][PASSED] - Thread.sleep(2000): null

2019-01-30 12:02:12 - [TEST_STEP][PASSED] - click(findTestObject("TestUserLocation/mainmenu_button")): Object: 'Object Repository/TestUserLocation/mainmenu_button' is clicked on

2019-01-30 12:02:12 - [MESSAGE][PASSED] - Object: 'Object Repository/TestUserLocation/mainmenu_button' is clicked on

2019-01-30 12:02:12 - [TEST_STEP][PASSED] - Thread.sleep(2000): null

2019-01-30 12:02:14 - [TEST_STEP][PASSED] - click(findTestObject("TestResource/mainMenu_resources")): Object: 'Object Repository/TestResource/mainMenu_resources' is clicked on

2019-01-30 12:02:14 - [MESSAGE][PASSED] - Object: 'Object Repository/TestResource/mainMenu_resources' is clicked on

2019-01-30 12:02:14 - [TEST_STEP][PASSED] - Thread.sleep(4000): null

2019-01-30 12:02:18 - [TEST_STEP][PASSED] - click(findTestObject("TestResource/suppliers")): Object: 'Object Repository/TestResource/suppliers' is clicked on

2019-01-30 12:02:18 - [MESSAGE][PASSED] - Object: 'Object Repository/TestResource/suppliers' is clicked on

2019-01-30 12:02:18 - [TEST_STEP][PASSED] - Thread.sleep(4000): null

2019-01-30 12:02:22 - [TEST_STEP][PASSED] - AdminTool_Location.selectSupplier(): Element has been clicked

2019-01-30 12:02:27 - [MESSAGE][PASSED] - Element has been clicked

2019-01-30 12:02:27 - [TEST_STEP][PASSED] - Thread.sleep(4000): null

2019-01-30 12:02:31 - [TEST_STEP][PASSED] - waitForElementClickable(findTestObject("TestUserLocation/addPlusIcon"), 45): Object 'Object Repository/TestUserLocation/addPlusIcon' is clickable

2019-01-30 12:02:31 - [MESSAGE][PASSED] - Object 'Object Repository/TestUserLocation/addPlusIcon' is clickable

2019-01-30 12:02:31 - [TEST_STEP][PASSED] - click(findTestObject("TestUserLocation/addPlusIcon")): Object: 'Object Repository/TestUserLocation/addPlusIcon' is clicked on

2019-01-30 12:02:31 - [MESSAGE][PASSED] - Object: 'Object Repository/TestUserLocation/addPlusIcon' is clicked on

2019-01-30 12:02:31 - [TEST_STEP][PASSED] - Thread.sleep(2000): null

2019-01-30 12:02:33 - [TEST_STEP][PASSED] - setText(findTestObject("TestUserLocation/setNewName"), findTestData("LocationData").getValue("SubSuppliersName2", 1)): Text 'SubSupplier2_30/01/19-12:00' is set on object 'Object Repository/TestUserLocation/setNewName'

2019-01-30 12:02:33 - [MESSAGE][PASSED] - Text 'SubSupplier2_30/01/19-12:00' is set on object 'Object Repository/TestUserLocation/setNewName'

2019-01-30 12:02:33 - [TEST_STEP][PASSED] - Thread.sleep(2000): null

2019-01-30 12:02:35 - [TEST_STEP][PASSED] - Submission.createResource(): Submission.createResource is PASSED

2019-01-30 12:02:35 - [MESSAGE][PASSED] - Submission.createResource is PASSED

2019-01-30 12:02:35 - [TEST_STEP][PASSED] - Thread.sleep(2000): null

2019-01-30 12:02:37 - [TEST_STEP][PASSED] - click(findTestObject("TestResource/saveDetailButton")): Object: 'Object Repository/TestResource/saveDetailButton' is clicked on

2019-01-30 12:02:37 - [MESSAGE][PASSED] - Object: 'Object Repository/TestResource/saveDetailButton' is clicked on

2019-01-30 12:02:37 - [TEST_STEP][PASSED] - waitForElementClickable(findTestObject("TestResource/locationTab"), 45): Object 'Object Repository/TestResource/locationTab' is clickable

2019-01-30 12:02:37 - [MESSAGE][PASSED] - Object 'Object Repository/TestResource/locationTab' is clickable

2019-01-30 12:02:37 - [TEST_STEP][PASSED] - Thread.sleep(7000): null

2019-01-30 12:02:44 - [TEST_STEP][PASSED] - click(findTestObject("TestResource/locationTab")): Object: 'Object Repository/TestResource/locationTab' is clicked on

2019-01-30 12:02:45 - [MESSAGE][PASSED] - Object: 'Object Repository/TestResource/locationTab' is clicked on

2019-01-30 12:02:45 - [TEST_STEP][PASSED] - Thread.sleep(5000): null

2019-01-30 12:02:50 - [TEST_STEP][PASSED] - AdminTool_Location.checkLocation2(): AdminTool_Location.checkLocation2 is PASSED

2019-01-30 12:02:52 - [MESSAGE][PASSED] - AdminTool_Location.checkLocation2 is PASSED

2019-01-30 12:02:52 - [TEST_STEP][PASSED] - Thread.sleep(4000): null

2019-01-30 12:02:56 - [TEST_STEP][PASSED] - click(findTestObject("TestResource/saveLocation")): Object: 'Object Repository/TestResource/saveLocation' is clicked on

2019-01-30 12:02:56 - [MESSAGE][PASSED] - Object: 'Object Repository/TestResource/saveLocation' is clicked on

2019-01-30 12:02:56 - [TEST_STEP][PASSED] - Thread.sleep(2000): null]]></system-out>
         <system-err><![CDATA[]]></system-err>
      </testcase>
      <testcase name="Test Cases/Data-Security/createUser" classname="Test Cases/Data-Security/createUser" status="PASSED">
         <system-out><![CDATA[2019-01-30 12:02:58 - [TEST_CASE][PASSED] - Test Cases/Data-Security/createUser: Test Cases/Data-Security/createUser

2019-01-30 12:02:58 - [TEST_STEP][NOT_RUN] - openBrowser(URL): NOT_RUN: openBrowser(URL)

2019-01-30 12:02:58 - [MESSAGE][NOT_RUN] - NOT_RUN: openBrowser(URL)

2019-01-30 12:02:58 - [TEST_STEP][NOT_RUN] - maximizeWindow(): NOT_RUN: maximizeWindow()

2019-01-30 12:02:58 - [MESSAGE][NOT_RUN] - NOT_RUN: maximizeWindow()

2019-01-30 12:02:58 - [TEST_STEP][NOT_RUN] - waitForElementVisible(findTestObject("TestUserLocation/login_Username"), 70): NOT_RUN: waitForElementVisible(findTestObject("TestUserLocation/login_Username"), 70)

2019-01-30 12:02:58 - [MESSAGE][NOT_RUN] - NOT_RUN: waitForElementVisible(findTestObject("TestUserLocation/login_Username"), 70)

2019-01-30 12:02:58 - [TEST_STEP][NOT_RUN] - setText(findTestObject("TestUserLocation/login_Username"), UserName): NOT_RUN: setText(findTestObject("TestUserLocation/login_Username"), UserName)

2019-01-30 12:02:58 - [MESSAGE][NOT_RUN] - NOT_RUN: setText(findTestObject("TestUserLocation/login_Username"), UserName)

2019-01-30 12:02:58 - [TEST_STEP][NOT_RUN] - setText(findTestObject("TestUserLocation/login_Password"), Password): NOT_RUN: setText(findTestObject("TestUserLocation/login_Password"), Password)

2019-01-30 12:02:58 - [MESSAGE][NOT_RUN] - NOT_RUN: setText(findTestObject("TestUserLocation/login_Password"), Password)

2019-01-30 12:02:58 - [TEST_STEP][PASSED] - User.setNamePass(): User.setNamePass is PASSED

2019-01-30 12:02:58 - [MESSAGE][PASSED] - User.setNamePass is PASSED

2019-01-30 12:02:58 - [TEST_STEP][NOT_RUN] - click(findTestObject("TestUserLocation/login_Button")): NOT_RUN: click(findTestObject("TestUserLocation/login_Button"))

2019-01-30 12:02:58 - [MESSAGE][NOT_RUN] - NOT_RUN: click(findTestObject("TestUserLocation/login_Button"))

2019-01-30 12:02:58 - [TEST_STEP][PASSED] - Thread.sleep(6000): null

2019-01-30 12:03:04 - [TEST_STEP][PASSED] - waitForElementClickable(findTestObject("TestUserLocation/mainmenu_button"), 70): Object 'Object Repository/TestUserLocation/mainmenu_button' is clickable

2019-01-30 12:03:04 - [MESSAGE][PASSED] - Object 'Object Repository/TestUserLocation/mainmenu_button' is clickable

2019-01-30 12:03:04 - [TEST_STEP][PASSED] - click(findTestObject("TestUserLocation/mainmenu_button")): Object: 'Object Repository/TestUserLocation/mainmenu_button' is clicked on

2019-01-30 12:03:04 - [MESSAGE][PASSED] - Object: 'Object Repository/TestUserLocation/mainmenu_button' is clicked on

2019-01-30 12:03:04 - [TEST_STEP][NOT_RUN] - click(findTestObject("Form_Selection_Creation/mainMenu_AdminTools")): NOT_RUN: click(findTestObject("Form_Selection_Creation/mainMenu_AdminTools"))

2019-01-30 12:03:04 - [MESSAGE][NOT_RUN] - NOT_RUN: click(findTestObject("Form_Selection_Creation/mainMenu_AdminTools"))

2019-01-30 12:03:04 - [TEST_STEP][PASSED] - Thread.sleep(2000): null

2019-01-30 12:03:06 - [TEST_STEP][PASSED] - click(findTestObject("TestUser/users")): Object: 'Object Repository/TestUser/users' is clicked on

2019-01-30 12:03:06 - [MESSAGE][PASSED] - Object: 'Object Repository/TestUser/users' is clicked on

2019-01-30 12:03:06 - [TEST_STEP][PASSED] - Thread.sleep(6000): null

2019-01-30 12:03:12 - [TEST_STEP][PASSED] - click(findTestObject("TestUser/addNewUser")): Object: 'Object Repository/TestUser/addNewUser' is clicked on

2019-01-30 12:03:13 - [MESSAGE][PASSED] - Object: 'Object Repository/TestUser/addNewUser' is clicked on

2019-01-30 12:03:13 - [TEST_STEP][PASSED] - Thread.sleep(4000): null

2019-01-30 12:03:17 - [TEST_STEP][PASSED] - setText(findTestObject("TestUser/userName"), findTestData("UserData").getValue("UserName", 1)): Text 'User_On_30/01/19-12:02' is set on object 'Object Repository/TestUser/userName'

2019-01-30 12:03:17 - [MESSAGE][PASSED] - Text 'User_On_30/01/19-12:02' is set on object 'Object Repository/TestUser/userName'

2019-01-30 12:03:17 - [TEST_STEP][PASSED] - setText(findTestObject("TestUser/password"), findTestData("UserData").getValue("Password", 1)): Text 'password' is set on object 'Object Repository/TestUser/password'

2019-01-30 12:03:17 - [MESSAGE][PASSED] - Text 'password' is set on object 'Object Repository/TestUser/password'

2019-01-30 12:03:17 - [TEST_STEP][PASSED] - setText(findTestObject("TestUser/firstName"), "Test"): Text 'Test' is set on object 'Object Repository/TestUser/firstName'

2019-01-30 12:03:17 - [MESSAGE][PASSED] - Text 'Test' is set on object 'Object Repository/TestUser/firstName'

2019-01-30 12:03:17 - [TEST_STEP][PASSED] - setText(findTestObject("TestUser/lastName"), "Auto"): Text 'Auto' is set on object 'Object Repository/TestUser/lastName'

2019-01-30 12:03:17 - [MESSAGE][PASSED] - Text 'Auto' is set on object 'Object Repository/TestUser/lastName'

2019-01-30 12:03:17 - [TEST_STEP][PASSED] - setText(findTestObject("TestUser/email"), "test123@auto.com"): Text 'test123@auto.com' is set on object 'Object Repository/TestUser/email'

2019-01-30 12:03:18 - [MESSAGE][PASSED] - Text 'test123@auto.com' is set on object 'Object Repository/TestUser/email'

2019-01-30 12:03:18 - [TEST_STEP][PASSED] - click(findTestObject("TestUser/timeZoneOpen")): Object: 'Object Repository/TestUser/timeZoneOpen' is clicked on

2019-01-30 12:03:18 - [MESSAGE][PASSED] - Object: 'Object Repository/TestUser/timeZoneOpen' is clicked on

2019-01-30 12:03:18 - [TEST_STEP][PASSED] - Thread.sleep(2000): null

2019-01-30 12:03:20 - [TEST_STEP][PASSED] - click(findTestObject("TestUser/selectTimeZone")): Object: 'Object Repository/TestUser/selectTimeZone' is clicked on

2019-01-30 12:03:20 - [MESSAGE][PASSED] - Object: 'Object Repository/TestUser/selectTimeZone' is clicked on

2019-01-30 12:03:20 - [TEST_STEP][PASSED] - Thread.sleep(2000): null

2019-01-30 12:03:22 - [TEST_STEP][PASSED] - click(findTestObject("TestUser/clickOutside")): Object: 'Object Repository/TestUser/clickOutside' is clicked on

2019-01-30 12:03:22 - [MESSAGE][PASSED] - Object: 'Object Repository/TestUser/clickOutside' is clicked on

2019-01-30 12:03:22 - [TEST_STEP][PASSED] - click(findTestObject("TestUser/locationOpen")): Object: 'Object Repository/TestUser/locationOpen' is clicked on

2019-01-30 12:03:22 - [MESSAGE][PASSED] - Object: 'Object Repository/TestUser/locationOpen' is clicked on

2019-01-30 12:03:22 - [TEST_STEP][PASSED] - AdminTool_Location.selectLocations(): Element has been clicked

2019-01-30 12:03:29 - [MESSAGE][PASSED] - Element has been clicked

2019-01-30 12:03:29 - [TEST_STEP][PASSED] - Thread.sleep(2000): null

2019-01-30 12:03:31 - [TEST_STEP][NOT_RUN] - click(findTestObject("TestUser/selectLocation")): NOT_RUN: click(findTestObject("TestUser/selectLocation"))

2019-01-30 12:03:31 - [MESSAGE][NOT_RUN] - NOT_RUN: click(findTestObject("TestUser/selectLocation"))

2019-01-30 12:03:31 - [TEST_STEP][NOT_RUN] - Thread.sleep(2000): NOT_RUN: Thread.sleep(2000)

2019-01-30 12:03:31 - [MESSAGE][NOT_RUN] - NOT_RUN: Thread.sleep(2000)

2019-01-30 12:03:31 - [TEST_STEP][PASSED] - click(findTestObject("TestUser/clickOutside")): Object: 'Object Repository/TestUser/clickOutside' is clicked on

2019-01-30 12:03:31 - [MESSAGE][PASSED] - Object: 'Object Repository/TestUser/clickOutside' is clicked on

2019-01-30 12:03:31 - [TEST_STEP][PASSED] - click(findTestObject("TestUser/roleOpen")): Object: 'Object Repository/TestUser/roleOpen' is clicked on

2019-01-30 12:03:32 - [MESSAGE][PASSED] - Object: 'Object Repository/TestUser/roleOpen' is clicked on

2019-01-30 12:03:32 - [TEST_STEP][PASSED] - Thread.sleep(2000): null

2019-01-30 12:03:34 - [TEST_STEP][PASSED] - setText(findTestObject("TestUser/selectRole"), "Superadmin"): Text 'Superadmin' is set on object 'Object Repository/TestUser/selectRole'

2019-01-30 12:03:34 - [MESSAGE][PASSED] - Text 'Superadmin' is set on object 'Object Repository/TestUser/selectRole'

2019-01-30 12:03:34 - [TEST_STEP][PASSED] - Thread.sleep(2000): null

2019-01-30 12:03:36 - [TEST_STEP][PASSED] - sendKeys(findTestObject("TestUser/selectRole"), Keys.chord(ENTER)): Keys 'ENTER + ' sent to object: 'Object Repository/TestUser/selectRole'

2019-01-30 12:03:36 - [MESSAGE][PASSED] - Keys 'ENTER + ' sent to object: 'Object Repository/TestUser/selectRole'

2019-01-30 12:03:36 - [TEST_STEP][PASSED] - Thread.sleep(2000): null

2019-01-30 12:03:38 - [TEST_STEP][PASSED] - AdminTool_Location.moveCursor(): AdminTool_Location.moveCursor is PASSED

2019-01-30 12:03:38 - [MESSAGE][PASSED] - AdminTool_Location.moveCursor is PASSED

2019-01-30 12:03:38 - [TEST_STEP][PASSED] - Thread.sleep(2000): null

2019-01-30 12:03:40 - [TEST_STEP][PASSED] - click(findTestObject("TestUser/clickOutside")): Object: 'Object Repository/TestUser/clickOutside' is clicked on

2019-01-30 12:03:40 - [MESSAGE][PASSED] - Object: 'Object Repository/TestUser/clickOutside' is clicked on

2019-01-30 12:03:40 - [TEST_STEP][PASSED] - Thread.sleep(2000): null

2019-01-30 12:03:42 - [TEST_STEP][PASSED] - click(findTestObject("TestUser/saveUser")): Object: 'Object Repository/TestUser/saveUser' is clicked on

2019-01-30 12:03:42 - [MESSAGE][PASSED] - Object: 'Object Repository/TestUser/saveUser' is clicked on

2019-01-30 12:03:42 - [TEST_STEP][PASSED] - Thread.sleep(6000): null]]></system-out>
         <system-err><![CDATA[]]></system-err>
      </testcase>
      <testcase name="Test Cases/Data-Security/5_CreateWG" classname="Test Cases/Data-Security/5_CreateWG" status="PASSED">
         <system-out><![CDATA[2019-01-30 12:03:48 - [TEST_CASE][PASSED] - Test Cases/Data-Security/5_CreateWG: Test Cases/Data-Security/5_CreateWG

2019-01-30 12:03:48 - [TEST_STEP][NOT_RUN] - openBrowser(URL): NOT_RUN: openBrowser(URL)

2019-01-30 12:03:48 - [MESSAGE][NOT_RUN] - NOT_RUN: openBrowser(URL)

2019-01-30 12:03:48 - [TEST_STEP][NOT_RUN] - maximizeWindow(): NOT_RUN: maximizeWindow()

2019-01-30 12:03:48 - [MESSAGE][NOT_RUN] - NOT_RUN: maximizeWindow()

2019-01-30 12:03:48 - [TEST_STEP][NOT_RUN] - setText(findTestObject("Form_Selection_Creation/login_Username"), UserName): NOT_RUN: setText(findTestObject("Form_Selection_Creation/login_Username"), UserName)

2019-01-30 12:03:48 - [MESSAGE][NOT_RUN] - NOT_RUN: setText(findTestObject("Form_Selection_Creation/login_Username"), UserName)

2019-01-30 12:03:48 - [TEST_STEP][NOT_RUN] - setText(findTestObject("Form_Selection_Creation/login_Password"), Password): NOT_RUN: setText(findTestObject("Form_Selection_Creation/login_Password"), Password)

2019-01-30 12:03:48 - [MESSAGE][NOT_RUN] - NOT_RUN: setText(findTestObject("Form_Selection_Creation/login_Password"), Password)

2019-01-30 12:03:48 - [TEST_STEP][PASSED] - Supplier.setWG(): Supplier.setWG is PASSED

2019-01-30 12:03:48 - [MESSAGE][PASSED] - Supplier.setWG is PASSED

2019-01-30 12:03:48 - [TEST_STEP][NOT_RUN] - click(findTestObject("Form_Selection_Creation/login_Button")): NOT_RUN: click(findTestObject("Form_Selection_Creation/login_Button"))

2019-01-30 12:03:48 - [MESSAGE][NOT_RUN] - NOT_RUN: click(findTestObject("Form_Selection_Creation/login_Button"))

2019-01-30 12:03:48 - [TEST_STEP][PASSED] - Thread.sleep(4000): null

2019-01-30 12:03:52 - [TEST_STEP][PASSED] - click(findTestObject("Form_Selection_Creation/mainMenu_Button")): Object: 'Object Repository/Form_Selection_Creation/mainMenu_Button' is clicked on

2019-01-30 12:03:53 - [MESSAGE][PASSED] - Object: 'Object Repository/Form_Selection_Creation/mainMenu_Button' is clicked on

2019-01-30 12:03:53 - [TEST_STEP][NOT_RUN] - click(findTestObject("Form_Selection_Creation/mainMenu_AdminTools")): NOT_RUN: click(findTestObject("Form_Selection_Creation/mainMenu_AdminTools"))

2019-01-30 12:03:53 - [MESSAGE][NOT_RUN] - NOT_RUN: click(findTestObject("Form_Selection_Creation/mainMenu_AdminTools"))

2019-01-30 12:03:53 - [TEST_STEP][PASSED] - click(findTestObject("SupplierFlow/workgroup")): Object: 'Object Repository/SupplierFlow/workgroup' is clicked on

2019-01-30 12:03:53 - [MESSAGE][PASSED] - Object: 'Object Repository/SupplierFlow/workgroup' is clicked on

2019-01-30 12:03:53 - [TEST_STEP][PASSED] - Thread.sleep(5000): null

2019-01-30 12:03:58 - [TEST_STEP][PASSED] - click(findTestObject("SupplierFlow/addButtonWG")): Object: 'Object Repository/SupplierFlow/addButtonWG' is clicked on

2019-01-30 12:03:58 - [MESSAGE][PASSED] - Object: 'Object Repository/SupplierFlow/addButtonWG' is clicked on

2019-01-30 12:03:58 - [TEST_STEP][PASSED] - setText(findTestObject("SupplierFlow/setWGText"), findTestData("SupplierData").getValue("WorkGroupName", 1)): Text 'WorkGroup_30/01/19-12:03' is set on object 'Object Repository/SupplierFlow/setWGText'

2019-01-30 12:03:59 - [MESSAGE][PASSED] - Text 'WorkGroup_30/01/19-12:03' is set on object 'Object Repository/SupplierFlow/setWGText'

2019-01-30 12:03:59 - [TEST_STEP][PASSED] - sendKeys(findTestObject("SupplierFlow/setWGText"), Keys.chord(ENTER)): Keys 'ENTER + ' sent to object: 'Object Repository/SupplierFlow/setWGText'

2019-01-30 12:03:59 - [MESSAGE][PASSED] - Keys 'ENTER + ' sent to object: 'Object Repository/SupplierFlow/setWGText'

2019-01-30 12:03:59 - [TEST_STEP][PASSED] - Thread.sleep(6000): null

2019-01-30 12:04:05 - [TEST_STEP][PASSED] - AdminTool_Location.moveCursor(): AdminTool_Location.moveCursor is PASSED

2019-01-30 12:04:05 - [MESSAGE][PASSED] - AdminTool_Location.moveCursor is PASSED

2019-01-30 12:04:05 - [TEST_STEP][PASSED] - Thread.sleep(2000): null

2019-01-30 12:04:07 - [TEST_STEP][PASSED] - setText(findTestObject("SupplierFlow/searchUserInWG"), findTestData("UserData").getValue("UserName", 1)): Text 'User_On_30/01/19-12:02' is set on object 'Object Repository/SupplierFlow/searchUserInWG'

2019-01-30 12:04:08 - [MESSAGE][PASSED] - Text 'User_On_30/01/19-12:02' is set on object 'Object Repository/SupplierFlow/searchUserInWG'

2019-01-30 12:04:08 - [TEST_STEP][NOT_RUN] - setText(findTestObject("SupplierFlow/searchUserInWG"), "tester"): NOT_RUN: setText(findTestObject("SupplierFlow/searchUserInWG"), "tester")

2019-01-30 12:04:08 - [MESSAGE][NOT_RUN] - NOT_RUN: setText(findTestObject("SupplierFlow/searchUserInWG"), "tester")

2019-01-30 12:04:08 - [TEST_STEP][PASSED] - sendKeys(findTestObject("SupplierFlow/searchUserInWG"), Keys.chord(ENTER)): Keys 'ENTER + ' sent to object: 'Object Repository/SupplierFlow/searchUserInWG'

2019-01-30 12:04:08 - [MESSAGE][PASSED] - Keys 'ENTER + ' sent to object: 'Object Repository/SupplierFlow/searchUserInWG'

2019-01-30 12:04:08 - [TEST_STEP][PASSED] - Thread.sleep(4000): null

2019-01-30 12:04:12 - [TEST_STEP][PASSED] - check(findTestObject("SupplierFlow/checkUserinWG")): Object 'Object Repository/SupplierFlow/checkUserinWG' is checked

2019-01-30 12:04:12 - [MESSAGE][PASSED] - Object 'Object Repository/SupplierFlow/checkUserinWG' is checked

2019-01-30 12:04:12 - [TEST_STEP][PASSED] - Thread.sleep(3000): null

2019-01-30 12:04:15 - [TEST_STEP][PASSED] - clearText(findTestObject("SupplierFlow/searchUserInWG"), STOP_ON_FAILURE): Text of object 'Object Repository/SupplierFlow/searchUserInWG' is cleared

2019-01-30 12:04:15 - [MESSAGE][PASSED] - Text of object 'Object Repository/SupplierFlow/searchUserInWG' is cleared

2019-01-30 12:04:15 - [TEST_STEP][PASSED] - Thread.sleep(2000): null

2019-01-30 12:04:17 - [TEST_STEP][PASSED] - setText(findTestObject("SupplierFlow/searchUserInWG"), UserName): Text 'tester' is set on object 'Object Repository/SupplierFlow/searchUserInWG'

2019-01-30 12:04:17 - [MESSAGE][PASSED] - Text 'tester' is set on object 'Object Repository/SupplierFlow/searchUserInWG'

2019-01-30 12:04:17 - [TEST_STEP][PASSED] - sendKeys(findTestObject("SupplierFlow/searchUserInWG"), Keys.chord(ENTER)): Keys 'ENTER + ' sent to object: 'Object Repository/SupplierFlow/searchUserInWG'

2019-01-30 12:04:17 - [MESSAGE][PASSED] - Keys 'ENTER + ' sent to object: 'Object Repository/SupplierFlow/searchUserInWG'

2019-01-30 12:04:17 - [TEST_STEP][PASSED] - Thread.sleep(4000): null

2019-01-30 12:04:21 - [TEST_STEP][PASSED] - check(findTestObject("SupplierFlow/checkUserinWG")): Object 'Object Repository/SupplierFlow/checkUserinWG' is checked

2019-01-30 12:04:21 - [MESSAGE][PASSED] - Object 'Object Repository/SupplierFlow/checkUserinWG' is checked

2019-01-30 12:04:21 - [TEST_STEP][PASSED] - Thread.sleep(3000): null

2019-01-30 12:04:24 - [TEST_STEP][PASSED] - click(findTestObject("SupplierFlow/saveInWG")): Object: 'Object Repository/SupplierFlow/saveInWG' is clicked on

2019-01-30 12:04:25 - [MESSAGE][PASSED] - Object: 'Object Repository/SupplierFlow/saveInWG' is clicked on

2019-01-30 12:04:25 - [TEST_STEP][PASSED] - Thread.sleep(3000): null

2019-01-30 12:04:28 - [TEST_STEP][PASSED] - click(findTestObject("Form_Selection_Creation/home")): Object: 'Object Repository/Form_Selection_Creation/home' is clicked on

2019-01-30 12:04:28 - [MESSAGE][PASSED] - Object: 'Object Repository/Form_Selection_Creation/home' is clicked on]]></system-out>
         <system-err><![CDATA[]]></system-err>
      </testcase>
      <testcase name="Test Cases/Data-Security/UploadDocumentFromAdmin" classname="Test Cases/Data-Security/UploadDocumentFromAdmin" status="PASSED">
         <system-out><![CDATA[2019-01-30 12:04:28 - [TEST_CASE][PASSED] - Test Cases/Data-Security/UploadDocumentFromAdmin: Test Cases/Data-Security/UploadDocumentFromAdmin

2019-01-30 12:04:28 - [TEST_STEP][NOT_RUN] - openBrowser(URL): NOT_RUN: openBrowser(URL)

2019-01-30 12:04:28 - [MESSAGE][NOT_RUN] - NOT_RUN: openBrowser(URL)

2019-01-30 12:04:28 - [TEST_STEP][NOT_RUN] - maximizeWindow(): NOT_RUN: maximizeWindow()

2019-01-30 12:04:28 - [MESSAGE][NOT_RUN] - NOT_RUN: maximizeWindow()

2019-01-30 12:04:28 - [TEST_STEP][NOT_RUN] - setText(findTestObject("DMS_Forms/login_Username"), UserName): NOT_RUN: setText(findTestObject("DMS_Forms/login_Username"), UserName)

2019-01-30 12:04:28 - [MESSAGE][NOT_RUN] - NOT_RUN: setText(findTestObject("DMS_Forms/login_Username"), UserName)

2019-01-30 12:04:28 - [TEST_STEP][NOT_RUN] - setText(findTestObject("DMS_Forms/login_Password"), Password): NOT_RUN: setText(findTestObject("DMS_Forms/login_Password"), Password)

2019-01-30 12:04:28 - [MESSAGE][NOT_RUN] - NOT_RUN: setText(findTestObject("DMS_Forms/login_Password"), Password)

2019-01-30 12:04:28 - [TEST_STEP][PASSED] - path = relativeToAbsolutePath("../SafetyChain-Test-Automation-Katalon/SCTestData", getProjectDir()): null

2019-01-30 12:04:28 - [TEST_STEP][NOT_RUN] - click(findTestObject("DMS_Forms/login_Button")): NOT_RUN: click(findTestObject("DMS_Forms/login_Button"))

2019-01-30 12:04:28 - [MESSAGE][NOT_RUN] - NOT_RUN: click(findTestObject("DMS_Forms/login_Button"))

2019-01-30 12:04:28 - [TEST_STEP][PASSED] - Thread.sleep(4000): null

2019-01-30 12:04:32 - [TEST_STEP][PASSED] - click(findTestObject("DMS_Forms/mainmenu_button")): Object: 'Object Repository/DMS_Forms/mainmenu_button' is clicked on

2019-01-30 12:04:32 - [MESSAGE][PASSED] - Object: 'Object Repository/DMS_Forms/mainmenu_button' is clicked on

2019-01-30 12:04:32 - [TEST_STEP][PASSED] - click(findTestObject("DMS_Forms/mainmenu_Document")): Object: 'Object Repository/DMS_Forms/mainmenu_Document' is clicked on

2019-01-30 12:04:33 - [MESSAGE][PASSED] - Object: 'Object Repository/DMS_Forms/mainmenu_Document' is clicked on

2019-01-30 12:04:33 - [TEST_STEP][PASSED] - Thread.sleep(4000): null

2019-01-30 12:04:37 - [TEST_STEP][PASSED] - Submission.docUploadAdmin(): Submission.docUploadAdmin is PASSED

2019-01-30 12:04:49 - [MESSAGE][PASSED] - Submission.docUploadAdmin is PASSED

2019-01-30 12:04:49 - [TEST_STEP][PASSED] - Thread.sleep(4000): null

2019-01-30 12:04:53 - [TEST_STEP][PASSED] - setText(findTestObject("DMS/searchDocument"), findTestData("LocationData").getValue(8, 1)): Text 'SubCustomer2_30/01/19-11:53' is set on object 'Object Repository/DMS/searchDocument'

2019-01-30 12:04:54 - [MESSAGE][PASSED] - Text 'SubCustomer2_30/01/19-11:53' is set on object 'Object Repository/DMS/searchDocument'

2019-01-30 12:04:54 - [TEST_STEP][PASSED] - Thread.sleep(2000): null

2019-01-30 12:04:56 - [TEST_STEP][PASSED] - sendKeys(findTestObject("DMS/searchDocument"), Keys.chord(DOWN)): Keys 'DOWN + ' sent to object: 'Object Repository/DMS/searchDocument'

2019-01-30 12:04:56 - [MESSAGE][PASSED] - Keys 'DOWN + ' sent to object: 'Object Repository/DMS/searchDocument'

2019-01-30 12:04:56 - [TEST_STEP][PASSED] - Thread.sleep(2000): null

2019-01-30 12:04:58 - [TEST_STEP][PASSED] - sendKeys(findTestObject("DMS/searchDocument"), Keys.chord(ENTER)): Keys 'ENTER + ' sent to object: 'Object Repository/DMS/searchDocument'

2019-01-30 12:04:58 - [MESSAGE][PASSED] - Keys 'ENTER + ' sent to object: 'Object Repository/DMS/searchDocument'

2019-01-30 12:04:58 - [TEST_STEP][PASSED] - Thread.sleep(6000): null

2019-01-30 12:05:04 - [TEST_STEP][PASSED] - filePath = path + "/Lighthouse.jpg": null

2019-01-30 12:05:04 - [TEST_STEP][PASSED] - sendKeys(findTestObject("DMS/uploadFile"), filePath): Keys 'D:\Git Data\SafetyChain-Test-Automation-Katalon\SCTestData/Lighthouse.jpg' sent to object: 'Object Repository/DMS/uploadFile'

2019-01-30 12:05:04 - [MESSAGE][PASSED] - Keys 'D:\Git Data\SafetyChain-Test-Automation-Katalon\SCTestData/Lighthouse.jpg' sent to object: 'Object Repository/DMS/uploadFile'

2019-01-30 12:05:04 - [TEST_STEP][PASSED] - Thread.sleep(6000): null]]></system-out>
         <system-err><![CDATA[]]></system-err>
      </testcase>
      <testcase name="Test Cases/Data-Security/1_CreateForm" classname="Test Cases/Data-Security/1_CreateForm" status="PASSED">
         <system-out><![CDATA[2019-01-30 12:05:10 - [TEST_CASE][PASSED] - Test Cases/Data-Security/1_CreateForm: Test Cases/Data-Security/1_CreateForm

2019-01-30 12:05:10 - [TEST_STEP][NOT_RUN] - openBrowser(URL): NOT_RUN: openBrowser(URL)

2019-01-30 12:05:10 - [MESSAGE][NOT_RUN] - NOT_RUN: openBrowser(URL)

2019-01-30 12:05:10 - [TEST_STEP][NOT_RUN] - maximizeWindow(): NOT_RUN: maximizeWindow()

2019-01-30 12:05:10 - [MESSAGE][NOT_RUN] - NOT_RUN: maximizeWindow()

2019-01-30 12:05:10 - [TEST_STEP][NOT_RUN] - setText(findTestObject("Form_Selection_Creation/login_Username"), UserName): NOT_RUN: setText(findTestObject("Form_Selection_Creation/login_Username"), UserName)

2019-01-30 12:05:10 - [MESSAGE][NOT_RUN] - NOT_RUN: setText(findTestObject("Form_Selection_Creation/login_Username"), UserName)

2019-01-30 12:05:10 - [TEST_STEP][NOT_RUN] - setText(findTestObject("Form_Selection_Creation/login_Password"), Password): NOT_RUN: setText(findTestObject("Form_Selection_Creation/login_Password"), Password)

2019-01-30 12:05:10 - [MESSAGE][NOT_RUN] - NOT_RUN: setText(findTestObject("Form_Selection_Creation/login_Password"), Password)

2019-01-30 12:05:10 - [TEST_STEP][PASSED] - FormName.setData(): FormName.setData is PASSED

2019-01-30 12:05:10 - [MESSAGE][PASSED] - FormName.setData is PASSED

2019-01-30 12:05:10 - [TEST_STEP][NOT_RUN] - click(findTestObject("Form_Selection_Creation/login_Button")): NOT_RUN: click(findTestObject("Form_Selection_Creation/login_Button"))

2019-01-30 12:05:10 - [MESSAGE][NOT_RUN] - NOT_RUN: click(findTestObject("Form_Selection_Creation/login_Button"))

2019-01-30 12:05:10 - [TEST_STEP][PASSED] - Thread.sleep(3000): null

2019-01-30 12:05:13 - [TEST_STEP][PASSED] - AdminTool_Location.moveCursor(): AdminTool_Location.moveCursor is PASSED

2019-01-30 12:05:13 - [MESSAGE][PASSED] - AdminTool_Location.moveCursor is PASSED

2019-01-30 12:05:13 - [TEST_STEP][NOT_RUN] - Thread.sleep(2000): NOT_RUN: Thread.sleep(2000)

2019-01-30 12:05:13 - [MESSAGE][NOT_RUN] - NOT_RUN: Thread.sleep(2000)

2019-01-30 12:05:13 - [TEST_STEP][PASSED] - click(findTestObject("Form_Selection_Creation/mainMenu_Button")): Object: 'Object Repository/Form_Selection_Creation/mainMenu_Button' is clicked on

2019-01-30 12:05:13 - [MESSAGE][PASSED] - Object: 'Object Repository/Form_Selection_Creation/mainMenu_Button' is clicked on

2019-01-30 12:05:13 - [TEST_STEP][NOT_RUN] - click(findTestObject("Form_Selection_Creation/mainMenu_AdminTools")): NOT_RUN: click(findTestObject("Form_Selection_Creation/mainMenu_AdminTools"))

2019-01-30 12:05:13 - [MESSAGE][NOT_RUN] - NOT_RUN: click(findTestObject("Form_Selection_Creation/mainMenu_AdminTools"))

2019-01-30 12:05:13 - [TEST_STEP][PASSED] - waitForElementVisible(findTestObject("Form_Selection_Creation/mainMenu_AdminTools_FormDesigner"), 45): Object 'Object Repository/Form_Selection_Creation/mainMenu_AdminTools_FormDesigner' is visible

2019-01-30 12:05:13 - [MESSAGE][PASSED] - Object 'Object Repository/Form_Selection_Creation/mainMenu_AdminTools_FormDesigner' is visible

2019-01-30 12:05:13 - [TEST_STEP][PASSED] - click(findTestObject("Form_Selection_Creation/mainMenu_AdminTools_FormDesigner")): Object: 'Object Repository/Form_Selection_Creation/mainMenu_AdminTools_FormDesigner' is clicked on

2019-01-30 12:05:13 - [MESSAGE][PASSED] - Object: 'Object Repository/Form_Selection_Creation/mainMenu_AdminTools_FormDesigner' is clicked on

2019-01-30 12:05:13 - [TEST_STEP][PASSED] - click(findTestObject("Form_Selection_Creation/selectCheckForm")): Object: 'Object Repository/Form_Selection_Creation/selectCheckForm' is clicked on

2019-01-30 12:05:14 - [MESSAGE][PASSED] - Object: 'Object Repository/Form_Selection_Creation/selectCheckForm' is clicked on

2019-01-30 12:05:14 - [TEST_STEP][PASSED] - Thread.sleep(3000): null

2019-01-30 12:05:17 - [TEST_STEP][PASSED] - waitForElementClickable(findTestObject("Form_Selection_Creation/formDesign_selectResource"), 25): Object 'Object Repository/Form_Selection_Creation/formDesign_selectResource' is clickable

2019-01-30 12:05:17 - [MESSAGE][PASSED] - Object 'Object Repository/Form_Selection_Creation/formDesign_selectResource' is clickable

2019-01-30 12:05:17 - [TEST_STEP][PASSED] - AdminTool_Location.dragDropCust(2): Element has been clicked

2019-01-30 12:05:21 - [MESSAGE][PASSED] - Element has been clicked

2019-01-30 12:05:21 - [TEST_STEP][NOT_RUN] - dragAndDropToObject(findTestObject("Form_Selection_Creation/formDesign_selectResource"), findTestObject("Form_Selection_Creation/Target_Res_Object")): NOT_RUN: dragAndDropToObject(findTestObject("Form_Selection_Creation/formDesign_selectResource"), findTestObject("Form_Selection_Creation/Target_Res_Object"))

2019-01-30 12:05:21 - [MESSAGE][NOT_RUN] - NOT_RUN: dragAndDropToObject(findTestObject("Form_Selection_Creation/formDesign_selectResource"), findTestObject("Form_Selection_Creation/Target_Res_Object"))

2019-01-30 12:05:21 - [TEST_STEP][PASSED] - waitForElementClickable(findTestObject("Form_Selection_Creation/openResType"), 25): Object 'Object Repository/Form_Selection_Creation/openResType' is clickable

2019-01-30 12:05:21 - [MESSAGE][PASSED] - Object 'Object Repository/Form_Selection_Creation/openResType' is clickable

2019-01-30 12:05:21 - [TEST_STEP][PASSED] - Thread.sleep(4000): null

2019-01-30 12:05:25 - [TEST_STEP][PASSED] - click(findTestObject("Form_Selection_Creation/openResType")): Object: 'Object Repository/Form_Selection_Creation/openResType' is clicked on

2019-01-30 12:05:25 - [MESSAGE][PASSED] - Object: 'Object Repository/Form_Selection_Creation/openResType' is clicked on

2019-01-30 12:05:25 - [TEST_STEP][PASSED] - Thread.sleep(2000): null

2019-01-30 12:05:27 - [TEST_STEP][PASSED] - click(findTestObject("Form_Selection_Creation/selectEquipment")): Object: 'Object Repository/Form_Selection_Creation/selectEquipment' is clicked on

2019-01-30 12:05:27 - [MESSAGE][PASSED] - Object: 'Object Repository/Form_Selection_Creation/selectEquipment' is clicked on

2019-01-30 12:05:27 - [TEST_STEP][PASSED] - waitForElementClickable(findTestObject("Form_Selection_Creation/formDesign_selectResource"), 25): Object 'Object Repository/Form_Selection_Creation/formDesign_selectResource' is clickable

2019-01-30 12:05:27 - [MESSAGE][PASSED] - Object 'Object Repository/Form_Selection_Creation/formDesign_selectResource' is clickable

2019-01-30 12:05:27 - [TEST_STEP][PASSED] - Thread.sleep(2000): null

2019-01-30 12:05:29 - [TEST_STEP][PASSED] - AdminTool_Location.dragDropCust(3): Element has been clicked

2019-01-30 12:05:34 - [MESSAGE][PASSED] - Element has been clicked

2019-01-30 12:05:34 - [TEST_STEP][NOT_RUN] - dragAndDropToObject(findTestObject("Form_Selection_Creation/formDesign_selectResource"), findTestObject("Form_Selection_Creation/Target_Res_Object")): NOT_RUN: dragAndDropToObject(findTestObject("Form_Selection_Creation/formDesign_selectResource"), findTestObject("Form_Selection_Creation/Target_Res_Object"))

2019-01-30 12:05:34 - [MESSAGE][NOT_RUN] - NOT_RUN: dragAndDropToObject(findTestObject("Form_Selection_Creation/formDesign_selectResource"), findTestObject("Form_Selection_Creation/Target_Res_Object"))

2019-01-30 12:05:34 - [TEST_STEP][PASSED] - waitForElementClickable(findTestObject("Form_Selection_Creation/openResType"), 25): Object 'Object Repository/Form_Selection_Creation/openResType' is clickable

2019-01-30 12:05:34 - [MESSAGE][PASSED] - Object 'Object Repository/Form_Selection_Creation/openResType' is clickable

2019-01-30 12:05:34 - [TEST_STEP][PASSED] - Thread.sleep(4000): null

2019-01-30 12:05:38 - [TEST_STEP][PASSED] - click(findTestObject("Form_Selection_Creation/openResType")): Object: 'Object Repository/Form_Selection_Creation/openResType' is clicked on

2019-01-30 12:05:38 - [MESSAGE][PASSED] - Object: 'Object Repository/Form_Selection_Creation/openResType' is clicked on

2019-01-30 12:05:38 - [TEST_STEP][PASSED] - Thread.sleep(2000): null

2019-01-30 12:05:40 - [TEST_STEP][PASSED] - click(findTestObject("Form_Selection_Creation/selectItem")): Object: 'Object Repository/Form_Selection_Creation/selectItem' is clicked on

2019-01-30 12:05:40 - [MESSAGE][PASSED] - Object: 'Object Repository/Form_Selection_Creation/selectItem' is clicked on

2019-01-30 12:05:40 - [TEST_STEP][PASSED] - waitForElementClickable(findTestObject("Form_Selection_Creation/formDesign_selectResource"), 25): Object 'Object Repository/Form_Selection_Creation/formDesign_selectResource' is clickable

2019-01-30 12:05:40 - [MESSAGE][PASSED] - Object 'Object Repository/Form_Selection_Creation/formDesign_selectResource' is clickable

2019-01-30 12:05:40 - [TEST_STEP][PASSED] - Thread.sleep(2000): null

2019-01-30 12:05:42 - [TEST_STEP][PASSED] - AdminTool_Location.dragDropCust(4): Element has been clicked

2019-01-30 12:05:46 - [MESSAGE][PASSED] - Element has been clicked

2019-01-30 12:05:46 - [TEST_STEP][NOT_RUN] - dragAndDropToObject(findTestObject("Form_Selection_Creation/formDesign_selectResource"), findTestObject("Form_Selection_Creation/Target_Res_Object")): NOT_RUN: dragAndDropToObject(findTestObject("Form_Selection_Creation/formDesign_selectResource"), findTestObject("Form_Selection_Creation/Target_Res_Object"))

2019-01-30 12:05:46 - [MESSAGE][NOT_RUN] - NOT_RUN: dragAndDropToObject(findTestObject("Form_Selection_Creation/formDesign_selectResource"), findTestObject("Form_Selection_Creation/Target_Res_Object"))

2019-01-30 12:05:46 - [TEST_STEP][PASSED] - waitForElementClickable(findTestObject("Form_Selection_Creation/openResType"), 25): Object 'Object Repository/Form_Selection_Creation/openResType' is clickable

2019-01-30 12:05:46 - [MESSAGE][PASSED] - Object 'Object Repository/Form_Selection_Creation/openResType' is clickable

2019-01-30 12:05:46 - [TEST_STEP][PASSED] - Thread.sleep(4000): null

2019-01-30 12:05:50 - [TEST_STEP][PASSED] - click(findTestObject("Form_Selection_Creation/openResType")): Object: 'Object Repository/Form_Selection_Creation/openResType' is clicked on

2019-01-30 12:05:50 - [MESSAGE][PASSED] - Object: 'Object Repository/Form_Selection_Creation/openResType' is clicked on

2019-01-30 12:05:50 - [TEST_STEP][PASSED] - Thread.sleep(2000): null

2019-01-30 12:05:52 - [TEST_STEP][PASSED] - click(findTestObject("Form_Selection_Creation/selectSupplier")): Object: 'Object Repository/Form_Selection_Creation/selectSupplier' is clicked on

2019-01-30 12:05:52 - [MESSAGE][PASSED] - Object: 'Object Repository/Form_Selection_Creation/selectSupplier' is clicked on

2019-01-30 12:05:52 - [TEST_STEP][PASSED] - waitForElementClickable(findTestObject("Form_Selection_Creation/formDesign_selectResource"), 25): Object 'Object Repository/Form_Selection_Creation/formDesign_selectResource' is clickable

2019-01-30 12:05:52 - [MESSAGE][PASSED] - Object 'Object Repository/Form_Selection_Creation/formDesign_selectResource' is clickable

2019-01-30 12:05:52 - [TEST_STEP][PASSED] - Thread.sleep(2000): null

2019-01-30 12:05:54 - [TEST_STEP][PASSED] - AdminTool_Location.dragDropCust(5): Element has been clicked

2019-01-30 12:05:59 - [MESSAGE][PASSED] - Element has been clicked

2019-01-30 12:05:59 - [TEST_STEP][NOT_RUN] - dragAndDropToObject(findTestObject("Form_Selection_Creation/formDesign_selectResource"), findTestObject("Form_Selection_Creation/Target_Res_Object")): NOT_RUN: dragAndDropToObject(findTestObject("Form_Selection_Creation/formDesign_selectResource"), findTestObject("Form_Selection_Creation/Target_Res_Object"))

2019-01-30 12:05:59 - [MESSAGE][NOT_RUN] - NOT_RUN: dragAndDropToObject(findTestObject("Form_Selection_Creation/formDesign_selectResource"), findTestObject("Form_Selection_Creation/Target_Res_Object"))

2019-01-30 12:05:59 - [TEST_STEP][PASSED] - waitForElementClickable(findTestObject("Form_Selection_Creation/formDesign_selectResource"), 25): Object 'Object Repository/Form_Selection_Creation/formDesign_selectResource' is clickable

2019-01-30 12:05:59 - [MESSAGE][PASSED] - Object 'Object Repository/Form_Selection_Creation/formDesign_selectResource' is clickable

2019-01-30 12:05:59 - [TEST_STEP][PASSED] - Thread.sleep(4000): null

2019-01-30 12:06:03 - [TEST_STEP][PASSED] - click(findTestObject("Form_Selection_Creation/formCreation_NextToDesignForm")): Object: 'Object Repository/Form_Selection_Creation/formCreation_NextToDesignForm' is clicked on

2019-01-30 12:06:03 - [MESSAGE][PASSED] - Object: 'Object Repository/Form_Selection_Creation/formCreation_NextToDesignForm' is clicked on

2019-01-30 12:06:03 - [TEST_STEP][PASSED] - Thread.sleep(4000): null

2019-01-30 12:06:07 - [TEST_STEP][PASSED] - FormName.createForm(findTestObject("Form_Selection_Creation/formDesign_FormName")): FormName.createForm is PASSED

2019-01-30 12:06:07 - [MESSAGE][PASSED] - FormName.createForm is PASSED

2019-01-30 12:06:07 - [TEST_STEP][PASSED] - Thread.sleep(2000): null

2019-01-30 12:06:09 - [TEST_STEP][PASSED] - dragAndDropToObject(findTestObject("Form_Selection_Creation/formDesign_SelectSection"), findTestObject("Form_Selection_Creation/default_area")): Dragged object with id 'Object Repository/Form_Selection_Creation/formDesign_SelectSection' to object with id 'TestObject - 'Object Repository/Form_Selection_Creation/default_area'' successfully

2019-01-30 12:06:10 - [MESSAGE][PASSED] - Dragged object with id 'Object Repository/Form_Selection_Creation/formDesign_SelectSection' to object with id 'TestObject - 'Object Repository/Form_Selection_Creation/default_area'' successfully

2019-01-30 12:06:10 - [TEST_STEP][PASSED] - setText(findTestObject("Form_Selection_Creation/formDesign_SectionName"), "This is a Section"): Text 'This is a Section' is set on object 'Object Repository/Form_Selection_Creation/formDesign_SectionName'

2019-01-30 12:06:10 - [MESSAGE][PASSED] - Text 'This is a Section' is set on object 'Object Repository/Form_Selection_Creation/formDesign_SectionName'

2019-01-30 12:06:10 - [TEST_STEP][PASSED] - Thread.sleep(2000): null

2019-01-30 12:06:12 - [TEST_STEP][PASSED] - dragAndDropToObject(findTestObject("Form_Selection_Creation/formDesign_SelectFieldgroup"), findTestObject("Form_Selection_Creation/section_area")): Dragged object with id 'Object Repository/Form_Selection_Creation/formDesign_SelectFieldgroup' to object with id 'TestObject - 'Object Repository/Form_Selection_Creation/section_area'' successfully

2019-01-30 12:06:13 - [MESSAGE][PASSED] - Dragged object with id 'Object Repository/Form_Selection_Creation/formDesign_SelectFieldgroup' to object with id 'TestObject - 'Object Repository/Form_Selection_Creation/section_area'' successfully

2019-01-30 12:06:13 - [TEST_STEP][PASSED] - setText(findTestObject("Form_Selection_Creation/formDesign_FieldGroupName"), "This is Field Group"): Text 'This is Field Group' is set on object 'Object Repository/Form_Selection_Creation/formDesign_FieldGroupName'

2019-01-30 12:06:14 - [MESSAGE][PASSED] - Text 'This is Field Group' is set on object 'Object Repository/Form_Selection_Creation/formDesign_FieldGroupName'

2019-01-30 12:06:14 - [TEST_STEP][PASSED] - Thread.sleep(2000): null

2019-01-30 12:06:16 - [TEST_STEP][PASSED] - dragAndDropToObject(findTestObject("Form_Selection_Creation/formDesign_SelectFree Text"), findTestObject("Form_Selection_Creation/group_area")): Dragged object with id 'Object Repository/Form_Selection_Creation/formDesign_SelectFree Text' to object with id 'TestObject - 'Object Repository/Form_Selection_Creation/group_area'' successfully

2019-01-30 12:06:16 - [MESSAGE][PASSED] - Dragged object with id 'Object Repository/Form_Selection_Creation/formDesign_SelectFree Text' to object with id 'TestObject - 'Object Repository/Form_Selection_Creation/group_area'' successfully

2019-01-30 12:06:16 - [TEST_STEP][PASSED] - setText(findTestObject("Form_Selection_Creation/formDesign_FreetextName"), "This is Free Text"): Text 'This is Free Text' is set on object 'Object Repository/Form_Selection_Creation/formDesign_FreetextName'

2019-01-30 12:06:17 - [MESSAGE][PASSED] - Text 'This is Free Text' is set on object 'Object Repository/Form_Selection_Creation/formDesign_FreetextName'

2019-01-30 12:06:17 - [TEST_STEP][PASSED] - Thread.sleep(2000): null

2019-01-30 12:06:19 - [TEST_STEP][PASSED] - dragAndDropToObject(findTestObject("Form_Selection_Creation/formDesign_SelectParagraphText"), findTestObject("Form_Selection_Creation/group_area")): Dragged object with id 'Object Repository/Form_Selection_Creation/formDesign_SelectParagraphText' to object with id 'TestObject - 'Object Repository/Form_Selection_Creation/group_area'' successfully

2019-01-30 12:06:20 - [MESSAGE][PASSED] - Dragged object with id 'Object Repository/Form_Selection_Creation/formDesign_SelectParagraphText' to object with id 'TestObject - 'Object Repository/Form_Selection_Creation/group_area'' successfully

2019-01-30 12:06:20 - [TEST_STEP][PASSED] - setText(findTestObject("Form_Selection_Creation/formDesign_ParagraphName"), "This is Paragraph"): Text 'This is Paragraph' is set on object 'Object Repository/Form_Selection_Creation/formDesign_ParagraphName'

2019-01-30 12:06:20 - [MESSAGE][PASSED] - Text 'This is Paragraph' is set on object 'Object Repository/Form_Selection_Creation/formDesign_ParagraphName'

2019-01-30 12:06:20 - [TEST_STEP][PASSED] - Thread.sleep(2000): null

2019-01-30 12:06:22 - [TEST_STEP][PASSED] - dragAndDropToObject(findTestObject("Form_Selection_Creation/formDesign_Select_SelectOne"), findTestObject("Form_Selection_Creation/group_area")): Dragged object with id 'Object Repository/Form_Selection_Creation/formDesign_Select_SelectOne' to object with id 'TestObject - 'Object Repository/Form_Selection_Creation/group_area'' successfully

2019-01-30 12:06:23 - [MESSAGE][PASSED] - Dragged object with id 'Object Repository/Form_Selection_Creation/formDesign_Select_SelectOne' to object with id 'TestObject - 'Object Repository/Form_Selection_Creation/group_area'' successfully

2019-01-30 12:06:23 - [TEST_STEP][PASSED] - setText(findTestObject("Form_Selection_Creation/formDesign_Select_OneName"), "This is Select One"): Text 'This is Select One' is set on object 'Object Repository/Form_Selection_Creation/formDesign_Select_OneName'

2019-01-30 12:06:23 - [MESSAGE][PASSED] - Text 'This is Select One' is set on object 'Object Repository/Form_Selection_Creation/formDesign_Select_OneName'

2019-01-30 12:06:23 - [TEST_STEP][PASSED] - Thread.sleep(3000): null

2019-01-30 12:06:26 - [TEST_STEP][PASSED] - click(findTestObject("Form_Selection_Creation/button_Add New")): Object: 'Object Repository/Form_Selection_Creation/button_Add New' is clicked on

2019-01-30 12:06:27 - [MESSAGE][PASSED] - Object: 'Object Repository/Form_Selection_Creation/button_Add New' is clicked on

2019-01-30 12:06:27 - [TEST_STEP][PASSED] - setText(findTestObject("Form_Selection_Creation/addSingleValue1"), "Select Option1"): Text 'Select Option1' is set on object 'Object Repository/Form_Selection_Creation/addSingleValue1'

2019-01-30 12:06:27 - [MESSAGE][PASSED] - Text 'Select Option1' is set on object 'Object Repository/Form_Selection_Creation/addSingleValue1'

2019-01-30 12:06:27 - [TEST_STEP][PASSED] - Thread.sleep(2000): null

2019-01-30 12:06:29 - [TEST_STEP][PASSED] - click(findTestObject("Form_Selection_Creation/button_Add New")): Object: 'Object Repository/Form_Selection_Creation/button_Add New' is clicked on

2019-01-30 12:06:29 - [MESSAGE][PASSED] - Object: 'Object Repository/Form_Selection_Creation/button_Add New' is clicked on

2019-01-30 12:06:29 - [TEST_STEP][PASSED] - setText(findTestObject("Form_Selection_Creation/addSingleValue2"), "Select Option2"): Text 'Select Option2' is set on object 'Object Repository/Form_Selection_Creation/addSingleValue2'

2019-01-30 12:06:29 - [MESSAGE][PASSED] - Text 'Select Option2' is set on object 'Object Repository/Form_Selection_Creation/addSingleValue2'

2019-01-30 12:06:29 - [TEST_STEP][PASSED] - Thread.sleep(2000): null

2019-01-30 12:06:31 - [TEST_STEP][PASSED] - dragAndDropToObject(findTestObject("Form_Selection_Creation/formDesign_Select_SelectMultiple"), findTestObject("Form_Selection_Creation/group_area")): Dragged object with id 'Object Repository/Form_Selection_Creation/formDesign_Select_SelectMultiple' to object with id 'TestObject - 'Object Repository/Form_Selection_Creation/group_area'' successfully

2019-01-30 12:06:32 - [MESSAGE][PASSED] - Dragged object with id 'Object Repository/Form_Selection_Creation/formDesign_Select_SelectMultiple' to object with id 'TestObject - 'Object Repository/Form_Selection_Creation/group_area'' successfully

2019-01-30 12:06:32 - [TEST_STEP][PASSED] - setText(findTestObject("Form_Selection_Creation/formDesign_Select_MultipleName"), "This is Select Multiple "): Text 'This is Select Multiple ' is set on object 'Object Repository/Form_Selection_Creation/formDesign_Select_MultipleName'

2019-01-30 12:06:33 - [MESSAGE][PASSED] - Text 'This is Select Multiple ' is set on object 'Object Repository/Form_Selection_Creation/formDesign_Select_MultipleName'

2019-01-30 12:06:33 - [TEST_STEP][PASSED] - Thread.sleep(3000): null

2019-01-30 12:06:36 - [TEST_STEP][PASSED] - click(findTestObject("Form_Selection_Creation/button_AddNewMul")): Object: 'Object Repository/Form_Selection_Creation/button_AddNewMul' is clicked on

2019-01-30 12:06:36 - [MESSAGE][PASSED] - Object: 'Object Repository/Form_Selection_Creation/button_AddNewMul' is clicked on

2019-01-30 12:06:36 - [TEST_STEP][PASSED] - setText(findTestObject("Form_Selection_Creation/addMultipleValue1"), "Multiple Option1"): Text 'Multiple Option1' is set on object 'Object Repository/Form_Selection_Creation/addMultipleValue1'

2019-01-30 12:06:36 - [MESSAGE][PASSED] - Text 'Multiple Option1' is set on object 'Object Repository/Form_Selection_Creation/addMultipleValue1'

2019-01-30 12:06:36 - [TEST_STEP][PASSED] - Thread.sleep(2000): null

2019-01-30 12:06:38 - [TEST_STEP][PASSED] - click(findTestObject("Form_Selection_Creation/button_AddNewMul")): Object: 'Object Repository/Form_Selection_Creation/button_AddNewMul' is clicked on

2019-01-30 12:06:38 - [MESSAGE][PASSED] - Object: 'Object Repository/Form_Selection_Creation/button_AddNewMul' is clicked on

2019-01-30 12:06:38 - [TEST_STEP][PASSED] - setText(findTestObject("Form_Selection_Creation/addMultipleValue2"), "Multiple Option2"): Text 'Multiple Option2' is set on object 'Object Repository/Form_Selection_Creation/addMultipleValue2'

2019-01-30 12:06:38 - [MESSAGE][PASSED] - Text 'Multiple Option2' is set on object 'Object Repository/Form_Selection_Creation/addMultipleValue2'

2019-01-30 12:06:38 - [TEST_STEP][PASSED] - Thread.sleep(2000): null

2019-01-30 12:06:40 - [TEST_STEP][PASSED] - dragAndDropToObject(findTestObject("Form_Selection_Creation/formDesign_SelectNumeric"), findTestObject("Form_Selection_Creation/group_area")): Dragged object with id 'Object Repository/Form_Selection_Creation/formDesign_SelectNumeric' to object with id 'TestObject - 'Object Repository/Form_Selection_Creation/group_area'' successfully

2019-01-30 12:06:41 - [MESSAGE][PASSED] - Dragged object with id 'Object Repository/Form_Selection_Creation/formDesign_SelectNumeric' to object with id 'TestObject - 'Object Repository/Form_Selection_Creation/group_area'' successfully

2019-01-30 12:06:41 - [TEST_STEP][PASSED] - setText(findTestObject("Form_Selection_Creation/formDesignt_NumericName"), "This is Numeric Field."): Text 'This is Numeric Field.' is set on object 'Object Repository/Form_Selection_Creation/formDesignt_NumericName'

2019-01-30 12:06:42 - [MESSAGE][PASSED] - Text 'This is Numeric Field.' is set on object 'Object Repository/Form_Selection_Creation/formDesignt_NumericName'

2019-01-30 12:06:42 - [TEST_STEP][PASSED] - Thread.sleep(2000): null

2019-01-30 12:06:44 - [TEST_STEP][PASSED] - dragAndDropToObject(findTestObject("Form_Selection_Creation/formDesign_SelectDate"), findTestObject("Form_Selection_Creation/group_area")): Dragged object with id 'Object Repository/Form_Selection_Creation/formDesign_SelectDate' to object with id 'TestObject - 'Object Repository/Form_Selection_Creation/group_area'' successfully

2019-01-30 12:06:45 - [MESSAGE][PASSED] - Dragged object with id 'Object Repository/Form_Selection_Creation/formDesign_SelectDate' to object with id 'TestObject - 'Object Repository/Form_Selection_Creation/group_area'' successfully

2019-01-30 12:06:45 - [TEST_STEP][PASSED] - setText(findTestObject("Form_Selection_Creation/formDesign_DateName"), "This is Date"): Text 'This is Date' is set on object 'Object Repository/Form_Selection_Creation/formDesign_DateName'

2019-01-30 12:06:45 - [MESSAGE][PASSED] - Text 'This is Date' is set on object 'Object Repository/Form_Selection_Creation/formDesign_DateName'

2019-01-30 12:06:45 - [TEST_STEP][PASSED] - Thread.sleep(2000): null

2019-01-30 12:06:47 - [TEST_STEP][PASSED] - dragAndDropToObject(findTestObject("Form_Selection_Creation/formDesign_SelectTime"), findTestObject("Form_Selection_Creation/group_area")): Dragged object with id 'Object Repository/Form_Selection_Creation/formDesign_SelectTime' to object with id 'TestObject - 'Object Repository/Form_Selection_Creation/group_area'' successfully

2019-01-30 12:06:48 - [MESSAGE][PASSED] - Dragged object with id 'Object Repository/Form_Selection_Creation/formDesign_SelectTime' to object with id 'TestObject - 'Object Repository/Form_Selection_Creation/group_area'' successfully

2019-01-30 12:06:48 - [TEST_STEP][PASSED] - setText(findTestObject("Form_Selection_Creation/formDesign_TimeName"), "This is Time"): Text 'This is Time' is set on object 'Object Repository/Form_Selection_Creation/formDesign_TimeName'

2019-01-30 12:06:48 - [MESSAGE][PASSED] - Text 'This is Time' is set on object 'Object Repository/Form_Selection_Creation/formDesign_TimeName'

2019-01-30 12:06:48 - [TEST_STEP][PASSED] - Thread.sleep(2000): null

2019-01-30 12:06:50 - [TEST_STEP][PASSED] - dragAndDropToObject(findTestObject("Form_Selection_Creation/formDesign_SelectDateTime"), findTestObject("Form_Selection_Creation/group_area")): Dragged object with id 'Object Repository/Form_Selection_Creation/formDesign_SelectDateTime' to object with id 'TestObject - 'Object Repository/Form_Selection_Creation/group_area'' successfully

2019-01-30 12:06:51 - [MESSAGE][PASSED] - Dragged object with id 'Object Repository/Form_Selection_Creation/formDesign_SelectDateTime' to object with id 'TestObject - 'Object Repository/Form_Selection_Creation/group_area'' successfully

2019-01-30 12:06:51 - [TEST_STEP][PASSED] - setText(findTestObject("Form_Selection_Creation/formDesign_DateTimeName"), "This is Date-Time"): Text 'This is Date-Time' is set on object 'Object Repository/Form_Selection_Creation/formDesign_DateTimeName'

2019-01-30 12:06:52 - [MESSAGE][PASSED] - Text 'This is Date-Time' is set on object 'Object Repository/Form_Selection_Creation/formDesign_DateTimeName'

2019-01-30 12:06:52 - [TEST_STEP][PASSED] - Thread.sleep(2000): null

2019-01-30 12:06:54 - [TEST_STEP][PASSED] - click(findTestObject("Form_Selection_Creation/formCreation_NextToDesignForm")): Object: 'Object Repository/Form_Selection_Creation/formCreation_NextToDesignForm' is clicked on

2019-01-30 12:06:54 - [MESSAGE][PASSED] - Object: 'Object Repository/Form_Selection_Creation/formCreation_NextToDesignForm' is clicked on

2019-01-30 12:06:54 - [TEST_STEP][PASSED] - Thread.sleep(7000): null

2019-01-30 12:07:01 - [TEST_STEP][PASSED] - click(findTestObject("Form_Selection_Creation/div_Preview             Form1")): Object: 'Object Repository/Form_Selection_Creation/div_Preview             Form1' is clicked on

2019-01-30 12:07:01 - [MESSAGE][PASSED] - Object: 'Object Repository/Form_Selection_Creation/div_Preview             Form1' is clicked on

2019-01-30 12:07:01 - [TEST_STEP][PASSED] - Thread.sleep(5000): null

2019-01-30 12:07:06 - [TEST_STEP][PASSED] - click(findTestObject("Form_Selection_Creation/button_Release")): Object: 'Object Repository/Form_Selection_Creation/button_Release' is clicked on

2019-01-30 12:07:06 - [MESSAGE][PASSED] - Object: 'Object Repository/Form_Selection_Creation/button_Release' is clicked on

2019-01-30 12:07:06 - [TEST_STEP][PASSED] - Thread.sleep(4000): null

2019-01-30 12:07:10 - [TEST_STEP][PASSED] - waitForElementClickable(findTestObject("TestUser/clickToCheck"), 45): Object 'Object Repository/TestUser/clickToCheck' is clickable

2019-01-30 12:07:10 - [MESSAGE][PASSED] - Object 'Object Repository/TestUser/clickToCheck' is clickable

2019-01-30 12:07:10 - [TEST_STEP][PASSED] - Thread.sleep(2000): null

2019-01-30 12:07:12 - [TEST_STEP][PASSED] - click(findTestObject("TestUser/clickToCheck")): Object: 'Object Repository/TestUser/clickToCheck' is clicked on

2019-01-30 12:07:12 - [MESSAGE][PASSED] - Object: 'Object Repository/TestUser/clickToCheck' is clicked on

2019-01-30 12:07:12 - [TEST_STEP][PASSED] - Thread.sleep(2000): null

2019-01-30 12:07:14 - [TEST_STEP][PASSED] - click(findTestObject("TestUser/logoutUser")): Object: 'Object Repository/TestUser/logoutUser' is clicked on

2019-01-30 12:07:18 - [MESSAGE][PASSED] - Object: 'Object Repository/TestUser/logoutUser' is clicked on

2019-01-30 12:07:18 - [TEST_STEP][PASSED] - Thread.sleep(2000): null]]></system-out>
         <system-err><![CDATA[]]></system-err>
      </testcase>
      <testcase name="Test Cases/Data-Security/userFirstLogin" classname="Test Cases/Data-Security/userFirstLogin" status="PASSED">
         <system-out><![CDATA[2019-01-30 12:07:20 - [TEST_CASE][PASSED] - Test Cases/Data-Security/userFirstLogin: Test Cases/Data-Security/userFirstLogin

2019-01-30 12:07:20 - [TEST_STEP][NOT_RUN] - openBrowser(URL): NOT_RUN: openBrowser(URL)

2019-01-30 12:07:20 - [MESSAGE][NOT_RUN] - NOT_RUN: openBrowser(URL)

2019-01-30 12:07:20 - [TEST_STEP][NOT_RUN] - maximizeWindow(): NOT_RUN: maximizeWindow()

2019-01-30 12:07:20 - [MESSAGE][NOT_RUN] - NOT_RUN: maximizeWindow()

2019-01-30 12:07:20 - [TEST_STEP][PASSED] - Thread.sleep(4000): null

2019-01-30 12:07:24 - [TEST_STEP][PASSED] - setText(findTestObject("TestUserLocation/login_Username"), findTestData("UserData").getValue("UserName", 1)): Text 'User_On_30/01/19-12:02' is set on object 'Object Repository/TestUserLocation/login_Username'

2019-01-30 12:07:24 - [MESSAGE][PASSED] - Text 'User_On_30/01/19-12:02' is set on object 'Object Repository/TestUserLocation/login_Username'

2019-01-30 12:07:24 - [TEST_STEP][PASSED] - User.setNewPass(): User.setNewPass is PASSED

2019-01-30 12:07:24 - [MESSAGE][PASSED] - User.setNewPass is PASSED

2019-01-30 12:07:24 - [TEST_STEP][PASSED] - setText(findTestObject("TestUserLocation/login_Password"), findTestData("UserData").getValue("Password", 1)): Text 'password' is set on object 'Object Repository/TestUserLocation/login_Password'

2019-01-30 12:07:24 - [MESSAGE][PASSED] - Text 'password' is set on object 'Object Repository/TestUserLocation/login_Password'

2019-01-30 12:07:24 - [TEST_STEP][PASSED] - Thread.sleep(2000): null

2019-01-30 12:07:26 - [TEST_STEP][PASSED] - click(findTestObject("TestUserLocation/login_Button")): Object: 'Object Repository/TestUserLocation/login_Button' is clicked on

2019-01-30 12:07:27 - [MESSAGE][PASSED] - Object: 'Object Repository/TestUserLocation/login_Button' is clicked on

2019-01-30 12:07:27 - [TEST_STEP][PASSED] - AdminTool_Location.moveCursor(): AdminTool_Location.moveCursor is PASSED

2019-01-30 12:07:27 - [MESSAGE][PASSED] - AdminTool_Location.moveCursor is PASSED

2019-01-30 12:07:27 - [TEST_STEP][PASSED] - Thread.sleep(4000): null

2019-01-30 12:07:31 - [TEST_STEP][PASSED] - setText(findTestObject("TestUser/newPassword"), findTestData("UserData").getValue("NewPassword", 1)): Text 'password@123#' is set on object 'Object Repository/TestUser/newPassword'

2019-01-30 12:07:31 - [MESSAGE][PASSED] - Text 'password@123#' is set on object 'Object Repository/TestUser/newPassword'

2019-01-30 12:07:31 - [TEST_STEP][PASSED] - setText(findTestObject("TestUser/confirmPassword"), findTestData("UserData").getValue("NewPassword", 1)): Text 'password@123#' is set on object 'Object Repository/TestUser/confirmPassword'

2019-01-30 12:07:31 - [MESSAGE][PASSED] - Text 'password@123#' is set on object 'Object Repository/TestUser/confirmPassword'

2019-01-30 12:07:31 - [TEST_STEP][PASSED] - Thread.sleep(2000): null

2019-01-30 12:07:33 - [TEST_STEP][PASSED] - click(findTestObject("TestUser/createPasswordButton")): Object: 'Object Repository/TestUser/createPasswordButton' is clicked on

2019-01-30 12:07:34 - [MESSAGE][PASSED] - Object: 'Object Repository/TestUser/createPasswordButton' is clicked on

2019-01-30 12:07:34 - [TEST_STEP][PASSED] - Thread.sleep(4000): null

2019-01-30 12:07:38 - [TEST_STEP][PASSED] - setText(findTestObject("TestUserLocation/login_Username"), findTestData("UserData").getValue("UserName", 1)): Text 'User_On_30/01/19-12:02' is set on object 'Object Repository/TestUserLocation/login_Username'

2019-01-30 12:07:38 - [MESSAGE][PASSED] - Text 'User_On_30/01/19-12:02' is set on object 'Object Repository/TestUserLocation/login_Username'

2019-01-30 12:07:38 - [TEST_STEP][PASSED] - setText(findTestObject("TestUserLocation/login_Password"), findTestData("UserData").getValue("NewPassword", 1)): Text 'password@123#' is set on object 'Object Repository/TestUserLocation/login_Password'

2019-01-30 12:07:39 - [MESSAGE][PASSED] - Text 'password@123#' is set on object 'Object Repository/TestUserLocation/login_Password'

2019-01-30 12:07:39 - [TEST_STEP][PASSED] - Thread.sleep(2000): null

2019-01-30 12:07:41 - [TEST_STEP][PASSED] - click(findTestObject("TestUserLocation/login_Button")): Object: 'Object Repository/TestUserLocation/login_Button' is clicked on

2019-01-30 12:07:42 - [MESSAGE][PASSED] - Object: 'Object Repository/TestUserLocation/login_Button' is clicked on

2019-01-30 12:07:42 - [TEST_STEP][PASSED] - Thread.sleep(4000): null]]></system-out>
         <system-err><![CDATA[]]></system-err>
      </testcase>
      <testcase name="Test Cases/Data-Security/2_FormSubmission" classname="Test Cases/Data-Security/2_FormSubmission" status="PASSED">
         <system-out><![CDATA[2019-01-30 12:07:46 - [TEST_CASE][PASSED] - Test Cases/Data-Security/2_FormSubmission: Test Cases/Data-Security/2_FormSubmission

2019-01-30 12:07:46 - [TEST_STEP][NOT_RUN] - openBrowser(URL): NOT_RUN: openBrowser(URL)

2019-01-30 12:07:46 - [MESSAGE][NOT_RUN] - NOT_RUN: openBrowser(URL)

2019-01-30 12:07:46 - [TEST_STEP][NOT_RUN] - waitForElementClickable(findTestObject("FormTab/selectForm"), 45): NOT_RUN: waitForElementClickable(findTestObject("FormTab/selectForm"), 45)

2019-01-30 12:07:46 - [MESSAGE][NOT_RUN] - NOT_RUN: waitForElementClickable(findTestObject("FormTab/selectForm"), 45)

2019-01-30 12:07:46 - [TEST_STEP][PASSED] - Thread.sleep(2000): null

2019-01-30 12:07:48 - [TEST_STEP][NOT_RUN] - refresh(): NOT_RUN: refresh()

2019-01-30 12:07:48 - [MESSAGE][NOT_RUN] - NOT_RUN: refresh()

2019-01-30 12:07:48 - [TEST_STEP][NOT_RUN] - maximizeWindow(): NOT_RUN: maximizeWindow()

2019-01-30 12:07:48 - [MESSAGE][NOT_RUN] - NOT_RUN: maximizeWindow()

2019-01-30 12:07:48 - [TEST_STEP][NOT_RUN] - Thread.sleep(3000): NOT_RUN: Thread.sleep(3000)

2019-01-30 12:07:48 - [MESSAGE][NOT_RUN] - NOT_RUN: Thread.sleep(3000)

2019-01-30 12:07:48 - [TEST_STEP][PASSED] - driver = getWebDriver(): null

2019-01-30 12:07:48 - [TEST_STEP][NOT_RUN] - setText(findTestObject("TestUserLocation/login_Username"), findTestData("UserData").getValue("UserName", 1)): NOT_RUN: setText(findTestObject("TestUserLocation/login_Username"), findTestData("UserData").getValue("UserName", 1))

2019-01-30 12:07:48 - [MESSAGE][NOT_RUN] - NOT_RUN: setText(findTestObject("TestUserLocation/login_Username"), findTestData("UserData").getValue("UserName", 1))

2019-01-30 12:07:48 - [TEST_STEP][NOT_RUN] - setText(findTestObject("TestUserLocation/login_Password"), findTestData("UserData").getValue("NewPassword", 1)): NOT_RUN: setText(findTestObject("TestUserLocation/login_Password"), findTestData("UserData").getValue("NewPassword", 1))

2019-01-30 12:07:48 - [MESSAGE][NOT_RUN] - NOT_RUN: setText(findTestObject("TestUserLocation/login_Password"), findTestData("UserData").getValue("NewPassword", 1))

2019-01-30 12:07:48 - [TEST_STEP][NOT_RUN] - click(findTestObject("FormTab/login_Button")): NOT_RUN: click(findTestObject("FormTab/login_Button"))

2019-01-30 12:07:48 - [MESSAGE][NOT_RUN] - NOT_RUN: click(findTestObject("FormTab/login_Button"))

2019-01-30 12:07:48 - [TEST_STEP][NOT_RUN] - Thread.sleep(2000): NOT_RUN: Thread.sleep(2000)

2019-01-30 12:07:48 - [MESSAGE][NOT_RUN] - NOT_RUN: Thread.sleep(2000)

2019-01-30 12:07:48 - [TEST_STEP][NOT_RUN] - click(findTestObject("Form_Selection_Creation/home")): NOT_RUN: click(findTestObject("Form_Selection_Creation/home"))

2019-01-30 12:07:48 - [MESSAGE][NOT_RUN] - NOT_RUN: click(findTestObject("Form_Selection_Creation/home"))

2019-01-30 12:07:48 - [TEST_STEP][PASSED] - Thread.sleep(6000): null

2019-01-30 12:07:54 - [TEST_STEP][PASSED] - waitForElementClickable(findTestObject("FormTab/selectForm"), 45): Object 'Object Repository/FormTab/selectForm' is clickable

2019-01-30 12:07:54 - [MESSAGE][PASSED] - Object 'Object Repository/FormTab/selectForm' is clickable

2019-01-30 12:07:54 - [TEST_STEP][PASSED] - click(findTestObject("FormTab/form_Tab")): Object: 'Object Repository/FormTab/form_Tab' is clicked on

2019-01-30 12:07:55 - [MESSAGE][PASSED] - Object: 'Object Repository/FormTab/form_Tab' is clicked on

2019-01-30 12:07:55 - [TEST_STEP][PASSED] - waitForElementClickable(findTestObject("FormTab/selectForm"), 45): Object 'Object Repository/FormTab/selectForm' is clickable

2019-01-30 12:07:56 - [MESSAGE][PASSED] - Object 'Object Repository/FormTab/selectForm' is clickable

2019-01-30 12:07:56 - [TEST_STEP][PASSED] - Thread.sleep(6000): null

2019-01-30 12:08:02 - [TEST_STEP][NOT_RUN] - click(findTestObject("FormTab/clickToViewMoreOption")): NOT_RUN: click(findTestObject("FormTab/clickToViewMoreOption"))

2019-01-30 12:08:02 - [MESSAGE][NOT_RUN] - NOT_RUN: click(findTestObject("FormTab/clickToViewMoreOption"))

2019-01-30 12:08:02 - [TEST_STEP][NOT_RUN] - Thread.sleep(3000): NOT_RUN: Thread.sleep(3000)

2019-01-30 12:08:02 - [MESSAGE][NOT_RUN] - NOT_RUN: Thread.sleep(3000)

2019-01-30 12:08:02 - [TEST_STEP][NOT_RUN] - waitForElementNotVisible(findTestObject("FormTab/select500_Form"), 5): NOT_RUN: waitForElementNotVisible(findTestObject("FormTab/select500_Form"), 5)

2019-01-30 12:08:02 - [MESSAGE][NOT_RUN] - NOT_RUN: waitForElementNotVisible(findTestObject("FormTab/select500_Form"), 5)

2019-01-30 12:08:02 - [TEST_STEP][NOT_RUN] - click(findTestObject("FormTab/select500_Form")): NOT_RUN: click(findTestObject("FormTab/select500_Form"))

2019-01-30 12:08:02 - [MESSAGE][NOT_RUN] - NOT_RUN: click(findTestObject("FormTab/select500_Form"))

2019-01-30 12:08:02 - [TEST_STEP][NOT_RUN] - Thread.sleep(7000): NOT_RUN: Thread.sleep(7000)

2019-01-30 12:08:02 - [MESSAGE][NOT_RUN] - NOT_RUN: Thread.sleep(7000)

2019-01-30 12:08:02 - [TEST_STEP][NOT_RUN] - FormName.fillFormName(): NOT_RUN: FormName.fillFormName()

2019-01-30 12:08:02 - [MESSAGE][NOT_RUN] - NOT_RUN: FormName.fillFormName()

2019-01-30 12:08:02 - [TEST_STEP][PASSED] - click(findTestObject("FormTab/options")): Object: 'Object Repository/FormTab/options' is clicked on

2019-01-30 12:08:02 - [MESSAGE][PASSED] - Object: 'Object Repository/FormTab/options' is clicked on

2019-01-30 12:08:02 - [TEST_STEP][PASSED] - Thread.sleep(2000): null

2019-01-30 12:08:04 - [TEST_STEP][PASSED] - mouseOver(findTestObject("FormTab/filterOption")): Object: 'Object Repository/FormTab/filterOption' is hovered

2019-01-30 12:08:04 - [MESSAGE][PASSED] - Object: 'Object Repository/FormTab/filterOption' is hovered

2019-01-30 12:08:04 - [TEST_STEP][PASSED] - Thread.sleep(2000): null

2019-01-30 12:08:06 - [TEST_STEP][PASSED] - AdminTool_Location.moveCursor(): AdminTool_Location.moveCursor is PASSED

2019-01-30 12:08:06 - [MESSAGE][PASSED] - AdminTool_Location.moveCursor is PASSED

2019-01-30 12:08:06 - [TEST_STEP][PASSED] - Thread.sleep(2000): null

2019-01-30 12:08:08 - [TEST_STEP][PASSED] - FormName.filterFormName(): FormName.filterFormName is PASSED

2019-01-30 12:08:11 - [MESSAGE][PASSED] - FormName.filterFormName is PASSED

2019-01-30 12:08:11 - [TEST_STEP][PASSED] - Thread.sleep(2000): null

2019-01-30 12:08:13 - [TEST_STEP][PASSED] - click(findTestObject("FormTab/filterButton")): Object: 'Object Repository/FormTab/filterButton' is clicked on

2019-01-30 12:08:13 - [MESSAGE][PASSED] - Object: 'Object Repository/FormTab/filterButton' is clicked on

2019-01-30 12:08:13 - [TEST_STEP][PASSED] - Thread.sleep(4000): null

2019-01-30 12:08:17 - [TEST_STEP][PASSED] - waitForElementClickable(findTestObject("FormTab/selectForm"), 45): Object 'Object Repository/FormTab/selectForm' is clickable

2019-01-30 12:08:17 - [MESSAGE][PASSED] - Object 'Object Repository/FormTab/selectForm' is clickable

2019-01-30 12:08:17 - [TEST_STEP][PASSED] - click(findTestObject("FormTab/selectForm")): Object: 'Object Repository/FormTab/selectForm' is clicked on

2019-01-30 12:08:17 - [MESSAGE][PASSED] - Object: 'Object Repository/FormTab/selectForm' is clicked on

2019-01-30 12:08:17 - [TEST_STEP][PASSED] - Thread.sleep(4000): null

2019-01-30 12:08:21 - [TEST_STEP][PASSED] - Submission.testDS(): Submission.testDS is PASSED

2019-01-30 12:09:15 - [MESSAGE][PASSED] - Submission.testDS is PASSED

2019-01-30 12:09:15 - [TEST_STEP][NOT_RUN] - click(findTestObject("FormTab/fillForm_OpenLocationOption")): NOT_RUN: click(findTestObject("FormTab/fillForm_OpenLocationOption"))

2019-01-30 12:09:15 - [MESSAGE][NOT_RUN] - NOT_RUN: click(findTestObject("FormTab/fillForm_OpenLocationOption"))

2019-01-30 12:09:15 - [TEST_STEP][NOT_RUN] - Thread.sleep(2000): NOT_RUN: Thread.sleep(2000)

2019-01-30 12:09:15 - [MESSAGE][NOT_RUN] - NOT_RUN: Thread.sleep(2000)

2019-01-30 12:09:15 - [TEST_STEP][NOT_RUN] - click(findTestObject("FormTab/fillForm_SelectLocation")): NOT_RUN: click(findTestObject("FormTab/fillForm_SelectLocation"))

2019-01-30 12:09:15 - [MESSAGE][NOT_RUN] - NOT_RUN: click(findTestObject("FormTab/fillForm_SelectLocation"))

2019-01-30 12:09:15 - [TEST_STEP][NOT_RUN] - Thread.sleep(4000): NOT_RUN: Thread.sleep(4000)

2019-01-30 12:09:15 - [MESSAGE][NOT_RUN] - NOT_RUN: Thread.sleep(4000)

2019-01-30 12:09:15 - [TEST_STEP][NOT_RUN] - click(findTestObject("FormTab/fillForm_OpenResourceOption")): NOT_RUN: click(findTestObject("FormTab/fillForm_OpenResourceOption"))

2019-01-30 12:09:15 - [MESSAGE][NOT_RUN] - NOT_RUN: click(findTestObject("FormTab/fillForm_OpenResourceOption"))

2019-01-30 12:09:15 - [TEST_STEP][NOT_RUN] - Thread.sleep(4000): NOT_RUN: Thread.sleep(4000)

2019-01-30 12:09:15 - [MESSAGE][NOT_RUN] - NOT_RUN: Thread.sleep(4000)

2019-01-30 12:09:15 - [TEST_STEP][NOT_RUN] - click(findTestObject("FormTab/fillForm_SelectResource")): NOT_RUN: click(findTestObject("FormTab/fillForm_SelectResource"))

2019-01-30 12:09:15 - [MESSAGE][NOT_RUN] - NOT_RUN: click(findTestObject("FormTab/fillForm_SelectResource"))

2019-01-30 12:09:15 - [TEST_STEP][NOT_RUN] - Thread.sleep(4000): NOT_RUN: Thread.sleep(4000)

2019-01-30 12:09:15 - [MESSAGE][NOT_RUN] - NOT_RUN: Thread.sleep(4000)

2019-01-30 12:09:15 - [TEST_STEP][NOT_RUN] - setText(findTestObject("FormTab/fillForm_FreeSingleText"), "MyText"): NOT_RUN: setText(findTestObject("FormTab/fillForm_FreeSingleText"), "MyText")

2019-01-30 12:09:15 - [MESSAGE][NOT_RUN] - NOT_RUN: setText(findTestObject("FormTab/fillForm_FreeSingleText"), "MyText")

2019-01-30 12:09:15 - [TEST_STEP][NOT_RUN] - setText(findTestObject("FormTab/fillForm_ParagraphText"), "MyParagraph"): NOT_RUN: setText(findTestObject("FormTab/fillForm_ParagraphText"), "MyParagraph")

2019-01-30 12:09:15 - [MESSAGE][NOT_RUN] - NOT_RUN: setText(findTestObject("FormTab/fillForm_ParagraphText"), "MyParagraph")

2019-01-30 12:09:15 - [TEST_STEP][NOT_RUN] - Thread.sleep(3000): NOT_RUN: Thread.sleep(3000)

2019-01-30 12:09:15 - [MESSAGE][NOT_RUN] - NOT_RUN: Thread.sleep(3000)

2019-01-30 12:09:15 - [TEST_STEP][NOT_RUN] - setText(findTestObject("FormTab/fillForm_SelectOneOption"), "Select Option1"): NOT_RUN: setText(findTestObject("FormTab/fillForm_SelectOneOption"), "Select Option1")

2019-01-30 12:09:15 - [MESSAGE][NOT_RUN] - NOT_RUN: setText(findTestObject("FormTab/fillForm_SelectOneOption"), "Select Option1")

2019-01-30 12:09:15 - [TEST_STEP][NOT_RUN] - Thread.sleep(3000): NOT_RUN: Thread.sleep(3000)

2019-01-30 12:09:15 - [MESSAGE][NOT_RUN] - NOT_RUN: Thread.sleep(3000)

2019-01-30 12:09:15 - [TEST_STEP][NOT_RUN] - xpath("//*[@id='scs-form-level']/div/div/div/div/div/div/div[4]/div/field-template/div/div/div/div/span/span/input")).sendKeys(ENTER): NOT_RUN: xpath("//*[@id='scs-form-level']/div/div/div/div/div/div/div[4]/div/field-template/div/div/div/div/span/span/input")).sendKeys(ENTER)

2019-01-30 12:09:15 - [MESSAGE][NOT_RUN] - NOT_RUN: xpath("//*[@id='scs-form-level']/div/div/div/div/div/div/div[4]/div/field-template/div/div/div/div/span/span/input")).sendKeys(ENTER)

2019-01-30 12:09:15 - [TEST_STEP][NOT_RUN] - Thread.sleep(3000): NOT_RUN: Thread.sleep(3000)

2019-01-30 12:09:15 - [MESSAGE][NOT_RUN] - NOT_RUN: Thread.sleep(3000)

2019-01-30 12:09:15 - [TEST_STEP][NOT_RUN] - setText(findTestObject("FormTab/fillForm_SelectMultipleOption"), "Multiple Option1"): NOT_RUN: setText(findTestObject("FormTab/fillForm_SelectMultipleOption"), "Multiple Option1")

2019-01-30 12:09:15 - [MESSAGE][NOT_RUN] - NOT_RUN: setText(findTestObject("FormTab/fillForm_SelectMultipleOption"), "Multiple Option1")

2019-01-30 12:09:15 - [TEST_STEP][NOT_RUN] - Thread.sleep(3000): NOT_RUN: Thread.sleep(3000)

2019-01-30 12:09:15 - [MESSAGE][NOT_RUN] - NOT_RUN: Thread.sleep(3000)

2019-01-30 12:09:15 - [TEST_STEP][NOT_RUN] - xpath("//*[@id='scs-form-level']/div/div/div/div/div/div/div[5]/div/field-template/div/div/div/div/div/div/input")).sendKeys(ENTER): NOT_RUN: xpath("//*[@id='scs-form-level']/div/div/div/div/div/div/div[5]/div/field-template/div/div/div/div/div/div/input")).sendKeys(ENTER)

2019-01-30 12:09:15 - [MESSAGE][NOT_RUN] - NOT_RUN: xpath("//*[@id='scs-form-level']/div/div/div/div/div/div/div[5]/div/field-template/div/div/div/div/div/div/input")).sendKeys(ENTER)

2019-01-30 12:09:15 - [TEST_STEP][NOT_RUN] - Thread.sleep(3000): NOT_RUN: Thread.sleep(3000)

2019-01-30 12:09:15 - [MESSAGE][NOT_RUN] - NOT_RUN: Thread.sleep(3000)

2019-01-30 12:09:15 - [TEST_STEP][NOT_RUN] - click(findTestObject("FormTab/fillForm_SelectMultipleOption")): NOT_RUN: click(findTestObject("FormTab/fillForm_SelectMultipleOption"))

2019-01-30 12:09:15 - [MESSAGE][NOT_RUN] - NOT_RUN: click(findTestObject("FormTab/fillForm_SelectMultipleOption"))

2019-01-30 12:09:15 - [TEST_STEP][NOT_RUN] - Thread.sleep(4000): NOT_RUN: Thread.sleep(4000)

2019-01-30 12:09:15 - [MESSAGE][NOT_RUN] - NOT_RUN: Thread.sleep(4000)

2019-01-30 12:09:15 - [TEST_STEP][NOT_RUN] - xpath("//*[@id='scs-form-level']/div/div/div/div[2]/div/div/div[6]/div/field-template/div/div[2]/div/div/span[1]/span/input[1]")).sendKeys("9"): NOT_RUN: xpath("//*[@id='scs-form-level']/div/div/div/div[2]/div/div/div[6]/div/field-template/div/div[2]/div/div/span[1]/span/input[1]")).sendKeys("9")

2019-01-30 12:09:15 - [MESSAGE][NOT_RUN] - NOT_RUN: xpath("//*[@id='scs-form-level']/div/div/div/div[2]/div/div/div[6]/div/field-template/div/div[2]/div/div/span[1]/span/input[1]")).sendKeys("9")

2019-01-30 12:09:15 - [TEST_STEP][NOT_RUN] - setText(findTestObject("FormTab/fillForm_DateText"), "10/18/2018"): NOT_RUN: setText(findTestObject("FormTab/fillForm_DateText"), "10/18/2018")

2019-01-30 12:09:15 - [MESSAGE][NOT_RUN] - NOT_RUN: setText(findTestObject("FormTab/fillForm_DateText"), "10/18/2018")

2019-01-30 12:09:16 - [TEST_STEP][NOT_RUN] - setText(findTestObject("FormTab/fillForm_TimeText"), "9:00 AM"): NOT_RUN: setText(findTestObject("FormTab/fillForm_TimeText"), "9:00 AM")

2019-01-30 12:09:16 - [MESSAGE][NOT_RUN] - NOT_RUN: setText(findTestObject("FormTab/fillForm_TimeText"), "9:00 AM")

2019-01-30 12:09:16 - [TEST_STEP][NOT_RUN] - setText(findTestObject("FormTab/fillForm_DateTimeText"), "10/18/2018 9:00 AM"): NOT_RUN: setText(findTestObject("FormTab/fillForm_DateTimeText"), "10/18/2018 9:00 AM")

2019-01-30 12:09:16 - [MESSAGE][NOT_RUN] - NOT_RUN: setText(findTestObject("FormTab/fillForm_DateTimeText"), "10/18/2018 9:00 AM")

2019-01-30 12:09:16 - [TEST_STEP][NOT_RUN] - click(findTestObject("FormTab/fillForm_SubmitButton")): NOT_RUN: click(findTestObject("FormTab/fillForm_SubmitButton"))

2019-01-30 12:09:16 - [MESSAGE][NOT_RUN] - NOT_RUN: click(findTestObject("FormTab/fillForm_SubmitButton"))

2019-01-30 12:09:16 - [TEST_STEP][NOT_RUN] - Thread.sleep(4000): NOT_RUN: Thread.sleep(4000)

2019-01-30 12:09:16 - [MESSAGE][NOT_RUN] - NOT_RUN: Thread.sleep(4000)

2019-01-30 12:09:16 - [TEST_STEP][NOT_RUN] - click(findTestObject("FormTab/fillForm_SubmissionOkButton")): NOT_RUN: click(findTestObject("FormTab/fillForm_SubmissionOkButton"))

2019-01-30 12:09:16 - [MESSAGE][NOT_RUN] - NOT_RUN: click(findTestObject("FormTab/fillForm_SubmissionOkButton"))

2019-01-30 12:09:16 - [TEST_STEP][PASSED] - Thread.sleep(2000): null]]></system-out>
         <system-err><![CDATA[]]></system-err>
      </testcase>
      <testcase name="Test Cases/Data-Security/VerifyDocumentFromUser" classname="Test Cases/Data-Security/VerifyDocumentFromUser" status="PASSED">
         <system-out><![CDATA[2019-01-30 12:09:18 - [TEST_CASE][PASSED] - Test Cases/Data-Security/VerifyDocumentFromUser: Test Cases/Data-Security/VerifyDocumentFromUser

2019-01-30 12:09:18 - [TEST_STEP][NOT_RUN] - openBrowser(URL): NOT_RUN: openBrowser(URL)

2019-01-30 12:09:18 - [MESSAGE][NOT_RUN] - NOT_RUN: openBrowser(URL)

2019-01-30 12:09:18 - [TEST_STEP][NOT_RUN] - maximizeWindow(): NOT_RUN: maximizeWindow()

2019-01-30 12:09:18 - [MESSAGE][NOT_RUN] - NOT_RUN: maximizeWindow()

2019-01-30 12:09:18 - [TEST_STEP][NOT_RUN] - setText(findTestObject("TestUserLocation/login_Username"), findTestData("UserData").getValue("UserName", 1)): NOT_RUN: setText(findTestObject("TestUserLocation/login_Username"), findTestData("UserData").getValue("UserName", 1))

2019-01-30 12:09:18 - [MESSAGE][NOT_RUN] - NOT_RUN: setText(findTestObject("TestUserLocation/login_Username"), findTestData("UserData").getValue("UserName", 1))

2019-01-30 12:09:18 - [TEST_STEP][NOT_RUN] - setText(findTestObject("TestUserLocation/login_Password"), findTestData("UserData").getValue("NewPassword", 1)): NOT_RUN: setText(findTestObject("TestUserLocation/login_Password"), findTestData("UserData").getValue("NewPassword", 1))

2019-01-30 12:09:18 - [MESSAGE][NOT_RUN] - NOT_RUN: setText(findTestObject("TestUserLocation/login_Password"), findTestData("UserData").getValue("NewPassword", 1))

2019-01-30 12:09:18 - [TEST_STEP][NOT_RUN] - path = relativeToAbsolutePath("../SafetyChain-Test-Automation-Katalon/SCTestData", getProjectDir()): NOT_RUN: path = relativeToAbsolutePath("../SafetyChain-Test-Automation-Katalon/SCTestData", getProjectDir())

2019-01-30 12:09:18 - [MESSAGE][NOT_RUN] - NOT_RUN: path = relativeToAbsolutePath("../SafetyChain-Test-Automation-Katalon/SCTestData", getProjectDir())

2019-01-30 12:09:18 - [TEST_STEP][NOT_RUN] - click(findTestObject("DMS_Forms/login_Button")): NOT_RUN: click(findTestObject("DMS_Forms/login_Button"))

2019-01-30 12:09:18 - [MESSAGE][NOT_RUN] - NOT_RUN: click(findTestObject("DMS_Forms/login_Button"))

2019-01-30 12:09:18 - [TEST_STEP][PASSED] - Thread.sleep(4000): null

2019-01-30 12:09:22 - [TEST_STEP][PASSED] - click(findTestObject("DMS_Forms/mainmenu_button")): Object: 'Object Repository/DMS_Forms/mainmenu_button' is clicked on

2019-01-30 12:09:23 - [MESSAGE][PASSED] - Object: 'Object Repository/DMS_Forms/mainmenu_button' is clicked on

2019-01-30 12:09:23 - [TEST_STEP][PASSED] - click(findTestObject("DMS_Forms/mainmenu_Document")): Object: 'Object Repository/DMS_Forms/mainmenu_Document' is clicked on

2019-01-30 12:09:23 - [MESSAGE][PASSED] - Object: 'Object Repository/DMS_Forms/mainmenu_Document' is clicked on

2019-01-30 12:09:23 - [TEST_STEP][PASSED] - Thread.sleep(4000): null

2019-01-30 12:09:27 - [TEST_STEP][PASSED] - Submission.docUploadAdmin(): Submission.docUploadAdmin is PASSED

2019-01-30 12:09:39 - [MESSAGE][PASSED] - Submission.docUploadAdmin is PASSED

2019-01-30 12:09:39 - [TEST_STEP][PASSED] - Thread.sleep(4000): null

2019-01-30 12:09:43 - [TEST_STEP][PASSED] - setText(findTestObject("DMS/searchDocument"), findTestData("LocationData").getValue(8, 1)): Text 'SubCustomer2_30/01/19-11:53' is set on object 'Object Repository/DMS/searchDocument'

2019-01-30 12:09:44 - [MESSAGE][PASSED] - Text 'SubCustomer2_30/01/19-11:53' is set on object 'Object Repository/DMS/searchDocument'

2019-01-30 12:09:44 - [TEST_STEP][PASSED] - Thread.sleep(2000): null

2019-01-30 12:09:46 - [TEST_STEP][PASSED] - sendKeys(findTestObject("DMS/searchDocument"), Keys.chord(DOWN)): Keys 'DOWN + ' sent to object: 'Object Repository/DMS/searchDocument'

2019-01-30 12:09:46 - [MESSAGE][PASSED] - Keys 'DOWN + ' sent to object: 'Object Repository/DMS/searchDocument'

2019-01-30 12:09:46 - [TEST_STEP][PASSED] - Thread.sleep(2000): null

2019-01-30 12:09:48 - [TEST_STEP][PASSED] - sendKeys(findTestObject("DMS/searchDocument"), Keys.chord(ENTER)): Keys 'ENTER + ' sent to object: 'Object Repository/DMS/searchDocument'

2019-01-30 12:09:48 - [MESSAGE][PASSED] - Keys 'ENTER + ' sent to object: 'Object Repository/DMS/searchDocument'

2019-01-30 12:09:48 - [TEST_STEP][PASSED] - Thread.sleep(4000): null

2019-01-30 12:09:52 - [TEST_STEP][PASSED] - Submission.verifyDocInUSer(): Submission.verifyDocInUSer is PASSED

2019-01-30 12:09:52 - [MESSAGE][PASSED] - Submission.verifyDocInUSer is PASSED]]></system-out>
         <system-err><![CDATA[]]></system-err>
      </testcase>
      <system-out><![CDATA[2019-01-30 11:51:17 - [TEST_SUITE][PASSED] - Data Security: Test Cases/Data-Security/VerifyDocumentFromUser]]></system-out>
      <system-err><![CDATA[]]></system-err>
   </testsuite>
</testsuites>
