<?xml version="1.0" encoding="UTF-8"?>
<testsuites name="Items_Resource" time="219" tests="2" failures="0" errors="0">
   <testsuite name="Items_Resource" tests="2" failures="0" errors="0" time="219" timestamp="2018-11-30 15:19:09" hostname="pashine_a - Abhishek-Pashine.India.XoriantCorp.com" id="Test Suites/Items_Resource">
      <properties>
         <property name="deviceName" value=""/>
         <property name="devicePlatform" value=""/>
         <property name="logFolder" value="D:\\Git Data\\SafetyChain-Test-Automation-Katalon\\Reports\\Items_Resource\\20181130_151024"/>
         <property name="logFiles" value="D:\\Git Data\\SafetyChain-Test-Automation-Katalon\\Reports\\Items_Resource\\20181130_151024\\execution0.log"/>
         <property name="attachments" value=""/>
         <property name="hostName" value="pashine_a - Abhishek-Pashine.India.XoriantCorp.com"/>
         <property name="os" value="Windows 7 64bit"/>
         <property name="katalonVersion" value="5.9.0.1"/>
         <property name="browser" value="Chrome 70.0.3538.110"/>
         <property name="hostAddress" value="10.21.7.147"/>
         <property name="sessionId" value="e97f613b59c9a2fe9b20e504336375dd"/>
         <property name="seleniumVersion" value="3.7.1"/>
         <property name="proxyInformation" value="ProxyInformation{proxyOption=NO_PROXY, proxyServerType=HTTP, password=, proxyServerAddress=, proxyServerPort=0}"/>
         <property name="platform" value="Windows 7"/>
      </properties>
      <testcase name="Test Cases/CheckResoucesAsPerLocation/checkResource_Items" classname="Test Cases/CheckResoucesAsPerLocation/checkResource_Items" status="PASSED">
         <system-out><![CDATA[2018-11-30 15:19:09 - [TEST_CASE][PASSED] - Test Cases/CheckResoucesAsPerLocation/checkResource_Items: Test Cases/CheckResoucesAsPerLocation/checkResource_Items

2018-11-30 15:19:10 - [TEST_STEP][PASSED] - openBrowser(URL): Browser is opened with url: 'https://test2.stage.safetychain.com'

2018-11-30 15:19:10 - [MESSAGE][INFO] - Starting 'Chrome' driver

2018-11-30 15:19:10 - [MESSAGE][INFO] - Action delay is set to 0 seconds

2018-11-30 15:19:38 - [MESSAGE][PASSED] - Browser is opened with url: 'https://test2.stage.safetychain.com'

2018-11-30 15:19:38 - [TEST_STEP][PASSED] - maximizeWindow(): Current window maximized

2018-11-30 15:19:39 - [MESSAGE][PASSED] - Current window maximized

2018-11-30 15:19:39 - [TEST_STEP][PASSED] - setText(findTestObject("TestUserLocation/login_Username"), UserName): Text 'superadmin' is set on object 'Object Repository/TestUserLocation/login_Username'

2018-11-30 15:19:43 - [MESSAGE][PASSED] - Text 'superadmin' is set on object 'Object Repository/TestUserLocation/login_Username'

2018-11-30 15:19:43 - [TEST_STEP][PASSED] - setText(findTestObject("TestUserLocation/login_Password"), Password): Text 'sliptest23772boot' is set on object 'Object Repository/TestUserLocation/login_Password'

2018-11-30 15:19:44 - [MESSAGE][PASSED] - Text 'sliptest23772boot' is set on object 'Object Repository/TestUserLocation/login_Password'

2018-11-30 15:19:44 - [TEST_STEP][PASSED] - AdminTool_Location.setItemName(): AdminTool_Location.setItemName is PASSED

2018-11-30 15:19:45 - [MESSAGE][PASSED] - AdminTool_Location.setItemName is PASSED

2018-11-30 15:19:45 - [TEST_STEP][PASSED] - click(findTestObject("TestUserLocation/login_Button")): Object: 'Object Repository/TestUserLocation/login_Button' is clicked on

2018-11-30 15:19:47 - [MESSAGE][PASSED] - Object: 'Object Repository/TestUserLocation/login_Button' is clicked on

2018-11-30 15:19:47 - [TEST_STEP][PASSED] - Thread.sleep(4000): null

2018-11-30 15:19:51 - [TEST_STEP][PASSED] - click(findTestObject("TestUserLocation/mainmenu_button")): Object: 'Object Repository/TestUserLocation/mainmenu_button' is clicked on

2018-11-30 15:19:53 - [MESSAGE][PASSED] - Object: 'Object Repository/TestUserLocation/mainmenu_button' is clicked on

2018-11-30 15:19:53 - [TEST_STEP][PASSED] - click(findTestObject("TestUserLocation/adminTool")): Object: 'Object Repository/TestUserLocation/adminTool' is clicked on

2018-11-30 15:19:53 - [MESSAGE][PASSED] - Object: 'Object Repository/TestUserLocation/adminTool' is clicked on

2018-11-30 15:19:53 - [TEST_STEP][PASSED] - click(findTestObject("TestUserLocation/mainMenuResourceDesigner")): Object: 'Object Repository/TestUserLocation/mainMenuResourceDesigner' is clicked on

2018-11-30 15:19:53 - [MESSAGE][PASSED] - Object: 'Object Repository/TestUserLocation/mainMenuResourceDesigner' is clicked on

2018-11-30 15:19:53 - [TEST_STEP][PASSED] - Thread.sleep(4000): null

2018-11-30 15:19:57 - [TEST_STEP][PASSED] - click(findTestObject("TestResource/items")): Object: 'Object Repository/TestResource/items' is clicked on

2018-11-30 15:19:57 - [MESSAGE][PASSED] - Object: 'Object Repository/TestResource/items' is clicked on

2018-11-30 15:19:57 - [TEST_STEP][PASSED] - Thread.sleep(4000): null

2018-11-30 15:20:01 - [TEST_STEP][PASSED] - click(findTestObject("TestUserLocation/categories")): Object: 'Object Repository/TestUserLocation/categories' is clicked on

2018-11-30 15:20:02 - [MESSAGE][PASSED] - Object: 'Object Repository/TestUserLocation/categories' is clicked on

2018-11-30 15:20:02 - [TEST_STEP][PASSED] - Thread.sleep(2000): null

2018-11-30 15:20:04 - [TEST_STEP][PASSED] - click(findTestObject("TestUserLocation/defaultArea")): Object: 'Object Repository/TestUserLocation/defaultArea' is clicked on

2018-11-30 15:20:04 - [MESSAGE][PASSED] - Object: 'Object Repository/TestUserLocation/defaultArea' is clicked on

2018-11-30 15:20:04 - [TEST_STEP][PASSED] - Thread.sleep(2000): null

2018-11-30 15:20:06 - [TEST_STEP][PASSED] - click(findTestObject("TestUserLocation/hoverHeading")): Object: 'Object Repository/TestUserLocation/hoverHeading' is clicked on

2018-11-30 15:20:06 - [MESSAGE][PASSED] - Object: 'Object Repository/TestUserLocation/hoverHeading' is clicked on

2018-11-30 15:20:06 - [TEST_STEP][PASSED] - click(findTestObject("TestUserLocation/addPlusIcon")): Object: 'Object Repository/TestUserLocation/addPlusIcon' is clicked on

2018-11-30 15:20:06 - [MESSAGE][PASSED] - Object: 'Object Repository/TestUserLocation/addPlusIcon' is clicked on

2018-11-30 15:20:06 - [TEST_STEP][PASSED] - setText(findTestObject("TestUserLocation/setNewName"), findTestData("LocationData").getValue("ItemsName", 1)): Text 'ITEM_ON_30/11/18-15:19' is set on object 'Object Repository/TestUserLocation/setNewName'

2018-11-30 15:20:06 - [MESSAGE][PASSED] - Text 'ITEM_ON_30/11/18-15:19' is set on object 'Object Repository/TestUserLocation/setNewName'

2018-11-30 15:20:06 - [TEST_STEP][PASSED] - Thread.sleep(2000): null

2018-11-30 15:20:08 - [TEST_STEP][PASSED] - click(findTestObject("TestUserLocation/saveButton")): Object: 'Object Repository/TestUserLocation/saveButton' is clicked on

2018-11-30 15:20:08 - [MESSAGE][PASSED] - Object: 'Object Repository/TestUserLocation/saveButton' is clicked on

2018-11-30 15:20:08 - [TEST_STEP][PASSED] - Thread.sleep(4000): null

2018-11-30 15:20:12 - [TEST_STEP][PASSED] - Thread.sleep(4000): null

2018-11-30 15:20:16 - [TEST_STEP][PASSED] - click(findTestObject("TestUserLocation/mainmenu_button")): Object: 'Object Repository/TestUserLocation/mainmenu_button' is clicked on

2018-11-30 15:20:17 - [MESSAGE][PASSED] - Object: 'Object Repository/TestUserLocation/mainmenu_button' is clicked on

2018-11-30 15:20:17 - [TEST_STEP][PASSED] - click(findTestObject("TestResource/mainMenu_resources")): Object: 'Object Repository/TestResource/mainMenu_resources' is clicked on

2018-11-30 15:20:17 - [MESSAGE][PASSED] - Object: 'Object Repository/TestResource/mainMenu_resources' is clicked on

2018-11-30 15:20:17 - [TEST_STEP][PASSED] - Thread.sleep(4000): null

2018-11-30 15:20:21 - [TEST_STEP][PASSED] - click(findTestObject("TestResource/items")): Object: 'Object Repository/TestResource/items' is clicked on

2018-11-30 15:20:21 - [MESSAGE][PASSED] - Object: 'Object Repository/TestResource/items' is clicked on

2018-11-30 15:20:21 - [TEST_STEP][PASSED] - Thread.sleep(4000): null

2018-11-30 15:20:25 - [TEST_STEP][PASSED] - AdminTool_Location.selectItem(): Element has been clicked

2018-11-30 15:20:29 - [MESSAGE][PASSED] - Element has been clicked

2018-11-30 15:20:29 - [TEST_STEP][PASSED] - Thread.sleep(4000): null

2018-11-30 15:20:33 - [TEST_STEP][PASSED] - click(findTestObject("TestUserLocation/addPlusIcon")): Object: 'Object Repository/TestUserLocation/addPlusIcon' is clicked on

2018-11-30 15:20:33 - [MESSAGE][PASSED] - Object: 'Object Repository/TestUserLocation/addPlusIcon' is clicked on

2018-11-30 15:20:33 - [TEST_STEP][PASSED] - Thread.sleep(2000): null

2018-11-30 15:20:35 - [TEST_STEP][PASSED] - setText(findTestObject("TestUserLocation/setNewName"), findTestData("LocationData").getValue("SubItemsName1", 1)): Text 'SUBITEM1_ON_30/11/18-15:19' is set on object 'Object Repository/TestUserLocation/setNewName'

2018-11-30 15:20:36 - [MESSAGE][PASSED] - Text 'SUBITEM1_ON_30/11/18-15:19' is set on object 'Object Repository/TestUserLocation/setNewName'

2018-11-30 15:20:36 - [TEST_STEP][NOT_RUN] - setText(findTestObject("TestResource/setPhoneNumber"), "912378456"): NOT_RUN: setText(findTestObject("TestResource/setPhoneNumber"), "912378456")

2018-11-30 15:20:36 - [MESSAGE][NOT_RUN] - NOT_RUN: setText(findTestObject("TestResource/setPhoneNumber"), "912378456")

2018-11-30 15:20:36 - [TEST_STEP][PASSED] - Thread.sleep(2000): null

2018-11-30 15:20:38 - [TEST_STEP][PASSED] - click(findTestObject("TestResource/saveDetailButton")): Object: 'Object Repository/TestResource/saveDetailButton' is clicked on

2018-11-30 15:20:38 - [MESSAGE][PASSED] - Object: 'Object Repository/TestResource/saveDetailButton' is clicked on

2018-11-30 15:20:38 - [TEST_STEP][PASSED] - Thread.sleep(7000): null

2018-11-30 15:20:45 - [TEST_STEP][PASSED] - click(findTestObject("TestResource/disableResource")): Object: 'Object Repository/TestResource/disableResource' is clicked on

2018-11-30 15:20:45 - [MESSAGE][PASSED] - Object: 'Object Repository/TestResource/disableResource' is clicked on

2018-11-30 15:20:45 - [TEST_STEP][PASSED] - Thread.sleep(2000): null

2018-11-30 15:20:47 - [TEST_STEP][PASSED] - click(findTestObject("TestResource/button2Yes")): Object: 'Object Repository/TestResource/button2Yes' is clicked on

2018-11-30 15:20:47 - [MESSAGE][PASSED] - Object: 'Object Repository/TestResource/button2Yes' is clicked on

2018-11-30 15:20:47 - [TEST_STEP][PASSED] - Thread.sleep(2000): null

2018-11-30 15:20:49 - [TEST_STEP][PASSED] - click(findTestObject("TestResource/saveDetailButton")): Object: 'Object Repository/TestResource/saveDetailButton' is clicked on

2018-11-30 15:20:49 - [MESSAGE][PASSED] - Object: 'Object Repository/TestResource/saveDetailButton' is clicked on

2018-11-30 15:20:49 - [TEST_STEP][PASSED] - Thread.sleep(7000): null

2018-11-30 15:20:56 - [TEST_STEP][PASSED] - click(findTestObject("TestResource/linksTab")): Object: 'Object Repository/TestResource/linksTab' is clicked on

2018-11-30 15:20:56 - [MESSAGE][PASSED] - Object: 'Object Repository/TestResource/linksTab' is clicked on

2018-11-30 15:20:56 - [TEST_STEP][PASSED] - Thread.sleep(2000): null

2018-11-30 15:20:58 - [TEST_STEP][PASSED] - click(findTestObject("TestResource/addLink")): Object: 'Object Repository/TestResource/addLink' is clicked on

2018-11-30 15:20:58 - [MESSAGE][PASSED] - Object: 'Object Repository/TestResource/addLink' is clicked on

2018-11-30 15:20:58 - [TEST_STEP][PASSED] - Thread.sleep(5000): null

2018-11-30 15:21:03 - [TEST_STEP][PASSED] - check(findTestObject("TestResource/selectSecondResourceToLink")): Object 'Object Repository/TestResource/selectSecondResourceToLink' is checked

2018-11-30 15:21:03 - [MESSAGE][PASSED] - Object 'Object Repository/TestResource/selectSecondResourceToLink' is checked

2018-11-30 15:21:03 - [TEST_STEP][PASSED] - AdminTool_Location.resourceLinkName(): AdminTool_Location.resourceLinkName is PASSED

2018-11-30 15:21:04 - [MESSAGE][PASSED] - AdminTool_Location.resourceLinkName is PASSED

2018-11-30 15:21:04 - [TEST_STEP][PASSED] - Thread.sleep(2000): null

2018-11-30 15:21:06 - [TEST_STEP][PASSED] - click(findTestObject("TestResource/button2Save")): Object: 'Object Repository/TestResource/button2Save' is clicked on

2018-11-30 15:21:06 - [MESSAGE][PASSED] - Object: 'Object Repository/TestResource/button2Save' is clicked on

2018-11-30 15:21:06 - [TEST_STEP][PASSED] - Thread.sleep(4000): null

2018-11-30 15:21:10 - [TEST_STEP][PASSED] - click(findTestObject("TestResource/locationTab")): Object: 'Object Repository/TestResource/locationTab' is clicked on

2018-11-30 15:21:10 - [MESSAGE][PASSED] - Object: 'Object Repository/TestResource/locationTab' is clicked on

2018-11-30 15:21:10 - [TEST_STEP][PASSED] - Thread.sleep(5000): null

2018-11-30 15:21:15 - [TEST_STEP][PASSED] - AdminTool_Location.checkLocation(): AdminTool_Location.checkLocation is PASSED

2018-11-30 15:21:17 - [MESSAGE][PASSED] - AdminTool_Location.checkLocation is PASSED

2018-11-30 15:21:17 - [TEST_STEP][PASSED] - Thread.sleep(4000): null

2018-11-30 15:21:21 - [TEST_STEP][PASSED] - click(findTestObject("TestResource/saveLocation")): Object: 'Object Repository/TestResource/saveLocation' is clicked on

2018-11-30 15:21:21 - [MESSAGE][PASSED] - Object: 'Object Repository/TestResource/saveLocation' is clicked on

2018-11-30 15:21:21 - [TEST_STEP][PASSED] - click(findTestObject("TestUserLocation/mainmenu_button")): Object: 'Object Repository/TestUserLocation/mainmenu_button' is clicked on

2018-11-30 15:21:23 - [MESSAGE][PASSED] - Object: 'Object Repository/TestUserLocation/mainmenu_button' is clicked on

2018-11-30 15:21:23 - [TEST_STEP][PASSED] - click(findTestObject("TestResource/mainMenu_resources")): Object: 'Object Repository/TestResource/mainMenu_resources' is clicked on

2018-11-30 15:21:23 - [MESSAGE][PASSED] - Object: 'Object Repository/TestResource/mainMenu_resources' is clicked on

2018-11-30 15:21:23 - [TEST_STEP][PASSED] - Thread.sleep(4000): null

2018-11-30 15:21:27 - [TEST_STEP][PASSED] - click(findTestObject("TestResource/items")): Object: 'Object Repository/TestResource/items' is clicked on

2018-11-30 15:21:28 - [MESSAGE][PASSED] - Object: 'Object Repository/TestResource/items' is clicked on

2018-11-30 15:21:28 - [TEST_STEP][PASSED] - Thread.sleep(4000): null

2018-11-30 15:21:32 - [TEST_STEP][PASSED] - AdminTool_Location.selectItem(): Element has been clicked

2018-11-30 15:21:36 - [MESSAGE][PASSED] - Element has been clicked

2018-11-30 15:21:36 - [TEST_STEP][PASSED] - Thread.sleep(4000): null

2018-11-30 15:21:40 - [TEST_STEP][PASSED] - click(findTestObject("TestUserLocation/addPlusIcon")): Object: 'Object Repository/TestUserLocation/addPlusIcon' is clicked on

2018-11-30 15:21:40 - [MESSAGE][PASSED] - Object: 'Object Repository/TestUserLocation/addPlusIcon' is clicked on

2018-11-30 15:21:40 - [TEST_STEP][PASSED] - Thread.sleep(2000): null

2018-11-30 15:21:42 - [TEST_STEP][PASSED] - setText(findTestObject("TestUserLocation/setNewName"), findTestData("LocationData").getValue("SubItemsName2", 1)): Text 'SUBITEM2_ON_30/11/18-15:19' is set on object 'Object Repository/TestUserLocation/setNewName'

2018-11-30 15:21:42 - [MESSAGE][PASSED] - Text 'SUBITEM2_ON_30/11/18-15:19' is set on object 'Object Repository/TestUserLocation/setNewName'

2018-11-30 15:21:42 - [TEST_STEP][NOT_RUN] - setText(findTestObject("TestResource/setPhoneNumber"), "912378456"): NOT_RUN: setText(findTestObject("TestResource/setPhoneNumber"), "912378456")

2018-11-30 15:21:42 - [MESSAGE][NOT_RUN] - NOT_RUN: setText(findTestObject("TestResource/setPhoneNumber"), "912378456")

2018-11-30 15:21:42 - [TEST_STEP][PASSED] - Thread.sleep(2000): null

2018-11-30 15:21:44 - [TEST_STEP][PASSED] - click(findTestObject("TestResource/saveDetailButton")): Object: 'Object Repository/TestResource/saveDetailButton' is clicked on

2018-11-30 15:21:44 - [MESSAGE][PASSED] - Object: 'Object Repository/TestResource/saveDetailButton' is clicked on

2018-11-30 15:21:44 - [TEST_STEP][PASSED] - Thread.sleep(7000): null

2018-11-30 15:21:51 - [TEST_STEP][PASSED] - click(findTestObject("TestResource/linksTab")): Object: 'Object Repository/TestResource/linksTab' is clicked on

2018-11-30 15:21:51 - [MESSAGE][PASSED] - Object: 'Object Repository/TestResource/linksTab' is clicked on

2018-11-30 15:21:51 - [TEST_STEP][PASSED] - Thread.sleep(2000): null

2018-11-30 15:21:53 - [TEST_STEP][PASSED] - click(findTestObject("TestResource/addLink")): Object: 'Object Repository/TestResource/addLink' is clicked on

2018-11-30 15:21:54 - [MESSAGE][PASSED] - Object: 'Object Repository/TestResource/addLink' is clicked on

2018-11-30 15:21:54 - [TEST_STEP][PASSED] - Thread.sleep(5000): null

2018-11-30 15:21:59 - [TEST_STEP][PASSED] - check(findTestObject("TestResource/selectSecondResourceToLink")): Object 'Object Repository/TestResource/selectSecondResourceToLink' is checked

2018-11-30 15:21:59 - [MESSAGE][PASSED] - Object 'Object Repository/TestResource/selectSecondResourceToLink' is checked

2018-11-30 15:21:59 - [TEST_STEP][PASSED] - AdminTool_Location.resourceLinkName(): AdminTool_Location.resourceLinkName is PASSED

2018-11-30 15:21:59 - [MESSAGE][PASSED] - AdminTool_Location.resourceLinkName is PASSED

2018-11-30 15:21:59 - [TEST_STEP][PASSED] - Thread.sleep(2000): null

2018-11-30 15:22:01 - [TEST_STEP][PASSED] - click(findTestObject("TestResource/button2Save")): Object: 'Object Repository/TestResource/button2Save' is clicked on

2018-11-30 15:22:01 - [MESSAGE][PASSED] - Object: 'Object Repository/TestResource/button2Save' is clicked on

2018-11-30 15:22:01 - [TEST_STEP][PASSED] - Thread.sleep(4000): null

2018-11-30 15:22:05 - [TEST_STEP][PASSED] - click(findTestObject("TestResource/locationTab")): Object: 'Object Repository/TestResource/locationTab' is clicked on

2018-11-30 15:22:05 - [MESSAGE][PASSED] - Object: 'Object Repository/TestResource/locationTab' is clicked on

2018-11-30 15:22:05 - [TEST_STEP][PASSED] - Thread.sleep(5000): null

2018-11-30 15:22:10 - [TEST_STEP][PASSED] - AdminTool_Location.checkLocation(): AdminTool_Location.checkLocation is PASSED

2018-11-30 15:22:12 - [MESSAGE][PASSED] - AdminTool_Location.checkLocation is PASSED

2018-11-30 15:22:12 - [TEST_STEP][PASSED] - Thread.sleep(4000): null

2018-11-30 15:22:16 - [TEST_STEP][PASSED] - click(findTestObject("TestResource/saveLocation")): Object: 'Object Repository/TestResource/saveLocation' is clicked on

2018-11-30 15:22:21 - [MESSAGE][PASSED] - Object: 'Object Repository/TestResource/saveLocation' is clicked on]]></system-out>
         <system-err><![CDATA[]]></system-err>
      </testcase>
      <testcase name="Test Cases/CheckResoucesAsPerLocation/validateResource" classname="Test Cases/CheckResoucesAsPerLocation/validateResource" status="PASSED">
         <system-out><![CDATA[2018-11-30 15:22:21 - [TEST_CASE][PASSED] - Test Cases/CheckResoucesAsPerLocation/validateResource: Test Cases/CheckResoucesAsPerLocation/validateResource

2018-11-30 15:22:22 - [TEST_STEP][NOT_RUN] - openBrowser(URL): NOT_RUN: openBrowser(URL)

2018-11-30 15:22:22 - [MESSAGE][NOT_RUN] - NOT_RUN: openBrowser(URL)

2018-11-30 15:22:22 - [TEST_STEP][NOT_RUN] - maximizeWindow(): NOT_RUN: maximizeWindow()

2018-11-30 15:22:22 - [MESSAGE][NOT_RUN] - NOT_RUN: maximizeWindow()

2018-11-30 15:22:22 - [TEST_STEP][NOT_RUN] - setText(findTestObject("Form_Selection_Creation/login_Username"), UserName): NOT_RUN: setText(findTestObject("Form_Selection_Creation/login_Username"), UserName)

2018-11-30 15:22:22 - [MESSAGE][NOT_RUN] - NOT_RUN: setText(findTestObject("Form_Selection_Creation/login_Username"), UserName)

2018-11-30 15:22:22 - [TEST_STEP][NOT_RUN] - setText(findTestObject("Form_Selection_Creation/login_Password"), Password): NOT_RUN: setText(findTestObject("Form_Selection_Creation/login_Password"), Password)

2018-11-30 15:22:22 - [MESSAGE][NOT_RUN] - NOT_RUN: setText(findTestObject("Form_Selection_Creation/login_Password"), Password)

2018-11-30 15:22:22 - [TEST_STEP][PASSED] - Thread.sleep(4000): null

2018-11-30 15:22:26 - [TEST_STEP][PASSED] - FormName.setData(): FormName.setData is PASSED

2018-11-30 15:22:26 - [MESSAGE][PASSED] - FormName.setData is PASSED

2018-11-30 15:22:26 - [TEST_STEP][NOT_RUN] - click(findTestObject("Form_Selection_Creation/login_Button")): NOT_RUN: click(findTestObject("Form_Selection_Creation/login_Button"))

2018-11-30 15:22:26 - [MESSAGE][NOT_RUN] - NOT_RUN: click(findTestObject("Form_Selection_Creation/login_Button"))

2018-11-30 15:22:26 - [TEST_STEP][PASSED] - click(findTestObject("Form_Selection_Creation/mainMenu_Button")): Object: 'Object Repository/Form_Selection_Creation/mainMenu_Button' is clicked on

2018-11-30 15:22:26 - [MESSAGE][PASSED] - Object: 'Object Repository/Form_Selection_Creation/mainMenu_Button' is clicked on

2018-11-30 15:22:26 - [TEST_STEP][NOT_RUN] - click(findTestObject("Form_Selection_Creation/mainMenu_AdminTools")): NOT_RUN: click(findTestObject("Form_Selection_Creation/mainMenu_AdminTools"))

2018-11-30 15:22:26 - [MESSAGE][NOT_RUN] - NOT_RUN: click(findTestObject("Form_Selection_Creation/mainMenu_AdminTools"))

2018-11-30 15:22:26 - [TEST_STEP][PASSED] - click(findTestObject("Form_Selection_Creation/mainMenu_AdminTools_FormDesigner")): Object: 'Object Repository/Form_Selection_Creation/mainMenu_AdminTools_FormDesigner' is clicked on

2018-11-30 15:22:26 - [MESSAGE][PASSED] - Object: 'Object Repository/Form_Selection_Creation/mainMenu_AdminTools_FormDesigner' is clicked on

2018-11-30 15:22:26 - [TEST_STEP][PASSED] - click(findTestObject("Form_Selection_Creation/selectCheckForm")): Object: 'Object Repository/Form_Selection_Creation/selectCheckForm' is clicked on

2018-11-30 15:22:26 - [MESSAGE][PASSED] - Object: 'Object Repository/Form_Selection_Creation/selectCheckForm' is clicked on

2018-11-30 15:22:26 - [TEST_STEP][PASSED] - Thread.sleep(5000): null

2018-11-30 15:22:31 - [TEST_STEP][PASSED] - AdminTool_Location.selectResType(): AdminTool_Location.selectResType is PASSED

2018-11-30 15:22:39 - [MESSAGE][PASSED] - AdminTool_Location.selectResType is PASSED

2018-11-30 15:22:39 - [TEST_STEP][PASSED] - AdminTool_Location.dragDropRes(): Element has been clicked

2018-11-30 15:22:44 - [MESSAGE][PASSED] - Element has been clicked

2018-11-30 15:22:44 - [TEST_STEP][PASSED] - Thread.sleep(3000): null

2018-11-30 15:22:47 - [TEST_STEP][NOT_RUN] - dragAndDropToObject(findTestObject("validateResources"), findTestObject("Form_Selection_Creation/Target_Res_Object")): NOT_RUN: dragAndDropToObject(findTestObject("validateResources"), findTestObject("Form_Selection_Creation/Target_Res_Object"))

2018-11-30 15:22:47 - [MESSAGE][NOT_RUN] - NOT_RUN: dragAndDropToObject(findTestObject("validateResources"), findTestObject("Form_Selection_Creation/Target_Res_Object"))

2018-11-30 15:22:47 - [TEST_STEP][PASSED] - AdminTool_Location.validate(): AdminTool_Location.validate is PASSED

2018-11-30 15:22:47 - [MESSAGE][PASSED] - AdminTool_Location.validate is PASSED

2018-11-30 15:22:47 - [TEST_STEP][PASSED] - s = getText(findTestObject("Text")): Text of object 'Object Repository/Text' is: 'Items > ITEM_ON_30/11/18-15:19 > SUBITEM2_ON_30/11/18-15:19'

2018-11-30 15:22:47 - [MESSAGE][PASSED] - Text of object 'Object Repository/Text' is: 'Items > ITEM_ON_30/11/18-15:19 > SUBITEM2_ON_30/11/18-15:19'

2018-11-30 15:22:47 - [TEST_STEP][PASSED] - println(s): null]]></system-out>
         <system-err><![CDATA[]]></system-err>
      </testcase>
      <system-out><![CDATA[2018-11-30 15:19:09 - [TEST_SUITE][PASSED] - Items_Resource: Test Cases/CheckResoucesAsPerLocation/validateResource]]></system-out>
      <system-err><![CDATA[]]></system-err>
   </testsuite>
</testsuites>
