<?xml version="1.0" encoding="UTF-8"?>
<testsuites name="CheckAllResources" time="918" tests="9" failures="0" errors="0">
   <testsuite name="CheckAllResources" tests="9" failures="0" errors="0" time="918" timestamp="2018-12-07 19:03:00" hostname="pashine_a - Abhishek-Pashine.India.XoriantCorp.com" id="Test Suites/CheckAllResources">
      <properties>
         <property name="deviceName" value=""/>
         <property name="devicePlatform" value=""/>
         <property name="logFolder" value="D:\\Git Data\\SafetyChain-Test-Automation-Katalon\\Reports\\CheckAllResources\\20181207_190257"/>
         <property name="logFiles" value="D:\\Git Data\\SafetyChain-Test-Automation-Katalon\\Reports\\CheckAllResources\\20181207_190257\\execution0.log"/>
         <property name="attachments" value=""/>
         <property name="hostName" value="pashine_a - Abhishek-Pashine.India.XoriantCorp.com"/>
         <property name="os" value="Windows 7 64bit"/>
         <property name="katalonVersion" value="5.9.1.2"/>
         <property name="browser" value="Chrome 71.0.3578.80"/>
         <property name="hostAddress" value="10.21.7.147"/>
         <property name="sessionId" value="fc690c5a9e8b52c4c1b4852c9a8442d4"/>
         <property name="seleniumVersion" value="3.7.1"/>
         <property name="proxyInformation" value="ProxyInformation{proxyOption=NO_PROXY, proxyServerType=HTTP, password=, proxyServerAddress=, proxyServerPort=0}"/>
         <property name="platform" value="Windows 7"/>
      </properties>
      <testcase name="Test Cases/CheckResoucesAsPerLocation/checkLocation" classname="Test Cases/CheckResoucesAsPerLocation/checkLocation" status="PASSED">
         <system-out><![CDATA[2018-12-07 19:03:00 - [TEST_CASE][PASSED] - Test Cases/CheckResoucesAsPerLocation/checkLocation: Test Cases/CheckResoucesAsPerLocation/checkLocation

2018-12-07 19:03:01 - [TEST_STEP][PASSED] - openBrowser(URL): Browser is opened with url: 'https://test2.stage.safetychain.com'

2018-12-07 19:03:01 - [MESSAGE][INFO] - Starting 'Chrome' driver

2018-12-07 19:03:01 - [MESSAGE][INFO] - Action delay is set to 0 seconds

2018-12-07 19:03:30 - [MESSAGE][PASSED] - Browser is opened with url: 'https://test2.stage.safetychain.com'

2018-12-07 19:03:30 - [TEST_STEP][PASSED] - maximizeWindow(): Current window maximized

2018-12-07 19:03:31 - [MESSAGE][PASSED] - Current window maximized

2018-12-07 19:03:31 - [TEST_STEP][PASSED] - setText(findTestObject("TestUserLocation/login_Username"), UserName): Text 'superadmin' is set on object 'Object Repository/TestUserLocation/login_Username'

2018-12-07 19:03:35 - [MESSAGE][PASSED] - Text 'superadmin' is set on object 'Object Repository/TestUserLocation/login_Username'

2018-12-07 19:03:35 - [TEST_STEP][PASSED] - setText(findTestObject("TestUserLocation/login_Password"), Password): Text 'sliptest23772boot' is set on object 'Object Repository/TestUserLocation/login_Password'

2018-12-07 19:03:35 - [MESSAGE][PASSED] - Text 'sliptest23772boot' is set on object 'Object Repository/TestUserLocation/login_Password'

2018-12-07 19:03:35 - [TEST_STEP][PASSED] - AdminTool_Location.setLocationName(): AdminTool_Location.setLocationName is PASSED

2018-12-07 19:03:36 - [MESSAGE][PASSED] - AdminTool_Location.setLocationName is PASSED

2018-12-07 19:03:36 - [TEST_STEP][PASSED] - click(findTestObject("TestUserLocation/login_Button")): Object: 'Object Repository/TestUserLocation/login_Button' is clicked on

2018-12-07 19:03:44 - [MESSAGE][PASSED] - Object: 'Object Repository/TestUserLocation/login_Button' is clicked on

2018-12-07 19:03:44 - [TEST_STEP][PASSED] - Thread.sleep(4000): null

2018-12-07 19:03:48 - [TEST_STEP][PASSED] - AdminTool_Location.setLocationNameInLocation(): AdminTool_Location.setLocationNameInLocation is PASSED

2018-12-07 19:03:49 - [MESSAGE][PASSED] - AdminTool_Location.setLocationNameInLocation is PASSED

2018-12-07 19:03:49 - [TEST_STEP][PASSED] - click(findTestObject("TestUserLocation/mainmenu_button")): Object: 'Object Repository/TestUserLocation/mainmenu_button' is clicked on

2018-12-07 19:03:51 - [MESSAGE][PASSED] - Object: 'Object Repository/TestUserLocation/mainmenu_button' is clicked on

2018-12-07 19:03:51 - [TEST_STEP][PASSED] - click(findTestObject("TestUserLocation/adminTool")): Object: 'Object Repository/TestUserLocation/adminTool' is clicked on

2018-12-07 19:03:51 - [MESSAGE][PASSED] - Object: 'Object Repository/TestUserLocation/adminTool' is clicked on

2018-12-07 19:03:51 - [TEST_STEP][PASSED] - click(findTestObject("TestUserLocation/mainMenuResourceDesigner")): Object: 'Object Repository/TestUserLocation/mainMenuResourceDesigner' is clicked on

2018-12-07 19:03:51 - [MESSAGE][PASSED] - Object: 'Object Repository/TestUserLocation/mainMenuResourceDesigner' is clicked on

2018-12-07 19:03:51 - [TEST_STEP][PASSED] - Thread.sleep(4000): null

2018-12-07 19:03:55 - [TEST_STEP][PASSED] - click(findTestObject("TestUserLocation/locations")): Object: 'Object Repository/TestUserLocation/locations' is clicked on

2018-12-07 19:03:55 - [MESSAGE][PASSED] - Object: 'Object Repository/TestUserLocation/locations' is clicked on

2018-12-07 19:03:55 - [TEST_STEP][PASSED] - Thread.sleep(4000): null

2018-12-07 19:03:59 - [TEST_STEP][NOT_RUN] - refresh(): NOT_RUN: refresh()

2018-12-07 19:03:59 - [MESSAGE][NOT_RUN] - NOT_RUN: refresh()

2018-12-07 19:03:59 - [TEST_STEP][NOT_RUN] - Thread.sleep(4000): NOT_RUN: Thread.sleep(4000)

2018-12-07 19:03:59 - [MESSAGE][NOT_RUN] - NOT_RUN: Thread.sleep(4000)

2018-12-07 19:03:59 - [TEST_STEP][PASSED] - click(findTestObject("TestUserLocation/categories")): Object: 'Object Repository/TestUserLocation/categories' is clicked on

2018-12-07 19:03:59 - [MESSAGE][PASSED] - Object: 'Object Repository/TestUserLocation/categories' is clicked on

2018-12-07 19:03:59 - [TEST_STEP][PASSED] - Thread.sleep(2000): null

2018-12-07 19:04:01 - [TEST_STEP][PASSED] - click(findTestObject("TestUserLocation/defaultArea")): Object: 'Object Repository/TestUserLocation/defaultArea' is clicked on

2018-12-07 19:04:02 - [MESSAGE][PASSED] - Object: 'Object Repository/TestUserLocation/defaultArea' is clicked on

2018-12-07 19:04:02 - [TEST_STEP][PASSED] - click(findTestObject("TestUserLocation/hoverHeading")): Object: 'Object Repository/TestUserLocation/hoverHeading' is clicked on

2018-12-07 19:04:02 - [MESSAGE][PASSED] - Object: 'Object Repository/TestUserLocation/hoverHeading' is clicked on

2018-12-07 19:04:02 - [TEST_STEP][PASSED] - click(findTestObject("TestUserLocation/addPlusIcon")): Object: 'Object Repository/TestUserLocation/addPlusIcon' is clicked on

2018-12-07 19:04:02 - [MESSAGE][PASSED] - Object: 'Object Repository/TestUserLocation/addPlusIcon' is clicked on

2018-12-07 19:04:02 - [TEST_STEP][PASSED] - setText(findTestObject("TestUserLocation/setNewName"), findTestData("LocationData").getValue("LocationName", 1)): Text 'LOCATION_ON_07/12/18-19:03' is set on object 'Object Repository/TestUserLocation/setNewName'

2018-12-07 19:04:02 - [MESSAGE][PASSED] - Text 'LOCATION_ON_07/12/18-19:03' is set on object 'Object Repository/TestUserLocation/setNewName'

2018-12-07 19:04:02 - [TEST_STEP][PASSED] - Thread.sleep(2000): null

2018-12-07 19:04:04 - [TEST_STEP][PASSED] - click(findTestObject("TestUserLocation/saveButton")): Object: 'Object Repository/TestUserLocation/saveButton' is clicked on

2018-12-07 19:04:04 - [MESSAGE][PASSED] - Object: 'Object Repository/TestUserLocation/saveButton' is clicked on

2018-12-07 19:04:04 - [TEST_STEP][PASSED] - Thread.sleep(4000): null

2018-12-07 19:04:08 - [TEST_STEP][PASSED] - click(findTestObject("TestUserLocation/mainmenu_button")): Object: 'Object Repository/TestUserLocation/mainmenu_button' is clicked on

2018-12-07 19:04:09 - [MESSAGE][PASSED] - Object: 'Object Repository/TestUserLocation/mainmenu_button' is clicked on

2018-12-07 19:04:09 - [TEST_STEP][PASSED] - click(findTestObject("TestUserLocation/mainMenuLocation")): Object: 'Object Repository/TestUserLocation/mainMenuLocation' is clicked on

2018-12-07 19:04:09 - [MESSAGE][PASSED] - Object: 'Object Repository/TestUserLocation/mainMenuLocation' is clicked on

2018-12-07 19:04:09 - [TEST_STEP][PASSED] - Thread.sleep(4000): null

2018-12-07 19:04:13 - [TEST_STEP][PASSED] - AdminTool_Location.selectLocation(): Element has been clicked

2018-12-07 19:04:17 - [MESSAGE][PASSED] - Element has been clicked

2018-12-07 19:04:17 - [TEST_STEP][PASSED] - click(findTestObject("TestUserLocation/addPlusIcon")): Object: 'Object Repository/TestUserLocation/addPlusIcon' is clicked on

2018-12-07 19:04:17 - [MESSAGE][PASSED] - Object: 'Object Repository/TestUserLocation/addPlusIcon' is clicked on

2018-12-07 19:04:17 - [TEST_STEP][PASSED] - Thread.sleep(2000): null

2018-12-07 19:04:19 - [TEST_STEP][PASSED] - setText(findTestObject("TestUserLocation/setNewName"), findTestData("LocationData").getValue("SubLocationName", 1)): Text 'SUBLOCATION_ON_07/12/18-19:03' is set on object 'Object Repository/TestUserLocation/setNewName'

2018-12-07 19:04:19 - [MESSAGE][PASSED] - Text 'SUBLOCATION_ON_07/12/18-19:03' is set on object 'Object Repository/TestUserLocation/setNewName'

2018-12-07 19:04:19 - [TEST_STEP][PASSED] - Thread.sleep(2000): null

2018-12-07 19:04:21 - [TEST_STEP][PASSED] - click(findTestObject("TestUserLocation/saveLocationDetailButton")): Object: 'Object Repository/TestUserLocation/saveLocationDetailButton' is clicked on

2018-12-07 19:04:22 - [MESSAGE][PASSED] - Object: 'Object Repository/TestUserLocation/saveLocationDetailButton' is clicked on

2018-12-07 19:04:22 - [TEST_STEP][PASSED] - Thread.sleep(4000): null

2018-12-07 19:04:26 - [TEST_STEP][PASSED] - click(findTestObject("TestUserLocation/customerSelect")): Object: 'Object Repository/TestUserLocation/customerSelect' is clicked on

2018-12-07 19:04:26 - [MESSAGE][PASSED] - Object: 'Object Repository/TestUserLocation/customerSelect' is clicked on

2018-12-07 19:04:26 - [TEST_STEP][PASSED] - Thread.sleep(4000): null

2018-12-07 19:04:30 - [TEST_STEP][PASSED] - check(findTestObject("TestUserLocation/select4ResouceInCustomer")): Object 'Object Repository/TestUserLocation/select4ResouceInCustomer' is checked

2018-12-07 19:04:30 - [MESSAGE][PASSED] - Object 'Object Repository/TestUserLocation/select4ResouceInCustomer' is checked

2018-12-07 19:04:30 - [TEST_STEP][PASSED] - Thread.sleep(2000): null

2018-12-07 19:04:32 - [TEST_STEP][PASSED] - click(findTestObject("TestUserLocation/saveLocationDetailButton")): Object: 'Object Repository/TestUserLocation/saveLocationDetailButton' is clicked on

2018-12-07 19:04:32 - [MESSAGE][PASSED] - Object: 'Object Repository/TestUserLocation/saveLocationDetailButton' is clicked on]]></system-out>
         <system-err><![CDATA[]]></system-err>
      </testcase>
      <testcase name="Test Cases/CheckResoucesAsPerLocation/checkResource_Customer" classname="Test Cases/CheckResoucesAsPerLocation/checkResource_Customer" status="PASSED">
         <system-out><![CDATA[2018-12-07 19:04:32 - [TEST_CASE][PASSED] - Test Cases/CheckResoucesAsPerLocation/checkResource_Customer: Test Cases/CheckResoucesAsPerLocation/checkResource_Customer

2018-12-07 19:04:32 - [TEST_STEP][PASSED] - openBrowser(URL): Browser is opened with url: 'https://test2.stage.safetychain.com'

2018-12-07 19:04:32 - [MESSAGE][WARNING] - A browser is already opened. Closing browser and opening a new one

2018-12-07 19:04:33 - [MESSAGE][INFO] - Starting 'Chrome' driver

2018-12-07 19:04:54 - [MESSAGE][PASSED] - Browser is opened with url: 'https://test2.stage.safetychain.com'

2018-12-07 19:04:54 - [TEST_STEP][PASSED] - maximizeWindow(): Current window maximized

2018-12-07 19:04:55 - [MESSAGE][PASSED] - Current window maximized

2018-12-07 19:04:55 - [TEST_STEP][PASSED] - setText(findTestObject("TestUserLocation/login_Username"), UserName): Text 'superadmin' is set on object 'Object Repository/TestUserLocation/login_Username'

2018-12-07 19:05:01 - [MESSAGE][PASSED] - Text 'superadmin' is set on object 'Object Repository/TestUserLocation/login_Username'

2018-12-07 19:05:01 - [TEST_STEP][PASSED] - setText(findTestObject("TestUserLocation/login_Password"), Password): Text 'sliptest23772boot' is set on object 'Object Repository/TestUserLocation/login_Password'

2018-12-07 19:05:01 - [MESSAGE][PASSED] - Text 'sliptest23772boot' is set on object 'Object Repository/TestUserLocation/login_Password'

2018-12-07 19:05:01 - [TEST_STEP][PASSED] - AdminTool_Location.setCustomerName(): AdminTool_Location.setCustomerName is PASSED

2018-12-07 19:05:01 - [MESSAGE][PASSED] - AdminTool_Location.setCustomerName is PASSED

2018-12-07 19:05:01 - [TEST_STEP][PASSED] - click(findTestObject("TestUserLocation/login_Button")): Object: 'Object Repository/TestUserLocation/login_Button' is clicked on

2018-12-07 19:05:03 - [MESSAGE][PASSED] - Object: 'Object Repository/TestUserLocation/login_Button' is clicked on

2018-12-07 19:05:03 - [TEST_STEP][PASSED] - Thread.sleep(4000): null

2018-12-07 19:05:07 - [TEST_STEP][PASSED] - click(findTestObject("TestUserLocation/mainmenu_button")): Object: 'Object Repository/TestUserLocation/mainmenu_button' is clicked on

2018-12-07 19:05:13 - [MESSAGE][PASSED] - Object: 'Object Repository/TestUserLocation/mainmenu_button' is clicked on

2018-12-07 19:05:13 - [TEST_STEP][PASSED] - click(findTestObject("TestUserLocation/adminTool")): Object: 'Object Repository/TestUserLocation/adminTool' is clicked on

2018-12-07 19:05:13 - [MESSAGE][PASSED] - Object: 'Object Repository/TestUserLocation/adminTool' is clicked on

2018-12-07 19:05:13 - [TEST_STEP][PASSED] - click(findTestObject("TestUserLocation/mainMenuResourceDesigner")): Object: 'Object Repository/TestUserLocation/mainMenuResourceDesigner' is clicked on

2018-12-07 19:05:13 - [MESSAGE][PASSED] - Object: 'Object Repository/TestUserLocation/mainMenuResourceDesigner' is clicked on

2018-12-07 19:05:13 - [TEST_STEP][PASSED] - Thread.sleep(4000): null

2018-12-07 19:05:17 - [TEST_STEP][PASSED] - click(findTestObject("TestResource/customers")): Object: 'Object Repository/TestResource/customers' is clicked on

2018-12-07 19:05:17 - [MESSAGE][PASSED] - Object: 'Object Repository/TestResource/customers' is clicked on

2018-12-07 19:05:17 - [TEST_STEP][PASSED] - Thread.sleep(4000): null

2018-12-07 19:05:21 - [TEST_STEP][PASSED] - click(findTestObject("TestUserLocation/categories")): Object: 'Object Repository/TestUserLocation/categories' is clicked on

2018-12-07 19:05:21 - [MESSAGE][PASSED] - Object: 'Object Repository/TestUserLocation/categories' is clicked on

2018-12-07 19:05:21 - [TEST_STEP][PASSED] - Thread.sleep(2000): null

2018-12-07 19:05:23 - [TEST_STEP][PASSED] - click(findTestObject("TestUserLocation/defaultArea")): Object: 'Object Repository/TestUserLocation/defaultArea' is clicked on

2018-12-07 19:05:23 - [MESSAGE][PASSED] - Object: 'Object Repository/TestUserLocation/defaultArea' is clicked on

2018-12-07 19:05:23 - [TEST_STEP][PASSED] - Thread.sleep(2000): null

2018-12-07 19:05:25 - [TEST_STEP][PASSED] - click(findTestObject("TestUserLocation/hoverHeading")): Object: 'Object Repository/TestUserLocation/hoverHeading' is clicked on

2018-12-07 19:05:25 - [MESSAGE][PASSED] - Object: 'Object Repository/TestUserLocation/hoverHeading' is clicked on

2018-12-07 19:05:25 - [TEST_STEP][PASSED] - click(findTestObject("TestUserLocation/addPlusIcon")): Object: 'Object Repository/TestUserLocation/addPlusIcon' is clicked on

2018-12-07 19:05:26 - [MESSAGE][PASSED] - Object: 'Object Repository/TestUserLocation/addPlusIcon' is clicked on

2018-12-07 19:05:26 - [TEST_STEP][PASSED] - setText(findTestObject("TestUserLocation/setNewName"), findTestData("LocationData").getValue("CustomerName", 1)): Text 'CUSTOMER_ON_07/12/18-19:05' is set on object 'Object Repository/TestUserLocation/setNewName'

2018-12-07 19:05:26 - [MESSAGE][PASSED] - Text 'CUSTOMER_ON_07/12/18-19:05' is set on object 'Object Repository/TestUserLocation/setNewName'

2018-12-07 19:05:26 - [TEST_STEP][PASSED] - Thread.sleep(2000): null

2018-12-07 19:05:28 - [TEST_STEP][PASSED] - click(findTestObject("TestUserLocation/saveButton")): Object: 'Object Repository/TestUserLocation/saveButton' is clicked on

2018-12-07 19:05:28 - [MESSAGE][PASSED] - Object: 'Object Repository/TestUserLocation/saveButton' is clicked on

2018-12-07 19:05:28 - [TEST_STEP][PASSED] - Thread.sleep(4000): null

2018-12-07 19:05:32 - [TEST_STEP][PASSED] - Thread.sleep(4000): null

2018-12-07 19:05:36 - [TEST_STEP][PASSED] - click(findTestObject("TestUserLocation/mainmenu_button")): Object: 'Object Repository/TestUserLocation/mainmenu_button' is clicked on

2018-12-07 19:05:36 - [MESSAGE][PASSED] - Object: 'Object Repository/TestUserLocation/mainmenu_button' is clicked on

2018-12-07 19:05:36 - [TEST_STEP][PASSED] - click(findTestObject("TestResource/mainMenu_resources")): Object: 'Object Repository/TestResource/mainMenu_resources' is clicked on

2018-12-07 19:05:37 - [MESSAGE][PASSED] - Object: 'Object Repository/TestResource/mainMenu_resources' is clicked on

2018-12-07 19:05:37 - [TEST_STEP][PASSED] - Thread.sleep(4000): null

2018-12-07 19:05:41 - [TEST_STEP][PASSED] - click(findTestObject("TestResource/customers")): Object: 'Object Repository/TestResource/customers' is clicked on

2018-12-07 19:05:41 - [MESSAGE][PASSED] - Object: 'Object Repository/TestResource/customers' is clicked on

2018-12-07 19:05:41 - [TEST_STEP][PASSED] - Thread.sleep(4000): null

2018-12-07 19:05:45 - [TEST_STEP][PASSED] - AdminTool_Location.selectCustomer(): Element has been clicked

2018-12-07 19:05:49 - [MESSAGE][PASSED] - Element has been clicked

2018-12-07 19:05:49 - [TEST_STEP][PASSED] - Thread.sleep(4000): null

2018-12-07 19:05:53 - [TEST_STEP][PASSED] - click(findTestObject("TestUserLocation/addPlusIcon")): Object: 'Object Repository/TestUserLocation/addPlusIcon' is clicked on

2018-12-07 19:05:53 - [MESSAGE][PASSED] - Object: 'Object Repository/TestUserLocation/addPlusIcon' is clicked on

2018-12-07 19:05:53 - [TEST_STEP][PASSED] - Thread.sleep(2000): null

2018-12-07 19:05:55 - [TEST_STEP][PASSED] - setText(findTestObject("TestUserLocation/setNewName"), findTestData("LocationData").getValue("SubCustomerName1", 1)): Text 'SUBCUSTOMER1_ON_07/12/18-19:05' is set on object 'Object Repository/TestUserLocation/setNewName'

2018-12-07 19:05:56 - [MESSAGE][PASSED] - Text 'SUBCUSTOMER1_ON_07/12/18-19:05' is set on object 'Object Repository/TestUserLocation/setNewName'

2018-12-07 19:05:56 - [TEST_STEP][PASSED] - setText(findTestObject("TestResource/setPhoneNumber"), "912378456"): Text '912378456' is set on object 'Object Repository/TestResource/setPhoneNumber'

2018-12-07 19:05:56 - [MESSAGE][PASSED] - Text '912378456' is set on object 'Object Repository/TestResource/setPhoneNumber'

2018-12-07 19:05:56 - [TEST_STEP][PASSED] - Thread.sleep(2000): null

2018-12-07 19:05:58 - [TEST_STEP][PASSED] - click(findTestObject("TestResource/saveDetailButton")): Object: 'Object Repository/TestResource/saveDetailButton' is clicked on

2018-12-07 19:05:58 - [MESSAGE][PASSED] - Object: 'Object Repository/TestResource/saveDetailButton' is clicked on

2018-12-07 19:05:58 - [TEST_STEP][PASSED] - Thread.sleep(7000): null

2018-12-07 19:06:05 - [TEST_STEP][PASSED] - click(findTestObject("TestResource/disableResource")): Object: 'Object Repository/TestResource/disableResource' is clicked on

2018-12-07 19:06:05 - [MESSAGE][PASSED] - Object: 'Object Repository/TestResource/disableResource' is clicked on

2018-12-07 19:06:05 - [TEST_STEP][PASSED] - Thread.sleep(2000): null

2018-12-07 19:06:07 - [TEST_STEP][PASSED] - click(findTestObject("TestResource/button2Yes")): Object: 'Object Repository/TestResource/button2Yes' is clicked on

2018-12-07 19:06:07 - [MESSAGE][PASSED] - Object: 'Object Repository/TestResource/button2Yes' is clicked on

2018-12-07 19:06:07 - [TEST_STEP][PASSED] - Thread.sleep(2000): null

2018-12-07 19:06:09 - [TEST_STEP][PASSED] - click(findTestObject("TestResource/saveDetailButton")): Object: 'Object Repository/TestResource/saveDetailButton' is clicked on

2018-12-07 19:06:09 - [MESSAGE][PASSED] - Object: 'Object Repository/TestResource/saveDetailButton' is clicked on

2018-12-07 19:06:09 - [TEST_STEP][PASSED] - Thread.sleep(7000): null

2018-12-07 19:06:16 - [TEST_STEP][PASSED] - click(findTestObject("TestResource/linksTab")): Object: 'Object Repository/TestResource/linksTab' is clicked on

2018-12-07 19:06:17 - [MESSAGE][PASSED] - Object: 'Object Repository/TestResource/linksTab' is clicked on

2018-12-07 19:06:17 - [TEST_STEP][PASSED] - Thread.sleep(2000): null

2018-12-07 19:06:19 - [TEST_STEP][PASSED] - click(findTestObject("TestResource/addLink")): Object: 'Object Repository/TestResource/addLink' is clicked on

2018-12-07 19:06:19 - [MESSAGE][PASSED] - Object: 'Object Repository/TestResource/addLink' is clicked on

2018-12-07 19:06:19 - [TEST_STEP][PASSED] - Thread.sleep(5000): null

2018-12-07 19:06:24 - [TEST_STEP][PASSED] - check(findTestObject("TestResource/selectSecondResourceToLink")): Object 'Object Repository/TestResource/selectSecondResourceToLink' is checked

2018-12-07 19:06:24 - [MESSAGE][PASSED] - Object 'Object Repository/TestResource/selectSecondResourceToLink' is checked

2018-12-07 19:06:24 - [TEST_STEP][PASSED] - AdminTool_Location.resourceLinkName(): AdminTool_Location.resourceLinkName is PASSED

2018-12-07 19:06:24 - [MESSAGE][PASSED] - AdminTool_Location.resourceLinkName is PASSED

2018-12-07 19:06:24 - [TEST_STEP][PASSED] - Thread.sleep(2000): null

2018-12-07 19:06:26 - [TEST_STEP][PASSED] - click(findTestObject("TestResource/button2Save")): Object: 'Object Repository/TestResource/button2Save' is clicked on

2018-12-07 19:06:26 - [MESSAGE][PASSED] - Object: 'Object Repository/TestResource/button2Save' is clicked on

2018-12-07 19:06:26 - [TEST_STEP][PASSED] - Thread.sleep(4000): null

2018-12-07 19:06:30 - [TEST_STEP][PASSED] - click(findTestObject("TestResource/locationTab")): Object: 'Object Repository/TestResource/locationTab' is clicked on

2018-12-07 19:06:30 - [MESSAGE][PASSED] - Object: 'Object Repository/TestResource/locationTab' is clicked on

2018-12-07 19:06:30 - [TEST_STEP][PASSED] - Thread.sleep(5000): null

2018-12-07 19:06:35 - [TEST_STEP][PASSED] - AdminTool_Location.checkLocation(): AdminTool_Location.checkLocation is PASSED

2018-12-07 19:06:38 - [MESSAGE][PASSED] - AdminTool_Location.checkLocation is PASSED

2018-12-07 19:06:38 - [TEST_STEP][PASSED] - Thread.sleep(4000): null

2018-12-07 19:06:42 - [TEST_STEP][PASSED] - click(findTestObject("TestResource/saveLocation")): Object: 'Object Repository/TestResource/saveLocation' is clicked on

2018-12-07 19:06:42 - [MESSAGE][PASSED] - Object: 'Object Repository/TestResource/saveLocation' is clicked on

2018-12-07 19:06:42 - [TEST_STEP][PASSED] - click(findTestObject("TestUserLocation/mainmenu_button")): Object: 'Object Repository/TestUserLocation/mainmenu_button' is clicked on

2018-12-07 19:06:43 - [MESSAGE][PASSED] - Object: 'Object Repository/TestUserLocation/mainmenu_button' is clicked on

2018-12-07 19:06:43 - [TEST_STEP][PASSED] - click(findTestObject("TestResource/mainMenu_resources")): Object: 'Object Repository/TestResource/mainMenu_resources' is clicked on

2018-12-07 19:06:43 - [MESSAGE][PASSED] - Object: 'Object Repository/TestResource/mainMenu_resources' is clicked on

2018-12-07 19:06:43 - [TEST_STEP][PASSED] - Thread.sleep(4000): null

2018-12-07 19:06:47 - [TEST_STEP][PASSED] - click(findTestObject("TestResource/customers")): Object: 'Object Repository/TestResource/customers' is clicked on

2018-12-07 19:06:47 - [MESSAGE][PASSED] - Object: 'Object Repository/TestResource/customers' is clicked on

2018-12-07 19:06:47 - [TEST_STEP][PASSED] - Thread.sleep(4000): null

2018-12-07 19:06:51 - [TEST_STEP][PASSED] - AdminTool_Location.selectCustomer(): Element has been clicked

2018-12-07 19:06:55 - [MESSAGE][PASSED] - Element has been clicked

2018-12-07 19:06:55 - [TEST_STEP][PASSED] - Thread.sleep(4000): null

2018-12-07 19:06:59 - [TEST_STEP][PASSED] - click(findTestObject("TestUserLocation/addPlusIcon")): Object: 'Object Repository/TestUserLocation/addPlusIcon' is clicked on

2018-12-07 19:07:00 - [MESSAGE][PASSED] - Object: 'Object Repository/TestUserLocation/addPlusIcon' is clicked on

2018-12-07 19:07:00 - [TEST_STEP][PASSED] - Thread.sleep(2000): null

2018-12-07 19:07:02 - [TEST_STEP][PASSED] - setText(findTestObject("TestUserLocation/setNewName"), findTestData("LocationData").getValue("SubCustomerName2", 1)): Text 'SUBCUSTOMER2_ON_07/12/18-19:05' is set on object 'Object Repository/TestUserLocation/setNewName'

2018-12-07 19:07:02 - [MESSAGE][PASSED] - Text 'SUBCUSTOMER2_ON_07/12/18-19:05' is set on object 'Object Repository/TestUserLocation/setNewName'

2018-12-07 19:07:02 - [TEST_STEP][PASSED] - setText(findTestObject("TestResource/setPhoneNumber"), "912378456"): Text '912378456' is set on object 'Object Repository/TestResource/setPhoneNumber'

2018-12-07 19:07:02 - [MESSAGE][PASSED] - Text '912378456' is set on object 'Object Repository/TestResource/setPhoneNumber'

2018-12-07 19:07:02 - [TEST_STEP][PASSED] - Thread.sleep(2000): null

2018-12-07 19:07:04 - [TEST_STEP][PASSED] - click(findTestObject("TestResource/saveDetailButton")): Object: 'Object Repository/TestResource/saveDetailButton' is clicked on

2018-12-07 19:07:05 - [MESSAGE][PASSED] - Object: 'Object Repository/TestResource/saveDetailButton' is clicked on

2018-12-07 19:07:05 - [TEST_STEP][PASSED] - Thread.sleep(7000): null

2018-12-07 19:07:12 - [TEST_STEP][PASSED] - click(findTestObject("TestResource/linksTab")): Object: 'Object Repository/TestResource/linksTab' is clicked on

2018-12-07 19:07:12 - [MESSAGE][PASSED] - Object: 'Object Repository/TestResource/linksTab' is clicked on

2018-12-07 19:07:12 - [TEST_STEP][PASSED] - Thread.sleep(2000): null

2018-12-07 19:07:14 - [TEST_STEP][PASSED] - click(findTestObject("TestResource/addLink")): Object: 'Object Repository/TestResource/addLink' is clicked on

2018-12-07 19:07:14 - [MESSAGE][PASSED] - Object: 'Object Repository/TestResource/addLink' is clicked on

2018-12-07 19:07:14 - [TEST_STEP][PASSED] - Thread.sleep(5000): null

2018-12-07 19:07:19 - [TEST_STEP][PASSED] - check(findTestObject("TestResource/selectSecondResourceToLink")): Object 'Object Repository/TestResource/selectSecondResourceToLink' is checked

2018-12-07 19:07:19 - [MESSAGE][PASSED] - Object 'Object Repository/TestResource/selectSecondResourceToLink' is checked

2018-12-07 19:07:19 - [TEST_STEP][PASSED] - AdminTool_Location.resourceLinkName(): AdminTool_Location.resourceLinkName is PASSED

2018-12-07 19:07:19 - [MESSAGE][PASSED] - AdminTool_Location.resourceLinkName is PASSED

2018-12-07 19:07:19 - [TEST_STEP][PASSED] - Thread.sleep(2000): null

2018-12-07 19:07:21 - [TEST_STEP][PASSED] - click(findTestObject("TestResource/button2Save")): Object: 'Object Repository/TestResource/button2Save' is clicked on

2018-12-07 19:07:21 - [MESSAGE][PASSED] - Object: 'Object Repository/TestResource/button2Save' is clicked on

2018-12-07 19:07:21 - [TEST_STEP][PASSED] - Thread.sleep(4000): null

2018-12-07 19:07:25 - [TEST_STEP][PASSED] - click(findTestObject("TestResource/locationTab")): Object: 'Object Repository/TestResource/locationTab' is clicked on

2018-12-07 19:07:25 - [MESSAGE][PASSED] - Object: 'Object Repository/TestResource/locationTab' is clicked on

2018-12-07 19:07:25 - [TEST_STEP][PASSED] - Thread.sleep(5000): null

2018-12-07 19:07:30 - [TEST_STEP][PASSED] - AdminTool_Location.checkLocation(): AdminTool_Location.checkLocation is PASSED

2018-12-07 19:07:32 - [MESSAGE][PASSED] - AdminTool_Location.checkLocation is PASSED

2018-12-07 19:07:32 - [TEST_STEP][PASSED] - Thread.sleep(4000): null

2018-12-07 19:07:36 - [TEST_STEP][PASSED] - click(findTestObject("TestResource/saveLocation")): Object: 'Object Repository/TestResource/saveLocation' is clicked on

2018-12-07 19:07:37 - [MESSAGE][PASSED] - Object: 'Object Repository/TestResource/saveLocation' is clicked on]]></system-out>
         <system-err><![CDATA[]]></system-err>
      </testcase>
      <testcase name="Test Cases/CheckResoucesAsPerLocation/validateResource" classname="Test Cases/CheckResoucesAsPerLocation/validateResource" status="PASSED">
         <system-out><![CDATA[2018-12-07 19:07:37 - [TEST_CASE][PASSED] - Test Cases/CheckResoucesAsPerLocation/validateResource: Test Cases/CheckResoucesAsPerLocation/validateResource

2018-12-07 19:07:37 - [TEST_STEP][NOT_RUN] - openBrowser(URL): NOT_RUN: openBrowser(URL)

2018-12-07 19:07:37 - [MESSAGE][NOT_RUN] - NOT_RUN: openBrowser(URL)

2018-12-07 19:07:37 - [TEST_STEP][NOT_RUN] - maximizeWindow(): NOT_RUN: maximizeWindow()

2018-12-07 19:07:37 - [MESSAGE][NOT_RUN] - NOT_RUN: maximizeWindow()

2018-12-07 19:07:37 - [TEST_STEP][NOT_RUN] - setText(findTestObject("Form_Selection_Creation/login_Username"), UserName): NOT_RUN: setText(findTestObject("Form_Selection_Creation/login_Username"), UserName)

2018-12-07 19:07:37 - [MESSAGE][NOT_RUN] - NOT_RUN: setText(findTestObject("Form_Selection_Creation/login_Username"), UserName)

2018-12-07 19:07:37 - [TEST_STEP][NOT_RUN] - setText(findTestObject("Form_Selection_Creation/login_Password"), Password): NOT_RUN: setText(findTestObject("Form_Selection_Creation/login_Password"), Password)

2018-12-07 19:07:37 - [MESSAGE][NOT_RUN] - NOT_RUN: setText(findTestObject("Form_Selection_Creation/login_Password"), Password)

2018-12-07 19:07:37 - [TEST_STEP][PASSED] - Thread.sleep(4000): null

2018-12-07 19:07:41 - [TEST_STEP][PASSED] - FormName.setData(): FormName.setData is PASSED

2018-12-07 19:07:41 - [MESSAGE][PASSED] - FormName.setData is PASSED

2018-12-07 19:07:41 - [TEST_STEP][NOT_RUN] - click(findTestObject("Form_Selection_Creation/login_Button")): NOT_RUN: click(findTestObject("Form_Selection_Creation/login_Button"))

2018-12-07 19:07:41 - [MESSAGE][NOT_RUN] - NOT_RUN: click(findTestObject("Form_Selection_Creation/login_Button"))

2018-12-07 19:07:41 - [TEST_STEP][PASSED] - click(findTestObject("Form_Selection_Creation/mainMenu_Button")): Object: 'Object Repository/Form_Selection_Creation/mainMenu_Button' is clicked on

2018-12-07 19:07:41 - [MESSAGE][PASSED] - Object: 'Object Repository/Form_Selection_Creation/mainMenu_Button' is clicked on

2018-12-07 19:07:41 - [TEST_STEP][NOT_RUN] - click(findTestObject("Form_Selection_Creation/mainMenu_AdminTools")): NOT_RUN: click(findTestObject("Form_Selection_Creation/mainMenu_AdminTools"))

2018-12-07 19:07:41 - [MESSAGE][NOT_RUN] - NOT_RUN: click(findTestObject("Form_Selection_Creation/mainMenu_AdminTools"))

2018-12-07 19:07:41 - [TEST_STEP][PASSED] - click(findTestObject("Form_Selection_Creation/mainMenu_AdminTools_FormDesigner")): Object: 'Object Repository/Form_Selection_Creation/mainMenu_AdminTools_FormDesigner' is clicked on

2018-12-07 19:07:41 - [MESSAGE][PASSED] - Object: 'Object Repository/Form_Selection_Creation/mainMenu_AdminTools_FormDesigner' is clicked on

2018-12-07 19:07:41 - [TEST_STEP][PASSED] - click(findTestObject("Form_Selection_Creation/selectCheckForm")): Object: 'Object Repository/Form_Selection_Creation/selectCheckForm' is clicked on

2018-12-07 19:07:41 - [MESSAGE][PASSED] - Object: 'Object Repository/Form_Selection_Creation/selectCheckForm' is clicked on

2018-12-07 19:07:41 - [TEST_STEP][PASSED] - Thread.sleep(5000): null

2018-12-07 19:07:46 - [TEST_STEP][PASSED] - AdminTool_Location.selectResType(): AdminTool_Location.selectResType is PASSED

2018-12-07 19:07:54 - [MESSAGE][PASSED] - AdminTool_Location.selectResType is PASSED

2018-12-07 19:07:54 - [TEST_STEP][PASSED] - AdminTool_Location.dragDropRes(): Element has been clicked

2018-12-07 19:07:59 - [MESSAGE][PASSED] - Element has been clicked

2018-12-07 19:07:59 - [TEST_STEP][PASSED] - Thread.sleep(3000): null

2018-12-07 19:08:02 - [TEST_STEP][NOT_RUN] - dragAndDropToObject(findTestObject("null"), findTestObject("Form_Selection_Creation/Target_Res_Object")): NOT_RUN: dragAndDropToObject(findTestObject("null"), findTestObject("Form_Selection_Creation/Target_Res_Object"))

2018-12-07 19:08:02 - [MESSAGE][NOT_RUN] - NOT_RUN: dragAndDropToObject(findTestObject("null"), findTestObject("Form_Selection_Creation/Target_Res_Object"))

2018-12-07 19:08:02 - [TEST_STEP][PASSED] - AdminTool_Location.validate(): AdminTool_Location.validate is PASSED

2018-12-07 19:08:02 - [MESSAGE][PASSED] - AdminTool_Location.validate is PASSED

2018-12-07 19:08:02 - [TEST_STEP][PASSED] - s = getText(findTestObject("TestResource/testText")): Text of object 'Object Repository/TestResource/testText' is: 'Customers > CUSTOMER_ON_07/12/18-19:05 > SUBCUSTOMER2_ON_07/12/18-19:05'

2018-12-07 19:08:02 - [MESSAGE][PASSED] - Text of object 'Object Repository/TestResource/testText' is: 'Customers > CUSTOMER_ON_07/12/18-19:05 > SUBCUSTOMER2_ON_07/12/18-19:05'

2018-12-07 19:08:02 - [TEST_STEP][PASSED] - println(s): null]]></system-out>
         <system-err><![CDATA[]]></system-err>
      </testcase>
      <testcase name="Test Cases/CheckResoucesAsPerLocation/checkResource_Equipment" classname="Test Cases/CheckResoucesAsPerLocation/checkResource_Equipment" status="PASSED">
         <system-out><![CDATA[2018-12-07 19:08:02 - [TEST_CASE][PASSED] - Test Cases/CheckResoucesAsPerLocation/checkResource_Equipment: Test Cases/CheckResoucesAsPerLocation/checkResource_Equipment

2018-12-07 19:08:02 - [TEST_STEP][PASSED] - openBrowser(URL): Browser is opened with url: 'https://test2.stage.safetychain.com'

2018-12-07 19:08:02 - [MESSAGE][WARNING] - A browser is already opened. Closing browser and opening a new one

2018-12-07 19:08:03 - [MESSAGE][INFO] - Starting 'Chrome' driver

2018-12-07 19:08:22 - [MESSAGE][PASSED] - Browser is opened with url: 'https://test2.stage.safetychain.com'

2018-12-07 19:08:22 - [TEST_STEP][PASSED] - maximizeWindow(): Current window maximized

2018-12-07 19:08:23 - [MESSAGE][PASSED] - Current window maximized

2018-12-07 19:08:23 - [TEST_STEP][PASSED] - setText(findTestObject("TestUserLocation/login_Username"), UserName): Text 'superadmin' is set on object 'Object Repository/TestUserLocation/login_Username'

2018-12-07 19:08:28 - [MESSAGE][PASSED] - Text 'superadmin' is set on object 'Object Repository/TestUserLocation/login_Username'

2018-12-07 19:08:28 - [TEST_STEP][PASSED] - setText(findTestObject("TestUserLocation/login_Password"), Password): Text 'sliptest23772boot' is set on object 'Object Repository/TestUserLocation/login_Password'

2018-12-07 19:08:28 - [MESSAGE][PASSED] - Text 'sliptest23772boot' is set on object 'Object Repository/TestUserLocation/login_Password'

2018-12-07 19:08:28 - [TEST_STEP][PASSED] - AdminTool_Location.setEquipmentName(): AdminTool_Location.setEquipmentName is PASSED

2018-12-07 19:08:28 - [MESSAGE][PASSED] - AdminTool_Location.setEquipmentName is PASSED

2018-12-07 19:08:28 - [TEST_STEP][PASSED] - click(findTestObject("TestUserLocation/login_Button")): Object: 'Object Repository/TestUserLocation/login_Button' is clicked on

2018-12-07 19:08:31 - [MESSAGE][PASSED] - Object: 'Object Repository/TestUserLocation/login_Button' is clicked on

2018-12-07 19:08:31 - [TEST_STEP][PASSED] - Thread.sleep(4000): null

2018-12-07 19:08:35 - [TEST_STEP][PASSED] - click(findTestObject("TestUserLocation/mainmenu_button")): Object: 'Object Repository/TestUserLocation/mainmenu_button' is clicked on

2018-12-07 19:08:37 - [MESSAGE][PASSED] - Object: 'Object Repository/TestUserLocation/mainmenu_button' is clicked on

2018-12-07 19:08:37 - [TEST_STEP][PASSED] - click(findTestObject("TestUserLocation/adminTool")): Object: 'Object Repository/TestUserLocation/adminTool' is clicked on

2018-12-07 19:08:37 - [MESSAGE][PASSED] - Object: 'Object Repository/TestUserLocation/adminTool' is clicked on

2018-12-07 19:08:37 - [TEST_STEP][PASSED] - click(findTestObject("TestUserLocation/mainMenuResourceDesigner")): Object: 'Object Repository/TestUserLocation/mainMenuResourceDesigner' is clicked on

2018-12-07 19:08:38 - [MESSAGE][PASSED] - Object: 'Object Repository/TestUserLocation/mainMenuResourceDesigner' is clicked on

2018-12-07 19:08:38 - [TEST_STEP][PASSED] - Thread.sleep(4000): null

2018-12-07 19:08:42 - [TEST_STEP][PASSED] - click(findTestObject("TestResource/equipment")): Object: 'Object Repository/TestResource/equipment' is clicked on

2018-12-07 19:08:42 - [MESSAGE][PASSED] - Object: 'Object Repository/TestResource/equipment' is clicked on

2018-12-07 19:08:42 - [TEST_STEP][PASSED] - Thread.sleep(4000): null

2018-12-07 19:08:46 - [TEST_STEP][PASSED] - click(findTestObject("TestUserLocation/categories")): Object: 'Object Repository/TestUserLocation/categories' is clicked on

2018-12-07 19:08:46 - [MESSAGE][PASSED] - Object: 'Object Repository/TestUserLocation/categories' is clicked on

2018-12-07 19:08:46 - [TEST_STEP][PASSED] - Thread.sleep(2000): null

2018-12-07 19:08:48 - [TEST_STEP][PASSED] - click(findTestObject("TestUserLocation/defaultArea")): Object: 'Object Repository/TestUserLocation/defaultArea' is clicked on

2018-12-07 19:08:48 - [MESSAGE][PASSED] - Object: 'Object Repository/TestUserLocation/defaultArea' is clicked on

2018-12-07 19:08:48 - [TEST_STEP][PASSED] - Thread.sleep(2000): null

2018-12-07 19:08:50 - [TEST_STEP][PASSED] - click(findTestObject("TestUserLocation/hoverHeading")): Object: 'Object Repository/TestUserLocation/hoverHeading' is clicked on

2018-12-07 19:08:50 - [MESSAGE][PASSED] - Object: 'Object Repository/TestUserLocation/hoverHeading' is clicked on

2018-12-07 19:08:50 - [TEST_STEP][PASSED] - click(findTestObject("TestUserLocation/addPlusIcon")): Object: 'Object Repository/TestUserLocation/addPlusIcon' is clicked on

2018-12-07 19:08:50 - [MESSAGE][PASSED] - Object: 'Object Repository/TestUserLocation/addPlusIcon' is clicked on

2018-12-07 19:08:50 - [TEST_STEP][PASSED] - setText(findTestObject("TestUserLocation/setNewName"), findTestData("LocationData").getValue("EquipmentName", 1)): Text 'EQUIPMENT_ON_07/12/18-19:08' is set on object 'Object Repository/TestUserLocation/setNewName'

2018-12-07 19:08:50 - [MESSAGE][PASSED] - Text 'EQUIPMENT_ON_07/12/18-19:08' is set on object 'Object Repository/TestUserLocation/setNewName'

2018-12-07 19:08:50 - [TEST_STEP][PASSED] - Thread.sleep(2000): null

2018-12-07 19:08:52 - [TEST_STEP][PASSED] - click(findTestObject("TestUserLocation/saveButton")): Object: 'Object Repository/TestUserLocation/saveButton' is clicked on

2018-12-07 19:08:53 - [MESSAGE][PASSED] - Object: 'Object Repository/TestUserLocation/saveButton' is clicked on

2018-12-07 19:08:53 - [TEST_STEP][PASSED] - Thread.sleep(4000): null

2018-12-07 19:08:57 - [TEST_STEP][PASSED] - Thread.sleep(4000): null

2018-12-07 19:09:01 - [TEST_STEP][PASSED] - click(findTestObject("TestUserLocation/mainmenu_button")): Object: 'Object Repository/TestUserLocation/mainmenu_button' is clicked on

2018-12-07 19:09:01 - [MESSAGE][PASSED] - Object: 'Object Repository/TestUserLocation/mainmenu_button' is clicked on

2018-12-07 19:09:01 - [TEST_STEP][PASSED] - click(findTestObject("TestResource/mainMenu_resources")): Object: 'Object Repository/TestResource/mainMenu_resources' is clicked on

2018-12-07 19:09:01 - [MESSAGE][PASSED] - Object: 'Object Repository/TestResource/mainMenu_resources' is clicked on

2018-12-07 19:09:01 - [TEST_STEP][PASSED] - Thread.sleep(4000): null

2018-12-07 19:09:05 - [TEST_STEP][PASSED] - click(findTestObject("TestResource/equipment")): Object: 'Object Repository/TestResource/equipment' is clicked on

2018-12-07 19:09:05 - [MESSAGE][PASSED] - Object: 'Object Repository/TestResource/equipment' is clicked on

2018-12-07 19:09:05 - [TEST_STEP][PASSED] - Thread.sleep(4000): null

2018-12-07 19:09:09 - [TEST_STEP][PASSED] - AdminTool_Location.selectEquipment(): Element has been clicked

2018-12-07 19:09:13 - [MESSAGE][PASSED] - Element has been clicked

2018-12-07 19:09:13 - [TEST_STEP][PASSED] - Thread.sleep(4000): null

2018-12-07 19:09:17 - [TEST_STEP][PASSED] - click(findTestObject("TestUserLocation/addPlusIcon")): Object: 'Object Repository/TestUserLocation/addPlusIcon' is clicked on

2018-12-07 19:09:17 - [MESSAGE][PASSED] - Object: 'Object Repository/TestUserLocation/addPlusIcon' is clicked on

2018-12-07 19:09:17 - [TEST_STEP][PASSED] - Thread.sleep(2000): null

2018-12-07 19:09:19 - [TEST_STEP][PASSED] - setText(findTestObject("TestUserLocation/setNewName"), findTestData("LocationData").getValue("SubEquipmentName1", 1)): Text 'SUBEQUIPMENT1_ON_07/12/18-19:08' is set on object 'Object Repository/TestUserLocation/setNewName'

2018-12-07 19:09:20 - [MESSAGE][PASSED] - Text 'SUBEQUIPMENT1_ON_07/12/18-19:08' is set on object 'Object Repository/TestUserLocation/setNewName'

2018-12-07 19:09:20 - [TEST_STEP][PASSED] - setText(findTestObject("TestResource/setPhoneNumber"), "912378456"): Text '912378456' is set on object 'Object Repository/TestResource/setPhoneNumber'

2018-12-07 19:09:20 - [MESSAGE][PASSED] - Text '912378456' is set on object 'Object Repository/TestResource/setPhoneNumber'

2018-12-07 19:09:20 - [TEST_STEP][PASSED] - Thread.sleep(2000): null

2018-12-07 19:09:22 - [TEST_STEP][PASSED] - click(findTestObject("TestResource/saveDetailButton")): Object: 'Object Repository/TestResource/saveDetailButton' is clicked on

2018-12-07 19:09:22 - [MESSAGE][PASSED] - Object: 'Object Repository/TestResource/saveDetailButton' is clicked on

2018-12-07 19:09:22 - [TEST_STEP][PASSED] - Thread.sleep(7000): null

2018-12-07 19:09:29 - [TEST_STEP][PASSED] - click(findTestObject("TestResource/disableResource")): Object: 'Object Repository/TestResource/disableResource' is clicked on

2018-12-07 19:09:29 - [MESSAGE][PASSED] - Object: 'Object Repository/TestResource/disableResource' is clicked on

2018-12-07 19:09:29 - [TEST_STEP][PASSED] - Thread.sleep(2000): null

2018-12-07 19:09:31 - [TEST_STEP][PASSED] - click(findTestObject("TestResource/button2Yes")): Object: 'Object Repository/TestResource/button2Yes' is clicked on

2018-12-07 19:09:31 - [MESSAGE][PASSED] - Object: 'Object Repository/TestResource/button2Yes' is clicked on

2018-12-07 19:09:31 - [TEST_STEP][PASSED] - Thread.sleep(2000): null

2018-12-07 19:09:33 - [TEST_STEP][PASSED] - click(findTestObject("TestResource/saveDetailButton")): Object: 'Object Repository/TestResource/saveDetailButton' is clicked on

2018-12-07 19:09:33 - [MESSAGE][PASSED] - Object: 'Object Repository/TestResource/saveDetailButton' is clicked on

2018-12-07 19:09:33 - [TEST_STEP][PASSED] - Thread.sleep(7000): null

2018-12-07 19:09:40 - [TEST_STEP][PASSED] - click(findTestObject("TestResource/linksTab")): Object: 'Object Repository/TestResource/linksTab' is clicked on

2018-12-07 19:09:40 - [MESSAGE][PASSED] - Object: 'Object Repository/TestResource/linksTab' is clicked on

2018-12-07 19:09:40 - [TEST_STEP][PASSED] - Thread.sleep(2000): null

2018-12-07 19:09:42 - [TEST_STEP][PASSED] - click(findTestObject("TestResource/addLink")): Object: 'Object Repository/TestResource/addLink' is clicked on

2018-12-07 19:09:43 - [MESSAGE][PASSED] - Object: 'Object Repository/TestResource/addLink' is clicked on

2018-12-07 19:09:43 - [TEST_STEP][PASSED] - Thread.sleep(5000): null

2018-12-07 19:09:48 - [TEST_STEP][PASSED] - check(findTestObject("TestResource/selectSecondResourceToLink")): Object 'Object Repository/TestResource/selectSecondResourceToLink' is checked

2018-12-07 19:09:48 - [MESSAGE][PASSED] - Object 'Object Repository/TestResource/selectSecondResourceToLink' is checked

2018-12-07 19:09:48 - [TEST_STEP][PASSED] - AdminTool_Location.resourceLinkName(): AdminTool_Location.resourceLinkName is PASSED

2018-12-07 19:09:48 - [MESSAGE][PASSED] - AdminTool_Location.resourceLinkName is PASSED

2018-12-07 19:09:48 - [TEST_STEP][PASSED] - Thread.sleep(2000): null

2018-12-07 19:09:50 - [TEST_STEP][PASSED] - click(findTestObject("TestResource/button2Save")): Object: 'Object Repository/TestResource/button2Save' is clicked on

2018-12-07 19:09:50 - [MESSAGE][PASSED] - Object: 'Object Repository/TestResource/button2Save' is clicked on

2018-12-07 19:09:50 - [TEST_STEP][PASSED] - Thread.sleep(4000): null

2018-12-07 19:09:54 - [TEST_STEP][PASSED] - click(findTestObject("TestResource/locationTab")): Object: 'Object Repository/TestResource/locationTab' is clicked on

2018-12-07 19:09:54 - [MESSAGE][PASSED] - Object: 'Object Repository/TestResource/locationTab' is clicked on

2018-12-07 19:09:54 - [TEST_STEP][PASSED] - Thread.sleep(5000): null

2018-12-07 19:09:59 - [TEST_STEP][PASSED] - AdminTool_Location.checkLocation(): AdminTool_Location.checkLocation is PASSED

2018-12-07 19:10:01 - [MESSAGE][PASSED] - AdminTool_Location.checkLocation is PASSED

2018-12-07 19:10:01 - [TEST_STEP][PASSED] - Thread.sleep(4000): null

2018-12-07 19:10:05 - [TEST_STEP][PASSED] - click(findTestObject("TestResource/saveLocation")): Object: 'Object Repository/TestResource/saveLocation' is clicked on

2018-12-07 19:10:06 - [MESSAGE][PASSED] - Object: 'Object Repository/TestResource/saveLocation' is clicked on

2018-12-07 19:10:06 - [TEST_STEP][PASSED] - click(findTestObject("TestUserLocation/mainmenu_button")): Object: 'Object Repository/TestUserLocation/mainmenu_button' is clicked on

2018-12-07 19:10:06 - [MESSAGE][PASSED] - Object: 'Object Repository/TestUserLocation/mainmenu_button' is clicked on

2018-12-07 19:10:06 - [TEST_STEP][PASSED] - click(findTestObject("TestResource/mainMenu_resources")): Object: 'Object Repository/TestResource/mainMenu_resources' is clicked on

2018-12-07 19:10:06 - [MESSAGE][PASSED] - Object: 'Object Repository/TestResource/mainMenu_resources' is clicked on

2018-12-07 19:10:06 - [TEST_STEP][PASSED] - Thread.sleep(4000): null

2018-12-07 19:10:10 - [TEST_STEP][PASSED] - click(findTestObject("TestResource/equipment")): Object: 'Object Repository/TestResource/equipment' is clicked on

2018-12-07 19:10:10 - [MESSAGE][PASSED] - Object: 'Object Repository/TestResource/equipment' is clicked on

2018-12-07 19:10:10 - [TEST_STEP][PASSED] - Thread.sleep(4000): null

2018-12-07 19:10:14 - [TEST_STEP][PASSED] - AdminTool_Location.selectEquipment(): Element has been clicked

2018-12-07 19:10:19 - [MESSAGE][PASSED] - Element has been clicked

2018-12-07 19:10:19 - [TEST_STEP][PASSED] - Thread.sleep(4000): null

2018-12-07 19:10:23 - [TEST_STEP][PASSED] - click(findTestObject("TestUserLocation/addPlusIcon")): Object: 'Object Repository/TestUserLocation/addPlusIcon' is clicked on

2018-12-07 19:10:23 - [MESSAGE][PASSED] - Object: 'Object Repository/TestUserLocation/addPlusIcon' is clicked on

2018-12-07 19:10:23 - [TEST_STEP][PASSED] - Thread.sleep(2000): null

2018-12-07 19:10:25 - [TEST_STEP][PASSED] - setText(findTestObject("TestUserLocation/setNewName"), findTestData("LocationData").getValue("SubEquipmentName2", 1)): Text 'SUBEQUIPMENT2_ON_07/12/18-19:08' is set on object 'Object Repository/TestUserLocation/setNewName'

2018-12-07 19:10:25 - [MESSAGE][PASSED] - Text 'SUBEQUIPMENT2_ON_07/12/18-19:08' is set on object 'Object Repository/TestUserLocation/setNewName'

2018-12-07 19:10:25 - [TEST_STEP][PASSED] - setText(findTestObject("TestResource/setPhoneNumber"), "912378456"): Text '912378456' is set on object 'Object Repository/TestResource/setPhoneNumber'

2018-12-07 19:10:25 - [MESSAGE][PASSED] - Text '912378456' is set on object 'Object Repository/TestResource/setPhoneNumber'

2018-12-07 19:10:25 - [TEST_STEP][PASSED] - Thread.sleep(2000): null

2018-12-07 19:10:27 - [TEST_STEP][PASSED] - click(findTestObject("TestResource/saveDetailButton")): Object: 'Object Repository/TestResource/saveDetailButton' is clicked on

2018-12-07 19:10:27 - [MESSAGE][PASSED] - Object: 'Object Repository/TestResource/saveDetailButton' is clicked on

2018-12-07 19:10:27 - [TEST_STEP][PASSED] - Thread.sleep(7000): null

2018-12-07 19:10:34 - [TEST_STEP][PASSED] - click(findTestObject("TestResource/linksTab")): Object: 'Object Repository/TestResource/linksTab' is clicked on

2018-12-07 19:10:35 - [MESSAGE][PASSED] - Object: 'Object Repository/TestResource/linksTab' is clicked on

2018-12-07 19:10:35 - [TEST_STEP][PASSED] - Thread.sleep(2000): null

2018-12-07 19:10:37 - [TEST_STEP][PASSED] - click(findTestObject("TestResource/addLink")): Object: 'Object Repository/TestResource/addLink' is clicked on

2018-12-07 19:10:37 - [MESSAGE][PASSED] - Object: 'Object Repository/TestResource/addLink' is clicked on

2018-12-07 19:10:37 - [TEST_STEP][PASSED] - Thread.sleep(5000): null

2018-12-07 19:10:42 - [TEST_STEP][PASSED] - check(findTestObject("TestResource/selectSecondResourceToLink")): Object 'Object Repository/TestResource/selectSecondResourceToLink' is checked

2018-12-07 19:10:42 - [MESSAGE][PASSED] - Object 'Object Repository/TestResource/selectSecondResourceToLink' is checked

2018-12-07 19:10:42 - [TEST_STEP][PASSED] - AdminTool_Location.resourceLinkName(): AdminTool_Location.resourceLinkName is PASSED

2018-12-07 19:10:42 - [MESSAGE][PASSED] - AdminTool_Location.resourceLinkName is PASSED

2018-12-07 19:10:42 - [TEST_STEP][PASSED] - Thread.sleep(2000): null

2018-12-07 19:10:44 - [TEST_STEP][PASSED] - click(findTestObject("TestResource/button2Save")): Object: 'Object Repository/TestResource/button2Save' is clicked on

2018-12-07 19:10:44 - [MESSAGE][PASSED] - Object: 'Object Repository/TestResource/button2Save' is clicked on

2018-12-07 19:10:44 - [TEST_STEP][PASSED] - Thread.sleep(4000): null

2018-12-07 19:10:48 - [TEST_STEP][PASSED] - click(findTestObject("TestResource/locationTab")): Object: 'Object Repository/TestResource/locationTab' is clicked on

2018-12-07 19:10:48 - [MESSAGE][PASSED] - Object: 'Object Repository/TestResource/locationTab' is clicked on

2018-12-07 19:10:48 - [TEST_STEP][PASSED] - Thread.sleep(5000): null

2018-12-07 19:10:53 - [TEST_STEP][PASSED] - AdminTool_Location.checkLocation(): AdminTool_Location.checkLocation is PASSED

2018-12-07 19:10:55 - [MESSAGE][PASSED] - AdminTool_Location.checkLocation is PASSED

2018-12-07 19:10:55 - [TEST_STEP][PASSED] - Thread.sleep(4000): null

2018-12-07 19:10:59 - [TEST_STEP][PASSED] - click(findTestObject("TestResource/saveLocation")): Object: 'Object Repository/TestResource/saveLocation' is clicked on

2018-12-07 19:11:04 - [MESSAGE][PASSED] - Object: 'Object Repository/TestResource/saveLocation' is clicked on]]></system-out>
         <system-err><![CDATA[]]></system-err>
      </testcase>
      <testcase name="Test Cases/CheckResoucesAsPerLocation/validateResource" classname="Test Cases/CheckResoucesAsPerLocation/validateResource" status="PASSED">
         <system-out><![CDATA[2018-12-07 19:11:04 - [TEST_CASE][PASSED] - Test Cases/CheckResoucesAsPerLocation/validateResource: Test Cases/CheckResoucesAsPerLocation/validateResource

2018-12-07 19:11:04 - [TEST_STEP][NOT_RUN] - openBrowser(URL): NOT_RUN: openBrowser(URL)

2018-12-07 19:11:04 - [MESSAGE][NOT_RUN] - NOT_RUN: openBrowser(URL)

2018-12-07 19:11:04 - [TEST_STEP][NOT_RUN] - maximizeWindow(): NOT_RUN: maximizeWindow()

2018-12-07 19:11:04 - [MESSAGE][NOT_RUN] - NOT_RUN: maximizeWindow()

2018-12-07 19:11:04 - [TEST_STEP][NOT_RUN] - setText(findTestObject("Form_Selection_Creation/login_Username"), UserName): NOT_RUN: setText(findTestObject("Form_Selection_Creation/login_Username"), UserName)

2018-12-07 19:11:04 - [MESSAGE][NOT_RUN] - NOT_RUN: setText(findTestObject("Form_Selection_Creation/login_Username"), UserName)

2018-12-07 19:11:04 - [TEST_STEP][NOT_RUN] - setText(findTestObject("Form_Selection_Creation/login_Password"), Password): NOT_RUN: setText(findTestObject("Form_Selection_Creation/login_Password"), Password)

2018-12-07 19:11:04 - [MESSAGE][NOT_RUN] - NOT_RUN: setText(findTestObject("Form_Selection_Creation/login_Password"), Password)

2018-12-07 19:11:04 - [TEST_STEP][PASSED] - Thread.sleep(4000): null

2018-12-07 19:11:08 - [TEST_STEP][PASSED] - FormName.setData(): FormName.setData is PASSED

2018-12-07 19:11:08 - [MESSAGE][PASSED] - FormName.setData is PASSED

2018-12-07 19:11:08 - [TEST_STEP][NOT_RUN] - click(findTestObject("Form_Selection_Creation/login_Button")): NOT_RUN: click(findTestObject("Form_Selection_Creation/login_Button"))

2018-12-07 19:11:08 - [MESSAGE][NOT_RUN] - NOT_RUN: click(findTestObject("Form_Selection_Creation/login_Button"))

2018-12-07 19:11:08 - [TEST_STEP][PASSED] - click(findTestObject("Form_Selection_Creation/mainMenu_Button")): Object: 'Object Repository/Form_Selection_Creation/mainMenu_Button' is clicked on

2018-12-07 19:11:09 - [MESSAGE][PASSED] - Object: 'Object Repository/Form_Selection_Creation/mainMenu_Button' is clicked on

2018-12-07 19:11:09 - [TEST_STEP][NOT_RUN] - click(findTestObject("Form_Selection_Creation/mainMenu_AdminTools")): NOT_RUN: click(findTestObject("Form_Selection_Creation/mainMenu_AdminTools"))

2018-12-07 19:11:09 - [MESSAGE][NOT_RUN] - NOT_RUN: click(findTestObject("Form_Selection_Creation/mainMenu_AdminTools"))

2018-12-07 19:11:09 - [TEST_STEP][PASSED] - click(findTestObject("Form_Selection_Creation/mainMenu_AdminTools_FormDesigner")): Object: 'Object Repository/Form_Selection_Creation/mainMenu_AdminTools_FormDesigner' is clicked on

2018-12-07 19:11:09 - [MESSAGE][PASSED] - Object: 'Object Repository/Form_Selection_Creation/mainMenu_AdminTools_FormDesigner' is clicked on

2018-12-07 19:11:09 - [TEST_STEP][PASSED] - click(findTestObject("Form_Selection_Creation/selectCheckForm")): Object: 'Object Repository/Form_Selection_Creation/selectCheckForm' is clicked on

2018-12-07 19:11:09 - [MESSAGE][PASSED] - Object: 'Object Repository/Form_Selection_Creation/selectCheckForm' is clicked on

2018-12-07 19:11:09 - [TEST_STEP][PASSED] - Thread.sleep(5000): null

2018-12-07 19:11:14 - [TEST_STEP][PASSED] - AdminTool_Location.selectResType(): AdminTool_Location.selectResType is PASSED

2018-12-07 19:11:22 - [MESSAGE][PASSED] - AdminTool_Location.selectResType is PASSED

2018-12-07 19:11:22 - [TEST_STEP][PASSED] - AdminTool_Location.dragDropRes(): Element has been clicked

2018-12-07 19:11:26 - [MESSAGE][PASSED] - Element has been clicked

2018-12-07 19:11:26 - [TEST_STEP][PASSED] - Thread.sleep(3000): null

2018-12-07 19:11:29 - [TEST_STEP][NOT_RUN] - dragAndDropToObject(findTestObject("null"), findTestObject("Form_Selection_Creation/Target_Res_Object")): NOT_RUN: dragAndDropToObject(findTestObject("null"), findTestObject("Form_Selection_Creation/Target_Res_Object"))

2018-12-07 19:11:29 - [MESSAGE][NOT_RUN] - NOT_RUN: dragAndDropToObject(findTestObject("null"), findTestObject("Form_Selection_Creation/Target_Res_Object"))

2018-12-07 19:11:29 - [TEST_STEP][PASSED] - AdminTool_Location.validate(): AdminTool_Location.validate is PASSED

2018-12-07 19:11:29 - [MESSAGE][PASSED] - AdminTool_Location.validate is PASSED

2018-12-07 19:11:29 - [TEST_STEP][PASSED] - s = getText(findTestObject("TestResource/testText")): Text of object 'Object Repository/TestResource/testText' is: 'Equipment > EQUIPMENT_ON_07/12/18-19:08 > SUBEQUIPMENT2_ON_07/12/18-19:08'

2018-12-07 19:11:30 - [MESSAGE][PASSED] - Text of object 'Object Repository/TestResource/testText' is: 'Equipment > EQUIPMENT_ON_07/12/18-19:08 > SUBEQUIPMENT2_ON_07/12/18-19:08'

2018-12-07 19:11:30 - [TEST_STEP][PASSED] - println(s): null]]></system-out>
         <system-err><![CDATA[]]></system-err>
      </testcase>
      <testcase name="Test Cases/CheckResoucesAsPerLocation/checkResource_Items" classname="Test Cases/CheckResoucesAsPerLocation/checkResource_Items" status="PASSED">
         <system-out><![CDATA[2018-12-07 19:11:30 - [TEST_CASE][PASSED] - Test Cases/CheckResoucesAsPerLocation/checkResource_Items: Test Cases/CheckResoucesAsPerLocation/checkResource_Items

2018-12-07 19:11:30 - [TEST_STEP][PASSED] - openBrowser(URL): Browser is opened with url: 'https://test2.stage.safetychain.com'

2018-12-07 19:11:30 - [MESSAGE][WARNING] - A browser is already opened. Closing browser and opening a new one

2018-12-07 19:11:31 - [MESSAGE][INFO] - Starting 'Chrome' driver

2018-12-07 19:11:45 - [MESSAGE][PASSED] - Browser is opened with url: 'https://test2.stage.safetychain.com'

2018-12-07 19:11:45 - [TEST_STEP][PASSED] - maximizeWindow(): Current window maximized

2018-12-07 19:11:47 - [MESSAGE][PASSED] - Current window maximized

2018-12-07 19:11:47 - [TEST_STEP][PASSED] - setText(findTestObject("TestUserLocation/login_Username"), UserName): Text 'superadmin' is set on object 'Object Repository/TestUserLocation/login_Username'

2018-12-07 19:11:52 - [MESSAGE][PASSED] - Text 'superadmin' is set on object 'Object Repository/TestUserLocation/login_Username'

2018-12-07 19:11:52 - [TEST_STEP][PASSED] - setText(findTestObject("TestUserLocation/login_Password"), Password): Text 'sliptest23772boot' is set on object 'Object Repository/TestUserLocation/login_Password'

2018-12-07 19:11:52 - [MESSAGE][PASSED] - Text 'sliptest23772boot' is set on object 'Object Repository/TestUserLocation/login_Password'

2018-12-07 19:11:52 - [TEST_STEP][PASSED] - AdminTool_Location.setItemName(): AdminTool_Location.setItemName is PASSED

2018-12-07 19:11:52 - [MESSAGE][PASSED] - AdminTool_Location.setItemName is PASSED

2018-12-07 19:11:52 - [TEST_STEP][PASSED] - click(findTestObject("TestUserLocation/login_Button")): Object: 'Object Repository/TestUserLocation/login_Button' is clicked on

2018-12-07 19:11:54 - [MESSAGE][PASSED] - Object: 'Object Repository/TestUserLocation/login_Button' is clicked on

2018-12-07 19:11:54 - [TEST_STEP][PASSED] - Thread.sleep(4000): null

2018-12-07 19:11:58 - [TEST_STEP][PASSED] - click(findTestObject("TestUserLocation/mainmenu_button")): Object: 'Object Repository/TestUserLocation/mainmenu_button' is clicked on

2018-12-07 19:12:02 - [MESSAGE][PASSED] - Object: 'Object Repository/TestUserLocation/mainmenu_button' is clicked on

2018-12-07 19:12:02 - [TEST_STEP][PASSED] - click(findTestObject("TestUserLocation/adminTool")): Object: 'Object Repository/TestUserLocation/adminTool' is clicked on

2018-12-07 19:12:02 - [MESSAGE][PASSED] - Object: 'Object Repository/TestUserLocation/adminTool' is clicked on

2018-12-07 19:12:02 - [TEST_STEP][PASSED] - click(findTestObject("TestUserLocation/mainMenuResourceDesigner")): Object: 'Object Repository/TestUserLocation/mainMenuResourceDesigner' is clicked on

2018-12-07 19:12:02 - [MESSAGE][PASSED] - Object: 'Object Repository/TestUserLocation/mainMenuResourceDesigner' is clicked on

2018-12-07 19:12:02 - [TEST_STEP][PASSED] - Thread.sleep(4000): null

2018-12-07 19:12:06 - [TEST_STEP][PASSED] - click(findTestObject("TestResource/items")): Object: 'Object Repository/TestResource/items' is clicked on

2018-12-07 19:12:06 - [MESSAGE][PASSED] - Object: 'Object Repository/TestResource/items' is clicked on

2018-12-07 19:12:06 - [TEST_STEP][PASSED] - Thread.sleep(4000): null

2018-12-07 19:12:10 - [TEST_STEP][PASSED] - click(findTestObject("TestUserLocation/categories")): Object: 'Object Repository/TestUserLocation/categories' is clicked on

2018-12-07 19:12:10 - [MESSAGE][PASSED] - Object: 'Object Repository/TestUserLocation/categories' is clicked on

2018-12-07 19:12:10 - [TEST_STEP][PASSED] - Thread.sleep(2000): null

2018-12-07 19:12:12 - [TEST_STEP][PASSED] - click(findTestObject("TestUserLocation/defaultArea")): Object: 'Object Repository/TestUserLocation/defaultArea' is clicked on

2018-12-07 19:12:12 - [MESSAGE][PASSED] - Object: 'Object Repository/TestUserLocation/defaultArea' is clicked on

2018-12-07 19:12:12 - [TEST_STEP][PASSED] - Thread.sleep(2000): null

2018-12-07 19:12:14 - [TEST_STEP][PASSED] - click(findTestObject("TestUserLocation/hoverHeading")): Object: 'Object Repository/TestUserLocation/hoverHeading' is clicked on

2018-12-07 19:12:14 - [MESSAGE][PASSED] - Object: 'Object Repository/TestUserLocation/hoverHeading' is clicked on

2018-12-07 19:12:14 - [TEST_STEP][PASSED] - click(findTestObject("TestUserLocation/addPlusIcon")): Object: 'Object Repository/TestUserLocation/addPlusIcon' is clicked on

2018-12-07 19:12:15 - [MESSAGE][PASSED] - Object: 'Object Repository/TestUserLocation/addPlusIcon' is clicked on

2018-12-07 19:12:15 - [TEST_STEP][PASSED] - setText(findTestObject("TestUserLocation/setNewName"), findTestData("LocationData").getValue("ItemsName", 1)): Text 'ITEM_ON_07/12/18-19:11' is set on object 'Object Repository/TestUserLocation/setNewName'

2018-12-07 19:12:15 - [MESSAGE][PASSED] - Text 'ITEM_ON_07/12/18-19:11' is set on object 'Object Repository/TestUserLocation/setNewName'

2018-12-07 19:12:15 - [TEST_STEP][PASSED] - Thread.sleep(2000): null

2018-12-07 19:12:17 - [TEST_STEP][PASSED] - click(findTestObject("TestUserLocation/saveButton")): Object: 'Object Repository/TestUserLocation/saveButton' is clicked on

2018-12-07 19:12:17 - [MESSAGE][PASSED] - Object: 'Object Repository/TestUserLocation/saveButton' is clicked on

2018-12-07 19:12:17 - [TEST_STEP][PASSED] - Thread.sleep(4000): null

2018-12-07 19:12:21 - [TEST_STEP][PASSED] - Thread.sleep(4000): null

2018-12-07 19:12:25 - [TEST_STEP][PASSED] - click(findTestObject("TestUserLocation/mainmenu_button")): Object: 'Object Repository/TestUserLocation/mainmenu_button' is clicked on

2018-12-07 19:12:25 - [MESSAGE][PASSED] - Object: 'Object Repository/TestUserLocation/mainmenu_button' is clicked on

2018-12-07 19:12:25 - [TEST_STEP][PASSED] - click(findTestObject("TestResource/mainMenu_resources")): Object: 'Object Repository/TestResource/mainMenu_resources' is clicked on

2018-12-07 19:12:25 - [MESSAGE][PASSED] - Object: 'Object Repository/TestResource/mainMenu_resources' is clicked on

2018-12-07 19:12:25 - [TEST_STEP][PASSED] - Thread.sleep(4000): null

2018-12-07 19:12:29 - [TEST_STEP][PASSED] - click(findTestObject("TestResource/items")): Object: 'Object Repository/TestResource/items' is clicked on

2018-12-07 19:12:29 - [MESSAGE][PASSED] - Object: 'Object Repository/TestResource/items' is clicked on

2018-12-07 19:12:29 - [TEST_STEP][PASSED] - Thread.sleep(4000): null

2018-12-07 19:12:33 - [TEST_STEP][PASSED] - AdminTool_Location.selectItem(): Element has been clicked

2018-12-07 19:12:37 - [MESSAGE][PASSED] - Element has been clicked

2018-12-07 19:12:37 - [TEST_STEP][PASSED] - Thread.sleep(4000): null

2018-12-07 19:12:41 - [TEST_STEP][PASSED] - click(findTestObject("TestUserLocation/addPlusIcon")): Object: 'Object Repository/TestUserLocation/addPlusIcon' is clicked on

2018-12-07 19:12:42 - [MESSAGE][PASSED] - Object: 'Object Repository/TestUserLocation/addPlusIcon' is clicked on

2018-12-07 19:12:42 - [TEST_STEP][PASSED] - Thread.sleep(2000): null

2018-12-07 19:12:44 - [TEST_STEP][PASSED] - setText(findTestObject("TestUserLocation/setNewName"), findTestData("LocationData").getValue("SubItemsName1", 1)): Text 'SUBITEM1_ON_07/12/18-19:11' is set on object 'Object Repository/TestUserLocation/setNewName'

2018-12-07 19:12:44 - [MESSAGE][PASSED] - Text 'SUBITEM1_ON_07/12/18-19:11' is set on object 'Object Repository/TestUserLocation/setNewName'

2018-12-07 19:12:44 - [TEST_STEP][NOT_RUN] - setText(findTestObject("TestResource/setPhoneNumber"), "912378456"): NOT_RUN: setText(findTestObject("TestResource/setPhoneNumber"), "912378456")

2018-12-07 19:12:44 - [MESSAGE][NOT_RUN] - NOT_RUN: setText(findTestObject("TestResource/setPhoneNumber"), "912378456")

2018-12-07 19:12:44 - [TEST_STEP][PASSED] - Thread.sleep(2000): null

2018-12-07 19:12:46 - [TEST_STEP][PASSED] - click(findTestObject("TestResource/saveDetailButton")): Object: 'Object Repository/TestResource/saveDetailButton' is clicked on

2018-12-07 19:12:46 - [MESSAGE][PASSED] - Object: 'Object Repository/TestResource/saveDetailButton' is clicked on

2018-12-07 19:12:46 - [TEST_STEP][PASSED] - Thread.sleep(7000): null

2018-12-07 19:12:53 - [TEST_STEP][PASSED] - click(findTestObject("TestResource/disableResource")): Object: 'Object Repository/TestResource/disableResource' is clicked on

2018-12-07 19:12:53 - [MESSAGE][PASSED] - Object: 'Object Repository/TestResource/disableResource' is clicked on

2018-12-07 19:12:53 - [TEST_STEP][PASSED] - Thread.sleep(2000): null

2018-12-07 19:12:55 - [TEST_STEP][PASSED] - click(findTestObject("TestResource/button2Yes")): Object: 'Object Repository/TestResource/button2Yes' is clicked on

2018-12-07 19:12:55 - [MESSAGE][PASSED] - Object: 'Object Repository/TestResource/button2Yes' is clicked on

2018-12-07 19:12:55 - [TEST_STEP][PASSED] - Thread.sleep(2000): null

2018-12-07 19:12:57 - [TEST_STEP][PASSED] - click(findTestObject("TestResource/saveDetailButton")): Object: 'Object Repository/TestResource/saveDetailButton' is clicked on

2018-12-07 19:12:57 - [MESSAGE][PASSED] - Object: 'Object Repository/TestResource/saveDetailButton' is clicked on

2018-12-07 19:12:57 - [TEST_STEP][PASSED] - Thread.sleep(7000): null

2018-12-07 19:13:04 - [TEST_STEP][PASSED] - click(findTestObject("TestResource/linksTab")): Object: 'Object Repository/TestResource/linksTab' is clicked on

2018-12-07 19:13:05 - [MESSAGE][PASSED] - Object: 'Object Repository/TestResource/linksTab' is clicked on

2018-12-07 19:13:05 - [TEST_STEP][PASSED] - Thread.sleep(2000): null

2018-12-07 19:13:07 - [TEST_STEP][PASSED] - click(findTestObject("TestResource/addLink")): Object: 'Object Repository/TestResource/addLink' is clicked on

2018-12-07 19:13:07 - [MESSAGE][PASSED] - Object: 'Object Repository/TestResource/addLink' is clicked on

2018-12-07 19:13:07 - [TEST_STEP][PASSED] - Thread.sleep(5000): null

2018-12-07 19:13:12 - [TEST_STEP][PASSED] - check(findTestObject("TestResource/selectSecondResourceToLink")): Object 'Object Repository/TestResource/selectSecondResourceToLink' is checked

2018-12-07 19:13:12 - [MESSAGE][PASSED] - Object 'Object Repository/TestResource/selectSecondResourceToLink' is checked

2018-12-07 19:13:12 - [TEST_STEP][PASSED] - AdminTool_Location.resourceLinkName(): AdminTool_Location.resourceLinkName is PASSED

2018-12-07 19:13:12 - [MESSAGE][PASSED] - AdminTool_Location.resourceLinkName is PASSED

2018-12-07 19:13:12 - [TEST_STEP][PASSED] - Thread.sleep(2000): null

2018-12-07 19:13:14 - [TEST_STEP][PASSED] - click(findTestObject("TestResource/button2Save")): Object: 'Object Repository/TestResource/button2Save' is clicked on

2018-12-07 19:13:14 - [MESSAGE][PASSED] - Object: 'Object Repository/TestResource/button2Save' is clicked on

2018-12-07 19:13:14 - [TEST_STEP][PASSED] - Thread.sleep(4000): null

2018-12-07 19:13:18 - [TEST_STEP][PASSED] - click(findTestObject("TestResource/locationTab")): Object: 'Object Repository/TestResource/locationTab' is clicked on

2018-12-07 19:13:18 - [MESSAGE][PASSED] - Object: 'Object Repository/TestResource/locationTab' is clicked on

2018-12-07 19:13:18 - [TEST_STEP][PASSED] - Thread.sleep(5000): null

2018-12-07 19:13:23 - [TEST_STEP][PASSED] - AdminTool_Location.checkLocation(): AdminTool_Location.checkLocation is PASSED

2018-12-07 19:13:25 - [MESSAGE][PASSED] - AdminTool_Location.checkLocation is PASSED

2018-12-07 19:13:25 - [TEST_STEP][PASSED] - Thread.sleep(4000): null

2018-12-07 19:13:29 - [TEST_STEP][PASSED] - click(findTestObject("TestResource/saveLocation")): Object: 'Object Repository/TestResource/saveLocation' is clicked on

2018-12-07 19:13:29 - [MESSAGE][PASSED] - Object: 'Object Repository/TestResource/saveLocation' is clicked on

2018-12-07 19:13:29 - [TEST_STEP][PASSED] - click(findTestObject("TestUserLocation/mainmenu_button")): Object: 'Object Repository/TestUserLocation/mainmenu_button' is clicked on

2018-12-07 19:13:31 - [MESSAGE][PASSED] - Object: 'Object Repository/TestUserLocation/mainmenu_button' is clicked on

2018-12-07 19:13:31 - [TEST_STEP][PASSED] - click(findTestObject("TestResource/mainMenu_resources")): Object: 'Object Repository/TestResource/mainMenu_resources' is clicked on

2018-12-07 19:13:31 - [MESSAGE][PASSED] - Object: 'Object Repository/TestResource/mainMenu_resources' is clicked on

2018-12-07 19:13:31 - [TEST_STEP][PASSED] - Thread.sleep(4000): null

2018-12-07 19:13:35 - [TEST_STEP][PASSED] - click(findTestObject("TestResource/items")): Object: 'Object Repository/TestResource/items' is clicked on

2018-12-07 19:13:35 - [MESSAGE][PASSED] - Object: 'Object Repository/TestResource/items' is clicked on

2018-12-07 19:13:35 - [TEST_STEP][PASSED] - Thread.sleep(4000): null

2018-12-07 19:13:39 - [TEST_STEP][PASSED] - AdminTool_Location.selectItem(): Element has been clicked

2018-12-07 19:13:43 - [MESSAGE][PASSED] - Element has been clicked

2018-12-07 19:13:43 - [TEST_STEP][PASSED] - Thread.sleep(4000): null

2018-12-07 19:13:47 - [TEST_STEP][PASSED] - click(findTestObject("TestUserLocation/addPlusIcon")): Object: 'Object Repository/TestUserLocation/addPlusIcon' is clicked on

2018-12-07 19:13:47 - [MESSAGE][PASSED] - Object: 'Object Repository/TestUserLocation/addPlusIcon' is clicked on

2018-12-07 19:13:47 - [TEST_STEP][PASSED] - Thread.sleep(2000): null

2018-12-07 19:13:49 - [TEST_STEP][PASSED] - setText(findTestObject("TestUserLocation/setNewName"), findTestData("LocationData").getValue("SubItemsName2", 1)): Text 'SUBITEM2_ON_07/12/18-19:11' is set on object 'Object Repository/TestUserLocation/setNewName'

2018-12-07 19:13:49 - [MESSAGE][PASSED] - Text 'SUBITEM2_ON_07/12/18-19:11' is set on object 'Object Repository/TestUserLocation/setNewName'

2018-12-07 19:13:49 - [TEST_STEP][NOT_RUN] - setText(findTestObject("TestResource/setPhoneNumber"), "912378456"): NOT_RUN: setText(findTestObject("TestResource/setPhoneNumber"), "912378456")

2018-12-07 19:13:49 - [MESSAGE][NOT_RUN] - NOT_RUN: setText(findTestObject("TestResource/setPhoneNumber"), "912378456")

2018-12-07 19:13:49 - [TEST_STEP][PASSED] - Thread.sleep(2000): null

2018-12-07 19:13:51 - [TEST_STEP][PASSED] - click(findTestObject("TestResource/saveDetailButton")): Object: 'Object Repository/TestResource/saveDetailButton' is clicked on

2018-12-07 19:13:52 - [MESSAGE][PASSED] - Object: 'Object Repository/TestResource/saveDetailButton' is clicked on

2018-12-07 19:13:52 - [TEST_STEP][PASSED] - Thread.sleep(7000): null

2018-12-07 19:13:59 - [TEST_STEP][PASSED] - click(findTestObject("TestResource/linksTab")): Object: 'Object Repository/TestResource/linksTab' is clicked on

2018-12-07 19:13:59 - [MESSAGE][PASSED] - Object: 'Object Repository/TestResource/linksTab' is clicked on

2018-12-07 19:13:59 - [TEST_STEP][PASSED] - Thread.sleep(2000): null

2018-12-07 19:14:01 - [TEST_STEP][PASSED] - click(findTestObject("TestResource/addLink")): Object: 'Object Repository/TestResource/addLink' is clicked on

2018-12-07 19:14:01 - [MESSAGE][PASSED] - Object: 'Object Repository/TestResource/addLink' is clicked on

2018-12-07 19:14:01 - [TEST_STEP][PASSED] - Thread.sleep(5000): null

2018-12-07 19:14:06 - [TEST_STEP][PASSED] - check(findTestObject("TestResource/selectSecondResourceToLink")): Object 'Object Repository/TestResource/selectSecondResourceToLink' is checked

2018-12-07 19:14:06 - [MESSAGE][PASSED] - Object 'Object Repository/TestResource/selectSecondResourceToLink' is checked

2018-12-07 19:14:06 - [TEST_STEP][PASSED] - AdminTool_Location.resourceLinkName(): AdminTool_Location.resourceLinkName is PASSED

2018-12-07 19:14:06 - [MESSAGE][PASSED] - AdminTool_Location.resourceLinkName is PASSED

2018-12-07 19:14:06 - [TEST_STEP][PASSED] - Thread.sleep(2000): null

2018-12-07 19:14:08 - [TEST_STEP][PASSED] - click(findTestObject("TestResource/button2Save")): Object: 'Object Repository/TestResource/button2Save' is clicked on

2018-12-07 19:14:08 - [MESSAGE][PASSED] - Object: 'Object Repository/TestResource/button2Save' is clicked on

2018-12-07 19:14:08 - [TEST_STEP][PASSED] - Thread.sleep(4000): null

2018-12-07 19:14:12 - [TEST_STEP][PASSED] - click(findTestObject("TestResource/locationTab")): Object: 'Object Repository/TestResource/locationTab' is clicked on

2018-12-07 19:14:12 - [MESSAGE][PASSED] - Object: 'Object Repository/TestResource/locationTab' is clicked on

2018-12-07 19:14:12 - [TEST_STEP][PASSED] - Thread.sleep(5000): null

2018-12-07 19:14:17 - [TEST_STEP][PASSED] - AdminTool_Location.checkLocation(): AdminTool_Location.checkLocation is PASSED

2018-12-07 19:14:19 - [MESSAGE][PASSED] - AdminTool_Location.checkLocation is PASSED

2018-12-07 19:14:19 - [TEST_STEP][PASSED] - Thread.sleep(4000): null

2018-12-07 19:14:23 - [TEST_STEP][PASSED] - click(findTestObject("TestResource/saveLocation")): Object: 'Object Repository/TestResource/saveLocation' is clicked on

2018-12-07 19:14:24 - [MESSAGE][PASSED] - Object: 'Object Repository/TestResource/saveLocation' is clicked on]]></system-out>
         <system-err><![CDATA[]]></system-err>
      </testcase>
      <testcase name="Test Cases/CheckResoucesAsPerLocation/validateResource" classname="Test Cases/CheckResoucesAsPerLocation/validateResource" status="PASSED">
         <system-out><![CDATA[2018-12-07 19:14:24 - [TEST_CASE][PASSED] - Test Cases/CheckResoucesAsPerLocation/validateResource: Test Cases/CheckResoucesAsPerLocation/validateResource

2018-12-07 19:14:24 - [TEST_STEP][NOT_RUN] - openBrowser(URL): NOT_RUN: openBrowser(URL)

2018-12-07 19:14:24 - [MESSAGE][NOT_RUN] - NOT_RUN: openBrowser(URL)

2018-12-07 19:14:24 - [TEST_STEP][NOT_RUN] - maximizeWindow(): NOT_RUN: maximizeWindow()

2018-12-07 19:14:24 - [MESSAGE][NOT_RUN] - NOT_RUN: maximizeWindow()

2018-12-07 19:14:24 - [TEST_STEP][NOT_RUN] - setText(findTestObject("Form_Selection_Creation/login_Username"), UserName): NOT_RUN: setText(findTestObject("Form_Selection_Creation/login_Username"), UserName)

2018-12-07 19:14:24 - [MESSAGE][NOT_RUN] - NOT_RUN: setText(findTestObject("Form_Selection_Creation/login_Username"), UserName)

2018-12-07 19:14:24 - [TEST_STEP][NOT_RUN] - setText(findTestObject("Form_Selection_Creation/login_Password"), Password): NOT_RUN: setText(findTestObject("Form_Selection_Creation/login_Password"), Password)

2018-12-07 19:14:24 - [MESSAGE][NOT_RUN] - NOT_RUN: setText(findTestObject("Form_Selection_Creation/login_Password"), Password)

2018-12-07 19:14:24 - [TEST_STEP][PASSED] - Thread.sleep(4000): null

2018-12-07 19:14:28 - [TEST_STEP][PASSED] - FormName.setData(): FormName.setData is PASSED

2018-12-07 19:14:28 - [MESSAGE][PASSED] - FormName.setData is PASSED

2018-12-07 19:14:28 - [TEST_STEP][NOT_RUN] - click(findTestObject("Form_Selection_Creation/login_Button")): NOT_RUN: click(findTestObject("Form_Selection_Creation/login_Button"))

2018-12-07 19:14:28 - [MESSAGE][NOT_RUN] - NOT_RUN: click(findTestObject("Form_Selection_Creation/login_Button"))

2018-12-07 19:14:28 - [TEST_STEP][PASSED] - click(findTestObject("Form_Selection_Creation/mainMenu_Button")): Object: 'Object Repository/Form_Selection_Creation/mainMenu_Button' is clicked on

2018-12-07 19:14:28 - [MESSAGE][PASSED] - Object: 'Object Repository/Form_Selection_Creation/mainMenu_Button' is clicked on

2018-12-07 19:14:28 - [TEST_STEP][NOT_RUN] - click(findTestObject("Form_Selection_Creation/mainMenu_AdminTools")): NOT_RUN: click(findTestObject("Form_Selection_Creation/mainMenu_AdminTools"))

2018-12-07 19:14:28 - [MESSAGE][NOT_RUN] - NOT_RUN: click(findTestObject("Form_Selection_Creation/mainMenu_AdminTools"))

2018-12-07 19:14:28 - [TEST_STEP][PASSED] - click(findTestObject("Form_Selection_Creation/mainMenu_AdminTools_FormDesigner")): Object: 'Object Repository/Form_Selection_Creation/mainMenu_AdminTools_FormDesigner' is clicked on

2018-12-07 19:14:28 - [MESSAGE][PASSED] - Object: 'Object Repository/Form_Selection_Creation/mainMenu_AdminTools_FormDesigner' is clicked on

2018-12-07 19:14:28 - [TEST_STEP][PASSED] - click(findTestObject("Form_Selection_Creation/selectCheckForm")): Object: 'Object Repository/Form_Selection_Creation/selectCheckForm' is clicked on

2018-12-07 19:14:28 - [MESSAGE][PASSED] - Object: 'Object Repository/Form_Selection_Creation/selectCheckForm' is clicked on

2018-12-07 19:14:28 - [TEST_STEP][PASSED] - Thread.sleep(5000): null

2018-12-07 19:14:33 - [TEST_STEP][PASSED] - AdminTool_Location.selectResType(): AdminTool_Location.selectResType is PASSED

2018-12-07 19:14:41 - [MESSAGE][PASSED] - AdminTool_Location.selectResType is PASSED

2018-12-07 19:14:41 - [TEST_STEP][PASSED] - AdminTool_Location.dragDropRes(): Element has been clicked

2018-12-07 19:14:46 - [MESSAGE][PASSED] - Element has been clicked

2018-12-07 19:14:46 - [TEST_STEP][PASSED] - Thread.sleep(3000): null

2018-12-07 19:14:49 - [TEST_STEP][NOT_RUN] - dragAndDropToObject(findTestObject("null"), findTestObject("Form_Selection_Creation/Target_Res_Object")): NOT_RUN: dragAndDropToObject(findTestObject("null"), findTestObject("Form_Selection_Creation/Target_Res_Object"))

2018-12-07 19:14:49 - [MESSAGE][NOT_RUN] - NOT_RUN: dragAndDropToObject(findTestObject("null"), findTestObject("Form_Selection_Creation/Target_Res_Object"))

2018-12-07 19:14:49 - [TEST_STEP][PASSED] - AdminTool_Location.validate(): AdminTool_Location.validate is PASSED

2018-12-07 19:14:49 - [MESSAGE][PASSED] - AdminTool_Location.validate is PASSED

2018-12-07 19:14:49 - [TEST_STEP][PASSED] - s = getText(findTestObject("TestResource/testText")): Text of object 'Object Repository/TestResource/testText' is: 'Items > ITEM_ON_07/12/18-19:11 > SUBITEM2_ON_07/12/18-19:11'

2018-12-07 19:14:49 - [MESSAGE][PASSED] - Text of object 'Object Repository/TestResource/testText' is: 'Items > ITEM_ON_07/12/18-19:11 > SUBITEM2_ON_07/12/18-19:11'

2018-12-07 19:14:49 - [TEST_STEP][PASSED] - println(s): null]]></system-out>
         <system-err><![CDATA[]]></system-err>
      </testcase>
      <testcase name="Test Cases/CheckResoucesAsPerLocation/checkResource_Supplier" classname="Test Cases/CheckResoucesAsPerLocation/checkResource_Supplier" status="PASSED">
         <system-out><![CDATA[2018-12-07 19:14:49 - [TEST_CASE][PASSED] - Test Cases/CheckResoucesAsPerLocation/checkResource_Supplier: Test Cases/CheckResoucesAsPerLocation/checkResource_Supplier

2018-12-07 19:14:49 - [TEST_STEP][PASSED] - openBrowser(URL): Browser is opened with url: 'https://test2.stage.safetychain.com'

2018-12-07 19:14:49 - [MESSAGE][WARNING] - A browser is already opened. Closing browser and opening a new one

2018-12-07 19:14:50 - [MESSAGE][INFO] - Starting 'Chrome' driver

2018-12-07 19:15:17 - [MESSAGE][PASSED] - Browser is opened with url: 'https://test2.stage.safetychain.com'

2018-12-07 19:15:17 - [TEST_STEP][PASSED] - maximizeWindow(): Current window maximized

2018-12-07 19:15:18 - [MESSAGE][PASSED] - Current window maximized

2018-12-07 19:15:18 - [TEST_STEP][PASSED] - setText(findTestObject("TestUserLocation/login_Username"), UserName): Text 'superadmin' is set on object 'Object Repository/TestUserLocation/login_Username'

2018-12-07 19:15:22 - [MESSAGE][PASSED] - Text 'superadmin' is set on object 'Object Repository/TestUserLocation/login_Username'

2018-12-07 19:15:22 - [TEST_STEP][PASSED] - setText(findTestObject("TestUserLocation/login_Password"), Password): Text 'sliptest23772boot' is set on object 'Object Repository/TestUserLocation/login_Password'

2018-12-07 19:15:23 - [MESSAGE][PASSED] - Text 'sliptest23772boot' is set on object 'Object Repository/TestUserLocation/login_Password'

2018-12-07 19:15:23 - [TEST_STEP][PASSED] - AdminTool_Location.setSupplierName(): AdminTool_Location.setSupplierName is PASSED

2018-12-07 19:15:23 - [MESSAGE][PASSED] - AdminTool_Location.setSupplierName is PASSED

2018-12-07 19:15:23 - [TEST_STEP][PASSED] - click(findTestObject("TestUserLocation/login_Button")): Object: 'Object Repository/TestUserLocation/login_Button' is clicked on

2018-12-07 19:15:25 - [MESSAGE][PASSED] - Object: 'Object Repository/TestUserLocation/login_Button' is clicked on

2018-12-07 19:15:25 - [TEST_STEP][PASSED] - Thread.sleep(4000): null

2018-12-07 19:15:29 - [TEST_STEP][PASSED] - click(findTestObject("TestUserLocation/mainmenu_button")): Object: 'Object Repository/TestUserLocation/mainmenu_button' is clicked on

2018-12-07 19:15:30 - [MESSAGE][PASSED] - Object: 'Object Repository/TestUserLocation/mainmenu_button' is clicked on

2018-12-07 19:15:30 - [TEST_STEP][PASSED] - click(findTestObject("TestUserLocation/adminTool")): Object: 'Object Repository/TestUserLocation/adminTool' is clicked on

2018-12-07 19:15:30 - [MESSAGE][PASSED] - Object: 'Object Repository/TestUserLocation/adminTool' is clicked on

2018-12-07 19:15:30 - [TEST_STEP][PASSED] - click(findTestObject("TestUserLocation/mainMenuResourceDesigner")): Object: 'Object Repository/TestUserLocation/mainMenuResourceDesigner' is clicked on

2018-12-07 19:15:30 - [MESSAGE][PASSED] - Object: 'Object Repository/TestUserLocation/mainMenuResourceDesigner' is clicked on

2018-12-07 19:15:30 - [TEST_STEP][PASSED] - Thread.sleep(4000): null

2018-12-07 19:15:34 - [TEST_STEP][PASSED] - click(findTestObject("TestResource/SuppliersDesign")): Object: 'Object Repository/TestResource/SuppliersDesign' is clicked on

2018-12-07 19:15:34 - [MESSAGE][PASSED] - Object: 'Object Repository/TestResource/SuppliersDesign' is clicked on

2018-12-07 19:15:34 - [TEST_STEP][PASSED] - Thread.sleep(4000): null

2018-12-07 19:15:38 - [TEST_STEP][PASSED] - click(findTestObject("TestUserLocation/categories")): Object: 'Object Repository/TestUserLocation/categories' is clicked on

2018-12-07 19:15:38 - [MESSAGE][PASSED] - Object: 'Object Repository/TestUserLocation/categories' is clicked on

2018-12-07 19:15:38 - [TEST_STEP][PASSED] - Thread.sleep(2000): null

2018-12-07 19:15:40 - [TEST_STEP][PASSED] - click(findTestObject("TestUserLocation/defaultArea")): Object: 'Object Repository/TestUserLocation/defaultArea' is clicked on

2018-12-07 19:15:41 - [MESSAGE][PASSED] - Object: 'Object Repository/TestUserLocation/defaultArea' is clicked on

2018-12-07 19:15:41 - [TEST_STEP][PASSED] - Thread.sleep(2000): null

2018-12-07 19:15:43 - [TEST_STEP][PASSED] - click(findTestObject("TestUserLocation/hoverHeading")): Object: 'Object Repository/TestUserLocation/hoverHeading' is clicked on

2018-12-07 19:15:43 - [MESSAGE][PASSED] - Object: 'Object Repository/TestUserLocation/hoverHeading' is clicked on

2018-12-07 19:15:43 - [TEST_STEP][PASSED] - click(findTestObject("TestUserLocation/addPlusIcon")): Object: 'Object Repository/TestUserLocation/addPlusIcon' is clicked on

2018-12-07 19:15:43 - [MESSAGE][PASSED] - Object: 'Object Repository/TestUserLocation/addPlusIcon' is clicked on

2018-12-07 19:15:43 - [TEST_STEP][PASSED] - setText(findTestObject("TestUserLocation/setNewName"), findTestData("LocationData").getValue("SuppliersName", 1)): Text 'SUPPLIER_ON_07/12/18-19:15' is set on object 'Object Repository/TestUserLocation/setNewName'

2018-12-07 19:15:43 - [MESSAGE][PASSED] - Text 'SUPPLIER_ON_07/12/18-19:15' is set on object 'Object Repository/TestUserLocation/setNewName'

2018-12-07 19:15:43 - [TEST_STEP][PASSED] - Thread.sleep(2000): null

2018-12-07 19:15:45 - [TEST_STEP][PASSED] - click(findTestObject("TestUserLocation/saveButton")): Object: 'Object Repository/TestUserLocation/saveButton' is clicked on

2018-12-07 19:15:45 - [MESSAGE][PASSED] - Object: 'Object Repository/TestUserLocation/saveButton' is clicked on

2018-12-07 19:15:45 - [TEST_STEP][PASSED] - Thread.sleep(4000): null

2018-12-07 19:15:49 - [TEST_STEP][PASSED] - Thread.sleep(4000): null

2018-12-07 19:15:53 - [TEST_STEP][PASSED] - click(findTestObject("TestUserLocation/mainmenu_button")): Object: 'Object Repository/TestUserLocation/mainmenu_button' is clicked on

2018-12-07 19:15:53 - [MESSAGE][PASSED] - Object: 'Object Repository/TestUserLocation/mainmenu_button' is clicked on

2018-12-07 19:15:53 - [TEST_STEP][PASSED] - click(findTestObject("TestResource/mainMenu_resources")): Object: 'Object Repository/TestResource/mainMenu_resources' is clicked on

2018-12-07 19:15:54 - [MESSAGE][PASSED] - Object: 'Object Repository/TestResource/mainMenu_resources' is clicked on

2018-12-07 19:15:54 - [TEST_STEP][PASSED] - Thread.sleep(4000): null

2018-12-07 19:15:58 - [TEST_STEP][PASSED] - click(findTestObject("TestResource/suppliers")): Object: 'Object Repository/TestResource/suppliers' is clicked on

2018-12-07 19:15:58 - [MESSAGE][PASSED] - Object: 'Object Repository/TestResource/suppliers' is clicked on

2018-12-07 19:15:58 - [TEST_STEP][PASSED] - Thread.sleep(4000): null

2018-12-07 19:16:02 - [TEST_STEP][PASSED] - AdminTool_Location.selectSupplier(): Element has been clicked

2018-12-07 19:16:06 - [MESSAGE][PASSED] - Element has been clicked

2018-12-07 19:16:06 - [TEST_STEP][PASSED] - Thread.sleep(4000): null

2018-12-07 19:16:10 - [TEST_STEP][PASSED] - click(findTestObject("TestUserLocation/addPlusIcon")): Object: 'Object Repository/TestUserLocation/addPlusIcon' is clicked on

2018-12-07 19:16:10 - [MESSAGE][PASSED] - Object: 'Object Repository/TestUserLocation/addPlusIcon' is clicked on

2018-12-07 19:16:10 - [TEST_STEP][PASSED] - Thread.sleep(2000): null

2018-12-07 19:16:12 - [TEST_STEP][PASSED] - setText(findTestObject("TestUserLocation/setNewName"), findTestData("LocationData").getValue("SubSuppliersName1", 1)): Text 'SUBSUPPLIER1_ON_07/12/18-19:15' is set on object 'Object Repository/TestUserLocation/setNewName'

2018-12-07 19:16:12 - [MESSAGE][PASSED] - Text 'SUBSUPPLIER1_ON_07/12/18-19:15' is set on object 'Object Repository/TestUserLocation/setNewName'

2018-12-07 19:16:12 - [TEST_STEP][NOT_RUN] - setText(findTestObject("TestResource/setPhoneNumber"), "912378456"): NOT_RUN: setText(findTestObject("TestResource/setPhoneNumber"), "912378456")

2018-12-07 19:16:12 - [MESSAGE][NOT_RUN] - NOT_RUN: setText(findTestObject("TestResource/setPhoneNumber"), "912378456")

2018-12-07 19:16:12 - [TEST_STEP][PASSED] - Thread.sleep(2000): null

2018-12-07 19:16:14 - [TEST_STEP][PASSED] - click(findTestObject("TestResource/saveDetailButton")): Object: 'Object Repository/TestResource/saveDetailButton' is clicked on

2018-12-07 19:16:15 - [MESSAGE][PASSED] - Object: 'Object Repository/TestResource/saveDetailButton' is clicked on

2018-12-07 19:16:15 - [TEST_STEP][PASSED] - Thread.sleep(7000): null

2018-12-07 19:16:22 - [TEST_STEP][PASSED] - click(findTestObject("TestResource/disableResource")): Object: 'Object Repository/TestResource/disableResource' is clicked on

2018-12-07 19:16:22 - [MESSAGE][PASSED] - Object: 'Object Repository/TestResource/disableResource' is clicked on

2018-12-07 19:16:22 - [TEST_STEP][PASSED] - Thread.sleep(2000): null

2018-12-07 19:16:24 - [TEST_STEP][PASSED] - click(findTestObject("TestResource/button2Yes")): Object: 'Object Repository/TestResource/button2Yes' is clicked on

2018-12-07 19:16:24 - [MESSAGE][PASSED] - Object: 'Object Repository/TestResource/button2Yes' is clicked on

2018-12-07 19:16:24 - [TEST_STEP][PASSED] - Thread.sleep(2000): null

2018-12-07 19:16:26 - [TEST_STEP][PASSED] - click(findTestObject("TestResource/saveDetailButton")): Object: 'Object Repository/TestResource/saveDetailButton' is clicked on

2018-12-07 19:16:26 - [MESSAGE][PASSED] - Object: 'Object Repository/TestResource/saveDetailButton' is clicked on

2018-12-07 19:16:26 - [TEST_STEP][PASSED] - Thread.sleep(7000): null

2018-12-07 19:16:33 - [TEST_STEP][PASSED] - click(findTestObject("TestResource/linksTab")): Object: 'Object Repository/TestResource/linksTab' is clicked on

2018-12-07 19:16:33 - [MESSAGE][PASSED] - Object: 'Object Repository/TestResource/linksTab' is clicked on

2018-12-07 19:16:33 - [TEST_STEP][PASSED] - Thread.sleep(2000): null

2018-12-07 19:16:35 - [TEST_STEP][PASSED] - click(findTestObject("TestResource/addLink")): Object: 'Object Repository/TestResource/addLink' is clicked on

2018-12-07 19:16:35 - [MESSAGE][PASSED] - Object: 'Object Repository/TestResource/addLink' is clicked on

2018-12-07 19:16:35 - [TEST_STEP][PASSED] - Thread.sleep(5000): null

2018-12-07 19:16:40 - [TEST_STEP][PASSED] - check(findTestObject("TestResource/selectSecondResourceToLink")): Object 'Object Repository/TestResource/selectSecondResourceToLink' is checked

2018-12-07 19:16:40 - [MESSAGE][PASSED] - Object 'Object Repository/TestResource/selectSecondResourceToLink' is checked

2018-12-07 19:16:40 - [TEST_STEP][PASSED] - AdminTool_Location.resourceLinkName(): AdminTool_Location.resourceLinkName is PASSED

2018-12-07 19:16:40 - [MESSAGE][PASSED] - AdminTool_Location.resourceLinkName is PASSED

2018-12-07 19:16:40 - [TEST_STEP][PASSED] - Thread.sleep(2000): null

2018-12-07 19:16:42 - [TEST_STEP][PASSED] - click(findTestObject("TestResource/button2Save")): Object: 'Object Repository/TestResource/button2Save' is clicked on

2018-12-07 19:16:42 - [MESSAGE][PASSED] - Object: 'Object Repository/TestResource/button2Save' is clicked on

2018-12-07 19:16:42 - [TEST_STEP][PASSED] - Thread.sleep(4000): null

2018-12-07 19:16:46 - [TEST_STEP][PASSED] - click(findTestObject("TestResource/locationTab")): Object: 'Object Repository/TestResource/locationTab' is clicked on

2018-12-07 19:16:47 - [MESSAGE][PASSED] - Object: 'Object Repository/TestResource/locationTab' is clicked on

2018-12-07 19:16:47 - [TEST_STEP][PASSED] - Thread.sleep(5000): null

2018-12-07 19:16:52 - [TEST_STEP][PASSED] - AdminTool_Location.checkLocation(): AdminTool_Location.checkLocation is PASSED

2018-12-07 19:16:54 - [MESSAGE][PASSED] - AdminTool_Location.checkLocation is PASSED

2018-12-07 19:16:54 - [TEST_STEP][PASSED] - Thread.sleep(4000): null

2018-12-07 19:16:58 - [TEST_STEP][PASSED] - click(findTestObject("TestResource/saveLocation")): Object: 'Object Repository/TestResource/saveLocation' is clicked on

2018-12-07 19:16:58 - [MESSAGE][PASSED] - Object: 'Object Repository/TestResource/saveLocation' is clicked on

2018-12-07 19:16:58 - [TEST_STEP][PASSED] - click(findTestObject("TestUserLocation/mainmenu_button")): Object: 'Object Repository/TestUserLocation/mainmenu_button' is clicked on

2018-12-07 19:16:59 - [MESSAGE][PASSED] - Object: 'Object Repository/TestUserLocation/mainmenu_button' is clicked on

2018-12-07 19:16:59 - [TEST_STEP][PASSED] - click(findTestObject("TestResource/mainMenu_resources")): Object: 'Object Repository/TestResource/mainMenu_resources' is clicked on

2018-12-07 19:17:00 - [MESSAGE][PASSED] - Object: 'Object Repository/TestResource/mainMenu_resources' is clicked on

2018-12-07 19:17:00 - [TEST_STEP][PASSED] - Thread.sleep(4000): null

2018-12-07 19:17:04 - [TEST_STEP][PASSED] - click(findTestObject("TestResource/suppliers")): Object: 'Object Repository/TestResource/suppliers' is clicked on

2018-12-07 19:17:04 - [MESSAGE][PASSED] - Object: 'Object Repository/TestResource/suppliers' is clicked on

2018-12-07 19:17:04 - [TEST_STEP][PASSED] - Thread.sleep(4000): null

2018-12-07 19:17:08 - [TEST_STEP][PASSED] - AdminTool_Location.selectSupplier(): Element has been clicked

2018-12-07 19:17:12 - [MESSAGE][PASSED] - Element has been clicked

2018-12-07 19:17:12 - [TEST_STEP][PASSED] - Thread.sleep(4000): null

2018-12-07 19:17:16 - [TEST_STEP][PASSED] - click(findTestObject("TestUserLocation/addPlusIcon")): Object: 'Object Repository/TestUserLocation/addPlusIcon' is clicked on

2018-12-07 19:17:16 - [MESSAGE][PASSED] - Object: 'Object Repository/TestUserLocation/addPlusIcon' is clicked on

2018-12-07 19:17:16 - [TEST_STEP][PASSED] - Thread.sleep(2000): null

2018-12-07 19:17:18 - [TEST_STEP][PASSED] - setText(findTestObject("TestUserLocation/setNewName"), findTestData("LocationData").getValue("SubSuppliersName2", 1)): Text 'SUBSUPPLIER2_ON_07/12/18-19:15' is set on object 'Object Repository/TestUserLocation/setNewName'

2018-12-07 19:17:18 - [MESSAGE][PASSED] - Text 'SUBSUPPLIER2_ON_07/12/18-19:15' is set on object 'Object Repository/TestUserLocation/setNewName'

2018-12-07 19:17:18 - [TEST_STEP][NOT_RUN] - setText(findTestObject("TestResource/setPhoneNumber"), "912378456"): NOT_RUN: setText(findTestObject("TestResource/setPhoneNumber"), "912378456")

2018-12-07 19:17:18 - [MESSAGE][NOT_RUN] - NOT_RUN: setText(findTestObject("TestResource/setPhoneNumber"), "912378456")

2018-12-07 19:17:18 - [TEST_STEP][PASSED] - Thread.sleep(2000): null

2018-12-07 19:17:20 - [TEST_STEP][PASSED] - click(findTestObject("TestResource/saveDetailButton")): Object: 'Object Repository/TestResource/saveDetailButton' is clicked on

2018-12-07 19:17:21 - [MESSAGE][PASSED] - Object: 'Object Repository/TestResource/saveDetailButton' is clicked on

2018-12-07 19:17:21 - [TEST_STEP][PASSED] - Thread.sleep(7000): null

2018-12-07 19:17:28 - [TEST_STEP][PASSED] - click(findTestObject("TestResource/linksTab")): Object: 'Object Repository/TestResource/linksTab' is clicked on

2018-12-07 19:17:28 - [MESSAGE][PASSED] - Object: 'Object Repository/TestResource/linksTab' is clicked on

2018-12-07 19:17:28 - [TEST_STEP][PASSED] - Thread.sleep(2000): null

2018-12-07 19:17:30 - [TEST_STEP][PASSED] - click(findTestObject("TestResource/addLink")): Object: 'Object Repository/TestResource/addLink' is clicked on

2018-12-07 19:17:30 - [MESSAGE][PASSED] - Object: 'Object Repository/TestResource/addLink' is clicked on

2018-12-07 19:17:30 - [TEST_STEP][PASSED] - Thread.sleep(5000): null

2018-12-07 19:17:35 - [TEST_STEP][PASSED] - check(findTestObject("TestResource/selectSecondResourceToLink")): Object 'Object Repository/TestResource/selectSecondResourceToLink' is checked

2018-12-07 19:17:35 - [MESSAGE][PASSED] - Object 'Object Repository/TestResource/selectSecondResourceToLink' is checked

2018-12-07 19:17:35 - [TEST_STEP][PASSED] - AdminTool_Location.resourceLinkName(): AdminTool_Location.resourceLinkName is PASSED

2018-12-07 19:17:35 - [MESSAGE][PASSED] - AdminTool_Location.resourceLinkName is PASSED

2018-12-07 19:17:35 - [TEST_STEP][PASSED] - Thread.sleep(2000): null

2018-12-07 19:17:37 - [TEST_STEP][PASSED] - click(findTestObject("TestResource/button2Save")): Object: 'Object Repository/TestResource/button2Save' is clicked on

2018-12-07 19:17:37 - [MESSAGE][PASSED] - Object: 'Object Repository/TestResource/button2Save' is clicked on

2018-12-07 19:17:37 - [TEST_STEP][PASSED] - Thread.sleep(4000): null

2018-12-07 19:17:41 - [TEST_STEP][PASSED] - click(findTestObject("TestResource/locationTab")): Object: 'Object Repository/TestResource/locationTab' is clicked on

2018-12-07 19:17:41 - [MESSAGE][PASSED] - Object: 'Object Repository/TestResource/locationTab' is clicked on

2018-12-07 19:17:41 - [TEST_STEP][PASSED] - Thread.sleep(5000): null

2018-12-07 19:17:46 - [TEST_STEP][PASSED] - AdminTool_Location.checkLocation(): AdminTool_Location.checkLocation is PASSED

2018-12-07 19:17:48 - [MESSAGE][PASSED] - AdminTool_Location.checkLocation is PASSED

2018-12-07 19:17:48 - [TEST_STEP][PASSED] - Thread.sleep(4000): null

2018-12-07 19:17:52 - [TEST_STEP][PASSED] - click(findTestObject("TestResource/saveLocation")): Object: 'Object Repository/TestResource/saveLocation' is clicked on

2018-12-07 19:17:53 - [MESSAGE][PASSED] - Object: 'Object Repository/TestResource/saveLocation' is clicked on]]></system-out>
         <system-err><![CDATA[]]></system-err>
      </testcase>
      <testcase name="Test Cases/CheckResoucesAsPerLocation/validateResource" classname="Test Cases/CheckResoucesAsPerLocation/validateResource" status="PASSED">
         <system-out><![CDATA[2018-12-07 19:17:53 - [TEST_CASE][PASSED] - Test Cases/CheckResoucesAsPerLocation/validateResource: Test Cases/CheckResoucesAsPerLocation/validateResource

2018-12-07 19:17:53 - [TEST_STEP][NOT_RUN] - openBrowser(URL): NOT_RUN: openBrowser(URL)

2018-12-07 19:17:53 - [MESSAGE][NOT_RUN] - NOT_RUN: openBrowser(URL)

2018-12-07 19:17:53 - [TEST_STEP][NOT_RUN] - maximizeWindow(): NOT_RUN: maximizeWindow()

2018-12-07 19:17:53 - [MESSAGE][NOT_RUN] - NOT_RUN: maximizeWindow()

2018-12-07 19:17:53 - [TEST_STEP][NOT_RUN] - setText(findTestObject("Form_Selection_Creation/login_Username"), UserName): NOT_RUN: setText(findTestObject("Form_Selection_Creation/login_Username"), UserName)

2018-12-07 19:17:53 - [MESSAGE][NOT_RUN] - NOT_RUN: setText(findTestObject("Form_Selection_Creation/login_Username"), UserName)

2018-12-07 19:17:53 - [TEST_STEP][NOT_RUN] - setText(findTestObject("Form_Selection_Creation/login_Password"), Password): NOT_RUN: setText(findTestObject("Form_Selection_Creation/login_Password"), Password)

2018-12-07 19:17:53 - [MESSAGE][NOT_RUN] - NOT_RUN: setText(findTestObject("Form_Selection_Creation/login_Password"), Password)

2018-12-07 19:17:53 - [TEST_STEP][PASSED] - Thread.sleep(4000): null

2018-12-07 19:17:57 - [TEST_STEP][PASSED] - FormName.setData(): FormName.setData is PASSED

2018-12-07 19:17:57 - [MESSAGE][PASSED] - FormName.setData is PASSED

2018-12-07 19:17:57 - [TEST_STEP][NOT_RUN] - click(findTestObject("Form_Selection_Creation/login_Button")): NOT_RUN: click(findTestObject("Form_Selection_Creation/login_Button"))

2018-12-07 19:17:57 - [MESSAGE][NOT_RUN] - NOT_RUN: click(findTestObject("Form_Selection_Creation/login_Button"))

2018-12-07 19:17:57 - [TEST_STEP][PASSED] - click(findTestObject("Form_Selection_Creation/mainMenu_Button")): Object: 'Object Repository/Form_Selection_Creation/mainMenu_Button' is clicked on

2018-12-07 19:17:57 - [MESSAGE][PASSED] - Object: 'Object Repository/Form_Selection_Creation/mainMenu_Button' is clicked on

2018-12-07 19:17:57 - [TEST_STEP][NOT_RUN] - click(findTestObject("Form_Selection_Creation/mainMenu_AdminTools")): NOT_RUN: click(findTestObject("Form_Selection_Creation/mainMenu_AdminTools"))

2018-12-07 19:17:57 - [MESSAGE][NOT_RUN] - NOT_RUN: click(findTestObject("Form_Selection_Creation/mainMenu_AdminTools"))

2018-12-07 19:17:57 - [TEST_STEP][PASSED] - click(findTestObject("Form_Selection_Creation/mainMenu_AdminTools_FormDesigner")): Object: 'Object Repository/Form_Selection_Creation/mainMenu_AdminTools_FormDesigner' is clicked on

2018-12-07 19:17:57 - [MESSAGE][PASSED] - Object: 'Object Repository/Form_Selection_Creation/mainMenu_AdminTools_FormDesigner' is clicked on

2018-12-07 19:17:57 - [TEST_STEP][PASSED] - click(findTestObject("Form_Selection_Creation/selectCheckForm")): Object: 'Object Repository/Form_Selection_Creation/selectCheckForm' is clicked on

2018-12-07 19:17:57 - [MESSAGE][PASSED] - Object: 'Object Repository/Form_Selection_Creation/selectCheckForm' is clicked on

2018-12-07 19:17:57 - [TEST_STEP][PASSED] - Thread.sleep(5000): null

2018-12-07 19:18:02 - [TEST_STEP][PASSED] - AdminTool_Location.selectResType(): AdminTool_Location.selectResType is PASSED

2018-12-07 19:18:10 - [MESSAGE][PASSED] - AdminTool_Location.selectResType is PASSED

2018-12-07 19:18:10 - [TEST_STEP][PASSED] - AdminTool_Location.dragDropRes(): Element has been clicked

2018-12-07 19:18:15 - [MESSAGE][PASSED] - Element has been clicked

2018-12-07 19:18:15 - [TEST_STEP][PASSED] - Thread.sleep(3000): null

2018-12-07 19:18:18 - [TEST_STEP][NOT_RUN] - dragAndDropToObject(findTestObject("null"), findTestObject("Form_Selection_Creation/Target_Res_Object")): NOT_RUN: dragAndDropToObject(findTestObject("null"), findTestObject("Form_Selection_Creation/Target_Res_Object"))

2018-12-07 19:18:18 - [MESSAGE][NOT_RUN] - NOT_RUN: dragAndDropToObject(findTestObject("null"), findTestObject("Form_Selection_Creation/Target_Res_Object"))

2018-12-07 19:18:18 - [TEST_STEP][PASSED] - AdminTool_Location.validate(): AdminTool_Location.validate is PASSED

2018-12-07 19:18:18 - [MESSAGE][PASSED] - AdminTool_Location.validate is PASSED

2018-12-07 19:18:18 - [TEST_STEP][PASSED] - s = getText(findTestObject("TestResource/testText")): Text of object 'Object Repository/TestResource/testText' is: 'Suppliers > SUPPLIER_ON_07/12/18-19:15 > SUBSUPPLIER2_ON_07/12/18-19:15'

2018-12-07 19:18:18 - [MESSAGE][PASSED] - Text of object 'Object Repository/TestResource/testText' is: 'Suppliers > SUPPLIER_ON_07/12/18-19:15 > SUBSUPPLIER2_ON_07/12/18-19:15'

2018-12-07 19:18:18 - [TEST_STEP][PASSED] - println(s): null]]></system-out>
         <system-err><![CDATA[]]></system-err>
      </testcase>
      <system-out><![CDATA[2018-12-07 19:03:00 - [TEST_SUITE][PASSED] - CheckAllResources: Test Cases/CheckResoucesAsPerLocation/validateResource]]></system-out>
      <system-err><![CDATA[]]></system-err>
   </testsuite>
</testsuites>
