<?xml version="1.0" encoding="UTF-8"?>
<testsuites name="Questionaire_Form" time="276" tests="4" failures="0" errors="0">
   <testsuite name="Questionaire_Form" tests="4" failures="0" errors="0" time="276" timestamp="2018-11-21 14:17:37" hostname="pashine_a - Abhishek-Pashine.India.XoriantCorp.com" id="Test Suites/Questionaire_Form">
      <properties>
         <property name="deviceName" value=""/>
         <property name="devicePlatform" value=""/>
         <property name="logFolder" value="D:\\Git Data\\SafetyChain-Test-Automation-Katalon\\Reports\\Questionaire_Form\\20181121_141735"/>
         <property name="logFiles" value="D:\\Git Data\\SafetyChain-Test-Automation-Katalon\\Reports\\Questionaire_Form\\20181121_141735\\execution0.log"/>
         <property name="attachments" value=""/>
         <property name="hostName" value="pashine_a - Abhishek-Pashine.India.XoriantCorp.com"/>
         <property name="os" value="Windows 7 64bit"/>
         <property name="katalonVersion" value="5.8.6.1"/>
         <property name="browser" value="Chrome 70.0.3538.102"/>
         <property name="hostAddress" value="10.21.7.147"/>
         <property name="sessionId" value="9859b4e9789418e6256cf1a6fce88b4f"/>
         <property name="seleniumVersion" value="3.7.1"/>
         <property name="proxyInformation" value="ProxyInformation{proxyOption=NO_PROXY, proxyServerType=HTTP, password=, proxyServerAddress=, proxyServerPort=0}"/>
         <property name="platform" value="Windows 7"/>
      </properties>
      <testcase name="Test Cases/Forms/QuestionaitreForm/1_CreateForm" classname="Test Cases/Forms/QuestionaitreForm/1_CreateForm" status="PASSED">
         <system-out><![CDATA[2018-11-21 14:17:37 - [TEST_CASE][PASSED] - Test Cases/Forms/QuestionaitreForm/1_CreateForm: Test Cases/Forms/QuestionaitreForm/1_CreateForm

2018-11-21 14:17:38 - [TEST_STEP][PASSED] - openBrowser: Browser is opened with url: 'https://test2.stage.safetychain.com'

2018-11-21 14:17:58 - [MESSAGE][PASSED] - Browser is opened with url: 'https://test2.stage.safetychain.com'

2018-11-21 14:17:58 - [TEST_STEP][PASSED] - maximizeWindow: Current window maximized

2018-11-21 14:18:00 - [MESSAGE][PASSED] - Current window maximized

2018-11-21 14:18:00 - [TEST_STEP][PASSED] - setText: Text 'superadmin' is set on object 'Object Repository/Form_Selection_Creation/login_Username'

2018-11-21 14:18:03 - [MESSAGE][PASSED] - Text 'superadmin' is set on object 'Object Repository/Form_Selection_Creation/login_Username'

2018-11-21 14:18:03 - [TEST_STEP][PASSED] - setText: Text 'sliptest23772boot' is set on object 'Object Repository/Form_Selection_Creation/login_Password'

2018-11-21 14:18:04 - [MESSAGE][PASSED] - Text 'sliptest23772boot' is set on object 'Object Repository/Form_Selection_Creation/login_Password'

2018-11-21 14:18:04 - [TEST_STEP][PASSED] - FormName.setData: FormName.setData is PASSED

2018-11-21 14:18:05 - [MESSAGE][PASSED] - FormName.setData is PASSED

2018-11-21 14:18:05 - [TEST_STEP][PASSED] - click: Object: 'Object Repository/Form_Selection_Creation/login_Button' is clicked on

2018-11-21 14:18:07 - [MESSAGE][PASSED] - Object: 'Object Repository/Form_Selection_Creation/login_Button' is clicked on

2018-11-21 14:18:07 - [TEST_STEP][PASSED] - Statement - java.lang.Thread.sleep(3000): null

2018-11-21 14:18:10 - [TEST_STEP][PASSED] - click: Object: 'Object Repository/Form_Selection_Creation/mainMenu_Button' is clicked on

2018-11-21 14:18:11 - [MESSAGE][PASSED] - Object: 'Object Repository/Form_Selection_Creation/mainMenu_Button' is clicked on

2018-11-21 14:18:11 - [TEST_STEP][PASSED] - click: Object: 'Object Repository/Form_Selection_Creation/mainMenu_AdminTools' is clicked on

2018-11-21 14:18:11 - [MESSAGE][PASSED] - Object: 'Object Repository/Form_Selection_Creation/mainMenu_AdminTools' is clicked on

2018-11-21 14:18:11 - [TEST_STEP][PASSED] - click: Object: 'Object Repository/Form_Selection_Creation/mainMenu_AdminTools_FormDesigner' is clicked on

2018-11-21 14:18:11 - [MESSAGE][PASSED] - Object: 'Object Repository/Form_Selection_Creation/mainMenu_AdminTools_FormDesigner' is clicked on

2018-11-21 14:18:11 - [TEST_STEP][PASSED] - Statement - java.lang.Thread.sleep(2000): null

2018-11-21 14:18:13 - [TEST_STEP][PASSED] - click: Object: 'Object Repository/Form_Selection_Creation/selectQuestionaireForm' is clicked on

2018-11-21 14:18:13 - [MESSAGE][PASSED] - Object: 'Object Repository/Form_Selection_Creation/selectQuestionaireForm' is clicked on

2018-11-21 14:18:13 - [TEST_STEP][PASSED] - Statement - java.lang.Thread.sleep(3000): null

2018-11-21 14:18:16 - [TEST_STEP][PASSED] - dragAndDropToObject: Dragged object with id 'Object Repository/Form_Selection_Creation/formDesign_selectResource' to object with id 'TestObject - 'Object Repository/Form_Selection_Creation/Target_Res_Object'' successfully

2018-11-21 14:18:17 - [MESSAGE][PASSED] - Dragged object with id 'Object Repository/Form_Selection_Creation/formDesign_selectResource' to object with id 'TestObject - 'Object Repository/Form_Selection_Creation/Target_Res_Object'' successfully

2018-11-21 14:18:17 - [TEST_STEP][PASSED] - Statement - java.lang.Thread.sleep(6000): null

2018-11-21 14:18:23 - [TEST_STEP][PASSED] - click: Object: 'Object Repository/Form_Selection_Creation/formCreation_NextToDesignForm' is clicked on

2018-11-21 14:18:23 - [MESSAGE][PASSED] - Object: 'Object Repository/Form_Selection_Creation/formCreation_NextToDesignForm' is clicked on

2018-11-21 14:18:23 - [TEST_STEP][PASSED] - Statement - java.lang.Thread.sleep(4000): null

2018-11-21 14:18:27 - [TEST_STEP][PASSED] - FormName.createForm: FormName.createForm is PASSED

2018-11-21 14:18:28 - [MESSAGE][PASSED] - FormName.createForm is PASSED

2018-11-21 14:18:28 - [TEST_STEP][PASSED] - Statement - java.lang.Thread.sleep(2000): null

2018-11-21 14:18:30 - [TEST_STEP][PASSED] - dragAndDropToObject: Dragged object with id 'Object Repository/Form_Selection_Creation/formDesign_SelectSection' to object with id 'TestObject - 'Object Repository/Form_Selection_Creation/default_area'' successfully

2018-11-21 14:18:31 - [MESSAGE][PASSED] - Dragged object with id 'Object Repository/Form_Selection_Creation/formDesign_SelectSection' to object with id 'TestObject - 'Object Repository/Form_Selection_Creation/default_area'' successfully

2018-11-21 14:18:31 - [TEST_STEP][PASSED] - setText: Text 'This is Section ' is set on object 'Object Repository/Form_Selection_Creation/formDesign_SectionName_text'

2018-11-21 14:18:31 - [MESSAGE][PASSED] - Text 'This is Section ' is set on object 'Object Repository/Form_Selection_Creation/formDesign_SectionName_text'

2018-11-21 14:18:31 - [TEST_STEP][PASSED] - Statement - java.lang.Thread.sleep(2000): null

2018-11-21 14:18:33 - [TEST_STEP][PASSED] - dragAndDropToObject: Dragged object with id 'Object Repository/Form_Selection_Creation/formDesign_SelectFieldgroup' to object with id 'TestObject - 'Object Repository/Form_Selection_Creation/section_area'' successfully

2018-11-21 14:18:34 - [MESSAGE][PASSED] - Dragged object with id 'Object Repository/Form_Selection_Creation/formDesign_SelectFieldgroup' to object with id 'TestObject - 'Object Repository/Form_Selection_Creation/section_area'' successfully

2018-11-21 14:18:34 - [TEST_STEP][PASSED] - setText: Text 'This is Field Group ' is set on object 'Object Repository/Form_Selection_Creation/formDesign_FieldGroupName_text'

2018-11-21 14:18:34 - [MESSAGE][PASSED] - Text 'This is Field Group ' is set on object 'Object Repository/Form_Selection_Creation/formDesign_FieldGroupName_text'

2018-11-21 14:18:34 - [TEST_STEP][PASSED] - Statement - java.lang.Thread.sleep(2000): null

2018-11-21 14:18:36 - [TEST_STEP][PASSED] - dragAndDropToObject: Dragged object with id 'Object Repository/Form_Selection_Creation/formDesign_SelectFree Text' to object with id 'TestObject - 'Object Repository/Form_Selection_Creation/group_area'' successfully

2018-11-21 14:18:37 - [MESSAGE][PASSED] - Dragged object with id 'Object Repository/Form_Selection_Creation/formDesign_SelectFree Text' to object with id 'TestObject - 'Object Repository/Form_Selection_Creation/group_area'' successfully

2018-11-21 14:18:37 - [TEST_STEP][PASSED] - setText: Text 'This is Single Line Text' is set on object 'Object Repository/Form_Selection_Creation/formDesign_SingleLineName_Text'

2018-11-21 14:18:38 - [MESSAGE][PASSED] - Text 'This is Single Line Text' is set on object 'Object Repository/Form_Selection_Creation/formDesign_SingleLineName_Text'

2018-11-21 14:18:38 - [TEST_STEP][PASSED] - Statement - java.lang.Thread.sleep(2000): null

2018-11-21 14:18:40 - [TEST_STEP][PASSED] - dragAndDropToObject: Dragged object with id 'Object Repository/Form_Selection_Creation/formDesign_SelectParagraphText' to object with id 'TestObject - 'Object Repository/Form_Selection_Creation/group_area'' successfully

2018-11-21 14:18:41 - [MESSAGE][PASSED] - Dragged object with id 'Object Repository/Form_Selection_Creation/formDesign_SelectParagraphText' to object with id 'TestObject - 'Object Repository/Form_Selection_Creation/group_area'' successfully

2018-11-21 14:18:41 - [TEST_STEP][PASSED] - setText: Text 'This is Paragraph' is set on object 'Object Repository/Form_Selection_Creation/formDesign_ParagraphName_Text'

2018-11-21 14:18:41 - [MESSAGE][PASSED] - Text 'This is Paragraph' is set on object 'Object Repository/Form_Selection_Creation/formDesign_ParagraphName_Text'

2018-11-21 14:18:41 - [TEST_STEP][PASSED] - Statement - java.lang.Thread.sleep(2000): null

2018-11-21 14:18:43 - [TEST_STEP][PASSED] - dragAndDropToObject: Dragged object with id 'Object Repository/Form_Selection_Creation/formDesign_Select_SelectOne' to object with id 'TestObject - 'Object Repository/Form_Selection_Creation/group_area'' successfully

2018-11-21 14:18:44 - [MESSAGE][PASSED] - Dragged object with id 'Object Repository/Form_Selection_Creation/formDesign_Select_SelectOne' to object with id 'TestObject - 'Object Repository/Form_Selection_Creation/group_area'' successfully

2018-11-21 14:18:44 - [TEST_STEP][PASSED] - setText: Text 'This is Select One' is set on object 'Object Repository/Form_Selection_Creation/formDesign_Select_OneName_text'

2018-11-21 14:18:45 - [MESSAGE][PASSED] - Text 'This is Select One' is set on object 'Object Repository/Form_Selection_Creation/formDesign_Select_OneName_text'

2018-11-21 14:18:45 - [TEST_STEP][PASSED] - Statement - java.lang.Thread.sleep(3000): null

2018-11-21 14:18:48 - [TEST_STEP][PASSED] - click: Object: 'Object Repository/Form_Selection_Creation/button_Add New' is clicked on

2018-11-21 14:18:48 - [MESSAGE][PASSED] - Object: 'Object Repository/Form_Selection_Creation/button_Add New' is clicked on

2018-11-21 14:18:48 - [TEST_STEP][PASSED] - setText: Text 'SingleOption1' is set on object 'Object Repository/Form_Selection_Creation/addSingleValue1'

2018-11-21 14:18:48 - [MESSAGE][PASSED] - Text 'SingleOption1' is set on object 'Object Repository/Form_Selection_Creation/addSingleValue1'

2018-11-21 14:18:48 - [TEST_STEP][PASSED] - Statement - java.lang.Thread.sleep(2000): null

2018-11-21 14:18:50 - [TEST_STEP][PASSED] - click: Object: 'Object Repository/Form_Selection_Creation/button_Add New' is clicked on

2018-11-21 14:18:50 - [MESSAGE][PASSED] - Object: 'Object Repository/Form_Selection_Creation/button_Add New' is clicked on

2018-11-21 14:18:50 - [TEST_STEP][PASSED] - setText: Text 'SingleOption2' is set on object 'Object Repository/Form_Selection_Creation/addSingleValue2'

2018-11-21 14:18:55 - [MESSAGE][PASSED] - Text 'SingleOption2' is set on object 'Object Repository/Form_Selection_Creation/addSingleValue2'

2018-11-21 14:18:55 - [TEST_STEP][PASSED] - Statement - java.lang.Thread.sleep(2000): null

2018-11-21 14:18:57 - [TEST_STEP][PASSED] - dragAndDropToObject: Dragged object with id 'Object Repository/Form_Selection_Creation/formDesign_Select_SelectMultiple' to object with id 'TestObject - 'Object Repository/Form_Selection_Creation/group_area'' successfully

2018-11-21 14:18:58 - [MESSAGE][PASSED] - Dragged object with id 'Object Repository/Form_Selection_Creation/formDesign_Select_SelectMultiple' to object with id 'TestObject - 'Object Repository/Form_Selection_Creation/group_area'' successfully

2018-11-21 14:18:58 - [TEST_STEP][PASSED] - setText: Text 'This is Select Multiple' is set on object 'Object Repository/Form_Selection_Creation/formDesign_Select_MultipleName_text'

2018-11-21 14:18:59 - [MESSAGE][PASSED] - Text 'This is Select Multiple' is set on object 'Object Repository/Form_Selection_Creation/formDesign_Select_MultipleName_text'

2018-11-21 14:18:59 - [TEST_STEP][PASSED] - Statement - java.lang.Thread.sleep(3000): null

2018-11-21 14:19:02 - [TEST_STEP][PASSED] - click: Object: 'Object Repository/Form_Selection_Creation/button_AddNewMul' is clicked on

2018-11-21 14:19:02 - [MESSAGE][PASSED] - Object: 'Object Repository/Form_Selection_Creation/button_AddNewMul' is clicked on

2018-11-21 14:19:02 - [TEST_STEP][PASSED] - setText: Text 'MultipleOption1' is set on object 'Object Repository/Form_Selection_Creation/addMultipleValue1'

2018-11-21 14:19:03 - [MESSAGE][PASSED] - Text 'MultipleOption1' is set on object 'Object Repository/Form_Selection_Creation/addMultipleValue1'

2018-11-21 14:19:03 - [TEST_STEP][PASSED] - Statement - java.lang.Thread.sleep(2000): null

2018-11-21 14:19:05 - [TEST_STEP][PASSED] - click: Object: 'Object Repository/Form_Selection_Creation/button_AddNewMul' is clicked on

2018-11-21 14:19:05 - [MESSAGE][PASSED] - Object: 'Object Repository/Form_Selection_Creation/button_AddNewMul' is clicked on

2018-11-21 14:19:05 - [TEST_STEP][PASSED] - setText: Text 'MultipleOption2' is set on object 'Object Repository/Form_Selection_Creation/addMultipleValue2'

2018-11-21 14:19:05 - [MESSAGE][PASSED] - Text 'MultipleOption2' is set on object 'Object Repository/Form_Selection_Creation/addMultipleValue2'

2018-11-21 14:19:05 - [TEST_STEP][PASSED] - Statement - java.lang.Thread.sleep(2000): null

2018-11-21 14:19:07 - [TEST_STEP][PASSED] - dragAndDropToObject: Dragged object with id 'Object Repository/Form_Selection_Creation/formDesign_SelectNumeric' to object with id 'TestObject - 'Object Repository/Form_Selection_Creation/group_area'' successfully

2018-11-21 14:19:08 - [MESSAGE][PASSED] - Dragged object with id 'Object Repository/Form_Selection_Creation/formDesign_SelectNumeric' to object with id 'TestObject - 'Object Repository/Form_Selection_Creation/group_area'' successfully

2018-11-21 14:19:08 - [TEST_STEP][PASSED] - setText: Text 'This is a Number' is set on object 'Object Repository/Form_Selection_Creation/formDesign_NumericName_Text'

2018-11-21 14:19:09 - [MESSAGE][PASSED] - Text 'This is a Number' is set on object 'Object Repository/Form_Selection_Creation/formDesign_NumericName_Text'

2018-11-21 14:19:09 - [TEST_STEP][PASSED] - Statement - java.lang.Thread.sleep(2000): null

2018-11-21 14:19:11 - [TEST_STEP][PASSED] - dragAndDropToObject: Dragged object with id 'Object Repository/Form_Selection_Creation/formDesign_SelectDate' to object with id 'TestObject - 'Object Repository/Form_Selection_Creation/group_area'' successfully

2018-11-21 14:19:12 - [MESSAGE][PASSED] - Dragged object with id 'Object Repository/Form_Selection_Creation/formDesign_SelectDate' to object with id 'TestObject - 'Object Repository/Form_Selection_Creation/group_area'' successfully

2018-11-21 14:19:12 - [TEST_STEP][PASSED] - setText: Text 'This is a Date' is set on object 'Object Repository/Form_Selection_Creation/formDesign_DateName_Text'

2018-11-21 14:19:12 - [MESSAGE][PASSED] - Text 'This is a Date' is set on object 'Object Repository/Form_Selection_Creation/formDesign_DateName_Text'

2018-11-21 14:19:12 - [TEST_STEP][PASSED] - Statement - java.lang.Thread.sleep(2000): null

2018-11-21 14:19:14 - [TEST_STEP][PASSED] - dragAndDropToObject: Dragged object with id 'Object Repository/Form_Selection_Creation/formDesign_SelectTime' to object with id 'TestObject - 'Object Repository/Form_Selection_Creation/group_area'' successfully

2018-11-21 14:19:15 - [MESSAGE][PASSED] - Dragged object with id 'Object Repository/Form_Selection_Creation/formDesign_SelectTime' to object with id 'TestObject - 'Object Repository/Form_Selection_Creation/group_area'' successfully

2018-11-21 14:19:15 - [TEST_STEP][PASSED] - setText: Text 'This is a Time' is set on object 'Object Repository/Form_Selection_Creation/formDesign_TimeName_text'

2018-11-21 14:19:16 - [MESSAGE][PASSED] - Text 'This is a Time' is set on object 'Object Repository/Form_Selection_Creation/formDesign_TimeName_text'

2018-11-21 14:19:16 - [TEST_STEP][PASSED] - Statement - java.lang.Thread.sleep(2000): null

2018-11-21 14:19:18 - [TEST_STEP][PASSED] - dragAndDropToObject: Dragged object with id 'Object Repository/Form_Selection_Creation/formDesign_SelectDateTime' to object with id 'TestObject - 'Object Repository/Form_Selection_Creation/group_area'' successfully

2018-11-21 14:19:19 - [MESSAGE][PASSED] - Dragged object with id 'Object Repository/Form_Selection_Creation/formDesign_SelectDateTime' to object with id 'TestObject - 'Object Repository/Form_Selection_Creation/group_area'' successfully

2018-11-21 14:19:19 - [TEST_STEP][PASSED] - setText: Text 'This is a Date-Time' is set on object 'Object Repository/Form_Selection_Creation/formDesign_DateTimeName_Text'

2018-11-21 14:19:19 - [MESSAGE][PASSED] - Text 'This is a Date-Time' is set on object 'Object Repository/Form_Selection_Creation/formDesign_DateTimeName_Text'

2018-11-21 14:19:19 - [TEST_STEP][PASSED] - Statement - java.lang.Thread.sleep(2000): null

2018-11-21 14:19:21 - [TEST_STEP][PASSED] - click: Object: 'Object Repository/Form_Selection_Creation/formCreation_NextToDesignForm' is clicked on

2018-11-21 14:19:21 - [MESSAGE][PASSED] - Object: 'Object Repository/Form_Selection_Creation/formCreation_NextToDesignForm' is clicked on

2018-11-21 14:19:21 - [TEST_STEP][PASSED] - Statement - java.lang.Thread.sleep(7000): null

2018-11-21 14:19:28 - [TEST_STEP][PASSED] - click: Object: 'Object Repository/Form_Selection_Creation/div_Preview             Form1' is clicked on

2018-11-21 14:19:29 - [MESSAGE][PASSED] - Object: 'Object Repository/Form_Selection_Creation/div_Preview             Form1' is clicked on

2018-11-21 14:19:29 - [TEST_STEP][PASSED] - Statement - java.lang.Thread.sleep(5000): null

2018-11-21 14:19:34 - [TEST_STEP][PASSED] - click: Object: 'Object Repository/Form_Selection_Creation/button_Release' is clicked on

2018-11-21 14:19:34 - [MESSAGE][PASSED] - Object: 'Object Repository/Form_Selection_Creation/button_Release' is clicked on

2018-11-21 14:19:34 - [TEST_STEP][PASSED] - Statement - java.lang.Thread.sleep(4000): null]]></system-out>
         <system-err><![CDATA[]]></system-err>
      </testcase>
      <testcase name="Test Cases/Forms/QuestionaitreForm/2_FormSubmission" classname="Test Cases/Forms/QuestionaitreForm/2_FormSubmission" status="PASSED">
         <system-out><![CDATA[2018-11-21 14:19:38 - [TEST_CASE][PASSED] - Test Cases/Forms/QuestionaitreForm/2_FormSubmission: Test Cases/Forms/QuestionaitreForm/2_FormSubmission

2018-11-21 14:19:38 - [TEST_STEP][PASSED] - openBrowser: Browser is opened with url: ''

2018-11-21 14:19:38 - [MESSAGE][WARNING] - A browser is already opened. Closing browser and opening a new one

2018-11-21 14:19:41 - [MESSAGE][PASSED] - Browser is opened with url: ''

2018-11-21 14:19:41 - [TEST_STEP][PASSED] - navigateToUrl: Navigate to 'https://test2.stage.safetychain.com' successfully

2018-11-21 14:20:09 - [MESSAGE][PASSED] - Navigate to 'https://test2.stage.safetychain.com' successfully

2018-11-21 14:20:09 - [TEST_STEP][PASSED] - maximizeWindow: Current window maximized

2018-11-21 14:20:10 - [MESSAGE][PASSED] - Current window maximized

2018-11-21 14:20:10 - [TEST_STEP][PASSED] - Statement - driver = com.kms.katalon.core.webui.driver.DriverFactory.getWebDriver(): null

2018-11-21 14:20:10 - [TEST_STEP][PASSED] - setText: Text 'superadmin' is set on object 'Object Repository/FormTab/login_Username'

2018-11-21 14:20:14 - [MESSAGE][PASSED] - Text 'superadmin' is set on object 'Object Repository/FormTab/login_Username'

2018-11-21 14:20:14 - [TEST_STEP][PASSED] - setText: Text 'sliptest23772boot' is set on object 'Object Repository/FormTab/login_Password'

2018-11-21 14:20:15 - [MESSAGE][PASSED] - Text 'sliptest23772boot' is set on object 'Object Repository/FormTab/login_Password'

2018-11-21 14:20:15 - [TEST_STEP][PASSED] - click: Object: 'Object Repository/FormTab/login_Button' is clicked on

2018-11-21 14:20:16 - [MESSAGE][PASSED] - Object: 'Object Repository/FormTab/login_Button' is clicked on

2018-11-21 14:20:16 - [TEST_STEP][PASSED] - Statement - java.lang.Thread.sleep(10000): null

2018-11-21 14:20:26 - [TEST_STEP][PASSED] - click: Object: 'Object Repository/FormTab/form_Tab' is clicked on

2018-11-21 14:20:26 - [MESSAGE][PASSED] - Object: 'Object Repository/FormTab/form_Tab' is clicked on

2018-11-21 14:20:26 - [TEST_STEP][NOT_RUN] - Statement - java.lang.Thread.sleep(4000): NOT_RUN: Statement - java.lang.Thread.sleep(4000)

2018-11-21 14:20:26 - [MESSAGE][NOT_RUN] - NOT_RUN: Statement - java.lang.Thread.sleep(4000)

2018-11-21 14:20:26 - [TEST_STEP][NOT_RUN] - click: NOT_RUN: click

2018-11-21 14:20:26 - [MESSAGE][NOT_RUN] - NOT_RUN: click

2018-11-21 14:20:26 - [TEST_STEP][NOT_RUN] - waitForElementNotVisible: NOT_RUN: waitForElementNotVisible

2018-11-21 14:20:26 - [MESSAGE][NOT_RUN] - NOT_RUN: waitForElementNotVisible

2018-11-21 14:20:26 - [TEST_STEP][NOT_RUN] - click: NOT_RUN: click

2018-11-21 14:20:26 - [MESSAGE][NOT_RUN] - NOT_RUN: click

2018-11-21 14:20:26 - [TEST_STEP][PASSED] - Statement - java.lang.Thread.sleep(3000): null

2018-11-21 14:20:29 - [TEST_STEP][PASSED] - click: Object: 'Object Repository/FormTab/options' is clicked on

2018-11-21 14:20:34 - [MESSAGE][PASSED] - Object: 'Object Repository/FormTab/options' is clicked on

2018-11-21 14:20:34 - [TEST_STEP][PASSED] - Statement - java.lang.Thread.sleep(2000): null

2018-11-21 14:20:36 - [TEST_STEP][PASSED] - mouseOver: Object: 'Object Repository/FormTab/filterOption' is hovered

2018-11-21 14:20:37 - [MESSAGE][PASSED] - Object: 'Object Repository/FormTab/filterOption' is hovered

2018-11-21 14:20:37 - [TEST_STEP][PASSED] - Statement - java.lang.Thread.sleep(2000): null

2018-11-21 14:20:39 - [TEST_STEP][PASSED] - FormName.filterFormName: FormName.filterFormName is PASSED

2018-11-21 14:20:39 - [MESSAGE][PASSED] - FormName.filterFormName is PASSED

2018-11-21 14:20:39 - [TEST_STEP][PASSED] - Statement - java.lang.Thread.sleep(2000): null

2018-11-21 14:20:41 - [TEST_STEP][PASSED] - click: Object: 'Object Repository/FormTab/filterButton' is clicked on

2018-11-21 14:20:41 - [MESSAGE][PASSED] - Object: 'Object Repository/FormTab/filterButton' is clicked on

2018-11-21 14:20:41 - [TEST_STEP][PASSED] - Statement - java.lang.Thread.sleep(4000): null

2018-11-21 14:20:45 - [TEST_STEP][PASSED] - click: Object: 'Object Repository/FormTab/selectForm' is clicked on

2018-11-21 14:20:45 - [MESSAGE][PASSED] - Object: 'Object Repository/FormTab/selectForm' is clicked on

2018-11-21 14:20:45 - [TEST_STEP][PASSED] - Statement - java.lang.Thread.sleep(4000): null

2018-11-21 14:20:49 - [TEST_STEP][NOT_RUN] - FormName.fillFormName: NOT_RUN: FormName.fillFormName

2018-11-21 14:20:49 - [MESSAGE][NOT_RUN] - NOT_RUN: FormName.fillFormName

2018-11-21 14:20:49 - [TEST_STEP][NOT_RUN] - Statement - java.lang.Thread.sleep(4000): NOT_RUN: Statement - java.lang.Thread.sleep(4000)

2018-11-21 14:20:49 - [MESSAGE][NOT_RUN] - NOT_RUN: Statement - java.lang.Thread.sleep(4000)

2018-11-21 14:20:49 - [TEST_STEP][PASSED] - click: Object: 'Object Repository/FormTab/fillForm_OpenLocationOption' is clicked on

2018-11-21 14:20:49 - [MESSAGE][PASSED] - Object: 'Object Repository/FormTab/fillForm_OpenLocationOption' is clicked on

2018-11-21 14:20:49 - [TEST_STEP][PASSED] - Statement - java.lang.Thread.sleep(4000): null

2018-11-21 14:20:53 - [TEST_STEP][NOT_RUN] - delay: NOT_RUN: delay

2018-11-21 14:20:53 - [MESSAGE][NOT_RUN] - NOT_RUN: delay

2018-11-21 14:20:53 - [TEST_STEP][NOT_RUN] - waitForElementNotVisible: NOT_RUN: waitForElementNotVisible

2018-11-21 14:20:53 - [MESSAGE][NOT_RUN] - NOT_RUN: waitForElementNotVisible

2018-11-21 14:20:53 - [TEST_STEP][PASSED] - click: Object: 'Object Repository/FormTab/fillForm_SelectLocation' is clicked on

2018-11-21 14:20:54 - [MESSAGE][PASSED] - Object: 'Object Repository/FormTab/fillForm_SelectLocation' is clicked on

2018-11-21 14:20:54 - [TEST_STEP][PASSED] - Statement - java.lang.Thread.sleep(4000): null

2018-11-21 14:20:58 - [TEST_STEP][PASSED] - click: Object: 'Object Repository/FormTab/fillForm_OpenResourceOption' is clicked on

2018-11-21 14:20:58 - [MESSAGE][PASSED] - Object: 'Object Repository/FormTab/fillForm_OpenResourceOption' is clicked on

2018-11-21 14:20:58 - [TEST_STEP][PASSED] - Statement - java.lang.Thread.sleep(4000): null

2018-11-21 14:21:02 - [TEST_STEP][NOT_RUN] - delay: NOT_RUN: delay

2018-11-21 14:21:02 - [MESSAGE][NOT_RUN] - NOT_RUN: delay

2018-11-21 14:21:02 - [TEST_STEP][NOT_RUN] - waitForElementNotVisible: NOT_RUN: waitForElementNotVisible

2018-11-21 14:21:02 - [MESSAGE][NOT_RUN] - NOT_RUN: waitForElementNotVisible

2018-11-21 14:21:02 - [TEST_STEP][PASSED] - click: Object: 'Object Repository/FormTab/fillForm_SelectResource' is clicked on

2018-11-21 14:21:02 - [MESSAGE][PASSED] - Object: 'Object Repository/FormTab/fillForm_SelectResource' is clicked on

2018-11-21 14:21:02 - [TEST_STEP][PASSED] - Statement - java.lang.Thread.sleep(4000): null

2018-11-21 14:21:06 - [TEST_STEP][PASSED] - setText: Text 'MyText' is set on object 'Object Repository/FormTab/fillForm_FreeSingleText'

2018-11-21 14:21:06 - [MESSAGE][PASSED] - Text 'MyText' is set on object 'Object Repository/FormTab/fillForm_FreeSingleText'

2018-11-21 14:21:06 - [TEST_STEP][PASSED] - setText: Text 'MyParagraph' is set on object 'Object Repository/FormTab/fillForm_ParagraphText'

2018-11-21 14:21:07 - [MESSAGE][PASSED] - Text 'MyParagraph' is set on object 'Object Repository/FormTab/fillForm_ParagraphText'

2018-11-21 14:21:07 - [TEST_STEP][PASSED] - Statement - java.lang.Thread.sleep(3000): null

2018-11-21 14:21:10 - [TEST_STEP][PASSED] - setText: Text 'SingleOption1' is set on object 'Object Repository/FormTab/fillForm_SelectOneOption'

2018-11-21 14:21:10 - [MESSAGE][PASSED] - Text 'SingleOption1' is set on object 'Object Repository/FormTab/fillForm_SelectOneOption'

2018-11-21 14:21:10 - [TEST_STEP][PASSED] - Statement - java.lang.Thread.sleep(3000): null

2018-11-21 14:21:13 - [TEST_STEP][PASSED] - Statement - driver.findElement(org.openqa.selenium.By.xpath("//*[@id='scs-form-level']/div/div/div/div/div/div/div[4]/div/field-template/div/div/div/div/span/span/input")).sendKeys(ENTER): null

2018-11-21 14:21:13 - [TEST_STEP][PASSED] - Statement - java.lang.Thread.sleep(3000): null

2018-11-21 14:21:16 - [TEST_STEP][PASSED] - setText: Text 'MultipleOption1' is set on object 'Object Repository/FormTab/fillForm_SelectMultipleOption'

2018-11-21 14:21:16 - [MESSAGE][PASSED] - Text 'MultipleOption1' is set on object 'Object Repository/FormTab/fillForm_SelectMultipleOption'

2018-11-21 14:21:16 - [TEST_STEP][PASSED] - Statement - java.lang.Thread.sleep(3000): null

2018-11-21 14:21:19 - [TEST_STEP][PASSED] - Statement - driver.findElement(org.openqa.selenium.By.xpath("//*[@id='scs-form-level']/div/div/div/div/div/div/div[5]/div/field-template/div/div/div/div/div/div/input")).sendKeys(ENTER): null

2018-11-21 14:21:19 - [TEST_STEP][PASSED] - click: Object: 'Object Repository/FormTab/fillForm_SelectMultipleOption' is clicked on

2018-11-21 14:21:19 - [MESSAGE][PASSED] - Object: 'Object Repository/FormTab/fillForm_SelectMultipleOption' is clicked on

2018-11-21 14:21:19 - [TEST_STEP][PASSED] - Statement - java.lang.Thread.sleep(4000): null

2018-11-21 14:21:23 - [TEST_STEP][PASSED] - Statement - driver.findElement(org.openqa.selenium.By.xpath("//*[@id='scs-form-level']/div/div/div/div[2]/div/div/div[6]/div/field-template/div/div[2]/div/div/span[1]/span/input[1]")).sendKeys("9"): null

2018-11-21 14:21:24 - [TEST_STEP][PASSED] - setText: Text '10/18/2018' is set on object 'Object Repository/FormTab/fillForm_DateText'

2018-11-21 14:21:24 - [MESSAGE][PASSED] - Text '10/18/2018' is set on object 'Object Repository/FormTab/fillForm_DateText'

2018-11-21 14:21:24 - [TEST_STEP][PASSED] - setText: Text '9:00 AM' is set on object 'Object Repository/FormTab/fillForm_TimeText'

2018-11-21 14:21:24 - [MESSAGE][PASSED] - Text '9:00 AM' is set on object 'Object Repository/FormTab/fillForm_TimeText'

2018-11-21 14:21:24 - [TEST_STEP][PASSED] - setText: Text '10/18/2018 9:00 AM' is set on object 'Object Repository/FormTab/fillForm_DateTimeText'

2018-11-21 14:21:24 - [MESSAGE][PASSED] - Text '10/18/2018 9:00 AM' is set on object 'Object Repository/FormTab/fillForm_DateTimeText'

2018-11-21 14:21:24 - [TEST_STEP][PASSED] - click: Object: 'Object Repository/FormTab/fillForm_SubmitButton' is clicked on

2018-11-21 14:21:24 - [MESSAGE][PASSED] - Object: 'Object Repository/FormTab/fillForm_SubmitButton' is clicked on

2018-11-21 14:21:24 - [TEST_STEP][PASSED] - Statement - java.lang.Thread.sleep(2000): null

2018-11-21 14:21:26 - [TEST_STEP][PASSED] - click: Object: 'Object Repository/FormTab/fillForm_SubmissionOkButton' is clicked on

2018-11-21 14:21:32 - [MESSAGE][PASSED] - Object: 'Object Repository/FormTab/fillForm_SubmissionOkButton' is clicked on

2018-11-21 14:21:32 - [TEST_STEP][PASSED] - Statement - java.lang.Thread.sleep(4000): null]]></system-out>
         <system-err><![CDATA[]]></system-err>
      </testcase>
      <testcase name="Test Cases/Forms/QuestionaitreForm/3_VerifyingDocument" classname="Test Cases/Forms/QuestionaitreForm/3_VerifyingDocument" status="PASSED">
         <system-out><![CDATA[2018-11-21 14:21:36 - [TEST_CASE][PASSED] - Test Cases/Forms/QuestionaitreForm/3_VerifyingDocument: Test Cases/Forms/QuestionaitreForm/3_VerifyingDocument

2018-11-21 14:21:36 - [TEST_STEP][NOT_RUN] - openBrowser: NOT_RUN: openBrowser

2018-11-21 14:21:36 - [MESSAGE][NOT_RUN] - NOT_RUN: openBrowser

2018-11-21 14:21:36 - [TEST_STEP][NOT_RUN] - setText: NOT_RUN: setText

2018-11-21 14:21:36 - [MESSAGE][NOT_RUN] - NOT_RUN: setText

2018-11-21 14:21:36 - [TEST_STEP][NOT_RUN] - setText: NOT_RUN: setText

2018-11-21 14:21:36 - [MESSAGE][NOT_RUN] - NOT_RUN: setText

2018-11-21 14:21:36 - [TEST_STEP][NOT_RUN] - click: NOT_RUN: click

2018-11-21 14:21:36 - [MESSAGE][NOT_RUN] - NOT_RUN: click

2018-11-21 14:21:36 - [TEST_STEP][PASSED] - Statement - java.lang.Thread.sleep(8000): null

2018-11-21 14:21:44 - [TEST_STEP][PASSED] - click: Object: 'Object Repository/DocumentTab/documentTab' is clicked on

2018-11-21 14:21:44 - [MESSAGE][PASSED] - Object: 'Object Repository/DocumentTab/documentTab' is clicked on

2018-11-21 14:21:44 - [TEST_STEP][PASSED] - Statement - java.lang.Thread.sleep(7000): null

2018-11-21 14:21:51 - [TEST_STEP][PASSED] - FormName.documentFormName: FormName.documentFormName is PASSED

2018-11-21 14:21:51 - [MESSAGE][PASSED] - FormName.documentFormName is PASSED

2018-11-21 14:21:51 - [TEST_STEP][PASSED] - Statement - java.lang.Thread.sleep(4000): null]]></system-out>
         <system-err><![CDATA[]]></system-err>
      </testcase>
      <testcase name="Test Cases/Forms/QuestionaitreForm/4_VerifyingDMS" classname="Test Cases/Forms/QuestionaitreForm/4_VerifyingDMS" status="PASSED">
         <system-out><![CDATA[2018-11-21 14:21:55 - [TEST_CASE][PASSED] - Test Cases/Forms/QuestionaitreForm/4_VerifyingDMS: Test Cases/Forms/QuestionaitreForm/4_VerifyingDMS

2018-11-21 14:21:55 - [TEST_STEP][NOT_RUN] - openBrowser: NOT_RUN: openBrowser

2018-11-21 14:21:55 - [MESSAGE][NOT_RUN] - NOT_RUN: openBrowser

2018-11-21 14:21:55 - [TEST_STEP][NOT_RUN] - setText: NOT_RUN: setText

2018-11-21 14:21:55 - [MESSAGE][NOT_RUN] - NOT_RUN: setText

2018-11-21 14:21:55 - [TEST_STEP][NOT_RUN] - setText: NOT_RUN: setText

2018-11-21 14:21:55 - [MESSAGE][NOT_RUN] - NOT_RUN: setText

2018-11-21 14:21:55 - [TEST_STEP][NOT_RUN] - click: NOT_RUN: click

2018-11-21 14:21:55 - [MESSAGE][NOT_RUN] - NOT_RUN: click

2018-11-21 14:21:55 - [TEST_STEP][PASSED] - Statement - java.lang.Thread.sleep(4000): null

2018-11-21 14:21:59 - [TEST_STEP][PASSED] - click: Object: 'Object Repository/DMS_Forms/mainmenu_button' is clicked on

2018-11-21 14:22:00 - [MESSAGE][PASSED] - Object: 'Object Repository/DMS_Forms/mainmenu_button' is clicked on

2018-11-21 14:22:00 - [TEST_STEP][PASSED] - click: Object: 'Object Repository/DMS_Forms/mainmenu_Document' is clicked on

2018-11-21 14:22:00 - [MESSAGE][PASSED] - Object: 'Object Repository/DMS_Forms/mainmenu_Document' is clicked on

2018-11-21 14:22:00 - [TEST_STEP][PASSED] - Statement - java.lang.Thread.sleep(4000): null

2018-11-21 14:22:04 - [TEST_STEP][PASSED] - FormName.findinDMS: FormName.findinDMS is PASSED

2018-11-21 14:22:04 - [MESSAGE][PASSED] - FormName.findinDMS is PASSED

2018-11-21 14:22:04 - [TEST_STEP][PASSED] - Statement - java.lang.Thread.sleep(4000): null

2018-11-21 14:22:08 - [TEST_STEP][PASSED] - doubleClick: Object: 'Object Repository/DMS_Forms/openDocument' is double clicked on

2018-11-21 14:22:08 - [MESSAGE][PASSED] - Object: 'Object Repository/DMS_Forms/openDocument' is double clicked on

2018-11-21 14:22:08 - [TEST_STEP][PASSED] - Statement - java.lang.Thread.sleep(4000): null]]></system-out>
         <system-err><![CDATA[]]></system-err>
      </testcase>
      <system-out><![CDATA[2018-11-21 14:17:37 - [TEST_SUITE][PASSED] - Questionaire_Form: Test Cases/Forms/QuestionaitreForm/4_VerifyingDMS]]></system-out>
      <system-err><![CDATA[]]></system-err>
   </testsuite>
</testsuites>
