<?xml version="1.0" encoding="UTF-8"?>
<testsuites name="DPT" time="471" tests="3" failures="0" errors="0">
   <testsuite name="DPT" tests="3" failures="0" errors="0" time="471" timestamp="2019-02-18 11:18:53" hostname="pashine_a - Abhishek-Pashine.India.XoriantCorp.com" id="Test Suites/DPT">
      <properties>
         <property name="deviceName" value=""/>
         <property name="devicePlatform" value=""/>
         <property name="logFolder" value="D:\\Git Data\\SafetyChain-Test-Automation-Katalon\\Reports\\DPT\\20190218_111851"/>
         <property name="logFiles" value="D:\\Git Data\\SafetyChain-Test-Automation-Katalon\\Reports\\DPT\\20190218_111851\\execution0.log"/>
         <property name="attachments" value=""/>
         <property name="hostName" value="pashine_a - Abhishek-Pashine.India.XoriantCorp.com"/>
         <property name="os" value="Windows 7 64bit"/>
         <property name="katalonVersion" value="5.10.1.1"/>
         <property name="browser" value="Chrome 71.0.3578.98"/>
         <property name="hostAddress" value="10.21.7.147"/>
         <property name="sessionId" value="8774d74d2a6b0e186630d1aa1df18fa2"/>
         <property name="seleniumVersion" value="3.7.1"/>
         <property name="proxyInformation" value="ProxyInformation{proxyOption=NO_PROXY, proxyServerType=HTTP, password=, proxyServerAddress=, proxyServerPort=0}"/>
         <property name="platform" value="Windows 7"/>
      </properties>
      <testcase name="Test Cases/DPT/1_CreateForm" classname="Test Cases/DPT/1_CreateForm" status="PASSED">
         <system-out><![CDATA[2019-02-18 11:18:54 - [TEST_CASE][PASSED] - Test Cases/DPT/1_CreateForm: Test Cases/DPT/1_CreateForm

2019-02-18 11:18:55 - [TEST_STEP][PASSED] - openBrowser(URL): Browser is opened with url: 'https://test2.stage.safetychain.com'

2019-02-18 11:18:55 - [MESSAGE][INFO] - Starting 'Chrome' driver

2019-02-18 11:18:55 - [MESSAGE][INFO] - Action delay is set to 0 seconds

2019-02-18 11:19:50 - [MESSAGE][PASSED] - Browser is opened with url: 'https://test2.stage.safetychain.com'

2019-02-18 11:19:50 - [TEST_STEP][PASSED] - maximizeWindow(): Current window maximized

2019-02-18 11:19:51 - [MESSAGE][PASSED] - Current window maximized

2019-02-18 11:19:51 - [TEST_STEP][PASSED] - setText(findTestObject("Form_Selection_Creation/login_Username"), UserName): Text 'tester' is set on object 'Object Repository/Form_Selection_Creation/login_Username'

2019-02-18 11:19:56 - [MESSAGE][PASSED] - Text 'tester' is set on object 'Object Repository/Form_Selection_Creation/login_Username'

2019-02-18 11:19:56 - [TEST_STEP][PASSED] - setText(findTestObject("Form_Selection_Creation/login_Password"), Password): Text 'TestSt@ge' is set on object 'Object Repository/Form_Selection_Creation/login_Password'

2019-02-18 11:19:56 - [MESSAGE][PASSED] - Text 'TestSt@ge' is set on object 'Object Repository/Form_Selection_Creation/login_Password'

2019-02-18 11:19:56 - [TEST_STEP][PASSED] - FormName.setData(): FormName.setData is PASSED

2019-02-18 11:19:57 - [MESSAGE][PASSED] - FormName.setData is PASSED

2019-02-18 11:19:57 - [TEST_STEP][PASSED] - click(findTestObject("Form_Selection_Creation/login_Button")): Object: 'Object Repository/Form_Selection_Creation/login_Button' is clicked on

2019-02-18 11:20:00 - [MESSAGE][PASSED] - Object: 'Object Repository/Form_Selection_Creation/login_Button' is clicked on

2019-02-18 11:20:00 - [TEST_STEP][PASSED] - Thread.sleep(3000): null

2019-02-18 11:20:03 - [TEST_STEP][PASSED] - AdminTool_Location.moveCursor(): AdminTool_Location.moveCursor is PASSED

2019-02-18 11:20:03 - [MESSAGE][PASSED] - AdminTool_Location.moveCursor is PASSED

2019-02-18 11:20:03 - [TEST_STEP][PASSED] - Thread.sleep(2000): null

2019-02-18 11:20:05 - [TEST_STEP][PASSED] - click(findTestObject("Form_Selection_Creation/mainMenu_Button")): Object: 'Object Repository/Form_Selection_Creation/mainMenu_Button' is clicked on

2019-02-18 11:20:05 - [MESSAGE][PASSED] - Object: 'Object Repository/Form_Selection_Creation/mainMenu_Button' is clicked on

2019-02-18 11:20:05 - [TEST_STEP][PASSED] - click(findTestObject("Form_Selection_Creation/mainMenu_AdminTools")): Object: 'Object Repository/Form_Selection_Creation/mainMenu_AdminTools' is clicked on

2019-02-18 11:20:05 - [MESSAGE][PASSED] - Object: 'Object Repository/Form_Selection_Creation/mainMenu_AdminTools' is clicked on

2019-02-18 11:20:05 - [TEST_STEP][PASSED] - waitForElementVisible(findTestObject("Form_Selection_Creation/mainMenu_AdminTools_FormDesigner"), 45): Object 'Object Repository/Form_Selection_Creation/mainMenu_AdminTools_FormDesigner' is visible

2019-02-18 11:20:05 - [MESSAGE][PASSED] - Object 'Object Repository/Form_Selection_Creation/mainMenu_AdminTools_FormDesigner' is visible

2019-02-18 11:20:05 - [TEST_STEP][PASSED] - click(findTestObject("Form_Selection_Creation/mainMenu_AdminTools_FormDesigner")): Object: 'Object Repository/Form_Selection_Creation/mainMenu_AdminTools_FormDesigner' is clicked on

2019-02-18 11:20:05 - [MESSAGE][PASSED] - Object: 'Object Repository/Form_Selection_Creation/mainMenu_AdminTools_FormDesigner' is clicked on

2019-02-18 11:20:05 - [TEST_STEP][PASSED] - click(findTestObject("Form_Selection_Creation/selectCheckForm")): Object: 'Object Repository/Form_Selection_Creation/selectCheckForm' is clicked on

2019-02-18 11:20:05 - [MESSAGE][PASSED] - Object: 'Object Repository/Form_Selection_Creation/selectCheckForm' is clicked on

2019-02-18 11:20:05 - [TEST_STEP][PASSED] - Thread.sleep(3000): null

2019-02-18 11:20:08 - [TEST_STEP][PASSED] - dragAndDropToObject(findTestObject("Form_Selection_Creation/formDesign_selectResource"), findTestObject("Form_Selection_Creation/Target_Res_Object")): Dragged object with id 'Object Repository/Form_Selection_Creation/formDesign_selectResource' to object with id 'TestObject - 'Object Repository/Form_Selection_Creation/Target_Res_Object'' successfully

2019-02-18 11:20:09 - [MESSAGE][PASSED] - Dragged object with id 'Object Repository/Form_Selection_Creation/formDesign_selectResource' to object with id 'TestObject - 'Object Repository/Form_Selection_Creation/Target_Res_Object'' successfully

2019-02-18 11:20:09 - [TEST_STEP][PASSED] - waitForElementClickable(findTestObject("Form_Selection_Creation/select1Res"), 45): Object 'Object Repository/Form_Selection_Creation/select1Res' is clickable

2019-02-18 11:20:09 - [MESSAGE][PASSED] - Object 'Object Repository/Form_Selection_Creation/select1Res' is clickable

2019-02-18 11:20:09 - [TEST_STEP][PASSED] - dragAndDropToObject(findTestObject("Form_Selection_Creation/select1Res"), findTestObject("Form_Selection_Creation/Target_Res_Object")): Dragged object with id 'Object Repository/Form_Selection_Creation/select1Res' to object with id 'TestObject - 'Object Repository/Form_Selection_Creation/Target_Res_Object'' successfully

2019-02-18 11:20:10 - [MESSAGE][PASSED] - Dragged object with id 'Object Repository/Form_Selection_Creation/select1Res' to object with id 'TestObject - 'Object Repository/Form_Selection_Creation/Target_Res_Object'' successfully

2019-02-18 11:20:10 - [TEST_STEP][PASSED] - waitForElementClickable(findTestObject("Form_Selection_Creation/select2Res"), 45): Object 'Object Repository/Form_Selection_Creation/select2Res' is clickable

2019-02-18 11:20:10 - [MESSAGE][PASSED] - Object 'Object Repository/Form_Selection_Creation/select2Res' is clickable

2019-02-18 11:20:10 - [TEST_STEP][PASSED] - dragAndDropToObject(findTestObject("Form_Selection_Creation/select2Res"), findTestObject("Form_Selection_Creation/Target_Res_Object")): Dragged object with id 'Object Repository/Form_Selection_Creation/select2Res' to object with id 'TestObject - 'Object Repository/Form_Selection_Creation/Target_Res_Object'' successfully

2019-02-18 11:20:11 - [MESSAGE][PASSED] - Dragged object with id 'Object Repository/Form_Selection_Creation/select2Res' to object with id 'TestObject - 'Object Repository/Form_Selection_Creation/Target_Res_Object'' successfully

2019-02-18 11:20:11 - [TEST_STEP][PASSED] - Thread.sleep(6000): null

2019-02-18 11:20:17 - [TEST_STEP][PASSED] - click(findTestObject("Form_Selection_Creation/formCreation_NextToDesignForm")): Object: 'Object Repository/Form_Selection_Creation/formCreation_NextToDesignForm' is clicked on

2019-02-18 11:20:17 - [MESSAGE][PASSED] - Object: 'Object Repository/Form_Selection_Creation/formCreation_NextToDesignForm' is clicked on

2019-02-18 11:20:17 - [TEST_STEP][PASSED] - Thread.sleep(4000): null

2019-02-18 11:20:21 - [TEST_STEP][PASSED] - FormName.createForm(findTestObject("Form_Selection_Creation/formDesign_FormName")): FormName.createForm is PASSED

2019-02-18 11:20:22 - [MESSAGE][PASSED] - FormName.createForm is PASSED

2019-02-18 11:20:22 - [TEST_STEP][PASSED] - Thread.sleep(2000): null

2019-02-18 11:20:24 - [TEST_STEP][PASSED] - dragAndDropToObject(findTestObject("Form_Selection_Creation/formDesign_SelectNumeric"), findTestObject("Form_Selection_Creation/default_area")): Dragged object with id 'Object Repository/Form_Selection_Creation/formDesign_SelectNumeric' to object with id 'TestObject - 'Object Repository/Form_Selection_Creation/default_area'' successfully

2019-02-18 11:20:24 - [MESSAGE][PASSED] - Dragged object with id 'Object Repository/Form_Selection_Creation/formDesign_SelectNumeric' to object with id 'TestObject - 'Object Repository/Form_Selection_Creation/default_area'' successfully

2019-02-18 11:20:24 - [TEST_STEP][PASSED] - Thread.sleep(4000): null

2019-02-18 11:20:28 - [TEST_STEP][PASSED] - setText(findTestObject("Form_Selection_Creation/formDesign_NumericName"), "This is Numeric Field."): Text 'This is Numeric Field.' is set on object 'Object Repository/Form_Selection_Creation/formDesign_NumericName'

2019-02-18 11:20:29 - [MESSAGE][PASSED] - Text 'This is Numeric Field.' is set on object 'Object Repository/Form_Selection_Creation/formDesign_NumericName'

2019-02-18 11:20:29 - [TEST_STEP][PASSED] - Thread.sleep(4000): null

2019-02-18 11:20:33 - [TEST_STEP][PASSED] - dragAndDropToObject(findTestObject("Form_Selection_Creation/formDesign_SelectSection"), findTestObject("Form_Selection_Creation/default_area")): Dragged object with id 'Object Repository/Form_Selection_Creation/formDesign_SelectSection' to object with id 'TestObject - 'Object Repository/Form_Selection_Creation/default_area'' successfully

2019-02-18 11:20:34 - [MESSAGE][PASSED] - Dragged object with id 'Object Repository/Form_Selection_Creation/formDesign_SelectSection' to object with id 'TestObject - 'Object Repository/Form_Selection_Creation/default_area'' successfully

2019-02-18 11:20:34 - [TEST_STEP][PASSED] - setText(findTestObject("Form_Selection_Creation/formDesign_SectionName"), "This is Section 1"): Text 'This is Section 1' is set on object 'Object Repository/Form_Selection_Creation/formDesign_SectionName'

2019-02-18 11:20:34 - [MESSAGE][PASSED] - Text 'This is Section 1' is set on object 'Object Repository/Form_Selection_Creation/formDesign_SectionName'

2019-02-18 11:20:34 - [TEST_STEP][PASSED] - Thread.sleep(2000): null

2019-02-18 11:20:36 - [TEST_STEP][PASSED] - dragAndDropToObject(findTestObject("Form_Selection_Creation/formDesign_SelectFieldgroup"), findTestObject("Form_Selection_Creation/section_area")): Dragged object with id 'Object Repository/Form_Selection_Creation/formDesign_SelectFieldgroup' to object with id 'TestObject - 'Object Repository/Form_Selection_Creation/section_area'' successfully

2019-02-18 11:20:37 - [MESSAGE][PASSED] - Dragged object with id 'Object Repository/Form_Selection_Creation/formDesign_SelectFieldgroup' to object with id 'TestObject - 'Object Repository/Form_Selection_Creation/section_area'' successfully

2019-02-18 11:20:37 - [TEST_STEP][PASSED] - setText(findTestObject("Form_Selection_Creation/formDesign_FieldGroupName"), "This is Field Group"): Text 'This is Field Group' is set on object 'Object Repository/Form_Selection_Creation/formDesign_FieldGroupName'

2019-02-18 11:20:37 - [MESSAGE][PASSED] - Text 'This is Field Group' is set on object 'Object Repository/Form_Selection_Creation/formDesign_FieldGroupName'

2019-02-18 11:20:37 - [TEST_STEP][PASSED] - Thread.sleep(2000): null

2019-02-18 11:20:39 - [TEST_STEP][PASSED] - dragAndDropToObject(findTestObject("Form_Selection_Creation/formDesign_SelectFree Text"), findTestObject("Form_Selection_Creation/group_area")): Dragged object with id 'Object Repository/Form_Selection_Creation/formDesign_SelectFree Text' to object with id 'TestObject - 'Object Repository/Form_Selection_Creation/group_area'' successfully

2019-02-18 11:20:40 - [MESSAGE][PASSED] - Dragged object with id 'Object Repository/Form_Selection_Creation/formDesign_SelectFree Text' to object with id 'TestObject - 'Object Repository/Form_Selection_Creation/group_area'' successfully

2019-02-18 11:20:40 - [TEST_STEP][PASSED] - setText(findTestObject("Form_Selection_Creation/formDesign_FreetextName"), "This is Free Text"): Text 'This is Free Text' is set on object 'Object Repository/Form_Selection_Creation/formDesign_FreetextName'

2019-02-18 11:20:41 - [MESSAGE][PASSED] - Text 'This is Free Text' is set on object 'Object Repository/Form_Selection_Creation/formDesign_FreetextName'

2019-02-18 11:20:41 - [TEST_STEP][PASSED] - Thread.sleep(2000): null

2019-02-18 11:20:43 - [TEST_STEP][PASSED] - dragAndDropToObject(findTestObject("Form_Selection_Creation/formDesign_SelectParagraphText"), findTestObject("Form_Selection_Creation/group_area")): Dragged object with id 'Object Repository/Form_Selection_Creation/formDesign_SelectParagraphText' to object with id 'TestObject - 'Object Repository/Form_Selection_Creation/group_area'' successfully

2019-02-18 11:20:43 - [MESSAGE][PASSED] - Dragged object with id 'Object Repository/Form_Selection_Creation/formDesign_SelectParagraphText' to object with id 'TestObject - 'Object Repository/Form_Selection_Creation/group_area'' successfully

2019-02-18 11:20:43 - [TEST_STEP][PASSED] - setText(findTestObject("Form_Selection_Creation/formDesign_ParagraphName"), "This is Paragraph"): Text 'This is Paragraph' is set on object 'Object Repository/Form_Selection_Creation/formDesign_ParagraphName'

2019-02-18 11:20:44 - [MESSAGE][PASSED] - Text 'This is Paragraph' is set on object 'Object Repository/Form_Selection_Creation/formDesign_ParagraphName'

2019-02-18 11:20:44 - [TEST_STEP][PASSED] - Thread.sleep(2000): null

2019-02-18 11:20:46 - [TEST_STEP][PASSED] - dragAndDropToObject(findTestObject("Form_Selection_Creation/formDesign_Select_SelectOne"), findTestObject("Form_Selection_Creation/group_area")): Dragged object with id 'Object Repository/Form_Selection_Creation/formDesign_Select_SelectOne' to object with id 'TestObject - 'Object Repository/Form_Selection_Creation/group_area'' successfully

2019-02-18 11:20:47 - [MESSAGE][PASSED] - Dragged object with id 'Object Repository/Form_Selection_Creation/formDesign_Select_SelectOne' to object with id 'TestObject - 'Object Repository/Form_Selection_Creation/group_area'' successfully

2019-02-18 11:20:47 - [TEST_STEP][PASSED] - setText(findTestObject("Form_Selection_Creation/formDesign_Select_OneName"), "This is Select One"): Text 'This is Select One' is set on object 'Object Repository/Form_Selection_Creation/formDesign_Select_OneName'

2019-02-18 11:20:47 - [MESSAGE][PASSED] - Text 'This is Select One' is set on object 'Object Repository/Form_Selection_Creation/formDesign_Select_OneName'

2019-02-18 11:20:47 - [TEST_STEP][PASSED] - Thread.sleep(3000): null

2019-02-18 11:20:50 - [TEST_STEP][PASSED] - waitForElementClickable(findTestObject("Form_Selection_Creation/button_Add New"), 30): Object 'Object Repository/Form_Selection_Creation/button_Add New' is clickable

2019-02-18 11:20:50 - [MESSAGE][PASSED] - Object 'Object Repository/Form_Selection_Creation/button_Add New' is clickable

2019-02-18 11:20:50 - [TEST_STEP][PASSED] - click(findTestObject("Form_Selection_Creation/button_Add New")): Object: 'Object Repository/Form_Selection_Creation/button_Add New' is clicked on

2019-02-18 11:20:50 - [MESSAGE][PASSED] - Object: 'Object Repository/Form_Selection_Creation/button_Add New' is clicked on

2019-02-18 11:20:50 - [TEST_STEP][PASSED] - setText(findTestObject("Form_Selection_Creation/addSingleValue1"), "Select Option1"): Text 'Select Option1' is set on object 'Object Repository/Form_Selection_Creation/addSingleValue1'

2019-02-18 11:20:51 - [MESSAGE][PASSED] - Text 'Select Option1' is set on object 'Object Repository/Form_Selection_Creation/addSingleValue1'

2019-02-18 11:20:51 - [TEST_STEP][PASSED] - Thread.sleep(2000): null

2019-02-18 11:20:53 - [TEST_STEP][PASSED] - click(findTestObject("Form_Selection_Creation/button_Add New")): Object: 'Object Repository/Form_Selection_Creation/button_Add New' is clicked on

2019-02-18 11:20:53 - [MESSAGE][PASSED] - Object: 'Object Repository/Form_Selection_Creation/button_Add New' is clicked on

2019-02-18 11:20:53 - [TEST_STEP][PASSED] - setText(findTestObject("Form_Selection_Creation/addSingleValue2"), "Select Option2"): Text 'Select Option2' is set on object 'Object Repository/Form_Selection_Creation/addSingleValue2'

2019-02-18 11:20:53 - [MESSAGE][PASSED] - Text 'Select Option2' is set on object 'Object Repository/Form_Selection_Creation/addSingleValue2'

2019-02-18 11:20:53 - [TEST_STEP][PASSED] - Thread.sleep(2000): null

2019-02-18 11:20:55 - [TEST_STEP][PASSED] - dragAndDropToObject(findTestObject("Form_Selection_Creation/formDesign_Select_SelectMultiple"), findTestObject("Form_Selection_Creation/group_area")): Dragged object with id 'Object Repository/Form_Selection_Creation/formDesign_Select_SelectMultiple' to object with id 'TestObject - 'Object Repository/Form_Selection_Creation/group_area'' successfully

2019-02-18 11:20:56 - [MESSAGE][PASSED] - Dragged object with id 'Object Repository/Form_Selection_Creation/formDesign_Select_SelectMultiple' to object with id 'TestObject - 'Object Repository/Form_Selection_Creation/group_area'' successfully

2019-02-18 11:20:56 - [TEST_STEP][PASSED] - setText(findTestObject("Form_Selection_Creation/formDesign_Select_MultipleName"), "This is Select Multiple "): Text 'This is Select Multiple ' is set on object 'Object Repository/Form_Selection_Creation/formDesign_Select_MultipleName'

2019-02-18 11:20:56 - [MESSAGE][PASSED] - Text 'This is Select Multiple ' is set on object 'Object Repository/Form_Selection_Creation/formDesign_Select_MultipleName'

2019-02-18 11:20:56 - [TEST_STEP][PASSED] - Thread.sleep(3000): null

2019-02-18 11:20:59 - [TEST_STEP][PASSED] - click(findTestObject("Form_Selection_Creation/button_AddNewMul")): Object: 'Object Repository/Form_Selection_Creation/button_AddNewMul' is clicked on

2019-02-18 11:21:00 - [MESSAGE][PASSED] - Object: 'Object Repository/Form_Selection_Creation/button_AddNewMul' is clicked on

2019-02-18 11:21:00 - [TEST_STEP][PASSED] - setText(findTestObject("Form_Selection_Creation/addMultipleValue1"), "Multiple Option1"): Text 'Multiple Option1' is set on object 'Object Repository/Form_Selection_Creation/addMultipleValue1'

2019-02-18 11:21:00 - [MESSAGE][PASSED] - Text 'Multiple Option1' is set on object 'Object Repository/Form_Selection_Creation/addMultipleValue1'

2019-02-18 11:21:00 - [TEST_STEP][PASSED] - Thread.sleep(2000): null

2019-02-18 11:21:02 - [TEST_STEP][PASSED] - click(findTestObject("Form_Selection_Creation/button_AddNewMul")): Object: 'Object Repository/Form_Selection_Creation/button_AddNewMul' is clicked on

2019-02-18 11:21:02 - [MESSAGE][PASSED] - Object: 'Object Repository/Form_Selection_Creation/button_AddNewMul' is clicked on

2019-02-18 11:21:02 - [TEST_STEP][PASSED] - setText(findTestObject("Form_Selection_Creation/addMultipleValue2"), "Multiple Option2"): Text 'Multiple Option2' is set on object 'Object Repository/Form_Selection_Creation/addMultipleValue2'

2019-02-18 11:21:02 - [MESSAGE][PASSED] - Text 'Multiple Option2' is set on object 'Object Repository/Form_Selection_Creation/addMultipleValue2'

2019-02-18 11:21:02 - [TEST_STEP][PASSED] - Thread.sleep(2000): null

2019-02-18 11:21:04 - [TEST_STEP][PASSED] - dragAndDropToObject(findTestObject("Form_Selection_Creation/formDesign_SelectNumeric"), findTestObject("Form_Selection_Creation/group_area")): Dragged object with id 'Object Repository/Form_Selection_Creation/formDesign_SelectNumeric' to object with id 'TestObject - 'Object Repository/Form_Selection_Creation/group_area'' successfully

2019-02-18 11:21:05 - [MESSAGE][PASSED] - Dragged object with id 'Object Repository/Form_Selection_Creation/formDesign_SelectNumeric' to object with id 'TestObject - 'Object Repository/Form_Selection_Creation/group_area'' successfully

2019-02-18 11:21:05 - [TEST_STEP][PASSED] - Thread.sleep(2000): null

2019-02-18 11:21:07 - [TEST_STEP][PASSED] - setText(findTestObject("Form_Selection_Creation/formDesign_NumericName1"), "This is Numeric Field."): Text 'This is Numeric Field.' is set on object 'Object Repository/Form_Selection_Creation/formDesign_NumericName1'

2019-02-18 11:21:08 - [MESSAGE][PASSED] - Text 'This is Numeric Field.' is set on object 'Object Repository/Form_Selection_Creation/formDesign_NumericName1'

2019-02-18 11:21:08 - [TEST_STEP][PASSED] - Thread.sleep(2000): null

2019-02-18 11:21:10 - [TEST_STEP][PASSED] - dragAndDropToObject(findTestObject("Form_Selection_Creation/formDesign_SelectDate"), findTestObject("Form_Selection_Creation/group_area")): Dragged object with id 'Object Repository/Form_Selection_Creation/formDesign_SelectDate' to object with id 'TestObject - 'Object Repository/Form_Selection_Creation/group_area'' successfully

2019-02-18 11:21:11 - [MESSAGE][PASSED] - Dragged object with id 'Object Repository/Form_Selection_Creation/formDesign_SelectDate' to object with id 'TestObject - 'Object Repository/Form_Selection_Creation/group_area'' successfully

2019-02-18 11:21:11 - [TEST_STEP][PASSED] - setText(findTestObject("Form_Selection_Creation/formDesign_DateName"), "This is Date"): Text 'This is Date' is set on object 'Object Repository/Form_Selection_Creation/formDesign_DateName'

2019-02-18 11:21:11 - [MESSAGE][PASSED] - Text 'This is Date' is set on object 'Object Repository/Form_Selection_Creation/formDesign_DateName'

2019-02-18 11:21:11 - [TEST_STEP][PASSED] - Thread.sleep(2000): null

2019-02-18 11:21:13 - [TEST_STEP][PASSED] - dragAndDropToObject(findTestObject("Form_Selection_Creation/formDesign_SelectTime"), findTestObject("Form_Selection_Creation/group_area")): Dragged object with id 'Object Repository/Form_Selection_Creation/formDesign_SelectTime' to object with id 'TestObject - 'Object Repository/Form_Selection_Creation/group_area'' successfully

2019-02-18 11:21:14 - [MESSAGE][PASSED] - Dragged object with id 'Object Repository/Form_Selection_Creation/formDesign_SelectTime' to object with id 'TestObject - 'Object Repository/Form_Selection_Creation/group_area'' successfully

2019-02-18 11:21:14 - [TEST_STEP][PASSED] - setText(findTestObject("Form_Selection_Creation/formDesign_TimeName"), "This is Time"): Text 'This is Time' is set on object 'Object Repository/Form_Selection_Creation/formDesign_TimeName'

2019-02-18 11:21:14 - [MESSAGE][PASSED] - Text 'This is Time' is set on object 'Object Repository/Form_Selection_Creation/formDesign_TimeName'

2019-02-18 11:21:14 - [TEST_STEP][PASSED] - Thread.sleep(2000): null

2019-02-18 11:21:16 - [TEST_STEP][PASSED] - dragAndDropToObject(findTestObject("Form_Selection_Creation/formDesign_SelectDateTime"), findTestObject("Form_Selection_Creation/group_area")): Dragged object with id 'Object Repository/Form_Selection_Creation/formDesign_SelectDateTime' to object with id 'TestObject - 'Object Repository/Form_Selection_Creation/group_area'' successfully

2019-02-18 11:21:17 - [MESSAGE][PASSED] - Dragged object with id 'Object Repository/Form_Selection_Creation/formDesign_SelectDateTime' to object with id 'TestObject - 'Object Repository/Form_Selection_Creation/group_area'' successfully

2019-02-18 11:21:17 - [TEST_STEP][PASSED] - setText(findTestObject("Form_Selection_Creation/formDesign_DateTimeName"), "This is Date-Time"): Text 'This is Date-Time' is set on object 'Object Repository/Form_Selection_Creation/formDesign_DateTimeName'

2019-02-18 11:21:18 - [MESSAGE][PASSED] - Text 'This is Date-Time' is set on object 'Object Repository/Form_Selection_Creation/formDesign_DateTimeName'

2019-02-18 11:21:18 - [TEST_STEP][PASSED] - Thread.sleep(4000): null

2019-02-18 11:21:22 - [TEST_STEP][PASSED] - dragAndDropToObject(findTestObject("Form_Selection_Creation/formDesign_SelectNumeric"), findTestObject("Form_Selection_Creation/section_area")): Dragged object with id 'Object Repository/Form_Selection_Creation/formDesign_SelectNumeric' to object with id 'TestObject - 'Object Repository/Form_Selection_Creation/section_area'' successfully

2019-02-18 11:21:22 - [MESSAGE][PASSED] - Dragged object with id 'Object Repository/Form_Selection_Creation/formDesign_SelectNumeric' to object with id 'TestObject - 'Object Repository/Form_Selection_Creation/section_area'' successfully

2019-02-18 11:21:22 - [TEST_STEP][PASSED] - Thread.sleep(2000): null

2019-02-18 11:21:24 - [TEST_STEP][PASSED] - setText(findTestObject("Form_Selection_Creation/formDesign_NumericName2"), "This is Numeric Field."): Text 'This is Numeric Field.' is set on object 'Object Repository/Form_Selection_Creation/formDesign_NumericName2'

2019-02-18 11:21:25 - [MESSAGE][PASSED] - Text 'This is Numeric Field.' is set on object 'Object Repository/Form_Selection_Creation/formDesign_NumericName2'

2019-02-18 11:21:25 - [TEST_STEP][PASSED] - Thread.sleep(4000): null

2019-02-18 11:21:29 - [TEST_STEP][PASSED] - click(findTestObject("Form_Selection_Creation/goToSection")): Object: 'Object Repository/Form_Selection_Creation/goToSection' is clicked on

2019-02-18 11:21:29 - [MESSAGE][PASSED] - Object: 'Object Repository/Form_Selection_Creation/goToSection' is clicked on

2019-02-18 11:21:29 - [TEST_STEP][PASSED] - Thread.sleep(2000): null

2019-02-18 11:21:31 - [TEST_STEP][PASSED] - click(findTestObject("Form_Selection_Creation/copySection")): Object: 'Object Repository/Form_Selection_Creation/copySection' is clicked on

2019-02-18 11:21:31 - [MESSAGE][PASSED] - Object: 'Object Repository/Form_Selection_Creation/copySection' is clicked on

2019-02-18 11:21:31 - [TEST_STEP][PASSED] - Thread.sleep(4000): null

2019-02-18 11:21:35 - [TEST_STEP][PASSED] - setText(findTestObject("Form_Selection_Creation/renameSection"), "This is Section 2"): Text 'This is Section 2' is set on object 'Object Repository/Form_Selection_Creation/renameSection'

2019-02-18 11:21:36 - [MESSAGE][PASSED] - Text 'This is Section 2' is set on object 'Object Repository/Form_Selection_Creation/renameSection'

2019-02-18 11:21:36 - [TEST_STEP][PASSED] - Thread.sleep(2000): null

2019-02-18 11:21:38 - [TEST_STEP][PASSED] - click(findTestObject("Form_Selection_Creation/formCreation_NextToDesignForm")): Object: 'Object Repository/Form_Selection_Creation/formCreation_NextToDesignForm' is clicked on

2019-02-18 11:21:38 - [MESSAGE][PASSED] - Object: 'Object Repository/Form_Selection_Creation/formCreation_NextToDesignForm' is clicked on

2019-02-18 11:21:38 - [TEST_STEP][PASSED] - Thread.sleep(7000): null

2019-02-18 11:21:45 - [TEST_STEP][PASSED] - click(findTestObject("Form_Selection_Creation/div_Preview             Form1")): Object: 'Object Repository/Form_Selection_Creation/div_Preview             Form1' is clicked on

2019-02-18 11:21:45 - [MESSAGE][PASSED] - Object: 'Object Repository/Form_Selection_Creation/div_Preview             Form1' is clicked on

2019-02-18 11:21:45 - [TEST_STEP][PASSED] - waitForElementClickable(findTestObject("Form_Selection_Creation/button_Release"), 30): Object 'Object Repository/Form_Selection_Creation/button_Release' is clickable

2019-02-18 11:21:45 - [MESSAGE][PASSED] - Object 'Object Repository/Form_Selection_Creation/button_Release' is clickable

2019-02-18 11:21:45 - [TEST_STEP][PASSED] - Thread.sleep(3000): null

2019-02-18 11:21:48 - [TEST_STEP][PASSED] - click(findTestObject("Form_Selection_Creation/button_Release")): Object: 'Object Repository/Form_Selection_Creation/button_Release' is clicked on

2019-02-18 11:21:48 - [MESSAGE][PASSED] - Object: 'Object Repository/Form_Selection_Creation/button_Release' is clicked on

2019-02-18 11:21:48 - [TEST_STEP][PASSED] - Thread.sleep(4000): null

2019-02-18 11:21:52 - [TEST_STEP][PASSED] - click(findTestObject("Form_Selection_Creation/home")): Object: 'Object Repository/Form_Selection_Creation/home' is clicked on

2019-02-18 11:21:52 - [MESSAGE][PASSED] - Object: 'Object Repository/Form_Selection_Creation/home' is clicked on]]></system-out>
         <system-err><![CDATA[]]></system-err>
      </testcase>
      <testcase name="Test Cases/DPT/FormCompliance" classname="Test Cases/DPT/FormCompliance" status="PASSED">
         <system-out><![CDATA[2019-02-18 11:21:52 - [TEST_CASE][PASSED] - Test Cases/DPT/FormCompliance: Test Cases/DPT/FormCompliance

2019-02-18 11:21:53 - [TEST_STEP][NOT_RUN] - click(findTestObject("Form_Selection_Creation/mainMenu_Button")): NOT_RUN: click(findTestObject("Form_Selection_Creation/mainMenu_Button"))

2019-02-18 11:21:53 - [MESSAGE][NOT_RUN] - NOT_RUN: click(findTestObject("Form_Selection_Creation/mainMenu_Button"))

2019-02-18 11:21:53 - [TEST_STEP][NOT_RUN] - openBrowser(URL): NOT_RUN: openBrowser(URL)

2019-02-18 11:21:53 - [MESSAGE][NOT_RUN] - NOT_RUN: openBrowser(URL)

2019-02-18 11:21:53 - [TEST_STEP][NOT_RUN] - maximizeWindow(): NOT_RUN: maximizeWindow()

2019-02-18 11:21:53 - [MESSAGE][NOT_RUN] - NOT_RUN: maximizeWindow()

2019-02-18 11:21:53 - [TEST_STEP][NOT_RUN] - setText(findTestObject("Form_Selection_Creation/login_Username"), UserName): NOT_RUN: setText(findTestObject("Form_Selection_Creation/login_Username"), UserName)

2019-02-18 11:21:53 - [MESSAGE][NOT_RUN] - NOT_RUN: setText(findTestObject("Form_Selection_Creation/login_Username"), UserName)

2019-02-18 11:21:53 - [TEST_STEP][NOT_RUN] - setText(findTestObject("Form_Selection_Creation/login_Password"), Password): NOT_RUN: setText(findTestObject("Form_Selection_Creation/login_Password"), Password)

2019-02-18 11:21:53 - [MESSAGE][NOT_RUN] - NOT_RUN: setText(findTestObject("Form_Selection_Creation/login_Password"), Password)

2019-02-18 11:21:53 - [TEST_STEP][NOT_RUN] - click(findTestObject("Form_Selection_Creation/login_Button")): NOT_RUN: click(findTestObject("Form_Selection_Creation/login_Button"))

2019-02-18 11:21:53 - [MESSAGE][NOT_RUN] - NOT_RUN: click(findTestObject("Form_Selection_Creation/login_Button"))

2019-02-18 11:21:53 - [TEST_STEP][PASSED] - Thread.sleep(3000): null

2019-02-18 11:21:56 - [TEST_STEP][PASSED] - AdminTool_Location.moveCursor(): AdminTool_Location.moveCursor is PASSED

2019-02-18 11:21:56 - [MESSAGE][PASSED] - AdminTool_Location.moveCursor is PASSED

2019-02-18 11:21:56 - [TEST_STEP][PASSED] - Thread.sleep(2000): null

2019-02-18 11:21:58 - [TEST_STEP][PASSED] - click(findTestObject("Form_Selection_Creation/mainMenu_Button")): Object: 'Object Repository/Form_Selection_Creation/mainMenu_Button' is clicked on

2019-02-18 11:21:58 - [MESSAGE][PASSED] - Object: 'Object Repository/Form_Selection_Creation/mainMenu_Button' is clicked on

2019-02-18 11:21:58 - [TEST_STEP][NOT_RUN] - click(findTestObject("Form_Selection_Creation/mainMenu_AdminTools")): NOT_RUN: click(findTestObject("Form_Selection_Creation/mainMenu_AdminTools"))

2019-02-18 11:21:58 - [MESSAGE][NOT_RUN] - NOT_RUN: click(findTestObject("Form_Selection_Creation/mainMenu_AdminTools"))

2019-02-18 11:21:58 - [TEST_STEP][PASSED] - click(findTestObject("DPT/import-export")): Object: 'Object Repository/DPT/import-export' is clicked on

2019-02-18 11:21:58 - [MESSAGE][PASSED] - Object: 'Object Repository/DPT/import-export' is clicked on

2019-02-18 11:21:58 - [TEST_STEP][PASSED] - waitForElementClickable(findTestObject("DPT/exportTab"), 45): Object 'Object Repository/DPT/exportTab' is clickable

2019-02-18 11:21:58 - [MESSAGE][PASSED] - Object 'Object Repository/DPT/exportTab' is clickable

2019-02-18 11:21:58 - [TEST_STEP][PASSED] - Thread.sleep(4000): null

2019-02-18 11:22:02 - [TEST_STEP][PASSED] - click(findTestObject("DPT/exportTab")): Object: 'Object Repository/DPT/exportTab' is clicked on

2019-02-18 11:22:02 - [MESSAGE][PASSED] - Object: 'Object Repository/DPT/exportTab' is clicked on

2019-02-18 11:22:02 - [TEST_STEP][PASSED] - waitForElementClickable(findTestObject("DPT/extractData"), 20): Object 'Object Repository/DPT/extractData' is clickable

2019-02-18 11:22:02 - [MESSAGE][PASSED] - Object 'Object Repository/DPT/extractData' is clickable

2019-02-18 11:22:02 - [TEST_STEP][PASSED] - Thread.sleep(4000): null

2019-02-18 11:22:06 - [TEST_STEP][PASSED] - click(findTestObject("DPT/extractData")): Object: 'Object Repository/DPT/extractData' is clicked on

2019-02-18 11:22:07 - [MESSAGE][PASSED] - Object: 'Object Repository/DPT/extractData' is clicked on

2019-02-18 11:22:07 - [TEST_STEP][PASSED] - waitForElementClickable(findTestObject("DPT/selectForm"), 45): Object 'Object Repository/DPT/selectForm' is clickable

2019-02-18 11:22:08 - [MESSAGE][PASSED] - Object 'Object Repository/DPT/selectForm' is clickable

2019-02-18 11:22:08 - [TEST_STEP][PASSED] - Thread.sleep(2000): null

2019-02-18 11:22:10 - [TEST_STEP][PASSED] - click(findTestObject("DPT/option")): Object: 'Object Repository/DPT/option' is clicked on

2019-02-18 11:22:10 - [MESSAGE][PASSED] - Object: 'Object Repository/DPT/option' is clicked on

2019-02-18 11:22:10 - [TEST_STEP][PASSED] - Thread.sleep(2000): null

2019-02-18 11:22:12 - [TEST_STEP][PASSED] - mouseOver(findTestObject("FormTab/filterOption")): Object: 'Object Repository/FormTab/filterOption' is hovered

2019-02-18 11:22:12 - [MESSAGE][PASSED] - Object: 'Object Repository/FormTab/filterOption' is hovered

2019-02-18 11:22:12 - [TEST_STEP][PASSED] - Thread.sleep(2000): null

2019-02-18 11:22:14 - [TEST_STEP][PASSED] - AdminTool_Location.moveCursor(): AdminTool_Location.moveCursor is PASSED

2019-02-18 11:22:14 - [MESSAGE][PASSED] - AdminTool_Location.moveCursor is PASSED

2019-02-18 11:22:14 - [TEST_STEP][PASSED] - Thread.sleep(2000): null

2019-02-18 11:22:16 - [TEST_STEP][PASSED] - FormName.filterFormName(): FormName.filterFormName is PASSED

2019-02-18 11:22:18 - [MESSAGE][PASSED] - FormName.filterFormName is PASSED

2019-02-18 11:22:18 - [TEST_STEP][PASSED] - Thread.sleep(2000): null

2019-02-18 11:22:21 - [TEST_STEP][PASSED] - click(findTestObject("FormTab/filterButton")): Object: 'Object Repository/FormTab/filterButton' is clicked on

2019-02-18 11:22:21 - [MESSAGE][PASSED] - Object: 'Object Repository/FormTab/filterButton' is clicked on

2019-02-18 11:22:21 - [TEST_STEP][PASSED] - Thread.sleep(4000): null

2019-02-18 11:22:25 - [TEST_STEP][PASSED] - waitForElementClickable(findTestObject("DPT/selectForm"), 45): Object 'Object Repository/DPT/selectForm' is clickable

2019-02-18 11:22:25 - [MESSAGE][PASSED] - Object 'Object Repository/DPT/selectForm' is clickable

2019-02-18 11:22:25 - [TEST_STEP][PASSED] - click(findTestObject("DPT/selectForm")): Object: 'Object Repository/DPT/selectForm' is clicked on

2019-02-18 11:22:25 - [MESSAGE][PASSED] - Object: 'Object Repository/DPT/selectForm' is clicked on

2019-02-18 11:22:25 - [TEST_STEP][PASSED] - click(findTestObject("DPT/chooseFirstForm")): Object: 'Object Repository/DPT/chooseFirstForm' is clicked on

2019-02-18 11:22:25 - [MESSAGE][PASSED] - Object: 'Object Repository/DPT/chooseFirstForm' is clicked on

2019-02-18 11:22:25 - [TEST_STEP][PASSED] - Thread.sleep(2000): null

2019-02-18 11:22:27 - [TEST_STEP][PASSED] - click(findTestObject("DPT/dataExtract")): Object: 'Object Repository/DPT/dataExtract' is clicked on

2019-02-18 11:22:27 - [MESSAGE][PASSED] - Object: 'Object Repository/DPT/dataExtract' is clicked on

2019-02-18 11:22:27 - [TEST_STEP][PASSED] - waitForElementClickable(findTestObject("DPT/firstCompliance"), 45): Object 'Object Repository/DPT/firstCompliance' is clickable

2019-02-18 11:22:27 - [MESSAGE][PASSED] - Object 'Object Repository/DPT/firstCompliance' is clickable

2019-02-18 11:22:27 - [TEST_STEP][PASSED] - Thread.sleep(2000): null

2019-02-18 11:22:29 - [TEST_STEP][PASSED] - FormName.testExportStatus(): FormName.testExportStatus is PASSED

2019-02-18 11:22:45 - [MESSAGE][PASSED] - FormName.testExportStatus is PASSED

2019-02-18 11:22:45 - [TEST_STEP][PASSED] - Thread.sleep(2000): null

2019-02-18 11:22:47 - [TEST_STEP][PASSED] - Test.setText(): Test.setText is PASSED

2019-02-18 11:23:23 - [MESSAGE][PASSED] - Test.setText is PASSED

2019-02-18 11:23:23 - [TEST_STEP][PASSED] - Thread.sleep(4000): null

2019-02-18 11:23:27 - [TEST_STEP][PASSED] - waitForElementClickable(findTestObject("DPT/import"), 30): Object 'Object Repository/DPT/import' is clickable

2019-02-18 11:23:27 - [MESSAGE][PASSED] - Object 'Object Repository/DPT/import' is clickable

2019-02-18 11:23:27 - [TEST_STEP][PASSED] - Thread.sleep(2000): null

2019-02-18 11:23:29 - [TEST_STEP][PASSED] - click(findTestObject("DPT/import")): Object: 'Object Repository/DPT/import' is clicked on

2019-02-18 11:23:29 - [MESSAGE][PASSED] - Object: 'Object Repository/DPT/import' is clicked on

2019-02-18 11:23:29 - [TEST_STEP][PASSED] - waitForElementClickable(findTestObject("DPT/newImport"), 30): Object 'Object Repository/DPT/newImport' is clickable

2019-02-18 11:23:29 - [MESSAGE][PASSED] - Object 'Object Repository/DPT/newImport' is clickable

2019-02-18 11:23:29 - [TEST_STEP][PASSED] - Thread.sleep(2000): null

2019-02-18 11:23:31 - [TEST_STEP][PASSED] - click(findTestObject("DPT/newImport")): Object: 'Object Repository/DPT/newImport' is clicked on

2019-02-18 11:23:49 - [MESSAGE][PASSED] - Object: 'Object Repository/DPT/newImport' is clicked on

2019-02-18 11:23:49 - [TEST_STEP][PASSED] - FormName.uploadExFile(): FormName.uploadExFile is PASSED

2019-02-18 11:23:53 - [MESSAGE][PASSED] - FormName.uploadExFile is PASSED

2019-02-18 11:23:53 - [TEST_STEP][PASSED] - Thread.sleep(4000): null

2019-02-18 11:23:57 - [TEST_STEP][PASSED] - click(findTestObject("DPT/upload")): Object: 'Object Repository/DPT/upload' is clicked on

2019-02-18 11:23:57 - [MESSAGE][PASSED] - Object: 'Object Repository/DPT/upload' is clicked on

2019-02-18 11:23:57 - [TEST_STEP][PASSED] - waitForElementClickable(findTestObject("DPT/selectFormImport"), 45): Object 'Object Repository/DPT/selectFormImport' is clickable

2019-02-18 11:23:57 - [MESSAGE][PASSED] - Object 'Object Repository/DPT/selectFormImport' is clickable

2019-02-18 11:23:57 - [TEST_STEP][PASSED] - Thread.sleep(4000): null

2019-02-18 11:24:01 - [TEST_STEP][PASSED] - click(findTestObject("DPT/selectFormImport")): Object: 'Object Repository/DPT/selectFormImport' is clicked on

2019-02-18 11:24:02 - [MESSAGE][PASSED] - Object: 'Object Repository/DPT/selectFormImport' is clicked on

2019-02-18 11:24:02 - [TEST_STEP][PASSED] - Thread.sleep(4000): null

2019-02-18 11:24:06 - [TEST_STEP][PASSED] - FormName.testImportStatus(): FormName.testImportStatus is PASSED

2019-02-18 11:24:21 - [MESSAGE][PASSED] - FormName.testImportStatus is PASSED

2019-02-18 11:24:21 - [TEST_STEP][PASSED] - Thread.sleep(2000): null]]></system-out>
         <system-err><![CDATA[]]></system-err>
      </testcase>
      <testcase name="Test Cases/DPT/TestValue" classname="Test Cases/DPT/TestValue" status="PASSED">
         <system-out><![CDATA[2019-02-18 11:24:23 - [TEST_CASE][PASSED] - Test Cases/DPT/TestValue: Test Cases/DPT/TestValue

2019-02-18 11:24:23 - [TEST_STEP][NOT_RUN] - openBrowser(URL): NOT_RUN: openBrowser(URL)

2019-02-18 11:24:23 - [MESSAGE][NOT_RUN] - NOT_RUN: openBrowser(URL)

2019-02-18 11:24:23 - [TEST_STEP][NOT_RUN] - maximizeWindow(): NOT_RUN: maximizeWindow()

2019-02-18 11:24:23 - [MESSAGE][NOT_RUN] - NOT_RUN: maximizeWindow()

2019-02-18 11:24:23 - [TEST_STEP][NOT_RUN] - setText(findTestObject("Form_Selection_Creation/login_Username"), UserName): NOT_RUN: setText(findTestObject("Form_Selection_Creation/login_Username"), UserName)

2019-02-18 11:24:23 - [MESSAGE][NOT_RUN] - NOT_RUN: setText(findTestObject("Form_Selection_Creation/login_Username"), UserName)

2019-02-18 11:24:23 - [TEST_STEP][NOT_RUN] - setText(findTestObject("Form_Selection_Creation/login_Password"), Password): NOT_RUN: setText(findTestObject("Form_Selection_Creation/login_Password"), Password)

2019-02-18 11:24:23 - [MESSAGE][NOT_RUN] - NOT_RUN: setText(findTestObject("Form_Selection_Creation/login_Password"), Password)

2019-02-18 11:24:23 - [TEST_STEP][NOT_RUN] - click(findTestObject("Form_Selection_Creation/login_Button")): NOT_RUN: click(findTestObject("Form_Selection_Creation/login_Button"))

2019-02-18 11:24:23 - [MESSAGE][NOT_RUN] - NOT_RUN: click(findTestObject("Form_Selection_Creation/login_Button"))

2019-02-18 11:24:23 - [TEST_STEP][PASSED] - Thread.sleep(3000): null

2019-02-18 11:24:26 - [TEST_STEP][PASSED] - AdminTool_Location.moveCursor(): AdminTool_Location.moveCursor is PASSED

2019-02-18 11:24:26 - [MESSAGE][PASSED] - AdminTool_Location.moveCursor is PASSED

2019-02-18 11:24:26 - [TEST_STEP][PASSED] - Thread.sleep(2000): null

2019-02-18 11:24:28 - [TEST_STEP][PASSED] - click(findTestObject("Form_Selection_Creation/mainMenu_Button")): Object: 'Object Repository/Form_Selection_Creation/mainMenu_Button' is clicked on

2019-02-18 11:24:29 - [MESSAGE][PASSED] - Object: 'Object Repository/Form_Selection_Creation/mainMenu_Button' is clicked on

2019-02-18 11:24:29 - [TEST_STEP][NOT_RUN] - click(findTestObject("Form_Selection_Creation/mainMenu_AdminTools")): NOT_RUN: click(findTestObject("Form_Selection_Creation/mainMenu_AdminTools"))

2019-02-18 11:24:29 - [MESSAGE][NOT_RUN] - NOT_RUN: click(findTestObject("Form_Selection_Creation/mainMenu_AdminTools"))

2019-02-18 11:24:29 - [TEST_STEP][PASSED] - waitForElementVisible(findTestObject("Form_Selection_Creation/mainMenu_AdminTools_FormDesigner"), 45): Object 'Object Repository/Form_Selection_Creation/mainMenu_AdminTools_FormDesigner' is visible

2019-02-18 11:24:29 - [MESSAGE][PASSED] - Object 'Object Repository/Form_Selection_Creation/mainMenu_AdminTools_FormDesigner' is visible

2019-02-18 11:24:29 - [TEST_STEP][PASSED] - click(findTestObject("Form_Selection_Creation/mainMenu_AdminTools_FormDesigner")): Object: 'Object Repository/Form_Selection_Creation/mainMenu_AdminTools_FormDesigner' is clicked on

2019-02-18 11:24:29 - [MESSAGE][PASSED] - Object: 'Object Repository/Form_Selection_Creation/mainMenu_AdminTools_FormDesigner' is clicked on

2019-02-18 11:24:29 - [TEST_STEP][PASSED] - Thread.sleep(2000): null

2019-02-18 11:24:31 - [TEST_STEP][PASSED] - click(findTestObject("Form_Selection_Creation/releaseForm")): Object: 'Object Repository/Form_Selection_Creation/releaseForm' is clicked on

2019-02-18 11:24:31 - [MESSAGE][PASSED] - Object: 'Object Repository/Form_Selection_Creation/releaseForm' is clicked on

2019-02-18 11:24:31 - [TEST_STEP][PASSED] - waitForElementClickable(findTestObject("Form_Selection_Creation/button_Release"), 30): Object 'Object Repository/Form_Selection_Creation/button_Release' is clickable

2019-02-18 11:24:31 - [MESSAGE][PASSED] - Object 'Object Repository/Form_Selection_Creation/button_Release' is clickable

2019-02-18 11:24:31 - [TEST_STEP][PASSED] - Thread.sleep(3000): null

2019-02-18 11:24:34 - [TEST_STEP][PASSED] - click(findTestObject("Form_Selection_Creation/div_Preview             Form1")): Object: 'Object Repository/Form_Selection_Creation/div_Preview             Form1' is clicked on

2019-02-18 11:24:34 - [MESSAGE][PASSED] - Object: 'Object Repository/Form_Selection_Creation/div_Preview             Form1' is clicked on

2019-02-18 11:24:34 - [TEST_STEP][NOT_RUN] - click(findTestObject("Form_Selection_Creation/previewForm")): NOT_RUN: click(findTestObject("Form_Selection_Creation/previewForm"))

2019-02-18 11:24:34 - [MESSAGE][NOT_RUN] - NOT_RUN: click(findTestObject("Form_Selection_Creation/previewForm"))

2019-02-18 11:24:34 - [TEST_STEP][PASSED] - Thread.sleep(2000): null

2019-02-18 11:24:36 - [TEST_STEP][NOT_RUN] - click(findTestObject("Form_Selection_Creation/openRes")): NOT_RUN: click(findTestObject("Form_Selection_Creation/openRes"))

2019-02-18 11:24:36 - [MESSAGE][NOT_RUN] - NOT_RUN: click(findTestObject("Form_Selection_Creation/openRes"))

2019-02-18 11:24:36 - [TEST_STEP][NOT_RUN] - Thread.sleep(2000): NOT_RUN: Thread.sleep(2000)

2019-02-18 11:24:36 - [MESSAGE][NOT_RUN] - NOT_RUN: Thread.sleep(2000)

2019-02-18 11:24:36 - [TEST_STEP][NOT_RUN] - click(findTestObject("Form_Selection_Creation/selectFirstRes")): NOT_RUN: click(findTestObject("Form_Selection_Creation/selectFirstRes"))

2019-02-18 11:24:36 - [MESSAGE][NOT_RUN] - NOT_RUN: click(findTestObject("Form_Selection_Creation/selectFirstRes"))

2019-02-18 11:24:36 - [TEST_STEP][NOT_RUN] - Thread.sleep(2000): NOT_RUN: Thread.sleep(2000)

2019-02-18 11:24:36 - [MESSAGE][NOT_RUN] - NOT_RUN: Thread.sleep(2000)

2019-02-18 11:24:36 - [TEST_STEP][PASSED] - waitForElementClickable(findTestObject("Form_Selection_Creation/button_Release"), 30): Object 'Object Repository/Form_Selection_Creation/button_Release' is clickable

2019-02-18 11:24:36 - [MESSAGE][PASSED] - Object 'Object Repository/Form_Selection_Creation/button_Release' is clickable

2019-02-18 11:24:36 - [TEST_STEP][PASSED] - Thread.sleep(2000): null

2019-02-18 11:24:38 - [TEST_STEP][PASSED] - click(findTestObject("Form_Selection_Creation/button_Release"), STOP_ON_FAILURE): Object: 'Object Repository/Form_Selection_Creation/button_Release' is clicked on

2019-02-18 11:24:38 - [MESSAGE][PASSED] - Object: 'Object Repository/Form_Selection_Creation/button_Release' is clicked on

2019-02-18 11:24:38 - [TEST_STEP][PASSED] - Thread.sleep(4000): null

2019-02-18 11:24:42 - [TEST_STEP][PASSED] - click(findTestObject("Form_Selection_Creation/a_Home")): Object: 'Object Repository/Form_Selection_Creation/a_Home' is clicked on

2019-02-18 11:24:43 - [MESSAGE][PASSED] - Object: 'Object Repository/Form_Selection_Creation/a_Home' is clicked on

2019-02-18 11:24:43 - [TEST_STEP][PASSED] - waitForElementClickable(findTestObject("FormTab/form_Tab"), 45): Object 'Object Repository/FormTab/form_Tab' is clickable

2019-02-18 11:24:43 - [MESSAGE][PASSED] - Object 'Object Repository/FormTab/form_Tab' is clickable

2019-02-18 11:24:43 - [TEST_STEP][PASSED] - Thread.sleep(4000): null

2019-02-18 11:24:47 - [TEST_STEP][PASSED] - refresh(): Refresh successfully

2019-02-18 11:24:48 - [MESSAGE][PASSED] - Refresh successfully

2019-02-18 11:24:48 - [TEST_STEP][PASSED] - waitForElementClickable(findTestObject("FormTab/form_Tab"), 45): Object 'Object Repository/FormTab/form_Tab' is clickable

2019-02-18 11:24:48 - [MESSAGE][PASSED] - Object 'Object Repository/FormTab/form_Tab' is clickable

2019-02-18 11:24:48 - [TEST_STEP][PASSED] - Thread.sleep(6000): null

2019-02-18 11:24:54 - [TEST_STEP][PASSED] - click(findTestObject("FormTab/form_Tab")): Object: 'Object Repository/FormTab/form_Tab' is clicked on

2019-02-18 11:24:54 - [MESSAGE][PASSED] - Object: 'Object Repository/FormTab/form_Tab' is clicked on

2019-02-18 11:24:54 - [TEST_STEP][PASSED] - waitForElementClickable(findTestObject("FormTab/selectForm"), 45): Object 'Object Repository/FormTab/selectForm' is clickable

2019-02-18 11:24:57 - [MESSAGE][PASSED] - Object 'Object Repository/FormTab/selectForm' is clickable

2019-02-18 11:24:57 - [TEST_STEP][PASSED] - Thread.sleep(6000): null

2019-02-18 11:25:03 - [TEST_STEP][PASSED] - click(findTestObject("FormTab/options")): Object: 'Object Repository/FormTab/options' is clicked on

2019-02-18 11:25:03 - [MESSAGE][PASSED] - Object: 'Object Repository/FormTab/options' is clicked on

2019-02-18 11:25:03 - [TEST_STEP][PASSED] - Thread.sleep(2000): null

2019-02-18 11:25:05 - [TEST_STEP][PASSED] - mouseOver(findTestObject("FormTab/filterOption")): Object: 'Object Repository/FormTab/filterOption' is hovered

2019-02-18 11:25:05 - [MESSAGE][PASSED] - Object: 'Object Repository/FormTab/filterOption' is hovered

2019-02-18 11:25:05 - [TEST_STEP][PASSED] - Thread.sleep(2000): null

2019-02-18 11:25:07 - [TEST_STEP][PASSED] - AdminTool_Location.moveCursor(): AdminTool_Location.moveCursor is PASSED

2019-02-18 11:25:07 - [MESSAGE][PASSED] - AdminTool_Location.moveCursor is PASSED

2019-02-18 11:25:07 - [TEST_STEP][PASSED] - Thread.sleep(2000): null

2019-02-18 11:25:09 - [TEST_STEP][PASSED] - FormName.filterFormName(): FormName.filterFormName is PASSED

2019-02-18 11:25:11 - [MESSAGE][PASSED] - FormName.filterFormName is PASSED

2019-02-18 11:25:11 - [TEST_STEP][PASSED] - Thread.sleep(2000): null

2019-02-18 11:25:13 - [TEST_STEP][PASSED] - click(findTestObject("FormTab/filterButton")): Object: 'Object Repository/FormTab/filterButton' is clicked on

2019-02-18 11:25:13 - [MESSAGE][PASSED] - Object: 'Object Repository/FormTab/filterButton' is clicked on

2019-02-18 11:25:13 - [TEST_STEP][PASSED] - Thread.sleep(4000): null

2019-02-18 11:25:17 - [TEST_STEP][PASSED] - waitForElementClickable(findTestObject("FormTab/selectForm"), 45): Object 'Object Repository/FormTab/selectForm' is clickable

2019-02-18 11:25:17 - [MESSAGE][PASSED] - Object 'Object Repository/FormTab/selectForm' is clickable

2019-02-18 11:25:17 - [TEST_STEP][PASSED] - click(findTestObject("FormTab/selectForm")): Object: 'Object Repository/FormTab/selectForm' is clicked on

2019-02-18 11:25:18 - [MESSAGE][PASSED] - Object: 'Object Repository/FormTab/selectForm' is clicked on

2019-02-18 11:25:18 - [TEST_STEP][PASSED] - Thread.sleep(4000): null

2019-02-18 11:25:22 - [TEST_STEP][PASSED] - Submission.fillForm(): Submission.fillForm is PASSED

2019-02-18 11:26:43 - [MESSAGE][PASSED] - Submission.fillForm is PASSED

2019-02-18 11:26:43 - [TEST_STEP][PASSED] - FormName.TestCompliance(): FormName.TestCompliance is PASSED

2019-02-18 11:26:44 - [MESSAGE][PASSED] - FormName.TestCompliance is PASSED]]></system-out>
         <system-err><![CDATA[]]></system-err>
      </testcase>
      <system-out><![CDATA[2019-02-18 11:18:53 - [TEST_SUITE][PASSED] - DPT: Test Cases/DPT/TestValue]]></system-out>
      <system-err><![CDATA[]]></system-err>
   </testsuite>
</testsuites>
