<?xml version="1.0" encoding="UTF-8"?>
<testsuites name="Audit_Form" time="282" tests="3" failures="0" errors="0">
   <testsuite name="Audit_Form" tests="3" failures="0" errors="0" time="282" timestamp="2018-11-30 17:03:35" hostname="pashine_a - Abhishek-Pashine.India.XoriantCorp.com" id="Test Suites/Audit_Form">
      <properties>
         <property name="deviceName" value=""/>
         <property name="devicePlatform" value=""/>
         <property name="logFolder" value="D:\\Git Data\\SafetyChain-Test-Automation-Katalon\\Reports\\Audit_Form\\20181130_170332"/>
         <property name="logFiles" value="D:\\Git Data\\SafetyChain-Test-Automation-Katalon\\Reports\\Audit_Form\\20181130_170332\\execution0.log"/>
         <property name="attachments" value=""/>
         <property name="hostName" value="pashine_a - Abhishek-Pashine.India.XoriantCorp.com"/>
         <property name="os" value="Windows 7 64bit"/>
         <property name="katalonVersion" value="5.9.0.1"/>
         <property name="browser" value="Chrome 70.0.3538.110"/>
         <property name="hostAddress" value="10.21.7.147"/>
         <property name="sessionId" value="874113cf8d7d3add756d76e6aef7f944"/>
         <property name="seleniumVersion" value="3.7.1"/>
         <property name="proxyInformation" value="ProxyInformation{proxyOption=NO_PROXY, proxyServerType=HTTP, password=, proxyServerAddress=, proxyServerPort=0}"/>
         <property name="platform" value="Windows 7"/>
      </properties>
      <testcase name="Test Cases/Forms/AuditForm/1_CreateForm" classname="Test Cases/Forms/AuditForm/1_CreateForm" status="PASSED">
         <system-out><![CDATA[2018-11-30 17:03:35 - [TEST_CASE][PASSED] - Test Cases/Forms/AuditForm/1_CreateForm: Test Cases/Forms/AuditForm/1_CreateForm

2018-11-30 17:03:36 - [TEST_STEP][PASSED] - openBrowser(URL): Browser is opened with url: 'https://test2.stage.safetychain.com'

2018-11-30 17:03:36 - [MESSAGE][INFO] - Starting 'Chrome' driver

2018-11-30 17:03:36 - [MESSAGE][INFO] - Action delay is set to 0 seconds

2018-11-30 17:03:58 - [MESSAGE][PASSED] - Browser is opened with url: 'https://test2.stage.safetychain.com'

2018-11-30 17:03:58 - [TEST_STEP][PASSED] - maximizeWindow(): Current window maximized

2018-11-30 17:03:59 - [MESSAGE][PASSED] - Current window maximized

2018-11-30 17:03:59 - [TEST_STEP][PASSED] - setText(findTestObject("Form_Selection_Creation/login_Username"), UserName): Text 'superadmin' is set on object 'Object Repository/Form_Selection_Creation/login_Username'

2018-11-30 17:04:03 - [MESSAGE][PASSED] - Text 'superadmin' is set on object 'Object Repository/Form_Selection_Creation/login_Username'

2018-11-30 17:04:03 - [TEST_STEP][PASSED] - setText(findTestObject("Form_Selection_Creation/login_Password"), Password): Text 'sliptest23772boot' is set on object 'Object Repository/Form_Selection_Creation/login_Password'

2018-11-30 17:04:03 - [MESSAGE][PASSED] - Text 'sliptest23772boot' is set on object 'Object Repository/Form_Selection_Creation/login_Password'

2018-11-30 17:04:03 - [TEST_STEP][PASSED] - FormName.setData(): FormName.setData is PASSED

2018-11-30 17:04:05 - [MESSAGE][PASSED] - FormName.setData is PASSED

2018-11-30 17:04:05 - [TEST_STEP][PASSED] - click(findTestObject("Form_Selection_Creation/login_Button")): Object: 'Object Repository/Form_Selection_Creation/login_Button' is clicked on

2018-11-30 17:04:06 - [MESSAGE][PASSED] - Object: 'Object Repository/Form_Selection_Creation/login_Button' is clicked on

2018-11-30 17:04:06 - [TEST_STEP][PASSED] - Thread.sleep(3000): null

2018-11-30 17:04:09 - [TEST_STEP][PASSED] - click(findTestObject("Form_Selection_Creation/mainMenu_Button")): Object: 'Object Repository/Form_Selection_Creation/mainMenu_Button' is clicked on

2018-11-30 17:04:13 - [MESSAGE][PASSED] - Object: 'Object Repository/Form_Selection_Creation/mainMenu_Button' is clicked on

2018-11-30 17:04:13 - [TEST_STEP][PASSED] - click(findTestObject("Form_Selection_Creation/mainMenu_AdminTools")): Object: 'Object Repository/Form_Selection_Creation/mainMenu_AdminTools' is clicked on

2018-11-30 17:04:13 - [MESSAGE][PASSED] - Object: 'Object Repository/Form_Selection_Creation/mainMenu_AdminTools' is clicked on

2018-11-30 17:04:13 - [TEST_STEP][PASSED] - click(findTestObject("Form_Selection_Creation/mainMenu_AdminTools_FormDesigner")): Object: 'Object Repository/Form_Selection_Creation/mainMenu_AdminTools_FormDesigner' is clicked on

2018-11-30 17:04:14 - [MESSAGE][PASSED] - Object: 'Object Repository/Form_Selection_Creation/mainMenu_AdminTools_FormDesigner' is clicked on

2018-11-30 17:04:14 - [TEST_STEP][PASSED] - Thread.sleep(2000): null

2018-11-30 17:04:16 - [TEST_STEP][PASSED] - click(findTestObject("Form_Selection_Creation/selectAuditForm")): Object: 'Object Repository/Form_Selection_Creation/selectAuditForm' is clicked on

2018-11-30 17:04:16 - [MESSAGE][PASSED] - Object: 'Object Repository/Form_Selection_Creation/selectAuditForm' is clicked on

2018-11-30 17:04:16 - [TEST_STEP][PASSED] - Thread.sleep(3000): null

2018-11-30 17:04:19 - [TEST_STEP][PASSED] - dragAndDropToObject(findTestObject("Form_Selection_Creation/formDesign_selectResource"), findTestObject("Form_Selection_Creation/Target_Res_Object")): Dragged object with id 'Object Repository/Form_Selection_Creation/formDesign_selectResource' to object with id 'TestObject - 'Object Repository/Form_Selection_Creation/Target_Res_Object'' successfully

2018-11-30 17:04:20 - [MESSAGE][PASSED] - Dragged object with id 'Object Repository/Form_Selection_Creation/formDesign_selectResource' to object with id 'TestObject - 'Object Repository/Form_Selection_Creation/Target_Res_Object'' successfully

2018-11-30 17:04:20 - [TEST_STEP][PASSED] - Thread.sleep(6000): null

2018-11-30 17:04:26 - [TEST_STEP][PASSED] - click(findTestObject("Form_Selection_Creation/formCreation_NextToDesignForm")): Object: 'Object Repository/Form_Selection_Creation/formCreation_NextToDesignForm' is clicked on

2018-11-30 17:04:26 - [MESSAGE][PASSED] - Object: 'Object Repository/Form_Selection_Creation/formCreation_NextToDesignForm' is clicked on

2018-11-30 17:04:26 - [TEST_STEP][PASSED] - Thread.sleep(4000): null

2018-11-30 17:04:30 - [TEST_STEP][PASSED] - FormName.createForm(findTestObject("Form_Selection_Creation/formDesign_FormName")): FormName.createForm is PASSED

2018-11-30 17:04:30 - [MESSAGE][PASSED] - FormName.createForm is PASSED

2018-11-30 17:04:30 - [TEST_STEP][PASSED] - Thread.sleep(2000): null

2018-11-30 17:04:32 - [TEST_STEP][PASSED] - dragAndDropToObject(findTestObject("Form_Selection_Creation/formDesign_SelectSection"), findTestObject("Form_Selection_Creation/default_area")): Dragged object with id 'Object Repository/Form_Selection_Creation/formDesign_SelectSection' to object with id 'TestObject - 'Object Repository/Form_Selection_Creation/default_area'' successfully

2018-11-30 17:04:33 - [MESSAGE][PASSED] - Dragged object with id 'Object Repository/Form_Selection_Creation/formDesign_SelectSection' to object with id 'TestObject - 'Object Repository/Form_Selection_Creation/default_area'' successfully

2018-11-30 17:04:33 - [TEST_STEP][PASSED] - setText(findTestObject("Form_Selection_Creation/formDesign_SectionName"), "This is a Section"): Text 'This is a Section' is set on object 'Object Repository/Form_Selection_Creation/formDesign_SectionName'

2018-11-30 17:04:34 - [MESSAGE][PASSED] - Text 'This is a Section' is set on object 'Object Repository/Form_Selection_Creation/formDesign_SectionName'

2018-11-30 17:04:34 - [TEST_STEP][PASSED] - Thread.sleep(2000): null

2018-11-30 17:04:36 - [TEST_STEP][PASSED] - dragAndDropToObject(findTestObject("Form_Selection_Creation/formDesign_SelectFieldgroup"), findTestObject("Form_Selection_Creation/section_area")): Dragged object with id 'Object Repository/Form_Selection_Creation/formDesign_SelectFieldgroup' to object with id 'TestObject - 'Object Repository/Form_Selection_Creation/section_area'' successfully

2018-11-30 17:04:36 - [MESSAGE][PASSED] - Dragged object with id 'Object Repository/Form_Selection_Creation/formDesign_SelectFieldgroup' to object with id 'TestObject - 'Object Repository/Form_Selection_Creation/section_area'' successfully

2018-11-30 17:04:36 - [TEST_STEP][PASSED] - setText(findTestObject("Form_Selection_Creation/formDesign_questionGroupName_Text"), "This is Field Group"): Text 'This is Field Group' is set on object 'Object Repository/Form_Selection_Creation/formDesign_questionGroupName_Text'

2018-11-30 17:04:37 - [MESSAGE][PASSED] - Text 'This is Field Group' is set on object 'Object Repository/Form_Selection_Creation/formDesign_questionGroupName_Text'

2018-11-30 17:04:37 - [TEST_STEP][PASSED] - Thread.sleep(2000): null

2018-11-30 17:04:39 - [TEST_STEP][PASSED] - dragAndDropToObject(findTestObject("Form_Selection_Creation/formDesign_SelectFree Text"), findTestObject("Form_Selection_Creation/questionGroupArea")): Dragged object with id 'Object Repository/Form_Selection_Creation/formDesign_SelectFree Text' to object with id 'TestObject - 'Object Repository/Form_Selection_Creation/questionGroupArea'' successfully

2018-11-30 17:04:39 - [MESSAGE][PASSED] - Dragged object with id 'Object Repository/Form_Selection_Creation/formDesign_SelectFree Text' to object with id 'TestObject - 'Object Repository/Form_Selection_Creation/questionGroupArea'' successfully

2018-11-30 17:04:39 - [TEST_STEP][PASSED] - setText(findTestObject("Form_Selection_Creation/formDesign_SingleLineName"), "This is Free Text"): Text 'This is Free Text' is set on object 'Object Repository/Form_Selection_Creation/formDesign_SingleLineName'

2018-11-30 17:04:40 - [MESSAGE][PASSED] - Text 'This is Free Text' is set on object 'Object Repository/Form_Selection_Creation/formDesign_SingleLineName'

2018-11-30 17:04:40 - [TEST_STEP][PASSED] - Thread.sleep(2000): null

2018-11-30 17:04:42 - [TEST_STEP][PASSED] - dragAndDropToObject(findTestObject("Form_Selection_Creation/formDesign_SelectParagraphText"), findTestObject("Form_Selection_Creation/questionGroupArea")): Dragged object with id 'Object Repository/Form_Selection_Creation/formDesign_SelectParagraphText' to object with id 'TestObject - 'Object Repository/Form_Selection_Creation/questionGroupArea'' successfully

2018-11-30 17:04:43 - [MESSAGE][PASSED] - Dragged object with id 'Object Repository/Form_Selection_Creation/formDesign_SelectParagraphText' to object with id 'TestObject - 'Object Repository/Form_Selection_Creation/questionGroupArea'' successfully

2018-11-30 17:04:43 - [TEST_STEP][PASSED] - setText(findTestObject("Form_Selection_Creation/formDesign_ParagraphName"), "This is Paragraph"): Text 'This is Paragraph' is set on object 'Object Repository/Form_Selection_Creation/formDesign_ParagraphName'

2018-11-30 17:04:43 - [MESSAGE][PASSED] - Text 'This is Paragraph' is set on object 'Object Repository/Form_Selection_Creation/formDesign_ParagraphName'

2018-11-30 17:04:43 - [TEST_STEP][PASSED] - Thread.sleep(2000): null

2018-11-30 17:04:45 - [TEST_STEP][PASSED] - dragAndDropToObject(findTestObject("Form_Selection_Creation/formDesign_Select_SelectOne"), findTestObject("Form_Selection_Creation/questionGroupArea")): Dragged object with id 'Object Repository/Form_Selection_Creation/formDesign_Select_SelectOne' to object with id 'TestObject - 'Object Repository/Form_Selection_Creation/questionGroupArea'' successfully

2018-11-30 17:04:46 - [MESSAGE][PASSED] - Dragged object with id 'Object Repository/Form_Selection_Creation/formDesign_Select_SelectOne' to object with id 'TestObject - 'Object Repository/Form_Selection_Creation/questionGroupArea'' successfully

2018-11-30 17:04:46 - [TEST_STEP][PASSED] - setText(findTestObject("Form_Selection_Creation/formDesign_Select_OneName"), "This is Select One"): Text 'This is Select One' is set on object 'Object Repository/Form_Selection_Creation/formDesign_Select_OneName'

2018-11-30 17:04:46 - [MESSAGE][PASSED] - Text 'This is Select One' is set on object 'Object Repository/Form_Selection_Creation/formDesign_Select_OneName'

2018-11-30 17:04:46 - [TEST_STEP][PASSED] - Thread.sleep(2000): null

2018-11-30 17:04:48 - [TEST_STEP][PASSED] - click(findTestObject("Form_Selection_Creation/button_AddNew1")): Object: 'Object Repository/Form_Selection_Creation/button_AddNew1' is clicked on

2018-11-30 17:04:48 - [MESSAGE][PASSED] - Object: 'Object Repository/Form_Selection_Creation/button_AddNew1' is clicked on

2018-11-30 17:04:48 - [TEST_STEP][PASSED] - setText(findTestObject("Form_Selection_Creation/add1singleValue1"), "Single Option1"): Text 'Single Option1' is set on object 'Object Repository/Form_Selection_Creation/add1singleValue1'

2018-11-30 17:04:54 - [MESSAGE][PASSED] - Text 'Single Option1' is set on object 'Object Repository/Form_Selection_Creation/add1singleValue1'

2018-11-30 17:04:54 - [TEST_STEP][PASSED] - Thread.sleep(3000): null

2018-11-30 17:04:57 - [TEST_STEP][PASSED] - click(findTestObject("Form_Selection_Creation/button_AddNew1")): Object: 'Object Repository/Form_Selection_Creation/button_AddNew1' is clicked on

2018-11-30 17:04:57 - [MESSAGE][PASSED] - Object: 'Object Repository/Form_Selection_Creation/button_AddNew1' is clicked on

2018-11-30 17:04:57 - [TEST_STEP][PASSED] - setText(findTestObject("Form_Selection_Creation/add1singleValue2"), "Single Option2"): Text 'Single Option2' is set on object 'Object Repository/Form_Selection_Creation/add1singleValue2'

2018-11-30 17:04:57 - [MESSAGE][PASSED] - Text 'Single Option2' is set on object 'Object Repository/Form_Selection_Creation/add1singleValue2'

2018-11-30 17:04:57 - [TEST_STEP][PASSED] - Thread.sleep(2000): null

2018-11-30 17:04:59 - [TEST_STEP][PASSED] - dragAndDropToObject(findTestObject("Form_Selection_Creation/formDesign_Select_SelectMultiple"), findTestObject("Form_Selection_Creation/questionGroupArea")): Dragged object with id 'Object Repository/Form_Selection_Creation/formDesign_Select_SelectMultiple' to object with id 'TestObject - 'Object Repository/Form_Selection_Creation/questionGroupArea'' successfully

2018-11-30 17:05:00 - [MESSAGE][PASSED] - Dragged object with id 'Object Repository/Form_Selection_Creation/formDesign_Select_SelectMultiple' to object with id 'TestObject - 'Object Repository/Form_Selection_Creation/questionGroupArea'' successfully

2018-11-30 17:05:00 - [TEST_STEP][PASSED] - setText(findTestObject("Form_Selection_Creation/formDesign_Select_MultipleName"), "This is Select Multiple"): Text 'This is Select Multiple' is set on object 'Object Repository/Form_Selection_Creation/formDesign_Select_MultipleName'

2018-11-30 17:05:00 - [MESSAGE][PASSED] - Text 'This is Select Multiple' is set on object 'Object Repository/Form_Selection_Creation/formDesign_Select_MultipleName'

2018-11-30 17:05:00 - [TEST_STEP][PASSED] - Thread.sleep(3000): null

2018-11-30 17:05:03 - [TEST_STEP][PASSED] - click(findTestObject("Form_Selection_Creation/button_addNewMul1")): Object: 'Object Repository/Form_Selection_Creation/button_addNewMul1' is clicked on

2018-11-30 17:05:03 - [MESSAGE][PASSED] - Object: 'Object Repository/Form_Selection_Creation/button_addNewMul1' is clicked on

2018-11-30 17:05:03 - [TEST_STEP][PASSED] - setText(findTestObject("Form_Selection_Creation/add1MultipleValue1"), "Multiple Option1"): Text 'Multiple Option1' is set on object 'Object Repository/Form_Selection_Creation/add1MultipleValue1'

2018-11-30 17:05:04 - [MESSAGE][PASSED] - Text 'Multiple Option1' is set on object 'Object Repository/Form_Selection_Creation/add1MultipleValue1'

2018-11-30 17:05:04 - [TEST_STEP][PASSED] - Thread.sleep(2000): null

2018-11-30 17:05:06 - [TEST_STEP][PASSED] - click(findTestObject("Form_Selection_Creation/button_addNewMul1")): Object: 'Object Repository/Form_Selection_Creation/button_addNewMul1' is clicked on

2018-11-30 17:05:06 - [MESSAGE][PASSED] - Object: 'Object Repository/Form_Selection_Creation/button_addNewMul1' is clicked on

2018-11-30 17:05:06 - [TEST_STEP][PASSED] - setText(findTestObject("Form_Selection_Creation/add1MultipleValue2"), "Multiple Option2"): Text 'Multiple Option2' is set on object 'Object Repository/Form_Selection_Creation/add1MultipleValue2'

2018-11-30 17:05:06 - [MESSAGE][PASSED] - Text 'Multiple Option2' is set on object 'Object Repository/Form_Selection_Creation/add1MultipleValue2'

2018-11-30 17:05:06 - [TEST_STEP][PASSED] - Thread.sleep(2000): null

2018-11-30 17:05:08 - [TEST_STEP][PASSED] - dragAndDropToObject(findTestObject("Form_Selection_Creation/formDesign_SelectNumeric"), findTestObject("Form_Selection_Creation/questionGroupArea")): Dragged object with id 'Object Repository/Form_Selection_Creation/formDesign_SelectNumeric' to object with id 'TestObject - 'Object Repository/Form_Selection_Creation/questionGroupArea'' successfully

2018-11-30 17:05:09 - [MESSAGE][PASSED] - Dragged object with id 'Object Repository/Form_Selection_Creation/formDesign_SelectNumeric' to object with id 'TestObject - 'Object Repository/Form_Selection_Creation/questionGroupArea'' successfully

2018-11-30 17:05:09 - [TEST_STEP][PASSED] - setText(findTestObject("Form_Selection_Creation/formDesignt_NumericName"), "This is Numeric Field"): Text 'This is Numeric Field' is set on object 'Object Repository/Form_Selection_Creation/formDesignt_NumericName'

2018-11-30 17:05:09 - [MESSAGE][PASSED] - Text 'This is Numeric Field' is set on object 'Object Repository/Form_Selection_Creation/formDesignt_NumericName'

2018-11-30 17:05:09 - [TEST_STEP][PASSED] - Thread.sleep(2000): null

2018-11-30 17:05:11 - [TEST_STEP][PASSED] - dragAndDropToObject(findTestObject("Form_Selection_Creation/formDesign_SelectDate"), findTestObject("Form_Selection_Creation/questionGroupArea")): Dragged object with id 'Object Repository/Form_Selection_Creation/formDesign_SelectDate' to object with id 'TestObject - 'Object Repository/Form_Selection_Creation/questionGroupArea'' successfully

2018-11-30 17:05:12 - [MESSAGE][PASSED] - Dragged object with id 'Object Repository/Form_Selection_Creation/formDesign_SelectDate' to object with id 'TestObject - 'Object Repository/Form_Selection_Creation/questionGroupArea'' successfully

2018-11-30 17:05:12 - [TEST_STEP][PASSED] - setText(findTestObject("Form_Selection_Creation/formDesign_DateName"), "This is Date"): Text 'This is Date' is set on object 'Object Repository/Form_Selection_Creation/formDesign_DateName'

2018-11-30 17:05:12 - [MESSAGE][PASSED] - Text 'This is Date' is set on object 'Object Repository/Form_Selection_Creation/formDesign_DateName'

2018-11-30 17:05:12 - [TEST_STEP][PASSED] - Thread.sleep(2000): null

2018-11-30 17:05:14 - [TEST_STEP][PASSED] - dragAndDropToObject(findTestObject("Form_Selection_Creation/formDesign_SelectTime"), findTestObject("Form_Selection_Creation/questionGroupArea")): Dragged object with id 'Object Repository/Form_Selection_Creation/formDesign_SelectTime' to object with id 'TestObject - 'Object Repository/Form_Selection_Creation/questionGroupArea'' successfully

2018-11-30 17:05:15 - [MESSAGE][PASSED] - Dragged object with id 'Object Repository/Form_Selection_Creation/formDesign_SelectTime' to object with id 'TestObject - 'Object Repository/Form_Selection_Creation/questionGroupArea'' successfully

2018-11-30 17:05:15 - [TEST_STEP][PASSED] - setText(findTestObject("Form_Selection_Creation/formDesign_TimeName"), "This is Time"): Text 'This is Time' is set on object 'Object Repository/Form_Selection_Creation/formDesign_TimeName'

2018-11-30 17:05:16 - [MESSAGE][PASSED] - Text 'This is Time' is set on object 'Object Repository/Form_Selection_Creation/formDesign_TimeName'

2018-11-30 17:05:16 - [TEST_STEP][PASSED] - Thread.sleep(2000): null

2018-11-30 17:05:18 - [TEST_STEP][PASSED] - dragAndDropToObject(findTestObject("Form_Selection_Creation/formDesign_SelectDateTime"), findTestObject("Form_Selection_Creation/questionGroupArea")): Dragged object with id 'Object Repository/Form_Selection_Creation/formDesign_SelectDateTime' to object with id 'TestObject - 'Object Repository/Form_Selection_Creation/questionGroupArea'' successfully

2018-11-30 17:05:19 - [MESSAGE][PASSED] - Dragged object with id 'Object Repository/Form_Selection_Creation/formDesign_SelectDateTime' to object with id 'TestObject - 'Object Repository/Form_Selection_Creation/questionGroupArea'' successfully

2018-11-30 17:05:19 - [TEST_STEP][PASSED] - setText(findTestObject("Form_Selection_Creation/formDesign_DateTimeName"), "This is Date-Time"): Text 'This is Date-Time' is set on object 'Object Repository/Form_Selection_Creation/formDesign_DateTimeName'

2018-11-30 17:05:19 - [MESSAGE][PASSED] - Text 'This is Date-Time' is set on object 'Object Repository/Form_Selection_Creation/formDesign_DateTimeName'

2018-11-30 17:05:19 - [TEST_STEP][PASSED] - Thread.sleep(2000): null

2018-11-30 17:05:21 - [TEST_STEP][PASSED] - click(findTestObject("Form_Selection_Creation/formCreation_NextToDesignForm")): Object: 'Object Repository/Form_Selection_Creation/formCreation_NextToDesignForm' is clicked on

2018-11-30 17:05:21 - [MESSAGE][PASSED] - Object: 'Object Repository/Form_Selection_Creation/formCreation_NextToDesignForm' is clicked on

2018-11-30 17:05:21 - [TEST_STEP][PASSED] - Thread.sleep(7000): null

2018-11-30 17:05:28 - [TEST_STEP][PASSED] - click(findTestObject("Form_Selection_Creation/div_Preview             Form1")): Object: 'Object Repository/Form_Selection_Creation/div_Preview             Form1' is clicked on

2018-11-30 17:05:28 - [MESSAGE][PASSED] - Object: 'Object Repository/Form_Selection_Creation/div_Preview             Form1' is clicked on

2018-11-30 17:05:28 - [TEST_STEP][PASSED] - Thread.sleep(5000): null

2018-11-30 17:05:33 - [TEST_STEP][PASSED] - click(findTestObject("Form_Selection_Creation/button_Release")): Object: 'Object Repository/Form_Selection_Creation/button_Release' is clicked on

2018-11-30 17:05:33 - [MESSAGE][PASSED] - Object: 'Object Repository/Form_Selection_Creation/button_Release' is clicked on

2018-11-30 17:05:33 - [TEST_STEP][PASSED] - Thread.sleep(4000): null]]></system-out>
         <system-err><![CDATA[]]></system-err>
      </testcase>
      <testcase name="Test Cases/Forms/AuditForm/2_FormSubmission" classname="Test Cases/Forms/AuditForm/2_FormSubmission" status="PASSED">
         <system-out><![CDATA[2018-11-30 17:05:37 - [TEST_CASE][PASSED] - Test Cases/Forms/AuditForm/2_FormSubmission: Test Cases/Forms/AuditForm/2_FormSubmission

2018-11-30 17:05:38 - [TEST_STEP][PASSED] - openBrowser(URL): Browser is opened with url: 'https://test2.stage.safetychain.com'

2018-11-30 17:05:38 - [MESSAGE][WARNING] - A browser is already opened. Closing browser and opening a new one

2018-11-30 17:05:39 - [MESSAGE][INFO] - Starting 'Chrome' driver

2018-11-30 17:05:54 - [MESSAGE][PASSED] - Browser is opened with url: 'https://test2.stage.safetychain.com'

2018-11-30 17:05:54 - [TEST_STEP][PASSED] - maximizeWindow(): Current window maximized

2018-11-30 17:05:55 - [MESSAGE][PASSED] - Current window maximized

2018-11-30 17:05:55 - [TEST_STEP][PASSED] - driver = getWebDriver(): null

2018-11-30 17:05:55 - [TEST_STEP][PASSED] - setText(findTestObject("FormTab/login_Username"), UserName): Text 'superadmin' is set on object 'Object Repository/FormTab/login_Username'

2018-11-30 17:05:58 - [MESSAGE][PASSED] - Text 'superadmin' is set on object 'Object Repository/FormTab/login_Username'

2018-11-30 17:05:58 - [TEST_STEP][PASSED] - setText(findTestObject("FormTab/login_Password"), Password): Text 'sliptest23772boot' is set on object 'Object Repository/FormTab/login_Password'

2018-11-30 17:05:58 - [MESSAGE][PASSED] - Text 'sliptest23772boot' is set on object 'Object Repository/FormTab/login_Password'

2018-11-30 17:05:58 - [TEST_STEP][PASSED] - click(findTestObject("FormTab/login_Button")): Object: 'Object Repository/FormTab/login_Button' is clicked on

2018-11-30 17:06:00 - [MESSAGE][PASSED] - Object: 'Object Repository/FormTab/login_Button' is clicked on

2018-11-30 17:06:00 - [TEST_STEP][PASSED] - Thread.sleep(8000): null

2018-11-30 17:06:08 - [TEST_STEP][PASSED] - click(findTestObject("FormTab/form_Tab")): Object: 'Object Repository/FormTab/form_Tab' is clicked on

2018-11-30 17:06:08 - [MESSAGE][PASSED] - Object: 'Object Repository/FormTab/form_Tab' is clicked on

2018-11-30 17:06:08 - [TEST_STEP][PASSED] - Thread.sleep(5000): null

2018-11-30 17:06:13 - [TEST_STEP][PASSED] - click(findTestObject("FormTab/options")): Object: 'Object Repository/FormTab/options' is clicked on

2018-11-30 17:06:14 - [MESSAGE][PASSED] - Object: 'Object Repository/FormTab/options' is clicked on

2018-11-30 17:06:14 - [TEST_STEP][PASSED] - Thread.sleep(2000): null

2018-11-30 17:06:16 - [TEST_STEP][PASSED] - mouseOver(findTestObject("FormTab/filterOption")): Object: 'Object Repository/FormTab/filterOption' is hovered

2018-11-30 17:06:16 - [MESSAGE][PASSED] - Object: 'Object Repository/FormTab/filterOption' is hovered

2018-11-30 17:06:16 - [TEST_STEP][PASSED] - Thread.sleep(2000): null

2018-11-30 17:06:18 - [TEST_STEP][PASSED] - FormName.filterFormName(): FormName.filterFormName is PASSED

2018-11-30 17:06:18 - [MESSAGE][PASSED] - FormName.filterFormName is PASSED

2018-11-30 17:06:18 - [TEST_STEP][PASSED] - Thread.sleep(2000): null

2018-11-30 17:06:20 - [TEST_STEP][PASSED] - click(findTestObject("FormTab/filterButton")): Object: 'Object Repository/FormTab/filterButton' is clicked on

2018-11-30 17:06:20 - [MESSAGE][PASSED] - Object: 'Object Repository/FormTab/filterButton' is clicked on

2018-11-30 17:06:20 - [TEST_STEP][PASSED] - Thread.sleep(4000): null

2018-11-30 17:06:24 - [TEST_STEP][PASSED] - click(findTestObject("FormTab/selectForm")): Object: 'Object Repository/FormTab/selectForm' is clicked on

2018-11-30 17:06:24 - [MESSAGE][PASSED] - Object: 'Object Repository/FormTab/selectForm' is clicked on

2018-11-30 17:06:24 - [TEST_STEP][NOT_RUN] - click(findTestObject("FormTab/clickToViewMoreOption")): NOT_RUN: click(findTestObject("FormTab/clickToViewMoreOption"))

2018-11-30 17:06:24 - [MESSAGE][NOT_RUN] - NOT_RUN: click(findTestObject("FormTab/clickToViewMoreOption"))

2018-11-30 17:06:24 - [TEST_STEP][NOT_RUN] - Thread.sleep(4000): NOT_RUN: Thread.sleep(4000)

2018-11-30 17:06:24 - [MESSAGE][NOT_RUN] - NOT_RUN: Thread.sleep(4000)

2018-11-30 17:06:24 - [TEST_STEP][NOT_RUN] - waitForElementNotVisible(findTestObject("FormTab/select500_Form"), 5): NOT_RUN: waitForElementNotVisible(findTestObject("FormTab/select500_Form"), 5)

2018-11-30 17:06:24 - [MESSAGE][NOT_RUN] - NOT_RUN: waitForElementNotVisible(findTestObject("FormTab/select500_Form"), 5)

2018-11-30 17:06:24 - [TEST_STEP][NOT_RUN] - click(findTestObject("FormTab/select500_Form"), STOP_ON_FAILURE): NOT_RUN: click(findTestObject("FormTab/select500_Form"), STOP_ON_FAILURE)

2018-11-30 17:06:24 - [MESSAGE][NOT_RUN] - NOT_RUN: click(findTestObject("FormTab/select500_Form"), STOP_ON_FAILURE)

2018-11-30 17:06:24 - [TEST_STEP][NOT_RUN] - Thread.sleep(7000): NOT_RUN: Thread.sleep(7000)

2018-11-30 17:06:24 - [MESSAGE][NOT_RUN] - NOT_RUN: Thread.sleep(7000)

2018-11-30 17:06:24 - [TEST_STEP][NOT_RUN] - FormName.fillFormName(): NOT_RUN: FormName.fillFormName()

2018-11-30 17:06:24 - [MESSAGE][NOT_RUN] - NOT_RUN: FormName.fillFormName()

2018-11-30 17:06:24 - [TEST_STEP][PASSED] - Thread.sleep(4000): null

2018-11-30 17:06:28 - [TEST_STEP][PASSED] - click(findTestObject("FormTab/fillForm_OpenLocationOption")): Object: 'Object Repository/FormTab/fillForm_OpenLocationOption' is clicked on

2018-11-30 17:06:28 - [MESSAGE][PASSED] - Object: 'Object Repository/FormTab/fillForm_OpenLocationOption' is clicked on

2018-11-30 17:06:29 - [TEST_STEP][PASSED] - Thread.sleep(2000): null

2018-11-30 17:06:31 - [TEST_STEP][PASSED] - click(findTestObject("FormTab/fillForm_SelectLocation")): Object: 'Object Repository/FormTab/fillForm_SelectLocation' is clicked on

2018-11-30 17:06:31 - [MESSAGE][PASSED] - Object: 'Object Repository/FormTab/fillForm_SelectLocation' is clicked on

2018-11-30 17:06:31 - [TEST_STEP][PASSED] - Thread.sleep(4000): null

2018-11-30 17:06:35 - [TEST_STEP][PASSED] - click(findTestObject("FormTab/fillForm_OpenResourceOption")): Object: 'Object Repository/FormTab/fillForm_OpenResourceOption' is clicked on

2018-11-30 17:06:35 - [MESSAGE][PASSED] - Object: 'Object Repository/FormTab/fillForm_OpenResourceOption' is clicked on

2018-11-30 17:06:35 - [TEST_STEP][PASSED] - Thread.sleep(4000): null

2018-11-30 17:06:39 - [TEST_STEP][PASSED] - click(findTestObject("FormTab/fillForm_SelectResource")): Object: 'Object Repository/FormTab/fillForm_SelectResource' is clicked on

2018-11-30 17:06:39 - [MESSAGE][PASSED] - Object: 'Object Repository/FormTab/fillForm_SelectResource' is clicked on

2018-11-30 17:06:39 - [TEST_STEP][PASSED] - Thread.sleep(4000): null

2018-11-30 17:06:43 - [TEST_STEP][PASSED] - setText(findTestObject("FormTab/fillForm_FreeSingleText"), "MyText"): Text 'MyText' is set on object 'Object Repository/FormTab/fillForm_FreeSingleText'

2018-11-30 17:06:43 - [MESSAGE][PASSED] - Text 'MyText' is set on object 'Object Repository/FormTab/fillForm_FreeSingleText'

2018-11-30 17:06:43 - [TEST_STEP][PASSED] - setText(findTestObject("FormTab/fillForm_ParagraphText"), "MyParagraph"): Text 'MyParagraph' is set on object 'Object Repository/FormTab/fillForm_ParagraphText'

2018-11-30 17:06:43 - [MESSAGE][PASSED] - Text 'MyParagraph' is set on object 'Object Repository/FormTab/fillForm_ParagraphText'

2018-11-30 17:06:43 - [TEST_STEP][PASSED] - Thread.sleep(3000): null

2018-11-30 17:06:46 - [TEST_STEP][PASSED] - setText(findTestObject("FormTab/fillForm_SelectOneOption"), "Single Option1"): Text 'Single Option1' is set on object 'Object Repository/FormTab/fillForm_SelectOneOption'

2018-11-30 17:06:46 - [MESSAGE][PASSED] - Text 'Single Option1' is set on object 'Object Repository/FormTab/fillForm_SelectOneOption'

2018-11-30 17:06:46 - [TEST_STEP][PASSED] - Thread.sleep(3000): null

2018-11-30 17:06:49 - [TEST_STEP][PASSED] - xpath("//*[@id='scs-form-level']/div/div/div/div/div/div/div[4]/div/field-template/div/div/div/div/span/span/input")).sendKeys(ENTER): null

2018-11-30 17:06:50 - [TEST_STEP][PASSED] - Thread.sleep(3000): null

2018-11-30 17:06:53 - [TEST_STEP][PASSED] - setText(findTestObject("FormTab/fillForm_SelectMultipleOption"), "Multiple Option1"): Text 'Multiple Option1' is set on object 'Object Repository/FormTab/fillForm_SelectMultipleOption'

2018-11-30 17:06:53 - [MESSAGE][PASSED] - Text 'Multiple Option1' is set on object 'Object Repository/FormTab/fillForm_SelectMultipleOption'

2018-11-30 17:06:53 - [TEST_STEP][PASSED] - Thread.sleep(3000): null

2018-11-30 17:06:56 - [TEST_STEP][PASSED] - xpath("//*[@id='scs-form-level']/div/div/div/div/div/div/div[5]/div/field-template/div/div/div/div/div/div/input")).sendKeys(ENTER): null

2018-11-30 17:06:56 - [TEST_STEP][PASSED] - Thread.sleep(3000): null

2018-11-30 17:06:59 - [TEST_STEP][PASSED] - click(findTestObject("FormTab/fillForm_SelectMultipleOption")): Object: 'Object Repository/FormTab/fillForm_SelectMultipleOption' is clicked on

2018-11-30 17:06:59 - [MESSAGE][PASSED] - Object: 'Object Repository/FormTab/fillForm_SelectMultipleOption' is clicked on

2018-11-30 17:06:59 - [TEST_STEP][PASSED] - Thread.sleep(4000): null

2018-11-30 17:07:03 - [TEST_STEP][PASSED] - xpath("//*[@id='scs-form-level']/div/div/div/div[2]/div/div/div[6]/div/field-template/div/div[2]/div/div/span[1]/span/input[1]")).sendKeys("9"): null

2018-11-30 17:07:03 - [TEST_STEP][PASSED] - setText(findTestObject("FormTab/fillForm_DateText"), "10/29/2018"): Text '10/29/2018' is set on object 'Object Repository/FormTab/fillForm_DateText'

2018-11-30 17:07:03 - [MESSAGE][PASSED] - Text '10/29/2018' is set on object 'Object Repository/FormTab/fillForm_DateText'

2018-11-30 17:07:03 - [TEST_STEP][PASSED] - setText(findTestObject("FormTab/fillForm_TimeText"), "4:00 PM"): Text '4:00 PM' is set on object 'Object Repository/FormTab/fillForm_TimeText'

2018-11-30 17:07:04 - [MESSAGE][PASSED] - Text '4:00 PM' is set on object 'Object Repository/FormTab/fillForm_TimeText'

2018-11-30 17:07:04 - [TEST_STEP][PASSED] - setText(findTestObject("FormTab/fillForm_DateTimeText"), "10/29/2018 4:00 PM"): Text '10/29/2018 4:00 PM' is set on object 'Object Repository/FormTab/fillForm_DateTimeText'

2018-11-30 17:07:04 - [MESSAGE][PASSED] - Text '10/29/2018 4:00 PM' is set on object 'Object Repository/FormTab/fillForm_DateTimeText'

2018-11-30 17:07:04 - [TEST_STEP][PASSED] - click(findTestObject("FormTab/fillForm_SubmitButton")): Object: 'Object Repository/FormTab/fillForm_SubmitButton' is clicked on

2018-11-30 17:07:04 - [MESSAGE][PASSED] - Object: 'Object Repository/FormTab/fillForm_SubmitButton' is clicked on

2018-11-30 17:07:04 - [TEST_STEP][PASSED] - Thread.sleep(4000): null

2018-11-30 17:07:08 - [TEST_STEP][PASSED] - click(findTestObject("FormTab/fillForm_SubmissionOkButton")): Object: 'Object Repository/FormTab/fillForm_SubmissionOkButton' is clicked on

2018-11-30 17:07:08 - [MESSAGE][PASSED] - Object: 'Object Repository/FormTab/fillForm_SubmissionOkButton' is clicked on

2018-11-30 17:07:08 - [TEST_STEP][PASSED] - Thread.sleep(6000): null]]></system-out>
         <system-err><![CDATA[]]></system-err>
      </testcase>
      <testcase name="Test Cases/Forms/AuditForm/3_VerifyingRecord" classname="Test Cases/Forms/AuditForm/3_VerifyingRecord" status="PASSED">
         <system-out><![CDATA[2018-11-30 17:07:14 - [TEST_CASE][PASSED] - Test Cases/Forms/AuditForm/3_VerifyingRecord: Test Cases/Forms/AuditForm/3_VerifyingRecord

2018-11-30 17:07:14 - [TEST_STEP][NOT_RUN] - openBrowser(URL): NOT_RUN: openBrowser(URL)

2018-11-30 17:07:14 - [MESSAGE][NOT_RUN] - NOT_RUN: openBrowser(URL)

2018-11-30 17:07:14 - [TEST_STEP][NOT_RUN] - maximizeWindow(): NOT_RUN: maximizeWindow()

2018-11-30 17:07:14 - [MESSAGE][NOT_RUN] - NOT_RUN: maximizeWindow()

2018-11-30 17:07:14 - [TEST_STEP][NOT_RUN] - setText(findTestObject("Record/login_Username"), UserName): NOT_RUN: setText(findTestObject("Record/login_Username"), UserName)

2018-11-30 17:07:14 - [MESSAGE][NOT_RUN] - NOT_RUN: setText(findTestObject("Record/login_Username"), UserName)

2018-11-30 17:07:14 - [TEST_STEP][NOT_RUN] - setText(findTestObject("Record/login_Password"), Password): NOT_RUN: setText(findTestObject("Record/login_Password"), Password)

2018-11-30 17:07:14 - [MESSAGE][NOT_RUN] - NOT_RUN: setText(findTestObject("Record/login_Password"), Password)

2018-11-30 17:07:14 - [TEST_STEP][NOT_RUN] - click(findTestObject("Record/login_Button")): NOT_RUN: click(findTestObject("Record/login_Button"))

2018-11-30 17:07:14 - [MESSAGE][NOT_RUN] - NOT_RUN: click(findTestObject("Record/login_Button"))

2018-11-30 17:07:14 - [TEST_STEP][NOT_RUN] - Thread.sleep(8000): NOT_RUN: Thread.sleep(8000)

2018-11-30 17:07:14 - [MESSAGE][NOT_RUN] - NOT_RUN: Thread.sleep(8000)

2018-11-30 17:07:14 - [TEST_STEP][PASSED] - click(findTestObject("Record/record_Tab")): Object: 'Object Repository/Record/record_Tab' is clicked on

2018-11-30 17:07:14 - [MESSAGE][PASSED] - Object: 'Object Repository/Record/record_Tab' is clicked on

2018-11-30 17:07:14 - [TEST_STEP][PASSED] - Thread.sleep(5000): null

2018-11-30 17:07:19 - [TEST_STEP][PASSED] - click(findTestObject("FormTab/clickToViewMoreOption")): Object: 'Object Repository/FormTab/clickToViewMoreOption' is clicked on

2018-11-30 17:07:20 - [MESSAGE][PASSED] - Object: 'Object Repository/FormTab/clickToViewMoreOption' is clicked on

2018-11-30 17:07:20 - [TEST_STEP][PASSED] - Thread.sleep(4000): null

2018-11-30 17:07:24 - [TEST_STEP][PASSED] - waitForElementNotVisible(findTestObject("FormTab/select500_Form"), 5): Object 'Object Repository/FormTab/select500_Form' is visible after 5 second(s)

2018-11-30 17:07:29 - [MESSAGE][WARNING] - Object 'Object Repository/FormTab/select500_Form' is visible after 5 second(s)

2018-11-30 17:07:29 - [TEST_STEP][PASSED] - click(findTestObject("FormTab/select500_Form")): Object: 'Object Repository/FormTab/select500_Form' is clicked on

2018-11-30 17:07:29 - [MESSAGE][PASSED] - Object: 'Object Repository/FormTab/select500_Form' is clicked on

2018-11-30 17:07:29 - [TEST_STEP][PASSED] - Thread.sleep(7000): null

2018-11-30 17:07:36 - [TEST_STEP][PASSED] - FormName.recordFormName(): FormName.recordFormName is PASSED

2018-11-30 17:07:37 - [MESSAGE][PASSED] - FormName.recordFormName is PASSED

2018-11-30 17:07:37 - [TEST_STEP][PASSED] - Thread.sleep(4000): null

2018-11-30 17:07:41 - [TEST_STEP][PASSED] - click(findTestObject("Record/editForm")): Object: 'Object Repository/Record/editForm' is clicked on

2018-11-30 17:07:41 - [MESSAGE][PASSED] - Object: 'Object Repository/Record/editForm' is clicked on

2018-11-30 17:07:41 - [TEST_STEP][PASSED] - Thread.sleep(2000): null

2018-11-30 17:07:43 - [TEST_STEP][PASSED] - setText(findTestObject("FormTab/fillForm_FreeSingleText"), "MyTextEdited"): Text 'MyTextEdited' is set on object 'Object Repository/FormTab/fillForm_FreeSingleText'

2018-11-30 17:07:43 - [MESSAGE][PASSED] - Text 'MyTextEdited' is set on object 'Object Repository/FormTab/fillForm_FreeSingleText'

2018-11-30 17:07:43 - [TEST_STEP][PASSED] - setText(findTestObject("FormTab/fillForm_ParagraphText"), "MyParagraphEdited"): Text 'MyParagraphEdited' is set on object 'Object Repository/FormTab/fillForm_ParagraphText'

2018-11-30 17:07:43 - [MESSAGE][PASSED] - Text 'MyParagraphEdited' is set on object 'Object Repository/FormTab/fillForm_ParagraphText'

2018-11-30 17:07:43 - [TEST_STEP][PASSED] - Thread.sleep(2000): null

2018-11-30 17:07:45 - [TEST_STEP][PASSED] - click(findTestObject("Record/submitButton")): Object: 'Object Repository/Record/submitButton' is clicked on

2018-11-30 17:07:45 - [MESSAGE][PASSED] - Object: 'Object Repository/Record/submitButton' is clicked on

2018-11-30 17:07:45 - [TEST_STEP][PASSED] - Thread.sleep(4000): null

2018-11-30 17:07:49 - [TEST_STEP][PASSED] - setText(findTestObject("Record/commentText"), "This form is edited in record."): Text 'This form is edited in record.' is set on object 'Object Repository/Record/commentText'

2018-11-30 17:07:50 - [MESSAGE][PASSED] - Text 'This form is edited in record.' is set on object 'Object Repository/Record/commentText'

2018-11-30 17:07:50 - [TEST_STEP][PASSED] - Thread.sleep(2000): null

2018-11-30 17:07:52 - [TEST_STEP][PASSED] - click(findTestObject("Record/acceptSubmitButton")): Object: 'Object Repository/Record/acceptSubmitButton' is clicked on

2018-11-30 17:07:57 - [MESSAGE][PASSED] - Object: 'Object Repository/Record/acceptSubmitButton' is clicked on

2018-11-30 17:07:57 - [TEST_STEP][PASSED] - Thread.sleep(6000): null

2018-11-30 17:08:03 - [TEST_STEP][PASSED] - click(findTestObject("Record/okButton")): Object: 'Object Repository/Record/okButton' is clicked on

2018-11-30 17:08:03 - [MESSAGE][PASSED] - Object: 'Object Repository/Record/okButton' is clicked on

2018-11-30 17:08:03 - [TEST_STEP][PASSED] - Thread.sleep(4000): null

2018-11-30 17:08:07 - [TEST_STEP][PASSED] - click(findTestObject("Record/record")): Object: 'Object Repository/Record/record' is clicked on

2018-11-30 17:08:07 - [MESSAGE][PASSED] - Object: 'Object Repository/Record/record' is clicked on

2018-11-30 17:08:07 - [TEST_STEP][PASSED] - Thread.sleep(5000): null

2018-11-30 17:08:12 - [TEST_STEP][NOT_RUN] - click(findTestObject("FormTab/clickToViewMoreOption")): NOT_RUN: click(findTestObject("FormTab/clickToViewMoreOption"))

2018-11-30 17:08:12 - [MESSAGE][NOT_RUN] - NOT_RUN: click(findTestObject("FormTab/clickToViewMoreOption"))

2018-11-30 17:08:12 - [TEST_STEP][NOT_RUN] - Thread.sleep(4000): NOT_RUN: Thread.sleep(4000)

2018-11-30 17:08:12 - [MESSAGE][NOT_RUN] - NOT_RUN: Thread.sleep(4000)

2018-11-30 17:08:12 - [TEST_STEP][NOT_RUN] - waitForElementNotVisible(findTestObject("FormTab/select500_Form"), 5): NOT_RUN: waitForElementNotVisible(findTestObject("FormTab/select500_Form"), 5)

2018-11-30 17:08:12 - [MESSAGE][NOT_RUN] - NOT_RUN: waitForElementNotVisible(findTestObject("FormTab/select500_Form"), 5)

2018-11-30 17:08:12 - [TEST_STEP][NOT_RUN] - click(findTestObject("FormTab/select500_Form")): NOT_RUN: click(findTestObject("FormTab/select500_Form"))

2018-11-30 17:08:12 - [MESSAGE][NOT_RUN] - NOT_RUN: click(findTestObject("FormTab/select500_Form"))

2018-11-30 17:08:12 - [TEST_STEP][NOT_RUN] - Thread.sleep(7000): NOT_RUN: Thread.sleep(7000)

2018-11-30 17:08:12 - [MESSAGE][NOT_RUN] - NOT_RUN: Thread.sleep(7000)

2018-11-30 17:08:12 - [TEST_STEP][PASSED] - FormName.recordFormName(): FormName.recordFormName is PASSED

2018-11-30 17:08:12 - [MESSAGE][PASSED] - FormName.recordFormName is PASSED

2018-11-30 17:08:12 - [TEST_STEP][PASSED] - Thread.sleep(4000): null]]></system-out>
         <system-err><![CDATA[]]></system-err>
      </testcase>
      <system-out><![CDATA[2018-11-30 17:03:35 - [TEST_SUITE][PASSED] - Audit_Form: Test Cases/Forms/AuditForm/3_VerifyingRecord]]></system-out>
      <system-err><![CDATA[]]></system-err>
   </testsuite>
</testsuites>
