<?xml version="1.0" encoding="UTF-8"?>
<testsuites name="UserCheck" time="330" tests="7" failures="0" errors="0">
   <testsuite name="UserCheck" tests="7" failures="0" errors="0" time="330" timestamp="2019-02-26 12:20:01" hostname="pashine_a - Abhishek-Pashine.India.XoriantCorp.com" id="Test Suites/UserCheck">
      <properties>
         <property name="deviceName" value=""/>
         <property name="devicePlatform" value=""/>
         <property name="logFolder" value="D:\\Git Data\\SafetyChain-Test-Automation-Katalon\\Reports\\UserCheck\\20190226_121958"/>
         <property name="logFiles" value="D:\\Git Data\\SafetyChain-Test-Automation-Katalon\\Reports\\UserCheck\\20190226_121958\\execution0.log"/>
         <property name="attachments" value=""/>
         <property name="hostName" value="pashine_a - Abhishek-Pashine.India.XoriantCorp.com"/>
         <property name="os" value="Windows 7 64bit"/>
         <property name="katalonVersion" value="5.10.1.1"/>
         <property name="browser" value="Chrome 72.0.3626.109"/>
         <property name="hostAddress" value="10.21.7.147"/>
         <property name="sessionId" value="7b9df07c1cd05c17fad99cd0b725de0b"/>
         <property name="seleniumVersion" value="3.7.1"/>
         <property name="proxyInformation" value="ProxyInformation{proxyOption=NO_PROXY, proxyServerType=HTTP, password=, proxyServerAddress=, proxyServerPort=0}"/>
         <property name="platform" value="Windows 7"/>
      </properties>
      <testcase name="Test Cases/TestUser/1.CreateUser" classname="Test Cases/TestUser/1.CreateUser" status="PASSED">
         <system-out><![CDATA[2019-02-26 12:20:01 - [TEST_CASE][PASSED] - Test Cases/TestUser/1.CreateUser: Test Cases/TestUser/1.CreateUser

2019-02-26 12:20:02 - [TEST_STEP][PASSED] - openBrowser(URL): Browser is opened with url: 'https://test2.stage.safetychain.com'

2019-02-26 12:20:02 - [MESSAGE][INFO] - Starting 'Chrome' driver

2019-02-26 12:20:02 - [MESSAGE][INFO] - Action delay is set to 0 seconds

2019-02-26 12:20:37 - [MESSAGE][PASSED] - Browser is opened with url: 'https://test2.stage.safetychain.com'

2019-02-26 12:20:37 - [TEST_STEP][PASSED] - maximizeWindow(): Current window maximized

2019-02-26 12:20:38 - [MESSAGE][PASSED] - Current window maximized

2019-02-26 12:20:38 - [TEST_STEP][PASSED] - waitForElementVisible(findTestObject("TestUserLocation/login_Username"), 70): Object 'Object Repository/TestUserLocation/login_Username' is visible

2019-02-26 12:20:42 - [MESSAGE][PASSED] - Object 'Object Repository/TestUserLocation/login_Username' is visible

2019-02-26 12:20:42 - [TEST_STEP][PASSED] - setText(findTestObject("TestUserLocation/login_Username"), UserName): Text 'tester' is set on object 'Object Repository/TestUserLocation/login_Username'

2019-02-26 12:20:42 - [MESSAGE][PASSED] - Text 'tester' is set on object 'Object Repository/TestUserLocation/login_Username'

2019-02-26 12:20:42 - [TEST_STEP][PASSED] - setText(findTestObject("TestUserLocation/login_Password"), Password): Text 'TestSt@ge' is set on object 'Object Repository/TestUserLocation/login_Password'

2019-02-26 12:20:42 - [MESSAGE][PASSED] - Text 'TestSt@ge' is set on object 'Object Repository/TestUserLocation/login_Password'

2019-02-26 12:20:42 - [TEST_STEP][PASSED] - User.setNamePass(): User.setNamePass is PASSED

2019-02-26 12:20:44 - [MESSAGE][PASSED] - User.setNamePass is PASSED

2019-02-26 12:20:44 - [TEST_STEP][PASSED] - click(findTestObject("TestUserLocation/login_Button")): Object: 'Object Repository/TestUserLocation/login_Button' is clicked on

2019-02-26 12:20:46 - [MESSAGE][PASSED] - Object: 'Object Repository/TestUserLocation/login_Button' is clicked on

2019-02-26 12:20:46 - [TEST_STEP][PASSED] - Thread.sleep(6000): null

2019-02-26 12:20:52 - [TEST_STEP][PASSED] - waitForElementClickable(findTestObject("TestUserLocation/mainmenu_button"), 70): Object 'Object Repository/TestUserLocation/mainmenu_button' is clickable

2019-02-26 12:20:52 - [MESSAGE][PASSED] - Object 'Object Repository/TestUserLocation/mainmenu_button' is clickable

2019-02-26 12:20:52 - [TEST_STEP][PASSED] - click(findTestObject("TestUserLocation/mainmenu_button")): Object: 'Object Repository/TestUserLocation/mainmenu_button' is clicked on

2019-02-26 12:20:52 - [MESSAGE][PASSED] - Object: 'Object Repository/TestUserLocation/mainmenu_button' is clicked on

2019-02-26 12:20:52 - [TEST_STEP][PASSED] - click(findTestObject("Form_Selection_Creation/mainMenu_AdminTools")): Object: 'Object Repository/Form_Selection_Creation/mainMenu_AdminTools' is clicked on

2019-02-26 12:20:52 - [MESSAGE][PASSED] - Object: 'Object Repository/Form_Selection_Creation/mainMenu_AdminTools' is clicked on

2019-02-26 12:20:52 - [TEST_STEP][PASSED] - Thread.sleep(2000): null

2019-02-26 12:20:54 - [TEST_STEP][PASSED] - click(findTestObject("TestUser/users")): Object: 'Object Repository/TestUser/users' is clicked on

2019-02-26 12:20:54 - [MESSAGE][PASSED] - Object: 'Object Repository/TestUser/users' is clicked on

2019-02-26 12:20:54 - [TEST_STEP][PASSED] - Thread.sleep(6000): null

2019-02-26 12:21:00 - [TEST_STEP][PASSED] - click(findTestObject("TestUser/addNewUser")): Object: 'Object Repository/TestUser/addNewUser' is clicked on

2019-02-26 12:21:00 - [MESSAGE][PASSED] - Object: 'Object Repository/TestUser/addNewUser' is clicked on

2019-02-26 12:21:00 - [TEST_STEP][PASSED] - Thread.sleep(4000): null

2019-02-26 12:21:04 - [TEST_STEP][PASSED] - setText(findTestObject("TestUser/userName"), findTestData("UserData").getValue("UserName", 1)): Text 'User_On_26/02/19-12:20' is set on object 'Object Repository/TestUser/userName'

2019-02-26 12:21:05 - [MESSAGE][PASSED] - Text 'User_On_26/02/19-12:20' is set on object 'Object Repository/TestUser/userName'

2019-02-26 12:21:05 - [TEST_STEP][PASSED] - setText(findTestObject("TestUser/password"), findTestData("UserData").getValue("Password", 1)): Text 'password' is set on object 'Object Repository/TestUser/password'

2019-02-26 12:21:05 - [MESSAGE][PASSED] - Text 'password' is set on object 'Object Repository/TestUser/password'

2019-02-26 12:21:05 - [TEST_STEP][PASSED] - setText(findTestObject("TestUser/firstName"), "Test"): Text 'Test' is set on object 'Object Repository/TestUser/firstName'

2019-02-26 12:21:05 - [MESSAGE][PASSED] - Text 'Test' is set on object 'Object Repository/TestUser/firstName'

2019-02-26 12:21:05 - [TEST_STEP][PASSED] - setText(findTestObject("TestUser/lastName"), "Auto"): Text 'Auto' is set on object 'Object Repository/TestUser/lastName'

2019-02-26 12:21:05 - [MESSAGE][PASSED] - Text 'Auto' is set on object 'Object Repository/TestUser/lastName'

2019-02-26 12:21:05 - [TEST_STEP][PASSED] - setText(findTestObject("TestUser/email"), "test123@auto.com"): Text 'test123@auto.com' is set on object 'Object Repository/TestUser/email'

2019-02-26 12:21:05 - [MESSAGE][PASSED] - Text 'test123@auto.com' is set on object 'Object Repository/TestUser/email'

2019-02-26 12:21:05 - [TEST_STEP][PASSED] - click(findTestObject("TestUser/timeZoneOpen")): Object: 'Object Repository/TestUser/timeZoneOpen' is clicked on

2019-02-26 12:21:06 - [MESSAGE][PASSED] - Object: 'Object Repository/TestUser/timeZoneOpen' is clicked on

2019-02-26 12:21:06 - [TEST_STEP][PASSED] - Thread.sleep(2000): null

2019-02-26 12:21:08 - [TEST_STEP][PASSED] - click(findTestObject("TestUser/selectTimeZone")): Object: 'Object Repository/TestUser/selectTimeZone' is clicked on

2019-02-26 12:21:08 - [MESSAGE][PASSED] - Object: 'Object Repository/TestUser/selectTimeZone' is clicked on

2019-02-26 12:21:08 - [TEST_STEP][PASSED] - Thread.sleep(2000): null

2019-02-26 12:21:10 - [TEST_STEP][PASSED] - click(findTestObject("TestUser/clickOutside")): Object: 'Object Repository/TestUser/clickOutside' is clicked on

2019-02-26 12:21:10 - [MESSAGE][PASSED] - Object: 'Object Repository/TestUser/clickOutside' is clicked on

2019-02-26 12:21:10 - [TEST_STEP][PASSED] - click(findTestObject("TestUser/locationOpen")): Object: 'Object Repository/TestUser/locationOpen' is clicked on

2019-02-26 12:21:10 - [MESSAGE][PASSED] - Object: 'Object Repository/TestUser/locationOpen' is clicked on

2019-02-26 12:21:10 - [TEST_STEP][PASSED] - Thread.sleep(2000): null

2019-02-26 12:21:12 - [TEST_STEP][PASSED] - click(findTestObject("TestUser/selectLocation")): Object: 'Object Repository/TestUser/selectLocation' is clicked on

2019-02-26 12:21:12 - [MESSAGE][PASSED] - Object: 'Object Repository/TestUser/selectLocation' is clicked on

2019-02-26 12:21:12 - [TEST_STEP][PASSED] - Thread.sleep(2000): null

2019-02-26 12:21:14 - [TEST_STEP][PASSED] - click(findTestObject("TestUser/clickOutside")): Object: 'Object Repository/TestUser/clickOutside' is clicked on

2019-02-26 12:21:14 - [MESSAGE][PASSED] - Object: 'Object Repository/TestUser/clickOutside' is clicked on

2019-02-26 12:21:14 - [TEST_STEP][PASSED] - click(findTestObject("TestUser/roleOpen")): Object: 'Object Repository/TestUser/roleOpen' is clicked on

2019-02-26 12:21:15 - [MESSAGE][PASSED] - Object: 'Object Repository/TestUser/roleOpen' is clicked on

2019-02-26 12:21:15 - [TEST_STEP][PASSED] - Thread.sleep(2000): null

2019-02-26 12:21:17 - [TEST_STEP][PASSED] - setText(findTestObject("TestUser/selectRole"), "Superadmin"): Text 'Superadmin' is set on object 'Object Repository/TestUser/selectRole'

2019-02-26 12:21:17 - [MESSAGE][PASSED] - Text 'Superadmin' is set on object 'Object Repository/TestUser/selectRole'

2019-02-26 12:21:17 - [TEST_STEP][PASSED] - Thread.sleep(2000): null

2019-02-26 12:21:19 - [TEST_STEP][PASSED] - sendKeys(findTestObject("TestUser/selectRole"), Keys.chord(ENTER)): Keys 'ENTER + ' sent to object: 'Object Repository/TestUser/selectRole'

2019-02-26 12:21:19 - [MESSAGE][PASSED] - Keys 'ENTER + ' sent to object: 'Object Repository/TestUser/selectRole'

2019-02-26 12:21:19 - [TEST_STEP][PASSED] - Thread.sleep(2000): null

2019-02-26 12:21:21 - [TEST_STEP][PASSED] - AdminTool_Location.moveCursor(): AdminTool_Location.moveCursor is PASSED

2019-02-26 12:21:21 - [MESSAGE][PASSED] - AdminTool_Location.moveCursor is PASSED

2019-02-26 12:21:21 - [TEST_STEP][PASSED] - Thread.sleep(2000): null

2019-02-26 12:21:23 - [TEST_STEP][PASSED] - click(findTestObject("TestUser/clickOutside")): Object: 'Object Repository/TestUser/clickOutside' is clicked on

2019-02-26 12:21:23 - [MESSAGE][PASSED] - Object: 'Object Repository/TestUser/clickOutside' is clicked on

2019-02-26 12:21:23 - [TEST_STEP][PASSED] - Thread.sleep(2000): null

2019-02-26 12:21:25 - [TEST_STEP][PASSED] - click(findTestObject("TestUser/saveUser")): Object: 'Object Repository/TestUser/saveUser' is clicked on

2019-02-26 12:21:25 - [MESSAGE][PASSED] - Object: 'Object Repository/TestUser/saveUser' is clicked on

2019-02-26 12:21:25 - [TEST_STEP][PASSED] - Thread.sleep(2000): null

2019-02-26 12:21:27 - [TEST_STEP][PASSED] - waitForElementClickable(findTestObject("TestUser/clickToCheck"), 30): Object 'Object Repository/TestUser/clickToCheck' is clickable

2019-02-26 12:21:27 - [MESSAGE][PASSED] - Object 'Object Repository/TestUser/clickToCheck' is clickable

2019-02-26 12:21:27 - [TEST_STEP][PASSED] - waitForElementClickable(findTestObject("TestUser/checkfirstUser"), 30): Object 'Object Repository/TestUser/checkfirstUser' is clickable

2019-02-26 12:21:27 - [MESSAGE][PASSED] - Object 'Object Repository/TestUser/checkfirstUser' is clickable

2019-02-26 12:21:27 - [TEST_STEP][PASSED] - Thread.sleep(6000): null

2019-02-26 12:21:33 - [TEST_STEP][PASSED] - click(findTestObject("TestUser/clickToCheck")): Object: 'Object Repository/TestUser/clickToCheck' is clicked on

2019-02-26 12:21:34 - [MESSAGE][PASSED] - Object: 'Object Repository/TestUser/clickToCheck' is clicked on

2019-02-26 12:21:34 - [TEST_STEP][PASSED] - Thread.sleep(2000): null

2019-02-26 12:21:36 - [TEST_STEP][PASSED] - click(findTestObject("TestUser/logoutUser")): Object: 'Object Repository/TestUser/logoutUser' is clicked on

2019-02-26 12:21:39 - [MESSAGE][PASSED] - Object: 'Object Repository/TestUser/logoutUser' is clicked on

2019-02-26 12:21:39 - [TEST_STEP][PASSED] - Thread.sleep(2000): null]]></system-out>
         <system-err><![CDATA[]]></system-err>
      </testcase>
      <testcase name="Test Cases/TestUser/userFirstLogin" classname="Test Cases/TestUser/userFirstLogin" status="PASSED">
         <system-out><![CDATA[2019-02-26 12:21:41 - [TEST_CASE][PASSED] - Test Cases/TestUser/userFirstLogin: Test Cases/TestUser/userFirstLogin

2019-02-26 12:21:42 - [TEST_STEP][NOT_RUN] - openBrowser(URL): NOT_RUN: openBrowser(URL)

2019-02-26 12:21:42 - [MESSAGE][NOT_RUN] - NOT_RUN: openBrowser(URL)

2019-02-26 12:21:42 - [TEST_STEP][NOT_RUN] - maximizeWindow(): NOT_RUN: maximizeWindow()

2019-02-26 12:21:42 - [MESSAGE][NOT_RUN] - NOT_RUN: maximizeWindow()

2019-02-26 12:21:42 - [TEST_STEP][PASSED] - Thread.sleep(4000): null

2019-02-26 12:21:46 - [TEST_STEP][PASSED] - setText(findTestObject("TestUserLocation/login_Username"), findTestData("UserData").getValue("UserName", 1)): Text 'User_On_26/02/19-12:20' is set on object 'Object Repository/TestUserLocation/login_Username'

2019-02-26 12:21:46 - [MESSAGE][PASSED] - Text 'User_On_26/02/19-12:20' is set on object 'Object Repository/TestUserLocation/login_Username'

2019-02-26 12:21:46 - [TEST_STEP][PASSED] - User.setNewPass(): User.setNewPass is PASSED

2019-02-26 12:21:46 - [MESSAGE][PASSED] - User.setNewPass is PASSED

2019-02-26 12:21:46 - [TEST_STEP][PASSED] - setText(findTestObject("TestUserLocation/login_Password"), findTestData("UserData").getValue("Password", 1)): Text 'password' is set on object 'Object Repository/TestUserLocation/login_Password'

2019-02-26 12:21:46 - [MESSAGE][PASSED] - Text 'password' is set on object 'Object Repository/TestUserLocation/login_Password'

2019-02-26 12:21:46 - [TEST_STEP][PASSED] - Thread.sleep(2000): null

2019-02-26 12:21:48 - [TEST_STEP][PASSED] - click(findTestObject("TestUserLocation/login_Button")): Object: 'Object Repository/TestUserLocation/login_Button' is clicked on

2019-02-26 12:21:49 - [MESSAGE][PASSED] - Object: 'Object Repository/TestUserLocation/login_Button' is clicked on

2019-02-26 12:21:49 - [TEST_STEP][PASSED] - Thread.sleep(6000): null

2019-02-26 12:21:55 - [TEST_STEP][PASSED] - setText(findTestObject("TestUser/newPassword"), "a"): Text 'a' is set on object 'Object Repository/TestUser/newPassword'

2019-02-26 12:21:55 - [MESSAGE][PASSED] - Text 'a' is set on object 'Object Repository/TestUser/newPassword'

2019-02-26 12:21:55 - [TEST_STEP][PASSED] - setText(findTestObject("TestUser/confirmPassword"), "b"): Text 'b' is set on object 'Object Repository/TestUser/confirmPassword'

2019-02-26 12:21:55 - [MESSAGE][PASSED] - Text 'b' is set on object 'Object Repository/TestUser/confirmPassword'

2019-02-26 12:21:55 - [TEST_STEP][PASSED] - Thread.sleep(2000): null

2019-02-26 12:21:57 - [TEST_STEP][PASSED] - click(findTestObject("TestUser/createPasswordButton")): Object: 'Object Repository/TestUser/createPasswordButton' is clicked on

2019-02-26 12:21:57 - [MESSAGE][PASSED] - Object: 'Object Repository/TestUser/createPasswordButton' is clicked on

2019-02-26 12:21:57 - [TEST_STEP][PASSED] - Thread.sleep(4000): null

2019-02-26 12:22:01 - [TEST_STEP][PASSED] - click(findTestObject("TestUser/passwordMatch")): Object: 'Object Repository/TestUser/passwordMatch' is clicked on

2019-02-26 12:22:01 - [MESSAGE][PASSED] - Object: 'Object Repository/TestUser/passwordMatch' is clicked on

2019-02-26 12:22:01 - [TEST_STEP][PASSED] - setText(findTestObject("TestUser/newPassword"), "a"): Text 'a' is set on object 'Object Repository/TestUser/newPassword'

2019-02-26 12:22:01 - [MESSAGE][PASSED] - Text 'a' is set on object 'Object Repository/TestUser/newPassword'

2019-02-26 12:22:01 - [TEST_STEP][PASSED] - setText(findTestObject("TestUser/confirmPassword"), "a"): Text 'a' is set on object 'Object Repository/TestUser/confirmPassword'

2019-02-26 12:22:02 - [MESSAGE][PASSED] - Text 'a' is set on object 'Object Repository/TestUser/confirmPassword'

2019-02-26 12:22:02 - [TEST_STEP][PASSED] - Thread.sleep(2000): null

2019-02-26 12:22:04 - [TEST_STEP][PASSED] - AdminTool_Location.moveCursor(): AdminTool_Location.moveCursor is PASSED

2019-02-26 12:22:04 - [MESSAGE][PASSED] - AdminTool_Location.moveCursor is PASSED

2019-02-26 12:22:04 - [TEST_STEP][PASSED] - Thread.sleep(2000): null

2019-02-26 12:22:06 - [TEST_STEP][PASSED] - click(findTestObject("TestUser/createPasswordButton")): Object: 'Object Repository/TestUser/createPasswordButton' is clicked on

2019-02-26 12:22:06 - [MESSAGE][PASSED] - Object: 'Object Repository/TestUser/createPasswordButton' is clicked on

2019-02-26 12:22:06 - [TEST_STEP][PASSED] - Thread.sleep(4000): null

2019-02-26 12:22:10 - [TEST_STEP][PASSED] - click(findTestObject("TestUser/characterLength")): Object: 'Object Repository/TestUser/characterLength' is clicked on

2019-02-26 12:22:10 - [MESSAGE][PASSED] - Object: 'Object Repository/TestUser/characterLength' is clicked on

2019-02-26 12:22:10 - [TEST_STEP][PASSED] - setText(findTestObject("TestUser/newPassword"), findTestData("UserData").getValue("Password", 1)): Text 'password' is set on object 'Object Repository/TestUser/newPassword'

2019-02-26 12:22:10 - [MESSAGE][PASSED] - Text 'password' is set on object 'Object Repository/TestUser/newPassword'

2019-02-26 12:22:10 - [TEST_STEP][PASSED] - setText(findTestObject("TestUser/confirmPassword"), findTestData("UserData").getValue("Password", 1)): Text 'password' is set on object 'Object Repository/TestUser/confirmPassword'

2019-02-26 12:22:10 - [MESSAGE][PASSED] - Text 'password' is set on object 'Object Repository/TestUser/confirmPassword'

2019-02-26 12:22:10 - [TEST_STEP][PASSED] - Thread.sleep(2000): null

2019-02-26 12:22:12 - [TEST_STEP][PASSED] - click(findTestObject("TestUser/createPasswordButton")): Object: 'Object Repository/TestUser/createPasswordButton' is clicked on

2019-02-26 12:22:13 - [MESSAGE][PASSED] - Object: 'Object Repository/TestUser/createPasswordButton' is clicked on

2019-02-26 12:22:13 - [TEST_STEP][PASSED] - Thread.sleep(4000): null

2019-02-26 12:22:17 - [TEST_STEP][PASSED] - click(findTestObject("TestUser/specialCharacater")): Object: 'Object Repository/TestUser/specialCharacater' is clicked on

2019-02-26 12:22:17 - [MESSAGE][PASSED] - Object: 'Object Repository/TestUser/specialCharacater' is clicked on

2019-02-26 12:22:17 - [TEST_STEP][PASSED] - setText(findTestObject("TestUser/newPassword"), findTestData("UserData").getValue("NewPassword", 1)): Text 'password@123#' is set on object 'Object Repository/TestUser/newPassword'

2019-02-26 12:22:17 - [MESSAGE][PASSED] - Text 'password@123#' is set on object 'Object Repository/TestUser/newPassword'

2019-02-26 12:22:17 - [TEST_STEP][PASSED] - setText(findTestObject("TestUser/confirmPassword"), findTestData("UserData").getValue("NewPassword", 1)): Text 'password@123#' is set on object 'Object Repository/TestUser/confirmPassword'

2019-02-26 12:22:18 - [MESSAGE][PASSED] - Text 'password@123#' is set on object 'Object Repository/TestUser/confirmPassword'

2019-02-26 12:22:18 - [TEST_STEP][PASSED] - Thread.sleep(2000): null

2019-02-26 12:22:20 - [TEST_STEP][PASSED] - click(findTestObject("TestUser/createPasswordButton")): Object: 'Object Repository/TestUser/createPasswordButton' is clicked on

2019-02-26 12:22:21 - [MESSAGE][PASSED] - Object: 'Object Repository/TestUser/createPasswordButton' is clicked on

2019-02-26 12:22:21 - [TEST_STEP][PASSED] - Thread.sleep(4000): null

2019-02-26 12:22:25 - [TEST_STEP][PASSED] - setText(findTestObject("TestUserLocation/login_Username"), findTestData("UserData").getValue("UserName", 1)): Text 'User_On_26/02/19-12:20' is set on object 'Object Repository/TestUserLocation/login_Username'

2019-02-26 12:22:25 - [MESSAGE][PASSED] - Text 'User_On_26/02/19-12:20' is set on object 'Object Repository/TestUserLocation/login_Username'

2019-02-26 12:22:25 - [TEST_STEP][PASSED] - setText(findTestObject("TestUserLocation/login_Password"), findTestData("UserData").getValue("NewPassword", 1)): Text 'password@123#' is set on object 'Object Repository/TestUserLocation/login_Password'

2019-02-26 12:22:26 - [MESSAGE][PASSED] - Text 'password@123#' is set on object 'Object Repository/TestUserLocation/login_Password'

2019-02-26 12:22:26 - [TEST_STEP][PASSED] - Thread.sleep(2000): null

2019-02-26 12:22:28 - [TEST_STEP][PASSED] - click(findTestObject("TestUserLocation/login_Button")): Object: 'Object Repository/TestUserLocation/login_Button' is clicked on

2019-02-26 12:22:30 - [MESSAGE][PASSED] - Object: 'Object Repository/TestUserLocation/login_Button' is clicked on

2019-02-26 12:22:30 - [TEST_STEP][PASSED] - waitForElementClickable(findTestObject("TestUser/clickToCheck"), 70): Object 'Object Repository/TestUser/clickToCheck' is clickable

2019-02-26 12:22:32 - [MESSAGE][PASSED] - Object 'Object Repository/TestUser/clickToCheck' is clickable

2019-02-26 12:22:32 - [TEST_STEP][PASSED] - Thread.sleep(4000): null

2019-02-26 12:22:36 - [TEST_STEP][PASSED] - click(findTestObject("TestUser/clickToCheck")): Object: 'Object Repository/TestUser/clickToCheck' is clicked on

2019-02-26 12:22:36 - [MESSAGE][PASSED] - Object: 'Object Repository/TestUser/clickToCheck' is clicked on

2019-02-26 12:22:36 - [TEST_STEP][PASSED] - Thread.sleep(2000): null

2019-02-26 12:22:38 - [TEST_STEP][PASSED] - click(findTestObject("TestUser/logoutUser")): Object: 'Object Repository/TestUser/logoutUser' is clicked on

2019-02-26 12:22:39 - [MESSAGE][PASSED] - Object: 'Object Repository/TestUser/logoutUser' is clicked on]]></system-out>
         <system-err><![CDATA[]]></system-err>
      </testcase>
      <testcase name="Test Cases/TestUser/CheckUser_Invalid" classname="Test Cases/TestUser/CheckUser_Invalid" status="PASSED">
         <system-out><![CDATA[2019-02-26 12:22:39 - [TEST_CASE][PASSED] - Test Cases/TestUser/CheckUser_Invalid: Test Cases/TestUser/CheckUser_Invalid

2019-02-26 12:22:39 - [TEST_STEP][NOT_RUN] - openBrowser(URL): NOT_RUN: openBrowser(URL)

2019-02-26 12:22:39 - [MESSAGE][NOT_RUN] - NOT_RUN: openBrowser(URL)

2019-02-26 12:22:39 - [TEST_STEP][NOT_RUN] - maximizeWindow(): NOT_RUN: maximizeWindow()

2019-02-26 12:22:39 - [MESSAGE][NOT_RUN] - NOT_RUN: maximizeWindow()

2019-02-26 12:22:39 - [TEST_STEP][PASSED] - for (def index : (0..10)): null

2019-02-26 12:22:39 - [TEST_STEP][PASSED] - setText(findTestObject("TestUserLocation/login_Username"), findTestData("UserData").getValue("UserName", 1)): Text 'User_On_26/02/19-12:20' is set on object 'Object Repository/TestUserLocation/login_Username'

2019-02-26 12:22:41 - [MESSAGE][PASSED] - Text 'User_On_26/02/19-12:20' is set on object 'Object Repository/TestUserLocation/login_Username'

2019-02-26 12:22:41 - [TEST_STEP][PASSED] - setText(findTestObject("TestUserLocation/login_Password"), findTestData("UserData").getValue("Password", 1)): Text 'password' is set on object 'Object Repository/TestUserLocation/login_Password'

2019-02-26 12:22:42 - [MESSAGE][PASSED] - Text 'password' is set on object 'Object Repository/TestUserLocation/login_Password'

2019-02-26 12:22:42 - [TEST_STEP][PASSED] - click(findTestObject("TestUserLocation/login_Button")): Object: 'Object Repository/TestUserLocation/login_Button' is clicked on

2019-02-26 12:22:42 - [MESSAGE][PASSED] - Object: 'Object Repository/TestUserLocation/login_Button' is clicked on

2019-02-26 12:22:42 - [TEST_STEP][PASSED] - Thread.sleep(2000): null

2019-02-26 12:22:44 - [TEST_STEP][PASSED] - setText(findTestObject("TestUserLocation/login_Username"), findTestData("UserData").getValue("UserName", 1)): Text 'User_On_26/02/19-12:20' is set on object 'Object Repository/TestUserLocation/login_Username'

2019-02-26 12:22:44 - [MESSAGE][PASSED] - Text 'User_On_26/02/19-12:20' is set on object 'Object Repository/TestUserLocation/login_Username'

2019-02-26 12:22:44 - [TEST_STEP][PASSED] - setText(findTestObject("TestUserLocation/login_Password"), findTestData("UserData").getValue("Password", 1)): Text 'password' is set on object 'Object Repository/TestUserLocation/login_Password'

2019-02-26 12:22:44 - [MESSAGE][PASSED] - Text 'password' is set on object 'Object Repository/TestUserLocation/login_Password'

2019-02-26 12:22:44 - [TEST_STEP][PASSED] - click(findTestObject("TestUserLocation/login_Button")): Object: 'Object Repository/TestUserLocation/login_Button' is clicked on

2019-02-26 12:22:45 - [MESSAGE][PASSED] - Object: 'Object Repository/TestUserLocation/login_Button' is clicked on

2019-02-26 12:22:45 - [TEST_STEP][PASSED] - Thread.sleep(2000): null

2019-02-26 12:22:47 - [TEST_STEP][PASSED] - setText(findTestObject("TestUserLocation/login_Username"), findTestData("UserData").getValue("UserName", 1)): Text 'User_On_26/02/19-12:20' is set on object 'Object Repository/TestUserLocation/login_Username'

2019-02-26 12:22:47 - [MESSAGE][PASSED] - Text 'User_On_26/02/19-12:20' is set on object 'Object Repository/TestUserLocation/login_Username'

2019-02-26 12:22:47 - [TEST_STEP][PASSED] - setText(findTestObject("TestUserLocation/login_Password"), findTestData("UserData").getValue("Password", 1)): Text 'password' is set on object 'Object Repository/TestUserLocation/login_Password'

2019-02-26 12:22:47 - [MESSAGE][PASSED] - Text 'password' is set on object 'Object Repository/TestUserLocation/login_Password'

2019-02-26 12:22:47 - [TEST_STEP][PASSED] - click(findTestObject("TestUserLocation/login_Button")): Object: 'Object Repository/TestUserLocation/login_Button' is clicked on

2019-02-26 12:22:48 - [MESSAGE][PASSED] - Object: 'Object Repository/TestUserLocation/login_Button' is clicked on

2019-02-26 12:22:48 - [TEST_STEP][PASSED] - Thread.sleep(2000): null

2019-02-26 12:22:50 - [TEST_STEP][PASSED] - setText(findTestObject("TestUserLocation/login_Username"), findTestData("UserData").getValue("UserName", 1)): Text 'User_On_26/02/19-12:20' is set on object 'Object Repository/TestUserLocation/login_Username'

2019-02-26 12:22:50 - [MESSAGE][PASSED] - Text 'User_On_26/02/19-12:20' is set on object 'Object Repository/TestUserLocation/login_Username'

2019-02-26 12:22:50 - [TEST_STEP][PASSED] - setText(findTestObject("TestUserLocation/login_Password"), findTestData("UserData").getValue("Password", 1)): Text 'password' is set on object 'Object Repository/TestUserLocation/login_Password'

2019-02-26 12:22:50 - [MESSAGE][PASSED] - Text 'password' is set on object 'Object Repository/TestUserLocation/login_Password'

2019-02-26 12:22:50 - [TEST_STEP][PASSED] - click(findTestObject("TestUserLocation/login_Button")): Object: 'Object Repository/TestUserLocation/login_Button' is clicked on

2019-02-26 12:22:50 - [MESSAGE][PASSED] - Object: 'Object Repository/TestUserLocation/login_Button' is clicked on

2019-02-26 12:22:50 - [TEST_STEP][PASSED] - Thread.sleep(2000): null

2019-02-26 12:22:52 - [TEST_STEP][PASSED] - setText(findTestObject("TestUserLocation/login_Username"), findTestData("UserData").getValue("UserName", 1)): Text 'User_On_26/02/19-12:20' is set on object 'Object Repository/TestUserLocation/login_Username'

2019-02-26 12:22:53 - [MESSAGE][PASSED] - Text 'User_On_26/02/19-12:20' is set on object 'Object Repository/TestUserLocation/login_Username'

2019-02-26 12:22:53 - [TEST_STEP][PASSED] - setText(findTestObject("TestUserLocation/login_Password"), findTestData("UserData").getValue("Password", 1)): Text 'password' is set on object 'Object Repository/TestUserLocation/login_Password'

2019-02-26 12:22:53 - [MESSAGE][PASSED] - Text 'password' is set on object 'Object Repository/TestUserLocation/login_Password'

2019-02-26 12:22:53 - [TEST_STEP][PASSED] - click(findTestObject("TestUserLocation/login_Button")): Object: 'Object Repository/TestUserLocation/login_Button' is clicked on

2019-02-26 12:22:53 - [MESSAGE][PASSED] - Object: 'Object Repository/TestUserLocation/login_Button' is clicked on

2019-02-26 12:22:53 - [TEST_STEP][PASSED] - Thread.sleep(2000): null

2019-02-26 12:22:55 - [TEST_STEP][PASSED] - setText(findTestObject("TestUserLocation/login_Username"), findTestData("UserData").getValue("UserName", 1)): Text 'User_On_26/02/19-12:20' is set on object 'Object Repository/TestUserLocation/login_Username'

2019-02-26 12:22:55 - [MESSAGE][PASSED] - Text 'User_On_26/02/19-12:20' is set on object 'Object Repository/TestUserLocation/login_Username'

2019-02-26 12:22:55 - [TEST_STEP][PASSED] - setText(findTestObject("TestUserLocation/login_Password"), findTestData("UserData").getValue("Password", 1)): Text 'password' is set on object 'Object Repository/TestUserLocation/login_Password'

2019-02-26 12:22:56 - [MESSAGE][PASSED] - Text 'password' is set on object 'Object Repository/TestUserLocation/login_Password'

2019-02-26 12:22:56 - [TEST_STEP][PASSED] - click(findTestObject("TestUserLocation/login_Button")): Object: 'Object Repository/TestUserLocation/login_Button' is clicked on

2019-02-26 12:22:56 - [MESSAGE][PASSED] - Object: 'Object Repository/TestUserLocation/login_Button' is clicked on

2019-02-26 12:22:56 - [TEST_STEP][PASSED] - Thread.sleep(2000): null

2019-02-26 12:22:58 - [TEST_STEP][PASSED] - setText(findTestObject("TestUserLocation/login_Username"), findTestData("UserData").getValue("UserName", 1)): Text 'User_On_26/02/19-12:20' is set on object 'Object Repository/TestUserLocation/login_Username'

2019-02-26 12:22:58 - [MESSAGE][PASSED] - Text 'User_On_26/02/19-12:20' is set on object 'Object Repository/TestUserLocation/login_Username'

2019-02-26 12:22:58 - [TEST_STEP][PASSED] - setText(findTestObject("TestUserLocation/login_Password"), findTestData("UserData").getValue("Password", 1)): Text 'password' is set on object 'Object Repository/TestUserLocation/login_Password'

2019-02-26 12:22:58 - [MESSAGE][PASSED] - Text 'password' is set on object 'Object Repository/TestUserLocation/login_Password'

2019-02-26 12:22:58 - [TEST_STEP][PASSED] - click(findTestObject("TestUserLocation/login_Button")): Object: 'Object Repository/TestUserLocation/login_Button' is clicked on

2019-02-26 12:22:59 - [MESSAGE][PASSED] - Object: 'Object Repository/TestUserLocation/login_Button' is clicked on

2019-02-26 12:22:59 - [TEST_STEP][PASSED] - Thread.sleep(2000): null

2019-02-26 12:23:01 - [TEST_STEP][PASSED] - setText(findTestObject("TestUserLocation/login_Username"), findTestData("UserData").getValue("UserName", 1)): Text 'User_On_26/02/19-12:20' is set on object 'Object Repository/TestUserLocation/login_Username'

2019-02-26 12:23:01 - [MESSAGE][PASSED] - Text 'User_On_26/02/19-12:20' is set on object 'Object Repository/TestUserLocation/login_Username'

2019-02-26 12:23:01 - [TEST_STEP][PASSED] - setText(findTestObject("TestUserLocation/login_Password"), findTestData("UserData").getValue("Password", 1)): Text 'password' is set on object 'Object Repository/TestUserLocation/login_Password'

2019-02-26 12:23:01 - [MESSAGE][PASSED] - Text 'password' is set on object 'Object Repository/TestUserLocation/login_Password'

2019-02-26 12:23:01 - [TEST_STEP][PASSED] - click(findTestObject("TestUserLocation/login_Button")): Object: 'Object Repository/TestUserLocation/login_Button' is clicked on

2019-02-26 12:23:02 - [MESSAGE][PASSED] - Object: 'Object Repository/TestUserLocation/login_Button' is clicked on

2019-02-26 12:23:02 - [TEST_STEP][PASSED] - Thread.sleep(2000): null

2019-02-26 12:23:04 - [TEST_STEP][PASSED] - setText(findTestObject("TestUserLocation/login_Username"), findTestData("UserData").getValue("UserName", 1)): Text 'User_On_26/02/19-12:20' is set on object 'Object Repository/TestUserLocation/login_Username'

2019-02-26 12:23:04 - [MESSAGE][PASSED] - Text 'User_On_26/02/19-12:20' is set on object 'Object Repository/TestUserLocation/login_Username'

2019-02-26 12:23:04 - [TEST_STEP][PASSED] - setText(findTestObject("TestUserLocation/login_Password"), findTestData("UserData").getValue("Password", 1)): Text 'password' is set on object 'Object Repository/TestUserLocation/login_Password'

2019-02-26 12:23:04 - [MESSAGE][PASSED] - Text 'password' is set on object 'Object Repository/TestUserLocation/login_Password'

2019-02-26 12:23:04 - [TEST_STEP][PASSED] - click(findTestObject("TestUserLocation/login_Button")): Object: 'Object Repository/TestUserLocation/login_Button' is clicked on

2019-02-26 12:23:05 - [MESSAGE][PASSED] - Object: 'Object Repository/TestUserLocation/login_Button' is clicked on

2019-02-26 12:23:05 - [TEST_STEP][PASSED] - Thread.sleep(2000): null

2019-02-26 12:23:07 - [TEST_STEP][PASSED] - setText(findTestObject("TestUserLocation/login_Username"), findTestData("UserData").getValue("UserName", 1)): Text 'User_On_26/02/19-12:20' is set on object 'Object Repository/TestUserLocation/login_Username'

2019-02-26 12:23:07 - [MESSAGE][PASSED] - Text 'User_On_26/02/19-12:20' is set on object 'Object Repository/TestUserLocation/login_Username'

2019-02-26 12:23:07 - [TEST_STEP][PASSED] - setText(findTestObject("TestUserLocation/login_Password"), findTestData("UserData").getValue("Password", 1)): Text 'password' is set on object 'Object Repository/TestUserLocation/login_Password'

2019-02-26 12:23:07 - [MESSAGE][PASSED] - Text 'password' is set on object 'Object Repository/TestUserLocation/login_Password'

2019-02-26 12:23:07 - [TEST_STEP][PASSED] - click(findTestObject("TestUserLocation/login_Button")): Object: 'Object Repository/TestUserLocation/login_Button' is clicked on

2019-02-26 12:23:08 - [MESSAGE][PASSED] - Object: 'Object Repository/TestUserLocation/login_Button' is clicked on

2019-02-26 12:23:08 - [TEST_STEP][PASSED] - Thread.sleep(2000): null

2019-02-26 12:23:10 - [TEST_STEP][PASSED] - setText(findTestObject("TestUserLocation/login_Username"), findTestData("UserData").getValue("UserName", 1)): Text 'User_On_26/02/19-12:20' is set on object 'Object Repository/TestUserLocation/login_Username'

2019-02-26 12:23:10 - [MESSAGE][PASSED] - Text 'User_On_26/02/19-12:20' is set on object 'Object Repository/TestUserLocation/login_Username'

2019-02-26 12:23:10 - [TEST_STEP][PASSED] - setText(findTestObject("TestUserLocation/login_Password"), findTestData("UserData").getValue("Password", 1)): Text 'password' is set on object 'Object Repository/TestUserLocation/login_Password'

2019-02-26 12:23:10 - [MESSAGE][PASSED] - Text 'password' is set on object 'Object Repository/TestUserLocation/login_Password'

2019-02-26 12:23:10 - [TEST_STEP][PASSED] - click(findTestObject("TestUserLocation/login_Button")): Object: 'Object Repository/TestUserLocation/login_Button' is clicked on

2019-02-26 12:23:10 - [MESSAGE][PASSED] - Object: 'Object Repository/TestUserLocation/login_Button' is clicked on

2019-02-26 12:23:10 - [TEST_STEP][PASSED] - Thread.sleep(2000): null

2019-02-26 12:23:12 - [TEST_STEP][PASSED] - click(findTestObject("TestUser/lockedAccount")): Object: 'Object Repository/TestUser/lockedAccount' is clicked on

2019-02-26 12:23:12 - [MESSAGE][PASSED] - Object: 'Object Repository/TestUser/lockedAccount' is clicked on

2019-02-26 12:23:12 - [TEST_STEP][PASSED] - Thread.sleep(6000): null

2019-02-26 12:23:18 - [TEST_STEP][NOT_RUN] - click(findTestObject("TestUser/clickToCheck")): NOT_RUN: click(findTestObject("TestUser/clickToCheck"))

2019-02-26 12:23:18 - [MESSAGE][NOT_RUN] - NOT_RUN: click(findTestObject("TestUser/clickToCheck"))

2019-02-26 12:23:18 - [TEST_STEP][NOT_RUN] - Thread.sleep(2000): NOT_RUN: Thread.sleep(2000)

2019-02-26 12:23:18 - [MESSAGE][NOT_RUN] - NOT_RUN: Thread.sleep(2000)

2019-02-26 12:23:18 - [TEST_STEP][NOT_RUN] - click(findTestObject("TestUser/logoutUser")): NOT_RUN: click(findTestObject("TestUser/logoutUser"))

2019-02-26 12:23:18 - [MESSAGE][NOT_RUN] - NOT_RUN: click(findTestObject("TestUser/logoutUser"))

2019-02-26 12:23:18 - [TEST_STEP][NOT_RUN] - setText(findTestObject("TestUserLocation/login_Username"), findTestData("UserData").getValue("UserName", 1)): NOT_RUN: setText(findTestObject("TestUserLocation/login_Username"), findTestData("UserData").getValue("UserName", 1))

2019-02-26 12:23:18 - [MESSAGE][NOT_RUN] - NOT_RUN: setText(findTestObject("TestUserLocation/login_Username"), findTestData("UserData").getValue("UserName", 1))

2019-02-26 12:23:18 - [TEST_STEP][NOT_RUN] - setText(findTestObject("TestUserLocation/login_Password"), findTestData("UserData").getValue("NewPassword", 1)): NOT_RUN: setText(findTestObject("TestUserLocation/login_Password"), findTestData("UserData").getValue("NewPassword", 1))

2019-02-26 12:23:18 - [MESSAGE][NOT_RUN] - NOT_RUN: setText(findTestObject("TestUserLocation/login_Password"), findTestData("UserData").getValue("NewPassword", 1))

2019-02-26 12:23:18 - [TEST_STEP][NOT_RUN] - click(findTestObject("TestUserLocation/login_Button")): NOT_RUN: click(findTestObject("TestUserLocation/login_Button"))

2019-02-26 12:23:18 - [MESSAGE][NOT_RUN] - NOT_RUN: click(findTestObject("TestUserLocation/login_Button"))]]></system-out>
         <system-err><![CDATA[]]></system-err>
      </testcase>
      <testcase name="Test Cases/TestUser/UnlockUser" classname="Test Cases/TestUser/UnlockUser" status="PASSED">
         <system-out><![CDATA[2019-02-26 12:23:18 - [TEST_CASE][PASSED] - Test Cases/TestUser/UnlockUser: Test Cases/TestUser/UnlockUser

2019-02-26 12:23:19 - [TEST_STEP][NOT_RUN] - openBrowser(URL): NOT_RUN: openBrowser(URL)

2019-02-26 12:23:19 - [MESSAGE][NOT_RUN] - NOT_RUN: openBrowser(URL)

2019-02-26 12:23:19 - [TEST_STEP][NOT_RUN] - maximizeWindow(): NOT_RUN: maximizeWindow()

2019-02-26 12:23:19 - [MESSAGE][NOT_RUN] - NOT_RUN: maximizeWindow()

2019-02-26 12:23:19 - [TEST_STEP][PASSED] - Thread.sleep(2000): null

2019-02-26 12:23:21 - [TEST_STEP][PASSED] - setText(findTestObject("TestUserLocation/login_Username"), UserName): Text 'tester' is set on object 'Object Repository/TestUserLocation/login_Username'

2019-02-26 12:23:21 - [MESSAGE][PASSED] - Text 'tester' is set on object 'Object Repository/TestUserLocation/login_Username'

2019-02-26 12:23:21 - [TEST_STEP][PASSED] - setText(findTestObject("TestUserLocation/login_Password"), Password): Text 'TestSt@ge' is set on object 'Object Repository/TestUserLocation/login_Password'

2019-02-26 12:23:21 - [MESSAGE][PASSED] - Text 'TestSt@ge' is set on object 'Object Repository/TestUserLocation/login_Password'

2019-02-26 12:23:21 - [TEST_STEP][NOT_RUN] - User.setNamePass(): NOT_RUN: User.setNamePass()

2019-02-26 12:23:21 - [MESSAGE][NOT_RUN] - NOT_RUN: User.setNamePass()

2019-02-26 12:23:21 - [TEST_STEP][PASSED] - click(findTestObject("TestUserLocation/login_Button")): Object: 'Object Repository/TestUserLocation/login_Button' is clicked on

2019-02-26 12:23:23 - [MESSAGE][PASSED] - Object: 'Object Repository/TestUserLocation/login_Button' is clicked on

2019-02-26 12:23:23 - [TEST_STEP][PASSED] - Thread.sleep(6000): null

2019-02-26 12:23:29 - [TEST_STEP][PASSED] - click(findTestObject("TestUserLocation/mainmenu_button")): Object: 'Object Repository/TestUserLocation/mainmenu_button' is clicked on

2019-02-26 12:23:29 - [MESSAGE][PASSED] - Object: 'Object Repository/TestUserLocation/mainmenu_button' is clicked on

2019-02-26 12:23:29 - [TEST_STEP][PASSED] - click(findTestObject("Form_Selection_Creation/mainMenu_AdminTools")): Object: 'Object Repository/Form_Selection_Creation/mainMenu_AdminTools' is clicked on

2019-02-26 12:23:29 - [MESSAGE][PASSED] - Object: 'Object Repository/Form_Selection_Creation/mainMenu_AdminTools' is clicked on

2019-02-26 12:23:29 - [TEST_STEP][PASSED] - Thread.sleep(2000): null

2019-02-26 12:23:31 - [TEST_STEP][PASSED] - click(findTestObject("TestUser/users")): Object: 'Object Repository/TestUser/users' is clicked on

2019-02-26 12:23:31 - [MESSAGE][PASSED] - Object: 'Object Repository/TestUser/users' is clicked on

2019-02-26 12:23:31 - [TEST_STEP][PASSED] - Thread.sleep(4000): null

2019-02-26 12:23:35 - [TEST_STEP][PASSED] - setText(findTestObject("TestUser/filterUser"), findTestData("UserData").getValue("UserName", 1)): Text 'User_On_26/02/19-12:20' is set on object 'Object Repository/TestUser/filterUser'

2019-02-26 12:23:36 - [MESSAGE][PASSED] - Text 'User_On_26/02/19-12:20' is set on object 'Object Repository/TestUser/filterUser'

2019-02-26 12:23:36 - [TEST_STEP][PASSED] - Thread.sleep(2000): null

2019-02-26 12:23:38 - [TEST_STEP][PASSED] - sendKeys(findTestObject("TestUser/filterUser"), Keys.chord(ENTER)): Keys 'ENTER + ' sent to object: 'Object Repository/TestUser/filterUser'

2019-02-26 12:23:38 - [MESSAGE][PASSED] - Keys 'ENTER + ' sent to object: 'Object Repository/TestUser/filterUser'

2019-02-26 12:23:38 - [TEST_STEP][PASSED] - Thread.sleep(4000): null

2019-02-26 12:23:42 - [TEST_STEP][PASSED] - AdminTool_Location.moveCursor(): AdminTool_Location.moveCursor is PASSED

2019-02-26 12:23:42 - [MESSAGE][PASSED] - AdminTool_Location.moveCursor is PASSED

2019-02-26 12:23:42 - [TEST_STEP][PASSED] - Thread.sleep(2000): null

2019-02-26 12:23:44 - [TEST_STEP][PASSED] - waitForElementPresent(findTestObject("TestUser/moveToUser"), 30): Object 'Object Repository/TestUser/moveToUser' is present

2019-02-26 12:23:44 - [MESSAGE][PASSED] - Object 'Object Repository/TestUser/moveToUser' is present

2019-02-26 12:23:44 - [TEST_STEP][PASSED] - click(findTestObject("TestUser/moveToUser")): Object: 'Object Repository/TestUser/moveToUser' is clicked on

2019-02-26 12:23:44 - [MESSAGE][PASSED] - Object: 'Object Repository/TestUser/moveToUser' is clicked on

2019-02-26 12:23:44 - [TEST_STEP][PASSED] - Thread.sleep(2000): null

2019-02-26 12:23:46 - [TEST_STEP][PASSED] - click(findTestObject("TestUser/openUserOptions")): Object: 'Object Repository/TestUser/openUserOptions' is clicked on

2019-02-26 12:23:46 - [MESSAGE][PASSED] - Object: 'Object Repository/TestUser/openUserOptions' is clicked on

2019-02-26 12:23:46 - [TEST_STEP][PASSED] - Thread.sleep(2000): null

2019-02-26 12:23:48 - [TEST_STEP][PASSED] - click(findTestObject("TestUser/unlockUserOption")): Object: 'Object Repository/TestUser/unlockUserOption' is clicked on

2019-02-26 12:23:48 - [MESSAGE][PASSED] - Object: 'Object Repository/TestUser/unlockUserOption' is clicked on

2019-02-26 12:23:48 - [TEST_STEP][PASSED] - Thread.sleep(2000): null

2019-02-26 12:23:50 - [TEST_STEP][PASSED] - click(findTestObject("TestUser/confirmUserYes")): Object: 'Object Repository/TestUser/confirmUserYes' is clicked on

2019-02-26 12:23:50 - [MESSAGE][PASSED] - Object: 'Object Repository/TestUser/confirmUserYes' is clicked on

2019-02-26 12:23:50 - [TEST_STEP][PASSED] - waitForElementClickable(findTestObject("TestUser/clickToCheck"), 30): Object 'Object Repository/TestUser/clickToCheck' is clickable

2019-02-26 12:23:50 - [MESSAGE][PASSED] - Object 'Object Repository/TestUser/clickToCheck' is clickable

2019-02-26 12:23:50 - [TEST_STEP][PASSED] - Thread.sleep(7000): null

2019-02-26 12:23:57 - [TEST_STEP][PASSED] - click(findTestObject("TestUser/clickToCheck")): Object: 'Object Repository/TestUser/clickToCheck' is clicked on

2019-02-26 12:23:58 - [MESSAGE][PASSED] - Object: 'Object Repository/TestUser/clickToCheck' is clicked on

2019-02-26 12:23:58 - [TEST_STEP][PASSED] - Thread.sleep(2000): null

2019-02-26 12:24:00 - [TEST_STEP][PASSED] - click(findTestObject("TestUser/logoutUser")): Object: 'Object Repository/TestUser/logoutUser' is clicked on

2019-02-26 12:24:00 - [MESSAGE][PASSED] - Object: 'Object Repository/TestUser/logoutUser' is clicked on

2019-02-26 12:24:00 - [TEST_STEP][PASSED] - Thread.sleep(2000): null]]></system-out>
         <system-err><![CDATA[]]></system-err>
      </testcase>
      <testcase name="Test Cases/TestUser/LoginUser_Unlock" classname="Test Cases/TestUser/LoginUser_Unlock" status="PASSED">
         <system-out><![CDATA[2019-02-26 12:24:02 - [TEST_CASE][PASSED] - Test Cases/TestUser/LoginUser_Unlock: Test Cases/TestUser/LoginUser_Unlock

2019-02-26 12:24:03 - [TEST_STEP][NOT_RUN] - openBrowser(URL): NOT_RUN: openBrowser(URL)

2019-02-26 12:24:03 - [MESSAGE][NOT_RUN] - NOT_RUN: openBrowser(URL)

2019-02-26 12:24:03 - [TEST_STEP][NOT_RUN] - maximizeWindow(): NOT_RUN: maximizeWindow()

2019-02-26 12:24:03 - [MESSAGE][NOT_RUN] - NOT_RUN: maximizeWindow()

2019-02-26 12:24:03 - [TEST_STEP][PASSED] - setText(findTestObject("TestUserLocation/login_Username"), findTestData("UserData").getValue("UserName", 1)): Text 'User_On_26/02/19-12:20' is set on object 'Object Repository/TestUserLocation/login_Username'

2019-02-26 12:24:03 - [MESSAGE][PASSED] - Text 'User_On_26/02/19-12:20' is set on object 'Object Repository/TestUserLocation/login_Username'

2019-02-26 12:24:03 - [TEST_STEP][PASSED] - setText(findTestObject("TestUserLocation/login_Password"), findTestData("UserData").getValue("NewPassword", 1)): Text 'password@123#' is set on object 'Object Repository/TestUserLocation/login_Password'

2019-02-26 12:24:03 - [MESSAGE][PASSED] - Text 'password@123#' is set on object 'Object Repository/TestUserLocation/login_Password'

2019-02-26 12:24:03 - [TEST_STEP][PASSED] - Thread.sleep(2000): null

2019-02-26 12:24:05 - [TEST_STEP][PASSED] - click(findTestObject("TestUserLocation/login_Button")): Object: 'Object Repository/TestUserLocation/login_Button' is clicked on

2019-02-26 12:24:07 - [MESSAGE][PASSED] - Object: 'Object Repository/TestUserLocation/login_Button' is clicked on

2019-02-26 12:24:07 - [TEST_STEP][PASSED] - Thread.sleep(10000): null

2019-02-26 12:24:17 - [TEST_STEP][PASSED] - AdminTool_Location.moveCursor(): AdminTool_Location.moveCursor is PASSED

2019-02-26 12:24:17 - [MESSAGE][PASSED] - AdminTool_Location.moveCursor is PASSED

2019-02-26 12:24:17 - [TEST_STEP][PASSED] - waitForElementClickable(findTestObject("TestUser/clickToCheck"), 30): Object 'Object Repository/TestUser/clickToCheck' is clickable

2019-02-26 12:24:17 - [MESSAGE][PASSED] - Object 'Object Repository/TestUser/clickToCheck' is clickable

2019-02-26 12:24:17 - [TEST_STEP][PASSED] - Thread.sleep(2000): null

2019-02-26 12:24:19 - [TEST_STEP][PASSED] - click(findTestObject("TestUser/clickToCheck")): Object: 'Object Repository/TestUser/clickToCheck' is clicked on

2019-02-26 12:24:19 - [MESSAGE][PASSED] - Object: 'Object Repository/TestUser/clickToCheck' is clicked on

2019-02-26 12:24:19 - [TEST_STEP][PASSED] - Thread.sleep(2000): null

2019-02-26 12:24:21 - [TEST_STEP][PASSED] - click(findTestObject("TestUser/logoutUser")): Object: 'Object Repository/TestUser/logoutUser' is clicked on

2019-02-26 12:24:22 - [MESSAGE][PASSED] - Object: 'Object Repository/TestUser/logoutUser' is clicked on

2019-02-26 12:24:22 - [TEST_STEP][PASSED] - Thread.sleep(6000): null]]></system-out>
         <system-err><![CDATA[]]></system-err>
      </testcase>
      <testcase name="Test Cases/TestUser/DeactivateUser" classname="Test Cases/TestUser/DeactivateUser" status="PASSED">
         <system-out><![CDATA[2019-02-26 12:24:28 - [TEST_CASE][PASSED] - Test Cases/TestUser/DeactivateUser: Test Cases/TestUser/DeactivateUser

2019-02-26 12:24:28 - [TEST_STEP][NOT_RUN] - openBrowser(URL): NOT_RUN: openBrowser(URL)

2019-02-26 12:24:28 - [MESSAGE][NOT_RUN] - NOT_RUN: openBrowser(URL)

2019-02-26 12:24:28 - [TEST_STEP][NOT_RUN] - maximizeWindow(): NOT_RUN: maximizeWindow()

2019-02-26 12:24:28 - [MESSAGE][NOT_RUN] - NOT_RUN: maximizeWindow()

2019-02-26 12:24:28 - [TEST_STEP][PASSED] - setText(findTestObject("TestUserLocation/login_Username"), UserName): Text 'tester' is set on object 'Object Repository/TestUserLocation/login_Username'

2019-02-26 12:24:28 - [MESSAGE][PASSED] - Text 'tester' is set on object 'Object Repository/TestUserLocation/login_Username'

2019-02-26 12:24:28 - [TEST_STEP][PASSED] - setText(findTestObject("TestUserLocation/login_Password"), Password): Text 'TestSt@ge' is set on object 'Object Repository/TestUserLocation/login_Password'

2019-02-26 12:24:29 - [MESSAGE][PASSED] - Text 'TestSt@ge' is set on object 'Object Repository/TestUserLocation/login_Password'

2019-02-26 12:24:29 - [TEST_STEP][NOT_RUN] - User.setNamePass(): NOT_RUN: User.setNamePass()

2019-02-26 12:24:29 - [MESSAGE][NOT_RUN] - NOT_RUN: User.setNamePass()

2019-02-26 12:24:29 - [TEST_STEP][PASSED] - click(findTestObject("TestUserLocation/login_Button")): Object: 'Object Repository/TestUserLocation/login_Button' is clicked on

2019-02-26 12:24:30 - [MESSAGE][PASSED] - Object: 'Object Repository/TestUserLocation/login_Button' is clicked on

2019-02-26 12:24:30 - [TEST_STEP][PASSED] - Thread.sleep(6000): null

2019-02-26 12:24:36 - [TEST_STEP][PASSED] - click(findTestObject("TestUserLocation/mainmenu_button")): Object: 'Object Repository/TestUserLocation/mainmenu_button' is clicked on

2019-02-26 12:24:36 - [MESSAGE][PASSED] - Object: 'Object Repository/TestUserLocation/mainmenu_button' is clicked on

2019-02-26 12:24:36 - [TEST_STEP][PASSED] - click(findTestObject("Form_Selection_Creation/mainMenu_AdminTools")): Object: 'Object Repository/Form_Selection_Creation/mainMenu_AdminTools' is clicked on

2019-02-26 12:24:36 - [MESSAGE][PASSED] - Object: 'Object Repository/Form_Selection_Creation/mainMenu_AdminTools' is clicked on

2019-02-26 12:24:36 - [TEST_STEP][PASSED] - Thread.sleep(2000): null

2019-02-26 12:24:38 - [TEST_STEP][PASSED] - click(findTestObject("TestUser/users")): Object: 'Object Repository/TestUser/users' is clicked on

2019-02-26 12:24:39 - [MESSAGE][PASSED] - Object: 'Object Repository/TestUser/users' is clicked on

2019-02-26 12:24:39 - [TEST_STEP][PASSED] - Thread.sleep(6000): null

2019-02-26 12:24:45 - [TEST_STEP][PASSED] - setText(findTestObject("TestUser/filterUser"), findTestData("UserData").getValue("UserName", 1)): Text 'User_On_26/02/19-12:20' is set on object 'Object Repository/TestUser/filterUser'

2019-02-26 12:24:45 - [MESSAGE][PASSED] - Text 'User_On_26/02/19-12:20' is set on object 'Object Repository/TestUser/filterUser'

2019-02-26 12:24:45 - [TEST_STEP][PASSED] - Thread.sleep(2000): null

2019-02-26 12:24:47 - [TEST_STEP][PASSED] - sendKeys(findTestObject("TestUser/filterUser"), Keys.chord(ENTER)): Keys 'ENTER + ' sent to object: 'Object Repository/TestUser/filterUser'

2019-02-26 12:24:47 - [MESSAGE][PASSED] - Keys 'ENTER + ' sent to object: 'Object Repository/TestUser/filterUser'

2019-02-26 12:24:47 - [TEST_STEP][PASSED] - Thread.sleep(4000): null

2019-02-26 12:24:51 - [TEST_STEP][PASSED] - AdminTool_Location.moveCursor(): AdminTool_Location.moveCursor is PASSED

2019-02-26 12:24:51 - [MESSAGE][PASSED] - AdminTool_Location.moveCursor is PASSED

2019-02-26 12:24:51 - [TEST_STEP][PASSED] - Thread.sleep(2000): null

2019-02-26 12:24:53 - [TEST_STEP][PASSED] - click(findTestObject("TestUser/moveToUser")): Object: 'Object Repository/TestUser/moveToUser' is clicked on

2019-02-26 12:24:53 - [MESSAGE][PASSED] - Object: 'Object Repository/TestUser/moveToUser' is clicked on

2019-02-26 12:24:53 - [TEST_STEP][PASSED] - Thread.sleep(2000): null

2019-02-26 12:24:55 - [TEST_STEP][PASSED] - click(findTestObject("TestUser/openUserOptions")): Object: 'Object Repository/TestUser/openUserOptions' is clicked on

2019-02-26 12:24:55 - [MESSAGE][PASSED] - Object: 'Object Repository/TestUser/openUserOptions' is clicked on

2019-02-26 12:24:55 - [TEST_STEP][PASSED] - Thread.sleep(2000): null

2019-02-26 12:24:57 - [TEST_STEP][PASSED] - click(findTestObject("TestUser/deactivateUserOption")): Object: 'Object Repository/TestUser/deactivateUserOption' is clicked on

2019-02-26 12:24:57 - [MESSAGE][PASSED] - Object: 'Object Repository/TestUser/deactivateUserOption' is clicked on

2019-02-26 12:24:57 - [TEST_STEP][PASSED] - Thread.sleep(2000): null

2019-02-26 12:24:59 - [TEST_STEP][PASSED] - click(findTestObject("TestUser/confirmUserYes")): Object: 'Object Repository/TestUser/confirmUserYes' is clicked on

2019-02-26 12:25:00 - [MESSAGE][PASSED] - Object: 'Object Repository/TestUser/confirmUserYes' is clicked on

2019-02-26 12:25:00 - [TEST_STEP][PASSED] - waitForElementClickable(findTestObject("TestUser/clickToCheck"), 30): Object 'Object Repository/TestUser/clickToCheck' is clickable

2019-02-26 12:25:00 - [MESSAGE][PASSED] - Object 'Object Repository/TestUser/clickToCheck' is clickable

2019-02-26 12:25:00 - [TEST_STEP][PASSED] - Thread.sleep(7000): null

2019-02-26 12:25:07 - [TEST_STEP][PASSED] - click(findTestObject("TestUser/clickToCheck")): Object: 'Object Repository/TestUser/clickToCheck' is clicked on

2019-02-26 12:25:07 - [MESSAGE][PASSED] - Object: 'Object Repository/TestUser/clickToCheck' is clicked on

2019-02-26 12:25:07 - [TEST_STEP][PASSED] - Thread.sleep(2000): null

2019-02-26 12:25:09 - [TEST_STEP][PASSED] - click(findTestObject("TestUser/logoutUser")): Object: 'Object Repository/TestUser/logoutUser' is clicked on

2019-02-26 12:25:10 - [MESSAGE][PASSED] - Object: 'Object Repository/TestUser/logoutUser' is clicked on

2019-02-26 12:25:10 - [TEST_STEP][PASSED] - Thread.sleep(2000): null]]></system-out>
         <system-err><![CDATA[]]></system-err>
      </testcase>
      <testcase name="Test Cases/TestUser/LoginUser_Deactivate" classname="Test Cases/TestUser/LoginUser_Deactivate" status="PASSED">
         <system-out><![CDATA[2019-02-26 12:25:12 - [TEST_CASE][PASSED] - Test Cases/TestUser/LoginUser_Deactivate: Test Cases/TestUser/LoginUser_Deactivate

2019-02-26 12:25:12 - [TEST_STEP][NOT_RUN] - openBrowser(URL): NOT_RUN: openBrowser(URL)

2019-02-26 12:25:12 - [MESSAGE][NOT_RUN] - NOT_RUN: openBrowser(URL)

2019-02-26 12:25:12 - [TEST_STEP][NOT_RUN] - maximizeWindow(): NOT_RUN: maximizeWindow()

2019-02-26 12:25:12 - [MESSAGE][NOT_RUN] - NOT_RUN: maximizeWindow()

2019-02-26 12:25:12 - [TEST_STEP][PASSED] - Thread.sleep(2000): null

2019-02-26 12:25:14 - [TEST_STEP][PASSED] - setText(findTestObject("TestUserLocation/login_Username"), findTestData("UserData").getValue("UserName", 1)): Text 'User_On_26/02/19-12:20' is set on object 'Object Repository/TestUserLocation/login_Username'

2019-02-26 12:25:14 - [MESSAGE][PASSED] - Text 'User_On_26/02/19-12:20' is set on object 'Object Repository/TestUserLocation/login_Username'

2019-02-26 12:25:14 - [TEST_STEP][PASSED] - setText(findTestObject("TestUserLocation/login_Password"), findTestData("UserData").getValue("NewPassword", 1)): Text 'password@123#' is set on object 'Object Repository/TestUserLocation/login_Password'

2019-02-26 12:25:14 - [MESSAGE][PASSED] - Text 'password@123#' is set on object 'Object Repository/TestUserLocation/login_Password'

2019-02-26 12:25:14 - [TEST_STEP][PASSED] - Thread.sleep(2000): null

2019-02-26 12:25:16 - [TEST_STEP][PASSED] - click(findTestObject("TestUserLocation/login_Button")): Object: 'Object Repository/TestUserLocation/login_Button' is clicked on

2019-02-26 12:25:17 - [MESSAGE][PASSED] - Object: 'Object Repository/TestUserLocation/login_Button' is clicked on

2019-02-26 12:25:17 - [TEST_STEP][PASSED] - Thread.sleep(6000): null

2019-02-26 12:25:23 - [TEST_STEP][PASSED] - AdminTool_Location.moveCursor(): AdminTool_Location.moveCursor is PASSED

2019-02-26 12:25:23 - [MESSAGE][PASSED] - AdminTool_Location.moveCursor is PASSED

2019-02-26 12:25:23 - [TEST_STEP][PASSED] - Thread.sleep(2000): null

2019-02-26 12:25:25 - [TEST_STEP][PASSED] - click(findTestObject("TestUser/deactivateTest")): Object: 'Object Repository/TestUser/deactivateTest' is clicked on

2019-02-26 12:25:25 - [MESSAGE][PASSED] - Object: 'Object Repository/TestUser/deactivateTest' is clicked on

2019-02-26 12:25:25 - [TEST_STEP][PASSED] - Thread.sleep(6000): null]]></system-out>
         <system-err><![CDATA[]]></system-err>
      </testcase>
      <system-out><![CDATA[2019-02-26 12:20:01 - [TEST_SUITE][PASSED] - UserCheck: Test Cases/TestUser/LoginUser_Deactivate]]></system-out>
      <system-err><![CDATA[]]></system-err>
   </testsuite>
</testsuites>
