<?xml version="1.0" encoding="UTF-8"?>
<testsuites name="CheckAllResources" time="921" tests="9" failures="0" errors="0">
   <testsuite name="CheckAllResources" tests="9" failures="0" errors="0" time="921" timestamp="2018-12-07 11:19:21" hostname="pashine_a - Abhishek-Pashine.India.XoriantCorp.com" id="Test Suites/CheckAllResources">
      <properties>
         <property name="deviceName" value=""/>
         <property name="devicePlatform" value=""/>
         <property name="logFolder" value="D:\\Git Data\\SafetyChain-Test-Automation-Katalon\\Reports\\CheckAllResources\\20181207_111918"/>
         <property name="logFiles" value="D:\\Git Data\\SafetyChain-Test-Automation-Katalon\\Reports\\CheckAllResources\\20181207_111918\\execution0.log"/>
         <property name="attachments" value=""/>
         <property name="hostName" value="pashine_a - Abhishek-Pashine.India.XoriantCorp.com"/>
         <property name="os" value="Windows 7 64bit"/>
         <property name="katalonVersion" value="5.9.1.2"/>
         <property name="browser" value="Chrome 70.0.3538.110"/>
         <property name="hostAddress" value="10.21.7.147"/>
         <property name="sessionId" value="d041a89af87f795a494b13884a526078"/>
         <property name="seleniumVersion" value="3.7.1"/>
         <property name="proxyInformation" value="ProxyInformation{proxyOption=NO_PROXY, proxyServerType=HTTP, password=, proxyServerAddress=, proxyServerPort=0}"/>
         <property name="platform" value="Windows 7"/>
      </properties>
      <testcase name="Test Cases/CheckResoucesAsPerLocation/checkLocation" classname="Test Cases/CheckResoucesAsPerLocation/checkLocation" status="PASSED">
         <system-out><![CDATA[2018-12-07 11:19:21 - [TEST_CASE][PASSED] - Test Cases/CheckResoucesAsPerLocation/checkLocation: Test Cases/CheckResoucesAsPerLocation/checkLocation

2018-12-07 11:19:22 - [TEST_STEP][PASSED] - openBrowser(URL): Browser is opened with url: 'https://test2.stage.safetychain.com'

2018-12-07 11:19:23 - [MESSAGE][INFO] - Starting 'Chrome' driver

2018-12-07 11:19:23 - [MESSAGE][INFO] - Action delay is set to 0 seconds

2018-12-07 11:19:58 - [MESSAGE][PASSED] - Browser is opened with url: 'https://test2.stage.safetychain.com'

2018-12-07 11:19:58 - [TEST_STEP][PASSED] - maximizeWindow(): Current window maximized

2018-12-07 11:19:59 - [MESSAGE][PASSED] - Current window maximized

2018-12-07 11:19:59 - [TEST_STEP][PASSED] - setText(findTestObject("TestUserLocation/login_Username"), UserName): Text 'superadmin' is set on object 'Object Repository/TestUserLocation/login_Username'

2018-12-07 11:20:03 - [MESSAGE][PASSED] - Text 'superadmin' is set on object 'Object Repository/TestUserLocation/login_Username'

2018-12-07 11:20:03 - [TEST_STEP][PASSED] - setText(findTestObject("TestUserLocation/login_Password"), Password): Text 'sliptest23772boot' is set on object 'Object Repository/TestUserLocation/login_Password'

2018-12-07 11:20:03 - [MESSAGE][PASSED] - Text 'sliptest23772boot' is set on object 'Object Repository/TestUserLocation/login_Password'

2018-12-07 11:20:03 - [TEST_STEP][PASSED] - AdminTool_Location.setLocationName(): AdminTool_Location.setLocationName is PASSED

2018-12-07 11:20:05 - [MESSAGE][PASSED] - AdminTool_Location.setLocationName is PASSED

2018-12-07 11:20:05 - [TEST_STEP][PASSED] - click(findTestObject("TestUserLocation/login_Button")): Object: 'Object Repository/TestUserLocation/login_Button' is clicked on

2018-12-07 11:20:07 - [MESSAGE][PASSED] - Object: 'Object Repository/TestUserLocation/login_Button' is clicked on

2018-12-07 11:20:07 - [TEST_STEP][PASSED] - Thread.sleep(4000): null

2018-12-07 11:20:11 - [TEST_STEP][PASSED] - AdminTool_Location.setLocationNameInLocation(): AdminTool_Location.setLocationNameInLocation is PASSED

2018-12-07 11:20:11 - [MESSAGE][PASSED] - AdminTool_Location.setLocationNameInLocation is PASSED

2018-12-07 11:20:11 - [TEST_STEP][PASSED] - click(findTestObject("TestUserLocation/mainmenu_button")): Object: 'Object Repository/TestUserLocation/mainmenu_button' is clicked on

2018-12-07 11:20:13 - [MESSAGE][PASSED] - Object: 'Object Repository/TestUserLocation/mainmenu_button' is clicked on

2018-12-07 11:20:13 - [TEST_STEP][PASSED] - click(findTestObject("TestUserLocation/adminTool")): Object: 'Object Repository/TestUserLocation/adminTool' is clicked on

2018-12-07 11:20:13 - [MESSAGE][PASSED] - Object: 'Object Repository/TestUserLocation/adminTool' is clicked on

2018-12-07 11:20:13 - [TEST_STEP][PASSED] - click(findTestObject("TestUserLocation/mainMenuResourceDesigner")): Object: 'Object Repository/TestUserLocation/mainMenuResourceDesigner' is clicked on

2018-12-07 11:20:13 - [MESSAGE][PASSED] - Object: 'Object Repository/TestUserLocation/mainMenuResourceDesigner' is clicked on

2018-12-07 11:20:13 - [TEST_STEP][PASSED] - Thread.sleep(4000): null

2018-12-07 11:20:17 - [TEST_STEP][PASSED] - click(findTestObject("TestUserLocation/locations")): Object: 'Object Repository/TestUserLocation/locations' is clicked on

2018-12-07 11:20:17 - [MESSAGE][PASSED] - Object: 'Object Repository/TestUserLocation/locations' is clicked on

2018-12-07 11:20:17 - [TEST_STEP][PASSED] - Thread.sleep(4000): null

2018-12-07 11:20:21 - [TEST_STEP][NOT_RUN] - refresh(): NOT_RUN: refresh()

2018-12-07 11:20:21 - [MESSAGE][NOT_RUN] - NOT_RUN: refresh()

2018-12-07 11:20:21 - [TEST_STEP][NOT_RUN] - Thread.sleep(4000): NOT_RUN: Thread.sleep(4000)

2018-12-07 11:20:21 - [MESSAGE][NOT_RUN] - NOT_RUN: Thread.sleep(4000)

2018-12-07 11:20:21 - [TEST_STEP][PASSED] - click(findTestObject("TestUserLocation/categories")): Object: 'Object Repository/TestUserLocation/categories' is clicked on

2018-12-07 11:20:21 - [MESSAGE][PASSED] - Object: 'Object Repository/TestUserLocation/categories' is clicked on

2018-12-07 11:20:21 - [TEST_STEP][PASSED] - Thread.sleep(2000): null

2018-12-07 11:20:23 - [TEST_STEP][PASSED] - click(findTestObject("TestUserLocation/defaultArea")): Object: 'Object Repository/TestUserLocation/defaultArea' is clicked on

2018-12-07 11:20:24 - [MESSAGE][PASSED] - Object: 'Object Repository/TestUserLocation/defaultArea' is clicked on

2018-12-07 11:20:24 - [TEST_STEP][PASSED] - click(findTestObject("TestUserLocation/hoverHeading")): Object: 'Object Repository/TestUserLocation/hoverHeading' is clicked on

2018-12-07 11:20:24 - [MESSAGE][PASSED] - Object: 'Object Repository/TestUserLocation/hoverHeading' is clicked on

2018-12-07 11:20:24 - [TEST_STEP][PASSED] - click(findTestObject("TestUserLocation/addPlusIcon")): Object: 'Object Repository/TestUserLocation/addPlusIcon' is clicked on

2018-12-07 11:20:24 - [MESSAGE][PASSED] - Object: 'Object Repository/TestUserLocation/addPlusIcon' is clicked on

2018-12-07 11:20:24 - [TEST_STEP][PASSED] - setText(findTestObject("TestUserLocation/setNewName"), findTestData("LocationData").getValue("LocationName", 1)): Text 'LOCATION_ON_07/12/18-11:20' is set on object 'Object Repository/TestUserLocation/setNewName'

2018-12-07 11:20:24 - [MESSAGE][PASSED] - Text 'LOCATION_ON_07/12/18-11:20' is set on object 'Object Repository/TestUserLocation/setNewName'

2018-12-07 11:20:24 - [TEST_STEP][PASSED] - Thread.sleep(2000): null

2018-12-07 11:20:26 - [TEST_STEP][PASSED] - click(findTestObject("TestUserLocation/saveButton")): Object: 'Object Repository/TestUserLocation/saveButton' is clicked on

2018-12-07 11:20:26 - [MESSAGE][PASSED] - Object: 'Object Repository/TestUserLocation/saveButton' is clicked on

2018-12-07 11:20:26 - [TEST_STEP][PASSED] - Thread.sleep(4000): null

2018-12-07 11:20:30 - [TEST_STEP][PASSED] - click(findTestObject("TestUserLocation/mainmenu_button")): Object: 'Object Repository/TestUserLocation/mainmenu_button' is clicked on

2018-12-07 11:20:31 - [MESSAGE][PASSED] - Object: 'Object Repository/TestUserLocation/mainmenu_button' is clicked on

2018-12-07 11:20:31 - [TEST_STEP][PASSED] - click(findTestObject("TestUserLocation/mainMenuLocation")): Object: 'Object Repository/TestUserLocation/mainMenuLocation' is clicked on

2018-12-07 11:20:31 - [MESSAGE][PASSED] - Object: 'Object Repository/TestUserLocation/mainMenuLocation' is clicked on

2018-12-07 11:20:31 - [TEST_STEP][PASSED] - Thread.sleep(4000): null

2018-12-07 11:20:35 - [TEST_STEP][PASSED] - AdminTool_Location.selectLocation(): Element has been clicked

2018-12-07 11:20:39 - [MESSAGE][PASSED] - Element has been clicked

2018-12-07 11:20:39 - [TEST_STEP][PASSED] - click(findTestObject("TestUserLocation/addPlusIcon")): Object: 'Object Repository/TestUserLocation/addPlusIcon' is clicked on

2018-12-07 11:20:39 - [MESSAGE][PASSED] - Object: 'Object Repository/TestUserLocation/addPlusIcon' is clicked on

2018-12-07 11:20:39 - [TEST_STEP][PASSED] - Thread.sleep(2000): null

2018-12-07 11:20:41 - [TEST_STEP][PASSED] - setText(findTestObject("TestUserLocation/setNewName"), findTestData("LocationData").getValue("SubLocationName", 1)): Text 'SUBLOCATION_ON_07/12/18-11:20' is set on object 'Object Repository/TestUserLocation/setNewName'

2018-12-07 11:20:42 - [MESSAGE][PASSED] - Text 'SUBLOCATION_ON_07/12/18-11:20' is set on object 'Object Repository/TestUserLocation/setNewName'

2018-12-07 11:20:42 - [TEST_STEP][PASSED] - Thread.sleep(2000): null

2018-12-07 11:20:44 - [TEST_STEP][PASSED] - click(findTestObject("TestUserLocation/saveLocationDetailButton")): Object: 'Object Repository/TestUserLocation/saveLocationDetailButton' is clicked on

2018-12-07 11:20:44 - [MESSAGE][PASSED] - Object: 'Object Repository/TestUserLocation/saveLocationDetailButton' is clicked on

2018-12-07 11:20:44 - [TEST_STEP][PASSED] - Thread.sleep(4000): null

2018-12-07 11:20:48 - [TEST_STEP][PASSED] - click(findTestObject("TestUserLocation/customerSelect")): Object: 'Object Repository/TestUserLocation/customerSelect' is clicked on

2018-12-07 11:20:48 - [MESSAGE][PASSED] - Object: 'Object Repository/TestUserLocation/customerSelect' is clicked on

2018-12-07 11:20:48 - [TEST_STEP][PASSED] - Thread.sleep(4000): null

2018-12-07 11:20:52 - [TEST_STEP][PASSED] - check(findTestObject("TestUserLocation/select4ResouceInCustomer")): Object 'Object Repository/TestUserLocation/select4ResouceInCustomer' is checked

2018-12-07 11:20:52 - [MESSAGE][PASSED] - Object 'Object Repository/TestUserLocation/select4ResouceInCustomer' is checked

2018-12-07 11:20:52 - [TEST_STEP][PASSED] - Thread.sleep(2000): null

2018-12-07 11:20:54 - [TEST_STEP][PASSED] - click(findTestObject("TestUserLocation/saveLocationDetailButton")): Object: 'Object Repository/TestUserLocation/saveLocationDetailButton' is clicked on

2018-12-07 11:20:54 - [MESSAGE][PASSED] - Object: 'Object Repository/TestUserLocation/saveLocationDetailButton' is clicked on]]></system-out>
         <system-err><![CDATA[]]></system-err>
      </testcase>
      <testcase name="Test Cases/CheckResoucesAsPerLocation/checkResource_Customer" classname="Test Cases/CheckResoucesAsPerLocation/checkResource_Customer" status="PASSED">
         <system-out><![CDATA[2018-12-07 11:20:54 - [TEST_CASE][PASSED] - Test Cases/CheckResoucesAsPerLocation/checkResource_Customer: Test Cases/CheckResoucesAsPerLocation/checkResource_Customer

2018-12-07 11:20:54 - [TEST_STEP][PASSED] - openBrowser(URL): Browser is opened with url: 'https://test2.stage.safetychain.com'

2018-12-07 11:20:54 - [MESSAGE][WARNING] - A browser is already opened. Closing browser and opening a new one

2018-12-07 11:20:55 - [MESSAGE][INFO] - Starting 'Chrome' driver

2018-12-07 11:21:17 - [MESSAGE][PASSED] - Browser is opened with url: 'https://test2.stage.safetychain.com'

2018-12-07 11:21:17 - [TEST_STEP][PASSED] - maximizeWindow(): Current window maximized

2018-12-07 11:21:19 - [MESSAGE][PASSED] - Current window maximized

2018-12-07 11:21:19 - [TEST_STEP][PASSED] - setText(findTestObject("TestUserLocation/login_Username"), UserName): Text 'superadmin' is set on object 'Object Repository/TestUserLocation/login_Username'

2018-12-07 11:21:23 - [MESSAGE][PASSED] - Text 'superadmin' is set on object 'Object Repository/TestUserLocation/login_Username'

2018-12-07 11:21:23 - [TEST_STEP][PASSED] - setText(findTestObject("TestUserLocation/login_Password"), Password): Text 'sliptest23772boot' is set on object 'Object Repository/TestUserLocation/login_Password'

2018-12-07 11:21:23 - [MESSAGE][PASSED] - Text 'sliptest23772boot' is set on object 'Object Repository/TestUserLocation/login_Password'

2018-12-07 11:21:23 - [TEST_STEP][PASSED] - AdminTool_Location.setCustomerName(): AdminTool_Location.setCustomerName is PASSED

2018-12-07 11:21:23 - [MESSAGE][PASSED] - AdminTool_Location.setCustomerName is PASSED

2018-12-07 11:21:23 - [TEST_STEP][PASSED] - click(findTestObject("TestUserLocation/login_Button")): Object: 'Object Repository/TestUserLocation/login_Button' is clicked on

2018-12-07 11:21:26 - [MESSAGE][PASSED] - Object: 'Object Repository/TestUserLocation/login_Button' is clicked on

2018-12-07 11:21:26 - [TEST_STEP][PASSED] - Thread.sleep(4000): null

2018-12-07 11:21:30 - [TEST_STEP][PASSED] - click(findTestObject("TestUserLocation/mainmenu_button")): Object: 'Object Repository/TestUserLocation/mainmenu_button' is clicked on

2018-12-07 11:21:34 - [MESSAGE][PASSED] - Object: 'Object Repository/TestUserLocation/mainmenu_button' is clicked on

2018-12-07 11:21:34 - [TEST_STEP][PASSED] - click(findTestObject("TestUserLocation/adminTool")): Object: 'Object Repository/TestUserLocation/adminTool' is clicked on

2018-12-07 11:21:34 - [MESSAGE][PASSED] - Object: 'Object Repository/TestUserLocation/adminTool' is clicked on

2018-12-07 11:21:34 - [TEST_STEP][PASSED] - click(findTestObject("TestUserLocation/mainMenuResourceDesigner")): Object: 'Object Repository/TestUserLocation/mainMenuResourceDesigner' is clicked on

2018-12-07 11:21:34 - [MESSAGE][PASSED] - Object: 'Object Repository/TestUserLocation/mainMenuResourceDesigner' is clicked on

2018-12-07 11:21:34 - [TEST_STEP][PASSED] - Thread.sleep(4000): null

2018-12-07 11:21:38 - [TEST_STEP][PASSED] - click(findTestObject("TestResource/customers")): Object: 'Object Repository/TestResource/customers' is clicked on

2018-12-07 11:21:38 - [MESSAGE][PASSED] - Object: 'Object Repository/TestResource/customers' is clicked on

2018-12-07 11:21:38 - [TEST_STEP][PASSED] - Thread.sleep(4000): null

2018-12-07 11:21:42 - [TEST_STEP][PASSED] - click(findTestObject("TestUserLocation/categories")): Object: 'Object Repository/TestUserLocation/categories' is clicked on

2018-12-07 11:21:42 - [MESSAGE][PASSED] - Object: 'Object Repository/TestUserLocation/categories' is clicked on

2018-12-07 11:21:42 - [TEST_STEP][PASSED] - Thread.sleep(2000): null

2018-12-07 11:21:45 - [TEST_STEP][PASSED] - click(findTestObject("TestUserLocation/defaultArea")): Object: 'Object Repository/TestUserLocation/defaultArea' is clicked on

2018-12-07 11:21:45 - [MESSAGE][PASSED] - Object: 'Object Repository/TestUserLocation/defaultArea' is clicked on

2018-12-07 11:21:45 - [TEST_STEP][PASSED] - Thread.sleep(2000): null

2018-12-07 11:21:47 - [TEST_STEP][PASSED] - click(findTestObject("TestUserLocation/hoverHeading")): Object: 'Object Repository/TestUserLocation/hoverHeading' is clicked on

2018-12-07 11:21:47 - [MESSAGE][PASSED] - Object: 'Object Repository/TestUserLocation/hoverHeading' is clicked on

2018-12-07 11:21:47 - [TEST_STEP][PASSED] - click(findTestObject("TestUserLocation/addPlusIcon")): Object: 'Object Repository/TestUserLocation/addPlusIcon' is clicked on

2018-12-07 11:21:47 - [MESSAGE][PASSED] - Object: 'Object Repository/TestUserLocation/addPlusIcon' is clicked on

2018-12-07 11:21:47 - [TEST_STEP][PASSED] - setText(findTestObject("TestUserLocation/setNewName"), findTestData("LocationData").getValue("CustomerName", 1)): Text 'CUSTOMER_ON_07/12/18-11:21' is set on object 'Object Repository/TestUserLocation/setNewName'

2018-12-07 11:21:47 - [MESSAGE][PASSED] - Text 'CUSTOMER_ON_07/12/18-11:21' is set on object 'Object Repository/TestUserLocation/setNewName'

2018-12-07 11:21:47 - [TEST_STEP][PASSED] - Thread.sleep(2000): null

2018-12-07 11:21:49 - [TEST_STEP][PASSED] - click(findTestObject("TestUserLocation/saveButton")): Object: 'Object Repository/TestUserLocation/saveButton' is clicked on

2018-12-07 11:21:49 - [MESSAGE][PASSED] - Object: 'Object Repository/TestUserLocation/saveButton' is clicked on

2018-12-07 11:21:49 - [TEST_STEP][PASSED] - Thread.sleep(4000): null

2018-12-07 11:21:53 - [TEST_STEP][PASSED] - Thread.sleep(4000): null

2018-12-07 11:21:57 - [TEST_STEP][PASSED] - click(findTestObject("TestUserLocation/mainmenu_button")): Object: 'Object Repository/TestUserLocation/mainmenu_button' is clicked on

2018-12-07 11:21:58 - [MESSAGE][PASSED] - Object: 'Object Repository/TestUserLocation/mainmenu_button' is clicked on

2018-12-07 11:21:58 - [TEST_STEP][PASSED] - click(findTestObject("TestResource/mainMenu_resources")): Object: 'Object Repository/TestResource/mainMenu_resources' is clicked on

2018-12-07 11:21:58 - [MESSAGE][PASSED] - Object: 'Object Repository/TestResource/mainMenu_resources' is clicked on

2018-12-07 11:21:58 - [TEST_STEP][PASSED] - Thread.sleep(4000): null

2018-12-07 11:22:02 - [TEST_STEP][PASSED] - click(findTestObject("TestResource/customers")): Object: 'Object Repository/TestResource/customers' is clicked on

2018-12-07 11:22:02 - [MESSAGE][PASSED] - Object: 'Object Repository/TestResource/customers' is clicked on

2018-12-07 11:22:02 - [TEST_STEP][PASSED] - Thread.sleep(4000): null

2018-12-07 11:22:06 - [TEST_STEP][PASSED] - AdminTool_Location.selectCustomer(): Element has been clicked

2018-12-07 11:22:10 - [MESSAGE][PASSED] - Element has been clicked

2018-12-07 11:22:10 - [TEST_STEP][PASSED] - Thread.sleep(4000): null

2018-12-07 11:22:14 - [TEST_STEP][PASSED] - click(findTestObject("TestUserLocation/addPlusIcon")): Object: 'Object Repository/TestUserLocation/addPlusIcon' is clicked on

2018-12-07 11:22:14 - [MESSAGE][PASSED] - Object: 'Object Repository/TestUserLocation/addPlusIcon' is clicked on

2018-12-07 11:22:14 - [TEST_STEP][PASSED] - Thread.sleep(2000): null

2018-12-07 11:22:16 - [TEST_STEP][PASSED] - setText(findTestObject("TestUserLocation/setNewName"), findTestData("LocationData").getValue("SubCustomerName1", 1)): Text 'SUBCUSTOMER1_ON_07/12/18-11:21' is set on object 'Object Repository/TestUserLocation/setNewName'

2018-12-07 11:22:17 - [MESSAGE][PASSED] - Text 'SUBCUSTOMER1_ON_07/12/18-11:21' is set on object 'Object Repository/TestUserLocation/setNewName'

2018-12-07 11:22:17 - [TEST_STEP][PASSED] - setText(findTestObject("TestResource/setPhoneNumber"), "912378456"): Text '912378456' is set on object 'Object Repository/TestResource/setPhoneNumber'

2018-12-07 11:22:17 - [MESSAGE][PASSED] - Text '912378456' is set on object 'Object Repository/TestResource/setPhoneNumber'

2018-12-07 11:22:17 - [TEST_STEP][PASSED] - Thread.sleep(2000): null

2018-12-07 11:22:19 - [TEST_STEP][PASSED] - click(findTestObject("TestResource/saveDetailButton")): Object: 'Object Repository/TestResource/saveDetailButton' is clicked on

2018-12-07 11:22:19 - [MESSAGE][PASSED] - Object: 'Object Repository/TestResource/saveDetailButton' is clicked on

2018-12-07 11:22:19 - [TEST_STEP][PASSED] - Thread.sleep(7000): null

2018-12-07 11:22:26 - [TEST_STEP][PASSED] - click(findTestObject("TestResource/disableResource")): Object: 'Object Repository/TestResource/disableResource' is clicked on

2018-12-07 11:22:26 - [MESSAGE][PASSED] - Object: 'Object Repository/TestResource/disableResource' is clicked on

2018-12-07 11:22:26 - [TEST_STEP][PASSED] - Thread.sleep(2000): null

2018-12-07 11:22:28 - [TEST_STEP][PASSED] - click(findTestObject("TestResource/button2Yes")): Object: 'Object Repository/TestResource/button2Yes' is clicked on

2018-12-07 11:22:28 - [MESSAGE][PASSED] - Object: 'Object Repository/TestResource/button2Yes' is clicked on

2018-12-07 11:22:28 - [TEST_STEP][PASSED] - Thread.sleep(2000): null

2018-12-07 11:22:30 - [TEST_STEP][PASSED] - click(findTestObject("TestResource/saveDetailButton")): Object: 'Object Repository/TestResource/saveDetailButton' is clicked on

2018-12-07 11:22:31 - [MESSAGE][PASSED] - Object: 'Object Repository/TestResource/saveDetailButton' is clicked on

2018-12-07 11:22:31 - [TEST_STEP][PASSED] - Thread.sleep(7000): null

2018-12-07 11:22:38 - [TEST_STEP][PASSED] - click(findTestObject("TestResource/linksTab")): Object: 'Object Repository/TestResource/linksTab' is clicked on

2018-12-07 11:22:38 - [MESSAGE][PASSED] - Object: 'Object Repository/TestResource/linksTab' is clicked on

2018-12-07 11:22:38 - [TEST_STEP][PASSED] - Thread.sleep(2000): null

2018-12-07 11:22:40 - [TEST_STEP][PASSED] - click(findTestObject("TestResource/addLink")): Object: 'Object Repository/TestResource/addLink' is clicked on

2018-12-07 11:22:40 - [MESSAGE][PASSED] - Object: 'Object Repository/TestResource/addLink' is clicked on

2018-12-07 11:22:40 - [TEST_STEP][PASSED] - Thread.sleep(5000): null

2018-12-07 11:22:45 - [TEST_STEP][PASSED] - check(findTestObject("TestResource/selectSecondResourceToLink")): Object 'Object Repository/TestResource/selectSecondResourceToLink' is checked

2018-12-07 11:22:45 - [MESSAGE][PASSED] - Object 'Object Repository/TestResource/selectSecondResourceToLink' is checked

2018-12-07 11:22:45 - [TEST_STEP][PASSED] - AdminTool_Location.resourceLinkName(): AdminTool_Location.resourceLinkName is PASSED

2018-12-07 11:22:45 - [MESSAGE][PASSED] - AdminTool_Location.resourceLinkName is PASSED

2018-12-07 11:22:45 - [TEST_STEP][PASSED] - Thread.sleep(2000): null

2018-12-07 11:22:47 - [TEST_STEP][PASSED] - click(findTestObject("TestResource/button2Save")): Object: 'Object Repository/TestResource/button2Save' is clicked on

2018-12-07 11:22:47 - [MESSAGE][PASSED] - Object: 'Object Repository/TestResource/button2Save' is clicked on

2018-12-07 11:22:47 - [TEST_STEP][PASSED] - Thread.sleep(4000): null

2018-12-07 11:22:51 - [TEST_STEP][PASSED] - click(findTestObject("TestResource/locationTab")): Object: 'Object Repository/TestResource/locationTab' is clicked on

2018-12-07 11:22:52 - [MESSAGE][PASSED] - Object: 'Object Repository/TestResource/locationTab' is clicked on

2018-12-07 11:22:52 - [TEST_STEP][PASSED] - Thread.sleep(5000): null

2018-12-07 11:22:57 - [TEST_STEP][PASSED] - AdminTool_Location.checkLocation(): AdminTool_Location.checkLocation is PASSED

2018-12-07 11:22:59 - [MESSAGE][PASSED] - AdminTool_Location.checkLocation is PASSED

2018-12-07 11:22:59 - [TEST_STEP][PASSED] - Thread.sleep(4000): null

2018-12-07 11:23:03 - [TEST_STEP][PASSED] - click(findTestObject("TestResource/saveLocation")): Object: 'Object Repository/TestResource/saveLocation' is clicked on

2018-12-07 11:23:03 - [MESSAGE][PASSED] - Object: 'Object Repository/TestResource/saveLocation' is clicked on

2018-12-07 11:23:03 - [TEST_STEP][PASSED] - click(findTestObject("TestUserLocation/mainmenu_button")): Object: 'Object Repository/TestUserLocation/mainmenu_button' is clicked on

2018-12-07 11:23:04 - [MESSAGE][PASSED] - Object: 'Object Repository/TestUserLocation/mainmenu_button' is clicked on

2018-12-07 11:23:04 - [TEST_STEP][PASSED] - click(findTestObject("TestResource/mainMenu_resources")): Object: 'Object Repository/TestResource/mainMenu_resources' is clicked on

2018-12-07 11:23:04 - [MESSAGE][PASSED] - Object: 'Object Repository/TestResource/mainMenu_resources' is clicked on

2018-12-07 11:23:04 - [TEST_STEP][PASSED] - Thread.sleep(4000): null

2018-12-07 11:23:08 - [TEST_STEP][PASSED] - click(findTestObject("TestResource/customers")): Object: 'Object Repository/TestResource/customers' is clicked on

2018-12-07 11:23:08 - [MESSAGE][PASSED] - Object: 'Object Repository/TestResource/customers' is clicked on

2018-12-07 11:23:08 - [TEST_STEP][PASSED] - Thread.sleep(4000): null

2018-12-07 11:23:12 - [TEST_STEP][PASSED] - AdminTool_Location.selectCustomer(): Element has been clicked

2018-12-07 11:23:17 - [MESSAGE][PASSED] - Element has been clicked

2018-12-07 11:23:17 - [TEST_STEP][PASSED] - Thread.sleep(4000): null

2018-12-07 11:23:21 - [TEST_STEP][PASSED] - click(findTestObject("TestUserLocation/addPlusIcon")): Object: 'Object Repository/TestUserLocation/addPlusIcon' is clicked on

2018-12-07 11:23:21 - [MESSAGE][PASSED] - Object: 'Object Repository/TestUserLocation/addPlusIcon' is clicked on

2018-12-07 11:23:21 - [TEST_STEP][PASSED] - Thread.sleep(2000): null

2018-12-07 11:23:23 - [TEST_STEP][PASSED] - setText(findTestObject("TestUserLocation/setNewName"), findTestData("LocationData").getValue("SubCustomerName2", 1)): Text 'SUBCUSTOMER2_ON_07/12/18-11:21' is set on object 'Object Repository/TestUserLocation/setNewName'

2018-12-07 11:23:23 - [MESSAGE][PASSED] - Text 'SUBCUSTOMER2_ON_07/12/18-11:21' is set on object 'Object Repository/TestUserLocation/setNewName'

2018-12-07 11:23:23 - [TEST_STEP][PASSED] - setText(findTestObject("TestResource/setPhoneNumber"), "912378456"): Text '912378456' is set on object 'Object Repository/TestResource/setPhoneNumber'

2018-12-07 11:23:24 - [MESSAGE][PASSED] - Text '912378456' is set on object 'Object Repository/TestResource/setPhoneNumber'

2018-12-07 11:23:24 - [TEST_STEP][PASSED] - Thread.sleep(2000): null

2018-12-07 11:23:26 - [TEST_STEP][PASSED] - click(findTestObject("TestResource/saveDetailButton")): Object: 'Object Repository/TestResource/saveDetailButton' is clicked on

2018-12-07 11:23:26 - [MESSAGE][PASSED] - Object: 'Object Repository/TestResource/saveDetailButton' is clicked on

2018-12-07 11:23:26 - [TEST_STEP][PASSED] - Thread.sleep(7000): null

2018-12-07 11:23:33 - [TEST_STEP][PASSED] - click(findTestObject("TestResource/linksTab")): Object: 'Object Repository/TestResource/linksTab' is clicked on

2018-12-07 11:23:33 - [MESSAGE][PASSED] - Object: 'Object Repository/TestResource/linksTab' is clicked on

2018-12-07 11:23:33 - [TEST_STEP][PASSED] - Thread.sleep(2000): null

2018-12-07 11:23:35 - [TEST_STEP][PASSED] - click(findTestObject("TestResource/addLink")): Object: 'Object Repository/TestResource/addLink' is clicked on

2018-12-07 11:23:35 - [MESSAGE][PASSED] - Object: 'Object Repository/TestResource/addLink' is clicked on

2018-12-07 11:23:35 - [TEST_STEP][PASSED] - Thread.sleep(5000): null

2018-12-07 11:23:40 - [TEST_STEP][PASSED] - check(findTestObject("TestResource/selectSecondResourceToLink")): Object 'Object Repository/TestResource/selectSecondResourceToLink' is checked

2018-12-07 11:23:40 - [MESSAGE][PASSED] - Object 'Object Repository/TestResource/selectSecondResourceToLink' is checked

2018-12-07 11:23:40 - [TEST_STEP][PASSED] - AdminTool_Location.resourceLinkName(): AdminTool_Location.resourceLinkName is PASSED

2018-12-07 11:23:40 - [MESSAGE][PASSED] - AdminTool_Location.resourceLinkName is PASSED

2018-12-07 11:23:40 - [TEST_STEP][PASSED] - Thread.sleep(2000): null

2018-12-07 11:23:42 - [TEST_STEP][PASSED] - click(findTestObject("TestResource/button2Save")): Object: 'Object Repository/TestResource/button2Save' is clicked on

2018-12-07 11:23:42 - [MESSAGE][PASSED] - Object: 'Object Repository/TestResource/button2Save' is clicked on

2018-12-07 11:23:42 - [TEST_STEP][PASSED] - Thread.sleep(4000): null

2018-12-07 11:23:46 - [TEST_STEP][PASSED] - click(findTestObject("TestResource/locationTab")): Object: 'Object Repository/TestResource/locationTab' is clicked on

2018-12-07 11:23:46 - [MESSAGE][PASSED] - Object: 'Object Repository/TestResource/locationTab' is clicked on

2018-12-07 11:23:46 - [TEST_STEP][PASSED] - Thread.sleep(5000): null

2018-12-07 11:23:51 - [TEST_STEP][PASSED] - AdminTool_Location.checkLocation(): AdminTool_Location.checkLocation is PASSED

2018-12-07 11:23:54 - [MESSAGE][PASSED] - AdminTool_Location.checkLocation is PASSED

2018-12-07 11:23:54 - [TEST_STEP][PASSED] - Thread.sleep(4000): null

2018-12-07 11:23:58 - [TEST_STEP][PASSED] - click(findTestObject("TestResource/saveLocation")): Object: 'Object Repository/TestResource/saveLocation' is clicked on

2018-12-07 11:23:58 - [MESSAGE][PASSED] - Object: 'Object Repository/TestResource/saveLocation' is clicked on]]></system-out>
         <system-err><![CDATA[]]></system-err>
      </testcase>
      <testcase name="Test Cases/CheckResoucesAsPerLocation/validateResource" classname="Test Cases/CheckResoucesAsPerLocation/validateResource" status="PASSED">
         <system-out><![CDATA[2018-12-07 11:23:58 - [TEST_CASE][PASSED] - Test Cases/CheckResoucesAsPerLocation/validateResource: Test Cases/CheckResoucesAsPerLocation/validateResource

2018-12-07 11:23:58 - [TEST_STEP][NOT_RUN] - openBrowser(URL): NOT_RUN: openBrowser(URL)

2018-12-07 11:23:58 - [MESSAGE][NOT_RUN] - NOT_RUN: openBrowser(URL)

2018-12-07 11:23:58 - [TEST_STEP][NOT_RUN] - maximizeWindow(): NOT_RUN: maximizeWindow()

2018-12-07 11:23:58 - [MESSAGE][NOT_RUN] - NOT_RUN: maximizeWindow()

2018-12-07 11:23:58 - [TEST_STEP][NOT_RUN] - setText(findTestObject("Form_Selection_Creation/login_Username"), UserName): NOT_RUN: setText(findTestObject("Form_Selection_Creation/login_Username"), UserName)

2018-12-07 11:23:58 - [MESSAGE][NOT_RUN] - NOT_RUN: setText(findTestObject("Form_Selection_Creation/login_Username"), UserName)

2018-12-07 11:23:58 - [TEST_STEP][NOT_RUN] - setText(findTestObject("Form_Selection_Creation/login_Password"), Password): NOT_RUN: setText(findTestObject("Form_Selection_Creation/login_Password"), Password)

2018-12-07 11:23:58 - [MESSAGE][NOT_RUN] - NOT_RUN: setText(findTestObject("Form_Selection_Creation/login_Password"), Password)

2018-12-07 11:23:58 - [TEST_STEP][PASSED] - Thread.sleep(4000): null

2018-12-07 11:24:02 - [TEST_STEP][PASSED] - FormName.setData(): FormName.setData is PASSED

2018-12-07 11:24:02 - [MESSAGE][PASSED] - FormName.setData is PASSED

2018-12-07 11:24:02 - [TEST_STEP][NOT_RUN] - click(findTestObject("Form_Selection_Creation/login_Button")): NOT_RUN: click(findTestObject("Form_Selection_Creation/login_Button"))

2018-12-07 11:24:02 - [MESSAGE][NOT_RUN] - NOT_RUN: click(findTestObject("Form_Selection_Creation/login_Button"))

2018-12-07 11:24:02 - [TEST_STEP][PASSED] - click(findTestObject("Form_Selection_Creation/mainMenu_Button")): Object: 'Object Repository/Form_Selection_Creation/mainMenu_Button' is clicked on

2018-12-07 11:24:02 - [MESSAGE][PASSED] - Object: 'Object Repository/Form_Selection_Creation/mainMenu_Button' is clicked on

2018-12-07 11:24:02 - [TEST_STEP][NOT_RUN] - click(findTestObject("Form_Selection_Creation/mainMenu_AdminTools")): NOT_RUN: click(findTestObject("Form_Selection_Creation/mainMenu_AdminTools"))

2018-12-07 11:24:02 - [MESSAGE][NOT_RUN] - NOT_RUN: click(findTestObject("Form_Selection_Creation/mainMenu_AdminTools"))

2018-12-07 11:24:02 - [TEST_STEP][PASSED] - click(findTestObject("Form_Selection_Creation/mainMenu_AdminTools_FormDesigner")): Object: 'Object Repository/Form_Selection_Creation/mainMenu_AdminTools_FormDesigner' is clicked on

2018-12-07 11:24:02 - [MESSAGE][PASSED] - Object: 'Object Repository/Form_Selection_Creation/mainMenu_AdminTools_FormDesigner' is clicked on

2018-12-07 11:24:02 - [TEST_STEP][PASSED] - click(findTestObject("Form_Selection_Creation/selectCheckForm")): Object: 'Object Repository/Form_Selection_Creation/selectCheckForm' is clicked on

2018-12-07 11:24:03 - [MESSAGE][PASSED] - Object: 'Object Repository/Form_Selection_Creation/selectCheckForm' is clicked on

2018-12-07 11:24:03 - [TEST_STEP][PASSED] - Thread.sleep(5000): null

2018-12-07 11:24:08 - [TEST_STEP][PASSED] - AdminTool_Location.selectResType(): AdminTool_Location.selectResType is PASSED

2018-12-07 11:24:16 - [MESSAGE][PASSED] - AdminTool_Location.selectResType is PASSED

2018-12-07 11:24:16 - [TEST_STEP][PASSED] - AdminTool_Location.dragDropRes(): Element has been clicked

2018-12-07 11:24:20 - [MESSAGE][PASSED] - Element has been clicked

2018-12-07 11:24:20 - [TEST_STEP][PASSED] - Thread.sleep(3000): null

2018-12-07 11:24:23 - [TEST_STEP][NOT_RUN] - dragAndDropToObject(findTestObject("null"), findTestObject("Form_Selection_Creation/Target_Res_Object")): NOT_RUN: dragAndDropToObject(findTestObject("null"), findTestObject("Form_Selection_Creation/Target_Res_Object"))

2018-12-07 11:24:23 - [MESSAGE][NOT_RUN] - NOT_RUN: dragAndDropToObject(findTestObject("null"), findTestObject("Form_Selection_Creation/Target_Res_Object"))

2018-12-07 11:24:23 - [TEST_STEP][PASSED] - AdminTool_Location.validate(): AdminTool_Location.validate is PASSED

2018-12-07 11:24:23 - [MESSAGE][PASSED] - AdminTool_Location.validate is PASSED

2018-12-07 11:24:23 - [TEST_STEP][PASSED] - s = getText(findTestObject("TestResource/testText")): Text of object 'Object Repository/TestResource/testText' is: 'Customers > CUSTOMER_ON_07/12/18-11:21 > SUBCUSTOMER2_ON_07/12/18-11:21'

2018-12-07 11:24:23 - [MESSAGE][PASSED] - Text of object 'Object Repository/TestResource/testText' is: 'Customers > CUSTOMER_ON_07/12/18-11:21 > SUBCUSTOMER2_ON_07/12/18-11:21'

2018-12-07 11:24:23 - [TEST_STEP][PASSED] - println(s): null]]></system-out>
         <system-err><![CDATA[]]></system-err>
      </testcase>
      <testcase name="Test Cases/CheckResoucesAsPerLocation/checkResource_Equipment" classname="Test Cases/CheckResoucesAsPerLocation/checkResource_Equipment" status="PASSED">
         <system-out><![CDATA[2018-12-07 11:24:23 - [TEST_CASE][PASSED] - Test Cases/CheckResoucesAsPerLocation/checkResource_Equipment: Test Cases/CheckResoucesAsPerLocation/checkResource_Equipment

2018-12-07 11:24:24 - [TEST_STEP][PASSED] - openBrowser(URL): Browser is opened with url: 'https://test2.stage.safetychain.com'

2018-12-07 11:24:24 - [MESSAGE][WARNING] - A browser is already opened. Closing browser and opening a new one

2018-12-07 11:24:25 - [MESSAGE][INFO] - Starting 'Chrome' driver

2018-12-07 11:24:50 - [MESSAGE][PASSED] - Browser is opened with url: 'https://test2.stage.safetychain.com'

2018-12-07 11:24:50 - [TEST_STEP][PASSED] - maximizeWindow(): Current window maximized

2018-12-07 11:24:52 - [MESSAGE][PASSED] - Current window maximized

2018-12-07 11:24:52 - [TEST_STEP][PASSED] - setText(findTestObject("TestUserLocation/login_Username"), UserName): Text 'superadmin' is set on object 'Object Repository/TestUserLocation/login_Username'

2018-12-07 11:24:57 - [MESSAGE][PASSED] - Text 'superadmin' is set on object 'Object Repository/TestUserLocation/login_Username'

2018-12-07 11:24:57 - [TEST_STEP][PASSED] - setText(findTestObject("TestUserLocation/login_Password"), Password): Text 'sliptest23772boot' is set on object 'Object Repository/TestUserLocation/login_Password'

2018-12-07 11:24:57 - [MESSAGE][PASSED] - Text 'sliptest23772boot' is set on object 'Object Repository/TestUserLocation/login_Password'

2018-12-07 11:24:57 - [TEST_STEP][PASSED] - AdminTool_Location.setEquipmentName(): AdminTool_Location.setEquipmentName is PASSED

2018-12-07 11:24:57 - [MESSAGE][PASSED] - AdminTool_Location.setEquipmentName is PASSED

2018-12-07 11:24:57 - [TEST_STEP][PASSED] - click(findTestObject("TestUserLocation/login_Button")): Object: 'Object Repository/TestUserLocation/login_Button' is clicked on

2018-12-07 11:25:00 - [MESSAGE][PASSED] - Object: 'Object Repository/TestUserLocation/login_Button' is clicked on

2018-12-07 11:25:00 - [TEST_STEP][PASSED] - Thread.sleep(4000): null

2018-12-07 11:25:04 - [TEST_STEP][PASSED] - click(findTestObject("TestUserLocation/mainmenu_button")): Object: 'Object Repository/TestUserLocation/mainmenu_button' is clicked on

2018-12-07 11:25:06 - [MESSAGE][PASSED] - Object: 'Object Repository/TestUserLocation/mainmenu_button' is clicked on

2018-12-07 11:25:06 - [TEST_STEP][PASSED] - click(findTestObject("TestUserLocation/adminTool")): Object: 'Object Repository/TestUserLocation/adminTool' is clicked on

2018-12-07 11:25:06 - [MESSAGE][PASSED] - Object: 'Object Repository/TestUserLocation/adminTool' is clicked on

2018-12-07 11:25:06 - [TEST_STEP][PASSED] - click(findTestObject("TestUserLocation/mainMenuResourceDesigner")): Object: 'Object Repository/TestUserLocation/mainMenuResourceDesigner' is clicked on

2018-12-07 11:25:06 - [MESSAGE][PASSED] - Object: 'Object Repository/TestUserLocation/mainMenuResourceDesigner' is clicked on

2018-12-07 11:25:06 - [TEST_STEP][PASSED] - Thread.sleep(4000): null

2018-12-07 11:25:10 - [TEST_STEP][PASSED] - click(findTestObject("TestResource/equipment")): Object: 'Object Repository/TestResource/equipment' is clicked on

2018-12-07 11:25:10 - [MESSAGE][PASSED] - Object: 'Object Repository/TestResource/equipment' is clicked on

2018-12-07 11:25:10 - [TEST_STEP][PASSED] - Thread.sleep(4000): null

2018-12-07 11:25:14 - [TEST_STEP][PASSED] - click(findTestObject("TestUserLocation/categories")): Object: 'Object Repository/TestUserLocation/categories' is clicked on

2018-12-07 11:25:15 - [MESSAGE][PASSED] - Object: 'Object Repository/TestUserLocation/categories' is clicked on

2018-12-07 11:25:15 - [TEST_STEP][PASSED] - Thread.sleep(2000): null

2018-12-07 11:25:17 - [TEST_STEP][PASSED] - click(findTestObject("TestUserLocation/defaultArea")): Object: 'Object Repository/TestUserLocation/defaultArea' is clicked on

2018-12-07 11:25:17 - [MESSAGE][PASSED] - Object: 'Object Repository/TestUserLocation/defaultArea' is clicked on

2018-12-07 11:25:17 - [TEST_STEP][PASSED] - Thread.sleep(2000): null

2018-12-07 11:25:19 - [TEST_STEP][PASSED] - click(findTestObject("TestUserLocation/hoverHeading")): Object: 'Object Repository/TestUserLocation/hoverHeading' is clicked on

2018-12-07 11:25:19 - [MESSAGE][PASSED] - Object: 'Object Repository/TestUserLocation/hoverHeading' is clicked on

2018-12-07 11:25:19 - [TEST_STEP][PASSED] - click(findTestObject("TestUserLocation/addPlusIcon")): Object: 'Object Repository/TestUserLocation/addPlusIcon' is clicked on

2018-12-07 11:25:19 - [MESSAGE][PASSED] - Object: 'Object Repository/TestUserLocation/addPlusIcon' is clicked on

2018-12-07 11:25:19 - [TEST_STEP][PASSED] - setText(findTestObject("TestUserLocation/setNewName"), findTestData("LocationData").getValue("EquipmentName", 1)): Text 'EQUIPMENT_ON_07/12/18-11:24' is set on object 'Object Repository/TestUserLocation/setNewName'

2018-12-07 11:25:19 - [MESSAGE][PASSED] - Text 'EQUIPMENT_ON_07/12/18-11:24' is set on object 'Object Repository/TestUserLocation/setNewName'

2018-12-07 11:25:19 - [TEST_STEP][PASSED] - Thread.sleep(2000): null

2018-12-07 11:25:21 - [TEST_STEP][PASSED] - click(findTestObject("TestUserLocation/saveButton")): Object: 'Object Repository/TestUserLocation/saveButton' is clicked on

2018-12-07 11:25:21 - [MESSAGE][PASSED] - Object: 'Object Repository/TestUserLocation/saveButton' is clicked on

2018-12-07 11:25:21 - [TEST_STEP][PASSED] - Thread.sleep(4000): null

2018-12-07 11:25:25 - [TEST_STEP][PASSED] - Thread.sleep(4000): null

2018-12-07 11:25:29 - [TEST_STEP][PASSED] - click(findTestObject("TestUserLocation/mainmenu_button")): Object: 'Object Repository/TestUserLocation/mainmenu_button' is clicked on

2018-12-07 11:25:29 - [MESSAGE][PASSED] - Object: 'Object Repository/TestUserLocation/mainmenu_button' is clicked on

2018-12-07 11:25:29 - [TEST_STEP][PASSED] - click(findTestObject("TestResource/mainMenu_resources")): Object: 'Object Repository/TestResource/mainMenu_resources' is clicked on

2018-12-07 11:25:30 - [MESSAGE][PASSED] - Object: 'Object Repository/TestResource/mainMenu_resources' is clicked on

2018-12-07 11:25:30 - [TEST_STEP][PASSED] - Thread.sleep(4000): null

2018-12-07 11:25:34 - [TEST_STEP][PASSED] - click(findTestObject("TestResource/equipment")): Object: 'Object Repository/TestResource/equipment' is clicked on

2018-12-07 11:25:34 - [MESSAGE][PASSED] - Object: 'Object Repository/TestResource/equipment' is clicked on

2018-12-07 11:25:34 - [TEST_STEP][PASSED] - Thread.sleep(4000): null

2018-12-07 11:25:38 - [TEST_STEP][PASSED] - AdminTool_Location.selectEquipment(): Element has been clicked

2018-12-07 11:25:47 - [MESSAGE][PASSED] - Element has been clicked

2018-12-07 11:25:47 - [TEST_STEP][PASSED] - Thread.sleep(4000): null

2018-12-07 11:25:51 - [TEST_STEP][PASSED] - click(findTestObject("TestUserLocation/addPlusIcon")): Object: 'Object Repository/TestUserLocation/addPlusIcon' is clicked on

2018-12-07 11:25:51 - [MESSAGE][PASSED] - Object: 'Object Repository/TestUserLocation/addPlusIcon' is clicked on

2018-12-07 11:25:51 - [TEST_STEP][PASSED] - Thread.sleep(2000): null

2018-12-07 11:25:53 - [TEST_STEP][PASSED] - setText(findTestObject("TestUserLocation/setNewName"), findTestData("LocationData").getValue("SubEquipmentName1", 1)): Text 'SUBEQUIPMENT1_ON_07/12/18-11:24' is set on object 'Object Repository/TestUserLocation/setNewName'

2018-12-07 11:25:53 - [MESSAGE][PASSED] - Text 'SUBEQUIPMENT1_ON_07/12/18-11:24' is set on object 'Object Repository/TestUserLocation/setNewName'

2018-12-07 11:25:53 - [TEST_STEP][PASSED] - setText(findTestObject("TestResource/setPhoneNumber"), "912378456"): Text '912378456' is set on object 'Object Repository/TestResource/setPhoneNumber'

2018-12-07 11:25:54 - [MESSAGE][PASSED] - Text '912378456' is set on object 'Object Repository/TestResource/setPhoneNumber'

2018-12-07 11:25:54 - [TEST_STEP][PASSED] - Thread.sleep(2000): null

2018-12-07 11:25:56 - [TEST_STEP][PASSED] - click(findTestObject("TestResource/saveDetailButton")): Object: 'Object Repository/TestResource/saveDetailButton' is clicked on

2018-12-07 11:25:56 - [MESSAGE][PASSED] - Object: 'Object Repository/TestResource/saveDetailButton' is clicked on

2018-12-07 11:25:56 - [TEST_STEP][PASSED] - Thread.sleep(7000): null

2018-12-07 11:26:03 - [TEST_STEP][PASSED] - click(findTestObject("TestResource/disableResource")): Object: 'Object Repository/TestResource/disableResource' is clicked on

2018-12-07 11:26:03 - [MESSAGE][PASSED] - Object: 'Object Repository/TestResource/disableResource' is clicked on

2018-12-07 11:26:03 - [TEST_STEP][PASSED] - Thread.sleep(2000): null

2018-12-07 11:26:05 - [TEST_STEP][PASSED] - click(findTestObject("TestResource/button2Yes")): Object: 'Object Repository/TestResource/button2Yes' is clicked on

2018-12-07 11:26:05 - [MESSAGE][PASSED] - Object: 'Object Repository/TestResource/button2Yes' is clicked on

2018-12-07 11:26:05 - [TEST_STEP][PASSED] - Thread.sleep(2000): null

2018-12-07 11:26:07 - [TEST_STEP][PASSED] - click(findTestObject("TestResource/saveDetailButton")): Object: 'Object Repository/TestResource/saveDetailButton' is clicked on

2018-12-07 11:26:07 - [MESSAGE][PASSED] - Object: 'Object Repository/TestResource/saveDetailButton' is clicked on

2018-12-07 11:26:07 - [TEST_STEP][PASSED] - Thread.sleep(7000): null

2018-12-07 11:26:14 - [TEST_STEP][PASSED] - click(findTestObject("TestResource/linksTab")): Object: 'Object Repository/TestResource/linksTab' is clicked on

2018-12-07 11:26:14 - [MESSAGE][PASSED] - Object: 'Object Repository/TestResource/linksTab' is clicked on

2018-12-07 11:26:14 - [TEST_STEP][PASSED] - Thread.sleep(2000): null

2018-12-07 11:26:16 - [TEST_STEP][PASSED] - click(findTestObject("TestResource/addLink")): Object: 'Object Repository/TestResource/addLink' is clicked on

2018-12-07 11:26:16 - [MESSAGE][PASSED] - Object: 'Object Repository/TestResource/addLink' is clicked on

2018-12-07 11:26:16 - [TEST_STEP][PASSED] - Thread.sleep(5000): null

2018-12-07 11:26:21 - [TEST_STEP][PASSED] - check(findTestObject("TestResource/selectSecondResourceToLink")): Object 'Object Repository/TestResource/selectSecondResourceToLink' is checked

2018-12-07 11:26:21 - [MESSAGE][PASSED] - Object 'Object Repository/TestResource/selectSecondResourceToLink' is checked

2018-12-07 11:26:21 - [TEST_STEP][PASSED] - AdminTool_Location.resourceLinkName(): AdminTool_Location.resourceLinkName is PASSED

2018-12-07 11:26:22 - [MESSAGE][PASSED] - AdminTool_Location.resourceLinkName is PASSED

2018-12-07 11:26:22 - [TEST_STEP][PASSED] - Thread.sleep(2000): null

2018-12-07 11:26:24 - [TEST_STEP][PASSED] - click(findTestObject("TestResource/button2Save")): Object: 'Object Repository/TestResource/button2Save' is clicked on

2018-12-07 11:26:24 - [MESSAGE][PASSED] - Object: 'Object Repository/TestResource/button2Save' is clicked on

2018-12-07 11:26:24 - [TEST_STEP][PASSED] - Thread.sleep(4000): null

2018-12-07 11:26:28 - [TEST_STEP][PASSED] - click(findTestObject("TestResource/locationTab")): Object: 'Object Repository/TestResource/locationTab' is clicked on

2018-12-07 11:26:28 - [MESSAGE][PASSED] - Object: 'Object Repository/TestResource/locationTab' is clicked on

2018-12-07 11:26:28 - [TEST_STEP][PASSED] - Thread.sleep(5000): null

2018-12-07 11:26:33 - [TEST_STEP][PASSED] - AdminTool_Location.checkLocation(): AdminTool_Location.checkLocation is PASSED

2018-12-07 11:26:35 - [MESSAGE][PASSED] - AdminTool_Location.checkLocation is PASSED

2018-12-07 11:26:35 - [TEST_STEP][PASSED] - Thread.sleep(4000): null

2018-12-07 11:26:39 - [TEST_STEP][PASSED] - click(findTestObject("TestResource/saveLocation")): Object: 'Object Repository/TestResource/saveLocation' is clicked on

2018-12-07 11:26:39 - [MESSAGE][PASSED] - Object: 'Object Repository/TestResource/saveLocation' is clicked on

2018-12-07 11:26:39 - [TEST_STEP][PASSED] - click(findTestObject("TestUserLocation/mainmenu_button")): Object: 'Object Repository/TestUserLocation/mainmenu_button' is clicked on

2018-12-07 11:26:40 - [MESSAGE][PASSED] - Object: 'Object Repository/TestUserLocation/mainmenu_button' is clicked on

2018-12-07 11:26:40 - [TEST_STEP][PASSED] - click(findTestObject("TestResource/mainMenu_resources")): Object: 'Object Repository/TestResource/mainMenu_resources' is clicked on

2018-12-07 11:26:40 - [MESSAGE][PASSED] - Object: 'Object Repository/TestResource/mainMenu_resources' is clicked on

2018-12-07 11:26:40 - [TEST_STEP][PASSED] - Thread.sleep(4000): null

2018-12-07 11:26:44 - [TEST_STEP][PASSED] - click(findTestObject("TestResource/equipment")): Object: 'Object Repository/TestResource/equipment' is clicked on

2018-12-07 11:26:44 - [MESSAGE][PASSED] - Object: 'Object Repository/TestResource/equipment' is clicked on

2018-12-07 11:26:44 - [TEST_STEP][PASSED] - Thread.sleep(4000): null

2018-12-07 11:26:48 - [TEST_STEP][PASSED] - AdminTool_Location.selectEquipment(): Element has been clicked

2018-12-07 11:26:53 - [MESSAGE][PASSED] - Element has been clicked

2018-12-07 11:26:53 - [TEST_STEP][PASSED] - Thread.sleep(4000): null

2018-12-07 11:26:57 - [TEST_STEP][PASSED] - click(findTestObject("TestUserLocation/addPlusIcon")): Object: 'Object Repository/TestUserLocation/addPlusIcon' is clicked on

2018-12-07 11:26:57 - [MESSAGE][PASSED] - Object: 'Object Repository/TestUserLocation/addPlusIcon' is clicked on

2018-12-07 11:26:57 - [TEST_STEP][PASSED] - Thread.sleep(2000): null

2018-12-07 11:26:59 - [TEST_STEP][PASSED] - setText(findTestObject("TestUserLocation/setNewName"), findTestData("LocationData").getValue("SubEquipmentName2", 1)): Text 'SUBEQUIPMENT2_ON_07/12/18-11:24' is set on object 'Object Repository/TestUserLocation/setNewName'

2018-12-07 11:26:59 - [MESSAGE][PASSED] - Text 'SUBEQUIPMENT2_ON_07/12/18-11:24' is set on object 'Object Repository/TestUserLocation/setNewName'

2018-12-07 11:26:59 - [TEST_STEP][PASSED] - setText(findTestObject("TestResource/setPhoneNumber"), "912378456"): Text '912378456' is set on object 'Object Repository/TestResource/setPhoneNumber'

2018-12-07 11:26:59 - [MESSAGE][PASSED] - Text '912378456' is set on object 'Object Repository/TestResource/setPhoneNumber'

2018-12-07 11:26:59 - [TEST_STEP][PASSED] - Thread.sleep(2000): null

2018-12-07 11:27:01 - [TEST_STEP][PASSED] - click(findTestObject("TestResource/saveDetailButton")): Object: 'Object Repository/TestResource/saveDetailButton' is clicked on

2018-12-07 11:27:01 - [MESSAGE][PASSED] - Object: 'Object Repository/TestResource/saveDetailButton' is clicked on

2018-12-07 11:27:01 - [TEST_STEP][PASSED] - Thread.sleep(7000): null

2018-12-07 11:27:08 - [TEST_STEP][PASSED] - click(findTestObject("TestResource/linksTab")): Object: 'Object Repository/TestResource/linksTab' is clicked on

2018-12-07 11:27:09 - [MESSAGE][PASSED] - Object: 'Object Repository/TestResource/linksTab' is clicked on

2018-12-07 11:27:09 - [TEST_STEP][PASSED] - Thread.sleep(2000): null

2018-12-07 11:27:11 - [TEST_STEP][PASSED] - click(findTestObject("TestResource/addLink")): Object: 'Object Repository/TestResource/addLink' is clicked on

2018-12-07 11:27:11 - [MESSAGE][PASSED] - Object: 'Object Repository/TestResource/addLink' is clicked on

2018-12-07 11:27:11 - [TEST_STEP][PASSED] - Thread.sleep(5000): null

2018-12-07 11:27:16 - [TEST_STEP][PASSED] - check(findTestObject("TestResource/selectSecondResourceToLink")): Object 'Object Repository/TestResource/selectSecondResourceToLink' is checked

2018-12-07 11:27:16 - [MESSAGE][PASSED] - Object 'Object Repository/TestResource/selectSecondResourceToLink' is checked

2018-12-07 11:27:16 - [TEST_STEP][PASSED] - AdminTool_Location.resourceLinkName(): AdminTool_Location.resourceLinkName is PASSED

2018-12-07 11:27:16 - [MESSAGE][PASSED] - AdminTool_Location.resourceLinkName is PASSED

2018-12-07 11:27:16 - [TEST_STEP][PASSED] - Thread.sleep(2000): null

2018-12-07 11:27:18 - [TEST_STEP][PASSED] - click(findTestObject("TestResource/button2Save")): Object: 'Object Repository/TestResource/button2Save' is clicked on

2018-12-07 11:27:18 - [MESSAGE][PASSED] - Object: 'Object Repository/TestResource/button2Save' is clicked on

2018-12-07 11:27:18 - [TEST_STEP][PASSED] - Thread.sleep(4000): null

2018-12-07 11:27:22 - [TEST_STEP][PASSED] - click(findTestObject("TestResource/locationTab")): Object: 'Object Repository/TestResource/locationTab' is clicked on

2018-12-07 11:27:22 - [MESSAGE][PASSED] - Object: 'Object Repository/TestResource/locationTab' is clicked on

2018-12-07 11:27:22 - [TEST_STEP][PASSED] - Thread.sleep(5000): null

2018-12-07 11:27:27 - [TEST_STEP][PASSED] - AdminTool_Location.checkLocation(): AdminTool_Location.checkLocation is PASSED

2018-12-07 11:27:29 - [MESSAGE][PASSED] - AdminTool_Location.checkLocation is PASSED

2018-12-07 11:27:29 - [TEST_STEP][PASSED] - Thread.sleep(4000): null

2018-12-07 11:27:33 - [TEST_STEP][PASSED] - click(findTestObject("TestResource/saveLocation")): Object: 'Object Repository/TestResource/saveLocation' is clicked on

2018-12-07 11:27:34 - [MESSAGE][PASSED] - Object: 'Object Repository/TestResource/saveLocation' is clicked on]]></system-out>
         <system-err><![CDATA[]]></system-err>
      </testcase>
      <testcase name="Test Cases/CheckResoucesAsPerLocation/validateResource" classname="Test Cases/CheckResoucesAsPerLocation/validateResource" status="PASSED">
         <system-out><![CDATA[2018-12-07 11:27:34 - [TEST_CASE][PASSED] - Test Cases/CheckResoucesAsPerLocation/validateResource: Test Cases/CheckResoucesAsPerLocation/validateResource

2018-12-07 11:27:34 - [TEST_STEP][NOT_RUN] - openBrowser(URL): NOT_RUN: openBrowser(URL)

2018-12-07 11:27:34 - [MESSAGE][NOT_RUN] - NOT_RUN: openBrowser(URL)

2018-12-07 11:27:34 - [TEST_STEP][NOT_RUN] - maximizeWindow(): NOT_RUN: maximizeWindow()

2018-12-07 11:27:34 - [MESSAGE][NOT_RUN] - NOT_RUN: maximizeWindow()

2018-12-07 11:27:34 - [TEST_STEP][NOT_RUN] - setText(findTestObject("Form_Selection_Creation/login_Username"), UserName): NOT_RUN: setText(findTestObject("Form_Selection_Creation/login_Username"), UserName)

2018-12-07 11:27:34 - [MESSAGE][NOT_RUN] - NOT_RUN: setText(findTestObject("Form_Selection_Creation/login_Username"), UserName)

2018-12-07 11:27:34 - [TEST_STEP][NOT_RUN] - setText(findTestObject("Form_Selection_Creation/login_Password"), Password): NOT_RUN: setText(findTestObject("Form_Selection_Creation/login_Password"), Password)

2018-12-07 11:27:34 - [MESSAGE][NOT_RUN] - NOT_RUN: setText(findTestObject("Form_Selection_Creation/login_Password"), Password)

2018-12-07 11:27:34 - [TEST_STEP][PASSED] - Thread.sleep(4000): null

2018-12-07 11:27:38 - [TEST_STEP][PASSED] - FormName.setData(): FormName.setData is PASSED

2018-12-07 11:27:38 - [MESSAGE][PASSED] - FormName.setData is PASSED

2018-12-07 11:27:38 - [TEST_STEP][NOT_RUN] - click(findTestObject("Form_Selection_Creation/login_Button")): NOT_RUN: click(findTestObject("Form_Selection_Creation/login_Button"))

2018-12-07 11:27:38 - [MESSAGE][NOT_RUN] - NOT_RUN: click(findTestObject("Form_Selection_Creation/login_Button"))

2018-12-07 11:27:38 - [TEST_STEP][PASSED] - click(findTestObject("Form_Selection_Creation/mainMenu_Button")): Object: 'Object Repository/Form_Selection_Creation/mainMenu_Button' is clicked on

2018-12-07 11:27:38 - [MESSAGE][PASSED] - Object: 'Object Repository/Form_Selection_Creation/mainMenu_Button' is clicked on

2018-12-07 11:27:38 - [TEST_STEP][NOT_RUN] - click(findTestObject("Form_Selection_Creation/mainMenu_AdminTools")): NOT_RUN: click(findTestObject("Form_Selection_Creation/mainMenu_AdminTools"))

2018-12-07 11:27:38 - [MESSAGE][NOT_RUN] - NOT_RUN: click(findTestObject("Form_Selection_Creation/mainMenu_AdminTools"))

2018-12-07 11:27:38 - [TEST_STEP][PASSED] - click(findTestObject("Form_Selection_Creation/mainMenu_AdminTools_FormDesigner")): Object: 'Object Repository/Form_Selection_Creation/mainMenu_AdminTools_FormDesigner' is clicked on

2018-12-07 11:27:38 - [MESSAGE][PASSED] - Object: 'Object Repository/Form_Selection_Creation/mainMenu_AdminTools_FormDesigner' is clicked on

2018-12-07 11:27:38 - [TEST_STEP][PASSED] - click(findTestObject("Form_Selection_Creation/selectCheckForm")): Object: 'Object Repository/Form_Selection_Creation/selectCheckForm' is clicked on

2018-12-07 11:27:38 - [MESSAGE][PASSED] - Object: 'Object Repository/Form_Selection_Creation/selectCheckForm' is clicked on

2018-12-07 11:27:38 - [TEST_STEP][PASSED] - Thread.sleep(5000): null

2018-12-07 11:27:43 - [TEST_STEP][PASSED] - AdminTool_Location.selectResType(): AdminTool_Location.selectResType is PASSED

2018-12-07 11:27:51 - [MESSAGE][PASSED] - AdminTool_Location.selectResType is PASSED

2018-12-07 11:27:51 - [TEST_STEP][PASSED] - AdminTool_Location.dragDropRes(): Element has been clicked

2018-12-07 11:27:56 - [MESSAGE][PASSED] - Element has been clicked

2018-12-07 11:27:56 - [TEST_STEP][PASSED] - Thread.sleep(3000): null

2018-12-07 11:27:59 - [TEST_STEP][NOT_RUN] - dragAndDropToObject(findTestObject("null"), findTestObject("Form_Selection_Creation/Target_Res_Object")): NOT_RUN: dragAndDropToObject(findTestObject("null"), findTestObject("Form_Selection_Creation/Target_Res_Object"))

2018-12-07 11:27:59 - [MESSAGE][NOT_RUN] - NOT_RUN: dragAndDropToObject(findTestObject("null"), findTestObject("Form_Selection_Creation/Target_Res_Object"))

2018-12-07 11:27:59 - [TEST_STEP][PASSED] - AdminTool_Location.validate(): AdminTool_Location.validate is PASSED

2018-12-07 11:28:04 - [MESSAGE][PASSED] - AdminTool_Location.validate is PASSED

2018-12-07 11:28:04 - [TEST_STEP][PASSED] - s = getText(findTestObject("TestResource/testText")): Text of object 'Object Repository/TestResource/testText' is: 'Equipment > EQUIPMENT_ON_07/12/18-11:24 > SUBEQUIPMENT2_ON_07/12/18-11:24'

2018-12-07 11:28:04 - [MESSAGE][PASSED] - Text of object 'Object Repository/TestResource/testText' is: 'Equipment > EQUIPMENT_ON_07/12/18-11:24 > SUBEQUIPMENT2_ON_07/12/18-11:24'

2018-12-07 11:28:04 - [TEST_STEP][PASSED] - println(s): null]]></system-out>
         <system-err><![CDATA[]]></system-err>
      </testcase>
      <testcase name="Test Cases/CheckResoucesAsPerLocation/checkResource_Items" classname="Test Cases/CheckResoucesAsPerLocation/checkResource_Items" status="PASSED">
         <system-out><![CDATA[2018-12-07 11:28:04 - [TEST_CASE][PASSED] - Test Cases/CheckResoucesAsPerLocation/checkResource_Items: Test Cases/CheckResoucesAsPerLocation/checkResource_Items

2018-12-07 11:28:04 - [TEST_STEP][PASSED] - openBrowser(URL): Browser is opened with url: 'https://test2.stage.safetychain.com'

2018-12-07 11:28:04 - [MESSAGE][WARNING] - A browser is already opened. Closing browser and opening a new one

2018-12-07 11:28:05 - [MESSAGE][INFO] - Starting 'Chrome' driver

2018-12-07 11:28:20 - [MESSAGE][PASSED] - Browser is opened with url: 'https://test2.stage.safetychain.com'

2018-12-07 11:28:20 - [TEST_STEP][PASSED] - maximizeWindow(): Current window maximized

2018-12-07 11:28:21 - [MESSAGE][PASSED] - Current window maximized

2018-12-07 11:28:21 - [TEST_STEP][PASSED] - setText(findTestObject("TestUserLocation/login_Username"), UserName): Text 'superadmin' is set on object 'Object Repository/TestUserLocation/login_Username'

2018-12-07 11:28:25 - [MESSAGE][PASSED] - Text 'superadmin' is set on object 'Object Repository/TestUserLocation/login_Username'

2018-12-07 11:28:25 - [TEST_STEP][PASSED] - setText(findTestObject("TestUserLocation/login_Password"), Password): Text 'sliptest23772boot' is set on object 'Object Repository/TestUserLocation/login_Password'

2018-12-07 11:28:26 - [MESSAGE][PASSED] - Text 'sliptest23772boot' is set on object 'Object Repository/TestUserLocation/login_Password'

2018-12-07 11:28:26 - [TEST_STEP][PASSED] - AdminTool_Location.setItemName(): AdminTool_Location.setItemName is PASSED

2018-12-07 11:28:26 - [MESSAGE][PASSED] - AdminTool_Location.setItemName is PASSED

2018-12-07 11:28:26 - [TEST_STEP][PASSED] - click(findTestObject("TestUserLocation/login_Button")): Object: 'Object Repository/TestUserLocation/login_Button' is clicked on

2018-12-07 11:28:28 - [MESSAGE][PASSED] - Object: 'Object Repository/TestUserLocation/login_Button' is clicked on

2018-12-07 11:28:28 - [TEST_STEP][PASSED] - Thread.sleep(4000): null

2018-12-07 11:28:32 - [TEST_STEP][PASSED] - click(findTestObject("TestUserLocation/mainmenu_button")): Object: 'Object Repository/TestUserLocation/mainmenu_button' is clicked on

2018-12-07 11:28:34 - [MESSAGE][PASSED] - Object: 'Object Repository/TestUserLocation/mainmenu_button' is clicked on

2018-12-07 11:28:34 - [TEST_STEP][PASSED] - click(findTestObject("TestUserLocation/adminTool")): Object: 'Object Repository/TestUserLocation/adminTool' is clicked on

2018-12-07 11:28:34 - [MESSAGE][PASSED] - Object: 'Object Repository/TestUserLocation/adminTool' is clicked on

2018-12-07 11:28:34 - [TEST_STEP][PASSED] - click(findTestObject("TestUserLocation/mainMenuResourceDesigner")): Object: 'Object Repository/TestUserLocation/mainMenuResourceDesigner' is clicked on

2018-12-07 11:28:34 - [MESSAGE][PASSED] - Object: 'Object Repository/TestUserLocation/mainMenuResourceDesigner' is clicked on

2018-12-07 11:28:34 - [TEST_STEP][PASSED] - Thread.sleep(4000): null

2018-12-07 11:28:38 - [TEST_STEP][PASSED] - click(findTestObject("TestResource/items")): Object: 'Object Repository/TestResource/items' is clicked on

2018-12-07 11:28:38 - [MESSAGE][PASSED] - Object: 'Object Repository/TestResource/items' is clicked on

2018-12-07 11:28:38 - [TEST_STEP][PASSED] - Thread.sleep(4000): null

2018-12-07 11:28:42 - [TEST_STEP][PASSED] - click(findTestObject("TestUserLocation/categories")): Object: 'Object Repository/TestUserLocation/categories' is clicked on

2018-12-07 11:28:42 - [MESSAGE][PASSED] - Object: 'Object Repository/TestUserLocation/categories' is clicked on

2018-12-07 11:28:42 - [TEST_STEP][PASSED] - Thread.sleep(2000): null

2018-12-07 11:28:44 - [TEST_STEP][PASSED] - click(findTestObject("TestUserLocation/defaultArea")): Object: 'Object Repository/TestUserLocation/defaultArea' is clicked on

2018-12-07 11:28:44 - [MESSAGE][PASSED] - Object: 'Object Repository/TestUserLocation/defaultArea' is clicked on

2018-12-07 11:28:44 - [TEST_STEP][PASSED] - Thread.sleep(2000): null

2018-12-07 11:28:46 - [TEST_STEP][PASSED] - click(findTestObject("TestUserLocation/hoverHeading")): Object: 'Object Repository/TestUserLocation/hoverHeading' is clicked on

2018-12-07 11:28:47 - [MESSAGE][PASSED] - Object: 'Object Repository/TestUserLocation/hoverHeading' is clicked on

2018-12-07 11:28:47 - [TEST_STEP][PASSED] - click(findTestObject("TestUserLocation/addPlusIcon")): Object: 'Object Repository/TestUserLocation/addPlusIcon' is clicked on

2018-12-07 11:28:47 - [MESSAGE][PASSED] - Object: 'Object Repository/TestUserLocation/addPlusIcon' is clicked on

2018-12-07 11:28:47 - [TEST_STEP][PASSED] - setText(findTestObject("TestUserLocation/setNewName"), findTestData("LocationData").getValue("ItemsName", 1)): Text 'ITEM_ON_07/12/18-11:28' is set on object 'Object Repository/TestUserLocation/setNewName'

2018-12-07 11:28:47 - [MESSAGE][PASSED] - Text 'ITEM_ON_07/12/18-11:28' is set on object 'Object Repository/TestUserLocation/setNewName'

2018-12-07 11:28:47 - [TEST_STEP][PASSED] - Thread.sleep(2000): null

2018-12-07 11:28:49 - [TEST_STEP][PASSED] - click(findTestObject("TestUserLocation/saveButton")): Object: 'Object Repository/TestUserLocation/saveButton' is clicked on

2018-12-07 11:28:49 - [MESSAGE][PASSED] - Object: 'Object Repository/TestUserLocation/saveButton' is clicked on

2018-12-07 11:28:49 - [TEST_STEP][PASSED] - Thread.sleep(4000): null

2018-12-07 11:28:53 - [TEST_STEP][PASSED] - Thread.sleep(4000): null

2018-12-07 11:28:57 - [TEST_STEP][PASSED] - click(findTestObject("TestUserLocation/mainmenu_button")): Object: 'Object Repository/TestUserLocation/mainmenu_button' is clicked on

2018-12-07 11:28:57 - [MESSAGE][PASSED] - Object: 'Object Repository/TestUserLocation/mainmenu_button' is clicked on

2018-12-07 11:28:57 - [TEST_STEP][PASSED] - click(findTestObject("TestResource/mainMenu_resources")): Object: 'Object Repository/TestResource/mainMenu_resources' is clicked on

2018-12-07 11:28:57 - [MESSAGE][PASSED] - Object: 'Object Repository/TestResource/mainMenu_resources' is clicked on

2018-12-07 11:28:57 - [TEST_STEP][PASSED] - Thread.sleep(4000): null

2018-12-07 11:29:01 - [TEST_STEP][PASSED] - click(findTestObject("TestResource/items")): Object: 'Object Repository/TestResource/items' is clicked on

2018-12-07 11:29:01 - [MESSAGE][PASSED] - Object: 'Object Repository/TestResource/items' is clicked on

2018-12-07 11:29:01 - [TEST_STEP][PASSED] - Thread.sleep(4000): null

2018-12-07 11:29:05 - [TEST_STEP][PASSED] - AdminTool_Location.selectItem(): Element has been clicked

2018-12-07 11:29:10 - [MESSAGE][PASSED] - Element has been clicked

2018-12-07 11:29:10 - [TEST_STEP][PASSED] - Thread.sleep(4000): null

2018-12-07 11:29:14 - [TEST_STEP][PASSED] - click(findTestObject("TestUserLocation/addPlusIcon")): Object: 'Object Repository/TestUserLocation/addPlusIcon' is clicked on

2018-12-07 11:29:14 - [MESSAGE][PASSED] - Object: 'Object Repository/TestUserLocation/addPlusIcon' is clicked on

2018-12-07 11:29:14 - [TEST_STEP][PASSED] - Thread.sleep(2000): null

2018-12-07 11:29:16 - [TEST_STEP][PASSED] - setText(findTestObject("TestUserLocation/setNewName"), findTestData("LocationData").getValue("SubItemsName1", 1)): Text 'SUBITEM1_ON_07/12/18-11:28' is set on object 'Object Repository/TestUserLocation/setNewName'

2018-12-07 11:29:16 - [MESSAGE][PASSED] - Text 'SUBITEM1_ON_07/12/18-11:28' is set on object 'Object Repository/TestUserLocation/setNewName'

2018-12-07 11:29:16 - [TEST_STEP][NOT_RUN] - setText(findTestObject("TestResource/setPhoneNumber"), "912378456"): NOT_RUN: setText(findTestObject("TestResource/setPhoneNumber"), "912378456")

2018-12-07 11:29:16 - [MESSAGE][NOT_RUN] - NOT_RUN: setText(findTestObject("TestResource/setPhoneNumber"), "912378456")

2018-12-07 11:29:16 - [TEST_STEP][PASSED] - Thread.sleep(2000): null

2018-12-07 11:29:18 - [TEST_STEP][PASSED] - click(findTestObject("TestResource/saveDetailButton")): Object: 'Object Repository/TestResource/saveDetailButton' is clicked on

2018-12-07 11:29:18 - [MESSAGE][PASSED] - Object: 'Object Repository/TestResource/saveDetailButton' is clicked on

2018-12-07 11:29:18 - [TEST_STEP][PASSED] - Thread.sleep(7000): null

2018-12-07 11:29:25 - [TEST_STEP][PASSED] - click(findTestObject("TestResource/disableResource")): Object: 'Object Repository/TestResource/disableResource' is clicked on

2018-12-07 11:29:25 - [MESSAGE][PASSED] - Object: 'Object Repository/TestResource/disableResource' is clicked on

2018-12-07 11:29:25 - [TEST_STEP][PASSED] - Thread.sleep(2000): null

2018-12-07 11:29:27 - [TEST_STEP][PASSED] - click(findTestObject("TestResource/button2Yes")): Object: 'Object Repository/TestResource/button2Yes' is clicked on

2018-12-07 11:29:28 - [MESSAGE][PASSED] - Object: 'Object Repository/TestResource/button2Yes' is clicked on

2018-12-07 11:29:28 - [TEST_STEP][PASSED] - Thread.sleep(2000): null

2018-12-07 11:29:30 - [TEST_STEP][PASSED] - click(findTestObject("TestResource/saveDetailButton")): Object: 'Object Repository/TestResource/saveDetailButton' is clicked on

2018-12-07 11:29:30 - [MESSAGE][PASSED] - Object: 'Object Repository/TestResource/saveDetailButton' is clicked on

2018-12-07 11:29:30 - [TEST_STEP][PASSED] - Thread.sleep(7000): null

2018-12-07 11:29:37 - [TEST_STEP][PASSED] - click(findTestObject("TestResource/linksTab")): Object: 'Object Repository/TestResource/linksTab' is clicked on

2018-12-07 11:29:37 - [MESSAGE][PASSED] - Object: 'Object Repository/TestResource/linksTab' is clicked on

2018-12-07 11:29:37 - [TEST_STEP][PASSED] - Thread.sleep(2000): null

2018-12-07 11:29:39 - [TEST_STEP][PASSED] - click(findTestObject("TestResource/addLink")): Object: 'Object Repository/TestResource/addLink' is clicked on

2018-12-07 11:29:39 - [MESSAGE][PASSED] - Object: 'Object Repository/TestResource/addLink' is clicked on

2018-12-07 11:29:39 - [TEST_STEP][PASSED] - Thread.sleep(5000): null

2018-12-07 11:29:44 - [TEST_STEP][PASSED] - check(findTestObject("TestResource/selectSecondResourceToLink")): Object 'Object Repository/TestResource/selectSecondResourceToLink' is checked

2018-12-07 11:29:44 - [MESSAGE][PASSED] - Object 'Object Repository/TestResource/selectSecondResourceToLink' is checked

2018-12-07 11:29:44 - [TEST_STEP][PASSED] - AdminTool_Location.resourceLinkName(): AdminTool_Location.resourceLinkName is PASSED

2018-12-07 11:29:44 - [MESSAGE][PASSED] - AdminTool_Location.resourceLinkName is PASSED

2018-12-07 11:29:44 - [TEST_STEP][PASSED] - Thread.sleep(2000): null

2018-12-07 11:29:46 - [TEST_STEP][PASSED] - click(findTestObject("TestResource/button2Save")): Object: 'Object Repository/TestResource/button2Save' is clicked on

2018-12-07 11:29:46 - [MESSAGE][PASSED] - Object: 'Object Repository/TestResource/button2Save' is clicked on

2018-12-07 11:29:46 - [TEST_STEP][PASSED] - Thread.sleep(4000): null

2018-12-07 11:29:50 - [TEST_STEP][PASSED] - click(findTestObject("TestResource/locationTab")): Object: 'Object Repository/TestResource/locationTab' is clicked on

2018-12-07 11:29:50 - [MESSAGE][PASSED] - Object: 'Object Repository/TestResource/locationTab' is clicked on

2018-12-07 11:29:50 - [TEST_STEP][PASSED] - Thread.sleep(5000): null

2018-12-07 11:29:55 - [TEST_STEP][PASSED] - AdminTool_Location.checkLocation(): AdminTool_Location.checkLocation is PASSED

2018-12-07 11:29:58 - [MESSAGE][PASSED] - AdminTool_Location.checkLocation is PASSED

2018-12-07 11:29:58 - [TEST_STEP][PASSED] - Thread.sleep(4000): null

2018-12-07 11:30:02 - [TEST_STEP][PASSED] - click(findTestObject("TestResource/saveLocation")): Object: 'Object Repository/TestResource/saveLocation' is clicked on

2018-12-07 11:30:02 - [MESSAGE][PASSED] - Object: 'Object Repository/TestResource/saveLocation' is clicked on

2018-12-07 11:30:02 - [TEST_STEP][PASSED] - click(findTestObject("TestUserLocation/mainmenu_button")): Object: 'Object Repository/TestUserLocation/mainmenu_button' is clicked on

2018-12-07 11:30:03 - [MESSAGE][PASSED] - Object: 'Object Repository/TestUserLocation/mainmenu_button' is clicked on

2018-12-07 11:30:03 - [TEST_STEP][PASSED] - click(findTestObject("TestResource/mainMenu_resources")): Object: 'Object Repository/TestResource/mainMenu_resources' is clicked on

2018-12-07 11:30:03 - [MESSAGE][PASSED] - Object: 'Object Repository/TestResource/mainMenu_resources' is clicked on

2018-12-07 11:30:03 - [TEST_STEP][PASSED] - Thread.sleep(4000): null

2018-12-07 11:30:07 - [TEST_STEP][PASSED] - click(findTestObject("TestResource/items")): Object: 'Object Repository/TestResource/items' is clicked on

2018-12-07 11:30:07 - [MESSAGE][PASSED] - Object: 'Object Repository/TestResource/items' is clicked on

2018-12-07 11:30:07 - [TEST_STEP][PASSED] - Thread.sleep(4000): null

2018-12-07 11:30:11 - [TEST_STEP][PASSED] - AdminTool_Location.selectItem(): Element has been clicked

2018-12-07 11:30:15 - [MESSAGE][PASSED] - Element has been clicked

2018-12-07 11:30:15 - [TEST_STEP][PASSED] - Thread.sleep(4000): null

2018-12-07 11:30:19 - [TEST_STEP][PASSED] - click(findTestObject("TestUserLocation/addPlusIcon")): Object: 'Object Repository/TestUserLocation/addPlusIcon' is clicked on

2018-12-07 11:30:19 - [MESSAGE][PASSED] - Object: 'Object Repository/TestUserLocation/addPlusIcon' is clicked on

2018-12-07 11:30:19 - [TEST_STEP][PASSED] - Thread.sleep(2000): null

2018-12-07 11:30:21 - [TEST_STEP][PASSED] - setText(findTestObject("TestUserLocation/setNewName"), findTestData("LocationData").getValue("SubItemsName2", 1)): Text 'SUBITEM2_ON_07/12/18-11:28' is set on object 'Object Repository/TestUserLocation/setNewName'

2018-12-07 11:30:22 - [MESSAGE][PASSED] - Text 'SUBITEM2_ON_07/12/18-11:28' is set on object 'Object Repository/TestUserLocation/setNewName'

2018-12-07 11:30:22 - [TEST_STEP][NOT_RUN] - setText(findTestObject("TestResource/setPhoneNumber"), "912378456"): NOT_RUN: setText(findTestObject("TestResource/setPhoneNumber"), "912378456")

2018-12-07 11:30:22 - [MESSAGE][NOT_RUN] - NOT_RUN: setText(findTestObject("TestResource/setPhoneNumber"), "912378456")

2018-12-07 11:30:22 - [TEST_STEP][PASSED] - Thread.sleep(2000): null

2018-12-07 11:30:24 - [TEST_STEP][PASSED] - click(findTestObject("TestResource/saveDetailButton")): Object: 'Object Repository/TestResource/saveDetailButton' is clicked on

2018-12-07 11:30:24 - [MESSAGE][PASSED] - Object: 'Object Repository/TestResource/saveDetailButton' is clicked on

2018-12-07 11:30:24 - [TEST_STEP][PASSED] - Thread.sleep(7000): null

2018-12-07 11:30:31 - [TEST_STEP][PASSED] - click(findTestObject("TestResource/linksTab")): Object: 'Object Repository/TestResource/linksTab' is clicked on

2018-12-07 11:30:31 - [MESSAGE][PASSED] - Object: 'Object Repository/TestResource/linksTab' is clicked on

2018-12-07 11:30:31 - [TEST_STEP][PASSED] - Thread.sleep(2000): null

2018-12-07 11:30:33 - [TEST_STEP][PASSED] - click(findTestObject("TestResource/addLink")): Object: 'Object Repository/TestResource/addLink' is clicked on

2018-12-07 11:30:33 - [MESSAGE][PASSED] - Object: 'Object Repository/TestResource/addLink' is clicked on

2018-12-07 11:30:33 - [TEST_STEP][PASSED] - Thread.sleep(5000): null

2018-12-07 11:30:38 - [TEST_STEP][PASSED] - check(findTestObject("TestResource/selectSecondResourceToLink")): Object 'Object Repository/TestResource/selectSecondResourceToLink' is checked

2018-12-07 11:30:38 - [MESSAGE][PASSED] - Object 'Object Repository/TestResource/selectSecondResourceToLink' is checked

2018-12-07 11:30:38 - [TEST_STEP][PASSED] - AdminTool_Location.resourceLinkName(): AdminTool_Location.resourceLinkName is PASSED

2018-12-07 11:30:38 - [MESSAGE][PASSED] - AdminTool_Location.resourceLinkName is PASSED

2018-12-07 11:30:38 - [TEST_STEP][PASSED] - Thread.sleep(2000): null

2018-12-07 11:30:40 - [TEST_STEP][PASSED] - click(findTestObject("TestResource/button2Save")): Object: 'Object Repository/TestResource/button2Save' is clicked on

2018-12-07 11:30:40 - [MESSAGE][PASSED] - Object: 'Object Repository/TestResource/button2Save' is clicked on

2018-12-07 11:30:40 - [TEST_STEP][PASSED] - Thread.sleep(4000): null

2018-12-07 11:30:44 - [TEST_STEP][PASSED] - click(findTestObject("TestResource/locationTab")): Object: 'Object Repository/TestResource/locationTab' is clicked on

2018-12-07 11:30:45 - [MESSAGE][PASSED] - Object: 'Object Repository/TestResource/locationTab' is clicked on

2018-12-07 11:30:45 - [TEST_STEP][PASSED] - Thread.sleep(5000): null

2018-12-07 11:30:50 - [TEST_STEP][PASSED] - AdminTool_Location.checkLocation(): AdminTool_Location.checkLocation is PASSED

2018-12-07 11:30:52 - [MESSAGE][PASSED] - AdminTool_Location.checkLocation is PASSED

2018-12-07 11:30:52 - [TEST_STEP][PASSED] - Thread.sleep(4000): null

2018-12-07 11:30:56 - [TEST_STEP][PASSED] - click(findTestObject("TestResource/saveLocation")): Object: 'Object Repository/TestResource/saveLocation' is clicked on

2018-12-07 11:30:56 - [MESSAGE][PASSED] - Object: 'Object Repository/TestResource/saveLocation' is clicked on]]></system-out>
         <system-err><![CDATA[]]></system-err>
      </testcase>
      <testcase name="Test Cases/CheckResoucesAsPerLocation/validateResource" classname="Test Cases/CheckResoucesAsPerLocation/validateResource" status="PASSED">
         <system-out><![CDATA[2018-12-07 11:30:56 - [TEST_CASE][PASSED] - Test Cases/CheckResoucesAsPerLocation/validateResource: Test Cases/CheckResoucesAsPerLocation/validateResource

2018-12-07 11:30:56 - [TEST_STEP][NOT_RUN] - openBrowser(URL): NOT_RUN: openBrowser(URL)

2018-12-07 11:30:56 - [MESSAGE][NOT_RUN] - NOT_RUN: openBrowser(URL)

2018-12-07 11:30:56 - [TEST_STEP][NOT_RUN] - maximizeWindow(): NOT_RUN: maximizeWindow()

2018-12-07 11:30:56 - [MESSAGE][NOT_RUN] - NOT_RUN: maximizeWindow()

2018-12-07 11:30:56 - [TEST_STEP][NOT_RUN] - setText(findTestObject("Form_Selection_Creation/login_Username"), UserName): NOT_RUN: setText(findTestObject("Form_Selection_Creation/login_Username"), UserName)

2018-12-07 11:30:56 - [MESSAGE][NOT_RUN] - NOT_RUN: setText(findTestObject("Form_Selection_Creation/login_Username"), UserName)

2018-12-07 11:30:56 - [TEST_STEP][NOT_RUN] - setText(findTestObject("Form_Selection_Creation/login_Password"), Password): NOT_RUN: setText(findTestObject("Form_Selection_Creation/login_Password"), Password)

2018-12-07 11:30:56 - [MESSAGE][NOT_RUN] - NOT_RUN: setText(findTestObject("Form_Selection_Creation/login_Password"), Password)

2018-12-07 11:30:56 - [TEST_STEP][PASSED] - Thread.sleep(4000): null

2018-12-07 11:31:00 - [TEST_STEP][PASSED] - FormName.setData(): FormName.setData is PASSED

2018-12-07 11:31:00 - [MESSAGE][PASSED] - FormName.setData is PASSED

2018-12-07 11:31:00 - [TEST_STEP][NOT_RUN] - click(findTestObject("Form_Selection_Creation/login_Button")): NOT_RUN: click(findTestObject("Form_Selection_Creation/login_Button"))

2018-12-07 11:31:00 - [MESSAGE][NOT_RUN] - NOT_RUN: click(findTestObject("Form_Selection_Creation/login_Button"))

2018-12-07 11:31:00 - [TEST_STEP][PASSED] - click(findTestObject("Form_Selection_Creation/mainMenu_Button")): Object: 'Object Repository/Form_Selection_Creation/mainMenu_Button' is clicked on

2018-12-07 11:31:00 - [MESSAGE][PASSED] - Object: 'Object Repository/Form_Selection_Creation/mainMenu_Button' is clicked on

2018-12-07 11:31:00 - [TEST_STEP][NOT_RUN] - click(findTestObject("Form_Selection_Creation/mainMenu_AdminTools")): NOT_RUN: click(findTestObject("Form_Selection_Creation/mainMenu_AdminTools"))

2018-12-07 11:31:00 - [MESSAGE][NOT_RUN] - NOT_RUN: click(findTestObject("Form_Selection_Creation/mainMenu_AdminTools"))

2018-12-07 11:31:00 - [TEST_STEP][PASSED] - click(findTestObject("Form_Selection_Creation/mainMenu_AdminTools_FormDesigner")): Object: 'Object Repository/Form_Selection_Creation/mainMenu_AdminTools_FormDesigner' is clicked on

2018-12-07 11:31:00 - [MESSAGE][PASSED] - Object: 'Object Repository/Form_Selection_Creation/mainMenu_AdminTools_FormDesigner' is clicked on

2018-12-07 11:31:00 - [TEST_STEP][PASSED] - click(findTestObject("Form_Selection_Creation/selectCheckForm")): Object: 'Object Repository/Form_Selection_Creation/selectCheckForm' is clicked on

2018-12-07 11:31:00 - [MESSAGE][PASSED] - Object: 'Object Repository/Form_Selection_Creation/selectCheckForm' is clicked on

2018-12-07 11:31:00 - [TEST_STEP][PASSED] - Thread.sleep(5000): null

2018-12-07 11:31:05 - [TEST_STEP][PASSED] - AdminTool_Location.selectResType(): AdminTool_Location.selectResType is PASSED

2018-12-07 11:31:14 - [MESSAGE][PASSED] - AdminTool_Location.selectResType is PASSED

2018-12-07 11:31:14 - [TEST_STEP][PASSED] - AdminTool_Location.dragDropRes(): Element has been clicked

2018-12-07 11:31:18 - [MESSAGE][PASSED] - Element has been clicked

2018-12-07 11:31:18 - [TEST_STEP][PASSED] - Thread.sleep(3000): null

2018-12-07 11:31:21 - [TEST_STEP][NOT_RUN] - dragAndDropToObject(findTestObject("null"), findTestObject("Form_Selection_Creation/Target_Res_Object")): NOT_RUN: dragAndDropToObject(findTestObject("null"), findTestObject("Form_Selection_Creation/Target_Res_Object"))

2018-12-07 11:31:21 - [MESSAGE][NOT_RUN] - NOT_RUN: dragAndDropToObject(findTestObject("null"), findTestObject("Form_Selection_Creation/Target_Res_Object"))

2018-12-07 11:31:21 - [TEST_STEP][PASSED] - AdminTool_Location.validate(): AdminTool_Location.validate is PASSED

2018-12-07 11:31:21 - [MESSAGE][PASSED] - AdminTool_Location.validate is PASSED

2018-12-07 11:31:21 - [TEST_STEP][PASSED] - s = getText(findTestObject("TestResource/testText")): Text of object 'Object Repository/TestResource/testText' is: 'Items > ITEM_ON_07/12/18-11:28 > SUBITEM2_ON_07/12/18-11:28'

2018-12-07 11:31:21 - [MESSAGE][PASSED] - Text of object 'Object Repository/TestResource/testText' is: 'Items > ITEM_ON_07/12/18-11:28 > SUBITEM2_ON_07/12/18-11:28'

2018-12-07 11:31:21 - [TEST_STEP][PASSED] - println(s): null]]></system-out>
         <system-err><![CDATA[]]></system-err>
      </testcase>
      <testcase name="Test Cases/CheckResoucesAsPerLocation/checkResource_Supplier" classname="Test Cases/CheckResoucesAsPerLocation/checkResource_Supplier" status="PASSED">
         <system-out><![CDATA[2018-12-07 11:31:21 - [TEST_CASE][PASSED] - Test Cases/CheckResoucesAsPerLocation/checkResource_Supplier: Test Cases/CheckResoucesAsPerLocation/checkResource_Supplier

2018-12-07 11:31:21 - [TEST_STEP][PASSED] - openBrowser(URL): Browser is opened with url: 'https://test2.stage.safetychain.com'

2018-12-07 11:31:21 - [MESSAGE][WARNING] - A browser is already opened. Closing browser and opening a new one

2018-12-07 11:31:22 - [MESSAGE][INFO] - Starting 'Chrome' driver

2018-12-07 11:31:39 - [MESSAGE][PASSED] - Browser is opened with url: 'https://test2.stage.safetychain.com'

2018-12-07 11:31:39 - [TEST_STEP][PASSED] - maximizeWindow(): Current window maximized

2018-12-07 11:31:40 - [MESSAGE][PASSED] - Current window maximized

2018-12-07 11:31:40 - [TEST_STEP][PASSED] - setText(findTestObject("TestUserLocation/login_Username"), UserName): Text 'superadmin' is set on object 'Object Repository/TestUserLocation/login_Username'

2018-12-07 11:31:42 - [MESSAGE][PASSED] - Text 'superadmin' is set on object 'Object Repository/TestUserLocation/login_Username'

2018-12-07 11:31:42 - [TEST_STEP][PASSED] - setText(findTestObject("TestUserLocation/login_Password"), Password): Text 'sliptest23772boot' is set on object 'Object Repository/TestUserLocation/login_Password'

2018-12-07 11:31:43 - [MESSAGE][PASSED] - Text 'sliptest23772boot' is set on object 'Object Repository/TestUserLocation/login_Password'

2018-12-07 11:31:43 - [TEST_STEP][PASSED] - AdminTool_Location.setSupplierName(): AdminTool_Location.setSupplierName is PASSED

2018-12-07 11:31:43 - [MESSAGE][PASSED] - AdminTool_Location.setSupplierName is PASSED

2018-12-07 11:31:43 - [TEST_STEP][PASSED] - click(findTestObject("TestUserLocation/login_Button")): Object: 'Object Repository/TestUserLocation/login_Button' is clicked on

2018-12-07 11:31:45 - [MESSAGE][PASSED] - Object: 'Object Repository/TestUserLocation/login_Button' is clicked on

2018-12-07 11:31:45 - [TEST_STEP][PASSED] - Thread.sleep(4000): null

2018-12-07 11:31:49 - [TEST_STEP][PASSED] - click(findTestObject("TestUserLocation/mainmenu_button")): Object: 'Object Repository/TestUserLocation/mainmenu_button' is clicked on

2018-12-07 11:31:53 - [MESSAGE][PASSED] - Object: 'Object Repository/TestUserLocation/mainmenu_button' is clicked on

2018-12-07 11:31:53 - [TEST_STEP][PASSED] - click(findTestObject("TestUserLocation/adminTool")): Object: 'Object Repository/TestUserLocation/adminTool' is clicked on

2018-12-07 11:31:53 - [MESSAGE][PASSED] - Object: 'Object Repository/TestUserLocation/adminTool' is clicked on

2018-12-07 11:31:53 - [TEST_STEP][PASSED] - click(findTestObject("TestUserLocation/mainMenuResourceDesigner")): Object: 'Object Repository/TestUserLocation/mainMenuResourceDesigner' is clicked on

2018-12-07 11:31:54 - [MESSAGE][PASSED] - Object: 'Object Repository/TestUserLocation/mainMenuResourceDesigner' is clicked on

2018-12-07 11:31:54 - [TEST_STEP][PASSED] - Thread.sleep(4000): null

2018-12-07 11:31:58 - [TEST_STEP][PASSED] - click(findTestObject("TestResource/SuppliersDesign")): Object: 'Object Repository/TestResource/SuppliersDesign' is clicked on

2018-12-07 11:31:58 - [MESSAGE][PASSED] - Object: 'Object Repository/TestResource/SuppliersDesign' is clicked on

2018-12-07 11:31:58 - [TEST_STEP][PASSED] - Thread.sleep(4000): null

2018-12-07 11:32:02 - [TEST_STEP][PASSED] - click(findTestObject("TestUserLocation/categories")): Object: 'Object Repository/TestUserLocation/categories' is clicked on

2018-12-07 11:32:02 - [MESSAGE][PASSED] - Object: 'Object Repository/TestUserLocation/categories' is clicked on

2018-12-07 11:32:02 - [TEST_STEP][PASSED] - Thread.sleep(2000): null

2018-12-07 11:32:04 - [TEST_STEP][PASSED] - click(findTestObject("TestUserLocation/defaultArea")): Object: 'Object Repository/TestUserLocation/defaultArea' is clicked on

2018-12-07 11:32:04 - [MESSAGE][PASSED] - Object: 'Object Repository/TestUserLocation/defaultArea' is clicked on

2018-12-07 11:32:04 - [TEST_STEP][PASSED] - Thread.sleep(2000): null

2018-12-07 11:32:06 - [TEST_STEP][PASSED] - click(findTestObject("TestUserLocation/hoverHeading")): Object: 'Object Repository/TestUserLocation/hoverHeading' is clicked on

2018-12-07 11:32:06 - [MESSAGE][PASSED] - Object: 'Object Repository/TestUserLocation/hoverHeading' is clicked on

2018-12-07 11:32:06 - [TEST_STEP][PASSED] - click(findTestObject("TestUserLocation/addPlusIcon")): Object: 'Object Repository/TestUserLocation/addPlusIcon' is clicked on

2018-12-07 11:32:06 - [MESSAGE][PASSED] - Object: 'Object Repository/TestUserLocation/addPlusIcon' is clicked on

2018-12-07 11:32:06 - [TEST_STEP][PASSED] - setText(findTestObject("TestUserLocation/setNewName"), findTestData("LocationData").getValue("SuppliersName", 1)): Text 'SUPPLIER_ON_07/12/18-11:31' is set on object 'Object Repository/TestUserLocation/setNewName'

2018-12-07 11:32:07 - [MESSAGE][PASSED] - Text 'SUPPLIER_ON_07/12/18-11:31' is set on object 'Object Repository/TestUserLocation/setNewName'

2018-12-07 11:32:07 - [TEST_STEP][PASSED] - Thread.sleep(2000): null

2018-12-07 11:32:09 - [TEST_STEP][PASSED] - click(findTestObject("TestUserLocation/saveButton")): Object: 'Object Repository/TestUserLocation/saveButton' is clicked on

2018-12-07 11:32:09 - [MESSAGE][PASSED] - Object: 'Object Repository/TestUserLocation/saveButton' is clicked on

2018-12-07 11:32:09 - [TEST_STEP][PASSED] - Thread.sleep(4000): null

2018-12-07 11:32:13 - [TEST_STEP][PASSED] - Thread.sleep(4000): null

2018-12-07 11:32:17 - [TEST_STEP][PASSED] - click(findTestObject("TestUserLocation/mainmenu_button")): Object: 'Object Repository/TestUserLocation/mainmenu_button' is clicked on

2018-12-07 11:32:17 - [MESSAGE][PASSED] - Object: 'Object Repository/TestUserLocation/mainmenu_button' is clicked on

2018-12-07 11:32:17 - [TEST_STEP][PASSED] - click(findTestObject("TestResource/mainMenu_resources")): Object: 'Object Repository/TestResource/mainMenu_resources' is clicked on

2018-12-07 11:32:17 - [MESSAGE][PASSED] - Object: 'Object Repository/TestResource/mainMenu_resources' is clicked on

2018-12-07 11:32:17 - [TEST_STEP][PASSED] - Thread.sleep(4000): null

2018-12-07 11:32:21 - [TEST_STEP][PASSED] - click(findTestObject("TestResource/suppliers")): Object: 'Object Repository/TestResource/suppliers' is clicked on

2018-12-07 11:32:21 - [MESSAGE][PASSED] - Object: 'Object Repository/TestResource/suppliers' is clicked on

2018-12-07 11:32:21 - [TEST_STEP][PASSED] - Thread.sleep(4000): null

2018-12-07 11:32:25 - [TEST_STEP][PASSED] - AdminTool_Location.selectSupplier(): Element has been clicked

2018-12-07 11:32:29 - [MESSAGE][PASSED] - Element has been clicked

2018-12-07 11:32:29 - [TEST_STEP][PASSED] - Thread.sleep(4000): null

2018-12-07 11:32:33 - [TEST_STEP][PASSED] - click(findTestObject("TestUserLocation/addPlusIcon")): Object: 'Object Repository/TestUserLocation/addPlusIcon' is clicked on

2018-12-07 11:32:34 - [MESSAGE][PASSED] - Object: 'Object Repository/TestUserLocation/addPlusIcon' is clicked on

2018-12-07 11:32:34 - [TEST_STEP][PASSED] - Thread.sleep(2000): null

2018-12-07 11:32:36 - [TEST_STEP][PASSED] - setText(findTestObject("TestUserLocation/setNewName"), findTestData("LocationData").getValue("SubSuppliersName1", 1)): Text 'SUBSUPPLIER1_ON_07/12/18-11:31' is set on object 'Object Repository/TestUserLocation/setNewName'

2018-12-07 11:32:36 - [MESSAGE][PASSED] - Text 'SUBSUPPLIER1_ON_07/12/18-11:31' is set on object 'Object Repository/TestUserLocation/setNewName'

2018-12-07 11:32:36 - [TEST_STEP][NOT_RUN] - setText(findTestObject("TestResource/setPhoneNumber"), "912378456"): NOT_RUN: setText(findTestObject("TestResource/setPhoneNumber"), "912378456")

2018-12-07 11:32:36 - [MESSAGE][NOT_RUN] - NOT_RUN: setText(findTestObject("TestResource/setPhoneNumber"), "912378456")

2018-12-07 11:32:36 - [TEST_STEP][PASSED] - Thread.sleep(2000): null

2018-12-07 11:32:38 - [TEST_STEP][PASSED] - click(findTestObject("TestResource/saveDetailButton")): Object: 'Object Repository/TestResource/saveDetailButton' is clicked on

2018-12-07 11:32:38 - [MESSAGE][PASSED] - Object: 'Object Repository/TestResource/saveDetailButton' is clicked on

2018-12-07 11:32:38 - [TEST_STEP][PASSED] - Thread.sleep(7000): null

2018-12-07 11:32:45 - [TEST_STEP][PASSED] - click(findTestObject("TestResource/disableResource")): Object: 'Object Repository/TestResource/disableResource' is clicked on

2018-12-07 11:32:45 - [MESSAGE][PASSED] - Object: 'Object Repository/TestResource/disableResource' is clicked on

2018-12-07 11:32:45 - [TEST_STEP][PASSED] - Thread.sleep(2000): null

2018-12-07 11:32:47 - [TEST_STEP][PASSED] - click(findTestObject("TestResource/button2Yes")): Object: 'Object Repository/TestResource/button2Yes' is clicked on

2018-12-07 11:32:47 - [MESSAGE][PASSED] - Object: 'Object Repository/TestResource/button2Yes' is clicked on

2018-12-07 11:32:47 - [TEST_STEP][PASSED] - Thread.sleep(2000): null

2018-12-07 11:32:49 - [TEST_STEP][PASSED] - click(findTestObject("TestResource/saveDetailButton")): Object: 'Object Repository/TestResource/saveDetailButton' is clicked on

2018-12-07 11:32:49 - [MESSAGE][PASSED] - Object: 'Object Repository/TestResource/saveDetailButton' is clicked on

2018-12-07 11:32:49 - [TEST_STEP][PASSED] - Thread.sleep(7000): null

2018-12-07 11:32:56 - [TEST_STEP][PASSED] - click(findTestObject("TestResource/linksTab")): Object: 'Object Repository/TestResource/linksTab' is clicked on

2018-12-07 11:32:56 - [MESSAGE][PASSED] - Object: 'Object Repository/TestResource/linksTab' is clicked on

2018-12-07 11:32:56 - [TEST_STEP][PASSED] - Thread.sleep(2000): null

2018-12-07 11:32:58 - [TEST_STEP][PASSED] - click(findTestObject("TestResource/addLink")): Object: 'Object Repository/TestResource/addLink' is clicked on

2018-12-07 11:32:59 - [MESSAGE][PASSED] - Object: 'Object Repository/TestResource/addLink' is clicked on

2018-12-07 11:32:59 - [TEST_STEP][PASSED] - Thread.sleep(5000): null

2018-12-07 11:33:04 - [TEST_STEP][PASSED] - check(findTestObject("TestResource/selectSecondResourceToLink")): Object 'Object Repository/TestResource/selectSecondResourceToLink' is checked

2018-12-07 11:33:04 - [MESSAGE][PASSED] - Object 'Object Repository/TestResource/selectSecondResourceToLink' is checked

2018-12-07 11:33:04 - [TEST_STEP][PASSED] - AdminTool_Location.resourceLinkName(): AdminTool_Location.resourceLinkName is PASSED

2018-12-07 11:33:04 - [MESSAGE][PASSED] - AdminTool_Location.resourceLinkName is PASSED

2018-12-07 11:33:04 - [TEST_STEP][PASSED] - Thread.sleep(2000): null

2018-12-07 11:33:06 - [TEST_STEP][PASSED] - click(findTestObject("TestResource/button2Save")): Object: 'Object Repository/TestResource/button2Save' is clicked on

2018-12-07 11:33:06 - [MESSAGE][PASSED] - Object: 'Object Repository/TestResource/button2Save' is clicked on

2018-12-07 11:33:06 - [TEST_STEP][PASSED] - Thread.sleep(4000): null

2018-12-07 11:33:10 - [TEST_STEP][PASSED] - click(findTestObject("TestResource/locationTab")): Object: 'Object Repository/TestResource/locationTab' is clicked on

2018-12-07 11:33:10 - [MESSAGE][PASSED] - Object: 'Object Repository/TestResource/locationTab' is clicked on

2018-12-07 11:33:10 - [TEST_STEP][PASSED] - Thread.sleep(5000): null

2018-12-07 11:33:15 - [TEST_STEP][PASSED] - AdminTool_Location.checkLocation(): AdminTool_Location.checkLocation is PASSED

2018-12-07 11:33:18 - [MESSAGE][PASSED] - AdminTool_Location.checkLocation is PASSED

2018-12-07 11:33:18 - [TEST_STEP][PASSED] - Thread.sleep(4000): null

2018-12-07 11:33:22 - [TEST_STEP][PASSED] - click(findTestObject("TestResource/saveLocation")): Object: 'Object Repository/TestResource/saveLocation' is clicked on

2018-12-07 11:33:22 - [MESSAGE][PASSED] - Object: 'Object Repository/TestResource/saveLocation' is clicked on

2018-12-07 11:33:22 - [TEST_STEP][PASSED] - click(findTestObject("TestUserLocation/mainmenu_button")): Object: 'Object Repository/TestUserLocation/mainmenu_button' is clicked on

2018-12-07 11:33:23 - [MESSAGE][PASSED] - Object: 'Object Repository/TestUserLocation/mainmenu_button' is clicked on

2018-12-07 11:33:23 - [TEST_STEP][PASSED] - click(findTestObject("TestResource/mainMenu_resources")): Object: 'Object Repository/TestResource/mainMenu_resources' is clicked on

2018-12-07 11:33:24 - [MESSAGE][PASSED] - Object: 'Object Repository/TestResource/mainMenu_resources' is clicked on

2018-12-07 11:33:24 - [TEST_STEP][PASSED] - Thread.sleep(4000): null

2018-12-07 11:33:28 - [TEST_STEP][PASSED] - click(findTestObject("TestResource/suppliers")): Object: 'Object Repository/TestResource/suppliers' is clicked on

2018-12-07 11:33:28 - [MESSAGE][PASSED] - Object: 'Object Repository/TestResource/suppliers' is clicked on

2018-12-07 11:33:28 - [TEST_STEP][PASSED] - Thread.sleep(4000): null

2018-12-07 11:33:32 - [TEST_STEP][PASSED] - AdminTool_Location.selectSupplier(): Element has been clicked

2018-12-07 11:33:36 - [MESSAGE][PASSED] - Element has been clicked

2018-12-07 11:33:36 - [TEST_STEP][PASSED] - Thread.sleep(4000): null

2018-12-07 11:33:40 - [TEST_STEP][PASSED] - click(findTestObject("TestUserLocation/addPlusIcon")): Object: 'Object Repository/TestUserLocation/addPlusIcon' is clicked on

2018-12-07 11:33:40 - [MESSAGE][PASSED] - Object: 'Object Repository/TestUserLocation/addPlusIcon' is clicked on

2018-12-07 11:33:40 - [TEST_STEP][PASSED] - Thread.sleep(2000): null

2018-12-07 11:33:42 - [TEST_STEP][PASSED] - setText(findTestObject("TestUserLocation/setNewName"), findTestData("LocationData").getValue("SubSuppliersName2", 1)): Text 'SUBSUPPLIER2_ON_07/12/18-11:31' is set on object 'Object Repository/TestUserLocation/setNewName'

2018-12-07 11:33:43 - [MESSAGE][PASSED] - Text 'SUBSUPPLIER2_ON_07/12/18-11:31' is set on object 'Object Repository/TestUserLocation/setNewName'

2018-12-07 11:33:43 - [TEST_STEP][NOT_RUN] - setText(findTestObject("TestResource/setPhoneNumber"), "912378456"): NOT_RUN: setText(findTestObject("TestResource/setPhoneNumber"), "912378456")

2018-12-07 11:33:43 - [MESSAGE][NOT_RUN] - NOT_RUN: setText(findTestObject("TestResource/setPhoneNumber"), "912378456")

2018-12-07 11:33:43 - [TEST_STEP][PASSED] - Thread.sleep(2000): null

2018-12-07 11:33:45 - [TEST_STEP][PASSED] - click(findTestObject("TestResource/saveDetailButton")): Object: 'Object Repository/TestResource/saveDetailButton' is clicked on

2018-12-07 11:33:45 - [MESSAGE][PASSED] - Object: 'Object Repository/TestResource/saveDetailButton' is clicked on

2018-12-07 11:33:45 - [TEST_STEP][PASSED] - Thread.sleep(7000): null

2018-12-07 11:33:52 - [TEST_STEP][PASSED] - click(findTestObject("TestResource/linksTab")): Object: 'Object Repository/TestResource/linksTab' is clicked on

2018-12-07 11:33:52 - [MESSAGE][PASSED] - Object: 'Object Repository/TestResource/linksTab' is clicked on

2018-12-07 11:33:52 - [TEST_STEP][PASSED] - Thread.sleep(2000): null

2018-12-07 11:33:54 - [TEST_STEP][PASSED] - click(findTestObject("TestResource/addLink")): Object: 'Object Repository/TestResource/addLink' is clicked on

2018-12-07 11:33:54 - [MESSAGE][PASSED] - Object: 'Object Repository/TestResource/addLink' is clicked on

2018-12-07 11:33:54 - [TEST_STEP][PASSED] - Thread.sleep(5000): null

2018-12-07 11:33:59 - [TEST_STEP][PASSED] - check(findTestObject("TestResource/selectSecondResourceToLink")): Object 'Object Repository/TestResource/selectSecondResourceToLink' is checked

2018-12-07 11:33:59 - [MESSAGE][PASSED] - Object 'Object Repository/TestResource/selectSecondResourceToLink' is checked

2018-12-07 11:33:59 - [TEST_STEP][PASSED] - AdminTool_Location.resourceLinkName(): AdminTool_Location.resourceLinkName is PASSED

2018-12-07 11:33:59 - [MESSAGE][PASSED] - AdminTool_Location.resourceLinkName is PASSED

2018-12-07 11:33:59 - [TEST_STEP][PASSED] - Thread.sleep(2000): null

2018-12-07 11:34:01 - [TEST_STEP][PASSED] - click(findTestObject("TestResource/button2Save")): Object: 'Object Repository/TestResource/button2Save' is clicked on

2018-12-07 11:34:01 - [MESSAGE][PASSED] - Object: 'Object Repository/TestResource/button2Save' is clicked on

2018-12-07 11:34:01 - [TEST_STEP][PASSED] - Thread.sleep(4000): null

2018-12-07 11:34:05 - [TEST_STEP][PASSED] - click(findTestObject("TestResource/locationTab")): Object: 'Object Repository/TestResource/locationTab' is clicked on

2018-12-07 11:34:05 - [MESSAGE][PASSED] - Object: 'Object Repository/TestResource/locationTab' is clicked on

2018-12-07 11:34:05 - [TEST_STEP][PASSED] - Thread.sleep(5000): null

2018-12-07 11:34:10 - [TEST_STEP][PASSED] - AdminTool_Location.checkLocation(): AdminTool_Location.checkLocation is PASSED

2018-12-07 11:34:12 - [MESSAGE][PASSED] - AdminTool_Location.checkLocation is PASSED

2018-12-07 11:34:12 - [TEST_STEP][PASSED] - Thread.sleep(4000): null

2018-12-07 11:34:16 - [TEST_STEP][PASSED] - click(findTestObject("TestResource/saveLocation")): Object: 'Object Repository/TestResource/saveLocation' is clicked on

2018-12-07 11:34:17 - [MESSAGE][PASSED] - Object: 'Object Repository/TestResource/saveLocation' is clicked on]]></system-out>
         <system-err><![CDATA[]]></system-err>
      </testcase>
      <testcase name="Test Cases/CheckResoucesAsPerLocation/validateResource" classname="Test Cases/CheckResoucesAsPerLocation/validateResource" status="PASSED">
         <system-out><![CDATA[2018-12-07 11:34:17 - [TEST_CASE][PASSED] - Test Cases/CheckResoucesAsPerLocation/validateResource: Test Cases/CheckResoucesAsPerLocation/validateResource

2018-12-07 11:34:17 - [TEST_STEP][NOT_RUN] - openBrowser(URL): NOT_RUN: openBrowser(URL)

2018-12-07 11:34:17 - [MESSAGE][NOT_RUN] - NOT_RUN: openBrowser(URL)

2018-12-07 11:34:17 - [TEST_STEP][NOT_RUN] - maximizeWindow(): NOT_RUN: maximizeWindow()

2018-12-07 11:34:17 - [MESSAGE][NOT_RUN] - NOT_RUN: maximizeWindow()

2018-12-07 11:34:17 - [TEST_STEP][NOT_RUN] - setText(findTestObject("Form_Selection_Creation/login_Username"), UserName): NOT_RUN: setText(findTestObject("Form_Selection_Creation/login_Username"), UserName)

2018-12-07 11:34:17 - [MESSAGE][NOT_RUN] - NOT_RUN: setText(findTestObject("Form_Selection_Creation/login_Username"), UserName)

2018-12-07 11:34:17 - [TEST_STEP][NOT_RUN] - setText(findTestObject("Form_Selection_Creation/login_Password"), Password): NOT_RUN: setText(findTestObject("Form_Selection_Creation/login_Password"), Password)

2018-12-07 11:34:17 - [MESSAGE][NOT_RUN] - NOT_RUN: setText(findTestObject("Form_Selection_Creation/login_Password"), Password)

2018-12-07 11:34:17 - [TEST_STEP][PASSED] - Thread.sleep(4000): null

2018-12-07 11:34:21 - [TEST_STEP][PASSED] - FormName.setData(): FormName.setData is PASSED

2018-12-07 11:34:21 - [MESSAGE][PASSED] - FormName.setData is PASSED

2018-12-07 11:34:21 - [TEST_STEP][NOT_RUN] - click(findTestObject("Form_Selection_Creation/login_Button")): NOT_RUN: click(findTestObject("Form_Selection_Creation/login_Button"))

2018-12-07 11:34:21 - [MESSAGE][NOT_RUN] - NOT_RUN: click(findTestObject("Form_Selection_Creation/login_Button"))

2018-12-07 11:34:21 - [TEST_STEP][PASSED] - click(findTestObject("Form_Selection_Creation/mainMenu_Button")): Object: 'Object Repository/Form_Selection_Creation/mainMenu_Button' is clicked on

2018-12-07 11:34:21 - [MESSAGE][PASSED] - Object: 'Object Repository/Form_Selection_Creation/mainMenu_Button' is clicked on

2018-12-07 11:34:21 - [TEST_STEP][NOT_RUN] - click(findTestObject("Form_Selection_Creation/mainMenu_AdminTools")): NOT_RUN: click(findTestObject("Form_Selection_Creation/mainMenu_AdminTools"))

2018-12-07 11:34:21 - [MESSAGE][NOT_RUN] - NOT_RUN: click(findTestObject("Form_Selection_Creation/mainMenu_AdminTools"))

2018-12-07 11:34:21 - [TEST_STEP][PASSED] - click(findTestObject("Form_Selection_Creation/mainMenu_AdminTools_FormDesigner")): Object: 'Object Repository/Form_Selection_Creation/mainMenu_AdminTools_FormDesigner' is clicked on

2018-12-07 11:34:21 - [MESSAGE][PASSED] - Object: 'Object Repository/Form_Selection_Creation/mainMenu_AdminTools_FormDesigner' is clicked on

2018-12-07 11:34:21 - [TEST_STEP][PASSED] - click(findTestObject("Form_Selection_Creation/selectCheckForm")): Object: 'Object Repository/Form_Selection_Creation/selectCheckForm' is clicked on

2018-12-07 11:34:21 - [MESSAGE][PASSED] - Object: 'Object Repository/Form_Selection_Creation/selectCheckForm' is clicked on

2018-12-07 11:34:21 - [TEST_STEP][PASSED] - Thread.sleep(5000): null

2018-12-07 11:34:26 - [TEST_STEP][PASSED] - AdminTool_Location.selectResType(): AdminTool_Location.selectResType is PASSED

2018-12-07 11:34:34 - [MESSAGE][PASSED] - AdminTool_Location.selectResType is PASSED

2018-12-07 11:34:34 - [TEST_STEP][PASSED] - AdminTool_Location.dragDropRes(): Element has been clicked

2018-12-07 11:34:39 - [MESSAGE][PASSED] - Element has been clicked

2018-12-07 11:34:39 - [TEST_STEP][PASSED] - Thread.sleep(3000): null

2018-12-07 11:34:42 - [TEST_STEP][NOT_RUN] - dragAndDropToObject(findTestObject("null"), findTestObject("Form_Selection_Creation/Target_Res_Object")): NOT_RUN: dragAndDropToObject(findTestObject("null"), findTestObject("Form_Selection_Creation/Target_Res_Object"))

2018-12-07 11:34:42 - [MESSAGE][NOT_RUN] - NOT_RUN: dragAndDropToObject(findTestObject("null"), findTestObject("Form_Selection_Creation/Target_Res_Object"))

2018-12-07 11:34:42 - [TEST_STEP][PASSED] - AdminTool_Location.validate(): AdminTool_Location.validate is PASSED

2018-12-07 11:34:42 - [MESSAGE][PASSED] - AdminTool_Location.validate is PASSED

2018-12-07 11:34:42 - [TEST_STEP][PASSED] - s = getText(findTestObject("TestResource/testText")): Text of object 'Object Repository/TestResource/testText' is: 'Suppliers > SUPPLIER_ON_07/12/18-11:31 > SUBSUPPLIER2_ON_07/12/18-11:31'

2018-12-07 11:34:42 - [MESSAGE][PASSED] - Text of object 'Object Repository/TestResource/testText' is: 'Suppliers > SUPPLIER_ON_07/12/18-11:31 > SUBSUPPLIER2_ON_07/12/18-11:31'

2018-12-07 11:34:42 - [TEST_STEP][PASSED] - println(s): null]]></system-out>
         <system-err><![CDATA[]]></system-err>
      </testcase>
      <system-out><![CDATA[2018-12-07 11:19:21 - [TEST_SUITE][PASSED] - CheckAllResources: Test Cases/CheckResoucesAsPerLocation/validateResource]]></system-out>
      <system-err><![CDATA[]]></system-err>
   </testsuite>
</testsuites>
