<?xml version="1.0" encoding="UTF-8"?>
<testsuites name="CheckAllResources" time="909" tests="9" failures="0" errors="0">
   <testsuite name="CheckAllResources" tests="9" failures="0" errors="0" time="909" timestamp="2018-12-06 12:22:06" hostname="pashine_a - Abhishek-Pashine.India.XoriantCorp.com" id="Test Suites/CheckAllResources">
      <properties>
         <property name="deviceName" value=""/>
         <property name="devicePlatform" value=""/>
         <property name="logFolder" value="D:\\Git Data\\SafetyChain-Test-Automation-Katalon\\Reports\\CheckAllResources\\20181206_122203"/>
         <property name="logFiles" value="D:\\Git Data\\SafetyChain-Test-Automation-Katalon\\Reports\\CheckAllResources\\20181206_122203\\execution0.log"/>
         <property name="attachments" value=""/>
         <property name="hostName" value="pashine_a - Abhishek-Pashine.India.XoriantCorp.com"/>
         <property name="os" value="Windows 7 64bit"/>
         <property name="katalonVersion" value="5.9.1.2"/>
         <property name="browser" value="Chrome 70.0.3538.110"/>
         <property name="hostAddress" value="10.21.7.147"/>
         <property name="sessionId" value="59419d75483a9d65ae6582696d70440f"/>
         <property name="seleniumVersion" value="3.7.1"/>
         <property name="proxyInformation" value="ProxyInformation{proxyOption=NO_PROXY, proxyServerType=HTTP, password=, proxyServerAddress=, proxyServerPort=0}"/>
         <property name="platform" value="Windows 7"/>
      </properties>
      <testcase name="Test Cases/CheckResoucesAsPerLocation/checkLocation" classname="Test Cases/CheckResoucesAsPerLocation/checkLocation" status="PASSED">
         <system-out><![CDATA[2018-12-06 12:22:07 - [TEST_CASE][PASSED] - Test Cases/CheckResoucesAsPerLocation/checkLocation: Test Cases/CheckResoucesAsPerLocation/checkLocation

2018-12-06 12:22:07 - [TEST_STEP][PASSED] - openBrowser(URL): Browser is opened with url: 'https://test1.safetychain.com'

2018-12-06 12:22:08 - [MESSAGE][INFO] - Starting 'Chrome' driver

2018-12-06 12:22:08 - [MESSAGE][INFO] - Action delay is set to 0 seconds

2018-12-06 12:22:36 - [MESSAGE][PASSED] - Browser is opened with url: 'https://test1.safetychain.com'

2018-12-06 12:22:36 - [TEST_STEP][PASSED] - maximizeWindow(): Current window maximized

2018-12-06 12:22:38 - [MESSAGE][PASSED] - Current window maximized

2018-12-06 12:22:38 - [TEST_STEP][PASSED] - setText(findTestObject("TestUserLocation/login_Username"), UserName): Text 'Superadmin' is set on object 'Object Repository/TestUserLocation/login_Username'

2018-12-06 12:22:43 - [MESSAGE][PASSED] - Text 'Superadmin' is set on object 'Object Repository/TestUserLocation/login_Username'

2018-12-06 12:22:43 - [TEST_STEP][PASSED] - setText(findTestObject("TestUserLocation/login_Password"), Password): Text 'latetest13772boot' is set on object 'Object Repository/TestUserLocation/login_Password'

2018-12-06 12:22:43 - [MESSAGE][PASSED] - Text 'latetest13772boot' is set on object 'Object Repository/TestUserLocation/login_Password'

2018-12-06 12:22:43 - [TEST_STEP][PASSED] - AdminTool_Location.setLocationName(): AdminTool_Location.setLocationName is PASSED

2018-12-06 12:22:45 - [MESSAGE][PASSED] - AdminTool_Location.setLocationName is PASSED

2018-12-06 12:22:45 - [TEST_STEP][PASSED] - click(findTestObject("TestUserLocation/login_Button")): Object: 'Object Repository/TestUserLocation/login_Button' is clicked on

2018-12-06 12:22:47 - [MESSAGE][PASSED] - Object: 'Object Repository/TestUserLocation/login_Button' is clicked on

2018-12-06 12:22:47 - [TEST_STEP][PASSED] - Thread.sleep(4000): null

2018-12-06 12:22:51 - [TEST_STEP][PASSED] - AdminTool_Location.setLocationNameInLocation(): AdminTool_Location.setLocationNameInLocation is PASSED

2018-12-06 12:22:51 - [MESSAGE][PASSED] - AdminTool_Location.setLocationNameInLocation is PASSED

2018-12-06 12:22:51 - [TEST_STEP][PASSED] - click(findTestObject("TestUserLocation/mainmenu_button")): Object: 'Object Repository/TestUserLocation/mainmenu_button' is clicked on

2018-12-06 12:22:55 - [MESSAGE][PASSED] - Object: 'Object Repository/TestUserLocation/mainmenu_button' is clicked on

2018-12-06 12:22:55 - [TEST_STEP][PASSED] - click(findTestObject("TestUserLocation/adminTool")): Object: 'Object Repository/TestUserLocation/adminTool' is clicked on

2018-12-06 12:22:55 - [MESSAGE][PASSED] - Object: 'Object Repository/TestUserLocation/adminTool' is clicked on

2018-12-06 12:22:55 - [TEST_STEP][PASSED] - click(findTestObject("TestUserLocation/mainMenuResourceDesigner")): Object: 'Object Repository/TestUserLocation/mainMenuResourceDesigner' is clicked on

2018-12-06 12:22:56 - [MESSAGE][PASSED] - Object: 'Object Repository/TestUserLocation/mainMenuResourceDesigner' is clicked on

2018-12-06 12:22:56 - [TEST_STEP][PASSED] - Thread.sleep(4000): null

2018-12-06 12:23:00 - [TEST_STEP][PASSED] - click(findTestObject("TestUserLocation/locations")): Object: 'Object Repository/TestUserLocation/locations' is clicked on

2018-12-06 12:23:00 - [MESSAGE][PASSED] - Object: 'Object Repository/TestUserLocation/locations' is clicked on

2018-12-06 12:23:00 - [TEST_STEP][PASSED] - Thread.sleep(4000): null

2018-12-06 12:23:04 - [TEST_STEP][NOT_RUN] - refresh(): NOT_RUN: refresh()

2018-12-06 12:23:04 - [MESSAGE][NOT_RUN] - NOT_RUN: refresh()

2018-12-06 12:23:04 - [TEST_STEP][NOT_RUN] - Thread.sleep(4000): NOT_RUN: Thread.sleep(4000)

2018-12-06 12:23:04 - [MESSAGE][NOT_RUN] - NOT_RUN: Thread.sleep(4000)

2018-12-06 12:23:04 - [TEST_STEP][PASSED] - click(findTestObject("TestUserLocation/categories")): Object: 'Object Repository/TestUserLocation/categories' is clicked on

2018-12-06 12:23:05 - [MESSAGE][PASSED] - Object: 'Object Repository/TestUserLocation/categories' is clicked on

2018-12-06 12:23:05 - [TEST_STEP][PASSED] - Thread.sleep(2000): null

2018-12-06 12:23:07 - [TEST_STEP][PASSED] - click(findTestObject("TestUserLocation/defaultArea")): Object: 'Object Repository/TestUserLocation/defaultArea' is clicked on

2018-12-06 12:23:07 - [MESSAGE][PASSED] - Object: 'Object Repository/TestUserLocation/defaultArea' is clicked on

2018-12-06 12:23:07 - [TEST_STEP][PASSED] - click(findTestObject("TestUserLocation/hoverHeading")): Object: 'Object Repository/TestUserLocation/hoverHeading' is clicked on

2018-12-06 12:23:07 - [MESSAGE][PASSED] - Object: 'Object Repository/TestUserLocation/hoverHeading' is clicked on

2018-12-06 12:23:07 - [TEST_STEP][PASSED] - click(findTestObject("TestUserLocation/addPlusIcon")): Object: 'Object Repository/TestUserLocation/addPlusIcon' is clicked on

2018-12-06 12:23:07 - [MESSAGE][PASSED] - Object: 'Object Repository/TestUserLocation/addPlusIcon' is clicked on

2018-12-06 12:23:07 - [TEST_STEP][PASSED] - setText(findTestObject("TestUserLocation/setNewName"), findTestData("LocationData").getValue("LocationName", 1)): Text 'LOCATION_ON_06/12/18-12:22' is set on object 'Object Repository/TestUserLocation/setNewName'

2018-12-06 12:23:08 - [MESSAGE][PASSED] - Text 'LOCATION_ON_06/12/18-12:22' is set on object 'Object Repository/TestUserLocation/setNewName'

2018-12-06 12:23:08 - [TEST_STEP][PASSED] - Thread.sleep(2000): null

2018-12-06 12:23:10 - [TEST_STEP][PASSED] - click(findTestObject("TestUserLocation/saveButton")): Object: 'Object Repository/TestUserLocation/saveButton' is clicked on

2018-12-06 12:23:10 - [MESSAGE][PASSED] - Object: 'Object Repository/TestUserLocation/saveButton' is clicked on

2018-12-06 12:23:10 - [TEST_STEP][PASSED] - Thread.sleep(4000): null

2018-12-06 12:23:14 - [TEST_STEP][PASSED] - click(findTestObject("TestUserLocation/mainmenu_button")): Object: 'Object Repository/TestUserLocation/mainmenu_button' is clicked on

2018-12-06 12:23:14 - [MESSAGE][PASSED] - Object: 'Object Repository/TestUserLocation/mainmenu_button' is clicked on

2018-12-06 12:23:14 - [TEST_STEP][PASSED] - click(findTestObject("TestUserLocation/mainMenuLocation")): Object: 'Object Repository/TestUserLocation/mainMenuLocation' is clicked on

2018-12-06 12:23:14 - [MESSAGE][PASSED] - Object: 'Object Repository/TestUserLocation/mainMenuLocation' is clicked on

2018-12-06 12:23:14 - [TEST_STEP][PASSED] - Thread.sleep(4000): null

2018-12-06 12:23:18 - [TEST_STEP][PASSED] - AdminTool_Location.selectLocation(): Element has been clicked

2018-12-06 12:23:22 - [MESSAGE][PASSED] - Element has been clicked

2018-12-06 12:23:22 - [TEST_STEP][PASSED] - click(findTestObject("TestUserLocation/addPlusIcon")): Object: 'Object Repository/TestUserLocation/addPlusIcon' is clicked on

2018-12-06 12:23:23 - [MESSAGE][PASSED] - Object: 'Object Repository/TestUserLocation/addPlusIcon' is clicked on

2018-12-06 12:23:23 - [TEST_STEP][PASSED] - Thread.sleep(2000): null

2018-12-06 12:23:25 - [TEST_STEP][PASSED] - setText(findTestObject("TestUserLocation/setNewName"), findTestData("LocationData").getValue("SubLocationName", 1)): Text 'SUBLOCATION_ON_06/12/18-12:22' is set on object 'Object Repository/TestUserLocation/setNewName'

2018-12-06 12:23:25 - [MESSAGE][PASSED] - Text 'SUBLOCATION_ON_06/12/18-12:22' is set on object 'Object Repository/TestUserLocation/setNewName'

2018-12-06 12:23:25 - [TEST_STEP][PASSED] - Thread.sleep(2000): null

2018-12-06 12:23:27 - [TEST_STEP][PASSED] - click(findTestObject("TestUserLocation/saveLocationDetailButton")): Object: 'Object Repository/TestUserLocation/saveLocationDetailButton' is clicked on

2018-12-06 12:23:27 - [MESSAGE][PASSED] - Object: 'Object Repository/TestUserLocation/saveLocationDetailButton' is clicked on

2018-12-06 12:23:27 - [TEST_STEP][PASSED] - Thread.sleep(4000): null

2018-12-06 12:23:31 - [TEST_STEP][PASSED] - click(findTestObject("TestUserLocation/customerSelect")): Object: 'Object Repository/TestUserLocation/customerSelect' is clicked on

2018-12-06 12:23:32 - [MESSAGE][PASSED] - Object: 'Object Repository/TestUserLocation/customerSelect' is clicked on

2018-12-06 12:23:32 - [TEST_STEP][PASSED] - Thread.sleep(4000): null

2018-12-06 12:23:36 - [TEST_STEP][PASSED] - check(findTestObject("TestUserLocation/select4ResouceInCustomer")): Object 'Object Repository/TestUserLocation/select4ResouceInCustomer' is checked

2018-12-06 12:23:36 - [MESSAGE][PASSED] - Object 'Object Repository/TestUserLocation/select4ResouceInCustomer' is checked

2018-12-06 12:23:36 - [TEST_STEP][PASSED] - Thread.sleep(2000): null

2018-12-06 12:23:38 - [TEST_STEP][PASSED] - click(findTestObject("TestUserLocation/saveLocationDetailButton")): Object: 'Object Repository/TestUserLocation/saveLocationDetailButton' is clicked on

2018-12-06 12:23:38 - [MESSAGE][PASSED] - Object: 'Object Repository/TestUserLocation/saveLocationDetailButton' is clicked on]]></system-out>
         <system-err><![CDATA[]]></system-err>
      </testcase>
      <testcase name="Test Cases/CheckResoucesAsPerLocation/checkResource_Customer" classname="Test Cases/CheckResoucesAsPerLocation/checkResource_Customer" status="PASSED">
         <system-out><![CDATA[2018-12-06 12:23:38 - [TEST_CASE][PASSED] - Test Cases/CheckResoucesAsPerLocation/checkResource_Customer: Test Cases/CheckResoucesAsPerLocation/checkResource_Customer

2018-12-06 12:23:38 - [TEST_STEP][PASSED] - openBrowser(URL): Browser is opened with url: 'https://test1.safetychain.com'

2018-12-06 12:23:38 - [MESSAGE][WARNING] - A browser is already opened. Closing browser and opening a new one

2018-12-06 12:23:39 - [MESSAGE][INFO] - Starting 'Chrome' driver

2018-12-06 12:23:58 - [MESSAGE][PASSED] - Browser is opened with url: 'https://test1.safetychain.com'

2018-12-06 12:23:58 - [TEST_STEP][PASSED] - maximizeWindow(): Current window maximized

2018-12-06 12:23:59 - [MESSAGE][PASSED] - Current window maximized

2018-12-06 12:23:59 - [TEST_STEP][PASSED] - setText(findTestObject("TestUserLocation/login_Username"), UserName): Text 'Superadmin' is set on object 'Object Repository/TestUserLocation/login_Username'

2018-12-06 12:24:02 - [MESSAGE][PASSED] - Text 'Superadmin' is set on object 'Object Repository/TestUserLocation/login_Username'

2018-12-06 12:24:02 - [TEST_STEP][PASSED] - setText(findTestObject("TestUserLocation/login_Password"), Password): Text 'latetest13772boot' is set on object 'Object Repository/TestUserLocation/login_Password'

2018-12-06 12:24:02 - [MESSAGE][PASSED] - Text 'latetest13772boot' is set on object 'Object Repository/TestUserLocation/login_Password'

2018-12-06 12:24:02 - [TEST_STEP][PASSED] - AdminTool_Location.setCustomerName(): AdminTool_Location.setCustomerName is PASSED

2018-12-06 12:24:02 - [MESSAGE][PASSED] - AdminTool_Location.setCustomerName is PASSED

2018-12-06 12:24:02 - [TEST_STEP][PASSED] - click(findTestObject("TestUserLocation/login_Button")): Object: 'Object Repository/TestUserLocation/login_Button' is clicked on

2018-12-06 12:24:04 - [MESSAGE][PASSED] - Object: 'Object Repository/TestUserLocation/login_Button' is clicked on

2018-12-06 12:24:04 - [TEST_STEP][PASSED] - Thread.sleep(4000): null

2018-12-06 12:24:08 - [TEST_STEP][PASSED] - click(findTestObject("TestUserLocation/mainmenu_button")): Object: 'Object Repository/TestUserLocation/mainmenu_button' is clicked on

2018-12-06 12:24:10 - [MESSAGE][PASSED] - Object: 'Object Repository/TestUserLocation/mainmenu_button' is clicked on

2018-12-06 12:24:10 - [TEST_STEP][PASSED] - click(findTestObject("TestUserLocation/adminTool")): Object: 'Object Repository/TestUserLocation/adminTool' is clicked on

2018-12-06 12:24:10 - [MESSAGE][PASSED] - Object: 'Object Repository/TestUserLocation/adminTool' is clicked on

2018-12-06 12:24:10 - [TEST_STEP][PASSED] - click(findTestObject("TestUserLocation/mainMenuResourceDesigner")): Object: 'Object Repository/TestUserLocation/mainMenuResourceDesigner' is clicked on

2018-12-06 12:24:10 - [MESSAGE][PASSED] - Object: 'Object Repository/TestUserLocation/mainMenuResourceDesigner' is clicked on

2018-12-06 12:24:10 - [TEST_STEP][PASSED] - Thread.sleep(4000): null

2018-12-06 12:24:14 - [TEST_STEP][PASSED] - click(findTestObject("TestResource/customers")): Object: 'Object Repository/TestResource/customers' is clicked on

2018-12-06 12:24:15 - [MESSAGE][PASSED] - Object: 'Object Repository/TestResource/customers' is clicked on

2018-12-06 12:24:15 - [TEST_STEP][PASSED] - Thread.sleep(4000): null

2018-12-06 12:24:19 - [TEST_STEP][PASSED] - click(findTestObject("TestUserLocation/categories")): Object: 'Object Repository/TestUserLocation/categories' is clicked on

2018-12-06 12:24:19 - [MESSAGE][PASSED] - Object: 'Object Repository/TestUserLocation/categories' is clicked on

2018-12-06 12:24:19 - [TEST_STEP][PASSED] - Thread.sleep(2000): null

2018-12-06 12:24:21 - [TEST_STEP][PASSED] - click(findTestObject("TestUserLocation/defaultArea")): Object: 'Object Repository/TestUserLocation/defaultArea' is clicked on

2018-12-06 12:24:21 - [MESSAGE][PASSED] - Object: 'Object Repository/TestUserLocation/defaultArea' is clicked on

2018-12-06 12:24:21 - [TEST_STEP][PASSED] - Thread.sleep(2000): null

2018-12-06 12:24:23 - [TEST_STEP][PASSED] - click(findTestObject("TestUserLocation/hoverHeading")): Object: 'Object Repository/TestUserLocation/hoverHeading' is clicked on

2018-12-06 12:24:23 - [MESSAGE][PASSED] - Object: 'Object Repository/TestUserLocation/hoverHeading' is clicked on

2018-12-06 12:24:23 - [TEST_STEP][PASSED] - click(findTestObject("TestUserLocation/addPlusIcon")): Object: 'Object Repository/TestUserLocation/addPlusIcon' is clicked on

2018-12-06 12:24:23 - [MESSAGE][PASSED] - Object: 'Object Repository/TestUserLocation/addPlusIcon' is clicked on

2018-12-06 12:24:23 - [TEST_STEP][PASSED] - setText(findTestObject("TestUserLocation/setNewName"), findTestData("LocationData").getValue("CustomerName", 1)): Text 'CUSTOMER_ON_06/12/18-12:24' is set on object 'Object Repository/TestUserLocation/setNewName'

2018-12-06 12:24:24 - [MESSAGE][PASSED] - Text 'CUSTOMER_ON_06/12/18-12:24' is set on object 'Object Repository/TestUserLocation/setNewName'

2018-12-06 12:24:24 - [TEST_STEP][PASSED] - Thread.sleep(2000): null

2018-12-06 12:24:26 - [TEST_STEP][PASSED] - click(findTestObject("TestUserLocation/saveButton")): Object: 'Object Repository/TestUserLocation/saveButton' is clicked on

2018-12-06 12:24:26 - [MESSAGE][PASSED] - Object: 'Object Repository/TestUserLocation/saveButton' is clicked on

2018-12-06 12:24:26 - [TEST_STEP][PASSED] - Thread.sleep(4000): null

2018-12-06 12:24:30 - [TEST_STEP][PASSED] - Thread.sleep(4000): null

2018-12-06 12:24:34 - [TEST_STEP][PASSED] - click(findTestObject("TestUserLocation/mainmenu_button")): Object: 'Object Repository/TestUserLocation/mainmenu_button' is clicked on

2018-12-06 12:24:34 - [MESSAGE][PASSED] - Object: 'Object Repository/TestUserLocation/mainmenu_button' is clicked on

2018-12-06 12:24:34 - [TEST_STEP][PASSED] - click(findTestObject("TestResource/mainMenu_resources")): Object: 'Object Repository/TestResource/mainMenu_resources' is clicked on

2018-12-06 12:24:35 - [MESSAGE][PASSED] - Object: 'Object Repository/TestResource/mainMenu_resources' is clicked on

2018-12-06 12:24:35 - [TEST_STEP][PASSED] - Thread.sleep(4000): null

2018-12-06 12:24:39 - [TEST_STEP][PASSED] - click(findTestObject("TestResource/customers")): Object: 'Object Repository/TestResource/customers' is clicked on

2018-12-06 12:24:39 - [MESSAGE][PASSED] - Object: 'Object Repository/TestResource/customers' is clicked on

2018-12-06 12:24:39 - [TEST_STEP][PASSED] - Thread.sleep(4000): null

2018-12-06 12:24:43 - [TEST_STEP][PASSED] - AdminTool_Location.selectCustomer(): Element has been clicked

2018-12-06 12:24:47 - [MESSAGE][PASSED] - Element has been clicked

2018-12-06 12:24:47 - [TEST_STEP][PASSED] - Thread.sleep(4000): null

2018-12-06 12:24:51 - [TEST_STEP][PASSED] - click(findTestObject("TestUserLocation/addPlusIcon")): Object: 'Object Repository/TestUserLocation/addPlusIcon' is clicked on

2018-12-06 12:24:51 - [MESSAGE][PASSED] - Object: 'Object Repository/TestUserLocation/addPlusIcon' is clicked on

2018-12-06 12:24:51 - [TEST_STEP][PASSED] - Thread.sleep(2000): null

2018-12-06 12:24:53 - [TEST_STEP][PASSED] - setText(findTestObject("TestUserLocation/setNewName"), findTestData("LocationData").getValue("SubCustomerName1", 1)): Text 'SUBCUSTOMER1_ON_06/12/18-12:24' is set on object 'Object Repository/TestUserLocation/setNewName'

2018-12-06 12:24:54 - [MESSAGE][PASSED] - Text 'SUBCUSTOMER1_ON_06/12/18-12:24' is set on object 'Object Repository/TestUserLocation/setNewName'

2018-12-06 12:24:54 - [TEST_STEP][PASSED] - setText(findTestObject("TestResource/setPhoneNumber"), "912378456"): Text '912378456' is set on object 'Object Repository/TestResource/setPhoneNumber'

2018-12-06 12:24:54 - [MESSAGE][PASSED] - Text '912378456' is set on object 'Object Repository/TestResource/setPhoneNumber'

2018-12-06 12:24:54 - [TEST_STEP][PASSED] - Thread.sleep(2000): null

2018-12-06 12:24:56 - [TEST_STEP][PASSED] - click(findTestObject("TestResource/saveDetailButton")): Object: 'Object Repository/TestResource/saveDetailButton' is clicked on

2018-12-06 12:24:56 - [MESSAGE][PASSED] - Object: 'Object Repository/TestResource/saveDetailButton' is clicked on

2018-12-06 12:24:56 - [TEST_STEP][PASSED] - Thread.sleep(7000): null

2018-12-06 12:25:03 - [TEST_STEP][PASSED] - click(findTestObject("TestResource/disableResource")): Object: 'Object Repository/TestResource/disableResource' is clicked on

2018-12-06 12:25:03 - [MESSAGE][PASSED] - Object: 'Object Repository/TestResource/disableResource' is clicked on

2018-12-06 12:25:03 - [TEST_STEP][PASSED] - Thread.sleep(2000): null

2018-12-06 12:25:05 - [TEST_STEP][PASSED] - click(findTestObject("TestResource/button2Yes")): Object: 'Object Repository/TestResource/button2Yes' is clicked on

2018-12-06 12:25:06 - [MESSAGE][PASSED] - Object: 'Object Repository/TestResource/button2Yes' is clicked on

2018-12-06 12:25:06 - [TEST_STEP][PASSED] - Thread.sleep(2000): null

2018-12-06 12:25:08 - [TEST_STEP][PASSED] - click(findTestObject("TestResource/saveDetailButton")): Object: 'Object Repository/TestResource/saveDetailButton' is clicked on

2018-12-06 12:25:08 - [MESSAGE][PASSED] - Object: 'Object Repository/TestResource/saveDetailButton' is clicked on

2018-12-06 12:25:08 - [TEST_STEP][PASSED] - Thread.sleep(7000): null

2018-12-06 12:25:15 - [TEST_STEP][PASSED] - click(findTestObject("TestResource/linksTab")): Object: 'Object Repository/TestResource/linksTab' is clicked on

2018-12-06 12:25:15 - [MESSAGE][PASSED] - Object: 'Object Repository/TestResource/linksTab' is clicked on

2018-12-06 12:25:15 - [TEST_STEP][PASSED] - Thread.sleep(2000): null

2018-12-06 12:25:17 - [TEST_STEP][PASSED] - click(findTestObject("TestResource/addLink")): Object: 'Object Repository/TestResource/addLink' is clicked on

2018-12-06 12:25:17 - [MESSAGE][PASSED] - Object: 'Object Repository/TestResource/addLink' is clicked on

2018-12-06 12:25:17 - [TEST_STEP][PASSED] - Thread.sleep(5000): null

2018-12-06 12:25:22 - [TEST_STEP][PASSED] - check(findTestObject("TestResource/selectSecondResourceToLink")): Object 'Object Repository/TestResource/selectSecondResourceToLink' is checked

2018-12-06 12:25:22 - [MESSAGE][PASSED] - Object 'Object Repository/TestResource/selectSecondResourceToLink' is checked

2018-12-06 12:25:22 - [TEST_STEP][PASSED] - AdminTool_Location.resourceLinkName(): AdminTool_Location.resourceLinkName is PASSED

2018-12-06 12:25:22 - [MESSAGE][PASSED] - AdminTool_Location.resourceLinkName is PASSED

2018-12-06 12:25:22 - [TEST_STEP][PASSED] - Thread.sleep(2000): null

2018-12-06 12:25:24 - [TEST_STEP][PASSED] - click(findTestObject("TestResource/button2Save")): Object: 'Object Repository/TestResource/button2Save' is clicked on

2018-12-06 12:25:24 - [MESSAGE][PASSED] - Object: 'Object Repository/TestResource/button2Save' is clicked on

2018-12-06 12:25:24 - [TEST_STEP][PASSED] - Thread.sleep(4000): null

2018-12-06 12:25:28 - [TEST_STEP][PASSED] - click(findTestObject("TestResource/locationTab")): Object: 'Object Repository/TestResource/locationTab' is clicked on

2018-12-06 12:25:29 - [MESSAGE][PASSED] - Object: 'Object Repository/TestResource/locationTab' is clicked on

2018-12-06 12:25:29 - [TEST_STEP][PASSED] - Thread.sleep(5000): null

2018-12-06 12:25:34 - [TEST_STEP][PASSED] - AdminTool_Location.checkLocation(): AdminTool_Location.checkLocation is PASSED

2018-12-06 12:25:36 - [MESSAGE][PASSED] - AdminTool_Location.checkLocation is PASSED

2018-12-06 12:25:36 - [TEST_STEP][PASSED] - Thread.sleep(4000): null

2018-12-06 12:25:40 - [TEST_STEP][PASSED] - click(findTestObject("TestResource/saveLocation")): Object: 'Object Repository/TestResource/saveLocation' is clicked on

2018-12-06 12:25:40 - [MESSAGE][PASSED] - Object: 'Object Repository/TestResource/saveLocation' is clicked on

2018-12-06 12:25:40 - [TEST_STEP][PASSED] - click(findTestObject("TestUserLocation/mainmenu_button")): Object: 'Object Repository/TestUserLocation/mainmenu_button' is clicked on

2018-12-06 12:25:41 - [MESSAGE][PASSED] - Object: 'Object Repository/TestUserLocation/mainmenu_button' is clicked on

2018-12-06 12:25:41 - [TEST_STEP][PASSED] - click(findTestObject("TestResource/mainMenu_resources")): Object: 'Object Repository/TestResource/mainMenu_resources' is clicked on

2018-12-06 12:25:41 - [MESSAGE][PASSED] - Object: 'Object Repository/TestResource/mainMenu_resources' is clicked on

2018-12-06 12:25:41 - [TEST_STEP][PASSED] - Thread.sleep(4000): null

2018-12-06 12:25:45 - [TEST_STEP][PASSED] - click(findTestObject("TestResource/customers")): Object: 'Object Repository/TestResource/customers' is clicked on

2018-12-06 12:25:45 - [MESSAGE][PASSED] - Object: 'Object Repository/TestResource/customers' is clicked on

2018-12-06 12:25:45 - [TEST_STEP][PASSED] - Thread.sleep(4000): null

2018-12-06 12:25:49 - [TEST_STEP][PASSED] - AdminTool_Location.selectCustomer(): Element has been clicked

2018-12-06 12:25:53 - [MESSAGE][PASSED] - Element has been clicked

2018-12-06 12:25:53 - [TEST_STEP][PASSED] - Thread.sleep(4000): null

2018-12-06 12:25:57 - [TEST_STEP][PASSED] - click(findTestObject("TestUserLocation/addPlusIcon")): Object: 'Object Repository/TestUserLocation/addPlusIcon' is clicked on

2018-12-06 12:25:57 - [MESSAGE][PASSED] - Object: 'Object Repository/TestUserLocation/addPlusIcon' is clicked on

2018-12-06 12:25:57 - [TEST_STEP][PASSED] - Thread.sleep(2000): null

2018-12-06 12:25:59 - [TEST_STEP][PASSED] - setText(findTestObject("TestUserLocation/setNewName"), findTestData("LocationData").getValue("SubCustomerName2", 1)): Text 'SUBCUSTOMER2_ON_06/12/18-12:24' is set on object 'Object Repository/TestUserLocation/setNewName'

2018-12-06 12:26:00 - [MESSAGE][PASSED] - Text 'SUBCUSTOMER2_ON_06/12/18-12:24' is set on object 'Object Repository/TestUserLocation/setNewName'

2018-12-06 12:26:00 - [TEST_STEP][PASSED] - setText(findTestObject("TestResource/setPhoneNumber"), "912378456"): Text '912378456' is set on object 'Object Repository/TestResource/setPhoneNumber'

2018-12-06 12:26:00 - [MESSAGE][PASSED] - Text '912378456' is set on object 'Object Repository/TestResource/setPhoneNumber'

2018-12-06 12:26:00 - [TEST_STEP][PASSED] - Thread.sleep(2000): null

2018-12-06 12:26:02 - [TEST_STEP][PASSED] - click(findTestObject("TestResource/saveDetailButton")): Object: 'Object Repository/TestResource/saveDetailButton' is clicked on

2018-12-06 12:26:03 - [MESSAGE][PASSED] - Object: 'Object Repository/TestResource/saveDetailButton' is clicked on

2018-12-06 12:26:03 - [TEST_STEP][PASSED] - Thread.sleep(7000): null

2018-12-06 12:26:10 - [TEST_STEP][PASSED] - click(findTestObject("TestResource/linksTab")): Object: 'Object Repository/TestResource/linksTab' is clicked on

2018-12-06 12:26:10 - [MESSAGE][PASSED] - Object: 'Object Repository/TestResource/linksTab' is clicked on

2018-12-06 12:26:10 - [TEST_STEP][PASSED] - Thread.sleep(2000): null

2018-12-06 12:26:12 - [TEST_STEP][PASSED] - click(findTestObject("TestResource/addLink")): Object: 'Object Repository/TestResource/addLink' is clicked on

2018-12-06 12:26:12 - [MESSAGE][PASSED] - Object: 'Object Repository/TestResource/addLink' is clicked on

2018-12-06 12:26:12 - [TEST_STEP][PASSED] - Thread.sleep(5000): null

2018-12-06 12:26:17 - [TEST_STEP][PASSED] - check(findTestObject("TestResource/selectSecondResourceToLink")): Object 'Object Repository/TestResource/selectSecondResourceToLink' is checked

2018-12-06 12:26:17 - [MESSAGE][PASSED] - Object 'Object Repository/TestResource/selectSecondResourceToLink' is checked

2018-12-06 12:26:17 - [TEST_STEP][PASSED] - AdminTool_Location.resourceLinkName(): AdminTool_Location.resourceLinkName is PASSED

2018-12-06 12:26:17 - [MESSAGE][PASSED] - AdminTool_Location.resourceLinkName is PASSED

2018-12-06 12:26:17 - [TEST_STEP][PASSED] - Thread.sleep(2000): null

2018-12-06 12:26:19 - [TEST_STEP][PASSED] - click(findTestObject("TestResource/button2Save")): Object: 'Object Repository/TestResource/button2Save' is clicked on

2018-12-06 12:26:19 - [MESSAGE][PASSED] - Object: 'Object Repository/TestResource/button2Save' is clicked on

2018-12-06 12:26:19 - [TEST_STEP][PASSED] - Thread.sleep(4000): null

2018-12-06 12:26:23 - [TEST_STEP][PASSED] - click(findTestObject("TestResource/locationTab")): Object: 'Object Repository/TestResource/locationTab' is clicked on

2018-12-06 12:26:23 - [MESSAGE][PASSED] - Object: 'Object Repository/TestResource/locationTab' is clicked on

2018-12-06 12:26:23 - [TEST_STEP][PASSED] - Thread.sleep(5000): null

2018-12-06 12:26:28 - [TEST_STEP][PASSED] - AdminTool_Location.checkLocation(): AdminTool_Location.checkLocation is PASSED

2018-12-06 12:26:31 - [MESSAGE][PASSED] - AdminTool_Location.checkLocation is PASSED

2018-12-06 12:26:31 - [TEST_STEP][PASSED] - Thread.sleep(4000): null

2018-12-06 12:26:35 - [TEST_STEP][PASSED] - click(findTestObject("TestResource/saveLocation")): Object: 'Object Repository/TestResource/saveLocation' is clicked on

2018-12-06 12:26:35 - [MESSAGE][PASSED] - Object: 'Object Repository/TestResource/saveLocation' is clicked on]]></system-out>
         <system-err><![CDATA[]]></system-err>
      </testcase>
      <testcase name="Test Cases/CheckResoucesAsPerLocation/validateResource" classname="Test Cases/CheckResoucesAsPerLocation/validateResource" status="PASSED">
         <system-out><![CDATA[2018-12-06 12:26:35 - [TEST_CASE][PASSED] - Test Cases/CheckResoucesAsPerLocation/validateResource: Test Cases/CheckResoucesAsPerLocation/validateResource

2018-12-06 12:26:35 - [TEST_STEP][NOT_RUN] - openBrowser(URL): NOT_RUN: openBrowser(URL)

2018-12-06 12:26:35 - [MESSAGE][NOT_RUN] - NOT_RUN: openBrowser(URL)

2018-12-06 12:26:35 - [TEST_STEP][NOT_RUN] - maximizeWindow(): NOT_RUN: maximizeWindow()

2018-12-06 12:26:35 - [MESSAGE][NOT_RUN] - NOT_RUN: maximizeWindow()

2018-12-06 12:26:35 - [TEST_STEP][NOT_RUN] - setText(findTestObject("Form_Selection_Creation/login_Username"), UserName): NOT_RUN: setText(findTestObject("Form_Selection_Creation/login_Username"), UserName)

2018-12-06 12:26:35 - [MESSAGE][NOT_RUN] - NOT_RUN: setText(findTestObject("Form_Selection_Creation/login_Username"), UserName)

2018-12-06 12:26:35 - [TEST_STEP][NOT_RUN] - setText(findTestObject("Form_Selection_Creation/login_Password"), Password): NOT_RUN: setText(findTestObject("Form_Selection_Creation/login_Password"), Password)

2018-12-06 12:26:35 - [MESSAGE][NOT_RUN] - NOT_RUN: setText(findTestObject("Form_Selection_Creation/login_Password"), Password)

2018-12-06 12:26:35 - [TEST_STEP][PASSED] - Thread.sleep(4000): null

2018-12-06 12:26:39 - [TEST_STEP][PASSED] - FormName.setData(): FormName.setData is PASSED

2018-12-06 12:26:39 - [MESSAGE][PASSED] - FormName.setData is PASSED

2018-12-06 12:26:39 - [TEST_STEP][NOT_RUN] - click(findTestObject("Form_Selection_Creation/login_Button")): NOT_RUN: click(findTestObject("Form_Selection_Creation/login_Button"))

2018-12-06 12:26:39 - [MESSAGE][NOT_RUN] - NOT_RUN: click(findTestObject("Form_Selection_Creation/login_Button"))

2018-12-06 12:26:39 - [TEST_STEP][PASSED] - click(findTestObject("Form_Selection_Creation/mainMenu_Button")): Object: 'Object Repository/Form_Selection_Creation/mainMenu_Button' is clicked on

2018-12-06 12:26:39 - [MESSAGE][PASSED] - Object: 'Object Repository/Form_Selection_Creation/mainMenu_Button' is clicked on

2018-12-06 12:26:39 - [TEST_STEP][NOT_RUN] - click(findTestObject("Form_Selection_Creation/mainMenu_AdminTools")): NOT_RUN: click(findTestObject("Form_Selection_Creation/mainMenu_AdminTools"))

2018-12-06 12:26:39 - [MESSAGE][NOT_RUN] - NOT_RUN: click(findTestObject("Form_Selection_Creation/mainMenu_AdminTools"))

2018-12-06 12:26:39 - [TEST_STEP][PASSED] - click(findTestObject("Form_Selection_Creation/mainMenu_AdminTools_FormDesigner")): Object: 'Object Repository/Form_Selection_Creation/mainMenu_AdminTools_FormDesigner' is clicked on

2018-12-06 12:26:40 - [MESSAGE][PASSED] - Object: 'Object Repository/Form_Selection_Creation/mainMenu_AdminTools_FormDesigner' is clicked on

2018-12-06 12:26:40 - [TEST_STEP][PASSED] - click(findTestObject("Form_Selection_Creation/selectCheckForm")): Object: 'Object Repository/Form_Selection_Creation/selectCheckForm' is clicked on

2018-12-06 12:26:40 - [MESSAGE][PASSED] - Object: 'Object Repository/Form_Selection_Creation/selectCheckForm' is clicked on

2018-12-06 12:26:40 - [TEST_STEP][PASSED] - Thread.sleep(5000): null

2018-12-06 12:26:45 - [TEST_STEP][PASSED] - AdminTool_Location.selectResType(): AdminTool_Location.selectResType is PASSED

2018-12-06 12:26:53 - [MESSAGE][PASSED] - AdminTool_Location.selectResType is PASSED

2018-12-06 12:26:53 - [TEST_STEP][PASSED] - AdminTool_Location.dragDropRes(): Element has been clicked

2018-12-06 12:26:57 - [MESSAGE][PASSED] - Element has been clicked

2018-12-06 12:26:57 - [TEST_STEP][PASSED] - Thread.sleep(3000): null

2018-12-06 12:27:00 - [TEST_STEP][NOT_RUN] - dragAndDropToObject(findTestObject("null"), findTestObject("Form_Selection_Creation/Target_Res_Object")): NOT_RUN: dragAndDropToObject(findTestObject("null"), findTestObject("Form_Selection_Creation/Target_Res_Object"))

2018-12-06 12:27:00 - [MESSAGE][NOT_RUN] - NOT_RUN: dragAndDropToObject(findTestObject("null"), findTestObject("Form_Selection_Creation/Target_Res_Object"))

2018-12-06 12:27:00 - [TEST_STEP][PASSED] - AdminTool_Location.validate(): AdminTool_Location.validate is PASSED

2018-12-06 12:27:00 - [MESSAGE][PASSED] - AdminTool_Location.validate is PASSED

2018-12-06 12:27:00 - [TEST_STEP][PASSED] - s = getText(findTestObject("TestResource/testText")): Text of object 'Object Repository/TestResource/testText' is: 'Customers > CUSTOMER_ON_06/12/18-12:24 > SUBCUSTOMER2_ON_06/12/18-12:24'

2018-12-06 12:27:00 - [MESSAGE][PASSED] - Text of object 'Object Repository/TestResource/testText' is: 'Customers > CUSTOMER_ON_06/12/18-12:24 > SUBCUSTOMER2_ON_06/12/18-12:24'

2018-12-06 12:27:00 - [TEST_STEP][PASSED] - println(s): null]]></system-out>
         <system-err><![CDATA[]]></system-err>
      </testcase>
      <testcase name="Test Cases/CheckResoucesAsPerLocation/checkResource_Equipment" classname="Test Cases/CheckResoucesAsPerLocation/checkResource_Equipment" status="PASSED">
         <system-out><![CDATA[2018-12-06 12:27:00 - [TEST_CASE][PASSED] - Test Cases/CheckResoucesAsPerLocation/checkResource_Equipment: Test Cases/CheckResoucesAsPerLocation/checkResource_Equipment

2018-12-06 12:27:01 - [TEST_STEP][PASSED] - openBrowser(URL): Browser is opened with url: 'https://test1.safetychain.com'

2018-12-06 12:27:01 - [MESSAGE][WARNING] - A browser is already opened. Closing browser and opening a new one

2018-12-06 12:27:02 - [MESSAGE][INFO] - Starting 'Chrome' driver

2018-12-06 12:27:20 - [MESSAGE][PASSED] - Browser is opened with url: 'https://test1.safetychain.com'

2018-12-06 12:27:20 - [TEST_STEP][PASSED] - maximizeWindow(): Current window maximized

2018-12-06 12:27:21 - [MESSAGE][PASSED] - Current window maximized

2018-12-06 12:27:21 - [TEST_STEP][PASSED] - setText(findTestObject("TestUserLocation/login_Username"), UserName): Text 'Superadmin' is set on object 'Object Repository/TestUserLocation/login_Username'

2018-12-06 12:27:28 - [MESSAGE][PASSED] - Text 'Superadmin' is set on object 'Object Repository/TestUserLocation/login_Username'

2018-12-06 12:27:28 - [TEST_STEP][PASSED] - setText(findTestObject("TestUserLocation/login_Password"), Password): Text 'latetest13772boot' is set on object 'Object Repository/TestUserLocation/login_Password'

2018-12-06 12:27:28 - [MESSAGE][PASSED] - Text 'latetest13772boot' is set on object 'Object Repository/TestUserLocation/login_Password'

2018-12-06 12:27:28 - [TEST_STEP][PASSED] - AdminTool_Location.setEquipmentName(): AdminTool_Location.setEquipmentName is PASSED

2018-12-06 12:27:28 - [MESSAGE][PASSED] - AdminTool_Location.setEquipmentName is PASSED

2018-12-06 12:27:28 - [TEST_STEP][PASSED] - click(findTestObject("TestUserLocation/login_Button")): Object: 'Object Repository/TestUserLocation/login_Button' is clicked on

2018-12-06 12:27:31 - [MESSAGE][PASSED] - Object: 'Object Repository/TestUserLocation/login_Button' is clicked on

2018-12-06 12:27:31 - [TEST_STEP][PASSED] - Thread.sleep(4000): null

2018-12-06 12:27:35 - [TEST_STEP][PASSED] - click(findTestObject("TestUserLocation/mainmenu_button")): Object: 'Object Repository/TestUserLocation/mainmenu_button' is clicked on

2018-12-06 12:27:35 - [MESSAGE][PASSED] - Object: 'Object Repository/TestUserLocation/mainmenu_button' is clicked on

2018-12-06 12:27:35 - [TEST_STEP][PASSED] - click(findTestObject("TestUserLocation/adminTool")): Object: 'Object Repository/TestUserLocation/adminTool' is clicked on

2018-12-06 12:27:35 - [MESSAGE][PASSED] - Object: 'Object Repository/TestUserLocation/adminTool' is clicked on

2018-12-06 12:27:35 - [TEST_STEP][PASSED] - click(findTestObject("TestUserLocation/mainMenuResourceDesigner")): Object: 'Object Repository/TestUserLocation/mainMenuResourceDesigner' is clicked on

2018-12-06 12:27:36 - [MESSAGE][PASSED] - Object: 'Object Repository/TestUserLocation/mainMenuResourceDesigner' is clicked on

2018-12-06 12:27:36 - [TEST_STEP][PASSED] - Thread.sleep(4000): null

2018-12-06 12:27:40 - [TEST_STEP][PASSED] - click(findTestObject("TestResource/equipment")): Object: 'Object Repository/TestResource/equipment' is clicked on

2018-12-06 12:27:40 - [MESSAGE][PASSED] - Object: 'Object Repository/TestResource/equipment' is clicked on

2018-12-06 12:27:40 - [TEST_STEP][PASSED] - Thread.sleep(4000): null

2018-12-06 12:27:44 - [TEST_STEP][PASSED] - click(findTestObject("TestUserLocation/categories")): Object: 'Object Repository/TestUserLocation/categories' is clicked on

2018-12-06 12:27:44 - [MESSAGE][PASSED] - Object: 'Object Repository/TestUserLocation/categories' is clicked on

2018-12-06 12:27:44 - [TEST_STEP][PASSED] - Thread.sleep(2000): null

2018-12-06 12:27:46 - [TEST_STEP][PASSED] - click(findTestObject("TestUserLocation/defaultArea")): Object: 'Object Repository/TestUserLocation/defaultArea' is clicked on

2018-12-06 12:27:46 - [MESSAGE][PASSED] - Object: 'Object Repository/TestUserLocation/defaultArea' is clicked on

2018-12-06 12:27:46 - [TEST_STEP][PASSED] - Thread.sleep(2000): null

2018-12-06 12:27:48 - [TEST_STEP][PASSED] - click(findTestObject("TestUserLocation/hoverHeading")): Object: 'Object Repository/TestUserLocation/hoverHeading' is clicked on

2018-12-06 12:27:48 - [MESSAGE][PASSED] - Object: 'Object Repository/TestUserLocation/hoverHeading' is clicked on

2018-12-06 12:27:48 - [TEST_STEP][PASSED] - click(findTestObject("TestUserLocation/addPlusIcon")): Object: 'Object Repository/TestUserLocation/addPlusIcon' is clicked on

2018-12-06 12:27:48 - [MESSAGE][PASSED] - Object: 'Object Repository/TestUserLocation/addPlusIcon' is clicked on

2018-12-06 12:27:48 - [TEST_STEP][PASSED] - setText(findTestObject("TestUserLocation/setNewName"), findTestData("LocationData").getValue("EquipmentName", 1)): Text 'EQUIPMENT_ON_06/12/18-12:27' is set on object 'Object Repository/TestUserLocation/setNewName'

2018-12-06 12:27:49 - [MESSAGE][PASSED] - Text 'EQUIPMENT_ON_06/12/18-12:27' is set on object 'Object Repository/TestUserLocation/setNewName'

2018-12-06 12:27:49 - [TEST_STEP][PASSED] - Thread.sleep(2000): null

2018-12-06 12:27:51 - [TEST_STEP][PASSED] - click(findTestObject("TestUserLocation/saveButton")): Object: 'Object Repository/TestUserLocation/saveButton' is clicked on

2018-12-06 12:27:51 - [MESSAGE][PASSED] - Object: 'Object Repository/TestUserLocation/saveButton' is clicked on

2018-12-06 12:27:51 - [TEST_STEP][PASSED] - Thread.sleep(4000): null

2018-12-06 12:27:55 - [TEST_STEP][PASSED] - Thread.sleep(4000): null

2018-12-06 12:27:59 - [TEST_STEP][PASSED] - click(findTestObject("TestUserLocation/mainmenu_button")): Object: 'Object Repository/TestUserLocation/mainmenu_button' is clicked on

2018-12-06 12:27:59 - [MESSAGE][PASSED] - Object: 'Object Repository/TestUserLocation/mainmenu_button' is clicked on

2018-12-06 12:27:59 - [TEST_STEP][PASSED] - click(findTestObject("TestResource/mainMenu_resources")): Object: 'Object Repository/TestResource/mainMenu_resources' is clicked on

2018-12-06 12:27:59 - [MESSAGE][PASSED] - Object: 'Object Repository/TestResource/mainMenu_resources' is clicked on

2018-12-06 12:27:59 - [TEST_STEP][PASSED] - Thread.sleep(4000): null

2018-12-06 12:28:03 - [TEST_STEP][PASSED] - click(findTestObject("TestResource/equipment")): Object: 'Object Repository/TestResource/equipment' is clicked on

2018-12-06 12:28:03 - [MESSAGE][PASSED] - Object: 'Object Repository/TestResource/equipment' is clicked on

2018-12-06 12:28:03 - [TEST_STEP][PASSED] - Thread.sleep(4000): null

2018-12-06 12:28:07 - [TEST_STEP][PASSED] - AdminTool_Location.selectEquipment(): Element has been clicked

2018-12-06 12:28:12 - [MESSAGE][PASSED] - Element has been clicked

2018-12-06 12:28:12 - [TEST_STEP][PASSED] - Thread.sleep(4000): null

2018-12-06 12:28:16 - [TEST_STEP][PASSED] - click(findTestObject("TestUserLocation/addPlusIcon")): Object: 'Object Repository/TestUserLocation/addPlusIcon' is clicked on

2018-12-06 12:28:16 - [MESSAGE][PASSED] - Object: 'Object Repository/TestUserLocation/addPlusIcon' is clicked on

2018-12-06 12:28:16 - [TEST_STEP][PASSED] - Thread.sleep(2000): null

2018-12-06 12:28:18 - [TEST_STEP][PASSED] - setText(findTestObject("TestUserLocation/setNewName"), findTestData("LocationData").getValue("SubEquipmentName1", 1)): Text 'SUBEQUIPMENT1_ON_06/12/18-12:27' is set on object 'Object Repository/TestUserLocation/setNewName'

2018-12-06 12:28:18 - [MESSAGE][PASSED] - Text 'SUBEQUIPMENT1_ON_06/12/18-12:27' is set on object 'Object Repository/TestUserLocation/setNewName'

2018-12-06 12:28:18 - [TEST_STEP][PASSED] - setText(findTestObject("TestResource/setPhoneNumber"), "912378456"): Text '912378456' is set on object 'Object Repository/TestResource/setPhoneNumber'

2018-12-06 12:28:19 - [MESSAGE][PASSED] - Text '912378456' is set on object 'Object Repository/TestResource/setPhoneNumber'

2018-12-06 12:28:19 - [TEST_STEP][PASSED] - Thread.sleep(2000): null

2018-12-06 12:28:21 - [TEST_STEP][PASSED] - click(findTestObject("TestResource/saveDetailButton")): Object: 'Object Repository/TestResource/saveDetailButton' is clicked on

2018-12-06 12:28:21 - [MESSAGE][PASSED] - Object: 'Object Repository/TestResource/saveDetailButton' is clicked on

2018-12-06 12:28:21 - [TEST_STEP][PASSED] - Thread.sleep(7000): null

2018-12-06 12:28:28 - [TEST_STEP][PASSED] - click(findTestObject("TestResource/disableResource")): Object: 'Object Repository/TestResource/disableResource' is clicked on

2018-12-06 12:28:28 - [MESSAGE][PASSED] - Object: 'Object Repository/TestResource/disableResource' is clicked on

2018-12-06 12:28:28 - [TEST_STEP][PASSED] - Thread.sleep(2000): null

2018-12-06 12:28:30 - [TEST_STEP][PASSED] - click(findTestObject("TestResource/button2Yes")): Object: 'Object Repository/TestResource/button2Yes' is clicked on

2018-12-06 12:28:30 - [MESSAGE][PASSED] - Object: 'Object Repository/TestResource/button2Yes' is clicked on

2018-12-06 12:28:30 - [TEST_STEP][PASSED] - Thread.sleep(2000): null

2018-12-06 12:28:32 - [TEST_STEP][PASSED] - click(findTestObject("TestResource/saveDetailButton")): Object: 'Object Repository/TestResource/saveDetailButton' is clicked on

2018-12-06 12:28:32 - [MESSAGE][PASSED] - Object: 'Object Repository/TestResource/saveDetailButton' is clicked on

2018-12-06 12:28:32 - [TEST_STEP][PASSED] - Thread.sleep(7000): null

2018-12-06 12:28:39 - [TEST_STEP][PASSED] - click(findTestObject("TestResource/linksTab")): Object: 'Object Repository/TestResource/linksTab' is clicked on

2018-12-06 12:28:39 - [MESSAGE][PASSED] - Object: 'Object Repository/TestResource/linksTab' is clicked on

2018-12-06 12:28:39 - [TEST_STEP][PASSED] - Thread.sleep(2000): null

2018-12-06 12:28:41 - [TEST_STEP][PASSED] - click(findTestObject("TestResource/addLink")): Object: 'Object Repository/TestResource/addLink' is clicked on

2018-12-06 12:28:42 - [MESSAGE][PASSED] - Object: 'Object Repository/TestResource/addLink' is clicked on

2018-12-06 12:28:42 - [TEST_STEP][PASSED] - Thread.sleep(5000): null

2018-12-06 12:28:47 - [TEST_STEP][PASSED] - check(findTestObject("TestResource/selectSecondResourceToLink")): Object 'Object Repository/TestResource/selectSecondResourceToLink' is checked

2018-12-06 12:28:47 - [MESSAGE][PASSED] - Object 'Object Repository/TestResource/selectSecondResourceToLink' is checked

2018-12-06 12:28:47 - [TEST_STEP][PASSED] - AdminTool_Location.resourceLinkName(): AdminTool_Location.resourceLinkName is PASSED

2018-12-06 12:28:47 - [MESSAGE][PASSED] - AdminTool_Location.resourceLinkName is PASSED

2018-12-06 12:28:47 - [TEST_STEP][PASSED] - Thread.sleep(2000): null

2018-12-06 12:28:49 - [TEST_STEP][PASSED] - click(findTestObject("TestResource/button2Save")): Object: 'Object Repository/TestResource/button2Save' is clicked on

2018-12-06 12:28:49 - [MESSAGE][PASSED] - Object: 'Object Repository/TestResource/button2Save' is clicked on

2018-12-06 12:28:49 - [TEST_STEP][PASSED] - Thread.sleep(4000): null

2018-12-06 12:28:53 - [TEST_STEP][PASSED] - click(findTestObject("TestResource/locationTab")): Object: 'Object Repository/TestResource/locationTab' is clicked on

2018-12-06 12:28:53 - [MESSAGE][PASSED] - Object: 'Object Repository/TestResource/locationTab' is clicked on

2018-12-06 12:28:53 - [TEST_STEP][PASSED] - Thread.sleep(5000): null

2018-12-06 12:28:58 - [TEST_STEP][PASSED] - AdminTool_Location.checkLocation(): AdminTool_Location.checkLocation is PASSED

2018-12-06 12:29:00 - [MESSAGE][PASSED] - AdminTool_Location.checkLocation is PASSED

2018-12-06 12:29:00 - [TEST_STEP][PASSED] - Thread.sleep(4000): null

2018-12-06 12:29:04 - [TEST_STEP][PASSED] - click(findTestObject("TestResource/saveLocation")): Object: 'Object Repository/TestResource/saveLocation' is clicked on

2018-12-06 12:29:05 - [MESSAGE][PASSED] - Object: 'Object Repository/TestResource/saveLocation' is clicked on

2018-12-06 12:29:05 - [TEST_STEP][PASSED] - click(findTestObject("TestUserLocation/mainmenu_button")): Object: 'Object Repository/TestUserLocation/mainmenu_button' is clicked on

2018-12-06 12:29:05 - [MESSAGE][PASSED] - Object: 'Object Repository/TestUserLocation/mainmenu_button' is clicked on

2018-12-06 12:29:05 - [TEST_STEP][PASSED] - click(findTestObject("TestResource/mainMenu_resources")): Object: 'Object Repository/TestResource/mainMenu_resources' is clicked on

2018-12-06 12:29:05 - [MESSAGE][PASSED] - Object: 'Object Repository/TestResource/mainMenu_resources' is clicked on

2018-12-06 12:29:05 - [TEST_STEP][PASSED] - Thread.sleep(4000): null

2018-12-06 12:29:09 - [TEST_STEP][PASSED] - click(findTestObject("TestResource/equipment")): Object: 'Object Repository/TestResource/equipment' is clicked on

2018-12-06 12:29:09 - [MESSAGE][PASSED] - Object: 'Object Repository/TestResource/equipment' is clicked on

2018-12-06 12:29:09 - [TEST_STEP][PASSED] - Thread.sleep(4000): null

2018-12-06 12:29:13 - [TEST_STEP][PASSED] - AdminTool_Location.selectEquipment(): Element has been clicked

2018-12-06 12:29:18 - [MESSAGE][PASSED] - Element has been clicked

2018-12-06 12:29:18 - [TEST_STEP][PASSED] - Thread.sleep(4000): null

2018-12-06 12:29:22 - [TEST_STEP][PASSED] - click(findTestObject("TestUserLocation/addPlusIcon")): Object: 'Object Repository/TestUserLocation/addPlusIcon' is clicked on

2018-12-06 12:29:22 - [MESSAGE][PASSED] - Object: 'Object Repository/TestUserLocation/addPlusIcon' is clicked on

2018-12-06 12:29:22 - [TEST_STEP][PASSED] - Thread.sleep(2000): null

2018-12-06 12:29:24 - [TEST_STEP][PASSED] - setText(findTestObject("TestUserLocation/setNewName"), findTestData("LocationData").getValue("SubEquipmentName2", 1)): Text 'SUBEQUIPMENT2_ON_06/12/18-12:27' is set on object 'Object Repository/TestUserLocation/setNewName'

2018-12-06 12:29:24 - [MESSAGE][PASSED] - Text 'SUBEQUIPMENT2_ON_06/12/18-12:27' is set on object 'Object Repository/TestUserLocation/setNewName'

2018-12-06 12:29:24 - [TEST_STEP][PASSED] - setText(findTestObject("TestResource/setPhoneNumber"), "912378456"): Text '912378456' is set on object 'Object Repository/TestResource/setPhoneNumber'

2018-12-06 12:29:25 - [MESSAGE][PASSED] - Text '912378456' is set on object 'Object Repository/TestResource/setPhoneNumber'

2018-12-06 12:29:25 - [TEST_STEP][PASSED] - Thread.sleep(2000): null

2018-12-06 12:29:27 - [TEST_STEP][PASSED] - click(findTestObject("TestResource/saveDetailButton")): Object: 'Object Repository/TestResource/saveDetailButton' is clicked on

2018-12-06 12:29:27 - [MESSAGE][PASSED] - Object: 'Object Repository/TestResource/saveDetailButton' is clicked on

2018-12-06 12:29:27 - [TEST_STEP][PASSED] - Thread.sleep(7000): null

2018-12-06 12:29:34 - [TEST_STEP][PASSED] - click(findTestObject("TestResource/linksTab")): Object: 'Object Repository/TestResource/linksTab' is clicked on

2018-12-06 12:29:34 - [MESSAGE][PASSED] - Object: 'Object Repository/TestResource/linksTab' is clicked on

2018-12-06 12:29:34 - [TEST_STEP][PASSED] - Thread.sleep(2000): null

2018-12-06 12:29:36 - [TEST_STEP][PASSED] - click(findTestObject("TestResource/addLink")): Object: 'Object Repository/TestResource/addLink' is clicked on

2018-12-06 12:29:36 - [MESSAGE][PASSED] - Object: 'Object Repository/TestResource/addLink' is clicked on

2018-12-06 12:29:36 - [TEST_STEP][PASSED] - Thread.sleep(5000): null

2018-12-06 12:29:41 - [TEST_STEP][PASSED] - check(findTestObject("TestResource/selectSecondResourceToLink")): Object 'Object Repository/TestResource/selectSecondResourceToLink' is checked

2018-12-06 12:29:41 - [MESSAGE][PASSED] - Object 'Object Repository/TestResource/selectSecondResourceToLink' is checked

2018-12-06 12:29:41 - [TEST_STEP][PASSED] - AdminTool_Location.resourceLinkName(): AdminTool_Location.resourceLinkName is PASSED

2018-12-06 12:29:41 - [MESSAGE][PASSED] - AdminTool_Location.resourceLinkName is PASSED

2018-12-06 12:29:41 - [TEST_STEP][PASSED] - Thread.sleep(2000): null

2018-12-06 12:29:43 - [TEST_STEP][PASSED] - click(findTestObject("TestResource/button2Save")): Object: 'Object Repository/TestResource/button2Save' is clicked on

2018-12-06 12:29:44 - [MESSAGE][PASSED] - Object: 'Object Repository/TestResource/button2Save' is clicked on

2018-12-06 12:29:44 - [TEST_STEP][PASSED] - Thread.sleep(4000): null

2018-12-06 12:29:48 - [TEST_STEP][PASSED] - click(findTestObject("TestResource/locationTab")): Object: 'Object Repository/TestResource/locationTab' is clicked on

2018-12-06 12:29:48 - [MESSAGE][PASSED] - Object: 'Object Repository/TestResource/locationTab' is clicked on

2018-12-06 12:29:48 - [TEST_STEP][PASSED] - Thread.sleep(5000): null

2018-12-06 12:29:53 - [TEST_STEP][PASSED] - AdminTool_Location.checkLocation(): AdminTool_Location.checkLocation is PASSED

2018-12-06 12:29:55 - [MESSAGE][PASSED] - AdminTool_Location.checkLocation is PASSED

2018-12-06 12:29:55 - [TEST_STEP][PASSED] - Thread.sleep(4000): null

2018-12-06 12:29:59 - [TEST_STEP][PASSED] - click(findTestObject("TestResource/saveLocation")): Object: 'Object Repository/TestResource/saveLocation' is clicked on

2018-12-06 12:29:59 - [MESSAGE][PASSED] - Object: 'Object Repository/TestResource/saveLocation' is clicked on]]></system-out>
         <system-err><![CDATA[]]></system-err>
      </testcase>
      <testcase name="Test Cases/CheckResoucesAsPerLocation/validateResource" classname="Test Cases/CheckResoucesAsPerLocation/validateResource" status="PASSED">
         <system-out><![CDATA[2018-12-06 12:29:59 - [TEST_CASE][PASSED] - Test Cases/CheckResoucesAsPerLocation/validateResource: Test Cases/CheckResoucesAsPerLocation/validateResource

2018-12-06 12:29:59 - [TEST_STEP][NOT_RUN] - openBrowser(URL): NOT_RUN: openBrowser(URL)

2018-12-06 12:29:59 - [MESSAGE][NOT_RUN] - NOT_RUN: openBrowser(URL)

2018-12-06 12:29:59 - [TEST_STEP][NOT_RUN] - maximizeWindow(): NOT_RUN: maximizeWindow()

2018-12-06 12:29:59 - [MESSAGE][NOT_RUN] - NOT_RUN: maximizeWindow()

2018-12-06 12:29:59 - [TEST_STEP][NOT_RUN] - setText(findTestObject("Form_Selection_Creation/login_Username"), UserName): NOT_RUN: setText(findTestObject("Form_Selection_Creation/login_Username"), UserName)

2018-12-06 12:29:59 - [MESSAGE][NOT_RUN] - NOT_RUN: setText(findTestObject("Form_Selection_Creation/login_Username"), UserName)

2018-12-06 12:29:59 - [TEST_STEP][NOT_RUN] - setText(findTestObject("Form_Selection_Creation/login_Password"), Password): NOT_RUN: setText(findTestObject("Form_Selection_Creation/login_Password"), Password)

2018-12-06 12:29:59 - [MESSAGE][NOT_RUN] - NOT_RUN: setText(findTestObject("Form_Selection_Creation/login_Password"), Password)

2018-12-06 12:29:59 - [TEST_STEP][PASSED] - Thread.sleep(4000): null

2018-12-06 12:30:03 - [TEST_STEP][PASSED] - FormName.setData(): FormName.setData is PASSED

2018-12-06 12:30:03 - [MESSAGE][PASSED] - FormName.setData is PASSED

2018-12-06 12:30:03 - [TEST_STEP][NOT_RUN] - click(findTestObject("Form_Selection_Creation/login_Button")): NOT_RUN: click(findTestObject("Form_Selection_Creation/login_Button"))

2018-12-06 12:30:03 - [MESSAGE][NOT_RUN] - NOT_RUN: click(findTestObject("Form_Selection_Creation/login_Button"))

2018-12-06 12:30:03 - [TEST_STEP][PASSED] - click(findTestObject("Form_Selection_Creation/mainMenu_Button")): Object: 'Object Repository/Form_Selection_Creation/mainMenu_Button' is clicked on

2018-12-06 12:30:03 - [MESSAGE][PASSED] - Object: 'Object Repository/Form_Selection_Creation/mainMenu_Button' is clicked on

2018-12-06 12:30:03 - [TEST_STEP][NOT_RUN] - click(findTestObject("Form_Selection_Creation/mainMenu_AdminTools")): NOT_RUN: click(findTestObject("Form_Selection_Creation/mainMenu_AdminTools"))

2018-12-06 12:30:03 - [MESSAGE][NOT_RUN] - NOT_RUN: click(findTestObject("Form_Selection_Creation/mainMenu_AdminTools"))

2018-12-06 12:30:03 - [TEST_STEP][PASSED] - click(findTestObject("Form_Selection_Creation/mainMenu_AdminTools_FormDesigner")): Object: 'Object Repository/Form_Selection_Creation/mainMenu_AdminTools_FormDesigner' is clicked on

2018-12-06 12:30:04 - [MESSAGE][PASSED] - Object: 'Object Repository/Form_Selection_Creation/mainMenu_AdminTools_FormDesigner' is clicked on

2018-12-06 12:30:04 - [TEST_STEP][PASSED] - click(findTestObject("Form_Selection_Creation/selectCheckForm")): Object: 'Object Repository/Form_Selection_Creation/selectCheckForm' is clicked on

2018-12-06 12:30:04 - [MESSAGE][PASSED] - Object: 'Object Repository/Form_Selection_Creation/selectCheckForm' is clicked on

2018-12-06 12:30:04 - [TEST_STEP][PASSED] - Thread.sleep(5000): null

2018-12-06 12:30:09 - [TEST_STEP][PASSED] - AdminTool_Location.selectResType(): AdminTool_Location.selectResType is PASSED

2018-12-06 12:30:17 - [MESSAGE][PASSED] - AdminTool_Location.selectResType is PASSED

2018-12-06 12:30:17 - [TEST_STEP][PASSED] - AdminTool_Location.dragDropRes(): Element has been clicked

2018-12-06 12:30:21 - [MESSAGE][PASSED] - Element has been clicked

2018-12-06 12:30:21 - [TEST_STEP][PASSED] - Thread.sleep(3000): null

2018-12-06 12:30:24 - [TEST_STEP][NOT_RUN] - dragAndDropToObject(findTestObject("null"), findTestObject("Form_Selection_Creation/Target_Res_Object")): NOT_RUN: dragAndDropToObject(findTestObject("null"), findTestObject("Form_Selection_Creation/Target_Res_Object"))

2018-12-06 12:30:24 - [MESSAGE][NOT_RUN] - NOT_RUN: dragAndDropToObject(findTestObject("null"), findTestObject("Form_Selection_Creation/Target_Res_Object"))

2018-12-06 12:30:24 - [TEST_STEP][PASSED] - AdminTool_Location.validate(): AdminTool_Location.validate is PASSED

2018-12-06 12:30:25 - [MESSAGE][PASSED] - AdminTool_Location.validate is PASSED

2018-12-06 12:30:25 - [TEST_STEP][PASSED] - s = getText(findTestObject("TestResource/testText")): Text of object 'Object Repository/TestResource/testText' is: 'Equipment > EQUIPMENT_ON_06/12/18-12:27 > SUBEQUIPMENT2_ON_06/12/18-12:27'

2018-12-06 12:30:25 - [MESSAGE][PASSED] - Text of object 'Object Repository/TestResource/testText' is: 'Equipment > EQUIPMENT_ON_06/12/18-12:27 > SUBEQUIPMENT2_ON_06/12/18-12:27'

2018-12-06 12:30:25 - [TEST_STEP][PASSED] - println(s): null]]></system-out>
         <system-err><![CDATA[]]></system-err>
      </testcase>
      <testcase name="Test Cases/CheckResoucesAsPerLocation/checkResource_Items" classname="Test Cases/CheckResoucesAsPerLocation/checkResource_Items" status="PASSED">
         <system-out><![CDATA[2018-12-06 12:30:25 - [TEST_CASE][PASSED] - Test Cases/CheckResoucesAsPerLocation/checkResource_Items: Test Cases/CheckResoucesAsPerLocation/checkResource_Items

2018-12-06 12:30:25 - [TEST_STEP][PASSED] - openBrowser(URL): Browser is opened with url: 'https://test1.safetychain.com'

2018-12-06 12:30:25 - [MESSAGE][WARNING] - A browser is already opened. Closing browser and opening a new one

2018-12-06 12:30:26 - [MESSAGE][INFO] - Starting 'Chrome' driver

2018-12-06 12:30:47 - [MESSAGE][PASSED] - Browser is opened with url: 'https://test1.safetychain.com'

2018-12-06 12:30:47 - [TEST_STEP][PASSED] - maximizeWindow(): Current window maximized

2018-12-06 12:30:48 - [MESSAGE][PASSED] - Current window maximized

2018-12-06 12:30:48 - [TEST_STEP][PASSED] - setText(findTestObject("TestUserLocation/login_Username"), UserName): Text 'Superadmin' is set on object 'Object Repository/TestUserLocation/login_Username'

2018-12-06 12:30:52 - [MESSAGE][PASSED] - Text 'Superadmin' is set on object 'Object Repository/TestUserLocation/login_Username'

2018-12-06 12:30:52 - [TEST_STEP][PASSED] - setText(findTestObject("TestUserLocation/login_Password"), Password): Text 'latetest13772boot' is set on object 'Object Repository/TestUserLocation/login_Password'

2018-12-06 12:30:52 - [MESSAGE][PASSED] - Text 'latetest13772boot' is set on object 'Object Repository/TestUserLocation/login_Password'

2018-12-06 12:30:52 - [TEST_STEP][PASSED] - AdminTool_Location.setItemName(): AdminTool_Location.setItemName is PASSED

2018-12-06 12:30:52 - [MESSAGE][PASSED] - AdminTool_Location.setItemName is PASSED

2018-12-06 12:30:52 - [TEST_STEP][PASSED] - click(findTestObject("TestUserLocation/login_Button")): Object: 'Object Repository/TestUserLocation/login_Button' is clicked on

2018-12-06 12:30:54 - [MESSAGE][PASSED] - Object: 'Object Repository/TestUserLocation/login_Button' is clicked on

2018-12-06 12:30:54 - [TEST_STEP][PASSED] - Thread.sleep(4000): null

2018-12-06 12:30:58 - [TEST_STEP][PASSED] - click(findTestObject("TestUserLocation/mainmenu_button")): Object: 'Object Repository/TestUserLocation/mainmenu_button' is clicked on

2018-12-06 12:30:58 - [MESSAGE][PASSED] - Object: 'Object Repository/TestUserLocation/mainmenu_button' is clicked on

2018-12-06 12:30:58 - [TEST_STEP][PASSED] - click(findTestObject("TestUserLocation/adminTool")): Object: 'Object Repository/TestUserLocation/adminTool' is clicked on

2018-12-06 12:30:58 - [MESSAGE][PASSED] - Object: 'Object Repository/TestUserLocation/adminTool' is clicked on

2018-12-06 12:30:58 - [TEST_STEP][PASSED] - click(findTestObject("TestUserLocation/mainMenuResourceDesigner")): Object: 'Object Repository/TestUserLocation/mainMenuResourceDesigner' is clicked on

2018-12-06 12:30:59 - [MESSAGE][PASSED] - Object: 'Object Repository/TestUserLocation/mainMenuResourceDesigner' is clicked on

2018-12-06 12:30:59 - [TEST_STEP][PASSED] - Thread.sleep(4000): null

2018-12-06 12:31:03 - [TEST_STEP][PASSED] - click(findTestObject("TestResource/items")): Object: 'Object Repository/TestResource/items' is clicked on

2018-12-06 12:31:03 - [MESSAGE][PASSED] - Object: 'Object Repository/TestResource/items' is clicked on

2018-12-06 12:31:03 - [TEST_STEP][PASSED] - Thread.sleep(4000): null

2018-12-06 12:31:07 - [TEST_STEP][PASSED] - click(findTestObject("TestUserLocation/categories")): Object: 'Object Repository/TestUserLocation/categories' is clicked on

2018-12-06 12:31:07 - [MESSAGE][PASSED] - Object: 'Object Repository/TestUserLocation/categories' is clicked on

2018-12-06 12:31:07 - [TEST_STEP][PASSED] - Thread.sleep(2000): null

2018-12-06 12:31:09 - [TEST_STEP][PASSED] - click(findTestObject("TestUserLocation/defaultArea")): Object: 'Object Repository/TestUserLocation/defaultArea' is clicked on

2018-12-06 12:31:09 - [MESSAGE][PASSED] - Object: 'Object Repository/TestUserLocation/defaultArea' is clicked on

2018-12-06 12:31:09 - [TEST_STEP][PASSED] - Thread.sleep(2000): null

2018-12-06 12:31:11 - [TEST_STEP][PASSED] - click(findTestObject("TestUserLocation/hoverHeading")): Object: 'Object Repository/TestUserLocation/hoverHeading' is clicked on

2018-12-06 12:31:11 - [MESSAGE][PASSED] - Object: 'Object Repository/TestUserLocation/hoverHeading' is clicked on

2018-12-06 12:31:11 - [TEST_STEP][PASSED] - click(findTestObject("TestUserLocation/addPlusIcon")): Object: 'Object Repository/TestUserLocation/addPlusIcon' is clicked on

2018-12-06 12:31:11 - [MESSAGE][PASSED] - Object: 'Object Repository/TestUserLocation/addPlusIcon' is clicked on

2018-12-06 12:31:11 - [TEST_STEP][PASSED] - setText(findTestObject("TestUserLocation/setNewName"), findTestData("LocationData").getValue("ItemsName", 1)): Text 'ITEM_ON_06/12/18-12:30' is set on object 'Object Repository/TestUserLocation/setNewName'

2018-12-06 12:31:12 - [MESSAGE][PASSED] - Text 'ITEM_ON_06/12/18-12:30' is set on object 'Object Repository/TestUserLocation/setNewName'

2018-12-06 12:31:12 - [TEST_STEP][PASSED] - Thread.sleep(2000): null

2018-12-06 12:31:14 - [TEST_STEP][PASSED] - click(findTestObject("TestUserLocation/saveButton")): Object: 'Object Repository/TestUserLocation/saveButton' is clicked on

2018-12-06 12:31:14 - [MESSAGE][PASSED] - Object: 'Object Repository/TestUserLocation/saveButton' is clicked on

2018-12-06 12:31:14 - [TEST_STEP][PASSED] - Thread.sleep(4000): null

2018-12-06 12:31:18 - [TEST_STEP][PASSED] - Thread.sleep(4000): null

2018-12-06 12:31:22 - [TEST_STEP][PASSED] - click(findTestObject("TestUserLocation/mainmenu_button")): Object: 'Object Repository/TestUserLocation/mainmenu_button' is clicked on

2018-12-06 12:31:22 - [MESSAGE][PASSED] - Object: 'Object Repository/TestUserLocation/mainmenu_button' is clicked on

2018-12-06 12:31:22 - [TEST_STEP][PASSED] - click(findTestObject("TestResource/mainMenu_resources")): Object: 'Object Repository/TestResource/mainMenu_resources' is clicked on

2018-12-06 12:31:22 - [MESSAGE][PASSED] - Object: 'Object Repository/TestResource/mainMenu_resources' is clicked on

2018-12-06 12:31:22 - [TEST_STEP][PASSED] - Thread.sleep(4000): null

2018-12-06 12:31:26 - [TEST_STEP][PASSED] - click(findTestObject("TestResource/items")): Object: 'Object Repository/TestResource/items' is clicked on

2018-12-06 12:31:26 - [MESSAGE][PASSED] - Object: 'Object Repository/TestResource/items' is clicked on

2018-12-06 12:31:26 - [TEST_STEP][PASSED] - Thread.sleep(4000): null

2018-12-06 12:31:30 - [TEST_STEP][PASSED] - AdminTool_Location.selectItem(): Element has been clicked

2018-12-06 12:31:34 - [MESSAGE][PASSED] - Element has been clicked

2018-12-06 12:31:34 - [TEST_STEP][PASSED] - Thread.sleep(4000): null

2018-12-06 12:31:38 - [TEST_STEP][PASSED] - click(findTestObject("TestUserLocation/addPlusIcon")): Object: 'Object Repository/TestUserLocation/addPlusIcon' is clicked on

2018-12-06 12:31:39 - [MESSAGE][PASSED] - Object: 'Object Repository/TestUserLocation/addPlusIcon' is clicked on

2018-12-06 12:31:39 - [TEST_STEP][PASSED] - Thread.sleep(2000): null

2018-12-06 12:31:41 - [TEST_STEP][PASSED] - setText(findTestObject("TestUserLocation/setNewName"), findTestData("LocationData").getValue("SubItemsName1", 1)): Text 'SUBITEM1_ON_06/12/18-12:30' is set on object 'Object Repository/TestUserLocation/setNewName'

2018-12-06 12:31:41 - [MESSAGE][PASSED] - Text 'SUBITEM1_ON_06/12/18-12:30' is set on object 'Object Repository/TestUserLocation/setNewName'

2018-12-06 12:31:41 - [TEST_STEP][NOT_RUN] - setText(findTestObject("TestResource/setPhoneNumber"), "912378456"): NOT_RUN: setText(findTestObject("TestResource/setPhoneNumber"), "912378456")

2018-12-06 12:31:41 - [MESSAGE][NOT_RUN] - NOT_RUN: setText(findTestObject("TestResource/setPhoneNumber"), "912378456")

2018-12-06 12:31:41 - [TEST_STEP][PASSED] - Thread.sleep(2000): null

2018-12-06 12:31:43 - [TEST_STEP][PASSED] - click(findTestObject("TestResource/saveDetailButton")): Object: 'Object Repository/TestResource/saveDetailButton' is clicked on

2018-12-06 12:31:43 - [MESSAGE][PASSED] - Object: 'Object Repository/TestResource/saveDetailButton' is clicked on

2018-12-06 12:31:43 - [TEST_STEP][PASSED] - Thread.sleep(7000): null

2018-12-06 12:31:50 - [TEST_STEP][PASSED] - click(findTestObject("TestResource/disableResource")): Object: 'Object Repository/TestResource/disableResource' is clicked on

2018-12-06 12:31:50 - [MESSAGE][PASSED] - Object: 'Object Repository/TestResource/disableResource' is clicked on

2018-12-06 12:31:50 - [TEST_STEP][PASSED] - Thread.sleep(2000): null

2018-12-06 12:31:52 - [TEST_STEP][PASSED] - click(findTestObject("TestResource/button2Yes")): Object: 'Object Repository/TestResource/button2Yes' is clicked on

2018-12-06 12:31:52 - [MESSAGE][PASSED] - Object: 'Object Repository/TestResource/button2Yes' is clicked on

2018-12-06 12:31:52 - [TEST_STEP][PASSED] - Thread.sleep(2000): null

2018-12-06 12:31:54 - [TEST_STEP][PASSED] - click(findTestObject("TestResource/saveDetailButton")): Object: 'Object Repository/TestResource/saveDetailButton' is clicked on

2018-12-06 12:31:55 - [MESSAGE][PASSED] - Object: 'Object Repository/TestResource/saveDetailButton' is clicked on

2018-12-06 12:31:55 - [TEST_STEP][PASSED] - Thread.sleep(7000): null

2018-12-06 12:32:02 - [TEST_STEP][PASSED] - click(findTestObject("TestResource/linksTab")): Object: 'Object Repository/TestResource/linksTab' is clicked on

2018-12-06 12:32:02 - [MESSAGE][PASSED] - Object: 'Object Repository/TestResource/linksTab' is clicked on

2018-12-06 12:32:02 - [TEST_STEP][PASSED] - Thread.sleep(2000): null

2018-12-06 12:32:04 - [TEST_STEP][PASSED] - click(findTestObject("TestResource/addLink")): Object: 'Object Repository/TestResource/addLink' is clicked on

2018-12-06 12:32:04 - [MESSAGE][PASSED] - Object: 'Object Repository/TestResource/addLink' is clicked on

2018-12-06 12:32:04 - [TEST_STEP][PASSED] - Thread.sleep(5000): null

2018-12-06 12:32:09 - [TEST_STEP][PASSED] - check(findTestObject("TestResource/selectSecondResourceToLink")): Object 'Object Repository/TestResource/selectSecondResourceToLink' is checked

2018-12-06 12:32:09 - [MESSAGE][PASSED] - Object 'Object Repository/TestResource/selectSecondResourceToLink' is checked

2018-12-06 12:32:09 - [TEST_STEP][PASSED] - AdminTool_Location.resourceLinkName(): AdminTool_Location.resourceLinkName is PASSED

2018-12-06 12:32:09 - [MESSAGE][PASSED] - AdminTool_Location.resourceLinkName is PASSED

2018-12-06 12:32:09 - [TEST_STEP][PASSED] - Thread.sleep(2000): null

2018-12-06 12:32:11 - [TEST_STEP][PASSED] - click(findTestObject("TestResource/button2Save")): Object: 'Object Repository/TestResource/button2Save' is clicked on

2018-12-06 12:32:11 - [MESSAGE][PASSED] - Object: 'Object Repository/TestResource/button2Save' is clicked on

2018-12-06 12:32:11 - [TEST_STEP][PASSED] - Thread.sleep(4000): null

2018-12-06 12:32:15 - [TEST_STEP][PASSED] - click(findTestObject("TestResource/locationTab")): Object: 'Object Repository/TestResource/locationTab' is clicked on

2018-12-06 12:32:15 - [MESSAGE][PASSED] - Object: 'Object Repository/TestResource/locationTab' is clicked on

2018-12-06 12:32:15 - [TEST_STEP][PASSED] - Thread.sleep(5000): null

2018-12-06 12:32:20 - [TEST_STEP][PASSED] - AdminTool_Location.checkLocation(): AdminTool_Location.checkLocation is PASSED

2018-12-06 12:32:23 - [MESSAGE][PASSED] - AdminTool_Location.checkLocation is PASSED

2018-12-06 12:32:23 - [TEST_STEP][PASSED] - Thread.sleep(4000): null

2018-12-06 12:32:27 - [TEST_STEP][PASSED] - click(findTestObject("TestResource/saveLocation")): Object: 'Object Repository/TestResource/saveLocation' is clicked on

2018-12-06 12:32:27 - [MESSAGE][PASSED] - Object: 'Object Repository/TestResource/saveLocation' is clicked on

2018-12-06 12:32:27 - [TEST_STEP][PASSED] - click(findTestObject("TestUserLocation/mainmenu_button")): Object: 'Object Repository/TestUserLocation/mainmenu_button' is clicked on

2018-12-06 12:32:29 - [MESSAGE][PASSED] - Object: 'Object Repository/TestUserLocation/mainmenu_button' is clicked on

2018-12-06 12:32:29 - [TEST_STEP][PASSED] - click(findTestObject("TestResource/mainMenu_resources")): Object: 'Object Repository/TestResource/mainMenu_resources' is clicked on

2018-12-06 12:32:29 - [MESSAGE][PASSED] - Object: 'Object Repository/TestResource/mainMenu_resources' is clicked on

2018-12-06 12:32:29 - [TEST_STEP][PASSED] - Thread.sleep(4000): null

2018-12-06 12:32:33 - [TEST_STEP][PASSED] - click(findTestObject("TestResource/items")): Object: 'Object Repository/TestResource/items' is clicked on

2018-12-06 12:32:33 - [MESSAGE][PASSED] - Object: 'Object Repository/TestResource/items' is clicked on

2018-12-06 12:32:33 - [TEST_STEP][PASSED] - Thread.sleep(4000): null

2018-12-06 12:32:37 - [TEST_STEP][PASSED] - AdminTool_Location.selectItem(): Element has been clicked

2018-12-06 12:32:41 - [MESSAGE][PASSED] - Element has been clicked

2018-12-06 12:32:41 - [TEST_STEP][PASSED] - Thread.sleep(4000): null

2018-12-06 12:32:45 - [TEST_STEP][PASSED] - click(findTestObject("TestUserLocation/addPlusIcon")): Object: 'Object Repository/TestUserLocation/addPlusIcon' is clicked on

2018-12-06 12:32:46 - [MESSAGE][PASSED] - Object: 'Object Repository/TestUserLocation/addPlusIcon' is clicked on

2018-12-06 12:32:46 - [TEST_STEP][PASSED] - Thread.sleep(2000): null

2018-12-06 12:32:48 - [TEST_STEP][PASSED] - setText(findTestObject("TestUserLocation/setNewName"), findTestData("LocationData").getValue("SubItemsName2", 1)): Text 'SUBITEM2_ON_06/12/18-12:30' is set on object 'Object Repository/TestUserLocation/setNewName'

2018-12-06 12:32:48 - [MESSAGE][PASSED] - Text 'SUBITEM2_ON_06/12/18-12:30' is set on object 'Object Repository/TestUserLocation/setNewName'

2018-12-06 12:32:48 - [TEST_STEP][NOT_RUN] - setText(findTestObject("TestResource/setPhoneNumber"), "912378456"): NOT_RUN: setText(findTestObject("TestResource/setPhoneNumber"), "912378456")

2018-12-06 12:32:48 - [MESSAGE][NOT_RUN] - NOT_RUN: setText(findTestObject("TestResource/setPhoneNumber"), "912378456")

2018-12-06 12:32:48 - [TEST_STEP][PASSED] - Thread.sleep(2000): null

2018-12-06 12:32:50 - [TEST_STEP][PASSED] - click(findTestObject("TestResource/saveDetailButton")): Object: 'Object Repository/TestResource/saveDetailButton' is clicked on

2018-12-06 12:32:50 - [MESSAGE][PASSED] - Object: 'Object Repository/TestResource/saveDetailButton' is clicked on

2018-12-06 12:32:50 - [TEST_STEP][PASSED] - Thread.sleep(7000): null

2018-12-06 12:32:57 - [TEST_STEP][PASSED] - click(findTestObject("TestResource/linksTab")): Object: 'Object Repository/TestResource/linksTab' is clicked on

2018-12-06 12:32:57 - [MESSAGE][PASSED] - Object: 'Object Repository/TestResource/linksTab' is clicked on

2018-12-06 12:32:57 - [TEST_STEP][PASSED] - Thread.sleep(2000): null

2018-12-06 12:32:59 - [TEST_STEP][PASSED] - click(findTestObject("TestResource/addLink")): Object: 'Object Repository/TestResource/addLink' is clicked on

2018-12-06 12:32:59 - [MESSAGE][PASSED] - Object: 'Object Repository/TestResource/addLink' is clicked on

2018-12-06 12:32:59 - [TEST_STEP][PASSED] - Thread.sleep(5000): null

2018-12-06 12:33:04 - [TEST_STEP][PASSED] - check(findTestObject("TestResource/selectSecondResourceToLink")): Object 'Object Repository/TestResource/selectSecondResourceToLink' is checked

2018-12-06 12:33:05 - [MESSAGE][PASSED] - Object 'Object Repository/TestResource/selectSecondResourceToLink' is checked

2018-12-06 12:33:05 - [TEST_STEP][PASSED] - AdminTool_Location.resourceLinkName(): AdminTool_Location.resourceLinkName is PASSED

2018-12-06 12:33:05 - [MESSAGE][PASSED] - AdminTool_Location.resourceLinkName is PASSED

2018-12-06 12:33:05 - [TEST_STEP][PASSED] - Thread.sleep(2000): null

2018-12-06 12:33:07 - [TEST_STEP][PASSED] - click(findTestObject("TestResource/button2Save")): Object: 'Object Repository/TestResource/button2Save' is clicked on

2018-12-06 12:33:07 - [MESSAGE][PASSED] - Object: 'Object Repository/TestResource/button2Save' is clicked on

2018-12-06 12:33:07 - [TEST_STEP][PASSED] - Thread.sleep(4000): null

2018-12-06 12:33:11 - [TEST_STEP][PASSED] - click(findTestObject("TestResource/locationTab")): Object: 'Object Repository/TestResource/locationTab' is clicked on

2018-12-06 12:33:11 - [MESSAGE][PASSED] - Object: 'Object Repository/TestResource/locationTab' is clicked on

2018-12-06 12:33:11 - [TEST_STEP][PASSED] - Thread.sleep(5000): null

2018-12-06 12:33:16 - [TEST_STEP][PASSED] - AdminTool_Location.checkLocation(): AdminTool_Location.checkLocation is PASSED

2018-12-06 12:33:18 - [MESSAGE][PASSED] - AdminTool_Location.checkLocation is PASSED

2018-12-06 12:33:18 - [TEST_STEP][PASSED] - Thread.sleep(4000): null

2018-12-06 12:33:22 - [TEST_STEP][PASSED] - click(findTestObject("TestResource/saveLocation")): Object: 'Object Repository/TestResource/saveLocation' is clicked on

2018-12-06 12:33:22 - [MESSAGE][PASSED] - Object: 'Object Repository/TestResource/saveLocation' is clicked on]]></system-out>
         <system-err><![CDATA[]]></system-err>
      </testcase>
      <testcase name="Test Cases/CheckResoucesAsPerLocation/validateResource" classname="Test Cases/CheckResoucesAsPerLocation/validateResource" status="PASSED">
         <system-out><![CDATA[2018-12-06 12:33:22 - [TEST_CASE][PASSED] - Test Cases/CheckResoucesAsPerLocation/validateResource: Test Cases/CheckResoucesAsPerLocation/validateResource

2018-12-06 12:33:22 - [TEST_STEP][NOT_RUN] - openBrowser(URL): NOT_RUN: openBrowser(URL)

2018-12-06 12:33:22 - [MESSAGE][NOT_RUN] - NOT_RUN: openBrowser(URL)

2018-12-06 12:33:22 - [TEST_STEP][NOT_RUN] - maximizeWindow(): NOT_RUN: maximizeWindow()

2018-12-06 12:33:22 - [MESSAGE][NOT_RUN] - NOT_RUN: maximizeWindow()

2018-12-06 12:33:22 - [TEST_STEP][NOT_RUN] - setText(findTestObject("Form_Selection_Creation/login_Username"), UserName): NOT_RUN: setText(findTestObject("Form_Selection_Creation/login_Username"), UserName)

2018-12-06 12:33:22 - [MESSAGE][NOT_RUN] - NOT_RUN: setText(findTestObject("Form_Selection_Creation/login_Username"), UserName)

2018-12-06 12:33:22 - [TEST_STEP][NOT_RUN] - setText(findTestObject("Form_Selection_Creation/login_Password"), Password): NOT_RUN: setText(findTestObject("Form_Selection_Creation/login_Password"), Password)

2018-12-06 12:33:22 - [MESSAGE][NOT_RUN] - NOT_RUN: setText(findTestObject("Form_Selection_Creation/login_Password"), Password)

2018-12-06 12:33:22 - [TEST_STEP][PASSED] - Thread.sleep(4000): null

2018-12-06 12:33:26 - [TEST_STEP][PASSED] - FormName.setData(): FormName.setData is PASSED

2018-12-06 12:33:26 - [MESSAGE][PASSED] - FormName.setData is PASSED

2018-12-06 12:33:26 - [TEST_STEP][NOT_RUN] - click(findTestObject("Form_Selection_Creation/login_Button")): NOT_RUN: click(findTestObject("Form_Selection_Creation/login_Button"))

2018-12-06 12:33:26 - [MESSAGE][NOT_RUN] - NOT_RUN: click(findTestObject("Form_Selection_Creation/login_Button"))

2018-12-06 12:33:26 - [TEST_STEP][PASSED] - click(findTestObject("Form_Selection_Creation/mainMenu_Button")): Object: 'Object Repository/Form_Selection_Creation/mainMenu_Button' is clicked on

2018-12-06 12:33:27 - [MESSAGE][PASSED] - Object: 'Object Repository/Form_Selection_Creation/mainMenu_Button' is clicked on

2018-12-06 12:33:27 - [TEST_STEP][NOT_RUN] - click(findTestObject("Form_Selection_Creation/mainMenu_AdminTools")): NOT_RUN: click(findTestObject("Form_Selection_Creation/mainMenu_AdminTools"))

2018-12-06 12:33:27 - [MESSAGE][NOT_RUN] - NOT_RUN: click(findTestObject("Form_Selection_Creation/mainMenu_AdminTools"))

2018-12-06 12:33:27 - [TEST_STEP][PASSED] - click(findTestObject("Form_Selection_Creation/mainMenu_AdminTools_FormDesigner")): Object: 'Object Repository/Form_Selection_Creation/mainMenu_AdminTools_FormDesigner' is clicked on

2018-12-06 12:33:27 - [MESSAGE][PASSED] - Object: 'Object Repository/Form_Selection_Creation/mainMenu_AdminTools_FormDesigner' is clicked on

2018-12-06 12:33:27 - [TEST_STEP][PASSED] - click(findTestObject("Form_Selection_Creation/selectCheckForm")): Object: 'Object Repository/Form_Selection_Creation/selectCheckForm' is clicked on

2018-12-06 12:33:27 - [MESSAGE][PASSED] - Object: 'Object Repository/Form_Selection_Creation/selectCheckForm' is clicked on

2018-12-06 12:33:27 - [TEST_STEP][PASSED] - Thread.sleep(5000): null

2018-12-06 12:33:32 - [TEST_STEP][PASSED] - AdminTool_Location.selectResType(): AdminTool_Location.selectResType is PASSED

2018-12-06 12:33:40 - [MESSAGE][PASSED] - AdminTool_Location.selectResType is PASSED

2018-12-06 12:33:40 - [TEST_STEP][PASSED] - AdminTool_Location.dragDropRes(): Element has been clicked

2018-12-06 12:33:45 - [MESSAGE][PASSED] - Element has been clicked

2018-12-06 12:33:45 - [TEST_STEP][PASSED] - Thread.sleep(3000): null

2018-12-06 12:33:48 - [TEST_STEP][NOT_RUN] - dragAndDropToObject(findTestObject("null"), findTestObject("Form_Selection_Creation/Target_Res_Object")): NOT_RUN: dragAndDropToObject(findTestObject("null"), findTestObject("Form_Selection_Creation/Target_Res_Object"))

2018-12-06 12:33:48 - [MESSAGE][NOT_RUN] - NOT_RUN: dragAndDropToObject(findTestObject("null"), findTestObject("Form_Selection_Creation/Target_Res_Object"))

2018-12-06 12:33:48 - [TEST_STEP][PASSED] - AdminTool_Location.validate(): AdminTool_Location.validate is PASSED

2018-12-06 12:33:48 - [MESSAGE][PASSED] - AdminTool_Location.validate is PASSED

2018-12-06 12:33:48 - [TEST_STEP][PASSED] - s = getText(findTestObject("TestResource/testText")): Text of object 'Object Repository/TestResource/testText' is: 'Items > ITEM_ON_06/12/18-12:30 > SUBITEM2_ON_06/12/18-12:30'

2018-12-06 12:33:48 - [MESSAGE][PASSED] - Text of object 'Object Repository/TestResource/testText' is: 'Items > ITEM_ON_06/12/18-12:30 > SUBITEM2_ON_06/12/18-12:30'

2018-12-06 12:33:48 - [TEST_STEP][PASSED] - println(s): null]]></system-out>
         <system-err><![CDATA[]]></system-err>
      </testcase>
      <testcase name="Test Cases/CheckResoucesAsPerLocation/checkResource_Supplier" classname="Test Cases/CheckResoucesAsPerLocation/checkResource_Supplier" status="PASSED">
         <system-out><![CDATA[2018-12-06 12:33:48 - [TEST_CASE][PASSED] - Test Cases/CheckResoucesAsPerLocation/checkResource_Supplier: Test Cases/CheckResoucesAsPerLocation/checkResource_Supplier

2018-12-06 12:33:48 - [TEST_STEP][PASSED] - openBrowser(URL): Browser is opened with url: 'https://test1.safetychain.com'

2018-12-06 12:33:48 - [MESSAGE][WARNING] - A browser is already opened. Closing browser and opening a new one

2018-12-06 12:33:49 - [MESSAGE][INFO] - Starting 'Chrome' driver

2018-12-06 12:34:09 - [MESSAGE][PASSED] - Browser is opened with url: 'https://test1.safetychain.com'

2018-12-06 12:34:09 - [TEST_STEP][PASSED] - maximizeWindow(): Current window maximized

2018-12-06 12:34:10 - [MESSAGE][PASSED] - Current window maximized

2018-12-06 12:34:10 - [TEST_STEP][PASSED] - setText(findTestObject("TestUserLocation/login_Username"), UserName): Text 'Superadmin' is set on object 'Object Repository/TestUserLocation/login_Username'

2018-12-06 12:34:15 - [MESSAGE][PASSED] - Text 'Superadmin' is set on object 'Object Repository/TestUserLocation/login_Username'

2018-12-06 12:34:15 - [TEST_STEP][PASSED] - setText(findTestObject("TestUserLocation/login_Password"), Password): Text 'latetest13772boot' is set on object 'Object Repository/TestUserLocation/login_Password'

2018-12-06 12:34:16 - [MESSAGE][PASSED] - Text 'latetest13772boot' is set on object 'Object Repository/TestUserLocation/login_Password'

2018-12-06 12:34:16 - [TEST_STEP][PASSED] - AdminTool_Location.setSupplierName(): AdminTool_Location.setSupplierName is PASSED

2018-12-06 12:34:16 - [MESSAGE][PASSED] - AdminTool_Location.setSupplierName is PASSED

2018-12-06 12:34:16 - [TEST_STEP][PASSED] - click(findTestObject("TestUserLocation/login_Button")): Object: 'Object Repository/TestUserLocation/login_Button' is clicked on

2018-12-06 12:34:18 - [MESSAGE][PASSED] - Object: 'Object Repository/TestUserLocation/login_Button' is clicked on

2018-12-06 12:34:18 - [TEST_STEP][PASSED] - Thread.sleep(4000): null

2018-12-06 12:34:22 - [TEST_STEP][PASSED] - click(findTestObject("TestUserLocation/mainmenu_button")): Object: 'Object Repository/TestUserLocation/mainmenu_button' is clicked on

2018-12-06 12:34:26 - [MESSAGE][PASSED] - Object: 'Object Repository/TestUserLocation/mainmenu_button' is clicked on

2018-12-06 12:34:26 - [TEST_STEP][PASSED] - click(findTestObject("TestUserLocation/adminTool")): Object: 'Object Repository/TestUserLocation/adminTool' is clicked on

2018-12-06 12:34:26 - [MESSAGE][PASSED] - Object: 'Object Repository/TestUserLocation/adminTool' is clicked on

2018-12-06 12:34:26 - [TEST_STEP][PASSED] - click(findTestObject("TestUserLocation/mainMenuResourceDesigner")): Object: 'Object Repository/TestUserLocation/mainMenuResourceDesigner' is clicked on

2018-12-06 12:34:26 - [MESSAGE][PASSED] - Object: 'Object Repository/TestUserLocation/mainMenuResourceDesigner' is clicked on

2018-12-06 12:34:26 - [TEST_STEP][PASSED] - Thread.sleep(4000): null

2018-12-06 12:34:30 - [TEST_STEP][PASSED] - click(findTestObject("TestResource/SuppliersDesign")): Object: 'Object Repository/TestResource/SuppliersDesign' is clicked on

2018-12-06 12:34:30 - [MESSAGE][PASSED] - Object: 'Object Repository/TestResource/SuppliersDesign' is clicked on

2018-12-06 12:34:30 - [TEST_STEP][PASSED] - Thread.sleep(4000): null

2018-12-06 12:34:34 - [TEST_STEP][PASSED] - click(findTestObject("TestUserLocation/categories")): Object: 'Object Repository/TestUserLocation/categories' is clicked on

2018-12-06 12:34:35 - [MESSAGE][PASSED] - Object: 'Object Repository/TestUserLocation/categories' is clicked on

2018-12-06 12:34:35 - [TEST_STEP][PASSED] - Thread.sleep(2000): null

2018-12-06 12:34:37 - [TEST_STEP][PASSED] - click(findTestObject("TestUserLocation/defaultArea")): Object: 'Object Repository/TestUserLocation/defaultArea' is clicked on

2018-12-06 12:34:37 - [MESSAGE][PASSED] - Object: 'Object Repository/TestUserLocation/defaultArea' is clicked on

2018-12-06 12:34:37 - [TEST_STEP][PASSED] - Thread.sleep(2000): null

2018-12-06 12:34:39 - [TEST_STEP][PASSED] - click(findTestObject("TestUserLocation/hoverHeading")): Object: 'Object Repository/TestUserLocation/hoverHeading' is clicked on

2018-12-06 12:34:39 - [MESSAGE][PASSED] - Object: 'Object Repository/TestUserLocation/hoverHeading' is clicked on

2018-12-06 12:34:39 - [TEST_STEP][PASSED] - click(findTestObject("TestUserLocation/addPlusIcon")): Object: 'Object Repository/TestUserLocation/addPlusIcon' is clicked on

2018-12-06 12:34:39 - [MESSAGE][PASSED] - Object: 'Object Repository/TestUserLocation/addPlusIcon' is clicked on

2018-12-06 12:34:39 - [TEST_STEP][PASSED] - setText(findTestObject("TestUserLocation/setNewName"), findTestData("LocationData").getValue("SuppliersName", 1)): Text 'SUPPLIER_ON_06/12/18-12:34' is set on object 'Object Repository/TestUserLocation/setNewName'

2018-12-06 12:34:39 - [MESSAGE][PASSED] - Text 'SUPPLIER_ON_06/12/18-12:34' is set on object 'Object Repository/TestUserLocation/setNewName'

2018-12-06 12:34:39 - [TEST_STEP][PASSED] - Thread.sleep(2000): null

2018-12-06 12:34:41 - [TEST_STEP][PASSED] - click(findTestObject("TestUserLocation/saveButton")): Object: 'Object Repository/TestUserLocation/saveButton' is clicked on

2018-12-06 12:34:42 - [MESSAGE][PASSED] - Object: 'Object Repository/TestUserLocation/saveButton' is clicked on

2018-12-06 12:34:42 - [TEST_STEP][PASSED] - Thread.sleep(4000): null

2018-12-06 12:34:46 - [TEST_STEP][PASSED] - Thread.sleep(4000): null

2018-12-06 12:34:50 - [TEST_STEP][PASSED] - click(findTestObject("TestUserLocation/mainmenu_button")): Object: 'Object Repository/TestUserLocation/mainmenu_button' is clicked on

2018-12-06 12:34:50 - [MESSAGE][PASSED] - Object: 'Object Repository/TestUserLocation/mainmenu_button' is clicked on

2018-12-06 12:34:50 - [TEST_STEP][PASSED] - click(findTestObject("TestResource/mainMenu_resources")): Object: 'Object Repository/TestResource/mainMenu_resources' is clicked on

2018-12-06 12:34:50 - [MESSAGE][PASSED] - Object: 'Object Repository/TestResource/mainMenu_resources' is clicked on

2018-12-06 12:34:50 - [TEST_STEP][PASSED] - Thread.sleep(4000): null

2018-12-06 12:34:54 - [TEST_STEP][PASSED] - click(findTestObject("TestResource/suppliers")): Object: 'Object Repository/TestResource/suppliers' is clicked on

2018-12-06 12:34:54 - [MESSAGE][PASSED] - Object: 'Object Repository/TestResource/suppliers' is clicked on

2018-12-06 12:34:54 - [TEST_STEP][PASSED] - Thread.sleep(4000): null

2018-12-06 12:34:58 - [TEST_STEP][PASSED] - AdminTool_Location.selectSupplier(): Element has been clicked

2018-12-06 12:35:02 - [MESSAGE][PASSED] - Element has been clicked

2018-12-06 12:35:02 - [TEST_STEP][PASSED] - Thread.sleep(4000): null

2018-12-06 12:35:06 - [TEST_STEP][PASSED] - click(findTestObject("TestUserLocation/addPlusIcon")): Object: 'Object Repository/TestUserLocation/addPlusIcon' is clicked on

2018-12-06 12:35:07 - [MESSAGE][PASSED] - Object: 'Object Repository/TestUserLocation/addPlusIcon' is clicked on

2018-12-06 12:35:07 - [TEST_STEP][PASSED] - Thread.sleep(2000): null

2018-12-06 12:35:09 - [TEST_STEP][PASSED] - setText(findTestObject("TestUserLocation/setNewName"), findTestData("LocationData").getValue("SubSuppliersName1", 1)): Text 'SUBSUPPLIER1_ON_06/12/18-12:34' is set on object 'Object Repository/TestUserLocation/setNewName'

2018-12-06 12:35:09 - [MESSAGE][PASSED] - Text 'SUBSUPPLIER1_ON_06/12/18-12:34' is set on object 'Object Repository/TestUserLocation/setNewName'

2018-12-06 12:35:09 - [TEST_STEP][NOT_RUN] - setText(findTestObject("TestResource/setPhoneNumber"), "912378456"): NOT_RUN: setText(findTestObject("TestResource/setPhoneNumber"), "912378456")

2018-12-06 12:35:09 - [MESSAGE][NOT_RUN] - NOT_RUN: setText(findTestObject("TestResource/setPhoneNumber"), "912378456")

2018-12-06 12:35:09 - [TEST_STEP][PASSED] - Thread.sleep(2000): null

2018-12-06 12:35:11 - [TEST_STEP][PASSED] - click(findTestObject("TestResource/saveDetailButton")): Object: 'Object Repository/TestResource/saveDetailButton' is clicked on

2018-12-06 12:35:11 - [MESSAGE][PASSED] - Object: 'Object Repository/TestResource/saveDetailButton' is clicked on

2018-12-06 12:35:11 - [TEST_STEP][PASSED] - Thread.sleep(7000): null

2018-12-06 12:35:18 - [TEST_STEP][PASSED] - click(findTestObject("TestResource/disableResource")): Object: 'Object Repository/TestResource/disableResource' is clicked on

2018-12-06 12:35:18 - [MESSAGE][PASSED] - Object: 'Object Repository/TestResource/disableResource' is clicked on

2018-12-06 12:35:18 - [TEST_STEP][PASSED] - Thread.sleep(2000): null

2018-12-06 12:35:20 - [TEST_STEP][PASSED] - click(findTestObject("TestResource/button2Yes")): Object: 'Object Repository/TestResource/button2Yes' is clicked on

2018-12-06 12:35:20 - [MESSAGE][PASSED] - Object: 'Object Repository/TestResource/button2Yes' is clicked on

2018-12-06 12:35:20 - [TEST_STEP][PASSED] - Thread.sleep(2000): null

2018-12-06 12:35:22 - [TEST_STEP][PASSED] - click(findTestObject("TestResource/saveDetailButton")): Object: 'Object Repository/TestResource/saveDetailButton' is clicked on

2018-12-06 12:35:23 - [MESSAGE][PASSED] - Object: 'Object Repository/TestResource/saveDetailButton' is clicked on

2018-12-06 12:35:23 - [TEST_STEP][PASSED] - Thread.sleep(7000): null

2018-12-06 12:35:30 - [TEST_STEP][PASSED] - click(findTestObject("TestResource/linksTab")): Object: 'Object Repository/TestResource/linksTab' is clicked on

2018-12-06 12:35:30 - [MESSAGE][PASSED] - Object: 'Object Repository/TestResource/linksTab' is clicked on

2018-12-06 12:35:30 - [TEST_STEP][PASSED] - Thread.sleep(2000): null

2018-12-06 12:35:32 - [TEST_STEP][PASSED] - click(findTestObject("TestResource/addLink")): Object: 'Object Repository/TestResource/addLink' is clicked on

2018-12-06 12:35:32 - [MESSAGE][PASSED] - Object: 'Object Repository/TestResource/addLink' is clicked on

2018-12-06 12:35:32 - [TEST_STEP][PASSED] - Thread.sleep(5000): null

2018-12-06 12:35:37 - [TEST_STEP][PASSED] - check(findTestObject("TestResource/selectSecondResourceToLink")): Object 'Object Repository/TestResource/selectSecondResourceToLink' is checked

2018-12-06 12:35:37 - [MESSAGE][PASSED] - Object 'Object Repository/TestResource/selectSecondResourceToLink' is checked

2018-12-06 12:35:37 - [TEST_STEP][PASSED] - AdminTool_Location.resourceLinkName(): AdminTool_Location.resourceLinkName is PASSED

2018-12-06 12:35:37 - [MESSAGE][PASSED] - AdminTool_Location.resourceLinkName is PASSED

2018-12-06 12:35:37 - [TEST_STEP][PASSED] - Thread.sleep(2000): null

2018-12-06 12:35:39 - [TEST_STEP][PASSED] - click(findTestObject("TestResource/button2Save")): Object: 'Object Repository/TestResource/button2Save' is clicked on

2018-12-06 12:35:39 - [MESSAGE][PASSED] - Object: 'Object Repository/TestResource/button2Save' is clicked on

2018-12-06 12:35:39 - [TEST_STEP][PASSED] - Thread.sleep(4000): null

2018-12-06 12:35:43 - [TEST_STEP][PASSED] - click(findTestObject("TestResource/locationTab")): Object: 'Object Repository/TestResource/locationTab' is clicked on

2018-12-06 12:35:43 - [MESSAGE][PASSED] - Object: 'Object Repository/TestResource/locationTab' is clicked on

2018-12-06 12:35:43 - [TEST_STEP][PASSED] - Thread.sleep(5000): null

2018-12-06 12:35:48 - [TEST_STEP][PASSED] - AdminTool_Location.checkLocation(): AdminTool_Location.checkLocation is PASSED

2018-12-06 12:35:51 - [MESSAGE][PASSED] - AdminTool_Location.checkLocation is PASSED

2018-12-06 12:35:51 - [TEST_STEP][PASSED] - Thread.sleep(4000): null

2018-12-06 12:35:55 - [TEST_STEP][PASSED] - click(findTestObject("TestResource/saveLocation")): Object: 'Object Repository/TestResource/saveLocation' is clicked on

2018-12-06 12:35:55 - [MESSAGE][PASSED] - Object: 'Object Repository/TestResource/saveLocation' is clicked on

2018-12-06 12:35:55 - [TEST_STEP][PASSED] - click(findTestObject("TestUserLocation/mainmenu_button")): Object: 'Object Repository/TestUserLocation/mainmenu_button' is clicked on

2018-12-06 12:35:56 - [MESSAGE][PASSED] - Object: 'Object Repository/TestUserLocation/mainmenu_button' is clicked on

2018-12-06 12:35:56 - [TEST_STEP][PASSED] - click(findTestObject("TestResource/mainMenu_resources")): Object: 'Object Repository/TestResource/mainMenu_resources' is clicked on

2018-12-06 12:35:56 - [MESSAGE][PASSED] - Object: 'Object Repository/TestResource/mainMenu_resources' is clicked on

2018-12-06 12:35:56 - [TEST_STEP][PASSED] - Thread.sleep(4000): null

2018-12-06 12:36:00 - [TEST_STEP][PASSED] - click(findTestObject("TestResource/suppliers")): Object: 'Object Repository/TestResource/suppliers' is clicked on

2018-12-06 12:36:00 - [MESSAGE][PASSED] - Object: 'Object Repository/TestResource/suppliers' is clicked on

2018-12-06 12:36:00 - [TEST_STEP][PASSED] - Thread.sleep(4000): null

2018-12-06 12:36:04 - [TEST_STEP][PASSED] - AdminTool_Location.selectSupplier(): Element has been clicked

2018-12-06 12:36:08 - [MESSAGE][PASSED] - Element has been clicked

2018-12-06 12:36:08 - [TEST_STEP][PASSED] - Thread.sleep(4000): null

2018-12-06 12:36:12 - [TEST_STEP][PASSED] - click(findTestObject("TestUserLocation/addPlusIcon")): Object: 'Object Repository/TestUserLocation/addPlusIcon' is clicked on

2018-12-06 12:36:13 - [MESSAGE][PASSED] - Object: 'Object Repository/TestUserLocation/addPlusIcon' is clicked on

2018-12-06 12:36:13 - [TEST_STEP][PASSED] - Thread.sleep(2000): null

2018-12-06 12:36:15 - [TEST_STEP][PASSED] - setText(findTestObject("TestUserLocation/setNewName"), findTestData("LocationData").getValue("SubSuppliersName2", 1)): Text 'SUBSUPPLIER2_ON_06/12/18-12:34' is set on object 'Object Repository/TestUserLocation/setNewName'

2018-12-06 12:36:15 - [MESSAGE][PASSED] - Text 'SUBSUPPLIER2_ON_06/12/18-12:34' is set on object 'Object Repository/TestUserLocation/setNewName'

2018-12-06 12:36:15 - [TEST_STEP][NOT_RUN] - setText(findTestObject("TestResource/setPhoneNumber"), "912378456"): NOT_RUN: setText(findTestObject("TestResource/setPhoneNumber"), "912378456")

2018-12-06 12:36:15 - [MESSAGE][NOT_RUN] - NOT_RUN: setText(findTestObject("TestResource/setPhoneNumber"), "912378456")

2018-12-06 12:36:15 - [TEST_STEP][PASSED] - Thread.sleep(2000): null

2018-12-06 12:36:17 - [TEST_STEP][PASSED] - click(findTestObject("TestResource/saveDetailButton")): Object: 'Object Repository/TestResource/saveDetailButton' is clicked on

2018-12-06 12:36:17 - [MESSAGE][PASSED] - Object: 'Object Repository/TestResource/saveDetailButton' is clicked on

2018-12-06 12:36:17 - [TEST_STEP][PASSED] - Thread.sleep(7000): null

2018-12-06 12:36:24 - [TEST_STEP][PASSED] - click(findTestObject("TestResource/linksTab")): Object: 'Object Repository/TestResource/linksTab' is clicked on

2018-12-06 12:36:25 - [MESSAGE][PASSED] - Object: 'Object Repository/TestResource/linksTab' is clicked on

2018-12-06 12:36:25 - [TEST_STEP][PASSED] - Thread.sleep(2000): null

2018-12-06 12:36:27 - [TEST_STEP][PASSED] - click(findTestObject("TestResource/addLink")): Object: 'Object Repository/TestResource/addLink' is clicked on

2018-12-06 12:36:27 - [MESSAGE][PASSED] - Object: 'Object Repository/TestResource/addLink' is clicked on

2018-12-06 12:36:27 - [TEST_STEP][PASSED] - Thread.sleep(5000): null

2018-12-06 12:36:32 - [TEST_STEP][PASSED] - check(findTestObject("TestResource/selectSecondResourceToLink")): Object 'Object Repository/TestResource/selectSecondResourceToLink' is checked

2018-12-06 12:36:32 - [MESSAGE][PASSED] - Object 'Object Repository/TestResource/selectSecondResourceToLink' is checked

2018-12-06 12:36:32 - [TEST_STEP][PASSED] - AdminTool_Location.resourceLinkName(): AdminTool_Location.resourceLinkName is PASSED

2018-12-06 12:36:32 - [MESSAGE][PASSED] - AdminTool_Location.resourceLinkName is PASSED

2018-12-06 12:36:32 - [TEST_STEP][PASSED] - Thread.sleep(2000): null

2018-12-06 12:36:34 - [TEST_STEP][PASSED] - click(findTestObject("TestResource/button2Save")): Object: 'Object Repository/TestResource/button2Save' is clicked on

2018-12-06 12:36:34 - [MESSAGE][PASSED] - Object: 'Object Repository/TestResource/button2Save' is clicked on

2018-12-06 12:36:34 - [TEST_STEP][PASSED] - Thread.sleep(4000): null

2018-12-06 12:36:38 - [TEST_STEP][PASSED] - click(findTestObject("TestResource/locationTab")): Object: 'Object Repository/TestResource/locationTab' is clicked on

2018-12-06 12:36:38 - [MESSAGE][PASSED] - Object: 'Object Repository/TestResource/locationTab' is clicked on

2018-12-06 12:36:38 - [TEST_STEP][PASSED] - Thread.sleep(5000): null

2018-12-06 12:36:43 - [TEST_STEP][PASSED] - AdminTool_Location.checkLocation(): AdminTool_Location.checkLocation is PASSED

2018-12-06 12:36:45 - [MESSAGE][PASSED] - AdminTool_Location.checkLocation is PASSED

2018-12-06 12:36:45 - [TEST_STEP][PASSED] - Thread.sleep(4000): null

2018-12-06 12:36:49 - [TEST_STEP][PASSED] - click(findTestObject("TestResource/saveLocation")): Object: 'Object Repository/TestResource/saveLocation' is clicked on

2018-12-06 12:36:50 - [MESSAGE][PASSED] - Object: 'Object Repository/TestResource/saveLocation' is clicked on]]></system-out>
         <system-err><![CDATA[]]></system-err>
      </testcase>
      <testcase name="Test Cases/CheckResoucesAsPerLocation/validateResource" classname="Test Cases/CheckResoucesAsPerLocation/validateResource" status="PASSED">
         <system-out><![CDATA[2018-12-06 12:36:50 - [TEST_CASE][PASSED] - Test Cases/CheckResoucesAsPerLocation/validateResource: Test Cases/CheckResoucesAsPerLocation/validateResource

2018-12-06 12:36:50 - [TEST_STEP][NOT_RUN] - openBrowser(URL): NOT_RUN: openBrowser(URL)

2018-12-06 12:36:50 - [MESSAGE][NOT_RUN] - NOT_RUN: openBrowser(URL)

2018-12-06 12:36:50 - [TEST_STEP][NOT_RUN] - maximizeWindow(): NOT_RUN: maximizeWindow()

2018-12-06 12:36:50 - [MESSAGE][NOT_RUN] - NOT_RUN: maximizeWindow()

2018-12-06 12:36:50 - [TEST_STEP][NOT_RUN] - setText(findTestObject("Form_Selection_Creation/login_Username"), UserName): NOT_RUN: setText(findTestObject("Form_Selection_Creation/login_Username"), UserName)

2018-12-06 12:36:50 - [MESSAGE][NOT_RUN] - NOT_RUN: setText(findTestObject("Form_Selection_Creation/login_Username"), UserName)

2018-12-06 12:36:50 - [TEST_STEP][NOT_RUN] - setText(findTestObject("Form_Selection_Creation/login_Password"), Password): NOT_RUN: setText(findTestObject("Form_Selection_Creation/login_Password"), Password)

2018-12-06 12:36:50 - [MESSAGE][NOT_RUN] - NOT_RUN: setText(findTestObject("Form_Selection_Creation/login_Password"), Password)

2018-12-06 12:36:50 - [TEST_STEP][PASSED] - Thread.sleep(4000): null

2018-12-06 12:36:54 - [TEST_STEP][PASSED] - FormName.setData(): FormName.setData is PASSED

2018-12-06 12:36:54 - [MESSAGE][PASSED] - FormName.setData is PASSED

2018-12-06 12:36:54 - [TEST_STEP][NOT_RUN] - click(findTestObject("Form_Selection_Creation/login_Button")): NOT_RUN: click(findTestObject("Form_Selection_Creation/login_Button"))

2018-12-06 12:36:54 - [MESSAGE][NOT_RUN] - NOT_RUN: click(findTestObject("Form_Selection_Creation/login_Button"))

2018-12-06 12:36:54 - [TEST_STEP][PASSED] - click(findTestObject("Form_Selection_Creation/mainMenu_Button")): Object: 'Object Repository/Form_Selection_Creation/mainMenu_Button' is clicked on

2018-12-06 12:36:54 - [MESSAGE][PASSED] - Object: 'Object Repository/Form_Selection_Creation/mainMenu_Button' is clicked on

2018-12-06 12:36:54 - [TEST_STEP][NOT_RUN] - click(findTestObject("Form_Selection_Creation/mainMenu_AdminTools")): NOT_RUN: click(findTestObject("Form_Selection_Creation/mainMenu_AdminTools"))

2018-12-06 12:36:54 - [MESSAGE][NOT_RUN] - NOT_RUN: click(findTestObject("Form_Selection_Creation/mainMenu_AdminTools"))

2018-12-06 12:36:54 - [TEST_STEP][PASSED] - click(findTestObject("Form_Selection_Creation/mainMenu_AdminTools_FormDesigner")): Object: 'Object Repository/Form_Selection_Creation/mainMenu_AdminTools_FormDesigner' is clicked on

2018-12-06 12:36:54 - [MESSAGE][PASSED] - Object: 'Object Repository/Form_Selection_Creation/mainMenu_AdminTools_FormDesigner' is clicked on

2018-12-06 12:36:54 - [TEST_STEP][PASSED] - click(findTestObject("Form_Selection_Creation/selectCheckForm")): Object: 'Object Repository/Form_Selection_Creation/selectCheckForm' is clicked on

2018-12-06 12:36:54 - [MESSAGE][PASSED] - Object: 'Object Repository/Form_Selection_Creation/selectCheckForm' is clicked on

2018-12-06 12:36:54 - [TEST_STEP][PASSED] - Thread.sleep(5000): null

2018-12-06 12:36:59 - [TEST_STEP][PASSED] - AdminTool_Location.selectResType(): AdminTool_Location.selectResType is PASSED

2018-12-06 12:37:07 - [MESSAGE][PASSED] - AdminTool_Location.selectResType is PASSED

2018-12-06 12:37:07 - [TEST_STEP][PASSED] - AdminTool_Location.dragDropRes(): Element has been clicked

2018-12-06 12:37:12 - [MESSAGE][PASSED] - Element has been clicked

2018-12-06 12:37:12 - [TEST_STEP][PASSED] - Thread.sleep(3000): null

2018-12-06 12:37:15 - [TEST_STEP][NOT_RUN] - dragAndDropToObject(findTestObject("null"), findTestObject("Form_Selection_Creation/Target_Res_Object")): NOT_RUN: dragAndDropToObject(findTestObject("null"), findTestObject("Form_Selection_Creation/Target_Res_Object"))

2018-12-06 12:37:15 - [MESSAGE][NOT_RUN] - NOT_RUN: dragAndDropToObject(findTestObject("null"), findTestObject("Form_Selection_Creation/Target_Res_Object"))

2018-12-06 12:37:15 - [TEST_STEP][PASSED] - AdminTool_Location.validate(): AdminTool_Location.validate is PASSED

2018-12-06 12:37:15 - [MESSAGE][PASSED] - AdminTool_Location.validate is PASSED

2018-12-06 12:37:15 - [TEST_STEP][PASSED] - s = getText(findTestObject("TestResource/testText")): Text of object 'Object Repository/TestResource/testText' is: 'Suppliers > SUPPLIER_ON_06/12/18-12:34 > SUBSUPPLIER2_ON_06/12/18-12:34'

2018-12-06 12:37:15 - [MESSAGE][PASSED] - Text of object 'Object Repository/TestResource/testText' is: 'Suppliers > SUPPLIER_ON_06/12/18-12:34 > SUBSUPPLIER2_ON_06/12/18-12:34'

2018-12-06 12:37:15 - [TEST_STEP][PASSED] - println(s): null]]></system-out>
         <system-err><![CDATA[]]></system-err>
      </testcase>
      <system-out><![CDATA[2018-12-06 12:22:06 - [TEST_SUITE][PASSED] - CheckAllResources: Test Cases/CheckResoucesAsPerLocation/validateResource]]></system-out>
      <system-err><![CDATA[]]></system-err>
   </testsuite>
</testsuites>
