<?xml version="1.0" encoding="UTF-8"?>
<testsuites name="MyTest" time="820" tests="10" failures="0" errors="0">
   <testsuite name="MyTest" tests="10" failures="0" errors="0" time="820" timestamp="2018-12-11 14:45:57" hostname="pashine_a - Abhishek-Pashine.India.XoriantCorp.com" id="Test Suites/MyTest">
      <properties>
         <property name="deviceName" value=""/>
         <property name="devicePlatform" value=""/>
         <property name="logFolder" value="D:\\Git Data\\SafetyChain-Test-Automation-Katalon\\Reports\\MyTest\\20181211_144554"/>
         <property name="logFiles" value="D:\\Git Data\\SafetyChain-Test-Automation-Katalon\\Reports\\MyTest\\20181211_144554\\execution0.log"/>
         <property name="attachments" value=""/>
         <property name="hostName" value="pashine_a - Abhishek-Pashine.India.XoriantCorp.com"/>
         <property name="os" value="Windows 7 64bit"/>
         <property name="katalonVersion" value="5.9.1.2"/>
         <property name="browser" value="Chrome 71.0.3578.80"/>
         <property name="hostAddress" value="10.21.7.147"/>
         <property name="sessionId" value="0a6527d572de987ce260901dc7bee87f"/>
         <property name="seleniumVersion" value="3.7.1"/>
         <property name="proxyInformation" value="ProxyInformation{proxyOption=NO_PROXY, proxyServerType=HTTP, password=, proxyServerAddress=, proxyServerPort=0}"/>
         <property name="platform" value="Windows 7"/>
      </properties>
      <testcase name="Test Cases/Forms/AuditForm/1_CreateForm" classname="Test Cases/Forms/AuditForm/1_CreateForm" status="PASSED">
         <system-out><![CDATA[2018-12-11 14:45:57 - [TEST_CASE][PASSED] - Test Cases/Forms/AuditForm/1_CreateForm: Test Cases/Forms/AuditForm/1_CreateForm

2018-12-11 14:45:58 - [TEST_STEP][PASSED] - openBrowser(URL): Browser is opened with url: 'https://test1.safetychain.com'

2018-12-11 14:45:58 - [MESSAGE][INFO] - Starting 'Chrome' driver

2018-12-11 14:45:58 - [MESSAGE][INFO] - Action delay is set to 0 seconds

2018-12-11 14:46:23 - [MESSAGE][PASSED] - Browser is opened with url: 'https://test1.safetychain.com'

2018-12-11 14:46:23 - [TEST_STEP][PASSED] - maximizeWindow(): Current window maximized

2018-12-11 14:46:24 - [MESSAGE][PASSED] - Current window maximized

2018-12-11 14:46:24 - [TEST_STEP][PASSED] - setText(findTestObject("Form_Selection_Creation/login_Username"), UserName): Text 'Superadmin' is set on object 'Object Repository/Form_Selection_Creation/login_Username'

2018-12-11 14:46:28 - [MESSAGE][PASSED] - Text 'Superadmin' is set on object 'Object Repository/Form_Selection_Creation/login_Username'

2018-12-11 14:46:28 - [TEST_STEP][PASSED] - setText(findTestObject("Form_Selection_Creation/login_Password"), Password): Text 'latetest13772boot' is set on object 'Object Repository/Form_Selection_Creation/login_Password'

2018-12-11 14:46:28 - [MESSAGE][PASSED] - Text 'latetest13772boot' is set on object 'Object Repository/Form_Selection_Creation/login_Password'

2018-12-11 14:46:28 - [TEST_STEP][PASSED] - FormName.setData(): FormName.setData is PASSED

2018-12-11 14:46:29 - [MESSAGE][PASSED] - FormName.setData is PASSED

2018-12-11 14:46:29 - [TEST_STEP][PASSED] - click(findTestObject("Form_Selection_Creation/login_Button")): Object: 'Object Repository/Form_Selection_Creation/login_Button' is clicked on

2018-12-11 14:46:31 - [MESSAGE][PASSED] - Object: 'Object Repository/Form_Selection_Creation/login_Button' is clicked on

2018-12-11 14:46:31 - [TEST_STEP][PASSED] - Thread.sleep(3000): null

2018-12-11 14:46:34 - [TEST_STEP][PASSED] - click(findTestObject("Form_Selection_Creation/mainMenu_Button")): Object: 'Object Repository/Form_Selection_Creation/mainMenu_Button' is clicked on

2018-12-11 14:46:37 - [MESSAGE][PASSED] - Object: 'Object Repository/Form_Selection_Creation/mainMenu_Button' is clicked on

2018-12-11 14:46:37 - [TEST_STEP][PASSED] - click(findTestObject("Form_Selection_Creation/mainMenu_AdminTools")): Object: 'Object Repository/Form_Selection_Creation/mainMenu_AdminTools' is clicked on

2018-12-11 14:46:37 - [MESSAGE][PASSED] - Object: 'Object Repository/Form_Selection_Creation/mainMenu_AdminTools' is clicked on

2018-12-11 14:46:37 - [TEST_STEP][PASSED] - click(findTestObject("Form_Selection_Creation/mainMenu_AdminTools_FormDesigner")): Object: 'Object Repository/Form_Selection_Creation/mainMenu_AdminTools_FormDesigner' is clicked on

2018-12-11 14:46:37 - [MESSAGE][PASSED] - Object: 'Object Repository/Form_Selection_Creation/mainMenu_AdminTools_FormDesigner' is clicked on

2018-12-11 14:46:37 - [TEST_STEP][PASSED] - Thread.sleep(2000): null

2018-12-11 14:46:39 - [TEST_STEP][PASSED] - click(findTestObject("Form_Selection_Creation/selectAuditForm")): Object: 'Object Repository/Form_Selection_Creation/selectAuditForm' is clicked on

2018-12-11 14:46:39 - [MESSAGE][PASSED] - Object: 'Object Repository/Form_Selection_Creation/selectAuditForm' is clicked on

2018-12-11 14:46:39 - [TEST_STEP][PASSED] - Thread.sleep(3000): null

2018-12-11 14:46:42 - [TEST_STEP][PASSED] - dragAndDropToObject(findTestObject("Form_Selection_Creation/formDesign_selectResource"), findTestObject("Form_Selection_Creation/Target_Res_Object")): Dragged object with id 'Object Repository/Form_Selection_Creation/formDesign_selectResource' to object with id 'TestObject - 'Object Repository/Form_Selection_Creation/Target_Res_Object'' successfully

2018-12-11 14:46:43 - [MESSAGE][PASSED] - Dragged object with id 'Object Repository/Form_Selection_Creation/formDesign_selectResource' to object with id 'TestObject - 'Object Repository/Form_Selection_Creation/Target_Res_Object'' successfully

2018-12-11 14:46:43 - [TEST_STEP][PASSED] - Thread.sleep(6000): null

2018-12-11 14:46:49 - [TEST_STEP][PASSED] - click(findTestObject("Form_Selection_Creation/formCreation_NextToDesignForm")): Object: 'Object Repository/Form_Selection_Creation/formCreation_NextToDesignForm' is clicked on

2018-12-11 14:46:49 - [MESSAGE][PASSED] - Object: 'Object Repository/Form_Selection_Creation/formCreation_NextToDesignForm' is clicked on

2018-12-11 14:46:49 - [TEST_STEP][PASSED] - Thread.sleep(4000): null

2018-12-11 14:46:53 - [TEST_STEP][PASSED] - FormName.createForm(findTestObject("Form_Selection_Creation/formDesign_FormName")): FormName.createForm is PASSED

2018-12-11 14:46:53 - [MESSAGE][PASSED] - FormName.createForm is PASSED

2018-12-11 14:46:53 - [TEST_STEP][PASSED] - Thread.sleep(2000): null

2018-12-11 14:46:55 - [TEST_STEP][PASSED] - dragAndDropToObject(findTestObject("Form_Selection_Creation/formDesign_SelectSection"), findTestObject("Form_Selection_Creation/default_area")): Dragged object with id 'Object Repository/Form_Selection_Creation/formDesign_SelectSection' to object with id 'TestObject - 'Object Repository/Form_Selection_Creation/default_area'' successfully

2018-12-11 14:46:56 - [MESSAGE][PASSED] - Dragged object with id 'Object Repository/Form_Selection_Creation/formDesign_SelectSection' to object with id 'TestObject - 'Object Repository/Form_Selection_Creation/default_area'' successfully

2018-12-11 14:46:56 - [TEST_STEP][PASSED] - setText(findTestObject("Form_Selection_Creation/formDesign_SectionName"), "This is a Section"): Text 'This is a Section' is set on object 'Object Repository/Form_Selection_Creation/formDesign_SectionName'

2018-12-11 14:46:57 - [MESSAGE][PASSED] - Text 'This is a Section' is set on object 'Object Repository/Form_Selection_Creation/formDesign_SectionName'

2018-12-11 14:46:57 - [TEST_STEP][PASSED] - Thread.sleep(2000): null

2018-12-11 14:46:59 - [TEST_STEP][PASSED] - dragAndDropToObject(findTestObject("Form_Selection_Creation/formDesign_SelectFieldgroup"), findTestObject("Form_Selection_Creation/section_area")): Dragged object with id 'Object Repository/Form_Selection_Creation/formDesign_SelectFieldgroup' to object with id 'TestObject - 'Object Repository/Form_Selection_Creation/section_area'' successfully

2018-12-11 14:46:59 - [MESSAGE][PASSED] - Dragged object with id 'Object Repository/Form_Selection_Creation/formDesign_SelectFieldgroup' to object with id 'TestObject - 'Object Repository/Form_Selection_Creation/section_area'' successfully

2018-12-11 14:46:59 - [TEST_STEP][PASSED] - setText(findTestObject("Form_Selection_Creation/formDesign_questionGroupName_Text"), "This is Field Group"): Text 'This is Field Group' is set on object 'Object Repository/Form_Selection_Creation/formDesign_questionGroupName_Text'

2018-12-11 14:47:00 - [MESSAGE][PASSED] - Text 'This is Field Group' is set on object 'Object Repository/Form_Selection_Creation/formDesign_questionGroupName_Text'

2018-12-11 14:47:00 - [TEST_STEP][PASSED] - Thread.sleep(2000): null

2018-12-11 14:47:02 - [TEST_STEP][PASSED] - dragAndDropToObject(findTestObject("Form_Selection_Creation/formDesign_SelectFree Text"), findTestObject("Form_Selection_Creation/questionGroupArea")): Dragged object with id 'Object Repository/Form_Selection_Creation/formDesign_SelectFree Text' to object with id 'TestObject - 'Object Repository/Form_Selection_Creation/questionGroupArea'' successfully

2018-12-11 14:47:02 - [MESSAGE][PASSED] - Dragged object with id 'Object Repository/Form_Selection_Creation/formDesign_SelectFree Text' to object with id 'TestObject - 'Object Repository/Form_Selection_Creation/questionGroupArea'' successfully

2018-12-11 14:47:02 - [TEST_STEP][PASSED] - setText(findTestObject("Form_Selection_Creation/formDesign_SingleLineName"), "This is Free Text"): Text 'This is Free Text' is set on object 'Object Repository/Form_Selection_Creation/formDesign_SingleLineName'

2018-12-11 14:47:03 - [MESSAGE][PASSED] - Text 'This is Free Text' is set on object 'Object Repository/Form_Selection_Creation/formDesign_SingleLineName'

2018-12-11 14:47:03 - [TEST_STEP][PASSED] - Thread.sleep(2000): null

2018-12-11 14:47:05 - [TEST_STEP][PASSED] - dragAndDropToObject(findTestObject("Form_Selection_Creation/formDesign_SelectParagraphText"), findTestObject("Form_Selection_Creation/questionGroupArea")): Dragged object with id 'Object Repository/Form_Selection_Creation/formDesign_SelectParagraphText' to object with id 'TestObject - 'Object Repository/Form_Selection_Creation/questionGroupArea'' successfully

2018-12-11 14:47:06 - [MESSAGE][PASSED] - Dragged object with id 'Object Repository/Form_Selection_Creation/formDesign_SelectParagraphText' to object with id 'TestObject - 'Object Repository/Form_Selection_Creation/questionGroupArea'' successfully

2018-12-11 14:47:06 - [TEST_STEP][PASSED] - setText(findTestObject("Form_Selection_Creation/formDesign_ParagraphName"), "This is Paragraph"): Text 'This is Paragraph' is set on object 'Object Repository/Form_Selection_Creation/formDesign_ParagraphName'

2018-12-11 14:47:06 - [MESSAGE][PASSED] - Text 'This is Paragraph' is set on object 'Object Repository/Form_Selection_Creation/formDesign_ParagraphName'

2018-12-11 14:47:06 - [TEST_STEP][PASSED] - Thread.sleep(2000): null

2018-12-11 14:47:08 - [TEST_STEP][PASSED] - dragAndDropToObject(findTestObject("Form_Selection_Creation/formDesign_Select_SelectOne"), findTestObject("Form_Selection_Creation/questionGroupArea")): Dragged object with id 'Object Repository/Form_Selection_Creation/formDesign_Select_SelectOne' to object with id 'TestObject - 'Object Repository/Form_Selection_Creation/questionGroupArea'' successfully

2018-12-11 14:47:09 - [MESSAGE][PASSED] - Dragged object with id 'Object Repository/Form_Selection_Creation/formDesign_Select_SelectOne' to object with id 'TestObject - 'Object Repository/Form_Selection_Creation/questionGroupArea'' successfully

2018-12-11 14:47:09 - [TEST_STEP][PASSED] - setText(findTestObject("Form_Selection_Creation/formDesign_Select_OneName"), "This is Select One"): Text 'This is Select One' is set on object 'Object Repository/Form_Selection_Creation/formDesign_Select_OneName'

2018-12-11 14:47:09 - [MESSAGE][PASSED] - Text 'This is Select One' is set on object 'Object Repository/Form_Selection_Creation/formDesign_Select_OneName'

2018-12-11 14:47:09 - [TEST_STEP][PASSED] - Thread.sleep(2000): null

2018-12-11 14:47:11 - [TEST_STEP][PASSED] - click(findTestObject("Form_Selection_Creation/button_AddNew1")): Object: 'Object Repository/Form_Selection_Creation/button_AddNew1' is clicked on

2018-12-11 14:47:11 - [MESSAGE][PASSED] - Object: 'Object Repository/Form_Selection_Creation/button_AddNew1' is clicked on

2018-12-11 14:47:11 - [TEST_STEP][PASSED] - setText(findTestObject("Form_Selection_Creation/add1singleValue1"), "Single Option1"): Text 'Single Option1' is set on object 'Object Repository/Form_Selection_Creation/add1singleValue1'

2018-12-11 14:47:12 - [MESSAGE][PASSED] - Text 'Single Option1' is set on object 'Object Repository/Form_Selection_Creation/add1singleValue1'

2018-12-11 14:47:12 - [TEST_STEP][PASSED] - Thread.sleep(3000): null

2018-12-11 14:47:15 - [TEST_STEP][PASSED] - click(findTestObject("Form_Selection_Creation/button_AddNew1")): Object: 'Object Repository/Form_Selection_Creation/button_AddNew1' is clicked on

2018-12-11 14:47:15 - [MESSAGE][PASSED] - Object: 'Object Repository/Form_Selection_Creation/button_AddNew1' is clicked on

2018-12-11 14:47:15 - [TEST_STEP][PASSED] - setText(findTestObject("Form_Selection_Creation/add1singleValue2"), "Single Option2"): Text 'Single Option2' is set on object 'Object Repository/Form_Selection_Creation/add1singleValue2'

2018-12-11 14:47:15 - [MESSAGE][PASSED] - Text 'Single Option2' is set on object 'Object Repository/Form_Selection_Creation/add1singleValue2'

2018-12-11 14:47:15 - [TEST_STEP][PASSED] - Thread.sleep(2000): null

2018-12-11 14:47:17 - [TEST_STEP][PASSED] - dragAndDropToObject(findTestObject("Form_Selection_Creation/formDesign_Select_SelectMultiple"), findTestObject("Form_Selection_Creation/questionGroupArea")): Dragged object with id 'Object Repository/Form_Selection_Creation/formDesign_Select_SelectMultiple' to object with id 'TestObject - 'Object Repository/Form_Selection_Creation/questionGroupArea'' successfully

2018-12-11 14:47:18 - [MESSAGE][PASSED] - Dragged object with id 'Object Repository/Form_Selection_Creation/formDesign_Select_SelectMultiple' to object with id 'TestObject - 'Object Repository/Form_Selection_Creation/questionGroupArea'' successfully

2018-12-11 14:47:18 - [TEST_STEP][PASSED] - setText(findTestObject("Form_Selection_Creation/formDesign_Select_MultipleName"), "This is Select Multiple"): Text 'This is Select Multiple' is set on object 'Object Repository/Form_Selection_Creation/formDesign_Select_MultipleName'

2018-12-11 14:47:18 - [MESSAGE][PASSED] - Text 'This is Select Multiple' is set on object 'Object Repository/Form_Selection_Creation/formDesign_Select_MultipleName'

2018-12-11 14:47:18 - [TEST_STEP][PASSED] - Thread.sleep(3000): null

2018-12-11 14:47:21 - [TEST_STEP][PASSED] - click(findTestObject("Form_Selection_Creation/button_addNewMul1")): Object: 'Object Repository/Form_Selection_Creation/button_addNewMul1' is clicked on

2018-12-11 14:47:21 - [MESSAGE][PASSED] - Object: 'Object Repository/Form_Selection_Creation/button_addNewMul1' is clicked on

2018-12-11 14:47:21 - [TEST_STEP][PASSED] - setText(findTestObject("Form_Selection_Creation/add1MultipleValue1"), "Multiple Option1"): Text 'Multiple Option1' is set on object 'Object Repository/Form_Selection_Creation/add1MultipleValue1'

2018-12-11 14:47:22 - [MESSAGE][PASSED] - Text 'Multiple Option1' is set on object 'Object Repository/Form_Selection_Creation/add1MultipleValue1'

2018-12-11 14:47:22 - [TEST_STEP][PASSED] - Thread.sleep(2000): null

2018-12-11 14:47:24 - [TEST_STEP][PASSED] - click(findTestObject("Form_Selection_Creation/button_addNewMul1")): Object: 'Object Repository/Form_Selection_Creation/button_addNewMul1' is clicked on

2018-12-11 14:47:24 - [MESSAGE][PASSED] - Object: 'Object Repository/Form_Selection_Creation/button_addNewMul1' is clicked on

2018-12-11 14:47:24 - [TEST_STEP][PASSED] - setText(findTestObject("Form_Selection_Creation/add1MultipleValue2"), "Multiple Option2"): Text 'Multiple Option2' is set on object 'Object Repository/Form_Selection_Creation/add1MultipleValue2'

2018-12-11 14:47:24 - [MESSAGE][PASSED] - Text 'Multiple Option2' is set on object 'Object Repository/Form_Selection_Creation/add1MultipleValue2'

2018-12-11 14:47:24 - [TEST_STEP][PASSED] - Thread.sleep(2000): null

2018-12-11 14:47:26 - [TEST_STEP][PASSED] - dragAndDropToObject(findTestObject("Form_Selection_Creation/formDesign_SelectNumeric"), findTestObject("Form_Selection_Creation/questionGroupArea")): Dragged object with id 'Object Repository/Form_Selection_Creation/formDesign_SelectNumeric' to object with id 'TestObject - 'Object Repository/Form_Selection_Creation/questionGroupArea'' successfully

2018-12-11 14:47:27 - [MESSAGE][PASSED] - Dragged object with id 'Object Repository/Form_Selection_Creation/formDesign_SelectNumeric' to object with id 'TestObject - 'Object Repository/Form_Selection_Creation/questionGroupArea'' successfully

2018-12-11 14:47:27 - [TEST_STEP][PASSED] - setText(findTestObject("Form_Selection_Creation/formDesignt_NumericName"), "This is Numeric Field"): Text 'This is Numeric Field' is set on object 'Object Repository/Form_Selection_Creation/formDesignt_NumericName'

2018-12-11 14:47:27 - [MESSAGE][PASSED] - Text 'This is Numeric Field' is set on object 'Object Repository/Form_Selection_Creation/formDesignt_NumericName'

2018-12-11 14:47:27 - [TEST_STEP][PASSED] - Thread.sleep(2000): null

2018-12-11 14:47:29 - [TEST_STEP][PASSED] - dragAndDropToObject(findTestObject("Form_Selection_Creation/formDesign_SelectDate"), findTestObject("Form_Selection_Creation/questionGroupArea")): Dragged object with id 'Object Repository/Form_Selection_Creation/formDesign_SelectDate' to object with id 'TestObject - 'Object Repository/Form_Selection_Creation/questionGroupArea'' successfully

2018-12-11 14:47:30 - [MESSAGE][PASSED] - Dragged object with id 'Object Repository/Form_Selection_Creation/formDesign_SelectDate' to object with id 'TestObject - 'Object Repository/Form_Selection_Creation/questionGroupArea'' successfully

2018-12-11 14:47:30 - [TEST_STEP][PASSED] - setText(findTestObject("Form_Selection_Creation/formDesign_DateName"), "This is Date"): Text 'This is Date' is set on object 'Object Repository/Form_Selection_Creation/formDesign_DateName'

2018-12-11 14:47:31 - [MESSAGE][PASSED] - Text 'This is Date' is set on object 'Object Repository/Form_Selection_Creation/formDesign_DateName'

2018-12-11 14:47:31 - [TEST_STEP][PASSED] - Thread.sleep(2000): null

2018-12-11 14:47:33 - [TEST_STEP][PASSED] - dragAndDropToObject(findTestObject("Form_Selection_Creation/formDesign_SelectTime"), findTestObject("Form_Selection_Creation/questionGroupArea")): Dragged object with id 'Object Repository/Form_Selection_Creation/formDesign_SelectTime' to object with id 'TestObject - 'Object Repository/Form_Selection_Creation/questionGroupArea'' successfully

2018-12-11 14:47:33 - [MESSAGE][PASSED] - Dragged object with id 'Object Repository/Form_Selection_Creation/formDesign_SelectTime' to object with id 'TestObject - 'Object Repository/Form_Selection_Creation/questionGroupArea'' successfully

2018-12-11 14:47:33 - [TEST_STEP][PASSED] - setText(findTestObject("Form_Selection_Creation/formDesign_TimeName"), "This is Time"): Text 'This is Time' is set on object 'Object Repository/Form_Selection_Creation/formDesign_TimeName'

2018-12-11 14:47:34 - [MESSAGE][PASSED] - Text 'This is Time' is set on object 'Object Repository/Form_Selection_Creation/formDesign_TimeName'

2018-12-11 14:47:34 - [TEST_STEP][PASSED] - Thread.sleep(2000): null

2018-12-11 14:47:36 - [TEST_STEP][PASSED] - dragAndDropToObject(findTestObject("Form_Selection_Creation/formDesign_SelectDateTime"), findTestObject("Form_Selection_Creation/questionGroupArea")): Dragged object with id 'Object Repository/Form_Selection_Creation/formDesign_SelectDateTime' to object with id 'TestObject - 'Object Repository/Form_Selection_Creation/questionGroupArea'' successfully

2018-12-11 14:47:37 - [MESSAGE][PASSED] - Dragged object with id 'Object Repository/Form_Selection_Creation/formDesign_SelectDateTime' to object with id 'TestObject - 'Object Repository/Form_Selection_Creation/questionGroupArea'' successfully

2018-12-11 14:47:37 - [TEST_STEP][PASSED] - setText(findTestObject("Form_Selection_Creation/formDesign_DateTimeName"), "This is Date-Time"): Text 'This is Date-Time' is set on object 'Object Repository/Form_Selection_Creation/formDesign_DateTimeName'

2018-12-11 14:47:37 - [MESSAGE][PASSED] - Text 'This is Date-Time' is set on object 'Object Repository/Form_Selection_Creation/formDesign_DateTimeName'

2018-12-11 14:47:37 - [TEST_STEP][PASSED] - Thread.sleep(2000): null

2018-12-11 14:47:39 - [TEST_STEP][PASSED] - click(findTestObject("Form_Selection_Creation/formCreation_NextToDesignForm")): Object: 'Object Repository/Form_Selection_Creation/formCreation_NextToDesignForm' is clicked on

2018-12-11 14:47:39 - [MESSAGE][PASSED] - Object: 'Object Repository/Form_Selection_Creation/formCreation_NextToDesignForm' is clicked on

2018-12-11 14:47:39 - [TEST_STEP][PASSED] - Thread.sleep(7000): null

2018-12-11 14:47:46 - [TEST_STEP][PASSED] - click(findTestObject("Form_Selection_Creation/div_Preview             Form1")): Object: 'Object Repository/Form_Selection_Creation/div_Preview             Form1' is clicked on

2018-12-11 14:47:46 - [MESSAGE][PASSED] - Object: 'Object Repository/Form_Selection_Creation/div_Preview             Form1' is clicked on

2018-12-11 14:47:46 - [TEST_STEP][PASSED] - Thread.sleep(5000): null

2018-12-11 14:47:51 - [TEST_STEP][PASSED] - click(findTestObject("Form_Selection_Creation/button_Release")): Object: 'Object Repository/Form_Selection_Creation/button_Release' is clicked on

2018-12-11 14:47:51 - [MESSAGE][PASSED] - Object: 'Object Repository/Form_Selection_Creation/button_Release' is clicked on

2018-12-11 14:47:51 - [TEST_STEP][PASSED] - Thread.sleep(4000): null]]></system-out>
         <system-err><![CDATA[]]></system-err>
      </testcase>
      <testcase name="Test Cases/Forms/AuditForm/2_FormSubmission" classname="Test Cases/Forms/AuditForm/2_FormSubmission" status="PASSED">
         <system-out><![CDATA[2018-12-11 14:47:55 - [TEST_CASE][PASSED] - Test Cases/Forms/AuditForm/2_FormSubmission: Test Cases/Forms/AuditForm/2_FormSubmission

2018-12-11 14:47:56 - [TEST_STEP][PASSED] - openBrowser(URL): Browser is opened with url: 'https://test1.safetychain.com'

2018-12-11 14:47:56 - [MESSAGE][WARNING] - A browser is already opened. Closing browser and opening a new one

2018-12-11 14:47:57 - [MESSAGE][INFO] - Starting 'Chrome' driver

2018-12-11 14:48:18 - [MESSAGE][PASSED] - Browser is opened with url: 'https://test1.safetychain.com'

2018-12-11 14:48:18 - [TEST_STEP][PASSED] - maximizeWindow(): Current window maximized

2018-12-11 14:48:19 - [MESSAGE][PASSED] - Current window maximized

2018-12-11 14:48:19 - [TEST_STEP][PASSED] - driver = getWebDriver(): null

2018-12-11 14:48:19 - [TEST_STEP][PASSED] - setText(findTestObject("FormTab/login_Username"), UserName): Text 'Superadmin' is set on object 'Object Repository/FormTab/login_Username'

2018-12-11 14:48:24 - [MESSAGE][PASSED] - Text 'Superadmin' is set on object 'Object Repository/FormTab/login_Username'

2018-12-11 14:48:24 - [TEST_STEP][PASSED] - setText(findTestObject("FormTab/login_Password"), Password): Text 'latetest13772boot' is set on object 'Object Repository/FormTab/login_Password'

2018-12-11 14:48:24 - [MESSAGE][PASSED] - Text 'latetest13772boot' is set on object 'Object Repository/FormTab/login_Password'

2018-12-11 14:48:24 - [TEST_STEP][PASSED] - click(findTestObject("FormTab/login_Button")): Object: 'Object Repository/FormTab/login_Button' is clicked on

2018-12-11 14:48:26 - [MESSAGE][PASSED] - Object: 'Object Repository/FormTab/login_Button' is clicked on

2018-12-11 14:48:26 - [TEST_STEP][PASSED] - Thread.sleep(8000): null

2018-12-11 14:48:34 - [TEST_STEP][PASSED] - click(findTestObject("FormTab/form_Tab")): Object: 'Object Repository/FormTab/form_Tab' is clicked on

2018-12-11 14:48:34 - [MESSAGE][PASSED] - Object: 'Object Repository/FormTab/form_Tab' is clicked on

2018-12-11 14:48:34 - [TEST_STEP][PASSED] - Thread.sleep(5000): null

2018-12-11 14:48:39 - [TEST_STEP][PASSED] - click(findTestObject("FormTab/options")): Object: 'Object Repository/FormTab/options' is clicked on

2018-12-11 14:48:39 - [MESSAGE][PASSED] - Object: 'Object Repository/FormTab/options' is clicked on

2018-12-11 14:48:39 - [TEST_STEP][PASSED] - Thread.sleep(2000): null

2018-12-11 14:48:41 - [TEST_STEP][PASSED] - mouseOver(findTestObject("FormTab/filterOption")): Object: 'Object Repository/FormTab/filterOption' is hovered

2018-12-11 14:48:41 - [MESSAGE][PASSED] - Object: 'Object Repository/FormTab/filterOption' is hovered

2018-12-11 14:48:41 - [TEST_STEP][PASSED] - Thread.sleep(2000): null

2018-12-11 14:48:43 - [TEST_STEP][PASSED] - FormName.filterFormName(): FormName.filterFormName is PASSED

2018-12-11 14:48:43 - [MESSAGE][PASSED] - FormName.filterFormName is PASSED

2018-12-11 14:48:43 - [TEST_STEP][PASSED] - Thread.sleep(2000): null

2018-12-11 14:48:45 - [TEST_STEP][PASSED] - click(findTestObject("FormTab/filterButton")): Object: 'Object Repository/FormTab/filterButton' is clicked on

2018-12-11 14:48:46 - [MESSAGE][PASSED] - Object: 'Object Repository/FormTab/filterButton' is clicked on

2018-12-11 14:48:46 - [TEST_STEP][PASSED] - Thread.sleep(4000): null

2018-12-11 14:48:50 - [TEST_STEP][PASSED] - click(findTestObject("FormTab/selectForm")): Object: 'Object Repository/FormTab/selectForm' is clicked on

2018-12-11 14:48:50 - [MESSAGE][PASSED] - Object: 'Object Repository/FormTab/selectForm' is clicked on

2018-12-11 14:48:50 - [TEST_STEP][NOT_RUN] - click(findTestObject("FormTab/clickToViewMoreOption")): NOT_RUN: click(findTestObject("FormTab/clickToViewMoreOption"))

2018-12-11 14:48:50 - [MESSAGE][NOT_RUN] - NOT_RUN: click(findTestObject("FormTab/clickToViewMoreOption"))

2018-12-11 14:48:50 - [TEST_STEP][NOT_RUN] - Thread.sleep(4000): NOT_RUN: Thread.sleep(4000)

2018-12-11 14:48:50 - [MESSAGE][NOT_RUN] - NOT_RUN: Thread.sleep(4000)

2018-12-11 14:48:50 - [TEST_STEP][NOT_RUN] - waitForElementNotVisible(findTestObject("FormTab/select500_Form"), 5): NOT_RUN: waitForElementNotVisible(findTestObject("FormTab/select500_Form"), 5)

2018-12-11 14:48:50 - [MESSAGE][NOT_RUN] - NOT_RUN: waitForElementNotVisible(findTestObject("FormTab/select500_Form"), 5)

2018-12-11 14:48:50 - [TEST_STEP][NOT_RUN] - click(findTestObject("FormTab/select500_Form"), STOP_ON_FAILURE): NOT_RUN: click(findTestObject("FormTab/select500_Form"), STOP_ON_FAILURE)

2018-12-11 14:48:50 - [MESSAGE][NOT_RUN] - NOT_RUN: click(findTestObject("FormTab/select500_Form"), STOP_ON_FAILURE)

2018-12-11 14:48:50 - [TEST_STEP][NOT_RUN] - Thread.sleep(7000): NOT_RUN: Thread.sleep(7000)

2018-12-11 14:48:50 - [MESSAGE][NOT_RUN] - NOT_RUN: Thread.sleep(7000)

2018-12-11 14:48:50 - [TEST_STEP][NOT_RUN] - FormName.fillFormName(): NOT_RUN: FormName.fillFormName()

2018-12-11 14:48:50 - [MESSAGE][NOT_RUN] - NOT_RUN: FormName.fillFormName()

2018-12-11 14:48:50 - [TEST_STEP][PASSED] - Thread.sleep(4000): null

2018-12-11 14:48:54 - [TEST_STEP][PASSED] - click(findTestObject("FormTab/fillForm_OpenLocationOption")): Object: 'Object Repository/FormTab/fillForm_OpenLocationOption' is clicked on

2018-12-11 14:48:54 - [MESSAGE][PASSED] - Object: 'Object Repository/FormTab/fillForm_OpenLocationOption' is clicked on

2018-12-11 14:48:54 - [TEST_STEP][PASSED] - Thread.sleep(2000): null

2018-12-11 14:48:56 - [TEST_STEP][PASSED] - click(findTestObject("FormTab/fillForm_SelectLocation")): Object: 'Object Repository/FormTab/fillForm_SelectLocation' is clicked on

2018-12-11 14:48:56 - [MESSAGE][PASSED] - Object: 'Object Repository/FormTab/fillForm_SelectLocation' is clicked on

2018-12-11 14:48:56 - [TEST_STEP][PASSED] - Thread.sleep(4000): null

2018-12-11 14:49:00 - [TEST_STEP][PASSED] - click(findTestObject("FormTab/fillForm_OpenResourceOption")): Object: 'Object Repository/FormTab/fillForm_OpenResourceOption' is clicked on

2018-12-11 14:49:00 - [MESSAGE][PASSED] - Object: 'Object Repository/FormTab/fillForm_OpenResourceOption' is clicked on

2018-12-11 14:49:00 - [TEST_STEP][PASSED] - Thread.sleep(4000): null

2018-12-11 14:49:04 - [TEST_STEP][PASSED] - click(findTestObject("FormTab/fillForm_SelectResource")): Object: 'Object Repository/FormTab/fillForm_SelectResource' is clicked on

2018-12-11 14:49:04 - [MESSAGE][PASSED] - Object: 'Object Repository/FormTab/fillForm_SelectResource' is clicked on

2018-12-11 14:49:04 - [TEST_STEP][PASSED] - Thread.sleep(4000): null

2018-12-11 14:49:08 - [TEST_STEP][PASSED] - setText(findTestObject("FormTab/fillForm_FreeSingleText"), "MyText"): Text 'MyText' is set on object 'Object Repository/FormTab/fillForm_FreeSingleText'

2018-12-11 14:49:08 - [MESSAGE][PASSED] - Text 'MyText' is set on object 'Object Repository/FormTab/fillForm_FreeSingleText'

2018-12-11 14:49:08 - [TEST_STEP][PASSED] - setText(findTestObject("FormTab/fillForm_ParagraphText"), "MyParagraph"): Text 'MyParagraph' is set on object 'Object Repository/FormTab/fillForm_ParagraphText'

2018-12-11 14:49:09 - [MESSAGE][PASSED] - Text 'MyParagraph' is set on object 'Object Repository/FormTab/fillForm_ParagraphText'

2018-12-11 14:49:09 - [TEST_STEP][PASSED] - Thread.sleep(3000): null

2018-12-11 14:49:12 - [TEST_STEP][PASSED] - setText(findTestObject("FormTab/fillForm_SelectOneOption"), "Single Option1"): Text 'Single Option1' is set on object 'Object Repository/FormTab/fillForm_SelectOneOption'

2018-12-11 14:49:12 - [MESSAGE][PASSED] - Text 'Single Option1' is set on object 'Object Repository/FormTab/fillForm_SelectOneOption'

2018-12-11 14:49:12 - [TEST_STEP][PASSED] - Thread.sleep(3000): null

2018-12-11 14:49:15 - [TEST_STEP][PASSED] - xpath("//*[@id='scs-form-level']/div/div/div/div/div/div/div[4]/div/field-template/div/div/div/div/span/span/input")).sendKeys(ENTER): null

2018-12-11 14:49:15 - [TEST_STEP][PASSED] - Thread.sleep(3000): null

2018-12-11 14:49:18 - [TEST_STEP][PASSED] - setText(findTestObject("FormTab/fillForm_SelectMultipleOption"), "Multiple Option1"): Text 'Multiple Option1' is set on object 'Object Repository/FormTab/fillForm_SelectMultipleOption'

2018-12-11 14:49:18 - [MESSAGE][PASSED] - Text 'Multiple Option1' is set on object 'Object Repository/FormTab/fillForm_SelectMultipleOption'

2018-12-11 14:49:18 - [TEST_STEP][PASSED] - Thread.sleep(3000): null

2018-12-11 14:49:21 - [TEST_STEP][PASSED] - xpath("//*[@id='scs-form-level']/div/div/div/div/div/div/div[5]/div/field-template/div/div/div/div/div/div/input")).sendKeys(ENTER): null

2018-12-11 14:49:21 - [TEST_STEP][PASSED] - Thread.sleep(3000): null

2018-12-11 14:49:24 - [TEST_STEP][PASSED] - click(findTestObject("FormTab/fillForm_SelectMultipleOption")): Object: 'Object Repository/FormTab/fillForm_SelectMultipleOption' is clicked on

2018-12-11 14:49:24 - [MESSAGE][PASSED] - Object: 'Object Repository/FormTab/fillForm_SelectMultipleOption' is clicked on

2018-12-11 14:49:24 - [TEST_STEP][PASSED] - Thread.sleep(4000): null

2018-12-11 14:49:28 - [TEST_STEP][PASSED] - xpath("//*[@id='scs-form-level']/div/div/div/div[2]/div/div/div[6]/div/field-template/div/div[2]/div/div/span[1]/span/input[1]")).sendKeys("9"): null

2018-12-11 14:49:28 - [TEST_STEP][PASSED] - setText(findTestObject("FormTab/fillForm_DateText"), "10/29/2018"): Text '10/29/2018' is set on object 'Object Repository/FormTab/fillForm_DateText'

2018-12-11 14:49:29 - [MESSAGE][PASSED] - Text '10/29/2018' is set on object 'Object Repository/FormTab/fillForm_DateText'

2018-12-11 14:49:29 - [TEST_STEP][PASSED] - setText(findTestObject("FormTab/fillForm_TimeText"), "4:00 PM"): Text '4:00 PM' is set on object 'Object Repository/FormTab/fillForm_TimeText'

2018-12-11 14:49:29 - [MESSAGE][PASSED] - Text '4:00 PM' is set on object 'Object Repository/FormTab/fillForm_TimeText'

2018-12-11 14:49:29 - [TEST_STEP][PASSED] - setText(findTestObject("FormTab/fillForm_DateTimeText"), "10/29/2018 4:00 PM"): Text '10/29/2018 4:00 PM' is set on object 'Object Repository/FormTab/fillForm_DateTimeText'

2018-12-11 14:49:29 - [MESSAGE][PASSED] - Text '10/29/2018 4:00 PM' is set on object 'Object Repository/FormTab/fillForm_DateTimeText'

2018-12-11 14:49:29 - [TEST_STEP][PASSED] - click(findTestObject("FormTab/fillForm_SubmitButton")): Object: 'Object Repository/FormTab/fillForm_SubmitButton' is clicked on

2018-12-11 14:49:29 - [MESSAGE][PASSED] - Object: 'Object Repository/FormTab/fillForm_SubmitButton' is clicked on

2018-12-11 14:49:29 - [TEST_STEP][PASSED] - Thread.sleep(4000): null

2018-12-11 14:49:33 - [TEST_STEP][PASSED] - click(findTestObject("FormTab/fillForm_SubmissionOkButton")): Object: 'Object Repository/FormTab/fillForm_SubmissionOkButton' is clicked on

2018-12-11 14:49:33 - [MESSAGE][PASSED] - Object: 'Object Repository/FormTab/fillForm_SubmissionOkButton' is clicked on

2018-12-11 14:49:33 - [TEST_STEP][PASSED] - Thread.sleep(6000): null]]></system-out>
         <system-err><![CDATA[]]></system-err>
      </testcase>
      <testcase name="Test Cases/Forms/AuditForm/3_VerifyingRecord" classname="Test Cases/Forms/AuditForm/3_VerifyingRecord" status="PASSED">
         <system-out><![CDATA[2018-12-11 14:49:39 - [TEST_CASE][PASSED] - Test Cases/Forms/AuditForm/3_VerifyingRecord: Test Cases/Forms/AuditForm/3_VerifyingRecord

2018-12-11 14:49:40 - [TEST_STEP][NOT_RUN] - openBrowser(URL): NOT_RUN: openBrowser(URL)

2018-12-11 14:49:40 - [MESSAGE][NOT_RUN] - NOT_RUN: openBrowser(URL)

2018-12-11 14:49:40 - [TEST_STEP][NOT_RUN] - maximizeWindow(): NOT_RUN: maximizeWindow()

2018-12-11 14:49:40 - [MESSAGE][NOT_RUN] - NOT_RUN: maximizeWindow()

2018-12-11 14:49:40 - [TEST_STEP][NOT_RUN] - setText(findTestObject("Record/login_Username"), UserName): NOT_RUN: setText(findTestObject("Record/login_Username"), UserName)

2018-12-11 14:49:40 - [MESSAGE][NOT_RUN] - NOT_RUN: setText(findTestObject("Record/login_Username"), UserName)

2018-12-11 14:49:40 - [TEST_STEP][NOT_RUN] - setText(findTestObject("Record/login_Password"), Password): NOT_RUN: setText(findTestObject("Record/login_Password"), Password)

2018-12-11 14:49:40 - [MESSAGE][NOT_RUN] - NOT_RUN: setText(findTestObject("Record/login_Password"), Password)

2018-12-11 14:49:40 - [TEST_STEP][NOT_RUN] - click(findTestObject("Record/login_Button")): NOT_RUN: click(findTestObject("Record/login_Button"))

2018-12-11 14:49:40 - [MESSAGE][NOT_RUN] - NOT_RUN: click(findTestObject("Record/login_Button"))

2018-12-11 14:49:40 - [TEST_STEP][NOT_RUN] - Thread.sleep(8000): NOT_RUN: Thread.sleep(8000)

2018-12-11 14:49:40 - [MESSAGE][NOT_RUN] - NOT_RUN: Thread.sleep(8000)

2018-12-11 14:49:40 - [TEST_STEP][PASSED] - click(findTestObject("Record/record_Tab")): Object: 'Object Repository/Record/record_Tab' is clicked on

2018-12-11 14:49:40 - [MESSAGE][PASSED] - Object: 'Object Repository/Record/record_Tab' is clicked on

2018-12-11 14:49:40 - [TEST_STEP][PASSED] - Thread.sleep(5000): null

2018-12-11 14:49:45 - [TEST_STEP][PASSED] - click(findTestObject("FormTab/clickToViewMoreOption")): Object: 'Object Repository/FormTab/clickToViewMoreOption' is clicked on

2018-12-11 14:49:45 - [MESSAGE][PASSED] - Object: 'Object Repository/FormTab/clickToViewMoreOption' is clicked on

2018-12-11 14:49:45 - [TEST_STEP][PASSED] - Thread.sleep(4000): null

2018-12-11 14:49:49 - [TEST_STEP][PASSED] - waitForElementNotVisible(findTestObject("FormTab/select500_Form"), 5): Object 'Object Repository/FormTab/select500_Form' is visible after 5 second(s)

2018-12-11 14:49:54 - [MESSAGE][WARNING] - Object 'Object Repository/FormTab/select500_Form' is visible after 5 second(s)

2018-12-11 14:49:54 - [TEST_STEP][PASSED] - click(findTestObject("FormTab/select500_Form")): Object: 'Object Repository/FormTab/select500_Form' is clicked on

2018-12-11 14:49:55 - [MESSAGE][PASSED] - Object: 'Object Repository/FormTab/select500_Form' is clicked on

2018-12-11 14:49:55 - [TEST_STEP][PASSED] - Thread.sleep(7000): null

2018-12-11 14:50:02 - [TEST_STEP][PASSED] - FormName.recordFormName(): FormName.recordFormName is PASSED

2018-12-11 14:50:02 - [MESSAGE][PASSED] - FormName.recordFormName is PASSED

2018-12-11 14:50:02 - [TEST_STEP][PASSED] - Thread.sleep(4000): null

2018-12-11 14:50:06 - [TEST_STEP][PASSED] - click(findTestObject("Record/editForm")): Object: 'Object Repository/Record/editForm' is clicked on

2018-12-11 14:50:06 - [MESSAGE][PASSED] - Object: 'Object Repository/Record/editForm' is clicked on

2018-12-11 14:50:06 - [TEST_STEP][PASSED] - Thread.sleep(2000): null

2018-12-11 14:50:08 - [TEST_STEP][PASSED] - setText(findTestObject("FormTab/fillForm_FreeSingleText"), "MyTextEdited"): Text 'MyTextEdited' is set on object 'Object Repository/FormTab/fillForm_FreeSingleText'

2018-12-11 14:50:08 - [MESSAGE][PASSED] - Text 'MyTextEdited' is set on object 'Object Repository/FormTab/fillForm_FreeSingleText'

2018-12-11 14:50:08 - [TEST_STEP][PASSED] - setText(findTestObject("FormTab/fillForm_ParagraphText"), "MyParagraphEdited"): Text 'MyParagraphEdited' is set on object 'Object Repository/FormTab/fillForm_ParagraphText'

2018-12-11 14:50:09 - [MESSAGE][PASSED] - Text 'MyParagraphEdited' is set on object 'Object Repository/FormTab/fillForm_ParagraphText'

2018-12-11 14:50:09 - [TEST_STEP][PASSED] - Thread.sleep(2000): null

2018-12-11 14:50:11 - [TEST_STEP][PASSED] - click(findTestObject("Record/submitButton")): Object: 'Object Repository/Record/submitButton' is clicked on

2018-12-11 14:50:11 - [MESSAGE][PASSED] - Object: 'Object Repository/Record/submitButton' is clicked on

2018-12-11 14:50:11 - [TEST_STEP][PASSED] - Thread.sleep(4000): null

2018-12-11 14:50:15 - [TEST_STEP][PASSED] - setText(findTestObject("Record/commentText"), "This form is edited in record."): Text 'This form is edited in record.' is set on object 'Object Repository/Record/commentText'

2018-12-11 14:50:15 - [MESSAGE][PASSED] - Text 'This form is edited in record.' is set on object 'Object Repository/Record/commentText'

2018-12-11 14:50:15 - [TEST_STEP][PASSED] - Thread.sleep(2000): null

2018-12-11 14:50:17 - [TEST_STEP][PASSED] - click(findTestObject("Record/acceptSubmitButton")): Object: 'Object Repository/Record/acceptSubmitButton' is clicked on

2018-12-11 14:50:17 - [MESSAGE][PASSED] - Object: 'Object Repository/Record/acceptSubmitButton' is clicked on

2018-12-11 14:50:17 - [TEST_STEP][PASSED] - Thread.sleep(6000): null

2018-12-11 14:50:23 - [TEST_STEP][PASSED] - click(findTestObject("Record/okButton")): Object: 'Object Repository/Record/okButton' is clicked on

2018-12-11 14:50:23 - [MESSAGE][PASSED] - Object: 'Object Repository/Record/okButton' is clicked on

2018-12-11 14:50:23 - [TEST_STEP][PASSED] - Thread.sleep(4000): null

2018-12-11 14:50:27 - [TEST_STEP][PASSED] - click(findTestObject("Record/record")): Object: 'Object Repository/Record/record' is clicked on

2018-12-11 14:50:27 - [MESSAGE][PASSED] - Object: 'Object Repository/Record/record' is clicked on

2018-12-11 14:50:27 - [TEST_STEP][PASSED] - Thread.sleep(5000): null

2018-12-11 14:50:32 - [TEST_STEP][NOT_RUN] - click(findTestObject("FormTab/clickToViewMoreOption")): NOT_RUN: click(findTestObject("FormTab/clickToViewMoreOption"))

2018-12-11 14:50:32 - [MESSAGE][NOT_RUN] - NOT_RUN: click(findTestObject("FormTab/clickToViewMoreOption"))

2018-12-11 14:50:32 - [TEST_STEP][NOT_RUN] - Thread.sleep(4000): NOT_RUN: Thread.sleep(4000)

2018-12-11 14:50:32 - [MESSAGE][NOT_RUN] - NOT_RUN: Thread.sleep(4000)

2018-12-11 14:50:32 - [TEST_STEP][NOT_RUN] - waitForElementNotVisible(findTestObject("FormTab/select500_Form"), 5): NOT_RUN: waitForElementNotVisible(findTestObject("FormTab/select500_Form"), 5)

2018-12-11 14:50:33 - [MESSAGE][NOT_RUN] - NOT_RUN: waitForElementNotVisible(findTestObject("FormTab/select500_Form"), 5)

2018-12-11 14:50:33 - [TEST_STEP][NOT_RUN] - click(findTestObject("FormTab/select500_Form")): NOT_RUN: click(findTestObject("FormTab/select500_Form"))

2018-12-11 14:50:33 - [MESSAGE][NOT_RUN] - NOT_RUN: click(findTestObject("FormTab/select500_Form"))

2018-12-11 14:50:33 - [TEST_STEP][NOT_RUN] - Thread.sleep(7000): NOT_RUN: Thread.sleep(7000)

2018-12-11 14:50:33 - [MESSAGE][NOT_RUN] - NOT_RUN: Thread.sleep(7000)

2018-12-11 14:50:33 - [TEST_STEP][PASSED] - FormName.recordFormName(): FormName.recordFormName is PASSED

2018-12-11 14:50:33 - [MESSAGE][PASSED] - FormName.recordFormName is PASSED

2018-12-11 14:50:33 - [TEST_STEP][PASSED] - Thread.sleep(4000): null]]></system-out>
         <system-err><![CDATA[]]></system-err>
      </testcase>
      <testcase name="Test Cases/Forms/CheckForm/1_CreateForm" classname="Test Cases/Forms/CheckForm/1_CreateForm" status="PASSED">
         <system-out><![CDATA[2018-12-11 14:50:37 - [TEST_CASE][PASSED] - Test Cases/Forms/CheckForm/1_CreateForm: Test Cases/Forms/CheckForm/1_CreateForm

2018-12-11 14:50:37 - [TEST_STEP][PASSED] - openBrowser(URL): Browser is opened with url: 'https://test1.safetychain.com'

2018-12-11 14:50:37 - [MESSAGE][WARNING] - A browser is already opened. Closing browser and opening a new one

2018-12-11 14:50:38 - [MESSAGE][INFO] - Starting 'Chrome' driver

2018-12-11 14:50:57 - [MESSAGE][PASSED] - Browser is opened with url: 'https://test1.safetychain.com'

2018-12-11 14:50:57 - [TEST_STEP][PASSED] - maximizeWindow(): Current window maximized

2018-12-11 14:50:58 - [MESSAGE][PASSED] - Current window maximized

2018-12-11 14:50:58 - [TEST_STEP][PASSED] - setText(findTestObject("Form_Selection_Creation/login_Username"), UserName): Text 'Superadmin' is set on object 'Object Repository/Form_Selection_Creation/login_Username'

2018-12-11 14:51:03 - [MESSAGE][PASSED] - Text 'Superadmin' is set on object 'Object Repository/Form_Selection_Creation/login_Username'

2018-12-11 14:51:03 - [TEST_STEP][PASSED] - setText(findTestObject("Form_Selection_Creation/login_Password"), Password): Text 'latetest13772boot' is set on object 'Object Repository/Form_Selection_Creation/login_Password'

2018-12-11 14:51:03 - [MESSAGE][PASSED] - Text 'latetest13772boot' is set on object 'Object Repository/Form_Selection_Creation/login_Password'

2018-12-11 14:51:03 - [TEST_STEP][PASSED] - FormName.setData(): FormName.setData is PASSED

2018-12-11 14:51:03 - [MESSAGE][PASSED] - FormName.setData is PASSED

2018-12-11 14:51:03 - [TEST_STEP][PASSED] - click(findTestObject("Form_Selection_Creation/login_Button")): Object: 'Object Repository/Form_Selection_Creation/login_Button' is clicked on

2018-12-11 14:51:05 - [MESSAGE][PASSED] - Object: 'Object Repository/Form_Selection_Creation/login_Button' is clicked on

2018-12-11 14:51:05 - [TEST_STEP][PASSED] - Thread.sleep(3000): null

2018-12-11 14:51:08 - [TEST_STEP][PASSED] - click(findTestObject("Form_Selection_Creation/mainMenu_Button")): Object: 'Object Repository/Form_Selection_Creation/mainMenu_Button' is clicked on

2018-12-11 14:51:10 - [MESSAGE][PASSED] - Object: 'Object Repository/Form_Selection_Creation/mainMenu_Button' is clicked on

2018-12-11 14:51:10 - [TEST_STEP][PASSED] - click(findTestObject("Form_Selection_Creation/mainMenu_AdminTools")): Object: 'Object Repository/Form_Selection_Creation/mainMenu_AdminTools' is clicked on

2018-12-11 14:51:10 - [MESSAGE][PASSED] - Object: 'Object Repository/Form_Selection_Creation/mainMenu_AdminTools' is clicked on

2018-12-11 14:51:10 - [TEST_STEP][PASSED] - click(findTestObject("Form_Selection_Creation/mainMenu_AdminTools_FormDesigner")): Object: 'Object Repository/Form_Selection_Creation/mainMenu_AdminTools_FormDesigner' is clicked on

2018-12-11 14:51:10 - [MESSAGE][PASSED] - Object: 'Object Repository/Form_Selection_Creation/mainMenu_AdminTools_FormDesigner' is clicked on

2018-12-11 14:51:10 - [TEST_STEP][PASSED] - click(findTestObject("Form_Selection_Creation/selectCheckForm")): Object: 'Object Repository/Form_Selection_Creation/selectCheckForm' is clicked on

2018-12-11 14:51:10 - [MESSAGE][PASSED] - Object: 'Object Repository/Form_Selection_Creation/selectCheckForm' is clicked on

2018-12-11 14:51:10 - [TEST_STEP][PASSED] - Thread.sleep(3000): null

2018-12-11 14:51:13 - [TEST_STEP][PASSED] - dragAndDropToObject(findTestObject("Form_Selection_Creation/formDesign_selectResource"), findTestObject("Form_Selection_Creation/Target_Res_Object")): Dragged object with id 'Object Repository/Form_Selection_Creation/formDesign_selectResource' to object with id 'TestObject - 'Object Repository/Form_Selection_Creation/Target_Res_Object'' successfully

2018-12-11 14:51:14 - [MESSAGE][PASSED] - Dragged object with id 'Object Repository/Form_Selection_Creation/formDesign_selectResource' to object with id 'TestObject - 'Object Repository/Form_Selection_Creation/Target_Res_Object'' successfully

2018-12-11 14:51:14 - [TEST_STEP][PASSED] - Thread.sleep(6000): null

2018-12-11 14:51:20 - [TEST_STEP][PASSED] - click(findTestObject("Form_Selection_Creation/formCreation_NextToDesignForm")): Object: 'Object Repository/Form_Selection_Creation/formCreation_NextToDesignForm' is clicked on

2018-12-11 14:51:20 - [MESSAGE][PASSED] - Object: 'Object Repository/Form_Selection_Creation/formCreation_NextToDesignForm' is clicked on

2018-12-11 14:51:20 - [TEST_STEP][PASSED] - Thread.sleep(4000): null

2018-12-11 14:51:24 - [TEST_STEP][PASSED] - FormName.createForm(findTestObject("Form_Selection_Creation/formDesign_FormName")): FormName.createForm is PASSED

2018-12-11 14:51:25 - [MESSAGE][PASSED] - FormName.createForm is PASSED

2018-12-11 14:51:25 - [TEST_STEP][PASSED] - Thread.sleep(2000): null

2018-12-11 14:51:27 - [TEST_STEP][PASSED] - dragAndDropToObject(findTestObject("Form_Selection_Creation/formDesign_SelectSection"), findTestObject("Form_Selection_Creation/default_area")): Dragged object with id 'Object Repository/Form_Selection_Creation/formDesign_SelectSection' to object with id 'TestObject - 'Object Repository/Form_Selection_Creation/default_area'' successfully

2018-12-11 14:51:27 - [MESSAGE][PASSED] - Dragged object with id 'Object Repository/Form_Selection_Creation/formDesign_SelectSection' to object with id 'TestObject - 'Object Repository/Form_Selection_Creation/default_area'' successfully

2018-12-11 14:51:27 - [TEST_STEP][PASSED] - setText(findTestObject("Form_Selection_Creation/formDesign_SectionName"), "This is a Section"): Text 'This is a Section' is set on object 'Object Repository/Form_Selection_Creation/formDesign_SectionName'

2018-12-11 14:51:28 - [MESSAGE][PASSED] - Text 'This is a Section' is set on object 'Object Repository/Form_Selection_Creation/formDesign_SectionName'

2018-12-11 14:51:28 - [TEST_STEP][PASSED] - Thread.sleep(2000): null

2018-12-11 14:51:30 - [TEST_STEP][PASSED] - dragAndDropToObject(findTestObject("Form_Selection_Creation/formDesign_SelectFieldgroup"), findTestObject("Form_Selection_Creation/section_area")): Dragged object with id 'Object Repository/Form_Selection_Creation/formDesign_SelectFieldgroup' to object with id 'TestObject - 'Object Repository/Form_Selection_Creation/section_area'' successfully

2018-12-11 14:51:31 - [MESSAGE][PASSED] - Dragged object with id 'Object Repository/Form_Selection_Creation/formDesign_SelectFieldgroup' to object with id 'TestObject - 'Object Repository/Form_Selection_Creation/section_area'' successfully

2018-12-11 14:51:31 - [TEST_STEP][PASSED] - setText(findTestObject("Form_Selection_Creation/formDesign_FieldGroupName"), "This is Field Group"): Text 'This is Field Group' is set on object 'Object Repository/Form_Selection_Creation/formDesign_FieldGroupName'

2018-12-11 14:51:31 - [MESSAGE][PASSED] - Text 'This is Field Group' is set on object 'Object Repository/Form_Selection_Creation/formDesign_FieldGroupName'

2018-12-11 14:51:31 - [TEST_STEP][PASSED] - Thread.sleep(2000): null

2018-12-11 14:51:33 - [TEST_STEP][PASSED] - dragAndDropToObject(findTestObject("Form_Selection_Creation/formDesign_SelectFree Text"), findTestObject("Form_Selection_Creation/group_area")): Dragged object with id 'Object Repository/Form_Selection_Creation/formDesign_SelectFree Text' to object with id 'TestObject - 'Object Repository/Form_Selection_Creation/group_area'' successfully

2018-12-11 14:51:34 - [MESSAGE][PASSED] - Dragged object with id 'Object Repository/Form_Selection_Creation/formDesign_SelectFree Text' to object with id 'TestObject - 'Object Repository/Form_Selection_Creation/group_area'' successfully

2018-12-11 14:51:34 - [TEST_STEP][PASSED] - setText(findTestObject("Form_Selection_Creation/formDesign_FreetextName"), "This is Free Text"): Text 'This is Free Text' is set on object 'Object Repository/Form_Selection_Creation/formDesign_FreetextName'

2018-12-11 14:51:34 - [MESSAGE][PASSED] - Text 'This is Free Text' is set on object 'Object Repository/Form_Selection_Creation/formDesign_FreetextName'

2018-12-11 14:51:34 - [TEST_STEP][PASSED] - Thread.sleep(2000): null

2018-12-11 14:51:36 - [TEST_STEP][PASSED] - dragAndDropToObject(findTestObject("Form_Selection_Creation/formDesign_SelectParagraphText"), findTestObject("Form_Selection_Creation/group_area")): Dragged object with id 'Object Repository/Form_Selection_Creation/formDesign_SelectParagraphText' to object with id 'TestObject - 'Object Repository/Form_Selection_Creation/group_area'' successfully

2018-12-11 14:51:37 - [MESSAGE][PASSED] - Dragged object with id 'Object Repository/Form_Selection_Creation/formDesign_SelectParagraphText' to object with id 'TestObject - 'Object Repository/Form_Selection_Creation/group_area'' successfully

2018-12-11 14:51:37 - [TEST_STEP][PASSED] - setText(findTestObject("Form_Selection_Creation/formDesign_ParagraphName"), "This is Paragraph"): Text 'This is Paragraph' is set on object 'Object Repository/Form_Selection_Creation/formDesign_ParagraphName'

2018-12-11 14:51:37 - [MESSAGE][PASSED] - Text 'This is Paragraph' is set on object 'Object Repository/Form_Selection_Creation/formDesign_ParagraphName'

2018-12-11 14:51:37 - [TEST_STEP][PASSED] - Thread.sleep(2000): null

2018-12-11 14:51:39 - [TEST_STEP][PASSED] - dragAndDropToObject(findTestObject("Form_Selection_Creation/formDesign_Select_SelectOne"), findTestObject("Form_Selection_Creation/group_area")): Dragged object with id 'Object Repository/Form_Selection_Creation/formDesign_Select_SelectOne' to object with id 'TestObject - 'Object Repository/Form_Selection_Creation/group_area'' successfully

2018-12-11 14:51:40 - [MESSAGE][PASSED] - Dragged object with id 'Object Repository/Form_Selection_Creation/formDesign_Select_SelectOne' to object with id 'TestObject - 'Object Repository/Form_Selection_Creation/group_area'' successfully

2018-12-11 14:51:40 - [TEST_STEP][PASSED] - setText(findTestObject("Form_Selection_Creation/formDesign_Select_OneName"), "This is Select One"): Text 'This is Select One' is set on object 'Object Repository/Form_Selection_Creation/formDesign_Select_OneName'

2018-12-11 14:51:40 - [MESSAGE][PASSED] - Text 'This is Select One' is set on object 'Object Repository/Form_Selection_Creation/formDesign_Select_OneName'

2018-12-11 14:51:40 - [TEST_STEP][PASSED] - Thread.sleep(3000): null

2018-12-11 14:51:43 - [TEST_STEP][PASSED] - click(findTestObject("Form_Selection_Creation/button_Add New")): Object: 'Object Repository/Form_Selection_Creation/button_Add New' is clicked on

2018-12-11 14:51:44 - [MESSAGE][PASSED] - Object: 'Object Repository/Form_Selection_Creation/button_Add New' is clicked on

2018-12-11 14:51:44 - [TEST_STEP][PASSED] - setText(findTestObject("Form_Selection_Creation/addSingleValue1"), "Select Option1"): Text 'Select Option1' is set on object 'Object Repository/Form_Selection_Creation/addSingleValue1'

2018-12-11 14:51:44 - [MESSAGE][PASSED] - Text 'Select Option1' is set on object 'Object Repository/Form_Selection_Creation/addSingleValue1'

2018-12-11 14:51:44 - [TEST_STEP][PASSED] - Thread.sleep(2000): null

2018-12-11 14:51:46 - [TEST_STEP][PASSED] - click(findTestObject("Form_Selection_Creation/button_Add New")): Object: 'Object Repository/Form_Selection_Creation/button_Add New' is clicked on

2018-12-11 14:51:46 - [MESSAGE][PASSED] - Object: 'Object Repository/Form_Selection_Creation/button_Add New' is clicked on

2018-12-11 14:51:46 - [TEST_STEP][PASSED] - setText(findTestObject("Form_Selection_Creation/addSingleValue2"), "Select Option2"): Text 'Select Option2' is set on object 'Object Repository/Form_Selection_Creation/addSingleValue2'

2018-12-11 14:51:46 - [MESSAGE][PASSED] - Text 'Select Option2' is set on object 'Object Repository/Form_Selection_Creation/addSingleValue2'

2018-12-11 14:51:46 - [TEST_STEP][PASSED] - Thread.sleep(2000): null

2018-12-11 14:51:48 - [TEST_STEP][PASSED] - dragAndDropToObject(findTestObject("Form_Selection_Creation/formDesign_Select_SelectMultiple"), findTestObject("Form_Selection_Creation/group_area")): Dragged object with id 'Object Repository/Form_Selection_Creation/formDesign_Select_SelectMultiple' to object with id 'TestObject - 'Object Repository/Form_Selection_Creation/group_area'' successfully

2018-12-11 14:51:49 - [MESSAGE][PASSED] - Dragged object with id 'Object Repository/Form_Selection_Creation/formDesign_Select_SelectMultiple' to object with id 'TestObject - 'Object Repository/Form_Selection_Creation/group_area'' successfully

2018-12-11 14:51:49 - [TEST_STEP][PASSED] - setText(findTestObject("Form_Selection_Creation/formDesign_Select_MultipleName"), "This is Select Multiple "): Text 'This is Select Multiple ' is set on object 'Object Repository/Form_Selection_Creation/formDesign_Select_MultipleName'

2018-12-11 14:51:50 - [MESSAGE][PASSED] - Text 'This is Select Multiple ' is set on object 'Object Repository/Form_Selection_Creation/formDesign_Select_MultipleName'

2018-12-11 14:51:50 - [TEST_STEP][PASSED] - Thread.sleep(3000): null

2018-12-11 14:51:53 - [TEST_STEP][PASSED] - click(findTestObject("Form_Selection_Creation/button_AddNewMul")): Object: 'Object Repository/Form_Selection_Creation/button_AddNewMul' is clicked on

2018-12-11 14:51:53 - [MESSAGE][PASSED] - Object: 'Object Repository/Form_Selection_Creation/button_AddNewMul' is clicked on

2018-12-11 14:51:53 - [TEST_STEP][PASSED] - setText(findTestObject("Form_Selection_Creation/addMultipleValue1"), "Multiple Option1"): Text 'Multiple Option1' is set on object 'Object Repository/Form_Selection_Creation/addMultipleValue1'

2018-12-11 14:51:53 - [MESSAGE][PASSED] - Text 'Multiple Option1' is set on object 'Object Repository/Form_Selection_Creation/addMultipleValue1'

2018-12-11 14:51:53 - [TEST_STEP][PASSED] - Thread.sleep(2000): null

2018-12-11 14:51:55 - [TEST_STEP][PASSED] - click(findTestObject("Form_Selection_Creation/button_AddNewMul")): Object: 'Object Repository/Form_Selection_Creation/button_AddNewMul' is clicked on

2018-12-11 14:51:55 - [MESSAGE][PASSED] - Object: 'Object Repository/Form_Selection_Creation/button_AddNewMul' is clicked on

2018-12-11 14:51:55 - [TEST_STEP][PASSED] - setText(findTestObject("Form_Selection_Creation/addMultipleValue2"), "Multiple Option2"): Text 'Multiple Option2' is set on object 'Object Repository/Form_Selection_Creation/addMultipleValue2'

2018-12-11 14:51:55 - [MESSAGE][PASSED] - Text 'Multiple Option2' is set on object 'Object Repository/Form_Selection_Creation/addMultipleValue2'

2018-12-11 14:51:55 - [TEST_STEP][PASSED] - Thread.sleep(2000): null

2018-12-11 14:51:57 - [TEST_STEP][PASSED] - dragAndDropToObject(findTestObject("Form_Selection_Creation/formDesign_SelectNumeric"), findTestObject("Form_Selection_Creation/group_area")): Dragged object with id 'Object Repository/Form_Selection_Creation/formDesign_SelectNumeric' to object with id 'TestObject - 'Object Repository/Form_Selection_Creation/group_area'' successfully

2018-12-11 14:51:58 - [MESSAGE][PASSED] - Dragged object with id 'Object Repository/Form_Selection_Creation/formDesign_SelectNumeric' to object with id 'TestObject - 'Object Repository/Form_Selection_Creation/group_area'' successfully

2018-12-11 14:51:58 - [TEST_STEP][PASSED] - setText(findTestObject("Form_Selection_Creation/formDesignt_NumericName"), "This is Numeric Field."): Text 'This is Numeric Field.' is set on object 'Object Repository/Form_Selection_Creation/formDesignt_NumericName'

2018-12-11 14:51:59 - [MESSAGE][PASSED] - Text 'This is Numeric Field.' is set on object 'Object Repository/Form_Selection_Creation/formDesignt_NumericName'

2018-12-11 14:51:59 - [TEST_STEP][PASSED] - Thread.sleep(2000): null

2018-12-11 14:52:01 - [TEST_STEP][PASSED] - dragAndDropToObject(findTestObject("Form_Selection_Creation/formDesign_SelectDate"), findTestObject("Form_Selection_Creation/group_area")): Dragged object with id 'Object Repository/Form_Selection_Creation/formDesign_SelectDate' to object with id 'TestObject - 'Object Repository/Form_Selection_Creation/group_area'' successfully

2018-12-11 14:52:01 - [MESSAGE][PASSED] - Dragged object with id 'Object Repository/Form_Selection_Creation/formDesign_SelectDate' to object with id 'TestObject - 'Object Repository/Form_Selection_Creation/group_area'' successfully

2018-12-11 14:52:01 - [TEST_STEP][PASSED] - setText(findTestObject("Form_Selection_Creation/formDesign_DateName"), "This is Date"): Text 'This is Date' is set on object 'Object Repository/Form_Selection_Creation/formDesign_DateName'

2018-12-11 14:52:02 - [MESSAGE][PASSED] - Text 'This is Date' is set on object 'Object Repository/Form_Selection_Creation/formDesign_DateName'

2018-12-11 14:52:02 - [TEST_STEP][PASSED] - Thread.sleep(2000): null

2018-12-11 14:52:04 - [TEST_STEP][PASSED] - dragAndDropToObject(findTestObject("Form_Selection_Creation/formDesign_SelectTime"), findTestObject("Form_Selection_Creation/group_area")): Dragged object with id 'Object Repository/Form_Selection_Creation/formDesign_SelectTime' to object with id 'TestObject - 'Object Repository/Form_Selection_Creation/group_area'' successfully

2018-12-11 14:52:05 - [MESSAGE][PASSED] - Dragged object with id 'Object Repository/Form_Selection_Creation/formDesign_SelectTime' to object with id 'TestObject - 'Object Repository/Form_Selection_Creation/group_area'' successfully

2018-12-11 14:52:05 - [TEST_STEP][PASSED] - setText(findTestObject("Form_Selection_Creation/formDesign_TimeName"), "This is Time"): Text 'This is Time' is set on object 'Object Repository/Form_Selection_Creation/formDesign_TimeName'

2018-12-11 14:52:05 - [MESSAGE][PASSED] - Text 'This is Time' is set on object 'Object Repository/Form_Selection_Creation/formDesign_TimeName'

2018-12-11 14:52:05 - [TEST_STEP][PASSED] - Thread.sleep(2000): null

2018-12-11 14:52:07 - [TEST_STEP][PASSED] - dragAndDropToObject(findTestObject("Form_Selection_Creation/formDesign_SelectDateTime"), findTestObject("Form_Selection_Creation/group_area")): Dragged object with id 'Object Repository/Form_Selection_Creation/formDesign_SelectDateTime' to object with id 'TestObject - 'Object Repository/Form_Selection_Creation/group_area'' successfully

2018-12-11 14:52:08 - [MESSAGE][PASSED] - Dragged object with id 'Object Repository/Form_Selection_Creation/formDesign_SelectDateTime' to object with id 'TestObject - 'Object Repository/Form_Selection_Creation/group_area'' successfully

2018-12-11 14:52:08 - [TEST_STEP][PASSED] - setText(findTestObject("Form_Selection_Creation/formDesign_DateTimeName"), "This is Date-Time"): Text 'This is Date-Time' is set on object 'Object Repository/Form_Selection_Creation/formDesign_DateTimeName'

2018-12-11 14:52:09 - [MESSAGE][PASSED] - Text 'This is Date-Time' is set on object 'Object Repository/Form_Selection_Creation/formDesign_DateTimeName'

2018-12-11 14:52:09 - [TEST_STEP][PASSED] - Thread.sleep(2000): null

2018-12-11 14:52:11 - [TEST_STEP][PASSED] - click(findTestObject("Form_Selection_Creation/formCreation_NextToDesignForm")): Object: 'Object Repository/Form_Selection_Creation/formCreation_NextToDesignForm' is clicked on

2018-12-11 14:52:11 - [MESSAGE][PASSED] - Object: 'Object Repository/Form_Selection_Creation/formCreation_NextToDesignForm' is clicked on

2018-12-11 14:52:11 - [TEST_STEP][PASSED] - Thread.sleep(7000): null

2018-12-11 14:52:18 - [TEST_STEP][PASSED] - click(findTestObject("Form_Selection_Creation/div_Preview             Form1")): Object: 'Object Repository/Form_Selection_Creation/div_Preview             Form1' is clicked on

2018-12-11 14:52:18 - [MESSAGE][PASSED] - Object: 'Object Repository/Form_Selection_Creation/div_Preview             Form1' is clicked on

2018-12-11 14:52:18 - [TEST_STEP][PASSED] - Thread.sleep(5000): null

2018-12-11 14:52:23 - [TEST_STEP][PASSED] - click(findTestObject("Form_Selection_Creation/button_Release")): Object: 'Object Repository/Form_Selection_Creation/button_Release' is clicked on

2018-12-11 14:52:23 - [MESSAGE][PASSED] - Object: 'Object Repository/Form_Selection_Creation/button_Release' is clicked on

2018-12-11 14:52:23 - [TEST_STEP][PASSED] - Thread.sleep(4000): null]]></system-out>
         <system-err><![CDATA[]]></system-err>
      </testcase>
      <testcase name="Test Cases/Forms/CheckForm/2_FormSubmission" classname="Test Cases/Forms/CheckForm/2_FormSubmission" status="PASSED">
         <system-out><![CDATA[2018-12-11 14:52:27 - [TEST_CASE][PASSED] - Test Cases/Forms/CheckForm/2_FormSubmission: Test Cases/Forms/CheckForm/2_FormSubmission

2018-12-11 14:52:27 - [TEST_STEP][PASSED] - openBrowser(URL): Browser is opened with url: 'https://test1.safetychain.com'

2018-12-11 14:52:27 - [MESSAGE][WARNING] - A browser is already opened. Closing browser and opening a new one

2018-12-11 14:52:28 - [MESSAGE][INFO] - Starting 'Chrome' driver

2018-12-11 14:52:47 - [MESSAGE][PASSED] - Browser is opened with url: 'https://test1.safetychain.com'

2018-12-11 14:52:47 - [TEST_STEP][PASSED] - maximizeWindow(): Current window maximized

2018-12-11 14:52:48 - [MESSAGE][PASSED] - Current window maximized

2018-12-11 14:52:48 - [TEST_STEP][PASSED] - driver = getWebDriver(): null

2018-12-11 14:52:48 - [TEST_STEP][PASSED] - Thread.sleep(3000): null

2018-12-11 14:52:51 - [TEST_STEP][PASSED] - setText(findTestObject("FormTab/login_Username"), UserName): Text 'Superadmin' is set on object 'Object Repository/FormTab/login_Username'

2018-12-11 14:52:53 - [MESSAGE][PASSED] - Text 'Superadmin' is set on object 'Object Repository/FormTab/login_Username'

2018-12-11 14:52:53 - [TEST_STEP][PASSED] - setText(findTestObject("FormTab/login_Password"), Password): Text 'latetest13772boot' is set on object 'Object Repository/FormTab/login_Password'

2018-12-11 14:52:53 - [MESSAGE][PASSED] - Text 'latetest13772boot' is set on object 'Object Repository/FormTab/login_Password'

2018-12-11 14:52:53 - [TEST_STEP][PASSED] - click(findTestObject("FormTab/login_Button")): Object: 'Object Repository/FormTab/login_Button' is clicked on

2018-12-11 14:52:55 - [MESSAGE][PASSED] - Object: 'Object Repository/FormTab/login_Button' is clicked on

2018-12-11 14:52:55 - [TEST_STEP][PASSED] - Thread.sleep(8000): null

2018-12-11 14:53:03 - [TEST_STEP][PASSED] - click(findTestObject("FormTab/form_Tab")): Object: 'Object Repository/FormTab/form_Tab' is clicked on

2018-12-11 14:53:03 - [MESSAGE][PASSED] - Object: 'Object Repository/FormTab/form_Tab' is clicked on

2018-12-11 14:53:03 - [TEST_STEP][PASSED] - Thread.sleep(5000): null

2018-12-11 14:53:08 - [TEST_STEP][NOT_RUN] - click(findTestObject("FormTab/clickToViewMoreOption")): NOT_RUN: click(findTestObject("FormTab/clickToViewMoreOption"))

2018-12-11 14:53:08 - [MESSAGE][NOT_RUN] - NOT_RUN: click(findTestObject("FormTab/clickToViewMoreOption"))

2018-12-11 14:53:08 - [TEST_STEP][NOT_RUN] - Thread.sleep(3000): NOT_RUN: Thread.sleep(3000)

2018-12-11 14:53:08 - [MESSAGE][NOT_RUN] - NOT_RUN: Thread.sleep(3000)

2018-12-11 14:53:08 - [TEST_STEP][NOT_RUN] - waitForElementNotVisible(findTestObject("FormTab/select500_Form"), 5): NOT_RUN: waitForElementNotVisible(findTestObject("FormTab/select500_Form"), 5)

2018-12-11 14:53:08 - [MESSAGE][NOT_RUN] - NOT_RUN: waitForElementNotVisible(findTestObject("FormTab/select500_Form"), 5)

2018-12-11 14:53:08 - [TEST_STEP][NOT_RUN] - click(findTestObject("FormTab/select500_Form")): NOT_RUN: click(findTestObject("FormTab/select500_Form"))

2018-12-11 14:53:08 - [MESSAGE][NOT_RUN] - NOT_RUN: click(findTestObject("FormTab/select500_Form"))

2018-12-11 14:53:08 - [TEST_STEP][NOT_RUN] - Thread.sleep(7000): NOT_RUN: Thread.sleep(7000)

2018-12-11 14:53:08 - [MESSAGE][NOT_RUN] - NOT_RUN: Thread.sleep(7000)

2018-12-11 14:53:08 - [TEST_STEP][NOT_RUN] - FormName.fillFormName(): NOT_RUN: FormName.fillFormName()

2018-12-11 14:53:08 - [MESSAGE][NOT_RUN] - NOT_RUN: FormName.fillFormName()

2018-12-11 14:53:08 - [TEST_STEP][PASSED] - click(findTestObject("FormTab/options")): Object: 'Object Repository/FormTab/options' is clicked on

2018-12-11 14:53:09 - [MESSAGE][PASSED] - Object: 'Object Repository/FormTab/options' is clicked on

2018-12-11 14:53:09 - [TEST_STEP][PASSED] - Thread.sleep(2000): null

2018-12-11 14:53:11 - [TEST_STEP][PASSED] - mouseOver(findTestObject("FormTab/filterOption")): Object: 'Object Repository/FormTab/filterOption' is hovered

2018-12-11 14:53:11 - [MESSAGE][PASSED] - Object: 'Object Repository/FormTab/filterOption' is hovered

2018-12-11 14:53:11 - [TEST_STEP][PASSED] - Thread.sleep(2000): null

2018-12-11 14:53:13 - [TEST_STEP][PASSED] - FormName.filterFormName(): FormName.filterFormName is PASSED

2018-12-11 14:53:13 - [MESSAGE][PASSED] - FormName.filterFormName is PASSED

2018-12-11 14:53:13 - [TEST_STEP][PASSED] - Thread.sleep(2000): null

2018-12-11 14:53:15 - [TEST_STEP][PASSED] - click(findTestObject("FormTab/filterButton")): Object: 'Object Repository/FormTab/filterButton' is clicked on

2018-12-11 14:53:15 - [MESSAGE][PASSED] - Object: 'Object Repository/FormTab/filterButton' is clicked on

2018-12-11 14:53:15 - [TEST_STEP][PASSED] - Thread.sleep(4000): null

2018-12-11 14:53:19 - [TEST_STEP][PASSED] - click(findTestObject("FormTab/selectForm")): Object: 'Object Repository/FormTab/selectForm' is clicked on

2018-12-11 14:53:19 - [MESSAGE][PASSED] - Object: 'Object Repository/FormTab/selectForm' is clicked on

2018-12-11 14:53:19 - [TEST_STEP][PASSED] - Thread.sleep(4000): null

2018-12-11 14:53:23 - [TEST_STEP][PASSED] - click(findTestObject("FormTab/fillForm_OpenLocationOption")): Object: 'Object Repository/FormTab/fillForm_OpenLocationOption' is clicked on

2018-12-11 14:53:23 - [MESSAGE][PASSED] - Object: 'Object Repository/FormTab/fillForm_OpenLocationOption' is clicked on

2018-12-11 14:53:23 - [TEST_STEP][PASSED] - Thread.sleep(2000): null

2018-12-11 14:53:25 - [TEST_STEP][PASSED] - click(findTestObject("FormTab/fillForm_SelectLocation")): Object: 'Object Repository/FormTab/fillForm_SelectLocation' is clicked on

2018-12-11 14:53:25 - [MESSAGE][PASSED] - Object: 'Object Repository/FormTab/fillForm_SelectLocation' is clicked on

2018-12-11 14:53:25 - [TEST_STEP][PASSED] - Thread.sleep(4000): null

2018-12-11 14:53:29 - [TEST_STEP][PASSED] - click(findTestObject("FormTab/fillForm_OpenResourceOption")): Object: 'Object Repository/FormTab/fillForm_OpenResourceOption' is clicked on

2018-12-11 14:53:30 - [MESSAGE][PASSED] - Object: 'Object Repository/FormTab/fillForm_OpenResourceOption' is clicked on

2018-12-11 14:53:30 - [TEST_STEP][PASSED] - Thread.sleep(4000): null

2018-12-11 14:53:34 - [TEST_STEP][PASSED] - click(findTestObject("FormTab/fillForm_SelectResource")): Object: 'Object Repository/FormTab/fillForm_SelectResource' is clicked on

2018-12-11 14:53:34 - [MESSAGE][PASSED] - Object: 'Object Repository/FormTab/fillForm_SelectResource' is clicked on

2018-12-11 14:53:34 - [TEST_STEP][PASSED] - Thread.sleep(4000): null

2018-12-11 14:53:38 - [TEST_STEP][PASSED] - setText(findTestObject("FormTab/fillForm_FreeSingleText"), "MyText"): Text 'MyText' is set on object 'Object Repository/FormTab/fillForm_FreeSingleText'

2018-12-11 14:53:38 - [MESSAGE][PASSED] - Text 'MyText' is set on object 'Object Repository/FormTab/fillForm_FreeSingleText'

2018-12-11 14:53:38 - [TEST_STEP][PASSED] - setText(findTestObject("FormTab/fillForm_ParagraphText"), "MyParagraph"): Text 'MyParagraph' is set on object 'Object Repository/FormTab/fillForm_ParagraphText'

2018-12-11 14:53:38 - [MESSAGE][PASSED] - Text 'MyParagraph' is set on object 'Object Repository/FormTab/fillForm_ParagraphText'

2018-12-11 14:53:38 - [TEST_STEP][PASSED] - Thread.sleep(3000): null

2018-12-11 14:53:41 - [TEST_STEP][PASSED] - setText(findTestObject("FormTab/fillForm_SelectOneOption"), "Select Option1"): Text 'Select Option1' is set on object 'Object Repository/FormTab/fillForm_SelectOneOption'

2018-12-11 14:53:41 - [MESSAGE][PASSED] - Text 'Select Option1' is set on object 'Object Repository/FormTab/fillForm_SelectOneOption'

2018-12-11 14:53:41 - [TEST_STEP][PASSED] - Thread.sleep(3000): null

2018-12-11 14:53:44 - [TEST_STEP][PASSED] - xpath("//*[@id='scs-form-level']/div/div/div/div/div/div/div[4]/div/field-template/div/div/div/div/span/span/input")).sendKeys(ENTER): null

2018-12-11 14:53:44 - [TEST_STEP][PASSED] - Thread.sleep(3000): null

2018-12-11 14:53:47 - [TEST_STEP][PASSED] - setText(findTestObject("FormTab/fillForm_SelectMultipleOption"), "Multiple Option1"): Text 'Multiple Option1' is set on object 'Object Repository/FormTab/fillForm_SelectMultipleOption'

2018-12-11 14:53:48 - [MESSAGE][PASSED] - Text 'Multiple Option1' is set on object 'Object Repository/FormTab/fillForm_SelectMultipleOption'

2018-12-11 14:53:48 - [TEST_STEP][PASSED] - Thread.sleep(3000): null

2018-12-11 14:53:51 - [TEST_STEP][PASSED] - xpath("//*[@id='scs-form-level']/div/div/div/div/div/div/div[5]/div/field-template/div/div/div/div/div/div/input")).sendKeys(ENTER): null

2018-12-11 14:53:51 - [TEST_STEP][PASSED] - Thread.sleep(3000): null

2018-12-11 14:53:54 - [TEST_STEP][PASSED] - click(findTestObject("FormTab/fillForm_SelectMultipleOption")): Object: 'Object Repository/FormTab/fillForm_SelectMultipleOption' is clicked on

2018-12-11 14:53:54 - [MESSAGE][PASSED] - Object: 'Object Repository/FormTab/fillForm_SelectMultipleOption' is clicked on

2018-12-11 14:53:54 - [TEST_STEP][PASSED] - Thread.sleep(4000): null

2018-12-11 14:53:58 - [TEST_STEP][PASSED] - xpath("//*[@id='scs-form-level']/div/div/div/div[2]/div/div/div[6]/div/field-template/div/div[2]/div/div/span[1]/span/input[1]")).sendKeys("9"): null

2018-12-11 14:53:58 - [TEST_STEP][PASSED] - setText(findTestObject("FormTab/fillForm_DateText"), "10/18/2018"): Text '10/18/2018' is set on object 'Object Repository/FormTab/fillForm_DateText'

2018-12-11 14:53:58 - [MESSAGE][PASSED] - Text '10/18/2018' is set on object 'Object Repository/FormTab/fillForm_DateText'

2018-12-11 14:53:58 - [TEST_STEP][PASSED] - setText(findTestObject("FormTab/fillForm_TimeText"), "9:00 AM"): Text '9:00 AM' is set on object 'Object Repository/FormTab/fillForm_TimeText'

2018-12-11 14:53:58 - [MESSAGE][PASSED] - Text '9:00 AM' is set on object 'Object Repository/FormTab/fillForm_TimeText'

2018-12-11 14:53:58 - [TEST_STEP][PASSED] - setText(findTestObject("FormTab/fillForm_DateTimeText"), "10/18/2018 9:00 AM"): Text '10/18/2018 9:00 AM' is set on object 'Object Repository/FormTab/fillForm_DateTimeText'

2018-12-11 14:53:58 - [MESSAGE][PASSED] - Text '10/18/2018 9:00 AM' is set on object 'Object Repository/FormTab/fillForm_DateTimeText'

2018-12-11 14:53:58 - [TEST_STEP][PASSED] - click(findTestObject("FormTab/fillForm_SubmitButton")): Object: 'Object Repository/FormTab/fillForm_SubmitButton' is clicked on

2018-12-11 14:53:59 - [MESSAGE][PASSED] - Object: 'Object Repository/FormTab/fillForm_SubmitButton' is clicked on

2018-12-11 14:53:59 - [TEST_STEP][PASSED] - Thread.sleep(4000): null

2018-12-11 14:54:03 - [TEST_STEP][PASSED] - click(findTestObject("FormTab/fillForm_SubmissionOkButton")): Object: 'Object Repository/FormTab/fillForm_SubmissionOkButton' is clicked on

2018-12-11 14:54:03 - [MESSAGE][PASSED] - Object: 'Object Repository/FormTab/fillForm_SubmissionOkButton' is clicked on

2018-12-11 14:54:03 - [TEST_STEP][PASSED] - Thread.sleep(6000): null]]></system-out>
         <system-err><![CDATA[]]></system-err>
      </testcase>
      <testcase name="Test Cases/Forms/CheckForm/3_VerifyingRecord" classname="Test Cases/Forms/CheckForm/3_VerifyingRecord" status="PASSED">
         <system-out><![CDATA[2018-12-11 14:54:09 - [TEST_CASE][PASSED] - Test Cases/Forms/CheckForm/3_VerifyingRecord: Test Cases/Forms/CheckForm/3_VerifyingRecord

2018-12-11 14:54:09 - [TEST_STEP][NOT_RUN] - openBrowser(URL): NOT_RUN: openBrowser(URL)

2018-12-11 14:54:09 - [MESSAGE][NOT_RUN] - NOT_RUN: openBrowser(URL)

2018-12-11 14:54:09 - [TEST_STEP][NOT_RUN] - maximizeWindow(): NOT_RUN: maximizeWindow()

2018-12-11 14:54:09 - [MESSAGE][NOT_RUN] - NOT_RUN: maximizeWindow()

2018-12-11 14:54:09 - [TEST_STEP][NOT_RUN] - setText(findTestObject("Record/login_Username"), UserName): NOT_RUN: setText(findTestObject("Record/login_Username"), UserName)

2018-12-11 14:54:09 - [MESSAGE][NOT_RUN] - NOT_RUN: setText(findTestObject("Record/login_Username"), UserName)

2018-12-11 14:54:09 - [TEST_STEP][NOT_RUN] - setText(findTestObject("Record/login_Password"), Password): NOT_RUN: setText(findTestObject("Record/login_Password"), Password)

2018-12-11 14:54:09 - [MESSAGE][NOT_RUN] - NOT_RUN: setText(findTestObject("Record/login_Password"), Password)

2018-12-11 14:54:09 - [TEST_STEP][NOT_RUN] - click(findTestObject("Record/login_Button")): NOT_RUN: click(findTestObject("Record/login_Button"))

2018-12-11 14:54:09 - [MESSAGE][NOT_RUN] - NOT_RUN: click(findTestObject("Record/login_Button"))

2018-12-11 14:54:09 - [TEST_STEP][NOT_RUN] - Thread.sleep(8000): NOT_RUN: Thread.sleep(8000)

2018-12-11 14:54:09 - [MESSAGE][NOT_RUN] - NOT_RUN: Thread.sleep(8000)

2018-12-11 14:54:09 - [TEST_STEP][PASSED] - click(findTestObject("Record/record_Tab")): Object: 'Object Repository/Record/record_Tab' is clicked on

2018-12-11 14:54:09 - [MESSAGE][PASSED] - Object: 'Object Repository/Record/record_Tab' is clicked on

2018-12-11 14:54:09 - [TEST_STEP][PASSED] - Thread.sleep(5000): null

2018-12-11 14:54:14 - [TEST_STEP][PASSED] - click(findTestObject("FormTab/clickToViewMoreOption")): Object: 'Object Repository/FormTab/clickToViewMoreOption' is clicked on

2018-12-11 14:54:14 - [MESSAGE][PASSED] - Object: 'Object Repository/FormTab/clickToViewMoreOption' is clicked on

2018-12-11 14:54:14 - [TEST_STEP][PASSED] - Thread.sleep(4000): null

2018-12-11 14:54:18 - [TEST_STEP][PASSED] - waitForElementNotVisible(findTestObject("FormTab/select500_Form"), 5): Object 'Object Repository/FormTab/select500_Form' is visible after 5 second(s)

2018-12-11 14:54:23 - [MESSAGE][WARNING] - Object 'Object Repository/FormTab/select500_Form' is visible after 5 second(s)

2018-12-11 14:54:23 - [TEST_STEP][PASSED] - click(findTestObject("FormTab/select500_Form")): Object: 'Object Repository/FormTab/select500_Form' is clicked on

2018-12-11 14:54:24 - [MESSAGE][PASSED] - Object: 'Object Repository/FormTab/select500_Form' is clicked on

2018-12-11 14:54:24 - [TEST_STEP][PASSED] - Thread.sleep(7000): null

2018-12-11 14:54:31 - [TEST_STEP][PASSED] - FormName.recordFormName(): FormName.recordFormName is PASSED

2018-12-11 14:54:31 - [MESSAGE][PASSED] - FormName.recordFormName is PASSED

2018-12-11 14:54:31 - [TEST_STEP][PASSED] - Thread.sleep(4000): null

2018-12-11 14:54:35 - [TEST_STEP][PASSED] - click(findTestObject("Record/editForm")): Object: 'Object Repository/Record/editForm' is clicked on

2018-12-11 14:54:35 - [MESSAGE][PASSED] - Object: 'Object Repository/Record/editForm' is clicked on

2018-12-11 14:54:35 - [TEST_STEP][PASSED] - Thread.sleep(2000): null

2018-12-11 14:54:37 - [TEST_STEP][PASSED] - setText(findTestObject("FormTab/fillForm_FreeSingleText"), "MyTextEdited"): Text 'MyTextEdited' is set on object 'Object Repository/FormTab/fillForm_FreeSingleText'

2018-12-11 14:54:37 - [MESSAGE][PASSED] - Text 'MyTextEdited' is set on object 'Object Repository/FormTab/fillForm_FreeSingleText'

2018-12-11 14:54:37 - [TEST_STEP][PASSED] - setText(findTestObject("FormTab/fillForm_ParagraphText"), "MyParagraphEdited"): Text 'MyParagraphEdited' is set on object 'Object Repository/FormTab/fillForm_ParagraphText'

2018-12-11 14:54:38 - [MESSAGE][PASSED] - Text 'MyParagraphEdited' is set on object 'Object Repository/FormTab/fillForm_ParagraphText'

2018-12-11 14:54:38 - [TEST_STEP][PASSED] - Thread.sleep(2000): null

2018-12-11 14:54:40 - [TEST_STEP][PASSED] - click(findTestObject("Record/submitButton")): Object: 'Object Repository/Record/submitButton' is clicked on

2018-12-11 14:54:40 - [MESSAGE][PASSED] - Object: 'Object Repository/Record/submitButton' is clicked on

2018-12-11 14:54:40 - [TEST_STEP][PASSED] - Thread.sleep(4000): null

2018-12-11 14:54:44 - [TEST_STEP][PASSED] - setText(findTestObject("Record/commentText"), "This form is edited in record."): Text 'This form is edited in record.' is set on object 'Object Repository/Record/commentText'

2018-12-11 14:54:44 - [MESSAGE][PASSED] - Text 'This form is edited in record.' is set on object 'Object Repository/Record/commentText'

2018-12-11 14:54:44 - [TEST_STEP][PASSED] - Thread.sleep(2000): null

2018-12-11 14:54:46 - [TEST_STEP][PASSED] - click(findTestObject("Record/acceptSubmitButton")): Object: 'Object Repository/Record/acceptSubmitButton' is clicked on

2018-12-11 14:54:46 - [MESSAGE][PASSED] - Object: 'Object Repository/Record/acceptSubmitButton' is clicked on

2018-12-11 14:54:46 - [TEST_STEP][PASSED] - Thread.sleep(6000): null

2018-12-11 14:54:52 - [TEST_STEP][PASSED] - click(findTestObject("Record/okButton")): Object: 'Object Repository/Record/okButton' is clicked on

2018-12-11 14:54:52 - [MESSAGE][PASSED] - Object: 'Object Repository/Record/okButton' is clicked on

2018-12-11 14:54:52 - [TEST_STEP][PASSED] - Thread.sleep(4000): null

2018-12-11 14:54:56 - [TEST_STEP][PASSED] - click(findTestObject("Record/record")): Object: 'Object Repository/Record/record' is clicked on

2018-12-11 14:54:56 - [MESSAGE][PASSED] - Object: 'Object Repository/Record/record' is clicked on

2018-12-11 14:54:56 - [TEST_STEP][PASSED] - Thread.sleep(5000): null

2018-12-11 14:55:01 - [TEST_STEP][PASSED] - FormName.recordFormName(): FormName.recordFormName is PASSED

2018-12-11 14:55:02 - [MESSAGE][PASSED] - FormName.recordFormName is PASSED

2018-12-11 14:55:02 - [TEST_STEP][PASSED] - Thread.sleep(4000): null]]></system-out>
         <system-err><![CDATA[]]></system-err>
      </testcase>
      <testcase name="Test Cases/Forms/QuestionaitreForm/1_CreateForm" classname="Test Cases/Forms/QuestionaitreForm/1_CreateForm" status="PASSED">
         <system-out><![CDATA[2018-12-11 14:55:06 - [TEST_CASE][PASSED] - Test Cases/Forms/QuestionaitreForm/1_CreateForm: Test Cases/Forms/QuestionaitreForm/1_CreateForm

2018-12-11 14:55:06 - [TEST_STEP][PASSED] - openBrowser(URL): Browser is opened with url: 'https://test1.safetychain.com'

2018-12-11 14:55:06 - [MESSAGE][WARNING] - A browser is already opened. Closing browser and opening a new one

2018-12-11 14:55:07 - [MESSAGE][INFO] - Starting 'Chrome' driver

2018-12-11 14:55:25 - [MESSAGE][PASSED] - Browser is opened with url: 'https://test1.safetychain.com'

2018-12-11 14:55:25 - [TEST_STEP][PASSED] - maximizeWindow(): Current window maximized

2018-12-11 14:55:26 - [MESSAGE][PASSED] - Current window maximized

2018-12-11 14:55:26 - [TEST_STEP][PASSED] - setText(findTestObject("Form_Selection_Creation/login_Username"), UserName): Text 'Superadmin' is set on object 'Object Repository/Form_Selection_Creation/login_Username'

2018-12-11 14:55:34 - [MESSAGE][PASSED] - Text 'Superadmin' is set on object 'Object Repository/Form_Selection_Creation/login_Username'

2018-12-11 14:55:34 - [TEST_STEP][PASSED] - setText(findTestObject("Form_Selection_Creation/login_Password"), Password): Text 'latetest13772boot' is set on object 'Object Repository/Form_Selection_Creation/login_Password'

2018-12-11 14:55:34 - [MESSAGE][PASSED] - Text 'latetest13772boot' is set on object 'Object Repository/Form_Selection_Creation/login_Password'

2018-12-11 14:55:34 - [TEST_STEP][PASSED] - FormName.setData(): FormName.setData is PASSED

2018-12-11 14:55:34 - [MESSAGE][PASSED] - FormName.setData is PASSED

2018-12-11 14:55:34 - [TEST_STEP][PASSED] - click(findTestObject("Form_Selection_Creation/login_Button")): Object: 'Object Repository/Form_Selection_Creation/login_Button' is clicked on

2018-12-11 14:55:36 - [MESSAGE][PASSED] - Object: 'Object Repository/Form_Selection_Creation/login_Button' is clicked on

2018-12-11 14:55:36 - [TEST_STEP][PASSED] - Thread.sleep(3000): null

2018-12-11 14:55:39 - [TEST_STEP][PASSED] - click(findTestObject("Form_Selection_Creation/mainMenu_Button")): Object: 'Object Repository/Form_Selection_Creation/mainMenu_Button' is clicked on

2018-12-11 14:55:41 - [MESSAGE][PASSED] - Object: 'Object Repository/Form_Selection_Creation/mainMenu_Button' is clicked on

2018-12-11 14:55:41 - [TEST_STEP][PASSED] - click(findTestObject("Form_Selection_Creation/mainMenu_AdminTools")): Object: 'Object Repository/Form_Selection_Creation/mainMenu_AdminTools' is clicked on

2018-12-11 14:55:41 - [MESSAGE][PASSED] - Object: 'Object Repository/Form_Selection_Creation/mainMenu_AdminTools' is clicked on

2018-12-11 14:55:41 - [TEST_STEP][PASSED] - click(findTestObject("Form_Selection_Creation/mainMenu_AdminTools_FormDesigner")): Object: 'Object Repository/Form_Selection_Creation/mainMenu_AdminTools_FormDesigner' is clicked on

2018-12-11 14:55:41 - [MESSAGE][PASSED] - Object: 'Object Repository/Form_Selection_Creation/mainMenu_AdminTools_FormDesigner' is clicked on

2018-12-11 14:55:41 - [TEST_STEP][PASSED] - Thread.sleep(2000): null

2018-12-11 14:55:43 - [TEST_STEP][PASSED] - click(findTestObject("Form_Selection_Creation/selectQuestionaireForm")): Object: 'Object Repository/Form_Selection_Creation/selectQuestionaireForm' is clicked on

2018-12-11 14:55:43 - [MESSAGE][PASSED] - Object: 'Object Repository/Form_Selection_Creation/selectQuestionaireForm' is clicked on

2018-12-11 14:55:43 - [TEST_STEP][PASSED] - Thread.sleep(3000): null

2018-12-11 14:55:46 - [TEST_STEP][PASSED] - dragAndDropToObject(findTestObject("Form_Selection_Creation/formDesign_selectResource"), findTestObject("Form_Selection_Creation/Target_Res_Object")): Dragged object with id 'Object Repository/Form_Selection_Creation/formDesign_selectResource' to object with id 'TestObject - 'Object Repository/Form_Selection_Creation/Target_Res_Object'' successfully

2018-12-11 14:55:47 - [MESSAGE][PASSED] - Dragged object with id 'Object Repository/Form_Selection_Creation/formDesign_selectResource' to object with id 'TestObject - 'Object Repository/Form_Selection_Creation/Target_Res_Object'' successfully

2018-12-11 14:55:47 - [TEST_STEP][PASSED] - Thread.sleep(6000): null

2018-12-11 14:55:53 - [TEST_STEP][PASSED] - click(findTestObject("Form_Selection_Creation/formCreation_NextToDesignForm")): Object: 'Object Repository/Form_Selection_Creation/formCreation_NextToDesignForm' is clicked on

2018-12-11 14:55:53 - [MESSAGE][PASSED] - Object: 'Object Repository/Form_Selection_Creation/formCreation_NextToDesignForm' is clicked on

2018-12-11 14:55:53 - [TEST_STEP][PASSED] - Thread.sleep(4000): null

2018-12-11 14:55:57 - [TEST_STEP][PASSED] - FormName.createForm(findTestObject("Form_Selection_Creation/formDesign_FormName")): FormName.createForm is PASSED

2018-12-11 14:55:58 - [MESSAGE][PASSED] - FormName.createForm is PASSED

2018-12-11 14:55:58 - [TEST_STEP][PASSED] - Thread.sleep(2000): null

2018-12-11 14:56:00 - [TEST_STEP][PASSED] - dragAndDropToObject(findTestObject("Form_Selection_Creation/formDesign_SelectSection"), findTestObject("Form_Selection_Creation/default_area")): Dragged object with id 'Object Repository/Form_Selection_Creation/formDesign_SelectSection' to object with id 'TestObject - 'Object Repository/Form_Selection_Creation/default_area'' successfully

2018-12-11 14:56:01 - [MESSAGE][PASSED] - Dragged object with id 'Object Repository/Form_Selection_Creation/formDesign_SelectSection' to object with id 'TestObject - 'Object Repository/Form_Selection_Creation/default_area'' successfully

2018-12-11 14:56:01 - [TEST_STEP][PASSED] - setText(findTestObject("Form_Selection_Creation/formDesign_SectionName_text"), "This is Section "): Text 'This is Section ' is set on object 'Object Repository/Form_Selection_Creation/formDesign_SectionName_text'

2018-12-11 14:56:01 - [MESSAGE][PASSED] - Text 'This is Section ' is set on object 'Object Repository/Form_Selection_Creation/formDesign_SectionName_text'

2018-12-11 14:56:01 - [TEST_STEP][PASSED] - Thread.sleep(2000): null

2018-12-11 14:56:03 - [TEST_STEP][PASSED] - dragAndDropToObject(findTestObject("Form_Selection_Creation/formDesign_SelectFieldgroup"), findTestObject("Form_Selection_Creation/section_area")): Dragged object with id 'Object Repository/Form_Selection_Creation/formDesign_SelectFieldgroup' to object with id 'TestObject - 'Object Repository/Form_Selection_Creation/section_area'' successfully

2018-12-11 14:56:04 - [MESSAGE][PASSED] - Dragged object with id 'Object Repository/Form_Selection_Creation/formDesign_SelectFieldgroup' to object with id 'TestObject - 'Object Repository/Form_Selection_Creation/section_area'' successfully

2018-12-11 14:56:04 - [TEST_STEP][PASSED] - setText(findTestObject("Form_Selection_Creation/formDesign_FieldGroupName_text"), "This is Field Group "): Text 'This is Field Group ' is set on object 'Object Repository/Form_Selection_Creation/formDesign_FieldGroupName_text'

2018-12-11 14:56:04 - [MESSAGE][PASSED] - Text 'This is Field Group ' is set on object 'Object Repository/Form_Selection_Creation/formDesign_FieldGroupName_text'

2018-12-11 14:56:04 - [TEST_STEP][PASSED] - Thread.sleep(2000): null

2018-12-11 14:56:06 - [TEST_STEP][PASSED] - dragAndDropToObject(findTestObject("Form_Selection_Creation/formDesign_SelectFree Text"), findTestObject("Form_Selection_Creation/group_area")): Dragged object with id 'Object Repository/Form_Selection_Creation/formDesign_SelectFree Text' to object with id 'TestObject - 'Object Repository/Form_Selection_Creation/group_area'' successfully

2018-12-11 14:56:07 - [MESSAGE][PASSED] - Dragged object with id 'Object Repository/Form_Selection_Creation/formDesign_SelectFree Text' to object with id 'TestObject - 'Object Repository/Form_Selection_Creation/group_area'' successfully

2018-12-11 14:56:07 - [TEST_STEP][PASSED] - setText(findTestObject("Form_Selection_Creation/formDesign_SingleLineName_Text"), "This is Single Line Text"): Text 'This is Single Line Text' is set on object 'Object Repository/Form_Selection_Creation/formDesign_SingleLineName_Text'

2018-12-11 14:56:07 - [MESSAGE][PASSED] - Text 'This is Single Line Text' is set on object 'Object Repository/Form_Selection_Creation/formDesign_SingleLineName_Text'

2018-12-11 14:56:07 - [TEST_STEP][PASSED] - Thread.sleep(2000): null

2018-12-11 14:56:09 - [TEST_STEP][PASSED] - dragAndDropToObject(findTestObject("Form_Selection_Creation/formDesign_SelectParagraphText"), findTestObject("Form_Selection_Creation/group_area")): Dragged object with id 'Object Repository/Form_Selection_Creation/formDesign_SelectParagraphText' to object with id 'TestObject - 'Object Repository/Form_Selection_Creation/group_area'' successfully

2018-12-11 14:56:10 - [MESSAGE][PASSED] - Dragged object with id 'Object Repository/Form_Selection_Creation/formDesign_SelectParagraphText' to object with id 'TestObject - 'Object Repository/Form_Selection_Creation/group_area'' successfully

2018-12-11 14:56:10 - [TEST_STEP][PASSED] - setText(findTestObject("Form_Selection_Creation/formDesign_ParagraphName_Text"), "This is Paragraph"): Text 'This is Paragraph' is set on object 'Object Repository/Form_Selection_Creation/formDesign_ParagraphName_Text'

2018-12-11 14:56:11 - [MESSAGE][PASSED] - Text 'This is Paragraph' is set on object 'Object Repository/Form_Selection_Creation/formDesign_ParagraphName_Text'

2018-12-11 14:56:11 - [TEST_STEP][PASSED] - Thread.sleep(2000): null

2018-12-11 14:56:13 - [TEST_STEP][PASSED] - dragAndDropToObject(findTestObject("Form_Selection_Creation/formDesign_Select_SelectOne"), findTestObject("Form_Selection_Creation/group_area")): Dragged object with id 'Object Repository/Form_Selection_Creation/formDesign_Select_SelectOne' to object with id 'TestObject - 'Object Repository/Form_Selection_Creation/group_area'' successfully

2018-12-11 14:56:13 - [MESSAGE][PASSED] - Dragged object with id 'Object Repository/Form_Selection_Creation/formDesign_Select_SelectOne' to object with id 'TestObject - 'Object Repository/Form_Selection_Creation/group_area'' successfully

2018-12-11 14:56:13 - [TEST_STEP][PASSED] - setText(findTestObject("Form_Selection_Creation/formDesign_Select_OneName_text"), "This is Select One"): Text 'This is Select One' is set on object 'Object Repository/Form_Selection_Creation/formDesign_Select_OneName_text'

2018-12-11 14:56:14 - [MESSAGE][PASSED] - Text 'This is Select One' is set on object 'Object Repository/Form_Selection_Creation/formDesign_Select_OneName_text'

2018-12-11 14:56:14 - [TEST_STEP][PASSED] - Thread.sleep(3000): null

2018-12-11 14:56:17 - [TEST_STEP][PASSED] - click(findTestObject("Form_Selection_Creation/button_AddNew1")): Object: 'Object Repository/Form_Selection_Creation/button_AddNew1' is clicked on

2018-12-11 14:56:17 - [MESSAGE][PASSED] - Object: 'Object Repository/Form_Selection_Creation/button_AddNew1' is clicked on

2018-12-11 14:56:17 - [TEST_STEP][PASSED] - setText(findTestObject("Form_Selection_Creation/add1singleValue1"), "SingleOption1"): Text 'SingleOption1' is set on object 'Object Repository/Form_Selection_Creation/add1singleValue1'

2018-12-11 14:56:17 - [MESSAGE][PASSED] - Text 'SingleOption1' is set on object 'Object Repository/Form_Selection_Creation/add1singleValue1'

2018-12-11 14:56:17 - [TEST_STEP][PASSED] - Thread.sleep(2000): null

2018-12-11 14:56:19 - [TEST_STEP][PASSED] - click(findTestObject("Form_Selection_Creation/button_AddNew1")): Object: 'Object Repository/Form_Selection_Creation/button_AddNew1' is clicked on

2018-12-11 14:56:19 - [MESSAGE][PASSED] - Object: 'Object Repository/Form_Selection_Creation/button_AddNew1' is clicked on

2018-12-11 14:56:19 - [TEST_STEP][PASSED] - setText(findTestObject("Form_Selection_Creation/add1singleValue2"), "SingleOption2"): Text 'SingleOption2' is set on object 'Object Repository/Form_Selection_Creation/add1singleValue2'

2018-12-11 14:56:20 - [MESSAGE][PASSED] - Text 'SingleOption2' is set on object 'Object Repository/Form_Selection_Creation/add1singleValue2'

2018-12-11 14:56:20 - [TEST_STEP][PASSED] - Thread.sleep(2000): null

2018-12-11 14:56:22 - [TEST_STEP][PASSED] - dragAndDropToObject(findTestObject("Form_Selection_Creation/formDesign_Select_SelectMultiple"), findTestObject("Form_Selection_Creation/group_area")): Dragged object with id 'Object Repository/Form_Selection_Creation/formDesign_Select_SelectMultiple' to object with id 'TestObject - 'Object Repository/Form_Selection_Creation/group_area'' successfully

2018-12-11 14:56:22 - [MESSAGE][PASSED] - Dragged object with id 'Object Repository/Form_Selection_Creation/formDesign_Select_SelectMultiple' to object with id 'TestObject - 'Object Repository/Form_Selection_Creation/group_area'' successfully

2018-12-11 14:56:22 - [TEST_STEP][PASSED] - setText(findTestObject("Form_Selection_Creation/formDesign_Select_MultipleName_text"), "This is Select Multiple"): Text 'This is Select Multiple' is set on object 'Object Repository/Form_Selection_Creation/formDesign_Select_MultipleName_text'

2018-12-11 14:56:23 - [MESSAGE][PASSED] - Text 'This is Select Multiple' is set on object 'Object Repository/Form_Selection_Creation/formDesign_Select_MultipleName_text'

2018-12-11 14:56:23 - [TEST_STEP][PASSED] - Thread.sleep(3000): null

2018-12-11 14:56:26 - [TEST_STEP][PASSED] - click(findTestObject("Form_Selection_Creation/button_addNewMul1")): Object: 'Object Repository/Form_Selection_Creation/button_addNewMul1' is clicked on

2018-12-11 14:56:26 - [MESSAGE][PASSED] - Object: 'Object Repository/Form_Selection_Creation/button_addNewMul1' is clicked on

2018-12-11 14:56:26 - [TEST_STEP][PASSED] - setText(findTestObject("Form_Selection_Creation/add1MultipleValue1"), "MultipleOption1"): Text 'MultipleOption1' is set on object 'Object Repository/Form_Selection_Creation/add1MultipleValue1'

2018-12-11 14:56:26 - [MESSAGE][PASSED] - Text 'MultipleOption1' is set on object 'Object Repository/Form_Selection_Creation/add1MultipleValue1'

2018-12-11 14:56:26 - [TEST_STEP][PASSED] - Thread.sleep(2000): null

2018-12-11 14:56:28 - [TEST_STEP][PASSED] - click(findTestObject("Form_Selection_Creation/button_addNewMul1")): Object: 'Object Repository/Form_Selection_Creation/button_addNewMul1' is clicked on

2018-12-11 14:56:28 - [MESSAGE][PASSED] - Object: 'Object Repository/Form_Selection_Creation/button_addNewMul1' is clicked on

2018-12-11 14:56:28 - [TEST_STEP][PASSED] - setText(findTestObject("Form_Selection_Creation/add1MultipleValue2"), "MultipleOption2"): Text 'MultipleOption2' is set on object 'Object Repository/Form_Selection_Creation/add1MultipleValue2'

2018-12-11 14:56:29 - [MESSAGE][PASSED] - Text 'MultipleOption2' is set on object 'Object Repository/Form_Selection_Creation/add1MultipleValue2'

2018-12-11 14:56:29 - [TEST_STEP][PASSED] - Thread.sleep(2000): null

2018-12-11 14:56:31 - [TEST_STEP][PASSED] - dragAndDropToObject(findTestObject("Form_Selection_Creation/formDesign_SelectNumeric"), findTestObject("Form_Selection_Creation/group_area")): Dragged object with id 'Object Repository/Form_Selection_Creation/formDesign_SelectNumeric' to object with id 'TestObject - 'Object Repository/Form_Selection_Creation/group_area'' successfully

2018-12-11 14:56:31 - [MESSAGE][PASSED] - Dragged object with id 'Object Repository/Form_Selection_Creation/formDesign_SelectNumeric' to object with id 'TestObject - 'Object Repository/Form_Selection_Creation/group_area'' successfully

2018-12-11 14:56:31 - [TEST_STEP][PASSED] - setText(findTestObject("Form_Selection_Creation/formDesign_NumericName_Text"), "This is a Number"): Text 'This is a Number' is set on object 'Object Repository/Form_Selection_Creation/formDesign_NumericName_Text'

2018-12-11 14:56:32 - [MESSAGE][PASSED] - Text 'This is a Number' is set on object 'Object Repository/Form_Selection_Creation/formDesign_NumericName_Text'

2018-12-11 14:56:32 - [TEST_STEP][PASSED] - Thread.sleep(2000): null

2018-12-11 14:56:34 - [TEST_STEP][PASSED] - dragAndDropToObject(findTestObject("Form_Selection_Creation/formDesign_SelectDate"), findTestObject("Form_Selection_Creation/group_area")): Dragged object with id 'Object Repository/Form_Selection_Creation/formDesign_SelectDate' to object with id 'TestObject - 'Object Repository/Form_Selection_Creation/group_area'' successfully

2018-12-11 14:56:35 - [MESSAGE][PASSED] - Dragged object with id 'Object Repository/Form_Selection_Creation/formDesign_SelectDate' to object with id 'TestObject - 'Object Repository/Form_Selection_Creation/group_area'' successfully

2018-12-11 14:56:35 - [TEST_STEP][PASSED] - setText(findTestObject("Form_Selection_Creation/formDesign_DateName_Text"), "This is a Date"): Text 'This is a Date' is set on object 'Object Repository/Form_Selection_Creation/formDesign_DateName_Text'

2018-12-11 14:56:35 - [MESSAGE][PASSED] - Text 'This is a Date' is set on object 'Object Repository/Form_Selection_Creation/formDesign_DateName_Text'

2018-12-11 14:56:35 - [TEST_STEP][PASSED] - Thread.sleep(2000): null

2018-12-11 14:56:37 - [TEST_STEP][PASSED] - dragAndDropToObject(findTestObject("Form_Selection_Creation/formDesign_SelectTime"), findTestObject("Form_Selection_Creation/group_area")): Dragged object with id 'Object Repository/Form_Selection_Creation/formDesign_SelectTime' to object with id 'TestObject - 'Object Repository/Form_Selection_Creation/group_area'' successfully

2018-12-11 14:56:38 - [MESSAGE][PASSED] - Dragged object with id 'Object Repository/Form_Selection_Creation/formDesign_SelectTime' to object with id 'TestObject - 'Object Repository/Form_Selection_Creation/group_area'' successfully

2018-12-11 14:56:38 - [TEST_STEP][PASSED] - setText(findTestObject("Form_Selection_Creation/formDesign_TimeName_text"), "This is a Time"): Text 'This is a Time' is set on object 'Object Repository/Form_Selection_Creation/formDesign_TimeName_text'

2018-12-11 14:56:38 - [MESSAGE][PASSED] - Text 'This is a Time' is set on object 'Object Repository/Form_Selection_Creation/formDesign_TimeName_text'

2018-12-11 14:56:38 - [TEST_STEP][PASSED] - Thread.sleep(2000): null

2018-12-11 14:56:40 - [TEST_STEP][PASSED] - dragAndDropToObject(findTestObject("Form_Selection_Creation/formDesign_SelectDateTime"), findTestObject("Form_Selection_Creation/group_area")): Dragged object with id 'Object Repository/Form_Selection_Creation/formDesign_SelectDateTime' to object with id 'TestObject - 'Object Repository/Form_Selection_Creation/group_area'' successfully

2018-12-11 14:56:46 - [MESSAGE][PASSED] - Dragged object with id 'Object Repository/Form_Selection_Creation/formDesign_SelectDateTime' to object with id 'TestObject - 'Object Repository/Form_Selection_Creation/group_area'' successfully

2018-12-11 14:56:46 - [TEST_STEP][PASSED] - setText(findTestObject("Form_Selection_Creation/formDesign_DateTimeName_Text"), "This is a Date-Time"): Text 'This is a Date-Time' is set on object 'Object Repository/Form_Selection_Creation/formDesign_DateTimeName_Text'

2018-12-11 14:56:47 - [MESSAGE][PASSED] - Text 'This is a Date-Time' is set on object 'Object Repository/Form_Selection_Creation/formDesign_DateTimeName_Text'

2018-12-11 14:56:47 - [TEST_STEP][PASSED] - Thread.sleep(2000): null

2018-12-11 14:56:49 - [TEST_STEP][PASSED] - click(findTestObject("Form_Selection_Creation/formCreation_NextToDesignForm")): Object: 'Object Repository/Form_Selection_Creation/formCreation_NextToDesignForm' is clicked on

2018-12-11 14:56:49 - [MESSAGE][PASSED] - Object: 'Object Repository/Form_Selection_Creation/formCreation_NextToDesignForm' is clicked on

2018-12-11 14:56:49 - [TEST_STEP][PASSED] - Thread.sleep(7000): null

2018-12-11 14:56:56 - [TEST_STEP][PASSED] - click(findTestObject("Form_Selection_Creation/div_Preview             Form1")): Object: 'Object Repository/Form_Selection_Creation/div_Preview             Form1' is clicked on

2018-12-11 14:56:56 - [MESSAGE][PASSED] - Object: 'Object Repository/Form_Selection_Creation/div_Preview             Form1' is clicked on

2018-12-11 14:56:56 - [TEST_STEP][PASSED] - Thread.sleep(5000): null

2018-12-11 14:57:01 - [TEST_STEP][PASSED] - click(findTestObject("Form_Selection_Creation/button_Release")): Object: 'Object Repository/Form_Selection_Creation/button_Release' is clicked on

2018-12-11 14:57:01 - [MESSAGE][PASSED] - Object: 'Object Repository/Form_Selection_Creation/button_Release' is clicked on

2018-12-11 14:57:01 - [TEST_STEP][PASSED] - Thread.sleep(4000): null]]></system-out>
         <system-err><![CDATA[]]></system-err>
      </testcase>
      <testcase name="Test Cases/Forms/QuestionaitreForm/2_FormSubmission" classname="Test Cases/Forms/QuestionaitreForm/2_FormSubmission" status="PASSED">
         <system-out><![CDATA[2018-12-11 14:57:05 - [TEST_CASE][PASSED] - Test Cases/Forms/QuestionaitreForm/2_FormSubmission: Test Cases/Forms/QuestionaitreForm/2_FormSubmission

2018-12-11 14:57:05 - [TEST_STEP][PASSED] - openBrowser(""): Browser is opened with url: ''

2018-12-11 14:57:05 - [MESSAGE][WARNING] - A browser is already opened. Closing browser and opening a new one

2018-12-11 14:57:06 - [MESSAGE][INFO] - Starting 'Chrome' driver

2018-12-11 14:57:08 - [MESSAGE][PASSED] - Browser is opened with url: ''

2018-12-11 14:57:08 - [TEST_STEP][PASSED] - navigateToUrl(URL): Navigate to 'https://test1.safetychain.com' successfully

2018-12-11 14:57:33 - [MESSAGE][PASSED] - Navigate to 'https://test1.safetychain.com' successfully

2018-12-11 14:57:33 - [TEST_STEP][PASSED] - maximizeWindow(): Current window maximized

2018-12-11 14:57:34 - [MESSAGE][PASSED] - Current window maximized

2018-12-11 14:57:34 - [TEST_STEP][PASSED] - driver = getWebDriver(): null

2018-12-11 14:57:34 - [TEST_STEP][PASSED] - setText(findTestObject("FormTab/login_Username"), UserName): Text 'Superadmin' is set on object 'Object Repository/FormTab/login_Username'

2018-12-11 14:57:39 - [MESSAGE][PASSED] - Text 'Superadmin' is set on object 'Object Repository/FormTab/login_Username'

2018-12-11 14:57:39 - [TEST_STEP][PASSED] - setText(findTestObject("FormTab/login_Password"), Password): Text 'latetest13772boot' is set on object 'Object Repository/FormTab/login_Password'

2018-12-11 14:57:39 - [MESSAGE][PASSED] - Text 'latetest13772boot' is set on object 'Object Repository/FormTab/login_Password'

2018-12-11 14:57:39 - [TEST_STEP][PASSED] - click(findTestObject("FormTab/login_Button")): Object: 'Object Repository/FormTab/login_Button' is clicked on

2018-12-11 14:57:41 - [MESSAGE][PASSED] - Object: 'Object Repository/FormTab/login_Button' is clicked on

2018-12-11 14:57:41 - [TEST_STEP][PASSED] - Thread.sleep(10000): null

2018-12-11 14:57:51 - [TEST_STEP][PASSED] - click(findTestObject("FormTab/form_Tab")): Object: 'Object Repository/FormTab/form_Tab' is clicked on

2018-12-11 14:57:51 - [MESSAGE][PASSED] - Object: 'Object Repository/FormTab/form_Tab' is clicked on

2018-12-11 14:57:51 - [TEST_STEP][NOT_RUN] - Thread.sleep(4000): NOT_RUN: Thread.sleep(4000)

2018-12-11 14:57:51 - [MESSAGE][NOT_RUN] - NOT_RUN: Thread.sleep(4000)

2018-12-11 14:57:51 - [TEST_STEP][NOT_RUN] - click(findTestObject("FormTab/clickToViewMoreOption")): NOT_RUN: click(findTestObject("FormTab/clickToViewMoreOption"))

2018-12-11 14:57:51 - [MESSAGE][NOT_RUN] - NOT_RUN: click(findTestObject("FormTab/clickToViewMoreOption"))

2018-12-11 14:57:51 - [TEST_STEP][NOT_RUN] - waitForElementNotVisible(findTestObject("FormTab/select500_Form"), 5): NOT_RUN: waitForElementNotVisible(findTestObject("FormTab/select500_Form"), 5)

2018-12-11 14:57:51 - [MESSAGE][NOT_RUN] - NOT_RUN: waitForElementNotVisible(findTestObject("FormTab/select500_Form"), 5)

2018-12-11 14:57:51 - [TEST_STEP][NOT_RUN] - click(findTestObject("FormTab/select500_Form")): NOT_RUN: click(findTestObject("FormTab/select500_Form"))

2018-12-11 14:57:51 - [MESSAGE][NOT_RUN] - NOT_RUN: click(findTestObject("FormTab/select500_Form"))

2018-12-11 14:57:51 - [TEST_STEP][PASSED] - Thread.sleep(3000): null

2018-12-11 14:57:54 - [TEST_STEP][PASSED] - click(findTestObject("FormTab/options")): Object: 'Object Repository/FormTab/options' is clicked on

2018-12-11 14:57:54 - [MESSAGE][PASSED] - Object: 'Object Repository/FormTab/options' is clicked on

2018-12-11 14:57:54 - [TEST_STEP][PASSED] - Thread.sleep(2000): null

2018-12-11 14:57:56 - [TEST_STEP][PASSED] - mouseOver(findTestObject("FormTab/filterOption")): Object: 'Object Repository/FormTab/filterOption' is hovered

2018-12-11 14:57:56 - [MESSAGE][PASSED] - Object: 'Object Repository/FormTab/filterOption' is hovered

2018-12-11 14:57:56 - [TEST_STEP][PASSED] - Thread.sleep(2000): null

2018-12-11 14:57:58 - [TEST_STEP][PASSED] - FormName.filterFormName(): FormName.filterFormName is PASSED

2018-12-11 14:57:59 - [MESSAGE][PASSED] - FormName.filterFormName is PASSED

2018-12-11 14:57:59 - [TEST_STEP][PASSED] - Thread.sleep(2000): null

2018-12-11 14:58:01 - [TEST_STEP][PASSED] - click(findTestObject("FormTab/filterButton")): Object: 'Object Repository/FormTab/filterButton' is clicked on

2018-12-11 14:58:01 - [MESSAGE][PASSED] - Object: 'Object Repository/FormTab/filterButton' is clicked on

2018-12-11 14:58:01 - [TEST_STEP][PASSED] - Thread.sleep(4000): null

2018-12-11 14:58:05 - [TEST_STEP][PASSED] - click(findTestObject("FormTab/selectForm")): Object: 'Object Repository/FormTab/selectForm' is clicked on

2018-12-11 14:58:05 - [MESSAGE][PASSED] - Object: 'Object Repository/FormTab/selectForm' is clicked on

2018-12-11 14:58:05 - [TEST_STEP][PASSED] - Thread.sleep(4000): null

2018-12-11 14:58:09 - [TEST_STEP][NOT_RUN] - FormName.fillFormName(): NOT_RUN: FormName.fillFormName()

2018-12-11 14:58:09 - [MESSAGE][NOT_RUN] - NOT_RUN: FormName.fillFormName()

2018-12-11 14:58:09 - [TEST_STEP][NOT_RUN] - Thread.sleep(4000): NOT_RUN: Thread.sleep(4000)

2018-12-11 14:58:09 - [MESSAGE][NOT_RUN] - NOT_RUN: Thread.sleep(4000)

2018-12-11 14:58:09 - [TEST_STEP][PASSED] - click(findTestObject("FormTab/fillForm_OpenLocationOption")): Object: 'Object Repository/FormTab/fillForm_OpenLocationOption' is clicked on

2018-12-11 14:58:14 - [MESSAGE][PASSED] - Object: 'Object Repository/FormTab/fillForm_OpenLocationOption' is clicked on

2018-12-11 14:58:14 - [TEST_STEP][PASSED] - Thread.sleep(4000): null

2018-12-11 14:58:18 - [TEST_STEP][NOT_RUN] - delay(3000): NOT_RUN: delay(3000)

2018-12-11 14:58:18 - [MESSAGE][NOT_RUN] - NOT_RUN: delay(3000)

2018-12-11 14:58:18 - [TEST_STEP][NOT_RUN] - waitForElementNotVisible(findTestObject("FormTab/fillForm_SelectLocation"), 5): NOT_RUN: waitForElementNotVisible(findTestObject("FormTab/fillForm_SelectLocation"), 5)

2018-12-11 14:58:18 - [MESSAGE][NOT_RUN] - NOT_RUN: waitForElementNotVisible(findTestObject("FormTab/fillForm_SelectLocation"), 5)

2018-12-11 14:58:18 - [TEST_STEP][PASSED] - click(findTestObject("FormTab/fillForm_SelectLocation")): Object: 'Object Repository/FormTab/fillForm_SelectLocation' is clicked on

2018-12-11 14:58:18 - [MESSAGE][PASSED] - Object: 'Object Repository/FormTab/fillForm_SelectLocation' is clicked on

2018-12-11 14:58:18 - [TEST_STEP][PASSED] - Thread.sleep(4000): null

2018-12-11 14:58:22 - [TEST_STEP][PASSED] - click(findTestObject("FormTab/fillForm_OpenResourceOption")): Object: 'Object Repository/FormTab/fillForm_OpenResourceOption' is clicked on

2018-12-11 14:58:22 - [MESSAGE][PASSED] - Object: 'Object Repository/FormTab/fillForm_OpenResourceOption' is clicked on

2018-12-11 14:58:22 - [TEST_STEP][PASSED] - Thread.sleep(4000): null

2018-12-11 14:58:26 - [TEST_STEP][NOT_RUN] - delay(4000): NOT_RUN: delay(4000)

2018-12-11 14:58:26 - [MESSAGE][NOT_RUN] - NOT_RUN: delay(4000)

2018-12-11 14:58:26 - [TEST_STEP][NOT_RUN] - waitForElementNotVisible(findTestObject("FormTab/fillForm_SelectResource"), 5): NOT_RUN: waitForElementNotVisible(findTestObject("FormTab/fillForm_SelectResource"), 5)

2018-12-11 14:58:26 - [MESSAGE][NOT_RUN] - NOT_RUN: waitForElementNotVisible(findTestObject("FormTab/fillForm_SelectResource"), 5)

2018-12-11 14:58:26 - [TEST_STEP][PASSED] - click(findTestObject("FormTab/fillForm_SelectResource")): Object: 'Object Repository/FormTab/fillForm_SelectResource' is clicked on

2018-12-11 14:58:26 - [MESSAGE][PASSED] - Object: 'Object Repository/FormTab/fillForm_SelectResource' is clicked on

2018-12-11 14:58:26 - [TEST_STEP][PASSED] - Thread.sleep(4000): null

2018-12-11 14:58:30 - [TEST_STEP][PASSED] - setText(findTestObject("FormTab/fillForm_FreeSingleText"), "MyText"): Text 'MyText' is set on object 'Object Repository/FormTab/fillForm_FreeSingleText'

2018-12-11 14:58:31 - [MESSAGE][PASSED] - Text 'MyText' is set on object 'Object Repository/FormTab/fillForm_FreeSingleText'

2018-12-11 14:58:31 - [TEST_STEP][PASSED] - setText(findTestObject("FormTab/fillForm_ParagraphText"), "MyParagraph"): Text 'MyParagraph' is set on object 'Object Repository/FormTab/fillForm_ParagraphText'

2018-12-11 14:58:31 - [MESSAGE][PASSED] - Text 'MyParagraph' is set on object 'Object Repository/FormTab/fillForm_ParagraphText'

2018-12-11 14:58:31 - [TEST_STEP][PASSED] - Thread.sleep(3000): null

2018-12-11 14:58:34 - [TEST_STEP][PASSED] - setText(findTestObject("FormTab/fillForm_SelectOneOption"), "SingleOption1"): Text 'SingleOption1' is set on object 'Object Repository/FormTab/fillForm_SelectOneOption'

2018-12-11 14:58:34 - [MESSAGE][PASSED] - Text 'SingleOption1' is set on object 'Object Repository/FormTab/fillForm_SelectOneOption'

2018-12-11 14:58:34 - [TEST_STEP][PASSED] - Thread.sleep(3000): null

2018-12-11 14:58:37 - [TEST_STEP][PASSED] - xpath("//*[@id='scs-form-level']/div/div/div/div/div/div/div[4]/div/field-template/div/div/div/div/span/span/input")).sendKeys(ENTER): null

2018-12-11 14:58:37 - [TEST_STEP][PASSED] - Thread.sleep(3000): null

2018-12-11 14:58:40 - [TEST_STEP][PASSED] - setText(findTestObject("FormTab/fillForm_SelectMultipleOption"), "MultipleOption1"): Text 'MultipleOption1' is set on object 'Object Repository/FormTab/fillForm_SelectMultipleOption'

2018-12-11 14:58:40 - [MESSAGE][PASSED] - Text 'MultipleOption1' is set on object 'Object Repository/FormTab/fillForm_SelectMultipleOption'

2018-12-11 14:58:40 - [TEST_STEP][PASSED] - Thread.sleep(3000): null

2018-12-11 14:58:43 - [TEST_STEP][PASSED] - xpath("//*[@id='scs-form-level']/div/div/div/div/div/div/div[5]/div/field-template/div/div/div/div/div/div/input")).sendKeys(ENTER): null

2018-12-11 14:58:44 - [TEST_STEP][PASSED] - click(findTestObject("FormTab/fillForm_SelectMultipleOption")): Object: 'Object Repository/FormTab/fillForm_SelectMultipleOption' is clicked on

2018-12-11 14:58:44 - [MESSAGE][PASSED] - Object: 'Object Repository/FormTab/fillForm_SelectMultipleOption' is clicked on

2018-12-11 14:58:44 - [TEST_STEP][PASSED] - Thread.sleep(4000): null

2018-12-11 14:58:48 - [TEST_STEP][PASSED] - xpath("//*[@id='scs-form-level']/div/div/div/div[2]/div/div/div[6]/div/field-template/div/div[2]/div/div/span[1]/span/input[1]")).sendKeys("9"): null

2018-12-11 14:58:48 - [TEST_STEP][PASSED] - setText(findTestObject("FormTab/fillForm_DateText"), "10/18/2018"): Text '10/18/2018' is set on object 'Object Repository/FormTab/fillForm_DateText'

2018-12-11 14:58:48 - [MESSAGE][PASSED] - Text '10/18/2018' is set on object 'Object Repository/FormTab/fillForm_DateText'

2018-12-11 14:58:48 - [TEST_STEP][PASSED] - setText(findTestObject("FormTab/fillForm_TimeText"), "9:00 AM"): Text '9:00 AM' is set on object 'Object Repository/FormTab/fillForm_TimeText'

2018-12-11 14:58:48 - [MESSAGE][PASSED] - Text '9:00 AM' is set on object 'Object Repository/FormTab/fillForm_TimeText'

2018-12-11 14:58:48 - [TEST_STEP][PASSED] - setText(findTestObject("FormTab/fillForm_DateTimeText"), "10/18/2018 9:00 AM"): Text '10/18/2018 9:00 AM' is set on object 'Object Repository/FormTab/fillForm_DateTimeText'

2018-12-11 14:58:48 - [MESSAGE][PASSED] - Text '10/18/2018 9:00 AM' is set on object 'Object Repository/FormTab/fillForm_DateTimeText'

2018-12-11 14:58:48 - [TEST_STEP][PASSED] - click(findTestObject("FormTab/fillForm_SubmitButton")): Object: 'Object Repository/FormTab/fillForm_SubmitButton' is clicked on

2018-12-11 14:58:48 - [MESSAGE][PASSED] - Object: 'Object Repository/FormTab/fillForm_SubmitButton' is clicked on

2018-12-11 14:58:48 - [TEST_STEP][PASSED] - Thread.sleep(2000): null

2018-12-11 14:58:50 - [TEST_STEP][PASSED] - click(findTestObject("FormTab/fillForm_SubmissionOkButton")): Object: 'Object Repository/FormTab/fillForm_SubmissionOkButton' is clicked on

2018-12-11 14:58:51 - [MESSAGE][PASSED] - Object: 'Object Repository/FormTab/fillForm_SubmissionOkButton' is clicked on

2018-12-11 14:58:51 - [TEST_STEP][PASSED] - Thread.sleep(4000): null]]></system-out>
         <system-err><![CDATA[]]></system-err>
      </testcase>
      <testcase name="Test Cases/Forms/QuestionaitreForm/3_VerifyingDocument" classname="Test Cases/Forms/QuestionaitreForm/3_VerifyingDocument" status="PASSED">
         <system-out><![CDATA[2018-12-11 14:58:55 - [TEST_CASE][PASSED] - Test Cases/Forms/QuestionaitreForm/3_VerifyingDocument: Test Cases/Forms/QuestionaitreForm/3_VerifyingDocument

2018-12-11 14:58:55 - [TEST_STEP][NOT_RUN] - openBrowser(URL): NOT_RUN: openBrowser(URL)

2018-12-11 14:58:55 - [MESSAGE][NOT_RUN] - NOT_RUN: openBrowser(URL)

2018-12-11 14:58:55 - [TEST_STEP][NOT_RUN] - setText(findTestObject("DocumentTab/login_Username"), UserName): NOT_RUN: setText(findTestObject("DocumentTab/login_Username"), UserName)

2018-12-11 14:58:55 - [MESSAGE][NOT_RUN] - NOT_RUN: setText(findTestObject("DocumentTab/login_Username"), UserName)

2018-12-11 14:58:55 - [TEST_STEP][NOT_RUN] - setText(findTestObject("DocumentTab/login_Password"), Password): NOT_RUN: setText(findTestObject("DocumentTab/login_Password"), Password)

2018-12-11 14:58:55 - [MESSAGE][NOT_RUN] - NOT_RUN: setText(findTestObject("DocumentTab/login_Password"), Password)

2018-12-11 14:58:55 - [TEST_STEP][NOT_RUN] - click(findTestObject("DocumentTab/login_Button")): NOT_RUN: click(findTestObject("DocumentTab/login_Button"))

2018-12-11 14:58:55 - [MESSAGE][NOT_RUN] - NOT_RUN: click(findTestObject("DocumentTab/login_Button"))

2018-12-11 14:58:55 - [TEST_STEP][PASSED] - Thread.sleep(8000): null

2018-12-11 14:59:03 - [TEST_STEP][PASSED] - click(findTestObject("DocumentTab/documentTab")): Object: 'Object Repository/DocumentTab/documentTab' is clicked on

2018-12-11 14:59:03 - [MESSAGE][PASSED] - Object: 'Object Repository/DocumentTab/documentTab' is clicked on

2018-12-11 14:59:03 - [TEST_STEP][PASSED] - Thread.sleep(7000): null

2018-12-11 14:59:10 - [TEST_STEP][PASSED] - FormName.documentFormName(): FormName.documentFormName is PASSED

2018-12-11 14:59:10 - [MESSAGE][PASSED] - FormName.documentFormName is PASSED

2018-12-11 14:59:10 - [TEST_STEP][PASSED] - Thread.sleep(4000): null]]></system-out>
         <system-err><![CDATA[]]></system-err>
      </testcase>
      <testcase name="Test Cases/Forms/QuestionaitreForm/4_VerifyingDMS" classname="Test Cases/Forms/QuestionaitreForm/4_VerifyingDMS" status="PASSED">
         <system-out><![CDATA[2018-12-11 14:59:14 - [TEST_CASE][PASSED] - Test Cases/Forms/QuestionaitreForm/4_VerifyingDMS: Test Cases/Forms/QuestionaitreForm/4_VerifyingDMS

2018-12-11 14:59:14 - [TEST_STEP][NOT_RUN] - openBrowser(URL): NOT_RUN: openBrowser(URL)

2018-12-11 14:59:14 - [MESSAGE][NOT_RUN] - NOT_RUN: openBrowser(URL)

2018-12-11 14:59:14 - [TEST_STEP][NOT_RUN] - setText(findTestObject("DMS_Forms/login_Username"), UserName): NOT_RUN: setText(findTestObject("DMS_Forms/login_Username"), UserName)

2018-12-11 14:59:14 - [MESSAGE][NOT_RUN] - NOT_RUN: setText(findTestObject("DMS_Forms/login_Username"), UserName)

2018-12-11 14:59:14 - [TEST_STEP][NOT_RUN] - setText(findTestObject("DMS_Forms/login_Password"), Password): NOT_RUN: setText(findTestObject("DMS_Forms/login_Password"), Password)

2018-12-11 14:59:14 - [MESSAGE][NOT_RUN] - NOT_RUN: setText(findTestObject("DMS_Forms/login_Password"), Password)

2018-12-11 14:59:14 - [TEST_STEP][NOT_RUN] - click(findTestObject("DMS_Forms/login_Button")): NOT_RUN: click(findTestObject("DMS_Forms/login_Button"))

2018-12-11 14:59:14 - [MESSAGE][NOT_RUN] - NOT_RUN: click(findTestObject("DMS_Forms/login_Button"))

2018-12-11 14:59:14 - [TEST_STEP][PASSED] - Thread.sleep(4000): null

2018-12-11 14:59:18 - [TEST_STEP][PASSED] - click(findTestObject("DMS_Forms/mainmenu_button")): Object: 'Object Repository/DMS_Forms/mainmenu_button' is clicked on

2018-12-11 14:59:19 - [MESSAGE][PASSED] - Object: 'Object Repository/DMS_Forms/mainmenu_button' is clicked on

2018-12-11 14:59:19 - [TEST_STEP][PASSED] - click(findTestObject("DMS_Forms/mainmenu_Document")): Object: 'Object Repository/DMS_Forms/mainmenu_Document' is clicked on

2018-12-11 14:59:19 - [MESSAGE][PASSED] - Object: 'Object Repository/DMS_Forms/mainmenu_Document' is clicked on

2018-12-11 14:59:19 - [TEST_STEP][PASSED] - Thread.sleep(4000): null

2018-12-11 14:59:23 - [TEST_STEP][PASSED] - FormName.findinDMS(): FormName.findinDMS is PASSED

2018-12-11 14:59:28 - [MESSAGE][PASSED] - FormName.findinDMS is PASSED

2018-12-11 14:59:28 - [TEST_STEP][PASSED] - Thread.sleep(4000): null

2018-12-11 14:59:32 - [TEST_STEP][PASSED] - doubleClick(findTestObject("DMS_Forms/openDocument")): Object: 'Object Repository/DMS_Forms/openDocument' is double clicked on

2018-12-11 14:59:32 - [MESSAGE][PASSED] - Object: 'Object Repository/DMS_Forms/openDocument' is double clicked on

2018-12-11 14:59:32 - [TEST_STEP][PASSED] - Thread.sleep(4000): null]]></system-out>
         <system-err><![CDATA[]]></system-err>
      </testcase>
      <system-out><![CDATA[2018-12-11 14:45:57 - [TEST_SUITE][PASSED] - MyTest: Test Cases/Forms/QuestionaitreForm/4_VerifyingDMS]]></system-out>
      <system-err><![CDATA[]]></system-err>
   </testsuite>
</testsuites>
