<?xml version="1.0" encoding="UTF-8"?>
<testsuites name="CheckAllResources" time="970" tests="9" failures="0" errors="0">
   <testsuite name="CheckAllResources" tests="9" failures="0" errors="0" time="970" timestamp="2019-02-20 17:15:00" hostname="pashine_a - Abhishek-Pashine.India.XoriantCorp.com" id="Test Suites/CheckAllResources">
      <properties>
         <property name="deviceName" value=""/>
         <property name="devicePlatform" value=""/>
         <property name="logFolder" value="D:\\Git Data\\SafetyChain-Test-Automation-Katalon\\Reports\\CheckAllResources\\20190220_171458"/>
         <property name="logFiles" value="D:\\Git Data\\SafetyChain-Test-Automation-Katalon\\Reports\\CheckAllResources\\20190220_171458\\execution0.log"/>
         <property name="attachments" value=""/>
         <property name="hostName" value="pashine_a - Abhishek-Pashine.India.XoriantCorp.com"/>
         <property name="os" value="Windows 7 64bit"/>
         <property name="katalonVersion" value="5.10.1.1"/>
         <property name="browser" value="Chrome 72.0.3626.109"/>
         <property name="hostAddress" value="10.21.7.147"/>
         <property name="sessionId" value="736bb1aeb893dd422d1ff06999a37814"/>
         <property name="seleniumVersion" value="3.7.1"/>
         <property name="proxyInformation" value="ProxyInformation{proxyOption=NO_PROXY, proxyServerType=HTTP, password=, proxyServerAddress=, proxyServerPort=0}"/>
         <property name="platform" value="Windows 7"/>
      </properties>
      <testcase name="Test Cases/CheckResoucesAsPerLocation/checkLocation" classname="Test Cases/CheckResoucesAsPerLocation/checkLocation" status="PASSED">
         <system-out><![CDATA[2019-02-20 17:15:01 - [TEST_CASE][PASSED] - Test Cases/CheckResoucesAsPerLocation/checkLocation: Test Cases/CheckResoucesAsPerLocation/checkLocation

2019-02-20 17:15:01 - [TEST_STEP][PASSED] - openBrowser(URL): Browser is opened with url: 'https://test1.safetychain.com'

2019-02-20 17:15:02 - [MESSAGE][INFO] - Starting 'Chrome' driver

2019-02-20 17:15:02 - [MESSAGE][INFO] - Action delay is set to 0 seconds

2019-02-20 17:15:22 - [MESSAGE][PASSED] - Browser is opened with url: 'https://test1.safetychain.com'

2019-02-20 17:15:22 - [TEST_STEP][PASSED] - maximizeWindow(): Current window maximized

2019-02-20 17:15:24 - [MESSAGE][PASSED] - Current window maximized

2019-02-20 17:15:24 - [TEST_STEP][PASSED] - setText(findTestObject("TestUserLocation/login_Username"), UserName): Text 'tester' is set on object 'Object Repository/TestUserLocation/login_Username'

2019-02-20 17:15:27 - [MESSAGE][PASSED] - Text 'tester' is set on object 'Object Repository/TestUserLocation/login_Username'

2019-02-20 17:15:27 - [TEST_STEP][PASSED] - setText(findTestObject("TestUserLocation/login_Password"), Password): Text 'TestLi^e' is set on object 'Object Repository/TestUserLocation/login_Password'

2019-02-20 17:15:27 - [MESSAGE][PASSED] - Text 'TestLi^e' is set on object 'Object Repository/TestUserLocation/login_Password'

2019-02-20 17:15:27 - [TEST_STEP][PASSED] - AdminTool_Location.setLocationName(): AdminTool_Location.setLocationName is PASSED

2019-02-20 17:15:33 - [MESSAGE][PASSED] - AdminTool_Location.setLocationName is PASSED

2019-02-20 17:15:33 - [TEST_STEP][PASSED] - click(findTestObject("TestUserLocation/login_Button")): Object: 'Object Repository/TestUserLocation/login_Button' is clicked on

2019-02-20 17:15:35 - [MESSAGE][PASSED] - Object: 'Object Repository/TestUserLocation/login_Button' is clicked on

2019-02-20 17:15:35 - [TEST_STEP][PASSED] - Thread.sleep(4000): null

2019-02-20 17:15:39 - [TEST_STEP][PASSED] - AdminTool_Location.setLocationNameInLocation(): AdminTool_Location.setLocationNameInLocation is PASSED

2019-02-20 17:15:43 - [MESSAGE][PASSED] - AdminTool_Location.setLocationNameInLocation is PASSED

2019-02-20 17:15:43 - [TEST_STEP][PASSED] - click(findTestObject("TestUserLocation/mainmenu_button")): Object: 'Object Repository/TestUserLocation/mainmenu_button' is clicked on

2019-02-20 17:15:43 - [MESSAGE][PASSED] - Object: 'Object Repository/TestUserLocation/mainmenu_button' is clicked on

2019-02-20 17:15:43 - [TEST_STEP][PASSED] - Thread.sleep(2000): null

2019-02-20 17:15:45 - [TEST_STEP][PASSED] - click(findTestObject("TestUserLocation/adminTool")): Object: 'Object Repository/TestUserLocation/adminTool' is clicked on

2019-02-20 17:15:46 - [MESSAGE][PASSED] - Object: 'Object Repository/TestUserLocation/adminTool' is clicked on

2019-02-20 17:15:46 - [TEST_STEP][PASSED] - Thread.sleep(2000): null

2019-02-20 17:15:48 - [TEST_STEP][PASSED] - click(findTestObject("TestUserLocation/mainMenuResourceDesigner")): Object: 'Object Repository/TestUserLocation/mainMenuResourceDesigner' is clicked on

2019-02-20 17:15:53 - [MESSAGE][PASSED] - Object: 'Object Repository/TestUserLocation/mainMenuResourceDesigner' is clicked on

2019-02-20 17:15:53 - [TEST_STEP][PASSED] - Thread.sleep(4000): null

2019-02-20 17:15:57 - [TEST_STEP][PASSED] - click(findTestObject("TestUserLocation/locations")): Object: 'Object Repository/TestUserLocation/locations' is clicked on

2019-02-20 17:15:57 - [MESSAGE][PASSED] - Object: 'Object Repository/TestUserLocation/locations' is clicked on

2019-02-20 17:15:57 - [TEST_STEP][PASSED] - Thread.sleep(4000): null

2019-02-20 17:16:01 - [TEST_STEP][NOT_RUN] - refresh(): NOT_RUN: refresh()

2019-02-20 17:16:01 - [MESSAGE][NOT_RUN] - NOT_RUN: refresh()

2019-02-20 17:16:01 - [TEST_STEP][NOT_RUN] - Thread.sleep(4000): NOT_RUN: Thread.sleep(4000)

2019-02-20 17:16:01 - [MESSAGE][NOT_RUN] - NOT_RUN: Thread.sleep(4000)

2019-02-20 17:16:01 - [TEST_STEP][PASSED] - click(findTestObject("TestUserLocation/categories")): Object: 'Object Repository/TestUserLocation/categories' is clicked on

2019-02-20 17:16:01 - [MESSAGE][PASSED] - Object: 'Object Repository/TestUserLocation/categories' is clicked on

2019-02-20 17:16:01 - [TEST_STEP][PASSED] - Thread.sleep(2000): null

2019-02-20 17:16:03 - [TEST_STEP][PASSED] - click(findTestObject("TestUserLocation/defaultArea")): Object: 'Object Repository/TestUserLocation/defaultArea' is clicked on

2019-02-20 17:16:03 - [MESSAGE][PASSED] - Object: 'Object Repository/TestUserLocation/defaultArea' is clicked on

2019-02-20 17:16:03 - [TEST_STEP][PASSED] - click(findTestObject("TestUserLocation/hoverHeading")): Object: 'Object Repository/TestUserLocation/hoverHeading' is clicked on

2019-02-20 17:16:03 - [MESSAGE][PASSED] - Object: 'Object Repository/TestUserLocation/hoverHeading' is clicked on

2019-02-20 17:16:03 - [TEST_STEP][PASSED] - click(findTestObject("TestUserLocation/addPlusIcon")): Object: 'Object Repository/TestUserLocation/addPlusIcon' is clicked on

2019-02-20 17:16:03 - [MESSAGE][PASSED] - Object: 'Object Repository/TestUserLocation/addPlusIcon' is clicked on

2019-02-20 17:16:03 - [TEST_STEP][PASSED] - setText(findTestObject("TestUserLocation/setNewName"), findTestData("LocationData").getValue("LocationName", 1)): Text 'Location_20/02/19-17:15' is set on object 'Object Repository/TestUserLocation/setNewName'

2019-02-20 17:16:04 - [MESSAGE][PASSED] - Text 'Location_20/02/19-17:15' is set on object 'Object Repository/TestUserLocation/setNewName'

2019-02-20 17:16:04 - [TEST_STEP][PASSED] - Thread.sleep(2000): null

2019-02-20 17:16:06 - [TEST_STEP][PASSED] - click(findTestObject("TestUserLocation/saveButton")): Object: 'Object Repository/TestUserLocation/saveButton' is clicked on

2019-02-20 17:16:06 - [MESSAGE][PASSED] - Object: 'Object Repository/TestUserLocation/saveButton' is clicked on

2019-02-20 17:16:06 - [TEST_STEP][PASSED] - Thread.sleep(4000): null

2019-02-20 17:16:10 - [TEST_STEP][PASSED] - AdminTool_Location.moveCursor(): AdminTool_Location.moveCursor is PASSED

2019-02-20 17:16:10 - [MESSAGE][PASSED] - AdminTool_Location.moveCursor is PASSED

2019-02-20 17:16:10 - [TEST_STEP][PASSED] - Thread.sleep(2000): null

2019-02-20 17:16:12 - [TEST_STEP][PASSED] - click(findTestObject("TestUserLocation/mainmenu_button")): Object: 'Object Repository/TestUserLocation/mainmenu_button' is clicked on

2019-02-20 17:16:12 - [MESSAGE][PASSED] - Object: 'Object Repository/TestUserLocation/mainmenu_button' is clicked on

2019-02-20 17:16:12 - [TEST_STEP][PASSED] - click(findTestObject("TestUserLocation/mainMenuLocation")): Object: 'Object Repository/TestUserLocation/mainMenuLocation' is clicked on

2019-02-20 17:16:13 - [MESSAGE][PASSED] - Object: 'Object Repository/TestUserLocation/mainMenuLocation' is clicked on

2019-02-20 17:16:13 - [TEST_STEP][PASSED] - Thread.sleep(4000): null

2019-02-20 17:16:17 - [TEST_STEP][PASSED] - AdminTool_Location.selectLocation(): Element has been clicked

2019-02-20 17:16:21 - [MESSAGE][PASSED] - Element has been clicked

2019-02-20 17:16:21 - [TEST_STEP][PASSED] - click(findTestObject("TestUserLocation/addPlusIcon")): Object: 'Object Repository/TestUserLocation/addPlusIcon' is clicked on

2019-02-20 17:16:21 - [MESSAGE][PASSED] - Object: 'Object Repository/TestUserLocation/addPlusIcon' is clicked on

2019-02-20 17:16:21 - [TEST_STEP][PASSED] - Thread.sleep(2000): null

2019-02-20 17:16:23 - [TEST_STEP][PASSED] - setText(findTestObject("TestUserLocation/setNewName"), findTestData("LocationData").getValue("SubLocationName", 1)): Text 'SubLocation1_20/02/19-17:15' is set on object 'Object Repository/TestUserLocation/setNewName'

2019-02-20 17:16:24 - [MESSAGE][PASSED] - Text 'SubLocation1_20/02/19-17:15' is set on object 'Object Repository/TestUserLocation/setNewName'

2019-02-20 17:16:24 - [TEST_STEP][PASSED] - Thread.sleep(2000): null

2019-02-20 17:16:26 - [TEST_STEP][PASSED] - click(findTestObject("TestUserLocation/saveLocationDetailButton")): Object: 'Object Repository/TestUserLocation/saveLocationDetailButton' is clicked on

2019-02-20 17:16:26 - [MESSAGE][PASSED] - Object: 'Object Repository/TestUserLocation/saveLocationDetailButton' is clicked on

2019-02-20 17:16:26 - [TEST_STEP][PASSED] - Thread.sleep(4000): null

2019-02-20 17:16:30 - [TEST_STEP][PASSED] - click(findTestObject("TestUserLocation/customerSelect")): Object: 'Object Repository/TestUserLocation/customerSelect' is clicked on

2019-02-20 17:16:30 - [MESSAGE][PASSED] - Object: 'Object Repository/TestUserLocation/customerSelect' is clicked on

2019-02-20 17:16:30 - [TEST_STEP][PASSED] - Thread.sleep(4000): null

2019-02-20 17:16:34 - [TEST_STEP][PASSED] - check(findTestObject("TestUserLocation/select4ResouceInCustomer")): Object 'Object Repository/TestUserLocation/select4ResouceInCustomer' is checked

2019-02-20 17:16:34 - [MESSAGE][PASSED] - Object 'Object Repository/TestUserLocation/select4ResouceInCustomer' is checked

2019-02-20 17:16:34 - [TEST_STEP][PASSED] - Thread.sleep(2000): null

2019-02-20 17:16:36 - [TEST_STEP][PASSED] - click(findTestObject("TestUserLocation/saveLocationDetailButton")): Object: 'Object Repository/TestUserLocation/saveLocationDetailButton' is clicked on

2019-02-20 17:16:36 - [MESSAGE][PASSED] - Object: 'Object Repository/TestUserLocation/saveLocationDetailButton' is clicked on]]></system-out>
         <system-err><![CDATA[]]></system-err>
      </testcase>
      <testcase name="Test Cases/CheckResoucesAsPerLocation/checkResource_Customer" classname="Test Cases/CheckResoucesAsPerLocation/checkResource_Customer" status="PASSED">
         <system-out><![CDATA[2019-02-20 17:16:36 - [TEST_CASE][PASSED] - Test Cases/CheckResoucesAsPerLocation/checkResource_Customer: Test Cases/CheckResoucesAsPerLocation/checkResource_Customer

2019-02-20 17:16:37 - [TEST_STEP][NOT_RUN] - openBrowser(URL): NOT_RUN: openBrowser(URL)

2019-02-20 17:16:37 - [MESSAGE][NOT_RUN] - NOT_RUN: openBrowser(URL)

2019-02-20 17:16:37 - [TEST_STEP][NOT_RUN] - maximizeWindow(): NOT_RUN: maximizeWindow()

2019-02-20 17:16:37 - [MESSAGE][NOT_RUN] - NOT_RUN: maximizeWindow()

2019-02-20 17:16:37 - [TEST_STEP][NOT_RUN] - setText(findTestObject("TestUserLocation/login_Username"), UserName1): NOT_RUN: setText(findTestObject("TestUserLocation/login_Username"), UserName1)

2019-02-20 17:16:37 - [MESSAGE][NOT_RUN] - NOT_RUN: setText(findTestObject("TestUserLocation/login_Username"), UserName1)

2019-02-20 17:16:37 - [TEST_STEP][NOT_RUN] - setText(findTestObject("TestUserLocation/login_Password"), Password1): NOT_RUN: setText(findTestObject("TestUserLocation/login_Password"), Password1)

2019-02-20 17:16:37 - [MESSAGE][NOT_RUN] - NOT_RUN: setText(findTestObject("TestUserLocation/login_Password"), Password1)

2019-02-20 17:16:37 - [TEST_STEP][PASSED] - AdminTool_Location.setCustomerName(): AdminTool_Location.setCustomerName is PASSED

2019-02-20 17:16:37 - [MESSAGE][PASSED] - AdminTool_Location.setCustomerName is PASSED

2019-02-20 17:16:37 - [TEST_STEP][NOT_RUN] - click(findTestObject("TestUserLocation/login_Button")): NOT_RUN: click(findTestObject("TestUserLocation/login_Button"))

2019-02-20 17:16:37 - [MESSAGE][NOT_RUN] - NOT_RUN: click(findTestObject("TestUserLocation/login_Button"))

2019-02-20 17:16:37 - [TEST_STEP][PASSED] - Thread.sleep(4000): null

2019-02-20 17:16:41 - [TEST_STEP][PASSED] - click(findTestObject("TestUserLocation/mainmenu_button")): Object: 'Object Repository/TestUserLocation/mainmenu_button' is clicked on

2019-02-20 17:16:41 - [MESSAGE][PASSED] - Object: 'Object Repository/TestUserLocation/mainmenu_button' is clicked on

2019-02-20 17:16:41 - [TEST_STEP][PASSED] - Thread.sleep(2000): null

2019-02-20 17:16:43 - [TEST_STEP][NOT_RUN] - click(findTestObject("TestUserLocation/adminTool")): NOT_RUN: click(findTestObject("TestUserLocation/adminTool"))

2019-02-20 17:16:43 - [MESSAGE][NOT_RUN] - NOT_RUN: click(findTestObject("TestUserLocation/adminTool"))

2019-02-20 17:16:43 - [TEST_STEP][PASSED] - click(findTestObject("TestUserLocation/mainMenuResourceDesigner")): Object: 'Object Repository/TestUserLocation/mainMenuResourceDesigner' is clicked on

2019-02-20 17:16:43 - [MESSAGE][PASSED] - Object: 'Object Repository/TestUserLocation/mainMenuResourceDesigner' is clicked on

2019-02-20 17:16:43 - [TEST_STEP][NOT_RUN] - Thread.sleep(2000): NOT_RUN: Thread.sleep(2000)

2019-02-20 17:16:43 - [MESSAGE][NOT_RUN] - NOT_RUN: Thread.sleep(2000)

2019-02-20 17:16:43 - [TEST_STEP][NOT_RUN] - click(findTestObject("TestUserLocation/yesDelete")): NOT_RUN: click(findTestObject("TestUserLocation/yesDelete"))

2019-02-20 17:16:43 - [MESSAGE][NOT_RUN] - NOT_RUN: click(findTestObject("TestUserLocation/yesDelete"))

2019-02-20 17:16:43 - [TEST_STEP][PASSED] - Thread.sleep(4000): null

2019-02-20 17:16:47 - [TEST_STEP][PASSED] - click(findTestObject("TestResource/customers")): Object: 'Object Repository/TestResource/customers' is clicked on

2019-02-20 17:16:47 - [MESSAGE][PASSED] - Object: 'Object Repository/TestResource/customers' is clicked on

2019-02-20 17:16:47 - [TEST_STEP][PASSED] - Thread.sleep(4000): null

2019-02-20 17:16:51 - [TEST_STEP][PASSED] - waitForElementClickable(findTestObject("TestUserLocation/categories"), 45): Object 'Object Repository/TestUserLocation/categories' is clickable

2019-02-20 17:16:51 - [MESSAGE][PASSED] - Object 'Object Repository/TestUserLocation/categories' is clickable

2019-02-20 17:16:51 - [TEST_STEP][PASSED] - click(findTestObject("TestUserLocation/categories")): Object: 'Object Repository/TestUserLocation/categories' is clicked on

2019-02-20 17:16:51 - [MESSAGE][PASSED] - Object: 'Object Repository/TestUserLocation/categories' is clicked on

2019-02-20 17:16:51 - [TEST_STEP][PASSED] - Thread.sleep(2000): null

2019-02-20 17:16:53 - [TEST_STEP][PASSED] - click(findTestObject("TestUserLocation/defaultArea")): Object: 'Object Repository/TestUserLocation/defaultArea' is clicked on

2019-02-20 17:16:53 - [MESSAGE][PASSED] - Object: 'Object Repository/TestUserLocation/defaultArea' is clicked on

2019-02-20 17:16:53 - [TEST_STEP][PASSED] - Thread.sleep(2000): null

2019-02-20 17:16:55 - [TEST_STEP][PASSED] - waitForElementClickable(findTestObject("TestUserLocation/hoverHeading"), 45): Object 'Object Repository/TestUserLocation/hoverHeading' is clickable

2019-02-20 17:16:55 - [MESSAGE][PASSED] - Object 'Object Repository/TestUserLocation/hoverHeading' is clickable

2019-02-20 17:16:55 - [TEST_STEP][PASSED] - click(findTestObject("TestUserLocation/hoverHeading")): Object: 'Object Repository/TestUserLocation/hoverHeading' is clicked on

2019-02-20 17:16:56 - [MESSAGE][PASSED] - Object: 'Object Repository/TestUserLocation/hoverHeading' is clicked on

2019-02-20 17:16:56 - [TEST_STEP][PASSED] - click(findTestObject("TestUserLocation/addPlusIcon")): Object: 'Object Repository/TestUserLocation/addPlusIcon' is clicked on

2019-02-20 17:16:56 - [MESSAGE][PASSED] - Object: 'Object Repository/TestUserLocation/addPlusIcon' is clicked on

2019-02-20 17:16:56 - [TEST_STEP][PASSED] - setText(findTestObject("TestUserLocation/setNewName"), findTestData("LocationData").getValue("CustomerName", 1)): Text 'Customer_20/02/19-17:16' is set on object 'Object Repository/TestUserLocation/setNewName'

2019-02-20 17:16:56 - [MESSAGE][PASSED] - Text 'Customer_20/02/19-17:16' is set on object 'Object Repository/TestUserLocation/setNewName'

2019-02-20 17:16:56 - [TEST_STEP][PASSED] - Thread.sleep(2000): null

2019-02-20 17:16:58 - [TEST_STEP][PASSED] - click(findTestObject("TestUserLocation/saveButton")): Object: 'Object Repository/TestUserLocation/saveButton' is clicked on

2019-02-20 17:16:58 - [MESSAGE][PASSED] - Object: 'Object Repository/TestUserLocation/saveButton' is clicked on

2019-02-20 17:16:58 - [TEST_STEP][PASSED] - Thread.sleep(4000): null

2019-02-20 17:17:02 - [TEST_STEP][PASSED] - Thread.sleep(4000): null

2019-02-20 17:17:06 - [TEST_STEP][PASSED] - click(findTestObject("TestUserLocation/mainmenu_button")): Object: 'Object Repository/TestUserLocation/mainmenu_button' is clicked on

2019-02-20 17:17:06 - [MESSAGE][PASSED] - Object: 'Object Repository/TestUserLocation/mainmenu_button' is clicked on

2019-02-20 17:17:06 - [TEST_STEP][PASSED] - Thread.sleep(2000): null

2019-02-20 17:17:08 - [TEST_STEP][PASSED] - click(findTestObject("TestResource/mainMenu_resources")): Object: 'Object Repository/TestResource/mainMenu_resources' is clicked on

2019-02-20 17:17:09 - [MESSAGE][PASSED] - Object: 'Object Repository/TestResource/mainMenu_resources' is clicked on

2019-02-20 17:17:09 - [TEST_STEP][PASSED] - Thread.sleep(4000): null

2019-02-20 17:17:13 - [TEST_STEP][PASSED] - click(findTestObject("TestResource/customers")): Object: 'Object Repository/TestResource/customers' is clicked on

2019-02-20 17:17:13 - [MESSAGE][PASSED] - Object: 'Object Repository/TestResource/customers' is clicked on

2019-02-20 17:17:13 - [TEST_STEP][PASSED] - Thread.sleep(4000): null

2019-02-20 17:17:17 - [TEST_STEP][PASSED] - AdminTool_Location.selectCustomer(): Element has been clicked

2019-02-20 17:17:21 - [MESSAGE][PASSED] - Element has been clicked

2019-02-20 17:17:21 - [TEST_STEP][PASSED] - Thread.sleep(4000): null

2019-02-20 17:17:25 - [TEST_STEP][PASSED] - waitForElementClickable(findTestObject("TestUserLocation/addPlusIcon"), 45): Object 'Object Repository/TestUserLocation/addPlusIcon' is clickable

2019-02-20 17:17:25 - [MESSAGE][PASSED] - Object 'Object Repository/TestUserLocation/addPlusIcon' is clickable

2019-02-20 17:17:25 - [TEST_STEP][PASSED] - click(findTestObject("TestUserLocation/addPlusIcon")): Object: 'Object Repository/TestUserLocation/addPlusIcon' is clicked on

2019-02-20 17:17:25 - [MESSAGE][PASSED] - Object: 'Object Repository/TestUserLocation/addPlusIcon' is clicked on

2019-02-20 17:17:25 - [TEST_STEP][PASSED] - Thread.sleep(2000): null

2019-02-20 17:17:27 - [TEST_STEP][PASSED] - setText(findTestObject("TestUserLocation/setNewName"), findTestData("LocationData").getValue("SubCustomerName1", 1)): Text 'SubCustomer1_20/02/19-17:16' is set on object 'Object Repository/TestUserLocation/setNewName'

2019-02-20 17:17:28 - [MESSAGE][PASSED] - Text 'SubCustomer1_20/02/19-17:16' is set on object 'Object Repository/TestUserLocation/setNewName'

2019-02-20 17:17:28 - [TEST_STEP][PASSED] - Thread.sleep(2000): null

2019-02-20 17:17:30 - [TEST_STEP][PASSED] - Submission.createResource(): Submission.createResource is PASSED

2019-02-20 17:17:40 - [MESSAGE][PASSED] - Submission.createResource is PASSED

2019-02-20 17:17:40 - [TEST_STEP][NOT_RUN] - setText(findTestObject("TestResource/setPhoneNumber"), "912378456"): NOT_RUN: setText(findTestObject("TestResource/setPhoneNumber"), "912378456")

2019-02-20 17:17:40 - [MESSAGE][NOT_RUN] - NOT_RUN: setText(findTestObject("TestResource/setPhoneNumber"), "912378456")

2019-02-20 17:17:40 - [TEST_STEP][PASSED] - Thread.sleep(2000): null

2019-02-20 17:17:42 - [TEST_STEP][PASSED] - click(findTestObject("TestResource/saveDetailButton")): Object: 'Object Repository/TestResource/saveDetailButton' is clicked on

2019-02-20 17:17:43 - [MESSAGE][PASSED] - Object: 'Object Repository/TestResource/saveDetailButton' is clicked on

2019-02-20 17:17:43 - [TEST_STEP][PASSED] - Thread.sleep(7000): null

2019-02-20 17:17:50 - [TEST_STEP][PASSED] - click(findTestObject("TestResource/disableResource")): Object: 'Object Repository/TestResource/disableResource' is clicked on

2019-02-20 17:17:50 - [MESSAGE][PASSED] - Object: 'Object Repository/TestResource/disableResource' is clicked on

2019-02-20 17:17:50 - [TEST_STEP][PASSED] - Thread.sleep(2000): null

2019-02-20 17:17:52 - [TEST_STEP][PASSED] - click(findTestObject("TestResource/button2Yes")): Object: 'Object Repository/TestResource/button2Yes' is clicked on

2019-02-20 17:17:52 - [MESSAGE][PASSED] - Object: 'Object Repository/TestResource/button2Yes' is clicked on

2019-02-20 17:17:52 - [TEST_STEP][PASSED] - Thread.sleep(2000): null

2019-02-20 17:17:54 - [TEST_STEP][PASSED] - click(findTestObject("TestResource/saveDetailButton")): Object: 'Object Repository/TestResource/saveDetailButton' is clicked on

2019-02-20 17:17:54 - [MESSAGE][PASSED] - Object: 'Object Repository/TestResource/saveDetailButton' is clicked on

2019-02-20 17:17:54 - [TEST_STEP][PASSED] - Thread.sleep(7000): null

2019-02-20 17:18:01 - [TEST_STEP][PASSED] - click(findTestObject("TestResource/linksTab")): Object: 'Object Repository/TestResource/linksTab' is clicked on

2019-02-20 17:18:01 - [MESSAGE][PASSED] - Object: 'Object Repository/TestResource/linksTab' is clicked on

2019-02-20 17:18:01 - [TEST_STEP][PASSED] - Thread.sleep(2000): null

2019-02-20 17:18:03 - [TEST_STEP][PASSED] - click(findTestObject("TestResource/addLink")): Object: 'Object Repository/TestResource/addLink' is clicked on

2019-02-20 17:18:03 - [MESSAGE][PASSED] - Object: 'Object Repository/TestResource/addLink' is clicked on

2019-02-20 17:18:03 - [TEST_STEP][PASSED] - Thread.sleep(5000): null

2019-02-20 17:18:08 - [TEST_STEP][PASSED] - check(findTestObject("TestResource/selectSecondResourceToLink")): Object 'Object Repository/TestResource/selectSecondResourceToLink' is checked

2019-02-20 17:18:09 - [MESSAGE][PASSED] - Object 'Object Repository/TestResource/selectSecondResourceToLink' is checked

2019-02-20 17:18:09 - [TEST_STEP][PASSED] - AdminTool_Location.resourceLinkName(): AdminTool_Location.resourceLinkName is PASSED

2019-02-20 17:18:09 - [MESSAGE][PASSED] - AdminTool_Location.resourceLinkName is PASSED

2019-02-20 17:18:09 - [TEST_STEP][PASSED] - Thread.sleep(2000): null

2019-02-20 17:18:11 - [TEST_STEP][PASSED] - click(findTestObject("TestResource/button2Save")): Object: 'Object Repository/TestResource/button2Save' is clicked on

2019-02-20 17:18:11 - [MESSAGE][PASSED] - Object: 'Object Repository/TestResource/button2Save' is clicked on

2019-02-20 17:18:11 - [TEST_STEP][PASSED] - Thread.sleep(4000): null

2019-02-20 17:18:15 - [TEST_STEP][PASSED] - click(findTestObject("TestResource/locationTab")): Object: 'Object Repository/TestResource/locationTab' is clicked on

2019-02-20 17:18:15 - [MESSAGE][PASSED] - Object: 'Object Repository/TestResource/locationTab' is clicked on

2019-02-20 17:18:15 - [TEST_STEP][PASSED] - Thread.sleep(5000): null

2019-02-20 17:18:20 - [TEST_STEP][PASSED] - AdminTool_Location.checkLocation(): AdminTool_Location.checkLocation is PASSED

2019-02-20 17:18:22 - [MESSAGE][PASSED] - AdminTool_Location.checkLocation is PASSED

2019-02-20 17:18:22 - [TEST_STEP][PASSED] - Thread.sleep(4000): null

2019-02-20 17:18:26 - [TEST_STEP][PASSED] - click(findTestObject("TestResource/saveLocation")): Object: 'Object Repository/TestResource/saveLocation' is clicked on

2019-02-20 17:18:26 - [MESSAGE][PASSED] - Object: 'Object Repository/TestResource/saveLocation' is clicked on

2019-02-20 17:18:26 - [TEST_STEP][PASSED] - click(findTestObject("TestUserLocation/mainmenu_button")): Object: 'Object Repository/TestUserLocation/mainmenu_button' is clicked on

2019-02-20 17:18:27 - [MESSAGE][PASSED] - Object: 'Object Repository/TestUserLocation/mainmenu_button' is clicked on

2019-02-20 17:18:27 - [TEST_STEP][PASSED] - Thread.sleep(2000): null

2019-02-20 17:18:29 - [TEST_STEP][PASSED] - click(findTestObject("TestResource/mainMenu_resources")): Object: 'Object Repository/TestResource/mainMenu_resources' is clicked on

2019-02-20 17:18:29 - [MESSAGE][PASSED] - Object: 'Object Repository/TestResource/mainMenu_resources' is clicked on

2019-02-20 17:18:29 - [TEST_STEP][PASSED] - Thread.sleep(4000): null

2019-02-20 17:18:33 - [TEST_STEP][PASSED] - click(findTestObject("TestResource/customers")): Object: 'Object Repository/TestResource/customers' is clicked on

2019-02-20 17:18:38 - [MESSAGE][PASSED] - Object: 'Object Repository/TestResource/customers' is clicked on

2019-02-20 17:18:38 - [TEST_STEP][PASSED] - Thread.sleep(4000): null

2019-02-20 17:18:42 - [TEST_STEP][PASSED] - AdminTool_Location.selectCustomer(): Element has been clicked

2019-02-20 17:18:47 - [MESSAGE][PASSED] - Element has been clicked

2019-02-20 17:18:47 - [TEST_STEP][PASSED] - Thread.sleep(4000): null

2019-02-20 17:18:51 - [TEST_STEP][PASSED] - waitForElementClickable(findTestObject("TestUserLocation/addPlusIcon"), 45): Object 'Object Repository/TestUserLocation/addPlusIcon' is clickable

2019-02-20 17:18:51 - [MESSAGE][PASSED] - Object 'Object Repository/TestUserLocation/addPlusIcon' is clickable

2019-02-20 17:18:51 - [TEST_STEP][PASSED] - click(findTestObject("TestUserLocation/addPlusIcon")): Object: 'Object Repository/TestUserLocation/addPlusIcon' is clicked on

2019-02-20 17:18:51 - [MESSAGE][PASSED] - Object: 'Object Repository/TestUserLocation/addPlusIcon' is clicked on

2019-02-20 17:18:51 - [TEST_STEP][PASSED] - Thread.sleep(2000): null

2019-02-20 17:18:53 - [TEST_STEP][PASSED] - setText(findTestObject("TestUserLocation/setNewName"), findTestData("LocationData").getValue("SubCustomerName2", 1)): Text 'SubCustomer2_20/02/19-17:16' is set on object 'Object Repository/TestUserLocation/setNewName'

2019-02-20 17:18:53 - [MESSAGE][PASSED] - Text 'SubCustomer2_20/02/19-17:16' is set on object 'Object Repository/TestUserLocation/setNewName'

2019-02-20 17:18:53 - [TEST_STEP][PASSED] - Thread.sleep(2000): null

2019-02-20 17:18:55 - [TEST_STEP][PASSED] - Submission.createResource(): Submission.createResource is PASSED

2019-02-20 17:19:06 - [MESSAGE][PASSED] - Submission.createResource is PASSED

2019-02-20 17:19:06 - [TEST_STEP][NOT_RUN] - setText(findTestObject("TestResource/setPhoneNumber"), "912378456"): NOT_RUN: setText(findTestObject("TestResource/setPhoneNumber"), "912378456")

2019-02-20 17:19:06 - [MESSAGE][NOT_RUN] - NOT_RUN: setText(findTestObject("TestResource/setPhoneNumber"), "912378456")

2019-02-20 17:19:06 - [TEST_STEP][PASSED] - Thread.sleep(2000): null

2019-02-20 17:19:08 - [TEST_STEP][PASSED] - click(findTestObject("TestResource/saveDetailButton")): Object: 'Object Repository/TestResource/saveDetailButton' is clicked on

2019-02-20 17:19:22 - [MESSAGE][PASSED] - Object: 'Object Repository/TestResource/saveDetailButton' is clicked on

2019-02-20 17:19:22 - [TEST_STEP][PASSED] - AdminTool_Location.moveCursor(): AdminTool_Location.moveCursor is PASSED

2019-02-20 17:19:22 - [MESSAGE][PASSED] - AdminTool_Location.moveCursor is PASSED

2019-02-20 17:19:22 - [TEST_STEP][PASSED] - Thread.sleep(2000): null

2019-02-20 17:19:24 - [TEST_STEP][PASSED] - Thread.sleep(7000): null

2019-02-20 17:19:31 - [TEST_STEP][PASSED] - click(findTestObject("TestResource/linksTab")): Object: 'Object Repository/TestResource/linksTab' is clicked on

2019-02-20 17:19:31 - [MESSAGE][PASSED] - Object: 'Object Repository/TestResource/linksTab' is clicked on

2019-02-20 17:19:31 - [TEST_STEP][PASSED] - Thread.sleep(2000): null

2019-02-20 17:19:33 - [TEST_STEP][PASSED] - click(findTestObject("TestResource/addLink")): Object: 'Object Repository/TestResource/addLink' is clicked on

2019-02-20 17:19:33 - [MESSAGE][PASSED] - Object: 'Object Repository/TestResource/addLink' is clicked on

2019-02-20 17:19:33 - [TEST_STEP][PASSED] - Thread.sleep(5000): null

2019-02-20 17:19:38 - [TEST_STEP][PASSED] - check(findTestObject("TestResource/selectSecondResourceToLink")): Object 'Object Repository/TestResource/selectSecondResourceToLink' is checked

2019-02-20 17:19:38 - [MESSAGE][PASSED] - Object 'Object Repository/TestResource/selectSecondResourceToLink' is checked

2019-02-20 17:19:38 - [TEST_STEP][PASSED] - AdminTool_Location.resourceLinkName(): AdminTool_Location.resourceLinkName is PASSED

2019-02-20 17:19:38 - [MESSAGE][PASSED] - AdminTool_Location.resourceLinkName is PASSED

2019-02-20 17:19:38 - [TEST_STEP][PASSED] - Thread.sleep(2000): null

2019-02-20 17:19:40 - [TEST_STEP][PASSED] - click(findTestObject("TestResource/button2Save")): Object: 'Object Repository/TestResource/button2Save' is clicked on

2019-02-20 17:19:41 - [MESSAGE][PASSED] - Object: 'Object Repository/TestResource/button2Save' is clicked on

2019-02-20 17:19:41 - [TEST_STEP][PASSED] - Thread.sleep(4000): null

2019-02-20 17:19:45 - [TEST_STEP][PASSED] - click(findTestObject("TestResource/locationTab")): Object: 'Object Repository/TestResource/locationTab' is clicked on

2019-02-20 17:19:45 - [MESSAGE][PASSED] - Object: 'Object Repository/TestResource/locationTab' is clicked on

2019-02-20 17:19:45 - [TEST_STEP][PASSED] - Thread.sleep(5000): null

2019-02-20 17:19:50 - [TEST_STEP][PASSED] - AdminTool_Location.checkLocation(): AdminTool_Location.checkLocation is PASSED

2019-02-20 17:19:52 - [MESSAGE][PASSED] - AdminTool_Location.checkLocation is PASSED

2019-02-20 17:19:52 - [TEST_STEP][PASSED] - Thread.sleep(4000): null

2019-02-20 17:19:56 - [TEST_STEP][PASSED] - click(findTestObject("TestResource/saveLocation")): Object: 'Object Repository/TestResource/saveLocation' is clicked on

2019-02-20 17:19:56 - [MESSAGE][PASSED] - Object: 'Object Repository/TestResource/saveLocation' is clicked on]]></system-out>
         <system-err><![CDATA[]]></system-err>
      </testcase>
      <testcase name="Test Cases/CheckResoucesAsPerLocation/validateResource" classname="Test Cases/CheckResoucesAsPerLocation/validateResource" status="PASSED">
         <system-out><![CDATA[2019-02-20 17:19:56 - [TEST_CASE][PASSED] - Test Cases/CheckResoucesAsPerLocation/validateResource: Test Cases/CheckResoucesAsPerLocation/validateResource

2019-02-20 17:19:56 - [TEST_STEP][NOT_RUN] - openBrowser(URL): NOT_RUN: openBrowser(URL)

2019-02-20 17:19:56 - [MESSAGE][NOT_RUN] - NOT_RUN: openBrowser(URL)

2019-02-20 17:19:56 - [TEST_STEP][NOT_RUN] - maximizeWindow(): NOT_RUN: maximizeWindow()

2019-02-20 17:19:56 - [MESSAGE][NOT_RUN] - NOT_RUN: maximizeWindow()

2019-02-20 17:19:56 - [TEST_STEP][NOT_RUN] - setText(findTestObject("Form_Selection_Creation/login_Username"), UserName1): NOT_RUN: setText(findTestObject("Form_Selection_Creation/login_Username"), UserName1)

2019-02-20 17:19:56 - [MESSAGE][NOT_RUN] - NOT_RUN: setText(findTestObject("Form_Selection_Creation/login_Username"), UserName1)

2019-02-20 17:19:56 - [TEST_STEP][NOT_RUN] - setText(findTestObject("Form_Selection_Creation/login_Password"), Password111): NOT_RUN: setText(findTestObject("Form_Selection_Creation/login_Password"), Password111)

2019-02-20 17:19:56 - [MESSAGE][NOT_RUN] - NOT_RUN: setText(findTestObject("Form_Selection_Creation/login_Password"), Password111)

2019-02-20 17:19:56 - [TEST_STEP][PASSED] - Thread.sleep(4000): null

2019-02-20 17:20:00 - [TEST_STEP][PASSED] - FormName.setData(): FormName.setData is PASSED

2019-02-20 17:20:00 - [MESSAGE][PASSED] - FormName.setData is PASSED

2019-02-20 17:20:00 - [TEST_STEP][NOT_RUN] - click(findTestObject("Form_Selection_Creation/login_Button")): NOT_RUN: click(findTestObject("Form_Selection_Creation/login_Button"))

2019-02-20 17:20:00 - [MESSAGE][NOT_RUN] - NOT_RUN: click(findTestObject("Form_Selection_Creation/login_Button"))

2019-02-20 17:20:00 - [TEST_STEP][PASSED] - click(findTestObject("Form_Selection_Creation/mainMenu_Button")): Object: 'Object Repository/Form_Selection_Creation/mainMenu_Button' is clicked on

2019-02-20 17:20:00 - [MESSAGE][PASSED] - Object: 'Object Repository/Form_Selection_Creation/mainMenu_Button' is clicked on

2019-02-20 17:20:00 - [TEST_STEP][PASSED] - Thread.sleep(2000): null

2019-02-20 17:20:02 - [TEST_STEP][NOT_RUN] - click(findTestObject("Form_Selection_Creation/mainMenu_AdminTools")): NOT_RUN: click(findTestObject("Form_Selection_Creation/mainMenu_AdminTools"))

2019-02-20 17:20:02 - [MESSAGE][NOT_RUN] - NOT_RUN: click(findTestObject("Form_Selection_Creation/mainMenu_AdminTools"))

2019-02-20 17:20:02 - [TEST_STEP][PASSED] - click(findTestObject("Form_Selection_Creation/mainMenu_AdminTools_FormDesigner")): Object: 'Object Repository/Form_Selection_Creation/mainMenu_AdminTools_FormDesigner' is clicked on

2019-02-20 17:20:03 - [MESSAGE][PASSED] - Object: 'Object Repository/Form_Selection_Creation/mainMenu_AdminTools_FormDesigner' is clicked on

2019-02-20 17:20:03 - [TEST_STEP][PASSED] - click(findTestObject("Form_Selection_Creation/selectCheckForm")): Object: 'Object Repository/Form_Selection_Creation/selectCheckForm' is clicked on

2019-02-20 17:20:03 - [MESSAGE][PASSED] - Object: 'Object Repository/Form_Selection_Creation/selectCheckForm' is clicked on

2019-02-20 17:20:03 - [TEST_STEP][PASSED] - Thread.sleep(5000): null

2019-02-20 17:20:08 - [TEST_STEP][PASSED] - AdminTool_Location.moveCursor(): AdminTool_Location.moveCursor is PASSED

2019-02-20 17:20:08 - [MESSAGE][PASSED] - AdminTool_Location.moveCursor is PASSED

2019-02-20 17:20:08 - [TEST_STEP][PASSED] - Thread.sleep(2000): null

2019-02-20 17:20:10 - [TEST_STEP][PASSED] - AdminTool_Location.selectResType(): AdminTool_Location.selectResType is PASSED

2019-02-20 17:20:20 - [MESSAGE][PASSED] - AdminTool_Location.selectResType is PASSED

2019-02-20 17:20:20 - [TEST_STEP][PASSED] - AdminTool_Location.dragDropRes(): Element has been clicked

2019-02-20 17:20:24 - [MESSAGE][PASSED] - Element has been clicked

2019-02-20 17:20:24 - [TEST_STEP][PASSED] - Thread.sleep(5000): null

2019-02-20 17:20:29 - [TEST_STEP][NOT_RUN] - dragAndDropToObject(findTestObject("null"), findTestObject("Form_Selection_Creation/Target_Res_Object")): NOT_RUN: dragAndDropToObject(findTestObject("null"), findTestObject("Form_Selection_Creation/Target_Res_Object"))

2019-02-20 17:20:29 - [MESSAGE][NOT_RUN] - NOT_RUN: dragAndDropToObject(findTestObject("null"), findTestObject("Form_Selection_Creation/Target_Res_Object"))

2019-02-20 17:20:29 - [TEST_STEP][PASSED] - AdminTool_Location.validate(): AdminTool_Location.validate is PASSED

2019-02-20 17:20:29 - [MESSAGE][PASSED] - AdminTool_Location.validate is PASSED

2019-02-20 17:20:29 - [TEST_STEP][PASSED] - s = getText(findTestObject("TestResource/testText")): Text of object 'Object Repository/TestResource/testText' is: 'Customers > Customer_20/02/19-17:16 > SubCustomer2_20/02/19-17:16'

2019-02-20 17:20:30 - [MESSAGE][PASSED] - Text of object 'Object Repository/TestResource/testText' is: 'Customers > Customer_20/02/19-17:16 > SubCustomer2_20/02/19-17:16'

2019-02-20 17:20:30 - [TEST_STEP][PASSED] - println(s): null]]></system-out>
         <system-err><![CDATA[]]></system-err>
      </testcase>
      <testcase name="Test Cases/CheckResoucesAsPerLocation/checkResource_Equipment" classname="Test Cases/CheckResoucesAsPerLocation/checkResource_Equipment" status="PASSED">
         <system-out><![CDATA[2019-02-20 17:20:30 - [TEST_CASE][PASSED] - Test Cases/CheckResoucesAsPerLocation/checkResource_Equipment: Test Cases/CheckResoucesAsPerLocation/checkResource_Equipment

2019-02-20 17:20:30 - [TEST_STEP][NOT_RUN] - openBrowser(URL): NOT_RUN: openBrowser(URL)

2019-02-20 17:20:30 - [MESSAGE][NOT_RUN] - NOT_RUN: openBrowser(URL)

2019-02-20 17:20:30 - [TEST_STEP][NOT_RUN] - maximizeWindow(): NOT_RUN: maximizeWindow()

2019-02-20 17:20:30 - [MESSAGE][NOT_RUN] - NOT_RUN: maximizeWindow()

2019-02-20 17:20:30 - [TEST_STEP][NOT_RUN] - setText(findTestObject("TestUserLocation/login_Username"), UserName1): NOT_RUN: setText(findTestObject("TestUserLocation/login_Username"), UserName1)

2019-02-20 17:20:30 - [MESSAGE][NOT_RUN] - NOT_RUN: setText(findTestObject("TestUserLocation/login_Username"), UserName1)

2019-02-20 17:20:30 - [TEST_STEP][NOT_RUN] - setText(findTestObject("TestUserLocation/login_Password"), Password1): NOT_RUN: setText(findTestObject("TestUserLocation/login_Password"), Password1)

2019-02-20 17:20:30 - [MESSAGE][NOT_RUN] - NOT_RUN: setText(findTestObject("TestUserLocation/login_Password"), Password1)

2019-02-20 17:20:30 - [TEST_STEP][PASSED] - AdminTool_Location.setEquipmentName(): AdminTool_Location.setEquipmentName is PASSED

2019-02-20 17:20:30 - [MESSAGE][PASSED] - AdminTool_Location.setEquipmentName is PASSED

2019-02-20 17:20:30 - [TEST_STEP][NOT_RUN] - click(findTestObject("TestUserLocation/login_Button")): NOT_RUN: click(findTestObject("TestUserLocation/login_Button"))

2019-02-20 17:20:30 - [MESSAGE][NOT_RUN] - NOT_RUN: click(findTestObject("TestUserLocation/login_Button"))

2019-02-20 17:20:30 - [TEST_STEP][PASSED] - Thread.sleep(4000): null

2019-02-20 17:20:34 - [TEST_STEP][PASSED] - click(findTestObject("TestUserLocation/mainmenu_button")): Object: 'Object Repository/TestUserLocation/mainmenu_button' is clicked on

2019-02-20 17:20:34 - [MESSAGE][PASSED] - Object: 'Object Repository/TestUserLocation/mainmenu_button' is clicked on

2019-02-20 17:20:34 - [TEST_STEP][PASSED] - Thread.sleep(2000): null

2019-02-20 17:20:36 - [TEST_STEP][NOT_RUN] - click(findTestObject("TestUserLocation/adminTool")): NOT_RUN: click(findTestObject("TestUserLocation/adminTool"))

2019-02-20 17:20:36 - [MESSAGE][NOT_RUN] - NOT_RUN: click(findTestObject("TestUserLocation/adminTool"))

2019-02-20 17:20:36 - [TEST_STEP][PASSED] - click(findTestObject("TestUserLocation/mainMenuResourceDesigner")): Object: 'Object Repository/TestUserLocation/mainMenuResourceDesigner' is clicked on

2019-02-20 17:20:36 - [MESSAGE][PASSED] - Object: 'Object Repository/TestUserLocation/mainMenuResourceDesigner' is clicked on

2019-02-20 17:20:36 - [TEST_STEP][PASSED] - Thread.sleep(2000): null

2019-02-20 17:20:38 - [TEST_STEP][PASSED] - click(findTestObject("TestUserLocation/yesDelete")): Object: 'Object Repository/TestUserLocation/yesDelete' is clicked on

2019-02-20 17:20:38 - [MESSAGE][PASSED] - Object: 'Object Repository/TestUserLocation/yesDelete' is clicked on

2019-02-20 17:20:38 - [TEST_STEP][PASSED] - Thread.sleep(4000): null

2019-02-20 17:20:42 - [TEST_STEP][PASSED] - click(findTestObject("TestResource/equipment")): Object: 'Object Repository/TestResource/equipment' is clicked on

2019-02-20 17:20:42 - [MESSAGE][PASSED] - Object: 'Object Repository/TestResource/equipment' is clicked on

2019-02-20 17:20:42 - [TEST_STEP][PASSED] - Thread.sleep(4000): null

2019-02-20 17:20:46 - [TEST_STEP][PASSED] - waitForElementClickable(findTestObject("TestUserLocation/categories"), 45): Object 'Object Repository/TestUserLocation/categories' is clickable

2019-02-20 17:20:47 - [MESSAGE][PASSED] - Object 'Object Repository/TestUserLocation/categories' is clickable

2019-02-20 17:20:47 - [TEST_STEP][PASSED] - click(findTestObject("TestUserLocation/categories")): Object: 'Object Repository/TestUserLocation/categories' is clicked on

2019-02-20 17:20:47 - [MESSAGE][PASSED] - Object: 'Object Repository/TestUserLocation/categories' is clicked on

2019-02-20 17:20:47 - [TEST_STEP][PASSED] - Thread.sleep(2000): null

2019-02-20 17:20:49 - [TEST_STEP][PASSED] - click(findTestObject("TestUserLocation/defaultArea")): Object: 'Object Repository/TestUserLocation/defaultArea' is clicked on

2019-02-20 17:20:49 - [MESSAGE][PASSED] - Object: 'Object Repository/TestUserLocation/defaultArea' is clicked on

2019-02-20 17:20:49 - [TEST_STEP][PASSED] - Thread.sleep(2000): null

2019-02-20 17:20:51 - [TEST_STEP][PASSED] - click(findTestObject("TestUserLocation/hoverHeading")): Object: 'Object Repository/TestUserLocation/hoverHeading' is clicked on

2019-02-20 17:20:51 - [MESSAGE][PASSED] - Object: 'Object Repository/TestUserLocation/hoverHeading' is clicked on

2019-02-20 17:20:51 - [TEST_STEP][PASSED] - click(findTestObject("TestUserLocation/addPlusIcon")): Object: 'Object Repository/TestUserLocation/addPlusIcon' is clicked on

2019-02-20 17:20:51 - [MESSAGE][PASSED] - Object: 'Object Repository/TestUserLocation/addPlusIcon' is clicked on

2019-02-20 17:20:51 - [TEST_STEP][PASSED] - setText(findTestObject("TestUserLocation/setNewName"), findTestData("LocationData").getValue("EquipmentName", 1)): Text 'Equipment_20/02/19-17:20' is set on object 'Object Repository/TestUserLocation/setNewName'

2019-02-20 17:20:51 - [MESSAGE][PASSED] - Text 'Equipment_20/02/19-17:20' is set on object 'Object Repository/TestUserLocation/setNewName'

2019-02-20 17:20:51 - [TEST_STEP][PASSED] - Thread.sleep(2000): null

2019-02-20 17:20:53 - [TEST_STEP][PASSED] - click(findTestObject("TestUserLocation/saveButton")): Object: 'Object Repository/TestUserLocation/saveButton' is clicked on

2019-02-20 17:20:54 - [MESSAGE][PASSED] - Object: 'Object Repository/TestUserLocation/saveButton' is clicked on

2019-02-20 17:20:54 - [TEST_STEP][PASSED] - Thread.sleep(4000): null

2019-02-20 17:20:58 - [TEST_STEP][PASSED] - Thread.sleep(4000): null

2019-02-20 17:21:02 - [TEST_STEP][PASSED] - click(findTestObject("TestUserLocation/mainmenu_button")): Object: 'Object Repository/TestUserLocation/mainmenu_button' is clicked on

2019-02-20 17:21:02 - [MESSAGE][PASSED] - Object: 'Object Repository/TestUserLocation/mainmenu_button' is clicked on

2019-02-20 17:21:02 - [TEST_STEP][PASSED] - Thread.sleep(2000): null

2019-02-20 17:21:04 - [TEST_STEP][PASSED] - click(findTestObject("TestResource/mainMenu_resources")): Object: 'Object Repository/TestResource/mainMenu_resources' is clicked on

2019-02-20 17:21:04 - [MESSAGE][PASSED] - Object: 'Object Repository/TestResource/mainMenu_resources' is clicked on

2019-02-20 17:21:04 - [TEST_STEP][PASSED] - Thread.sleep(4000): null

2019-02-20 17:21:08 - [TEST_STEP][PASSED] - click(findTestObject("TestResource/equipment")): Object: 'Object Repository/TestResource/equipment' is clicked on

2019-02-20 17:21:08 - [MESSAGE][PASSED] - Object: 'Object Repository/TestResource/equipment' is clicked on

2019-02-20 17:21:08 - [TEST_STEP][PASSED] - Thread.sleep(4000): null

2019-02-20 17:21:12 - [TEST_STEP][PASSED] - AdminTool_Location.selectEquipment(): Element has been clicked

2019-02-20 17:21:17 - [MESSAGE][PASSED] - Element has been clicked

2019-02-20 17:21:17 - [TEST_STEP][PASSED] - Thread.sleep(4000): null

2019-02-20 17:21:21 - [TEST_STEP][PASSED] - waitForElementClickable(findTestObject("TestUserLocation/addPlusIcon"), 45): Object 'Object Repository/TestUserLocation/addPlusIcon' is clickable

2019-02-20 17:21:21 - [MESSAGE][PASSED] - Object 'Object Repository/TestUserLocation/addPlusIcon' is clickable

2019-02-20 17:21:21 - [TEST_STEP][PASSED] - click(findTestObject("TestUserLocation/addPlusIcon")): Object: 'Object Repository/TestUserLocation/addPlusIcon' is clicked on

2019-02-20 17:21:21 - [MESSAGE][PASSED] - Object: 'Object Repository/TestUserLocation/addPlusIcon' is clicked on

2019-02-20 17:21:21 - [TEST_STEP][PASSED] - Thread.sleep(2000): null

2019-02-20 17:21:23 - [TEST_STEP][PASSED] - setText(findTestObject("TestUserLocation/setNewName"), findTestData("LocationData").getValue("SubEquipmentName1", 1)): Text 'SubEquipment1_20/02/19-17:20' is set on object 'Object Repository/TestUserLocation/setNewName'

2019-02-20 17:21:23 - [MESSAGE][PASSED] - Text 'SubEquipment1_20/02/19-17:20' is set on object 'Object Repository/TestUserLocation/setNewName'

2019-02-20 17:21:23 - [TEST_STEP][PASSED] - Thread.sleep(2000): null

2019-02-20 17:21:25 - [TEST_STEP][PASSED] - Submission.createResource(): Submission.createResource is PASSED

2019-02-20 17:21:36 - [MESSAGE][PASSED] - Submission.createResource is PASSED

2019-02-20 17:21:36 - [TEST_STEP][NOT_RUN] - setText(findTestObject("TestResource/setPhoneNumber"), "912378456"): NOT_RUN: setText(findTestObject("TestResource/setPhoneNumber"), "912378456")

2019-02-20 17:21:36 - [MESSAGE][NOT_RUN] - NOT_RUN: setText(findTestObject("TestResource/setPhoneNumber"), "912378456")

2019-02-20 17:21:36 - [TEST_STEP][PASSED] - Thread.sleep(2000): null

2019-02-20 17:21:38 - [TEST_STEP][PASSED] - click(findTestObject("TestResource/saveDetailButton")): Object: 'Object Repository/TestResource/saveDetailButton' is clicked on

2019-02-20 17:21:38 - [MESSAGE][PASSED] - Object: 'Object Repository/TestResource/saveDetailButton' is clicked on

2019-02-20 17:21:38 - [TEST_STEP][PASSED] - Thread.sleep(7000): null

2019-02-20 17:21:45 - [TEST_STEP][PASSED] - click(findTestObject("TestResource/disableResource")): Object: 'Object Repository/TestResource/disableResource' is clicked on

2019-02-20 17:21:45 - [MESSAGE][PASSED] - Object: 'Object Repository/TestResource/disableResource' is clicked on

2019-02-20 17:21:45 - [TEST_STEP][PASSED] - Thread.sleep(2000): null

2019-02-20 17:21:47 - [TEST_STEP][PASSED] - click(findTestObject("TestResource/button2Yes")): Object: 'Object Repository/TestResource/button2Yes' is clicked on

2019-02-20 17:21:47 - [MESSAGE][PASSED] - Object: 'Object Repository/TestResource/button2Yes' is clicked on

2019-02-20 17:21:47 - [TEST_STEP][PASSED] - Thread.sleep(2000): null

2019-02-20 17:21:49 - [TEST_STEP][PASSED] - click(findTestObject("TestResource/saveDetailButton")): Object: 'Object Repository/TestResource/saveDetailButton' is clicked on

2019-02-20 17:21:49 - [MESSAGE][PASSED] - Object: 'Object Repository/TestResource/saveDetailButton' is clicked on

2019-02-20 17:21:49 - [TEST_STEP][PASSED] - Thread.sleep(7000): null

2019-02-20 17:21:56 - [TEST_STEP][PASSED] - click(findTestObject("TestResource/linksTab")): Object: 'Object Repository/TestResource/linksTab' is clicked on

2019-02-20 17:21:56 - [MESSAGE][PASSED] - Object: 'Object Repository/TestResource/linksTab' is clicked on

2019-02-20 17:21:56 - [TEST_STEP][PASSED] - Thread.sleep(2000): null

2019-02-20 17:21:58 - [TEST_STEP][PASSED] - click(findTestObject("TestResource/addLink")): Object: 'Object Repository/TestResource/addLink' is clicked on

2019-02-20 17:21:59 - [MESSAGE][PASSED] - Object: 'Object Repository/TestResource/addLink' is clicked on

2019-02-20 17:21:59 - [TEST_STEP][PASSED] - Thread.sleep(5000): null

2019-02-20 17:22:04 - [TEST_STEP][PASSED] - check(findTestObject("TestResource/selectSecondResourceToLink")): Object 'Object Repository/TestResource/selectSecondResourceToLink' is checked

2019-02-20 17:22:04 - [MESSAGE][PASSED] - Object 'Object Repository/TestResource/selectSecondResourceToLink' is checked

2019-02-20 17:22:04 - [TEST_STEP][PASSED] - AdminTool_Location.resourceLinkName(): AdminTool_Location.resourceLinkName is PASSED

2019-02-20 17:22:04 - [MESSAGE][PASSED] - AdminTool_Location.resourceLinkName is PASSED

2019-02-20 17:22:04 - [TEST_STEP][PASSED] - Thread.sleep(2000): null

2019-02-20 17:22:06 - [TEST_STEP][PASSED] - click(findTestObject("TestResource/button2Save")): Object: 'Object Repository/TestResource/button2Save' is clicked on

2019-02-20 17:22:06 - [MESSAGE][PASSED] - Object: 'Object Repository/TestResource/button2Save' is clicked on

2019-02-20 17:22:06 - [TEST_STEP][PASSED] - Thread.sleep(4000): null

2019-02-20 17:22:10 - [TEST_STEP][PASSED] - click(findTestObject("TestResource/locationTab")): Object: 'Object Repository/TestResource/locationTab' is clicked on

2019-02-20 17:22:10 - [MESSAGE][PASSED] - Object: 'Object Repository/TestResource/locationTab' is clicked on

2019-02-20 17:22:10 - [TEST_STEP][PASSED] - Thread.sleep(5000): null

2019-02-20 17:22:15 - [TEST_STEP][PASSED] - AdminTool_Location.checkLocation(): AdminTool_Location.checkLocation is PASSED

2019-02-20 17:22:17 - [MESSAGE][PASSED] - AdminTool_Location.checkLocation is PASSED

2019-02-20 17:22:17 - [TEST_STEP][PASSED] - Thread.sleep(4000): null

2019-02-20 17:22:21 - [TEST_STEP][PASSED] - click(findTestObject("TestResource/saveLocation")): Object: 'Object Repository/TestResource/saveLocation' is clicked on

2019-02-20 17:22:22 - [MESSAGE][PASSED] - Object: 'Object Repository/TestResource/saveLocation' is clicked on

2019-02-20 17:22:22 - [TEST_STEP][PASSED] - click(findTestObject("TestUserLocation/mainmenu_button")): Object: 'Object Repository/TestUserLocation/mainmenu_button' is clicked on

2019-02-20 17:22:22 - [MESSAGE][PASSED] - Object: 'Object Repository/TestUserLocation/mainmenu_button' is clicked on

2019-02-20 17:22:22 - [TEST_STEP][PASSED] - Thread.sleep(2000): null

2019-02-20 17:22:24 - [TEST_STEP][PASSED] - click(findTestObject("TestResource/mainMenu_resources")): Object: 'Object Repository/TestResource/mainMenu_resources' is clicked on

2019-02-20 17:22:29 - [MESSAGE][PASSED] - Object: 'Object Repository/TestResource/mainMenu_resources' is clicked on

2019-02-20 17:22:29 - [TEST_STEP][PASSED] - Thread.sleep(4000): null

2019-02-20 17:22:33 - [TEST_STEP][PASSED] - AdminTool_Location.moveCursor(): AdminTool_Location.moveCursor is PASSED

2019-02-20 17:22:33 - [MESSAGE][PASSED] - AdminTool_Location.moveCursor is PASSED

2019-02-20 17:22:33 - [TEST_STEP][PASSED] - Thread.sleep(2000): null

2019-02-20 17:22:35 - [TEST_STEP][PASSED] - click(findTestObject("TestResource/equipment")): Object: 'Object Repository/TestResource/equipment' is clicked on

2019-02-20 17:22:35 - [MESSAGE][PASSED] - Object: 'Object Repository/TestResource/equipment' is clicked on

2019-02-20 17:22:35 - [TEST_STEP][PASSED] - Thread.sleep(4000): null

2019-02-20 17:22:39 - [TEST_STEP][PASSED] - AdminTool_Location.selectEquipment(): Element has been clicked

2019-02-20 17:22:44 - [MESSAGE][PASSED] - Element has been clicked

2019-02-20 17:22:44 - [TEST_STEP][PASSED] - Thread.sleep(4000): null

2019-02-20 17:22:48 - [TEST_STEP][PASSED] - waitForElementClickable(findTestObject("TestUserLocation/addPlusIcon"), 45): Object 'Object Repository/TestUserLocation/addPlusIcon' is clickable

2019-02-20 17:22:48 - [MESSAGE][PASSED] - Object 'Object Repository/TestUserLocation/addPlusIcon' is clickable

2019-02-20 17:22:48 - [TEST_STEP][PASSED] - click(findTestObject("TestUserLocation/addPlusIcon")): Object: 'Object Repository/TestUserLocation/addPlusIcon' is clicked on

2019-02-20 17:22:48 - [MESSAGE][PASSED] - Object: 'Object Repository/TestUserLocation/addPlusIcon' is clicked on

2019-02-20 17:22:48 - [TEST_STEP][PASSED] - Thread.sleep(2000): null

2019-02-20 17:22:50 - [TEST_STEP][PASSED] - setText(findTestObject("TestUserLocation/setNewName"), findTestData("LocationData").getValue("SubEquipmentName2", 1)): Text 'SubEquipment2_20/02/19-17:20' is set on object 'Object Repository/TestUserLocation/setNewName'

2019-02-20 17:22:50 - [MESSAGE][PASSED] - Text 'SubEquipment2_20/02/19-17:20' is set on object 'Object Repository/TestUserLocation/setNewName'

2019-02-20 17:22:50 - [TEST_STEP][PASSED] - Thread.sleep(2000): null

2019-02-20 17:22:52 - [TEST_STEP][PASSED] - Submission.createResource(): Submission.createResource is PASSED

2019-02-20 17:23:03 - [MESSAGE][PASSED] - Submission.createResource is PASSED

2019-02-20 17:23:03 - [TEST_STEP][NOT_RUN] - setText(findTestObject("TestResource/setPhoneNumber"), "912378456"): NOT_RUN: setText(findTestObject("TestResource/setPhoneNumber"), "912378456")

2019-02-20 17:23:03 - [MESSAGE][NOT_RUN] - NOT_RUN: setText(findTestObject("TestResource/setPhoneNumber"), "912378456")

2019-02-20 17:23:03 - [TEST_STEP][PASSED] - Thread.sleep(2000): null

2019-02-20 17:23:05 - [TEST_STEP][PASSED] - click(findTestObject("TestResource/saveDetailButton")): Object: 'Object Repository/TestResource/saveDetailButton' is clicked on

2019-02-20 17:23:05 - [MESSAGE][PASSED] - Object: 'Object Repository/TestResource/saveDetailButton' is clicked on

2019-02-20 17:23:05 - [TEST_STEP][PASSED] - Thread.sleep(7000): null

2019-02-20 17:23:12 - [TEST_STEP][PASSED] - click(findTestObject("TestResource/linksTab")): Object: 'Object Repository/TestResource/linksTab' is clicked on

2019-02-20 17:23:12 - [MESSAGE][PASSED] - Object: 'Object Repository/TestResource/linksTab' is clicked on

2019-02-20 17:23:12 - [TEST_STEP][PASSED] - Thread.sleep(2000): null

2019-02-20 17:23:14 - [TEST_STEP][PASSED] - click(findTestObject("TestResource/addLink")): Object: 'Object Repository/TestResource/addLink' is clicked on

2019-02-20 17:23:14 - [MESSAGE][PASSED] - Object: 'Object Repository/TestResource/addLink' is clicked on

2019-02-20 17:23:14 - [TEST_STEP][PASSED] - Thread.sleep(5000): null

2019-02-20 17:23:19 - [TEST_STEP][PASSED] - check(findTestObject("TestResource/selectSecondResourceToLink")): Object 'Object Repository/TestResource/selectSecondResourceToLink' is checked

2019-02-20 17:23:19 - [MESSAGE][PASSED] - Object 'Object Repository/TestResource/selectSecondResourceToLink' is checked

2019-02-20 17:23:19 - [TEST_STEP][PASSED] - AdminTool_Location.resourceLinkName(): AdminTool_Location.resourceLinkName is PASSED

2019-02-20 17:23:19 - [MESSAGE][PASSED] - AdminTool_Location.resourceLinkName is PASSED

2019-02-20 17:23:19 - [TEST_STEP][PASSED] - Thread.sleep(2000): null

2019-02-20 17:23:21 - [TEST_STEP][PASSED] - click(findTestObject("TestResource/button2Save")): Object: 'Object Repository/TestResource/button2Save' is clicked on

2019-02-20 17:23:21 - [MESSAGE][PASSED] - Object: 'Object Repository/TestResource/button2Save' is clicked on

2019-02-20 17:23:21 - [TEST_STEP][PASSED] - Thread.sleep(4000): null

2019-02-20 17:23:25 - [TEST_STEP][PASSED] - click(findTestObject("TestResource/locationTab")): Object: 'Object Repository/TestResource/locationTab' is clicked on

2019-02-20 17:23:26 - [MESSAGE][PASSED] - Object: 'Object Repository/TestResource/locationTab' is clicked on

2019-02-20 17:23:26 - [TEST_STEP][PASSED] - Thread.sleep(5000): null

2019-02-20 17:23:31 - [TEST_STEP][PASSED] - AdminTool_Location.checkLocation(): AdminTool_Location.checkLocation is PASSED

2019-02-20 17:23:33 - [MESSAGE][PASSED] - AdminTool_Location.checkLocation is PASSED

2019-02-20 17:23:33 - [TEST_STEP][PASSED] - Thread.sleep(4000): null

2019-02-20 17:23:37 - [TEST_STEP][PASSED] - click(findTestObject("TestResource/saveLocation")): Object: 'Object Repository/TestResource/saveLocation' is clicked on

2019-02-20 17:23:37 - [MESSAGE][PASSED] - Object: 'Object Repository/TestResource/saveLocation' is clicked on]]></system-out>
         <system-err><![CDATA[]]></system-err>
      </testcase>
      <testcase name="Test Cases/CheckResoucesAsPerLocation/validateResource" classname="Test Cases/CheckResoucesAsPerLocation/validateResource" status="PASSED">
         <system-out><![CDATA[2019-02-20 17:23:37 - [TEST_CASE][PASSED] - Test Cases/CheckResoucesAsPerLocation/validateResource: Test Cases/CheckResoucesAsPerLocation/validateResource

2019-02-20 17:23:37 - [TEST_STEP][NOT_RUN] - openBrowser(URL): NOT_RUN: openBrowser(URL)

2019-02-20 17:23:37 - [MESSAGE][NOT_RUN] - NOT_RUN: openBrowser(URL)

2019-02-20 17:23:37 - [TEST_STEP][NOT_RUN] - maximizeWindow(): NOT_RUN: maximizeWindow()

2019-02-20 17:23:37 - [MESSAGE][NOT_RUN] - NOT_RUN: maximizeWindow()

2019-02-20 17:23:37 - [TEST_STEP][NOT_RUN] - setText(findTestObject("Form_Selection_Creation/login_Username"), UserName1): NOT_RUN: setText(findTestObject("Form_Selection_Creation/login_Username"), UserName1)

2019-02-20 17:23:37 - [MESSAGE][NOT_RUN] - NOT_RUN: setText(findTestObject("Form_Selection_Creation/login_Username"), UserName1)

2019-02-20 17:23:37 - [TEST_STEP][NOT_RUN] - setText(findTestObject("Form_Selection_Creation/login_Password"), Password111): NOT_RUN: setText(findTestObject("Form_Selection_Creation/login_Password"), Password111)

2019-02-20 17:23:37 - [MESSAGE][NOT_RUN] - NOT_RUN: setText(findTestObject("Form_Selection_Creation/login_Password"), Password111)

2019-02-20 17:23:37 - [TEST_STEP][PASSED] - Thread.sleep(4000): null

2019-02-20 17:23:41 - [TEST_STEP][PASSED] - FormName.setData(): FormName.setData is PASSED

2019-02-20 17:23:41 - [MESSAGE][PASSED] - FormName.setData is PASSED

2019-02-20 17:23:41 - [TEST_STEP][NOT_RUN] - click(findTestObject("Form_Selection_Creation/login_Button")): NOT_RUN: click(findTestObject("Form_Selection_Creation/login_Button"))

2019-02-20 17:23:41 - [MESSAGE][NOT_RUN] - NOT_RUN: click(findTestObject("Form_Selection_Creation/login_Button"))

2019-02-20 17:23:41 - [TEST_STEP][PASSED] - click(findTestObject("Form_Selection_Creation/mainMenu_Button")): Object: 'Object Repository/Form_Selection_Creation/mainMenu_Button' is clicked on

2019-02-20 17:23:41 - [MESSAGE][PASSED] - Object: 'Object Repository/Form_Selection_Creation/mainMenu_Button' is clicked on

2019-02-20 17:23:41 - [TEST_STEP][PASSED] - Thread.sleep(2000): null

2019-02-20 17:23:43 - [TEST_STEP][NOT_RUN] - click(findTestObject("Form_Selection_Creation/mainMenu_AdminTools")): NOT_RUN: click(findTestObject("Form_Selection_Creation/mainMenu_AdminTools"))

2019-02-20 17:23:43 - [MESSAGE][NOT_RUN] - NOT_RUN: click(findTestObject("Form_Selection_Creation/mainMenu_AdminTools"))

2019-02-20 17:23:43 - [TEST_STEP][PASSED] - click(findTestObject("Form_Selection_Creation/mainMenu_AdminTools_FormDesigner")): Object: 'Object Repository/Form_Selection_Creation/mainMenu_AdminTools_FormDesigner' is clicked on

2019-02-20 17:23:43 - [MESSAGE][PASSED] - Object: 'Object Repository/Form_Selection_Creation/mainMenu_AdminTools_FormDesigner' is clicked on

2019-02-20 17:23:43 - [TEST_STEP][PASSED] - click(findTestObject("Form_Selection_Creation/selectCheckForm")): Object: 'Object Repository/Form_Selection_Creation/selectCheckForm' is clicked on

2019-02-20 17:23:43 - [MESSAGE][PASSED] - Object: 'Object Repository/Form_Selection_Creation/selectCheckForm' is clicked on

2019-02-20 17:23:43 - [TEST_STEP][PASSED] - Thread.sleep(5000): null

2019-02-20 17:23:48 - [TEST_STEP][PASSED] - AdminTool_Location.moveCursor(): AdminTool_Location.moveCursor is PASSED

2019-02-20 17:23:48 - [MESSAGE][PASSED] - AdminTool_Location.moveCursor is PASSED

2019-02-20 17:23:48 - [TEST_STEP][PASSED] - Thread.sleep(2000): null

2019-02-20 17:23:50 - [TEST_STEP][PASSED] - AdminTool_Location.selectResType(): AdminTool_Location.selectResType is PASSED

2019-02-20 17:24:01 - [MESSAGE][PASSED] - AdminTool_Location.selectResType is PASSED

2019-02-20 17:24:01 - [TEST_STEP][PASSED] - AdminTool_Location.dragDropRes(): Element has been clicked

2019-02-20 17:24:05 - [MESSAGE][PASSED] - Element has been clicked

2019-02-20 17:24:05 - [TEST_STEP][PASSED] - Thread.sleep(5000): null

2019-02-20 17:24:10 - [TEST_STEP][NOT_RUN] - dragAndDropToObject(findTestObject("null"), findTestObject("Form_Selection_Creation/Target_Res_Object")): NOT_RUN: dragAndDropToObject(findTestObject("null"), findTestObject("Form_Selection_Creation/Target_Res_Object"))

2019-02-20 17:24:10 - [MESSAGE][NOT_RUN] - NOT_RUN: dragAndDropToObject(findTestObject("null"), findTestObject("Form_Selection_Creation/Target_Res_Object"))

2019-02-20 17:24:10 - [TEST_STEP][PASSED] - AdminTool_Location.validate(): AdminTool_Location.validate is PASSED

2019-02-20 17:24:10 - [MESSAGE][PASSED] - AdminTool_Location.validate is PASSED

2019-02-20 17:24:10 - [TEST_STEP][PASSED] - s = getText(findTestObject("TestResource/testText")): Text of object 'Object Repository/TestResource/testText' is: 'Equipment > Equipment_20/02/19-17:20 > SubEquipment2_20/02/19-17:20'

2019-02-20 17:24:10 - [MESSAGE][PASSED] - Text of object 'Object Repository/TestResource/testText' is: 'Equipment > Equipment_20/02/19-17:20 > SubEquipment2_20/02/19-17:20'

2019-02-20 17:24:10 - [TEST_STEP][PASSED] - println(s): null]]></system-out>
         <system-err><![CDATA[]]></system-err>
      </testcase>
      <testcase name="Test Cases/CheckResoucesAsPerLocation/checkResource_Items" classname="Test Cases/CheckResoucesAsPerLocation/checkResource_Items" status="PASSED">
         <system-out><![CDATA[2019-02-20 17:24:10 - [TEST_CASE][PASSED] - Test Cases/CheckResoucesAsPerLocation/checkResource_Items: Test Cases/CheckResoucesAsPerLocation/checkResource_Items

2019-02-20 17:24:10 - [TEST_STEP][NOT_RUN] - openBrowser(URL): NOT_RUN: openBrowser(URL)

2019-02-20 17:24:10 - [MESSAGE][NOT_RUN] - NOT_RUN: openBrowser(URL)

2019-02-20 17:24:10 - [TEST_STEP][NOT_RUN] - maximizeWindow(): NOT_RUN: maximizeWindow()

2019-02-20 17:24:10 - [MESSAGE][NOT_RUN] - NOT_RUN: maximizeWindow()

2019-02-20 17:24:10 - [TEST_STEP][NOT_RUN] - setText(findTestObject("TestUserLocation/login_Username"), UserName1): NOT_RUN: setText(findTestObject("TestUserLocation/login_Username"), UserName1)

2019-02-20 17:24:10 - [MESSAGE][NOT_RUN] - NOT_RUN: setText(findTestObject("TestUserLocation/login_Username"), UserName1)

2019-02-20 17:24:10 - [TEST_STEP][NOT_RUN] - setText(findTestObject("TestUserLocation/login_Password"), Password1): NOT_RUN: setText(findTestObject("TestUserLocation/login_Password"), Password1)

2019-02-20 17:24:10 - [MESSAGE][NOT_RUN] - NOT_RUN: setText(findTestObject("TestUserLocation/login_Password"), Password1)

2019-02-20 17:24:10 - [TEST_STEP][PASSED] - AdminTool_Location.setItemName(): AdminTool_Location.setItemName is PASSED

2019-02-20 17:24:11 - [MESSAGE][PASSED] - AdminTool_Location.setItemName is PASSED

2019-02-20 17:24:11 - [TEST_STEP][NOT_RUN] - click(findTestObject("TestUserLocation/login_Button")): NOT_RUN: click(findTestObject("TestUserLocation/login_Button"))

2019-02-20 17:24:11 - [MESSAGE][NOT_RUN] - NOT_RUN: click(findTestObject("TestUserLocation/login_Button"))

2019-02-20 17:24:11 - [TEST_STEP][NOT_RUN] - Thread.sleep(4000): NOT_RUN: Thread.sleep(4000)

2019-02-20 17:24:11 - [MESSAGE][NOT_RUN] - NOT_RUN: Thread.sleep(4000)

2019-02-20 17:24:11 - [TEST_STEP][PASSED] - click(findTestObject("TestUserLocation/mainmenu_button")): Object: 'Object Repository/TestUserLocation/mainmenu_button' is clicked on

2019-02-20 17:24:11 - [MESSAGE][PASSED] - Object: 'Object Repository/TestUserLocation/mainmenu_button' is clicked on

2019-02-20 17:24:11 - [TEST_STEP][PASSED] - Thread.sleep(2000): null

2019-02-20 17:24:13 - [TEST_STEP][NOT_RUN] - click(findTestObject("TestUserLocation/adminTool")): NOT_RUN: click(findTestObject("TestUserLocation/adminTool"))

2019-02-20 17:24:13 - [MESSAGE][NOT_RUN] - NOT_RUN: click(findTestObject("TestUserLocation/adminTool"))

2019-02-20 17:24:13 - [TEST_STEP][PASSED] - click(findTestObject("TestUserLocation/mainMenuResourceDesigner")): Object: 'Object Repository/TestUserLocation/mainMenuResourceDesigner' is clicked on

2019-02-20 17:24:13 - [MESSAGE][PASSED] - Object: 'Object Repository/TestUserLocation/mainMenuResourceDesigner' is clicked on

2019-02-20 17:24:13 - [TEST_STEP][PASSED] - Thread.sleep(2000): null

2019-02-20 17:24:15 - [TEST_STEP][PASSED] - click(findTestObject("TestUserLocation/yesDelete")): Object: 'Object Repository/TestUserLocation/yesDelete' is clicked on

2019-02-20 17:24:15 - [MESSAGE][PASSED] - Object: 'Object Repository/TestUserLocation/yesDelete' is clicked on

2019-02-20 17:24:15 - [TEST_STEP][PASSED] - Thread.sleep(4000): null

2019-02-20 17:24:19 - [TEST_STEP][PASSED] - click(findTestObject("TestResource/items")): Object: 'Object Repository/TestResource/items' is clicked on

2019-02-20 17:24:19 - [MESSAGE][PASSED] - Object: 'Object Repository/TestResource/items' is clicked on

2019-02-20 17:24:19 - [TEST_STEP][PASSED] - Thread.sleep(4000): null

2019-02-20 17:24:23 - [TEST_STEP][PASSED] - waitForElementClickable(findTestObject("TestUserLocation/categories"), 45): Object 'Object Repository/TestUserLocation/categories' is clickable

2019-02-20 17:24:23 - [MESSAGE][PASSED] - Object 'Object Repository/TestUserLocation/categories' is clickable

2019-02-20 17:24:23 - [TEST_STEP][PASSED] - click(findTestObject("TestUserLocation/categories")): Object: 'Object Repository/TestUserLocation/categories' is clicked on

2019-02-20 17:24:23 - [MESSAGE][PASSED] - Object: 'Object Repository/TestUserLocation/categories' is clicked on

2019-02-20 17:24:23 - [TEST_STEP][PASSED] - Thread.sleep(2000): null

2019-02-20 17:24:25 - [TEST_STEP][PASSED] - click(findTestObject("TestUserLocation/defaultArea")): Object: 'Object Repository/TestUserLocation/defaultArea' is clicked on

2019-02-20 17:24:25 - [MESSAGE][PASSED] - Object: 'Object Repository/TestUserLocation/defaultArea' is clicked on

2019-02-20 17:24:25 - [TEST_STEP][PASSED] - Thread.sleep(2000): null

2019-02-20 17:24:27 - [TEST_STEP][PASSED] - click(findTestObject("TestUserLocation/hoverHeading")): Object: 'Object Repository/TestUserLocation/hoverHeading' is clicked on

2019-02-20 17:24:28 - [MESSAGE][PASSED] - Object: 'Object Repository/TestUserLocation/hoverHeading' is clicked on

2019-02-20 17:24:28 - [TEST_STEP][PASSED] - click(findTestObject("TestUserLocation/addPlusIcon")): Object: 'Object Repository/TestUserLocation/addPlusIcon' is clicked on

2019-02-20 17:24:28 - [MESSAGE][PASSED] - Object: 'Object Repository/TestUserLocation/addPlusIcon' is clicked on

2019-02-20 17:24:28 - [TEST_STEP][PASSED] - setText(findTestObject("TestUserLocation/setNewName"), findTestData("LocationData").getValue("ItemsName", 1)): Text 'Item_20/02/19-17:24' is set on object 'Object Repository/TestUserLocation/setNewName'

2019-02-20 17:24:28 - [MESSAGE][PASSED] - Text 'Item_20/02/19-17:24' is set on object 'Object Repository/TestUserLocation/setNewName'

2019-02-20 17:24:28 - [TEST_STEP][PASSED] - Thread.sleep(2000): null

2019-02-20 17:24:30 - [TEST_STEP][PASSED] - click(findTestObject("TestUserLocation/saveButton")): Object: 'Object Repository/TestUserLocation/saveButton' is clicked on

2019-02-20 17:24:30 - [MESSAGE][PASSED] - Object: 'Object Repository/TestUserLocation/saveButton' is clicked on

2019-02-20 17:24:30 - [TEST_STEP][PASSED] - Thread.sleep(4000): null

2019-02-20 17:24:34 - [TEST_STEP][PASSED] - Thread.sleep(4000): null

2019-02-20 17:24:38 - [TEST_STEP][PASSED] - click(findTestObject("TestUserLocation/mainmenu_button")): Object: 'Object Repository/TestUserLocation/mainmenu_button' is clicked on

2019-02-20 17:24:38 - [MESSAGE][PASSED] - Object: 'Object Repository/TestUserLocation/mainmenu_button' is clicked on

2019-02-20 17:24:38 - [TEST_STEP][PASSED] - Thread.sleep(2000): null

2019-02-20 17:24:40 - [TEST_STEP][PASSED] - click(findTestObject("TestResource/mainMenu_resources")): Object: 'Object Repository/TestResource/mainMenu_resources' is clicked on

2019-02-20 17:24:40 - [MESSAGE][PASSED] - Object: 'Object Repository/TestResource/mainMenu_resources' is clicked on

2019-02-20 17:24:40 - [TEST_STEP][PASSED] - Thread.sleep(4000): null

2019-02-20 17:24:44 - [TEST_STEP][PASSED] - click(findTestObject("TestResource/items")): Object: 'Object Repository/TestResource/items' is clicked on

2019-02-20 17:24:44 - [MESSAGE][PASSED] - Object: 'Object Repository/TestResource/items' is clicked on

2019-02-20 17:24:44 - [TEST_STEP][PASSED] - Thread.sleep(4000): null

2019-02-20 17:24:48 - [TEST_STEP][PASSED] - AdminTool_Location.selectItem(): Element has been clicked

2019-02-20 17:24:53 - [MESSAGE][PASSED] - Element has been clicked

2019-02-20 17:24:53 - [TEST_STEP][PASSED] - Thread.sleep(4000): null

2019-02-20 17:24:57 - [TEST_STEP][PASSED] - waitForElementClickable(findTestObject("TestUserLocation/addPlusIcon"), 45): Object 'Object Repository/TestUserLocation/addPlusIcon' is clickable

2019-02-20 17:24:57 - [MESSAGE][PASSED] - Object 'Object Repository/TestUserLocation/addPlusIcon' is clickable

2019-02-20 17:24:57 - [TEST_STEP][PASSED] - click(findTestObject("TestUserLocation/addPlusIcon")): Object: 'Object Repository/TestUserLocation/addPlusIcon' is clicked on

2019-02-20 17:24:57 - [MESSAGE][PASSED] - Object: 'Object Repository/TestUserLocation/addPlusIcon' is clicked on

2019-02-20 17:24:57 - [TEST_STEP][PASSED] - Thread.sleep(2000): null

2019-02-20 17:24:59 - [TEST_STEP][PASSED] - setText(findTestObject("TestUserLocation/setNewName"), findTestData("LocationData").getValue("SubItemsName1", 1)): Text 'SubItem1_20/02/19-17:24' is set on object 'Object Repository/TestUserLocation/setNewName'

2019-02-20 17:24:59 - [MESSAGE][PASSED] - Text 'SubItem1_20/02/19-17:24' is set on object 'Object Repository/TestUserLocation/setNewName'

2019-02-20 17:24:59 - [TEST_STEP][PASSED] - Thread.sleep(2000): null

2019-02-20 17:25:01 - [TEST_STEP][PASSED] - Submission.createResource(): Submission.createResource is PASSED

2019-02-20 17:25:07 - [MESSAGE][PASSED] - Submission.createResource is PASSED

2019-02-20 17:25:07 - [TEST_STEP][NOT_RUN] - setText(findTestObject("TestResource/setPhoneNumber"), "912378456"): NOT_RUN: setText(findTestObject("TestResource/setPhoneNumber"), "912378456")

2019-02-20 17:25:07 - [MESSAGE][NOT_RUN] - NOT_RUN: setText(findTestObject("TestResource/setPhoneNumber"), "912378456")

2019-02-20 17:25:07 - [TEST_STEP][PASSED] - Thread.sleep(2000): null

2019-02-20 17:25:09 - [TEST_STEP][PASSED] - click(findTestObject("TestResource/saveDetailButton")): Object: 'Object Repository/TestResource/saveDetailButton' is clicked on

2019-02-20 17:25:10 - [MESSAGE][PASSED] - Object: 'Object Repository/TestResource/saveDetailButton' is clicked on

2019-02-20 17:25:10 - [TEST_STEP][PASSED] - Thread.sleep(7000): null

2019-02-20 17:25:17 - [TEST_STEP][PASSED] - click(findTestObject("TestResource/disableResource")): Object: 'Object Repository/TestResource/disableResource' is clicked on

2019-02-20 17:25:17 - [MESSAGE][PASSED] - Object: 'Object Repository/TestResource/disableResource' is clicked on

2019-02-20 17:25:17 - [TEST_STEP][PASSED] - Thread.sleep(2000): null

2019-02-20 17:25:19 - [TEST_STEP][PASSED] - click(findTestObject("TestResource/button2Yes")): Object: 'Object Repository/TestResource/button2Yes' is clicked on

2019-02-20 17:25:19 - [MESSAGE][PASSED] - Object: 'Object Repository/TestResource/button2Yes' is clicked on

2019-02-20 17:25:19 - [TEST_STEP][PASSED] - Thread.sleep(2000): null

2019-02-20 17:25:21 - [TEST_STEP][PASSED] - click(findTestObject("TestResource/saveDetailButton")): Object: 'Object Repository/TestResource/saveDetailButton' is clicked on

2019-02-20 17:25:21 - [MESSAGE][PASSED] - Object: 'Object Repository/TestResource/saveDetailButton' is clicked on

2019-02-20 17:25:21 - [TEST_STEP][PASSED] - Thread.sleep(7000): null

2019-02-20 17:25:28 - [TEST_STEP][PASSED] - click(findTestObject("TestResource/linksTab")): Object: 'Object Repository/TestResource/linksTab' is clicked on

2019-02-20 17:25:28 - [MESSAGE][PASSED] - Object: 'Object Repository/TestResource/linksTab' is clicked on

2019-02-20 17:25:28 - [TEST_STEP][PASSED] - Thread.sleep(2000): null

2019-02-20 17:25:30 - [TEST_STEP][PASSED] - click(findTestObject("TestResource/addLink")): Object: 'Object Repository/TestResource/addLink' is clicked on

2019-02-20 17:25:30 - [MESSAGE][PASSED] - Object: 'Object Repository/TestResource/addLink' is clicked on

2019-02-20 17:25:30 - [TEST_STEP][PASSED] - Thread.sleep(5000): null

2019-02-20 17:25:35 - [TEST_STEP][PASSED] - check(findTestObject("TestResource/selectSecondResourceToLink")): Object 'Object Repository/TestResource/selectSecondResourceToLink' is checked

2019-02-20 17:25:35 - [MESSAGE][PASSED] - Object 'Object Repository/TestResource/selectSecondResourceToLink' is checked

2019-02-20 17:25:35 - [TEST_STEP][PASSED] - AdminTool_Location.resourceLinkName(): AdminTool_Location.resourceLinkName is PASSED

2019-02-20 17:25:35 - [MESSAGE][PASSED] - AdminTool_Location.resourceLinkName is PASSED

2019-02-20 17:25:35 - [TEST_STEP][PASSED] - Thread.sleep(2000): null

2019-02-20 17:25:37 - [TEST_STEP][PASSED] - click(findTestObject("TestResource/button2Save")): Object: 'Object Repository/TestResource/button2Save' is clicked on

2019-02-20 17:25:38 - [MESSAGE][PASSED] - Object: 'Object Repository/TestResource/button2Save' is clicked on

2019-02-20 17:25:38 - [TEST_STEP][PASSED] - Thread.sleep(4000): null

2019-02-20 17:25:42 - [TEST_STEP][PASSED] - click(findTestObject("TestResource/locationTab")): Object: 'Object Repository/TestResource/locationTab' is clicked on

2019-02-20 17:25:47 - [MESSAGE][PASSED] - Object: 'Object Repository/TestResource/locationTab' is clicked on

2019-02-20 17:25:47 - [TEST_STEP][PASSED] - AdminTool_Location.moveCursor(): AdminTool_Location.moveCursor is PASSED

2019-02-20 17:25:47 - [MESSAGE][PASSED] - AdminTool_Location.moveCursor is PASSED

2019-02-20 17:25:47 - [TEST_STEP][PASSED] - Thread.sleep(2000): null

2019-02-20 17:25:49 - [TEST_STEP][PASSED] - Thread.sleep(5000): null

2019-02-20 17:25:54 - [TEST_STEP][PASSED] - AdminTool_Location.checkLocation(): AdminTool_Location.checkLocation is PASSED

2019-02-20 17:25:56 - [MESSAGE][PASSED] - AdminTool_Location.checkLocation is PASSED

2019-02-20 17:25:56 - [TEST_STEP][PASSED] - Thread.sleep(4000): null

2019-02-20 17:26:00 - [TEST_STEP][PASSED] - click(findTestObject("TestResource/saveLocation")): Object: 'Object Repository/TestResource/saveLocation' is clicked on

2019-02-20 17:26:00 - [MESSAGE][PASSED] - Object: 'Object Repository/TestResource/saveLocation' is clicked on

2019-02-20 17:26:00 - [TEST_STEP][PASSED] - click(findTestObject("TestUserLocation/mainmenu_button")): Object: 'Object Repository/TestUserLocation/mainmenu_button' is clicked on

2019-02-20 17:26:01 - [MESSAGE][PASSED] - Object: 'Object Repository/TestUserLocation/mainmenu_button' is clicked on

2019-02-20 17:26:01 - [TEST_STEP][PASSED] - Thread.sleep(2000): null

2019-02-20 17:26:03 - [TEST_STEP][PASSED] - click(findTestObject("TestResource/mainMenu_resources")): Object: 'Object Repository/TestResource/mainMenu_resources' is clicked on

2019-02-20 17:26:03 - [MESSAGE][PASSED] - Object: 'Object Repository/TestResource/mainMenu_resources' is clicked on

2019-02-20 17:26:03 - [TEST_STEP][PASSED] - Thread.sleep(4000): null

2019-02-20 17:26:07 - [TEST_STEP][PASSED] - click(findTestObject("TestResource/items")): Object: 'Object Repository/TestResource/items' is clicked on

2019-02-20 17:26:07 - [MESSAGE][PASSED] - Object: 'Object Repository/TestResource/items' is clicked on

2019-02-20 17:26:07 - [TEST_STEP][PASSED] - Thread.sleep(4000): null

2019-02-20 17:26:11 - [TEST_STEP][PASSED] - AdminTool_Location.selectItem(): Element has been clicked

2019-02-20 17:26:16 - [MESSAGE][PASSED] - Element has been clicked

2019-02-20 17:26:16 - [TEST_STEP][PASSED] - Thread.sleep(4000): null

2019-02-20 17:26:20 - [TEST_STEP][PASSED] - waitForElementClickable(findTestObject("TestUserLocation/addPlusIcon"), 45): Object 'Object Repository/TestUserLocation/addPlusIcon' is clickable

2019-02-20 17:26:20 - [MESSAGE][PASSED] - Object 'Object Repository/TestUserLocation/addPlusIcon' is clickable

2019-02-20 17:26:20 - [TEST_STEP][PASSED] - click(findTestObject("TestUserLocation/addPlusIcon")): Object: 'Object Repository/TestUserLocation/addPlusIcon' is clicked on

2019-02-20 17:26:20 - [MESSAGE][PASSED] - Object: 'Object Repository/TestUserLocation/addPlusIcon' is clicked on

2019-02-20 17:26:20 - [TEST_STEP][PASSED] - Thread.sleep(2000): null

2019-02-20 17:26:22 - [TEST_STEP][PASSED] - setText(findTestObject("TestUserLocation/setNewName"), findTestData("LocationData").getValue("SubItemsName2", 1)): Text 'SubItem2_20/02/19-17:24' is set on object 'Object Repository/TestUserLocation/setNewName'

2019-02-20 17:26:22 - [MESSAGE][PASSED] - Text 'SubItem2_20/02/19-17:24' is set on object 'Object Repository/TestUserLocation/setNewName'

2019-02-20 17:26:22 - [TEST_STEP][PASSED] - Thread.sleep(2000): null

2019-02-20 17:26:24 - [TEST_STEP][PASSED] - Submission.createResource(): Submission.createResource is PASSED

2019-02-20 17:26:30 - [MESSAGE][PASSED] - Submission.createResource is PASSED

2019-02-20 17:26:30 - [TEST_STEP][NOT_RUN] - setText(findTestObject("TestResource/setPhoneNumber"), "912378456"): NOT_RUN: setText(findTestObject("TestResource/setPhoneNumber"), "912378456")

2019-02-20 17:26:30 - [MESSAGE][NOT_RUN] - NOT_RUN: setText(findTestObject("TestResource/setPhoneNumber"), "912378456")

2019-02-20 17:26:30 - [TEST_STEP][PASSED] - Thread.sleep(2000): null

2019-02-20 17:26:32 - [TEST_STEP][PASSED] - click(findTestObject("TestResource/saveDetailButton")): Object: 'Object Repository/TestResource/saveDetailButton' is clicked on

2019-02-20 17:26:33 - [MESSAGE][PASSED] - Object: 'Object Repository/TestResource/saveDetailButton' is clicked on

2019-02-20 17:26:33 - [TEST_STEP][PASSED] - Thread.sleep(7000): null

2019-02-20 17:26:40 - [TEST_STEP][PASSED] - click(findTestObject("TestResource/linksTab")): Object: 'Object Repository/TestResource/linksTab' is clicked on

2019-02-20 17:26:40 - [MESSAGE][PASSED] - Object: 'Object Repository/TestResource/linksTab' is clicked on

2019-02-20 17:26:40 - [TEST_STEP][PASSED] - Thread.sleep(2000): null

2019-02-20 17:26:42 - [TEST_STEP][PASSED] - click(findTestObject("TestResource/addLink")): Object: 'Object Repository/TestResource/addLink' is clicked on

2019-02-20 17:26:42 - [MESSAGE][PASSED] - Object: 'Object Repository/TestResource/addLink' is clicked on

2019-02-20 17:26:42 - [TEST_STEP][PASSED] - Thread.sleep(5000): null

2019-02-20 17:26:47 - [TEST_STEP][PASSED] - check(findTestObject("TestResource/selectSecondResourceToLink")): Object 'Object Repository/TestResource/selectSecondResourceToLink' is checked

2019-02-20 17:26:47 - [MESSAGE][PASSED] - Object 'Object Repository/TestResource/selectSecondResourceToLink' is checked

2019-02-20 17:26:47 - [TEST_STEP][PASSED] - AdminTool_Location.resourceLinkName(): AdminTool_Location.resourceLinkName is PASSED

2019-02-20 17:26:47 - [MESSAGE][PASSED] - AdminTool_Location.resourceLinkName is PASSED

2019-02-20 17:26:47 - [TEST_STEP][PASSED] - Thread.sleep(2000): null

2019-02-20 17:26:49 - [TEST_STEP][PASSED] - click(findTestObject("TestResource/button2Save")): Object: 'Object Repository/TestResource/button2Save' is clicked on

2019-02-20 17:26:49 - [MESSAGE][PASSED] - Object: 'Object Repository/TestResource/button2Save' is clicked on

2019-02-20 17:26:49 - [TEST_STEP][PASSED] - Thread.sleep(4000): null

2019-02-20 17:26:53 - [TEST_STEP][PASSED] - click(findTestObject("TestResource/locationTab")): Object: 'Object Repository/TestResource/locationTab' is clicked on

2019-02-20 17:26:58 - [MESSAGE][PASSED] - Object: 'Object Repository/TestResource/locationTab' is clicked on

2019-02-20 17:26:58 - [TEST_STEP][PASSED] - Thread.sleep(5000): null

2019-02-20 17:27:03 - [TEST_STEP][PASSED] - AdminTool_Location.checkLocation(): AdminTool_Location.checkLocation is PASSED

2019-02-20 17:27:06 - [MESSAGE][PASSED] - AdminTool_Location.checkLocation is PASSED

2019-02-20 17:27:06 - [TEST_STEP][PASSED] - Thread.sleep(4000): null

2019-02-20 17:27:10 - [TEST_STEP][PASSED] - click(findTestObject("TestResource/saveLocation")): Object: 'Object Repository/TestResource/saveLocation' is clicked on

2019-02-20 17:27:10 - [MESSAGE][PASSED] - Object: 'Object Repository/TestResource/saveLocation' is clicked on]]></system-out>
         <system-err><![CDATA[]]></system-err>
      </testcase>
      <testcase name="Test Cases/CheckResoucesAsPerLocation/validateResource" classname="Test Cases/CheckResoucesAsPerLocation/validateResource" status="PASSED">
         <system-out><![CDATA[2019-02-20 17:27:10 - [TEST_CASE][PASSED] - Test Cases/CheckResoucesAsPerLocation/validateResource: Test Cases/CheckResoucesAsPerLocation/validateResource

2019-02-20 17:27:10 - [TEST_STEP][NOT_RUN] - openBrowser(URL): NOT_RUN: openBrowser(URL)

2019-02-20 17:27:10 - [MESSAGE][NOT_RUN] - NOT_RUN: openBrowser(URL)

2019-02-20 17:27:10 - [TEST_STEP][NOT_RUN] - maximizeWindow(): NOT_RUN: maximizeWindow()

2019-02-20 17:27:10 - [MESSAGE][NOT_RUN] - NOT_RUN: maximizeWindow()

2019-02-20 17:27:10 - [TEST_STEP][NOT_RUN] - setText(findTestObject("Form_Selection_Creation/login_Username"), UserName1): NOT_RUN: setText(findTestObject("Form_Selection_Creation/login_Username"), UserName1)

2019-02-20 17:27:10 - [MESSAGE][NOT_RUN] - NOT_RUN: setText(findTestObject("Form_Selection_Creation/login_Username"), UserName1)

2019-02-20 17:27:10 - [TEST_STEP][NOT_RUN] - setText(findTestObject("Form_Selection_Creation/login_Password"), Password111): NOT_RUN: setText(findTestObject("Form_Selection_Creation/login_Password"), Password111)

2019-02-20 17:27:10 - [MESSAGE][NOT_RUN] - NOT_RUN: setText(findTestObject("Form_Selection_Creation/login_Password"), Password111)

2019-02-20 17:27:10 - [TEST_STEP][PASSED] - Thread.sleep(4000): null

2019-02-20 17:27:14 - [TEST_STEP][PASSED] - FormName.setData(): FormName.setData is PASSED

2019-02-20 17:27:14 - [MESSAGE][PASSED] - FormName.setData is PASSED

2019-02-20 17:27:14 - [TEST_STEP][NOT_RUN] - click(findTestObject("Form_Selection_Creation/login_Button")): NOT_RUN: click(findTestObject("Form_Selection_Creation/login_Button"))

2019-02-20 17:27:14 - [MESSAGE][NOT_RUN] - NOT_RUN: click(findTestObject("Form_Selection_Creation/login_Button"))

2019-02-20 17:27:14 - [TEST_STEP][PASSED] - click(findTestObject("Form_Selection_Creation/mainMenu_Button")): Object: 'Object Repository/Form_Selection_Creation/mainMenu_Button' is clicked on

2019-02-20 17:27:14 - [MESSAGE][PASSED] - Object: 'Object Repository/Form_Selection_Creation/mainMenu_Button' is clicked on

2019-02-20 17:27:14 - [TEST_STEP][PASSED] - Thread.sleep(2000): null

2019-02-20 17:27:16 - [TEST_STEP][NOT_RUN] - click(findTestObject("Form_Selection_Creation/mainMenu_AdminTools")): NOT_RUN: click(findTestObject("Form_Selection_Creation/mainMenu_AdminTools"))

2019-02-20 17:27:16 - [MESSAGE][NOT_RUN] - NOT_RUN: click(findTestObject("Form_Selection_Creation/mainMenu_AdminTools"))

2019-02-20 17:27:16 - [TEST_STEP][PASSED] - click(findTestObject("Form_Selection_Creation/mainMenu_AdminTools_FormDesigner")): Object: 'Object Repository/Form_Selection_Creation/mainMenu_AdminTools_FormDesigner' is clicked on

2019-02-20 17:27:16 - [MESSAGE][PASSED] - Object: 'Object Repository/Form_Selection_Creation/mainMenu_AdminTools_FormDesigner' is clicked on

2019-02-20 17:27:16 - [TEST_STEP][PASSED] - click(findTestObject("Form_Selection_Creation/selectCheckForm")): Object: 'Object Repository/Form_Selection_Creation/selectCheckForm' is clicked on

2019-02-20 17:27:16 - [MESSAGE][PASSED] - Object: 'Object Repository/Form_Selection_Creation/selectCheckForm' is clicked on

2019-02-20 17:27:16 - [TEST_STEP][PASSED] - Thread.sleep(5000): null

2019-02-20 17:27:21 - [TEST_STEP][PASSED] - AdminTool_Location.moveCursor(): AdminTool_Location.moveCursor is PASSED

2019-02-20 17:27:21 - [MESSAGE][PASSED] - AdminTool_Location.moveCursor is PASSED

2019-02-20 17:27:21 - [TEST_STEP][PASSED] - Thread.sleep(2000): null

2019-02-20 17:27:23 - [TEST_STEP][PASSED] - AdminTool_Location.selectResType(): AdminTool_Location.selectResType is PASSED

2019-02-20 17:27:34 - [MESSAGE][PASSED] - AdminTool_Location.selectResType is PASSED

2019-02-20 17:27:34 - [TEST_STEP][PASSED] - AdminTool_Location.dragDropRes(): Element has been clicked

2019-02-20 17:27:38 - [MESSAGE][PASSED] - Element has been clicked

2019-02-20 17:27:38 - [TEST_STEP][PASSED] - Thread.sleep(5000): null

2019-02-20 17:27:43 - [TEST_STEP][NOT_RUN] - dragAndDropToObject(findTestObject("null"), findTestObject("Form_Selection_Creation/Target_Res_Object")): NOT_RUN: dragAndDropToObject(findTestObject("null"), findTestObject("Form_Selection_Creation/Target_Res_Object"))

2019-02-20 17:27:43 - [MESSAGE][NOT_RUN] - NOT_RUN: dragAndDropToObject(findTestObject("null"), findTestObject("Form_Selection_Creation/Target_Res_Object"))

2019-02-20 17:27:43 - [TEST_STEP][PASSED] - AdminTool_Location.validate(): AdminTool_Location.validate is PASSED

2019-02-20 17:27:43 - [MESSAGE][PASSED] - AdminTool_Location.validate is PASSED

2019-02-20 17:27:43 - [TEST_STEP][PASSED] - s = getText(findTestObject("TestResource/testText")): Text of object 'Object Repository/TestResource/testText' is: 'Items > Item_20/02/19-17:24 > SubItem2_20/02/19-17:24'

2019-02-20 17:27:43 - [MESSAGE][PASSED] - Text of object 'Object Repository/TestResource/testText' is: 'Items > Item_20/02/19-17:24 > SubItem2_20/02/19-17:24'

2019-02-20 17:27:43 - [TEST_STEP][PASSED] - println(s): null]]></system-out>
         <system-err><![CDATA[]]></system-err>
      </testcase>
      <testcase name="Test Cases/CheckResoucesAsPerLocation/checkResource_Supplier" classname="Test Cases/CheckResoucesAsPerLocation/checkResource_Supplier" status="PASSED">
         <system-out><![CDATA[2019-02-20 17:27:43 - [TEST_CASE][PASSED] - Test Cases/CheckResoucesAsPerLocation/checkResource_Supplier: Test Cases/CheckResoucesAsPerLocation/checkResource_Supplier

2019-02-20 17:27:43 - [TEST_STEP][NOT_RUN] - openBrowser(URL): NOT_RUN: openBrowser(URL)

2019-02-20 17:27:43 - [MESSAGE][NOT_RUN] - NOT_RUN: openBrowser(URL)

2019-02-20 17:27:43 - [TEST_STEP][NOT_RUN] - maximizeWindow(): NOT_RUN: maximizeWindow()

2019-02-20 17:27:43 - [MESSAGE][NOT_RUN] - NOT_RUN: maximizeWindow()

2019-02-20 17:27:43 - [TEST_STEP][NOT_RUN] - setText(findTestObject("TestUserLocation/login_Username"), UserName1): NOT_RUN: setText(findTestObject("TestUserLocation/login_Username"), UserName1)

2019-02-20 17:27:43 - [MESSAGE][NOT_RUN] - NOT_RUN: setText(findTestObject("TestUserLocation/login_Username"), UserName1)

2019-02-20 17:27:43 - [TEST_STEP][NOT_RUN] - setText(findTestObject("TestUserLocation/login_Password"), Password1): NOT_RUN: setText(findTestObject("TestUserLocation/login_Password"), Password1)

2019-02-20 17:27:43 - [MESSAGE][NOT_RUN] - NOT_RUN: setText(findTestObject("TestUserLocation/login_Password"), Password1)

2019-02-20 17:27:43 - [TEST_STEP][PASSED] - AdminTool_Location.setSupplierName(): AdminTool_Location.setSupplierName is PASSED

2019-02-20 17:27:43 - [MESSAGE][PASSED] - AdminTool_Location.setSupplierName is PASSED

2019-02-20 17:27:43 - [TEST_STEP][NOT_RUN] - click(findTestObject("TestUserLocation/login_Button")): NOT_RUN: click(findTestObject("TestUserLocation/login_Button"))

2019-02-20 17:27:43 - [MESSAGE][NOT_RUN] - NOT_RUN: click(findTestObject("TestUserLocation/login_Button"))

2019-02-20 17:27:43 - [TEST_STEP][PASSED] - Thread.sleep(4000): null

2019-02-20 17:27:47 - [TEST_STEP][PASSED] - click(findTestObject("TestUserLocation/mainmenu_button")): Object: 'Object Repository/TestUserLocation/mainmenu_button' is clicked on

2019-02-20 17:27:47 - [MESSAGE][PASSED] - Object: 'Object Repository/TestUserLocation/mainmenu_button' is clicked on

2019-02-20 17:27:47 - [TEST_STEP][PASSED] - Thread.sleep(2000): null

2019-02-20 17:27:49 - [TEST_STEP][NOT_RUN] - click(findTestObject("TestUserLocation/adminTool")): NOT_RUN: click(findTestObject("TestUserLocation/adminTool"))

2019-02-20 17:27:49 - [MESSAGE][NOT_RUN] - NOT_RUN: click(findTestObject("TestUserLocation/adminTool"))

2019-02-20 17:27:49 - [TEST_STEP][PASSED] - click(findTestObject("TestUserLocation/mainMenuResourceDesigner")): Object: 'Object Repository/TestUserLocation/mainMenuResourceDesigner' is clicked on

2019-02-20 17:27:50 - [MESSAGE][PASSED] - Object: 'Object Repository/TestUserLocation/mainMenuResourceDesigner' is clicked on

2019-02-20 17:27:50 - [TEST_STEP][PASSED] - Thread.sleep(2000): null

2019-02-20 17:27:52 - [TEST_STEP][PASSED] - click(findTestObject("TestUserLocation/yesDelete")): Object: 'Object Repository/TestUserLocation/yesDelete' is clicked on

2019-02-20 17:27:52 - [MESSAGE][PASSED] - Object: 'Object Repository/TestUserLocation/yesDelete' is clicked on

2019-02-20 17:27:52 - [TEST_STEP][PASSED] - Thread.sleep(4000): null

2019-02-20 17:27:56 - [TEST_STEP][PASSED] - click(findTestObject("TestResource/SuppliersDesign")): Object: 'Object Repository/TestResource/SuppliersDesign' is clicked on

2019-02-20 17:27:56 - [MESSAGE][PASSED] - Object: 'Object Repository/TestResource/SuppliersDesign' is clicked on

2019-02-20 17:27:56 - [TEST_STEP][PASSED] - Thread.sleep(4000): null

2019-02-20 17:28:00 - [TEST_STEP][PASSED] - waitForElementClickable(findTestObject("TestUserLocation/categories"), 45): Object 'Object Repository/TestUserLocation/categories' is clickable

2019-02-20 17:28:00 - [MESSAGE][PASSED] - Object 'Object Repository/TestUserLocation/categories' is clickable

2019-02-20 17:28:00 - [TEST_STEP][PASSED] - click(findTestObject("TestUserLocation/categories")): Object: 'Object Repository/TestUserLocation/categories' is clicked on

2019-02-20 17:28:00 - [MESSAGE][PASSED] - Object: 'Object Repository/TestUserLocation/categories' is clicked on

2019-02-20 17:28:00 - [TEST_STEP][PASSED] - Thread.sleep(2000): null

2019-02-20 17:28:02 - [TEST_STEP][PASSED] - click(findTestObject("TestUserLocation/defaultArea")): Object: 'Object Repository/TestUserLocation/defaultArea' is clicked on

2019-02-20 17:28:02 - [MESSAGE][PASSED] - Object: 'Object Repository/TestUserLocation/defaultArea' is clicked on

2019-02-20 17:28:02 - [TEST_STEP][PASSED] - Thread.sleep(2000): null

2019-02-20 17:28:04 - [TEST_STEP][PASSED] - click(findTestObject("TestUserLocation/hoverHeading")): Object: 'Object Repository/TestUserLocation/hoverHeading' is clicked on

2019-02-20 17:28:04 - [MESSAGE][PASSED] - Object: 'Object Repository/TestUserLocation/hoverHeading' is clicked on

2019-02-20 17:28:04 - [TEST_STEP][PASSED] - click(findTestObject("TestUserLocation/addPlusIcon")): Object: 'Object Repository/TestUserLocation/addPlusIcon' is clicked on

2019-02-20 17:28:04 - [MESSAGE][PASSED] - Object: 'Object Repository/TestUserLocation/addPlusIcon' is clicked on

2019-02-20 17:28:04 - [TEST_STEP][PASSED] - setText(findTestObject("TestUserLocation/setNewName"), findTestData("LocationData").getValue("SuppliersName", 1)): Text 'Supplier_20/02/19-17:27' is set on object 'Object Repository/TestUserLocation/setNewName'

2019-02-20 17:28:05 - [MESSAGE][PASSED] - Text 'Supplier_20/02/19-17:27' is set on object 'Object Repository/TestUserLocation/setNewName'

2019-02-20 17:28:05 - [TEST_STEP][PASSED] - Thread.sleep(2000): null

2019-02-20 17:28:07 - [TEST_STEP][PASSED] - click(findTestObject("TestUserLocation/saveButton")): Object: 'Object Repository/TestUserLocation/saveButton' is clicked on

2019-02-20 17:28:07 - [MESSAGE][PASSED] - Object: 'Object Repository/TestUserLocation/saveButton' is clicked on

2019-02-20 17:28:07 - [TEST_STEP][PASSED] - Thread.sleep(4000): null

2019-02-20 17:28:11 - [TEST_STEP][PASSED] - Thread.sleep(4000): null

2019-02-20 17:28:15 - [TEST_STEP][PASSED] - click(findTestObject("TestUserLocation/mainmenu_button")): Object: 'Object Repository/TestUserLocation/mainmenu_button' is clicked on

2019-02-20 17:28:15 - [MESSAGE][PASSED] - Object: 'Object Repository/TestUserLocation/mainmenu_button' is clicked on

2019-02-20 17:28:15 - [TEST_STEP][PASSED] - Thread.sleep(2000): null

2019-02-20 17:28:17 - [TEST_STEP][PASSED] - click(findTestObject("TestResource/mainMenu_resources")): Object: 'Object Repository/TestResource/mainMenu_resources' is clicked on

2019-02-20 17:28:17 - [MESSAGE][PASSED] - Object: 'Object Repository/TestResource/mainMenu_resources' is clicked on

2019-02-20 17:28:17 - [TEST_STEP][PASSED] - Thread.sleep(4000): null

2019-02-20 17:28:21 - [TEST_STEP][PASSED] - click(findTestObject("TestResource/suppliers")): Object: 'Object Repository/TestResource/suppliers' is clicked on

2019-02-20 17:28:21 - [MESSAGE][PASSED] - Object: 'Object Repository/TestResource/suppliers' is clicked on

2019-02-20 17:28:21 - [TEST_STEP][PASSED] - Thread.sleep(4000): null

2019-02-20 17:28:25 - [TEST_STEP][PASSED] - AdminTool_Location.selectSupplier(): Element has been clicked

2019-02-20 17:28:30 - [MESSAGE][PASSED] - Element has been clicked

2019-02-20 17:28:30 - [TEST_STEP][PASSED] - Thread.sleep(4000): null

2019-02-20 17:28:34 - [TEST_STEP][PASSED] - waitForElementClickable(findTestObject("TestUserLocation/addPlusIcon"), 45): Object 'Object Repository/TestUserLocation/addPlusIcon' is clickable

2019-02-20 17:28:34 - [MESSAGE][PASSED] - Object 'Object Repository/TestUserLocation/addPlusIcon' is clickable

2019-02-20 17:28:34 - [TEST_STEP][PASSED] - click(findTestObject("TestUserLocation/addPlusIcon")): Object: 'Object Repository/TestUserLocation/addPlusIcon' is clicked on

2019-02-20 17:28:34 - [MESSAGE][PASSED] - Object: 'Object Repository/TestUserLocation/addPlusIcon' is clicked on

2019-02-20 17:28:34 - [TEST_STEP][PASSED] - Thread.sleep(2000): null

2019-02-20 17:28:36 - [TEST_STEP][PASSED] - setText(findTestObject("TestUserLocation/setNewName"), findTestData("LocationData").getValue("SubSuppliersName1", 1)): Text 'SubSupplier1_20/02/19-17:27' is set on object 'Object Repository/TestUserLocation/setNewName'

2019-02-20 17:28:36 - [MESSAGE][PASSED] - Text 'SubSupplier1_20/02/19-17:27' is set on object 'Object Repository/TestUserLocation/setNewName'

2019-02-20 17:28:36 - [TEST_STEP][NOT_RUN] - setText(findTestObject("TestResource/setPhoneNumber"), "912378456"): NOT_RUN: setText(findTestObject("TestResource/setPhoneNumber"), "912378456")

2019-02-20 17:28:36 - [MESSAGE][NOT_RUN] - NOT_RUN: setText(findTestObject("TestResource/setPhoneNumber"), "912378456")

2019-02-20 17:28:36 - [TEST_STEP][PASSED] - Thread.sleep(2000): null

2019-02-20 17:28:38 - [TEST_STEP][PASSED] - Submission.createResource(): Submission.createResource is PASSED

2019-02-20 17:28:44 - [MESSAGE][PASSED] - Submission.createResource is PASSED

2019-02-20 17:28:44 - [TEST_STEP][PASSED] - Thread.sleep(2000): null

2019-02-20 17:28:46 - [TEST_STEP][PASSED] - click(findTestObject("TestResource/saveDetailButton")): Object: 'Object Repository/TestResource/saveDetailButton' is clicked on

2019-02-20 17:28:46 - [MESSAGE][PASSED] - Object: 'Object Repository/TestResource/saveDetailButton' is clicked on

2019-02-20 17:28:46 - [TEST_STEP][PASSED] - Thread.sleep(7000): null

2019-02-20 17:28:53 - [TEST_STEP][PASSED] - click(findTestObject("TestResource/disableResource")): Object: 'Object Repository/TestResource/disableResource' is clicked on

2019-02-20 17:28:53 - [MESSAGE][PASSED] - Object: 'Object Repository/TestResource/disableResource' is clicked on

2019-02-20 17:28:53 - [TEST_STEP][PASSED] - Thread.sleep(2000): null

2019-02-20 17:28:55 - [TEST_STEP][PASSED] - click(findTestObject("TestResource/button2Yes")): Object: 'Object Repository/TestResource/button2Yes' is clicked on

2019-02-20 17:28:56 - [MESSAGE][PASSED] - Object: 'Object Repository/TestResource/button2Yes' is clicked on

2019-02-20 17:28:56 - [TEST_STEP][PASSED] - Thread.sleep(2000): null

2019-02-20 17:28:58 - [TEST_STEP][PASSED] - click(findTestObject("TestResource/saveDetailButton")): Object: 'Object Repository/TestResource/saveDetailButton' is clicked on

2019-02-20 17:28:58 - [MESSAGE][PASSED] - Object: 'Object Repository/TestResource/saveDetailButton' is clicked on

2019-02-20 17:28:58 - [TEST_STEP][PASSED] - Thread.sleep(7000): null

2019-02-20 17:29:05 - [TEST_STEP][PASSED] - click(findTestObject("TestResource/linksTab")): Object: 'Object Repository/TestResource/linksTab' is clicked on

2019-02-20 17:29:05 - [MESSAGE][PASSED] - Object: 'Object Repository/TestResource/linksTab' is clicked on

2019-02-20 17:29:05 - [TEST_STEP][PASSED] - Thread.sleep(2000): null

2019-02-20 17:29:07 - [TEST_STEP][PASSED] - click(findTestObject("TestResource/addLink")): Object: 'Object Repository/TestResource/addLink' is clicked on

2019-02-20 17:29:07 - [MESSAGE][PASSED] - Object: 'Object Repository/TestResource/addLink' is clicked on

2019-02-20 17:29:07 - [TEST_STEP][PASSED] - Thread.sleep(5000): null

2019-02-20 17:29:12 - [TEST_STEP][PASSED] - check(findTestObject("TestResource/selectSecondResourceToLink")): Object 'Object Repository/TestResource/selectSecondResourceToLink' is checked

2019-02-20 17:29:12 - [MESSAGE][PASSED] - Object 'Object Repository/TestResource/selectSecondResourceToLink' is checked

2019-02-20 17:29:12 - [TEST_STEP][PASSED] - AdminTool_Location.resourceLinkName(): AdminTool_Location.resourceLinkName is PASSED

2019-02-20 17:29:12 - [MESSAGE][PASSED] - AdminTool_Location.resourceLinkName is PASSED

2019-02-20 17:29:12 - [TEST_STEP][PASSED] - Thread.sleep(2000): null

2019-02-20 17:29:14 - [TEST_STEP][PASSED] - click(findTestObject("TestResource/button2Save")): Object: 'Object Repository/TestResource/button2Save' is clicked on

2019-02-20 17:29:14 - [MESSAGE][PASSED] - Object: 'Object Repository/TestResource/button2Save' is clicked on

2019-02-20 17:29:14 - [TEST_STEP][PASSED] - Thread.sleep(4000): null

2019-02-20 17:29:18 - [TEST_STEP][PASSED] - click(findTestObject("TestResource/locationTab")): Object: 'Object Repository/TestResource/locationTab' is clicked on

2019-02-20 17:29:19 - [MESSAGE][PASSED] - Object: 'Object Repository/TestResource/locationTab' is clicked on

2019-02-20 17:29:19 - [TEST_STEP][PASSED] - Thread.sleep(5000): null

2019-02-20 17:29:24 - [TEST_STEP][PASSED] - AdminTool_Location.checkLocation(): AdminTool_Location.checkLocation is PASSED

2019-02-20 17:29:26 - [MESSAGE][PASSED] - AdminTool_Location.checkLocation is PASSED

2019-02-20 17:29:26 - [TEST_STEP][PASSED] - Thread.sleep(4000): null

2019-02-20 17:29:30 - [TEST_STEP][PASSED] - AdminTool_Location.moveCursor(): AdminTool_Location.moveCursor is PASSED

2019-02-20 17:29:30 - [MESSAGE][PASSED] - AdminTool_Location.moveCursor is PASSED

2019-02-20 17:29:30 - [TEST_STEP][PASSED] - Thread.sleep(2000): null

2019-02-20 17:29:32 - [TEST_STEP][PASSED] - click(findTestObject("TestResource/saveLocation")): Object: 'Object Repository/TestResource/saveLocation' is clicked on

2019-02-20 17:29:32 - [MESSAGE][PASSED] - Object: 'Object Repository/TestResource/saveLocation' is clicked on

2019-02-20 17:29:32 - [TEST_STEP][PASSED] - click(findTestObject("TestUserLocation/mainmenu_button")): Object: 'Object Repository/TestUserLocation/mainmenu_button' is clicked on

2019-02-20 17:29:33 - [MESSAGE][PASSED] - Object: 'Object Repository/TestUserLocation/mainmenu_button' is clicked on

2019-02-20 17:29:33 - [TEST_STEP][PASSED] - Thread.sleep(2000): null

2019-02-20 17:29:35 - [TEST_STEP][PASSED] - click(findTestObject("TestResource/mainMenu_resources")): Object: 'Object Repository/TestResource/mainMenu_resources' is clicked on

2019-02-20 17:29:35 - [MESSAGE][PASSED] - Object: 'Object Repository/TestResource/mainMenu_resources' is clicked on

2019-02-20 17:29:35 - [TEST_STEP][PASSED] - Thread.sleep(4000): null

2019-02-20 17:29:39 - [TEST_STEP][PASSED] - click(findTestObject("TestResource/suppliers")): Object: 'Object Repository/TestResource/suppliers' is clicked on

2019-02-20 17:29:39 - [MESSAGE][PASSED] - Object: 'Object Repository/TestResource/suppliers' is clicked on

2019-02-20 17:29:39 - [TEST_STEP][PASSED] - Thread.sleep(4000): null

2019-02-20 17:29:43 - [TEST_STEP][PASSED] - AdminTool_Location.selectSupplier(): Element has been clicked

2019-02-20 17:29:48 - [MESSAGE][PASSED] - Element has been clicked

2019-02-20 17:29:48 - [TEST_STEP][PASSED] - Thread.sleep(4000): null

2019-02-20 17:29:52 - [TEST_STEP][PASSED] - waitForElementClickable(findTestObject("TestUserLocation/addPlusIcon"), 45): Object 'Object Repository/TestUserLocation/addPlusIcon' is clickable

2019-02-20 17:29:52 - [MESSAGE][PASSED] - Object 'Object Repository/TestUserLocation/addPlusIcon' is clickable

2019-02-20 17:29:52 - [TEST_STEP][PASSED] - click(findTestObject("TestUserLocation/addPlusIcon")): Object: 'Object Repository/TestUserLocation/addPlusIcon' is clicked on

2019-02-20 17:29:52 - [MESSAGE][PASSED] - Object: 'Object Repository/TestUserLocation/addPlusIcon' is clicked on

2019-02-20 17:29:52 - [TEST_STEP][PASSED] - Thread.sleep(2000): null

2019-02-20 17:29:54 - [TEST_STEP][PASSED] - setText(findTestObject("TestUserLocation/setNewName"), findTestData("LocationData").getValue("SubSuppliersName2", 1)): Text 'SubSupplier2_20/02/19-17:27' is set on object 'Object Repository/TestUserLocation/setNewName'

2019-02-20 17:29:55 - [MESSAGE][PASSED] - Text 'SubSupplier2_20/02/19-17:27' is set on object 'Object Repository/TestUserLocation/setNewName'

2019-02-20 17:29:55 - [TEST_STEP][PASSED] - Thread.sleep(2000): null

2019-02-20 17:29:57 - [TEST_STEP][PASSED] - Submission.createResource(): Submission.createResource is PASSED

2019-02-20 17:30:03 - [MESSAGE][PASSED] - Submission.createResource is PASSED

2019-02-20 17:30:03 - [TEST_STEP][NOT_RUN] - setText(findTestObject("TestResource/setPhoneNumber"), "912378456"): NOT_RUN: setText(findTestObject("TestResource/setPhoneNumber"), "912378456")

2019-02-20 17:30:03 - [MESSAGE][NOT_RUN] - NOT_RUN: setText(findTestObject("TestResource/setPhoneNumber"), "912378456")

2019-02-20 17:30:03 - [TEST_STEP][PASSED] - Thread.sleep(2000): null

2019-02-20 17:30:05 - [TEST_STEP][PASSED] - click(findTestObject("TestResource/saveDetailButton")): Object: 'Object Repository/TestResource/saveDetailButton' is clicked on

2019-02-20 17:30:05 - [MESSAGE][PASSED] - Object: 'Object Repository/TestResource/saveDetailButton' is clicked on

2019-02-20 17:30:05 - [TEST_STEP][PASSED] - Thread.sleep(7000): null

2019-02-20 17:30:12 - [TEST_STEP][PASSED] - click(findTestObject("TestResource/linksTab")): Object: 'Object Repository/TestResource/linksTab' is clicked on

2019-02-20 17:30:12 - [MESSAGE][PASSED] - Object: 'Object Repository/TestResource/linksTab' is clicked on

2019-02-20 17:30:12 - [TEST_STEP][PASSED] - Thread.sleep(2000): null

2019-02-20 17:30:14 - [TEST_STEP][PASSED] - click(findTestObject("TestResource/addLink")): Object: 'Object Repository/TestResource/addLink' is clicked on

2019-02-20 17:30:14 - [MESSAGE][PASSED] - Object: 'Object Repository/TestResource/addLink' is clicked on

2019-02-20 17:30:14 - [TEST_STEP][PASSED] - Thread.sleep(5000): null

2019-02-20 17:30:19 - [TEST_STEP][PASSED] - check(findTestObject("TestResource/selectSecondResourceToLink")): Object 'Object Repository/TestResource/selectSecondResourceToLink' is checked

2019-02-20 17:30:19 - [MESSAGE][PASSED] - Object 'Object Repository/TestResource/selectSecondResourceToLink' is checked

2019-02-20 17:30:19 - [TEST_STEP][PASSED] - AdminTool_Location.resourceLinkName(): AdminTool_Location.resourceLinkName is PASSED

2019-02-20 17:30:19 - [MESSAGE][PASSED] - AdminTool_Location.resourceLinkName is PASSED

2019-02-20 17:30:19 - [TEST_STEP][PASSED] - Thread.sleep(2000): null

2019-02-20 17:30:21 - [TEST_STEP][PASSED] - click(findTestObject("TestResource/button2Save")): Object: 'Object Repository/TestResource/button2Save' is clicked on

2019-02-20 17:30:21 - [MESSAGE][PASSED] - Object: 'Object Repository/TestResource/button2Save' is clicked on

2019-02-20 17:30:21 - [TEST_STEP][PASSED] - Thread.sleep(4000): null

2019-02-20 17:30:25 - [TEST_STEP][PASSED] - click(findTestObject("TestResource/locationTab")): Object: 'Object Repository/TestResource/locationTab' is clicked on

2019-02-20 17:30:26 - [MESSAGE][PASSED] - Object: 'Object Repository/TestResource/locationTab' is clicked on

2019-02-20 17:30:26 - [TEST_STEP][PASSED] - Thread.sleep(5000): null

2019-02-20 17:30:31 - [TEST_STEP][PASSED] - AdminTool_Location.checkLocation(): AdminTool_Location.checkLocation is PASSED

2019-02-20 17:30:33 - [MESSAGE][PASSED] - AdminTool_Location.checkLocation is PASSED

2019-02-20 17:30:33 - [TEST_STEP][PASSED] - Thread.sleep(4000): null

2019-02-20 17:30:37 - [TEST_STEP][PASSED] - click(findTestObject("TestResource/saveLocation")): Object: 'Object Repository/TestResource/saveLocation' is clicked on

2019-02-20 17:30:37 - [MESSAGE][PASSED] - Object: 'Object Repository/TestResource/saveLocation' is clicked on]]></system-out>
         <system-err><![CDATA[]]></system-err>
      </testcase>
      <testcase name="Test Cases/CheckResoucesAsPerLocation/validateResource" classname="Test Cases/CheckResoucesAsPerLocation/validateResource" status="PASSED">
         <system-out><![CDATA[2019-02-20 17:30:37 - [TEST_CASE][PASSED] - Test Cases/CheckResoucesAsPerLocation/validateResource: Test Cases/CheckResoucesAsPerLocation/validateResource

2019-02-20 17:30:37 - [TEST_STEP][NOT_RUN] - openBrowser(URL): NOT_RUN: openBrowser(URL)

2019-02-20 17:30:37 - [MESSAGE][NOT_RUN] - NOT_RUN: openBrowser(URL)

2019-02-20 17:30:37 - [TEST_STEP][NOT_RUN] - maximizeWindow(): NOT_RUN: maximizeWindow()

2019-02-20 17:30:37 - [MESSAGE][NOT_RUN] - NOT_RUN: maximizeWindow()

2019-02-20 17:30:37 - [TEST_STEP][NOT_RUN] - setText(findTestObject("Form_Selection_Creation/login_Username"), UserName1): NOT_RUN: setText(findTestObject("Form_Selection_Creation/login_Username"), UserName1)

2019-02-20 17:30:37 - [MESSAGE][NOT_RUN] - NOT_RUN: setText(findTestObject("Form_Selection_Creation/login_Username"), UserName1)

2019-02-20 17:30:37 - [TEST_STEP][NOT_RUN] - setText(findTestObject("Form_Selection_Creation/login_Password"), Password111): NOT_RUN: setText(findTestObject("Form_Selection_Creation/login_Password"), Password111)

2019-02-20 17:30:37 - [MESSAGE][NOT_RUN] - NOT_RUN: setText(findTestObject("Form_Selection_Creation/login_Password"), Password111)

2019-02-20 17:30:37 - [TEST_STEP][PASSED] - Thread.sleep(4000): null

2019-02-20 17:30:41 - [TEST_STEP][PASSED] - FormName.setData(): FormName.setData is PASSED

2019-02-20 17:30:41 - [MESSAGE][PASSED] - FormName.setData is PASSED

2019-02-20 17:30:41 - [TEST_STEP][NOT_RUN] - click(findTestObject("Form_Selection_Creation/login_Button")): NOT_RUN: click(findTestObject("Form_Selection_Creation/login_Button"))

2019-02-20 17:30:41 - [MESSAGE][NOT_RUN] - NOT_RUN: click(findTestObject("Form_Selection_Creation/login_Button"))

2019-02-20 17:30:41 - [TEST_STEP][PASSED] - click(findTestObject("Form_Selection_Creation/mainMenu_Button")): Object: 'Object Repository/Form_Selection_Creation/mainMenu_Button' is clicked on

2019-02-20 17:30:41 - [MESSAGE][PASSED] - Object: 'Object Repository/Form_Selection_Creation/mainMenu_Button' is clicked on

2019-02-20 17:30:41 - [TEST_STEP][PASSED] - Thread.sleep(2000): null

2019-02-20 17:30:43 - [TEST_STEP][NOT_RUN] - click(findTestObject("Form_Selection_Creation/mainMenu_AdminTools")): NOT_RUN: click(findTestObject("Form_Selection_Creation/mainMenu_AdminTools"))

2019-02-20 17:30:43 - [MESSAGE][NOT_RUN] - NOT_RUN: click(findTestObject("Form_Selection_Creation/mainMenu_AdminTools"))

2019-02-20 17:30:43 - [TEST_STEP][PASSED] - click(findTestObject("Form_Selection_Creation/mainMenu_AdminTools_FormDesigner")): Object: 'Object Repository/Form_Selection_Creation/mainMenu_AdminTools_FormDesigner' is clicked on

2019-02-20 17:30:43 - [MESSAGE][PASSED] - Object: 'Object Repository/Form_Selection_Creation/mainMenu_AdminTools_FormDesigner' is clicked on

2019-02-20 17:30:43 - [TEST_STEP][PASSED] - click(findTestObject("Form_Selection_Creation/selectCheckForm")): Object: 'Object Repository/Form_Selection_Creation/selectCheckForm' is clicked on

2019-02-20 17:30:44 - [MESSAGE][PASSED] - Object: 'Object Repository/Form_Selection_Creation/selectCheckForm' is clicked on

2019-02-20 17:30:44 - [TEST_STEP][PASSED] - Thread.sleep(5000): null

2019-02-20 17:30:49 - [TEST_STEP][PASSED] - AdminTool_Location.moveCursor(): AdminTool_Location.moveCursor is PASSED

2019-02-20 17:30:49 - [MESSAGE][PASSED] - AdminTool_Location.moveCursor is PASSED

2019-02-20 17:30:49 - [TEST_STEP][PASSED] - Thread.sleep(2000): null

2019-02-20 17:30:51 - [TEST_STEP][PASSED] - AdminTool_Location.selectResType(): AdminTool_Location.selectResType is PASSED

2019-02-20 17:31:01 - [MESSAGE][PASSED] - AdminTool_Location.selectResType is PASSED

2019-02-20 17:31:01 - [TEST_STEP][PASSED] - AdminTool_Location.dragDropRes(): Element has been clicked

2019-02-20 17:31:05 - [MESSAGE][PASSED] - Element has been clicked

2019-02-20 17:31:05 - [TEST_STEP][PASSED] - Thread.sleep(5000): null

2019-02-20 17:31:10 - [TEST_STEP][NOT_RUN] - dragAndDropToObject(findTestObject("null"), findTestObject("Form_Selection_Creation/Target_Res_Object")): NOT_RUN: dragAndDropToObject(findTestObject("null"), findTestObject("Form_Selection_Creation/Target_Res_Object"))

2019-02-20 17:31:10 - [MESSAGE][NOT_RUN] - NOT_RUN: dragAndDropToObject(findTestObject("null"), findTestObject("Form_Selection_Creation/Target_Res_Object"))

2019-02-20 17:31:10 - [TEST_STEP][PASSED] - AdminTool_Location.validate(): AdminTool_Location.validate is PASSED

2019-02-20 17:31:10 - [MESSAGE][PASSED] - AdminTool_Location.validate is PASSED

2019-02-20 17:31:10 - [TEST_STEP][PASSED] - s = getText(findTestObject("TestResource/testText")): Text of object 'Object Repository/TestResource/testText' is: 'Suppliers > Supplier_20/02/19-17:27 > SubSupplier2_20/02/19-17:27'

2019-02-20 17:31:10 - [MESSAGE][PASSED] - Text of object 'Object Repository/TestResource/testText' is: 'Suppliers > Supplier_20/02/19-17:27 > SubSupplier2_20/02/19-17:27'

2019-02-20 17:31:10 - [TEST_STEP][PASSED] - println(s): null]]></system-out>
         <system-err><![CDATA[]]></system-err>
      </testcase>
      <system-out><![CDATA[2019-02-20 17:15:00 - [TEST_SUITE][PASSED] - CheckAllResources: Test Cases/CheckResoucesAsPerLocation/validateResource]]></system-out>
      <system-err><![CDATA[]]></system-err>
   </testsuite>
</testsuites>
