<?xml version="1.0" encoding="UTF-8"?>
<testsuites name="CheckAllResources" time="900" tests="9" failures="0" errors="0">
   <testsuite name="CheckAllResources" tests="9" failures="0" errors="0" time="900" timestamp="2018-12-11 14:29:18" hostname="pashine_a - Abhishek-Pashine.India.XoriantCorp.com" id="Test Suites/CheckAllResources">
      <properties>
         <property name="deviceName" value=""/>
         <property name="devicePlatform" value=""/>
         <property name="logFolder" value="D:\\Git Data\\SafetyChain-Test-Automation-Katalon\\Reports\\CheckAllResources\\20181211_142915"/>
         <property name="logFiles" value="D:\\Git Data\\SafetyChain-Test-Automation-Katalon\\Reports\\CheckAllResources\\20181211_142915\\execution0.log"/>
         <property name="attachments" value=""/>
         <property name="hostName" value="pashine_a - Abhishek-Pashine.India.XoriantCorp.com"/>
         <property name="os" value="Windows 7 64bit"/>
         <property name="katalonVersion" value="5.9.1.2"/>
         <property name="browser" value="Chrome 71.0.3578.80"/>
         <property name="hostAddress" value="10.21.7.147"/>
         <property name="sessionId" value="d6356c4c63c6d470891c0cda17499856"/>
         <property name="seleniumVersion" value="3.7.1"/>
         <property name="proxyInformation" value="ProxyInformation{proxyOption=NO_PROXY, proxyServerType=HTTP, password=, proxyServerAddress=, proxyServerPort=0}"/>
         <property name="platform" value="Windows 7"/>
      </properties>
      <testcase name="Test Cases/CheckResoucesAsPerLocation/checkLocation" classname="Test Cases/CheckResoucesAsPerLocation/checkLocation" status="PASSED">
         <system-out><![CDATA[2018-12-11 14:29:18 - [TEST_CASE][PASSED] - Test Cases/CheckResoucesAsPerLocation/checkLocation: Test Cases/CheckResoucesAsPerLocation/checkLocation

2018-12-11 14:29:19 - [TEST_STEP][PASSED] - openBrowser(URL): Browser is opened with url: 'https://test1.safetychain.com'

2018-12-11 14:29:20 - [MESSAGE][INFO] - Starting 'Chrome' driver

2018-12-11 14:29:20 - [MESSAGE][INFO] - Action delay is set to 0 seconds

2018-12-11 14:29:41 - [MESSAGE][PASSED] - Browser is opened with url: 'https://test1.safetychain.com'

2018-12-11 14:29:41 - [TEST_STEP][PASSED] - maximizeWindow(): Current window maximized

2018-12-11 14:29:43 - [MESSAGE][PASSED] - Current window maximized

2018-12-11 14:29:43 - [TEST_STEP][PASSED] - setText(findTestObject("TestUserLocation/login_Username"), UserName): Text 'Superadmin' is set on object 'Object Repository/TestUserLocation/login_Username'

2018-12-11 14:29:46 - [MESSAGE][PASSED] - Text 'Superadmin' is set on object 'Object Repository/TestUserLocation/login_Username'

2018-12-11 14:29:46 - [TEST_STEP][PASSED] - setText(findTestObject("TestUserLocation/login_Password"), Password): Text 'latetest13772boot' is set on object 'Object Repository/TestUserLocation/login_Password'

2018-12-11 14:29:47 - [MESSAGE][PASSED] - Text 'latetest13772boot' is set on object 'Object Repository/TestUserLocation/login_Password'

2018-12-11 14:29:47 - [TEST_STEP][PASSED] - AdminTool_Location.setLocationName(): AdminTool_Location.setLocationName is PASSED

2018-12-11 14:29:49 - [MESSAGE][PASSED] - AdminTool_Location.setLocationName is PASSED

2018-12-11 14:29:49 - [TEST_STEP][PASSED] - click(findTestObject("TestUserLocation/login_Button")): Object: 'Object Repository/TestUserLocation/login_Button' is clicked on

2018-12-11 14:29:51 - [MESSAGE][PASSED] - Object: 'Object Repository/TestUserLocation/login_Button' is clicked on

2018-12-11 14:29:51 - [TEST_STEP][PASSED] - Thread.sleep(4000): null

2018-12-11 14:29:55 - [TEST_STEP][PASSED] - AdminTool_Location.setLocationNameInLocation(): AdminTool_Location.setLocationNameInLocation is PASSED

2018-12-11 14:29:55 - [MESSAGE][PASSED] - AdminTool_Location.setLocationNameInLocation is PASSED

2018-12-11 14:29:55 - [TEST_STEP][PASSED] - click(findTestObject("TestUserLocation/mainmenu_button")): Object: 'Object Repository/TestUserLocation/mainmenu_button' is clicked on

2018-12-11 14:29:56 - [MESSAGE][PASSED] - Object: 'Object Repository/TestUserLocation/mainmenu_button' is clicked on

2018-12-11 14:29:56 - [TEST_STEP][PASSED] - click(findTestObject("TestUserLocation/adminTool")): Object: 'Object Repository/TestUserLocation/adminTool' is clicked on

2018-12-11 14:29:56 - [MESSAGE][PASSED] - Object: 'Object Repository/TestUserLocation/adminTool' is clicked on

2018-12-11 14:29:56 - [TEST_STEP][PASSED] - click(findTestObject("TestUserLocation/mainMenuResourceDesigner")): Object: 'Object Repository/TestUserLocation/mainMenuResourceDesigner' is clicked on

2018-12-11 14:29:56 - [MESSAGE][PASSED] - Object: 'Object Repository/TestUserLocation/mainMenuResourceDesigner' is clicked on

2018-12-11 14:29:56 - [TEST_STEP][PASSED] - Thread.sleep(4000): null

2018-12-11 14:30:00 - [TEST_STEP][PASSED] - click(findTestObject("TestUserLocation/locations")): Object: 'Object Repository/TestUserLocation/locations' is clicked on

2018-12-11 14:30:00 - [MESSAGE][PASSED] - Object: 'Object Repository/TestUserLocation/locations' is clicked on

2018-12-11 14:30:00 - [TEST_STEP][PASSED] - Thread.sleep(4000): null

2018-12-11 14:30:04 - [TEST_STEP][NOT_RUN] - refresh(): NOT_RUN: refresh()

2018-12-11 14:30:04 - [MESSAGE][NOT_RUN] - NOT_RUN: refresh()

2018-12-11 14:30:04 - [TEST_STEP][NOT_RUN] - Thread.sleep(4000): NOT_RUN: Thread.sleep(4000)

2018-12-11 14:30:04 - [MESSAGE][NOT_RUN] - NOT_RUN: Thread.sleep(4000)

2018-12-11 14:30:04 - [TEST_STEP][PASSED] - click(findTestObject("TestUserLocation/categories")): Object: 'Object Repository/TestUserLocation/categories' is clicked on

2018-12-11 14:30:05 - [MESSAGE][PASSED] - Object: 'Object Repository/TestUserLocation/categories' is clicked on

2018-12-11 14:30:05 - [TEST_STEP][PASSED] - Thread.sleep(2000): null

2018-12-11 14:30:07 - [TEST_STEP][PASSED] - click(findTestObject("TestUserLocation/defaultArea")): Object: 'Object Repository/TestUserLocation/defaultArea' is clicked on

2018-12-11 14:30:07 - [MESSAGE][PASSED] - Object: 'Object Repository/TestUserLocation/defaultArea' is clicked on

2018-12-11 14:30:07 - [TEST_STEP][PASSED] - click(findTestObject("TestUserLocation/hoverHeading")): Object: 'Object Repository/TestUserLocation/hoverHeading' is clicked on

2018-12-11 14:30:07 - [MESSAGE][PASSED] - Object: 'Object Repository/TestUserLocation/hoverHeading' is clicked on

2018-12-11 14:30:07 - [TEST_STEP][PASSED] - click(findTestObject("TestUserLocation/addPlusIcon")): Object: 'Object Repository/TestUserLocation/addPlusIcon' is clicked on

2018-12-11 14:30:07 - [MESSAGE][PASSED] - Object: 'Object Repository/TestUserLocation/addPlusIcon' is clicked on

2018-12-11 14:30:07 - [TEST_STEP][PASSED] - setText(findTestObject("TestUserLocation/setNewName"), findTestData("LocationData").getValue("LocationName", 1)): Text 'LOCATION_ON_11/12/18-14:29' is set on object 'Object Repository/TestUserLocation/setNewName'

2018-12-11 14:30:08 - [MESSAGE][PASSED] - Text 'LOCATION_ON_11/12/18-14:29' is set on object 'Object Repository/TestUserLocation/setNewName'

2018-12-11 14:30:08 - [TEST_STEP][PASSED] - Thread.sleep(2000): null

2018-12-11 14:30:10 - [TEST_STEP][PASSED] - click(findTestObject("TestUserLocation/saveButton")): Object: 'Object Repository/TestUserLocation/saveButton' is clicked on

2018-12-11 14:30:11 - [MESSAGE][PASSED] - Object: 'Object Repository/TestUserLocation/saveButton' is clicked on

2018-12-11 14:30:11 - [TEST_STEP][PASSED] - Thread.sleep(4000): null

2018-12-11 14:30:15 - [TEST_STEP][PASSED] - click(findTestObject("TestUserLocation/mainmenu_button")): Object: 'Object Repository/TestUserLocation/mainmenu_button' is clicked on

2018-12-11 14:30:15 - [MESSAGE][PASSED] - Object: 'Object Repository/TestUserLocation/mainmenu_button' is clicked on

2018-12-11 14:30:15 - [TEST_STEP][PASSED] - click(findTestObject("TestUserLocation/mainMenuLocation")): Object: 'Object Repository/TestUserLocation/mainMenuLocation' is clicked on

2018-12-11 14:30:15 - [MESSAGE][PASSED] - Object: 'Object Repository/TestUserLocation/mainMenuLocation' is clicked on

2018-12-11 14:30:15 - [TEST_STEP][PASSED] - Thread.sleep(4000): null

2018-12-11 14:30:19 - [TEST_STEP][PASSED] - AdminTool_Location.selectLocation(): Element has been clicked

2018-12-11 14:30:23 - [MESSAGE][PASSED] - Element has been clicked

2018-12-11 14:30:23 - [TEST_STEP][PASSED] - click(findTestObject("TestUserLocation/addPlusIcon")): Object: 'Object Repository/TestUserLocation/addPlusIcon' is clicked on

2018-12-11 14:30:23 - [MESSAGE][PASSED] - Object: 'Object Repository/TestUserLocation/addPlusIcon' is clicked on

2018-12-11 14:30:23 - [TEST_STEP][PASSED] - Thread.sleep(2000): null

2018-12-11 14:30:25 - [TEST_STEP][PASSED] - setText(findTestObject("TestUserLocation/setNewName"), findTestData("LocationData").getValue("SubLocationName", 1)): Text 'SUBLOCATION_ON_11/12/18-14:29' is set on object 'Object Repository/TestUserLocation/setNewName'

2018-12-11 14:30:26 - [MESSAGE][PASSED] - Text 'SUBLOCATION_ON_11/12/18-14:29' is set on object 'Object Repository/TestUserLocation/setNewName'

2018-12-11 14:30:26 - [TEST_STEP][PASSED] - Thread.sleep(2000): null

2018-12-11 14:30:28 - [TEST_STEP][PASSED] - click(findTestObject("TestUserLocation/saveLocationDetailButton")): Object: 'Object Repository/TestUserLocation/saveLocationDetailButton' is clicked on

2018-12-11 14:30:28 - [MESSAGE][PASSED] - Object: 'Object Repository/TestUserLocation/saveLocationDetailButton' is clicked on

2018-12-11 14:30:28 - [TEST_STEP][PASSED] - Thread.sleep(4000): null

2018-12-11 14:30:32 - [TEST_STEP][PASSED] - click(findTestObject("TestUserLocation/customerSelect")): Object: 'Object Repository/TestUserLocation/customerSelect' is clicked on

2018-12-11 14:30:32 - [MESSAGE][PASSED] - Object: 'Object Repository/TestUserLocation/customerSelect' is clicked on

2018-12-11 14:30:32 - [TEST_STEP][PASSED] - Thread.sleep(4000): null

2018-12-11 14:30:36 - [TEST_STEP][PASSED] - check(findTestObject("TestUserLocation/select4ResouceInCustomer")): Object 'Object Repository/TestUserLocation/select4ResouceInCustomer' is checked

2018-12-11 14:30:37 - [MESSAGE][PASSED] - Object 'Object Repository/TestUserLocation/select4ResouceInCustomer' is checked

2018-12-11 14:30:37 - [TEST_STEP][PASSED] - Thread.sleep(2000): null

2018-12-11 14:30:39 - [TEST_STEP][PASSED] - click(findTestObject("TestUserLocation/saveLocationDetailButton")): Object: 'Object Repository/TestUserLocation/saveLocationDetailButton' is clicked on

2018-12-11 14:30:39 - [MESSAGE][PASSED] - Object: 'Object Repository/TestUserLocation/saveLocationDetailButton' is clicked on]]></system-out>
         <system-err><![CDATA[]]></system-err>
      </testcase>
      <testcase name="Test Cases/CheckResoucesAsPerLocation/checkResource_Customer" classname="Test Cases/CheckResoucesAsPerLocation/checkResource_Customer" status="PASSED">
         <system-out><![CDATA[2018-12-11 14:30:39 - [TEST_CASE][PASSED] - Test Cases/CheckResoucesAsPerLocation/checkResource_Customer: Test Cases/CheckResoucesAsPerLocation/checkResource_Customer

2018-12-11 14:30:39 - [TEST_STEP][PASSED] - openBrowser(URL): Browser is opened with url: 'https://test1.safetychain.com'

2018-12-11 14:30:39 - [MESSAGE][WARNING] - A browser is already opened. Closing browser and opening a new one

2018-12-11 14:30:40 - [MESSAGE][INFO] - Starting 'Chrome' driver

2018-12-11 14:31:02 - [MESSAGE][PASSED] - Browser is opened with url: 'https://test1.safetychain.com'

2018-12-11 14:31:02 - [TEST_STEP][PASSED] - maximizeWindow(): Current window maximized

2018-12-11 14:31:03 - [MESSAGE][PASSED] - Current window maximized

2018-12-11 14:31:03 - [TEST_STEP][PASSED] - setText(findTestObject("TestUserLocation/login_Username"), UserName): Text 'Superadmin' is set on object 'Object Repository/TestUserLocation/login_Username'

2018-12-11 14:31:08 - [MESSAGE][PASSED] - Text 'Superadmin' is set on object 'Object Repository/TestUserLocation/login_Username'

2018-12-11 14:31:08 - [TEST_STEP][PASSED] - setText(findTestObject("TestUserLocation/login_Password"), Password): Text 'latetest13772boot' is set on object 'Object Repository/TestUserLocation/login_Password'

2018-12-11 14:31:08 - [MESSAGE][PASSED] - Text 'latetest13772boot' is set on object 'Object Repository/TestUserLocation/login_Password'

2018-12-11 14:31:08 - [TEST_STEP][PASSED] - AdminTool_Location.setCustomerName(): AdminTool_Location.setCustomerName is PASSED

2018-12-11 14:31:08 - [MESSAGE][PASSED] - AdminTool_Location.setCustomerName is PASSED

2018-12-11 14:31:08 - [TEST_STEP][PASSED] - click(findTestObject("TestUserLocation/login_Button")): Object: 'Object Repository/TestUserLocation/login_Button' is clicked on

2018-12-11 14:31:10 - [MESSAGE][PASSED] - Object: 'Object Repository/TestUserLocation/login_Button' is clicked on

2018-12-11 14:31:10 - [TEST_STEP][PASSED] - Thread.sleep(4000): null

2018-12-11 14:31:14 - [TEST_STEP][PASSED] - click(findTestObject("TestUserLocation/mainmenu_button")): Object: 'Object Repository/TestUserLocation/mainmenu_button' is clicked on

2018-12-11 14:31:15 - [MESSAGE][PASSED] - Object: 'Object Repository/TestUserLocation/mainmenu_button' is clicked on

2018-12-11 14:31:15 - [TEST_STEP][PASSED] - click(findTestObject("TestUserLocation/adminTool")): Object: 'Object Repository/TestUserLocation/adminTool' is clicked on

2018-12-11 14:31:15 - [MESSAGE][PASSED] - Object: 'Object Repository/TestUserLocation/adminTool' is clicked on

2018-12-11 14:31:15 - [TEST_STEP][PASSED] - click(findTestObject("TestUserLocation/mainMenuResourceDesigner")): Object: 'Object Repository/TestUserLocation/mainMenuResourceDesigner' is clicked on

2018-12-11 14:31:15 - [MESSAGE][PASSED] - Object: 'Object Repository/TestUserLocation/mainMenuResourceDesigner' is clicked on

2018-12-11 14:31:15 - [TEST_STEP][PASSED] - Thread.sleep(4000): null

2018-12-11 14:31:19 - [TEST_STEP][PASSED] - click(findTestObject("TestResource/customers")): Object: 'Object Repository/TestResource/customers' is clicked on

2018-12-11 14:31:20 - [MESSAGE][PASSED] - Object: 'Object Repository/TestResource/customers' is clicked on

2018-12-11 14:31:20 - [TEST_STEP][PASSED] - Thread.sleep(4000): null

2018-12-11 14:31:24 - [TEST_STEP][PASSED] - click(findTestObject("TestUserLocation/categories")): Object: 'Object Repository/TestUserLocation/categories' is clicked on

2018-12-11 14:31:24 - [MESSAGE][PASSED] - Object: 'Object Repository/TestUserLocation/categories' is clicked on

2018-12-11 14:31:24 - [TEST_STEP][PASSED] - Thread.sleep(2000): null

2018-12-11 14:31:26 - [TEST_STEP][PASSED] - click(findTestObject("TestUserLocation/defaultArea")): Object: 'Object Repository/TestUserLocation/defaultArea' is clicked on

2018-12-11 14:31:26 - [MESSAGE][PASSED] - Object: 'Object Repository/TestUserLocation/defaultArea' is clicked on

2018-12-11 14:31:26 - [TEST_STEP][PASSED] - Thread.sleep(2000): null

2018-12-11 14:31:28 - [TEST_STEP][PASSED] - click(findTestObject("TestUserLocation/hoverHeading")): Object: 'Object Repository/TestUserLocation/hoverHeading' is clicked on

2018-12-11 14:31:28 - [MESSAGE][PASSED] - Object: 'Object Repository/TestUserLocation/hoverHeading' is clicked on

2018-12-11 14:31:28 - [TEST_STEP][PASSED] - click(findTestObject("TestUserLocation/addPlusIcon")): Object: 'Object Repository/TestUserLocation/addPlusIcon' is clicked on

2018-12-11 14:31:28 - [MESSAGE][PASSED] - Object: 'Object Repository/TestUserLocation/addPlusIcon' is clicked on

2018-12-11 14:31:28 - [TEST_STEP][PASSED] - setText(findTestObject("TestUserLocation/setNewName"), findTestData("LocationData").getValue("CustomerName", 1)): Text 'CUSTOMER_ON_11/12/18-14:31' is set on object 'Object Repository/TestUserLocation/setNewName'

2018-12-11 14:31:29 - [MESSAGE][PASSED] - Text 'CUSTOMER_ON_11/12/18-14:31' is set on object 'Object Repository/TestUserLocation/setNewName'

2018-12-11 14:31:29 - [TEST_STEP][PASSED] - Thread.sleep(2000): null

2018-12-11 14:31:31 - [TEST_STEP][PASSED] - click(findTestObject("TestUserLocation/saveButton")): Object: 'Object Repository/TestUserLocation/saveButton' is clicked on

2018-12-11 14:31:31 - [MESSAGE][PASSED] - Object: 'Object Repository/TestUserLocation/saveButton' is clicked on

2018-12-11 14:31:31 - [TEST_STEP][PASSED] - Thread.sleep(4000): null

2018-12-11 14:31:35 - [TEST_STEP][PASSED] - Thread.sleep(4000): null

2018-12-11 14:31:39 - [TEST_STEP][PASSED] - click(findTestObject("TestUserLocation/mainmenu_button")): Object: 'Object Repository/TestUserLocation/mainmenu_button' is clicked on

2018-12-11 14:31:39 - [MESSAGE][PASSED] - Object: 'Object Repository/TestUserLocation/mainmenu_button' is clicked on

2018-12-11 14:31:39 - [TEST_STEP][PASSED] - click(findTestObject("TestResource/mainMenu_resources")): Object: 'Object Repository/TestResource/mainMenu_resources' is clicked on

2018-12-11 14:31:39 - [MESSAGE][PASSED] - Object: 'Object Repository/TestResource/mainMenu_resources' is clicked on

2018-12-11 14:31:39 - [TEST_STEP][PASSED] - Thread.sleep(4000): null

2018-12-11 14:31:43 - [TEST_STEP][PASSED] - click(findTestObject("TestResource/customers")): Object: 'Object Repository/TestResource/customers' is clicked on

2018-12-11 14:31:43 - [MESSAGE][PASSED] - Object: 'Object Repository/TestResource/customers' is clicked on

2018-12-11 14:31:43 - [TEST_STEP][PASSED] - Thread.sleep(4000): null

2018-12-11 14:31:47 - [TEST_STEP][PASSED] - AdminTool_Location.selectCustomer(): Element has been clicked

2018-12-11 14:31:52 - [MESSAGE][PASSED] - Element has been clicked

2018-12-11 14:31:52 - [TEST_STEP][PASSED] - Thread.sleep(4000): null

2018-12-11 14:31:56 - [TEST_STEP][PASSED] - click(findTestObject("TestUserLocation/addPlusIcon")): Object: 'Object Repository/TestUserLocation/addPlusIcon' is clicked on

2018-12-11 14:31:56 - [MESSAGE][PASSED] - Object: 'Object Repository/TestUserLocation/addPlusIcon' is clicked on

2018-12-11 14:31:56 - [TEST_STEP][PASSED] - Thread.sleep(2000): null

2018-12-11 14:31:58 - [TEST_STEP][PASSED] - setText(findTestObject("TestUserLocation/setNewName"), findTestData("LocationData").getValue("SubCustomerName1", 1)): Text 'SUBCUSTOMER1_ON_11/12/18-14:31' is set on object 'Object Repository/TestUserLocation/setNewName'

2018-12-11 14:31:58 - [MESSAGE][PASSED] - Text 'SUBCUSTOMER1_ON_11/12/18-14:31' is set on object 'Object Repository/TestUserLocation/setNewName'

2018-12-11 14:31:58 - [TEST_STEP][PASSED] - setText(findTestObject("TestResource/setPhoneNumber"), "912378456"): Text '912378456' is set on object 'Object Repository/TestResource/setPhoneNumber'

2018-12-11 14:31:59 - [MESSAGE][PASSED] - Text '912378456' is set on object 'Object Repository/TestResource/setPhoneNumber'

2018-12-11 14:31:59 - [TEST_STEP][PASSED] - Thread.sleep(2000): null

2018-12-11 14:32:01 - [TEST_STEP][PASSED] - click(findTestObject("TestResource/saveDetailButton")): Object: 'Object Repository/TestResource/saveDetailButton' is clicked on

2018-12-11 14:32:01 - [MESSAGE][PASSED] - Object: 'Object Repository/TestResource/saveDetailButton' is clicked on

2018-12-11 14:32:01 - [TEST_STEP][PASSED] - Thread.sleep(7000): null

2018-12-11 14:32:08 - [TEST_STEP][PASSED] - click(findTestObject("TestResource/disableResource")): Object: 'Object Repository/TestResource/disableResource' is clicked on

2018-12-11 14:32:08 - [MESSAGE][PASSED] - Object: 'Object Repository/TestResource/disableResource' is clicked on

2018-12-11 14:32:08 - [TEST_STEP][PASSED] - Thread.sleep(2000): null

2018-12-11 14:32:10 - [TEST_STEP][PASSED] - click(findTestObject("TestResource/button2Yes")): Object: 'Object Repository/TestResource/button2Yes' is clicked on

2018-12-11 14:32:10 - [MESSAGE][PASSED] - Object: 'Object Repository/TestResource/button2Yes' is clicked on

2018-12-11 14:32:10 - [TEST_STEP][PASSED] - Thread.sleep(2000): null

2018-12-11 14:32:12 - [TEST_STEP][PASSED] - click(findTestObject("TestResource/saveDetailButton")): Object: 'Object Repository/TestResource/saveDetailButton' is clicked on

2018-12-11 14:32:12 - [MESSAGE][PASSED] - Object: 'Object Repository/TestResource/saveDetailButton' is clicked on

2018-12-11 14:32:12 - [TEST_STEP][PASSED] - Thread.sleep(7000): null

2018-12-11 14:32:19 - [TEST_STEP][PASSED] - click(findTestObject("TestResource/linksTab")): Object: 'Object Repository/TestResource/linksTab' is clicked on

2018-12-11 14:32:19 - [MESSAGE][PASSED] - Object: 'Object Repository/TestResource/linksTab' is clicked on

2018-12-11 14:32:19 - [TEST_STEP][PASSED] - Thread.sleep(2000): null

2018-12-11 14:32:21 - [TEST_STEP][PASSED] - click(findTestObject("TestResource/addLink")): Object: 'Object Repository/TestResource/addLink' is clicked on

2018-12-11 14:32:22 - [MESSAGE][PASSED] - Object: 'Object Repository/TestResource/addLink' is clicked on

2018-12-11 14:32:22 - [TEST_STEP][PASSED] - Thread.sleep(5000): null

2018-12-11 14:32:27 - [TEST_STEP][PASSED] - check(findTestObject("TestResource/selectSecondResourceToLink")): Object 'Object Repository/TestResource/selectSecondResourceToLink' is checked

2018-12-11 14:32:27 - [MESSAGE][PASSED] - Object 'Object Repository/TestResource/selectSecondResourceToLink' is checked

2018-12-11 14:32:27 - [TEST_STEP][PASSED] - AdminTool_Location.resourceLinkName(): AdminTool_Location.resourceLinkName is PASSED

2018-12-11 14:32:27 - [MESSAGE][PASSED] - AdminTool_Location.resourceLinkName is PASSED

2018-12-11 14:32:27 - [TEST_STEP][PASSED] - Thread.sleep(2000): null

2018-12-11 14:32:29 - [TEST_STEP][PASSED] - click(findTestObject("TestResource/button2Save")): Object: 'Object Repository/TestResource/button2Save' is clicked on

2018-12-11 14:32:29 - [MESSAGE][PASSED] - Object: 'Object Repository/TestResource/button2Save' is clicked on

2018-12-11 14:32:29 - [TEST_STEP][PASSED] - Thread.sleep(4000): null

2018-12-11 14:32:33 - [TEST_STEP][PASSED] - click(findTestObject("TestResource/locationTab")): Object: 'Object Repository/TestResource/locationTab' is clicked on

2018-12-11 14:32:33 - [MESSAGE][PASSED] - Object: 'Object Repository/TestResource/locationTab' is clicked on

2018-12-11 14:32:33 - [TEST_STEP][PASSED] - Thread.sleep(5000): null

2018-12-11 14:32:38 - [TEST_STEP][PASSED] - AdminTool_Location.checkLocation(): AdminTool_Location.checkLocation is PASSED

2018-12-11 14:32:40 - [MESSAGE][PASSED] - AdminTool_Location.checkLocation is PASSED

2018-12-11 14:32:40 - [TEST_STEP][PASSED] - Thread.sleep(4000): null

2018-12-11 14:32:44 - [TEST_STEP][PASSED] - click(findTestObject("TestResource/saveLocation")): Object: 'Object Repository/TestResource/saveLocation' is clicked on

2018-12-11 14:32:50 - [MESSAGE][PASSED] - Object: 'Object Repository/TestResource/saveLocation' is clicked on

2018-12-11 14:32:50 - [TEST_STEP][PASSED] - click(findTestObject("TestUserLocation/mainmenu_button")): Object: 'Object Repository/TestUserLocation/mainmenu_button' is clicked on

2018-12-11 14:32:51 - [MESSAGE][PASSED] - Object: 'Object Repository/TestUserLocation/mainmenu_button' is clicked on

2018-12-11 14:32:51 - [TEST_STEP][PASSED] - click(findTestObject("TestResource/mainMenu_resources")): Object: 'Object Repository/TestResource/mainMenu_resources' is clicked on

2018-12-11 14:32:51 - [MESSAGE][PASSED] - Object: 'Object Repository/TestResource/mainMenu_resources' is clicked on

2018-12-11 14:32:51 - [TEST_STEP][PASSED] - Thread.sleep(4000): null

2018-12-11 14:32:55 - [TEST_STEP][PASSED] - click(findTestObject("TestResource/customers")): Object: 'Object Repository/TestResource/customers' is clicked on

2018-12-11 14:32:55 - [MESSAGE][PASSED] - Object: 'Object Repository/TestResource/customers' is clicked on

2018-12-11 14:32:55 - [TEST_STEP][PASSED] - Thread.sleep(4000): null

2018-12-11 14:32:59 - [TEST_STEP][PASSED] - AdminTool_Location.selectCustomer(): Element has been clicked

2018-12-11 14:33:03 - [MESSAGE][PASSED] - Element has been clicked

2018-12-11 14:33:03 - [TEST_STEP][PASSED] - Thread.sleep(4000): null

2018-12-11 14:33:07 - [TEST_STEP][PASSED] - click(findTestObject("TestUserLocation/addPlusIcon")): Object: 'Object Repository/TestUserLocation/addPlusIcon' is clicked on

2018-12-11 14:33:07 - [MESSAGE][PASSED] - Object: 'Object Repository/TestUserLocation/addPlusIcon' is clicked on

2018-12-11 14:33:07 - [TEST_STEP][PASSED] - Thread.sleep(2000): null

2018-12-11 14:33:09 - [TEST_STEP][PASSED] - setText(findTestObject("TestUserLocation/setNewName"), findTestData("LocationData").getValue("SubCustomerName2", 1)): Text 'SUBCUSTOMER2_ON_11/12/18-14:31' is set on object 'Object Repository/TestUserLocation/setNewName'

2018-12-11 14:33:10 - [MESSAGE][PASSED] - Text 'SUBCUSTOMER2_ON_11/12/18-14:31' is set on object 'Object Repository/TestUserLocation/setNewName'

2018-12-11 14:33:10 - [TEST_STEP][PASSED] - setText(findTestObject("TestResource/setPhoneNumber"), "912378456"): Text '912378456' is set on object 'Object Repository/TestResource/setPhoneNumber'

2018-12-11 14:33:10 - [MESSAGE][PASSED] - Text '912378456' is set on object 'Object Repository/TestResource/setPhoneNumber'

2018-12-11 14:33:10 - [TEST_STEP][PASSED] - Thread.sleep(2000): null

2018-12-11 14:33:12 - [TEST_STEP][PASSED] - click(findTestObject("TestResource/saveDetailButton")): Object: 'Object Repository/TestResource/saveDetailButton' is clicked on

2018-12-11 14:33:12 - [MESSAGE][PASSED] - Object: 'Object Repository/TestResource/saveDetailButton' is clicked on

2018-12-11 14:33:12 - [TEST_STEP][PASSED] - Thread.sleep(7000): null

2018-12-11 14:33:19 - [TEST_STEP][PASSED] - click(findTestObject("TestResource/linksTab")): Object: 'Object Repository/TestResource/linksTab' is clicked on

2018-12-11 14:33:19 - [MESSAGE][PASSED] - Object: 'Object Repository/TestResource/linksTab' is clicked on

2018-12-11 14:33:19 - [TEST_STEP][PASSED] - Thread.sleep(2000): null

2018-12-11 14:33:21 - [TEST_STEP][PASSED] - click(findTestObject("TestResource/addLink")): Object: 'Object Repository/TestResource/addLink' is clicked on

2018-12-11 14:33:22 - [MESSAGE][PASSED] - Object: 'Object Repository/TestResource/addLink' is clicked on

2018-12-11 14:33:22 - [TEST_STEP][PASSED] - Thread.sleep(5000): null

2018-12-11 14:33:27 - [TEST_STEP][PASSED] - check(findTestObject("TestResource/selectSecondResourceToLink")): Object 'Object Repository/TestResource/selectSecondResourceToLink' is checked

2018-12-11 14:33:27 - [MESSAGE][PASSED] - Object 'Object Repository/TestResource/selectSecondResourceToLink' is checked

2018-12-11 14:33:27 - [TEST_STEP][PASSED] - AdminTool_Location.resourceLinkName(): AdminTool_Location.resourceLinkName is PASSED

2018-12-11 14:33:27 - [MESSAGE][PASSED] - AdminTool_Location.resourceLinkName is PASSED

2018-12-11 14:33:27 - [TEST_STEP][PASSED] - Thread.sleep(2000): null

2018-12-11 14:33:29 - [TEST_STEP][PASSED] - click(findTestObject("TestResource/button2Save")): Object: 'Object Repository/TestResource/button2Save' is clicked on

2018-12-11 14:33:29 - [MESSAGE][PASSED] - Object: 'Object Repository/TestResource/button2Save' is clicked on

2018-12-11 14:33:29 - [TEST_STEP][PASSED] - Thread.sleep(4000): null

2018-12-11 14:33:33 - [TEST_STEP][PASSED] - click(findTestObject("TestResource/locationTab")): Object: 'Object Repository/TestResource/locationTab' is clicked on

2018-12-11 14:33:33 - [MESSAGE][PASSED] - Object: 'Object Repository/TestResource/locationTab' is clicked on

2018-12-11 14:33:33 - [TEST_STEP][PASSED] - Thread.sleep(5000): null

2018-12-11 14:33:38 - [TEST_STEP][PASSED] - AdminTool_Location.checkLocation(): AdminTool_Location.checkLocation is PASSED

2018-12-11 14:33:40 - [MESSAGE][PASSED] - AdminTool_Location.checkLocation is PASSED

2018-12-11 14:33:40 - [TEST_STEP][PASSED] - Thread.sleep(4000): null

2018-12-11 14:33:44 - [TEST_STEP][PASSED] - click(findTestObject("TestResource/saveLocation")): Object: 'Object Repository/TestResource/saveLocation' is clicked on

2018-12-11 14:33:44 - [MESSAGE][PASSED] - Object: 'Object Repository/TestResource/saveLocation' is clicked on]]></system-out>
         <system-err><![CDATA[]]></system-err>
      </testcase>
      <testcase name="Test Cases/CheckResoucesAsPerLocation/validateResource" classname="Test Cases/CheckResoucesAsPerLocation/validateResource" status="PASSED">
         <system-out><![CDATA[2018-12-11 14:33:44 - [TEST_CASE][PASSED] - Test Cases/CheckResoucesAsPerLocation/validateResource: Test Cases/CheckResoucesAsPerLocation/validateResource

2018-12-11 14:33:45 - [TEST_STEP][NOT_RUN] - openBrowser(URL): NOT_RUN: openBrowser(URL)

2018-12-11 14:33:45 - [MESSAGE][NOT_RUN] - NOT_RUN: openBrowser(URL)

2018-12-11 14:33:45 - [TEST_STEP][NOT_RUN] - maximizeWindow(): NOT_RUN: maximizeWindow()

2018-12-11 14:33:45 - [MESSAGE][NOT_RUN] - NOT_RUN: maximizeWindow()

2018-12-11 14:33:45 - [TEST_STEP][NOT_RUN] - setText(findTestObject("Form_Selection_Creation/login_Username"), UserName): NOT_RUN: setText(findTestObject("Form_Selection_Creation/login_Username"), UserName)

2018-12-11 14:33:45 - [MESSAGE][NOT_RUN] - NOT_RUN: setText(findTestObject("Form_Selection_Creation/login_Username"), UserName)

2018-12-11 14:33:45 - [TEST_STEP][NOT_RUN] - setText(findTestObject("Form_Selection_Creation/login_Password"), Password): NOT_RUN: setText(findTestObject("Form_Selection_Creation/login_Password"), Password)

2018-12-11 14:33:45 - [MESSAGE][NOT_RUN] - NOT_RUN: setText(findTestObject("Form_Selection_Creation/login_Password"), Password)

2018-12-11 14:33:45 - [TEST_STEP][PASSED] - Thread.sleep(4000): null

2018-12-11 14:33:49 - [TEST_STEP][PASSED] - FormName.setData(): FormName.setData is PASSED

2018-12-11 14:33:49 - [MESSAGE][PASSED] - FormName.setData is PASSED

2018-12-11 14:33:49 - [TEST_STEP][NOT_RUN] - click(findTestObject("Form_Selection_Creation/login_Button")): NOT_RUN: click(findTestObject("Form_Selection_Creation/login_Button"))

2018-12-11 14:33:49 - [MESSAGE][NOT_RUN] - NOT_RUN: click(findTestObject("Form_Selection_Creation/login_Button"))

2018-12-11 14:33:49 - [TEST_STEP][PASSED] - click(findTestObject("Form_Selection_Creation/mainMenu_Button")): Object: 'Object Repository/Form_Selection_Creation/mainMenu_Button' is clicked on

2018-12-11 14:33:49 - [MESSAGE][PASSED] - Object: 'Object Repository/Form_Selection_Creation/mainMenu_Button' is clicked on

2018-12-11 14:33:49 - [TEST_STEP][NOT_RUN] - click(findTestObject("Form_Selection_Creation/mainMenu_AdminTools")): NOT_RUN: click(findTestObject("Form_Selection_Creation/mainMenu_AdminTools"))

2018-12-11 14:33:49 - [MESSAGE][NOT_RUN] - NOT_RUN: click(findTestObject("Form_Selection_Creation/mainMenu_AdminTools"))

2018-12-11 14:33:49 - [TEST_STEP][PASSED] - click(findTestObject("Form_Selection_Creation/mainMenu_AdminTools_FormDesigner")): Object: 'Object Repository/Form_Selection_Creation/mainMenu_AdminTools_FormDesigner' is clicked on

2018-12-11 14:33:49 - [MESSAGE][PASSED] - Object: 'Object Repository/Form_Selection_Creation/mainMenu_AdminTools_FormDesigner' is clicked on

2018-12-11 14:33:49 - [TEST_STEP][PASSED] - click(findTestObject("Form_Selection_Creation/selectCheckForm")): Object: 'Object Repository/Form_Selection_Creation/selectCheckForm' is clicked on

2018-12-11 14:33:49 - [MESSAGE][PASSED] - Object: 'Object Repository/Form_Selection_Creation/selectCheckForm' is clicked on

2018-12-11 14:33:49 - [TEST_STEP][PASSED] - Thread.sleep(5000): null

2018-12-11 14:33:54 - [TEST_STEP][PASSED] - AdminTool_Location.selectResType(): AdminTool_Location.selectResType is PASSED

2018-12-11 14:34:02 - [MESSAGE][PASSED] - AdminTool_Location.selectResType is PASSED

2018-12-11 14:34:02 - [TEST_STEP][PASSED] - AdminTool_Location.dragDropRes(): Element has been clicked

2018-12-11 14:34:07 - [MESSAGE][PASSED] - Element has been clicked

2018-12-11 14:34:07 - [TEST_STEP][PASSED] - Thread.sleep(3000): null

2018-12-11 14:34:10 - [TEST_STEP][NOT_RUN] - dragAndDropToObject(findTestObject("null"), findTestObject("Form_Selection_Creation/Target_Res_Object")): NOT_RUN: dragAndDropToObject(findTestObject("null"), findTestObject("Form_Selection_Creation/Target_Res_Object"))

2018-12-11 14:34:10 - [MESSAGE][NOT_RUN] - NOT_RUN: dragAndDropToObject(findTestObject("null"), findTestObject("Form_Selection_Creation/Target_Res_Object"))

2018-12-11 14:34:10 - [TEST_STEP][PASSED] - AdminTool_Location.validate(): AdminTool_Location.validate is PASSED

2018-12-11 14:34:10 - [MESSAGE][PASSED] - AdminTool_Location.validate is PASSED

2018-12-11 14:34:10 - [TEST_STEP][PASSED] - s = getText(findTestObject("TestResource/testText")): Text of object 'Object Repository/TestResource/testText' is: 'Customers > CUSTOMER_ON_11/12/18-14:31 > SUBCUSTOMER2_ON_11/12/18-14:31'

2018-12-11 14:34:10 - [MESSAGE][PASSED] - Text of object 'Object Repository/TestResource/testText' is: 'Customers > CUSTOMER_ON_11/12/18-14:31 > SUBCUSTOMER2_ON_11/12/18-14:31'

2018-12-11 14:34:10 - [TEST_STEP][PASSED] - println(s): null]]></system-out>
         <system-err><![CDATA[]]></system-err>
      </testcase>
      <testcase name="Test Cases/CheckResoucesAsPerLocation/checkResource_Equipment" classname="Test Cases/CheckResoucesAsPerLocation/checkResource_Equipment" status="PASSED">
         <system-out><![CDATA[2018-12-11 14:34:10 - [TEST_CASE][PASSED] - Test Cases/CheckResoucesAsPerLocation/checkResource_Equipment: Test Cases/CheckResoucesAsPerLocation/checkResource_Equipment

2018-12-11 14:34:10 - [TEST_STEP][PASSED] - openBrowser(URL): Browser is opened with url: 'https://test1.safetychain.com'

2018-12-11 14:34:10 - [MESSAGE][WARNING] - A browser is already opened. Closing browser and opening a new one

2018-12-11 14:34:11 - [MESSAGE][INFO] - Starting 'Chrome' driver

2018-12-11 14:34:32 - [MESSAGE][PASSED] - Browser is opened with url: 'https://test1.safetychain.com'

2018-12-11 14:34:32 - [TEST_STEP][PASSED] - maximizeWindow(): Current window maximized

2018-12-11 14:34:33 - [MESSAGE][PASSED] - Current window maximized

2018-12-11 14:34:33 - [TEST_STEP][PASSED] - setText(findTestObject("TestUserLocation/login_Username"), UserName): Text 'Superadmin' is set on object 'Object Repository/TestUserLocation/login_Username'

2018-12-11 14:34:37 - [MESSAGE][PASSED] - Text 'Superadmin' is set on object 'Object Repository/TestUserLocation/login_Username'

2018-12-11 14:34:37 - [TEST_STEP][PASSED] - setText(findTestObject("TestUserLocation/login_Password"), Password): Text 'latetest13772boot' is set on object 'Object Repository/TestUserLocation/login_Password'

2018-12-11 14:34:38 - [MESSAGE][PASSED] - Text 'latetest13772boot' is set on object 'Object Repository/TestUserLocation/login_Password'

2018-12-11 14:34:38 - [TEST_STEP][PASSED] - AdminTool_Location.setEquipmentName(): AdminTool_Location.setEquipmentName is PASSED

2018-12-11 14:34:38 - [MESSAGE][PASSED] - AdminTool_Location.setEquipmentName is PASSED

2018-12-11 14:34:38 - [TEST_STEP][PASSED] - click(findTestObject("TestUserLocation/login_Button")): Object: 'Object Repository/TestUserLocation/login_Button' is clicked on

2018-12-11 14:34:39 - [MESSAGE][PASSED] - Object: 'Object Repository/TestUserLocation/login_Button' is clicked on

2018-12-11 14:34:39 - [TEST_STEP][PASSED] - Thread.sleep(4000): null

2018-12-11 14:34:43 - [TEST_STEP][PASSED] - click(findTestObject("TestUserLocation/mainmenu_button")): Object: 'Object Repository/TestUserLocation/mainmenu_button' is clicked on

2018-12-11 14:34:44 - [MESSAGE][PASSED] - Object: 'Object Repository/TestUserLocation/mainmenu_button' is clicked on

2018-12-11 14:34:44 - [TEST_STEP][PASSED] - click(findTestObject("TestUserLocation/adminTool")): Object: 'Object Repository/TestUserLocation/adminTool' is clicked on

2018-12-11 14:34:44 - [MESSAGE][PASSED] - Object: 'Object Repository/TestUserLocation/adminTool' is clicked on

2018-12-11 14:34:44 - [TEST_STEP][PASSED] - click(findTestObject("TestUserLocation/mainMenuResourceDesigner")): Object: 'Object Repository/TestUserLocation/mainMenuResourceDesigner' is clicked on

2018-12-11 14:34:44 - [MESSAGE][PASSED] - Object: 'Object Repository/TestUserLocation/mainMenuResourceDesigner' is clicked on

2018-12-11 14:34:44 - [TEST_STEP][PASSED] - Thread.sleep(4000): null

2018-12-11 14:34:48 - [TEST_STEP][PASSED] - click(findTestObject("TestResource/equipment")): Object: 'Object Repository/TestResource/equipment' is clicked on

2018-12-11 14:34:49 - [MESSAGE][PASSED] - Object: 'Object Repository/TestResource/equipment' is clicked on

2018-12-11 14:34:49 - [TEST_STEP][PASSED] - Thread.sleep(4000): null

2018-12-11 14:34:53 - [TEST_STEP][PASSED] - click(findTestObject("TestUserLocation/categories")): Object: 'Object Repository/TestUserLocation/categories' is clicked on

2018-12-11 14:34:53 - [MESSAGE][PASSED] - Object: 'Object Repository/TestUserLocation/categories' is clicked on

2018-12-11 14:34:53 - [TEST_STEP][PASSED] - Thread.sleep(2000): null

2018-12-11 14:34:55 - [TEST_STEP][PASSED] - click(findTestObject("TestUserLocation/defaultArea")): Object: 'Object Repository/TestUserLocation/defaultArea' is clicked on

2018-12-11 14:34:55 - [MESSAGE][PASSED] - Object: 'Object Repository/TestUserLocation/defaultArea' is clicked on

2018-12-11 14:34:55 - [TEST_STEP][PASSED] - Thread.sleep(2000): null

2018-12-11 14:34:57 - [TEST_STEP][PASSED] - click(findTestObject("TestUserLocation/hoverHeading")): Object: 'Object Repository/TestUserLocation/hoverHeading' is clicked on

2018-12-11 14:34:57 - [MESSAGE][PASSED] - Object: 'Object Repository/TestUserLocation/hoverHeading' is clicked on

2018-12-11 14:34:57 - [TEST_STEP][PASSED] - click(findTestObject("TestUserLocation/addPlusIcon")): Object: 'Object Repository/TestUserLocation/addPlusIcon' is clicked on

2018-12-11 14:34:57 - [MESSAGE][PASSED] - Object: 'Object Repository/TestUserLocation/addPlusIcon' is clicked on

2018-12-11 14:34:57 - [TEST_STEP][PASSED] - setText(findTestObject("TestUserLocation/setNewName"), findTestData("LocationData").getValue("EquipmentName", 1)): Text 'EQUIPMENT_ON_11/12/18-14:34' is set on object 'Object Repository/TestUserLocation/setNewName'

2018-12-11 14:34:58 - [MESSAGE][PASSED] - Text 'EQUIPMENT_ON_11/12/18-14:34' is set on object 'Object Repository/TestUserLocation/setNewName'

2018-12-11 14:34:58 - [TEST_STEP][PASSED] - Thread.sleep(2000): null

2018-12-11 14:35:00 - [TEST_STEP][PASSED] - click(findTestObject("TestUserLocation/saveButton")): Object: 'Object Repository/TestUserLocation/saveButton' is clicked on

2018-12-11 14:35:00 - [MESSAGE][PASSED] - Object: 'Object Repository/TestUserLocation/saveButton' is clicked on

2018-12-11 14:35:00 - [TEST_STEP][PASSED] - Thread.sleep(4000): null

2018-12-11 14:35:04 - [TEST_STEP][PASSED] - Thread.sleep(4000): null

2018-12-11 14:35:08 - [TEST_STEP][PASSED] - click(findTestObject("TestUserLocation/mainmenu_button")): Object: 'Object Repository/TestUserLocation/mainmenu_button' is clicked on

2018-12-11 14:35:08 - [MESSAGE][PASSED] - Object: 'Object Repository/TestUserLocation/mainmenu_button' is clicked on

2018-12-11 14:35:08 - [TEST_STEP][PASSED] - click(findTestObject("TestResource/mainMenu_resources")): Object: 'Object Repository/TestResource/mainMenu_resources' is clicked on

2018-12-11 14:35:08 - [MESSAGE][PASSED] - Object: 'Object Repository/TestResource/mainMenu_resources' is clicked on

2018-12-11 14:35:08 - [TEST_STEP][PASSED] - Thread.sleep(4000): null

2018-12-11 14:35:12 - [TEST_STEP][PASSED] - click(findTestObject("TestResource/equipment")): Object: 'Object Repository/TestResource/equipment' is clicked on

2018-12-11 14:35:12 - [MESSAGE][PASSED] - Object: 'Object Repository/TestResource/equipment' is clicked on

2018-12-11 14:35:12 - [TEST_STEP][PASSED] - Thread.sleep(4000): null

2018-12-11 14:35:16 - [TEST_STEP][PASSED] - AdminTool_Location.selectEquipment(): Element has been clicked

2018-12-11 14:35:20 - [MESSAGE][PASSED] - Element has been clicked

2018-12-11 14:35:20 - [TEST_STEP][PASSED] - Thread.sleep(4000): null

2018-12-11 14:35:24 - [TEST_STEP][PASSED] - click(findTestObject("TestUserLocation/addPlusIcon")): Object: 'Object Repository/TestUserLocation/addPlusIcon' is clicked on

2018-12-11 14:35:24 - [MESSAGE][PASSED] - Object: 'Object Repository/TestUserLocation/addPlusIcon' is clicked on

2018-12-11 14:35:24 - [TEST_STEP][PASSED] - Thread.sleep(2000): null

2018-12-11 14:35:26 - [TEST_STEP][PASSED] - setText(findTestObject("TestUserLocation/setNewName"), findTestData("LocationData").getValue("SubEquipmentName1", 1)): Text 'SUBEQUIPMENT1_ON_11/12/18-14:34' is set on object 'Object Repository/TestUserLocation/setNewName'

2018-12-11 14:35:27 - [MESSAGE][PASSED] - Text 'SUBEQUIPMENT1_ON_11/12/18-14:34' is set on object 'Object Repository/TestUserLocation/setNewName'

2018-12-11 14:35:27 - [TEST_STEP][PASSED] - setText(findTestObject("TestResource/setPhoneNumber"), "912378456"): Text '912378456' is set on object 'Object Repository/TestResource/setPhoneNumber'

2018-12-11 14:35:27 - [MESSAGE][PASSED] - Text '912378456' is set on object 'Object Repository/TestResource/setPhoneNumber'

2018-12-11 14:35:27 - [TEST_STEP][PASSED] - Thread.sleep(2000): null

2018-12-11 14:35:29 - [TEST_STEP][PASSED] - click(findTestObject("TestResource/saveDetailButton")): Object: 'Object Repository/TestResource/saveDetailButton' is clicked on

2018-12-11 14:35:29 - [MESSAGE][PASSED] - Object: 'Object Repository/TestResource/saveDetailButton' is clicked on

2018-12-11 14:35:29 - [TEST_STEP][PASSED] - Thread.sleep(7000): null

2018-12-11 14:35:36 - [TEST_STEP][PASSED] - click(findTestObject("TestResource/disableResource")): Object: 'Object Repository/TestResource/disableResource' is clicked on

2018-12-11 14:35:36 - [MESSAGE][PASSED] - Object: 'Object Repository/TestResource/disableResource' is clicked on

2018-12-11 14:35:36 - [TEST_STEP][PASSED] - Thread.sleep(2000): null

2018-12-11 14:35:38 - [TEST_STEP][PASSED] - click(findTestObject("TestResource/button2Yes")): Object: 'Object Repository/TestResource/button2Yes' is clicked on

2018-12-11 14:35:38 - [MESSAGE][PASSED] - Object: 'Object Repository/TestResource/button2Yes' is clicked on

2018-12-11 14:35:38 - [TEST_STEP][PASSED] - Thread.sleep(2000): null

2018-12-11 14:35:40 - [TEST_STEP][PASSED] - click(findTestObject("TestResource/saveDetailButton")): Object: 'Object Repository/TestResource/saveDetailButton' is clicked on

2018-12-11 14:35:41 - [MESSAGE][PASSED] - Object: 'Object Repository/TestResource/saveDetailButton' is clicked on

2018-12-11 14:35:41 - [TEST_STEP][PASSED] - Thread.sleep(7000): null

2018-12-11 14:35:48 - [TEST_STEP][PASSED] - click(findTestObject("TestResource/linksTab")): Object: 'Object Repository/TestResource/linksTab' is clicked on

2018-12-11 14:35:48 - [MESSAGE][PASSED] - Object: 'Object Repository/TestResource/linksTab' is clicked on

2018-12-11 14:35:48 - [TEST_STEP][PASSED] - Thread.sleep(2000): null

2018-12-11 14:35:50 - [TEST_STEP][PASSED] - click(findTestObject("TestResource/addLink")): Object: 'Object Repository/TestResource/addLink' is clicked on

2018-12-11 14:35:50 - [MESSAGE][PASSED] - Object: 'Object Repository/TestResource/addLink' is clicked on

2018-12-11 14:35:50 - [TEST_STEP][PASSED] - Thread.sleep(5000): null

2018-12-11 14:35:55 - [TEST_STEP][PASSED] - check(findTestObject("TestResource/selectSecondResourceToLink")): Object 'Object Repository/TestResource/selectSecondResourceToLink' is checked

2018-12-11 14:35:55 - [MESSAGE][PASSED] - Object 'Object Repository/TestResource/selectSecondResourceToLink' is checked

2018-12-11 14:35:55 - [TEST_STEP][PASSED] - AdminTool_Location.resourceLinkName(): AdminTool_Location.resourceLinkName is PASSED

2018-12-11 14:35:55 - [MESSAGE][PASSED] - AdminTool_Location.resourceLinkName is PASSED

2018-12-11 14:35:55 - [TEST_STEP][PASSED] - Thread.sleep(2000): null

2018-12-11 14:35:57 - [TEST_STEP][PASSED] - click(findTestObject("TestResource/button2Save")): Object: 'Object Repository/TestResource/button2Save' is clicked on

2018-12-11 14:35:57 - [MESSAGE][PASSED] - Object: 'Object Repository/TestResource/button2Save' is clicked on

2018-12-11 14:35:57 - [TEST_STEP][PASSED] - Thread.sleep(4000): null

2018-12-11 14:36:01 - [TEST_STEP][PASSED] - click(findTestObject("TestResource/locationTab")): Object: 'Object Repository/TestResource/locationTab' is clicked on

2018-12-11 14:36:01 - [MESSAGE][PASSED] - Object: 'Object Repository/TestResource/locationTab' is clicked on

2018-12-11 14:36:01 - [TEST_STEP][PASSED] - Thread.sleep(5000): null

2018-12-11 14:36:06 - [TEST_STEP][PASSED] - AdminTool_Location.checkLocation(): AdminTool_Location.checkLocation is PASSED

2018-12-11 14:36:08 - [MESSAGE][PASSED] - AdminTool_Location.checkLocation is PASSED

2018-12-11 14:36:08 - [TEST_STEP][PASSED] - Thread.sleep(4000): null

2018-12-11 14:36:12 - [TEST_STEP][PASSED] - click(findTestObject("TestResource/saveLocation")): Object: 'Object Repository/TestResource/saveLocation' is clicked on

2018-12-11 14:36:13 - [MESSAGE][PASSED] - Object: 'Object Repository/TestResource/saveLocation' is clicked on

2018-12-11 14:36:13 - [TEST_STEP][PASSED] - click(findTestObject("TestUserLocation/mainmenu_button")): Object: 'Object Repository/TestUserLocation/mainmenu_button' is clicked on

2018-12-11 14:36:13 - [MESSAGE][PASSED] - Object: 'Object Repository/TestUserLocation/mainmenu_button' is clicked on

2018-12-11 14:36:13 - [TEST_STEP][PASSED] - click(findTestObject("TestResource/mainMenu_resources")): Object: 'Object Repository/TestResource/mainMenu_resources' is clicked on

2018-12-11 14:36:13 - [MESSAGE][PASSED] - Object: 'Object Repository/TestResource/mainMenu_resources' is clicked on

2018-12-11 14:36:13 - [TEST_STEP][PASSED] - Thread.sleep(4000): null

2018-12-11 14:36:17 - [TEST_STEP][PASSED] - click(findTestObject("TestResource/equipment")): Object: 'Object Repository/TestResource/equipment' is clicked on

2018-12-11 14:36:17 - [MESSAGE][PASSED] - Object: 'Object Repository/TestResource/equipment' is clicked on

2018-12-11 14:36:17 - [TEST_STEP][PASSED] - Thread.sleep(4000): null

2018-12-11 14:36:21 - [TEST_STEP][PASSED] - AdminTool_Location.selectEquipment(): Element has been clicked

2018-12-11 14:36:26 - [MESSAGE][PASSED] - Element has been clicked

2018-12-11 14:36:26 - [TEST_STEP][PASSED] - Thread.sleep(4000): null

2018-12-11 14:36:30 - [TEST_STEP][PASSED] - click(findTestObject("TestUserLocation/addPlusIcon")): Object: 'Object Repository/TestUserLocation/addPlusIcon' is clicked on

2018-12-11 14:36:30 - [MESSAGE][PASSED] - Object: 'Object Repository/TestUserLocation/addPlusIcon' is clicked on

2018-12-11 14:36:30 - [TEST_STEP][PASSED] - Thread.sleep(2000): null

2018-12-11 14:36:32 - [TEST_STEP][PASSED] - setText(findTestObject("TestUserLocation/setNewName"), findTestData("LocationData").getValue("SubEquipmentName2", 1)): Text 'SUBEQUIPMENT2_ON_11/12/18-14:34' is set on object 'Object Repository/TestUserLocation/setNewName'

2018-12-11 14:36:32 - [MESSAGE][PASSED] - Text 'SUBEQUIPMENT2_ON_11/12/18-14:34' is set on object 'Object Repository/TestUserLocation/setNewName'

2018-12-11 14:36:32 - [TEST_STEP][PASSED] - setText(findTestObject("TestResource/setPhoneNumber"), "912378456"): Text '912378456' is set on object 'Object Repository/TestResource/setPhoneNumber'

2018-12-11 14:36:32 - [MESSAGE][PASSED] - Text '912378456' is set on object 'Object Repository/TestResource/setPhoneNumber'

2018-12-11 14:36:32 - [TEST_STEP][PASSED] - Thread.sleep(2000): null

2018-12-11 14:36:34 - [TEST_STEP][PASSED] - click(findTestObject("TestResource/saveDetailButton")): Object: 'Object Repository/TestResource/saveDetailButton' is clicked on

2018-12-11 14:36:35 - [MESSAGE][PASSED] - Object: 'Object Repository/TestResource/saveDetailButton' is clicked on

2018-12-11 14:36:35 - [TEST_STEP][PASSED] - Thread.sleep(7000): null

2018-12-11 14:36:42 - [TEST_STEP][PASSED] - click(findTestObject("TestResource/linksTab")): Object: 'Object Repository/TestResource/linksTab' is clicked on

2018-12-11 14:36:42 - [MESSAGE][PASSED] - Object: 'Object Repository/TestResource/linksTab' is clicked on

2018-12-11 14:36:42 - [TEST_STEP][PASSED] - Thread.sleep(2000): null

2018-12-11 14:36:44 - [TEST_STEP][PASSED] - click(findTestObject("TestResource/addLink")): Object: 'Object Repository/TestResource/addLink' is clicked on

2018-12-11 14:36:44 - [MESSAGE][PASSED] - Object: 'Object Repository/TestResource/addLink' is clicked on

2018-12-11 14:36:44 - [TEST_STEP][PASSED] - Thread.sleep(5000): null

2018-12-11 14:36:49 - [TEST_STEP][PASSED] - check(findTestObject("TestResource/selectSecondResourceToLink")): Object 'Object Repository/TestResource/selectSecondResourceToLink' is checked

2018-12-11 14:36:49 - [MESSAGE][PASSED] - Object 'Object Repository/TestResource/selectSecondResourceToLink' is checked

2018-12-11 14:36:49 - [TEST_STEP][PASSED] - AdminTool_Location.resourceLinkName(): AdminTool_Location.resourceLinkName is PASSED

2018-12-11 14:36:49 - [MESSAGE][PASSED] - AdminTool_Location.resourceLinkName is PASSED

2018-12-11 14:36:49 - [TEST_STEP][PASSED] - Thread.sleep(2000): null

2018-12-11 14:36:51 - [TEST_STEP][PASSED] - click(findTestObject("TestResource/button2Save")): Object: 'Object Repository/TestResource/button2Save' is clicked on

2018-12-11 14:36:51 - [MESSAGE][PASSED] - Object: 'Object Repository/TestResource/button2Save' is clicked on

2018-12-11 14:36:51 - [TEST_STEP][PASSED] - Thread.sleep(4000): null

2018-12-11 14:36:55 - [TEST_STEP][PASSED] - click(findTestObject("TestResource/locationTab")): Object: 'Object Repository/TestResource/locationTab' is clicked on

2018-12-11 14:36:55 - [MESSAGE][PASSED] - Object: 'Object Repository/TestResource/locationTab' is clicked on

2018-12-11 14:36:55 - [TEST_STEP][PASSED] - Thread.sleep(5000): null

2018-12-11 14:37:00 - [TEST_STEP][PASSED] - AdminTool_Location.checkLocation(): AdminTool_Location.checkLocation is PASSED

2018-12-11 14:37:03 - [MESSAGE][PASSED] - AdminTool_Location.checkLocation is PASSED

2018-12-11 14:37:03 - [TEST_STEP][PASSED] - Thread.sleep(4000): null

2018-12-11 14:37:07 - [TEST_STEP][PASSED] - click(findTestObject("TestResource/saveLocation")): Object: 'Object Repository/TestResource/saveLocation' is clicked on

2018-12-11 14:37:07 - [MESSAGE][PASSED] - Object: 'Object Repository/TestResource/saveLocation' is clicked on]]></system-out>
         <system-err><![CDATA[]]></system-err>
      </testcase>
      <testcase name="Test Cases/CheckResoucesAsPerLocation/validateResource" classname="Test Cases/CheckResoucesAsPerLocation/validateResource" status="PASSED">
         <system-out><![CDATA[2018-12-11 14:37:07 - [TEST_CASE][PASSED] - Test Cases/CheckResoucesAsPerLocation/validateResource: Test Cases/CheckResoucesAsPerLocation/validateResource

2018-12-11 14:37:07 - [TEST_STEP][NOT_RUN] - openBrowser(URL): NOT_RUN: openBrowser(URL)

2018-12-11 14:37:07 - [MESSAGE][NOT_RUN] - NOT_RUN: openBrowser(URL)

2018-12-11 14:37:07 - [TEST_STEP][NOT_RUN] - maximizeWindow(): NOT_RUN: maximizeWindow()

2018-12-11 14:37:07 - [MESSAGE][NOT_RUN] - NOT_RUN: maximizeWindow()

2018-12-11 14:37:07 - [TEST_STEP][NOT_RUN] - setText(findTestObject("Form_Selection_Creation/login_Username"), UserName): NOT_RUN: setText(findTestObject("Form_Selection_Creation/login_Username"), UserName)

2018-12-11 14:37:07 - [MESSAGE][NOT_RUN] - NOT_RUN: setText(findTestObject("Form_Selection_Creation/login_Username"), UserName)

2018-12-11 14:37:07 - [TEST_STEP][NOT_RUN] - setText(findTestObject("Form_Selection_Creation/login_Password"), Password): NOT_RUN: setText(findTestObject("Form_Selection_Creation/login_Password"), Password)

2018-12-11 14:37:07 - [MESSAGE][NOT_RUN] - NOT_RUN: setText(findTestObject("Form_Selection_Creation/login_Password"), Password)

2018-12-11 14:37:07 - [TEST_STEP][PASSED] - Thread.sleep(4000): null

2018-12-11 14:37:11 - [TEST_STEP][PASSED] - FormName.setData(): FormName.setData is PASSED

2018-12-11 14:37:11 - [MESSAGE][PASSED] - FormName.setData is PASSED

2018-12-11 14:37:11 - [TEST_STEP][NOT_RUN] - click(findTestObject("Form_Selection_Creation/login_Button")): NOT_RUN: click(findTestObject("Form_Selection_Creation/login_Button"))

2018-12-11 14:37:11 - [MESSAGE][NOT_RUN] - NOT_RUN: click(findTestObject("Form_Selection_Creation/login_Button"))

2018-12-11 14:37:11 - [TEST_STEP][PASSED] - click(findTestObject("Form_Selection_Creation/mainMenu_Button")): Object: 'Object Repository/Form_Selection_Creation/mainMenu_Button' is clicked on

2018-12-11 14:37:11 - [MESSAGE][PASSED] - Object: 'Object Repository/Form_Selection_Creation/mainMenu_Button' is clicked on

2018-12-11 14:37:11 - [TEST_STEP][NOT_RUN] - click(findTestObject("Form_Selection_Creation/mainMenu_AdminTools")): NOT_RUN: click(findTestObject("Form_Selection_Creation/mainMenu_AdminTools"))

2018-12-11 14:37:11 - [MESSAGE][NOT_RUN] - NOT_RUN: click(findTestObject("Form_Selection_Creation/mainMenu_AdminTools"))

2018-12-11 14:37:11 - [TEST_STEP][PASSED] - click(findTestObject("Form_Selection_Creation/mainMenu_AdminTools_FormDesigner")): Object: 'Object Repository/Form_Selection_Creation/mainMenu_AdminTools_FormDesigner' is clicked on

2018-12-11 14:37:11 - [MESSAGE][PASSED] - Object: 'Object Repository/Form_Selection_Creation/mainMenu_AdminTools_FormDesigner' is clicked on

2018-12-11 14:37:11 - [TEST_STEP][PASSED] - click(findTestObject("Form_Selection_Creation/selectCheckForm")): Object: 'Object Repository/Form_Selection_Creation/selectCheckForm' is clicked on

2018-12-11 14:37:11 - [MESSAGE][PASSED] - Object: 'Object Repository/Form_Selection_Creation/selectCheckForm' is clicked on

2018-12-11 14:37:11 - [TEST_STEP][PASSED] - Thread.sleep(5000): null

2018-12-11 14:37:16 - [TEST_STEP][PASSED] - AdminTool_Location.selectResType(): AdminTool_Location.selectResType is PASSED

2018-12-11 14:37:24 - [MESSAGE][PASSED] - AdminTool_Location.selectResType is PASSED

2018-12-11 14:37:24 - [TEST_STEP][PASSED] - AdminTool_Location.dragDropRes(): Element has been clicked

2018-12-11 14:37:29 - [MESSAGE][PASSED] - Element has been clicked

2018-12-11 14:37:29 - [TEST_STEP][PASSED] - Thread.sleep(3000): null

2018-12-11 14:37:32 - [TEST_STEP][NOT_RUN] - dragAndDropToObject(findTestObject("null"), findTestObject("Form_Selection_Creation/Target_Res_Object")): NOT_RUN: dragAndDropToObject(findTestObject("null"), findTestObject("Form_Selection_Creation/Target_Res_Object"))

2018-12-11 14:37:32 - [MESSAGE][NOT_RUN] - NOT_RUN: dragAndDropToObject(findTestObject("null"), findTestObject("Form_Selection_Creation/Target_Res_Object"))

2018-12-11 14:37:32 - [TEST_STEP][PASSED] - AdminTool_Location.validate(): AdminTool_Location.validate is PASSED

2018-12-11 14:37:32 - [MESSAGE][PASSED] - AdminTool_Location.validate is PASSED

2018-12-11 14:37:32 - [TEST_STEP][PASSED] - s = getText(findTestObject("TestResource/testText")): Text of object 'Object Repository/TestResource/testText' is: 'Equipment > EQUIPMENT_ON_11/12/18-14:34 > SUBEQUIPMENT2_ON_11/12/18-14:34'

2018-12-11 14:37:32 - [MESSAGE][PASSED] - Text of object 'Object Repository/TestResource/testText' is: 'Equipment > EQUIPMENT_ON_11/12/18-14:34 > SUBEQUIPMENT2_ON_11/12/18-14:34'

2018-12-11 14:37:32 - [TEST_STEP][PASSED] - println(s): null]]></system-out>
         <system-err><![CDATA[]]></system-err>
      </testcase>
      <testcase name="Test Cases/CheckResoucesAsPerLocation/checkResource_Items" classname="Test Cases/CheckResoucesAsPerLocation/checkResource_Items" status="PASSED">
         <system-out><![CDATA[2018-12-11 14:37:32 - [TEST_CASE][PASSED] - Test Cases/CheckResoucesAsPerLocation/checkResource_Items: Test Cases/CheckResoucesAsPerLocation/checkResource_Items

2018-12-11 14:37:32 - [TEST_STEP][PASSED] - openBrowser(URL): Browser is opened with url: 'https://test1.safetychain.com'

2018-12-11 14:37:32 - [MESSAGE][WARNING] - A browser is already opened. Closing browser and opening a new one

2018-12-11 14:37:33 - [MESSAGE][INFO] - Starting 'Chrome' driver

2018-12-11 14:37:52 - [MESSAGE][PASSED] - Browser is opened with url: 'https://test1.safetychain.com'

2018-12-11 14:37:52 - [TEST_STEP][PASSED] - maximizeWindow(): Current window maximized

2018-12-11 14:37:53 - [MESSAGE][PASSED] - Current window maximized

2018-12-11 14:37:53 - [TEST_STEP][PASSED] - setText(findTestObject("TestUserLocation/login_Username"), UserName): Text 'Superadmin' is set on object 'Object Repository/TestUserLocation/login_Username'

2018-12-11 14:37:57 - [MESSAGE][PASSED] - Text 'Superadmin' is set on object 'Object Repository/TestUserLocation/login_Username'

2018-12-11 14:37:57 - [TEST_STEP][PASSED] - setText(findTestObject("TestUserLocation/login_Password"), Password): Text 'latetest13772boot' is set on object 'Object Repository/TestUserLocation/login_Password'

2018-12-11 14:37:58 - [MESSAGE][PASSED] - Text 'latetest13772boot' is set on object 'Object Repository/TestUserLocation/login_Password'

2018-12-11 14:37:58 - [TEST_STEP][PASSED] - AdminTool_Location.setItemName(): AdminTool_Location.setItemName is PASSED

2018-12-11 14:37:58 - [MESSAGE][PASSED] - AdminTool_Location.setItemName is PASSED

2018-12-11 14:37:58 - [TEST_STEP][PASSED] - click(findTestObject("TestUserLocation/login_Button")): Object: 'Object Repository/TestUserLocation/login_Button' is clicked on

2018-12-11 14:37:59 - [MESSAGE][PASSED] - Object: 'Object Repository/TestUserLocation/login_Button' is clicked on

2018-12-11 14:37:59 - [TEST_STEP][PASSED] - Thread.sleep(4000): null

2018-12-11 14:38:03 - [TEST_STEP][PASSED] - click(findTestObject("TestUserLocation/mainmenu_button")): Object: 'Object Repository/TestUserLocation/mainmenu_button' is clicked on

2018-12-11 14:38:05 - [MESSAGE][PASSED] - Object: 'Object Repository/TestUserLocation/mainmenu_button' is clicked on

2018-12-11 14:38:05 - [TEST_STEP][PASSED] - click(findTestObject("TestUserLocation/adminTool")): Object: 'Object Repository/TestUserLocation/adminTool' is clicked on

2018-12-11 14:38:05 - [MESSAGE][PASSED] - Object: 'Object Repository/TestUserLocation/adminTool' is clicked on

2018-12-11 14:38:05 - [TEST_STEP][PASSED] - click(findTestObject("TestUserLocation/mainMenuResourceDesigner")): Object: 'Object Repository/TestUserLocation/mainMenuResourceDesigner' is clicked on

2018-12-11 14:38:05 - [MESSAGE][PASSED] - Object: 'Object Repository/TestUserLocation/mainMenuResourceDesigner' is clicked on

2018-12-11 14:38:05 - [TEST_STEP][PASSED] - Thread.sleep(4000): null

2018-12-11 14:38:09 - [TEST_STEP][PASSED] - click(findTestObject("TestResource/items")): Object: 'Object Repository/TestResource/items' is clicked on

2018-12-11 14:38:09 - [MESSAGE][PASSED] - Object: 'Object Repository/TestResource/items' is clicked on

2018-12-11 14:38:09 - [TEST_STEP][PASSED] - Thread.sleep(4000): null

2018-12-11 14:38:13 - [TEST_STEP][PASSED] - click(findTestObject("TestUserLocation/categories")): Object: 'Object Repository/TestUserLocation/categories' is clicked on

2018-12-11 14:38:13 - [MESSAGE][PASSED] - Object: 'Object Repository/TestUserLocation/categories' is clicked on

2018-12-11 14:38:13 - [TEST_STEP][PASSED] - Thread.sleep(2000): null

2018-12-11 14:38:15 - [TEST_STEP][PASSED] - click(findTestObject("TestUserLocation/defaultArea")): Object: 'Object Repository/TestUserLocation/defaultArea' is clicked on

2018-12-11 14:38:15 - [MESSAGE][PASSED] - Object: 'Object Repository/TestUserLocation/defaultArea' is clicked on

2018-12-11 14:38:15 - [TEST_STEP][PASSED] - Thread.sleep(2000): null

2018-12-11 14:38:17 - [TEST_STEP][PASSED] - click(findTestObject("TestUserLocation/hoverHeading")): Object: 'Object Repository/TestUserLocation/hoverHeading' is clicked on

2018-12-11 14:38:17 - [MESSAGE][PASSED] - Object: 'Object Repository/TestUserLocation/hoverHeading' is clicked on

2018-12-11 14:38:17 - [TEST_STEP][PASSED] - click(findTestObject("TestUserLocation/addPlusIcon")): Object: 'Object Repository/TestUserLocation/addPlusIcon' is clicked on

2018-12-11 14:38:18 - [MESSAGE][PASSED] - Object: 'Object Repository/TestUserLocation/addPlusIcon' is clicked on

2018-12-11 14:38:18 - [TEST_STEP][PASSED] - setText(findTestObject("TestUserLocation/setNewName"), findTestData("LocationData").getValue("ItemsName", 1)): Text 'ITEM_ON_11/12/18-14:37' is set on object 'Object Repository/TestUserLocation/setNewName'

2018-12-11 14:38:18 - [MESSAGE][PASSED] - Text 'ITEM_ON_11/12/18-14:37' is set on object 'Object Repository/TestUserLocation/setNewName'

2018-12-11 14:38:18 - [TEST_STEP][PASSED] - Thread.sleep(2000): null

2018-12-11 14:38:20 - [TEST_STEP][PASSED] - click(findTestObject("TestUserLocation/saveButton")): Object: 'Object Repository/TestUserLocation/saveButton' is clicked on

2018-12-11 14:38:20 - [MESSAGE][PASSED] - Object: 'Object Repository/TestUserLocation/saveButton' is clicked on

2018-12-11 14:38:20 - [TEST_STEP][PASSED] - Thread.sleep(4000): null

2018-12-11 14:38:24 - [TEST_STEP][PASSED] - Thread.sleep(4000): null

2018-12-11 14:38:28 - [TEST_STEP][PASSED] - click(findTestObject("TestUserLocation/mainmenu_button")): Object: 'Object Repository/TestUserLocation/mainmenu_button' is clicked on

2018-12-11 14:38:28 - [MESSAGE][PASSED] - Object: 'Object Repository/TestUserLocation/mainmenu_button' is clicked on

2018-12-11 14:38:28 - [TEST_STEP][PASSED] - click(findTestObject("TestResource/mainMenu_resources")): Object: 'Object Repository/TestResource/mainMenu_resources' is clicked on

2018-12-11 14:38:28 - [MESSAGE][PASSED] - Object: 'Object Repository/TestResource/mainMenu_resources' is clicked on

2018-12-11 14:38:28 - [TEST_STEP][PASSED] - Thread.sleep(4000): null

2018-12-11 14:38:32 - [TEST_STEP][PASSED] - click(findTestObject("TestResource/items")): Object: 'Object Repository/TestResource/items' is clicked on

2018-12-11 14:38:32 - [MESSAGE][PASSED] - Object: 'Object Repository/TestResource/items' is clicked on

2018-12-11 14:38:32 - [TEST_STEP][PASSED] - Thread.sleep(4000): null

2018-12-11 14:38:36 - [TEST_STEP][PASSED] - AdminTool_Location.selectItem(): Element has been clicked

2018-12-11 14:38:40 - [MESSAGE][PASSED] - Element has been clicked

2018-12-11 14:38:40 - [TEST_STEP][PASSED] - Thread.sleep(4000): null

2018-12-11 14:38:44 - [TEST_STEP][PASSED] - click(findTestObject("TestUserLocation/addPlusIcon")): Object: 'Object Repository/TestUserLocation/addPlusIcon' is clicked on

2018-12-11 14:38:45 - [MESSAGE][PASSED] - Object: 'Object Repository/TestUserLocation/addPlusIcon' is clicked on

2018-12-11 14:38:45 - [TEST_STEP][PASSED] - Thread.sleep(2000): null

2018-12-11 14:38:47 - [TEST_STEP][PASSED] - setText(findTestObject("TestUserLocation/setNewName"), findTestData("LocationData").getValue("SubItemsName1", 1)): Text 'SUBITEM1_ON_11/12/18-14:37' is set on object 'Object Repository/TestUserLocation/setNewName'

2018-12-11 14:38:47 - [MESSAGE][PASSED] - Text 'SUBITEM1_ON_11/12/18-14:37' is set on object 'Object Repository/TestUserLocation/setNewName'

2018-12-11 14:38:47 - [TEST_STEP][NOT_RUN] - setText(findTestObject("TestResource/setPhoneNumber"), "912378456"): NOT_RUN: setText(findTestObject("TestResource/setPhoneNumber"), "912378456")

2018-12-11 14:38:47 - [MESSAGE][NOT_RUN] - NOT_RUN: setText(findTestObject("TestResource/setPhoneNumber"), "912378456")

2018-12-11 14:38:47 - [TEST_STEP][PASSED] - Thread.sleep(2000): null

2018-12-11 14:38:49 - [TEST_STEP][PASSED] - click(findTestObject("TestResource/saveDetailButton")): Object: 'Object Repository/TestResource/saveDetailButton' is clicked on

2018-12-11 14:38:49 - [MESSAGE][PASSED] - Object: 'Object Repository/TestResource/saveDetailButton' is clicked on

2018-12-11 14:38:49 - [TEST_STEP][PASSED] - Thread.sleep(7000): null

2018-12-11 14:38:56 - [TEST_STEP][PASSED] - click(findTestObject("TestResource/disableResource")): Object: 'Object Repository/TestResource/disableResource' is clicked on

2018-12-11 14:38:56 - [MESSAGE][PASSED] - Object: 'Object Repository/TestResource/disableResource' is clicked on

2018-12-11 14:38:56 - [TEST_STEP][PASSED] - Thread.sleep(2000): null

2018-12-11 14:38:58 - [TEST_STEP][PASSED] - click(findTestObject("TestResource/button2Yes")): Object: 'Object Repository/TestResource/button2Yes' is clicked on

2018-12-11 14:38:58 - [MESSAGE][PASSED] - Object: 'Object Repository/TestResource/button2Yes' is clicked on

2018-12-11 14:38:58 - [TEST_STEP][PASSED] - Thread.sleep(2000): null

2018-12-11 14:39:00 - [TEST_STEP][PASSED] - click(findTestObject("TestResource/saveDetailButton")): Object: 'Object Repository/TestResource/saveDetailButton' is clicked on

2018-12-11 14:39:00 - [MESSAGE][PASSED] - Object: 'Object Repository/TestResource/saveDetailButton' is clicked on

2018-12-11 14:39:00 - [TEST_STEP][PASSED] - Thread.sleep(7000): null

2018-12-11 14:39:07 - [TEST_STEP][PASSED] - click(findTestObject("TestResource/linksTab")): Object: 'Object Repository/TestResource/linksTab' is clicked on

2018-12-11 14:39:08 - [MESSAGE][PASSED] - Object: 'Object Repository/TestResource/linksTab' is clicked on

2018-12-11 14:39:08 - [TEST_STEP][PASSED] - Thread.sleep(2000): null

2018-12-11 14:39:10 - [TEST_STEP][PASSED] - click(findTestObject("TestResource/addLink")): Object: 'Object Repository/TestResource/addLink' is clicked on

2018-12-11 14:39:10 - [MESSAGE][PASSED] - Object: 'Object Repository/TestResource/addLink' is clicked on

2018-12-11 14:39:10 - [TEST_STEP][PASSED] - Thread.sleep(5000): null

2018-12-11 14:39:15 - [TEST_STEP][PASSED] - check(findTestObject("TestResource/selectSecondResourceToLink")): Object 'Object Repository/TestResource/selectSecondResourceToLink' is checked

2018-12-11 14:39:15 - [MESSAGE][PASSED] - Object 'Object Repository/TestResource/selectSecondResourceToLink' is checked

2018-12-11 14:39:15 - [TEST_STEP][PASSED] - AdminTool_Location.resourceLinkName(): AdminTool_Location.resourceLinkName is PASSED

2018-12-11 14:39:15 - [MESSAGE][PASSED] - AdminTool_Location.resourceLinkName is PASSED

2018-12-11 14:39:15 - [TEST_STEP][PASSED] - Thread.sleep(2000): null

2018-12-11 14:39:17 - [TEST_STEP][PASSED] - click(findTestObject("TestResource/button2Save")): Object: 'Object Repository/TestResource/button2Save' is clicked on

2018-12-11 14:39:17 - [MESSAGE][PASSED] - Object: 'Object Repository/TestResource/button2Save' is clicked on

2018-12-11 14:39:17 - [TEST_STEP][PASSED] - Thread.sleep(4000): null

2018-12-11 14:39:21 - [TEST_STEP][PASSED] - click(findTestObject("TestResource/locationTab")): Object: 'Object Repository/TestResource/locationTab' is clicked on

2018-12-11 14:39:21 - [MESSAGE][PASSED] - Object: 'Object Repository/TestResource/locationTab' is clicked on

2018-12-11 14:39:21 - [TEST_STEP][PASSED] - Thread.sleep(5000): null

2018-12-11 14:39:26 - [TEST_STEP][PASSED] - AdminTool_Location.checkLocation(): AdminTool_Location.checkLocation is PASSED

2018-12-11 14:39:28 - [MESSAGE][PASSED] - AdminTool_Location.checkLocation is PASSED

2018-12-11 14:39:28 - [TEST_STEP][PASSED] - Thread.sleep(4000): null

2018-12-11 14:39:32 - [TEST_STEP][PASSED] - click(findTestObject("TestResource/saveLocation")): Object: 'Object Repository/TestResource/saveLocation' is clicked on

2018-12-11 14:39:32 - [MESSAGE][PASSED] - Object: 'Object Repository/TestResource/saveLocation' is clicked on

2018-12-11 14:39:32 - [TEST_STEP][PASSED] - click(findTestObject("TestUserLocation/mainmenu_button")): Object: 'Object Repository/TestUserLocation/mainmenu_button' is clicked on

2018-12-11 14:39:34 - [MESSAGE][PASSED] - Object: 'Object Repository/TestUserLocation/mainmenu_button' is clicked on

2018-12-11 14:39:34 - [TEST_STEP][PASSED] - click(findTestObject("TestResource/mainMenu_resources")): Object: 'Object Repository/TestResource/mainMenu_resources' is clicked on

2018-12-11 14:39:34 - [MESSAGE][PASSED] - Object: 'Object Repository/TestResource/mainMenu_resources' is clicked on

2018-12-11 14:39:34 - [TEST_STEP][PASSED] - Thread.sleep(4000): null

2018-12-11 14:39:38 - [TEST_STEP][PASSED] - click(findTestObject("TestResource/items")): Object: 'Object Repository/TestResource/items' is clicked on

2018-12-11 14:39:38 - [MESSAGE][PASSED] - Object: 'Object Repository/TestResource/items' is clicked on

2018-12-11 14:39:38 - [TEST_STEP][PASSED] - Thread.sleep(4000): null

2018-12-11 14:39:42 - [TEST_STEP][PASSED] - AdminTool_Location.selectItem(): Element has been clicked

2018-12-11 14:39:46 - [MESSAGE][PASSED] - Element has been clicked

2018-12-11 14:39:46 - [TEST_STEP][PASSED] - Thread.sleep(4000): null

2018-12-11 14:39:50 - [TEST_STEP][PASSED] - click(findTestObject("TestUserLocation/addPlusIcon")): Object: 'Object Repository/TestUserLocation/addPlusIcon' is clicked on

2018-12-11 14:39:50 - [MESSAGE][PASSED] - Object: 'Object Repository/TestUserLocation/addPlusIcon' is clicked on

2018-12-11 14:39:50 - [TEST_STEP][PASSED] - Thread.sleep(2000): null

2018-12-11 14:39:52 - [TEST_STEP][PASSED] - setText(findTestObject("TestUserLocation/setNewName"), findTestData("LocationData").getValue("SubItemsName2", 1)): Text 'SUBITEM2_ON_11/12/18-14:37' is set on object 'Object Repository/TestUserLocation/setNewName'

2018-12-11 14:39:52 - [MESSAGE][PASSED] - Text 'SUBITEM2_ON_11/12/18-14:37' is set on object 'Object Repository/TestUserLocation/setNewName'

2018-12-11 14:39:52 - [TEST_STEP][NOT_RUN] - setText(findTestObject("TestResource/setPhoneNumber"), "912378456"): NOT_RUN: setText(findTestObject("TestResource/setPhoneNumber"), "912378456")

2018-12-11 14:39:52 - [MESSAGE][NOT_RUN] - NOT_RUN: setText(findTestObject("TestResource/setPhoneNumber"), "912378456")

2018-12-11 14:39:52 - [TEST_STEP][PASSED] - Thread.sleep(2000): null

2018-12-11 14:39:54 - [TEST_STEP][PASSED] - click(findTestObject("TestResource/saveDetailButton")): Object: 'Object Repository/TestResource/saveDetailButton' is clicked on

2018-12-11 14:39:54 - [MESSAGE][PASSED] - Object: 'Object Repository/TestResource/saveDetailButton' is clicked on

2018-12-11 14:39:54 - [TEST_STEP][PASSED] - Thread.sleep(7000): null

2018-12-11 14:40:01 - [TEST_STEP][PASSED] - click(findTestObject("TestResource/linksTab")): Object: 'Object Repository/TestResource/linksTab' is clicked on

2018-12-11 14:40:02 - [MESSAGE][PASSED] - Object: 'Object Repository/TestResource/linksTab' is clicked on

2018-12-11 14:40:02 - [TEST_STEP][PASSED] - Thread.sleep(2000): null

2018-12-11 14:40:04 - [TEST_STEP][PASSED] - click(findTestObject("TestResource/addLink")): Object: 'Object Repository/TestResource/addLink' is clicked on

2018-12-11 14:40:04 - [MESSAGE][PASSED] - Object: 'Object Repository/TestResource/addLink' is clicked on

2018-12-11 14:40:04 - [TEST_STEP][PASSED] - Thread.sleep(5000): null

2018-12-11 14:40:09 - [TEST_STEP][PASSED] - check(findTestObject("TestResource/selectSecondResourceToLink")): Object 'Object Repository/TestResource/selectSecondResourceToLink' is checked

2018-12-11 14:40:09 - [MESSAGE][PASSED] - Object 'Object Repository/TestResource/selectSecondResourceToLink' is checked

2018-12-11 14:40:09 - [TEST_STEP][PASSED] - AdminTool_Location.resourceLinkName(): AdminTool_Location.resourceLinkName is PASSED

2018-12-11 14:40:09 - [MESSAGE][PASSED] - AdminTool_Location.resourceLinkName is PASSED

2018-12-11 14:40:09 - [TEST_STEP][PASSED] - Thread.sleep(2000): null

2018-12-11 14:40:11 - [TEST_STEP][PASSED] - click(findTestObject("TestResource/button2Save")): Object: 'Object Repository/TestResource/button2Save' is clicked on

2018-12-11 14:40:11 - [MESSAGE][PASSED] - Object: 'Object Repository/TestResource/button2Save' is clicked on

2018-12-11 14:40:11 - [TEST_STEP][PASSED] - Thread.sleep(4000): null

2018-12-11 14:40:15 - [TEST_STEP][PASSED] - click(findTestObject("TestResource/locationTab")): Object: 'Object Repository/TestResource/locationTab' is clicked on

2018-12-11 14:40:15 - [MESSAGE][PASSED] - Object: 'Object Repository/TestResource/locationTab' is clicked on

2018-12-11 14:40:15 - [TEST_STEP][PASSED] - Thread.sleep(5000): null

2018-12-11 14:40:20 - [TEST_STEP][PASSED] - AdminTool_Location.checkLocation(): AdminTool_Location.checkLocation is PASSED

2018-12-11 14:40:22 - [MESSAGE][PASSED] - AdminTool_Location.checkLocation is PASSED

2018-12-11 14:40:22 - [TEST_STEP][PASSED] - Thread.sleep(4000): null

2018-12-11 14:40:26 - [TEST_STEP][PASSED] - click(findTestObject("TestResource/saveLocation")): Object: 'Object Repository/TestResource/saveLocation' is clicked on

2018-12-11 14:40:27 - [MESSAGE][PASSED] - Object: 'Object Repository/TestResource/saveLocation' is clicked on]]></system-out>
         <system-err><![CDATA[]]></system-err>
      </testcase>
      <testcase name="Test Cases/CheckResoucesAsPerLocation/validateResource" classname="Test Cases/CheckResoucesAsPerLocation/validateResource" status="PASSED">
         <system-out><![CDATA[2018-12-11 14:40:27 - [TEST_CASE][PASSED] - Test Cases/CheckResoucesAsPerLocation/validateResource: Test Cases/CheckResoucesAsPerLocation/validateResource

2018-12-11 14:40:27 - [TEST_STEP][NOT_RUN] - openBrowser(URL): NOT_RUN: openBrowser(URL)

2018-12-11 14:40:27 - [MESSAGE][NOT_RUN] - NOT_RUN: openBrowser(URL)

2018-12-11 14:40:27 - [TEST_STEP][NOT_RUN] - maximizeWindow(): NOT_RUN: maximizeWindow()

2018-12-11 14:40:27 - [MESSAGE][NOT_RUN] - NOT_RUN: maximizeWindow()

2018-12-11 14:40:27 - [TEST_STEP][NOT_RUN] - setText(findTestObject("Form_Selection_Creation/login_Username"), UserName): NOT_RUN: setText(findTestObject("Form_Selection_Creation/login_Username"), UserName)

2018-12-11 14:40:27 - [MESSAGE][NOT_RUN] - NOT_RUN: setText(findTestObject("Form_Selection_Creation/login_Username"), UserName)

2018-12-11 14:40:27 - [TEST_STEP][NOT_RUN] - setText(findTestObject("Form_Selection_Creation/login_Password"), Password): NOT_RUN: setText(findTestObject("Form_Selection_Creation/login_Password"), Password)

2018-12-11 14:40:27 - [MESSAGE][NOT_RUN] - NOT_RUN: setText(findTestObject("Form_Selection_Creation/login_Password"), Password)

2018-12-11 14:40:27 - [TEST_STEP][PASSED] - Thread.sleep(4000): null

2018-12-11 14:40:31 - [TEST_STEP][PASSED] - FormName.setData(): FormName.setData is PASSED

2018-12-11 14:40:31 - [MESSAGE][PASSED] - FormName.setData is PASSED

2018-12-11 14:40:31 - [TEST_STEP][NOT_RUN] - click(findTestObject("Form_Selection_Creation/login_Button")): NOT_RUN: click(findTestObject("Form_Selection_Creation/login_Button"))

2018-12-11 14:40:31 - [MESSAGE][NOT_RUN] - NOT_RUN: click(findTestObject("Form_Selection_Creation/login_Button"))

2018-12-11 14:40:31 - [TEST_STEP][PASSED] - click(findTestObject("Form_Selection_Creation/mainMenu_Button")): Object: 'Object Repository/Form_Selection_Creation/mainMenu_Button' is clicked on

2018-12-11 14:40:31 - [MESSAGE][PASSED] - Object: 'Object Repository/Form_Selection_Creation/mainMenu_Button' is clicked on

2018-12-11 14:40:31 - [TEST_STEP][NOT_RUN] - click(findTestObject("Form_Selection_Creation/mainMenu_AdminTools")): NOT_RUN: click(findTestObject("Form_Selection_Creation/mainMenu_AdminTools"))

2018-12-11 14:40:31 - [MESSAGE][NOT_RUN] - NOT_RUN: click(findTestObject("Form_Selection_Creation/mainMenu_AdminTools"))

2018-12-11 14:40:31 - [TEST_STEP][PASSED] - click(findTestObject("Form_Selection_Creation/mainMenu_AdminTools_FormDesigner")): Object: 'Object Repository/Form_Selection_Creation/mainMenu_AdminTools_FormDesigner' is clicked on

2018-12-11 14:40:31 - [MESSAGE][PASSED] - Object: 'Object Repository/Form_Selection_Creation/mainMenu_AdminTools_FormDesigner' is clicked on

2018-12-11 14:40:31 - [TEST_STEP][PASSED] - click(findTestObject("Form_Selection_Creation/selectCheckForm")): Object: 'Object Repository/Form_Selection_Creation/selectCheckForm' is clicked on

2018-12-11 14:40:31 - [MESSAGE][PASSED] - Object: 'Object Repository/Form_Selection_Creation/selectCheckForm' is clicked on

2018-12-11 14:40:31 - [TEST_STEP][PASSED] - Thread.sleep(5000): null

2018-12-11 14:40:36 - [TEST_STEP][PASSED] - AdminTool_Location.selectResType(): AdminTool_Location.selectResType is PASSED

2018-12-11 14:40:44 - [MESSAGE][PASSED] - AdminTool_Location.selectResType is PASSED

2018-12-11 14:40:44 - [TEST_STEP][PASSED] - AdminTool_Location.dragDropRes(): Element has been clicked

2018-12-11 14:40:49 - [MESSAGE][PASSED] - Element has been clicked

2018-12-11 14:40:49 - [TEST_STEP][PASSED] - Thread.sleep(3000): null

2018-12-11 14:40:52 - [TEST_STEP][NOT_RUN] - dragAndDropToObject(findTestObject("null"), findTestObject("Form_Selection_Creation/Target_Res_Object")): NOT_RUN: dragAndDropToObject(findTestObject("null"), findTestObject("Form_Selection_Creation/Target_Res_Object"))

2018-12-11 14:40:52 - [MESSAGE][NOT_RUN] - NOT_RUN: dragAndDropToObject(findTestObject("null"), findTestObject("Form_Selection_Creation/Target_Res_Object"))

2018-12-11 14:40:52 - [TEST_STEP][PASSED] - AdminTool_Location.validate(): AdminTool_Location.validate is PASSED

2018-12-11 14:40:52 - [MESSAGE][PASSED] - AdminTool_Location.validate is PASSED

2018-12-11 14:40:52 - [TEST_STEP][PASSED] - s = getText(findTestObject("TestResource/testText")): Text of object 'Object Repository/TestResource/testText' is: 'Items > ITEM_ON_11/12/18-14:37 > SUBITEM2_ON_11/12/18-14:37'

2018-12-11 14:40:52 - [MESSAGE][PASSED] - Text of object 'Object Repository/TestResource/testText' is: 'Items > ITEM_ON_11/12/18-14:37 > SUBITEM2_ON_11/12/18-14:37'

2018-12-11 14:40:52 - [TEST_STEP][PASSED] - println(s): null]]></system-out>
         <system-err><![CDATA[]]></system-err>
      </testcase>
      <testcase name="Test Cases/CheckResoucesAsPerLocation/checkResource_Supplier" classname="Test Cases/CheckResoucesAsPerLocation/checkResource_Supplier" status="PASSED">
         <system-out><![CDATA[2018-12-11 14:40:52 - [TEST_CASE][PASSED] - Test Cases/CheckResoucesAsPerLocation/checkResource_Supplier: Test Cases/CheckResoucesAsPerLocation/checkResource_Supplier

2018-12-11 14:40:52 - [TEST_STEP][PASSED] - openBrowser(URL): Browser is opened with url: 'https://test1.safetychain.com'

2018-12-11 14:40:52 - [MESSAGE][WARNING] - A browser is already opened. Closing browser and opening a new one

2018-12-11 14:40:53 - [MESSAGE][INFO] - Starting 'Chrome' driver

2018-12-11 14:41:12 - [MESSAGE][PASSED] - Browser is opened with url: 'https://test1.safetychain.com'

2018-12-11 14:41:12 - [TEST_STEP][PASSED] - maximizeWindow(): Current window maximized

2018-12-11 14:41:13 - [MESSAGE][PASSED] - Current window maximized

2018-12-11 14:41:13 - [TEST_STEP][PASSED] - setText(findTestObject("TestUserLocation/login_Username"), UserName): Text 'Superadmin' is set on object 'Object Repository/TestUserLocation/login_Username'

2018-12-11 14:41:18 - [MESSAGE][PASSED] - Text 'Superadmin' is set on object 'Object Repository/TestUserLocation/login_Username'

2018-12-11 14:41:18 - [TEST_STEP][PASSED] - setText(findTestObject("TestUserLocation/login_Password"), Password): Text 'latetest13772boot' is set on object 'Object Repository/TestUserLocation/login_Password'

2018-12-11 14:41:18 - [MESSAGE][PASSED] - Text 'latetest13772boot' is set on object 'Object Repository/TestUserLocation/login_Password'

2018-12-11 14:41:18 - [TEST_STEP][PASSED] - AdminTool_Location.setSupplierName(): AdminTool_Location.setSupplierName is PASSED

2018-12-11 14:41:18 - [MESSAGE][PASSED] - AdminTool_Location.setSupplierName is PASSED

2018-12-11 14:41:18 - [TEST_STEP][PASSED] - click(findTestObject("TestUserLocation/login_Button")): Object: 'Object Repository/TestUserLocation/login_Button' is clicked on

2018-12-11 14:41:21 - [MESSAGE][PASSED] - Object: 'Object Repository/TestUserLocation/login_Button' is clicked on

2018-12-11 14:41:21 - [TEST_STEP][PASSED] - Thread.sleep(4000): null

2018-12-11 14:41:25 - [TEST_STEP][PASSED] - click(findTestObject("TestUserLocation/mainmenu_button")): Object: 'Object Repository/TestUserLocation/mainmenu_button' is clicked on

2018-12-11 14:41:25 - [MESSAGE][PASSED] - Object: 'Object Repository/TestUserLocation/mainmenu_button' is clicked on

2018-12-11 14:41:25 - [TEST_STEP][PASSED] - click(findTestObject("TestUserLocation/adminTool")): Object: 'Object Repository/TestUserLocation/adminTool' is clicked on

2018-12-11 14:41:25 - [MESSAGE][PASSED] - Object: 'Object Repository/TestUserLocation/adminTool' is clicked on

2018-12-11 14:41:25 - [TEST_STEP][PASSED] - click(findTestObject("TestUserLocation/mainMenuResourceDesigner")): Object: 'Object Repository/TestUserLocation/mainMenuResourceDesigner' is clicked on

2018-12-11 14:41:26 - [MESSAGE][PASSED] - Object: 'Object Repository/TestUserLocation/mainMenuResourceDesigner' is clicked on

2018-12-11 14:41:26 - [TEST_STEP][PASSED] - Thread.sleep(4000): null

2018-12-11 14:41:30 - [TEST_STEP][PASSED] - click(findTestObject("TestResource/SuppliersDesign")): Object: 'Object Repository/TestResource/SuppliersDesign' is clicked on

2018-12-11 14:41:30 - [MESSAGE][PASSED] - Object: 'Object Repository/TestResource/SuppliersDesign' is clicked on

2018-12-11 14:41:30 - [TEST_STEP][PASSED] - Thread.sleep(4000): null

2018-12-11 14:41:34 - [TEST_STEP][PASSED] - click(findTestObject("TestUserLocation/categories")): Object: 'Object Repository/TestUserLocation/categories' is clicked on

2018-12-11 14:41:34 - [MESSAGE][PASSED] - Object: 'Object Repository/TestUserLocation/categories' is clicked on

2018-12-11 14:41:34 - [TEST_STEP][PASSED] - Thread.sleep(2000): null

2018-12-11 14:41:36 - [TEST_STEP][PASSED] - click(findTestObject("TestUserLocation/defaultArea")): Object: 'Object Repository/TestUserLocation/defaultArea' is clicked on

2018-12-11 14:41:36 - [MESSAGE][PASSED] - Object: 'Object Repository/TestUserLocation/defaultArea' is clicked on

2018-12-11 14:41:36 - [TEST_STEP][PASSED] - Thread.sleep(2000): null

2018-12-11 14:41:38 - [TEST_STEP][PASSED] - click(findTestObject("TestUserLocation/hoverHeading")): Object: 'Object Repository/TestUserLocation/hoverHeading' is clicked on

2018-12-11 14:41:38 - [MESSAGE][PASSED] - Object: 'Object Repository/TestUserLocation/hoverHeading' is clicked on

2018-12-11 14:41:38 - [TEST_STEP][PASSED] - click(findTestObject("TestUserLocation/addPlusIcon")): Object: 'Object Repository/TestUserLocation/addPlusIcon' is clicked on

2018-12-11 14:41:38 - [MESSAGE][PASSED] - Object: 'Object Repository/TestUserLocation/addPlusIcon' is clicked on

2018-12-11 14:41:38 - [TEST_STEP][PASSED] - setText(findTestObject("TestUserLocation/setNewName"), findTestData("LocationData").getValue("SuppliersName", 1)): Text 'SUPPLIER_ON_11/12/18-14:41' is set on object 'Object Repository/TestUserLocation/setNewName'

2018-12-11 14:41:39 - [MESSAGE][PASSED] - Text 'SUPPLIER_ON_11/12/18-14:41' is set on object 'Object Repository/TestUserLocation/setNewName'

2018-12-11 14:41:39 - [TEST_STEP][PASSED] - Thread.sleep(2000): null

2018-12-11 14:41:41 - [TEST_STEP][PASSED] - click(findTestObject("TestUserLocation/saveButton")): Object: 'Object Repository/TestUserLocation/saveButton' is clicked on

2018-12-11 14:41:41 - [MESSAGE][PASSED] - Object: 'Object Repository/TestUserLocation/saveButton' is clicked on

2018-12-11 14:41:41 - [TEST_STEP][PASSED] - Thread.sleep(4000): null

2018-12-11 14:41:45 - [TEST_STEP][PASSED] - Thread.sleep(4000): null

2018-12-11 14:41:49 - [TEST_STEP][PASSED] - click(findTestObject("TestUserLocation/mainmenu_button")): Object: 'Object Repository/TestUserLocation/mainmenu_button' is clicked on

2018-12-11 14:41:49 - [MESSAGE][PASSED] - Object: 'Object Repository/TestUserLocation/mainmenu_button' is clicked on

2018-12-11 14:41:49 - [TEST_STEP][PASSED] - click(findTestObject("TestResource/mainMenu_resources")): Object: 'Object Repository/TestResource/mainMenu_resources' is clicked on

2018-12-11 14:41:49 - [MESSAGE][PASSED] - Object: 'Object Repository/TestResource/mainMenu_resources' is clicked on

2018-12-11 14:41:49 - [TEST_STEP][PASSED] - Thread.sleep(4000): null

2018-12-11 14:41:53 - [TEST_STEP][PASSED] - click(findTestObject("TestResource/suppliers")): Object: 'Object Repository/TestResource/suppliers' is clicked on

2018-12-11 14:41:53 - [MESSAGE][PASSED] - Object: 'Object Repository/TestResource/suppliers' is clicked on

2018-12-11 14:41:53 - [TEST_STEP][PASSED] - Thread.sleep(4000): null

2018-12-11 14:41:57 - [TEST_STEP][PASSED] - AdminTool_Location.selectSupplier(): Element has been clicked

2018-12-11 14:42:01 - [MESSAGE][PASSED] - Element has been clicked

2018-12-11 14:42:01 - [TEST_STEP][PASSED] - Thread.sleep(4000): null

2018-12-11 14:42:05 - [TEST_STEP][PASSED] - click(findTestObject("TestUserLocation/addPlusIcon")): Object: 'Object Repository/TestUserLocation/addPlusIcon' is clicked on

2018-12-11 14:42:05 - [MESSAGE][PASSED] - Object: 'Object Repository/TestUserLocation/addPlusIcon' is clicked on

2018-12-11 14:42:05 - [TEST_STEP][PASSED] - Thread.sleep(2000): null

2018-12-11 14:42:07 - [TEST_STEP][PASSED] - setText(findTestObject("TestUserLocation/setNewName"), findTestData("LocationData").getValue("SubSuppliersName1", 1)): Text 'SUBSUPPLIER1_ON_11/12/18-14:41' is set on object 'Object Repository/TestUserLocation/setNewName'

2018-12-11 14:42:08 - [MESSAGE][PASSED] - Text 'SUBSUPPLIER1_ON_11/12/18-14:41' is set on object 'Object Repository/TestUserLocation/setNewName'

2018-12-11 14:42:08 - [TEST_STEP][NOT_RUN] - setText(findTestObject("TestResource/setPhoneNumber"), "912378456"): NOT_RUN: setText(findTestObject("TestResource/setPhoneNumber"), "912378456")

2018-12-11 14:42:08 - [MESSAGE][NOT_RUN] - NOT_RUN: setText(findTestObject("TestResource/setPhoneNumber"), "912378456")

2018-12-11 14:42:08 - [TEST_STEP][PASSED] - Thread.sleep(2000): null

2018-12-11 14:42:10 - [TEST_STEP][PASSED] - click(findTestObject("TestResource/saveDetailButton")): Object: 'Object Repository/TestResource/saveDetailButton' is clicked on

2018-12-11 14:42:10 - [MESSAGE][PASSED] - Object: 'Object Repository/TestResource/saveDetailButton' is clicked on

2018-12-11 14:42:10 - [TEST_STEP][PASSED] - Thread.sleep(7000): null

2018-12-11 14:42:17 - [TEST_STEP][PASSED] - click(findTestObject("TestResource/disableResource")): Object: 'Object Repository/TestResource/disableResource' is clicked on

2018-12-11 14:42:17 - [MESSAGE][PASSED] - Object: 'Object Repository/TestResource/disableResource' is clicked on

2018-12-11 14:42:17 - [TEST_STEP][PASSED] - Thread.sleep(2000): null

2018-12-11 14:42:19 - [TEST_STEP][PASSED] - click(findTestObject("TestResource/button2Yes")): Object: 'Object Repository/TestResource/button2Yes' is clicked on

2018-12-11 14:42:19 - [MESSAGE][PASSED] - Object: 'Object Repository/TestResource/button2Yes' is clicked on

2018-12-11 14:42:19 - [TEST_STEP][PASSED] - Thread.sleep(2000): null

2018-12-11 14:42:21 - [TEST_STEP][PASSED] - click(findTestObject("TestResource/saveDetailButton")): Object: 'Object Repository/TestResource/saveDetailButton' is clicked on

2018-12-11 14:42:21 - [MESSAGE][PASSED] - Object: 'Object Repository/TestResource/saveDetailButton' is clicked on

2018-12-11 14:42:21 - [TEST_STEP][PASSED] - Thread.sleep(7000): null

2018-12-11 14:42:28 - [TEST_STEP][PASSED] - click(findTestObject("TestResource/linksTab")): Object: 'Object Repository/TestResource/linksTab' is clicked on

2018-12-11 14:42:29 - [MESSAGE][PASSED] - Object: 'Object Repository/TestResource/linksTab' is clicked on

2018-12-11 14:42:29 - [TEST_STEP][PASSED] - Thread.sleep(2000): null

2018-12-11 14:42:31 - [TEST_STEP][PASSED] - click(findTestObject("TestResource/addLink")): Object: 'Object Repository/TestResource/addLink' is clicked on

2018-12-11 14:42:31 - [MESSAGE][PASSED] - Object: 'Object Repository/TestResource/addLink' is clicked on

2018-12-11 14:42:31 - [TEST_STEP][PASSED] - Thread.sleep(5000): null

2018-12-11 14:42:36 - [TEST_STEP][PASSED] - check(findTestObject("TestResource/selectSecondResourceToLink")): Object 'Object Repository/TestResource/selectSecondResourceToLink' is checked

2018-12-11 14:42:36 - [MESSAGE][PASSED] - Object 'Object Repository/TestResource/selectSecondResourceToLink' is checked

2018-12-11 14:42:36 - [TEST_STEP][PASSED] - AdminTool_Location.resourceLinkName(): AdminTool_Location.resourceLinkName is PASSED

2018-12-11 14:42:36 - [MESSAGE][PASSED] - AdminTool_Location.resourceLinkName is PASSED

2018-12-11 14:42:36 - [TEST_STEP][PASSED] - Thread.sleep(2000): null

2018-12-11 14:42:38 - [TEST_STEP][PASSED] - click(findTestObject("TestResource/button2Save")): Object: 'Object Repository/TestResource/button2Save' is clicked on

2018-12-11 14:42:38 - [MESSAGE][PASSED] - Object: 'Object Repository/TestResource/button2Save' is clicked on

2018-12-11 14:42:38 - [TEST_STEP][PASSED] - Thread.sleep(4000): null

2018-12-11 14:42:42 - [TEST_STEP][PASSED] - click(findTestObject("TestResource/locationTab")): Object: 'Object Repository/TestResource/locationTab' is clicked on

2018-12-11 14:42:42 - [MESSAGE][PASSED] - Object: 'Object Repository/TestResource/locationTab' is clicked on

2018-12-11 14:42:42 - [TEST_STEP][PASSED] - Thread.sleep(5000): null

2018-12-11 14:42:47 - [TEST_STEP][PASSED] - AdminTool_Location.checkLocation(): AdminTool_Location.checkLocation is PASSED

2018-12-11 14:42:49 - [MESSAGE][PASSED] - AdminTool_Location.checkLocation is PASSED

2018-12-11 14:42:49 - [TEST_STEP][PASSED] - Thread.sleep(4000): null

2018-12-11 14:42:53 - [TEST_STEP][PASSED] - click(findTestObject("TestResource/saveLocation")): Object: 'Object Repository/TestResource/saveLocation' is clicked on

2018-12-11 14:42:53 - [MESSAGE][PASSED] - Object: 'Object Repository/TestResource/saveLocation' is clicked on

2018-12-11 14:42:53 - [TEST_STEP][PASSED] - click(findTestObject("TestUserLocation/mainmenu_button")): Object: 'Object Repository/TestUserLocation/mainmenu_button' is clicked on

2018-12-11 14:42:55 - [MESSAGE][PASSED] - Object: 'Object Repository/TestUserLocation/mainmenu_button' is clicked on

2018-12-11 14:42:55 - [TEST_STEP][PASSED] - click(findTestObject("TestResource/mainMenu_resources")): Object: 'Object Repository/TestResource/mainMenu_resources' is clicked on

2018-12-11 14:42:55 - [MESSAGE][PASSED] - Object: 'Object Repository/TestResource/mainMenu_resources' is clicked on

2018-12-11 14:42:55 - [TEST_STEP][PASSED] - Thread.sleep(4000): null

2018-12-11 14:42:59 - [TEST_STEP][PASSED] - click(findTestObject("TestResource/suppliers")): Object: 'Object Repository/TestResource/suppliers' is clicked on

2018-12-11 14:42:59 - [MESSAGE][PASSED] - Object: 'Object Repository/TestResource/suppliers' is clicked on

2018-12-11 14:42:59 - [TEST_STEP][PASSED] - Thread.sleep(4000): null

2018-12-11 14:43:03 - [TEST_STEP][PASSED] - AdminTool_Location.selectSupplier(): Element has been clicked

2018-12-11 14:43:07 - [MESSAGE][PASSED] - Element has been clicked

2018-12-11 14:43:07 - [TEST_STEP][PASSED] - Thread.sleep(4000): null

2018-12-11 14:43:11 - [TEST_STEP][PASSED] - click(findTestObject("TestUserLocation/addPlusIcon")): Object: 'Object Repository/TestUserLocation/addPlusIcon' is clicked on

2018-12-11 14:43:11 - [MESSAGE][PASSED] - Object: 'Object Repository/TestUserLocation/addPlusIcon' is clicked on

2018-12-11 14:43:11 - [TEST_STEP][PASSED] - Thread.sleep(2000): null

2018-12-11 14:43:13 - [TEST_STEP][PASSED] - setText(findTestObject("TestUserLocation/setNewName"), findTestData("LocationData").getValue("SubSuppliersName2", 1)): Text 'SUBSUPPLIER2_ON_11/12/18-14:41' is set on object 'Object Repository/TestUserLocation/setNewName'

2018-12-11 14:43:14 - [MESSAGE][PASSED] - Text 'SUBSUPPLIER2_ON_11/12/18-14:41' is set on object 'Object Repository/TestUserLocation/setNewName'

2018-12-11 14:43:14 - [TEST_STEP][NOT_RUN] - setText(findTestObject("TestResource/setPhoneNumber"), "912378456"): NOT_RUN: setText(findTestObject("TestResource/setPhoneNumber"), "912378456")

2018-12-11 14:43:14 - [MESSAGE][NOT_RUN] - NOT_RUN: setText(findTestObject("TestResource/setPhoneNumber"), "912378456")

2018-12-11 14:43:14 - [TEST_STEP][PASSED] - Thread.sleep(2000): null

2018-12-11 14:43:16 - [TEST_STEP][PASSED] - click(findTestObject("TestResource/saveDetailButton")): Object: 'Object Repository/TestResource/saveDetailButton' is clicked on

2018-12-11 14:43:16 - [MESSAGE][PASSED] - Object: 'Object Repository/TestResource/saveDetailButton' is clicked on

2018-12-11 14:43:16 - [TEST_STEP][PASSED] - Thread.sleep(7000): null

2018-12-11 14:43:23 - [TEST_STEP][PASSED] - click(findTestObject("TestResource/linksTab")): Object: 'Object Repository/TestResource/linksTab' is clicked on

2018-12-11 14:43:23 - [MESSAGE][PASSED] - Object: 'Object Repository/TestResource/linksTab' is clicked on

2018-12-11 14:43:23 - [TEST_STEP][PASSED] - Thread.sleep(2000): null

2018-12-11 14:43:25 - [TEST_STEP][PASSED] - click(findTestObject("TestResource/addLink")): Object: 'Object Repository/TestResource/addLink' is clicked on

2018-12-11 14:43:25 - [MESSAGE][PASSED] - Object: 'Object Repository/TestResource/addLink' is clicked on

2018-12-11 14:43:25 - [TEST_STEP][PASSED] - Thread.sleep(5000): null

2018-12-11 14:43:30 - [TEST_STEP][PASSED] - check(findTestObject("TestResource/selectSecondResourceToLink")): Object 'Object Repository/TestResource/selectSecondResourceToLink' is checked

2018-12-11 14:43:30 - [MESSAGE][PASSED] - Object 'Object Repository/TestResource/selectSecondResourceToLink' is checked

2018-12-11 14:43:30 - [TEST_STEP][PASSED] - AdminTool_Location.resourceLinkName(): AdminTool_Location.resourceLinkName is PASSED

2018-12-11 14:43:30 - [MESSAGE][PASSED] - AdminTool_Location.resourceLinkName is PASSED

2018-12-11 14:43:30 - [TEST_STEP][PASSED] - Thread.sleep(2000): null

2018-12-11 14:43:32 - [TEST_STEP][PASSED] - click(findTestObject("TestResource/button2Save")): Object: 'Object Repository/TestResource/button2Save' is clicked on

2018-12-11 14:43:33 - [MESSAGE][PASSED] - Object: 'Object Repository/TestResource/button2Save' is clicked on

2018-12-11 14:43:33 - [TEST_STEP][PASSED] - Thread.sleep(4000): null

2018-12-11 14:43:37 - [TEST_STEP][PASSED] - click(findTestObject("TestResource/locationTab")): Object: 'Object Repository/TestResource/locationTab' is clicked on

2018-12-11 14:43:37 - [MESSAGE][PASSED] - Object: 'Object Repository/TestResource/locationTab' is clicked on

2018-12-11 14:43:37 - [TEST_STEP][PASSED] - Thread.sleep(5000): null

2018-12-11 14:43:42 - [TEST_STEP][PASSED] - AdminTool_Location.checkLocation(): AdminTool_Location.checkLocation is PASSED

2018-12-11 14:43:44 - [MESSAGE][PASSED] - AdminTool_Location.checkLocation is PASSED

2018-12-11 14:43:44 - [TEST_STEP][PASSED] - Thread.sleep(4000): null

2018-12-11 14:43:48 - [TEST_STEP][PASSED] - click(findTestObject("TestResource/saveLocation")): Object: 'Object Repository/TestResource/saveLocation' is clicked on

2018-12-11 14:43:48 - [MESSAGE][PASSED] - Object: 'Object Repository/TestResource/saveLocation' is clicked on]]></system-out>
         <system-err><![CDATA[]]></system-err>
      </testcase>
      <testcase name="Test Cases/CheckResoucesAsPerLocation/validateResource" classname="Test Cases/CheckResoucesAsPerLocation/validateResource" status="PASSED">
         <system-out><![CDATA[2018-12-11 14:43:48 - [TEST_CASE][PASSED] - Test Cases/CheckResoucesAsPerLocation/validateResource: Test Cases/CheckResoucesAsPerLocation/validateResource

2018-12-11 14:43:48 - [TEST_STEP][NOT_RUN] - openBrowser(URL): NOT_RUN: openBrowser(URL)

2018-12-11 14:43:48 - [MESSAGE][NOT_RUN] - NOT_RUN: openBrowser(URL)

2018-12-11 14:43:48 - [TEST_STEP][NOT_RUN] - maximizeWindow(): NOT_RUN: maximizeWindow()

2018-12-11 14:43:48 - [MESSAGE][NOT_RUN] - NOT_RUN: maximizeWindow()

2018-12-11 14:43:48 - [TEST_STEP][NOT_RUN] - setText(findTestObject("Form_Selection_Creation/login_Username"), UserName): NOT_RUN: setText(findTestObject("Form_Selection_Creation/login_Username"), UserName)

2018-12-11 14:43:48 - [MESSAGE][NOT_RUN] - NOT_RUN: setText(findTestObject("Form_Selection_Creation/login_Username"), UserName)

2018-12-11 14:43:48 - [TEST_STEP][NOT_RUN] - setText(findTestObject("Form_Selection_Creation/login_Password"), Password): NOT_RUN: setText(findTestObject("Form_Selection_Creation/login_Password"), Password)

2018-12-11 14:43:48 - [MESSAGE][NOT_RUN] - NOT_RUN: setText(findTestObject("Form_Selection_Creation/login_Password"), Password)

2018-12-11 14:43:48 - [TEST_STEP][PASSED] - Thread.sleep(4000): null

2018-12-11 14:43:52 - [TEST_STEP][PASSED] - FormName.setData(): FormName.setData is PASSED

2018-12-11 14:43:52 - [MESSAGE][PASSED] - FormName.setData is PASSED

2018-12-11 14:43:52 - [TEST_STEP][NOT_RUN] - click(findTestObject("Form_Selection_Creation/login_Button")): NOT_RUN: click(findTestObject("Form_Selection_Creation/login_Button"))

2018-12-11 14:43:52 - [MESSAGE][NOT_RUN] - NOT_RUN: click(findTestObject("Form_Selection_Creation/login_Button"))

2018-12-11 14:43:52 - [TEST_STEP][PASSED] - click(findTestObject("Form_Selection_Creation/mainMenu_Button")): Object: 'Object Repository/Form_Selection_Creation/mainMenu_Button' is clicked on

2018-12-11 14:43:52 - [MESSAGE][PASSED] - Object: 'Object Repository/Form_Selection_Creation/mainMenu_Button' is clicked on

2018-12-11 14:43:52 - [TEST_STEP][NOT_RUN] - click(findTestObject("Form_Selection_Creation/mainMenu_AdminTools")): NOT_RUN: click(findTestObject("Form_Selection_Creation/mainMenu_AdminTools"))

2018-12-11 14:43:52 - [MESSAGE][NOT_RUN] - NOT_RUN: click(findTestObject("Form_Selection_Creation/mainMenu_AdminTools"))

2018-12-11 14:43:52 - [TEST_STEP][PASSED] - click(findTestObject("Form_Selection_Creation/mainMenu_AdminTools_FormDesigner")): Object: 'Object Repository/Form_Selection_Creation/mainMenu_AdminTools_FormDesigner' is clicked on

2018-12-11 14:43:52 - [MESSAGE][PASSED] - Object: 'Object Repository/Form_Selection_Creation/mainMenu_AdminTools_FormDesigner' is clicked on

2018-12-11 14:43:52 - [TEST_STEP][PASSED] - click(findTestObject("Form_Selection_Creation/selectCheckForm")): Object: 'Object Repository/Form_Selection_Creation/selectCheckForm' is clicked on

2018-12-11 14:43:52 - [MESSAGE][PASSED] - Object: 'Object Repository/Form_Selection_Creation/selectCheckForm' is clicked on

2018-12-11 14:43:52 - [TEST_STEP][PASSED] - Thread.sleep(5000): null

2018-12-11 14:43:57 - [TEST_STEP][PASSED] - AdminTool_Location.selectResType(): AdminTool_Location.selectResType is PASSED

2018-12-11 14:44:06 - [MESSAGE][PASSED] - AdminTool_Location.selectResType is PASSED

2018-12-11 14:44:06 - [TEST_STEP][PASSED] - AdminTool_Location.dragDropRes(): Element has been clicked

2018-12-11 14:44:10 - [MESSAGE][PASSED] - Element has been clicked

2018-12-11 14:44:10 - [TEST_STEP][PASSED] - Thread.sleep(3000): null

2018-12-11 14:44:13 - [TEST_STEP][NOT_RUN] - dragAndDropToObject(findTestObject("null"), findTestObject("Form_Selection_Creation/Target_Res_Object")): NOT_RUN: dragAndDropToObject(findTestObject("null"), findTestObject("Form_Selection_Creation/Target_Res_Object"))

2018-12-11 14:44:13 - [MESSAGE][NOT_RUN] - NOT_RUN: dragAndDropToObject(findTestObject("null"), findTestObject("Form_Selection_Creation/Target_Res_Object"))

2018-12-11 14:44:13 - [TEST_STEP][PASSED] - AdminTool_Location.validate(): AdminTool_Location.validate is PASSED

2018-12-11 14:44:18 - [MESSAGE][PASSED] - AdminTool_Location.validate is PASSED

2018-12-11 14:44:18 - [TEST_STEP][PASSED] - s = getText(findTestObject("TestResource/testText")): Text of object 'Object Repository/TestResource/testText' is: 'Suppliers > SUPPLIER_ON_11/12/18-14:41 > SUBSUPPLIER2_ON_11/12/18-14:41'

2018-12-11 14:44:18 - [MESSAGE][PASSED] - Text of object 'Object Repository/TestResource/testText' is: 'Suppliers > SUPPLIER_ON_11/12/18-14:41 > SUBSUPPLIER2_ON_11/12/18-14:41'

2018-12-11 14:44:18 - [TEST_STEP][PASSED] - println(s): null]]></system-out>
         <system-err><![CDATA[]]></system-err>
      </testcase>
      <system-out><![CDATA[2018-12-11 14:29:18 - [TEST_SUITE][PASSED] - CheckAllResources: Test Cases/CheckResoucesAsPerLocation/validateResource]]></system-out>
      <system-err><![CDATA[]]></system-err>
   </testsuite>
</testsuites>
