<?xml version="1.0" encoding="UTF-8"?>
<testsuites name="CheckAllResources" time="952" tests="9" failures="0" errors="0">
   <testsuite name="CheckAllResources" tests="9" failures="0" errors="0" time="952" timestamp="2018-12-12 16:24:05" hostname="pashine_a - Abhishek-Pashine.India.XoriantCorp.com" id="Test Suites/CheckAllResources">
      <properties>
         <property name="deviceName" value=""/>
         <property name="devicePlatform" value=""/>
         <property name="logFolder" value="D:\\Git Data\\SafetyChain-Test-Automation-Katalon\\Reports\\CheckAllResources\\20181212_162402"/>
         <property name="logFiles" value="D:\\Git Data\\SafetyChain-Test-Automation-Katalon\\Reports\\CheckAllResources\\20181212_162402\\execution0.log"/>
         <property name="attachments" value=""/>
         <property name="hostName" value="pashine_a - Abhishek-Pashine.India.XoriantCorp.com"/>
         <property name="os" value="Windows 7 64bit"/>
         <property name="katalonVersion" value="5.9.1.2"/>
         <property name="browser" value="Chrome 71.0.3578.80"/>
         <property name="hostAddress" value="10.21.7.147"/>
         <property name="sessionId" value="2617d22fcab699e7d467ba1c00acd2fd"/>
         <property name="seleniumVersion" value="3.7.1"/>
         <property name="proxyInformation" value="ProxyInformation{proxyOption=NO_PROXY, proxyServerType=HTTP, password=, proxyServerAddress=, proxyServerPort=0}"/>
         <property name="platform" value="Windows 7"/>
      </properties>
      <testcase name="Test Cases/CheckResoucesAsPerLocation/checkLocation" classname="Test Cases/CheckResoucesAsPerLocation/checkLocation" status="PASSED">
         <system-out><![CDATA[2018-12-12 16:24:05 - [TEST_CASE][PASSED] - Test Cases/CheckResoucesAsPerLocation/checkLocation: Test Cases/CheckResoucesAsPerLocation/checkLocation

2018-12-12 16:24:06 - [TEST_STEP][PASSED] - openBrowser(URL): Browser is opened with url: 'https://mobile.stage.safetychain.com'

2018-12-12 16:24:07 - [MESSAGE][INFO] - Starting 'Chrome' driver

2018-12-12 16:24:07 - [MESSAGE][INFO] - Action delay is set to 0 seconds

2018-12-12 16:24:36 - [MESSAGE][PASSED] - Browser is opened with url: 'https://mobile.stage.safetychain.com'

2018-12-12 16:24:37 - [TEST_STEP][PASSED] - maximizeWindow(): Current window maximized

2018-12-12 16:24:38 - [MESSAGE][PASSED] - Current window maximized

2018-12-12 16:24:38 - [TEST_STEP][PASSED] - setText(findTestObject("TestUserLocation/login_Username"), UserName): Text 'superadmin' is set on object 'Object Repository/TestUserLocation/login_Username'

2018-12-12 16:24:41 - [MESSAGE][PASSED] - Text 'superadmin' is set on object 'Object Repository/TestUserLocation/login_Username'

2018-12-12 16:24:41 - [TEST_STEP][PASSED] - setText(findTestObject("TestUserLocation/login_Password"), Password): Text 'slipmobile3772boot' is set on object 'Object Repository/TestUserLocation/login_Password'

2018-12-12 16:24:41 - [MESSAGE][PASSED] - Text 'slipmobile3772boot' is set on object 'Object Repository/TestUserLocation/login_Password'

2018-12-12 16:24:41 - [TEST_STEP][PASSED] - AdminTool_Location.setLocationName(): AdminTool_Location.setLocationName is PASSED

2018-12-12 16:24:42 - [MESSAGE][PASSED] - AdminTool_Location.setLocationName is PASSED

2018-12-12 16:24:42 - [TEST_STEP][PASSED] - click(findTestObject("TestUserLocation/login_Button")): Object: 'Object Repository/TestUserLocation/login_Button' is clicked on

2018-12-12 16:24:49 - [MESSAGE][PASSED] - Object: 'Object Repository/TestUserLocation/login_Button' is clicked on

2018-12-12 16:24:49 - [TEST_STEP][PASSED] - Thread.sleep(4000): null

2018-12-12 16:24:53 - [TEST_STEP][PASSED] - AdminTool_Location.setLocationNameInLocation(): AdminTool_Location.setLocationNameInLocation is PASSED

2018-12-12 16:24:53 - [MESSAGE][PASSED] - AdminTool_Location.setLocationNameInLocation is PASSED

2018-12-12 16:24:53 - [TEST_STEP][PASSED] - click(findTestObject("TestUserLocation/mainmenu_button")): Object: 'Object Repository/TestUserLocation/mainmenu_button' is clicked on

2018-12-12 16:24:54 - [MESSAGE][PASSED] - Object: 'Object Repository/TestUserLocation/mainmenu_button' is clicked on

2018-12-12 16:24:54 - [TEST_STEP][PASSED] - click(findTestObject("TestUserLocation/adminTool")): Object: 'Object Repository/TestUserLocation/adminTool' is clicked on

2018-12-12 16:24:54 - [MESSAGE][PASSED] - Object: 'Object Repository/TestUserLocation/adminTool' is clicked on

2018-12-12 16:24:54 - [TEST_STEP][PASSED] - click(findTestObject("TestUserLocation/mainMenuResourceDesigner")): Object: 'Object Repository/TestUserLocation/mainMenuResourceDesigner' is clicked on

2018-12-12 16:24:54 - [MESSAGE][PASSED] - Object: 'Object Repository/TestUserLocation/mainMenuResourceDesigner' is clicked on

2018-12-12 16:24:54 - [TEST_STEP][PASSED] - Thread.sleep(4000): null

2018-12-12 16:24:58 - [TEST_STEP][PASSED] - click(findTestObject("TestUserLocation/locations")): Object: 'Object Repository/TestUserLocation/locations' is clicked on

2018-12-12 16:24:58 - [MESSAGE][PASSED] - Object: 'Object Repository/TestUserLocation/locations' is clicked on

2018-12-12 16:24:58 - [TEST_STEP][PASSED] - Thread.sleep(4000): null

2018-12-12 16:25:02 - [TEST_STEP][NOT_RUN] - refresh(): NOT_RUN: refresh()

2018-12-12 16:25:02 - [MESSAGE][NOT_RUN] - NOT_RUN: refresh()

2018-12-12 16:25:02 - [TEST_STEP][NOT_RUN] - Thread.sleep(4000): NOT_RUN: Thread.sleep(4000)

2018-12-12 16:25:02 - [MESSAGE][NOT_RUN] - NOT_RUN: Thread.sleep(4000)

2018-12-12 16:25:02 - [TEST_STEP][PASSED] - click(findTestObject("TestUserLocation/categories")): Object: 'Object Repository/TestUserLocation/categories' is clicked on

2018-12-12 16:25:02 - [MESSAGE][PASSED] - Object: 'Object Repository/TestUserLocation/categories' is clicked on

2018-12-12 16:25:02 - [TEST_STEP][PASSED] - Thread.sleep(2000): null

2018-12-12 16:25:04 - [TEST_STEP][PASSED] - click(findTestObject("TestUserLocation/defaultArea")): Object: 'Object Repository/TestUserLocation/defaultArea' is clicked on

2018-12-12 16:25:04 - [MESSAGE][PASSED] - Object: 'Object Repository/TestUserLocation/defaultArea' is clicked on

2018-12-12 16:25:04 - [TEST_STEP][PASSED] - click(findTestObject("TestUserLocation/hoverHeading")): Object: 'Object Repository/TestUserLocation/hoverHeading' is clicked on

2018-12-12 16:25:05 - [MESSAGE][PASSED] - Object: 'Object Repository/TestUserLocation/hoverHeading' is clicked on

2018-12-12 16:25:05 - [TEST_STEP][PASSED] - click(findTestObject("TestUserLocation/addPlusIcon")): Object: 'Object Repository/TestUserLocation/addPlusIcon' is clicked on

2018-12-12 16:25:05 - [MESSAGE][PASSED] - Object: 'Object Repository/TestUserLocation/addPlusIcon' is clicked on

2018-12-12 16:25:05 - [TEST_STEP][PASSED] - setText(findTestObject("TestUserLocation/setNewName"), findTestData("LocationData").getValue("LocationName", 1)): Text 'LOCATION_ON_12/12/18-16:24' is set on object 'Object Repository/TestUserLocation/setNewName'

2018-12-12 16:25:05 - [MESSAGE][PASSED] - Text 'LOCATION_ON_12/12/18-16:24' is set on object 'Object Repository/TestUserLocation/setNewName'

2018-12-12 16:25:05 - [TEST_STEP][PASSED] - Thread.sleep(2000): null

2018-12-12 16:25:07 - [TEST_STEP][PASSED] - click(findTestObject("TestUserLocation/saveButton")): Object: 'Object Repository/TestUserLocation/saveButton' is clicked on

2018-12-12 16:25:07 - [MESSAGE][PASSED] - Object: 'Object Repository/TestUserLocation/saveButton' is clicked on

2018-12-12 16:25:07 - [TEST_STEP][PASSED] - Thread.sleep(4000): null

2018-12-12 16:25:11 - [TEST_STEP][PASSED] - click(findTestObject("TestUserLocation/mainmenu_button")): Object: 'Object Repository/TestUserLocation/mainmenu_button' is clicked on

2018-12-12 16:25:11 - [MESSAGE][PASSED] - Object: 'Object Repository/TestUserLocation/mainmenu_button' is clicked on

2018-12-12 16:25:11 - [TEST_STEP][PASSED] - click(findTestObject("TestUserLocation/mainMenuLocation")): Object: 'Object Repository/TestUserLocation/mainMenuLocation' is clicked on

2018-12-12 16:25:11 - [MESSAGE][PASSED] - Object: 'Object Repository/TestUserLocation/mainMenuLocation' is clicked on

2018-12-12 16:25:11 - [TEST_STEP][PASSED] - Thread.sleep(4000): null

2018-12-12 16:25:15 - [TEST_STEP][PASSED] - AdminTool_Location.selectLocation(): Element has been clicked

2018-12-12 16:25:20 - [MESSAGE][PASSED] - Element has been clicked

2018-12-12 16:25:20 - [TEST_STEP][PASSED] - click(findTestObject("TestUserLocation/addPlusIcon")): Object: 'Object Repository/TestUserLocation/addPlusIcon' is clicked on

2018-12-12 16:25:20 - [MESSAGE][PASSED] - Object: 'Object Repository/TestUserLocation/addPlusIcon' is clicked on

2018-12-12 16:25:20 - [TEST_STEP][PASSED] - Thread.sleep(2000): null

2018-12-12 16:25:22 - [TEST_STEP][PASSED] - setText(findTestObject("TestUserLocation/setNewName"), findTestData("LocationData").getValue("SubLocationName", 1)): Text 'SUBLOCATION_ON_12/12/18-16:24' is set on object 'Object Repository/TestUserLocation/setNewName'

2018-12-12 16:25:22 - [MESSAGE][PASSED] - Text 'SUBLOCATION_ON_12/12/18-16:24' is set on object 'Object Repository/TestUserLocation/setNewName'

2018-12-12 16:25:22 - [TEST_STEP][PASSED] - Thread.sleep(2000): null

2018-12-12 16:25:24 - [TEST_STEP][PASSED] - click(findTestObject("TestUserLocation/saveLocationDetailButton")): Object: 'Object Repository/TestUserLocation/saveLocationDetailButton' is clicked on

2018-12-12 16:25:24 - [MESSAGE][PASSED] - Object: 'Object Repository/TestUserLocation/saveLocationDetailButton' is clicked on

2018-12-12 16:25:24 - [TEST_STEP][PASSED] - Thread.sleep(4000): null

2018-12-12 16:25:28 - [TEST_STEP][PASSED] - click(findTestObject("TestUserLocation/customerSelect")): Object: 'Object Repository/TestUserLocation/customerSelect' is clicked on

2018-12-12 16:25:28 - [MESSAGE][PASSED] - Object: 'Object Repository/TestUserLocation/customerSelect' is clicked on

2018-12-12 16:25:28 - [TEST_STEP][PASSED] - Thread.sleep(4000): null

2018-12-12 16:25:32 - [TEST_STEP][PASSED] - check(findTestObject("TestUserLocation/select4ResouceInCustomer")): Object 'Object Repository/TestUserLocation/select4ResouceInCustomer' is checked

2018-12-12 16:25:33 - [MESSAGE][PASSED] - Object 'Object Repository/TestUserLocation/select4ResouceInCustomer' is checked

2018-12-12 16:25:33 - [TEST_STEP][PASSED] - Thread.sleep(2000): null

2018-12-12 16:25:35 - [TEST_STEP][PASSED] - click(findTestObject("TestUserLocation/saveLocationDetailButton")): Object: 'Object Repository/TestUserLocation/saveLocationDetailButton' is clicked on

2018-12-12 16:25:35 - [MESSAGE][PASSED] - Object: 'Object Repository/TestUserLocation/saveLocationDetailButton' is clicked on]]></system-out>
         <system-err><![CDATA[]]></system-err>
      </testcase>
      <testcase name="Test Cases/CheckResoucesAsPerLocation/checkResource_Customer" classname="Test Cases/CheckResoucesAsPerLocation/checkResource_Customer" status="PASSED">
         <system-out><![CDATA[2018-12-12 16:25:35 - [TEST_CASE][PASSED] - Test Cases/CheckResoucesAsPerLocation/checkResource_Customer: Test Cases/CheckResoucesAsPerLocation/checkResource_Customer

2018-12-12 16:25:35 - [TEST_STEP][PASSED] - openBrowser(URL): Browser is opened with url: 'https://mobile.stage.safetychain.com'

2018-12-12 16:25:35 - [MESSAGE][WARNING] - A browser is already opened. Closing browser and opening a new one

2018-12-12 16:25:36 - [MESSAGE][INFO] - Starting 'Chrome' driver

2018-12-12 16:26:05 - [MESSAGE][PASSED] - Browser is opened with url: 'https://mobile.stage.safetychain.com'

2018-12-12 16:26:05 - [TEST_STEP][PASSED] - maximizeWindow(): Current window maximized

2018-12-12 16:26:07 - [MESSAGE][PASSED] - Current window maximized

2018-12-12 16:26:07 - [TEST_STEP][PASSED] - setText(findTestObject("TestUserLocation/login_Username"), UserName): Text 'superadmin' is set on object 'Object Repository/TestUserLocation/login_Username'

2018-12-12 16:26:09 - [MESSAGE][PASSED] - Text 'superadmin' is set on object 'Object Repository/TestUserLocation/login_Username'

2018-12-12 16:26:09 - [TEST_STEP][PASSED] - setText(findTestObject("TestUserLocation/login_Password"), Password): Text 'slipmobile3772boot' is set on object 'Object Repository/TestUserLocation/login_Password'

2018-12-12 16:26:10 - [MESSAGE][PASSED] - Text 'slipmobile3772boot' is set on object 'Object Repository/TestUserLocation/login_Password'

2018-12-12 16:26:10 - [TEST_STEP][PASSED] - AdminTool_Location.setCustomerName(): AdminTool_Location.setCustomerName is PASSED

2018-12-12 16:26:10 - [MESSAGE][PASSED] - AdminTool_Location.setCustomerName is PASSED

2018-12-12 16:26:10 - [TEST_STEP][PASSED] - click(findTestObject("TestUserLocation/login_Button")): Object: 'Object Repository/TestUserLocation/login_Button' is clicked on

2018-12-12 16:26:14 - [MESSAGE][PASSED] - Object: 'Object Repository/TestUserLocation/login_Button' is clicked on

2018-12-12 16:26:14 - [TEST_STEP][PASSED] - Thread.sleep(4000): null

2018-12-12 16:26:18 - [TEST_STEP][PASSED] - click(findTestObject("TestUserLocation/mainmenu_button")): Object: 'Object Repository/TestUserLocation/mainmenu_button' is clicked on

2018-12-12 16:26:21 - [MESSAGE][PASSED] - Object: 'Object Repository/TestUserLocation/mainmenu_button' is clicked on

2018-12-12 16:26:21 - [TEST_STEP][PASSED] - click(findTestObject("TestUserLocation/adminTool")): Object: 'Object Repository/TestUserLocation/adminTool' is clicked on

2018-12-12 16:26:21 - [MESSAGE][PASSED] - Object: 'Object Repository/TestUserLocation/adminTool' is clicked on

2018-12-12 16:26:21 - [TEST_STEP][PASSED] - click(findTestObject("TestUserLocation/mainMenuResourceDesigner")): Object: 'Object Repository/TestUserLocation/mainMenuResourceDesigner' is clicked on

2018-12-12 16:26:21 - [MESSAGE][PASSED] - Object: 'Object Repository/TestUserLocation/mainMenuResourceDesigner' is clicked on

2018-12-12 16:26:21 - [TEST_STEP][PASSED] - Thread.sleep(4000): null

2018-12-12 16:26:25 - [TEST_STEP][PASSED] - click(findTestObject("TestResource/customers")): Object: 'Object Repository/TestResource/customers' is clicked on

2018-12-12 16:26:25 - [MESSAGE][PASSED] - Object: 'Object Repository/TestResource/customers' is clicked on

2018-12-12 16:26:25 - [TEST_STEP][PASSED] - Thread.sleep(4000): null

2018-12-12 16:26:29 - [TEST_STEP][PASSED] - click(findTestObject("TestUserLocation/categories")): Object: 'Object Repository/TestUserLocation/categories' is clicked on

2018-12-12 16:26:29 - [MESSAGE][PASSED] - Object: 'Object Repository/TestUserLocation/categories' is clicked on

2018-12-12 16:26:29 - [TEST_STEP][PASSED] - Thread.sleep(2000): null

2018-12-12 16:26:31 - [TEST_STEP][PASSED] - click(findTestObject("TestUserLocation/defaultArea")): Object: 'Object Repository/TestUserLocation/defaultArea' is clicked on

2018-12-12 16:26:31 - [MESSAGE][PASSED] - Object: 'Object Repository/TestUserLocation/defaultArea' is clicked on

2018-12-12 16:26:31 - [TEST_STEP][PASSED] - Thread.sleep(2000): null

2018-12-12 16:26:33 - [TEST_STEP][PASSED] - click(findTestObject("TestUserLocation/hoverHeading")): Object: 'Object Repository/TestUserLocation/hoverHeading' is clicked on

2018-12-12 16:26:34 - [MESSAGE][PASSED] - Object: 'Object Repository/TestUserLocation/hoverHeading' is clicked on

2018-12-12 16:26:34 - [TEST_STEP][PASSED] - click(findTestObject("TestUserLocation/addPlusIcon")): Object: 'Object Repository/TestUserLocation/addPlusIcon' is clicked on

2018-12-12 16:26:34 - [MESSAGE][PASSED] - Object: 'Object Repository/TestUserLocation/addPlusIcon' is clicked on

2018-12-12 16:26:34 - [TEST_STEP][PASSED] - setText(findTestObject("TestUserLocation/setNewName"), findTestData("LocationData").getValue("CustomerName", 1)): Text 'CUSTOMER_ON_12/12/18-16:26' is set on object 'Object Repository/TestUserLocation/setNewName'

2018-12-12 16:26:34 - [MESSAGE][PASSED] - Text 'CUSTOMER_ON_12/12/18-16:26' is set on object 'Object Repository/TestUserLocation/setNewName'

2018-12-12 16:26:34 - [TEST_STEP][PASSED] - Thread.sleep(2000): null

2018-12-12 16:26:36 - [TEST_STEP][PASSED] - click(findTestObject("TestUserLocation/saveButton")): Object: 'Object Repository/TestUserLocation/saveButton' is clicked on

2018-12-12 16:26:36 - [MESSAGE][PASSED] - Object: 'Object Repository/TestUserLocation/saveButton' is clicked on

2018-12-12 16:26:36 - [TEST_STEP][PASSED] - Thread.sleep(4000): null

2018-12-12 16:26:40 - [TEST_STEP][PASSED] - Thread.sleep(4000): null

2018-12-12 16:26:44 - [TEST_STEP][PASSED] - click(findTestObject("TestUserLocation/mainmenu_button")): Object: 'Object Repository/TestUserLocation/mainmenu_button' is clicked on

2018-12-12 16:26:44 - [MESSAGE][PASSED] - Object: 'Object Repository/TestUserLocation/mainmenu_button' is clicked on

2018-12-12 16:26:44 - [TEST_STEP][PASSED] - click(findTestObject("TestResource/mainMenu_resources")): Object: 'Object Repository/TestResource/mainMenu_resources' is clicked on

2018-12-12 16:26:44 - [MESSAGE][PASSED] - Object: 'Object Repository/TestResource/mainMenu_resources' is clicked on

2018-12-12 16:26:44 - [TEST_STEP][PASSED] - Thread.sleep(4000): null

2018-12-12 16:26:48 - [TEST_STEP][PASSED] - click(findTestObject("TestResource/customers")): Object: 'Object Repository/TestResource/customers' is clicked on

2018-12-12 16:26:48 - [MESSAGE][PASSED] - Object: 'Object Repository/TestResource/customers' is clicked on

2018-12-12 16:26:48 - [TEST_STEP][PASSED] - Thread.sleep(4000): null

2018-12-12 16:26:52 - [TEST_STEP][PASSED] - AdminTool_Location.selectCustomer(): Element has been clicked

2018-12-12 16:26:57 - [MESSAGE][PASSED] - Element has been clicked

2018-12-12 16:26:57 - [TEST_STEP][PASSED] - Thread.sleep(4000): null

2018-12-12 16:27:01 - [TEST_STEP][PASSED] - click(findTestObject("TestUserLocation/addPlusIcon")): Object: 'Object Repository/TestUserLocation/addPlusIcon' is clicked on

2018-12-12 16:27:01 - [MESSAGE][PASSED] - Object: 'Object Repository/TestUserLocation/addPlusIcon' is clicked on

2018-12-12 16:27:01 - [TEST_STEP][PASSED] - Thread.sleep(2000): null

2018-12-12 16:27:03 - [TEST_STEP][PASSED] - setText(findTestObject("TestUserLocation/setNewName"), findTestData("LocationData").getValue("SubCustomerName1", 1)): Text 'SUBCUSTOMER1_ON_12/12/18-16:26' is set on object 'Object Repository/TestUserLocation/setNewName'

2018-12-12 16:27:03 - [MESSAGE][PASSED] - Text 'SUBCUSTOMER1_ON_12/12/18-16:26' is set on object 'Object Repository/TestUserLocation/setNewName'

2018-12-12 16:27:03 - [TEST_STEP][PASSED] - setText(findTestObject("TestResource/setPhoneNumber"), "912378456"): Text '912378456' is set on object 'Object Repository/TestResource/setPhoneNumber'

2018-12-12 16:27:03 - [MESSAGE][PASSED] - Text '912378456' is set on object 'Object Repository/TestResource/setPhoneNumber'

2018-12-12 16:27:03 - [TEST_STEP][PASSED] - Thread.sleep(2000): null

2018-12-12 16:27:05 - [TEST_STEP][PASSED] - click(findTestObject("TestResource/saveDetailButton")): Object: 'Object Repository/TestResource/saveDetailButton' is clicked on

2018-12-12 16:27:06 - [MESSAGE][PASSED] - Object: 'Object Repository/TestResource/saveDetailButton' is clicked on

2018-12-12 16:27:06 - [TEST_STEP][PASSED] - Thread.sleep(7000): null

2018-12-12 16:27:13 - [TEST_STEP][PASSED] - click(findTestObject("TestResource/disableResource")): Object: 'Object Repository/TestResource/disableResource' is clicked on

2018-12-12 16:27:13 - [MESSAGE][PASSED] - Object: 'Object Repository/TestResource/disableResource' is clicked on

2018-12-12 16:27:13 - [TEST_STEP][PASSED] - Thread.sleep(2000): null

2018-12-12 16:27:15 - [TEST_STEP][PASSED] - click(findTestObject("TestResource/button2Yes")): Object: 'Object Repository/TestResource/button2Yes' is clicked on

2018-12-12 16:27:15 - [MESSAGE][PASSED] - Object: 'Object Repository/TestResource/button2Yes' is clicked on

2018-12-12 16:27:15 - [TEST_STEP][PASSED] - Thread.sleep(2000): null

2018-12-12 16:27:17 - [TEST_STEP][PASSED] - click(findTestObject("TestResource/saveDetailButton")): Object: 'Object Repository/TestResource/saveDetailButton' is clicked on

2018-12-12 16:27:17 - [MESSAGE][PASSED] - Object: 'Object Repository/TestResource/saveDetailButton' is clicked on

2018-12-12 16:27:17 - [TEST_STEP][PASSED] - Thread.sleep(7000): null

2018-12-12 16:27:24 - [TEST_STEP][PASSED] - click(findTestObject("TestResource/linksTab")): Object: 'Object Repository/TestResource/linksTab' is clicked on

2018-12-12 16:27:24 - [MESSAGE][PASSED] - Object: 'Object Repository/TestResource/linksTab' is clicked on

2018-12-12 16:27:24 - [TEST_STEP][PASSED] - Thread.sleep(2000): null

2018-12-12 16:27:26 - [TEST_STEP][PASSED] - click(findTestObject("TestResource/addLink")): Object: 'Object Repository/TestResource/addLink' is clicked on

2018-12-12 16:27:26 - [MESSAGE][PASSED] - Object: 'Object Repository/TestResource/addLink' is clicked on

2018-12-12 16:27:26 - [TEST_STEP][PASSED] - Thread.sleep(5000): null

2018-12-12 16:27:31 - [TEST_STEP][PASSED] - check(findTestObject("TestResource/selectSecondResourceToLink")): Object 'Object Repository/TestResource/selectSecondResourceToLink' is checked

2018-12-12 16:27:31 - [MESSAGE][PASSED] - Object 'Object Repository/TestResource/selectSecondResourceToLink' is checked

2018-12-12 16:27:31 - [TEST_STEP][PASSED] - AdminTool_Location.resourceLinkName(): AdminTool_Location.resourceLinkName is PASSED

2018-12-12 16:27:31 - [MESSAGE][PASSED] - AdminTool_Location.resourceLinkName is PASSED

2018-12-12 16:27:31 - [TEST_STEP][PASSED] - Thread.sleep(2000): null

2018-12-12 16:27:33 - [TEST_STEP][PASSED] - click(findTestObject("TestResource/button2Save")): Object: 'Object Repository/TestResource/button2Save' is clicked on

2018-12-12 16:27:34 - [MESSAGE][PASSED] - Object: 'Object Repository/TestResource/button2Save' is clicked on

2018-12-12 16:27:34 - [TEST_STEP][PASSED] - Thread.sleep(4000): null

2018-12-12 16:27:38 - [TEST_STEP][PASSED] - click(findTestObject("TestResource/locationTab")): Object: 'Object Repository/TestResource/locationTab' is clicked on

2018-12-12 16:27:38 - [MESSAGE][PASSED] - Object: 'Object Repository/TestResource/locationTab' is clicked on

2018-12-12 16:27:38 - [TEST_STEP][PASSED] - Thread.sleep(5000): null

2018-12-12 16:27:43 - [TEST_STEP][PASSED] - AdminTool_Location.checkLocation(): AdminTool_Location.checkLocation is PASSED

2018-12-12 16:27:45 - [MESSAGE][PASSED] - AdminTool_Location.checkLocation is PASSED

2018-12-12 16:27:45 - [TEST_STEP][PASSED] - Thread.sleep(4000): null

2018-12-12 16:27:49 - [TEST_STEP][PASSED] - click(findTestObject("TestResource/saveLocation")): Object: 'Object Repository/TestResource/saveLocation' is clicked on

2018-12-12 16:27:49 - [MESSAGE][PASSED] - Object: 'Object Repository/TestResource/saveLocation' is clicked on

2018-12-12 16:27:49 - [TEST_STEP][PASSED] - click(findTestObject("TestUserLocation/mainmenu_button")): Object: 'Object Repository/TestUserLocation/mainmenu_button' is clicked on

2018-12-12 16:27:51 - [MESSAGE][PASSED] - Object: 'Object Repository/TestUserLocation/mainmenu_button' is clicked on

2018-12-12 16:27:51 - [TEST_STEP][PASSED] - click(findTestObject("TestResource/mainMenu_resources")): Object: 'Object Repository/TestResource/mainMenu_resources' is clicked on

2018-12-12 16:27:51 - [MESSAGE][PASSED] - Object: 'Object Repository/TestResource/mainMenu_resources' is clicked on

2018-12-12 16:27:51 - [TEST_STEP][PASSED] - Thread.sleep(4000): null

2018-12-12 16:27:55 - [TEST_STEP][PASSED] - click(findTestObject("TestResource/customers")): Object: 'Object Repository/TestResource/customers' is clicked on

2018-12-12 16:27:55 - [MESSAGE][PASSED] - Object: 'Object Repository/TestResource/customers' is clicked on

2018-12-12 16:27:55 - [TEST_STEP][PASSED] - Thread.sleep(4000): null

2018-12-12 16:27:59 - [TEST_STEP][PASSED] - AdminTool_Location.selectCustomer(): Element has been clicked

2018-12-12 16:28:04 - [MESSAGE][PASSED] - Element has been clicked

2018-12-12 16:28:04 - [TEST_STEP][PASSED] - Thread.sleep(4000): null

2018-12-12 16:28:08 - [TEST_STEP][PASSED] - click(findTestObject("TestUserLocation/addPlusIcon")): Object: 'Object Repository/TestUserLocation/addPlusIcon' is clicked on

2018-12-12 16:28:08 - [MESSAGE][PASSED] - Object: 'Object Repository/TestUserLocation/addPlusIcon' is clicked on

2018-12-12 16:28:08 - [TEST_STEP][PASSED] - Thread.sleep(2000): null

2018-12-12 16:28:10 - [TEST_STEP][PASSED] - setText(findTestObject("TestUserLocation/setNewName"), findTestData("LocationData").getValue("SubCustomerName2", 1)): Text 'SUBCUSTOMER2_ON_12/12/18-16:26' is set on object 'Object Repository/TestUserLocation/setNewName'

2018-12-12 16:28:10 - [MESSAGE][PASSED] - Text 'SUBCUSTOMER2_ON_12/12/18-16:26' is set on object 'Object Repository/TestUserLocation/setNewName'

2018-12-12 16:28:10 - [TEST_STEP][PASSED] - setText(findTestObject("TestResource/setPhoneNumber"), "912378456"): Text '912378456' is set on object 'Object Repository/TestResource/setPhoneNumber'

2018-12-12 16:28:10 - [MESSAGE][PASSED] - Text '912378456' is set on object 'Object Repository/TestResource/setPhoneNumber'

2018-12-12 16:28:10 - [TEST_STEP][PASSED] - Thread.sleep(2000): null

2018-12-12 16:28:12 - [TEST_STEP][PASSED] - click(findTestObject("TestResource/saveDetailButton")): Object: 'Object Repository/TestResource/saveDetailButton' is clicked on

2018-12-12 16:28:13 - [MESSAGE][PASSED] - Object: 'Object Repository/TestResource/saveDetailButton' is clicked on

2018-12-12 16:28:13 - [TEST_STEP][PASSED] - Thread.sleep(7000): null

2018-12-12 16:28:20 - [TEST_STEP][PASSED] - click(findTestObject("TestResource/linksTab")): Object: 'Object Repository/TestResource/linksTab' is clicked on

2018-12-12 16:28:20 - [MESSAGE][PASSED] - Object: 'Object Repository/TestResource/linksTab' is clicked on

2018-12-12 16:28:20 - [TEST_STEP][PASSED] - Thread.sleep(2000): null

2018-12-12 16:28:22 - [TEST_STEP][PASSED] - click(findTestObject("TestResource/addLink")): Object: 'Object Repository/TestResource/addLink' is clicked on

2018-12-12 16:28:22 - [MESSAGE][PASSED] - Object: 'Object Repository/TestResource/addLink' is clicked on

2018-12-12 16:28:22 - [TEST_STEP][PASSED] - Thread.sleep(5000): null

2018-12-12 16:28:27 - [TEST_STEP][PASSED] - check(findTestObject("TestResource/selectSecondResourceToLink")): Object 'Object Repository/TestResource/selectSecondResourceToLink' is checked

2018-12-12 16:28:27 - [MESSAGE][PASSED] - Object 'Object Repository/TestResource/selectSecondResourceToLink' is checked

2018-12-12 16:28:27 - [TEST_STEP][PASSED] - AdminTool_Location.resourceLinkName(): AdminTool_Location.resourceLinkName is PASSED

2018-12-12 16:28:27 - [MESSAGE][PASSED] - AdminTool_Location.resourceLinkName is PASSED

2018-12-12 16:28:27 - [TEST_STEP][PASSED] - Thread.sleep(2000): null

2018-12-12 16:28:29 - [TEST_STEP][PASSED] - click(findTestObject("TestResource/button2Save")): Object: 'Object Repository/TestResource/button2Save' is clicked on

2018-12-12 16:28:34 - [MESSAGE][PASSED] - Object: 'Object Repository/TestResource/button2Save' is clicked on

2018-12-12 16:28:34 - [TEST_STEP][PASSED] - Thread.sleep(4000): null

2018-12-12 16:28:38 - [TEST_STEP][PASSED] - click(findTestObject("TestResource/locationTab")): Object: 'Object Repository/TestResource/locationTab' is clicked on

2018-12-12 16:28:38 - [MESSAGE][PASSED] - Object: 'Object Repository/TestResource/locationTab' is clicked on

2018-12-12 16:28:38 - [TEST_STEP][PASSED] - Thread.sleep(5000): null

2018-12-12 16:28:43 - [TEST_STEP][PASSED] - AdminTool_Location.checkLocation(): AdminTool_Location.checkLocation is PASSED

2018-12-12 16:28:46 - [MESSAGE][PASSED] - AdminTool_Location.checkLocation is PASSED

2018-12-12 16:28:46 - [TEST_STEP][PASSED] - Thread.sleep(4000): null

2018-12-12 16:28:50 - [TEST_STEP][PASSED] - click(findTestObject("TestResource/saveLocation")): Object: 'Object Repository/TestResource/saveLocation' is clicked on

2018-12-12 16:28:50 - [MESSAGE][PASSED] - Object: 'Object Repository/TestResource/saveLocation' is clicked on]]></system-out>
         <system-err><![CDATA[]]></system-err>
      </testcase>
      <testcase name="Test Cases/CheckResoucesAsPerLocation/validateResource" classname="Test Cases/CheckResoucesAsPerLocation/validateResource" status="PASSED">
         <system-out><![CDATA[2018-12-12 16:28:50 - [TEST_CASE][PASSED] - Test Cases/CheckResoucesAsPerLocation/validateResource: Test Cases/CheckResoucesAsPerLocation/validateResource

2018-12-12 16:28:50 - [TEST_STEP][NOT_RUN] - openBrowser(URL): NOT_RUN: openBrowser(URL)

2018-12-12 16:28:50 - [MESSAGE][NOT_RUN] - NOT_RUN: openBrowser(URL)

2018-12-12 16:28:50 - [TEST_STEP][NOT_RUN] - maximizeWindow(): NOT_RUN: maximizeWindow()

2018-12-12 16:28:50 - [MESSAGE][NOT_RUN] - NOT_RUN: maximizeWindow()

2018-12-12 16:28:50 - [TEST_STEP][NOT_RUN] - setText(findTestObject("Form_Selection_Creation/login_Username"), UserName): NOT_RUN: setText(findTestObject("Form_Selection_Creation/login_Username"), UserName)

2018-12-12 16:28:50 - [MESSAGE][NOT_RUN] - NOT_RUN: setText(findTestObject("Form_Selection_Creation/login_Username"), UserName)

2018-12-12 16:28:50 - [TEST_STEP][NOT_RUN] - setText(findTestObject("Form_Selection_Creation/login_Password"), Password): NOT_RUN: setText(findTestObject("Form_Selection_Creation/login_Password"), Password)

2018-12-12 16:28:50 - [MESSAGE][NOT_RUN] - NOT_RUN: setText(findTestObject("Form_Selection_Creation/login_Password"), Password)

2018-12-12 16:28:50 - [TEST_STEP][PASSED] - Thread.sleep(4000): null

2018-12-12 16:28:54 - [TEST_STEP][PASSED] - FormName.setData(): FormName.setData is PASSED

2018-12-12 16:28:54 - [MESSAGE][PASSED] - FormName.setData is PASSED

2018-12-12 16:28:54 - [TEST_STEP][NOT_RUN] - click(findTestObject("Form_Selection_Creation/login_Button")): NOT_RUN: click(findTestObject("Form_Selection_Creation/login_Button"))

2018-12-12 16:28:54 - [MESSAGE][NOT_RUN] - NOT_RUN: click(findTestObject("Form_Selection_Creation/login_Button"))

2018-12-12 16:28:54 - [TEST_STEP][PASSED] - click(findTestObject("Form_Selection_Creation/mainMenu_Button")): Object: 'Object Repository/Form_Selection_Creation/mainMenu_Button' is clicked on

2018-12-12 16:28:54 - [MESSAGE][PASSED] - Object: 'Object Repository/Form_Selection_Creation/mainMenu_Button' is clicked on

2018-12-12 16:28:54 - [TEST_STEP][NOT_RUN] - click(findTestObject("Form_Selection_Creation/mainMenu_AdminTools")): NOT_RUN: click(findTestObject("Form_Selection_Creation/mainMenu_AdminTools"))

2018-12-12 16:28:54 - [MESSAGE][NOT_RUN] - NOT_RUN: click(findTestObject("Form_Selection_Creation/mainMenu_AdminTools"))

2018-12-12 16:28:54 - [TEST_STEP][PASSED] - click(findTestObject("Form_Selection_Creation/mainMenu_AdminTools_FormDesigner")): Object: 'Object Repository/Form_Selection_Creation/mainMenu_AdminTools_FormDesigner' is clicked on

2018-12-12 16:28:54 - [MESSAGE][PASSED] - Object: 'Object Repository/Form_Selection_Creation/mainMenu_AdminTools_FormDesigner' is clicked on

2018-12-12 16:28:54 - [TEST_STEP][PASSED] - click(findTestObject("Form_Selection_Creation/selectCheckForm")): Object: 'Object Repository/Form_Selection_Creation/selectCheckForm' is clicked on

2018-12-12 16:28:55 - [MESSAGE][PASSED] - Object: 'Object Repository/Form_Selection_Creation/selectCheckForm' is clicked on

2018-12-12 16:28:55 - [TEST_STEP][PASSED] - Thread.sleep(5000): null

2018-12-12 16:29:00 - [TEST_STEP][PASSED] - AdminTool_Location.selectResType(): AdminTool_Location.selectResType is PASSED

2018-12-12 16:29:08 - [MESSAGE][PASSED] - AdminTool_Location.selectResType is PASSED

2018-12-12 16:29:08 - [TEST_STEP][PASSED] - AdminTool_Location.dragDropRes(): Element has been clicked

2018-12-12 16:29:12 - [MESSAGE][PASSED] - Element has been clicked

2018-12-12 16:29:12 - [TEST_STEP][PASSED] - Thread.sleep(3000): null

2018-12-12 16:29:15 - [TEST_STEP][NOT_RUN] - dragAndDropToObject(findTestObject("null"), findTestObject("Form_Selection_Creation/Target_Res_Object")): NOT_RUN: dragAndDropToObject(findTestObject("null"), findTestObject("Form_Selection_Creation/Target_Res_Object"))

2018-12-12 16:29:15 - [MESSAGE][NOT_RUN] - NOT_RUN: dragAndDropToObject(findTestObject("null"), findTestObject("Form_Selection_Creation/Target_Res_Object"))

2018-12-12 16:29:15 - [TEST_STEP][PASSED] - AdminTool_Location.validate(): AdminTool_Location.validate is PASSED

2018-12-12 16:29:16 - [MESSAGE][PASSED] - AdminTool_Location.validate is PASSED

2018-12-12 16:29:16 - [TEST_STEP][PASSED] - s = getText(findTestObject("TestResource/testText")): Text of object 'Object Repository/TestResource/testText' is: 'Customers > CUSTOMER_ON_12/12/18-16:26 > SUBCUSTOMER2_ON_12/12/18-16:26'

2018-12-12 16:29:16 - [MESSAGE][PASSED] - Text of object 'Object Repository/TestResource/testText' is: 'Customers > CUSTOMER_ON_12/12/18-16:26 > SUBCUSTOMER2_ON_12/12/18-16:26'

2018-12-12 16:29:16 - [TEST_STEP][PASSED] - println(s): null]]></system-out>
         <system-err><![CDATA[]]></system-err>
      </testcase>
      <testcase name="Test Cases/CheckResoucesAsPerLocation/checkResource_Equipment" classname="Test Cases/CheckResoucesAsPerLocation/checkResource_Equipment" status="PASSED">
         <system-out><![CDATA[2018-12-12 16:29:16 - [TEST_CASE][PASSED] - Test Cases/CheckResoucesAsPerLocation/checkResource_Equipment: Test Cases/CheckResoucesAsPerLocation/checkResource_Equipment

2018-12-12 16:29:16 - [TEST_STEP][PASSED] - openBrowser(URL): Browser is opened with url: 'https://mobile.stage.safetychain.com'

2018-12-12 16:29:16 - [MESSAGE][WARNING] - A browser is already opened. Closing browser and opening a new one

2018-12-12 16:29:17 - [MESSAGE][INFO] - Starting 'Chrome' driver

2018-12-12 16:29:47 - [MESSAGE][PASSED] - Browser is opened with url: 'https://mobile.stage.safetychain.com'

2018-12-12 16:29:47 - [TEST_STEP][PASSED] - maximizeWindow(): Current window maximized

2018-12-12 16:29:48 - [MESSAGE][PASSED] - Current window maximized

2018-12-12 16:29:48 - [TEST_STEP][PASSED] - setText(findTestObject("TestUserLocation/login_Username"), UserName): Text 'superadmin' is set on object 'Object Repository/TestUserLocation/login_Username'

2018-12-12 16:29:51 - [MESSAGE][PASSED] - Text 'superadmin' is set on object 'Object Repository/TestUserLocation/login_Username'

2018-12-12 16:29:51 - [TEST_STEP][PASSED] - setText(findTestObject("TestUserLocation/login_Password"), Password): Text 'slipmobile3772boot' is set on object 'Object Repository/TestUserLocation/login_Password'

2018-12-12 16:29:51 - [MESSAGE][PASSED] - Text 'slipmobile3772boot' is set on object 'Object Repository/TestUserLocation/login_Password'

2018-12-12 16:29:51 - [TEST_STEP][PASSED] - AdminTool_Location.setEquipmentName(): AdminTool_Location.setEquipmentName is PASSED

2018-12-12 16:29:51 - [MESSAGE][PASSED] - AdminTool_Location.setEquipmentName is PASSED

2018-12-12 16:29:51 - [TEST_STEP][PASSED] - click(findTestObject("TestUserLocation/login_Button")): Object: 'Object Repository/TestUserLocation/login_Button' is clicked on

2018-12-12 16:29:56 - [MESSAGE][PASSED] - Object: 'Object Repository/TestUserLocation/login_Button' is clicked on

2018-12-12 16:29:56 - [TEST_STEP][PASSED] - Thread.sleep(4000): null

2018-12-12 16:30:00 - [TEST_STEP][PASSED] - click(findTestObject("TestUserLocation/mainmenu_button")): Object: 'Object Repository/TestUserLocation/mainmenu_button' is clicked on

2018-12-12 16:30:02 - [MESSAGE][PASSED] - Object: 'Object Repository/TestUserLocation/mainmenu_button' is clicked on

2018-12-12 16:30:02 - [TEST_STEP][PASSED] - click(findTestObject("TestUserLocation/adminTool")): Object: 'Object Repository/TestUserLocation/adminTool' is clicked on

2018-12-12 16:30:02 - [MESSAGE][PASSED] - Object: 'Object Repository/TestUserLocation/adminTool' is clicked on

2018-12-12 16:30:02 - [TEST_STEP][PASSED] - click(findTestObject("TestUserLocation/mainMenuResourceDesigner")): Object: 'Object Repository/TestUserLocation/mainMenuResourceDesigner' is clicked on

2018-12-12 16:30:02 - [MESSAGE][PASSED] - Object: 'Object Repository/TestUserLocation/mainMenuResourceDesigner' is clicked on

2018-12-12 16:30:02 - [TEST_STEP][PASSED] - Thread.sleep(4000): null

2018-12-12 16:30:06 - [TEST_STEP][PASSED] - click(findTestObject("TestResource/equipment")): Object: 'Object Repository/TestResource/equipment' is clicked on

2018-12-12 16:30:06 - [MESSAGE][PASSED] - Object: 'Object Repository/TestResource/equipment' is clicked on

2018-12-12 16:30:06 - [TEST_STEP][PASSED] - Thread.sleep(4000): null

2018-12-12 16:30:10 - [TEST_STEP][PASSED] - click(findTestObject("TestUserLocation/categories")): Object: 'Object Repository/TestUserLocation/categories' is clicked on

2018-12-12 16:30:10 - [MESSAGE][PASSED] - Object: 'Object Repository/TestUserLocation/categories' is clicked on

2018-12-12 16:30:10 - [TEST_STEP][PASSED] - Thread.sleep(2000): null

2018-12-12 16:30:12 - [TEST_STEP][PASSED] - click(findTestObject("TestUserLocation/defaultArea")): Object: 'Object Repository/TestUserLocation/defaultArea' is clicked on

2018-12-12 16:30:12 - [MESSAGE][PASSED] - Object: 'Object Repository/TestUserLocation/defaultArea' is clicked on

2018-12-12 16:30:12 - [TEST_STEP][PASSED] - Thread.sleep(2000): null

2018-12-12 16:30:14 - [TEST_STEP][PASSED] - click(findTestObject("TestUserLocation/hoverHeading")): Object: 'Object Repository/TestUserLocation/hoverHeading' is clicked on

2018-12-12 16:30:14 - [MESSAGE][PASSED] - Object: 'Object Repository/TestUserLocation/hoverHeading' is clicked on

2018-12-12 16:30:14 - [TEST_STEP][PASSED] - click(findTestObject("TestUserLocation/addPlusIcon")): Object: 'Object Repository/TestUserLocation/addPlusIcon' is clicked on

2018-12-12 16:30:14 - [MESSAGE][PASSED] - Object: 'Object Repository/TestUserLocation/addPlusIcon' is clicked on

2018-12-12 16:30:14 - [TEST_STEP][PASSED] - setText(findTestObject("TestUserLocation/setNewName"), findTestData("LocationData").getValue("EquipmentName", 1)): Text 'EQUIPMENT_ON_12/12/18-16:29' is set on object 'Object Repository/TestUserLocation/setNewName'

2018-12-12 16:30:15 - [MESSAGE][PASSED] - Text 'EQUIPMENT_ON_12/12/18-16:29' is set on object 'Object Repository/TestUserLocation/setNewName'

2018-12-12 16:30:15 - [TEST_STEP][PASSED] - Thread.sleep(2000): null

2018-12-12 16:30:17 - [TEST_STEP][PASSED] - click(findTestObject("TestUserLocation/saveButton")): Object: 'Object Repository/TestUserLocation/saveButton' is clicked on

2018-12-12 16:30:17 - [MESSAGE][PASSED] - Object: 'Object Repository/TestUserLocation/saveButton' is clicked on

2018-12-12 16:30:17 - [TEST_STEP][PASSED] - Thread.sleep(4000): null

2018-12-12 16:30:21 - [TEST_STEP][PASSED] - Thread.sleep(4000): null

2018-12-12 16:30:25 - [TEST_STEP][PASSED] - click(findTestObject("TestUserLocation/mainmenu_button")): Object: 'Object Repository/TestUserLocation/mainmenu_button' is clicked on

2018-12-12 16:30:25 - [MESSAGE][PASSED] - Object: 'Object Repository/TestUserLocation/mainmenu_button' is clicked on

2018-12-12 16:30:25 - [TEST_STEP][PASSED] - click(findTestObject("TestResource/mainMenu_resources")): Object: 'Object Repository/TestResource/mainMenu_resources' is clicked on

2018-12-12 16:30:25 - [MESSAGE][PASSED] - Object: 'Object Repository/TestResource/mainMenu_resources' is clicked on

2018-12-12 16:30:25 - [TEST_STEP][PASSED] - Thread.sleep(4000): null

2018-12-12 16:30:29 - [TEST_STEP][PASSED] - click(findTestObject("TestResource/equipment")): Object: 'Object Repository/TestResource/equipment' is clicked on

2018-12-12 16:30:29 - [MESSAGE][PASSED] - Object: 'Object Repository/TestResource/equipment' is clicked on

2018-12-12 16:30:29 - [TEST_STEP][PASSED] - Thread.sleep(4000): null

2018-12-12 16:30:33 - [TEST_STEP][PASSED] - AdminTool_Location.selectEquipment(): Element has been clicked

2018-12-12 16:30:37 - [MESSAGE][PASSED] - Element has been clicked

2018-12-12 16:30:37 - [TEST_STEP][PASSED] - Thread.sleep(4000): null

2018-12-12 16:30:41 - [TEST_STEP][PASSED] - click(findTestObject("TestUserLocation/addPlusIcon")): Object: 'Object Repository/TestUserLocation/addPlusIcon' is clicked on

2018-12-12 16:30:41 - [MESSAGE][PASSED] - Object: 'Object Repository/TestUserLocation/addPlusIcon' is clicked on

2018-12-12 16:30:41 - [TEST_STEP][PASSED] - Thread.sleep(2000): null

2018-12-12 16:30:43 - [TEST_STEP][PASSED] - setText(findTestObject("TestUserLocation/setNewName"), findTestData("LocationData").getValue("SubEquipmentName1", 1)): Text 'SUBEQUIPMENT1_ON_12/12/18-16:29' is set on object 'Object Repository/TestUserLocation/setNewName'

2018-12-12 16:30:44 - [MESSAGE][PASSED] - Text 'SUBEQUIPMENT1_ON_12/12/18-16:29' is set on object 'Object Repository/TestUserLocation/setNewName'

2018-12-12 16:30:44 - [TEST_STEP][PASSED] - setText(findTestObject("TestResource/setPhoneNumber"), "912378456"): Text '912378456' is set on object 'Object Repository/TestResource/setPhoneNumber'

2018-12-12 16:30:44 - [MESSAGE][PASSED] - Text '912378456' is set on object 'Object Repository/TestResource/setPhoneNumber'

2018-12-12 16:30:44 - [TEST_STEP][PASSED] - Thread.sleep(2000): null

2018-12-12 16:30:46 - [TEST_STEP][PASSED] - click(findTestObject("TestResource/saveDetailButton")): Object: 'Object Repository/TestResource/saveDetailButton' is clicked on

2018-12-12 16:30:46 - [MESSAGE][PASSED] - Object: 'Object Repository/TestResource/saveDetailButton' is clicked on

2018-12-12 16:30:46 - [TEST_STEP][PASSED] - Thread.sleep(7000): null

2018-12-12 16:30:53 - [TEST_STEP][PASSED] - click(findTestObject("TestResource/disableResource")): Object: 'Object Repository/TestResource/disableResource' is clicked on

2018-12-12 16:30:53 - [MESSAGE][PASSED] - Object: 'Object Repository/TestResource/disableResource' is clicked on

2018-12-12 16:30:53 - [TEST_STEP][PASSED] - Thread.sleep(2000): null

2018-12-12 16:30:55 - [TEST_STEP][PASSED] - click(findTestObject("TestResource/button2Yes")): Object: 'Object Repository/TestResource/button2Yes' is clicked on

2018-12-12 16:30:55 - [MESSAGE][PASSED] - Object: 'Object Repository/TestResource/button2Yes' is clicked on

2018-12-12 16:30:55 - [TEST_STEP][PASSED] - Thread.sleep(2000): null

2018-12-12 16:30:57 - [TEST_STEP][PASSED] - click(findTestObject("TestResource/saveDetailButton")): Object: 'Object Repository/TestResource/saveDetailButton' is clicked on

2018-12-12 16:30:57 - [MESSAGE][PASSED] - Object: 'Object Repository/TestResource/saveDetailButton' is clicked on

2018-12-12 16:30:57 - [TEST_STEP][PASSED] - Thread.sleep(7000): null

2018-12-12 16:31:04 - [TEST_STEP][PASSED] - click(findTestObject("TestResource/linksTab")): Object: 'Object Repository/TestResource/linksTab' is clicked on

2018-12-12 16:31:05 - [MESSAGE][PASSED] - Object: 'Object Repository/TestResource/linksTab' is clicked on

2018-12-12 16:31:05 - [TEST_STEP][PASSED] - Thread.sleep(2000): null

2018-12-12 16:31:07 - [TEST_STEP][PASSED] - click(findTestObject("TestResource/addLink")): Object: 'Object Repository/TestResource/addLink' is clicked on

2018-12-12 16:31:07 - [MESSAGE][PASSED] - Object: 'Object Repository/TestResource/addLink' is clicked on

2018-12-12 16:31:07 - [TEST_STEP][PASSED] - Thread.sleep(5000): null

2018-12-12 16:31:12 - [TEST_STEP][PASSED] - check(findTestObject("TestResource/selectSecondResourceToLink")): Object 'Object Repository/TestResource/selectSecondResourceToLink' is checked

2018-12-12 16:31:12 - [MESSAGE][PASSED] - Object 'Object Repository/TestResource/selectSecondResourceToLink' is checked

2018-12-12 16:31:12 - [TEST_STEP][PASSED] - AdminTool_Location.resourceLinkName(): AdminTool_Location.resourceLinkName is PASSED

2018-12-12 16:31:12 - [MESSAGE][PASSED] - AdminTool_Location.resourceLinkName is PASSED

2018-12-12 16:31:12 - [TEST_STEP][PASSED] - Thread.sleep(2000): null

2018-12-12 16:31:14 - [TEST_STEP][PASSED] - click(findTestObject("TestResource/button2Save")): Object: 'Object Repository/TestResource/button2Save' is clicked on

2018-12-12 16:31:14 - [MESSAGE][PASSED] - Object: 'Object Repository/TestResource/button2Save' is clicked on

2018-12-12 16:31:14 - [TEST_STEP][PASSED] - Thread.sleep(4000): null

2018-12-12 16:31:18 - [TEST_STEP][PASSED] - click(findTestObject("TestResource/locationTab")): Object: 'Object Repository/TestResource/locationTab' is clicked on

2018-12-12 16:31:18 - [MESSAGE][PASSED] - Object: 'Object Repository/TestResource/locationTab' is clicked on

2018-12-12 16:31:18 - [TEST_STEP][PASSED] - Thread.sleep(5000): null

2018-12-12 16:31:23 - [TEST_STEP][PASSED] - AdminTool_Location.checkLocation(): AdminTool_Location.checkLocation is PASSED

2018-12-12 16:31:25 - [MESSAGE][PASSED] - AdminTool_Location.checkLocation is PASSED

2018-12-12 16:31:25 - [TEST_STEP][PASSED] - Thread.sleep(4000): null

2018-12-12 16:31:29 - [TEST_STEP][PASSED] - click(findTestObject("TestResource/saveLocation")): Object: 'Object Repository/TestResource/saveLocation' is clicked on

2018-12-12 16:31:30 - [MESSAGE][PASSED] - Object: 'Object Repository/TestResource/saveLocation' is clicked on

2018-12-12 16:31:30 - [TEST_STEP][PASSED] - click(findTestObject("TestUserLocation/mainmenu_button")): Object: 'Object Repository/TestUserLocation/mainmenu_button' is clicked on

2018-12-12 16:31:32 - [MESSAGE][PASSED] - Object: 'Object Repository/TestUserLocation/mainmenu_button' is clicked on

2018-12-12 16:31:32 - [TEST_STEP][PASSED] - click(findTestObject("TestResource/mainMenu_resources")): Object: 'Object Repository/TestResource/mainMenu_resources' is clicked on

2018-12-12 16:31:32 - [MESSAGE][PASSED] - Object: 'Object Repository/TestResource/mainMenu_resources' is clicked on

2018-12-12 16:31:32 - [TEST_STEP][PASSED] - Thread.sleep(4000): null

2018-12-12 16:31:36 - [TEST_STEP][PASSED] - click(findTestObject("TestResource/equipment")): Object: 'Object Repository/TestResource/equipment' is clicked on

2018-12-12 16:31:36 - [MESSAGE][PASSED] - Object: 'Object Repository/TestResource/equipment' is clicked on

2018-12-12 16:31:36 - [TEST_STEP][PASSED] - Thread.sleep(4000): null

2018-12-12 16:31:40 - [TEST_STEP][PASSED] - AdminTool_Location.selectEquipment(): Element has been clicked

2018-12-12 16:31:44 - [MESSAGE][PASSED] - Element has been clicked

2018-12-12 16:31:44 - [TEST_STEP][PASSED] - Thread.sleep(4000): null

2018-12-12 16:31:48 - [TEST_STEP][PASSED] - click(findTestObject("TestUserLocation/addPlusIcon")): Object: 'Object Repository/TestUserLocation/addPlusIcon' is clicked on

2018-12-12 16:31:48 - [MESSAGE][PASSED] - Object: 'Object Repository/TestUserLocation/addPlusIcon' is clicked on

2018-12-12 16:31:48 - [TEST_STEP][PASSED] - Thread.sleep(2000): null

2018-12-12 16:31:50 - [TEST_STEP][PASSED] - setText(findTestObject("TestUserLocation/setNewName"), findTestData("LocationData").getValue("SubEquipmentName2", 1)): Text 'SUBEQUIPMENT2_ON_12/12/18-16:29' is set on object 'Object Repository/TestUserLocation/setNewName'

2018-12-12 16:31:51 - [MESSAGE][PASSED] - Text 'SUBEQUIPMENT2_ON_12/12/18-16:29' is set on object 'Object Repository/TestUserLocation/setNewName'

2018-12-12 16:31:51 - [TEST_STEP][PASSED] - setText(findTestObject("TestResource/setPhoneNumber"), "912378456"): Text '912378456' is set on object 'Object Repository/TestResource/setPhoneNumber'

2018-12-12 16:31:51 - [MESSAGE][PASSED] - Text '912378456' is set on object 'Object Repository/TestResource/setPhoneNumber'

2018-12-12 16:31:51 - [TEST_STEP][PASSED] - Thread.sleep(2000): null

2018-12-12 16:31:53 - [TEST_STEP][PASSED] - click(findTestObject("TestResource/saveDetailButton")): Object: 'Object Repository/TestResource/saveDetailButton' is clicked on

2018-12-12 16:31:53 - [MESSAGE][PASSED] - Object: 'Object Repository/TestResource/saveDetailButton' is clicked on

2018-12-12 16:31:53 - [TEST_STEP][PASSED] - Thread.sleep(7000): null

2018-12-12 16:32:00 - [TEST_STEP][PASSED] - click(findTestObject("TestResource/linksTab")): Object: 'Object Repository/TestResource/linksTab' is clicked on

2018-12-12 16:32:00 - [MESSAGE][PASSED] - Object: 'Object Repository/TestResource/linksTab' is clicked on

2018-12-12 16:32:00 - [TEST_STEP][PASSED] - Thread.sleep(2000): null

2018-12-12 16:32:02 - [TEST_STEP][PASSED] - click(findTestObject("TestResource/addLink")): Object: 'Object Repository/TestResource/addLink' is clicked on

2018-12-12 16:32:02 - [MESSAGE][PASSED] - Object: 'Object Repository/TestResource/addLink' is clicked on

2018-12-12 16:32:02 - [TEST_STEP][PASSED] - Thread.sleep(5000): null

2018-12-12 16:32:07 - [TEST_STEP][PASSED] - check(findTestObject("TestResource/selectSecondResourceToLink")): Object 'Object Repository/TestResource/selectSecondResourceToLink' is checked

2018-12-12 16:32:07 - [MESSAGE][PASSED] - Object 'Object Repository/TestResource/selectSecondResourceToLink' is checked

2018-12-12 16:32:07 - [TEST_STEP][PASSED] - AdminTool_Location.resourceLinkName(): AdminTool_Location.resourceLinkName is PASSED

2018-12-12 16:32:07 - [MESSAGE][PASSED] - AdminTool_Location.resourceLinkName is PASSED

2018-12-12 16:32:07 - [TEST_STEP][PASSED] - Thread.sleep(2000): null

2018-12-12 16:32:09 - [TEST_STEP][PASSED] - click(findTestObject("TestResource/button2Save")): Object: 'Object Repository/TestResource/button2Save' is clicked on

2018-12-12 16:32:10 - [MESSAGE][PASSED] - Object: 'Object Repository/TestResource/button2Save' is clicked on

2018-12-12 16:32:10 - [TEST_STEP][PASSED] - Thread.sleep(4000): null

2018-12-12 16:32:14 - [TEST_STEP][PASSED] - click(findTestObject("TestResource/locationTab")): Object: 'Object Repository/TestResource/locationTab' is clicked on

2018-12-12 16:32:14 - [MESSAGE][PASSED] - Object: 'Object Repository/TestResource/locationTab' is clicked on

2018-12-12 16:32:14 - [TEST_STEP][PASSED] - Thread.sleep(5000): null

2018-12-12 16:32:19 - [TEST_STEP][PASSED] - AdminTool_Location.checkLocation(): AdminTool_Location.checkLocation is PASSED

2018-12-12 16:32:21 - [MESSAGE][PASSED] - AdminTool_Location.checkLocation is PASSED

2018-12-12 16:32:21 - [TEST_STEP][PASSED] - Thread.sleep(4000): null

2018-12-12 16:32:25 - [TEST_STEP][PASSED] - click(findTestObject("TestResource/saveLocation")): Object: 'Object Repository/TestResource/saveLocation' is clicked on

2018-12-12 16:32:25 - [MESSAGE][PASSED] - Object: 'Object Repository/TestResource/saveLocation' is clicked on]]></system-out>
         <system-err><![CDATA[]]></system-err>
      </testcase>
      <testcase name="Test Cases/CheckResoucesAsPerLocation/validateResource" classname="Test Cases/CheckResoucesAsPerLocation/validateResource" status="PASSED">
         <system-out><![CDATA[2018-12-12 16:32:25 - [TEST_CASE][PASSED] - Test Cases/CheckResoucesAsPerLocation/validateResource: Test Cases/CheckResoucesAsPerLocation/validateResource

2018-12-12 16:32:25 - [TEST_STEP][NOT_RUN] - openBrowser(URL): NOT_RUN: openBrowser(URL)

2018-12-12 16:32:25 - [MESSAGE][NOT_RUN] - NOT_RUN: openBrowser(URL)

2018-12-12 16:32:25 - [TEST_STEP][NOT_RUN] - maximizeWindow(): NOT_RUN: maximizeWindow()

2018-12-12 16:32:25 - [MESSAGE][NOT_RUN] - NOT_RUN: maximizeWindow()

2018-12-12 16:32:25 - [TEST_STEP][NOT_RUN] - setText(findTestObject("Form_Selection_Creation/login_Username"), UserName): NOT_RUN: setText(findTestObject("Form_Selection_Creation/login_Username"), UserName)

2018-12-12 16:32:25 - [MESSAGE][NOT_RUN] - NOT_RUN: setText(findTestObject("Form_Selection_Creation/login_Username"), UserName)

2018-12-12 16:32:25 - [TEST_STEP][NOT_RUN] - setText(findTestObject("Form_Selection_Creation/login_Password"), Password): NOT_RUN: setText(findTestObject("Form_Selection_Creation/login_Password"), Password)

2018-12-12 16:32:25 - [MESSAGE][NOT_RUN] - NOT_RUN: setText(findTestObject("Form_Selection_Creation/login_Password"), Password)

2018-12-12 16:32:25 - [TEST_STEP][PASSED] - Thread.sleep(4000): null

2018-12-12 16:32:29 - [TEST_STEP][PASSED] - FormName.setData(): FormName.setData is PASSED

2018-12-12 16:32:29 - [MESSAGE][PASSED] - FormName.setData is PASSED

2018-12-12 16:32:29 - [TEST_STEP][NOT_RUN] - click(findTestObject("Form_Selection_Creation/login_Button")): NOT_RUN: click(findTestObject("Form_Selection_Creation/login_Button"))

2018-12-12 16:32:29 - [MESSAGE][NOT_RUN] - NOT_RUN: click(findTestObject("Form_Selection_Creation/login_Button"))

2018-12-12 16:32:29 - [TEST_STEP][PASSED] - click(findTestObject("Form_Selection_Creation/mainMenu_Button")): Object: 'Object Repository/Form_Selection_Creation/mainMenu_Button' is clicked on

2018-12-12 16:32:29 - [MESSAGE][PASSED] - Object: 'Object Repository/Form_Selection_Creation/mainMenu_Button' is clicked on

2018-12-12 16:32:29 - [TEST_STEP][NOT_RUN] - click(findTestObject("Form_Selection_Creation/mainMenu_AdminTools")): NOT_RUN: click(findTestObject("Form_Selection_Creation/mainMenu_AdminTools"))

2018-12-12 16:32:29 - [MESSAGE][NOT_RUN] - NOT_RUN: click(findTestObject("Form_Selection_Creation/mainMenu_AdminTools"))

2018-12-12 16:32:29 - [TEST_STEP][PASSED] - click(findTestObject("Form_Selection_Creation/mainMenu_AdminTools_FormDesigner")): Object: 'Object Repository/Form_Selection_Creation/mainMenu_AdminTools_FormDesigner' is clicked on

2018-12-12 16:32:29 - [MESSAGE][PASSED] - Object: 'Object Repository/Form_Selection_Creation/mainMenu_AdminTools_FormDesigner' is clicked on

2018-12-12 16:32:29 - [TEST_STEP][PASSED] - click(findTestObject("Form_Selection_Creation/selectCheckForm")): Object: 'Object Repository/Form_Selection_Creation/selectCheckForm' is clicked on

2018-12-12 16:32:30 - [MESSAGE][PASSED] - Object: 'Object Repository/Form_Selection_Creation/selectCheckForm' is clicked on

2018-12-12 16:32:30 - [TEST_STEP][PASSED] - Thread.sleep(5000): null

2018-12-12 16:32:35 - [TEST_STEP][PASSED] - AdminTool_Location.selectResType(): AdminTool_Location.selectResType is PASSED

2018-12-12 16:32:43 - [MESSAGE][PASSED] - AdminTool_Location.selectResType is PASSED

2018-12-12 16:32:43 - [TEST_STEP][PASSED] - AdminTool_Location.dragDropRes(): Element has been clicked

2018-12-12 16:32:48 - [MESSAGE][PASSED] - Element has been clicked

2018-12-12 16:32:48 - [TEST_STEP][PASSED] - Thread.sleep(3000): null

2018-12-12 16:32:51 - [TEST_STEP][NOT_RUN] - dragAndDropToObject(findTestObject("null"), findTestObject("Form_Selection_Creation/Target_Res_Object")): NOT_RUN: dragAndDropToObject(findTestObject("null"), findTestObject("Form_Selection_Creation/Target_Res_Object"))

2018-12-12 16:32:51 - [MESSAGE][NOT_RUN] - NOT_RUN: dragAndDropToObject(findTestObject("null"), findTestObject("Form_Selection_Creation/Target_Res_Object"))

2018-12-12 16:32:51 - [TEST_STEP][PASSED] - AdminTool_Location.validate(): AdminTool_Location.validate is PASSED

2018-12-12 16:32:51 - [MESSAGE][PASSED] - AdminTool_Location.validate is PASSED

2018-12-12 16:32:51 - [TEST_STEP][PASSED] - s = getText(findTestObject("TestResource/testText")): Text of object 'Object Repository/TestResource/testText' is: 'Equipment > EQUIPMENT_ON_12/12/18-16:29 > SUBEQUIPMENT2_ON_12/12/18-16:29'

2018-12-12 16:32:51 - [MESSAGE][PASSED] - Text of object 'Object Repository/TestResource/testText' is: 'Equipment > EQUIPMENT_ON_12/12/18-16:29 > SUBEQUIPMENT2_ON_12/12/18-16:29'

2018-12-12 16:32:51 - [TEST_STEP][PASSED] - println(s): null]]></system-out>
         <system-err><![CDATA[]]></system-err>
      </testcase>
      <testcase name="Test Cases/CheckResoucesAsPerLocation/checkResource_Items" classname="Test Cases/CheckResoucesAsPerLocation/checkResource_Items" status="PASSED">
         <system-out><![CDATA[2018-12-12 16:32:51 - [TEST_CASE][PASSED] - Test Cases/CheckResoucesAsPerLocation/checkResource_Items: Test Cases/CheckResoucesAsPerLocation/checkResource_Items

2018-12-12 16:32:51 - [TEST_STEP][PASSED] - openBrowser(URL): Browser is opened with url: 'https://mobile.stage.safetychain.com'

2018-12-12 16:32:51 - [MESSAGE][WARNING] - A browser is already opened. Closing browser and opening a new one

2018-12-12 16:32:52 - [MESSAGE][INFO] - Starting 'Chrome' driver

2018-12-12 16:33:23 - [MESSAGE][PASSED] - Browser is opened with url: 'https://mobile.stage.safetychain.com'

2018-12-12 16:33:23 - [TEST_STEP][PASSED] - maximizeWindow(): Current window maximized

2018-12-12 16:33:24 - [MESSAGE][PASSED] - Current window maximized

2018-12-12 16:33:24 - [TEST_STEP][PASSED] - setText(findTestObject("TestUserLocation/login_Username"), UserName): Text 'superadmin' is set on object 'Object Repository/TestUserLocation/login_Username'

2018-12-12 16:33:27 - [MESSAGE][PASSED] - Text 'superadmin' is set on object 'Object Repository/TestUserLocation/login_Username'

2018-12-12 16:33:27 - [TEST_STEP][PASSED] - setText(findTestObject("TestUserLocation/login_Password"), Password): Text 'slipmobile3772boot' is set on object 'Object Repository/TestUserLocation/login_Password'

2018-12-12 16:33:27 - [MESSAGE][PASSED] - Text 'slipmobile3772boot' is set on object 'Object Repository/TestUserLocation/login_Password'

2018-12-12 16:33:27 - [TEST_STEP][PASSED] - AdminTool_Location.setItemName(): AdminTool_Location.setItemName is PASSED

2018-12-12 16:33:27 - [MESSAGE][PASSED] - AdminTool_Location.setItemName is PASSED

2018-12-12 16:33:27 - [TEST_STEP][PASSED] - click(findTestObject("TestUserLocation/login_Button")): Object: 'Object Repository/TestUserLocation/login_Button' is clicked on

2018-12-12 16:33:32 - [MESSAGE][PASSED] - Object: 'Object Repository/TestUserLocation/login_Button' is clicked on

2018-12-12 16:33:32 - [TEST_STEP][PASSED] - Thread.sleep(4000): null

2018-12-12 16:33:36 - [TEST_STEP][PASSED] - click(findTestObject("TestUserLocation/mainmenu_button")): Object: 'Object Repository/TestUserLocation/mainmenu_button' is clicked on

2018-12-12 16:33:37 - [MESSAGE][PASSED] - Object: 'Object Repository/TestUserLocation/mainmenu_button' is clicked on

2018-12-12 16:33:37 - [TEST_STEP][PASSED] - click(findTestObject("TestUserLocation/adminTool")): Object: 'Object Repository/TestUserLocation/adminTool' is clicked on

2018-12-12 16:33:37 - [MESSAGE][PASSED] - Object: 'Object Repository/TestUserLocation/adminTool' is clicked on

2018-12-12 16:33:37 - [TEST_STEP][PASSED] - click(findTestObject("TestUserLocation/mainMenuResourceDesigner")): Object: 'Object Repository/TestUserLocation/mainMenuResourceDesigner' is clicked on

2018-12-12 16:33:37 - [MESSAGE][PASSED] - Object: 'Object Repository/TestUserLocation/mainMenuResourceDesigner' is clicked on

2018-12-12 16:33:37 - [TEST_STEP][PASSED] - Thread.sleep(4000): null

2018-12-12 16:33:41 - [TEST_STEP][PASSED] - click(findTestObject("TestResource/items")): Object: 'Object Repository/TestResource/items' is clicked on

2018-12-12 16:33:42 - [MESSAGE][PASSED] - Object: 'Object Repository/TestResource/items' is clicked on

2018-12-12 16:33:42 - [TEST_STEP][PASSED] - Thread.sleep(4000): null

2018-12-12 16:33:46 - [TEST_STEP][PASSED] - click(findTestObject("TestUserLocation/categories")): Object: 'Object Repository/TestUserLocation/categories' is clicked on

2018-12-12 16:33:46 - [MESSAGE][PASSED] - Object: 'Object Repository/TestUserLocation/categories' is clicked on

2018-12-12 16:33:46 - [TEST_STEP][PASSED] - Thread.sleep(2000): null

2018-12-12 16:33:48 - [TEST_STEP][PASSED] - click(findTestObject("TestUserLocation/defaultArea")): Object: 'Object Repository/TestUserLocation/defaultArea' is clicked on

2018-12-12 16:33:48 - [MESSAGE][PASSED] - Object: 'Object Repository/TestUserLocation/defaultArea' is clicked on

2018-12-12 16:33:48 - [TEST_STEP][PASSED] - Thread.sleep(2000): null

2018-12-12 16:33:50 - [TEST_STEP][PASSED] - click(findTestObject("TestUserLocation/hoverHeading")): Object: 'Object Repository/TestUserLocation/hoverHeading' is clicked on

2018-12-12 16:33:50 - [MESSAGE][PASSED] - Object: 'Object Repository/TestUserLocation/hoverHeading' is clicked on

2018-12-12 16:33:50 - [TEST_STEP][PASSED] - click(findTestObject("TestUserLocation/addPlusIcon")): Object: 'Object Repository/TestUserLocation/addPlusIcon' is clicked on

2018-12-12 16:33:50 - [MESSAGE][PASSED] - Object: 'Object Repository/TestUserLocation/addPlusIcon' is clicked on

2018-12-12 16:33:50 - [TEST_STEP][PASSED] - setText(findTestObject("TestUserLocation/setNewName"), findTestData("LocationData").getValue("ItemsName", 1)): Text 'ITEM_ON_12/12/18-16:33' is set on object 'Object Repository/TestUserLocation/setNewName'

2018-12-12 16:33:50 - [MESSAGE][PASSED] - Text 'ITEM_ON_12/12/18-16:33' is set on object 'Object Repository/TestUserLocation/setNewName'

2018-12-12 16:33:50 - [TEST_STEP][PASSED] - Thread.sleep(2000): null

2018-12-12 16:33:52 - [TEST_STEP][PASSED] - click(findTestObject("TestUserLocation/saveButton")): Object: 'Object Repository/TestUserLocation/saveButton' is clicked on

2018-12-12 16:33:52 - [MESSAGE][PASSED] - Object: 'Object Repository/TestUserLocation/saveButton' is clicked on

2018-12-12 16:33:52 - [TEST_STEP][PASSED] - Thread.sleep(4000): null

2018-12-12 16:33:56 - [TEST_STEP][PASSED] - Thread.sleep(4000): null

2018-12-12 16:34:00 - [TEST_STEP][PASSED] - click(findTestObject("TestUserLocation/mainmenu_button")): Object: 'Object Repository/TestUserLocation/mainmenu_button' is clicked on

2018-12-12 16:34:00 - [MESSAGE][PASSED] - Object: 'Object Repository/TestUserLocation/mainmenu_button' is clicked on

2018-12-12 16:34:00 - [TEST_STEP][PASSED] - click(findTestObject("TestResource/mainMenu_resources")): Object: 'Object Repository/TestResource/mainMenu_resources' is clicked on

2018-12-12 16:34:01 - [MESSAGE][PASSED] - Object: 'Object Repository/TestResource/mainMenu_resources' is clicked on

2018-12-12 16:34:01 - [TEST_STEP][PASSED] - Thread.sleep(4000): null

2018-12-12 16:34:05 - [TEST_STEP][PASSED] - click(findTestObject("TestResource/items")): Object: 'Object Repository/TestResource/items' is clicked on

2018-12-12 16:34:05 - [MESSAGE][PASSED] - Object: 'Object Repository/TestResource/items' is clicked on

2018-12-12 16:34:05 - [TEST_STEP][PASSED] - Thread.sleep(4000): null

2018-12-12 16:34:09 - [TEST_STEP][PASSED] - AdminTool_Location.selectItem(): Element has been clicked

2018-12-12 16:34:13 - [MESSAGE][PASSED] - Element has been clicked

2018-12-12 16:34:13 - [TEST_STEP][PASSED] - Thread.sleep(4000): null

2018-12-12 16:34:17 - [TEST_STEP][PASSED] - click(findTestObject("TestUserLocation/addPlusIcon")): Object: 'Object Repository/TestUserLocation/addPlusIcon' is clicked on

2018-12-12 16:34:17 - [MESSAGE][PASSED] - Object: 'Object Repository/TestUserLocation/addPlusIcon' is clicked on

2018-12-12 16:34:17 - [TEST_STEP][PASSED] - Thread.sleep(2000): null

2018-12-12 16:34:19 - [TEST_STEP][PASSED] - setText(findTestObject("TestUserLocation/setNewName"), findTestData("LocationData").getValue("SubItemsName1", 1)): Text 'SUBITEM1_ON_12/12/18-16:33' is set on object 'Object Repository/TestUserLocation/setNewName'

2018-12-12 16:34:19 - [MESSAGE][PASSED] - Text 'SUBITEM1_ON_12/12/18-16:33' is set on object 'Object Repository/TestUserLocation/setNewName'

2018-12-12 16:34:19 - [TEST_STEP][NOT_RUN] - setText(findTestObject("TestResource/setPhoneNumber"), "912378456"): NOT_RUN: setText(findTestObject("TestResource/setPhoneNumber"), "912378456")

2018-12-12 16:34:19 - [MESSAGE][NOT_RUN] - NOT_RUN: setText(findTestObject("TestResource/setPhoneNumber"), "912378456")

2018-12-12 16:34:19 - [TEST_STEP][PASSED] - Thread.sleep(2000): null

2018-12-12 16:34:21 - [TEST_STEP][PASSED] - click(findTestObject("TestResource/saveDetailButton")): Object: 'Object Repository/TestResource/saveDetailButton' is clicked on

2018-12-12 16:34:21 - [MESSAGE][PASSED] - Object: 'Object Repository/TestResource/saveDetailButton' is clicked on

2018-12-12 16:34:21 - [TEST_STEP][PASSED] - Thread.sleep(7000): null

2018-12-12 16:34:28 - [TEST_STEP][PASSED] - click(findTestObject("TestResource/disableResource")): Object: 'Object Repository/TestResource/disableResource' is clicked on

2018-12-12 16:34:28 - [MESSAGE][PASSED] - Object: 'Object Repository/TestResource/disableResource' is clicked on

2018-12-12 16:34:28 - [TEST_STEP][PASSED] - Thread.sleep(2000): null

2018-12-12 16:34:30 - [TEST_STEP][PASSED] - click(findTestObject("TestResource/button2Yes")): Object: 'Object Repository/TestResource/button2Yes' is clicked on

2018-12-12 16:34:31 - [MESSAGE][PASSED] - Object: 'Object Repository/TestResource/button2Yes' is clicked on

2018-12-12 16:34:31 - [TEST_STEP][PASSED] - Thread.sleep(2000): null

2018-12-12 16:34:33 - [TEST_STEP][PASSED] - click(findTestObject("TestResource/saveDetailButton")): Object: 'Object Repository/TestResource/saveDetailButton' is clicked on

2018-12-12 16:34:33 - [MESSAGE][PASSED] - Object: 'Object Repository/TestResource/saveDetailButton' is clicked on

2018-12-12 16:34:33 - [TEST_STEP][PASSED] - Thread.sleep(7000): null

2018-12-12 16:34:40 - [TEST_STEP][PASSED] - click(findTestObject("TestResource/linksTab")): Object: 'Object Repository/TestResource/linksTab' is clicked on

2018-12-12 16:34:40 - [MESSAGE][PASSED] - Object: 'Object Repository/TestResource/linksTab' is clicked on

2018-12-12 16:34:40 - [TEST_STEP][PASSED] - Thread.sleep(2000): null

2018-12-12 16:34:42 - [TEST_STEP][PASSED] - click(findTestObject("TestResource/addLink")): Object: 'Object Repository/TestResource/addLink' is clicked on

2018-12-12 16:34:42 - [MESSAGE][PASSED] - Object: 'Object Repository/TestResource/addLink' is clicked on

2018-12-12 16:34:42 - [TEST_STEP][PASSED] - Thread.sleep(5000): null

2018-12-12 16:34:47 - [TEST_STEP][PASSED] - check(findTestObject("TestResource/selectSecondResourceToLink")): Object 'Object Repository/TestResource/selectSecondResourceToLink' is checked

2018-12-12 16:34:47 - [MESSAGE][PASSED] - Object 'Object Repository/TestResource/selectSecondResourceToLink' is checked

2018-12-12 16:34:47 - [TEST_STEP][PASSED] - AdminTool_Location.resourceLinkName(): AdminTool_Location.resourceLinkName is PASSED

2018-12-12 16:34:47 - [MESSAGE][PASSED] - AdminTool_Location.resourceLinkName is PASSED

2018-12-12 16:34:47 - [TEST_STEP][PASSED] - Thread.sleep(2000): null

2018-12-12 16:34:49 - [TEST_STEP][PASSED] - click(findTestObject("TestResource/button2Save")): Object: 'Object Repository/TestResource/button2Save' is clicked on

2018-12-12 16:34:49 - [MESSAGE][PASSED] - Object: 'Object Repository/TestResource/button2Save' is clicked on

2018-12-12 16:34:49 - [TEST_STEP][PASSED] - Thread.sleep(4000): null

2018-12-12 16:34:53 - [TEST_STEP][PASSED] - click(findTestObject("TestResource/locationTab")): Object: 'Object Repository/TestResource/locationTab' is clicked on

2018-12-12 16:34:53 - [MESSAGE][PASSED] - Object: 'Object Repository/TestResource/locationTab' is clicked on

2018-12-12 16:34:53 - [TEST_STEP][PASSED] - Thread.sleep(5000): null

2018-12-12 16:34:58 - [TEST_STEP][PASSED] - AdminTool_Location.checkLocation(): AdminTool_Location.checkLocation is PASSED

2018-12-12 16:35:01 - [MESSAGE][PASSED] - AdminTool_Location.checkLocation is PASSED

2018-12-12 16:35:01 - [TEST_STEP][PASSED] - Thread.sleep(4000): null

2018-12-12 16:35:05 - [TEST_STEP][PASSED] - click(findTestObject("TestResource/saveLocation")): Object: 'Object Repository/TestResource/saveLocation' is clicked on

2018-12-12 16:35:05 - [MESSAGE][PASSED] - Object: 'Object Repository/TestResource/saveLocation' is clicked on

2018-12-12 16:35:05 - [TEST_STEP][PASSED] - click(findTestObject("TestUserLocation/mainmenu_button")): Object: 'Object Repository/TestUserLocation/mainmenu_button' is clicked on

2018-12-12 16:35:07 - [MESSAGE][PASSED] - Object: 'Object Repository/TestUserLocation/mainmenu_button' is clicked on

2018-12-12 16:35:07 - [TEST_STEP][PASSED] - click(findTestObject("TestResource/mainMenu_resources")): Object: 'Object Repository/TestResource/mainMenu_resources' is clicked on

2018-12-12 16:35:07 - [MESSAGE][PASSED] - Object: 'Object Repository/TestResource/mainMenu_resources' is clicked on

2018-12-12 16:35:07 - [TEST_STEP][PASSED] - Thread.sleep(4000): null

2018-12-12 16:35:11 - [TEST_STEP][PASSED] - click(findTestObject("TestResource/items")): Object: 'Object Repository/TestResource/items' is clicked on

2018-12-12 16:35:11 - [MESSAGE][PASSED] - Object: 'Object Repository/TestResource/items' is clicked on

2018-12-12 16:35:11 - [TEST_STEP][PASSED] - Thread.sleep(4000): null

2018-12-12 16:35:15 - [TEST_STEP][PASSED] - AdminTool_Location.selectItem(): Element has been clicked

2018-12-12 16:35:19 - [MESSAGE][PASSED] - Element has been clicked

2018-12-12 16:35:19 - [TEST_STEP][PASSED] - Thread.sleep(4000): null

2018-12-12 16:35:23 - [TEST_STEP][PASSED] - click(findTestObject("TestUserLocation/addPlusIcon")): Object: 'Object Repository/TestUserLocation/addPlusIcon' is clicked on

2018-12-12 16:35:23 - [MESSAGE][PASSED] - Object: 'Object Repository/TestUserLocation/addPlusIcon' is clicked on

2018-12-12 16:35:23 - [TEST_STEP][PASSED] - Thread.sleep(2000): null

2018-12-12 16:35:25 - [TEST_STEP][PASSED] - setText(findTestObject("TestUserLocation/setNewName"), findTestData("LocationData").getValue("SubItemsName2", 1)): Text 'SUBITEM2_ON_12/12/18-16:33' is set on object 'Object Repository/TestUserLocation/setNewName'

2018-12-12 16:35:26 - [MESSAGE][PASSED] - Text 'SUBITEM2_ON_12/12/18-16:33' is set on object 'Object Repository/TestUserLocation/setNewName'

2018-12-12 16:35:26 - [TEST_STEP][NOT_RUN] - setText(findTestObject("TestResource/setPhoneNumber"), "912378456"): NOT_RUN: setText(findTestObject("TestResource/setPhoneNumber"), "912378456")

2018-12-12 16:35:26 - [MESSAGE][NOT_RUN] - NOT_RUN: setText(findTestObject("TestResource/setPhoneNumber"), "912378456")

2018-12-12 16:35:26 - [TEST_STEP][PASSED] - Thread.sleep(2000): null

2018-12-12 16:35:28 - [TEST_STEP][PASSED] - click(findTestObject("TestResource/saveDetailButton")): Object: 'Object Repository/TestResource/saveDetailButton' is clicked on

2018-12-12 16:35:28 - [MESSAGE][PASSED] - Object: 'Object Repository/TestResource/saveDetailButton' is clicked on

2018-12-12 16:35:28 - [TEST_STEP][PASSED] - Thread.sleep(7000): null

2018-12-12 16:35:35 - [TEST_STEP][PASSED] - click(findTestObject("TestResource/linksTab")): Object: 'Object Repository/TestResource/linksTab' is clicked on

2018-12-12 16:35:35 - [MESSAGE][PASSED] - Object: 'Object Repository/TestResource/linksTab' is clicked on

2018-12-12 16:35:35 - [TEST_STEP][PASSED] - Thread.sleep(2000): null

2018-12-12 16:35:37 - [TEST_STEP][PASSED] - click(findTestObject("TestResource/addLink")): Object: 'Object Repository/TestResource/addLink' is clicked on

2018-12-12 16:35:37 - [MESSAGE][PASSED] - Object: 'Object Repository/TestResource/addLink' is clicked on

2018-12-12 16:35:37 - [TEST_STEP][PASSED] - Thread.sleep(5000): null

2018-12-12 16:35:42 - [TEST_STEP][PASSED] - check(findTestObject("TestResource/selectSecondResourceToLink")): Object 'Object Repository/TestResource/selectSecondResourceToLink' is checked

2018-12-12 16:35:42 - [MESSAGE][PASSED] - Object 'Object Repository/TestResource/selectSecondResourceToLink' is checked

2018-12-12 16:35:42 - [TEST_STEP][PASSED] - AdminTool_Location.resourceLinkName(): AdminTool_Location.resourceLinkName is PASSED

2018-12-12 16:35:42 - [MESSAGE][PASSED] - AdminTool_Location.resourceLinkName is PASSED

2018-12-12 16:35:42 - [TEST_STEP][PASSED] - Thread.sleep(2000): null

2018-12-12 16:35:44 - [TEST_STEP][PASSED] - click(findTestObject("TestResource/button2Save")): Object: 'Object Repository/TestResource/button2Save' is clicked on

2018-12-12 16:35:44 - [MESSAGE][PASSED] - Object: 'Object Repository/TestResource/button2Save' is clicked on

2018-12-12 16:35:44 - [TEST_STEP][PASSED] - Thread.sleep(4000): null

2018-12-12 16:35:48 - [TEST_STEP][PASSED] - click(findTestObject("TestResource/locationTab")): Object: 'Object Repository/TestResource/locationTab' is clicked on

2018-12-12 16:35:49 - [MESSAGE][PASSED] - Object: 'Object Repository/TestResource/locationTab' is clicked on

2018-12-12 16:35:49 - [TEST_STEP][PASSED] - Thread.sleep(5000): null

2018-12-12 16:35:54 - [TEST_STEP][PASSED] - AdminTool_Location.checkLocation(): AdminTool_Location.checkLocation is PASSED

2018-12-12 16:35:56 - [MESSAGE][PASSED] - AdminTool_Location.checkLocation is PASSED

2018-12-12 16:35:56 - [TEST_STEP][PASSED] - Thread.sleep(4000): null

2018-12-12 16:36:00 - [TEST_STEP][PASSED] - click(findTestObject("TestResource/saveLocation")): Object: 'Object Repository/TestResource/saveLocation' is clicked on

2018-12-12 16:36:00 - [MESSAGE][PASSED] - Object: 'Object Repository/TestResource/saveLocation' is clicked on]]></system-out>
         <system-err><![CDATA[]]></system-err>
      </testcase>
      <testcase name="Test Cases/CheckResoucesAsPerLocation/validateResource" classname="Test Cases/CheckResoucesAsPerLocation/validateResource" status="PASSED">
         <system-out><![CDATA[2018-12-12 16:36:00 - [TEST_CASE][PASSED] - Test Cases/CheckResoucesAsPerLocation/validateResource: Test Cases/CheckResoucesAsPerLocation/validateResource

2018-12-12 16:36:00 - [TEST_STEP][NOT_RUN] - openBrowser(URL): NOT_RUN: openBrowser(URL)

2018-12-12 16:36:00 - [MESSAGE][NOT_RUN] - NOT_RUN: openBrowser(URL)

2018-12-12 16:36:00 - [TEST_STEP][NOT_RUN] - maximizeWindow(): NOT_RUN: maximizeWindow()

2018-12-12 16:36:00 - [MESSAGE][NOT_RUN] - NOT_RUN: maximizeWindow()

2018-12-12 16:36:00 - [TEST_STEP][NOT_RUN] - setText(findTestObject("Form_Selection_Creation/login_Username"), UserName): NOT_RUN: setText(findTestObject("Form_Selection_Creation/login_Username"), UserName)

2018-12-12 16:36:00 - [MESSAGE][NOT_RUN] - NOT_RUN: setText(findTestObject("Form_Selection_Creation/login_Username"), UserName)

2018-12-12 16:36:00 - [TEST_STEP][NOT_RUN] - setText(findTestObject("Form_Selection_Creation/login_Password"), Password): NOT_RUN: setText(findTestObject("Form_Selection_Creation/login_Password"), Password)

2018-12-12 16:36:00 - [MESSAGE][NOT_RUN] - NOT_RUN: setText(findTestObject("Form_Selection_Creation/login_Password"), Password)

2018-12-12 16:36:00 - [TEST_STEP][PASSED] - Thread.sleep(4000): null

2018-12-12 16:36:04 - [TEST_STEP][PASSED] - FormName.setData(): FormName.setData is PASSED

2018-12-12 16:36:04 - [MESSAGE][PASSED] - FormName.setData is PASSED

2018-12-12 16:36:04 - [TEST_STEP][NOT_RUN] - click(findTestObject("Form_Selection_Creation/login_Button")): NOT_RUN: click(findTestObject("Form_Selection_Creation/login_Button"))

2018-12-12 16:36:04 - [MESSAGE][NOT_RUN] - NOT_RUN: click(findTestObject("Form_Selection_Creation/login_Button"))

2018-12-12 16:36:04 - [TEST_STEP][PASSED] - click(findTestObject("Form_Selection_Creation/mainMenu_Button")): Object: 'Object Repository/Form_Selection_Creation/mainMenu_Button' is clicked on

2018-12-12 16:36:04 - [MESSAGE][PASSED] - Object: 'Object Repository/Form_Selection_Creation/mainMenu_Button' is clicked on

2018-12-12 16:36:04 - [TEST_STEP][NOT_RUN] - click(findTestObject("Form_Selection_Creation/mainMenu_AdminTools")): NOT_RUN: click(findTestObject("Form_Selection_Creation/mainMenu_AdminTools"))

2018-12-12 16:36:04 - [MESSAGE][NOT_RUN] - NOT_RUN: click(findTestObject("Form_Selection_Creation/mainMenu_AdminTools"))

2018-12-12 16:36:04 - [TEST_STEP][PASSED] - click(findTestObject("Form_Selection_Creation/mainMenu_AdminTools_FormDesigner")): Object: 'Object Repository/Form_Selection_Creation/mainMenu_AdminTools_FormDesigner' is clicked on

2018-12-12 16:36:04 - [MESSAGE][PASSED] - Object: 'Object Repository/Form_Selection_Creation/mainMenu_AdminTools_FormDesigner' is clicked on

2018-12-12 16:36:04 - [TEST_STEP][PASSED] - click(findTestObject("Form_Selection_Creation/selectCheckForm")): Object: 'Object Repository/Form_Selection_Creation/selectCheckForm' is clicked on

2018-12-12 16:36:05 - [MESSAGE][PASSED] - Object: 'Object Repository/Form_Selection_Creation/selectCheckForm' is clicked on

2018-12-12 16:36:05 - [TEST_STEP][PASSED] - Thread.sleep(5000): null

2018-12-12 16:36:10 - [TEST_STEP][PASSED] - AdminTool_Location.selectResType(): AdminTool_Location.selectResType is PASSED

2018-12-12 16:36:18 - [MESSAGE][PASSED] - AdminTool_Location.selectResType is PASSED

2018-12-12 16:36:18 - [TEST_STEP][PASSED] - AdminTool_Location.dragDropRes(): Element has been clicked

2018-12-12 16:36:22 - [MESSAGE][PASSED] - Element has been clicked

2018-12-12 16:36:22 - [TEST_STEP][PASSED] - Thread.sleep(3000): null

2018-12-12 16:36:25 - [TEST_STEP][NOT_RUN] - dragAndDropToObject(findTestObject("null"), findTestObject("Form_Selection_Creation/Target_Res_Object")): NOT_RUN: dragAndDropToObject(findTestObject("null"), findTestObject("Form_Selection_Creation/Target_Res_Object"))

2018-12-12 16:36:25 - [MESSAGE][NOT_RUN] - NOT_RUN: dragAndDropToObject(findTestObject("null"), findTestObject("Form_Selection_Creation/Target_Res_Object"))

2018-12-12 16:36:25 - [TEST_STEP][PASSED] - AdminTool_Location.validate(): AdminTool_Location.validate is PASSED

2018-12-12 16:36:25 - [MESSAGE][PASSED] - AdminTool_Location.validate is PASSED

2018-12-12 16:36:25 - [TEST_STEP][PASSED] - s = getText(findTestObject("TestResource/testText")): Text of object 'Object Repository/TestResource/testText' is: 'Items > ITEM_ON_12/12/18-16:33 > SUBITEM2_ON_12/12/18-16:33'

2018-12-12 16:36:25 - [MESSAGE][PASSED] - Text of object 'Object Repository/TestResource/testText' is: 'Items > ITEM_ON_12/12/18-16:33 > SUBITEM2_ON_12/12/18-16:33'

2018-12-12 16:36:25 - [TEST_STEP][PASSED] - println(s): null]]></system-out>
         <system-err><![CDATA[]]></system-err>
      </testcase>
      <testcase name="Test Cases/CheckResoucesAsPerLocation/checkResource_Supplier" classname="Test Cases/CheckResoucesAsPerLocation/checkResource_Supplier" status="PASSED">
         <system-out><![CDATA[2018-12-12 16:36:25 - [TEST_CASE][PASSED] - Test Cases/CheckResoucesAsPerLocation/checkResource_Supplier: Test Cases/CheckResoucesAsPerLocation/checkResource_Supplier

2018-12-12 16:36:26 - [TEST_STEP][PASSED] - openBrowser(URL): Browser is opened with url: 'https://mobile.stage.safetychain.com'

2018-12-12 16:36:26 - [MESSAGE][WARNING] - A browser is already opened. Closing browser and opening a new one

2018-12-12 16:36:26 - [MESSAGE][INFO] - Starting 'Chrome' driver

2018-12-12 16:36:52 - [MESSAGE][PASSED] - Browser is opened with url: 'https://mobile.stage.safetychain.com'

2018-12-12 16:36:52 - [TEST_STEP][PASSED] - maximizeWindow(): Current window maximized

2018-12-12 16:36:53 - [MESSAGE][PASSED] - Current window maximized

2018-12-12 16:36:53 - [TEST_STEP][PASSED] - setText(findTestObject("TestUserLocation/login_Username"), UserName): Text 'superadmin' is set on object 'Object Repository/TestUserLocation/login_Username'

2018-12-12 16:36:56 - [MESSAGE][PASSED] - Text 'superadmin' is set on object 'Object Repository/TestUserLocation/login_Username'

2018-12-12 16:36:56 - [TEST_STEP][PASSED] - setText(findTestObject("TestUserLocation/login_Password"), Password): Text 'slipmobile3772boot' is set on object 'Object Repository/TestUserLocation/login_Password'

2018-12-12 16:36:56 - [MESSAGE][PASSED] - Text 'slipmobile3772boot' is set on object 'Object Repository/TestUserLocation/login_Password'

2018-12-12 16:36:56 - [TEST_STEP][PASSED] - AdminTool_Location.setSupplierName(): AdminTool_Location.setSupplierName is PASSED

2018-12-12 16:36:56 - [MESSAGE][PASSED] - AdminTool_Location.setSupplierName is PASSED

2018-12-12 16:36:56 - [TEST_STEP][PASSED] - click(findTestObject("TestUserLocation/login_Button")): Object: 'Object Repository/TestUserLocation/login_Button' is clicked on

2018-12-12 16:37:03 - [MESSAGE][PASSED] - Object: 'Object Repository/TestUserLocation/login_Button' is clicked on

2018-12-12 16:37:03 - [TEST_STEP][PASSED] - Thread.sleep(4000): null

2018-12-12 16:37:07 - [TEST_STEP][PASSED] - click(findTestObject("TestUserLocation/mainmenu_button")): Object: 'Object Repository/TestUserLocation/mainmenu_button' is clicked on

2018-12-12 16:37:08 - [MESSAGE][PASSED] - Object: 'Object Repository/TestUserLocation/mainmenu_button' is clicked on

2018-12-12 16:37:08 - [TEST_STEP][PASSED] - click(findTestObject("TestUserLocation/adminTool")): Object: 'Object Repository/TestUserLocation/adminTool' is clicked on

2018-12-12 16:37:08 - [MESSAGE][PASSED] - Object: 'Object Repository/TestUserLocation/adminTool' is clicked on

2018-12-12 16:37:08 - [TEST_STEP][PASSED] - click(findTestObject("TestUserLocation/mainMenuResourceDesigner")): Object: 'Object Repository/TestUserLocation/mainMenuResourceDesigner' is clicked on

2018-12-12 16:37:08 - [MESSAGE][PASSED] - Object: 'Object Repository/TestUserLocation/mainMenuResourceDesigner' is clicked on

2018-12-12 16:37:08 - [TEST_STEP][PASSED] - Thread.sleep(4000): null

2018-12-12 16:37:12 - [TEST_STEP][PASSED] - click(findTestObject("TestResource/SuppliersDesign")): Object: 'Object Repository/TestResource/SuppliersDesign' is clicked on

2018-12-12 16:37:12 - [MESSAGE][PASSED] - Object: 'Object Repository/TestResource/SuppliersDesign' is clicked on

2018-12-12 16:37:12 - [TEST_STEP][PASSED] - Thread.sleep(4000): null

2018-12-12 16:37:16 - [TEST_STEP][PASSED] - click(findTestObject("TestUserLocation/categories")): Object: 'Object Repository/TestUserLocation/categories' is clicked on

2018-12-12 16:37:16 - [MESSAGE][PASSED] - Object: 'Object Repository/TestUserLocation/categories' is clicked on

2018-12-12 16:37:16 - [TEST_STEP][PASSED] - Thread.sleep(2000): null

2018-12-12 16:37:18 - [TEST_STEP][PASSED] - click(findTestObject("TestUserLocation/defaultArea")): Object: 'Object Repository/TestUserLocation/defaultArea' is clicked on

2018-12-12 16:37:18 - [MESSAGE][PASSED] - Object: 'Object Repository/TestUserLocation/defaultArea' is clicked on

2018-12-12 16:37:18 - [TEST_STEP][PASSED] - Thread.sleep(2000): null

2018-12-12 16:37:20 - [TEST_STEP][PASSED] - click(findTestObject("TestUserLocation/hoverHeading")): Object: 'Object Repository/TestUserLocation/hoverHeading' is clicked on

2018-12-12 16:37:20 - [MESSAGE][PASSED] - Object: 'Object Repository/TestUserLocation/hoverHeading' is clicked on

2018-12-12 16:37:20 - [TEST_STEP][PASSED] - click(findTestObject("TestUserLocation/addPlusIcon")): Object: 'Object Repository/TestUserLocation/addPlusIcon' is clicked on

2018-12-12 16:37:21 - [MESSAGE][PASSED] - Object: 'Object Repository/TestUserLocation/addPlusIcon' is clicked on

2018-12-12 16:37:21 - [TEST_STEP][PASSED] - setText(findTestObject("TestUserLocation/setNewName"), findTestData("LocationData").getValue("SuppliersName", 1)): Text 'SUPPLIER_ON_12/12/18-16:36' is set on object 'Object Repository/TestUserLocation/setNewName'

2018-12-12 16:37:21 - [MESSAGE][PASSED] - Text 'SUPPLIER_ON_12/12/18-16:36' is set on object 'Object Repository/TestUserLocation/setNewName'

2018-12-12 16:37:21 - [TEST_STEP][PASSED] - Thread.sleep(2000): null

2018-12-12 16:37:23 - [TEST_STEP][PASSED] - click(findTestObject("TestUserLocation/saveButton")): Object: 'Object Repository/TestUserLocation/saveButton' is clicked on

2018-12-12 16:37:23 - [MESSAGE][PASSED] - Object: 'Object Repository/TestUserLocation/saveButton' is clicked on

2018-12-12 16:37:23 - [TEST_STEP][PASSED] - Thread.sleep(4000): null

2018-12-12 16:37:27 - [TEST_STEP][PASSED] - Thread.sleep(4000): null

2018-12-12 16:37:31 - [TEST_STEP][PASSED] - click(findTestObject("TestUserLocation/mainmenu_button")): Object: 'Object Repository/TestUserLocation/mainmenu_button' is clicked on

2018-12-12 16:37:31 - [MESSAGE][PASSED] - Object: 'Object Repository/TestUserLocation/mainmenu_button' is clicked on

2018-12-12 16:37:31 - [TEST_STEP][PASSED] - click(findTestObject("TestResource/mainMenu_resources")): Object: 'Object Repository/TestResource/mainMenu_resources' is clicked on

2018-12-12 16:37:31 - [MESSAGE][PASSED] - Object: 'Object Repository/TestResource/mainMenu_resources' is clicked on

2018-12-12 16:37:31 - [TEST_STEP][PASSED] - Thread.sleep(4000): null

2018-12-12 16:37:35 - [TEST_STEP][PASSED] - click(findTestObject("TestResource/suppliers")): Object: 'Object Repository/TestResource/suppliers' is clicked on

2018-12-12 16:37:35 - [MESSAGE][PASSED] - Object: 'Object Repository/TestResource/suppliers' is clicked on

2018-12-12 16:37:35 - [TEST_STEP][PASSED] - Thread.sleep(4000): null

2018-12-12 16:37:39 - [TEST_STEP][PASSED] - AdminTool_Location.selectSupplier(): Element has been clicked

2018-12-12 16:37:43 - [MESSAGE][PASSED] - Element has been clicked

2018-12-12 16:37:43 - [TEST_STEP][PASSED] - Thread.sleep(4000): null

2018-12-12 16:37:47 - [TEST_STEP][PASSED] - click(findTestObject("TestUserLocation/addPlusIcon")): Object: 'Object Repository/TestUserLocation/addPlusIcon' is clicked on

2018-12-12 16:37:48 - [MESSAGE][PASSED] - Object: 'Object Repository/TestUserLocation/addPlusIcon' is clicked on

2018-12-12 16:37:48 - [TEST_STEP][PASSED] - Thread.sleep(2000): null

2018-12-12 16:37:50 - [TEST_STEP][PASSED] - setText(findTestObject("TestUserLocation/setNewName"), findTestData("LocationData").getValue("SubSuppliersName1", 1)): Text 'SUBSUPPLIER1_ON_12/12/18-16:36' is set on object 'Object Repository/TestUserLocation/setNewName'

2018-12-12 16:37:50 - [MESSAGE][PASSED] - Text 'SUBSUPPLIER1_ON_12/12/18-16:36' is set on object 'Object Repository/TestUserLocation/setNewName'

2018-12-12 16:37:50 - [TEST_STEP][NOT_RUN] - setText(findTestObject("TestResource/setPhoneNumber"), "912378456"): NOT_RUN: setText(findTestObject("TestResource/setPhoneNumber"), "912378456")

2018-12-12 16:37:50 - [MESSAGE][NOT_RUN] - NOT_RUN: setText(findTestObject("TestResource/setPhoneNumber"), "912378456")

2018-12-12 16:37:50 - [TEST_STEP][PASSED] - Thread.sleep(2000): null

2018-12-12 16:37:52 - [TEST_STEP][PASSED] - click(findTestObject("TestResource/saveDetailButton")): Object: 'Object Repository/TestResource/saveDetailButton' is clicked on

2018-12-12 16:37:52 - [MESSAGE][PASSED] - Object: 'Object Repository/TestResource/saveDetailButton' is clicked on

2018-12-12 16:37:52 - [TEST_STEP][PASSED] - Thread.sleep(7000): null

2018-12-12 16:37:59 - [TEST_STEP][PASSED] - click(findTestObject("TestResource/disableResource")): Object: 'Object Repository/TestResource/disableResource' is clicked on

2018-12-12 16:37:59 - [MESSAGE][PASSED] - Object: 'Object Repository/TestResource/disableResource' is clicked on

2018-12-12 16:37:59 - [TEST_STEP][PASSED] - Thread.sleep(2000): null

2018-12-12 16:38:01 - [TEST_STEP][PASSED] - click(findTestObject("TestResource/button2Yes")): Object: 'Object Repository/TestResource/button2Yes' is clicked on

2018-12-12 16:38:01 - [MESSAGE][PASSED] - Object: 'Object Repository/TestResource/button2Yes' is clicked on

2018-12-12 16:38:01 - [TEST_STEP][PASSED] - Thread.sleep(2000): null

2018-12-12 16:38:03 - [TEST_STEP][PASSED] - click(findTestObject("TestResource/saveDetailButton")): Object: 'Object Repository/TestResource/saveDetailButton' is clicked on

2018-12-12 16:38:03 - [MESSAGE][PASSED] - Object: 'Object Repository/TestResource/saveDetailButton' is clicked on

2018-12-12 16:38:03 - [TEST_STEP][PASSED] - Thread.sleep(7000): null

2018-12-12 16:38:10 - [TEST_STEP][PASSED] - click(findTestObject("TestResource/linksTab")): Object: 'Object Repository/TestResource/linksTab' is clicked on

2018-12-12 16:38:10 - [MESSAGE][PASSED] - Object: 'Object Repository/TestResource/linksTab' is clicked on

2018-12-12 16:38:10 - [TEST_STEP][PASSED] - Thread.sleep(2000): null

2018-12-12 16:38:12 - [TEST_STEP][PASSED] - click(findTestObject("TestResource/addLink")): Object: 'Object Repository/TestResource/addLink' is clicked on

2018-12-12 16:38:13 - [MESSAGE][PASSED] - Object: 'Object Repository/TestResource/addLink' is clicked on

2018-12-12 16:38:13 - [TEST_STEP][PASSED] - Thread.sleep(5000): null

2018-12-12 16:38:18 - [TEST_STEP][PASSED] - check(findTestObject("TestResource/selectSecondResourceToLink")): Object 'Object Repository/TestResource/selectSecondResourceToLink' is checked

2018-12-12 16:38:18 - [MESSAGE][PASSED] - Object 'Object Repository/TestResource/selectSecondResourceToLink' is checked

2018-12-12 16:38:18 - [TEST_STEP][PASSED] - AdminTool_Location.resourceLinkName(): AdminTool_Location.resourceLinkName is PASSED

2018-12-12 16:38:18 - [MESSAGE][PASSED] - AdminTool_Location.resourceLinkName is PASSED

2018-12-12 16:38:18 - [TEST_STEP][PASSED] - Thread.sleep(2000): null

2018-12-12 16:38:20 - [TEST_STEP][PASSED] - click(findTestObject("TestResource/button2Save")): Object: 'Object Repository/TestResource/button2Save' is clicked on

2018-12-12 16:38:20 - [MESSAGE][PASSED] - Object: 'Object Repository/TestResource/button2Save' is clicked on

2018-12-12 16:38:20 - [TEST_STEP][PASSED] - Thread.sleep(4000): null

2018-12-12 16:38:24 - [TEST_STEP][PASSED] - click(findTestObject("TestResource/locationTab")): Object: 'Object Repository/TestResource/locationTab' is clicked on

2018-12-12 16:38:24 - [MESSAGE][PASSED] - Object: 'Object Repository/TestResource/locationTab' is clicked on

2018-12-12 16:38:24 - [TEST_STEP][PASSED] - Thread.sleep(5000): null

2018-12-12 16:38:29 - [TEST_STEP][PASSED] - AdminTool_Location.checkLocation(): AdminTool_Location.checkLocation is PASSED

2018-12-12 16:38:31 - [MESSAGE][PASSED] - AdminTool_Location.checkLocation is PASSED

2018-12-12 16:38:31 - [TEST_STEP][PASSED] - Thread.sleep(4000): null

2018-12-12 16:38:35 - [TEST_STEP][PASSED] - click(findTestObject("TestResource/saveLocation")): Object: 'Object Repository/TestResource/saveLocation' is clicked on

2018-12-12 16:38:35 - [MESSAGE][PASSED] - Object: 'Object Repository/TestResource/saveLocation' is clicked on

2018-12-12 16:38:35 - [TEST_STEP][PASSED] - click(findTestObject("TestUserLocation/mainmenu_button")): Object: 'Object Repository/TestUserLocation/mainmenu_button' is clicked on

2018-12-12 16:38:37 - [MESSAGE][PASSED] - Object: 'Object Repository/TestUserLocation/mainmenu_button' is clicked on

2018-12-12 16:38:37 - [TEST_STEP][PASSED] - click(findTestObject("TestResource/mainMenu_resources")): Object: 'Object Repository/TestResource/mainMenu_resources' is clicked on

2018-12-12 16:38:37 - [MESSAGE][PASSED] - Object: 'Object Repository/TestResource/mainMenu_resources' is clicked on

2018-12-12 16:38:37 - [TEST_STEP][PASSED] - Thread.sleep(4000): null

2018-12-12 16:38:41 - [TEST_STEP][PASSED] - click(findTestObject("TestResource/suppliers")): Object: 'Object Repository/TestResource/suppliers' is clicked on

2018-12-12 16:38:41 - [MESSAGE][PASSED] - Object: 'Object Repository/TestResource/suppliers' is clicked on

2018-12-12 16:38:41 - [TEST_STEP][PASSED] - Thread.sleep(4000): null

2018-12-12 16:38:45 - [TEST_STEP][PASSED] - AdminTool_Location.selectSupplier(): Element has been clicked

2018-12-12 16:38:49 - [MESSAGE][PASSED] - Element has been clicked

2018-12-12 16:38:49 - [TEST_STEP][PASSED] - Thread.sleep(4000): null

2018-12-12 16:38:53 - [TEST_STEP][PASSED] - click(findTestObject("TestUserLocation/addPlusIcon")): Object: 'Object Repository/TestUserLocation/addPlusIcon' is clicked on

2018-12-12 16:38:53 - [MESSAGE][PASSED] - Object: 'Object Repository/TestUserLocation/addPlusIcon' is clicked on

2018-12-12 16:38:53 - [TEST_STEP][PASSED] - Thread.sleep(2000): null

2018-12-12 16:38:55 - [TEST_STEP][PASSED] - setText(findTestObject("TestUserLocation/setNewName"), findTestData("LocationData").getValue("SubSuppliersName2", 1)): Text 'SUBSUPPLIER2_ON_12/12/18-16:36' is set on object 'Object Repository/TestUserLocation/setNewName'

2018-12-12 16:38:56 - [MESSAGE][PASSED] - Text 'SUBSUPPLIER2_ON_12/12/18-16:36' is set on object 'Object Repository/TestUserLocation/setNewName'

2018-12-12 16:38:56 - [TEST_STEP][NOT_RUN] - setText(findTestObject("TestResource/setPhoneNumber"), "912378456"): NOT_RUN: setText(findTestObject("TestResource/setPhoneNumber"), "912378456")

2018-12-12 16:38:56 - [MESSAGE][NOT_RUN] - NOT_RUN: setText(findTestObject("TestResource/setPhoneNumber"), "912378456")

2018-12-12 16:38:56 - [TEST_STEP][PASSED] - Thread.sleep(2000): null

2018-12-12 16:38:58 - [TEST_STEP][PASSED] - click(findTestObject("TestResource/saveDetailButton")): Object: 'Object Repository/TestResource/saveDetailButton' is clicked on

2018-12-12 16:38:58 - [MESSAGE][PASSED] - Object: 'Object Repository/TestResource/saveDetailButton' is clicked on

2018-12-12 16:38:58 - [TEST_STEP][PASSED] - Thread.sleep(7000): null

2018-12-12 16:39:05 - [TEST_STEP][PASSED] - click(findTestObject("TestResource/linksTab")): Object: 'Object Repository/TestResource/linksTab' is clicked on

2018-12-12 16:39:05 - [MESSAGE][PASSED] - Object: 'Object Repository/TestResource/linksTab' is clicked on

2018-12-12 16:39:05 - [TEST_STEP][PASSED] - Thread.sleep(2000): null

2018-12-12 16:39:07 - [TEST_STEP][PASSED] - click(findTestObject("TestResource/addLink")): Object: 'Object Repository/TestResource/addLink' is clicked on

2018-12-12 16:39:07 - [MESSAGE][PASSED] - Object: 'Object Repository/TestResource/addLink' is clicked on

2018-12-12 16:39:07 - [TEST_STEP][PASSED] - Thread.sleep(5000): null

2018-12-12 16:39:12 - [TEST_STEP][PASSED] - check(findTestObject("TestResource/selectSecondResourceToLink")): Object 'Object Repository/TestResource/selectSecondResourceToLink' is checked

2018-12-12 16:39:12 - [MESSAGE][PASSED] - Object 'Object Repository/TestResource/selectSecondResourceToLink' is checked

2018-12-12 16:39:12 - [TEST_STEP][PASSED] - AdminTool_Location.resourceLinkName(): AdminTool_Location.resourceLinkName is PASSED

2018-12-12 16:39:12 - [MESSAGE][PASSED] - AdminTool_Location.resourceLinkName is PASSED

2018-12-12 16:39:12 - [TEST_STEP][PASSED] - Thread.sleep(2000): null

2018-12-12 16:39:14 - [TEST_STEP][PASSED] - click(findTestObject("TestResource/button2Save")): Object: 'Object Repository/TestResource/button2Save' is clicked on

2018-12-12 16:39:14 - [MESSAGE][PASSED] - Object: 'Object Repository/TestResource/button2Save' is clicked on

2018-12-12 16:39:14 - [TEST_STEP][PASSED] - Thread.sleep(4000): null

2018-12-12 16:39:18 - [TEST_STEP][PASSED] - click(findTestObject("TestResource/locationTab")): Object: 'Object Repository/TestResource/locationTab' is clicked on

2018-12-12 16:39:19 - [MESSAGE][PASSED] - Object: 'Object Repository/TestResource/locationTab' is clicked on

2018-12-12 16:39:19 - [TEST_STEP][PASSED] - Thread.sleep(5000): null

2018-12-12 16:39:24 - [TEST_STEP][PASSED] - AdminTool_Location.checkLocation(): AdminTool_Location.checkLocation is PASSED

2018-12-12 16:39:26 - [MESSAGE][PASSED] - AdminTool_Location.checkLocation is PASSED

2018-12-12 16:39:26 - [TEST_STEP][PASSED] - Thread.sleep(4000): null

2018-12-12 16:39:30 - [TEST_STEP][PASSED] - click(findTestObject("TestResource/saveLocation")): Object: 'Object Repository/TestResource/saveLocation' is clicked on

2018-12-12 16:39:30 - [MESSAGE][PASSED] - Object: 'Object Repository/TestResource/saveLocation' is clicked on]]></system-out>
         <system-err><![CDATA[]]></system-err>
      </testcase>
      <testcase name="Test Cases/CheckResoucesAsPerLocation/validateResource" classname="Test Cases/CheckResoucesAsPerLocation/validateResource" status="PASSED">
         <system-out><![CDATA[2018-12-12 16:39:30 - [TEST_CASE][PASSED] - Test Cases/CheckResoucesAsPerLocation/validateResource: Test Cases/CheckResoucesAsPerLocation/validateResource

2018-12-12 16:39:30 - [TEST_STEP][NOT_RUN] - openBrowser(URL): NOT_RUN: openBrowser(URL)

2018-12-12 16:39:30 - [MESSAGE][NOT_RUN] - NOT_RUN: openBrowser(URL)

2018-12-12 16:39:30 - [TEST_STEP][NOT_RUN] - maximizeWindow(): NOT_RUN: maximizeWindow()

2018-12-12 16:39:30 - [MESSAGE][NOT_RUN] - NOT_RUN: maximizeWindow()

2018-12-12 16:39:30 - [TEST_STEP][NOT_RUN] - setText(findTestObject("Form_Selection_Creation/login_Username"), UserName): NOT_RUN: setText(findTestObject("Form_Selection_Creation/login_Username"), UserName)

2018-12-12 16:39:30 - [MESSAGE][NOT_RUN] - NOT_RUN: setText(findTestObject("Form_Selection_Creation/login_Username"), UserName)

2018-12-12 16:39:30 - [TEST_STEP][NOT_RUN] - setText(findTestObject("Form_Selection_Creation/login_Password"), Password): NOT_RUN: setText(findTestObject("Form_Selection_Creation/login_Password"), Password)

2018-12-12 16:39:30 - [MESSAGE][NOT_RUN] - NOT_RUN: setText(findTestObject("Form_Selection_Creation/login_Password"), Password)

2018-12-12 16:39:30 - [TEST_STEP][PASSED] - Thread.sleep(4000): null

2018-12-12 16:39:34 - [TEST_STEP][PASSED] - FormName.setData(): FormName.setData is PASSED

2018-12-12 16:39:34 - [MESSAGE][PASSED] - FormName.setData is PASSED

2018-12-12 16:39:34 - [TEST_STEP][NOT_RUN] - click(findTestObject("Form_Selection_Creation/login_Button")): NOT_RUN: click(findTestObject("Form_Selection_Creation/login_Button"))

2018-12-12 16:39:34 - [MESSAGE][NOT_RUN] - NOT_RUN: click(findTestObject("Form_Selection_Creation/login_Button"))

2018-12-12 16:39:34 - [TEST_STEP][PASSED] - click(findTestObject("Form_Selection_Creation/mainMenu_Button")): Object: 'Object Repository/Form_Selection_Creation/mainMenu_Button' is clicked on

2018-12-12 16:39:34 - [MESSAGE][PASSED] - Object: 'Object Repository/Form_Selection_Creation/mainMenu_Button' is clicked on

2018-12-12 16:39:34 - [TEST_STEP][NOT_RUN] - click(findTestObject("Form_Selection_Creation/mainMenu_AdminTools")): NOT_RUN: click(findTestObject("Form_Selection_Creation/mainMenu_AdminTools"))

2018-12-12 16:39:34 - [MESSAGE][NOT_RUN] - NOT_RUN: click(findTestObject("Form_Selection_Creation/mainMenu_AdminTools"))

2018-12-12 16:39:34 - [TEST_STEP][PASSED] - click(findTestObject("Form_Selection_Creation/mainMenu_AdminTools_FormDesigner")): Object: 'Object Repository/Form_Selection_Creation/mainMenu_AdminTools_FormDesigner' is clicked on

2018-12-12 16:39:34 - [MESSAGE][PASSED] - Object: 'Object Repository/Form_Selection_Creation/mainMenu_AdminTools_FormDesigner' is clicked on

2018-12-12 16:39:34 - [TEST_STEP][PASSED] - click(findTestObject("Form_Selection_Creation/selectCheckForm")): Object: 'Object Repository/Form_Selection_Creation/selectCheckForm' is clicked on

2018-12-12 16:39:35 - [MESSAGE][PASSED] - Object: 'Object Repository/Form_Selection_Creation/selectCheckForm' is clicked on

2018-12-12 16:39:35 - [TEST_STEP][PASSED] - Thread.sleep(5000): null

2018-12-12 16:39:40 - [TEST_STEP][PASSED] - AdminTool_Location.selectResType(): AdminTool_Location.selectResType is PASSED

2018-12-12 16:39:49 - [MESSAGE][PASSED] - AdminTool_Location.selectResType is PASSED

2018-12-12 16:39:49 - [TEST_STEP][PASSED] - AdminTool_Location.dragDropRes(): Element has been clicked

2018-12-12 16:39:53 - [MESSAGE][PASSED] - Element has been clicked

2018-12-12 16:39:53 - [TEST_STEP][PASSED] - Thread.sleep(3000): null

2018-12-12 16:39:56 - [TEST_STEP][NOT_RUN] - dragAndDropToObject(findTestObject("null"), findTestObject("Form_Selection_Creation/Target_Res_Object")): NOT_RUN: dragAndDropToObject(findTestObject("null"), findTestObject("Form_Selection_Creation/Target_Res_Object"))

2018-12-12 16:39:56 - [MESSAGE][NOT_RUN] - NOT_RUN: dragAndDropToObject(findTestObject("null"), findTestObject("Form_Selection_Creation/Target_Res_Object"))

2018-12-12 16:39:56 - [TEST_STEP][PASSED] - AdminTool_Location.validate(): AdminTool_Location.validate is PASSED

2018-12-12 16:39:56 - [MESSAGE][PASSED] - AdminTool_Location.validate is PASSED

2018-12-12 16:39:56 - [TEST_STEP][PASSED] - s = getText(findTestObject("TestResource/testText")): Text of object 'Object Repository/TestResource/testText' is: 'Suppliers > SUPPLIER_ON_12/12/18-16:36 > SUBSUPPLIER2_ON_12/12/18-16:36'

2018-12-12 16:39:56 - [MESSAGE][PASSED] - Text of object 'Object Repository/TestResource/testText' is: 'Suppliers > SUPPLIER_ON_12/12/18-16:36 > SUBSUPPLIER2_ON_12/12/18-16:36'

2018-12-12 16:39:56 - [TEST_STEP][PASSED] - println(s): null]]></system-out>
         <system-err><![CDATA[]]></system-err>
      </testcase>
      <system-out><![CDATA[2018-12-12 16:24:05 - [TEST_SUITE][PASSED] - CheckAllResources: Test Cases/CheckResoucesAsPerLocation/validateResource]]></system-out>
      <system-err><![CDATA[]]></system-err>
   </testsuite>
</testsuites>
