<?xml version="1.0" encoding="UTF-8"?>
<testsuites name="Suppliers_Resource" time="204" tests="2" failures="0" errors="0">
   <testsuite name="Suppliers_Resource" tests="2" failures="0" errors="0" time="204" timestamp="2018-11-30 15:22:51" hostname="pashine_a - Abhishek-Pashine.India.XoriantCorp.com" id="Test Suites/Suppliers_Resource">
      <properties>
         <property name="deviceName" value=""/>
         <property name="devicePlatform" value=""/>
         <property name="logFolder" value="D:\\Git Data\\SafetyChain-Test-Automation-Katalon\\Reports\\Suppliers_Resource\\20181130_151024"/>
         <property name="logFiles" value="D:\\Git Data\\SafetyChain-Test-Automation-Katalon\\Reports\\Suppliers_Resource\\20181130_151024\\execution0.log"/>
         <property name="attachments" value=""/>
         <property name="hostName" value="pashine_a - Abhishek-Pashine.India.XoriantCorp.com"/>
         <property name="os" value="Windows 7 64bit"/>
         <property name="katalonVersion" value="5.9.0.1"/>
         <property name="browser" value="Chrome 70.0.3538.110"/>
         <property name="hostAddress" value="10.21.7.147"/>
         <property name="sessionId" value="355c9376916c0caa406ea3af768e4cbd"/>
         <property name="seleniumVersion" value="3.7.1"/>
         <property name="proxyInformation" value="ProxyInformation{proxyOption=NO_PROXY, proxyServerType=HTTP, password=, proxyServerAddress=, proxyServerPort=0}"/>
         <property name="platform" value="Windows 7"/>
      </properties>
      <testcase name="Test Cases/CheckResoucesAsPerLocation/checkResource_Supplier" classname="Test Cases/CheckResoucesAsPerLocation/checkResource_Supplier" status="PASSED">
         <system-out><![CDATA[2018-11-30 15:22:51 - [TEST_CASE][PASSED] - Test Cases/CheckResoucesAsPerLocation/checkResource_Supplier: Test Cases/CheckResoucesAsPerLocation/checkResource_Supplier

2018-11-30 15:22:51 - [TEST_STEP][PASSED] - openBrowser(URL): Browser is opened with url: 'https://test2.stage.safetychain.com'

2018-11-30 15:22:52 - [MESSAGE][INFO] - Starting 'Chrome' driver

2018-11-30 15:22:52 - [MESSAGE][INFO] - Action delay is set to 0 seconds

2018-11-30 15:23:11 - [MESSAGE][PASSED] - Browser is opened with url: 'https://test2.stage.safetychain.com'

2018-11-30 15:23:11 - [TEST_STEP][PASSED] - maximizeWindow(): Current window maximized

2018-11-30 15:23:12 - [MESSAGE][PASSED] - Current window maximized

2018-11-30 15:23:12 - [TEST_STEP][PASSED] - setText(findTestObject("TestUserLocation/login_Username"), UserName): Text 'superadmin' is set on object 'Object Repository/TestUserLocation/login_Username'

2018-11-30 15:23:16 - [MESSAGE][PASSED] - Text 'superadmin' is set on object 'Object Repository/TestUserLocation/login_Username'

2018-11-30 15:23:16 - [TEST_STEP][PASSED] - setText(findTestObject("TestUserLocation/login_Password"), Password): Text 'sliptest23772boot' is set on object 'Object Repository/TestUserLocation/login_Password'

2018-11-30 15:23:16 - [MESSAGE][PASSED] - Text 'sliptest23772boot' is set on object 'Object Repository/TestUserLocation/login_Password'

2018-11-30 15:23:16 - [TEST_STEP][PASSED] - AdminTool_Location.setSupplierName(): AdminTool_Location.setSupplierName is PASSED

2018-11-30 15:23:17 - [MESSAGE][PASSED] - AdminTool_Location.setSupplierName is PASSED

2018-11-30 15:23:17 - [TEST_STEP][PASSED] - click(findTestObject("TestUserLocation/login_Button")): Object: 'Object Repository/TestUserLocation/login_Button' is clicked on

2018-11-30 15:23:19 - [MESSAGE][PASSED] - Object: 'Object Repository/TestUserLocation/login_Button' is clicked on

2018-11-30 15:23:19 - [TEST_STEP][PASSED] - Thread.sleep(4000): null

2018-11-30 15:23:23 - [TEST_STEP][PASSED] - click(findTestObject("TestUserLocation/mainmenu_button")): Object: 'Object Repository/TestUserLocation/mainmenu_button' is clicked on

2018-11-30 15:23:25 - [MESSAGE][PASSED] - Object: 'Object Repository/TestUserLocation/mainmenu_button' is clicked on

2018-11-30 15:23:25 - [TEST_STEP][PASSED] - click(findTestObject("TestUserLocation/adminTool")): Object: 'Object Repository/TestUserLocation/adminTool' is clicked on

2018-11-30 15:23:25 - [MESSAGE][PASSED] - Object: 'Object Repository/TestUserLocation/adminTool' is clicked on

2018-11-30 15:23:25 - [TEST_STEP][PASSED] - click(findTestObject("TestUserLocation/mainMenuResourceDesigner")): Object: 'Object Repository/TestUserLocation/mainMenuResourceDesigner' is clicked on

2018-11-30 15:23:26 - [MESSAGE][PASSED] - Object: 'Object Repository/TestUserLocation/mainMenuResourceDesigner' is clicked on

2018-11-30 15:23:26 - [TEST_STEP][PASSED] - Thread.sleep(4000): null

2018-11-30 15:23:30 - [TEST_STEP][PASSED] - click(findTestObject("TestResource/SuppliersDesign")): Object: 'Object Repository/TestResource/SuppliersDesign' is clicked on

2018-11-30 15:23:30 - [MESSAGE][PASSED] - Object: 'Object Repository/TestResource/SuppliersDesign' is clicked on

2018-11-30 15:23:30 - [TEST_STEP][PASSED] - Thread.sleep(4000): null

2018-11-30 15:23:34 - [TEST_STEP][PASSED] - click(findTestObject("TestUserLocation/categories")): Object: 'Object Repository/TestUserLocation/categories' is clicked on

2018-11-30 15:23:34 - [MESSAGE][PASSED] - Object: 'Object Repository/TestUserLocation/categories' is clicked on

2018-11-30 15:23:34 - [TEST_STEP][PASSED] - Thread.sleep(2000): null

2018-11-30 15:23:36 - [TEST_STEP][PASSED] - click(findTestObject("TestUserLocation/defaultArea")): Object: 'Object Repository/TestUserLocation/defaultArea' is clicked on

2018-11-30 15:23:36 - [MESSAGE][PASSED] - Object: 'Object Repository/TestUserLocation/defaultArea' is clicked on

2018-11-30 15:23:36 - [TEST_STEP][PASSED] - Thread.sleep(2000): null

2018-11-30 15:23:38 - [TEST_STEP][PASSED] - click(findTestObject("TestUserLocation/hoverHeading")): Object: 'Object Repository/TestUserLocation/hoverHeading' is clicked on

2018-11-30 15:23:38 - [MESSAGE][PASSED] - Object: 'Object Repository/TestUserLocation/hoverHeading' is clicked on

2018-11-30 15:23:38 - [TEST_STEP][PASSED] - click(findTestObject("TestUserLocation/addPlusIcon")): Object: 'Object Repository/TestUserLocation/addPlusIcon' is clicked on

2018-11-30 15:23:38 - [MESSAGE][PASSED] - Object: 'Object Repository/TestUserLocation/addPlusIcon' is clicked on

2018-11-30 15:23:38 - [TEST_STEP][PASSED] - setText(findTestObject("TestUserLocation/setNewName"), findTestData("LocationData").getValue("SuppliersName", 1)): Text 'SUPPLIER_ON_30/11/18-15:23' is set on object 'Object Repository/TestUserLocation/setNewName'

2018-11-30 15:23:39 - [MESSAGE][PASSED] - Text 'SUPPLIER_ON_30/11/18-15:23' is set on object 'Object Repository/TestUserLocation/setNewName'

2018-11-30 15:23:39 - [TEST_STEP][PASSED] - Thread.sleep(2000): null

2018-11-30 15:23:41 - [TEST_STEP][PASSED] - click(findTestObject("TestUserLocation/saveButton")): Object: 'Object Repository/TestUserLocation/saveButton' is clicked on

2018-11-30 15:23:41 - [MESSAGE][PASSED] - Object: 'Object Repository/TestUserLocation/saveButton' is clicked on

2018-11-30 15:23:41 - [TEST_STEP][PASSED] - Thread.sleep(4000): null

2018-11-30 15:23:45 - [TEST_STEP][PASSED] - Thread.sleep(4000): null

2018-11-30 15:23:49 - [TEST_STEP][PASSED] - click(findTestObject("TestUserLocation/mainmenu_button")): Object: 'Object Repository/TestUserLocation/mainmenu_button' is clicked on

2018-11-30 15:23:49 - [MESSAGE][PASSED] - Object: 'Object Repository/TestUserLocation/mainmenu_button' is clicked on

2018-11-30 15:23:49 - [TEST_STEP][PASSED] - click(findTestObject("TestResource/mainMenu_resources")): Object: 'Object Repository/TestResource/mainMenu_resources' is clicked on

2018-11-30 15:23:49 - [MESSAGE][PASSED] - Object: 'Object Repository/TestResource/mainMenu_resources' is clicked on

2018-11-30 15:23:49 - [TEST_STEP][PASSED] - Thread.sleep(4000): null

2018-11-30 15:23:53 - [TEST_STEP][PASSED] - click(findTestObject("TestResource/suppliers")): Object: 'Object Repository/TestResource/suppliers' is clicked on

2018-11-30 15:23:53 - [MESSAGE][PASSED] - Object: 'Object Repository/TestResource/suppliers' is clicked on

2018-11-30 15:23:53 - [TEST_STEP][PASSED] - Thread.sleep(4000): null

2018-11-30 15:23:57 - [TEST_STEP][PASSED] - AdminTool_Location.selectSupplier(): Element has been clicked

2018-11-30 15:24:02 - [MESSAGE][PASSED] - Element has been clicked

2018-11-30 15:24:02 - [TEST_STEP][PASSED] - Thread.sleep(4000): null

2018-11-30 15:24:06 - [TEST_STEP][PASSED] - click(findTestObject("TestUserLocation/addPlusIcon")): Object: 'Object Repository/TestUserLocation/addPlusIcon' is clicked on

2018-11-30 15:24:06 - [MESSAGE][PASSED] - Object: 'Object Repository/TestUserLocation/addPlusIcon' is clicked on

2018-11-30 15:24:06 - [TEST_STEP][PASSED] - Thread.sleep(2000): null

2018-11-30 15:24:08 - [TEST_STEP][PASSED] - setText(findTestObject("TestUserLocation/setNewName"), findTestData("LocationData").getValue("SubSuppliersName1", 1)): Text 'SUBSUPPLIER1_ON_30/11/18-15:23' is set on object 'Object Repository/TestUserLocation/setNewName'

2018-11-30 15:24:08 - [MESSAGE][PASSED] - Text 'SUBSUPPLIER1_ON_30/11/18-15:23' is set on object 'Object Repository/TestUserLocation/setNewName'

2018-11-30 15:24:08 - [TEST_STEP][NOT_RUN] - setText(findTestObject("TestResource/setPhoneNumber"), "912378456"): NOT_RUN: setText(findTestObject("TestResource/setPhoneNumber"), "912378456")

2018-11-30 15:24:08 - [MESSAGE][NOT_RUN] - NOT_RUN: setText(findTestObject("TestResource/setPhoneNumber"), "912378456")

2018-11-30 15:24:08 - [TEST_STEP][PASSED] - Thread.sleep(2000): null

2018-11-30 15:24:10 - [TEST_STEP][PASSED] - click(findTestObject("TestResource/saveDetailButton")): Object: 'Object Repository/TestResource/saveDetailButton' is clicked on

2018-11-30 15:24:10 - [MESSAGE][PASSED] - Object: 'Object Repository/TestResource/saveDetailButton' is clicked on

2018-11-30 15:24:10 - [TEST_STEP][PASSED] - Thread.sleep(7000): null

2018-11-30 15:24:17 - [TEST_STEP][PASSED] - click(findTestObject("TestResource/disableResource")): Object: 'Object Repository/TestResource/disableResource' is clicked on

2018-11-30 15:24:17 - [MESSAGE][PASSED] - Object: 'Object Repository/TestResource/disableResource' is clicked on

2018-11-30 15:24:17 - [TEST_STEP][PASSED] - Thread.sleep(2000): null

2018-11-30 15:24:19 - [TEST_STEP][PASSED] - click(findTestObject("TestResource/button2Yes")): Object: 'Object Repository/TestResource/button2Yes' is clicked on

2018-11-30 15:24:19 - [MESSAGE][PASSED] - Object: 'Object Repository/TestResource/button2Yes' is clicked on

2018-11-30 15:24:19 - [TEST_STEP][PASSED] - Thread.sleep(2000): null

2018-11-30 15:24:21 - [TEST_STEP][PASSED] - click(findTestObject("TestResource/saveDetailButton")): Object: 'Object Repository/TestResource/saveDetailButton' is clicked on

2018-11-30 15:24:22 - [MESSAGE][PASSED] - Object: 'Object Repository/TestResource/saveDetailButton' is clicked on

2018-11-30 15:24:22 - [TEST_STEP][PASSED] - Thread.sleep(7000): null

2018-11-30 15:24:29 - [TEST_STEP][PASSED] - click(findTestObject("TestResource/linksTab")): Object: 'Object Repository/TestResource/linksTab' is clicked on

2018-11-30 15:24:29 - [MESSAGE][PASSED] - Object: 'Object Repository/TestResource/linksTab' is clicked on

2018-11-30 15:24:29 - [TEST_STEP][PASSED] - Thread.sleep(2000): null

2018-11-30 15:24:31 - [TEST_STEP][PASSED] - click(findTestObject("TestResource/addLink")): Object: 'Object Repository/TestResource/addLink' is clicked on

2018-11-30 15:24:31 - [MESSAGE][PASSED] - Object: 'Object Repository/TestResource/addLink' is clicked on

2018-11-30 15:24:31 - [TEST_STEP][PASSED] - Thread.sleep(5000): null

2018-11-30 15:24:36 - [TEST_STEP][PASSED] - check(findTestObject("TestResource/selectSecondResourceToLink")): Object 'Object Repository/TestResource/selectSecondResourceToLink' is checked

2018-11-30 15:24:36 - [MESSAGE][PASSED] - Object 'Object Repository/TestResource/selectSecondResourceToLink' is checked

2018-11-30 15:24:36 - [TEST_STEP][PASSED] - AdminTool_Location.resourceLinkName(): AdminTool_Location.resourceLinkName is PASSED

2018-11-30 15:24:36 - [MESSAGE][PASSED] - AdminTool_Location.resourceLinkName is PASSED

2018-11-30 15:24:36 - [TEST_STEP][PASSED] - Thread.sleep(2000): null

2018-11-30 15:24:38 - [TEST_STEP][PASSED] - click(findTestObject("TestResource/button2Save")): Object: 'Object Repository/TestResource/button2Save' is clicked on

2018-11-30 15:24:38 - [MESSAGE][PASSED] - Object: 'Object Repository/TestResource/button2Save' is clicked on

2018-11-30 15:24:38 - [TEST_STEP][PASSED] - Thread.sleep(4000): null

2018-11-30 15:24:42 - [TEST_STEP][PASSED] - click(findTestObject("TestResource/locationTab")): Object: 'Object Repository/TestResource/locationTab' is clicked on

2018-11-30 15:24:42 - [MESSAGE][PASSED] - Object: 'Object Repository/TestResource/locationTab' is clicked on

2018-11-30 15:24:42 - [TEST_STEP][PASSED] - Thread.sleep(5000): null

2018-11-30 15:24:47 - [TEST_STEP][PASSED] - AdminTool_Location.checkLocation(): AdminTool_Location.checkLocation is PASSED

2018-11-30 15:24:50 - [MESSAGE][PASSED] - AdminTool_Location.checkLocation is PASSED

2018-11-30 15:24:50 - [TEST_STEP][PASSED] - Thread.sleep(4000): null

2018-11-30 15:24:54 - [TEST_STEP][PASSED] - click(findTestObject("TestResource/saveLocation")): Object: 'Object Repository/TestResource/saveLocation' is clicked on

2018-11-30 15:24:54 - [MESSAGE][PASSED] - Object: 'Object Repository/TestResource/saveLocation' is clicked on

2018-11-30 15:24:54 - [TEST_STEP][PASSED] - click(findTestObject("TestUserLocation/mainmenu_button")): Object: 'Object Repository/TestUserLocation/mainmenu_button' is clicked on

2018-11-30 15:24:55 - [MESSAGE][PASSED] - Object: 'Object Repository/TestUserLocation/mainmenu_button' is clicked on

2018-11-30 15:24:55 - [TEST_STEP][PASSED] - click(findTestObject("TestResource/mainMenu_resources")): Object: 'Object Repository/TestResource/mainMenu_resources' is clicked on

2018-11-30 15:24:55 - [MESSAGE][PASSED] - Object: 'Object Repository/TestResource/mainMenu_resources' is clicked on

2018-11-30 15:24:55 - [TEST_STEP][PASSED] - Thread.sleep(4000): null

2018-11-30 15:24:59 - [TEST_STEP][PASSED] - click(findTestObject("TestResource/suppliers")): Object: 'Object Repository/TestResource/suppliers' is clicked on

2018-11-30 15:25:00 - [MESSAGE][PASSED] - Object: 'Object Repository/TestResource/suppliers' is clicked on

2018-11-30 15:25:00 - [TEST_STEP][PASSED] - Thread.sleep(4000): null

2018-11-30 15:25:04 - [TEST_STEP][PASSED] - AdminTool_Location.selectSupplier(): Element has been clicked

2018-11-30 15:25:08 - [MESSAGE][PASSED] - Element has been clicked

2018-11-30 15:25:08 - [TEST_STEP][PASSED] - Thread.sleep(4000): null

2018-11-30 15:25:12 - [TEST_STEP][PASSED] - click(findTestObject("TestUserLocation/addPlusIcon")): Object: 'Object Repository/TestUserLocation/addPlusIcon' is clicked on

2018-11-30 15:25:12 - [MESSAGE][PASSED] - Object: 'Object Repository/TestUserLocation/addPlusIcon' is clicked on

2018-11-30 15:25:12 - [TEST_STEP][PASSED] - Thread.sleep(2000): null

2018-11-30 15:25:14 - [TEST_STEP][PASSED] - setText(findTestObject("TestUserLocation/setNewName"), findTestData("LocationData").getValue("SubSuppliersName2", 1)): Text 'SUBSUPPLIER2_ON_30/11/18-15:23' is set on object 'Object Repository/TestUserLocation/setNewName'

2018-11-30 15:25:14 - [MESSAGE][PASSED] - Text 'SUBSUPPLIER2_ON_30/11/18-15:23' is set on object 'Object Repository/TestUserLocation/setNewName'

2018-11-30 15:25:14 - [TEST_STEP][NOT_RUN] - setText(findTestObject("TestResource/setPhoneNumber"), "912378456"): NOT_RUN: setText(findTestObject("TestResource/setPhoneNumber"), "912378456")

2018-11-30 15:25:14 - [MESSAGE][NOT_RUN] - NOT_RUN: setText(findTestObject("TestResource/setPhoneNumber"), "912378456")

2018-11-30 15:25:14 - [TEST_STEP][PASSED] - Thread.sleep(2000): null

2018-11-30 15:25:16 - [TEST_STEP][PASSED] - click(findTestObject("TestResource/saveDetailButton")): Object: 'Object Repository/TestResource/saveDetailButton' is clicked on

2018-11-30 15:25:16 - [MESSAGE][PASSED] - Object: 'Object Repository/TestResource/saveDetailButton' is clicked on

2018-11-30 15:25:16 - [TEST_STEP][PASSED] - Thread.sleep(7000): null

2018-11-30 15:25:23 - [TEST_STEP][PASSED] - click(findTestObject("TestResource/linksTab")): Object: 'Object Repository/TestResource/linksTab' is clicked on

2018-11-30 15:25:23 - [MESSAGE][PASSED] - Object: 'Object Repository/TestResource/linksTab' is clicked on

2018-11-30 15:25:23 - [TEST_STEP][PASSED] - Thread.sleep(2000): null

2018-11-30 15:25:25 - [TEST_STEP][PASSED] - click(findTestObject("TestResource/addLink")): Object: 'Object Repository/TestResource/addLink' is clicked on

2018-11-30 15:25:26 - [MESSAGE][PASSED] - Object: 'Object Repository/TestResource/addLink' is clicked on

2018-11-30 15:25:26 - [TEST_STEP][PASSED] - Thread.sleep(5000): null

2018-11-30 15:25:31 - [TEST_STEP][PASSED] - check(findTestObject("TestResource/selectSecondResourceToLink")): Object 'Object Repository/TestResource/selectSecondResourceToLink' is checked

2018-11-30 15:25:31 - [MESSAGE][PASSED] - Object 'Object Repository/TestResource/selectSecondResourceToLink' is checked

2018-11-30 15:25:31 - [TEST_STEP][PASSED] - AdminTool_Location.resourceLinkName(): AdminTool_Location.resourceLinkName is PASSED

2018-11-30 15:25:31 - [MESSAGE][PASSED] - AdminTool_Location.resourceLinkName is PASSED

2018-11-30 15:25:31 - [TEST_STEP][PASSED] - Thread.sleep(2000): null

2018-11-30 15:25:33 - [TEST_STEP][PASSED] - click(findTestObject("TestResource/button2Save")): Object: 'Object Repository/TestResource/button2Save' is clicked on

2018-11-30 15:25:33 - [MESSAGE][PASSED] - Object: 'Object Repository/TestResource/button2Save' is clicked on

2018-11-30 15:25:33 - [TEST_STEP][PASSED] - Thread.sleep(4000): null

2018-11-30 15:25:37 - [TEST_STEP][PASSED] - click(findTestObject("TestResource/locationTab")): Object: 'Object Repository/TestResource/locationTab' is clicked on

2018-11-30 15:25:37 - [MESSAGE][PASSED] - Object: 'Object Repository/TestResource/locationTab' is clicked on

2018-11-30 15:25:37 - [TEST_STEP][PASSED] - Thread.sleep(5000): null

2018-11-30 15:25:42 - [TEST_STEP][PASSED] - AdminTool_Location.checkLocation(): AdminTool_Location.checkLocation is PASSED

2018-11-30 15:25:44 - [MESSAGE][PASSED] - AdminTool_Location.checkLocation is PASSED

2018-11-30 15:25:44 - [TEST_STEP][PASSED] - Thread.sleep(4000): null

2018-11-30 15:25:48 - [TEST_STEP][PASSED] - click(findTestObject("TestResource/saveLocation")): Object: 'Object Repository/TestResource/saveLocation' is clicked on

2018-11-30 15:25:48 - [MESSAGE][PASSED] - Object: 'Object Repository/TestResource/saveLocation' is clicked on]]></system-out>
         <system-err><![CDATA[]]></system-err>
      </testcase>
      <testcase name="Test Cases/CheckResoucesAsPerLocation/validateResource" classname="Test Cases/CheckResoucesAsPerLocation/validateResource" status="PASSED">
         <system-out><![CDATA[2018-11-30 15:25:48 - [TEST_CASE][PASSED] - Test Cases/CheckResoucesAsPerLocation/validateResource: Test Cases/CheckResoucesAsPerLocation/validateResource

2018-11-30 15:25:49 - [TEST_STEP][NOT_RUN] - openBrowser(URL): NOT_RUN: openBrowser(URL)

2018-11-30 15:25:49 - [MESSAGE][NOT_RUN] - NOT_RUN: openBrowser(URL)

2018-11-30 15:25:49 - [TEST_STEP][NOT_RUN] - maximizeWindow(): NOT_RUN: maximizeWindow()

2018-11-30 15:25:49 - [MESSAGE][NOT_RUN] - NOT_RUN: maximizeWindow()

2018-11-30 15:25:49 - [TEST_STEP][NOT_RUN] - setText(findTestObject("Form_Selection_Creation/login_Username"), UserName): NOT_RUN: setText(findTestObject("Form_Selection_Creation/login_Username"), UserName)

2018-11-30 15:25:49 - [MESSAGE][NOT_RUN] - NOT_RUN: setText(findTestObject("Form_Selection_Creation/login_Username"), UserName)

2018-11-30 15:25:49 - [TEST_STEP][NOT_RUN] - setText(findTestObject("Form_Selection_Creation/login_Password"), Password): NOT_RUN: setText(findTestObject("Form_Selection_Creation/login_Password"), Password)

2018-11-30 15:25:49 - [MESSAGE][NOT_RUN] - NOT_RUN: setText(findTestObject("Form_Selection_Creation/login_Password"), Password)

2018-11-30 15:25:49 - [TEST_STEP][PASSED] - Thread.sleep(4000): null

2018-11-30 15:25:53 - [TEST_STEP][PASSED] - FormName.setData(): FormName.setData is PASSED

2018-11-30 15:25:53 - [MESSAGE][PASSED] - FormName.setData is PASSED

2018-11-30 15:25:53 - [TEST_STEP][NOT_RUN] - click(findTestObject("Form_Selection_Creation/login_Button")): NOT_RUN: click(findTestObject("Form_Selection_Creation/login_Button"))

2018-11-30 15:25:53 - [MESSAGE][NOT_RUN] - NOT_RUN: click(findTestObject("Form_Selection_Creation/login_Button"))

2018-11-30 15:25:53 - [TEST_STEP][PASSED] - click(findTestObject("Form_Selection_Creation/mainMenu_Button")): Object: 'Object Repository/Form_Selection_Creation/mainMenu_Button' is clicked on

2018-11-30 15:25:53 - [MESSAGE][PASSED] - Object: 'Object Repository/Form_Selection_Creation/mainMenu_Button' is clicked on

2018-11-30 15:25:53 - [TEST_STEP][NOT_RUN] - click(findTestObject("Form_Selection_Creation/mainMenu_AdminTools")): NOT_RUN: click(findTestObject("Form_Selection_Creation/mainMenu_AdminTools"))

2018-11-30 15:25:53 - [MESSAGE][NOT_RUN] - NOT_RUN: click(findTestObject("Form_Selection_Creation/mainMenu_AdminTools"))

2018-11-30 15:25:53 - [TEST_STEP][PASSED] - click(findTestObject("Form_Selection_Creation/mainMenu_AdminTools_FormDesigner")): Object: 'Object Repository/Form_Selection_Creation/mainMenu_AdminTools_FormDesigner' is clicked on

2018-11-30 15:25:53 - [MESSAGE][PASSED] - Object: 'Object Repository/Form_Selection_Creation/mainMenu_AdminTools_FormDesigner' is clicked on

2018-11-30 15:25:53 - [TEST_STEP][PASSED] - click(findTestObject("Form_Selection_Creation/selectCheckForm")): Object: 'Object Repository/Form_Selection_Creation/selectCheckForm' is clicked on

2018-11-30 15:25:53 - [MESSAGE][PASSED] - Object: 'Object Repository/Form_Selection_Creation/selectCheckForm' is clicked on

2018-11-30 15:25:53 - [TEST_STEP][PASSED] - Thread.sleep(5000): null

2018-11-30 15:25:58 - [TEST_STEP][PASSED] - AdminTool_Location.selectResType(): AdminTool_Location.selectResType is PASSED

2018-11-30 15:26:06 - [MESSAGE][PASSED] - AdminTool_Location.selectResType is PASSED

2018-11-30 15:26:06 - [TEST_STEP][PASSED] - AdminTool_Location.dragDropRes(): Element has been clicked

2018-11-30 15:26:11 - [MESSAGE][PASSED] - Element has been clicked

2018-11-30 15:26:11 - [TEST_STEP][PASSED] - Thread.sleep(3000): null

2018-11-30 15:26:14 - [TEST_STEP][NOT_RUN] - dragAndDropToObject(findTestObject("validateResources"), findTestObject("Form_Selection_Creation/Target_Res_Object")): NOT_RUN: dragAndDropToObject(findTestObject("validateResources"), findTestObject("Form_Selection_Creation/Target_Res_Object"))

2018-11-30 15:26:14 - [MESSAGE][NOT_RUN] - NOT_RUN: dragAndDropToObject(findTestObject("validateResources"), findTestObject("Form_Selection_Creation/Target_Res_Object"))

2018-11-30 15:26:14 - [TEST_STEP][PASSED] - AdminTool_Location.validate(): AdminTool_Location.validate is PASSED

2018-11-30 15:26:14 - [MESSAGE][PASSED] - AdminTool_Location.validate is PASSED

2018-11-30 15:26:14 - [TEST_STEP][PASSED] - s = getText(findTestObject("Text")): Text of object 'Object Repository/Text' is: 'Suppliers > SUPPLIER_ON_30/11/18-15:23 > SUBSUPPLIER2_ON_30/11/18-15:23'

2018-11-30 15:26:14 - [MESSAGE][PASSED] - Text of object 'Object Repository/Text' is: 'Suppliers > SUPPLIER_ON_30/11/18-15:23 > SUBSUPPLIER2_ON_30/11/18-15:23'

2018-11-30 15:26:14 - [TEST_STEP][PASSED] - println(s): null]]></system-out>
         <system-err><![CDATA[]]></system-err>
      </testcase>
      <system-out><![CDATA[2018-11-30 15:22:51 - [TEST_SUITE][PASSED] - Suppliers_Resource: Test Cases/CheckResoucesAsPerLocation/validateResource]]></system-out>
      <system-err><![CDATA[]]></system-err>
   </testsuite>
</testsuites>
