<?xml version="1.0" encoding="UTF-8"?>
<testsuites name="UserCheck" time="423" tests="7" failures="0" errors="0">
   <testsuite name="UserCheck" tests="7" failures="0" errors="0" time="423" timestamp="2018-12-11 15:18:40" hostname="pashine_a - Abhishek-Pashine.India.XoriantCorp.com" id="Test Suites/UserCheck">
      <properties>
         <property name="deviceName" value=""/>
         <property name="devicePlatform" value=""/>
         <property name="logFolder" value="D:\\Git Data\\SafetyChain-Test-Automation-Katalon\\Reports\\UserCheck\\20181211_151838"/>
         <property name="logFiles" value="D:\\Git Data\\SafetyChain-Test-Automation-Katalon\\Reports\\UserCheck\\20181211_151838\\execution0.log"/>
         <property name="attachments" value=""/>
         <property name="hostName" value="pashine_a - Abhishek-Pashine.India.XoriantCorp.com"/>
         <property name="os" value="Windows 7 64bit"/>
         <property name="katalonVersion" value="5.9.1.2"/>
         <property name="browser" value="Chrome 71.0.3578.80"/>
         <property name="hostAddress" value="10.21.7.147"/>
         <property name="sessionId" value="a2299600ffb94fefc2f3c5811805893d"/>
         <property name="seleniumVersion" value="3.7.1"/>
         <property name="proxyInformation" value="ProxyInformation{proxyOption=NO_PROXY, proxyServerType=HTTP, password=, proxyServerAddress=, proxyServerPort=0}"/>
         <property name="platform" value="Windows 7"/>
      </properties>
      <testcase name="Test Cases/TestUser/createUser" classname="Test Cases/TestUser/createUser" status="PASSED">
         <system-out><![CDATA[2018-12-11 15:18:40 - [TEST_CASE][PASSED] - Test Cases/TestUser/createUser: Test Cases/TestUser/createUser

2018-12-11 15:18:41 - [TEST_STEP][PASSED] - openBrowser(URL): Browser is opened with url: 'https://test1.safetychain.com'

2018-12-11 15:18:41 - [MESSAGE][INFO] - Starting 'Chrome' driver

2018-12-11 15:18:41 - [MESSAGE][INFO] - Action delay is set to 0 seconds

2018-12-11 15:19:06 - [MESSAGE][PASSED] - Browser is opened with url: 'https://test1.safetychain.com'

2018-12-11 15:19:06 - [TEST_STEP][PASSED] - maximizeWindow(): Current window maximized

2018-12-11 15:19:07 - [MESSAGE][PASSED] - Current window maximized

2018-12-11 15:19:07 - [TEST_STEP][PASSED] - setText(findTestObject("TestUserLocation/login_Username"), UserName): Text 'Superadmin' is set on object 'Object Repository/TestUserLocation/login_Username'

2018-12-11 15:19:11 - [MESSAGE][PASSED] - Text 'Superadmin' is set on object 'Object Repository/TestUserLocation/login_Username'

2018-12-11 15:19:11 - [TEST_STEP][PASSED] - setText(findTestObject("TestUserLocation/login_Password"), Password): Text 'latetest13772boot' is set on object 'Object Repository/TestUserLocation/login_Password'

2018-12-11 15:19:12 - [MESSAGE][PASSED] - Text 'latetest13772boot' is set on object 'Object Repository/TestUserLocation/login_Password'

2018-12-11 15:19:12 - [TEST_STEP][PASSED] - User.setNamePass(): User.setNamePass is PASSED

2018-12-11 15:19:13 - [MESSAGE][PASSED] - User.setNamePass is PASSED

2018-12-11 15:19:13 - [TEST_STEP][PASSED] - click(findTestObject("TestUserLocation/login_Button")): Object: 'Object Repository/TestUserLocation/login_Button' is clicked on

2018-12-11 15:19:16 - [MESSAGE][PASSED] - Object: 'Object Repository/TestUserLocation/login_Button' is clicked on

2018-12-11 15:19:16 - [TEST_STEP][PASSED] - Thread.sleep(6000): null

2018-12-11 15:19:22 - [TEST_STEP][PASSED] - click(findTestObject("TestUserLocation/mainmenu_button")): Object: 'Object Repository/TestUserLocation/mainmenu_button' is clicked on

2018-12-11 15:19:22 - [MESSAGE][PASSED] - Object: 'Object Repository/TestUserLocation/mainmenu_button' is clicked on

2018-12-11 15:19:22 - [TEST_STEP][PASSED] - click(findTestObject("Form_Selection_Creation/mainMenu_AdminTools")): Object: 'Object Repository/Form_Selection_Creation/mainMenu_AdminTools' is clicked on

2018-12-11 15:19:22 - [MESSAGE][PASSED] - Object: 'Object Repository/Form_Selection_Creation/mainMenu_AdminTools' is clicked on

2018-12-11 15:19:22 - [TEST_STEP][PASSED] - Thread.sleep(2000): null

2018-12-11 15:19:24 - [TEST_STEP][PASSED] - click(findTestObject("TestUser/users")): Object: 'Object Repository/TestUser/users' is clicked on

2018-12-11 15:19:24 - [MESSAGE][PASSED] - Object: 'Object Repository/TestUser/users' is clicked on

2018-12-11 15:19:24 - [TEST_STEP][PASSED] - Thread.sleep(6000): null

2018-12-11 15:19:30 - [TEST_STEP][PASSED] - click(findTestObject("TestUser/addNewUser")): Object: 'Object Repository/TestUser/addNewUser' is clicked on

2018-12-11 15:19:31 - [MESSAGE][PASSED] - Object: 'Object Repository/TestUser/addNewUser' is clicked on

2018-12-11 15:19:31 - [TEST_STEP][PASSED] - Thread.sleep(4000): null

2018-12-11 15:19:35 - [TEST_STEP][PASSED] - setText(findTestObject("TestUser/userName"), findTestData("UserData").getValue("UserName", 1)): Text 'User_On_11/12/18-15:19' is set on object 'Object Repository/TestUser/userName'

2018-12-11 15:19:35 - [MESSAGE][PASSED] - Text 'User_On_11/12/18-15:19' is set on object 'Object Repository/TestUser/userName'

2018-12-11 15:19:35 - [TEST_STEP][PASSED] - setText(findTestObject("TestUser/password"), findTestData("UserData").getValue("Password", 1)): Text 'password' is set on object 'Object Repository/TestUser/password'

2018-12-11 15:19:35 - [MESSAGE][PASSED] - Text 'password' is set on object 'Object Repository/TestUser/password'

2018-12-11 15:19:35 - [TEST_STEP][PASSED] - setText(findTestObject("TestUser/firstName"), "Test"): Text 'Test' is set on object 'Object Repository/TestUser/firstName'

2018-12-11 15:19:36 - [MESSAGE][PASSED] - Text 'Test' is set on object 'Object Repository/TestUser/firstName'

2018-12-11 15:19:36 - [TEST_STEP][PASSED] - setText(findTestObject("TestUser/lastName"), "Auto"): Text 'Auto' is set on object 'Object Repository/TestUser/lastName'

2018-12-11 15:19:36 - [MESSAGE][PASSED] - Text 'Auto' is set on object 'Object Repository/TestUser/lastName'

2018-12-11 15:19:36 - [TEST_STEP][PASSED] - setText(findTestObject("TestUser/email"), "test123@auto.com"): Text 'test123@auto.com' is set on object 'Object Repository/TestUser/email'

2018-12-11 15:19:36 - [MESSAGE][PASSED] - Text 'test123@auto.com' is set on object 'Object Repository/TestUser/email'

2018-12-11 15:19:36 - [TEST_STEP][PASSED] - click(findTestObject("TestUser/timeZoneOpen")): Object: 'Object Repository/TestUser/timeZoneOpen' is clicked on

2018-12-11 15:19:36 - [MESSAGE][PASSED] - Object: 'Object Repository/TestUser/timeZoneOpen' is clicked on

2018-12-11 15:19:36 - [TEST_STEP][PASSED] - Thread.sleep(2000): null

2018-12-11 15:19:38 - [TEST_STEP][PASSED] - click(findTestObject("TestUser/selectTimeZone")): Object: 'Object Repository/TestUser/selectTimeZone' is clicked on

2018-12-11 15:19:39 - [MESSAGE][PASSED] - Object: 'Object Repository/TestUser/selectTimeZone' is clicked on

2018-12-11 15:19:39 - [TEST_STEP][PASSED] - Thread.sleep(2000): null

2018-12-11 15:19:41 - [TEST_STEP][PASSED] - click(findTestObject("TestUser/clickOutside")): Object: 'Object Repository/TestUser/clickOutside' is clicked on

2018-12-11 15:19:41 - [MESSAGE][PASSED] - Object: 'Object Repository/TestUser/clickOutside' is clicked on

2018-12-11 15:19:41 - [TEST_STEP][PASSED] - click(findTestObject("TestUser/locationOpen")): Object: 'Object Repository/TestUser/locationOpen' is clicked on

2018-12-11 15:19:41 - [MESSAGE][PASSED] - Object: 'Object Repository/TestUser/locationOpen' is clicked on

2018-12-11 15:19:41 - [TEST_STEP][PASSED] - Thread.sleep(2000): null

2018-12-11 15:19:43 - [TEST_STEP][PASSED] - click(findTestObject("TestUser/selectLocation")): Object: 'Object Repository/TestUser/selectLocation' is clicked on

2018-12-11 15:19:43 - [MESSAGE][PASSED] - Object: 'Object Repository/TestUser/selectLocation' is clicked on

2018-12-11 15:19:43 - [TEST_STEP][PASSED] - Thread.sleep(2000): null

2018-12-11 15:19:45 - [TEST_STEP][PASSED] - click(findTestObject("TestUser/clickOutside")): Object: 'Object Repository/TestUser/clickOutside' is clicked on

2018-12-11 15:19:45 - [MESSAGE][PASSED] - Object: 'Object Repository/TestUser/clickOutside' is clicked on

2018-12-11 15:19:45 - [TEST_STEP][PASSED] - click(findTestObject("TestUser/roleOpen")): Object: 'Object Repository/TestUser/roleOpen' is clicked on

2018-12-11 15:19:45 - [MESSAGE][PASSED] - Object: 'Object Repository/TestUser/roleOpen' is clicked on

2018-12-11 15:19:45 - [TEST_STEP][PASSED] - Thread.sleep(2000): null

2018-12-11 15:19:47 - [TEST_STEP][PASSED] - click(findTestObject("TestUser/selectRole")): Object: 'Object Repository/TestUser/selectRole' is clicked on

2018-12-11 15:19:47 - [MESSAGE][PASSED] - Object: 'Object Repository/TestUser/selectRole' is clicked on

2018-12-11 15:19:47 - [TEST_STEP][PASSED] - Thread.sleep(2000): null

2018-12-11 15:19:49 - [TEST_STEP][PASSED] - click(findTestObject("TestUser/clickOutside")): Object: 'Object Repository/TestUser/clickOutside' is clicked on

2018-12-11 15:19:49 - [MESSAGE][PASSED] - Object: 'Object Repository/TestUser/clickOutside' is clicked on

2018-12-11 15:19:49 - [TEST_STEP][PASSED] - Thread.sleep(2000): null

2018-12-11 15:19:51 - [TEST_STEP][PASSED] - click(findTestObject("TestUser/saveUser")): Object: 'Object Repository/TestUser/saveUser' is clicked on

2018-12-11 15:19:52 - [MESSAGE][PASSED] - Object: 'Object Repository/TestUser/saveUser' is clicked on

2018-12-11 15:19:52 - [TEST_STEP][PASSED] - Thread.sleep(6000): null]]></system-out>
         <system-err><![CDATA[]]></system-err>
      </testcase>
      <testcase name="Test Cases/TestUser/userFirstLogin" classname="Test Cases/TestUser/userFirstLogin" status="PASSED">
         <system-out><![CDATA[2018-12-11 15:19:58 - [TEST_CASE][PASSED] - Test Cases/TestUser/userFirstLogin: Test Cases/TestUser/userFirstLogin

2018-12-11 15:19:58 - [TEST_STEP][PASSED] - openBrowser(URL): Browser is opened with url: 'https://test1.safetychain.com'

2018-12-11 15:19:58 - [MESSAGE][WARNING] - A browser is already opened. Closing browser and opening a new one

2018-12-11 15:19:59 - [MESSAGE][INFO] - Starting 'Chrome' driver

2018-12-11 15:20:16 - [MESSAGE][PASSED] - Browser is opened with url: 'https://test1.safetychain.com'

2018-12-11 15:20:16 - [TEST_STEP][PASSED] - maximizeWindow(): Current window maximized

2018-12-11 15:20:17 - [MESSAGE][PASSED] - Current window maximized

2018-12-11 15:20:17 - [TEST_STEP][PASSED] - Thread.sleep(2000): null

2018-12-11 15:20:19 - [TEST_STEP][PASSED] - setText(findTestObject("TestUserLocation/login_Username"), findTestData("UserData").getValue("UserName", 1)): Text 'User_On_11/12/18-15:19' is set on object 'Object Repository/TestUserLocation/login_Username'

2018-12-11 15:20:22 - [MESSAGE][PASSED] - Text 'User_On_11/12/18-15:19' is set on object 'Object Repository/TestUserLocation/login_Username'

2018-12-11 15:20:22 - [TEST_STEP][PASSED] - User.setNewPass(): User.setNewPass is PASSED

2018-12-11 15:20:22 - [MESSAGE][PASSED] - User.setNewPass is PASSED

2018-12-11 15:20:22 - [TEST_STEP][PASSED] - setText(findTestObject("TestUserLocation/login_Password"), findTestData("UserData").getValue("Password", 1)): Text 'password' is set on object 'Object Repository/TestUserLocation/login_Password'

2018-12-11 15:20:22 - [MESSAGE][PASSED] - Text 'password' is set on object 'Object Repository/TestUserLocation/login_Password'

2018-12-11 15:20:22 - [TEST_STEP][PASSED] - Thread.sleep(2000): null

2018-12-11 15:20:24 - [TEST_STEP][PASSED] - click(findTestObject("TestUserLocation/login_Button")): Object: 'Object Repository/TestUserLocation/login_Button' is clicked on

2018-12-11 15:20:25 - [MESSAGE][PASSED] - Object: 'Object Repository/TestUserLocation/login_Button' is clicked on

2018-12-11 15:20:25 - [TEST_STEP][PASSED] - Thread.sleep(6000): null

2018-12-11 15:20:31 - [TEST_STEP][PASSED] - setText(findTestObject("TestUser/newPassword"), "a"): Text 'a' is set on object 'Object Repository/TestUser/newPassword'

2018-12-11 15:20:31 - [MESSAGE][PASSED] - Text 'a' is set on object 'Object Repository/TestUser/newPassword'

2018-12-11 15:20:31 - [TEST_STEP][PASSED] - setText(findTestObject("TestUser/confirmPassword"), "b"): Text 'b' is set on object 'Object Repository/TestUser/confirmPassword'

2018-12-11 15:20:31 - [MESSAGE][PASSED] - Text 'b' is set on object 'Object Repository/TestUser/confirmPassword'

2018-12-11 15:20:31 - [TEST_STEP][PASSED] - Thread.sleep(2000): null

2018-12-11 15:20:33 - [TEST_STEP][PASSED] - click(findTestObject("TestUser/createPasswordButton")): Object: 'Object Repository/TestUser/createPasswordButton' is clicked on

2018-12-11 15:20:33 - [MESSAGE][PASSED] - Object: 'Object Repository/TestUser/createPasswordButton' is clicked on

2018-12-11 15:20:33 - [TEST_STEP][PASSED] - Thread.sleep(4000): null

2018-12-11 15:20:37 - [TEST_STEP][PASSED] - click(findTestObject("TestUser/passwordMatch")): Object: 'Object Repository/TestUser/passwordMatch' is clicked on

2018-12-11 15:20:37 - [MESSAGE][PASSED] - Object: 'Object Repository/TestUser/passwordMatch' is clicked on

2018-12-11 15:20:37 - [TEST_STEP][PASSED] - setText(findTestObject("TestUser/newPassword"), "a"): Text 'a' is set on object 'Object Repository/TestUser/newPassword'

2018-12-11 15:20:37 - [MESSAGE][PASSED] - Text 'a' is set on object 'Object Repository/TestUser/newPassword'

2018-12-11 15:20:37 - [TEST_STEP][PASSED] - setText(findTestObject("TestUser/confirmPassword"), "a"): Text 'a' is set on object 'Object Repository/TestUser/confirmPassword'

2018-12-11 15:20:38 - [MESSAGE][PASSED] - Text 'a' is set on object 'Object Repository/TestUser/confirmPassword'

2018-12-11 15:20:38 - [TEST_STEP][PASSED] - Thread.sleep(2000): null

2018-12-11 15:20:40 - [TEST_STEP][PASSED] - click(findTestObject("TestUser/createPasswordButton")): Object: 'Object Repository/TestUser/createPasswordButton' is clicked on

2018-12-11 15:20:41 - [MESSAGE][PASSED] - Object: 'Object Repository/TestUser/createPasswordButton' is clicked on

2018-12-11 15:20:41 - [TEST_STEP][PASSED] - Thread.sleep(4000): null

2018-12-11 15:20:45 - [TEST_STEP][PASSED] - click(findTestObject("TestUser/characterLength")): Object: 'Object Repository/TestUser/characterLength' is clicked on

2018-12-11 15:20:45 - [MESSAGE][PASSED] - Object: 'Object Repository/TestUser/characterLength' is clicked on

2018-12-11 15:20:45 - [TEST_STEP][PASSED] - setText(findTestObject("TestUser/newPassword"), findTestData("UserData").getValue("Password", 1)): Text 'password' is set on object 'Object Repository/TestUser/newPassword'

2018-12-11 15:20:45 - [MESSAGE][PASSED] - Text 'password' is set on object 'Object Repository/TestUser/newPassword'

2018-12-11 15:20:45 - [TEST_STEP][PASSED] - setText(findTestObject("TestUser/confirmPassword"), findTestData("UserData").getValue("Password", 1)): Text 'password' is set on object 'Object Repository/TestUser/confirmPassword'

2018-12-11 15:20:45 - [MESSAGE][PASSED] - Text 'password' is set on object 'Object Repository/TestUser/confirmPassword'

2018-12-11 15:20:45 - [TEST_STEP][PASSED] - Thread.sleep(2000): null

2018-12-11 15:20:47 - [TEST_STEP][PASSED] - click(findTestObject("TestUser/createPasswordButton")): Object: 'Object Repository/TestUser/createPasswordButton' is clicked on

2018-12-11 15:20:48 - [MESSAGE][PASSED] - Object: 'Object Repository/TestUser/createPasswordButton' is clicked on

2018-12-11 15:20:48 - [TEST_STEP][PASSED] - Thread.sleep(4000): null

2018-12-11 15:20:52 - [TEST_STEP][PASSED] - click(findTestObject("TestUser/specialCharacater")): Object: 'Object Repository/TestUser/specialCharacater' is clicked on

2018-12-11 15:20:52 - [MESSAGE][PASSED] - Object: 'Object Repository/TestUser/specialCharacater' is clicked on

2018-12-11 15:20:52 - [TEST_STEP][PASSED] - setText(findTestObject("TestUser/newPassword"), findTestData("UserData").getValue("NewPassword", 1)): Text 'password@123#' is set on object 'Object Repository/TestUser/newPassword'

2018-12-11 15:20:52 - [MESSAGE][PASSED] - Text 'password@123#' is set on object 'Object Repository/TestUser/newPassword'

2018-12-11 15:20:52 - [TEST_STEP][PASSED] - setText(findTestObject("TestUser/confirmPassword"), findTestData("UserData").getValue("NewPassword", 1)): Text 'password@123#' is set on object 'Object Repository/TestUser/confirmPassword'

2018-12-11 15:20:52 - [MESSAGE][PASSED] - Text 'password@123#' is set on object 'Object Repository/TestUser/confirmPassword'

2018-12-11 15:20:52 - [TEST_STEP][PASSED] - Thread.sleep(2000): null

2018-12-11 15:20:54 - [TEST_STEP][PASSED] - click(findTestObject("TestUser/createPasswordButton")): Object: 'Object Repository/TestUser/createPasswordButton' is clicked on

2018-12-11 15:20:55 - [MESSAGE][PASSED] - Object: 'Object Repository/TestUser/createPasswordButton' is clicked on

2018-12-11 15:20:55 - [TEST_STEP][PASSED] - Thread.sleep(4000): null

2018-12-11 15:20:59 - [TEST_STEP][PASSED] - setText(findTestObject("TestUserLocation/login_Username"), findTestData("UserData").getValue("UserName", 1)): Text 'User_On_11/12/18-15:19' is set on object 'Object Repository/TestUserLocation/login_Username'

2018-12-11 15:20:59 - [MESSAGE][PASSED] - Text 'User_On_11/12/18-15:19' is set on object 'Object Repository/TestUserLocation/login_Username'

2018-12-11 15:20:59 - [TEST_STEP][PASSED] - setText(findTestObject("TestUserLocation/login_Password"), findTestData("UserData").getValue("NewPassword", 1)): Text 'password@123#' is set on object 'Object Repository/TestUserLocation/login_Password'

2018-12-11 15:20:59 - [MESSAGE][PASSED] - Text 'password@123#' is set on object 'Object Repository/TestUserLocation/login_Password'

2018-12-11 15:20:59 - [TEST_STEP][PASSED] - Thread.sleep(2000): null

2018-12-11 15:21:01 - [TEST_STEP][PASSED] - click(findTestObject("TestUserLocation/login_Button")): Object: 'Object Repository/TestUserLocation/login_Button' is clicked on

2018-12-11 15:21:04 - [MESSAGE][PASSED] - Object: 'Object Repository/TestUserLocation/login_Button' is clicked on

2018-12-11 15:21:04 - [TEST_STEP][PASSED] - Thread.sleep(4000): null]]></system-out>
         <system-err><![CDATA[]]></system-err>
      </testcase>
      <testcase name="Test Cases/TestUser/CheckUser_Invalid" classname="Test Cases/TestUser/CheckUser_Invalid" status="PASSED">
         <system-out><![CDATA[2018-12-11 15:21:08 - [TEST_CASE][PASSED] - Test Cases/TestUser/CheckUser_Invalid: Test Cases/TestUser/CheckUser_Invalid

2018-12-11 15:21:08 - [TEST_STEP][PASSED] - openBrowser(URL): Browser is opened with url: 'https://test1.safetychain.com'

2018-12-11 15:21:08 - [MESSAGE][WARNING] - A browser is already opened. Closing browser and opening a new one

2018-12-11 15:21:09 - [MESSAGE][INFO] - Starting 'Chrome' driver

2018-12-11 15:21:27 - [MESSAGE][PASSED] - Browser is opened with url: 'https://test1.safetychain.com'

2018-12-11 15:21:27 - [TEST_STEP][PASSED] - maximizeWindow(): Current window maximized

2018-12-11 15:21:28 - [MESSAGE][PASSED] - Current window maximized

2018-12-11 15:21:28 - [TEST_STEP][PASSED] - for (def index : (0..10)): null

2018-12-11 15:21:28 - [TEST_STEP][PASSED] - setText(findTestObject("TestUserLocation/login_Username"), findTestData("UserData").getValue("UserName", 1)): Text 'User_On_11/12/18-15:19' is set on object 'Object Repository/TestUserLocation/login_Username'

2018-12-11 15:21:32 - [MESSAGE][PASSED] - Text 'User_On_11/12/18-15:19' is set on object 'Object Repository/TestUserLocation/login_Username'

2018-12-11 15:21:32 - [TEST_STEP][PASSED] - setText(findTestObject("TestUserLocation/login_Password"), findTestData("UserData").getValue("Password", 1)): Text 'password' is set on object 'Object Repository/TestUserLocation/login_Password'

2018-12-11 15:21:32 - [MESSAGE][PASSED] - Text 'password' is set on object 'Object Repository/TestUserLocation/login_Password'

2018-12-11 15:21:32 - [TEST_STEP][PASSED] - click(findTestObject("TestUserLocation/login_Button")): Object: 'Object Repository/TestUserLocation/login_Button' is clicked on

2018-12-11 15:21:32 - [MESSAGE][PASSED] - Object: 'Object Repository/TestUserLocation/login_Button' is clicked on

2018-12-11 15:21:32 - [TEST_STEP][PASSED] - Thread.sleep(2000): null

2018-12-11 15:21:34 - [TEST_STEP][PASSED] - setText(findTestObject("TestUserLocation/login_Username"), findTestData("UserData").getValue("UserName", 1)): Text 'User_On_11/12/18-15:19' is set on object 'Object Repository/TestUserLocation/login_Username'

2018-12-11 15:21:35 - [MESSAGE][PASSED] - Text 'User_On_11/12/18-15:19' is set on object 'Object Repository/TestUserLocation/login_Username'

2018-12-11 15:21:35 - [TEST_STEP][PASSED] - setText(findTestObject("TestUserLocation/login_Password"), findTestData("UserData").getValue("Password", 1)): Text 'password' is set on object 'Object Repository/TestUserLocation/login_Password'

2018-12-11 15:21:35 - [MESSAGE][PASSED] - Text 'password' is set on object 'Object Repository/TestUserLocation/login_Password'

2018-12-11 15:21:35 - [TEST_STEP][PASSED] - click(findTestObject("TestUserLocation/login_Button")): Object: 'Object Repository/TestUserLocation/login_Button' is clicked on

2018-12-11 15:21:35 - [MESSAGE][PASSED] - Object: 'Object Repository/TestUserLocation/login_Button' is clicked on

2018-12-11 15:21:35 - [TEST_STEP][PASSED] - Thread.sleep(2000): null

2018-12-11 15:21:37 - [TEST_STEP][PASSED] - setText(findTestObject("TestUserLocation/login_Username"), findTestData("UserData").getValue("UserName", 1)): Text 'User_On_11/12/18-15:19' is set on object 'Object Repository/TestUserLocation/login_Username'

2018-12-11 15:21:37 - [MESSAGE][PASSED] - Text 'User_On_11/12/18-15:19' is set on object 'Object Repository/TestUserLocation/login_Username'

2018-12-11 15:21:37 - [TEST_STEP][PASSED] - setText(findTestObject("TestUserLocation/login_Password"), findTestData("UserData").getValue("Password", 1)): Text 'password' is set on object 'Object Repository/TestUserLocation/login_Password'

2018-12-11 15:21:38 - [MESSAGE][PASSED] - Text 'password' is set on object 'Object Repository/TestUserLocation/login_Password'

2018-12-11 15:21:38 - [TEST_STEP][PASSED] - click(findTestObject("TestUserLocation/login_Button")): Object: 'Object Repository/TestUserLocation/login_Button' is clicked on

2018-12-11 15:21:38 - [MESSAGE][PASSED] - Object: 'Object Repository/TestUserLocation/login_Button' is clicked on

2018-12-11 15:21:38 - [TEST_STEP][PASSED] - Thread.sleep(2000): null

2018-12-11 15:21:40 - [TEST_STEP][PASSED] - setText(findTestObject("TestUserLocation/login_Username"), findTestData("UserData").getValue("UserName", 1)): Text 'User_On_11/12/18-15:19' is set on object 'Object Repository/TestUserLocation/login_Username'

2018-12-11 15:21:40 - [MESSAGE][PASSED] - Text 'User_On_11/12/18-15:19' is set on object 'Object Repository/TestUserLocation/login_Username'

2018-12-11 15:21:40 - [TEST_STEP][PASSED] - setText(findTestObject("TestUserLocation/login_Password"), findTestData("UserData").getValue("Password", 1)): Text 'password' is set on object 'Object Repository/TestUserLocation/login_Password'

2018-12-11 15:21:40 - [MESSAGE][PASSED] - Text 'password' is set on object 'Object Repository/TestUserLocation/login_Password'

2018-12-11 15:21:40 - [TEST_STEP][PASSED] - click(findTestObject("TestUserLocation/login_Button")): Object: 'Object Repository/TestUserLocation/login_Button' is clicked on

2018-12-11 15:21:41 - [MESSAGE][PASSED] - Object: 'Object Repository/TestUserLocation/login_Button' is clicked on

2018-12-11 15:21:41 - [TEST_STEP][PASSED] - Thread.sleep(2000): null

2018-12-11 15:21:43 - [TEST_STEP][PASSED] - setText(findTestObject("TestUserLocation/login_Username"), findTestData("UserData").getValue("UserName", 1)): Text 'User_On_11/12/18-15:19' is set on object 'Object Repository/TestUserLocation/login_Username'

2018-12-11 15:21:43 - [MESSAGE][PASSED] - Text 'User_On_11/12/18-15:19' is set on object 'Object Repository/TestUserLocation/login_Username'

2018-12-11 15:21:43 - [TEST_STEP][PASSED] - setText(findTestObject("TestUserLocation/login_Password"), findTestData("UserData").getValue("Password", 1)): Text 'password' is set on object 'Object Repository/TestUserLocation/login_Password'

2018-12-11 15:21:43 - [MESSAGE][PASSED] - Text 'password' is set on object 'Object Repository/TestUserLocation/login_Password'

2018-12-11 15:21:43 - [TEST_STEP][PASSED] - click(findTestObject("TestUserLocation/login_Button")): Object: 'Object Repository/TestUserLocation/login_Button' is clicked on

2018-12-11 15:21:44 - [MESSAGE][PASSED] - Object: 'Object Repository/TestUserLocation/login_Button' is clicked on

2018-12-11 15:21:44 - [TEST_STEP][PASSED] - Thread.sleep(2000): null

2018-12-11 15:21:46 - [TEST_STEP][PASSED] - setText(findTestObject("TestUserLocation/login_Username"), findTestData("UserData").getValue("UserName", 1)): Text 'User_On_11/12/18-15:19' is set on object 'Object Repository/TestUserLocation/login_Username'

2018-12-11 15:21:46 - [MESSAGE][PASSED] - Text 'User_On_11/12/18-15:19' is set on object 'Object Repository/TestUserLocation/login_Username'

2018-12-11 15:21:46 - [TEST_STEP][PASSED] - setText(findTestObject("TestUserLocation/login_Password"), findTestData("UserData").getValue("Password", 1)): Text 'password' is set on object 'Object Repository/TestUserLocation/login_Password'

2018-12-11 15:21:46 - [MESSAGE][PASSED] - Text 'password' is set on object 'Object Repository/TestUserLocation/login_Password'

2018-12-11 15:21:46 - [TEST_STEP][PASSED] - click(findTestObject("TestUserLocation/login_Button")): Object: 'Object Repository/TestUserLocation/login_Button' is clicked on

2018-12-11 15:21:46 - [MESSAGE][PASSED] - Object: 'Object Repository/TestUserLocation/login_Button' is clicked on

2018-12-11 15:21:46 - [TEST_STEP][PASSED] - Thread.sleep(2000): null

2018-12-11 15:21:48 - [TEST_STEP][PASSED] - setText(findTestObject("TestUserLocation/login_Username"), findTestData("UserData").getValue("UserName", 1)): Text 'User_On_11/12/18-15:19' is set on object 'Object Repository/TestUserLocation/login_Username'

2018-12-11 15:21:49 - [MESSAGE][PASSED] - Text 'User_On_11/12/18-15:19' is set on object 'Object Repository/TestUserLocation/login_Username'

2018-12-11 15:21:49 - [TEST_STEP][PASSED] - setText(findTestObject("TestUserLocation/login_Password"), findTestData("UserData").getValue("Password", 1)): Text 'password' is set on object 'Object Repository/TestUserLocation/login_Password'

2018-12-11 15:21:49 - [MESSAGE][PASSED] - Text 'password' is set on object 'Object Repository/TestUserLocation/login_Password'

2018-12-11 15:21:49 - [TEST_STEP][PASSED] - click(findTestObject("TestUserLocation/login_Button")): Object: 'Object Repository/TestUserLocation/login_Button' is clicked on

2018-12-11 15:21:49 - [MESSAGE][PASSED] - Object: 'Object Repository/TestUserLocation/login_Button' is clicked on

2018-12-11 15:21:49 - [TEST_STEP][PASSED] - Thread.sleep(2000): null

2018-12-11 15:21:51 - [TEST_STEP][PASSED] - setText(findTestObject("TestUserLocation/login_Username"), findTestData("UserData").getValue("UserName", 1)): Text 'User_On_11/12/18-15:19' is set on object 'Object Repository/TestUserLocation/login_Username'

2018-12-11 15:21:51 - [MESSAGE][PASSED] - Text 'User_On_11/12/18-15:19' is set on object 'Object Repository/TestUserLocation/login_Username'

2018-12-11 15:21:51 - [TEST_STEP][PASSED] - setText(findTestObject("TestUserLocation/login_Password"), findTestData("UserData").getValue("Password", 1)): Text 'password' is set on object 'Object Repository/TestUserLocation/login_Password'

2018-12-11 15:21:51 - [MESSAGE][PASSED] - Text 'password' is set on object 'Object Repository/TestUserLocation/login_Password'

2018-12-11 15:21:51 - [TEST_STEP][PASSED] - click(findTestObject("TestUserLocation/login_Button")): Object: 'Object Repository/TestUserLocation/login_Button' is clicked on

2018-12-11 15:21:52 - [MESSAGE][PASSED] - Object: 'Object Repository/TestUserLocation/login_Button' is clicked on

2018-12-11 15:21:52 - [TEST_STEP][PASSED] - Thread.sleep(2000): null

2018-12-11 15:21:54 - [TEST_STEP][PASSED] - setText(findTestObject("TestUserLocation/login_Username"), findTestData("UserData").getValue("UserName", 1)): Text 'User_On_11/12/18-15:19' is set on object 'Object Repository/TestUserLocation/login_Username'

2018-12-11 15:21:54 - [MESSAGE][PASSED] - Text 'User_On_11/12/18-15:19' is set on object 'Object Repository/TestUserLocation/login_Username'

2018-12-11 15:21:54 - [TEST_STEP][PASSED] - setText(findTestObject("TestUserLocation/login_Password"), findTestData("UserData").getValue("Password", 1)): Text 'password' is set on object 'Object Repository/TestUserLocation/login_Password'

2018-12-11 15:21:54 - [MESSAGE][PASSED] - Text 'password' is set on object 'Object Repository/TestUserLocation/login_Password'

2018-12-11 15:21:54 - [TEST_STEP][PASSED] - click(findTestObject("TestUserLocation/login_Button")): Object: 'Object Repository/TestUserLocation/login_Button' is clicked on

2018-12-11 15:21:55 - [MESSAGE][PASSED] - Object: 'Object Repository/TestUserLocation/login_Button' is clicked on

2018-12-11 15:21:55 - [TEST_STEP][PASSED] - Thread.sleep(2000): null

2018-12-11 15:21:57 - [TEST_STEP][PASSED] - setText(findTestObject("TestUserLocation/login_Username"), findTestData("UserData").getValue("UserName", 1)): Text 'User_On_11/12/18-15:19' is set on object 'Object Repository/TestUserLocation/login_Username'

2018-12-11 15:21:57 - [MESSAGE][PASSED] - Text 'User_On_11/12/18-15:19' is set on object 'Object Repository/TestUserLocation/login_Username'

2018-12-11 15:21:57 - [TEST_STEP][PASSED] - setText(findTestObject("TestUserLocation/login_Password"), findTestData("UserData").getValue("Password", 1)): Text 'password' is set on object 'Object Repository/TestUserLocation/login_Password'

2018-12-11 15:21:57 - [MESSAGE][PASSED] - Text 'password' is set on object 'Object Repository/TestUserLocation/login_Password'

2018-12-11 15:21:57 - [TEST_STEP][PASSED] - click(findTestObject("TestUserLocation/login_Button")): Object: 'Object Repository/TestUserLocation/login_Button' is clicked on

2018-12-11 15:21:57 - [MESSAGE][PASSED] - Object: 'Object Repository/TestUserLocation/login_Button' is clicked on

2018-12-11 15:21:57 - [TEST_STEP][PASSED] - Thread.sleep(2000): null

2018-12-11 15:21:59 - [TEST_STEP][PASSED] - setText(findTestObject("TestUserLocation/login_Username"), findTestData("UserData").getValue("UserName", 1)): Text 'User_On_11/12/18-15:19' is set on object 'Object Repository/TestUserLocation/login_Username'

2018-12-11 15:22:00 - [MESSAGE][PASSED] - Text 'User_On_11/12/18-15:19' is set on object 'Object Repository/TestUserLocation/login_Username'

2018-12-11 15:22:00 - [TEST_STEP][PASSED] - setText(findTestObject("TestUserLocation/login_Password"), findTestData("UserData").getValue("Password", 1)): Text 'password' is set on object 'Object Repository/TestUserLocation/login_Password'

2018-12-11 15:22:00 - [MESSAGE][PASSED] - Text 'password' is set on object 'Object Repository/TestUserLocation/login_Password'

2018-12-11 15:22:00 - [TEST_STEP][PASSED] - click(findTestObject("TestUserLocation/login_Button")): Object: 'Object Repository/TestUserLocation/login_Button' is clicked on

2018-12-11 15:22:00 - [MESSAGE][PASSED] - Object: 'Object Repository/TestUserLocation/login_Button' is clicked on

2018-12-11 15:22:00 - [TEST_STEP][PASSED] - Thread.sleep(2000): null

2018-12-11 15:22:02 - [TEST_STEP][PASSED] - click(findTestObject("TestUser/lockedAccount")): Object: 'Object Repository/TestUser/lockedAccount' is clicked on

2018-12-11 15:22:02 - [MESSAGE][PASSED] - Object: 'Object Repository/TestUser/lockedAccount' is clicked on

2018-12-11 15:22:02 - [TEST_STEP][PASSED] - Thread.sleep(6000): null

2018-12-11 15:22:08 - [TEST_STEP][NOT_RUN] - setText(findTestObject("TestUserLocation/login_Username"), findTestData("UserData").getValue("UserName", 1)): NOT_RUN: setText(findTestObject("TestUserLocation/login_Username"), findTestData("UserData").getValue("UserName", 1))

2018-12-11 15:22:08 - [MESSAGE][NOT_RUN] - NOT_RUN: setText(findTestObject("TestUserLocation/login_Username"), findTestData("UserData").getValue("UserName", 1))

2018-12-11 15:22:08 - [TEST_STEP][NOT_RUN] - setText(findTestObject("TestUserLocation/login_Password"), findTestData("UserData").getValue("NewPassword", 1)): NOT_RUN: setText(findTestObject("TestUserLocation/login_Password"), findTestData("UserData").getValue("NewPassword", 1))

2018-12-11 15:22:08 - [MESSAGE][NOT_RUN] - NOT_RUN: setText(findTestObject("TestUserLocation/login_Password"), findTestData("UserData").getValue("NewPassword", 1))

2018-12-11 15:22:08 - [TEST_STEP][NOT_RUN] - click(findTestObject("TestUserLocation/login_Button")): NOT_RUN: click(findTestObject("TestUserLocation/login_Button"))

2018-12-11 15:22:08 - [MESSAGE][NOT_RUN] - NOT_RUN: click(findTestObject("TestUserLocation/login_Button"))]]></system-out>
         <system-err><![CDATA[]]></system-err>
      </testcase>
      <testcase name="Test Cases/TestUser/UnlockUser" classname="Test Cases/TestUser/UnlockUser" status="PASSED">
         <system-out><![CDATA[2018-12-11 15:22:08 - [TEST_CASE][PASSED] - Test Cases/TestUser/UnlockUser: Test Cases/TestUser/UnlockUser

2018-12-11 15:22:09 - [TEST_STEP][PASSED] - openBrowser(URL): Browser is opened with url: 'https://test1.safetychain.com'

2018-12-11 15:22:09 - [MESSAGE][WARNING] - A browser is already opened. Closing browser and opening a new one

2018-12-11 15:22:09 - [MESSAGE][INFO] - Starting 'Chrome' driver

2018-12-11 15:22:27 - [MESSAGE][PASSED] - Browser is opened with url: 'https://test1.safetychain.com'

2018-12-11 15:22:27 - [TEST_STEP][PASSED] - maximizeWindow(): Current window maximized

2018-12-11 15:22:28 - [MESSAGE][PASSED] - Current window maximized

2018-12-11 15:22:28 - [TEST_STEP][PASSED] - setText(findTestObject("TestUserLocation/login_Username"), UserName): Text 'Superadmin' is set on object 'Object Repository/TestUserLocation/login_Username'

2018-12-11 15:22:33 - [MESSAGE][PASSED] - Text 'Superadmin' is set on object 'Object Repository/TestUserLocation/login_Username'

2018-12-11 15:22:33 - [TEST_STEP][PASSED] - setText(findTestObject("TestUserLocation/login_Password"), Password): Text 'latetest13772boot' is set on object 'Object Repository/TestUserLocation/login_Password'

2018-12-11 15:22:33 - [MESSAGE][PASSED] - Text 'latetest13772boot' is set on object 'Object Repository/TestUserLocation/login_Password'

2018-12-11 15:22:33 - [TEST_STEP][NOT_RUN] - User.setNamePass(): NOT_RUN: User.setNamePass()

2018-12-11 15:22:33 - [MESSAGE][NOT_RUN] - NOT_RUN: User.setNamePass()

2018-12-11 15:22:33 - [TEST_STEP][PASSED] - click(findTestObject("TestUserLocation/login_Button")): Object: 'Object Repository/TestUserLocation/login_Button' is clicked on

2018-12-11 15:22:34 - [MESSAGE][PASSED] - Object: 'Object Repository/TestUserLocation/login_Button' is clicked on

2018-12-11 15:22:34 - [TEST_STEP][PASSED] - Thread.sleep(6000): null

2018-12-11 15:22:40 - [TEST_STEP][PASSED] - click(findTestObject("TestUserLocation/mainmenu_button")): Object: 'Object Repository/TestUserLocation/mainmenu_button' is clicked on

2018-12-11 15:22:41 - [MESSAGE][PASSED] - Object: 'Object Repository/TestUserLocation/mainmenu_button' is clicked on

2018-12-11 15:22:41 - [TEST_STEP][PASSED] - click(findTestObject("Form_Selection_Creation/mainMenu_AdminTools")): Object: 'Object Repository/Form_Selection_Creation/mainMenu_AdminTools' is clicked on

2018-12-11 15:22:46 - [MESSAGE][PASSED] - Object: 'Object Repository/Form_Selection_Creation/mainMenu_AdminTools' is clicked on

2018-12-11 15:22:46 - [TEST_STEP][PASSED] - Thread.sleep(2000): null

2018-12-11 15:22:48 - [TEST_STEP][PASSED] - click(findTestObject("TestUser/users")): Object: 'Object Repository/TestUser/users' is clicked on

2018-12-11 15:22:48 - [MESSAGE][PASSED] - Object: 'Object Repository/TestUser/users' is clicked on

2018-12-11 15:22:48 - [TEST_STEP][PASSED] - Thread.sleep(4000): null

2018-12-11 15:22:52 - [TEST_STEP][PASSED] - setText(findTestObject("TestUser/filterUser"), findTestData("UserData").getValue("UserName", 1)): Text 'User_On_11/12/18-15:19' is set on object 'Object Repository/TestUser/filterUser'

2018-12-11 15:22:52 - [MESSAGE][PASSED] - Text 'User_On_11/12/18-15:19' is set on object 'Object Repository/TestUser/filterUser'

2018-12-11 15:22:52 - [TEST_STEP][PASSED] - Thread.sleep(2000): null

2018-12-11 15:22:54 - [TEST_STEP][PASSED] - sendKeys(findTestObject("TestUser/filterUser"), Keys.chord(ENTER)): Keys 'ENTER + ' sent to object: 'Object Repository/TestUser/filterUser'

2018-12-11 15:22:54 - [MESSAGE][PASSED] - Keys 'ENTER + ' sent to object: 'Object Repository/TestUser/filterUser'

2018-12-11 15:22:54 - [TEST_STEP][PASSED] - Thread.sleep(4000): null

2018-12-11 15:22:58 - [TEST_STEP][PASSED] - click(findTestObject("TestUser/moveToUser")): Object: 'Object Repository/TestUser/moveToUser' is clicked on

2018-12-11 15:22:59 - [MESSAGE][PASSED] - Object: 'Object Repository/TestUser/moveToUser' is clicked on

2018-12-11 15:22:59 - [TEST_STEP][PASSED] - Thread.sleep(2000): null

2018-12-11 15:23:01 - [TEST_STEP][PASSED] - click(findTestObject("TestUser/openUserOptions")): Object: 'Object Repository/TestUser/openUserOptions' is clicked on

2018-12-11 15:23:01 - [MESSAGE][PASSED] - Object: 'Object Repository/TestUser/openUserOptions' is clicked on

2018-12-11 15:23:01 - [TEST_STEP][PASSED] - Thread.sleep(2000): null

2018-12-11 15:23:03 - [TEST_STEP][PASSED] - click(findTestObject("TestUser/unlockUserOption")): Object: 'Object Repository/TestUser/unlockUserOption' is clicked on

2018-12-11 15:23:03 - [MESSAGE][PASSED] - Object: 'Object Repository/TestUser/unlockUserOption' is clicked on

2018-12-11 15:23:03 - [TEST_STEP][PASSED] - Thread.sleep(2000): null

2018-12-11 15:23:05 - [TEST_STEP][PASSED] - click(findTestObject("TestUser/confirmUserYes")): Object: 'Object Repository/TestUser/confirmUserYes' is clicked on

2018-12-11 15:23:05 - [MESSAGE][PASSED] - Object: 'Object Repository/TestUser/confirmUserYes' is clicked on

2018-12-11 15:23:05 - [TEST_STEP][PASSED] - Thread.sleep(7000): null]]></system-out>
         <system-err><![CDATA[]]></system-err>
      </testcase>
      <testcase name="Test Cases/TestUser/LoginUser_Unlock" classname="Test Cases/TestUser/LoginUser_Unlock" status="PASSED">
         <system-out><![CDATA[2018-12-11 15:23:12 - [TEST_CASE][PASSED] - Test Cases/TestUser/LoginUser_Unlock: Test Cases/TestUser/LoginUser_Unlock

2018-12-11 15:23:12 - [TEST_STEP][PASSED] - openBrowser(URL): Browser is opened with url: 'https://test1.safetychain.com'

2018-12-11 15:23:12 - [MESSAGE][WARNING] - A browser is already opened. Closing browser and opening a new one

2018-12-11 15:23:13 - [MESSAGE][INFO] - Starting 'Chrome' driver

2018-12-11 15:23:33 - [MESSAGE][PASSED] - Browser is opened with url: 'https://test1.safetychain.com'

2018-12-11 15:23:33 - [TEST_STEP][PASSED] - maximizeWindow(): Current window maximized

2018-12-11 15:23:34 - [MESSAGE][PASSED] - Current window maximized

2018-12-11 15:23:34 - [TEST_STEP][PASSED] - setText(findTestObject("TestUserLocation/login_Username"), findTestData("UserData").getValue("UserName", 1)): Text 'User_On_11/12/18-15:19' is set on object 'Object Repository/TestUserLocation/login_Username'

2018-12-11 15:23:38 - [MESSAGE][PASSED] - Text 'User_On_11/12/18-15:19' is set on object 'Object Repository/TestUserLocation/login_Username'

2018-12-11 15:23:38 - [TEST_STEP][PASSED] - setText(findTestObject("TestUserLocation/login_Password"), findTestData("UserData").getValue("NewPassword", 1)): Text 'password@123#' is set on object 'Object Repository/TestUserLocation/login_Password'

2018-12-11 15:23:38 - [MESSAGE][PASSED] - Text 'password@123#' is set on object 'Object Repository/TestUserLocation/login_Password'

2018-12-11 15:23:38 - [TEST_STEP][PASSED] - Thread.sleep(2000): null

2018-12-11 15:23:40 - [TEST_STEP][PASSED] - click(findTestObject("TestUserLocation/login_Button")): Object: 'Object Repository/TestUserLocation/login_Button' is clicked on

2018-12-11 15:23:42 - [MESSAGE][PASSED] - Object: 'Object Repository/TestUserLocation/login_Button' is clicked on

2018-12-11 15:23:42 - [TEST_STEP][PASSED] - Thread.sleep(10000): null

2018-12-11 15:23:52 - [TEST_STEP][PASSED] - click(findTestObject("TestUser/clickToCheck")): Object: 'Object Repository/TestUser/clickToCheck' is clicked on

2018-12-11 15:23:52 - [MESSAGE][PASSED] - Object: 'Object Repository/TestUser/clickToCheck' is clicked on

2018-12-11 15:23:52 - [TEST_STEP][PASSED] - Thread.sleep(6000): null]]></system-out>
         <system-err><![CDATA[]]></system-err>
      </testcase>
      <testcase name="Test Cases/TestUser/DeactivateUser" classname="Test Cases/TestUser/DeactivateUser" status="PASSED">
         <system-out><![CDATA[2018-12-11 15:23:58 - [TEST_CASE][PASSED] - Test Cases/TestUser/DeactivateUser: Test Cases/TestUser/DeactivateUser

2018-12-11 15:23:58 - [TEST_STEP][PASSED] - openBrowser(URL): Browser is opened with url: 'https://test1.safetychain.com'

2018-12-11 15:23:58 - [MESSAGE][WARNING] - A browser is already opened. Closing browser and opening a new one

2018-12-11 15:23:59 - [MESSAGE][INFO] - Starting 'Chrome' driver

2018-12-11 15:24:21 - [MESSAGE][PASSED] - Browser is opened with url: 'https://test1.safetychain.com'

2018-12-11 15:24:21 - [TEST_STEP][PASSED] - maximizeWindow(): Current window maximized

2018-12-11 15:24:22 - [MESSAGE][PASSED] - Current window maximized

2018-12-11 15:24:22 - [TEST_STEP][PASSED] - setText(findTestObject("TestUserLocation/login_Username"), UserName): Text 'Superadmin' is set on object 'Object Repository/TestUserLocation/login_Username'

2018-12-11 15:24:26 - [MESSAGE][PASSED] - Text 'Superadmin' is set on object 'Object Repository/TestUserLocation/login_Username'

2018-12-11 15:24:26 - [TEST_STEP][PASSED] - setText(findTestObject("TestUserLocation/login_Password"), Password): Text 'latetest13772boot' is set on object 'Object Repository/TestUserLocation/login_Password'

2018-12-11 15:24:26 - [MESSAGE][PASSED] - Text 'latetest13772boot' is set on object 'Object Repository/TestUserLocation/login_Password'

2018-12-11 15:24:26 - [TEST_STEP][NOT_RUN] - User.setNamePass(): NOT_RUN: User.setNamePass()

2018-12-11 15:24:26 - [MESSAGE][NOT_RUN] - NOT_RUN: User.setNamePass()

2018-12-11 15:24:26 - [TEST_STEP][PASSED] - click(findTestObject("TestUserLocation/login_Button")): Object: 'Object Repository/TestUserLocation/login_Button' is clicked on

2018-12-11 15:24:28 - [MESSAGE][PASSED] - Object: 'Object Repository/TestUserLocation/login_Button' is clicked on

2018-12-11 15:24:28 - [TEST_STEP][PASSED] - Thread.sleep(6000): null

2018-12-11 15:24:34 - [TEST_STEP][PASSED] - click(findTestObject("TestUserLocation/mainmenu_button")): Object: 'Object Repository/TestUserLocation/mainmenu_button' is clicked on

2018-12-11 15:24:34 - [MESSAGE][PASSED] - Object: 'Object Repository/TestUserLocation/mainmenu_button' is clicked on

2018-12-11 15:24:34 - [TEST_STEP][PASSED] - click(findTestObject("Form_Selection_Creation/mainMenu_AdminTools")): Object: 'Object Repository/Form_Selection_Creation/mainMenu_AdminTools' is clicked on

2018-12-11 15:24:34 - [MESSAGE][PASSED] - Object: 'Object Repository/Form_Selection_Creation/mainMenu_AdminTools' is clicked on

2018-12-11 15:24:34 - [TEST_STEP][PASSED] - Thread.sleep(2000): null

2018-12-11 15:24:36 - [TEST_STEP][PASSED] - click(findTestObject("TestUser/users")): Object: 'Object Repository/TestUser/users' is clicked on

2018-12-11 15:24:36 - [MESSAGE][PASSED] - Object: 'Object Repository/TestUser/users' is clicked on

2018-12-11 15:24:36 - [TEST_STEP][PASSED] - Thread.sleep(6000): null

2018-12-11 15:24:42 - [TEST_STEP][PASSED] - setText(findTestObject("TestUser/filterUser"), findTestData("UserData").getValue("UserName", 1)): Text 'User_On_11/12/18-15:19' is set on object 'Object Repository/TestUser/filterUser'

2018-12-11 15:24:43 - [MESSAGE][PASSED] - Text 'User_On_11/12/18-15:19' is set on object 'Object Repository/TestUser/filterUser'

2018-12-11 15:24:43 - [TEST_STEP][PASSED] - Thread.sleep(2000): null

2018-12-11 15:24:45 - [TEST_STEP][PASSED] - sendKeys(findTestObject("TestUser/filterUser"), Keys.chord(ENTER)): Keys 'ENTER + ' sent to object: 'Object Repository/TestUser/filterUser'

2018-12-11 15:24:45 - [MESSAGE][PASSED] - Keys 'ENTER + ' sent to object: 'Object Repository/TestUser/filterUser'

2018-12-11 15:24:45 - [TEST_STEP][PASSED] - Thread.sleep(4000): null

2018-12-11 15:24:49 - [TEST_STEP][PASSED] - click(findTestObject("TestUser/moveToUser")): Object: 'Object Repository/TestUser/moveToUser' is clicked on

2018-12-11 15:24:49 - [MESSAGE][PASSED] - Object: 'Object Repository/TestUser/moveToUser' is clicked on

2018-12-11 15:24:49 - [TEST_STEP][PASSED] - Thread.sleep(2000): null

2018-12-11 15:24:51 - [TEST_STEP][PASSED] - click(findTestObject("TestUser/openUserOptions")): Object: 'Object Repository/TestUser/openUserOptions' is clicked on

2018-12-11 15:24:51 - [MESSAGE][PASSED] - Object: 'Object Repository/TestUser/openUserOptions' is clicked on

2018-12-11 15:24:51 - [TEST_STEP][PASSED] - Thread.sleep(2000): null

2018-12-11 15:24:53 - [TEST_STEP][PASSED] - click(findTestObject("TestUser/deactivateUserOption")): Object: 'Object Repository/TestUser/deactivateUserOption' is clicked on

2018-12-11 15:24:53 - [MESSAGE][PASSED] - Object: 'Object Repository/TestUser/deactivateUserOption' is clicked on

2018-12-11 15:24:53 - [TEST_STEP][PASSED] - Thread.sleep(2000): null

2018-12-11 15:24:55 - [TEST_STEP][PASSED] - click(findTestObject("TestUser/confirmUserYes")): Object: 'Object Repository/TestUser/confirmUserYes' is clicked on

2018-12-11 15:24:55 - [MESSAGE][PASSED] - Object: 'Object Repository/TestUser/confirmUserYes' is clicked on

2018-12-11 15:24:55 - [TEST_STEP][PASSED] - Thread.sleep(7000): null]]></system-out>
         <system-err><![CDATA[]]></system-err>
      </testcase>
      <testcase name="Test Cases/TestUser/LoginUser_Deactivate" classname="Test Cases/TestUser/LoginUser_Deactivate" status="PASSED">
         <system-out><![CDATA[2018-12-11 15:25:02 - [TEST_CASE][PASSED] - Test Cases/TestUser/LoginUser_Deactivate: Test Cases/TestUser/LoginUser_Deactivate

2018-12-11 15:25:02 - [TEST_STEP][PASSED] - openBrowser(URL): Browser is opened with url: 'https://test1.safetychain.com'

2018-12-11 15:25:02 - [MESSAGE][WARNING] - A browser is already opened. Closing browser and opening a new one

2018-12-11 15:25:03 - [MESSAGE][INFO] - Starting 'Chrome' driver

2018-12-11 15:25:23 - [MESSAGE][PASSED] - Browser is opened with url: 'https://test1.safetychain.com'

2018-12-11 15:25:23 - [TEST_STEP][PASSED] - maximizeWindow(): Current window maximized

2018-12-11 15:25:24 - [MESSAGE][PASSED] - Current window maximized

2018-12-11 15:25:24 - [TEST_STEP][PASSED] - setText(findTestObject("TestUserLocation/login_Username"), findTestData("UserData").getValue("UserName", 1)): Text 'User_On_11/12/18-15:19' is set on object 'Object Repository/TestUserLocation/login_Username'

2018-12-11 15:25:28 - [MESSAGE][PASSED] - Text 'User_On_11/12/18-15:19' is set on object 'Object Repository/TestUserLocation/login_Username'

2018-12-11 15:25:28 - [TEST_STEP][PASSED] - setText(findTestObject("TestUserLocation/login_Password"), findTestData("UserData").getValue("NewPassword", 1)): Text 'password@123#' is set on object 'Object Repository/TestUserLocation/login_Password'

2018-12-11 15:25:28 - [MESSAGE][PASSED] - Text 'password@123#' is set on object 'Object Repository/TestUserLocation/login_Password'

2018-12-11 15:25:28 - [TEST_STEP][PASSED] - Thread.sleep(2000): null

2018-12-11 15:25:30 - [TEST_STEP][PASSED] - click(findTestObject("TestUserLocation/login_Button")): Object: 'Object Repository/TestUserLocation/login_Button' is clicked on

2018-12-11 15:25:31 - [MESSAGE][PASSED] - Object: 'Object Repository/TestUserLocation/login_Button' is clicked on

2018-12-11 15:25:31 - [TEST_STEP][PASSED] - Thread.sleep(6000): null

2018-12-11 15:25:37 - [TEST_STEP][PASSED] - click(findTestObject("TestUser/deactivateTest")): Object: 'Object Repository/TestUser/deactivateTest' is clicked on

2018-12-11 15:25:37 - [MESSAGE][PASSED] - Object: 'Object Repository/TestUser/deactivateTest' is clicked on

2018-12-11 15:25:37 - [TEST_STEP][PASSED] - Thread.sleep(6000): null]]></system-out>
         <system-err><![CDATA[]]></system-err>
      </testcase>
      <system-out><![CDATA[2018-12-11 15:18:40 - [TEST_SUITE][PASSED] - UserCheck: Test Cases/TestUser/LoginUser_Deactivate]]></system-out>
      <system-err><![CDATA[]]></system-err>
   </testsuite>
</testsuites>
