<?xml version="1.0" encoding="UTF-8"?>
<testsuites name="Customer_Resource" time="233" tests="2" failures="0" errors="0">
   <testsuite name="Customer_Resource" tests="2" failures="0" errors="0" time="233" timestamp="2018-12-04 10:34:41" hostname="pashine_a - Abhishek-Pashine.India.XoriantCorp.com" id="Test Suites/Customer_Resource">
      <properties>
         <property name="deviceName" value=""/>
         <property name="devicePlatform" value=""/>
         <property name="logFolder" value="D:\\Git Data\\SafetyChain-Test-Automation-Katalon\\Reports\\Customer_Resource\\20181204_103211"/>
         <property name="logFiles" value="D:\\Git Data\\SafetyChain-Test-Automation-Katalon\\Reports\\Customer_Resource\\20181204_103211\\execution0.log"/>
         <property name="attachments" value=""/>
         <property name="hostName" value="pashine_a - Abhishek-Pashine.India.XoriantCorp.com"/>
         <property name="os" value="Windows 7 64bit"/>
         <property name="katalonVersion" value="5.9.1.2"/>
         <property name="browser" value="Chrome 70.0.3538.110"/>
         <property name="hostAddress" value="10.21.7.147"/>
         <property name="sessionId" value="c6e79b9499cf25b281f53ae2c793a83c"/>
         <property name="seleniumVersion" value="3.7.1"/>
         <property name="proxyInformation" value="ProxyInformation{proxyOption=NO_PROXY, proxyServerType=HTTP, password=, proxyServerAddress=, proxyServerPort=0}"/>
         <property name="platform" value="Windows 7"/>
      </properties>
      <testcase name="Test Cases/CheckResoucesAsPerLocation/checkResource_Customer" classname="Test Cases/CheckResoucesAsPerLocation/checkResource_Customer" status="PASSED">
         <system-out><![CDATA[2018-12-04 10:34:42 - [TEST_CASE][PASSED] - Test Cases/CheckResoucesAsPerLocation/checkResource_Customer: Test Cases/CheckResoucesAsPerLocation/checkResource_Customer

2018-12-04 10:34:42 - [TEST_STEP][PASSED] - openBrowser(URL): Browser is opened with url: 'http://test1.stage.safetychain.com/'

2018-12-04 10:34:43 - [MESSAGE][INFO] - Starting 'Chrome' driver

2018-12-04 10:34:43 - [MESSAGE][INFO] - Action delay is set to 0 seconds

2018-12-04 10:35:25 - [MESSAGE][PASSED] - Browser is opened with url: 'http://test1.stage.safetychain.com/'

2018-12-04 10:35:25 - [TEST_STEP][PASSED] - maximizeWindow(): Current window maximized

2018-12-04 10:35:26 - [MESSAGE][PASSED] - Current window maximized

2018-12-04 10:35:26 - [TEST_STEP][PASSED] - setText(findTestObject("TestUserLocation/login_Username"), UserName): Text 'Superadmin' is set on object 'Object Repository/TestUserLocation/login_Username'

2018-12-04 10:35:30 - [MESSAGE][PASSED] - Text 'Superadmin' is set on object 'Object Repository/TestUserLocation/login_Username'

2018-12-04 10:35:30 - [TEST_STEP][PASSED] - setText(findTestObject("TestUserLocation/login_Password"), Password): Text 'sliptest13772boot' is set on object 'Object Repository/TestUserLocation/login_Password'

2018-12-04 10:35:31 - [MESSAGE][PASSED] - Text 'sliptest13772boot' is set on object 'Object Repository/TestUserLocation/login_Password'

2018-12-04 10:35:31 - [TEST_STEP][PASSED] - AdminTool_Location.setCustomerName(): AdminTool_Location.setCustomerName is PASSED

2018-12-04 10:35:32 - [MESSAGE][PASSED] - AdminTool_Location.setCustomerName is PASSED

2018-12-04 10:35:32 - [TEST_STEP][PASSED] - click(findTestObject("TestUserLocation/login_Button")): Object: 'Object Repository/TestUserLocation/login_Button' is clicked on

2018-12-04 10:35:38 - [MESSAGE][PASSED] - Object: 'Object Repository/TestUserLocation/login_Button' is clicked on

2018-12-04 10:35:38 - [TEST_STEP][PASSED] - Thread.sleep(4000): null

2018-12-04 10:35:42 - [TEST_STEP][PASSED] - click(findTestObject("TestUserLocation/mainmenu_button")): Object: 'Object Repository/TestUserLocation/mainmenu_button' is clicked on

2018-12-04 10:35:44 - [MESSAGE][PASSED] - Object: 'Object Repository/TestUserLocation/mainmenu_button' is clicked on

2018-12-04 10:35:44 - [TEST_STEP][PASSED] - click(findTestObject("TestUserLocation/adminTool")): Object: 'Object Repository/TestUserLocation/adminTool' is clicked on

2018-12-04 10:35:44 - [MESSAGE][PASSED] - Object: 'Object Repository/TestUserLocation/adminTool' is clicked on

2018-12-04 10:35:44 - [TEST_STEP][PASSED] - click(findTestObject("TestUserLocation/mainMenuResourceDesigner")): Object: 'Object Repository/TestUserLocation/mainMenuResourceDesigner' is clicked on

2018-12-04 10:35:44 - [MESSAGE][PASSED] - Object: 'Object Repository/TestUserLocation/mainMenuResourceDesigner' is clicked on

2018-12-04 10:35:44 - [TEST_STEP][PASSED] - Thread.sleep(4000): null

2018-12-04 10:35:48 - [TEST_STEP][PASSED] - click(findTestObject("TestResource/customers")): Object: 'Object Repository/TestResource/customers' is clicked on

2018-12-04 10:35:48 - [MESSAGE][PASSED] - Object: 'Object Repository/TestResource/customers' is clicked on

2018-12-04 10:35:48 - [TEST_STEP][PASSED] - Thread.sleep(4000): null

2018-12-04 10:35:52 - [TEST_STEP][PASSED] - click(findTestObject("TestUserLocation/categories")): Object: 'Object Repository/TestUserLocation/categories' is clicked on

2018-12-04 10:35:52 - [MESSAGE][PASSED] - Object: 'Object Repository/TestUserLocation/categories' is clicked on

2018-12-04 10:35:52 - [TEST_STEP][PASSED] - Thread.sleep(2000): null

2018-12-04 10:35:54 - [TEST_STEP][PASSED] - click(findTestObject("TestUserLocation/defaultArea")): Object: 'Object Repository/TestUserLocation/defaultArea' is clicked on

2018-12-04 10:35:55 - [MESSAGE][PASSED] - Object: 'Object Repository/TestUserLocation/defaultArea' is clicked on

2018-12-04 10:35:55 - [TEST_STEP][PASSED] - Thread.sleep(2000): null

2018-12-04 10:35:57 - [TEST_STEP][PASSED] - click(findTestObject("TestUserLocation/hoverHeading")): Object: 'Object Repository/TestUserLocation/hoverHeading' is clicked on

2018-12-04 10:35:57 - [MESSAGE][PASSED] - Object: 'Object Repository/TestUserLocation/hoverHeading' is clicked on

2018-12-04 10:35:57 - [TEST_STEP][PASSED] - click(findTestObject("TestUserLocation/addPlusIcon")): Object: 'Object Repository/TestUserLocation/addPlusIcon' is clicked on

2018-12-04 10:35:57 - [MESSAGE][PASSED] - Object: 'Object Repository/TestUserLocation/addPlusIcon' is clicked on

2018-12-04 10:35:57 - [TEST_STEP][PASSED] - setText(findTestObject("TestUserLocation/setNewName"), findTestData("LocationData").getValue("CustomerName", 1)): Text 'CUSTOMER_ON_04/12/18-10:35' is set on object 'Object Repository/TestUserLocation/setNewName'

2018-12-04 10:35:57 - [MESSAGE][PASSED] - Text 'CUSTOMER_ON_04/12/18-10:35' is set on object 'Object Repository/TestUserLocation/setNewName'

2018-12-04 10:35:57 - [TEST_STEP][PASSED] - Thread.sleep(2000): null

2018-12-04 10:35:59 - [TEST_STEP][PASSED] - click(findTestObject("TestUserLocation/saveButton")): Object: 'Object Repository/TestUserLocation/saveButton' is clicked on

2018-12-04 10:35:59 - [MESSAGE][PASSED] - Object: 'Object Repository/TestUserLocation/saveButton' is clicked on

2018-12-04 10:35:59 - [TEST_STEP][PASSED] - Thread.sleep(4000): null

2018-12-04 10:36:03 - [TEST_STEP][PASSED] - Thread.sleep(4000): null

2018-12-04 10:36:07 - [TEST_STEP][PASSED] - click(findTestObject("TestUserLocation/mainmenu_button")): Object: 'Object Repository/TestUserLocation/mainmenu_button' is clicked on

2018-12-04 10:36:07 - [MESSAGE][PASSED] - Object: 'Object Repository/TestUserLocation/mainmenu_button' is clicked on

2018-12-04 10:36:07 - [TEST_STEP][PASSED] - click(findTestObject("TestResource/mainMenu_resources")): Object: 'Object Repository/TestResource/mainMenu_resources' is clicked on

2018-12-04 10:36:07 - [MESSAGE][PASSED] - Object: 'Object Repository/TestResource/mainMenu_resources' is clicked on

2018-12-04 10:36:07 - [TEST_STEP][PASSED] - Thread.sleep(4000): null

2018-12-04 10:36:11 - [TEST_STEP][PASSED] - click(findTestObject("TestResource/customers")): Object: 'Object Repository/TestResource/customers' is clicked on

2018-12-04 10:36:12 - [MESSAGE][PASSED] - Object: 'Object Repository/TestResource/customers' is clicked on

2018-12-04 10:36:12 - [TEST_STEP][PASSED] - Thread.sleep(4000): null

2018-12-04 10:36:16 - [TEST_STEP][PASSED] - AdminTool_Location.selectCustomer(): Element has been clicked

2018-12-04 10:36:20 - [MESSAGE][PASSED] - Element has been clicked

2018-12-04 10:36:20 - [TEST_STEP][PASSED] - Thread.sleep(4000): null

2018-12-04 10:36:24 - [TEST_STEP][PASSED] - click(findTestObject("TestUserLocation/addPlusIcon")): Object: 'Object Repository/TestUserLocation/addPlusIcon' is clicked on

2018-12-04 10:36:24 - [MESSAGE][PASSED] - Object: 'Object Repository/TestUserLocation/addPlusIcon' is clicked on

2018-12-04 10:36:24 - [TEST_STEP][PASSED] - Thread.sleep(2000): null

2018-12-04 10:36:26 - [TEST_STEP][PASSED] - setText(findTestObject("TestUserLocation/setNewName"), findTestData("LocationData").getValue("SubCustomerName1", 1)): Text 'SUBCUSTOMER1_ON_04/12/18-10:35' is set on object 'Object Repository/TestUserLocation/setNewName'

2018-12-04 10:36:26 - [MESSAGE][PASSED] - Text 'SUBCUSTOMER1_ON_04/12/18-10:35' is set on object 'Object Repository/TestUserLocation/setNewName'

2018-12-04 10:36:26 - [TEST_STEP][PASSED] - setText(findTestObject("TestResource/setPhoneNumber"), "912378456"): Text '912378456' is set on object 'Object Repository/TestResource/setPhoneNumber'

2018-12-04 10:36:27 - [MESSAGE][PASSED] - Text '912378456' is set on object 'Object Repository/TestResource/setPhoneNumber'

2018-12-04 10:36:27 - [TEST_STEP][PASSED] - Thread.sleep(2000): null

2018-12-04 10:36:29 - [TEST_STEP][PASSED] - click(findTestObject("TestResource/saveDetailButton")): Object: 'Object Repository/TestResource/saveDetailButton' is clicked on

2018-12-04 10:36:29 - [MESSAGE][PASSED] - Object: 'Object Repository/TestResource/saveDetailButton' is clicked on

2018-12-04 10:36:29 - [TEST_STEP][PASSED] - Thread.sleep(7000): null

2018-12-04 10:36:36 - [TEST_STEP][PASSED] - click(findTestObject("TestResource/disableResource")): Object: 'Object Repository/TestResource/disableResource' is clicked on

2018-12-04 10:36:36 - [MESSAGE][PASSED] - Object: 'Object Repository/TestResource/disableResource' is clicked on

2018-12-04 10:36:36 - [TEST_STEP][PASSED] - Thread.sleep(2000): null

2018-12-04 10:36:38 - [TEST_STEP][PASSED] - click(findTestObject("TestResource/button2Yes")): Object: 'Object Repository/TestResource/button2Yes' is clicked on

2018-12-04 10:36:38 - [MESSAGE][PASSED] - Object: 'Object Repository/TestResource/button2Yes' is clicked on

2018-12-04 10:36:38 - [TEST_STEP][PASSED] - Thread.sleep(2000): null

2018-12-04 10:36:40 - [TEST_STEP][PASSED] - click(findTestObject("TestResource/saveDetailButton")): Object: 'Object Repository/TestResource/saveDetailButton' is clicked on

2018-12-04 10:36:40 - [MESSAGE][PASSED] - Object: 'Object Repository/TestResource/saveDetailButton' is clicked on

2018-12-04 10:36:40 - [TEST_STEP][PASSED] - Thread.sleep(7000): null

2018-12-04 10:36:47 - [TEST_STEP][PASSED] - click(findTestObject("TestResource/linksTab")): Object: 'Object Repository/TestResource/linksTab' is clicked on

2018-12-04 10:36:47 - [MESSAGE][PASSED] - Object: 'Object Repository/TestResource/linksTab' is clicked on

2018-12-04 10:36:47 - [TEST_STEP][PASSED] - Thread.sleep(2000): null

2018-12-04 10:36:49 - [TEST_STEP][PASSED] - click(findTestObject("TestResource/addLink")): Object: 'Object Repository/TestResource/addLink' is clicked on

2018-12-04 10:36:49 - [MESSAGE][PASSED] - Object: 'Object Repository/TestResource/addLink' is clicked on

2018-12-04 10:36:49 - [TEST_STEP][PASSED] - Thread.sleep(5000): null

2018-12-04 10:36:54 - [TEST_STEP][PASSED] - check(findTestObject("TestResource/selectSecondResourceToLink")): Object 'Object Repository/TestResource/selectSecondResourceToLink' is checked

2018-12-04 10:36:54 - [MESSAGE][PASSED] - Object 'Object Repository/TestResource/selectSecondResourceToLink' is checked

2018-12-04 10:36:54 - [TEST_STEP][PASSED] - AdminTool_Location.resourceLinkName(): AdminTool_Location.resourceLinkName is PASSED

2018-12-04 10:36:55 - [MESSAGE][PASSED] - AdminTool_Location.resourceLinkName is PASSED

2018-12-04 10:36:55 - [TEST_STEP][PASSED] - Thread.sleep(2000): null

2018-12-04 10:36:57 - [TEST_STEP][PASSED] - click(findTestObject("TestResource/button2Save")): Object: 'Object Repository/TestResource/button2Save' is clicked on

2018-12-04 10:36:57 - [MESSAGE][PASSED] - Object: 'Object Repository/TestResource/button2Save' is clicked on

2018-12-04 10:36:57 - [TEST_STEP][PASSED] - Thread.sleep(4000): null

2018-12-04 10:37:01 - [TEST_STEP][PASSED] - click(findTestObject("TestResource/locationTab")): Object: 'Object Repository/TestResource/locationTab' is clicked on

2018-12-04 10:37:01 - [MESSAGE][PASSED] - Object: 'Object Repository/TestResource/locationTab' is clicked on

2018-12-04 10:37:01 - [TEST_STEP][PASSED] - Thread.sleep(5000): null

2018-12-04 10:37:06 - [TEST_STEP][PASSED] - AdminTool_Location.checkLocation(): AdminTool_Location.checkLocation is PASSED

2018-12-04 10:37:08 - [MESSAGE][PASSED] - AdminTool_Location.checkLocation is PASSED

2018-12-04 10:37:08 - [TEST_STEP][PASSED] - Thread.sleep(4000): null

2018-12-04 10:37:12 - [TEST_STEP][PASSED] - click(findTestObject("TestResource/saveLocation")): Object: 'Object Repository/TestResource/saveLocation' is clicked on

2018-12-04 10:37:13 - [MESSAGE][PASSED] - Object: 'Object Repository/TestResource/saveLocation' is clicked on

2018-12-04 10:37:13 - [TEST_STEP][PASSED] - click(findTestObject("TestUserLocation/mainmenu_button")): Object: 'Object Repository/TestUserLocation/mainmenu_button' is clicked on

2018-12-04 10:37:14 - [MESSAGE][PASSED] - Object: 'Object Repository/TestUserLocation/mainmenu_button' is clicked on

2018-12-04 10:37:14 - [TEST_STEP][PASSED] - click(findTestObject("TestResource/mainMenu_resources")): Object: 'Object Repository/TestResource/mainMenu_resources' is clicked on

2018-12-04 10:37:14 - [MESSAGE][PASSED] - Object: 'Object Repository/TestResource/mainMenu_resources' is clicked on

2018-12-04 10:37:14 - [TEST_STEP][PASSED] - Thread.sleep(4000): null

2018-12-04 10:37:18 - [TEST_STEP][PASSED] - click(findTestObject("TestResource/customers")): Object: 'Object Repository/TestResource/customers' is clicked on

2018-12-04 10:37:18 - [MESSAGE][PASSED] - Object: 'Object Repository/TestResource/customers' is clicked on

2018-12-04 10:37:18 - [TEST_STEP][PASSED] - Thread.sleep(4000): null

2018-12-04 10:37:22 - [TEST_STEP][PASSED] - AdminTool_Location.selectCustomer(): Element has been clicked

2018-12-04 10:37:26 - [MESSAGE][PASSED] - Element has been clicked

2018-12-04 10:37:26 - [TEST_STEP][PASSED] - Thread.sleep(4000): null

2018-12-04 10:37:30 - [TEST_STEP][PASSED] - click(findTestObject("TestUserLocation/addPlusIcon")): Object: 'Object Repository/TestUserLocation/addPlusIcon' is clicked on

2018-12-04 10:37:30 - [MESSAGE][PASSED] - Object: 'Object Repository/TestUserLocation/addPlusIcon' is clicked on

2018-12-04 10:37:30 - [TEST_STEP][PASSED] - Thread.sleep(2000): null

2018-12-04 10:37:32 - [TEST_STEP][PASSED] - setText(findTestObject("TestUserLocation/setNewName"), findTestData("LocationData").getValue("SubCustomerName2", 1)): Text 'SUBCUSTOMER2_ON_04/12/18-10:35' is set on object 'Object Repository/TestUserLocation/setNewName'

2018-12-04 10:37:33 - [MESSAGE][PASSED] - Text 'SUBCUSTOMER2_ON_04/12/18-10:35' is set on object 'Object Repository/TestUserLocation/setNewName'

2018-12-04 10:37:33 - [TEST_STEP][PASSED] - setText(findTestObject("TestResource/setPhoneNumber"), "912378456"): Text '912378456' is set on object 'Object Repository/TestResource/setPhoneNumber'

2018-12-04 10:37:33 - [MESSAGE][PASSED] - Text '912378456' is set on object 'Object Repository/TestResource/setPhoneNumber'

2018-12-04 10:37:33 - [TEST_STEP][PASSED] - Thread.sleep(2000): null

2018-12-04 10:37:35 - [TEST_STEP][PASSED] - click(findTestObject("TestResource/saveDetailButton")): Object: 'Object Repository/TestResource/saveDetailButton' is clicked on

2018-12-04 10:37:35 - [MESSAGE][PASSED] - Object: 'Object Repository/TestResource/saveDetailButton' is clicked on

2018-12-04 10:37:35 - [TEST_STEP][PASSED] - Thread.sleep(7000): null

2018-12-04 10:37:42 - [TEST_STEP][PASSED] - click(findTestObject("TestResource/linksTab")): Object: 'Object Repository/TestResource/linksTab' is clicked on

2018-12-04 10:37:42 - [MESSAGE][PASSED] - Object: 'Object Repository/TestResource/linksTab' is clicked on

2018-12-04 10:37:42 - [TEST_STEP][PASSED] - Thread.sleep(2000): null

2018-12-04 10:37:44 - [TEST_STEP][PASSED] - click(findTestObject("TestResource/addLink")): Object: 'Object Repository/TestResource/addLink' is clicked on

2018-12-04 10:37:44 - [MESSAGE][PASSED] - Object: 'Object Repository/TestResource/addLink' is clicked on

2018-12-04 10:37:44 - [TEST_STEP][PASSED] - Thread.sleep(5000): null

2018-12-04 10:37:49 - [TEST_STEP][PASSED] - check(findTestObject("TestResource/selectSecondResourceToLink")): Object 'Object Repository/TestResource/selectSecondResourceToLink' is checked

2018-12-04 10:37:49 - [MESSAGE][PASSED] - Object 'Object Repository/TestResource/selectSecondResourceToLink' is checked

2018-12-04 10:37:49 - [TEST_STEP][PASSED] - AdminTool_Location.resourceLinkName(): AdminTool_Location.resourceLinkName is PASSED

2018-12-04 10:37:50 - [MESSAGE][PASSED] - AdminTool_Location.resourceLinkName is PASSED

2018-12-04 10:37:50 - [TEST_STEP][PASSED] - Thread.sleep(2000): null

2018-12-04 10:37:52 - [TEST_STEP][PASSED] - click(findTestObject("TestResource/button2Save")): Object: 'Object Repository/TestResource/button2Save' is clicked on

2018-12-04 10:37:52 - [MESSAGE][PASSED] - Object: 'Object Repository/TestResource/button2Save' is clicked on

2018-12-04 10:37:52 - [TEST_STEP][PASSED] - Thread.sleep(4000): null

2018-12-04 10:37:56 - [TEST_STEP][PASSED] - click(findTestObject("TestResource/locationTab")): Object: 'Object Repository/TestResource/locationTab' is clicked on

2018-12-04 10:37:56 - [MESSAGE][PASSED] - Object: 'Object Repository/TestResource/locationTab' is clicked on

2018-12-04 10:37:56 - [TEST_STEP][PASSED] - Thread.sleep(5000): null

2018-12-04 10:38:01 - [TEST_STEP][PASSED] - AdminTool_Location.checkLocation(): AdminTool_Location.checkLocation is PASSED

2018-12-04 10:38:03 - [MESSAGE][PASSED] - AdminTool_Location.checkLocation is PASSED

2018-12-04 10:38:03 - [TEST_STEP][PASSED] - Thread.sleep(4000): null

2018-12-04 10:38:07 - [TEST_STEP][PASSED] - click(findTestObject("TestResource/saveLocation")): Object: 'Object Repository/TestResource/saveLocation' is clicked on

2018-12-04 10:38:07 - [MESSAGE][PASSED] - Object: 'Object Repository/TestResource/saveLocation' is clicked on]]></system-out>
         <system-err><![CDATA[]]></system-err>
      </testcase>
      <testcase name="Test Cases/CheckResoucesAsPerLocation/validateResource" classname="Test Cases/CheckResoucesAsPerLocation/validateResource" status="PASSED">
         <system-out><![CDATA[2018-12-04 10:38:07 - [TEST_CASE][PASSED] - Test Cases/CheckResoucesAsPerLocation/validateResource: Test Cases/CheckResoucesAsPerLocation/validateResource

2018-12-04 10:38:07 - [TEST_STEP][NOT_RUN] - openBrowser(URL): NOT_RUN: openBrowser(URL)

2018-12-04 10:38:07 - [MESSAGE][NOT_RUN] - NOT_RUN: openBrowser(URL)

2018-12-04 10:38:07 - [TEST_STEP][NOT_RUN] - maximizeWindow(): NOT_RUN: maximizeWindow()

2018-12-04 10:38:07 - [MESSAGE][NOT_RUN] - NOT_RUN: maximizeWindow()

2018-12-04 10:38:07 - [TEST_STEP][NOT_RUN] - setText(findTestObject("Form_Selection_Creation/login_Username"), UserName): NOT_RUN: setText(findTestObject("Form_Selection_Creation/login_Username"), UserName)

2018-12-04 10:38:07 - [MESSAGE][NOT_RUN] - NOT_RUN: setText(findTestObject("Form_Selection_Creation/login_Username"), UserName)

2018-12-04 10:38:07 - [TEST_STEP][NOT_RUN] - setText(findTestObject("Form_Selection_Creation/login_Password"), Password): NOT_RUN: setText(findTestObject("Form_Selection_Creation/login_Password"), Password)

2018-12-04 10:38:07 - [MESSAGE][NOT_RUN] - NOT_RUN: setText(findTestObject("Form_Selection_Creation/login_Password"), Password)

2018-12-04 10:38:07 - [TEST_STEP][PASSED] - Thread.sleep(4000): null

2018-12-04 10:38:11 - [TEST_STEP][PASSED] - FormName.setData(): FormName.setData is PASSED

2018-12-04 10:38:12 - [MESSAGE][PASSED] - FormName.setData is PASSED

2018-12-04 10:38:12 - [TEST_STEP][NOT_RUN] - click(findTestObject("Form_Selection_Creation/login_Button")): NOT_RUN: click(findTestObject("Form_Selection_Creation/login_Button"))

2018-12-04 10:38:12 - [MESSAGE][NOT_RUN] - NOT_RUN: click(findTestObject("Form_Selection_Creation/login_Button"))

2018-12-04 10:38:12 - [TEST_STEP][PASSED] - click(findTestObject("Form_Selection_Creation/mainMenu_Button")): Object: 'Object Repository/Form_Selection_Creation/mainMenu_Button' is clicked on

2018-12-04 10:38:12 - [MESSAGE][PASSED] - Object: 'Object Repository/Form_Selection_Creation/mainMenu_Button' is clicked on

2018-12-04 10:38:12 - [TEST_STEP][NOT_RUN] - click(findTestObject("Form_Selection_Creation/mainMenu_AdminTools")): NOT_RUN: click(findTestObject("Form_Selection_Creation/mainMenu_AdminTools"))

2018-12-04 10:38:12 - [MESSAGE][NOT_RUN] - NOT_RUN: click(findTestObject("Form_Selection_Creation/mainMenu_AdminTools"))

2018-12-04 10:38:12 - [TEST_STEP][PASSED] - click(findTestObject("Form_Selection_Creation/mainMenu_AdminTools_FormDesigner")): Object: 'Object Repository/Form_Selection_Creation/mainMenu_AdminTools_FormDesigner' is clicked on

2018-12-04 10:38:12 - [MESSAGE][PASSED] - Object: 'Object Repository/Form_Selection_Creation/mainMenu_AdminTools_FormDesigner' is clicked on

2018-12-04 10:38:12 - [TEST_STEP][PASSED] - click(findTestObject("Form_Selection_Creation/selectCheckForm")): Object: 'Object Repository/Form_Selection_Creation/selectCheckForm' is clicked on

2018-12-04 10:38:13 - [MESSAGE][PASSED] - Object: 'Object Repository/Form_Selection_Creation/selectCheckForm' is clicked on

2018-12-04 10:38:13 - [TEST_STEP][PASSED] - Thread.sleep(5000): null

2018-12-04 10:38:18 - [TEST_STEP][PASSED] - AdminTool_Location.selectResType(): AdminTool_Location.selectResType is PASSED

2018-12-04 10:38:26 - [MESSAGE][PASSED] - AdminTool_Location.selectResType is PASSED

2018-12-04 10:38:26 - [TEST_STEP][PASSED] - AdminTool_Location.dragDropRes(): Element has been clicked

2018-12-04 10:38:30 - [MESSAGE][PASSED] - Element has been clicked

2018-12-04 10:38:30 - [TEST_STEP][PASSED] - Thread.sleep(3000): null

2018-12-04 10:38:33 - [TEST_STEP][NOT_RUN] - dragAndDropToObject(findTestObject("validateResources"), findTestObject("Form_Selection_Creation/Target_Res_Object")): NOT_RUN: dragAndDropToObject(findTestObject("validateResources"), findTestObject("Form_Selection_Creation/Target_Res_Object"))

2018-12-04 10:38:33 - [MESSAGE][NOT_RUN] - NOT_RUN: dragAndDropToObject(findTestObject("validateResources"), findTestObject("Form_Selection_Creation/Target_Res_Object"))

2018-12-04 10:38:33 - [TEST_STEP][PASSED] - AdminTool_Location.validate(): AdminTool_Location.validate is PASSED

2018-12-04 10:38:34 - [MESSAGE][PASSED] - AdminTool_Location.validate is PASSED

2018-12-04 10:38:34 - [TEST_STEP][PASSED] - s = getText(findTestObject("Text")): Text of object 'Object Repository/Text' is: 'Customers > CUSTOMER_ON_04/12/18-10:35 > SUBCUSTOMER2_ON_04/12/18-10:35'

2018-12-04 10:38:34 - [MESSAGE][PASSED] - Text of object 'Object Repository/Text' is: 'Customers > CUSTOMER_ON_04/12/18-10:35 > SUBCUSTOMER2_ON_04/12/18-10:35'

2018-12-04 10:38:34 - [TEST_STEP][PASSED] - println(s): null]]></system-out>
         <system-err><![CDATA[]]></system-err>
      </testcase>
      <system-out><![CDATA[2018-12-04 10:34:41 - [TEST_SUITE][PASSED] - Customer_Resource: Test Cases/CheckResoucesAsPerLocation/validateResource]]></system-out>
      <system-err><![CDATA[]]></system-err>
   </testsuite>
</testsuites>
