<?xml version="1.0" encoding="UTF-8"?>
<testsuites name="CheckAllResources" time="979" tests="9" failures="0" errors="0">
   <testsuite name="CheckAllResources" tests="9" failures="0" errors="0" time="979" timestamp="2019-01-10 16:45:51" hostname="pashine_a - Abhishek-Pashine.India.XoriantCorp.com" id="Test Suites/CheckAllResources">
      <properties>
         <property name="deviceName" value=""/>
         <property name="devicePlatform" value=""/>
         <property name="logFolder" value="D:\\Git Data\\SafetyChain-Test-Automation-Katalon\\Reports\\CheckAllResources\\20190110_162953"/>
         <property name="logFiles" value="D:\\Git Data\\SafetyChain-Test-Automation-Katalon\\Reports\\CheckAllResources\\20190110_162953\\execution0.log"/>
         <property name="attachments" value=""/>
         <property name="hostName" value="pashine_a - Abhishek-Pashine.India.XoriantCorp.com"/>
         <property name="os" value="Windows 7 64bit"/>
         <property name="katalonVersion" value="5.10.1.1"/>
         <property name="browser" value="Chrome 71.0.3578.98"/>
         <property name="hostAddress" value="10.21.7.147"/>
         <property name="sessionId" value="ac335774f1f1c3ad367ce96626643e4d"/>
         <property name="seleniumVersion" value="3.7.1"/>
         <property name="proxyInformation" value="ProxyInformation{proxyOption=NO_PROXY, proxyServerType=HTTP, password=, proxyServerAddress=, proxyServerPort=0}"/>
         <property name="platform" value="Windows 7"/>
      </properties>
      <testcase name="Test Cases/CheckResoucesAsPerLocation/checkLocation" classname="Test Cases/CheckResoucesAsPerLocation/checkLocation" status="PASSED">
         <system-out><![CDATA[2019-01-10 16:45:51 - [TEST_CASE][PASSED] - Test Cases/CheckResoucesAsPerLocation/checkLocation: Test Cases/CheckResoucesAsPerLocation/checkLocation

2019-01-10 16:45:52 - [TEST_STEP][PASSED] - openBrowser(URL): Browser is opened with url: 'https://test2.stage.safetychain.com'

2019-01-10 16:45:52 - [MESSAGE][INFO] - Starting 'Chrome' driver

2019-01-10 16:45:52 - [MESSAGE][INFO] - Action delay is set to 0 seconds

2019-01-10 16:46:21 - [MESSAGE][PASSED] - Browser is opened with url: 'https://test2.stage.safetychain.com'

2019-01-10 16:46:21 - [TEST_STEP][PASSED] - maximizeWindow(): Current window maximized

2019-01-10 16:46:23 - [MESSAGE][PASSED] - Current window maximized

2019-01-10 16:46:23 - [TEST_STEP][PASSED] - setText(findTestObject("TestUserLocation/login_Username"), UserName): Text 'superadmin' is set on object 'Object Repository/TestUserLocation/login_Username'

2019-01-10 16:46:26 - [MESSAGE][PASSED] - Text 'superadmin' is set on object 'Object Repository/TestUserLocation/login_Username'

2019-01-10 16:46:26 - [TEST_STEP][PASSED] - setText(findTestObject("TestUserLocation/login_Password"), Password): Text 'sliptest23772boot' is set on object 'Object Repository/TestUserLocation/login_Password'

2019-01-10 16:46:26 - [MESSAGE][PASSED] - Text 'sliptest23772boot' is set on object 'Object Repository/TestUserLocation/login_Password'

2019-01-10 16:46:26 - [TEST_STEP][PASSED] - AdminTool_Location.setLocationName(): AdminTool_Location.setLocationName is PASSED

2019-01-10 16:46:27 - [MESSAGE][PASSED] - AdminTool_Location.setLocationName is PASSED

2019-01-10 16:46:27 - [TEST_STEP][PASSED] - click(findTestObject("TestUserLocation/login_Button")): Object: 'Object Repository/TestUserLocation/login_Button' is clicked on

2019-01-10 16:46:29 - [MESSAGE][PASSED] - Object: 'Object Repository/TestUserLocation/login_Button' is clicked on

2019-01-10 16:46:29 - [TEST_STEP][PASSED] - Thread.sleep(4000): null

2019-01-10 16:46:33 - [TEST_STEP][PASSED] - AdminTool_Location.setLocationNameInLocation(): AdminTool_Location.setLocationNameInLocation is PASSED

2019-01-10 16:46:33 - [MESSAGE][PASSED] - AdminTool_Location.setLocationNameInLocation is PASSED

2019-01-10 16:46:33 - [TEST_STEP][PASSED] - click(findTestObject("TestUserLocation/mainmenu_button")): Object: 'Object Repository/TestUserLocation/mainmenu_button' is clicked on

2019-01-10 16:46:33 - [MESSAGE][PASSED] - Object: 'Object Repository/TestUserLocation/mainmenu_button' is clicked on

2019-01-10 16:46:33 - [TEST_STEP][PASSED] - click(findTestObject("TestUserLocation/adminTool")): Object: 'Object Repository/TestUserLocation/adminTool' is clicked on

2019-01-10 16:46:33 - [MESSAGE][PASSED] - Object: 'Object Repository/TestUserLocation/adminTool' is clicked on

2019-01-10 16:46:33 - [TEST_STEP][PASSED] - click(findTestObject("TestUserLocation/mainMenuResourceDesigner")): Object: 'Object Repository/TestUserLocation/mainMenuResourceDesigner' is clicked on

2019-01-10 16:46:34 - [MESSAGE][PASSED] - Object: 'Object Repository/TestUserLocation/mainMenuResourceDesigner' is clicked on

2019-01-10 16:46:34 - [TEST_STEP][PASSED] - Thread.sleep(4000): null

2019-01-10 16:46:38 - [TEST_STEP][PASSED] - click(findTestObject("TestUserLocation/locations")): Object: 'Object Repository/TestUserLocation/locations' is clicked on

2019-01-10 16:46:38 - [MESSAGE][PASSED] - Object: 'Object Repository/TestUserLocation/locations' is clicked on

2019-01-10 16:46:38 - [TEST_STEP][PASSED] - Thread.sleep(4000): null

2019-01-10 16:46:42 - [TEST_STEP][NOT_RUN] - refresh(): NOT_RUN: refresh()

2019-01-10 16:46:42 - [MESSAGE][NOT_RUN] - NOT_RUN: refresh()

2019-01-10 16:46:42 - [TEST_STEP][NOT_RUN] - Thread.sleep(4000): NOT_RUN: Thread.sleep(4000)

2019-01-10 16:46:42 - [MESSAGE][NOT_RUN] - NOT_RUN: Thread.sleep(4000)

2019-01-10 16:46:42 - [TEST_STEP][PASSED] - click(findTestObject("TestUserLocation/categories")): Object: 'Object Repository/TestUserLocation/categories' is clicked on

2019-01-10 16:46:42 - [MESSAGE][PASSED] - Object: 'Object Repository/TestUserLocation/categories' is clicked on

2019-01-10 16:46:42 - [TEST_STEP][PASSED] - Thread.sleep(2000): null

2019-01-10 16:46:44 - [TEST_STEP][PASSED] - click(findTestObject("TestUserLocation/defaultArea")): Object: 'Object Repository/TestUserLocation/defaultArea' is clicked on

2019-01-10 16:46:44 - [MESSAGE][PASSED] - Object: 'Object Repository/TestUserLocation/defaultArea' is clicked on

2019-01-10 16:46:44 - [TEST_STEP][PASSED] - click(findTestObject("TestUserLocation/hoverHeading")): Object: 'Object Repository/TestUserLocation/hoverHeading' is clicked on

2019-01-10 16:46:44 - [MESSAGE][PASSED] - Object: 'Object Repository/TestUserLocation/hoverHeading' is clicked on

2019-01-10 16:46:44 - [TEST_STEP][PASSED] - click(findTestObject("TestUserLocation/addPlusIcon")): Object: 'Object Repository/TestUserLocation/addPlusIcon' is clicked on

2019-01-10 16:46:44 - [MESSAGE][PASSED] - Object: 'Object Repository/TestUserLocation/addPlusIcon' is clicked on

2019-01-10 16:46:44 - [TEST_STEP][PASSED] - setText(findTestObject("TestUserLocation/setNewName"), findTestData("LocationData").getValue("LocationName", 1)): Text 'LOCATION_ON_10/01/19-16:46' is set on object 'Object Repository/TestUserLocation/setNewName'

2019-01-10 16:46:45 - [MESSAGE][PASSED] - Text 'LOCATION_ON_10/01/19-16:46' is set on object 'Object Repository/TestUserLocation/setNewName'

2019-01-10 16:46:45 - [TEST_STEP][PASSED] - Thread.sleep(2000): null

2019-01-10 16:46:47 - [TEST_STEP][PASSED] - click(findTestObject("TestUserLocation/saveButton")): Object: 'Object Repository/TestUserLocation/saveButton' is clicked on

2019-01-10 16:46:47 - [MESSAGE][PASSED] - Object: 'Object Repository/TestUserLocation/saveButton' is clicked on

2019-01-10 16:46:47 - [TEST_STEP][PASSED] - Thread.sleep(4000): null

2019-01-10 16:46:51 - [TEST_STEP][PASSED] - AdminTool_Location.moveCursor(): AdminTool_Location.moveCursor is PASSED

2019-01-10 16:46:51 - [MESSAGE][PASSED] - AdminTool_Location.moveCursor is PASSED

2019-01-10 16:46:51 - [TEST_STEP][PASSED] - Thread.sleep(2000): null

2019-01-10 16:46:53 - [TEST_STEP][PASSED] - click(findTestObject("TestUserLocation/mainmenu_button")): Object: 'Object Repository/TestUserLocation/mainmenu_button' is clicked on

2019-01-10 16:46:53 - [MESSAGE][PASSED] - Object: 'Object Repository/TestUserLocation/mainmenu_button' is clicked on

2019-01-10 16:46:53 - [TEST_STEP][PASSED] - click(findTestObject("TestUserLocation/mainMenuLocation")): Object: 'Object Repository/TestUserLocation/mainMenuLocation' is clicked on

2019-01-10 16:46:53 - [MESSAGE][PASSED] - Object: 'Object Repository/TestUserLocation/mainMenuLocation' is clicked on

2019-01-10 16:46:53 - [TEST_STEP][PASSED] - Thread.sleep(4000): null

2019-01-10 16:46:57 - [TEST_STEP][PASSED] - AdminTool_Location.selectLocation(): Element has been clicked

2019-01-10 16:47:02 - [MESSAGE][PASSED] - Element has been clicked

2019-01-10 16:47:02 - [TEST_STEP][PASSED] - click(findTestObject("TestUserLocation/addPlusIcon")): Object: 'Object Repository/TestUserLocation/addPlusIcon' is clicked on

2019-01-10 16:47:02 - [MESSAGE][PASSED] - Object: 'Object Repository/TestUserLocation/addPlusIcon' is clicked on

2019-01-10 16:47:02 - [TEST_STEP][PASSED] - Thread.sleep(2000): null

2019-01-10 16:47:04 - [TEST_STEP][PASSED] - setText(findTestObject("TestUserLocation/setNewName"), findTestData("LocationData").getValue("SubLocationName", 1)): Text 'SUBLOCATION_ON_10/01/19-16:46' is set on object 'Object Repository/TestUserLocation/setNewName'

2019-01-10 16:47:04 - [MESSAGE][PASSED] - Text 'SUBLOCATION_ON_10/01/19-16:46' is set on object 'Object Repository/TestUserLocation/setNewName'

2019-01-10 16:47:04 - [TEST_STEP][PASSED] - Thread.sleep(2000): null

2019-01-10 16:47:06 - [TEST_STEP][PASSED] - click(findTestObject("TestUserLocation/saveLocationDetailButton")): Object: 'Object Repository/TestUserLocation/saveLocationDetailButton' is clicked on

2019-01-10 16:47:06 - [MESSAGE][PASSED] - Object: 'Object Repository/TestUserLocation/saveLocationDetailButton' is clicked on

2019-01-10 16:47:06 - [TEST_STEP][PASSED] - Thread.sleep(4000): null

2019-01-10 16:47:10 - [TEST_STEP][PASSED] - click(findTestObject("TestUserLocation/customerSelect")): Object: 'Object Repository/TestUserLocation/customerSelect' is clicked on

2019-01-10 16:47:10 - [MESSAGE][PASSED] - Object: 'Object Repository/TestUserLocation/customerSelect' is clicked on

2019-01-10 16:47:10 - [TEST_STEP][PASSED] - Thread.sleep(4000): null

2019-01-10 16:47:14 - [TEST_STEP][PASSED] - check(findTestObject("TestUserLocation/select4ResouceInCustomer")): Object 'Object Repository/TestUserLocation/select4ResouceInCustomer' is checked

2019-01-10 16:47:15 - [MESSAGE][PASSED] - Object 'Object Repository/TestUserLocation/select4ResouceInCustomer' is checked

2019-01-10 16:47:15 - [TEST_STEP][PASSED] - Thread.sleep(2000): null

2019-01-10 16:47:17 - [TEST_STEP][PASSED] - click(findTestObject("TestUserLocation/saveLocationDetailButton")): Object: 'Object Repository/TestUserLocation/saveLocationDetailButton' is clicked on

2019-01-10 16:47:17 - [MESSAGE][PASSED] - Object: 'Object Repository/TestUserLocation/saveLocationDetailButton' is clicked on]]></system-out>
         <system-err><![CDATA[]]></system-err>
      </testcase>
      <testcase name="Test Cases/CheckResoucesAsPerLocation/checkResource_Customer" classname="Test Cases/CheckResoucesAsPerLocation/checkResource_Customer" status="PASSED">
         <system-out><![CDATA[2019-01-10 16:47:17 - [TEST_CASE][PASSED] - Test Cases/CheckResoucesAsPerLocation/checkResource_Customer: Test Cases/CheckResoucesAsPerLocation/checkResource_Customer

2019-01-10 16:47:17 - [TEST_STEP][PASSED] - openBrowser(URL): Browser is opened with url: 'https://test2.stage.safetychain.com'

2019-01-10 16:47:17 - [MESSAGE][WARNING] - A browser is already opened. Closing browser and opening a new one

2019-01-10 16:47:18 - [MESSAGE][INFO] - Starting 'Chrome' driver

2019-01-10 16:47:51 - [MESSAGE][PASSED] - Browser is opened with url: 'https://test2.stage.safetychain.com'

2019-01-10 16:47:51 - [TEST_STEP][PASSED] - maximizeWindow(): Current window maximized

2019-01-10 16:47:52 - [MESSAGE][PASSED] - Current window maximized

2019-01-10 16:47:52 - [TEST_STEP][PASSED] - setText(findTestObject("TestUserLocation/login_Username"), UserName): Text 'superadmin' is set on object 'Object Repository/TestUserLocation/login_Username'

2019-01-10 16:47:55 - [MESSAGE][PASSED] - Text 'superadmin' is set on object 'Object Repository/TestUserLocation/login_Username'

2019-01-10 16:47:55 - [TEST_STEP][PASSED] - setText(findTestObject("TestUserLocation/login_Password"), Password): Text 'sliptest23772boot' is set on object 'Object Repository/TestUserLocation/login_Password'

2019-01-10 16:47:55 - [MESSAGE][PASSED] - Text 'sliptest23772boot' is set on object 'Object Repository/TestUserLocation/login_Password'

2019-01-10 16:47:55 - [TEST_STEP][PASSED] - AdminTool_Location.setCustomerName(): AdminTool_Location.setCustomerName is PASSED

2019-01-10 16:47:55 - [MESSAGE][PASSED] - AdminTool_Location.setCustomerName is PASSED

2019-01-10 16:47:55 - [TEST_STEP][PASSED] - click(findTestObject("TestUserLocation/login_Button")): Object: 'Object Repository/TestUserLocation/login_Button' is clicked on

2019-01-10 16:47:57 - [MESSAGE][PASSED] - Object: 'Object Repository/TestUserLocation/login_Button' is clicked on

2019-01-10 16:47:57 - [TEST_STEP][PASSED] - Thread.sleep(4000): null

2019-01-10 16:48:01 - [TEST_STEP][PASSED] - click(findTestObject("TestUserLocation/mainmenu_button")): Object: 'Object Repository/TestUserLocation/mainmenu_button' is clicked on

2019-01-10 16:48:03 - [MESSAGE][PASSED] - Object: 'Object Repository/TestUserLocation/mainmenu_button' is clicked on

2019-01-10 16:48:03 - [TEST_STEP][PASSED] - click(findTestObject("TestUserLocation/adminTool")): Object: 'Object Repository/TestUserLocation/adminTool' is clicked on

2019-01-10 16:48:03 - [MESSAGE][PASSED] - Object: 'Object Repository/TestUserLocation/adminTool' is clicked on

2019-01-10 16:48:03 - [TEST_STEP][PASSED] - click(findTestObject("TestUserLocation/mainMenuResourceDesigner")): Object: 'Object Repository/TestUserLocation/mainMenuResourceDesigner' is clicked on

2019-01-10 16:48:03 - [MESSAGE][PASSED] - Object: 'Object Repository/TestUserLocation/mainMenuResourceDesigner' is clicked on

2019-01-10 16:48:03 - [TEST_STEP][PASSED] - Thread.sleep(4000): null

2019-01-10 16:48:07 - [TEST_STEP][PASSED] - click(findTestObject("TestResource/customers")): Object: 'Object Repository/TestResource/customers' is clicked on

2019-01-10 16:48:07 - [MESSAGE][PASSED] - Object: 'Object Repository/TestResource/customers' is clicked on

2019-01-10 16:48:07 - [TEST_STEP][PASSED] - Thread.sleep(4000): null

2019-01-10 16:48:11 - [TEST_STEP][PASSED] - waitForElementClickable(findTestObject("TestUserLocation/categories"), 45): Object 'Object Repository/TestUserLocation/categories' is clickable

2019-01-10 16:48:11 - [MESSAGE][PASSED] - Object 'Object Repository/TestUserLocation/categories' is clickable

2019-01-10 16:48:11 - [TEST_STEP][PASSED] - click(findTestObject("TestUserLocation/categories")): Object: 'Object Repository/TestUserLocation/categories' is clicked on

2019-01-10 16:48:11 - [MESSAGE][PASSED] - Object: 'Object Repository/TestUserLocation/categories' is clicked on

2019-01-10 16:48:11 - [TEST_STEP][PASSED] - Thread.sleep(2000): null

2019-01-10 16:48:13 - [TEST_STEP][PASSED] - click(findTestObject("TestUserLocation/defaultArea")): Object: 'Object Repository/TestUserLocation/defaultArea' is clicked on

2019-01-10 16:48:13 - [MESSAGE][PASSED] - Object: 'Object Repository/TestUserLocation/defaultArea' is clicked on

2019-01-10 16:48:13 - [TEST_STEP][PASSED] - Thread.sleep(2000): null

2019-01-10 16:48:15 - [TEST_STEP][PASSED] - waitForElementClickable(findTestObject("TestUserLocation/hoverHeading"), 45): Object 'Object Repository/TestUserLocation/hoverHeading' is clickable

2019-01-10 16:48:15 - [MESSAGE][PASSED] - Object 'Object Repository/TestUserLocation/hoverHeading' is clickable

2019-01-10 16:48:15 - [TEST_STEP][PASSED] - click(findTestObject("TestUserLocation/hoverHeading")): Object: 'Object Repository/TestUserLocation/hoverHeading' is clicked on

2019-01-10 16:48:15 - [MESSAGE][PASSED] - Object: 'Object Repository/TestUserLocation/hoverHeading' is clicked on

2019-01-10 16:48:15 - [TEST_STEP][PASSED] - click(findTestObject("TestUserLocation/addPlusIcon")): Object: 'Object Repository/TestUserLocation/addPlusIcon' is clicked on

2019-01-10 16:48:16 - [MESSAGE][PASSED] - Object: 'Object Repository/TestUserLocation/addPlusIcon' is clicked on

2019-01-10 16:48:16 - [TEST_STEP][PASSED] - setText(findTestObject("TestUserLocation/setNewName"), findTestData("LocationData").getValue("CustomerName", 1)): Text 'CUSTOMER_ON_10/01/19-16:47' is set on object 'Object Repository/TestUserLocation/setNewName'

2019-01-10 16:48:16 - [MESSAGE][PASSED] - Text 'CUSTOMER_ON_10/01/19-16:47' is set on object 'Object Repository/TestUserLocation/setNewName'

2019-01-10 16:48:16 - [TEST_STEP][PASSED] - Thread.sleep(2000): null

2019-01-10 16:48:18 - [TEST_STEP][PASSED] - click(findTestObject("TestUserLocation/saveButton")): Object: 'Object Repository/TestUserLocation/saveButton' is clicked on

2019-01-10 16:48:18 - [MESSAGE][PASSED] - Object: 'Object Repository/TestUserLocation/saveButton' is clicked on

2019-01-10 16:48:18 - [TEST_STEP][PASSED] - Thread.sleep(4000): null

2019-01-10 16:48:22 - [TEST_STEP][PASSED] - Thread.sleep(4000): null

2019-01-10 16:48:26 - [TEST_STEP][PASSED] - click(findTestObject("TestUserLocation/mainmenu_button")): Object: 'Object Repository/TestUserLocation/mainmenu_button' is clicked on

2019-01-10 16:48:26 - [MESSAGE][PASSED] - Object: 'Object Repository/TestUserLocation/mainmenu_button' is clicked on

2019-01-10 16:48:26 - [TEST_STEP][PASSED] - click(findTestObject("TestResource/mainMenu_resources")): Object: 'Object Repository/TestResource/mainMenu_resources' is clicked on

2019-01-10 16:48:26 - [MESSAGE][PASSED] - Object: 'Object Repository/TestResource/mainMenu_resources' is clicked on

2019-01-10 16:48:26 - [TEST_STEP][PASSED] - Thread.sleep(4000): null

2019-01-10 16:48:30 - [TEST_STEP][PASSED] - click(findTestObject("TestResource/customers")): Object: 'Object Repository/TestResource/customers' is clicked on

2019-01-10 16:48:31 - [MESSAGE][PASSED] - Object: 'Object Repository/TestResource/customers' is clicked on

2019-01-10 16:48:31 - [TEST_STEP][PASSED] - Thread.sleep(4000): null

2019-01-10 16:48:35 - [TEST_STEP][PASSED] - AdminTool_Location.selectCustomer(): Element has been clicked

2019-01-10 16:48:39 - [MESSAGE][PASSED] - Element has been clicked

2019-01-10 16:48:39 - [TEST_STEP][PASSED] - Thread.sleep(4000): null

2019-01-10 16:48:43 - [TEST_STEP][PASSED] - waitForElementClickable(findTestObject("TestUserLocation/addPlusIcon"), 45): Object 'Object Repository/TestUserLocation/addPlusIcon' is clickable

2019-01-10 16:48:43 - [MESSAGE][PASSED] - Object 'Object Repository/TestUserLocation/addPlusIcon' is clickable

2019-01-10 16:48:43 - [TEST_STEP][PASSED] - click(findTestObject("TestUserLocation/addPlusIcon")): Object: 'Object Repository/TestUserLocation/addPlusIcon' is clicked on

2019-01-10 16:48:43 - [MESSAGE][PASSED] - Object: 'Object Repository/TestUserLocation/addPlusIcon' is clicked on

2019-01-10 16:48:43 - [TEST_STEP][PASSED] - Thread.sleep(2000): null

2019-01-10 16:48:45 - [TEST_STEP][PASSED] - setText(findTestObject("TestUserLocation/setNewName"), findTestData("LocationData").getValue("SubCustomerName1", 1)): Text 'SUBCUSTOMER1_ON_10/01/19-16:47' is set on object 'Object Repository/TestUserLocation/setNewName'

2019-01-10 16:48:46 - [MESSAGE][PASSED] - Text 'SUBCUSTOMER1_ON_10/01/19-16:47' is set on object 'Object Repository/TestUserLocation/setNewName'

2019-01-10 16:48:46 - [TEST_STEP][PASSED] - setText(findTestObject("TestResource/setPhoneNumber"), "912378456"): Text '912378456' is set on object 'Object Repository/TestResource/setPhoneNumber'

2019-01-10 16:48:46 - [MESSAGE][PASSED] - Text '912378456' is set on object 'Object Repository/TestResource/setPhoneNumber'

2019-01-10 16:48:46 - [TEST_STEP][PASSED] - Thread.sleep(2000): null

2019-01-10 16:48:48 - [TEST_STEP][PASSED] - click(findTestObject("TestResource/saveDetailButton")): Object: 'Object Repository/TestResource/saveDetailButton' is clicked on

2019-01-10 16:48:48 - [MESSAGE][PASSED] - Object: 'Object Repository/TestResource/saveDetailButton' is clicked on

2019-01-10 16:48:48 - [TEST_STEP][PASSED] - Thread.sleep(7000): null

2019-01-10 16:48:55 - [TEST_STEP][PASSED] - click(findTestObject("TestResource/disableResource")): Object: 'Object Repository/TestResource/disableResource' is clicked on

2019-01-10 16:48:55 - [MESSAGE][PASSED] - Object: 'Object Repository/TestResource/disableResource' is clicked on

2019-01-10 16:48:55 - [TEST_STEP][PASSED] - Thread.sleep(2000): null

2019-01-10 16:48:57 - [TEST_STEP][PASSED] - click(findTestObject("TestResource/button2Yes")): Object: 'Object Repository/TestResource/button2Yes' is clicked on

2019-01-10 16:48:57 - [MESSAGE][PASSED] - Object: 'Object Repository/TestResource/button2Yes' is clicked on

2019-01-10 16:48:57 - [TEST_STEP][PASSED] - Thread.sleep(2000): null

2019-01-10 16:48:59 - [TEST_STEP][PASSED] - click(findTestObject("TestResource/saveDetailButton")): Object: 'Object Repository/TestResource/saveDetailButton' is clicked on

2019-01-10 16:48:59 - [MESSAGE][PASSED] - Object: 'Object Repository/TestResource/saveDetailButton' is clicked on

2019-01-10 16:48:59 - [TEST_STEP][PASSED] - Thread.sleep(7000): null

2019-01-10 16:49:06 - [TEST_STEP][PASSED] - click(findTestObject("TestResource/linksTab")): Object: 'Object Repository/TestResource/linksTab' is clicked on

2019-01-10 16:49:06 - [MESSAGE][PASSED] - Object: 'Object Repository/TestResource/linksTab' is clicked on

2019-01-10 16:49:06 - [TEST_STEP][PASSED] - Thread.sleep(2000): null

2019-01-10 16:49:08 - [TEST_STEP][PASSED] - click(findTestObject("TestResource/addLink")): Object: 'Object Repository/TestResource/addLink' is clicked on

2019-01-10 16:49:09 - [MESSAGE][PASSED] - Object: 'Object Repository/TestResource/addLink' is clicked on

2019-01-10 16:49:09 - [TEST_STEP][PASSED] - Thread.sleep(5000): null

2019-01-10 16:49:14 - [TEST_STEP][PASSED] - check(findTestObject("TestResource/selectSecondResourceToLink")): Object 'Object Repository/TestResource/selectSecondResourceToLink' is checked

2019-01-10 16:49:14 - [MESSAGE][PASSED] - Object 'Object Repository/TestResource/selectSecondResourceToLink' is checked

2019-01-10 16:49:14 - [TEST_STEP][PASSED] - AdminTool_Location.resourceLinkName(): AdminTool_Location.resourceLinkName is PASSED

2019-01-10 16:49:14 - [MESSAGE][PASSED] - AdminTool_Location.resourceLinkName is PASSED

2019-01-10 16:49:14 - [TEST_STEP][PASSED] - Thread.sleep(2000): null

2019-01-10 16:49:16 - [TEST_STEP][PASSED] - click(findTestObject("TestResource/button2Save")): Object: 'Object Repository/TestResource/button2Save' is clicked on

2019-01-10 16:49:16 - [MESSAGE][PASSED] - Object: 'Object Repository/TestResource/button2Save' is clicked on

2019-01-10 16:49:16 - [TEST_STEP][PASSED] - Thread.sleep(4000): null

2019-01-10 16:49:20 - [TEST_STEP][PASSED] - click(findTestObject("TestResource/locationTab")): Object: 'Object Repository/TestResource/locationTab' is clicked on

2019-01-10 16:49:20 - [MESSAGE][PASSED] - Object: 'Object Repository/TestResource/locationTab' is clicked on

2019-01-10 16:49:20 - [TEST_STEP][PASSED] - Thread.sleep(5000): null

2019-01-10 16:49:25 - [TEST_STEP][PASSED] - AdminTool_Location.checkLocation(): AdminTool_Location.checkLocation is PASSED

2019-01-10 16:49:28 - [MESSAGE][PASSED] - AdminTool_Location.checkLocation is PASSED

2019-01-10 16:49:28 - [TEST_STEP][PASSED] - Thread.sleep(4000): null

2019-01-10 16:49:32 - [TEST_STEP][PASSED] - click(findTestObject("TestResource/saveLocation")): Object: 'Object Repository/TestResource/saveLocation' is clicked on

2019-01-10 16:49:32 - [MESSAGE][PASSED] - Object: 'Object Repository/TestResource/saveLocation' is clicked on

2019-01-10 16:49:32 - [TEST_STEP][PASSED] - click(findTestObject("TestUserLocation/mainmenu_button")): Object: 'Object Repository/TestUserLocation/mainmenu_button' is clicked on

2019-01-10 16:49:33 - [MESSAGE][PASSED] - Object: 'Object Repository/TestUserLocation/mainmenu_button' is clicked on

2019-01-10 16:49:33 - [TEST_STEP][PASSED] - click(findTestObject("TestResource/mainMenu_resources")): Object: 'Object Repository/TestResource/mainMenu_resources' is clicked on

2019-01-10 16:49:33 - [MESSAGE][PASSED] - Object: 'Object Repository/TestResource/mainMenu_resources' is clicked on

2019-01-10 16:49:33 - [TEST_STEP][PASSED] - Thread.sleep(4000): null

2019-01-10 16:49:37 - [TEST_STEP][PASSED] - click(findTestObject("TestResource/customers")): Object: 'Object Repository/TestResource/customers' is clicked on

2019-01-10 16:49:37 - [MESSAGE][PASSED] - Object: 'Object Repository/TestResource/customers' is clicked on

2019-01-10 16:49:37 - [TEST_STEP][PASSED] - Thread.sleep(4000): null

2019-01-10 16:49:41 - [TEST_STEP][PASSED] - AdminTool_Location.selectCustomer(): Element has been clicked

2019-01-10 16:49:45 - [MESSAGE][PASSED] - Element has been clicked

2019-01-10 16:49:45 - [TEST_STEP][PASSED] - Thread.sleep(4000): null

2019-01-10 16:49:49 - [TEST_STEP][PASSED] - waitForElementClickable(findTestObject("TestUserLocation/addPlusIcon"), 45): Object 'Object Repository/TestUserLocation/addPlusIcon' is clickable

2019-01-10 16:49:49 - [MESSAGE][PASSED] - Object 'Object Repository/TestUserLocation/addPlusIcon' is clickable

2019-01-10 16:49:49 - [TEST_STEP][PASSED] - click(findTestObject("TestUserLocation/addPlusIcon")): Object: 'Object Repository/TestUserLocation/addPlusIcon' is clicked on

2019-01-10 16:49:50 - [MESSAGE][PASSED] - Object: 'Object Repository/TestUserLocation/addPlusIcon' is clicked on

2019-01-10 16:49:50 - [TEST_STEP][PASSED] - Thread.sleep(2000): null

2019-01-10 16:49:52 - [TEST_STEP][PASSED] - setText(findTestObject("TestUserLocation/setNewName"), findTestData("LocationData").getValue("SubCustomerName2", 1)): Text 'SUBCUSTOMER2_ON_10/01/19-16:47' is set on object 'Object Repository/TestUserLocation/setNewName'

2019-01-10 16:49:52 - [MESSAGE][PASSED] - Text 'SUBCUSTOMER2_ON_10/01/19-16:47' is set on object 'Object Repository/TestUserLocation/setNewName'

2019-01-10 16:49:52 - [TEST_STEP][PASSED] - setText(findTestObject("TestResource/setPhoneNumber"), "912378456"): Text '912378456' is set on object 'Object Repository/TestResource/setPhoneNumber'

2019-01-10 16:49:52 - [MESSAGE][PASSED] - Text '912378456' is set on object 'Object Repository/TestResource/setPhoneNumber'

2019-01-10 16:49:52 - [TEST_STEP][PASSED] - Thread.sleep(2000): null

2019-01-10 16:49:54 - [TEST_STEP][PASSED] - click(findTestObject("TestResource/saveDetailButton")): Object: 'Object Repository/TestResource/saveDetailButton' is clicked on

2019-01-10 16:49:55 - [MESSAGE][PASSED] - Object: 'Object Repository/TestResource/saveDetailButton' is clicked on

2019-01-10 16:49:55 - [TEST_STEP][PASSED] - AdminTool_Location.moveCursor(): AdminTool_Location.moveCursor is PASSED

2019-01-10 16:49:55 - [MESSAGE][PASSED] - AdminTool_Location.moveCursor is PASSED

2019-01-10 16:49:55 - [TEST_STEP][PASSED] - Thread.sleep(2000): null

2019-01-10 16:49:57 - [TEST_STEP][PASSED] - Thread.sleep(7000): null

2019-01-10 16:50:04 - [TEST_STEP][PASSED] - click(findTestObject("TestResource/linksTab")): Object: 'Object Repository/TestResource/linksTab' is clicked on

2019-01-10 16:50:04 - [MESSAGE][PASSED] - Object: 'Object Repository/TestResource/linksTab' is clicked on

2019-01-10 16:50:04 - [TEST_STEP][PASSED] - Thread.sleep(2000): null

2019-01-10 16:50:06 - [TEST_STEP][PASSED] - click(findTestObject("TestResource/addLink")): Object: 'Object Repository/TestResource/addLink' is clicked on

2019-01-10 16:50:06 - [MESSAGE][PASSED] - Object: 'Object Repository/TestResource/addLink' is clicked on

2019-01-10 16:50:06 - [TEST_STEP][PASSED] - Thread.sleep(5000): null

2019-01-10 16:50:11 - [TEST_STEP][PASSED] - check(findTestObject("TestResource/selectSecondResourceToLink")): Object 'Object Repository/TestResource/selectSecondResourceToLink' is checked

2019-01-10 16:50:11 - [MESSAGE][PASSED] - Object 'Object Repository/TestResource/selectSecondResourceToLink' is checked

2019-01-10 16:50:11 - [TEST_STEP][PASSED] - AdminTool_Location.resourceLinkName(): AdminTool_Location.resourceLinkName is PASSED

2019-01-10 16:50:11 - [MESSAGE][PASSED] - AdminTool_Location.resourceLinkName is PASSED

2019-01-10 16:50:11 - [TEST_STEP][PASSED] - Thread.sleep(2000): null

2019-01-10 16:50:13 - [TEST_STEP][PASSED] - click(findTestObject("TestResource/button2Save")): Object: 'Object Repository/TestResource/button2Save' is clicked on

2019-01-10 16:50:13 - [MESSAGE][PASSED] - Object: 'Object Repository/TestResource/button2Save' is clicked on

2019-01-10 16:50:13 - [TEST_STEP][PASSED] - Thread.sleep(4000): null

2019-01-10 16:50:17 - [TEST_STEP][PASSED] - click(findTestObject("TestResource/locationTab")): Object: 'Object Repository/TestResource/locationTab' is clicked on

2019-01-10 16:50:17 - [MESSAGE][PASSED] - Object: 'Object Repository/TestResource/locationTab' is clicked on

2019-01-10 16:50:17 - [TEST_STEP][PASSED] - Thread.sleep(5000): null

2019-01-10 16:50:22 - [TEST_STEP][PASSED] - AdminTool_Location.checkLocation(): AdminTool_Location.checkLocation is PASSED

2019-01-10 16:50:25 - [MESSAGE][PASSED] - AdminTool_Location.checkLocation is PASSED

2019-01-10 16:50:25 - [TEST_STEP][PASSED] - Thread.sleep(4000): null

2019-01-10 16:50:29 - [TEST_STEP][PASSED] - click(findTestObject("TestResource/saveLocation")): Object: 'Object Repository/TestResource/saveLocation' is clicked on

2019-01-10 16:50:29 - [MESSAGE][PASSED] - Object: 'Object Repository/TestResource/saveLocation' is clicked on]]></system-out>
         <system-err><![CDATA[]]></system-err>
      </testcase>
      <testcase name="Test Cases/CheckResoucesAsPerLocation/validateResource" classname="Test Cases/CheckResoucesAsPerLocation/validateResource" status="PASSED">
         <system-out><![CDATA[2019-01-10 16:50:29 - [TEST_CASE][PASSED] - Test Cases/CheckResoucesAsPerLocation/validateResource: Test Cases/CheckResoucesAsPerLocation/validateResource

2019-01-10 16:50:29 - [TEST_STEP][NOT_RUN] - openBrowser(URL): NOT_RUN: openBrowser(URL)

2019-01-10 16:50:29 - [MESSAGE][NOT_RUN] - NOT_RUN: openBrowser(URL)

2019-01-10 16:50:29 - [TEST_STEP][NOT_RUN] - maximizeWindow(): NOT_RUN: maximizeWindow()

2019-01-10 16:50:29 - [MESSAGE][NOT_RUN] - NOT_RUN: maximizeWindow()

2019-01-10 16:50:29 - [TEST_STEP][NOT_RUN] - setText(findTestObject("Form_Selection_Creation/login_Username"), UserName): NOT_RUN: setText(findTestObject("Form_Selection_Creation/login_Username"), UserName)

2019-01-10 16:50:29 - [MESSAGE][NOT_RUN] - NOT_RUN: setText(findTestObject("Form_Selection_Creation/login_Username"), UserName)

2019-01-10 16:50:29 - [TEST_STEP][NOT_RUN] - setText(findTestObject("Form_Selection_Creation/login_Password"), Password11): NOT_RUN: setText(findTestObject("Form_Selection_Creation/login_Password"), Password11)

2019-01-10 16:50:29 - [MESSAGE][NOT_RUN] - NOT_RUN: setText(findTestObject("Form_Selection_Creation/login_Password"), Password11)

2019-01-10 16:50:29 - [TEST_STEP][PASSED] - Thread.sleep(4000): null

2019-01-10 16:50:33 - [TEST_STEP][PASSED] - FormName.setData(): FormName.setData is PASSED

2019-01-10 16:50:33 - [MESSAGE][PASSED] - FormName.setData is PASSED

2019-01-10 16:50:33 - [TEST_STEP][NOT_RUN] - click(findTestObject("Form_Selection_Creation/login_Button")): NOT_RUN: click(findTestObject("Form_Selection_Creation/login_Button"))

2019-01-10 16:50:33 - [MESSAGE][NOT_RUN] - NOT_RUN: click(findTestObject("Form_Selection_Creation/login_Button"))

2019-01-10 16:50:33 - [TEST_STEP][PASSED] - click(findTestObject("Form_Selection_Creation/mainMenu_Button")): Object: 'Object Repository/Form_Selection_Creation/mainMenu_Button' is clicked on

2019-01-10 16:50:33 - [MESSAGE][PASSED] - Object: 'Object Repository/Form_Selection_Creation/mainMenu_Button' is clicked on

2019-01-10 16:50:33 - [TEST_STEP][NOT_RUN] - click(findTestObject("Form_Selection_Creation/mainMenu_AdminTools")): NOT_RUN: click(findTestObject("Form_Selection_Creation/mainMenu_AdminTools"))

2019-01-10 16:50:33 - [MESSAGE][NOT_RUN] - NOT_RUN: click(findTestObject("Form_Selection_Creation/mainMenu_AdminTools"))

2019-01-10 16:50:33 - [TEST_STEP][PASSED] - click(findTestObject("Form_Selection_Creation/mainMenu_AdminTools_FormDesigner")): Object: 'Object Repository/Form_Selection_Creation/mainMenu_AdminTools_FormDesigner' is clicked on

2019-01-10 16:50:33 - [MESSAGE][PASSED] - Object: 'Object Repository/Form_Selection_Creation/mainMenu_AdminTools_FormDesigner' is clicked on

2019-01-10 16:50:33 - [TEST_STEP][PASSED] - click(findTestObject("Form_Selection_Creation/selectCheckForm")): Object: 'Object Repository/Form_Selection_Creation/selectCheckForm' is clicked on

2019-01-10 16:50:33 - [MESSAGE][PASSED] - Object: 'Object Repository/Form_Selection_Creation/selectCheckForm' is clicked on

2019-01-10 16:50:33 - [TEST_STEP][PASSED] - Thread.sleep(5000): null

2019-01-10 16:50:38 - [TEST_STEP][PASSED] - AdminTool_Location.moveCursor(): AdminTool_Location.moveCursor is PASSED

2019-01-10 16:50:38 - [MESSAGE][PASSED] - AdminTool_Location.moveCursor is PASSED

2019-01-10 16:50:38 - [TEST_STEP][PASSED] - Thread.sleep(2000): null

2019-01-10 16:50:40 - [TEST_STEP][PASSED] - AdminTool_Location.selectResType(): AdminTool_Location.selectResType is PASSED

2019-01-10 16:50:49 - [MESSAGE][PASSED] - AdminTool_Location.selectResType is PASSED

2019-01-10 16:50:49 - [TEST_STEP][PASSED] - AdminTool_Location.dragDropRes(): Element has been clicked

2019-01-10 16:50:53 - [MESSAGE][PASSED] - Element has been clicked

2019-01-10 16:50:53 - [TEST_STEP][PASSED] - Thread.sleep(5000): null

2019-01-10 16:50:58 - [TEST_STEP][NOT_RUN] - dragAndDropToObject(findTestObject("null"), findTestObject("Form_Selection_Creation/Target_Res_Object")): NOT_RUN: dragAndDropToObject(findTestObject("null"), findTestObject("Form_Selection_Creation/Target_Res_Object"))

2019-01-10 16:50:58 - [MESSAGE][NOT_RUN] - NOT_RUN: dragAndDropToObject(findTestObject("null"), findTestObject("Form_Selection_Creation/Target_Res_Object"))

2019-01-10 16:50:58 - [TEST_STEP][PASSED] - AdminTool_Location.validate(): AdminTool_Location.validate is PASSED

2019-01-10 16:50:58 - [MESSAGE][PASSED] - AdminTool_Location.validate is PASSED

2019-01-10 16:50:58 - [TEST_STEP][PASSED] - s = getText(findTestObject("TestResource/testText")): Text of object 'Object Repository/TestResource/testText' is: 'Customers > CUSTOMER_ON_10/01/19-16:47 > SUBCUSTOMER2_ON_10/01/19-16:47'

2019-01-10 16:50:58 - [MESSAGE][PASSED] - Text of object 'Object Repository/TestResource/testText' is: 'Customers > CUSTOMER_ON_10/01/19-16:47 > SUBCUSTOMER2_ON_10/01/19-16:47'

2019-01-10 16:50:58 - [TEST_STEP][PASSED] - println(s): null]]></system-out>
         <system-err><![CDATA[]]></system-err>
      </testcase>
      <testcase name="Test Cases/CheckResoucesAsPerLocation/checkResource_Equipment" classname="Test Cases/CheckResoucesAsPerLocation/checkResource_Equipment" status="PASSED">
         <system-out><![CDATA[2019-01-10 16:50:58 - [TEST_CASE][PASSED] - Test Cases/CheckResoucesAsPerLocation/checkResource_Equipment: Test Cases/CheckResoucesAsPerLocation/checkResource_Equipment

2019-01-10 16:50:58 - [TEST_STEP][PASSED] - openBrowser(URL): Browser is opened with url: 'https://test2.stage.safetychain.com'

2019-01-10 16:50:58 - [MESSAGE][WARNING] - A browser is already opened. Closing browser and opening a new one

2019-01-10 16:50:59 - [MESSAGE][INFO] - Starting 'Chrome' driver

2019-01-10 16:51:31 - [MESSAGE][PASSED] - Browser is opened with url: 'https://test2.stage.safetychain.com'

2019-01-10 16:51:31 - [TEST_STEP][PASSED] - maximizeWindow(): Current window maximized

2019-01-10 16:51:32 - [MESSAGE][PASSED] - Current window maximized

2019-01-10 16:51:32 - [TEST_STEP][PASSED] - setText(findTestObject("TestUserLocation/login_Username"), UserName): Text 'superadmin' is set on object 'Object Repository/TestUserLocation/login_Username'

2019-01-10 16:51:35 - [MESSAGE][PASSED] - Text 'superadmin' is set on object 'Object Repository/TestUserLocation/login_Username'

2019-01-10 16:51:35 - [TEST_STEP][PASSED] - setText(findTestObject("TestUserLocation/login_Password"), Password): Text 'sliptest23772boot' is set on object 'Object Repository/TestUserLocation/login_Password'

2019-01-10 16:51:35 - [MESSAGE][PASSED] - Text 'sliptest23772boot' is set on object 'Object Repository/TestUserLocation/login_Password'

2019-01-10 16:51:35 - [TEST_STEP][PASSED] - AdminTool_Location.setEquipmentName(): AdminTool_Location.setEquipmentName is PASSED

2019-01-10 16:51:35 - [MESSAGE][PASSED] - AdminTool_Location.setEquipmentName is PASSED

2019-01-10 16:51:35 - [TEST_STEP][PASSED] - click(findTestObject("TestUserLocation/login_Button")): Object: 'Object Repository/TestUserLocation/login_Button' is clicked on

2019-01-10 16:51:36 - [MESSAGE][PASSED] - Object: 'Object Repository/TestUserLocation/login_Button' is clicked on

2019-01-10 16:51:36 - [TEST_STEP][PASSED] - Thread.sleep(4000): null

2019-01-10 16:51:40 - [TEST_STEP][PASSED] - click(findTestObject("TestUserLocation/mainmenu_button")): Object: 'Object Repository/TestUserLocation/mainmenu_button' is clicked on

2019-01-10 16:51:40 - [MESSAGE][PASSED] - Object: 'Object Repository/TestUserLocation/mainmenu_button' is clicked on

2019-01-10 16:51:40 - [TEST_STEP][PASSED] - click(findTestObject("TestUserLocation/adminTool")): Object: 'Object Repository/TestUserLocation/adminTool' is clicked on

2019-01-10 16:51:41 - [MESSAGE][PASSED] - Object: 'Object Repository/TestUserLocation/adminTool' is clicked on

2019-01-10 16:51:41 - [TEST_STEP][PASSED] - click(findTestObject("TestUserLocation/mainMenuResourceDesigner")): Object: 'Object Repository/TestUserLocation/mainMenuResourceDesigner' is clicked on

2019-01-10 16:51:41 - [MESSAGE][PASSED] - Object: 'Object Repository/TestUserLocation/mainMenuResourceDesigner' is clicked on

2019-01-10 16:51:41 - [TEST_STEP][PASSED] - Thread.sleep(4000): null

2019-01-10 16:51:45 - [TEST_STEP][PASSED] - click(findTestObject("TestResource/equipment")): Object: 'Object Repository/TestResource/equipment' is clicked on

2019-01-10 16:51:45 - [MESSAGE][PASSED] - Object: 'Object Repository/TestResource/equipment' is clicked on

2019-01-10 16:51:45 - [TEST_STEP][PASSED] - Thread.sleep(4000): null

2019-01-10 16:51:49 - [TEST_STEP][PASSED] - waitForElementClickable(findTestObject("TestUserLocation/categories"), 45): Object 'Object Repository/TestUserLocation/categories' is clickable

2019-01-10 16:51:49 - [MESSAGE][PASSED] - Object 'Object Repository/TestUserLocation/categories' is clickable

2019-01-10 16:51:49 - [TEST_STEP][PASSED] - click(findTestObject("TestUserLocation/categories")): Object: 'Object Repository/TestUserLocation/categories' is clicked on

2019-01-10 16:51:49 - [MESSAGE][PASSED] - Object: 'Object Repository/TestUserLocation/categories' is clicked on

2019-01-10 16:51:49 - [TEST_STEP][PASSED] - Thread.sleep(2000): null

2019-01-10 16:51:51 - [TEST_STEP][PASSED] - click(findTestObject("TestUserLocation/defaultArea")): Object: 'Object Repository/TestUserLocation/defaultArea' is clicked on

2019-01-10 16:51:51 - [MESSAGE][PASSED] - Object: 'Object Repository/TestUserLocation/defaultArea' is clicked on

2019-01-10 16:51:51 - [TEST_STEP][PASSED] - Thread.sleep(2000): null

2019-01-10 16:51:53 - [TEST_STEP][PASSED] - click(findTestObject("TestUserLocation/hoverHeading")): Object: 'Object Repository/TestUserLocation/hoverHeading' is clicked on

2019-01-10 16:51:53 - [MESSAGE][PASSED] - Object: 'Object Repository/TestUserLocation/hoverHeading' is clicked on

2019-01-10 16:51:53 - [TEST_STEP][PASSED] - click(findTestObject("TestUserLocation/addPlusIcon")): Object: 'Object Repository/TestUserLocation/addPlusIcon' is clicked on

2019-01-10 16:51:53 - [MESSAGE][PASSED] - Object: 'Object Repository/TestUserLocation/addPlusIcon' is clicked on

2019-01-10 16:51:53 - [TEST_STEP][PASSED] - setText(findTestObject("TestUserLocation/setNewName"), findTestData("LocationData").getValue("EquipmentName", 1)): Text 'EQUIPMENT_ON_10/01/19-16:51' is set on object 'Object Repository/TestUserLocation/setNewName'

2019-01-10 16:51:54 - [MESSAGE][PASSED] - Text 'EQUIPMENT_ON_10/01/19-16:51' is set on object 'Object Repository/TestUserLocation/setNewName'

2019-01-10 16:51:54 - [TEST_STEP][PASSED] - Thread.sleep(2000): null

2019-01-10 16:51:56 - [TEST_STEP][PASSED] - click(findTestObject("TestUserLocation/saveButton")): Object: 'Object Repository/TestUserLocation/saveButton' is clicked on

2019-01-10 16:51:56 - [MESSAGE][PASSED] - Object: 'Object Repository/TestUserLocation/saveButton' is clicked on

2019-01-10 16:51:56 - [TEST_STEP][PASSED] - Thread.sleep(4000): null

2019-01-10 16:52:00 - [TEST_STEP][PASSED] - Thread.sleep(4000): null

2019-01-10 16:52:04 - [TEST_STEP][PASSED] - click(findTestObject("TestUserLocation/mainmenu_button")): Object: 'Object Repository/TestUserLocation/mainmenu_button' is clicked on

2019-01-10 16:52:04 - [MESSAGE][PASSED] - Object: 'Object Repository/TestUserLocation/mainmenu_button' is clicked on

2019-01-10 16:52:04 - [TEST_STEP][PASSED] - click(findTestObject("TestResource/mainMenu_resources")): Object: 'Object Repository/TestResource/mainMenu_resources' is clicked on

2019-01-10 16:52:04 - [MESSAGE][PASSED] - Object: 'Object Repository/TestResource/mainMenu_resources' is clicked on

2019-01-10 16:52:04 - [TEST_STEP][PASSED] - Thread.sleep(4000): null

2019-01-10 16:52:08 - [TEST_STEP][PASSED] - click(findTestObject("TestResource/equipment")): Object: 'Object Repository/TestResource/equipment' is clicked on

2019-01-10 16:52:08 - [MESSAGE][PASSED] - Object: 'Object Repository/TestResource/equipment' is clicked on

2019-01-10 16:52:08 - [TEST_STEP][PASSED] - Thread.sleep(4000): null

2019-01-10 16:52:12 - [TEST_STEP][PASSED] - AdminTool_Location.selectEquipment(): Element has been clicked

2019-01-10 16:52:16 - [MESSAGE][PASSED] - Element has been clicked

2019-01-10 16:52:16 - [TEST_STEP][PASSED] - Thread.sleep(4000): null

2019-01-10 16:52:20 - [TEST_STEP][PASSED] - waitForElementClickable(findTestObject("TestUserLocation/addPlusIcon"), 45): Object 'Object Repository/TestUserLocation/addPlusIcon' is clickable

2019-01-10 16:52:20 - [MESSAGE][PASSED] - Object 'Object Repository/TestUserLocation/addPlusIcon' is clickable

2019-01-10 16:52:20 - [TEST_STEP][PASSED] - click(findTestObject("TestUserLocation/addPlusIcon")): Object: 'Object Repository/TestUserLocation/addPlusIcon' is clicked on

2019-01-10 16:52:21 - [MESSAGE][PASSED] - Object: 'Object Repository/TestUserLocation/addPlusIcon' is clicked on

2019-01-10 16:52:21 - [TEST_STEP][PASSED] - Thread.sleep(2000): null

2019-01-10 16:52:23 - [TEST_STEP][PASSED] - setText(findTestObject("TestUserLocation/setNewName"), findTestData("LocationData").getValue("SubEquipmentName1", 1)): Text 'SUBEQUIPMENT1_ON_10/01/19-16:51' is set on object 'Object Repository/TestUserLocation/setNewName'

2019-01-10 16:52:23 - [MESSAGE][PASSED] - Text 'SUBEQUIPMENT1_ON_10/01/19-16:51' is set on object 'Object Repository/TestUserLocation/setNewName'

2019-01-10 16:52:23 - [TEST_STEP][PASSED] - setText(findTestObject("TestResource/setPhoneNumber"), "912378456"): Text '912378456' is set on object 'Object Repository/TestResource/setPhoneNumber'

2019-01-10 16:52:23 - [MESSAGE][PASSED] - Text '912378456' is set on object 'Object Repository/TestResource/setPhoneNumber'

2019-01-10 16:52:23 - [TEST_STEP][PASSED] - Thread.sleep(2000): null

2019-01-10 16:52:25 - [TEST_STEP][PASSED] - click(findTestObject("TestResource/saveDetailButton")): Object: 'Object Repository/TestResource/saveDetailButton' is clicked on

2019-01-10 16:52:25 - [MESSAGE][PASSED] - Object: 'Object Repository/TestResource/saveDetailButton' is clicked on

2019-01-10 16:52:25 - [TEST_STEP][PASSED] - Thread.sleep(7000): null

2019-01-10 16:52:32 - [TEST_STEP][PASSED] - click(findTestObject("TestResource/disableResource")): Object: 'Object Repository/TestResource/disableResource' is clicked on

2019-01-10 16:52:33 - [MESSAGE][PASSED] - Object: 'Object Repository/TestResource/disableResource' is clicked on

2019-01-10 16:52:33 - [TEST_STEP][PASSED] - Thread.sleep(2000): null

2019-01-10 16:52:35 - [TEST_STEP][PASSED] - click(findTestObject("TestResource/button2Yes")): Object: 'Object Repository/TestResource/button2Yes' is clicked on

2019-01-10 16:52:35 - [MESSAGE][PASSED] - Object: 'Object Repository/TestResource/button2Yes' is clicked on

2019-01-10 16:52:35 - [TEST_STEP][PASSED] - Thread.sleep(2000): null

2019-01-10 16:52:37 - [TEST_STEP][PASSED] - click(findTestObject("TestResource/saveDetailButton")): Object: 'Object Repository/TestResource/saveDetailButton' is clicked on

2019-01-10 16:52:37 - [MESSAGE][PASSED] - Object: 'Object Repository/TestResource/saveDetailButton' is clicked on

2019-01-10 16:52:37 - [TEST_STEP][PASSED] - Thread.sleep(7000): null

2019-01-10 16:52:44 - [TEST_STEP][PASSED] - click(findTestObject("TestResource/linksTab")): Object: 'Object Repository/TestResource/linksTab' is clicked on

2019-01-10 16:52:44 - [MESSAGE][PASSED] - Object: 'Object Repository/TestResource/linksTab' is clicked on

2019-01-10 16:52:44 - [TEST_STEP][PASSED] - Thread.sleep(2000): null

2019-01-10 16:52:46 - [TEST_STEP][PASSED] - click(findTestObject("TestResource/addLink")): Object: 'Object Repository/TestResource/addLink' is clicked on

2019-01-10 16:52:46 - [MESSAGE][PASSED] - Object: 'Object Repository/TestResource/addLink' is clicked on

2019-01-10 16:52:46 - [TEST_STEP][PASSED] - Thread.sleep(5000): null

2019-01-10 16:52:51 - [TEST_STEP][PASSED] - check(findTestObject("TestResource/selectSecondResourceToLink")): Object 'Object Repository/TestResource/selectSecondResourceToLink' is checked

2019-01-10 16:52:51 - [MESSAGE][PASSED] - Object 'Object Repository/TestResource/selectSecondResourceToLink' is checked

2019-01-10 16:52:51 - [TEST_STEP][PASSED] - AdminTool_Location.resourceLinkName(): AdminTool_Location.resourceLinkName is PASSED

2019-01-10 16:52:51 - [MESSAGE][PASSED] - AdminTool_Location.resourceLinkName is PASSED

2019-01-10 16:52:51 - [TEST_STEP][PASSED] - Thread.sleep(2000): null

2019-01-10 16:52:53 - [TEST_STEP][PASSED] - click(findTestObject("TestResource/button2Save")): Object: 'Object Repository/TestResource/button2Save' is clicked on

2019-01-10 16:52:53 - [MESSAGE][PASSED] - Object: 'Object Repository/TestResource/button2Save' is clicked on

2019-01-10 16:52:53 - [TEST_STEP][PASSED] - Thread.sleep(4000): null

2019-01-10 16:52:57 - [TEST_STEP][PASSED] - click(findTestObject("TestResource/locationTab")): Object: 'Object Repository/TestResource/locationTab' is clicked on

2019-01-10 16:52:57 - [MESSAGE][PASSED] - Object: 'Object Repository/TestResource/locationTab' is clicked on

2019-01-10 16:52:57 - [TEST_STEP][PASSED] - Thread.sleep(5000): null

2019-01-10 16:53:02 - [TEST_STEP][PASSED] - AdminTool_Location.checkLocation(): AdminTool_Location.checkLocation is PASSED

2019-01-10 16:53:05 - [MESSAGE][PASSED] - AdminTool_Location.checkLocation is PASSED

2019-01-10 16:53:05 - [TEST_STEP][PASSED] - Thread.sleep(4000): null

2019-01-10 16:53:09 - [TEST_STEP][PASSED] - click(findTestObject("TestResource/saveLocation")): Object: 'Object Repository/TestResource/saveLocation' is clicked on

2019-01-10 16:53:09 - [MESSAGE][PASSED] - Object: 'Object Repository/TestResource/saveLocation' is clicked on

2019-01-10 16:53:09 - [TEST_STEP][PASSED] - click(findTestObject("TestUserLocation/mainmenu_button")): Object: 'Object Repository/TestUserLocation/mainmenu_button' is clicked on

2019-01-10 16:53:10 - [MESSAGE][PASSED] - Object: 'Object Repository/TestUserLocation/mainmenu_button' is clicked on

2019-01-10 16:53:10 - [TEST_STEP][PASSED] - click(findTestObject("TestResource/mainMenu_resources")): Object: 'Object Repository/TestResource/mainMenu_resources' is clicked on

2019-01-10 16:53:10 - [MESSAGE][PASSED] - Object: 'Object Repository/TestResource/mainMenu_resources' is clicked on

2019-01-10 16:53:10 - [TEST_STEP][PASSED] - Thread.sleep(4000): null

2019-01-10 16:53:14 - [TEST_STEP][PASSED] - AdminTool_Location.moveCursor(): AdminTool_Location.moveCursor is PASSED

2019-01-10 16:53:14 - [MESSAGE][PASSED] - AdminTool_Location.moveCursor is PASSED

2019-01-10 16:53:14 - [TEST_STEP][PASSED] - Thread.sleep(2000): null

2019-01-10 16:53:16 - [TEST_STEP][PASSED] - click(findTestObject("TestResource/equipment")): Object: 'Object Repository/TestResource/equipment' is clicked on

2019-01-10 16:53:16 - [MESSAGE][PASSED] - Object: 'Object Repository/TestResource/equipment' is clicked on

2019-01-10 16:53:16 - [TEST_STEP][PASSED] - Thread.sleep(4000): null

2019-01-10 16:53:20 - [TEST_STEP][PASSED] - AdminTool_Location.selectEquipment(): Element has been clicked

2019-01-10 16:53:25 - [MESSAGE][PASSED] - Element has been clicked

2019-01-10 16:53:25 - [TEST_STEP][PASSED] - Thread.sleep(4000): null

2019-01-10 16:53:29 - [TEST_STEP][PASSED] - waitForElementClickable(findTestObject("TestUserLocation/addPlusIcon"), 45): Object 'Object Repository/TestUserLocation/addPlusIcon' is clickable

2019-01-10 16:53:29 - [MESSAGE][PASSED] - Object 'Object Repository/TestUserLocation/addPlusIcon' is clickable

2019-01-10 16:53:29 - [TEST_STEP][PASSED] - click(findTestObject("TestUserLocation/addPlusIcon")): Object: 'Object Repository/TestUserLocation/addPlusIcon' is clicked on

2019-01-10 16:53:29 - [MESSAGE][PASSED] - Object: 'Object Repository/TestUserLocation/addPlusIcon' is clicked on

2019-01-10 16:53:29 - [TEST_STEP][PASSED] - Thread.sleep(2000): null

2019-01-10 16:53:31 - [TEST_STEP][PASSED] - setText(findTestObject("TestUserLocation/setNewName"), findTestData("LocationData").getValue("SubEquipmentName2", 1)): Text 'SUBEQUIPMENT2_ON_10/01/19-16:51' is set on object 'Object Repository/TestUserLocation/setNewName'

2019-01-10 16:53:31 - [MESSAGE][PASSED] - Text 'SUBEQUIPMENT2_ON_10/01/19-16:51' is set on object 'Object Repository/TestUserLocation/setNewName'

2019-01-10 16:53:31 - [TEST_STEP][PASSED] - setText(findTestObject("TestResource/setPhoneNumber"), "912378456"): Text '912378456' is set on object 'Object Repository/TestResource/setPhoneNumber'

2019-01-10 16:53:32 - [MESSAGE][PASSED] - Text '912378456' is set on object 'Object Repository/TestResource/setPhoneNumber'

2019-01-10 16:53:32 - [TEST_STEP][PASSED] - Thread.sleep(2000): null

2019-01-10 16:53:34 - [TEST_STEP][PASSED] - click(findTestObject("TestResource/saveDetailButton")): Object: 'Object Repository/TestResource/saveDetailButton' is clicked on

2019-01-10 16:53:34 - [MESSAGE][PASSED] - Object: 'Object Repository/TestResource/saveDetailButton' is clicked on

2019-01-10 16:53:34 - [TEST_STEP][PASSED] - Thread.sleep(7000): null

2019-01-10 16:53:41 - [TEST_STEP][PASSED] - click(findTestObject("TestResource/linksTab")): Object: 'Object Repository/TestResource/linksTab' is clicked on

2019-01-10 16:53:41 - [MESSAGE][PASSED] - Object: 'Object Repository/TestResource/linksTab' is clicked on

2019-01-10 16:53:41 - [TEST_STEP][PASSED] - Thread.sleep(2000): null

2019-01-10 16:53:43 - [TEST_STEP][PASSED] - click(findTestObject("TestResource/addLink")): Object: 'Object Repository/TestResource/addLink' is clicked on

2019-01-10 16:53:43 - [MESSAGE][PASSED] - Object: 'Object Repository/TestResource/addLink' is clicked on

2019-01-10 16:53:43 - [TEST_STEP][PASSED] - Thread.sleep(5000): null

2019-01-10 16:53:48 - [TEST_STEP][PASSED] - check(findTestObject("TestResource/selectSecondResourceToLink")): Object 'Object Repository/TestResource/selectSecondResourceToLink' is checked

2019-01-10 16:53:48 - [MESSAGE][PASSED] - Object 'Object Repository/TestResource/selectSecondResourceToLink' is checked

2019-01-10 16:53:48 - [TEST_STEP][PASSED] - AdminTool_Location.resourceLinkName(): AdminTool_Location.resourceLinkName is PASSED

2019-01-10 16:53:48 - [MESSAGE][PASSED] - AdminTool_Location.resourceLinkName is PASSED

2019-01-10 16:53:48 - [TEST_STEP][PASSED] - Thread.sleep(2000): null

2019-01-10 16:53:50 - [TEST_STEP][PASSED] - click(findTestObject("TestResource/button2Save")): Object: 'Object Repository/TestResource/button2Save' is clicked on

2019-01-10 16:53:50 - [MESSAGE][PASSED] - Object: 'Object Repository/TestResource/button2Save' is clicked on

2019-01-10 16:53:50 - [TEST_STEP][PASSED] - Thread.sleep(4000): null

2019-01-10 16:53:54 - [TEST_STEP][PASSED] - click(findTestObject("TestResource/locationTab")): Object: 'Object Repository/TestResource/locationTab' is clicked on

2019-01-10 16:53:54 - [MESSAGE][PASSED] - Object: 'Object Repository/TestResource/locationTab' is clicked on

2019-01-10 16:53:54 - [TEST_STEP][PASSED] - Thread.sleep(5000): null

2019-01-10 16:53:59 - [TEST_STEP][PASSED] - AdminTool_Location.checkLocation(): AdminTool_Location.checkLocation is PASSED

2019-01-10 16:54:02 - [MESSAGE][PASSED] - AdminTool_Location.checkLocation is PASSED

2019-01-10 16:54:02 - [TEST_STEP][PASSED] - Thread.sleep(4000): null

2019-01-10 16:54:06 - [TEST_STEP][PASSED] - click(findTestObject("TestResource/saveLocation")): Object: 'Object Repository/TestResource/saveLocation' is clicked on

2019-01-10 16:54:06 - [MESSAGE][PASSED] - Object: 'Object Repository/TestResource/saveLocation' is clicked on]]></system-out>
         <system-err><![CDATA[]]></system-err>
      </testcase>
      <testcase name="Test Cases/CheckResoucesAsPerLocation/validateResource" classname="Test Cases/CheckResoucesAsPerLocation/validateResource" status="PASSED">
         <system-out><![CDATA[2019-01-10 16:54:06 - [TEST_CASE][PASSED] - Test Cases/CheckResoucesAsPerLocation/validateResource: Test Cases/CheckResoucesAsPerLocation/validateResource

2019-01-10 16:54:06 - [TEST_STEP][NOT_RUN] - openBrowser(URL): NOT_RUN: openBrowser(URL)

2019-01-10 16:54:06 - [MESSAGE][NOT_RUN] - NOT_RUN: openBrowser(URL)

2019-01-10 16:54:06 - [TEST_STEP][NOT_RUN] - maximizeWindow(): NOT_RUN: maximizeWindow()

2019-01-10 16:54:06 - [MESSAGE][NOT_RUN] - NOT_RUN: maximizeWindow()

2019-01-10 16:54:06 - [TEST_STEP][NOT_RUN] - setText(findTestObject("Form_Selection_Creation/login_Username"), UserName): NOT_RUN: setText(findTestObject("Form_Selection_Creation/login_Username"), UserName)

2019-01-10 16:54:06 - [MESSAGE][NOT_RUN] - NOT_RUN: setText(findTestObject("Form_Selection_Creation/login_Username"), UserName)

2019-01-10 16:54:06 - [TEST_STEP][NOT_RUN] - setText(findTestObject("Form_Selection_Creation/login_Password"), Password11): NOT_RUN: setText(findTestObject("Form_Selection_Creation/login_Password"), Password11)

2019-01-10 16:54:06 - [MESSAGE][NOT_RUN] - NOT_RUN: setText(findTestObject("Form_Selection_Creation/login_Password"), Password11)

2019-01-10 16:54:06 - [TEST_STEP][PASSED] - Thread.sleep(4000): null

2019-01-10 16:54:10 - [TEST_STEP][PASSED] - FormName.setData(): FormName.setData is PASSED

2019-01-10 16:54:10 - [MESSAGE][PASSED] - FormName.setData is PASSED

2019-01-10 16:54:10 - [TEST_STEP][NOT_RUN] - click(findTestObject("Form_Selection_Creation/login_Button")): NOT_RUN: click(findTestObject("Form_Selection_Creation/login_Button"))

2019-01-10 16:54:10 - [MESSAGE][NOT_RUN] - NOT_RUN: click(findTestObject("Form_Selection_Creation/login_Button"))

2019-01-10 16:54:10 - [TEST_STEP][PASSED] - click(findTestObject("Form_Selection_Creation/mainMenu_Button")): Object: 'Object Repository/Form_Selection_Creation/mainMenu_Button' is clicked on

2019-01-10 16:54:10 - [MESSAGE][PASSED] - Object: 'Object Repository/Form_Selection_Creation/mainMenu_Button' is clicked on

2019-01-10 16:54:10 - [TEST_STEP][NOT_RUN] - click(findTestObject("Form_Selection_Creation/mainMenu_AdminTools")): NOT_RUN: click(findTestObject("Form_Selection_Creation/mainMenu_AdminTools"))

2019-01-10 16:54:10 - [MESSAGE][NOT_RUN] - NOT_RUN: click(findTestObject("Form_Selection_Creation/mainMenu_AdminTools"))

2019-01-10 16:54:10 - [TEST_STEP][PASSED] - click(findTestObject("Form_Selection_Creation/mainMenu_AdminTools_FormDesigner")): Object: 'Object Repository/Form_Selection_Creation/mainMenu_AdminTools_FormDesigner' is clicked on

2019-01-10 16:54:10 - [MESSAGE][PASSED] - Object: 'Object Repository/Form_Selection_Creation/mainMenu_AdminTools_FormDesigner' is clicked on

2019-01-10 16:54:10 - [TEST_STEP][PASSED] - click(findTestObject("Form_Selection_Creation/selectCheckForm")): Object: 'Object Repository/Form_Selection_Creation/selectCheckForm' is clicked on

2019-01-10 16:54:10 - [MESSAGE][PASSED] - Object: 'Object Repository/Form_Selection_Creation/selectCheckForm' is clicked on

2019-01-10 16:54:10 - [TEST_STEP][PASSED] - Thread.sleep(5000): null

2019-01-10 16:54:15 - [TEST_STEP][PASSED] - AdminTool_Location.moveCursor(): AdminTool_Location.moveCursor is PASSED

2019-01-10 16:54:15 - [MESSAGE][PASSED] - AdminTool_Location.moveCursor is PASSED

2019-01-10 16:54:15 - [TEST_STEP][PASSED] - Thread.sleep(2000): null

2019-01-10 16:54:17 - [TEST_STEP][PASSED] - AdminTool_Location.selectResType(): AdminTool_Location.selectResType is PASSED

2019-01-10 16:54:25 - [MESSAGE][PASSED] - AdminTool_Location.selectResType is PASSED

2019-01-10 16:54:25 - [TEST_STEP][PASSED] - AdminTool_Location.dragDropRes(): Element has been clicked

2019-01-10 16:54:30 - [MESSAGE][PASSED] - Element has been clicked

2019-01-10 16:54:30 - [TEST_STEP][PASSED] - Thread.sleep(5000): null

2019-01-10 16:54:35 - [TEST_STEP][NOT_RUN] - dragAndDropToObject(findTestObject("null"), findTestObject("Form_Selection_Creation/Target_Res_Object")): NOT_RUN: dragAndDropToObject(findTestObject("null"), findTestObject("Form_Selection_Creation/Target_Res_Object"))

2019-01-10 16:54:35 - [MESSAGE][NOT_RUN] - NOT_RUN: dragAndDropToObject(findTestObject("null"), findTestObject("Form_Selection_Creation/Target_Res_Object"))

2019-01-10 16:54:35 - [TEST_STEP][PASSED] - AdminTool_Location.validate(): AdminTool_Location.validate is PASSED

2019-01-10 16:54:35 - [MESSAGE][PASSED] - AdminTool_Location.validate is PASSED

2019-01-10 16:54:35 - [TEST_STEP][PASSED] - s = getText(findTestObject("TestResource/testText")): Text of object 'Object Repository/TestResource/testText' is: 'Equipment > EQUIPMENT_ON_10/01/19-16:51 > SUBEQUIPMENT2_ON_10/01/19-16:51'

2019-01-10 16:54:35 - [MESSAGE][PASSED] - Text of object 'Object Repository/TestResource/testText' is: 'Equipment > EQUIPMENT_ON_10/01/19-16:51 > SUBEQUIPMENT2_ON_10/01/19-16:51'

2019-01-10 16:54:35 - [TEST_STEP][PASSED] - println(s): null]]></system-out>
         <system-err><![CDATA[]]></system-err>
      </testcase>
      <testcase name="Test Cases/CheckResoucesAsPerLocation/checkResource_Items" classname="Test Cases/CheckResoucesAsPerLocation/checkResource_Items" status="PASSED">
         <system-out><![CDATA[2019-01-10 16:54:35 - [TEST_CASE][PASSED] - Test Cases/CheckResoucesAsPerLocation/checkResource_Items: Test Cases/CheckResoucesAsPerLocation/checkResource_Items

2019-01-10 16:54:35 - [TEST_STEP][PASSED] - openBrowser(URL): Browser is opened with url: 'https://test2.stage.safetychain.com'

2019-01-10 16:54:35 - [MESSAGE][WARNING] - A browser is already opened. Closing browser and opening a new one

2019-01-10 16:54:36 - [MESSAGE][INFO] - Starting 'Chrome' driver

2019-01-10 16:55:07 - [MESSAGE][PASSED] - Browser is opened with url: 'https://test2.stage.safetychain.com'

2019-01-10 16:55:07 - [TEST_STEP][PASSED] - maximizeWindow(): Current window maximized

2019-01-10 16:55:08 - [MESSAGE][PASSED] - Current window maximized

2019-01-10 16:55:08 - [TEST_STEP][PASSED] - setText(findTestObject("TestUserLocation/login_Username"), UserName): Text 'superadmin' is set on object 'Object Repository/TestUserLocation/login_Username'

2019-01-10 16:55:11 - [MESSAGE][PASSED] - Text 'superadmin' is set on object 'Object Repository/TestUserLocation/login_Username'

2019-01-10 16:55:11 - [TEST_STEP][PASSED] - setText(findTestObject("TestUserLocation/login_Password"), Password): Text 'sliptest23772boot' is set on object 'Object Repository/TestUserLocation/login_Password'

2019-01-10 16:55:11 - [MESSAGE][PASSED] - Text 'sliptest23772boot' is set on object 'Object Repository/TestUserLocation/login_Password'

2019-01-10 16:55:11 - [TEST_STEP][PASSED] - AdminTool_Location.setItemName(): AdminTool_Location.setItemName is PASSED

2019-01-10 16:55:11 - [MESSAGE][PASSED] - AdminTool_Location.setItemName is PASSED

2019-01-10 16:55:11 - [TEST_STEP][PASSED] - click(findTestObject("TestUserLocation/login_Button")): Object: 'Object Repository/TestUserLocation/login_Button' is clicked on

2019-01-10 16:55:13 - [MESSAGE][PASSED] - Object: 'Object Repository/TestUserLocation/login_Button' is clicked on

2019-01-10 16:55:13 - [TEST_STEP][PASSED] - Thread.sleep(4000): null

2019-01-10 16:55:17 - [TEST_STEP][PASSED] - click(findTestObject("TestUserLocation/mainmenu_button")): Object: 'Object Repository/TestUserLocation/mainmenu_button' is clicked on

2019-01-10 16:55:17 - [MESSAGE][PASSED] - Object: 'Object Repository/TestUserLocation/mainmenu_button' is clicked on

2019-01-10 16:55:17 - [TEST_STEP][PASSED] - click(findTestObject("TestUserLocation/adminTool")): Object: 'Object Repository/TestUserLocation/adminTool' is clicked on

2019-01-10 16:55:17 - [MESSAGE][PASSED] - Object: 'Object Repository/TestUserLocation/adminTool' is clicked on

2019-01-10 16:55:17 - [TEST_STEP][PASSED] - click(findTestObject("TestUserLocation/mainMenuResourceDesigner")): Object: 'Object Repository/TestUserLocation/mainMenuResourceDesigner' is clicked on

2019-01-10 16:55:18 - [MESSAGE][PASSED] - Object: 'Object Repository/TestUserLocation/mainMenuResourceDesigner' is clicked on

2019-01-10 16:55:18 - [TEST_STEP][PASSED] - Thread.sleep(4000): null

2019-01-10 16:55:22 - [TEST_STEP][PASSED] - click(findTestObject("TestResource/items")): Object: 'Object Repository/TestResource/items' is clicked on

2019-01-10 16:55:22 - [MESSAGE][PASSED] - Object: 'Object Repository/TestResource/items' is clicked on

2019-01-10 16:55:22 - [TEST_STEP][PASSED] - Thread.sleep(4000): null

2019-01-10 16:55:26 - [TEST_STEP][PASSED] - waitForElementClickable(findTestObject("TestUserLocation/categories"), 45): Object 'Object Repository/TestUserLocation/categories' is clickable

2019-01-10 16:55:26 - [MESSAGE][PASSED] - Object 'Object Repository/TestUserLocation/categories' is clickable

2019-01-10 16:55:26 - [TEST_STEP][PASSED] - click(findTestObject("TestUserLocation/categories")): Object: 'Object Repository/TestUserLocation/categories' is clicked on

2019-01-10 16:55:26 - [MESSAGE][PASSED] - Object: 'Object Repository/TestUserLocation/categories' is clicked on

2019-01-10 16:55:26 - [TEST_STEP][PASSED] - Thread.sleep(2000): null

2019-01-10 16:55:28 - [TEST_STEP][PASSED] - click(findTestObject("TestUserLocation/defaultArea")): Object: 'Object Repository/TestUserLocation/defaultArea' is clicked on

2019-01-10 16:55:28 - [MESSAGE][PASSED] - Object: 'Object Repository/TestUserLocation/defaultArea' is clicked on

2019-01-10 16:55:28 - [TEST_STEP][PASSED] - Thread.sleep(2000): null

2019-01-10 16:55:30 - [TEST_STEP][PASSED] - click(findTestObject("TestUserLocation/hoverHeading")): Object: 'Object Repository/TestUserLocation/hoverHeading' is clicked on

2019-01-10 16:55:30 - [MESSAGE][PASSED] - Object: 'Object Repository/TestUserLocation/hoverHeading' is clicked on

2019-01-10 16:55:30 - [TEST_STEP][PASSED] - click(findTestObject("TestUserLocation/addPlusIcon")): Object: 'Object Repository/TestUserLocation/addPlusIcon' is clicked on

2019-01-10 16:55:30 - [MESSAGE][PASSED] - Object: 'Object Repository/TestUserLocation/addPlusIcon' is clicked on

2019-01-10 16:55:30 - [TEST_STEP][PASSED] - setText(findTestObject("TestUserLocation/setNewName"), findTestData("LocationData").getValue("ItemsName", 1)): Text 'ITEM_ON_10/01/19-16:55' is set on object 'Object Repository/TestUserLocation/setNewName'

2019-01-10 16:55:31 - [MESSAGE][PASSED] - Text 'ITEM_ON_10/01/19-16:55' is set on object 'Object Repository/TestUserLocation/setNewName'

2019-01-10 16:55:31 - [TEST_STEP][PASSED] - Thread.sleep(2000): null

2019-01-10 16:55:33 - [TEST_STEP][PASSED] - click(findTestObject("TestUserLocation/saveButton")): Object: 'Object Repository/TestUserLocation/saveButton' is clicked on

2019-01-10 16:55:33 - [MESSAGE][PASSED] - Object: 'Object Repository/TestUserLocation/saveButton' is clicked on

2019-01-10 16:55:33 - [TEST_STEP][PASSED] - Thread.sleep(4000): null

2019-01-10 16:55:37 - [TEST_STEP][PASSED] - Thread.sleep(4000): null

2019-01-10 16:55:41 - [TEST_STEP][PASSED] - click(findTestObject("TestUserLocation/mainmenu_button")): Object: 'Object Repository/TestUserLocation/mainmenu_button' is clicked on

2019-01-10 16:55:41 - [MESSAGE][PASSED] - Object: 'Object Repository/TestUserLocation/mainmenu_button' is clicked on

2019-01-10 16:55:41 - [TEST_STEP][PASSED] - click(findTestObject("TestResource/mainMenu_resources")): Object: 'Object Repository/TestResource/mainMenu_resources' is clicked on

2019-01-10 16:55:41 - [MESSAGE][PASSED] - Object: 'Object Repository/TestResource/mainMenu_resources' is clicked on

2019-01-10 16:55:41 - [TEST_STEP][PASSED] - Thread.sleep(4000): null

2019-01-10 16:55:45 - [TEST_STEP][PASSED] - click(findTestObject("TestResource/items")): Object: 'Object Repository/TestResource/items' is clicked on

2019-01-10 16:55:45 - [MESSAGE][PASSED] - Object: 'Object Repository/TestResource/items' is clicked on

2019-01-10 16:55:45 - [TEST_STEP][PASSED] - Thread.sleep(4000): null

2019-01-10 16:55:49 - [TEST_STEP][PASSED] - AdminTool_Location.selectItem(): Element has been clicked

2019-01-10 16:55:53 - [MESSAGE][PASSED] - Element has been clicked

2019-01-10 16:55:53 - [TEST_STEP][PASSED] - Thread.sleep(4000): null

2019-01-10 16:55:57 - [TEST_STEP][PASSED] - waitForElementClickable(findTestObject("TestUserLocation/addPlusIcon"), 45): Object 'Object Repository/TestUserLocation/addPlusIcon' is clickable

2019-01-10 16:55:57 - [MESSAGE][PASSED] - Object 'Object Repository/TestUserLocation/addPlusIcon' is clickable

2019-01-10 16:55:57 - [TEST_STEP][PASSED] - click(findTestObject("TestUserLocation/addPlusIcon")): Object: 'Object Repository/TestUserLocation/addPlusIcon' is clicked on

2019-01-10 16:55:57 - [MESSAGE][PASSED] - Object: 'Object Repository/TestUserLocation/addPlusIcon' is clicked on

2019-01-10 16:55:57 - [TEST_STEP][PASSED] - Thread.sleep(2000): null

2019-01-10 16:55:59 - [TEST_STEP][PASSED] - setText(findTestObject("TestUserLocation/setNewName"), findTestData("LocationData").getValue("SubItemsName1", 1)): Text 'SUBITEM1_ON_10/01/19-16:55' is set on object 'Object Repository/TestUserLocation/setNewName'

2019-01-10 16:56:00 - [MESSAGE][PASSED] - Text 'SUBITEM1_ON_10/01/19-16:55' is set on object 'Object Repository/TestUserLocation/setNewName'

2019-01-10 16:56:00 - [TEST_STEP][NOT_RUN] - setText(findTestObject("TestResource/setPhoneNumber"), "912378456"): NOT_RUN: setText(findTestObject("TestResource/setPhoneNumber"), "912378456")

2019-01-10 16:56:00 - [MESSAGE][NOT_RUN] - NOT_RUN: setText(findTestObject("TestResource/setPhoneNumber"), "912378456")

2019-01-10 16:56:00 - [TEST_STEP][PASSED] - Thread.sleep(2000): null

2019-01-10 16:56:02 - [TEST_STEP][PASSED] - click(findTestObject("TestResource/saveDetailButton")): Object: 'Object Repository/TestResource/saveDetailButton' is clicked on

2019-01-10 16:56:02 - [MESSAGE][PASSED] - Object: 'Object Repository/TestResource/saveDetailButton' is clicked on

2019-01-10 16:56:02 - [TEST_STEP][PASSED] - Thread.sleep(7000): null

2019-01-10 16:56:09 - [TEST_STEP][PASSED] - click(findTestObject("TestResource/disableResource")): Object: 'Object Repository/TestResource/disableResource' is clicked on

2019-01-10 16:56:09 - [MESSAGE][PASSED] - Object: 'Object Repository/TestResource/disableResource' is clicked on

2019-01-10 16:56:09 - [TEST_STEP][PASSED] - Thread.sleep(2000): null

2019-01-10 16:56:11 - [TEST_STEP][PASSED] - click(findTestObject("TestResource/button2Yes")): Object: 'Object Repository/TestResource/button2Yes' is clicked on

2019-01-10 16:56:11 - [MESSAGE][PASSED] - Object: 'Object Repository/TestResource/button2Yes' is clicked on

2019-01-10 16:56:11 - [TEST_STEP][PASSED] - Thread.sleep(2000): null

2019-01-10 16:56:13 - [TEST_STEP][PASSED] - click(findTestObject("TestResource/saveDetailButton")): Object: 'Object Repository/TestResource/saveDetailButton' is clicked on

2019-01-10 16:56:13 - [MESSAGE][PASSED] - Object: 'Object Repository/TestResource/saveDetailButton' is clicked on

2019-01-10 16:56:13 - [TEST_STEP][PASSED] - Thread.sleep(7000): null

2019-01-10 16:56:20 - [TEST_STEP][PASSED] - click(findTestObject("TestResource/linksTab")): Object: 'Object Repository/TestResource/linksTab' is clicked on

2019-01-10 16:56:21 - [MESSAGE][PASSED] - Object: 'Object Repository/TestResource/linksTab' is clicked on

2019-01-10 16:56:21 - [TEST_STEP][PASSED] - Thread.sleep(2000): null

2019-01-10 16:56:23 - [TEST_STEP][PASSED] - click(findTestObject("TestResource/addLink")): Object: 'Object Repository/TestResource/addLink' is clicked on

2019-01-10 16:56:23 - [MESSAGE][PASSED] - Object: 'Object Repository/TestResource/addLink' is clicked on

2019-01-10 16:56:23 - [TEST_STEP][PASSED] - Thread.sleep(5000): null

2019-01-10 16:56:28 - [TEST_STEP][PASSED] - check(findTestObject("TestResource/selectSecondResourceToLink")): Object 'Object Repository/TestResource/selectSecondResourceToLink' is checked

2019-01-10 16:56:28 - [MESSAGE][PASSED] - Object 'Object Repository/TestResource/selectSecondResourceToLink' is checked

2019-01-10 16:56:28 - [TEST_STEP][PASSED] - AdminTool_Location.resourceLinkName(): AdminTool_Location.resourceLinkName is PASSED

2019-01-10 16:56:28 - [MESSAGE][PASSED] - AdminTool_Location.resourceLinkName is PASSED

2019-01-10 16:56:28 - [TEST_STEP][PASSED] - Thread.sleep(2000): null

2019-01-10 16:56:30 - [TEST_STEP][PASSED] - click(findTestObject("TestResource/button2Save")): Object: 'Object Repository/TestResource/button2Save' is clicked on

2019-01-10 16:56:30 - [MESSAGE][PASSED] - Object: 'Object Repository/TestResource/button2Save' is clicked on

2019-01-10 16:56:30 - [TEST_STEP][PASSED] - Thread.sleep(4000): null

2019-01-10 16:56:34 - [TEST_STEP][PASSED] - click(findTestObject("TestResource/locationTab")): Object: 'Object Repository/TestResource/locationTab' is clicked on

2019-01-10 16:56:34 - [MESSAGE][PASSED] - Object: 'Object Repository/TestResource/locationTab' is clicked on

2019-01-10 16:56:34 - [TEST_STEP][PASSED] - AdminTool_Location.moveCursor(): AdminTool_Location.moveCursor is PASSED

2019-01-10 16:56:34 - [MESSAGE][PASSED] - AdminTool_Location.moveCursor is PASSED

2019-01-10 16:56:34 - [TEST_STEP][PASSED] - Thread.sleep(2000): null

2019-01-10 16:56:36 - [TEST_STEP][PASSED] - Thread.sleep(5000): null

2019-01-10 16:56:41 - [TEST_STEP][PASSED] - AdminTool_Location.checkLocation(): AdminTool_Location.checkLocation is PASSED

2019-01-10 16:56:43 - [MESSAGE][PASSED] - AdminTool_Location.checkLocation is PASSED

2019-01-10 16:56:43 - [TEST_STEP][PASSED] - Thread.sleep(4000): null

2019-01-10 16:56:47 - [TEST_STEP][PASSED] - click(findTestObject("TestResource/saveLocation")): Object: 'Object Repository/TestResource/saveLocation' is clicked on

2019-01-10 16:56:47 - [MESSAGE][PASSED] - Object: 'Object Repository/TestResource/saveLocation' is clicked on

2019-01-10 16:56:47 - [TEST_STEP][PASSED] - click(findTestObject("TestUserLocation/mainmenu_button")): Object: 'Object Repository/TestUserLocation/mainmenu_button' is clicked on

2019-01-10 16:56:50 - [MESSAGE][PASSED] - Object: 'Object Repository/TestUserLocation/mainmenu_button' is clicked on

2019-01-10 16:56:50 - [TEST_STEP][PASSED] - click(findTestObject("TestResource/mainMenu_resources")): Object: 'Object Repository/TestResource/mainMenu_resources' is clicked on

2019-01-10 16:56:50 - [MESSAGE][PASSED] - Object: 'Object Repository/TestResource/mainMenu_resources' is clicked on

2019-01-10 16:56:50 - [TEST_STEP][PASSED] - Thread.sleep(4000): null

2019-01-10 16:56:54 - [TEST_STEP][PASSED] - click(findTestObject("TestResource/items")): Object: 'Object Repository/TestResource/items' is clicked on

2019-01-10 16:56:54 - [MESSAGE][PASSED] - Object: 'Object Repository/TestResource/items' is clicked on

2019-01-10 16:56:54 - [TEST_STEP][PASSED] - Thread.sleep(4000): null

2019-01-10 16:56:58 - [TEST_STEP][PASSED] - AdminTool_Location.selectItem(): Element has been clicked

2019-01-10 16:57:02 - [MESSAGE][PASSED] - Element has been clicked

2019-01-10 16:57:02 - [TEST_STEP][PASSED] - Thread.sleep(4000): null

2019-01-10 16:57:06 - [TEST_STEP][PASSED] - waitForElementClickable(findTestObject("TestUserLocation/addPlusIcon"), 45): Object 'Object Repository/TestUserLocation/addPlusIcon' is clickable

2019-01-10 16:57:07 - [MESSAGE][PASSED] - Object 'Object Repository/TestUserLocation/addPlusIcon' is clickable

2019-01-10 16:57:07 - [TEST_STEP][PASSED] - click(findTestObject("TestUserLocation/addPlusIcon")): Object: 'Object Repository/TestUserLocation/addPlusIcon' is clicked on

2019-01-10 16:57:07 - [MESSAGE][PASSED] - Object: 'Object Repository/TestUserLocation/addPlusIcon' is clicked on

2019-01-10 16:57:07 - [TEST_STEP][PASSED] - Thread.sleep(2000): null

2019-01-10 16:57:09 - [TEST_STEP][PASSED] - setText(findTestObject("TestUserLocation/setNewName"), findTestData("LocationData").getValue("SubItemsName2", 1)): Text 'SUBITEM2_ON_10/01/19-16:55' is set on object 'Object Repository/TestUserLocation/setNewName'

2019-01-10 16:57:09 - [MESSAGE][PASSED] - Text 'SUBITEM2_ON_10/01/19-16:55' is set on object 'Object Repository/TestUserLocation/setNewName'

2019-01-10 16:57:09 - [TEST_STEP][NOT_RUN] - setText(findTestObject("TestResource/setPhoneNumber"), "912378456"): NOT_RUN: setText(findTestObject("TestResource/setPhoneNumber"), "912378456")

2019-01-10 16:57:09 - [MESSAGE][NOT_RUN] - NOT_RUN: setText(findTestObject("TestResource/setPhoneNumber"), "912378456")

2019-01-10 16:57:09 - [TEST_STEP][PASSED] - Thread.sleep(2000): null

2019-01-10 16:57:11 - [TEST_STEP][PASSED] - click(findTestObject("TestResource/saveDetailButton")): Object: 'Object Repository/TestResource/saveDetailButton' is clicked on

2019-01-10 16:57:11 - [MESSAGE][PASSED] - Object: 'Object Repository/TestResource/saveDetailButton' is clicked on

2019-01-10 16:57:11 - [TEST_STEP][PASSED] - Thread.sleep(7000): null

2019-01-10 16:57:18 - [TEST_STEP][PASSED] - click(findTestObject("TestResource/linksTab")): Object: 'Object Repository/TestResource/linksTab' is clicked on

2019-01-10 16:57:18 - [MESSAGE][PASSED] - Object: 'Object Repository/TestResource/linksTab' is clicked on

2019-01-10 16:57:18 - [TEST_STEP][PASSED] - Thread.sleep(2000): null

2019-01-10 16:57:20 - [TEST_STEP][PASSED] - click(findTestObject("TestResource/addLink")): Object: 'Object Repository/TestResource/addLink' is clicked on

2019-01-10 16:57:20 - [MESSAGE][PASSED] - Object: 'Object Repository/TestResource/addLink' is clicked on

2019-01-10 16:57:20 - [TEST_STEP][PASSED] - Thread.sleep(5000): null

2019-01-10 16:57:25 - [TEST_STEP][PASSED] - check(findTestObject("TestResource/selectSecondResourceToLink")): Object 'Object Repository/TestResource/selectSecondResourceToLink' is checked

2019-01-10 16:57:26 - [MESSAGE][PASSED] - Object 'Object Repository/TestResource/selectSecondResourceToLink' is checked

2019-01-10 16:57:26 - [TEST_STEP][PASSED] - AdminTool_Location.resourceLinkName(): AdminTool_Location.resourceLinkName is PASSED

2019-01-10 16:57:26 - [MESSAGE][PASSED] - AdminTool_Location.resourceLinkName is PASSED

2019-01-10 16:57:26 - [TEST_STEP][PASSED] - Thread.sleep(2000): null

2019-01-10 16:57:28 - [TEST_STEP][PASSED] - click(findTestObject("TestResource/button2Save")): Object: 'Object Repository/TestResource/button2Save' is clicked on

2019-01-10 16:57:28 - [MESSAGE][PASSED] - Object: 'Object Repository/TestResource/button2Save' is clicked on

2019-01-10 16:57:28 - [TEST_STEP][PASSED] - Thread.sleep(4000): null

2019-01-10 16:57:32 - [TEST_STEP][PASSED] - click(findTestObject("TestResource/locationTab")): Object: 'Object Repository/TestResource/locationTab' is clicked on

2019-01-10 16:57:32 - [MESSAGE][PASSED] - Object: 'Object Repository/TestResource/locationTab' is clicked on

2019-01-10 16:57:32 - [TEST_STEP][PASSED] - Thread.sleep(5000): null

2019-01-10 16:57:37 - [TEST_STEP][PASSED] - AdminTool_Location.checkLocation(): AdminTool_Location.checkLocation is PASSED

2019-01-10 16:57:39 - [MESSAGE][PASSED] - AdminTool_Location.checkLocation is PASSED

2019-01-10 16:57:39 - [TEST_STEP][PASSED] - Thread.sleep(4000): null

2019-01-10 16:57:43 - [TEST_STEP][PASSED] - click(findTestObject("TestResource/saveLocation")): Object: 'Object Repository/TestResource/saveLocation' is clicked on

2019-01-10 16:57:43 - [MESSAGE][PASSED] - Object: 'Object Repository/TestResource/saveLocation' is clicked on]]></system-out>
         <system-err><![CDATA[]]></system-err>
      </testcase>
      <testcase name="Test Cases/CheckResoucesAsPerLocation/validateResource" classname="Test Cases/CheckResoucesAsPerLocation/validateResource" status="PASSED">
         <system-out><![CDATA[2019-01-10 16:57:43 - [TEST_CASE][PASSED] - Test Cases/CheckResoucesAsPerLocation/validateResource: Test Cases/CheckResoucesAsPerLocation/validateResource

2019-01-10 16:57:43 - [TEST_STEP][NOT_RUN] - openBrowser(URL): NOT_RUN: openBrowser(URL)

2019-01-10 16:57:43 - [MESSAGE][NOT_RUN] - NOT_RUN: openBrowser(URL)

2019-01-10 16:57:43 - [TEST_STEP][NOT_RUN] - maximizeWindow(): NOT_RUN: maximizeWindow()

2019-01-10 16:57:43 - [MESSAGE][NOT_RUN] - NOT_RUN: maximizeWindow()

2019-01-10 16:57:43 - [TEST_STEP][NOT_RUN] - setText(findTestObject("Form_Selection_Creation/login_Username"), UserName): NOT_RUN: setText(findTestObject("Form_Selection_Creation/login_Username"), UserName)

2019-01-10 16:57:43 - [MESSAGE][NOT_RUN] - NOT_RUN: setText(findTestObject("Form_Selection_Creation/login_Username"), UserName)

2019-01-10 16:57:43 - [TEST_STEP][NOT_RUN] - setText(findTestObject("Form_Selection_Creation/login_Password"), Password11): NOT_RUN: setText(findTestObject("Form_Selection_Creation/login_Password"), Password11)

2019-01-10 16:57:43 - [MESSAGE][NOT_RUN] - NOT_RUN: setText(findTestObject("Form_Selection_Creation/login_Password"), Password11)

2019-01-10 16:57:43 - [TEST_STEP][PASSED] - Thread.sleep(4000): null

2019-01-10 16:57:47 - [TEST_STEP][PASSED] - FormName.setData(): FormName.setData is PASSED

2019-01-10 16:57:47 - [MESSAGE][PASSED] - FormName.setData is PASSED

2019-01-10 16:57:47 - [TEST_STEP][NOT_RUN] - click(findTestObject("Form_Selection_Creation/login_Button")): NOT_RUN: click(findTestObject("Form_Selection_Creation/login_Button"))

2019-01-10 16:57:47 - [MESSAGE][NOT_RUN] - NOT_RUN: click(findTestObject("Form_Selection_Creation/login_Button"))

2019-01-10 16:57:47 - [TEST_STEP][PASSED] - click(findTestObject("Form_Selection_Creation/mainMenu_Button")): Object: 'Object Repository/Form_Selection_Creation/mainMenu_Button' is clicked on

2019-01-10 16:57:47 - [MESSAGE][PASSED] - Object: 'Object Repository/Form_Selection_Creation/mainMenu_Button' is clicked on

2019-01-10 16:57:47 - [TEST_STEP][NOT_RUN] - click(findTestObject("Form_Selection_Creation/mainMenu_AdminTools")): NOT_RUN: click(findTestObject("Form_Selection_Creation/mainMenu_AdminTools"))

2019-01-10 16:57:47 - [MESSAGE][NOT_RUN] - NOT_RUN: click(findTestObject("Form_Selection_Creation/mainMenu_AdminTools"))

2019-01-10 16:57:47 - [TEST_STEP][PASSED] - click(findTestObject("Form_Selection_Creation/mainMenu_AdminTools_FormDesigner")): Object: 'Object Repository/Form_Selection_Creation/mainMenu_AdminTools_FormDesigner' is clicked on

2019-01-10 16:57:48 - [MESSAGE][PASSED] - Object: 'Object Repository/Form_Selection_Creation/mainMenu_AdminTools_FormDesigner' is clicked on

2019-01-10 16:57:48 - [TEST_STEP][PASSED] - click(findTestObject("Form_Selection_Creation/selectCheckForm")): Object: 'Object Repository/Form_Selection_Creation/selectCheckForm' is clicked on

2019-01-10 16:57:48 - [MESSAGE][PASSED] - Object: 'Object Repository/Form_Selection_Creation/selectCheckForm' is clicked on

2019-01-10 16:57:48 - [TEST_STEP][PASSED] - Thread.sleep(5000): null

2019-01-10 16:57:53 - [TEST_STEP][PASSED] - AdminTool_Location.moveCursor(): AdminTool_Location.moveCursor is PASSED

2019-01-10 16:57:53 - [MESSAGE][PASSED] - AdminTool_Location.moveCursor is PASSED

2019-01-10 16:57:53 - [TEST_STEP][PASSED] - Thread.sleep(2000): null

2019-01-10 16:57:55 - [TEST_STEP][PASSED] - AdminTool_Location.selectResType(): AdminTool_Location.selectResType is PASSED

2019-01-10 16:58:03 - [MESSAGE][PASSED] - AdminTool_Location.selectResType is PASSED

2019-01-10 16:58:03 - [TEST_STEP][PASSED] - AdminTool_Location.dragDropRes(): Element has been clicked

2019-01-10 16:58:07 - [MESSAGE][PASSED] - Element has been clicked

2019-01-10 16:58:07 - [TEST_STEP][PASSED] - Thread.sleep(5000): null

2019-01-10 16:58:12 - [TEST_STEP][NOT_RUN] - dragAndDropToObject(findTestObject("null"), findTestObject("Form_Selection_Creation/Target_Res_Object")): NOT_RUN: dragAndDropToObject(findTestObject("null"), findTestObject("Form_Selection_Creation/Target_Res_Object"))

2019-01-10 16:58:12 - [MESSAGE][NOT_RUN] - NOT_RUN: dragAndDropToObject(findTestObject("null"), findTestObject("Form_Selection_Creation/Target_Res_Object"))

2019-01-10 16:58:12 - [TEST_STEP][PASSED] - AdminTool_Location.validate(): AdminTool_Location.validate is PASSED

2019-01-10 16:58:17 - [MESSAGE][PASSED] - AdminTool_Location.validate is PASSED

2019-01-10 16:58:17 - [TEST_STEP][PASSED] - s = getText(findTestObject("TestResource/testText")): Text of object 'Object Repository/TestResource/testText' is: 'Items > ITEM_ON_10/01/19-16:55 > SUBITEM2_ON_10/01/19-16:55'

2019-01-10 16:58:17 - [MESSAGE][PASSED] - Text of object 'Object Repository/TestResource/testText' is: 'Items > ITEM_ON_10/01/19-16:55 > SUBITEM2_ON_10/01/19-16:55'

2019-01-10 16:58:17 - [TEST_STEP][PASSED] - println(s): null]]></system-out>
         <system-err><![CDATA[]]></system-err>
      </testcase>
      <testcase name="Test Cases/CheckResoucesAsPerLocation/checkResource_Supplier" classname="Test Cases/CheckResoucesAsPerLocation/checkResource_Supplier" status="PASSED">
         <system-out><![CDATA[2019-01-10 16:58:17 - [TEST_CASE][PASSED] - Test Cases/CheckResoucesAsPerLocation/checkResource_Supplier: Test Cases/CheckResoucesAsPerLocation/checkResource_Supplier

2019-01-10 16:58:18 - [TEST_STEP][PASSED] - openBrowser(URL): Browser is opened with url: 'https://test2.stage.safetychain.com'

2019-01-10 16:58:18 - [MESSAGE][WARNING] - A browser is already opened. Closing browser and opening a new one

2019-01-10 16:58:19 - [MESSAGE][INFO] - Starting 'Chrome' driver

2019-01-10 16:59:04 - [MESSAGE][PASSED] - Browser is opened with url: 'https://test2.stage.safetychain.com'

2019-01-10 16:59:04 - [TEST_STEP][PASSED] - maximizeWindow(): Current window maximized

2019-01-10 16:59:05 - [MESSAGE][PASSED] - Current window maximized

2019-01-10 16:59:05 - [TEST_STEP][PASSED] - setText(findTestObject("TestUserLocation/login_Username"), UserName): Text 'superadmin' is set on object 'Object Repository/TestUserLocation/login_Username'

2019-01-10 16:59:10 - [MESSAGE][PASSED] - Text 'superadmin' is set on object 'Object Repository/TestUserLocation/login_Username'

2019-01-10 16:59:10 - [TEST_STEP][PASSED] - setText(findTestObject("TestUserLocation/login_Password"), Password): Text 'sliptest23772boot' is set on object 'Object Repository/TestUserLocation/login_Password'

2019-01-10 16:59:10 - [MESSAGE][PASSED] - Text 'sliptest23772boot' is set on object 'Object Repository/TestUserLocation/login_Password'

2019-01-10 16:59:10 - [TEST_STEP][PASSED] - AdminTool_Location.setSupplierName(): AdminTool_Location.setSupplierName is PASSED

2019-01-10 16:59:10 - [MESSAGE][PASSED] - AdminTool_Location.setSupplierName is PASSED

2019-01-10 16:59:10 - [TEST_STEP][PASSED] - click(findTestObject("TestUserLocation/login_Button")): Object: 'Object Repository/TestUserLocation/login_Button' is clicked on

2019-01-10 16:59:12 - [MESSAGE][PASSED] - Object: 'Object Repository/TestUserLocation/login_Button' is clicked on

2019-01-10 16:59:12 - [TEST_STEP][PASSED] - Thread.sleep(4000): null

2019-01-10 16:59:16 - [TEST_STEP][PASSED] - click(findTestObject("TestUserLocation/mainmenu_button")): Object: 'Object Repository/TestUserLocation/mainmenu_button' is clicked on

2019-01-10 16:59:16 - [MESSAGE][PASSED] - Object: 'Object Repository/TestUserLocation/mainmenu_button' is clicked on

2019-01-10 16:59:16 - [TEST_STEP][PASSED] - click(findTestObject("TestUserLocation/adminTool")): Object: 'Object Repository/TestUserLocation/adminTool' is clicked on

2019-01-10 16:59:16 - [MESSAGE][PASSED] - Object: 'Object Repository/TestUserLocation/adminTool' is clicked on

2019-01-10 16:59:16 - [TEST_STEP][PASSED] - click(findTestObject("TestUserLocation/mainMenuResourceDesigner")): Object: 'Object Repository/TestUserLocation/mainMenuResourceDesigner' is clicked on

2019-01-10 16:59:16 - [MESSAGE][PASSED] - Object: 'Object Repository/TestUserLocation/mainMenuResourceDesigner' is clicked on

2019-01-10 16:59:16 - [TEST_STEP][PASSED] - Thread.sleep(4000): null

2019-01-10 16:59:20 - [TEST_STEP][PASSED] - click(findTestObject("TestResource/SuppliersDesign")): Object: 'Object Repository/TestResource/SuppliersDesign' is clicked on

2019-01-10 16:59:20 - [MESSAGE][PASSED] - Object: 'Object Repository/TestResource/SuppliersDesign' is clicked on

2019-01-10 16:59:20 - [TEST_STEP][PASSED] - Thread.sleep(4000): null

2019-01-10 16:59:24 - [TEST_STEP][PASSED] - waitForElementClickable(findTestObject("TestUserLocation/categories"), 45): Object 'Object Repository/TestUserLocation/categories' is clickable

2019-01-10 16:59:24 - [MESSAGE][PASSED] - Object 'Object Repository/TestUserLocation/categories' is clickable

2019-01-10 16:59:24 - [TEST_STEP][PASSED] - click(findTestObject("TestUserLocation/categories")): Object: 'Object Repository/TestUserLocation/categories' is clicked on

2019-01-10 16:59:24 - [MESSAGE][PASSED] - Object: 'Object Repository/TestUserLocation/categories' is clicked on

2019-01-10 16:59:24 - [TEST_STEP][PASSED] - Thread.sleep(2000): null

2019-01-10 16:59:26 - [TEST_STEP][PASSED] - click(findTestObject("TestUserLocation/defaultArea")): Object: 'Object Repository/TestUserLocation/defaultArea' is clicked on

2019-01-10 16:59:26 - [MESSAGE][PASSED] - Object: 'Object Repository/TestUserLocation/defaultArea' is clicked on

2019-01-10 16:59:26 - [TEST_STEP][PASSED] - Thread.sleep(2000): null

2019-01-10 16:59:28 - [TEST_STEP][PASSED] - click(findTestObject("TestUserLocation/hoverHeading")): Object: 'Object Repository/TestUserLocation/hoverHeading' is clicked on

2019-01-10 16:59:29 - [MESSAGE][PASSED] - Object: 'Object Repository/TestUserLocation/hoverHeading' is clicked on

2019-01-10 16:59:29 - [TEST_STEP][PASSED] - click(findTestObject("TestUserLocation/addPlusIcon")): Object: 'Object Repository/TestUserLocation/addPlusIcon' is clicked on

2019-01-10 16:59:29 - [MESSAGE][PASSED] - Object: 'Object Repository/TestUserLocation/addPlusIcon' is clicked on

2019-01-10 16:59:29 - [TEST_STEP][PASSED] - setText(findTestObject("TestUserLocation/setNewName"), findTestData("LocationData").getValue("SuppliersName", 1)): Text 'SUPPLIER_ON_10/01/19-16:59' is set on object 'Object Repository/TestUserLocation/setNewName'

2019-01-10 16:59:29 - [MESSAGE][PASSED] - Text 'SUPPLIER_ON_10/01/19-16:59' is set on object 'Object Repository/TestUserLocation/setNewName'

2019-01-10 16:59:29 - [TEST_STEP][PASSED] - Thread.sleep(2000): null

2019-01-10 16:59:31 - [TEST_STEP][PASSED] - click(findTestObject("TestUserLocation/saveButton")): Object: 'Object Repository/TestUserLocation/saveButton' is clicked on

2019-01-10 16:59:31 - [MESSAGE][PASSED] - Object: 'Object Repository/TestUserLocation/saveButton' is clicked on

2019-01-10 16:59:31 - [TEST_STEP][PASSED] - Thread.sleep(4000): null

2019-01-10 16:59:35 - [TEST_STEP][PASSED] - Thread.sleep(4000): null

2019-01-10 16:59:39 - [TEST_STEP][PASSED] - click(findTestObject("TestUserLocation/mainmenu_button")): Object: 'Object Repository/TestUserLocation/mainmenu_button' is clicked on

2019-01-10 16:59:39 - [MESSAGE][PASSED] - Object: 'Object Repository/TestUserLocation/mainmenu_button' is clicked on

2019-01-10 16:59:39 - [TEST_STEP][PASSED] - click(findTestObject("TestResource/mainMenu_resources")): Object: 'Object Repository/TestResource/mainMenu_resources' is clicked on

2019-01-10 16:59:40 - [MESSAGE][PASSED] - Object: 'Object Repository/TestResource/mainMenu_resources' is clicked on

2019-01-10 16:59:40 - [TEST_STEP][PASSED] - Thread.sleep(4000): null

2019-01-10 16:59:44 - [TEST_STEP][PASSED] - click(findTestObject("TestResource/suppliers")): Object: 'Object Repository/TestResource/suppliers' is clicked on

2019-01-10 16:59:44 - [MESSAGE][PASSED] - Object: 'Object Repository/TestResource/suppliers' is clicked on

2019-01-10 16:59:44 - [TEST_STEP][PASSED] - Thread.sleep(4000): null

2019-01-10 16:59:48 - [TEST_STEP][PASSED] - AdminTool_Location.selectSupplier(): Element has been clicked

2019-01-10 16:59:52 - [MESSAGE][PASSED] - Element has been clicked

2019-01-10 16:59:52 - [TEST_STEP][PASSED] - Thread.sleep(4000): null

2019-01-10 16:59:56 - [TEST_STEP][PASSED] - waitForElementClickable(findTestObject("TestUserLocation/addPlusIcon"), 45): Object 'Object Repository/TestUserLocation/addPlusIcon' is clickable

2019-01-10 16:59:56 - [MESSAGE][PASSED] - Object 'Object Repository/TestUserLocation/addPlusIcon' is clickable

2019-01-10 16:59:56 - [TEST_STEP][PASSED] - click(findTestObject("TestUserLocation/addPlusIcon")): Object: 'Object Repository/TestUserLocation/addPlusIcon' is clicked on

2019-01-10 16:59:56 - [MESSAGE][PASSED] - Object: 'Object Repository/TestUserLocation/addPlusIcon' is clicked on

2019-01-10 16:59:56 - [TEST_STEP][PASSED] - Thread.sleep(2000): null

2019-01-10 16:59:58 - [TEST_STEP][PASSED] - setText(findTestObject("TestUserLocation/setNewName"), findTestData("LocationData").getValue("SubSuppliersName1", 1)): Text 'SUBSUPPLIER1_ON_10/01/19-16:59' is set on object 'Object Repository/TestUserLocation/setNewName'

2019-01-10 16:59:58 - [MESSAGE][PASSED] - Text 'SUBSUPPLIER1_ON_10/01/19-16:59' is set on object 'Object Repository/TestUserLocation/setNewName'

2019-01-10 16:59:58 - [TEST_STEP][NOT_RUN] - setText(findTestObject("TestResource/setPhoneNumber"), "912378456"): NOT_RUN: setText(findTestObject("TestResource/setPhoneNumber"), "912378456")

2019-01-10 16:59:58 - [MESSAGE][NOT_RUN] - NOT_RUN: setText(findTestObject("TestResource/setPhoneNumber"), "912378456")

2019-01-10 16:59:58 - [TEST_STEP][PASSED] - Thread.sleep(2000): null

2019-01-10 17:00:00 - [TEST_STEP][PASSED] - click(findTestObject("TestResource/saveDetailButton")): Object: 'Object Repository/TestResource/saveDetailButton' is clicked on

2019-01-10 17:00:01 - [MESSAGE][PASSED] - Object: 'Object Repository/TestResource/saveDetailButton' is clicked on

2019-01-10 17:00:01 - [TEST_STEP][PASSED] - Thread.sleep(7000): null

2019-01-10 17:00:08 - [TEST_STEP][PASSED] - click(findTestObject("TestResource/disableResource")): Object: 'Object Repository/TestResource/disableResource' is clicked on

2019-01-10 17:00:08 - [MESSAGE][PASSED] - Object: 'Object Repository/TestResource/disableResource' is clicked on

2019-01-10 17:00:08 - [TEST_STEP][PASSED] - Thread.sleep(2000): null

2019-01-10 17:00:10 - [TEST_STEP][PASSED] - click(findTestObject("TestResource/button2Yes")): Object: 'Object Repository/TestResource/button2Yes' is clicked on

2019-01-10 17:00:10 - [MESSAGE][PASSED] - Object: 'Object Repository/TestResource/button2Yes' is clicked on

2019-01-10 17:00:10 - [TEST_STEP][PASSED] - Thread.sleep(2000): null

2019-01-10 17:00:12 - [TEST_STEP][PASSED] - click(findTestObject("TestResource/saveDetailButton")): Object: 'Object Repository/TestResource/saveDetailButton' is clicked on

2019-01-10 17:00:12 - [MESSAGE][PASSED] - Object: 'Object Repository/TestResource/saveDetailButton' is clicked on

2019-01-10 17:00:12 - [TEST_STEP][PASSED] - Thread.sleep(7000): null

2019-01-10 17:00:19 - [TEST_STEP][PASSED] - click(findTestObject("TestResource/linksTab")): Object: 'Object Repository/TestResource/linksTab' is clicked on

2019-01-10 17:00:19 - [MESSAGE][PASSED] - Object: 'Object Repository/TestResource/linksTab' is clicked on

2019-01-10 17:00:19 - [TEST_STEP][PASSED] - Thread.sleep(2000): null

2019-01-10 17:00:21 - [TEST_STEP][PASSED] - click(findTestObject("TestResource/addLink")): Object: 'Object Repository/TestResource/addLink' is clicked on

2019-01-10 17:00:21 - [MESSAGE][PASSED] - Object: 'Object Repository/TestResource/addLink' is clicked on

2019-01-10 17:00:21 - [TEST_STEP][PASSED] - Thread.sleep(5000): null

2019-01-10 17:00:26 - [TEST_STEP][PASSED] - check(findTestObject("TestResource/selectSecondResourceToLink")): Object 'Object Repository/TestResource/selectSecondResourceToLink' is checked

2019-01-10 17:00:26 - [MESSAGE][PASSED] - Object 'Object Repository/TestResource/selectSecondResourceToLink' is checked

2019-01-10 17:00:26 - [TEST_STEP][PASSED] - AdminTool_Location.resourceLinkName(): AdminTool_Location.resourceLinkName is PASSED

2019-01-10 17:00:27 - [MESSAGE][PASSED] - AdminTool_Location.resourceLinkName is PASSED

2019-01-10 17:00:27 - [TEST_STEP][PASSED] - Thread.sleep(2000): null

2019-01-10 17:00:29 - [TEST_STEP][PASSED] - click(findTestObject("TestResource/button2Save")): Object: 'Object Repository/TestResource/button2Save' is clicked on

2019-01-10 17:00:29 - [MESSAGE][PASSED] - Object: 'Object Repository/TestResource/button2Save' is clicked on

2019-01-10 17:00:29 - [TEST_STEP][PASSED] - Thread.sleep(4000): null

2019-01-10 17:00:33 - [TEST_STEP][PASSED] - click(findTestObject("TestResource/locationTab")): Object: 'Object Repository/TestResource/locationTab' is clicked on

2019-01-10 17:00:33 - [MESSAGE][PASSED] - Object: 'Object Repository/TestResource/locationTab' is clicked on

2019-01-10 17:00:33 - [TEST_STEP][PASSED] - Thread.sleep(5000): null

2019-01-10 17:00:38 - [TEST_STEP][PASSED] - AdminTool_Location.checkLocation(): AdminTool_Location.checkLocation is PASSED

2019-01-10 17:00:40 - [MESSAGE][PASSED] - AdminTool_Location.checkLocation is PASSED

2019-01-10 17:00:40 - [TEST_STEP][PASSED] - Thread.sleep(4000): null

2019-01-10 17:00:44 - [TEST_STEP][PASSED] - AdminTool_Location.moveCursor(): AdminTool_Location.moveCursor is PASSED

2019-01-10 17:00:44 - [MESSAGE][PASSED] - AdminTool_Location.moveCursor is PASSED

2019-01-10 17:00:44 - [TEST_STEP][PASSED] - Thread.sleep(2000): null

2019-01-10 17:00:46 - [TEST_STEP][PASSED] - click(findTestObject("TestResource/saveLocation")): Object: 'Object Repository/TestResource/saveLocation' is clicked on

2019-01-10 17:00:46 - [MESSAGE][PASSED] - Object: 'Object Repository/TestResource/saveLocation' is clicked on

2019-01-10 17:00:46 - [TEST_STEP][PASSED] - click(findTestObject("TestUserLocation/mainmenu_button")): Object: 'Object Repository/TestUserLocation/mainmenu_button' is clicked on

2019-01-10 17:00:47 - [MESSAGE][PASSED] - Object: 'Object Repository/TestUserLocation/mainmenu_button' is clicked on

2019-01-10 17:00:47 - [TEST_STEP][PASSED] - click(findTestObject("TestResource/mainMenu_resources")): Object: 'Object Repository/TestResource/mainMenu_resources' is clicked on

2019-01-10 17:00:47 - [MESSAGE][PASSED] - Object: 'Object Repository/TestResource/mainMenu_resources' is clicked on

2019-01-10 17:00:47 - [TEST_STEP][PASSED] - Thread.sleep(4000): null

2019-01-10 17:00:51 - [TEST_STEP][PASSED] - click(findTestObject("TestResource/suppliers")): Object: 'Object Repository/TestResource/suppliers' is clicked on

2019-01-10 17:00:51 - [MESSAGE][PASSED] - Object: 'Object Repository/TestResource/suppliers' is clicked on

2019-01-10 17:00:51 - [TEST_STEP][PASSED] - Thread.sleep(4000): null

2019-01-10 17:00:55 - [TEST_STEP][PASSED] - AdminTool_Location.selectSupplier(): Element has been clicked

2019-01-10 17:01:00 - [MESSAGE][PASSED] - Element has been clicked

2019-01-10 17:01:00 - [TEST_STEP][PASSED] - Thread.sleep(4000): null

2019-01-10 17:01:04 - [TEST_STEP][PASSED] - waitForElementClickable(findTestObject("TestUserLocation/addPlusIcon"), 45): Object 'Object Repository/TestUserLocation/addPlusIcon' is clickable

2019-01-10 17:01:04 - [MESSAGE][PASSED] - Object 'Object Repository/TestUserLocation/addPlusIcon' is clickable

2019-01-10 17:01:04 - [TEST_STEP][PASSED] - click(findTestObject("TestUserLocation/addPlusIcon")): Object: 'Object Repository/TestUserLocation/addPlusIcon' is clicked on

2019-01-10 17:01:04 - [MESSAGE][PASSED] - Object: 'Object Repository/TestUserLocation/addPlusIcon' is clicked on

2019-01-10 17:01:04 - [TEST_STEP][PASSED] - Thread.sleep(2000): null

2019-01-10 17:01:06 - [TEST_STEP][PASSED] - setText(findTestObject("TestUserLocation/setNewName"), findTestData("LocationData").getValue("SubSuppliersName2", 1)): Text 'SUBSUPPLIER2_ON_10/01/19-16:59' is set on object 'Object Repository/TestUserLocation/setNewName'

2019-01-10 17:01:06 - [MESSAGE][PASSED] - Text 'SUBSUPPLIER2_ON_10/01/19-16:59' is set on object 'Object Repository/TestUserLocation/setNewName'

2019-01-10 17:01:06 - [TEST_STEP][NOT_RUN] - setText(findTestObject("TestResource/setPhoneNumber"), "912378456"): NOT_RUN: setText(findTestObject("TestResource/setPhoneNumber"), "912378456")

2019-01-10 17:01:06 - [MESSAGE][NOT_RUN] - NOT_RUN: setText(findTestObject("TestResource/setPhoneNumber"), "912378456")

2019-01-10 17:01:06 - [TEST_STEP][PASSED] - Thread.sleep(2000): null

2019-01-10 17:01:08 - [TEST_STEP][PASSED] - click(findTestObject("TestResource/saveDetailButton")): Object: 'Object Repository/TestResource/saveDetailButton' is clicked on

2019-01-10 17:01:09 - [MESSAGE][PASSED] - Object: 'Object Repository/TestResource/saveDetailButton' is clicked on

2019-01-10 17:01:09 - [TEST_STEP][PASSED] - Thread.sleep(7000): null

2019-01-10 17:01:16 - [TEST_STEP][PASSED] - click(findTestObject("TestResource/linksTab")): Object: 'Object Repository/TestResource/linksTab' is clicked on

2019-01-10 17:01:16 - [MESSAGE][PASSED] - Object: 'Object Repository/TestResource/linksTab' is clicked on

2019-01-10 17:01:16 - [TEST_STEP][PASSED] - Thread.sleep(2000): null

2019-01-10 17:01:18 - [TEST_STEP][PASSED] - click(findTestObject("TestResource/addLink")): Object: 'Object Repository/TestResource/addLink' is clicked on

2019-01-10 17:01:18 - [MESSAGE][PASSED] - Object: 'Object Repository/TestResource/addLink' is clicked on

2019-01-10 17:01:18 - [TEST_STEP][PASSED] - Thread.sleep(5000): null

2019-01-10 17:01:23 - [TEST_STEP][PASSED] - check(findTestObject("TestResource/selectSecondResourceToLink")): Object 'Object Repository/TestResource/selectSecondResourceToLink' is checked

2019-01-10 17:01:23 - [MESSAGE][PASSED] - Object 'Object Repository/TestResource/selectSecondResourceToLink' is checked

2019-01-10 17:01:23 - [TEST_STEP][PASSED] - AdminTool_Location.resourceLinkName(): AdminTool_Location.resourceLinkName is PASSED

2019-01-10 17:01:23 - [MESSAGE][PASSED] - AdminTool_Location.resourceLinkName is PASSED

2019-01-10 17:01:23 - [TEST_STEP][PASSED] - Thread.sleep(2000): null

2019-01-10 17:01:25 - [TEST_STEP][PASSED] - click(findTestObject("TestResource/button2Save")): Object: 'Object Repository/TestResource/button2Save' is clicked on

2019-01-10 17:01:25 - [MESSAGE][PASSED] - Object: 'Object Repository/TestResource/button2Save' is clicked on

2019-01-10 17:01:25 - [TEST_STEP][PASSED] - Thread.sleep(4000): null

2019-01-10 17:01:29 - [TEST_STEP][PASSED] - click(findTestObject("TestResource/locationTab")): Object: 'Object Repository/TestResource/locationTab' is clicked on

2019-01-10 17:01:29 - [MESSAGE][PASSED] - Object: 'Object Repository/TestResource/locationTab' is clicked on

2019-01-10 17:01:29 - [TEST_STEP][PASSED] - Thread.sleep(5000): null

2019-01-10 17:01:34 - [TEST_STEP][PASSED] - AdminTool_Location.checkLocation(): AdminTool_Location.checkLocation is PASSED

2019-01-10 17:01:36 - [MESSAGE][PASSED] - AdminTool_Location.checkLocation is PASSED

2019-01-10 17:01:36 - [TEST_STEP][PASSED] - Thread.sleep(4000): null

2019-01-10 17:01:40 - [TEST_STEP][PASSED] - click(findTestObject("TestResource/saveLocation")): Object: 'Object Repository/TestResource/saveLocation' is clicked on

2019-01-10 17:01:41 - [MESSAGE][PASSED] - Object: 'Object Repository/TestResource/saveLocation' is clicked on]]></system-out>
         <system-err><![CDATA[]]></system-err>
      </testcase>
      <testcase name="Test Cases/CheckResoucesAsPerLocation/validateResource" classname="Test Cases/CheckResoucesAsPerLocation/validateResource" status="PASSED">
         <system-out><![CDATA[2019-01-10 17:01:41 - [TEST_CASE][PASSED] - Test Cases/CheckResoucesAsPerLocation/validateResource: Test Cases/CheckResoucesAsPerLocation/validateResource

2019-01-10 17:01:41 - [TEST_STEP][NOT_RUN] - openBrowser(URL): NOT_RUN: openBrowser(URL)

2019-01-10 17:01:41 - [MESSAGE][NOT_RUN] - NOT_RUN: openBrowser(URL)

2019-01-10 17:01:41 - [TEST_STEP][NOT_RUN] - maximizeWindow(): NOT_RUN: maximizeWindow()

2019-01-10 17:01:41 - [MESSAGE][NOT_RUN] - NOT_RUN: maximizeWindow()

2019-01-10 17:01:41 - [TEST_STEP][NOT_RUN] - setText(findTestObject("Form_Selection_Creation/login_Username"), UserName): NOT_RUN: setText(findTestObject("Form_Selection_Creation/login_Username"), UserName)

2019-01-10 17:01:41 - [MESSAGE][NOT_RUN] - NOT_RUN: setText(findTestObject("Form_Selection_Creation/login_Username"), UserName)

2019-01-10 17:01:41 - [TEST_STEP][NOT_RUN] - setText(findTestObject("Form_Selection_Creation/login_Password"), Password11): NOT_RUN: setText(findTestObject("Form_Selection_Creation/login_Password"), Password11)

2019-01-10 17:01:41 - [MESSAGE][NOT_RUN] - NOT_RUN: setText(findTestObject("Form_Selection_Creation/login_Password"), Password11)

2019-01-10 17:01:41 - [TEST_STEP][PASSED] - Thread.sleep(4000): null

2019-01-10 17:01:45 - [TEST_STEP][PASSED] - FormName.setData(): FormName.setData is PASSED

2019-01-10 17:01:45 - [MESSAGE][PASSED] - FormName.setData is PASSED

2019-01-10 17:01:45 - [TEST_STEP][NOT_RUN] - click(findTestObject("Form_Selection_Creation/login_Button")): NOT_RUN: click(findTestObject("Form_Selection_Creation/login_Button"))

2019-01-10 17:01:45 - [MESSAGE][NOT_RUN] - NOT_RUN: click(findTestObject("Form_Selection_Creation/login_Button"))

2019-01-10 17:01:45 - [TEST_STEP][PASSED] - click(findTestObject("Form_Selection_Creation/mainMenu_Button")): Object: 'Object Repository/Form_Selection_Creation/mainMenu_Button' is clicked on

2019-01-10 17:01:45 - [MESSAGE][PASSED] - Object: 'Object Repository/Form_Selection_Creation/mainMenu_Button' is clicked on

2019-01-10 17:01:45 - [TEST_STEP][NOT_RUN] - click(findTestObject("Form_Selection_Creation/mainMenu_AdminTools")): NOT_RUN: click(findTestObject("Form_Selection_Creation/mainMenu_AdminTools"))

2019-01-10 17:01:45 - [MESSAGE][NOT_RUN] - NOT_RUN: click(findTestObject("Form_Selection_Creation/mainMenu_AdminTools"))

2019-01-10 17:01:45 - [TEST_STEP][PASSED] - click(findTestObject("Form_Selection_Creation/mainMenu_AdminTools_FormDesigner")): Object: 'Object Repository/Form_Selection_Creation/mainMenu_AdminTools_FormDesigner' is clicked on

2019-01-10 17:01:45 - [MESSAGE][PASSED] - Object: 'Object Repository/Form_Selection_Creation/mainMenu_AdminTools_FormDesigner' is clicked on

2019-01-10 17:01:45 - [TEST_STEP][PASSED] - click(findTestObject("Form_Selection_Creation/selectCheckForm")): Object: 'Object Repository/Form_Selection_Creation/selectCheckForm' is clicked on

2019-01-10 17:01:45 - [MESSAGE][PASSED] - Object: 'Object Repository/Form_Selection_Creation/selectCheckForm' is clicked on

2019-01-10 17:01:45 - [TEST_STEP][PASSED] - Thread.sleep(5000): null

2019-01-10 17:01:50 - [TEST_STEP][PASSED] - AdminTool_Location.moveCursor(): AdminTool_Location.moveCursor is PASSED

2019-01-10 17:01:50 - [MESSAGE][PASSED] - AdminTool_Location.moveCursor is PASSED

2019-01-10 17:01:50 - [TEST_STEP][PASSED] - Thread.sleep(2000): null

2019-01-10 17:01:52 - [TEST_STEP][PASSED] - AdminTool_Location.selectResType(): AdminTool_Location.selectResType is PASSED

2019-01-10 17:02:00 - [MESSAGE][PASSED] - AdminTool_Location.selectResType is PASSED

2019-01-10 17:02:00 - [TEST_STEP][PASSED] - AdminTool_Location.dragDropRes(): Element has been clicked

2019-01-10 17:02:05 - [MESSAGE][PASSED] - Element has been clicked

2019-01-10 17:02:05 - [TEST_STEP][PASSED] - Thread.sleep(5000): null

2019-01-10 17:02:10 - [TEST_STEP][NOT_RUN] - dragAndDropToObject(findTestObject("null"), findTestObject("Form_Selection_Creation/Target_Res_Object")): NOT_RUN: dragAndDropToObject(findTestObject("null"), findTestObject("Form_Selection_Creation/Target_Res_Object"))

2019-01-10 17:02:10 - [MESSAGE][NOT_RUN] - NOT_RUN: dragAndDropToObject(findTestObject("null"), findTestObject("Form_Selection_Creation/Target_Res_Object"))

2019-01-10 17:02:10 - [TEST_STEP][PASSED] - AdminTool_Location.validate(): AdminTool_Location.validate is PASSED

2019-01-10 17:02:10 - [MESSAGE][PASSED] - AdminTool_Location.validate is PASSED

2019-01-10 17:02:10 - [TEST_STEP][PASSED] - s = getText(findTestObject("TestResource/testText")): Text of object 'Object Repository/TestResource/testText' is: 'Suppliers > SUPPLIER_ON_10/01/19-16:59 > SUBSUPPLIER2_ON_10/01/19-16:59'

2019-01-10 17:02:10 - [MESSAGE][PASSED] - Text of object 'Object Repository/TestResource/testText' is: 'Suppliers > SUPPLIER_ON_10/01/19-16:59 > SUBSUPPLIER2_ON_10/01/19-16:59'

2019-01-10 17:02:10 - [TEST_STEP][PASSED] - println(s): null]]></system-out>
         <system-err><![CDATA[]]></system-err>
      </testcase>
      <system-out><![CDATA[2019-01-10 16:45:51 - [TEST_SUITE][PASSED] - CheckAllResources: Test Cases/CheckResoucesAsPerLocation/validateResource]]></system-out>
      <system-err><![CDATA[]]></system-err>
   </testsuite>
</testsuites>
