<?xml version="1.0" encoding="UTF-8"?>
<testsuites name="CheckAllResources" time="1070" tests="9" failures="0" errors="0">
   <testsuite name="CheckAllResources" tests="9" failures="0" errors="0" time="1070" timestamp="2019-02-25 16:02:36" hostname="pashine_a - Abhishek-Pashine.India.XoriantCorp.com" id="Test Suites/CheckAllResources">
      <properties>
         <property name="deviceName" value=""/>
         <property name="devicePlatform" value=""/>
         <property name="logFolder" value="D:\\Git Data\\SafetyChain-Test-Automation-Katalon\\Reports\\CheckAllResources\\20190225_160234"/>
         <property name="logFiles" value="D:\\Git Data\\SafetyChain-Test-Automation-Katalon\\Reports\\CheckAllResources\\20190225_160234\\execution0.log"/>
         <property name="attachments" value=""/>
         <property name="hostName" value="pashine_a - Abhishek-Pashine.India.XoriantCorp.com"/>
         <property name="os" value="Windows 7 64bit"/>
         <property name="katalonVersion" value="5.10.1.1"/>
         <property name="browser" value="Chrome 72.0.3626.109"/>
         <property name="hostAddress" value="10.21.7.147"/>
         <property name="sessionId" value="3c8e92af336aade13edc4e82b3d8a515"/>
         <property name="seleniumVersion" value="3.7.1"/>
         <property name="proxyInformation" value="ProxyInformation{proxyOption=NO_PROXY, proxyServerType=HTTP, password=, proxyServerAddress=, proxyServerPort=0}"/>
         <property name="platform" value="Windows 7"/>
      </properties>
      <testcase name="Test Cases/CheckResoucesAsPerLocation/checkLocation" classname="Test Cases/CheckResoucesAsPerLocation/checkLocation" status="PASSED">
         <system-out><![CDATA[2019-02-25 16:02:37 - [TEST_CASE][PASSED] - Test Cases/CheckResoucesAsPerLocation/checkLocation: Test Cases/CheckResoucesAsPerLocation/checkLocation

2019-02-25 16:02:37 - [TEST_STEP][PASSED] - openBrowser(URL): Browser is opened with url: 'https://test2.stage.safetychain.com'

2019-02-25 16:02:38 - [MESSAGE][INFO] - Starting 'Chrome' driver

2019-02-25 16:02:38 - [MESSAGE][INFO] - Action delay is set to 0 seconds

2019-02-25 16:03:11 - [MESSAGE][PASSED] - Browser is opened with url: 'https://test2.stage.safetychain.com'

2019-02-25 16:03:11 - [TEST_STEP][PASSED] - maximizeWindow(): Current window maximized

2019-02-25 16:03:13 - [MESSAGE][PASSED] - Current window maximized

2019-02-25 16:03:13 - [TEST_STEP][PASSED] - setText(findTestObject("TestUserLocation/login_Username"), UserName): Text 'tester' is set on object 'Object Repository/TestUserLocation/login_Username'

2019-02-25 16:03:16 - [MESSAGE][PASSED] - Text 'tester' is set on object 'Object Repository/TestUserLocation/login_Username'

2019-02-25 16:03:16 - [TEST_STEP][PASSED] - setText(findTestObject("TestUserLocation/login_Password"), Password): Text 'TestSt@ge' is set on object 'Object Repository/TestUserLocation/login_Password'

2019-02-25 16:03:16 - [MESSAGE][PASSED] - Text 'TestSt@ge' is set on object 'Object Repository/TestUserLocation/login_Password'

2019-02-25 16:03:16 - [TEST_STEP][PASSED] - AdminTool_Location.setLocationName(): AdminTool_Location.setLocationName is PASSED

2019-02-25 16:03:22 - [MESSAGE][PASSED] - AdminTool_Location.setLocationName is PASSED

2019-02-25 16:03:22 - [TEST_STEP][PASSED] - click(findTestObject("TestUserLocation/login_Button")): Object: 'Object Repository/TestUserLocation/login_Button' is clicked on

2019-02-25 16:03:24 - [MESSAGE][PASSED] - Object: 'Object Repository/TestUserLocation/login_Button' is clicked on

2019-02-25 16:03:24 - [TEST_STEP][PASSED] - Thread.sleep(4000): null

2019-02-25 16:03:28 - [TEST_STEP][PASSED] - AdminTool_Location.setLocationNameInLocation(): AdminTool_Location.setLocationNameInLocation is PASSED

2019-02-25 16:03:32 - [MESSAGE][PASSED] - AdminTool_Location.setLocationNameInLocation is PASSED

2019-02-25 16:03:32 - [TEST_STEP][PASSED] - click(findTestObject("TestUserLocation/mainmenu_button")): Object: 'Object Repository/TestUserLocation/mainmenu_button' is clicked on

2019-02-25 16:03:32 - [MESSAGE][PASSED] - Object: 'Object Repository/TestUserLocation/mainmenu_button' is clicked on

2019-02-25 16:03:32 - [TEST_STEP][PASSED] - Thread.sleep(2000): null

2019-02-25 16:03:34 - [TEST_STEP][PASSED] - click(findTestObject("TestUserLocation/adminTool")): Object: 'Object Repository/TestUserLocation/adminTool' is clicked on

2019-02-25 16:03:34 - [MESSAGE][PASSED] - Object: 'Object Repository/TestUserLocation/adminTool' is clicked on

2019-02-25 16:03:34 - [TEST_STEP][PASSED] - Thread.sleep(2000): null

2019-02-25 16:03:36 - [TEST_STEP][PASSED] - click(findTestObject("TestUserLocation/mainMenuResourceDesigner")): Object: 'Object Repository/TestUserLocation/mainMenuResourceDesigner' is clicked on

2019-02-25 16:03:36 - [MESSAGE][PASSED] - Object: 'Object Repository/TestUserLocation/mainMenuResourceDesigner' is clicked on

2019-02-25 16:03:36 - [TEST_STEP][PASSED] - Thread.sleep(4000): null

2019-02-25 16:03:40 - [TEST_STEP][PASSED] - click(findTestObject("TestUserLocation/locations")): Object: 'Object Repository/TestUserLocation/locations' is clicked on

2019-02-25 16:03:40 - [MESSAGE][PASSED] - Object: 'Object Repository/TestUserLocation/locations' is clicked on

2019-02-25 16:03:40 - [TEST_STEP][PASSED] - Thread.sleep(4000): null

2019-02-25 16:03:44 - [TEST_STEP][NOT_RUN] - refresh(): NOT_RUN: refresh()

2019-02-25 16:03:44 - [MESSAGE][NOT_RUN] - NOT_RUN: refresh()

2019-02-25 16:03:45 - [TEST_STEP][NOT_RUN] - Thread.sleep(4000): NOT_RUN: Thread.sleep(4000)

2019-02-25 16:03:45 - [MESSAGE][NOT_RUN] - NOT_RUN: Thread.sleep(4000)

2019-02-25 16:03:45 - [TEST_STEP][PASSED] - click(findTestObject("TestUserLocation/categories")): Object: 'Object Repository/TestUserLocation/categories' is clicked on

2019-02-25 16:03:50 - [MESSAGE][PASSED] - Object: 'Object Repository/TestUserLocation/categories' is clicked on

2019-02-25 16:03:50 - [TEST_STEP][PASSED] - Thread.sleep(2000): null

2019-02-25 16:03:52 - [TEST_STEP][PASSED] - click(findTestObject("TestUserLocation/defaultArea")): Object: 'Object Repository/TestUserLocation/defaultArea' is clicked on

2019-02-25 16:03:52 - [MESSAGE][PASSED] - Object: 'Object Repository/TestUserLocation/defaultArea' is clicked on

2019-02-25 16:03:52 - [TEST_STEP][PASSED] - click(findTestObject("TestUserLocation/hoverHeading")): Object: 'Object Repository/TestUserLocation/hoverHeading' is clicked on

2019-02-25 16:03:52 - [MESSAGE][PASSED] - Object: 'Object Repository/TestUserLocation/hoverHeading' is clicked on

2019-02-25 16:03:52 - [TEST_STEP][PASSED] - click(findTestObject("TestUserLocation/addPlusIcon")): Object: 'Object Repository/TestUserLocation/addPlusIcon' is clicked on

2019-02-25 16:03:53 - [MESSAGE][PASSED] - Object: 'Object Repository/TestUserLocation/addPlusIcon' is clicked on

2019-02-25 16:03:53 - [TEST_STEP][PASSED] - setText(findTestObject("TestUserLocation/setNewName"), findTestData("LocationData").getValue("LocationName", 1)): Text 'Location_25/02/19-16:03' is set on object 'Object Repository/TestUserLocation/setNewName'

2019-02-25 16:03:53 - [MESSAGE][PASSED] - Text 'Location_25/02/19-16:03' is set on object 'Object Repository/TestUserLocation/setNewName'

2019-02-25 16:03:53 - [TEST_STEP][PASSED] - Thread.sleep(2000): null

2019-02-25 16:03:55 - [TEST_STEP][PASSED] - click(findTestObject("TestUserLocation/saveButton")): Object: 'Object Repository/TestUserLocation/saveButton' is clicked on

2019-02-25 16:03:55 - [MESSAGE][PASSED] - Object: 'Object Repository/TestUserLocation/saveButton' is clicked on

2019-02-25 16:03:55 - [TEST_STEP][PASSED] - Thread.sleep(4000): null

2019-02-25 16:03:59 - [TEST_STEP][PASSED] - AdminTool_Location.moveCursor(): AdminTool_Location.moveCursor is PASSED

2019-02-25 16:04:00 - [MESSAGE][PASSED] - AdminTool_Location.moveCursor is PASSED

2019-02-25 16:04:00 - [TEST_STEP][PASSED] - Thread.sleep(2000): null

2019-02-25 16:04:02 - [TEST_STEP][PASSED] - click(findTestObject("TestUserLocation/mainmenu_button")): Object: 'Object Repository/TestUserLocation/mainmenu_button' is clicked on

2019-02-25 16:04:02 - [MESSAGE][PASSED] - Object: 'Object Repository/TestUserLocation/mainmenu_button' is clicked on

2019-02-25 16:04:02 - [TEST_STEP][PASSED] - click(findTestObject("TestUserLocation/mainMenuLocation")): Object: 'Object Repository/TestUserLocation/mainMenuLocation' is clicked on

2019-02-25 16:04:02 - [MESSAGE][PASSED] - Object: 'Object Repository/TestUserLocation/mainMenuLocation' is clicked on

2019-02-25 16:04:02 - [TEST_STEP][PASSED] - Thread.sleep(4000): null

2019-02-25 16:04:06 - [TEST_STEP][PASSED] - AdminTool_Location.selectLocation(): Element has been clicked

2019-02-25 16:04:10 - [MESSAGE][PASSED] - Element has been clicked

2019-02-25 16:04:10 - [TEST_STEP][PASSED] - click(findTestObject("TestUserLocation/addPlusIcon")): Object: 'Object Repository/TestUserLocation/addPlusIcon' is clicked on

2019-02-25 16:04:11 - [MESSAGE][PASSED] - Object: 'Object Repository/TestUserLocation/addPlusIcon' is clicked on

2019-02-25 16:04:11 - [TEST_STEP][PASSED] - Thread.sleep(2000): null

2019-02-25 16:04:13 - [TEST_STEP][PASSED] - setText(findTestObject("TestUserLocation/setNewName"), findTestData("LocationData").getValue("SubLocationName", 1)): Text 'SubLocation1_25/02/19-16:03' is set on object 'Object Repository/TestUserLocation/setNewName'

2019-02-25 16:04:13 - [MESSAGE][PASSED] - Text 'SubLocation1_25/02/19-16:03' is set on object 'Object Repository/TestUserLocation/setNewName'

2019-02-25 16:04:13 - [TEST_STEP][PASSED] - Thread.sleep(2000): null

2019-02-25 16:04:15 - [TEST_STEP][PASSED] - click(findTestObject("TestUserLocation/saveLocationDetailButton")): Object: 'Object Repository/TestUserLocation/saveLocationDetailButton' is clicked on

2019-02-25 16:04:15 - [MESSAGE][PASSED] - Object: 'Object Repository/TestUserLocation/saveLocationDetailButton' is clicked on

2019-02-25 16:04:15 - [TEST_STEP][PASSED] - Thread.sleep(4000): null

2019-02-25 16:04:19 - [TEST_STEP][PASSED] - click(findTestObject("TestUserLocation/customerSelect")): Object: 'Object Repository/TestUserLocation/customerSelect' is clicked on

2019-02-25 16:04:19 - [MESSAGE][PASSED] - Object: 'Object Repository/TestUserLocation/customerSelect' is clicked on

2019-02-25 16:04:19 - [TEST_STEP][PASSED] - Thread.sleep(4000): null

2019-02-25 16:04:23 - [TEST_STEP][PASSED] - check(findTestObject("TestUserLocation/select4ResouceInCustomer")): Object 'Object Repository/TestUserLocation/select4ResouceInCustomer' is checked

2019-02-25 16:04:24 - [MESSAGE][PASSED] - Object 'Object Repository/TestUserLocation/select4ResouceInCustomer' is checked

2019-02-25 16:04:24 - [TEST_STEP][PASSED] - Thread.sleep(2000): null

2019-02-25 16:04:26 - [TEST_STEP][PASSED] - click(findTestObject("TestUserLocation/saveLocationDetailButton")): Object: 'Object Repository/TestUserLocation/saveLocationDetailButton' is clicked on

2019-02-25 16:04:26 - [MESSAGE][PASSED] - Object: 'Object Repository/TestUserLocation/saveLocationDetailButton' is clicked on]]></system-out>
         <system-err><![CDATA[]]></system-err>
      </testcase>
      <testcase name="Test Cases/CheckResoucesAsPerLocation/checkResource_Customer" classname="Test Cases/CheckResoucesAsPerLocation/checkResource_Customer" status="PASSED">
         <system-out><![CDATA[2019-02-25 16:04:26 - [TEST_CASE][PASSED] - Test Cases/CheckResoucesAsPerLocation/checkResource_Customer: Test Cases/CheckResoucesAsPerLocation/checkResource_Customer

2019-02-25 16:04:26 - [TEST_STEP][NOT_RUN] - openBrowser(URL): NOT_RUN: openBrowser(URL)

2019-02-25 16:04:26 - [MESSAGE][NOT_RUN] - NOT_RUN: openBrowser(URL)

2019-02-25 16:04:26 - [TEST_STEP][NOT_RUN] - maximizeWindow(): NOT_RUN: maximizeWindow()

2019-02-25 16:04:26 - [MESSAGE][NOT_RUN] - NOT_RUN: maximizeWindow()

2019-02-25 16:04:26 - [TEST_STEP][NOT_RUN] - setText(findTestObject("TestUserLocation/login_Username"), UserName1): NOT_RUN: setText(findTestObject("TestUserLocation/login_Username"), UserName1)

2019-02-25 16:04:26 - [MESSAGE][NOT_RUN] - NOT_RUN: setText(findTestObject("TestUserLocation/login_Username"), UserName1)

2019-02-25 16:04:26 - [TEST_STEP][NOT_RUN] - setText(findTestObject("TestUserLocation/login_Password"), Password1): NOT_RUN: setText(findTestObject("TestUserLocation/login_Password"), Password1)

2019-02-25 16:04:26 - [MESSAGE][NOT_RUN] - NOT_RUN: setText(findTestObject("TestUserLocation/login_Password"), Password1)

2019-02-25 16:04:26 - [TEST_STEP][PASSED] - AdminTool_Location.setCustomerName(): AdminTool_Location.setCustomerName is PASSED

2019-02-25 16:04:26 - [MESSAGE][PASSED] - AdminTool_Location.setCustomerName is PASSED

2019-02-25 16:04:26 - [TEST_STEP][NOT_RUN] - click(findTestObject("TestUserLocation/login_Button")): NOT_RUN: click(findTestObject("TestUserLocation/login_Button"))

2019-02-25 16:04:26 - [MESSAGE][NOT_RUN] - NOT_RUN: click(findTestObject("TestUserLocation/login_Button"))

2019-02-25 16:04:26 - [TEST_STEP][PASSED] - Thread.sleep(4000): null

2019-02-25 16:04:30 - [TEST_STEP][PASSED] - click(findTestObject("TestUserLocation/mainmenu_button")): Object: 'Object Repository/TestUserLocation/mainmenu_button' is clicked on

2019-02-25 16:04:30 - [MESSAGE][PASSED] - Object: 'Object Repository/TestUserLocation/mainmenu_button' is clicked on

2019-02-25 16:04:30 - [TEST_STEP][PASSED] - Thread.sleep(2000): null

2019-02-25 16:04:32 - [TEST_STEP][NOT_RUN] - click(findTestObject("TestUserLocation/adminTool")): NOT_RUN: click(findTestObject("TestUserLocation/adminTool"))

2019-02-25 16:04:32 - [MESSAGE][NOT_RUN] - NOT_RUN: click(findTestObject("TestUserLocation/adminTool"))

2019-02-25 16:04:32 - [TEST_STEP][PASSED] - click(findTestObject("TestUserLocation/mainMenuResourceDesigner")): Object: 'Object Repository/TestUserLocation/mainMenuResourceDesigner' is clicked on

2019-02-25 16:04:33 - [MESSAGE][PASSED] - Object: 'Object Repository/TestUserLocation/mainMenuResourceDesigner' is clicked on

2019-02-25 16:04:33 - [TEST_STEP][NOT_RUN] - Thread.sleep(2000): NOT_RUN: Thread.sleep(2000)

2019-02-25 16:04:33 - [MESSAGE][NOT_RUN] - NOT_RUN: Thread.sleep(2000)

2019-02-25 16:04:33 - [TEST_STEP][NOT_RUN] - click(findTestObject("TestUserLocation/yesDelete")): NOT_RUN: click(findTestObject("TestUserLocation/yesDelete"))

2019-02-25 16:04:33 - [MESSAGE][NOT_RUN] - NOT_RUN: click(findTestObject("TestUserLocation/yesDelete"))

2019-02-25 16:04:33 - [TEST_STEP][PASSED] - Thread.sleep(4000): null

2019-02-25 16:04:37 - [TEST_STEP][PASSED] - click(findTestObject("TestResource/customers")): Object: 'Object Repository/TestResource/customers' is clicked on

2019-02-25 16:04:37 - [MESSAGE][PASSED] - Object: 'Object Repository/TestResource/customers' is clicked on

2019-02-25 16:04:37 - [TEST_STEP][PASSED] - Thread.sleep(4000): null

2019-02-25 16:04:41 - [TEST_STEP][PASSED] - waitForElementClickable(findTestObject("TestUserLocation/categories"), 45): Object 'Object Repository/TestUserLocation/categories' is clickable

2019-02-25 16:04:41 - [MESSAGE][PASSED] - Object 'Object Repository/TestUserLocation/categories' is clickable

2019-02-25 16:04:41 - [TEST_STEP][PASSED] - click(findTestObject("TestUserLocation/categories")): Object: 'Object Repository/TestUserLocation/categories' is clicked on

2019-02-25 16:04:41 - [MESSAGE][PASSED] - Object: 'Object Repository/TestUserLocation/categories' is clicked on

2019-02-25 16:04:41 - [TEST_STEP][PASSED] - Thread.sleep(2000): null

2019-02-25 16:04:43 - [TEST_STEP][PASSED] - click(findTestObject("TestUserLocation/defaultArea")): Object: 'Object Repository/TestUserLocation/defaultArea' is clicked on

2019-02-25 16:04:43 - [MESSAGE][PASSED] - Object: 'Object Repository/TestUserLocation/defaultArea' is clicked on

2019-02-25 16:04:43 - [TEST_STEP][PASSED] - Thread.sleep(2000): null

2019-02-25 16:04:45 - [TEST_STEP][PASSED] - waitForElementClickable(findTestObject("TestUserLocation/hoverHeading"), 45): Object 'Object Repository/TestUserLocation/hoverHeading' is clickable

2019-02-25 16:04:45 - [MESSAGE][PASSED] - Object 'Object Repository/TestUserLocation/hoverHeading' is clickable

2019-02-25 16:04:45 - [TEST_STEP][PASSED] - click(findTestObject("TestUserLocation/hoverHeading")): Object: 'Object Repository/TestUserLocation/hoverHeading' is clicked on

2019-02-25 16:04:45 - [MESSAGE][PASSED] - Object: 'Object Repository/TestUserLocation/hoverHeading' is clicked on

2019-02-25 16:04:45 - [TEST_STEP][PASSED] - click(findTestObject("TestUserLocation/addPlusIcon")): Object: 'Object Repository/TestUserLocation/addPlusIcon' is clicked on

2019-02-25 16:04:45 - [MESSAGE][PASSED] - Object: 'Object Repository/TestUserLocation/addPlusIcon' is clicked on

2019-02-25 16:04:45 - [TEST_STEP][PASSED] - setText(findTestObject("TestUserLocation/setNewName"), findTestData("LocationData").getValue("CustomerName", 1)): Text 'Customer_25/02/19-16:04' is set on object 'Object Repository/TestUserLocation/setNewName'

2019-02-25 16:04:46 - [MESSAGE][PASSED] - Text 'Customer_25/02/19-16:04' is set on object 'Object Repository/TestUserLocation/setNewName'

2019-02-25 16:04:46 - [TEST_STEP][PASSED] - Thread.sleep(2000): null

2019-02-25 16:04:48 - [TEST_STEP][PASSED] - click(findTestObject("TestUserLocation/saveButton")): Object: 'Object Repository/TestUserLocation/saveButton' is clicked on

2019-02-25 16:04:48 - [MESSAGE][PASSED] - Object: 'Object Repository/TestUserLocation/saveButton' is clicked on

2019-02-25 16:04:48 - [TEST_STEP][PASSED] - Thread.sleep(4000): null

2019-02-25 16:04:52 - [TEST_STEP][PASSED] - Thread.sleep(4000): null

2019-02-25 16:04:56 - [TEST_STEP][PASSED] - click(findTestObject("TestUserLocation/mainmenu_button")): Object: 'Object Repository/TestUserLocation/mainmenu_button' is clicked on

2019-02-25 16:04:56 - [MESSAGE][PASSED] - Object: 'Object Repository/TestUserLocation/mainmenu_button' is clicked on

2019-02-25 16:04:56 - [TEST_STEP][PASSED] - Thread.sleep(2000): null

2019-02-25 16:04:58 - [TEST_STEP][PASSED] - click(findTestObject("TestResource/mainMenu_resources")): Object: 'Object Repository/TestResource/mainMenu_resources' is clicked on

2019-02-25 16:04:58 - [MESSAGE][PASSED] - Object: 'Object Repository/TestResource/mainMenu_resources' is clicked on

2019-02-25 16:04:58 - [TEST_STEP][PASSED] - Thread.sleep(4000): null

2019-02-25 16:05:02 - [TEST_STEP][PASSED] - click(findTestObject("TestResource/customers")): Object: 'Object Repository/TestResource/customers' is clicked on

2019-02-25 16:05:02 - [MESSAGE][PASSED] - Object: 'Object Repository/TestResource/customers' is clicked on

2019-02-25 16:05:02 - [TEST_STEP][PASSED] - Thread.sleep(4000): null

2019-02-25 16:05:06 - [TEST_STEP][PASSED] - AdminTool_Location.selectCustomer(): Element has been clicked

2019-02-25 16:05:11 - [MESSAGE][PASSED] - Element has been clicked

2019-02-25 16:05:11 - [TEST_STEP][PASSED] - Thread.sleep(4000): null

2019-02-25 16:05:15 - [TEST_STEP][PASSED] - waitForElementClickable(findTestObject("TestUserLocation/addPlusIcon"), 45): Object 'Object Repository/TestUserLocation/addPlusIcon' is clickable

2019-02-25 16:05:15 - [MESSAGE][PASSED] - Object 'Object Repository/TestUserLocation/addPlusIcon' is clickable

2019-02-25 16:05:15 - [TEST_STEP][PASSED] - click(findTestObject("TestUserLocation/addPlusIcon")): Object: 'Object Repository/TestUserLocation/addPlusIcon' is clicked on

2019-02-25 16:05:15 - [MESSAGE][PASSED] - Object: 'Object Repository/TestUserLocation/addPlusIcon' is clicked on

2019-02-25 16:05:15 - [TEST_STEP][PASSED] - Thread.sleep(2000): null

2019-02-25 16:05:17 - [TEST_STEP][PASSED] - setText(findTestObject("TestUserLocation/setNewName"), findTestData("LocationData").getValue("SubCustomerName1", 1)): Text 'SubCustomer1_25/02/19-16:04' is set on object 'Object Repository/TestUserLocation/setNewName'

2019-02-25 16:05:18 - [MESSAGE][PASSED] - Text 'SubCustomer1_25/02/19-16:04' is set on object 'Object Repository/TestUserLocation/setNewName'

2019-02-25 16:05:18 - [TEST_STEP][PASSED] - Thread.sleep(2000): null

2019-02-25 16:05:20 - [TEST_STEP][PASSED] - Submission.createResource(): Submission.createResource is PASSED

2019-02-25 16:06:04 - [MESSAGE][PASSED] - Submission.createResource is PASSED

2019-02-25 16:06:04 - [TEST_STEP][NOT_RUN] - setText(findTestObject("TestResource/setPhoneNumber"), "912378456"): NOT_RUN: setText(findTestObject("TestResource/setPhoneNumber"), "912378456")

2019-02-25 16:06:04 - [MESSAGE][NOT_RUN] - NOT_RUN: setText(findTestObject("TestResource/setPhoneNumber"), "912378456")

2019-02-25 16:06:04 - [TEST_STEP][PASSED] - Thread.sleep(2000): null

2019-02-25 16:06:06 - [TEST_STEP][PASSED] - click(findTestObject("TestResource/saveDetailButton")): Object: 'Object Repository/TestResource/saveDetailButton' is clicked on

2019-02-25 16:06:06 - [MESSAGE][PASSED] - Object: 'Object Repository/TestResource/saveDetailButton' is clicked on

2019-02-25 16:06:06 - [TEST_STEP][PASSED] - Thread.sleep(7000): null

2019-02-25 16:06:13 - [TEST_STEP][PASSED] - click(findTestObject("TestResource/disableResource")): Object: 'Object Repository/TestResource/disableResource' is clicked on

2019-02-25 16:06:13 - [MESSAGE][PASSED] - Object: 'Object Repository/TestResource/disableResource' is clicked on

2019-02-25 16:06:13 - [TEST_STEP][PASSED] - Thread.sleep(2000): null

2019-02-25 16:06:15 - [TEST_STEP][PASSED] - click(findTestObject("TestResource/button2Yes")): Object: 'Object Repository/TestResource/button2Yes' is clicked on

2019-02-25 16:06:15 - [MESSAGE][PASSED] - Object: 'Object Repository/TestResource/button2Yes' is clicked on

2019-02-25 16:06:15 - [TEST_STEP][PASSED] - Thread.sleep(2000): null

2019-02-25 16:06:17 - [TEST_STEP][PASSED] - click(findTestObject("TestResource/saveDetailButton")): Object: 'Object Repository/TestResource/saveDetailButton' is clicked on

2019-02-25 16:06:17 - [MESSAGE][PASSED] - Object: 'Object Repository/TestResource/saveDetailButton' is clicked on

2019-02-25 16:06:17 - [TEST_STEP][PASSED] - Thread.sleep(7000): null

2019-02-25 16:06:24 - [TEST_STEP][PASSED] - click(findTestObject("TestResource/linksTab")): Object: 'Object Repository/TestResource/linksTab' is clicked on

2019-02-25 16:06:25 - [MESSAGE][PASSED] - Object: 'Object Repository/TestResource/linksTab' is clicked on

2019-02-25 16:06:25 - [TEST_STEP][PASSED] - Thread.sleep(2000): null

2019-02-25 16:06:27 - [TEST_STEP][PASSED] - click(findTestObject("TestResource/addLink")): Object: 'Object Repository/TestResource/addLink' is clicked on

2019-02-25 16:06:27 - [MESSAGE][PASSED] - Object: 'Object Repository/TestResource/addLink' is clicked on

2019-02-25 16:06:27 - [TEST_STEP][PASSED] - Thread.sleep(5000): null

2019-02-25 16:06:32 - [TEST_STEP][PASSED] - check(findTestObject("TestResource/selectSecondResourceToLink")): Object 'Object Repository/TestResource/selectSecondResourceToLink' is checked

2019-02-25 16:06:32 - [MESSAGE][PASSED] - Object 'Object Repository/TestResource/selectSecondResourceToLink' is checked

2019-02-25 16:06:32 - [TEST_STEP][PASSED] - AdminTool_Location.resourceLinkName(): AdminTool_Location.resourceLinkName is PASSED

2019-02-25 16:06:32 - [MESSAGE][PASSED] - AdminTool_Location.resourceLinkName is PASSED

2019-02-25 16:06:32 - [TEST_STEP][PASSED] - Thread.sleep(2000): null

2019-02-25 16:06:34 - [TEST_STEP][PASSED] - click(findTestObject("TestResource/button2Save")): Object: 'Object Repository/TestResource/button2Save' is clicked on

2019-02-25 16:06:34 - [MESSAGE][PASSED] - Object: 'Object Repository/TestResource/button2Save' is clicked on

2019-02-25 16:06:34 - [TEST_STEP][PASSED] - Thread.sleep(4000): null

2019-02-25 16:06:38 - [TEST_STEP][PASSED] - click(findTestObject("TestResource/locationTab")): Object: 'Object Repository/TestResource/locationTab' is clicked on

2019-02-25 16:06:38 - [MESSAGE][PASSED] - Object: 'Object Repository/TestResource/locationTab' is clicked on

2019-02-25 16:06:38 - [TEST_STEP][PASSED] - Thread.sleep(5000): null

2019-02-25 16:06:43 - [TEST_STEP][PASSED] - AdminTool_Location.checkLocation(): AdminTool_Location.checkLocation is PASSED

2019-02-25 16:06:46 - [MESSAGE][PASSED] - AdminTool_Location.checkLocation is PASSED

2019-02-25 16:06:46 - [TEST_STEP][PASSED] - Thread.sleep(4000): null

2019-02-25 16:06:50 - [TEST_STEP][PASSED] - click(findTestObject("TestResource/saveLocation")): Object: 'Object Repository/TestResource/saveLocation' is clicked on

2019-02-25 16:06:50 - [MESSAGE][PASSED] - Object: 'Object Repository/TestResource/saveLocation' is clicked on

2019-02-25 16:06:50 - [TEST_STEP][PASSED] - click(findTestObject("TestUserLocation/mainmenu_button")): Object: 'Object Repository/TestUserLocation/mainmenu_button' is clicked on

2019-02-25 16:06:50 - [MESSAGE][PASSED] - Object: 'Object Repository/TestUserLocation/mainmenu_button' is clicked on

2019-02-25 16:06:50 - [TEST_STEP][PASSED] - Thread.sleep(2000): null

2019-02-25 16:06:52 - [TEST_STEP][PASSED] - click(findTestObject("TestResource/mainMenu_resources")): Object: 'Object Repository/TestResource/mainMenu_resources' is clicked on

2019-02-25 16:06:53 - [MESSAGE][PASSED] - Object: 'Object Repository/TestResource/mainMenu_resources' is clicked on

2019-02-25 16:06:53 - [TEST_STEP][PASSED] - Thread.sleep(4000): null

2019-02-25 16:06:57 - [TEST_STEP][PASSED] - click(findTestObject("TestResource/customers")): Object: 'Object Repository/TestResource/customers' is clicked on

2019-02-25 16:07:18 - [MESSAGE][PASSED] - Object: 'Object Repository/TestResource/customers' is clicked on

2019-02-25 16:07:18 - [TEST_STEP][PASSED] - Thread.sleep(4000): null

2019-02-25 16:07:22 - [TEST_STEP][PASSED] - AdminTool_Location.selectCustomer(): Element has been clicked

2019-02-25 16:07:26 - [MESSAGE][PASSED] - Element has been clicked

2019-02-25 16:07:26 - [TEST_STEP][PASSED] - Thread.sleep(4000): null

2019-02-25 16:07:30 - [TEST_STEP][PASSED] - waitForElementClickable(findTestObject("TestUserLocation/addPlusIcon"), 45): Object 'Object Repository/TestUserLocation/addPlusIcon' is clickable

2019-02-25 16:07:30 - [MESSAGE][PASSED] - Object 'Object Repository/TestUserLocation/addPlusIcon' is clickable

2019-02-25 16:07:30 - [TEST_STEP][PASSED] - click(findTestObject("TestUserLocation/addPlusIcon")): Object: 'Object Repository/TestUserLocation/addPlusIcon' is clicked on

2019-02-25 16:07:31 - [MESSAGE][PASSED] - Object: 'Object Repository/TestUserLocation/addPlusIcon' is clicked on

2019-02-25 16:07:31 - [TEST_STEP][PASSED] - Thread.sleep(2000): null

2019-02-25 16:07:33 - [TEST_STEP][PASSED] - setText(findTestObject("TestUserLocation/setNewName"), findTestData("LocationData").getValue("SubCustomerName2", 1)): Text 'SubCustomer2_25/02/19-16:04' is set on object 'Object Repository/TestUserLocation/setNewName'

2019-02-25 16:07:33 - [MESSAGE][PASSED] - Text 'SubCustomer2_25/02/19-16:04' is set on object 'Object Repository/TestUserLocation/setNewName'

2019-02-25 16:07:33 - [TEST_STEP][PASSED] - Thread.sleep(2000): null

2019-02-25 16:07:35 - [TEST_STEP][PASSED] - Submission.createResource(): Submission.createResource is PASSED

2019-02-25 16:08:20 - [MESSAGE][PASSED] - Submission.createResource is PASSED

2019-02-25 16:08:20 - [TEST_STEP][NOT_RUN] - setText(findTestObject("TestResource/setPhoneNumber"), "912378456"): NOT_RUN: setText(findTestObject("TestResource/setPhoneNumber"), "912378456")

2019-02-25 16:08:20 - [MESSAGE][NOT_RUN] - NOT_RUN: setText(findTestObject("TestResource/setPhoneNumber"), "912378456")

2019-02-25 16:08:20 - [TEST_STEP][PASSED] - Thread.sleep(2000): null

2019-02-25 16:08:22 - [TEST_STEP][PASSED] - click(findTestObject("TestResource/saveDetailButton")): Object: 'Object Repository/TestResource/saveDetailButton' is clicked on

2019-02-25 16:08:22 - [MESSAGE][PASSED] - Object: 'Object Repository/TestResource/saveDetailButton' is clicked on

2019-02-25 16:08:22 - [TEST_STEP][PASSED] - AdminTool_Location.moveCursor(): AdminTool_Location.moveCursor is PASSED

2019-02-25 16:08:22 - [MESSAGE][PASSED] - AdminTool_Location.moveCursor is PASSED

2019-02-25 16:08:22 - [TEST_STEP][PASSED] - Thread.sleep(2000): null

2019-02-25 16:08:24 - [TEST_STEP][PASSED] - Thread.sleep(7000): null

2019-02-25 16:08:31 - [TEST_STEP][PASSED] - click(findTestObject("TestResource/linksTab")): Object: 'Object Repository/TestResource/linksTab' is clicked on

2019-02-25 16:08:31 - [MESSAGE][PASSED] - Object: 'Object Repository/TestResource/linksTab' is clicked on

2019-02-25 16:08:31 - [TEST_STEP][PASSED] - Thread.sleep(2000): null

2019-02-25 16:08:33 - [TEST_STEP][PASSED] - click(findTestObject("TestResource/addLink")): Object: 'Object Repository/TestResource/addLink' is clicked on

2019-02-25 16:08:33 - [MESSAGE][PASSED] - Object: 'Object Repository/TestResource/addLink' is clicked on

2019-02-25 16:08:33 - [TEST_STEP][PASSED] - Thread.sleep(5000): null

2019-02-25 16:08:38 - [TEST_STEP][PASSED] - check(findTestObject("TestResource/selectSecondResourceToLink")): Object 'Object Repository/TestResource/selectSecondResourceToLink' is checked

2019-02-25 16:08:38 - [MESSAGE][PASSED] - Object 'Object Repository/TestResource/selectSecondResourceToLink' is checked

2019-02-25 16:08:38 - [TEST_STEP][PASSED] - AdminTool_Location.resourceLinkName(): AdminTool_Location.resourceLinkName is PASSED

2019-02-25 16:08:39 - [MESSAGE][PASSED] - AdminTool_Location.resourceLinkName is PASSED

2019-02-25 16:08:39 - [TEST_STEP][PASSED] - Thread.sleep(2000): null

2019-02-25 16:08:41 - [TEST_STEP][PASSED] - click(findTestObject("TestResource/button2Save")): Object: 'Object Repository/TestResource/button2Save' is clicked on

2019-02-25 16:08:41 - [MESSAGE][PASSED] - Object: 'Object Repository/TestResource/button2Save' is clicked on

2019-02-25 16:08:41 - [TEST_STEP][PASSED] - Thread.sleep(4000): null

2019-02-25 16:08:45 - [TEST_STEP][PASSED] - click(findTestObject("TestResource/locationTab")): Object: 'Object Repository/TestResource/locationTab' is clicked on

2019-02-25 16:08:45 - [MESSAGE][PASSED] - Object: 'Object Repository/TestResource/locationTab' is clicked on

2019-02-25 16:08:45 - [TEST_STEP][PASSED] - Thread.sleep(5000): null

2019-02-25 16:08:50 - [TEST_STEP][PASSED] - AdminTool_Location.checkLocation(): AdminTool_Location.checkLocation is PASSED

2019-02-25 16:08:52 - [MESSAGE][PASSED] - AdminTool_Location.checkLocation is PASSED

2019-02-25 16:08:52 - [TEST_STEP][PASSED] - Thread.sleep(4000): null

2019-02-25 16:08:56 - [TEST_STEP][PASSED] - click(findTestObject("TestResource/saveLocation")): Object: 'Object Repository/TestResource/saveLocation' is clicked on

2019-02-25 16:08:56 - [MESSAGE][PASSED] - Object: 'Object Repository/TestResource/saveLocation' is clicked on]]></system-out>
         <system-err><![CDATA[]]></system-err>
      </testcase>
      <testcase name="Test Cases/CheckResoucesAsPerLocation/validateResource" classname="Test Cases/CheckResoucesAsPerLocation/validateResource" status="PASSED">
         <system-out><![CDATA[2019-02-25 16:08:56 - [TEST_CASE][PASSED] - Test Cases/CheckResoucesAsPerLocation/validateResource: Test Cases/CheckResoucesAsPerLocation/validateResource

2019-02-25 16:08:56 - [TEST_STEP][NOT_RUN] - openBrowser(URL): NOT_RUN: openBrowser(URL)

2019-02-25 16:08:56 - [MESSAGE][NOT_RUN] - NOT_RUN: openBrowser(URL)

2019-02-25 16:08:56 - [TEST_STEP][NOT_RUN] - maximizeWindow(): NOT_RUN: maximizeWindow()

2019-02-25 16:08:56 - [MESSAGE][NOT_RUN] - NOT_RUN: maximizeWindow()

2019-02-25 16:08:56 - [TEST_STEP][NOT_RUN] - setText(findTestObject("Form_Selection_Creation/login_Username"), UserName1): NOT_RUN: setText(findTestObject("Form_Selection_Creation/login_Username"), UserName1)

2019-02-25 16:08:56 - [MESSAGE][NOT_RUN] - NOT_RUN: setText(findTestObject("Form_Selection_Creation/login_Username"), UserName1)

2019-02-25 16:08:56 - [TEST_STEP][NOT_RUN] - setText(findTestObject("Form_Selection_Creation/login_Password"), Password111): NOT_RUN: setText(findTestObject("Form_Selection_Creation/login_Password"), Password111)

2019-02-25 16:08:56 - [MESSAGE][NOT_RUN] - NOT_RUN: setText(findTestObject("Form_Selection_Creation/login_Password"), Password111)

2019-02-25 16:08:56 - [TEST_STEP][PASSED] - Thread.sleep(4000): null

2019-02-25 16:09:00 - [TEST_STEP][PASSED] - FormName.setData(): FormName.setData is PASSED

2019-02-25 16:09:00 - [MESSAGE][PASSED] - FormName.setData is PASSED

2019-02-25 16:09:00 - [TEST_STEP][NOT_RUN] - click(findTestObject("Form_Selection_Creation/login_Button")): NOT_RUN: click(findTestObject("Form_Selection_Creation/login_Button"))

2019-02-25 16:09:00 - [MESSAGE][NOT_RUN] - NOT_RUN: click(findTestObject("Form_Selection_Creation/login_Button"))

2019-02-25 16:09:00 - [TEST_STEP][PASSED] - click(findTestObject("Form_Selection_Creation/mainMenu_Button")): Object: 'Object Repository/Form_Selection_Creation/mainMenu_Button' is clicked on

2019-02-25 16:09:01 - [MESSAGE][PASSED] - Object: 'Object Repository/Form_Selection_Creation/mainMenu_Button' is clicked on

2019-02-25 16:09:01 - [TEST_STEP][PASSED] - Thread.sleep(2000): null

2019-02-25 16:09:03 - [TEST_STEP][NOT_RUN] - click(findTestObject("Form_Selection_Creation/mainMenu_AdminTools")): NOT_RUN: click(findTestObject("Form_Selection_Creation/mainMenu_AdminTools"))

2019-02-25 16:09:03 - [MESSAGE][NOT_RUN] - NOT_RUN: click(findTestObject("Form_Selection_Creation/mainMenu_AdminTools"))

2019-02-25 16:09:03 - [TEST_STEP][PASSED] - click(findTestObject("Form_Selection_Creation/mainMenu_AdminTools_FormDesigner")): Object: 'Object Repository/Form_Selection_Creation/mainMenu_AdminTools_FormDesigner' is clicked on

2019-02-25 16:09:03 - [MESSAGE][PASSED] - Object: 'Object Repository/Form_Selection_Creation/mainMenu_AdminTools_FormDesigner' is clicked on

2019-02-25 16:09:03 - [TEST_STEP][PASSED] - click(findTestObject("Form_Selection_Creation/selectCheckForm")): Object: 'Object Repository/Form_Selection_Creation/selectCheckForm' is clicked on

2019-02-25 16:09:03 - [MESSAGE][PASSED] - Object: 'Object Repository/Form_Selection_Creation/selectCheckForm' is clicked on

2019-02-25 16:09:03 - [TEST_STEP][PASSED] - Thread.sleep(5000): null

2019-02-25 16:09:08 - [TEST_STEP][PASSED] - AdminTool_Location.moveCursor(): AdminTool_Location.moveCursor is PASSED

2019-02-25 16:09:08 - [MESSAGE][PASSED] - AdminTool_Location.moveCursor is PASSED

2019-02-25 16:09:08 - [TEST_STEP][PASSED] - Thread.sleep(2000): null

2019-02-25 16:09:10 - [TEST_STEP][PASSED] - AdminTool_Location.selectResType(): AdminTool_Location.selectResType is PASSED

2019-02-25 16:09:21 - [MESSAGE][PASSED] - AdminTool_Location.selectResType is PASSED

2019-02-25 16:09:21 - [TEST_STEP][PASSED] - AdminTool_Location.dragDropRes(): Element has been clicked

2019-02-25 16:09:25 - [MESSAGE][PASSED] - Element has been clicked

2019-02-25 16:09:25 - [TEST_STEP][PASSED] - Thread.sleep(5000): null

2019-02-25 16:09:30 - [TEST_STEP][NOT_RUN] - dragAndDropToObject(findTestObject("null"), findTestObject("Form_Selection_Creation/Target_Res_Object")): NOT_RUN: dragAndDropToObject(findTestObject("null"), findTestObject("Form_Selection_Creation/Target_Res_Object"))

2019-02-25 16:09:30 - [MESSAGE][NOT_RUN] - NOT_RUN: dragAndDropToObject(findTestObject("null"), findTestObject("Form_Selection_Creation/Target_Res_Object"))

2019-02-25 16:09:30 - [TEST_STEP][PASSED] - AdminTool_Location.validate(): AdminTool_Location.validate is PASSED

2019-02-25 16:09:30 - [MESSAGE][PASSED] - AdminTool_Location.validate is PASSED

2019-02-25 16:09:30 - [TEST_STEP][PASSED] - s = getText(findTestObject("TestResource/testText")): Text of object 'Object Repository/TestResource/testText' is: 'Customers > Customer_25/02/19-16:04 > SubCustomer2_25/02/19-16:04'

2019-02-25 16:09:30 - [MESSAGE][PASSED] - Text of object 'Object Repository/TestResource/testText' is: 'Customers > Customer_25/02/19-16:04 > SubCustomer2_25/02/19-16:04'

2019-02-25 16:09:30 - [TEST_STEP][PASSED] - println(s): null]]></system-out>
         <system-err><![CDATA[]]></system-err>
      </testcase>
      <testcase name="Test Cases/CheckResoucesAsPerLocation/checkResource_Equipment" classname="Test Cases/CheckResoucesAsPerLocation/checkResource_Equipment" status="PASSED">
         <system-out><![CDATA[2019-02-25 16:09:30 - [TEST_CASE][PASSED] - Test Cases/CheckResoucesAsPerLocation/checkResource_Equipment: Test Cases/CheckResoucesAsPerLocation/checkResource_Equipment

2019-02-25 16:09:30 - [TEST_STEP][NOT_RUN] - openBrowser(URL): NOT_RUN: openBrowser(URL)

2019-02-25 16:09:30 - [MESSAGE][NOT_RUN] - NOT_RUN: openBrowser(URL)

2019-02-25 16:09:30 - [TEST_STEP][NOT_RUN] - maximizeWindow(): NOT_RUN: maximizeWindow()

2019-02-25 16:09:30 - [MESSAGE][NOT_RUN] - NOT_RUN: maximizeWindow()

2019-02-25 16:09:30 - [TEST_STEP][NOT_RUN] - setText(findTestObject("TestUserLocation/login_Username"), UserName1): NOT_RUN: setText(findTestObject("TestUserLocation/login_Username"), UserName1)

2019-02-25 16:09:31 - [MESSAGE][NOT_RUN] - NOT_RUN: setText(findTestObject("TestUserLocation/login_Username"), UserName1)

2019-02-25 16:09:31 - [TEST_STEP][NOT_RUN] - setText(findTestObject("TestUserLocation/login_Password"), Password1): NOT_RUN: setText(findTestObject("TestUserLocation/login_Password"), Password1)

2019-02-25 16:09:31 - [MESSAGE][NOT_RUN] - NOT_RUN: setText(findTestObject("TestUserLocation/login_Password"), Password1)

2019-02-25 16:09:31 - [TEST_STEP][PASSED] - AdminTool_Location.setEquipmentName(): AdminTool_Location.setEquipmentName is PASSED

2019-02-25 16:09:31 - [MESSAGE][PASSED] - AdminTool_Location.setEquipmentName is PASSED

2019-02-25 16:09:31 - [TEST_STEP][NOT_RUN] - click(findTestObject("TestUserLocation/login_Button")): NOT_RUN: click(findTestObject("TestUserLocation/login_Button"))

2019-02-25 16:09:31 - [MESSAGE][NOT_RUN] - NOT_RUN: click(findTestObject("TestUserLocation/login_Button"))

2019-02-25 16:09:31 - [TEST_STEP][PASSED] - Thread.sleep(4000): null

2019-02-25 16:09:35 - [TEST_STEP][PASSED] - click(findTestObject("TestUserLocation/mainmenu_button")): Object: 'Object Repository/TestUserLocation/mainmenu_button' is clicked on

2019-02-25 16:09:35 - [MESSAGE][PASSED] - Object: 'Object Repository/TestUserLocation/mainmenu_button' is clicked on

2019-02-25 16:09:35 - [TEST_STEP][PASSED] - Thread.sleep(2000): null

2019-02-25 16:09:37 - [TEST_STEP][NOT_RUN] - click(findTestObject("TestUserLocation/adminTool")): NOT_RUN: click(findTestObject("TestUserLocation/adminTool"))

2019-02-25 16:09:37 - [MESSAGE][NOT_RUN] - NOT_RUN: click(findTestObject("TestUserLocation/adminTool"))

2019-02-25 16:09:37 - [TEST_STEP][PASSED] - click(findTestObject("TestUserLocation/mainMenuResourceDesigner")): Object: 'Object Repository/TestUserLocation/mainMenuResourceDesigner' is clicked on

2019-02-25 16:09:37 - [MESSAGE][PASSED] - Object: 'Object Repository/TestUserLocation/mainMenuResourceDesigner' is clicked on

2019-02-25 16:09:37 - [TEST_STEP][PASSED] - Thread.sleep(2000): null

2019-02-25 16:09:39 - [TEST_STEP][PASSED] - click(findTestObject("TestUserLocation/yesDelete")): Object: 'Object Repository/TestUserLocation/yesDelete' is clicked on

2019-02-25 16:09:39 - [MESSAGE][PASSED] - Object: 'Object Repository/TestUserLocation/yesDelete' is clicked on

2019-02-25 16:09:39 - [TEST_STEP][PASSED] - Thread.sleep(4000): null

2019-02-25 16:09:43 - [TEST_STEP][PASSED] - click(findTestObject("TestResource/equipment")): Object: 'Object Repository/TestResource/equipment' is clicked on

2019-02-25 16:09:43 - [MESSAGE][PASSED] - Object: 'Object Repository/TestResource/equipment' is clicked on

2019-02-25 16:09:43 - [TEST_STEP][PASSED] - Thread.sleep(4000): null

2019-02-25 16:09:47 - [TEST_STEP][PASSED] - waitForElementClickable(findTestObject("TestUserLocation/categories"), 45): Object 'Object Repository/TestUserLocation/categories' is clickable

2019-02-25 16:09:47 - [MESSAGE][PASSED] - Object 'Object Repository/TestUserLocation/categories' is clickable

2019-02-25 16:09:47 - [TEST_STEP][PASSED] - click(findTestObject("TestUserLocation/categories")): Object: 'Object Repository/TestUserLocation/categories' is clicked on

2019-02-25 16:09:47 - [MESSAGE][PASSED] - Object: 'Object Repository/TestUserLocation/categories' is clicked on

2019-02-25 16:09:47 - [TEST_STEP][PASSED] - Thread.sleep(2000): null

2019-02-25 16:09:49 - [TEST_STEP][PASSED] - click(findTestObject("TestUserLocation/defaultArea")): Object: 'Object Repository/TestUserLocation/defaultArea' is clicked on

2019-02-25 16:09:49 - [MESSAGE][PASSED] - Object: 'Object Repository/TestUserLocation/defaultArea' is clicked on

2019-02-25 16:09:49 - [TEST_STEP][PASSED] - Thread.sleep(2000): null

2019-02-25 16:09:51 - [TEST_STEP][PASSED] - click(findTestObject("TestUserLocation/hoverHeading")): Object: 'Object Repository/TestUserLocation/hoverHeading' is clicked on

2019-02-25 16:09:52 - [MESSAGE][PASSED] - Object: 'Object Repository/TestUserLocation/hoverHeading' is clicked on

2019-02-25 16:09:52 - [TEST_STEP][PASSED] - click(findTestObject("TestUserLocation/addPlusIcon")): Object: 'Object Repository/TestUserLocation/addPlusIcon' is clicked on

2019-02-25 16:09:52 - [MESSAGE][PASSED] - Object: 'Object Repository/TestUserLocation/addPlusIcon' is clicked on

2019-02-25 16:09:52 - [TEST_STEP][PASSED] - setText(findTestObject("TestUserLocation/setNewName"), findTestData("LocationData").getValue("EquipmentName", 1)): Text 'Equipment_25/02/19-16:09' is set on object 'Object Repository/TestUserLocation/setNewName'

2019-02-25 16:09:52 - [MESSAGE][PASSED] - Text 'Equipment_25/02/19-16:09' is set on object 'Object Repository/TestUserLocation/setNewName'

2019-02-25 16:09:52 - [TEST_STEP][PASSED] - Thread.sleep(2000): null

2019-02-25 16:09:54 - [TEST_STEP][PASSED] - click(findTestObject("TestUserLocation/saveButton")): Object: 'Object Repository/TestUserLocation/saveButton' is clicked on

2019-02-25 16:09:54 - [MESSAGE][PASSED] - Object: 'Object Repository/TestUserLocation/saveButton' is clicked on

2019-02-25 16:09:54 - [TEST_STEP][PASSED] - Thread.sleep(4000): null

2019-02-25 16:09:58 - [TEST_STEP][PASSED] - Thread.sleep(4000): null

2019-02-25 16:10:02 - [TEST_STEP][PASSED] - click(findTestObject("TestUserLocation/mainmenu_button")): Object: 'Object Repository/TestUserLocation/mainmenu_button' is clicked on

2019-02-25 16:10:02 - [MESSAGE][PASSED] - Object: 'Object Repository/TestUserLocation/mainmenu_button' is clicked on

2019-02-25 16:10:02 - [TEST_STEP][PASSED] - Thread.sleep(2000): null

2019-02-25 16:10:04 - [TEST_STEP][PASSED] - click(findTestObject("TestResource/mainMenu_resources")): Object: 'Object Repository/TestResource/mainMenu_resources' is clicked on

2019-02-25 16:10:04 - [MESSAGE][PASSED] - Object: 'Object Repository/TestResource/mainMenu_resources' is clicked on

2019-02-25 16:10:04 - [TEST_STEP][PASSED] - Thread.sleep(4000): null

2019-02-25 16:10:08 - [TEST_STEP][PASSED] - click(findTestObject("TestResource/equipment")): Object: 'Object Repository/TestResource/equipment' is clicked on

2019-02-25 16:10:08 - [MESSAGE][PASSED] - Object: 'Object Repository/TestResource/equipment' is clicked on

2019-02-25 16:10:09 - [TEST_STEP][PASSED] - Thread.sleep(4000): null

2019-02-25 16:10:13 - [TEST_STEP][PASSED] - AdminTool_Location.selectEquipment(): Element has been clicked

2019-02-25 16:10:17 - [MESSAGE][PASSED] - Element has been clicked

2019-02-25 16:10:17 - [TEST_STEP][PASSED] - Thread.sleep(4000): null

2019-02-25 16:10:21 - [TEST_STEP][PASSED] - waitForElementClickable(findTestObject("TestUserLocation/addPlusIcon"), 45): Object 'Object Repository/TestUserLocation/addPlusIcon' is clickable

2019-02-25 16:10:21 - [MESSAGE][PASSED] - Object 'Object Repository/TestUserLocation/addPlusIcon' is clickable

2019-02-25 16:10:21 - [TEST_STEP][PASSED] - click(findTestObject("TestUserLocation/addPlusIcon")): Object: 'Object Repository/TestUserLocation/addPlusIcon' is clicked on

2019-02-25 16:10:21 - [MESSAGE][PASSED] - Object: 'Object Repository/TestUserLocation/addPlusIcon' is clicked on

2019-02-25 16:10:21 - [TEST_STEP][PASSED] - Thread.sleep(2000): null

2019-02-25 16:10:23 - [TEST_STEP][PASSED] - setText(findTestObject("TestUserLocation/setNewName"), findTestData("LocationData").getValue("SubEquipmentName1", 1)): Text 'SubEquipment1_25/02/19-16:09' is set on object 'Object Repository/TestUserLocation/setNewName'

2019-02-25 16:10:23 - [MESSAGE][PASSED] - Text 'SubEquipment1_25/02/19-16:09' is set on object 'Object Repository/TestUserLocation/setNewName'

2019-02-25 16:10:23 - [TEST_STEP][PASSED] - Thread.sleep(2000): null

2019-02-25 16:10:25 - [TEST_STEP][PASSED] - Submission.createResource(): Submission.createResource is PASSED

2019-02-25 16:10:36 - [MESSAGE][PASSED] - Submission.createResource is PASSED

2019-02-25 16:10:36 - [TEST_STEP][NOT_RUN] - setText(findTestObject("TestResource/setPhoneNumber"), "912378456"): NOT_RUN: setText(findTestObject("TestResource/setPhoneNumber"), "912378456")

2019-02-25 16:10:36 - [MESSAGE][NOT_RUN] - NOT_RUN: setText(findTestObject("TestResource/setPhoneNumber"), "912378456")

2019-02-25 16:10:36 - [TEST_STEP][PASSED] - Thread.sleep(2000): null

2019-02-25 16:10:38 - [TEST_STEP][PASSED] - click(findTestObject("TestResource/saveDetailButton")): Object: 'Object Repository/TestResource/saveDetailButton' is clicked on

2019-02-25 16:10:38 - [MESSAGE][PASSED] - Object: 'Object Repository/TestResource/saveDetailButton' is clicked on

2019-02-25 16:10:38 - [TEST_STEP][PASSED] - Thread.sleep(7000): null

2019-02-25 16:10:45 - [TEST_STEP][PASSED] - click(findTestObject("TestResource/disableResource")): Object: 'Object Repository/TestResource/disableResource' is clicked on

2019-02-25 16:10:45 - [MESSAGE][PASSED] - Object: 'Object Repository/TestResource/disableResource' is clicked on

2019-02-25 16:10:45 - [TEST_STEP][PASSED] - Thread.sleep(2000): null

2019-02-25 16:10:47 - [TEST_STEP][PASSED] - click(findTestObject("TestResource/button2Yes")): Object: 'Object Repository/TestResource/button2Yes' is clicked on

2019-02-25 16:10:47 - [MESSAGE][PASSED] - Object: 'Object Repository/TestResource/button2Yes' is clicked on

2019-02-25 16:10:47 - [TEST_STEP][PASSED] - Thread.sleep(2000): null

2019-02-25 16:10:49 - [TEST_STEP][PASSED] - click(findTestObject("TestResource/saveDetailButton")): Object: 'Object Repository/TestResource/saveDetailButton' is clicked on

2019-02-25 16:10:50 - [MESSAGE][PASSED] - Object: 'Object Repository/TestResource/saveDetailButton' is clicked on

2019-02-25 16:10:50 - [TEST_STEP][PASSED] - Thread.sleep(7000): null

2019-02-25 16:10:57 - [TEST_STEP][PASSED] - click(findTestObject("TestResource/linksTab")): Object: 'Object Repository/TestResource/linksTab' is clicked on

2019-02-25 16:10:57 - [MESSAGE][PASSED] - Object: 'Object Repository/TestResource/linksTab' is clicked on

2019-02-25 16:10:57 - [TEST_STEP][PASSED] - Thread.sleep(2000): null

2019-02-25 16:10:59 - [TEST_STEP][PASSED] - click(findTestObject("TestResource/addLink")): Object: 'Object Repository/TestResource/addLink' is clicked on

2019-02-25 16:10:59 - [MESSAGE][PASSED] - Object: 'Object Repository/TestResource/addLink' is clicked on

2019-02-25 16:10:59 - [TEST_STEP][PASSED] - Thread.sleep(5000): null

2019-02-25 16:11:04 - [TEST_STEP][PASSED] - check(findTestObject("TestResource/selectSecondResourceToLink")): Object 'Object Repository/TestResource/selectSecondResourceToLink' is checked

2019-02-25 16:11:05 - [MESSAGE][PASSED] - Object 'Object Repository/TestResource/selectSecondResourceToLink' is checked

2019-02-25 16:11:05 - [TEST_STEP][PASSED] - AdminTool_Location.resourceLinkName(): AdminTool_Location.resourceLinkName is PASSED

2019-02-25 16:11:05 - [MESSAGE][PASSED] - AdminTool_Location.resourceLinkName is PASSED

2019-02-25 16:11:05 - [TEST_STEP][PASSED] - Thread.sleep(2000): null

2019-02-25 16:11:07 - [TEST_STEP][PASSED] - click(findTestObject("TestResource/button2Save")): Object: 'Object Repository/TestResource/button2Save' is clicked on

2019-02-25 16:11:07 - [MESSAGE][PASSED] - Object: 'Object Repository/TestResource/button2Save' is clicked on

2019-02-25 16:11:07 - [TEST_STEP][PASSED] - Thread.sleep(4000): null

2019-02-25 16:11:11 - [TEST_STEP][PASSED] - click(findTestObject("TestResource/locationTab")): Object: 'Object Repository/TestResource/locationTab' is clicked on

2019-02-25 16:11:16 - [MESSAGE][PASSED] - Object: 'Object Repository/TestResource/locationTab' is clicked on

2019-02-25 16:11:16 - [TEST_STEP][PASSED] - Thread.sleep(5000): null

2019-02-25 16:11:21 - [TEST_STEP][PASSED] - AdminTool_Location.checkLocation(): AdminTool_Location.checkLocation is PASSED

2019-02-25 16:11:23 - [MESSAGE][PASSED] - AdminTool_Location.checkLocation is PASSED

2019-02-25 16:11:23 - [TEST_STEP][PASSED] - Thread.sleep(4000): null

2019-02-25 16:11:27 - [TEST_STEP][PASSED] - click(findTestObject("TestResource/saveLocation")): Object: 'Object Repository/TestResource/saveLocation' is clicked on

2019-02-25 16:11:27 - [MESSAGE][PASSED] - Object: 'Object Repository/TestResource/saveLocation' is clicked on

2019-02-25 16:11:27 - [TEST_STEP][PASSED] - click(findTestObject("TestUserLocation/mainmenu_button")): Object: 'Object Repository/TestUserLocation/mainmenu_button' is clicked on

2019-02-25 16:11:28 - [MESSAGE][PASSED] - Object: 'Object Repository/TestUserLocation/mainmenu_button' is clicked on

2019-02-25 16:11:28 - [TEST_STEP][PASSED] - Thread.sleep(2000): null

2019-02-25 16:11:30 - [TEST_STEP][PASSED] - click(findTestObject("TestResource/mainMenu_resources")): Object: 'Object Repository/TestResource/mainMenu_resources' is clicked on

2019-02-25 16:11:31 - [MESSAGE][PASSED] - Object: 'Object Repository/TestResource/mainMenu_resources' is clicked on

2019-02-25 16:11:31 - [TEST_STEP][PASSED] - Thread.sleep(4000): null

2019-02-25 16:11:35 - [TEST_STEP][PASSED] - AdminTool_Location.moveCursor(): AdminTool_Location.moveCursor is PASSED

2019-02-25 16:11:35 - [MESSAGE][PASSED] - AdminTool_Location.moveCursor is PASSED

2019-02-25 16:11:35 - [TEST_STEP][PASSED] - Thread.sleep(2000): null

2019-02-25 16:11:37 - [TEST_STEP][PASSED] - click(findTestObject("TestResource/equipment")): Object: 'Object Repository/TestResource/equipment' is clicked on

2019-02-25 16:11:37 - [MESSAGE][PASSED] - Object: 'Object Repository/TestResource/equipment' is clicked on

2019-02-25 16:11:37 - [TEST_STEP][PASSED] - Thread.sleep(4000): null

2019-02-25 16:11:41 - [TEST_STEP][PASSED] - AdminTool_Location.selectEquipment(): Element has been clicked

2019-02-25 16:11:45 - [MESSAGE][PASSED] - Element has been clicked

2019-02-25 16:11:45 - [TEST_STEP][PASSED] - Thread.sleep(4000): null

2019-02-25 16:11:49 - [TEST_STEP][PASSED] - waitForElementClickable(findTestObject("TestUserLocation/addPlusIcon"), 45): Object 'Object Repository/TestUserLocation/addPlusIcon' is clickable

2019-02-25 16:11:49 - [MESSAGE][PASSED] - Object 'Object Repository/TestUserLocation/addPlusIcon' is clickable

2019-02-25 16:11:49 - [TEST_STEP][PASSED] - click(findTestObject("TestUserLocation/addPlusIcon")): Object: 'Object Repository/TestUserLocation/addPlusIcon' is clicked on

2019-02-25 16:11:49 - [MESSAGE][PASSED] - Object: 'Object Repository/TestUserLocation/addPlusIcon' is clicked on

2019-02-25 16:11:49 - [TEST_STEP][PASSED] - Thread.sleep(2000): null

2019-02-25 16:11:51 - [TEST_STEP][PASSED] - setText(findTestObject("TestUserLocation/setNewName"), findTestData("LocationData").getValue("SubEquipmentName2", 1)): Text 'SubEquipment2_25/02/19-16:09' is set on object 'Object Repository/TestUserLocation/setNewName'

2019-02-25 16:11:52 - [MESSAGE][PASSED] - Text 'SubEquipment2_25/02/19-16:09' is set on object 'Object Repository/TestUserLocation/setNewName'

2019-02-25 16:11:52 - [TEST_STEP][PASSED] - Thread.sleep(2000): null

2019-02-25 16:11:54 - [TEST_STEP][PASSED] - Submission.createResource(): Submission.createResource is PASSED

2019-02-25 16:12:04 - [MESSAGE][PASSED] - Submission.createResource is PASSED

2019-02-25 16:12:04 - [TEST_STEP][NOT_RUN] - setText(findTestObject("TestResource/setPhoneNumber"), "912378456"): NOT_RUN: setText(findTestObject("TestResource/setPhoneNumber"), "912378456")

2019-02-25 16:12:04 - [MESSAGE][NOT_RUN] - NOT_RUN: setText(findTestObject("TestResource/setPhoneNumber"), "912378456")

2019-02-25 16:12:04 - [TEST_STEP][PASSED] - Thread.sleep(2000): null

2019-02-25 16:12:06 - [TEST_STEP][PASSED] - click(findTestObject("TestResource/saveDetailButton")): Object: 'Object Repository/TestResource/saveDetailButton' is clicked on

2019-02-25 16:12:06 - [MESSAGE][PASSED] - Object: 'Object Repository/TestResource/saveDetailButton' is clicked on

2019-02-25 16:12:06 - [TEST_STEP][PASSED] - Thread.sleep(7000): null

2019-02-25 16:12:13 - [TEST_STEP][PASSED] - click(findTestObject("TestResource/linksTab")): Object: 'Object Repository/TestResource/linksTab' is clicked on

2019-02-25 16:12:13 - [MESSAGE][PASSED] - Object: 'Object Repository/TestResource/linksTab' is clicked on

2019-02-25 16:12:13 - [TEST_STEP][PASSED] - Thread.sleep(2000): null

2019-02-25 16:12:15 - [TEST_STEP][PASSED] - click(findTestObject("TestResource/addLink")): Object: 'Object Repository/TestResource/addLink' is clicked on

2019-02-25 16:12:16 - [MESSAGE][PASSED] - Object: 'Object Repository/TestResource/addLink' is clicked on

2019-02-25 16:12:16 - [TEST_STEP][PASSED] - Thread.sleep(5000): null

2019-02-25 16:12:21 - [TEST_STEP][PASSED] - check(findTestObject("TestResource/selectSecondResourceToLink")): Object 'Object Repository/TestResource/selectSecondResourceToLink' is checked

2019-02-25 16:12:21 - [MESSAGE][PASSED] - Object 'Object Repository/TestResource/selectSecondResourceToLink' is checked

2019-02-25 16:12:21 - [TEST_STEP][PASSED] - AdminTool_Location.resourceLinkName(): AdminTool_Location.resourceLinkName is PASSED

2019-02-25 16:12:21 - [MESSAGE][PASSED] - AdminTool_Location.resourceLinkName is PASSED

2019-02-25 16:12:21 - [TEST_STEP][PASSED] - Thread.sleep(2000): null

2019-02-25 16:12:23 - [TEST_STEP][PASSED] - click(findTestObject("TestResource/button2Save")): Object: 'Object Repository/TestResource/button2Save' is clicked on

2019-02-25 16:12:23 - [MESSAGE][PASSED] - Object: 'Object Repository/TestResource/button2Save' is clicked on

2019-02-25 16:12:23 - [TEST_STEP][PASSED] - Thread.sleep(4000): null

2019-02-25 16:12:27 - [TEST_STEP][PASSED] - click(findTestObject("TestResource/locationTab")): Object: 'Object Repository/TestResource/locationTab' is clicked on

2019-02-25 16:12:27 - [MESSAGE][PASSED] - Object: 'Object Repository/TestResource/locationTab' is clicked on

2019-02-25 16:12:27 - [TEST_STEP][PASSED] - Thread.sleep(5000): null

2019-02-25 16:12:32 - [TEST_STEP][PASSED] - AdminTool_Location.checkLocation(): AdminTool_Location.checkLocation is PASSED

2019-02-25 16:12:34 - [MESSAGE][PASSED] - AdminTool_Location.checkLocation is PASSED

2019-02-25 16:12:34 - [TEST_STEP][PASSED] - Thread.sleep(4000): null

2019-02-25 16:12:38 - [TEST_STEP][PASSED] - click(findTestObject("TestResource/saveLocation")): Object: 'Object Repository/TestResource/saveLocation' is clicked on

2019-02-25 16:12:38 - [MESSAGE][PASSED] - Object: 'Object Repository/TestResource/saveLocation' is clicked on]]></system-out>
         <system-err><![CDATA[]]></system-err>
      </testcase>
      <testcase name="Test Cases/CheckResoucesAsPerLocation/validateResource" classname="Test Cases/CheckResoucesAsPerLocation/validateResource" status="PASSED">
         <system-out><![CDATA[2019-02-25 16:12:38 - [TEST_CASE][PASSED] - Test Cases/CheckResoucesAsPerLocation/validateResource: Test Cases/CheckResoucesAsPerLocation/validateResource

2019-02-25 16:12:38 - [TEST_STEP][NOT_RUN] - openBrowser(URL): NOT_RUN: openBrowser(URL)

2019-02-25 16:12:38 - [MESSAGE][NOT_RUN] - NOT_RUN: openBrowser(URL)

2019-02-25 16:12:38 - [TEST_STEP][NOT_RUN] - maximizeWindow(): NOT_RUN: maximizeWindow()

2019-02-25 16:12:38 - [MESSAGE][NOT_RUN] - NOT_RUN: maximizeWindow()

2019-02-25 16:12:38 - [TEST_STEP][NOT_RUN] - setText(findTestObject("Form_Selection_Creation/login_Username"), UserName1): NOT_RUN: setText(findTestObject("Form_Selection_Creation/login_Username"), UserName1)

2019-02-25 16:12:38 - [MESSAGE][NOT_RUN] - NOT_RUN: setText(findTestObject("Form_Selection_Creation/login_Username"), UserName1)

2019-02-25 16:12:38 - [TEST_STEP][NOT_RUN] - setText(findTestObject("Form_Selection_Creation/login_Password"), Password111): NOT_RUN: setText(findTestObject("Form_Selection_Creation/login_Password"), Password111)

2019-02-25 16:12:38 - [MESSAGE][NOT_RUN] - NOT_RUN: setText(findTestObject("Form_Selection_Creation/login_Password"), Password111)

2019-02-25 16:12:38 - [TEST_STEP][PASSED] - Thread.sleep(4000): null

2019-02-25 16:12:42 - [TEST_STEP][PASSED] - FormName.setData(): FormName.setData is PASSED

2019-02-25 16:12:43 - [MESSAGE][PASSED] - FormName.setData is PASSED

2019-02-25 16:12:43 - [TEST_STEP][NOT_RUN] - click(findTestObject("Form_Selection_Creation/login_Button")): NOT_RUN: click(findTestObject("Form_Selection_Creation/login_Button"))

2019-02-25 16:12:43 - [MESSAGE][NOT_RUN] - NOT_RUN: click(findTestObject("Form_Selection_Creation/login_Button"))

2019-02-25 16:12:43 - [TEST_STEP][PASSED] - click(findTestObject("Form_Selection_Creation/mainMenu_Button")): Object: 'Object Repository/Form_Selection_Creation/mainMenu_Button' is clicked on

2019-02-25 16:12:43 - [MESSAGE][PASSED] - Object: 'Object Repository/Form_Selection_Creation/mainMenu_Button' is clicked on

2019-02-25 16:12:43 - [TEST_STEP][PASSED] - Thread.sleep(2000): null

2019-02-25 16:12:45 - [TEST_STEP][NOT_RUN] - click(findTestObject("Form_Selection_Creation/mainMenu_AdminTools")): NOT_RUN: click(findTestObject("Form_Selection_Creation/mainMenu_AdminTools"))

2019-02-25 16:12:45 - [MESSAGE][NOT_RUN] - NOT_RUN: click(findTestObject("Form_Selection_Creation/mainMenu_AdminTools"))

2019-02-25 16:12:45 - [TEST_STEP][PASSED] - click(findTestObject("Form_Selection_Creation/mainMenu_AdminTools_FormDesigner")): Object: 'Object Repository/Form_Selection_Creation/mainMenu_AdminTools_FormDesigner' is clicked on

2019-02-25 16:12:45 - [MESSAGE][PASSED] - Object: 'Object Repository/Form_Selection_Creation/mainMenu_AdminTools_FormDesigner' is clicked on

2019-02-25 16:12:45 - [TEST_STEP][PASSED] - click(findTestObject("Form_Selection_Creation/selectCheckForm")): Object: 'Object Repository/Form_Selection_Creation/selectCheckForm' is clicked on

2019-02-25 16:12:45 - [MESSAGE][PASSED] - Object: 'Object Repository/Form_Selection_Creation/selectCheckForm' is clicked on

2019-02-25 16:12:45 - [TEST_STEP][PASSED] - Thread.sleep(5000): null

2019-02-25 16:12:50 - [TEST_STEP][PASSED] - AdminTool_Location.moveCursor(): AdminTool_Location.moveCursor is PASSED

2019-02-25 16:12:50 - [MESSAGE][PASSED] - AdminTool_Location.moveCursor is PASSED

2019-02-25 16:12:50 - [TEST_STEP][PASSED] - Thread.sleep(2000): null

2019-02-25 16:12:52 - [TEST_STEP][PASSED] - AdminTool_Location.selectResType(): AdminTool_Location.selectResType is PASSED

2019-02-25 16:13:02 - [MESSAGE][PASSED] - AdminTool_Location.selectResType is PASSED

2019-02-25 16:13:02 - [TEST_STEP][PASSED] - AdminTool_Location.dragDropRes(): Element has been clicked

2019-02-25 16:13:07 - [MESSAGE][PASSED] - Element has been clicked

2019-02-25 16:13:07 - [TEST_STEP][PASSED] - Thread.sleep(5000): null

2019-02-25 16:13:12 - [TEST_STEP][NOT_RUN] - dragAndDropToObject(findTestObject("null"), findTestObject("Form_Selection_Creation/Target_Res_Object")): NOT_RUN: dragAndDropToObject(findTestObject("null"), findTestObject("Form_Selection_Creation/Target_Res_Object"))

2019-02-25 16:13:12 - [MESSAGE][NOT_RUN] - NOT_RUN: dragAndDropToObject(findTestObject("null"), findTestObject("Form_Selection_Creation/Target_Res_Object"))

2019-02-25 16:13:12 - [TEST_STEP][PASSED] - AdminTool_Location.validate(): AdminTool_Location.validate is PASSED

2019-02-25 16:13:12 - [MESSAGE][PASSED] - AdminTool_Location.validate is PASSED

2019-02-25 16:13:12 - [TEST_STEP][PASSED] - s = getText(findTestObject("TestResource/testText")): Text of object 'Object Repository/TestResource/testText' is: 'Equipment > Equipment_25/02/19-16:09 > SubEquipment2_25/02/19-16:09'

2019-02-25 16:13:12 - [MESSAGE][PASSED] - Text of object 'Object Repository/TestResource/testText' is: 'Equipment > Equipment_25/02/19-16:09 > SubEquipment2_25/02/19-16:09'

2019-02-25 16:13:12 - [TEST_STEP][PASSED] - println(s): null]]></system-out>
         <system-err><![CDATA[]]></system-err>
      </testcase>
      <testcase name="Test Cases/CheckResoucesAsPerLocation/checkResource_Items" classname="Test Cases/CheckResoucesAsPerLocation/checkResource_Items" status="PASSED">
         <system-out><![CDATA[2019-02-25 16:13:12 - [TEST_CASE][PASSED] - Test Cases/CheckResoucesAsPerLocation/checkResource_Items: Test Cases/CheckResoucesAsPerLocation/checkResource_Items

2019-02-25 16:13:12 - [TEST_STEP][NOT_RUN] - openBrowser(URL): NOT_RUN: openBrowser(URL)

2019-02-25 16:13:12 - [MESSAGE][NOT_RUN] - NOT_RUN: openBrowser(URL)

2019-02-25 16:13:12 - [TEST_STEP][NOT_RUN] - maximizeWindow(): NOT_RUN: maximizeWindow()

2019-02-25 16:13:12 - [MESSAGE][NOT_RUN] - NOT_RUN: maximizeWindow()

2019-02-25 16:13:12 - [TEST_STEP][NOT_RUN] - setText(findTestObject("TestUserLocation/login_Username"), UserName1): NOT_RUN: setText(findTestObject("TestUserLocation/login_Username"), UserName1)

2019-02-25 16:13:12 - [MESSAGE][NOT_RUN] - NOT_RUN: setText(findTestObject("TestUserLocation/login_Username"), UserName1)

2019-02-25 16:13:12 - [TEST_STEP][NOT_RUN] - setText(findTestObject("TestUserLocation/login_Password"), Password1): NOT_RUN: setText(findTestObject("TestUserLocation/login_Password"), Password1)

2019-02-25 16:13:12 - [MESSAGE][NOT_RUN] - NOT_RUN: setText(findTestObject("TestUserLocation/login_Password"), Password1)

2019-02-25 16:13:12 - [TEST_STEP][PASSED] - AdminTool_Location.setItemName(): AdminTool_Location.setItemName is PASSED

2019-02-25 16:13:12 - [MESSAGE][PASSED] - AdminTool_Location.setItemName is PASSED

2019-02-25 16:13:12 - [TEST_STEP][NOT_RUN] - click(findTestObject("TestUserLocation/login_Button")): NOT_RUN: click(findTestObject("TestUserLocation/login_Button"))

2019-02-25 16:13:12 - [MESSAGE][NOT_RUN] - NOT_RUN: click(findTestObject("TestUserLocation/login_Button"))

2019-02-25 16:13:12 - [TEST_STEP][NOT_RUN] - Thread.sleep(4000): NOT_RUN: Thread.sleep(4000)

2019-02-25 16:13:12 - [MESSAGE][NOT_RUN] - NOT_RUN: Thread.sleep(4000)

2019-02-25 16:13:12 - [TEST_STEP][PASSED] - click(findTestObject("TestUserLocation/mainmenu_button")): Object: 'Object Repository/TestUserLocation/mainmenu_button' is clicked on

2019-02-25 16:13:13 - [MESSAGE][PASSED] - Object: 'Object Repository/TestUserLocation/mainmenu_button' is clicked on

2019-02-25 16:13:13 - [TEST_STEP][PASSED] - Thread.sleep(2000): null

2019-02-25 16:13:15 - [TEST_STEP][NOT_RUN] - click(findTestObject("TestUserLocation/adminTool")): NOT_RUN: click(findTestObject("TestUserLocation/adminTool"))

2019-02-25 16:13:15 - [MESSAGE][NOT_RUN] - NOT_RUN: click(findTestObject("TestUserLocation/adminTool"))

2019-02-25 16:13:15 - [TEST_STEP][PASSED] - click(findTestObject("TestUserLocation/mainMenuResourceDesigner")): Object: 'Object Repository/TestUserLocation/mainMenuResourceDesigner' is clicked on

2019-02-25 16:13:15 - [MESSAGE][PASSED] - Object: 'Object Repository/TestUserLocation/mainMenuResourceDesigner' is clicked on

2019-02-25 16:13:15 - [TEST_STEP][PASSED] - Thread.sleep(2000): null

2019-02-25 16:13:17 - [TEST_STEP][PASSED] - click(findTestObject("TestUserLocation/yesDelete")): Object: 'Object Repository/TestUserLocation/yesDelete' is clicked on

2019-02-25 16:13:17 - [MESSAGE][PASSED] - Object: 'Object Repository/TestUserLocation/yesDelete' is clicked on

2019-02-25 16:13:17 - [TEST_STEP][PASSED] - Thread.sleep(4000): null

2019-02-25 16:13:21 - [TEST_STEP][PASSED] - click(findTestObject("TestResource/items")): Object: 'Object Repository/TestResource/items' is clicked on

2019-02-25 16:13:21 - [MESSAGE][PASSED] - Object: 'Object Repository/TestResource/items' is clicked on

2019-02-25 16:13:21 - [TEST_STEP][PASSED] - Thread.sleep(4000): null

2019-02-25 16:13:25 - [TEST_STEP][PASSED] - waitForElementClickable(findTestObject("TestUserLocation/categories"), 45): Object 'Object Repository/TestUserLocation/categories' is clickable

2019-02-25 16:13:25 - [MESSAGE][PASSED] - Object 'Object Repository/TestUserLocation/categories' is clickable

2019-02-25 16:13:25 - [TEST_STEP][PASSED] - click(findTestObject("TestUserLocation/categories")): Object: 'Object Repository/TestUserLocation/categories' is clicked on

2019-02-25 16:13:25 - [MESSAGE][PASSED] - Object: 'Object Repository/TestUserLocation/categories' is clicked on

2019-02-25 16:13:25 - [TEST_STEP][PASSED] - Thread.sleep(2000): null

2019-02-25 16:13:27 - [TEST_STEP][PASSED] - click(findTestObject("TestUserLocation/defaultArea")): Object: 'Object Repository/TestUserLocation/defaultArea' is clicked on

2019-02-25 16:13:27 - [MESSAGE][PASSED] - Object: 'Object Repository/TestUserLocation/defaultArea' is clicked on

2019-02-25 16:13:27 - [TEST_STEP][PASSED] - Thread.sleep(2000): null

2019-02-25 16:13:29 - [TEST_STEP][PASSED] - click(findTestObject("TestUserLocation/hoverHeading")): Object: 'Object Repository/TestUserLocation/hoverHeading' is clicked on

2019-02-25 16:13:29 - [MESSAGE][PASSED] - Object: 'Object Repository/TestUserLocation/hoverHeading' is clicked on

2019-02-25 16:13:29 - [TEST_STEP][PASSED] - click(findTestObject("TestUserLocation/addPlusIcon")): Object: 'Object Repository/TestUserLocation/addPlusIcon' is clicked on

2019-02-25 16:13:30 - [MESSAGE][PASSED] - Object: 'Object Repository/TestUserLocation/addPlusIcon' is clicked on

2019-02-25 16:13:30 - [TEST_STEP][PASSED] - setText(findTestObject("TestUserLocation/setNewName"), findTestData("LocationData").getValue("ItemsName", 1)): Text 'Item_25/02/19-16:13' is set on object 'Object Repository/TestUserLocation/setNewName'

2019-02-25 16:13:30 - [MESSAGE][PASSED] - Text 'Item_25/02/19-16:13' is set on object 'Object Repository/TestUserLocation/setNewName'

2019-02-25 16:13:30 - [TEST_STEP][PASSED] - Thread.sleep(2000): null

2019-02-25 16:13:32 - [TEST_STEP][PASSED] - click(findTestObject("TestUserLocation/saveButton")): Object: 'Object Repository/TestUserLocation/saveButton' is clicked on

2019-02-25 16:13:32 - [MESSAGE][PASSED] - Object: 'Object Repository/TestUserLocation/saveButton' is clicked on

2019-02-25 16:13:32 - [TEST_STEP][PASSED] - Thread.sleep(4000): null

2019-02-25 16:13:36 - [TEST_STEP][PASSED] - Thread.sleep(4000): null

2019-02-25 16:13:40 - [TEST_STEP][PASSED] - click(findTestObject("TestUserLocation/mainmenu_button")): Object: 'Object Repository/TestUserLocation/mainmenu_button' is clicked on

2019-02-25 16:13:40 - [MESSAGE][PASSED] - Object: 'Object Repository/TestUserLocation/mainmenu_button' is clicked on

2019-02-25 16:13:40 - [TEST_STEP][PASSED] - Thread.sleep(2000): null

2019-02-25 16:13:42 - [TEST_STEP][PASSED] - click(findTestObject("TestResource/mainMenu_resources")): Object: 'Object Repository/TestResource/mainMenu_resources' is clicked on

2019-02-25 16:13:42 - [MESSAGE][PASSED] - Object: 'Object Repository/TestResource/mainMenu_resources' is clicked on

2019-02-25 16:13:42 - [TEST_STEP][PASSED] - Thread.sleep(4000): null

2019-02-25 16:13:46 - [TEST_STEP][PASSED] - click(findTestObject("TestResource/items")): Object: 'Object Repository/TestResource/items' is clicked on

2019-02-25 16:13:46 - [MESSAGE][PASSED] - Object: 'Object Repository/TestResource/items' is clicked on

2019-02-25 16:13:46 - [TEST_STEP][PASSED] - Thread.sleep(4000): null

2019-02-25 16:13:50 - [TEST_STEP][PASSED] - AdminTool_Location.selectItem(): Element has been clicked

2019-02-25 16:13:55 - [MESSAGE][PASSED] - Element has been clicked

2019-02-25 16:13:55 - [TEST_STEP][PASSED] - Thread.sleep(4000): null

2019-02-25 16:13:59 - [TEST_STEP][PASSED] - waitForElementClickable(findTestObject("TestUserLocation/addPlusIcon"), 45): Object 'Object Repository/TestUserLocation/addPlusIcon' is clickable

2019-02-25 16:13:59 - [MESSAGE][PASSED] - Object 'Object Repository/TestUserLocation/addPlusIcon' is clickable

2019-02-25 16:13:59 - [TEST_STEP][PASSED] - click(findTestObject("TestUserLocation/addPlusIcon")): Object: 'Object Repository/TestUserLocation/addPlusIcon' is clicked on

2019-02-25 16:13:59 - [MESSAGE][PASSED] - Object: 'Object Repository/TestUserLocation/addPlusIcon' is clicked on

2019-02-25 16:13:59 - [TEST_STEP][PASSED] - Thread.sleep(2000): null

2019-02-25 16:14:01 - [TEST_STEP][PASSED] - setText(findTestObject("TestUserLocation/setNewName"), findTestData("LocationData").getValue("SubItemsName1", 1)): Text 'SubItem1_25/02/19-16:13' is set on object 'Object Repository/TestUserLocation/setNewName'

2019-02-25 16:14:01 - [MESSAGE][PASSED] - Text 'SubItem1_25/02/19-16:13' is set on object 'Object Repository/TestUserLocation/setNewName'

2019-02-25 16:14:01 - [TEST_STEP][PASSED] - Thread.sleep(2000): null

2019-02-25 16:14:03 - [TEST_STEP][PASSED] - Submission.createResource(): Submission.createResource is PASSED

2019-02-25 16:14:14 - [MESSAGE][PASSED] - Submission.createResource is PASSED

2019-02-25 16:14:14 - [TEST_STEP][NOT_RUN] - setText(findTestObject("TestResource/setPhoneNumber"), "912378456"): NOT_RUN: setText(findTestObject("TestResource/setPhoneNumber"), "912378456")

2019-02-25 16:14:14 - [MESSAGE][NOT_RUN] - NOT_RUN: setText(findTestObject("TestResource/setPhoneNumber"), "912378456")

2019-02-25 16:14:14 - [TEST_STEP][PASSED] - Thread.sleep(2000): null

2019-02-25 16:14:16 - [TEST_STEP][PASSED] - click(findTestObject("TestResource/saveDetailButton")): Object: 'Object Repository/TestResource/saveDetailButton' is clicked on

2019-02-25 16:14:16 - [MESSAGE][PASSED] - Object: 'Object Repository/TestResource/saveDetailButton' is clicked on

2019-02-25 16:14:16 - [TEST_STEP][PASSED] - Thread.sleep(7000): null

2019-02-25 16:14:23 - [TEST_STEP][PASSED] - click(findTestObject("TestResource/disableResource")): Object: 'Object Repository/TestResource/disableResource' is clicked on

2019-02-25 16:14:23 - [MESSAGE][PASSED] - Object: 'Object Repository/TestResource/disableResource' is clicked on

2019-02-25 16:14:23 - [TEST_STEP][PASSED] - Thread.sleep(2000): null

2019-02-25 16:14:25 - [TEST_STEP][PASSED] - click(findTestObject("TestResource/button2Yes")): Object: 'Object Repository/TestResource/button2Yes' is clicked on

2019-02-25 16:14:25 - [MESSAGE][PASSED] - Object: 'Object Repository/TestResource/button2Yes' is clicked on

2019-02-25 16:14:25 - [TEST_STEP][PASSED] - Thread.sleep(2000): null

2019-02-25 16:14:27 - [TEST_STEP][PASSED] - click(findTestObject("TestResource/saveDetailButton")): Object: 'Object Repository/TestResource/saveDetailButton' is clicked on

2019-02-25 16:14:27 - [MESSAGE][PASSED] - Object: 'Object Repository/TestResource/saveDetailButton' is clicked on

2019-02-25 16:14:27 - [TEST_STEP][PASSED] - Thread.sleep(7000): null

2019-02-25 16:14:34 - [TEST_STEP][PASSED] - click(findTestObject("TestResource/linksTab")): Object: 'Object Repository/TestResource/linksTab' is clicked on

2019-02-25 16:14:34 - [MESSAGE][PASSED] - Object: 'Object Repository/TestResource/linksTab' is clicked on

2019-02-25 16:14:34 - [TEST_STEP][PASSED] - Thread.sleep(2000): null

2019-02-25 16:14:36 - [TEST_STEP][PASSED] - click(findTestObject("TestResource/addLink")): Object: 'Object Repository/TestResource/addLink' is clicked on

2019-02-25 16:14:37 - [MESSAGE][PASSED] - Object: 'Object Repository/TestResource/addLink' is clicked on

2019-02-25 16:14:37 - [TEST_STEP][PASSED] - Thread.sleep(5000): null

2019-02-25 16:14:42 - [TEST_STEP][PASSED] - check(findTestObject("TestResource/selectSecondResourceToLink")): Object 'Object Repository/TestResource/selectSecondResourceToLink' is checked

2019-02-25 16:14:42 - [MESSAGE][PASSED] - Object 'Object Repository/TestResource/selectSecondResourceToLink' is checked

2019-02-25 16:14:42 - [TEST_STEP][PASSED] - AdminTool_Location.resourceLinkName(): AdminTool_Location.resourceLinkName is PASSED

2019-02-25 16:14:42 - [MESSAGE][PASSED] - AdminTool_Location.resourceLinkName is PASSED

2019-02-25 16:14:42 - [TEST_STEP][PASSED] - Thread.sleep(2000): null

2019-02-25 16:14:44 - [TEST_STEP][PASSED] - click(findTestObject("TestResource/button2Save")): Object: 'Object Repository/TestResource/button2Save' is clicked on

2019-02-25 16:14:44 - [MESSAGE][PASSED] - Object: 'Object Repository/TestResource/button2Save' is clicked on

2019-02-25 16:14:44 - [TEST_STEP][PASSED] - Thread.sleep(4000): null

2019-02-25 16:14:48 - [TEST_STEP][PASSED] - click(findTestObject("TestResource/locationTab")): Object: 'Object Repository/TestResource/locationTab' is clicked on

2019-02-25 16:14:48 - [MESSAGE][PASSED] - Object: 'Object Repository/TestResource/locationTab' is clicked on

2019-02-25 16:14:48 - [TEST_STEP][PASSED] - AdminTool_Location.moveCursor(): AdminTool_Location.moveCursor is PASSED

2019-02-25 16:14:48 - [MESSAGE][PASSED] - AdminTool_Location.moveCursor is PASSED

2019-02-25 16:14:48 - [TEST_STEP][PASSED] - Thread.sleep(2000): null

2019-02-25 16:14:50 - [TEST_STEP][PASSED] - Thread.sleep(5000): null

2019-02-25 16:14:55 - [TEST_STEP][PASSED] - AdminTool_Location.checkLocation(): AdminTool_Location.checkLocation is PASSED

2019-02-25 16:14:57 - [MESSAGE][PASSED] - AdminTool_Location.checkLocation is PASSED

2019-02-25 16:14:57 - [TEST_STEP][PASSED] - Thread.sleep(4000): null

2019-02-25 16:15:01 - [TEST_STEP][PASSED] - click(findTestObject("TestResource/saveLocation")): Object: 'Object Repository/TestResource/saveLocation' is clicked on

2019-02-25 16:15:01 - [MESSAGE][PASSED] - Object: 'Object Repository/TestResource/saveLocation' is clicked on

2019-02-25 16:15:01 - [TEST_STEP][PASSED] - click(findTestObject("TestUserLocation/mainmenu_button")): Object: 'Object Repository/TestUserLocation/mainmenu_button' is clicked on

2019-02-25 16:15:02 - [MESSAGE][PASSED] - Object: 'Object Repository/TestUserLocation/mainmenu_button' is clicked on

2019-02-25 16:15:02 - [TEST_STEP][PASSED] - Thread.sleep(2000): null

2019-02-25 16:15:04 - [TEST_STEP][PASSED] - click(findTestObject("TestResource/mainMenu_resources")): Object: 'Object Repository/TestResource/mainMenu_resources' is clicked on

2019-02-25 16:15:04 - [MESSAGE][PASSED] - Object: 'Object Repository/TestResource/mainMenu_resources' is clicked on

2019-02-25 16:15:04 - [TEST_STEP][PASSED] - Thread.sleep(4000): null

2019-02-25 16:15:08 - [TEST_STEP][PASSED] - click(findTestObject("TestResource/items")): Object: 'Object Repository/TestResource/items' is clicked on

2019-02-25 16:15:08 - [MESSAGE][PASSED] - Object: 'Object Repository/TestResource/items' is clicked on

2019-02-25 16:15:08 - [TEST_STEP][PASSED] - Thread.sleep(4000): null

2019-02-25 16:15:12 - [TEST_STEP][PASSED] - AdminTool_Location.selectItem(): Element has been clicked

2019-02-25 16:15:17 - [MESSAGE][PASSED] - Element has been clicked

2019-02-25 16:15:17 - [TEST_STEP][PASSED] - Thread.sleep(4000): null

2019-02-25 16:15:21 - [TEST_STEP][PASSED] - waitForElementClickable(findTestObject("TestUserLocation/addPlusIcon"), 45): Object 'Object Repository/TestUserLocation/addPlusIcon' is clickable

2019-02-25 16:15:21 - [MESSAGE][PASSED] - Object 'Object Repository/TestUserLocation/addPlusIcon' is clickable

2019-02-25 16:15:21 - [TEST_STEP][PASSED] - click(findTestObject("TestUserLocation/addPlusIcon")): Object: 'Object Repository/TestUserLocation/addPlusIcon' is clicked on

2019-02-25 16:15:21 - [MESSAGE][PASSED] - Object: 'Object Repository/TestUserLocation/addPlusIcon' is clicked on

2019-02-25 16:15:21 - [TEST_STEP][PASSED] - Thread.sleep(2000): null

2019-02-25 16:15:23 - [TEST_STEP][PASSED] - setText(findTestObject("TestUserLocation/setNewName"), findTestData("LocationData").getValue("SubItemsName2", 1)): Text 'SubItem2_25/02/19-16:13' is set on object 'Object Repository/TestUserLocation/setNewName'

2019-02-25 16:15:23 - [MESSAGE][PASSED] - Text 'SubItem2_25/02/19-16:13' is set on object 'Object Repository/TestUserLocation/setNewName'

2019-02-25 16:15:23 - [TEST_STEP][PASSED] - Thread.sleep(2000): null

2019-02-25 16:15:25 - [TEST_STEP][PASSED] - Submission.createResource(): Submission.createResource is PASSED

2019-02-25 16:15:36 - [MESSAGE][PASSED] - Submission.createResource is PASSED

2019-02-25 16:15:36 - [TEST_STEP][NOT_RUN] - setText(findTestObject("TestResource/setPhoneNumber"), "912378456"): NOT_RUN: setText(findTestObject("TestResource/setPhoneNumber"), "912378456")

2019-02-25 16:15:36 - [MESSAGE][NOT_RUN] - NOT_RUN: setText(findTestObject("TestResource/setPhoneNumber"), "912378456")

2019-02-25 16:15:36 - [TEST_STEP][PASSED] - Thread.sleep(2000): null

2019-02-25 16:15:38 - [TEST_STEP][PASSED] - click(findTestObject("TestResource/saveDetailButton")): Object: 'Object Repository/TestResource/saveDetailButton' is clicked on

2019-02-25 16:15:43 - [MESSAGE][PASSED] - Object: 'Object Repository/TestResource/saveDetailButton' is clicked on

2019-02-25 16:15:43 - [TEST_STEP][PASSED] - Thread.sleep(7000): null

2019-02-25 16:15:50 - [TEST_STEP][PASSED] - click(findTestObject("TestResource/linksTab")): Object: 'Object Repository/TestResource/linksTab' is clicked on

2019-02-25 16:15:50 - [MESSAGE][PASSED] - Object: 'Object Repository/TestResource/linksTab' is clicked on

2019-02-25 16:15:50 - [TEST_STEP][PASSED] - Thread.sleep(2000): null

2019-02-25 16:15:52 - [TEST_STEP][PASSED] - click(findTestObject("TestResource/addLink")): Object: 'Object Repository/TestResource/addLink' is clicked on

2019-02-25 16:15:52 - [MESSAGE][PASSED] - Object: 'Object Repository/TestResource/addLink' is clicked on

2019-02-25 16:15:52 - [TEST_STEP][PASSED] - Thread.sleep(5000): null

2019-02-25 16:15:57 - [TEST_STEP][PASSED] - check(findTestObject("TestResource/selectSecondResourceToLink")): Object 'Object Repository/TestResource/selectSecondResourceToLink' is checked

2019-02-25 16:15:57 - [MESSAGE][PASSED] - Object 'Object Repository/TestResource/selectSecondResourceToLink' is checked

2019-02-25 16:15:57 - [TEST_STEP][PASSED] - AdminTool_Location.resourceLinkName(): AdminTool_Location.resourceLinkName is PASSED

2019-02-25 16:15:57 - [MESSAGE][PASSED] - AdminTool_Location.resourceLinkName is PASSED

2019-02-25 16:15:57 - [TEST_STEP][PASSED] - Thread.sleep(2000): null

2019-02-25 16:15:59 - [TEST_STEP][PASSED] - click(findTestObject("TestResource/button2Save")): Object: 'Object Repository/TestResource/button2Save' is clicked on

2019-02-25 16:16:00 - [MESSAGE][PASSED] - Object: 'Object Repository/TestResource/button2Save' is clicked on

2019-02-25 16:16:00 - [TEST_STEP][PASSED] - Thread.sleep(4000): null

2019-02-25 16:16:04 - [TEST_STEP][PASSED] - click(findTestObject("TestResource/locationTab")): Object: 'Object Repository/TestResource/locationTab' is clicked on

2019-02-25 16:16:04 - [MESSAGE][PASSED] - Object: 'Object Repository/TestResource/locationTab' is clicked on

2019-02-25 16:16:04 - [TEST_STEP][PASSED] - Thread.sleep(5000): null

2019-02-25 16:16:09 - [TEST_STEP][PASSED] - AdminTool_Location.checkLocation(): AdminTool_Location.checkLocation is PASSED

2019-02-25 16:16:11 - [MESSAGE][PASSED] - AdminTool_Location.checkLocation is PASSED

2019-02-25 16:16:11 - [TEST_STEP][PASSED] - Thread.sleep(4000): null

2019-02-25 16:16:15 - [TEST_STEP][PASSED] - click(findTestObject("TestResource/saveLocation")): Object: 'Object Repository/TestResource/saveLocation' is clicked on

2019-02-25 16:16:15 - [MESSAGE][PASSED] - Object: 'Object Repository/TestResource/saveLocation' is clicked on]]></system-out>
         <system-err><![CDATA[]]></system-err>
      </testcase>
      <testcase name="Test Cases/CheckResoucesAsPerLocation/validateResource" classname="Test Cases/CheckResoucesAsPerLocation/validateResource" status="PASSED">
         <system-out><![CDATA[2019-02-25 16:16:15 - [TEST_CASE][PASSED] - Test Cases/CheckResoucesAsPerLocation/validateResource: Test Cases/CheckResoucesAsPerLocation/validateResource

2019-02-25 16:16:15 - [TEST_STEP][NOT_RUN] - openBrowser(URL): NOT_RUN: openBrowser(URL)

2019-02-25 16:16:15 - [MESSAGE][NOT_RUN] - NOT_RUN: openBrowser(URL)

2019-02-25 16:16:15 - [TEST_STEP][NOT_RUN] - maximizeWindow(): NOT_RUN: maximizeWindow()

2019-02-25 16:16:15 - [MESSAGE][NOT_RUN] - NOT_RUN: maximizeWindow()

2019-02-25 16:16:15 - [TEST_STEP][NOT_RUN] - setText(findTestObject("Form_Selection_Creation/login_Username"), UserName1): NOT_RUN: setText(findTestObject("Form_Selection_Creation/login_Username"), UserName1)

2019-02-25 16:16:15 - [MESSAGE][NOT_RUN] - NOT_RUN: setText(findTestObject("Form_Selection_Creation/login_Username"), UserName1)

2019-02-25 16:16:15 - [TEST_STEP][NOT_RUN] - setText(findTestObject("Form_Selection_Creation/login_Password"), Password111): NOT_RUN: setText(findTestObject("Form_Selection_Creation/login_Password"), Password111)

2019-02-25 16:16:15 - [MESSAGE][NOT_RUN] - NOT_RUN: setText(findTestObject("Form_Selection_Creation/login_Password"), Password111)

2019-02-25 16:16:15 - [TEST_STEP][PASSED] - Thread.sleep(4000): null

2019-02-25 16:16:19 - [TEST_STEP][PASSED] - FormName.setData(): FormName.setData is PASSED

2019-02-25 16:16:19 - [MESSAGE][PASSED] - FormName.setData is PASSED

2019-02-25 16:16:19 - [TEST_STEP][NOT_RUN] - click(findTestObject("Form_Selection_Creation/login_Button")): NOT_RUN: click(findTestObject("Form_Selection_Creation/login_Button"))

2019-02-25 16:16:19 - [MESSAGE][NOT_RUN] - NOT_RUN: click(findTestObject("Form_Selection_Creation/login_Button"))

2019-02-25 16:16:19 - [TEST_STEP][PASSED] - click(findTestObject("Form_Selection_Creation/mainMenu_Button")): Object: 'Object Repository/Form_Selection_Creation/mainMenu_Button' is clicked on

2019-02-25 16:16:19 - [MESSAGE][PASSED] - Object: 'Object Repository/Form_Selection_Creation/mainMenu_Button' is clicked on

2019-02-25 16:16:19 - [TEST_STEP][PASSED] - Thread.sleep(2000): null

2019-02-25 16:16:21 - [TEST_STEP][NOT_RUN] - click(findTestObject("Form_Selection_Creation/mainMenu_AdminTools")): NOT_RUN: click(findTestObject("Form_Selection_Creation/mainMenu_AdminTools"))

2019-02-25 16:16:21 - [MESSAGE][NOT_RUN] - NOT_RUN: click(findTestObject("Form_Selection_Creation/mainMenu_AdminTools"))

2019-02-25 16:16:21 - [TEST_STEP][PASSED] - click(findTestObject("Form_Selection_Creation/mainMenu_AdminTools_FormDesigner")): Object: 'Object Repository/Form_Selection_Creation/mainMenu_AdminTools_FormDesigner' is clicked on

2019-02-25 16:16:21 - [MESSAGE][PASSED] - Object: 'Object Repository/Form_Selection_Creation/mainMenu_AdminTools_FormDesigner' is clicked on

2019-02-25 16:16:21 - [TEST_STEP][PASSED] - click(findTestObject("Form_Selection_Creation/selectCheckForm")): Object: 'Object Repository/Form_Selection_Creation/selectCheckForm' is clicked on

2019-02-25 16:16:22 - [MESSAGE][PASSED] - Object: 'Object Repository/Form_Selection_Creation/selectCheckForm' is clicked on

2019-02-25 16:16:22 - [TEST_STEP][PASSED] - Thread.sleep(5000): null

2019-02-25 16:16:27 - [TEST_STEP][PASSED] - AdminTool_Location.moveCursor(): AdminTool_Location.moveCursor is PASSED

2019-02-25 16:16:27 - [MESSAGE][PASSED] - AdminTool_Location.moveCursor is PASSED

2019-02-25 16:16:27 - [TEST_STEP][PASSED] - Thread.sleep(2000): null

2019-02-25 16:16:29 - [TEST_STEP][PASSED] - AdminTool_Location.selectResType(): AdminTool_Location.selectResType is PASSED

2019-02-25 16:16:39 - [MESSAGE][PASSED] - AdminTool_Location.selectResType is PASSED

2019-02-25 16:16:39 - [TEST_STEP][PASSED] - AdminTool_Location.dragDropRes(): Element has been clicked

2019-02-25 16:16:43 - [MESSAGE][PASSED] - Element has been clicked

2019-02-25 16:16:43 - [TEST_STEP][PASSED] - Thread.sleep(5000): null

2019-02-25 16:16:48 - [TEST_STEP][NOT_RUN] - dragAndDropToObject(findTestObject("null"), findTestObject("Form_Selection_Creation/Target_Res_Object")): NOT_RUN: dragAndDropToObject(findTestObject("null"), findTestObject("Form_Selection_Creation/Target_Res_Object"))

2019-02-25 16:16:48 - [MESSAGE][NOT_RUN] - NOT_RUN: dragAndDropToObject(findTestObject("null"), findTestObject("Form_Selection_Creation/Target_Res_Object"))

2019-02-25 16:16:48 - [TEST_STEP][PASSED] - AdminTool_Location.validate(): AdminTool_Location.validate is PASSED

2019-02-25 16:16:48 - [MESSAGE][PASSED] - AdminTool_Location.validate is PASSED

2019-02-25 16:16:48 - [TEST_STEP][PASSED] - s = getText(findTestObject("TestResource/testText")): Text of object 'Object Repository/TestResource/testText' is: 'Items > Item_25/02/19-16:13 > SubItem2_25/02/19-16:13'

2019-02-25 16:16:48 - [MESSAGE][PASSED] - Text of object 'Object Repository/TestResource/testText' is: 'Items > Item_25/02/19-16:13 > SubItem2_25/02/19-16:13'

2019-02-25 16:16:48 - [TEST_STEP][PASSED] - println(s): null]]></system-out>
         <system-err><![CDATA[]]></system-err>
      </testcase>
      <testcase name="Test Cases/CheckResoucesAsPerLocation/checkResource_Supplier" classname="Test Cases/CheckResoucesAsPerLocation/checkResource_Supplier" status="PASSED">
         <system-out><![CDATA[2019-02-25 16:16:49 - [TEST_CASE][PASSED] - Test Cases/CheckResoucesAsPerLocation/checkResource_Supplier: Test Cases/CheckResoucesAsPerLocation/checkResource_Supplier

2019-02-25 16:16:49 - [TEST_STEP][NOT_RUN] - openBrowser(URL): NOT_RUN: openBrowser(URL)

2019-02-25 16:16:49 - [MESSAGE][NOT_RUN] - NOT_RUN: openBrowser(URL)

2019-02-25 16:16:49 - [TEST_STEP][NOT_RUN] - maximizeWindow(): NOT_RUN: maximizeWindow()

2019-02-25 16:16:49 - [MESSAGE][NOT_RUN] - NOT_RUN: maximizeWindow()

2019-02-25 16:16:49 - [TEST_STEP][NOT_RUN] - setText(findTestObject("TestUserLocation/login_Username"), UserName1): NOT_RUN: setText(findTestObject("TestUserLocation/login_Username"), UserName1)

2019-02-25 16:16:49 - [MESSAGE][NOT_RUN] - NOT_RUN: setText(findTestObject("TestUserLocation/login_Username"), UserName1)

2019-02-25 16:16:49 - [TEST_STEP][NOT_RUN] - setText(findTestObject("TestUserLocation/login_Password"), Password1): NOT_RUN: setText(findTestObject("TestUserLocation/login_Password"), Password1)

2019-02-25 16:16:49 - [MESSAGE][NOT_RUN] - NOT_RUN: setText(findTestObject("TestUserLocation/login_Password"), Password1)

2019-02-25 16:16:49 - [TEST_STEP][PASSED] - AdminTool_Location.setSupplierName(): AdminTool_Location.setSupplierName is PASSED

2019-02-25 16:16:49 - [MESSAGE][PASSED] - AdminTool_Location.setSupplierName is PASSED

2019-02-25 16:16:49 - [TEST_STEP][NOT_RUN] - click(findTestObject("TestUserLocation/login_Button")): NOT_RUN: click(findTestObject("TestUserLocation/login_Button"))

2019-02-25 16:16:49 - [MESSAGE][NOT_RUN] - NOT_RUN: click(findTestObject("TestUserLocation/login_Button"))

2019-02-25 16:16:49 - [TEST_STEP][PASSED] - Thread.sleep(4000): null

2019-02-25 16:16:53 - [TEST_STEP][PASSED] - click(findTestObject("TestUserLocation/mainmenu_button")): Object: 'Object Repository/TestUserLocation/mainmenu_button' is clicked on

2019-02-25 16:16:53 - [MESSAGE][PASSED] - Object: 'Object Repository/TestUserLocation/mainmenu_button' is clicked on

2019-02-25 16:16:53 - [TEST_STEP][PASSED] - Thread.sleep(2000): null

2019-02-25 16:16:55 - [TEST_STEP][NOT_RUN] - click(findTestObject("TestUserLocation/adminTool")): NOT_RUN: click(findTestObject("TestUserLocation/adminTool"))

2019-02-25 16:16:55 - [MESSAGE][NOT_RUN] - NOT_RUN: click(findTestObject("TestUserLocation/adminTool"))

2019-02-25 16:16:55 - [TEST_STEP][PASSED] - click(findTestObject("TestUserLocation/mainMenuResourceDesigner")): Object: 'Object Repository/TestUserLocation/mainMenuResourceDesigner' is clicked on

2019-02-25 16:17:00 - [MESSAGE][PASSED] - Object: 'Object Repository/TestUserLocation/mainMenuResourceDesigner' is clicked on

2019-02-25 16:17:00 - [TEST_STEP][PASSED] - Thread.sleep(2000): null

2019-02-25 16:17:02 - [TEST_STEP][PASSED] - click(findTestObject("TestUserLocation/yesDelete")): Object: 'Object Repository/TestUserLocation/yesDelete' is clicked on

2019-02-25 16:17:02 - [MESSAGE][PASSED] - Object: 'Object Repository/TestUserLocation/yesDelete' is clicked on

2019-02-25 16:17:02 - [TEST_STEP][PASSED] - Thread.sleep(4000): null

2019-02-25 16:17:06 - [TEST_STEP][PASSED] - click(findTestObject("TestResource/SuppliersDesign")): Object: 'Object Repository/TestResource/SuppliersDesign' is clicked on

2019-02-25 16:17:06 - [MESSAGE][PASSED] - Object: 'Object Repository/TestResource/SuppliersDesign' is clicked on

2019-02-25 16:17:06 - [TEST_STEP][PASSED] - Thread.sleep(4000): null

2019-02-25 16:17:10 - [TEST_STEP][PASSED] - waitForElementClickable(findTestObject("TestUserLocation/categories"), 45): Object 'Object Repository/TestUserLocation/categories' is clickable

2019-02-25 16:17:11 - [MESSAGE][PASSED] - Object 'Object Repository/TestUserLocation/categories' is clickable

2019-02-25 16:17:11 - [TEST_STEP][PASSED] - click(findTestObject("TestUserLocation/categories")): Object: 'Object Repository/TestUserLocation/categories' is clicked on

2019-02-25 16:17:11 - [MESSAGE][PASSED] - Object: 'Object Repository/TestUserLocation/categories' is clicked on

2019-02-25 16:17:11 - [TEST_STEP][PASSED] - Thread.sleep(2000): null

2019-02-25 16:17:13 - [TEST_STEP][PASSED] - click(findTestObject("TestUserLocation/defaultArea")): Object: 'Object Repository/TestUserLocation/defaultArea' is clicked on

2019-02-25 16:17:13 - [MESSAGE][PASSED] - Object: 'Object Repository/TestUserLocation/defaultArea' is clicked on

2019-02-25 16:17:13 - [TEST_STEP][PASSED] - Thread.sleep(2000): null

2019-02-25 16:17:15 - [TEST_STEP][PASSED] - click(findTestObject("TestUserLocation/hoverHeading")): Object: 'Object Repository/TestUserLocation/hoverHeading' is clicked on

2019-02-25 16:17:15 - [MESSAGE][PASSED] - Object: 'Object Repository/TestUserLocation/hoverHeading' is clicked on

2019-02-25 16:17:15 - [TEST_STEP][PASSED] - click(findTestObject("TestUserLocation/addPlusIcon")): Object: 'Object Repository/TestUserLocation/addPlusIcon' is clicked on

2019-02-25 16:17:15 - [MESSAGE][PASSED] - Object: 'Object Repository/TestUserLocation/addPlusIcon' is clicked on

2019-02-25 16:17:15 - [TEST_STEP][PASSED] - setText(findTestObject("TestUserLocation/setNewName"), findTestData("LocationData").getValue("SuppliersName", 1)): Text 'Supplier_25/02/19-16:16' is set on object 'Object Repository/TestUserLocation/setNewName'

2019-02-25 16:17:15 - [MESSAGE][PASSED] - Text 'Supplier_25/02/19-16:16' is set on object 'Object Repository/TestUserLocation/setNewName'

2019-02-25 16:17:15 - [TEST_STEP][PASSED] - Thread.sleep(2000): null

2019-02-25 16:17:17 - [TEST_STEP][PASSED] - click(findTestObject("TestUserLocation/saveButton")): Object: 'Object Repository/TestUserLocation/saveButton' is clicked on

2019-02-25 16:17:18 - [MESSAGE][PASSED] - Object: 'Object Repository/TestUserLocation/saveButton' is clicked on

2019-02-25 16:17:18 - [TEST_STEP][PASSED] - Thread.sleep(4000): null

2019-02-25 16:17:22 - [TEST_STEP][PASSED] - Thread.sleep(4000): null

2019-02-25 16:17:26 - [TEST_STEP][PASSED] - click(findTestObject("TestUserLocation/mainmenu_button")): Object: 'Object Repository/TestUserLocation/mainmenu_button' is clicked on

2019-02-25 16:17:26 - [MESSAGE][PASSED] - Object: 'Object Repository/TestUserLocation/mainmenu_button' is clicked on

2019-02-25 16:17:26 - [TEST_STEP][PASSED] - Thread.sleep(2000): null

2019-02-25 16:17:28 - [TEST_STEP][PASSED] - click(findTestObject("TestResource/mainMenu_resources")): Object: 'Object Repository/TestResource/mainMenu_resources' is clicked on

2019-02-25 16:17:28 - [MESSAGE][PASSED] - Object: 'Object Repository/TestResource/mainMenu_resources' is clicked on

2019-02-25 16:17:28 - [TEST_STEP][PASSED] - Thread.sleep(4000): null

2019-02-25 16:17:32 - [TEST_STEP][PASSED] - click(findTestObject("TestResource/suppliers")): Object: 'Object Repository/TestResource/suppliers' is clicked on

2019-02-25 16:17:32 - [MESSAGE][PASSED] - Object: 'Object Repository/TestResource/suppliers' is clicked on

2019-02-25 16:17:32 - [TEST_STEP][PASSED] - Thread.sleep(4000): null

2019-02-25 16:17:36 - [TEST_STEP][PASSED] - AdminTool_Location.selectSupplier(): Element has been clicked

2019-02-25 16:17:40 - [MESSAGE][PASSED] - Element has been clicked

2019-02-25 16:17:40 - [TEST_STEP][PASSED] - Thread.sleep(4000): null

2019-02-25 16:17:44 - [TEST_STEP][PASSED] - waitForElementClickable(findTestObject("TestUserLocation/addPlusIcon"), 45): Object 'Object Repository/TestUserLocation/addPlusIcon' is clickable

2019-02-25 16:17:44 - [MESSAGE][PASSED] - Object 'Object Repository/TestUserLocation/addPlusIcon' is clickable

2019-02-25 16:17:44 - [TEST_STEP][PASSED] - click(findTestObject("TestUserLocation/addPlusIcon")): Object: 'Object Repository/TestUserLocation/addPlusIcon' is clicked on

2019-02-25 16:17:45 - [MESSAGE][PASSED] - Object: 'Object Repository/TestUserLocation/addPlusIcon' is clicked on

2019-02-25 16:17:45 - [TEST_STEP][PASSED] - Thread.sleep(2000): null

2019-02-25 16:17:47 - [TEST_STEP][PASSED] - setText(findTestObject("TestUserLocation/setNewName"), findTestData("LocationData").getValue("SubSuppliersName1", 1)): Text 'SubSupplier1_25/02/19-16:16' is set on object 'Object Repository/TestUserLocation/setNewName'

2019-02-25 16:17:47 - [MESSAGE][PASSED] - Text 'SubSupplier1_25/02/19-16:16' is set on object 'Object Repository/TestUserLocation/setNewName'

2019-02-25 16:17:47 - [TEST_STEP][NOT_RUN] - setText(findTestObject("TestResource/setPhoneNumber"), "912378456"): NOT_RUN: setText(findTestObject("TestResource/setPhoneNumber"), "912378456")

2019-02-25 16:17:47 - [MESSAGE][NOT_RUN] - NOT_RUN: setText(findTestObject("TestResource/setPhoneNumber"), "912378456")

2019-02-25 16:17:47 - [TEST_STEP][PASSED] - Thread.sleep(2000): null

2019-02-25 16:17:49 - [TEST_STEP][PASSED] - Submission.createResource(): Submission.createResource is PASSED

2019-02-25 16:17:57 - [MESSAGE][PASSED] - Submission.createResource is PASSED

2019-02-25 16:17:57 - [TEST_STEP][PASSED] - Thread.sleep(2000): null

2019-02-25 16:17:59 - [TEST_STEP][PASSED] - click(findTestObject("TestResource/saveDetailButton")): Object: 'Object Repository/TestResource/saveDetailButton' is clicked on

2019-02-25 16:17:59 - [MESSAGE][PASSED] - Object: 'Object Repository/TestResource/saveDetailButton' is clicked on

2019-02-25 16:17:59 - [TEST_STEP][PASSED] - Thread.sleep(7000): null

2019-02-25 16:18:06 - [TEST_STEP][PASSED] - click(findTestObject("TestResource/disableResource")): Object: 'Object Repository/TestResource/disableResource' is clicked on

2019-02-25 16:18:07 - [MESSAGE][PASSED] - Object: 'Object Repository/TestResource/disableResource' is clicked on

2019-02-25 16:18:07 - [TEST_STEP][PASSED] - Thread.sleep(2000): null

2019-02-25 16:18:09 - [TEST_STEP][PASSED] - click(findTestObject("TestResource/button2Yes")): Object: 'Object Repository/TestResource/button2Yes' is clicked on

2019-02-25 16:18:09 - [MESSAGE][PASSED] - Object: 'Object Repository/TestResource/button2Yes' is clicked on

2019-02-25 16:18:09 - [TEST_STEP][PASSED] - Thread.sleep(2000): null

2019-02-25 16:18:11 - [TEST_STEP][PASSED] - click(findTestObject("TestResource/saveDetailButton")): Object: 'Object Repository/TestResource/saveDetailButton' is clicked on

2019-02-25 16:18:11 - [MESSAGE][PASSED] - Object: 'Object Repository/TestResource/saveDetailButton' is clicked on

2019-02-25 16:18:11 - [TEST_STEP][PASSED] - Thread.sleep(7000): null

2019-02-25 16:18:18 - [TEST_STEP][PASSED] - click(findTestObject("TestResource/linksTab")): Object: 'Object Repository/TestResource/linksTab' is clicked on

2019-02-25 16:18:18 - [MESSAGE][PASSED] - Object: 'Object Repository/TestResource/linksTab' is clicked on

2019-02-25 16:18:18 - [TEST_STEP][PASSED] - Thread.sleep(2000): null

2019-02-25 16:18:20 - [TEST_STEP][PASSED] - click(findTestObject("TestResource/addLink")): Object: 'Object Repository/TestResource/addLink' is clicked on

2019-02-25 16:18:20 - [MESSAGE][PASSED] - Object: 'Object Repository/TestResource/addLink' is clicked on

2019-02-25 16:18:20 - [TEST_STEP][PASSED] - Thread.sleep(5000): null

2019-02-25 16:18:25 - [TEST_STEP][PASSED] - check(findTestObject("TestResource/selectSecondResourceToLink")): Object 'Object Repository/TestResource/selectSecondResourceToLink' is checked

2019-02-25 16:18:25 - [MESSAGE][PASSED] - Object 'Object Repository/TestResource/selectSecondResourceToLink' is checked

2019-02-25 16:18:25 - [TEST_STEP][PASSED] - AdminTool_Location.resourceLinkName(): AdminTool_Location.resourceLinkName is PASSED

2019-02-25 16:18:25 - [MESSAGE][PASSED] - AdminTool_Location.resourceLinkName is PASSED

2019-02-25 16:18:25 - [TEST_STEP][PASSED] - Thread.sleep(2000): null

2019-02-25 16:18:27 - [TEST_STEP][PASSED] - click(findTestObject("TestResource/button2Save")): Object: 'Object Repository/TestResource/button2Save' is clicked on

2019-02-25 16:18:28 - [MESSAGE][PASSED] - Object: 'Object Repository/TestResource/button2Save' is clicked on

2019-02-25 16:18:28 - [TEST_STEP][PASSED] - Thread.sleep(4000): null

2019-02-25 16:18:32 - [TEST_STEP][PASSED] - click(findTestObject("TestResource/locationTab")): Object: 'Object Repository/TestResource/locationTab' is clicked on

2019-02-25 16:18:32 - [MESSAGE][PASSED] - Object: 'Object Repository/TestResource/locationTab' is clicked on

2019-02-25 16:18:32 - [TEST_STEP][PASSED] - Thread.sleep(5000): null

2019-02-25 16:18:37 - [TEST_STEP][PASSED] - AdminTool_Location.checkLocation(): AdminTool_Location.checkLocation is PASSED

2019-02-25 16:18:39 - [MESSAGE][PASSED] - AdminTool_Location.checkLocation is PASSED

2019-02-25 16:18:39 - [TEST_STEP][PASSED] - Thread.sleep(4000): null

2019-02-25 16:18:43 - [TEST_STEP][PASSED] - AdminTool_Location.moveCursor(): AdminTool_Location.moveCursor is PASSED

2019-02-25 16:18:43 - [MESSAGE][PASSED] - AdminTool_Location.moveCursor is PASSED

2019-02-25 16:18:43 - [TEST_STEP][PASSED] - Thread.sleep(2000): null

2019-02-25 16:18:45 - [TEST_STEP][PASSED] - click(findTestObject("TestResource/saveLocation")): Object: 'Object Repository/TestResource/saveLocation' is clicked on

2019-02-25 16:18:45 - [MESSAGE][PASSED] - Object: 'Object Repository/TestResource/saveLocation' is clicked on

2019-02-25 16:18:45 - [TEST_STEP][PASSED] - click(findTestObject("TestUserLocation/mainmenu_button")): Object: 'Object Repository/TestUserLocation/mainmenu_button' is clicked on

2019-02-25 16:18:46 - [MESSAGE][PASSED] - Object: 'Object Repository/TestUserLocation/mainmenu_button' is clicked on

2019-02-25 16:18:46 - [TEST_STEP][PASSED] - Thread.sleep(2000): null

2019-02-25 16:18:48 - [TEST_STEP][PASSED] - click(findTestObject("TestResource/mainMenu_resources")): Object: 'Object Repository/TestResource/mainMenu_resources' is clicked on

2019-02-25 16:18:48 - [MESSAGE][PASSED] - Object: 'Object Repository/TestResource/mainMenu_resources' is clicked on

2019-02-25 16:18:48 - [TEST_STEP][PASSED] - Thread.sleep(4000): null

2019-02-25 16:18:52 - [TEST_STEP][PASSED] - click(findTestObject("TestResource/suppliers")): Object: 'Object Repository/TestResource/suppliers' is clicked on

2019-02-25 16:18:52 - [MESSAGE][PASSED] - Object: 'Object Repository/TestResource/suppliers' is clicked on

2019-02-25 16:18:52 - [TEST_STEP][PASSED] - Thread.sleep(4000): null

2019-02-25 16:18:56 - [TEST_STEP][PASSED] - AdminTool_Location.selectSupplier(): Element has been clicked

2019-02-25 16:19:01 - [MESSAGE][PASSED] - Element has been clicked

2019-02-25 16:19:01 - [TEST_STEP][PASSED] - Thread.sleep(4000): null

2019-02-25 16:19:05 - [TEST_STEP][PASSED] - waitForElementClickable(findTestObject("TestUserLocation/addPlusIcon"), 45): Object 'Object Repository/TestUserLocation/addPlusIcon' is clickable

2019-02-25 16:19:05 - [MESSAGE][PASSED] - Object 'Object Repository/TestUserLocation/addPlusIcon' is clickable

2019-02-25 16:19:05 - [TEST_STEP][PASSED] - click(findTestObject("TestUserLocation/addPlusIcon")): Object: 'Object Repository/TestUserLocation/addPlusIcon' is clicked on

2019-02-25 16:19:05 - [MESSAGE][PASSED] - Object: 'Object Repository/TestUserLocation/addPlusIcon' is clicked on

2019-02-25 16:19:05 - [TEST_STEP][PASSED] - Thread.sleep(2000): null

2019-02-25 16:19:07 - [TEST_STEP][PASSED] - setText(findTestObject("TestUserLocation/setNewName"), findTestData("LocationData").getValue("SubSuppliersName2", 1)): Text 'SubSupplier2_25/02/19-16:16' is set on object 'Object Repository/TestUserLocation/setNewName'

2019-02-25 16:19:08 - [MESSAGE][PASSED] - Text 'SubSupplier2_25/02/19-16:16' is set on object 'Object Repository/TestUserLocation/setNewName'

2019-02-25 16:19:08 - [TEST_STEP][PASSED] - Thread.sleep(2000): null

2019-02-25 16:19:10 - [TEST_STEP][PASSED] - Submission.createResource(): Submission.createResource is PASSED

2019-02-25 16:19:18 - [MESSAGE][PASSED] - Submission.createResource is PASSED

2019-02-25 16:19:18 - [TEST_STEP][NOT_RUN] - setText(findTestObject("TestResource/setPhoneNumber"), "912378456"): NOT_RUN: setText(findTestObject("TestResource/setPhoneNumber"), "912378456")

2019-02-25 16:19:18 - [MESSAGE][NOT_RUN] - NOT_RUN: setText(findTestObject("TestResource/setPhoneNumber"), "912378456")

2019-02-25 16:19:18 - [TEST_STEP][PASSED] - Thread.sleep(2000): null

2019-02-25 16:19:20 - [TEST_STEP][PASSED] - click(findTestObject("TestResource/saveDetailButton")): Object: 'Object Repository/TestResource/saveDetailButton' is clicked on

2019-02-25 16:19:20 - [MESSAGE][PASSED] - Object: 'Object Repository/TestResource/saveDetailButton' is clicked on

2019-02-25 16:19:20 - [TEST_STEP][PASSED] - Thread.sleep(7000): null

2019-02-25 16:19:27 - [TEST_STEP][PASSED] - click(findTestObject("TestResource/linksTab")): Object: 'Object Repository/TestResource/linksTab' is clicked on

2019-02-25 16:19:27 - [MESSAGE][PASSED] - Object: 'Object Repository/TestResource/linksTab' is clicked on

2019-02-25 16:19:27 - [TEST_STEP][PASSED] - Thread.sleep(2000): null

2019-02-25 16:19:29 - [TEST_STEP][PASSED] - click(findTestObject("TestResource/addLink")): Object: 'Object Repository/TestResource/addLink' is clicked on

2019-02-25 16:19:30 - [MESSAGE][PASSED] - Object: 'Object Repository/TestResource/addLink' is clicked on

2019-02-25 16:19:30 - [TEST_STEP][PASSED] - Thread.sleep(5000): null

2019-02-25 16:19:35 - [TEST_STEP][PASSED] - check(findTestObject("TestResource/selectSecondResourceToLink")): Object 'Object Repository/TestResource/selectSecondResourceToLink' is checked

2019-02-25 16:19:35 - [MESSAGE][PASSED] - Object 'Object Repository/TestResource/selectSecondResourceToLink' is checked

2019-02-25 16:19:35 - [TEST_STEP][PASSED] - AdminTool_Location.resourceLinkName(): AdminTool_Location.resourceLinkName is PASSED

2019-02-25 16:19:35 - [MESSAGE][PASSED] - AdminTool_Location.resourceLinkName is PASSED

2019-02-25 16:19:35 - [TEST_STEP][PASSED] - Thread.sleep(2000): null

2019-02-25 16:19:37 - [TEST_STEP][PASSED] - click(findTestObject("TestResource/button2Save")): Object: 'Object Repository/TestResource/button2Save' is clicked on

2019-02-25 16:19:37 - [MESSAGE][PASSED] - Object: 'Object Repository/TestResource/button2Save' is clicked on

2019-02-25 16:19:37 - [TEST_STEP][PASSED] - Thread.sleep(4000): null

2019-02-25 16:19:41 - [TEST_STEP][PASSED] - click(findTestObject("TestResource/locationTab")): Object: 'Object Repository/TestResource/locationTab' is clicked on

2019-02-25 16:19:41 - [MESSAGE][PASSED] - Object: 'Object Repository/TestResource/locationTab' is clicked on

2019-02-25 16:19:41 - [TEST_STEP][PASSED] - Thread.sleep(5000): null

2019-02-25 16:19:46 - [TEST_STEP][PASSED] - AdminTool_Location.checkLocation(): AdminTool_Location.checkLocation is PASSED

2019-02-25 16:19:48 - [MESSAGE][PASSED] - AdminTool_Location.checkLocation is PASSED

2019-02-25 16:19:48 - [TEST_STEP][PASSED] - Thread.sleep(4000): null

2019-02-25 16:19:52 - [TEST_STEP][PASSED] - click(findTestObject("TestResource/saveLocation")): Object: 'Object Repository/TestResource/saveLocation' is clicked on

2019-02-25 16:19:53 - [MESSAGE][PASSED] - Object: 'Object Repository/TestResource/saveLocation' is clicked on]]></system-out>
         <system-err><![CDATA[]]></system-err>
      </testcase>
      <testcase name="Test Cases/CheckResoucesAsPerLocation/validateResource" classname="Test Cases/CheckResoucesAsPerLocation/validateResource" status="PASSED">
         <system-out><![CDATA[2019-02-25 16:19:53 - [TEST_CASE][PASSED] - Test Cases/CheckResoucesAsPerLocation/validateResource: Test Cases/CheckResoucesAsPerLocation/validateResource

2019-02-25 16:19:53 - [TEST_STEP][NOT_RUN] - openBrowser(URL): NOT_RUN: openBrowser(URL)

2019-02-25 16:19:53 - [MESSAGE][NOT_RUN] - NOT_RUN: openBrowser(URL)

2019-02-25 16:19:53 - [TEST_STEP][NOT_RUN] - maximizeWindow(): NOT_RUN: maximizeWindow()

2019-02-25 16:19:53 - [MESSAGE][NOT_RUN] - NOT_RUN: maximizeWindow()

2019-02-25 16:19:53 - [TEST_STEP][NOT_RUN] - setText(findTestObject("Form_Selection_Creation/login_Username"), UserName1): NOT_RUN: setText(findTestObject("Form_Selection_Creation/login_Username"), UserName1)

2019-02-25 16:19:53 - [MESSAGE][NOT_RUN] - NOT_RUN: setText(findTestObject("Form_Selection_Creation/login_Username"), UserName1)

2019-02-25 16:19:53 - [TEST_STEP][NOT_RUN] - setText(findTestObject("Form_Selection_Creation/login_Password"), Password111): NOT_RUN: setText(findTestObject("Form_Selection_Creation/login_Password"), Password111)

2019-02-25 16:19:53 - [MESSAGE][NOT_RUN] - NOT_RUN: setText(findTestObject("Form_Selection_Creation/login_Password"), Password111)

2019-02-25 16:19:53 - [TEST_STEP][PASSED] - Thread.sleep(4000): null

2019-02-25 16:19:57 - [TEST_STEP][PASSED] - FormName.setData(): FormName.setData is PASSED

2019-02-25 16:19:57 - [MESSAGE][PASSED] - FormName.setData is PASSED

2019-02-25 16:19:57 - [TEST_STEP][NOT_RUN] - click(findTestObject("Form_Selection_Creation/login_Button")): NOT_RUN: click(findTestObject("Form_Selection_Creation/login_Button"))

2019-02-25 16:19:57 - [MESSAGE][NOT_RUN] - NOT_RUN: click(findTestObject("Form_Selection_Creation/login_Button"))

2019-02-25 16:19:57 - [TEST_STEP][PASSED] - click(findTestObject("Form_Selection_Creation/mainMenu_Button")): Object: 'Object Repository/Form_Selection_Creation/mainMenu_Button' is clicked on

2019-02-25 16:19:57 - [MESSAGE][PASSED] - Object: 'Object Repository/Form_Selection_Creation/mainMenu_Button' is clicked on

2019-02-25 16:19:57 - [TEST_STEP][PASSED] - Thread.sleep(2000): null

2019-02-25 16:19:59 - [TEST_STEP][NOT_RUN] - click(findTestObject("Form_Selection_Creation/mainMenu_AdminTools")): NOT_RUN: click(findTestObject("Form_Selection_Creation/mainMenu_AdminTools"))

2019-02-25 16:19:59 - [MESSAGE][NOT_RUN] - NOT_RUN: click(findTestObject("Form_Selection_Creation/mainMenu_AdminTools"))

2019-02-25 16:19:59 - [TEST_STEP][PASSED] - click(findTestObject("Form_Selection_Creation/mainMenu_AdminTools_FormDesigner")): Object: 'Object Repository/Form_Selection_Creation/mainMenu_AdminTools_FormDesigner' is clicked on

2019-02-25 16:19:59 - [MESSAGE][PASSED] - Object: 'Object Repository/Form_Selection_Creation/mainMenu_AdminTools_FormDesigner' is clicked on

2019-02-25 16:19:59 - [TEST_STEP][PASSED] - click(findTestObject("Form_Selection_Creation/selectCheckForm")): Object: 'Object Repository/Form_Selection_Creation/selectCheckForm' is clicked on

2019-02-25 16:19:59 - [MESSAGE][PASSED] - Object: 'Object Repository/Form_Selection_Creation/selectCheckForm' is clicked on

2019-02-25 16:19:59 - [TEST_STEP][PASSED] - Thread.sleep(5000): null

2019-02-25 16:20:04 - [TEST_STEP][PASSED] - AdminTool_Location.moveCursor(): AdminTool_Location.moveCursor is PASSED

2019-02-25 16:20:04 - [MESSAGE][PASSED] - AdminTool_Location.moveCursor is PASSED

2019-02-25 16:20:04 - [TEST_STEP][PASSED] - Thread.sleep(2000): null

2019-02-25 16:20:06 - [TEST_STEP][PASSED] - AdminTool_Location.selectResType(): AdminTool_Location.selectResType is PASSED

2019-02-25 16:20:17 - [MESSAGE][PASSED] - AdminTool_Location.selectResType is PASSED

2019-02-25 16:20:17 - [TEST_STEP][PASSED] - AdminTool_Location.dragDropRes(): Element has been clicked

2019-02-25 16:20:21 - [MESSAGE][PASSED] - Element has been clicked

2019-02-25 16:20:21 - [TEST_STEP][PASSED] - Thread.sleep(5000): null

2019-02-25 16:20:26 - [TEST_STEP][NOT_RUN] - dragAndDropToObject(findTestObject("null"), findTestObject("Form_Selection_Creation/Target_Res_Object")): NOT_RUN: dragAndDropToObject(findTestObject("null"), findTestObject("Form_Selection_Creation/Target_Res_Object"))

2019-02-25 16:20:26 - [MESSAGE][NOT_RUN] - NOT_RUN: dragAndDropToObject(findTestObject("null"), findTestObject("Form_Selection_Creation/Target_Res_Object"))

2019-02-25 16:20:26 - [TEST_STEP][PASSED] - AdminTool_Location.validate(): AdminTool_Location.validate is PASSED

2019-02-25 16:20:26 - [MESSAGE][PASSED] - AdminTool_Location.validate is PASSED

2019-02-25 16:20:26 - [TEST_STEP][PASSED] - s = getText(findTestObject("TestResource/testText")): Text of object 'Object Repository/TestResource/testText' is: 'Suppliers > Supplier_25/02/19-16:16 > SubSupplier2_25/02/19-16:16'

2019-02-25 16:20:26 - [MESSAGE][PASSED] - Text of object 'Object Repository/TestResource/testText' is: 'Suppliers > Supplier_25/02/19-16:16 > SubSupplier2_25/02/19-16:16'

2019-02-25 16:20:26 - [TEST_STEP][PASSED] - println(s): null]]></system-out>
         <system-err><![CDATA[]]></system-err>
      </testcase>
      <system-out><![CDATA[2019-02-25 16:02:36 - [TEST_SUITE][PASSED] - CheckAllResources: Test Cases/CheckResoucesAsPerLocation/validateResource]]></system-out>
      <system-err><![CDATA[]]></system-err>
   </testsuite>
</testsuites>
