<?xml version="1.0" encoding="UTF-8"?>
<testsuites name="Audit_Form" time="261" tests="3" failures="0" errors="0">
   <testsuite name="Audit_Form" tests="3" failures="0" errors="0" time="261" timestamp="2018-11-21 14:10:31" hostname="pashine_a - Abhishek-Pashine.India.XoriantCorp.com" id="Test Suites/Audit_Form">
      <properties>
         <property name="deviceName" value=""/>
         <property name="devicePlatform" value=""/>
         <property name="logFolder" value="D:\\Git Data\\SafetyChain-Test-Automation-Katalon\\Reports\\Audit_Form\\20181121_141028"/>
         <property name="logFiles" value="D:\\Git Data\\SafetyChain-Test-Automation-Katalon\\Reports\\Audit_Form\\20181121_141028\\execution0.log"/>
         <property name="attachments" value=""/>
         <property name="hostName" value="pashine_a - Abhishek-Pashine.India.XoriantCorp.com"/>
         <property name="os" value="Windows 7 64bit"/>
         <property name="katalonVersion" value="5.8.6.1"/>
         <property name="browser" value="Chrome 70.0.3538.102"/>
         <property name="hostAddress" value="10.21.7.147"/>
         <property name="sessionId" value="de5ad44fc04cca6c4b0c18120eb01268"/>
         <property name="seleniumVersion" value="3.7.1"/>
         <property name="proxyInformation" value="ProxyInformation{proxyOption=NO_PROXY, proxyServerType=HTTP, password=, proxyServerAddress=, proxyServerPort=0}"/>
         <property name="platform" value="Windows 7"/>
      </properties>
      <testcase name="Test Cases/Forms/AuditForm/1_CreateForm" classname="Test Cases/Forms/AuditForm/1_CreateForm" status="PASSED">
         <system-out><![CDATA[2018-11-21 14:10:31 - [TEST_CASE][PASSED] - Test Cases/Forms/AuditForm/1_CreateForm: Test Cases/Forms/AuditForm/1_CreateForm

2018-11-21 14:10:32 - [TEST_STEP][PASSED] - openBrowser: Browser is opened with url: 'https://test2.stage.safetychain.com'

2018-11-21 14:10:53 - [MESSAGE][PASSED] - Browser is opened with url: 'https://test2.stage.safetychain.com'

2018-11-21 14:10:53 - [TEST_STEP][PASSED] - maximizeWindow: Current window maximized

2018-11-21 14:10:54 - [MESSAGE][PASSED] - Current window maximized

2018-11-21 14:10:54 - [TEST_STEP][PASSED] - setText: Text 'superadmin' is set on object 'Object Repository/Form_Selection_Creation/login_Username'

2018-11-21 14:10:58 - [MESSAGE][PASSED] - Text 'superadmin' is set on object 'Object Repository/Form_Selection_Creation/login_Username'

2018-11-21 14:10:58 - [TEST_STEP][PASSED] - setText: Text 'sliptest23772boot' is set on object 'Object Repository/Form_Selection_Creation/login_Password'

2018-11-21 14:10:58 - [MESSAGE][PASSED] - Text 'sliptest23772boot' is set on object 'Object Repository/Form_Selection_Creation/login_Password'

2018-11-21 14:10:58 - [TEST_STEP][PASSED] - FormName.setData: FormName.setData is PASSED

2018-11-21 14:10:59 - [MESSAGE][PASSED] - FormName.setData is PASSED

2018-11-21 14:10:59 - [TEST_STEP][PASSED] - click: Object: 'Object Repository/Form_Selection_Creation/login_Button' is clicked on

2018-11-21 14:11:01 - [MESSAGE][PASSED] - Object: 'Object Repository/Form_Selection_Creation/login_Button' is clicked on

2018-11-21 14:11:01 - [TEST_STEP][PASSED] - Statement - java.lang.Thread.sleep(3000): null

2018-11-21 14:11:04 - [TEST_STEP][PASSED] - click: Object: 'Object Repository/Form_Selection_Creation/mainMenu_Button' is clicked on

2018-11-21 14:11:05 - [MESSAGE][PASSED] - Object: 'Object Repository/Form_Selection_Creation/mainMenu_Button' is clicked on

2018-11-21 14:11:05 - [TEST_STEP][PASSED] - click: Object: 'Object Repository/Form_Selection_Creation/mainMenu_AdminTools' is clicked on

2018-11-21 14:11:05 - [MESSAGE][PASSED] - Object: 'Object Repository/Form_Selection_Creation/mainMenu_AdminTools' is clicked on

2018-11-21 14:11:05 - [TEST_STEP][PASSED] - click: Object: 'Object Repository/Form_Selection_Creation/mainMenu_AdminTools_FormDesigner' is clicked on

2018-11-21 14:11:05 - [MESSAGE][PASSED] - Object: 'Object Repository/Form_Selection_Creation/mainMenu_AdminTools_FormDesigner' is clicked on

2018-11-21 14:11:05 - [TEST_STEP][PASSED] - Statement - java.lang.Thread.sleep(2000): null

2018-11-21 14:11:07 - [TEST_STEP][PASSED] - click: Object: 'Object Repository/Form_Selection_Creation/selectAuditForm' is clicked on

2018-11-21 14:11:07 - [MESSAGE][PASSED] - Object: 'Object Repository/Form_Selection_Creation/selectAuditForm' is clicked on

2018-11-21 14:11:07 - [TEST_STEP][PASSED] - Statement - java.lang.Thread.sleep(3000): null

2018-11-21 14:11:10 - [TEST_STEP][PASSED] - dragAndDropToObject: Dragged object with id 'Object Repository/Form_Selection_Creation/formDesign_selectResource' to object with id 'TestObject - 'Object Repository/Form_Selection_Creation/Target_Res_Object'' successfully

2018-11-21 14:11:11 - [MESSAGE][PASSED] - Dragged object with id 'Object Repository/Form_Selection_Creation/formDesign_selectResource' to object with id 'TestObject - 'Object Repository/Form_Selection_Creation/Target_Res_Object'' successfully

2018-11-21 14:11:11 - [TEST_STEP][PASSED] - Statement - java.lang.Thread.sleep(6000): null

2018-11-21 14:11:17 - [TEST_STEP][PASSED] - click: Object: 'Object Repository/Form_Selection_Creation/formCreation_NextToDesignForm' is clicked on

2018-11-21 14:11:17 - [MESSAGE][PASSED] - Object: 'Object Repository/Form_Selection_Creation/formCreation_NextToDesignForm' is clicked on

2018-11-21 14:11:17 - [TEST_STEP][PASSED] - Statement - java.lang.Thread.sleep(4000): null

2018-11-21 14:11:21 - [TEST_STEP][PASSED] - FormName.createForm: FormName.createForm is PASSED

2018-11-21 14:11:22 - [MESSAGE][PASSED] - FormName.createForm is PASSED

2018-11-21 14:11:22 - [TEST_STEP][PASSED] - Statement - java.lang.Thread.sleep(2000): null

2018-11-21 14:11:24 - [TEST_STEP][PASSED] - dragAndDropToObject: Dragged object with id 'Object Repository/Form_Selection_Creation/formDesign_SelectSection' to object with id 'TestObject - 'Object Repository/Form_Selection_Creation/default_area'' successfully

2018-11-21 14:11:25 - [MESSAGE][PASSED] - Dragged object with id 'Object Repository/Form_Selection_Creation/formDesign_SelectSection' to object with id 'TestObject - 'Object Repository/Form_Selection_Creation/default_area'' successfully

2018-11-21 14:11:25 - [TEST_STEP][PASSED] - setText: Text 'This is a Section' is set on object 'Object Repository/Form_Selection_Creation/formDesign_SectionName'

2018-11-21 14:11:25 - [MESSAGE][PASSED] - Text 'This is a Section' is set on object 'Object Repository/Form_Selection_Creation/formDesign_SectionName'

2018-11-21 14:11:25 - [TEST_STEP][PASSED] - Statement - java.lang.Thread.sleep(2000): null

2018-11-21 14:11:27 - [TEST_STEP][PASSED] - dragAndDropToObject: Dragged object with id 'Object Repository/Form_Selection_Creation/formDesign_SelectFieldgroup' to object with id 'TestObject - 'Object Repository/Form_Selection_Creation/section_area'' successfully

2018-11-21 14:11:28 - [MESSAGE][PASSED] - Dragged object with id 'Object Repository/Form_Selection_Creation/formDesign_SelectFieldgroup' to object with id 'TestObject - 'Object Repository/Form_Selection_Creation/section_area'' successfully

2018-11-21 14:11:28 - [TEST_STEP][PASSED] - setText: Text 'This is Field Group' is set on object 'Object Repository/Form_Selection_Creation/formDesign_questionGroupName_Text'

2018-11-21 14:11:29 - [MESSAGE][PASSED] - Text 'This is Field Group' is set on object 'Object Repository/Form_Selection_Creation/formDesign_questionGroupName_Text'

2018-11-21 14:11:29 - [TEST_STEP][PASSED] - Statement - java.lang.Thread.sleep(2000): null

2018-11-21 14:11:31 - [TEST_STEP][PASSED] - dragAndDropToObject: Dragged object with id 'Object Repository/Form_Selection_Creation/formDesign_SelectFree Text' to object with id 'TestObject - 'Object Repository/Form_Selection_Creation/questionGroupArea'' successfully

2018-11-21 14:11:32 - [MESSAGE][PASSED] - Dragged object with id 'Object Repository/Form_Selection_Creation/formDesign_SelectFree Text' to object with id 'TestObject - 'Object Repository/Form_Selection_Creation/questionGroupArea'' successfully

2018-11-21 14:11:32 - [TEST_STEP][PASSED] - setText: Text 'This is Free Text' is set on object 'Object Repository/Form_Selection_Creation/formDesign_SingleLineName'

2018-11-21 14:11:32 - [MESSAGE][PASSED] - Text 'This is Free Text' is set on object 'Object Repository/Form_Selection_Creation/formDesign_SingleLineName'

2018-11-21 14:11:32 - [TEST_STEP][PASSED] - Statement - java.lang.Thread.sleep(2000): null

2018-11-21 14:11:34 - [TEST_STEP][PASSED] - dragAndDropToObject: Dragged object with id 'Object Repository/Form_Selection_Creation/formDesign_SelectParagraphText' to object with id 'TestObject - 'Object Repository/Form_Selection_Creation/questionGroupArea'' successfully

2018-11-21 14:11:35 - [MESSAGE][PASSED] - Dragged object with id 'Object Repository/Form_Selection_Creation/formDesign_SelectParagraphText' to object with id 'TestObject - 'Object Repository/Form_Selection_Creation/questionGroupArea'' successfully

2018-11-21 14:11:35 - [TEST_STEP][PASSED] - setText: Text 'This is Paragraph' is set on object 'Object Repository/Form_Selection_Creation/formDesign_ParagraphName'

2018-11-21 14:11:36 - [MESSAGE][PASSED] - Text 'This is Paragraph' is set on object 'Object Repository/Form_Selection_Creation/formDesign_ParagraphName'

2018-11-21 14:11:36 - [TEST_STEP][PASSED] - Statement - java.lang.Thread.sleep(2000): null

2018-11-21 14:11:38 - [TEST_STEP][PASSED] - dragAndDropToObject: Dragged object with id 'Object Repository/Form_Selection_Creation/formDesign_Select_SelectOne' to object with id 'TestObject - 'Object Repository/Form_Selection_Creation/questionGroupArea'' successfully

2018-11-21 14:11:38 - [MESSAGE][PASSED] - Dragged object with id 'Object Repository/Form_Selection_Creation/formDesign_Select_SelectOne' to object with id 'TestObject - 'Object Repository/Form_Selection_Creation/questionGroupArea'' successfully

2018-11-21 14:11:38 - [TEST_STEP][PASSED] - setText: Text 'This is Select One' is set on object 'Object Repository/Form_Selection_Creation/formDesign_Select_OneName'

2018-11-21 14:11:39 - [MESSAGE][PASSED] - Text 'This is Select One' is set on object 'Object Repository/Form_Selection_Creation/formDesign_Select_OneName'

2018-11-21 14:11:39 - [TEST_STEP][PASSED] - Statement - java.lang.Thread.sleep(2000): null

2018-11-21 14:11:41 - [TEST_STEP][PASSED] - click: Object: 'Object Repository/Form_Selection_Creation/button_AddNew1' is clicked on

2018-11-21 14:11:41 - [MESSAGE][PASSED] - Object: 'Object Repository/Form_Selection_Creation/button_AddNew1' is clicked on

2018-11-21 14:11:41 - [TEST_STEP][PASSED] - setText: Text 'Single Option1' is set on object 'Object Repository/Form_Selection_Creation/add1singleValue1'

2018-11-21 14:11:41 - [MESSAGE][PASSED] - Text 'Single Option1' is set on object 'Object Repository/Form_Selection_Creation/add1singleValue1'

2018-11-21 14:11:41 - [TEST_STEP][PASSED] - Statement - java.lang.Thread.sleep(3000): null

2018-11-21 14:11:45 - [TEST_STEP][PASSED] - click: Object: 'Object Repository/Form_Selection_Creation/button_AddNew1' is clicked on

2018-11-21 14:11:45 - [MESSAGE][PASSED] - Object: 'Object Repository/Form_Selection_Creation/button_AddNew1' is clicked on

2018-11-21 14:11:45 - [TEST_STEP][PASSED] - setText: Text 'Single Option2' is set on object 'Object Repository/Form_Selection_Creation/add1singleValue2'

2018-11-21 14:11:45 - [MESSAGE][PASSED] - Text 'Single Option2' is set on object 'Object Repository/Form_Selection_Creation/add1singleValue2'

2018-11-21 14:11:45 - [TEST_STEP][PASSED] - Statement - java.lang.Thread.sleep(2000): null

2018-11-21 14:11:47 - [TEST_STEP][PASSED] - dragAndDropToObject: Dragged object with id 'Object Repository/Form_Selection_Creation/formDesign_Select_SelectMultiple' to object with id 'TestObject - 'Object Repository/Form_Selection_Creation/questionGroupArea'' successfully

2018-11-21 14:11:53 - [MESSAGE][PASSED] - Dragged object with id 'Object Repository/Form_Selection_Creation/formDesign_Select_SelectMultiple' to object with id 'TestObject - 'Object Repository/Form_Selection_Creation/questionGroupArea'' successfully

2018-11-21 14:11:53 - [TEST_STEP][PASSED] - setText: Text 'This is Select Multiple' is set on object 'Object Repository/Form_Selection_Creation/formDesign_Select_MultipleName'

2018-11-21 14:11:54 - [MESSAGE][PASSED] - Text 'This is Select Multiple' is set on object 'Object Repository/Form_Selection_Creation/formDesign_Select_MultipleName'

2018-11-21 14:11:54 - [TEST_STEP][PASSED] - Statement - java.lang.Thread.sleep(3000): null

2018-11-21 14:11:57 - [TEST_STEP][PASSED] - click: Object: 'Object Repository/Form_Selection_Creation/button_addNewMul1' is clicked on

2018-11-21 14:11:57 - [MESSAGE][PASSED] - Object: 'Object Repository/Form_Selection_Creation/button_addNewMul1' is clicked on

2018-11-21 14:11:57 - [TEST_STEP][PASSED] - setText: Text 'Multiple Option1' is set on object 'Object Repository/Form_Selection_Creation/add1MultipleValue1'

2018-11-21 14:11:57 - [MESSAGE][PASSED] - Text 'Multiple Option1' is set on object 'Object Repository/Form_Selection_Creation/add1MultipleValue1'

2018-11-21 14:11:57 - [TEST_STEP][PASSED] - Statement - java.lang.Thread.sleep(2000): null

2018-11-21 14:11:59 - [TEST_STEP][PASSED] - click: Object: 'Object Repository/Form_Selection_Creation/button_addNewMul1' is clicked on

2018-11-21 14:11:59 - [MESSAGE][PASSED] - Object: 'Object Repository/Form_Selection_Creation/button_addNewMul1' is clicked on

2018-11-21 14:11:59 - [TEST_STEP][PASSED] - setText: Text 'Multiple Option2' is set on object 'Object Repository/Form_Selection_Creation/add1MultipleValue2'

2018-11-21 14:12:00 - [MESSAGE][PASSED] - Text 'Multiple Option2' is set on object 'Object Repository/Form_Selection_Creation/add1MultipleValue2'

2018-11-21 14:12:00 - [TEST_STEP][PASSED] - Statement - java.lang.Thread.sleep(2000): null

2018-11-21 14:12:02 - [TEST_STEP][PASSED] - dragAndDropToObject: Dragged object with id 'Object Repository/Form_Selection_Creation/formDesign_SelectNumeric' to object with id 'TestObject - 'Object Repository/Form_Selection_Creation/questionGroupArea'' successfully

2018-11-21 14:12:03 - [MESSAGE][PASSED] - Dragged object with id 'Object Repository/Form_Selection_Creation/formDesign_SelectNumeric' to object with id 'TestObject - 'Object Repository/Form_Selection_Creation/questionGroupArea'' successfully

2018-11-21 14:12:03 - [TEST_STEP][PASSED] - setText: Text 'This is Numeric Field' is set on object 'Object Repository/Form_Selection_Creation/formDesignt_NumericName'

2018-11-21 14:12:03 - [MESSAGE][PASSED] - Text 'This is Numeric Field' is set on object 'Object Repository/Form_Selection_Creation/formDesignt_NumericName'

2018-11-21 14:12:03 - [TEST_STEP][PASSED] - Statement - java.lang.Thread.sleep(2000): null

2018-11-21 14:12:05 - [TEST_STEP][PASSED] - dragAndDropToObject: Dragged object with id 'Object Repository/Form_Selection_Creation/formDesign_SelectDate' to object with id 'TestObject - 'Object Repository/Form_Selection_Creation/questionGroupArea'' successfully

2018-11-21 14:12:06 - [MESSAGE][PASSED] - Dragged object with id 'Object Repository/Form_Selection_Creation/formDesign_SelectDate' to object with id 'TestObject - 'Object Repository/Form_Selection_Creation/questionGroupArea'' successfully

2018-11-21 14:12:06 - [TEST_STEP][PASSED] - setText: Text 'This is Date' is set on object 'Object Repository/Form_Selection_Creation/formDesign_DateName'

2018-11-21 14:12:07 - [MESSAGE][PASSED] - Text 'This is Date' is set on object 'Object Repository/Form_Selection_Creation/formDesign_DateName'

2018-11-21 14:12:07 - [TEST_STEP][PASSED] - Statement - java.lang.Thread.sleep(2000): null

2018-11-21 14:12:09 - [TEST_STEP][PASSED] - dragAndDropToObject: Dragged object with id 'Object Repository/Form_Selection_Creation/formDesign_SelectTime' to object with id 'TestObject - 'Object Repository/Form_Selection_Creation/questionGroupArea'' successfully

2018-11-21 14:12:09 - [MESSAGE][PASSED] - Dragged object with id 'Object Repository/Form_Selection_Creation/formDesign_SelectTime' to object with id 'TestObject - 'Object Repository/Form_Selection_Creation/questionGroupArea'' successfully

2018-11-21 14:12:09 - [TEST_STEP][PASSED] - setText: Text 'This is Time' is set on object 'Object Repository/Form_Selection_Creation/formDesign_TimeName'

2018-11-21 14:12:10 - [MESSAGE][PASSED] - Text 'This is Time' is set on object 'Object Repository/Form_Selection_Creation/formDesign_TimeName'

2018-11-21 14:12:10 - [TEST_STEP][PASSED] - Statement - java.lang.Thread.sleep(2000): null

2018-11-21 14:12:12 - [TEST_STEP][PASSED] - dragAndDropToObject: Dragged object with id 'Object Repository/Form_Selection_Creation/formDesign_SelectDateTime' to object with id 'TestObject - 'Object Repository/Form_Selection_Creation/questionGroupArea'' successfully

2018-11-21 14:12:13 - [MESSAGE][PASSED] - Dragged object with id 'Object Repository/Form_Selection_Creation/formDesign_SelectDateTime' to object with id 'TestObject - 'Object Repository/Form_Selection_Creation/questionGroupArea'' successfully

2018-11-21 14:12:13 - [TEST_STEP][PASSED] - setText: Text 'This is Date-Time' is set on object 'Object Repository/Form_Selection_Creation/formDesign_DateTimeName'

2018-11-21 14:12:14 - [MESSAGE][PASSED] - Text 'This is Date-Time' is set on object 'Object Repository/Form_Selection_Creation/formDesign_DateTimeName'

2018-11-21 14:12:14 - [TEST_STEP][PASSED] - Statement - java.lang.Thread.sleep(2000): null

2018-11-21 14:12:16 - [TEST_STEP][PASSED] - click: Object: 'Object Repository/Form_Selection_Creation/formCreation_NextToDesignForm' is clicked on

2018-11-21 14:12:16 - [MESSAGE][PASSED] - Object: 'Object Repository/Form_Selection_Creation/formCreation_NextToDesignForm' is clicked on

2018-11-21 14:12:16 - [TEST_STEP][PASSED] - Statement - java.lang.Thread.sleep(7000): null

2018-11-21 14:12:23 - [TEST_STEP][PASSED] - click: Object: 'Object Repository/Form_Selection_Creation/div_Preview             Form1' is clicked on

2018-11-21 14:12:23 - [MESSAGE][PASSED] - Object: 'Object Repository/Form_Selection_Creation/div_Preview             Form1' is clicked on

2018-11-21 14:12:23 - [TEST_STEP][PASSED] - Statement - java.lang.Thread.sleep(5000): null

2018-11-21 14:12:28 - [TEST_STEP][PASSED] - click: Object: 'Object Repository/Form_Selection_Creation/button_Release' is clicked on

2018-11-21 14:12:28 - [MESSAGE][PASSED] - Object: 'Object Repository/Form_Selection_Creation/button_Release' is clicked on

2018-11-21 14:12:28 - [TEST_STEP][PASSED] - Statement - java.lang.Thread.sleep(4000): null]]></system-out>
         <system-err><![CDATA[]]></system-err>
      </testcase>
      <testcase name="Test Cases/Forms/AuditForm/2_FormSubmission" classname="Test Cases/Forms/AuditForm/2_FormSubmission" status="PASSED">
         <system-out><![CDATA[2018-11-21 14:12:32 - [TEST_CASE][PASSED] - Test Cases/Forms/AuditForm/2_FormSubmission: Test Cases/Forms/AuditForm/2_FormSubmission

2018-11-21 14:12:32 - [TEST_STEP][PASSED] - openBrowser: Browser is opened with url: 'https://test2.stage.safetychain.com'

2018-11-21 14:12:32 - [MESSAGE][WARNING] - A browser is already opened. Closing browser and opening a new one

2018-11-21 14:13:00 - [MESSAGE][PASSED] - Browser is opened with url: 'https://test2.stage.safetychain.com'

2018-11-21 14:13:00 - [TEST_STEP][PASSED] - maximizeWindow: Current window maximized

2018-11-21 14:13:01 - [MESSAGE][PASSED] - Current window maximized

2018-11-21 14:13:01 - [TEST_STEP][PASSED] - Statement - driver = com.kms.katalon.core.webui.driver.DriverFactory.getWebDriver(): null

2018-11-21 14:13:01 - [TEST_STEP][PASSED] - setText: Text 'superadmin' is set on object 'Object Repository/FormTab/login_Username'

2018-11-21 14:13:05 - [MESSAGE][PASSED] - Text 'superadmin' is set on object 'Object Repository/FormTab/login_Username'

2018-11-21 14:13:05 - [TEST_STEP][PASSED] - setText: Text 'sliptest23772boot' is set on object 'Object Repository/FormTab/login_Password'

2018-11-21 14:13:05 - [MESSAGE][PASSED] - Text 'sliptest23772boot' is set on object 'Object Repository/FormTab/login_Password'

2018-11-21 14:13:05 - [TEST_STEP][PASSED] - click: Object: 'Object Repository/FormTab/login_Button' is clicked on

2018-11-21 14:13:07 - [MESSAGE][PASSED] - Object: 'Object Repository/FormTab/login_Button' is clicked on

2018-11-21 14:13:07 - [TEST_STEP][PASSED] - Statement - java.lang.Thread.sleep(8000): null

2018-11-21 14:13:15 - [TEST_STEP][PASSED] - click: Object: 'Object Repository/FormTab/form_Tab' is clicked on

2018-11-21 14:13:15 - [MESSAGE][PASSED] - Object: 'Object Repository/FormTab/form_Tab' is clicked on

2018-11-21 14:13:15 - [TEST_STEP][PASSED] - Statement - java.lang.Thread.sleep(5000): null

2018-11-21 14:13:20 - [TEST_STEP][PASSED] - click: Object: 'Object Repository/FormTab/options' is clicked on

2018-11-21 14:13:20 - [MESSAGE][PASSED] - Object: 'Object Repository/FormTab/options' is clicked on

2018-11-21 14:13:20 - [TEST_STEP][PASSED] - Statement - java.lang.Thread.sleep(2000): null

2018-11-21 14:13:22 - [TEST_STEP][PASSED] - mouseOver: Object: 'Object Repository/FormTab/filterOption' is hovered

2018-11-21 14:13:22 - [MESSAGE][PASSED] - Object: 'Object Repository/FormTab/filterOption' is hovered

2018-11-21 14:13:22 - [TEST_STEP][PASSED] - Statement - java.lang.Thread.sleep(2000): null

2018-11-21 14:13:24 - [TEST_STEP][PASSED] - FormName.filterFormName: FormName.filterFormName is PASSED

2018-11-21 14:13:25 - [MESSAGE][PASSED] - FormName.filterFormName is PASSED

2018-11-21 14:13:25 - [TEST_STEP][PASSED] - Statement - java.lang.Thread.sleep(2000): null

2018-11-21 14:13:27 - [TEST_STEP][PASSED] - click: Object: 'Object Repository/FormTab/filterButton' is clicked on

2018-11-21 14:13:27 - [MESSAGE][PASSED] - Object: 'Object Repository/FormTab/filterButton' is clicked on

2018-11-21 14:13:27 - [TEST_STEP][PASSED] - Statement - java.lang.Thread.sleep(4000): null

2018-11-21 14:13:31 - [TEST_STEP][PASSED] - click: Object: 'Object Repository/FormTab/selectForm' is clicked on

2018-11-21 14:13:31 - [MESSAGE][PASSED] - Object: 'Object Repository/FormTab/selectForm' is clicked on

2018-11-21 14:13:31 - [TEST_STEP][NOT_RUN] - click: NOT_RUN: click

2018-11-21 14:13:31 - [MESSAGE][NOT_RUN] - NOT_RUN: click

2018-11-21 14:13:31 - [TEST_STEP][NOT_RUN] - Statement - java.lang.Thread.sleep(4000): NOT_RUN: Statement - java.lang.Thread.sleep(4000)

2018-11-21 14:13:31 - [MESSAGE][NOT_RUN] - NOT_RUN: Statement - java.lang.Thread.sleep(4000)

2018-11-21 14:13:31 - [TEST_STEP][NOT_RUN] - waitForElementNotVisible: NOT_RUN: waitForElementNotVisible

2018-11-21 14:13:31 - [MESSAGE][NOT_RUN] - NOT_RUN: waitForElementNotVisible

2018-11-21 14:13:31 - [TEST_STEP][NOT_RUN] - click: NOT_RUN: click

2018-11-21 14:13:31 - [MESSAGE][NOT_RUN] - NOT_RUN: click

2018-11-21 14:13:31 - [TEST_STEP][NOT_RUN] - Statement - java.lang.Thread.sleep(7000): NOT_RUN: Statement - java.lang.Thread.sleep(7000)

2018-11-21 14:13:31 - [MESSAGE][NOT_RUN] - NOT_RUN: Statement - java.lang.Thread.sleep(7000)

2018-11-21 14:13:31 - [TEST_STEP][NOT_RUN] - FormName.fillFormName: NOT_RUN: FormName.fillFormName

2018-11-21 14:13:31 - [MESSAGE][NOT_RUN] - NOT_RUN: FormName.fillFormName

2018-11-21 14:13:31 - [TEST_STEP][PASSED] - Statement - java.lang.Thread.sleep(4000): null

2018-11-21 14:13:35 - [TEST_STEP][PASSED] - click: Object: 'Object Repository/FormTab/fillForm_OpenLocationOption' is clicked on

2018-11-21 14:13:35 - [MESSAGE][PASSED] - Object: 'Object Repository/FormTab/fillForm_OpenLocationOption' is clicked on

2018-11-21 14:13:35 - [TEST_STEP][PASSED] - Statement - java.lang.Thread.sleep(2000): null

2018-11-21 14:13:37 - [TEST_STEP][PASSED] - click: Object: 'Object Repository/FormTab/fillForm_SelectLocation' is clicked on

2018-11-21 14:13:37 - [MESSAGE][PASSED] - Object: 'Object Repository/FormTab/fillForm_SelectLocation' is clicked on

2018-11-21 14:13:37 - [TEST_STEP][PASSED] - Statement - java.lang.Thread.sleep(4000): null

2018-11-21 14:13:41 - [TEST_STEP][PASSED] - click: Object: 'Object Repository/FormTab/fillForm_OpenResourceOption' is clicked on

2018-11-21 14:13:41 - [MESSAGE][PASSED] - Object: 'Object Repository/FormTab/fillForm_OpenResourceOption' is clicked on

2018-11-21 14:13:41 - [TEST_STEP][PASSED] - Statement - java.lang.Thread.sleep(4000): null

2018-11-21 14:13:45 - [TEST_STEP][PASSED] - click: Object: 'Object Repository/FormTab/fillForm_SelectResource' is clicked on

2018-11-21 14:13:46 - [MESSAGE][PASSED] - Object: 'Object Repository/FormTab/fillForm_SelectResource' is clicked on

2018-11-21 14:13:46 - [TEST_STEP][PASSED] - Statement - java.lang.Thread.sleep(4000): null

2018-11-21 14:13:50 - [TEST_STEP][PASSED] - setText: Text 'MyText' is set on object 'Object Repository/FormTab/fillForm_FreeSingleText'

2018-11-21 14:13:50 - [MESSAGE][PASSED] - Text 'MyText' is set on object 'Object Repository/FormTab/fillForm_FreeSingleText'

2018-11-21 14:13:50 - [TEST_STEP][PASSED] - setText: Text 'MyParagraph' is set on object 'Object Repository/FormTab/fillForm_ParagraphText'

2018-11-21 14:13:50 - [MESSAGE][PASSED] - Text 'MyParagraph' is set on object 'Object Repository/FormTab/fillForm_ParagraphText'

2018-11-21 14:13:50 - [TEST_STEP][PASSED] - Statement - java.lang.Thread.sleep(3000): null

2018-11-21 14:13:53 - [TEST_STEP][PASSED] - setText: Text 'Single Option1' is set on object 'Object Repository/FormTab/fillForm_SelectOneOption'

2018-11-21 14:13:53 - [MESSAGE][PASSED] - Text 'Single Option1' is set on object 'Object Repository/FormTab/fillForm_SelectOneOption'

2018-11-21 14:13:53 - [TEST_STEP][PASSED] - Statement - java.lang.Thread.sleep(3000): null

2018-11-21 14:13:56 - [TEST_STEP][PASSED] - Statement - driver.findElement(org.openqa.selenium.By.xpath("//*[@id='scs-form-level']/div/div/div/div/div/div/div[4]/div/field-template/div/div/div/div/span/span/input")).sendKeys(ENTER): null

2018-11-21 14:13:56 - [TEST_STEP][PASSED] - Statement - java.lang.Thread.sleep(3000): null

2018-11-21 14:13:59 - [TEST_STEP][PASSED] - setText: Text 'Multiple Option1' is set on object 'Object Repository/FormTab/fillForm_SelectMultipleOption'

2018-11-21 14:14:00 - [MESSAGE][PASSED] - Text 'Multiple Option1' is set on object 'Object Repository/FormTab/fillForm_SelectMultipleOption'

2018-11-21 14:14:00 - [TEST_STEP][PASSED] - Statement - java.lang.Thread.sleep(3000): null

2018-11-21 14:14:03 - [TEST_STEP][PASSED] - Statement - driver.findElement(org.openqa.selenium.By.xpath("//*[@id='scs-form-level']/div/div/div/div/div/div/div[5]/div/field-template/div/div/div/div/div/div/input")).sendKeys(ENTER): null

2018-11-21 14:14:03 - [TEST_STEP][PASSED] - Statement - java.lang.Thread.sleep(3000): null

2018-11-21 14:14:06 - [TEST_STEP][PASSED] - click: Object: 'Object Repository/FormTab/fillForm_SelectMultipleOption' is clicked on

2018-11-21 14:14:06 - [MESSAGE][PASSED] - Object: 'Object Repository/FormTab/fillForm_SelectMultipleOption' is clicked on

2018-11-21 14:14:06 - [TEST_STEP][PASSED] - Statement - java.lang.Thread.sleep(4000): null

2018-11-21 14:14:10 - [TEST_STEP][PASSED] - Statement - driver.findElement(org.openqa.selenium.By.xpath("//*[@id='scs-form-level']/div/div/div/div[2]/div/div/div[6]/div/field-template/div/div[2]/div/div/span[1]/span/input[1]")).sendKeys("9"): null

2018-11-21 14:14:10 - [TEST_STEP][PASSED] - setText: Text '10/29/2018' is set on object 'Object Repository/FormTab/fillForm_DateText'

2018-11-21 14:14:10 - [MESSAGE][PASSED] - Text '10/29/2018' is set on object 'Object Repository/FormTab/fillForm_DateText'

2018-11-21 14:14:10 - [TEST_STEP][PASSED] - setText: Text '4:00 PM' is set on object 'Object Repository/FormTab/fillForm_TimeText'

2018-11-21 14:14:11 - [MESSAGE][PASSED] - Text '4:00 PM' is set on object 'Object Repository/FormTab/fillForm_TimeText'

2018-11-21 14:14:11 - [TEST_STEP][PASSED] - setText: Text '10/29/2018 4:00 PM' is set on object 'Object Repository/FormTab/fillForm_DateTimeText'

2018-11-21 14:14:11 - [MESSAGE][PASSED] - Text '10/29/2018 4:00 PM' is set on object 'Object Repository/FormTab/fillForm_DateTimeText'

2018-11-21 14:14:11 - [TEST_STEP][PASSED] - click: Object: 'Object Repository/FormTab/fillForm_SubmitButton' is clicked on

2018-11-21 14:14:11 - [MESSAGE][PASSED] - Object: 'Object Repository/FormTab/fillForm_SubmitButton' is clicked on

2018-11-21 14:14:11 - [TEST_STEP][PASSED] - Statement - java.lang.Thread.sleep(2000): null

2018-11-21 14:14:13 - [TEST_STEP][PASSED] - click: Object: 'Object Repository/FormTab/fillForm_SubmissionOkButton' is clicked on

2018-11-21 14:14:13 - [MESSAGE][PASSED] - Object: 'Object Repository/FormTab/fillForm_SubmissionOkButton' is clicked on

2018-11-21 14:14:13 - [TEST_STEP][PASSED] - Statement - java.lang.Thread.sleep(4000): null]]></system-out>
         <system-err><![CDATA[]]></system-err>
      </testcase>
      <testcase name="Test Cases/Forms/AuditForm/3_VerifyingRecord" classname="Test Cases/Forms/AuditForm/3_VerifyingRecord" status="PASSED">
         <system-out><![CDATA[2018-11-21 14:14:17 - [TEST_CASE][PASSED] - Test Cases/Forms/AuditForm/3_VerifyingRecord: Test Cases/Forms/AuditForm/3_VerifyingRecord

2018-11-21 14:14:17 - [TEST_STEP][NOT_RUN] - openBrowser: NOT_RUN: openBrowser

2018-11-21 14:14:17 - [MESSAGE][NOT_RUN] - NOT_RUN: openBrowser

2018-11-21 14:14:17 - [TEST_STEP][NOT_RUN] - maximizeWindow: NOT_RUN: maximizeWindow

2018-11-21 14:14:17 - [MESSAGE][NOT_RUN] - NOT_RUN: maximizeWindow

2018-11-21 14:14:17 - [TEST_STEP][NOT_RUN] - setText: NOT_RUN: setText

2018-11-21 14:14:17 - [MESSAGE][NOT_RUN] - NOT_RUN: setText

2018-11-21 14:14:17 - [TEST_STEP][NOT_RUN] - setText: NOT_RUN: setText

2018-11-21 14:14:17 - [MESSAGE][NOT_RUN] - NOT_RUN: setText

2018-11-21 14:14:17 - [TEST_STEP][NOT_RUN] - click: NOT_RUN: click

2018-11-21 14:14:17 - [MESSAGE][NOT_RUN] - NOT_RUN: click

2018-11-21 14:14:17 - [TEST_STEP][PASSED] - Statement - java.lang.Thread.sleep(8000): null

2018-11-21 14:14:25 - [TEST_STEP][PASSED] - click: Object: 'Object Repository/Record/record_Tab' is clicked on

2018-11-21 14:14:26 - [MESSAGE][PASSED] - Object: 'Object Repository/Record/record_Tab' is clicked on

2018-11-21 14:14:26 - [TEST_STEP][PASSED] - Statement - java.lang.Thread.sleep(5000): null

2018-11-21 14:14:31 - [TEST_STEP][PASSED] - click: Object: 'Object Repository/FormTab/clickToViewMoreOption' is clicked on

2018-11-21 14:14:31 - [MESSAGE][PASSED] - Object: 'Object Repository/FormTab/clickToViewMoreOption' is clicked on

2018-11-21 14:14:31 - [TEST_STEP][PASSED] - Statement - java.lang.Thread.sleep(4000): null

2018-11-21 14:14:35 - [TEST_STEP][PASSED] - waitForElementNotVisible: Object 'Object Repository/FormTab/select500_Form' is visible after 5 second(s)

2018-11-21 14:14:40 - [MESSAGE][WARNING] - Object 'Object Repository/FormTab/select500_Form' is visible after 5 second(s)

2018-11-21 14:14:40 - [TEST_STEP][PASSED] - click: Object: 'Object Repository/FormTab/select500_Form' is clicked on

2018-11-21 14:14:40 - [MESSAGE][PASSED] - Object: 'Object Repository/FormTab/select500_Form' is clicked on

2018-11-21 14:14:40 - [TEST_STEP][PASSED] - Statement - java.lang.Thread.sleep(7000): null

2018-11-21 14:14:47 - [TEST_STEP][PASSED] - FormName.recordFormName: FormName.recordFormName is PASSED

2018-11-21 14:14:48 - [MESSAGE][PASSED] - FormName.recordFormName is PASSED

2018-11-21 14:14:48 - [TEST_STEP][PASSED] - Statement - java.lang.Thread.sleep(4000): null]]></system-out>
         <system-err><![CDATA[]]></system-err>
      </testcase>
      <system-out><![CDATA[2018-11-21 14:10:31 - [TEST_SUITE][PASSED] - Audit_Form: Test Cases/Forms/AuditForm/3_VerifyingRecord]]></system-out>
      <system-err><![CDATA[]]></system-err>
   </testsuite>
</testsuites>
