<?xml version="1.0" encoding="UTF-8"?>
<testsuites name="Equipment_Resource" time="204" tests="2" failures="0" errors="0">
   <testsuite name="Equipment_Resource" tests="2" failures="0" errors="0" time="204" timestamp="2018-11-30 15:15:41" hostname="pashine_a - Abhishek-Pashine.India.XoriantCorp.com" id="Test Suites/Equipment_Resource">
      <properties>
         <property name="deviceName" value=""/>
         <property name="devicePlatform" value=""/>
         <property name="logFolder" value="D:\\Git Data\\SafetyChain-Test-Automation-Katalon\\Reports\\Equipment_Resource\\20181130_151023"/>
         <property name="logFiles" value="D:\\Git Data\\SafetyChain-Test-Automation-Katalon\\Reports\\Equipment_Resource\\20181130_151023\\execution0.log"/>
         <property name="attachments" value=""/>
         <property name="hostName" value="pashine_a - Abhishek-Pashine.India.XoriantCorp.com"/>
         <property name="os" value="Windows 7 64bit"/>
         <property name="katalonVersion" value="5.9.0.1"/>
         <property name="browser" value="Chrome 70.0.3538.110"/>
         <property name="hostAddress" value="10.21.7.147"/>
         <property name="sessionId" value="5529f7ca232217807c739c752e7eae63"/>
         <property name="seleniumVersion" value="3.7.1"/>
         <property name="proxyInformation" value="ProxyInformation{proxyOption=NO_PROXY, proxyServerType=HTTP, password=, proxyServerAddress=, proxyServerPort=0}"/>
         <property name="platform" value="Windows 7"/>
      </properties>
      <testcase name="Test Cases/CheckResoucesAsPerLocation/checkResource_Equipment" classname="Test Cases/CheckResoucesAsPerLocation/checkResource_Equipment" status="PASSED">
         <system-out><![CDATA[2018-11-30 15:15:41 - [TEST_CASE][PASSED] - Test Cases/CheckResoucesAsPerLocation/checkResource_Equipment: Test Cases/CheckResoucesAsPerLocation/checkResource_Equipment

2018-11-30 15:15:42 - [TEST_STEP][PASSED] - openBrowser(URL): Browser is opened with url: 'https://test2.stage.safetychain.com'

2018-11-30 15:15:42 - [MESSAGE][INFO] - Starting 'Chrome' driver

2018-11-30 15:15:42 - [MESSAGE][INFO] - Action delay is set to 0 seconds

2018-11-30 15:16:02 - [MESSAGE][PASSED] - Browser is opened with url: 'https://test2.stage.safetychain.com'

2018-11-30 15:16:02 - [TEST_STEP][PASSED] - maximizeWindow(): Current window maximized

2018-11-30 15:16:03 - [MESSAGE][PASSED] - Current window maximized

2018-11-30 15:16:03 - [TEST_STEP][PASSED] - setText(findTestObject("TestUserLocation/login_Username"), UserName): Text 'superadmin' is set on object 'Object Repository/TestUserLocation/login_Username'

2018-11-30 15:16:07 - [MESSAGE][PASSED] - Text 'superadmin' is set on object 'Object Repository/TestUserLocation/login_Username'

2018-11-30 15:16:07 - [TEST_STEP][PASSED] - setText(findTestObject("TestUserLocation/login_Password"), Password): Text 'sliptest23772boot' is set on object 'Object Repository/TestUserLocation/login_Password'

2018-11-30 15:16:07 - [MESSAGE][PASSED] - Text 'sliptest23772boot' is set on object 'Object Repository/TestUserLocation/login_Password'

2018-11-30 15:16:07 - [TEST_STEP][PASSED] - AdminTool_Location.setEquipmentName(): AdminTool_Location.setEquipmentName is PASSED

2018-11-30 15:16:08 - [MESSAGE][PASSED] - AdminTool_Location.setEquipmentName is PASSED

2018-11-30 15:16:08 - [TEST_STEP][PASSED] - click(findTestObject("TestUserLocation/login_Button")): Object: 'Object Repository/TestUserLocation/login_Button' is clicked on

2018-11-30 15:16:11 - [MESSAGE][PASSED] - Object: 'Object Repository/TestUserLocation/login_Button' is clicked on

2018-11-30 15:16:11 - [TEST_STEP][PASSED] - Thread.sleep(4000): null

2018-11-30 15:16:15 - [TEST_STEP][PASSED] - click(findTestObject("TestUserLocation/mainmenu_button")): Object: 'Object Repository/TestUserLocation/mainmenu_button' is clicked on

2018-11-30 15:16:17 - [MESSAGE][PASSED] - Object: 'Object Repository/TestUserLocation/mainmenu_button' is clicked on

2018-11-30 15:16:17 - [TEST_STEP][PASSED] - click(findTestObject("TestUserLocation/adminTool")): Object: 'Object Repository/TestUserLocation/adminTool' is clicked on

2018-11-30 15:16:17 - [MESSAGE][PASSED] - Object: 'Object Repository/TestUserLocation/adminTool' is clicked on

2018-11-30 15:16:17 - [TEST_STEP][PASSED] - click(findTestObject("TestUserLocation/mainMenuResourceDesigner")): Object: 'Object Repository/TestUserLocation/mainMenuResourceDesigner' is clicked on

2018-11-30 15:16:17 - [MESSAGE][PASSED] - Object: 'Object Repository/TestUserLocation/mainMenuResourceDesigner' is clicked on

2018-11-30 15:16:17 - [TEST_STEP][PASSED] - Thread.sleep(4000): null

2018-11-30 15:16:21 - [TEST_STEP][PASSED] - click(findTestObject("TestResource/equipment")): Object: 'Object Repository/TestResource/equipment' is clicked on

2018-11-30 15:16:21 - [MESSAGE][PASSED] - Object: 'Object Repository/TestResource/equipment' is clicked on

2018-11-30 15:16:21 - [TEST_STEP][PASSED] - Thread.sleep(4000): null

2018-11-30 15:16:25 - [TEST_STEP][PASSED] - click(findTestObject("TestUserLocation/categories")): Object: 'Object Repository/TestUserLocation/categories' is clicked on

2018-11-30 15:16:25 - [MESSAGE][PASSED] - Object: 'Object Repository/TestUserLocation/categories' is clicked on

2018-11-30 15:16:25 - [TEST_STEP][PASSED] - Thread.sleep(2000): null

2018-11-30 15:16:27 - [TEST_STEP][PASSED] - click(findTestObject("TestUserLocation/defaultArea")): Object: 'Object Repository/TestUserLocation/defaultArea' is clicked on

2018-11-30 15:16:28 - [MESSAGE][PASSED] - Object: 'Object Repository/TestUserLocation/defaultArea' is clicked on

2018-11-30 15:16:28 - [TEST_STEP][PASSED] - Thread.sleep(2000): null

2018-11-30 15:16:30 - [TEST_STEP][PASSED] - click(findTestObject("TestUserLocation/hoverHeading")): Object: 'Object Repository/TestUserLocation/hoverHeading' is clicked on

2018-11-30 15:16:30 - [MESSAGE][PASSED] - Object: 'Object Repository/TestUserLocation/hoverHeading' is clicked on

2018-11-30 15:16:30 - [TEST_STEP][PASSED] - click(findTestObject("TestUserLocation/addPlusIcon")): Object: 'Object Repository/TestUserLocation/addPlusIcon' is clicked on

2018-11-30 15:16:30 - [MESSAGE][PASSED] - Object: 'Object Repository/TestUserLocation/addPlusIcon' is clicked on

2018-11-30 15:16:30 - [TEST_STEP][PASSED] - setText(findTestObject("TestUserLocation/setNewName"), findTestData("LocationData").getValue("EquipmentName", 1)): Text 'EQUIPMENT_ON_30/11/18-15:16' is set on object 'Object Repository/TestUserLocation/setNewName'

2018-11-30 15:16:30 - [MESSAGE][PASSED] - Text 'EQUIPMENT_ON_30/11/18-15:16' is set on object 'Object Repository/TestUserLocation/setNewName'

2018-11-30 15:16:30 - [TEST_STEP][PASSED] - Thread.sleep(2000): null

2018-11-30 15:16:32 - [TEST_STEP][PASSED] - click(findTestObject("TestUserLocation/saveButton")): Object: 'Object Repository/TestUserLocation/saveButton' is clicked on

2018-11-30 15:16:32 - [MESSAGE][PASSED] - Object: 'Object Repository/TestUserLocation/saveButton' is clicked on

2018-11-30 15:16:32 - [TEST_STEP][PASSED] - Thread.sleep(4000): null

2018-11-30 15:16:36 - [TEST_STEP][PASSED] - Thread.sleep(4000): null

2018-11-30 15:16:40 - [TEST_STEP][PASSED] - click(findTestObject("TestUserLocation/mainmenu_button")): Object: 'Object Repository/TestUserLocation/mainmenu_button' is clicked on

2018-11-30 15:16:40 - [MESSAGE][PASSED] - Object: 'Object Repository/TestUserLocation/mainmenu_button' is clicked on

2018-11-30 15:16:40 - [TEST_STEP][PASSED] - click(findTestObject("TestResource/mainMenu_resources")): Object: 'Object Repository/TestResource/mainMenu_resources' is clicked on

2018-11-30 15:16:41 - [MESSAGE][PASSED] - Object: 'Object Repository/TestResource/mainMenu_resources' is clicked on

2018-11-30 15:16:41 - [TEST_STEP][PASSED] - Thread.sleep(4000): null

2018-11-30 15:16:45 - [TEST_STEP][PASSED] - click(findTestObject("TestResource/equipment")): Object: 'Object Repository/TestResource/equipment' is clicked on

2018-11-30 15:16:45 - [MESSAGE][PASSED] - Object: 'Object Repository/TestResource/equipment' is clicked on

2018-11-30 15:16:45 - [TEST_STEP][PASSED] - Thread.sleep(4000): null

2018-11-30 15:16:49 - [TEST_STEP][PASSED] - AdminTool_Location.selectEquipment(): Element has been clicked

2018-11-30 15:16:53 - [MESSAGE][PASSED] - Element has been clicked

2018-11-30 15:16:53 - [TEST_STEP][PASSED] - Thread.sleep(4000): null

2018-11-30 15:16:57 - [TEST_STEP][PASSED] - click(findTestObject("TestUserLocation/addPlusIcon")): Object: 'Object Repository/TestUserLocation/addPlusIcon' is clicked on

2018-11-30 15:16:57 - [MESSAGE][PASSED] - Object: 'Object Repository/TestUserLocation/addPlusIcon' is clicked on

2018-11-30 15:16:57 - [TEST_STEP][PASSED] - Thread.sleep(2000): null

2018-11-30 15:16:59 - [TEST_STEP][PASSED] - setText(findTestObject("TestUserLocation/setNewName"), findTestData("LocationData").getValue("SubEquipmentName1", 1)): Text 'SUBEQUIPMENT1_ON_30/11/18-15:16' is set on object 'Object Repository/TestUserLocation/setNewName'

2018-11-30 15:16:59 - [MESSAGE][PASSED] - Text 'SUBEQUIPMENT1_ON_30/11/18-15:16' is set on object 'Object Repository/TestUserLocation/setNewName'

2018-11-30 15:16:59 - [TEST_STEP][PASSED] - setText(findTestObject("TestResource/setPhoneNumber"), "912378456"): Text '912378456' is set on object 'Object Repository/TestResource/setPhoneNumber'

2018-11-30 15:17:00 - [MESSAGE][PASSED] - Text '912378456' is set on object 'Object Repository/TestResource/setPhoneNumber'

2018-11-30 15:17:00 - [TEST_STEP][PASSED] - Thread.sleep(2000): null

2018-11-30 15:17:02 - [TEST_STEP][PASSED] - click(findTestObject("TestResource/saveDetailButton")): Object: 'Object Repository/TestResource/saveDetailButton' is clicked on

2018-11-30 15:17:02 - [MESSAGE][PASSED] - Object: 'Object Repository/TestResource/saveDetailButton' is clicked on

2018-11-30 15:17:02 - [TEST_STEP][PASSED] - Thread.sleep(7000): null

2018-11-30 15:17:09 - [TEST_STEP][PASSED] - click(findTestObject("TestResource/disableResource")): Object: 'Object Repository/TestResource/disableResource' is clicked on

2018-11-30 15:17:09 - [MESSAGE][PASSED] - Object: 'Object Repository/TestResource/disableResource' is clicked on

2018-11-30 15:17:09 - [TEST_STEP][PASSED] - Thread.sleep(2000): null

2018-11-30 15:17:11 - [TEST_STEP][PASSED] - click(findTestObject("TestResource/button2Yes")): Object: 'Object Repository/TestResource/button2Yes' is clicked on

2018-11-30 15:17:11 - [MESSAGE][PASSED] - Object: 'Object Repository/TestResource/button2Yes' is clicked on

2018-11-30 15:17:11 - [TEST_STEP][PASSED] - Thread.sleep(2000): null

2018-11-30 15:17:13 - [TEST_STEP][PASSED] - click(findTestObject("TestResource/saveDetailButton")): Object: 'Object Repository/TestResource/saveDetailButton' is clicked on

2018-11-30 15:17:13 - [MESSAGE][PASSED] - Object: 'Object Repository/TestResource/saveDetailButton' is clicked on

2018-11-30 15:17:13 - [TEST_STEP][PASSED] - Thread.sleep(7000): null

2018-11-30 15:17:20 - [TEST_STEP][PASSED] - click(findTestObject("TestResource/linksTab")): Object: 'Object Repository/TestResource/linksTab' is clicked on

2018-11-30 15:17:20 - [MESSAGE][PASSED] - Object: 'Object Repository/TestResource/linksTab' is clicked on

2018-11-30 15:17:20 - [TEST_STEP][PASSED] - Thread.sleep(2000): null

2018-11-30 15:17:22 - [TEST_STEP][PASSED] - click(findTestObject("TestResource/addLink")): Object: 'Object Repository/TestResource/addLink' is clicked on

2018-11-30 15:17:22 - [MESSAGE][PASSED] - Object: 'Object Repository/TestResource/addLink' is clicked on

2018-11-30 15:17:22 - [TEST_STEP][PASSED] - Thread.sleep(5000): null

2018-11-30 15:17:27 - [TEST_STEP][PASSED] - check(findTestObject("TestResource/selectSecondResourceToLink")): Object 'Object Repository/TestResource/selectSecondResourceToLink' is checked

2018-11-30 15:17:28 - [MESSAGE][PASSED] - Object 'Object Repository/TestResource/selectSecondResourceToLink' is checked

2018-11-30 15:17:28 - [TEST_STEP][PASSED] - AdminTool_Location.resourceLinkName(): AdminTool_Location.resourceLinkName is PASSED

2018-11-30 15:17:28 - [MESSAGE][PASSED] - AdminTool_Location.resourceLinkName is PASSED

2018-11-30 15:17:28 - [TEST_STEP][PASSED] - Thread.sleep(2000): null

2018-11-30 15:17:30 - [TEST_STEP][PASSED] - click(findTestObject("TestResource/button2Save")): Object: 'Object Repository/TestResource/button2Save' is clicked on

2018-11-30 15:17:30 - [MESSAGE][PASSED] - Object: 'Object Repository/TestResource/button2Save' is clicked on

2018-11-30 15:17:30 - [TEST_STEP][PASSED] - Thread.sleep(4000): null

2018-11-30 15:17:34 - [TEST_STEP][PASSED] - click(findTestObject("TestResource/locationTab")): Object: 'Object Repository/TestResource/locationTab' is clicked on

2018-11-30 15:17:34 - [MESSAGE][PASSED] - Object: 'Object Repository/TestResource/locationTab' is clicked on

2018-11-30 15:17:34 - [TEST_STEP][PASSED] - Thread.sleep(5000): null

2018-11-30 15:17:39 - [TEST_STEP][PASSED] - AdminTool_Location.checkLocation(): AdminTool_Location.checkLocation is PASSED

2018-11-30 15:17:41 - [MESSAGE][PASSED] - AdminTool_Location.checkLocation is PASSED

2018-11-30 15:17:41 - [TEST_STEP][PASSED] - Thread.sleep(4000): null

2018-11-30 15:17:45 - [TEST_STEP][PASSED] - click(findTestObject("TestResource/saveLocation")): Object: 'Object Repository/TestResource/saveLocation' is clicked on

2018-11-30 15:17:45 - [MESSAGE][PASSED] - Object: 'Object Repository/TestResource/saveLocation' is clicked on

2018-11-30 15:17:45 - [TEST_STEP][PASSED] - click(findTestObject("TestUserLocation/mainmenu_button")): Object: 'Object Repository/TestUserLocation/mainmenu_button' is clicked on

2018-11-30 15:17:46 - [MESSAGE][PASSED] - Object: 'Object Repository/TestUserLocation/mainmenu_button' is clicked on

2018-11-30 15:17:46 - [TEST_STEP][PASSED] - click(findTestObject("TestResource/mainMenu_resources")): Object: 'Object Repository/TestResource/mainMenu_resources' is clicked on

2018-11-30 15:17:46 - [MESSAGE][PASSED] - Object: 'Object Repository/TestResource/mainMenu_resources' is clicked on

2018-11-30 15:17:46 - [TEST_STEP][PASSED] - Thread.sleep(4000): null

2018-11-30 15:17:50 - [TEST_STEP][PASSED] - click(findTestObject("TestResource/equipment")): Object: 'Object Repository/TestResource/equipment' is clicked on

2018-11-30 15:17:50 - [MESSAGE][PASSED] - Object: 'Object Repository/TestResource/equipment' is clicked on

2018-11-30 15:17:50 - [TEST_STEP][PASSED] - Thread.sleep(4000): null

2018-11-30 15:17:54 - [TEST_STEP][PASSED] - AdminTool_Location.selectEquipment(): Element has been clicked

2018-11-30 15:17:59 - [MESSAGE][PASSED] - Element has been clicked

2018-11-30 15:17:59 - [TEST_STEP][PASSED] - Thread.sleep(4000): null

2018-11-30 15:18:03 - [TEST_STEP][PASSED] - click(findTestObject("TestUserLocation/addPlusIcon")): Object: 'Object Repository/TestUserLocation/addPlusIcon' is clicked on

2018-11-30 15:18:03 - [MESSAGE][PASSED] - Object: 'Object Repository/TestUserLocation/addPlusIcon' is clicked on

2018-11-30 15:18:03 - [TEST_STEP][PASSED] - Thread.sleep(2000): null

2018-11-30 15:18:05 - [TEST_STEP][PASSED] - setText(findTestObject("TestUserLocation/setNewName"), findTestData("LocationData").getValue("SubEquipmentName2", 1)): Text 'SUBEQUIPMENT2_ON_30/11/18-15:16' is set on object 'Object Repository/TestUserLocation/setNewName'

2018-11-30 15:18:05 - [MESSAGE][PASSED] - Text 'SUBEQUIPMENT2_ON_30/11/18-15:16' is set on object 'Object Repository/TestUserLocation/setNewName'

2018-11-30 15:18:05 - [TEST_STEP][PASSED] - setText(findTestObject("TestResource/setPhoneNumber"), "912378456"): Text '912378456' is set on object 'Object Repository/TestResource/setPhoneNumber'

2018-11-30 15:18:05 - [MESSAGE][PASSED] - Text '912378456' is set on object 'Object Repository/TestResource/setPhoneNumber'

2018-11-30 15:18:05 - [TEST_STEP][PASSED] - Thread.sleep(2000): null

2018-11-30 15:18:07 - [TEST_STEP][PASSED] - click(findTestObject("TestResource/saveDetailButton")): Object: 'Object Repository/TestResource/saveDetailButton' is clicked on

2018-11-30 15:18:08 - [MESSAGE][PASSED] - Object: 'Object Repository/TestResource/saveDetailButton' is clicked on

2018-11-30 15:18:08 - [TEST_STEP][PASSED] - Thread.sleep(7000): null

2018-11-30 15:18:15 - [TEST_STEP][PASSED] - click(findTestObject("TestResource/linksTab")): Object: 'Object Repository/TestResource/linksTab' is clicked on

2018-11-30 15:18:15 - [MESSAGE][PASSED] - Object: 'Object Repository/TestResource/linksTab' is clicked on

2018-11-30 15:18:15 - [TEST_STEP][PASSED] - Thread.sleep(2000): null

2018-11-30 15:18:17 - [TEST_STEP][PASSED] - click(findTestObject("TestResource/addLink")): Object: 'Object Repository/TestResource/addLink' is clicked on

2018-11-30 15:18:17 - [MESSAGE][PASSED] - Object: 'Object Repository/TestResource/addLink' is clicked on

2018-11-30 15:18:17 - [TEST_STEP][PASSED] - Thread.sleep(5000): null

2018-11-30 15:18:22 - [TEST_STEP][PASSED] - check(findTestObject("TestResource/selectSecondResourceToLink")): Object 'Object Repository/TestResource/selectSecondResourceToLink' is checked

2018-11-30 15:18:22 - [MESSAGE][PASSED] - Object 'Object Repository/TestResource/selectSecondResourceToLink' is checked

2018-11-30 15:18:22 - [TEST_STEP][PASSED] - AdminTool_Location.resourceLinkName(): AdminTool_Location.resourceLinkName is PASSED

2018-11-30 15:18:22 - [MESSAGE][PASSED] - AdminTool_Location.resourceLinkName is PASSED

2018-11-30 15:18:22 - [TEST_STEP][PASSED] - Thread.sleep(2000): null

2018-11-30 15:18:24 - [TEST_STEP][PASSED] - click(findTestObject("TestResource/button2Save")): Object: 'Object Repository/TestResource/button2Save' is clicked on

2018-11-30 15:18:24 - [MESSAGE][PASSED] - Object: 'Object Repository/TestResource/button2Save' is clicked on

2018-11-30 15:18:24 - [TEST_STEP][PASSED] - Thread.sleep(4000): null

2018-11-30 15:18:28 - [TEST_STEP][PASSED] - click(findTestObject("TestResource/locationTab")): Object: 'Object Repository/TestResource/locationTab' is clicked on

2018-11-30 15:18:28 - [MESSAGE][PASSED] - Object: 'Object Repository/TestResource/locationTab' is clicked on

2018-11-30 15:18:28 - [TEST_STEP][PASSED] - Thread.sleep(5000): null

2018-11-30 15:18:33 - [TEST_STEP][PASSED] - AdminTool_Location.checkLocation(): AdminTool_Location.checkLocation is PASSED

2018-11-30 15:18:36 - [MESSAGE][PASSED] - AdminTool_Location.checkLocation is PASSED

2018-11-30 15:18:36 - [TEST_STEP][PASSED] - Thread.sleep(4000): null

2018-11-30 15:18:40 - [TEST_STEP][PASSED] - click(findTestObject("TestResource/saveLocation")): Object: 'Object Repository/TestResource/saveLocation' is clicked on

2018-11-30 15:18:40 - [MESSAGE][PASSED] - Object: 'Object Repository/TestResource/saveLocation' is clicked on]]></system-out>
         <system-err><![CDATA[]]></system-err>
      </testcase>
      <testcase name="Test Cases/CheckResoucesAsPerLocation/validateResource" classname="Test Cases/CheckResoucesAsPerLocation/validateResource" status="PASSED">
         <system-out><![CDATA[2018-11-30 15:18:40 - [TEST_CASE][PASSED] - Test Cases/CheckResoucesAsPerLocation/validateResource: Test Cases/CheckResoucesAsPerLocation/validateResource

2018-11-30 15:18:40 - [TEST_STEP][NOT_RUN] - openBrowser(URL): NOT_RUN: openBrowser(URL)

2018-11-30 15:18:40 - [MESSAGE][NOT_RUN] - NOT_RUN: openBrowser(URL)

2018-11-30 15:18:40 - [TEST_STEP][NOT_RUN] - maximizeWindow(): NOT_RUN: maximizeWindow()

2018-11-30 15:18:40 - [MESSAGE][NOT_RUN] - NOT_RUN: maximizeWindow()

2018-11-30 15:18:40 - [TEST_STEP][NOT_RUN] - setText(findTestObject("Form_Selection_Creation/login_Username"), UserName): NOT_RUN: setText(findTestObject("Form_Selection_Creation/login_Username"), UserName)

2018-11-30 15:18:40 - [MESSAGE][NOT_RUN] - NOT_RUN: setText(findTestObject("Form_Selection_Creation/login_Username"), UserName)

2018-11-30 15:18:40 - [TEST_STEP][NOT_RUN] - setText(findTestObject("Form_Selection_Creation/login_Password"), Password): NOT_RUN: setText(findTestObject("Form_Selection_Creation/login_Password"), Password)

2018-11-30 15:18:40 - [MESSAGE][NOT_RUN] - NOT_RUN: setText(findTestObject("Form_Selection_Creation/login_Password"), Password)

2018-11-30 15:18:40 - [TEST_STEP][PASSED] - Thread.sleep(4000): null

2018-11-30 15:18:44 - [TEST_STEP][PASSED] - FormName.setData(): FormName.setData is PASSED

2018-11-30 15:18:44 - [MESSAGE][PASSED] - FormName.setData is PASSED

2018-11-30 15:18:44 - [TEST_STEP][NOT_RUN] - click(findTestObject("Form_Selection_Creation/login_Button")): NOT_RUN: click(findTestObject("Form_Selection_Creation/login_Button"))

2018-11-30 15:18:44 - [MESSAGE][NOT_RUN] - NOT_RUN: click(findTestObject("Form_Selection_Creation/login_Button"))

2018-11-30 15:18:44 - [TEST_STEP][PASSED] - click(findTestObject("Form_Selection_Creation/mainMenu_Button")): Object: 'Object Repository/Form_Selection_Creation/mainMenu_Button' is clicked on

2018-11-30 15:18:44 - [MESSAGE][PASSED] - Object: 'Object Repository/Form_Selection_Creation/mainMenu_Button' is clicked on

2018-11-30 15:18:44 - [TEST_STEP][NOT_RUN] - click(findTestObject("Form_Selection_Creation/mainMenu_AdminTools")): NOT_RUN: click(findTestObject("Form_Selection_Creation/mainMenu_AdminTools"))

2018-11-30 15:18:44 - [MESSAGE][NOT_RUN] - NOT_RUN: click(findTestObject("Form_Selection_Creation/mainMenu_AdminTools"))

2018-11-30 15:18:44 - [TEST_STEP][PASSED] - click(findTestObject("Form_Selection_Creation/mainMenu_AdminTools_FormDesigner")): Object: 'Object Repository/Form_Selection_Creation/mainMenu_AdminTools_FormDesigner' is clicked on

2018-11-30 15:18:44 - [MESSAGE][PASSED] - Object: 'Object Repository/Form_Selection_Creation/mainMenu_AdminTools_FormDesigner' is clicked on

2018-11-30 15:18:44 - [TEST_STEP][PASSED] - click(findTestObject("Form_Selection_Creation/selectCheckForm")): Object: 'Object Repository/Form_Selection_Creation/selectCheckForm' is clicked on

2018-11-30 15:18:44 - [MESSAGE][PASSED] - Object: 'Object Repository/Form_Selection_Creation/selectCheckForm' is clicked on

2018-11-30 15:18:44 - [TEST_STEP][PASSED] - Thread.sleep(5000): null

2018-11-30 15:18:49 - [TEST_STEP][PASSED] - AdminTool_Location.selectResType(): AdminTool_Location.selectResType is PASSED

2018-11-30 15:18:58 - [MESSAGE][PASSED] - AdminTool_Location.selectResType is PASSED

2018-11-30 15:18:58 - [TEST_STEP][PASSED] - AdminTool_Location.dragDropRes(): Element has been clicked

2018-11-30 15:19:02 - [MESSAGE][PASSED] - Element has been clicked

2018-11-30 15:19:02 - [TEST_STEP][PASSED] - Thread.sleep(3000): null

2018-11-30 15:19:05 - [TEST_STEP][NOT_RUN] - dragAndDropToObject(findTestObject("validateResources"), findTestObject("Form_Selection_Creation/Target_Res_Object")): NOT_RUN: dragAndDropToObject(findTestObject("validateResources"), findTestObject("Form_Selection_Creation/Target_Res_Object"))

2018-11-30 15:19:05 - [MESSAGE][NOT_RUN] - NOT_RUN: dragAndDropToObject(findTestObject("validateResources"), findTestObject("Form_Selection_Creation/Target_Res_Object"))

2018-11-30 15:19:05 - [TEST_STEP][PASSED] - AdminTool_Location.validate(): AdminTool_Location.validate is PASSED

2018-11-30 15:19:05 - [MESSAGE][PASSED] - AdminTool_Location.validate is PASSED

2018-11-30 15:19:05 - [TEST_STEP][PASSED] - s = getText(findTestObject("Text")): Text of object 'Object Repository/Text' is: 'Equipment > EQUIPMENT_ON_30/11/18-15:16 > SUBEQUIPMENT2_ON_30/11/18-15:16'

2018-11-30 15:19:05 - [MESSAGE][PASSED] - Text of object 'Object Repository/Text' is: 'Equipment > EQUIPMENT_ON_30/11/18-15:16 > SUBEQUIPMENT2_ON_30/11/18-15:16'

2018-11-30 15:19:05 - [TEST_STEP][PASSED] - println(s): null]]></system-out>
         <system-err><![CDATA[]]></system-err>
      </testcase>
      <system-out><![CDATA[2018-11-30 15:15:41 - [TEST_SUITE][PASSED] - Equipment_Resource: Test Cases/CheckResoucesAsPerLocation/validateResource]]></system-out>
      <system-err><![CDATA[]]></system-err>
   </testsuite>
</testsuites>
