<?xml version="1.0" encoding="UTF-8"?>
<testsuites name="Data Security" time="874" tests="9" failures="0" errors="0">
   <testsuite name="Data Security" tests="9" failures="0" errors="0" time="874" timestamp="2019-01-24 13:30:24" hostname="pashine_a - Abhishek-Pashine.India.XoriantCorp.com" id="Test Suites/Data Security">
      <properties>
         <property name="deviceName" value=""/>
         <property name="devicePlatform" value=""/>
         <property name="logFolder" value="D:\\Git Data\\SafetyChain-Test-Automation-Katalon\\Reports\\Data Security\\20190124_133018"/>
         <property name="logFiles" value="D:\\Git Data\\SafetyChain-Test-Automation-Katalon\\Reports\\Data Security\\20190124_133018\\execution0.log"/>
         <property name="attachments" value=""/>
         <property name="hostName" value="pashine_a - Abhishek-Pashine.India.XoriantCorp.com"/>
         <property name="os" value="Windows 7 64bit"/>
         <property name="katalonVersion" value="5.10.1.1"/>
         <property name="browser" value="Chrome 71.0.3578.98"/>
         <property name="hostAddress" value="10.21.7.147"/>
         <property name="sessionId" value="2b970b48b9482e7bb50fe78e633d586c"/>
         <property name="seleniumVersion" value="3.7.1"/>
         <property name="proxyInformation" value="ProxyInformation{proxyOption=NO_PROXY, proxyServerType=HTTP, password=, proxyServerAddress=, proxyServerPort=0}"/>
         <property name="platform" value="Windows 7"/>
      </properties>
      <testcase name="Test Cases/Data-Security/Create_Location" classname="Test Cases/Data-Security/Create_Location" status="PASSED">
         <system-out><![CDATA[2019-01-24 13:30:24 - [TEST_CASE][PASSED] - Test Cases/Data-Security/Create_Location: Test Cases/Data-Security/Create_Location

2019-01-24 13:30:25 - [TEST_STEP][PASSED] - openBrowser(URL): Browser is opened with url: 'https://test1.safetychain.com'

2019-01-24 13:30:25 - [MESSAGE][INFO] - Starting 'Chrome' driver

2019-01-24 13:30:25 - [MESSAGE][INFO] - Action delay is set to 0 seconds

2019-01-24 13:30:45 - [MESSAGE][PASSED] - Browser is opened with url: 'https://test1.safetychain.com'

2019-01-24 13:30:45 - [TEST_STEP][PASSED] - maximizeWindow(): Current window maximized

2019-01-24 13:30:46 - [MESSAGE][PASSED] - Current window maximized

2019-01-24 13:30:46 - [TEST_STEP][PASSED] - setText(findTestObject("TestUserLocation/login_Username"), UserName): Text 'Superadmin' is set on object 'Object Repository/TestUserLocation/login_Username'

2019-01-24 13:30:49 - [MESSAGE][PASSED] - Text 'Superadmin' is set on object 'Object Repository/TestUserLocation/login_Username'

2019-01-24 13:30:49 - [TEST_STEP][PASSED] - setText(findTestObject("TestUserLocation/login_Password"), Password): Text 'latetest13772boot' is set on object 'Object Repository/TestUserLocation/login_Password'

2019-01-24 13:30:49 - [MESSAGE][PASSED] - Text 'latetest13772boot' is set on object 'Object Repository/TestUserLocation/login_Password'

2019-01-24 13:30:49 - [TEST_STEP][PASSED] - AdminTool_Location.setLocationName(): AdminTool_Location.setLocationName is PASSED

2019-01-24 13:30:55 - [MESSAGE][PASSED] - AdminTool_Location.setLocationName is PASSED

2019-01-24 13:30:55 - [TEST_STEP][PASSED] - click(findTestObject("TestUserLocation/login_Button")): Object: 'Object Repository/TestUserLocation/login_Button' is clicked on

2019-01-24 13:30:57 - [MESSAGE][PASSED] - Object: 'Object Repository/TestUserLocation/login_Button' is clicked on

2019-01-24 13:30:57 - [TEST_STEP][PASSED] - Thread.sleep(4000): null

2019-01-24 13:31:01 - [TEST_STEP][PASSED] - AdminTool_Location.setLocationNameInLocation(): AdminTool_Location.setLocationNameInLocation is PASSED

2019-01-24 13:31:05 - [MESSAGE][PASSED] - AdminTool_Location.setLocationNameInLocation is PASSED

2019-01-24 13:31:05 - [TEST_STEP][PASSED] - click(findTestObject("TestUserLocation/mainmenu_button")): Object: 'Object Repository/TestUserLocation/mainmenu_button' is clicked on

2019-01-24 13:31:05 - [MESSAGE][PASSED] - Object: 'Object Repository/TestUserLocation/mainmenu_button' is clicked on

2019-01-24 13:31:05 - [TEST_STEP][PASSED] - Thread.sleep(2000): null

2019-01-24 13:31:07 - [TEST_STEP][PASSED] - click(findTestObject("TestUserLocation/adminTool")): Object: 'Object Repository/TestUserLocation/adminTool' is clicked on

2019-01-24 13:31:07 - [MESSAGE][PASSED] - Object: 'Object Repository/TestUserLocation/adminTool' is clicked on

2019-01-24 13:31:07 - [TEST_STEP][PASSED] - Thread.sleep(2000): null

2019-01-24 13:31:09 - [TEST_STEP][PASSED] - click(findTestObject("TestUserLocation/mainMenuResourceDesigner")): Object: 'Object Repository/TestUserLocation/mainMenuResourceDesigner' is clicked on

2019-01-24 13:31:09 - [MESSAGE][PASSED] - Object: 'Object Repository/TestUserLocation/mainMenuResourceDesigner' is clicked on

2019-01-24 13:31:09 - [TEST_STEP][PASSED] - Thread.sleep(4000): null

2019-01-24 13:31:13 - [TEST_STEP][PASSED] - click(findTestObject("TestUserLocation/locations")): Object: 'Object Repository/TestUserLocation/locations' is clicked on

2019-01-24 13:31:13 - [MESSAGE][PASSED] - Object: 'Object Repository/TestUserLocation/locations' is clicked on

2019-01-24 13:31:13 - [TEST_STEP][PASSED] - Thread.sleep(4000): null

2019-01-24 13:31:17 - [TEST_STEP][NOT_RUN] - refresh(): NOT_RUN: refresh()

2019-01-24 13:31:17 - [MESSAGE][NOT_RUN] - NOT_RUN: refresh()

2019-01-24 13:31:17 - [TEST_STEP][NOT_RUN] - Thread.sleep(4000): NOT_RUN: Thread.sleep(4000)

2019-01-24 13:31:17 - [MESSAGE][NOT_RUN] - NOT_RUN: Thread.sleep(4000)

2019-01-24 13:31:17 - [TEST_STEP][PASSED] - click(findTestObject("TestUserLocation/categories")): Object: 'Object Repository/TestUserLocation/categories' is clicked on

2019-01-24 13:31:17 - [MESSAGE][PASSED] - Object: 'Object Repository/TestUserLocation/categories' is clicked on

2019-01-24 13:31:17 - [TEST_STEP][PASSED] - Thread.sleep(2000): null

2019-01-24 13:31:19 - [TEST_STEP][PASSED] - click(findTestObject("TestUserLocation/defaultArea")): Object: 'Object Repository/TestUserLocation/defaultArea' is clicked on

2019-01-24 13:31:20 - [MESSAGE][PASSED] - Object: 'Object Repository/TestUserLocation/defaultArea' is clicked on

2019-01-24 13:31:20 - [TEST_STEP][PASSED] - click(findTestObject("TestUserLocation/hoverHeading")): Object: 'Object Repository/TestUserLocation/hoverHeading' is clicked on

2019-01-24 13:31:20 - [MESSAGE][PASSED] - Object: 'Object Repository/TestUserLocation/hoverHeading' is clicked on

2019-01-24 13:31:20 - [TEST_STEP][PASSED] - click(findTestObject("TestUserLocation/addPlusIcon")): Object: 'Object Repository/TestUserLocation/addPlusIcon' is clicked on

2019-01-24 13:31:20 - [MESSAGE][PASSED] - Object: 'Object Repository/TestUserLocation/addPlusIcon' is clicked on

2019-01-24 13:31:20 - [TEST_STEP][PASSED] - setText(findTestObject("TestUserLocation/setNewName"), findTestData("LocationData").getValue("LocationName", 1)): Text 'Location_24/01/19-13:30' is set on object 'Object Repository/TestUserLocation/setNewName'

2019-01-24 13:31:20 - [MESSAGE][PASSED] - Text 'Location_24/01/19-13:30' is set on object 'Object Repository/TestUserLocation/setNewName'

2019-01-24 13:31:20 - [TEST_STEP][PASSED] - Thread.sleep(2000): null

2019-01-24 13:31:22 - [TEST_STEP][PASSED] - click(findTestObject("TestUserLocation/saveButton")): Object: 'Object Repository/TestUserLocation/saveButton' is clicked on

2019-01-24 13:31:22 - [MESSAGE][PASSED] - Object: 'Object Repository/TestUserLocation/saveButton' is clicked on

2019-01-24 13:31:22 - [TEST_STEP][PASSED] - Thread.sleep(4000): null

2019-01-24 13:31:26 - [TEST_STEP][PASSED] - AdminTool_Location.moveCursor(): AdminTool_Location.moveCursor is PASSED

2019-01-24 13:31:27 - [MESSAGE][PASSED] - AdminTool_Location.moveCursor is PASSED

2019-01-24 13:31:27 - [TEST_STEP][PASSED] - Thread.sleep(2000): null

2019-01-24 13:31:29 - [TEST_STEP][PASSED] - click(findTestObject("TestUserLocation/mainmenu_button")): Object: 'Object Repository/TestUserLocation/mainmenu_button' is clicked on

2019-01-24 13:31:29 - [MESSAGE][PASSED] - Object: 'Object Repository/TestUserLocation/mainmenu_button' is clicked on

2019-01-24 13:31:29 - [TEST_STEP][PASSED] - click(findTestObject("TestUserLocation/mainMenuLocation")): Object: 'Object Repository/TestUserLocation/mainMenuLocation' is clicked on

2019-01-24 13:31:29 - [MESSAGE][PASSED] - Object: 'Object Repository/TestUserLocation/mainMenuLocation' is clicked on

2019-01-24 13:31:29 - [TEST_STEP][PASSED] - Thread.sleep(4000): null

2019-01-24 13:31:33 - [TEST_STEP][PASSED] - AdminTool_Location.selectLocation(): Element has been clicked

2019-01-24 13:31:37 - [MESSAGE][PASSED] - Element has been clicked

2019-01-24 13:31:37 - [TEST_STEP][PASSED] - click(findTestObject("TestUserLocation/addPlusIcon")): Object: 'Object Repository/TestUserLocation/addPlusIcon' is clicked on

2019-01-24 13:31:37 - [MESSAGE][PASSED] - Object: 'Object Repository/TestUserLocation/addPlusIcon' is clicked on

2019-01-24 13:31:37 - [TEST_STEP][PASSED] - Thread.sleep(2000): null

2019-01-24 13:31:39 - [TEST_STEP][PASSED] - setText(findTestObject("TestUserLocation/setNewName"), findTestData("LocationData").getValue("SubLocationName", 1)): Text 'SubLocation1_24/01/19-13:31' is set on object 'Object Repository/TestUserLocation/setNewName'

2019-01-24 13:31:40 - [MESSAGE][PASSED] - Text 'SubLocation1_24/01/19-13:31' is set on object 'Object Repository/TestUserLocation/setNewName'

2019-01-24 13:31:40 - [TEST_STEP][PASSED] - Thread.sleep(2000): null

2019-01-24 13:31:42 - [TEST_STEP][PASSED] - click(findTestObject("TestUserLocation/saveLocationDetailButton")): Object: 'Object Repository/TestUserLocation/saveLocationDetailButton' is clicked on

2019-01-24 13:31:42 - [MESSAGE][PASSED] - Object: 'Object Repository/TestUserLocation/saveLocationDetailButton' is clicked on

2019-01-24 13:31:42 - [TEST_STEP][PASSED] - Thread.sleep(4000): null

2019-01-24 13:31:46 - [TEST_STEP][PASSED] - AdminTool_Location.selectLocation2(): Element has been clicked

2019-01-24 13:31:46 - [MESSAGE][PASSED] - Element has been clicked

2019-01-24 13:31:46 - [TEST_STEP][PASSED] - click(findTestObject("TestUserLocation/addPlusIcon")): Object: 'Object Repository/TestUserLocation/addPlusIcon' is clicked on

2019-01-24 13:31:46 - [MESSAGE][PASSED] - Object: 'Object Repository/TestUserLocation/addPlusIcon' is clicked on

2019-01-24 13:31:46 - [TEST_STEP][PASSED] - Thread.sleep(2000): null

2019-01-24 13:31:48 - [TEST_STEP][PASSED] - setText(findTestObject("TestUserLocation/setNewName"), findTestData("LocationData").getValue("SubLocationName", 2)): Text 'SubLocation2_24/01/19-13:31' is set on object 'Object Repository/TestUserLocation/setNewName'

2019-01-24 13:31:49 - [MESSAGE][PASSED] - Text 'SubLocation2_24/01/19-13:31' is set on object 'Object Repository/TestUserLocation/setNewName'

2019-01-24 13:31:49 - [TEST_STEP][PASSED] - Thread.sleep(2000): null

2019-01-24 13:31:51 - [TEST_STEP][PASSED] - click(findTestObject("TestUserLocation/saveLocationDetailButton")): Object: 'Object Repository/TestUserLocation/saveLocationDetailButton' is clicked on

2019-01-24 13:31:51 - [MESSAGE][PASSED] - Object: 'Object Repository/TestUserLocation/saveLocationDetailButton' is clicked on

2019-01-24 13:31:51 - [TEST_STEP][NOT_RUN] - click(findTestObject("TestUserLocation/customerSelect")): NOT_RUN: click(findTestObject("TestUserLocation/customerSelect"))

2019-01-24 13:31:51 - [MESSAGE][NOT_RUN] - NOT_RUN: click(findTestObject("TestUserLocation/customerSelect"))

2019-01-24 13:31:51 - [TEST_STEP][NOT_RUN] - Thread.sleep(4000): NOT_RUN: Thread.sleep(4000)

2019-01-24 13:31:51 - [MESSAGE][NOT_RUN] - NOT_RUN: Thread.sleep(4000)

2019-01-24 13:31:51 - [TEST_STEP][NOT_RUN] - check(findTestObject("TestUserLocation/select4ResouceInCustomer")): NOT_RUN: check(findTestObject("TestUserLocation/select4ResouceInCustomer"))

2019-01-24 13:31:51 - [MESSAGE][NOT_RUN] - NOT_RUN: check(findTestObject("TestUserLocation/select4ResouceInCustomer"))

2019-01-24 13:31:51 - [TEST_STEP][NOT_RUN] - Thread.sleep(2000): NOT_RUN: Thread.sleep(2000)

2019-01-24 13:31:51 - [MESSAGE][NOT_RUN] - NOT_RUN: Thread.sleep(2000)

2019-01-24 13:31:51 - [TEST_STEP][NOT_RUN] - click(findTestObject("TestUserLocation/saveLocationDetailButton")): NOT_RUN: click(findTestObject("TestUserLocation/saveLocationDetailButton"))

2019-01-24 13:31:51 - [MESSAGE][NOT_RUN] - NOT_RUN: click(findTestObject("TestUserLocation/saveLocationDetailButton"))]]></system-out>
         <system-err><![CDATA[]]></system-err>
      </testcase>
      <testcase name="Test Cases/Data-Security/CreateRes_Customer" classname="Test Cases/Data-Security/CreateRes_Customer" status="PASSED">
         <system-out><![CDATA[2019-01-24 13:31:51 - [TEST_CASE][PASSED] - Test Cases/Data-Security/CreateRes_Customer: Test Cases/Data-Security/CreateRes_Customer

2019-01-24 13:31:51 - [TEST_STEP][NOT_RUN] - openBrowser(URL): NOT_RUN: openBrowser(URL)

2019-01-24 13:31:51 - [MESSAGE][NOT_RUN] - NOT_RUN: openBrowser(URL)

2019-01-24 13:31:51 - [TEST_STEP][NOT_RUN] - maximizeWindow(): NOT_RUN: maximizeWindow()

2019-01-24 13:31:51 - [MESSAGE][NOT_RUN] - NOT_RUN: maximizeWindow()

2019-01-24 13:31:51 - [TEST_STEP][NOT_RUN] - setText(findTestObject("TestUserLocation/login_Username"), UserName): NOT_RUN: setText(findTestObject("TestUserLocation/login_Username"), UserName)

2019-01-24 13:31:51 - [MESSAGE][NOT_RUN] - NOT_RUN: setText(findTestObject("TestUserLocation/login_Username"), UserName)

2019-01-24 13:31:51 - [TEST_STEP][NOT_RUN] - setText(findTestObject("TestUserLocation/login_Password"), Password): NOT_RUN: setText(findTestObject("TestUserLocation/login_Password"), Password)

2019-01-24 13:31:51 - [MESSAGE][NOT_RUN] - NOT_RUN: setText(findTestObject("TestUserLocation/login_Password"), Password)

2019-01-24 13:31:51 - [TEST_STEP][PASSED] - AdminTool_Location.setCustomerName(): AdminTool_Location.setCustomerName is PASSED

2019-01-24 13:31:51 - [MESSAGE][PASSED] - AdminTool_Location.setCustomerName is PASSED

2019-01-24 13:31:51 - [TEST_STEP][NOT_RUN] - click(findTestObject("TestUserLocation/login_Button")): NOT_RUN: click(findTestObject("TestUserLocation/login_Button"))

2019-01-24 13:31:51 - [MESSAGE][NOT_RUN] - NOT_RUN: click(findTestObject("TestUserLocation/login_Button"))

2019-01-24 13:31:51 - [TEST_STEP][PASSED] - Thread.sleep(4000): null

2019-01-24 13:31:55 - [TEST_STEP][PASSED] - click(findTestObject("TestUserLocation/mainmenu_button")): Object: 'Object Repository/TestUserLocation/mainmenu_button' is clicked on

2019-01-24 13:31:55 - [MESSAGE][PASSED] - Object: 'Object Repository/TestUserLocation/mainmenu_button' is clicked on

2019-01-24 13:31:55 - [TEST_STEP][NOT_RUN] - click(findTestObject("TestUserLocation/adminTool")): NOT_RUN: click(findTestObject("TestUserLocation/adminTool"))

2019-01-24 13:31:55 - [MESSAGE][NOT_RUN] - NOT_RUN: click(findTestObject("TestUserLocation/adminTool"))

2019-01-24 13:31:55 - [TEST_STEP][PASSED] - click(findTestObject("TestUserLocation/mainMenuResourceDesigner")): Object: 'Object Repository/TestUserLocation/mainMenuResourceDesigner' is clicked on

2019-01-24 13:31:55 - [MESSAGE][PASSED] - Object: 'Object Repository/TestUserLocation/mainMenuResourceDesigner' is clicked on

2019-01-24 13:31:55 - [TEST_STEP][PASSED] - Thread.sleep(4000): null

2019-01-24 13:31:59 - [TEST_STEP][PASSED] - click(findTestObject("TestResource/customers")): Object: 'Object Repository/TestResource/customers' is clicked on

2019-01-24 13:32:00 - [MESSAGE][PASSED] - Object: 'Object Repository/TestResource/customers' is clicked on

2019-01-24 13:32:00 - [TEST_STEP][PASSED] - Thread.sleep(4000): null

2019-01-24 13:32:04 - [TEST_STEP][PASSED] - waitForElementClickable(findTestObject("TestUserLocation/categories"), 45): Object 'Object Repository/TestUserLocation/categories' is clickable

2019-01-24 13:32:04 - [MESSAGE][PASSED] - Object 'Object Repository/TestUserLocation/categories' is clickable

2019-01-24 13:32:04 - [TEST_STEP][PASSED] - click(findTestObject("TestUserLocation/categories")): Object: 'Object Repository/TestUserLocation/categories' is clicked on

2019-01-24 13:32:04 - [MESSAGE][PASSED] - Object: 'Object Repository/TestUserLocation/categories' is clicked on

2019-01-24 13:32:04 - [TEST_STEP][PASSED] - Thread.sleep(2000): null

2019-01-24 13:32:06 - [TEST_STEP][PASSED] - click(findTestObject("TestUserLocation/defaultArea")): Object: 'Object Repository/TestUserLocation/defaultArea' is clicked on

2019-01-24 13:32:06 - [MESSAGE][PASSED] - Object: 'Object Repository/TestUserLocation/defaultArea' is clicked on

2019-01-24 13:32:06 - [TEST_STEP][PASSED] - Thread.sleep(2000): null

2019-01-24 13:32:08 - [TEST_STEP][PASSED] - waitForElementClickable(findTestObject("TestUserLocation/hoverHeading"), 45): Object 'Object Repository/TestUserLocation/hoverHeading' is clickable

2019-01-24 13:32:08 - [MESSAGE][PASSED] - Object 'Object Repository/TestUserLocation/hoverHeading' is clickable

2019-01-24 13:32:08 - [TEST_STEP][PASSED] - click(findTestObject("TestUserLocation/hoverHeading")): Object: 'Object Repository/TestUserLocation/hoverHeading' is clicked on

2019-01-24 13:32:08 - [MESSAGE][PASSED] - Object: 'Object Repository/TestUserLocation/hoverHeading' is clicked on

2019-01-24 13:32:08 - [TEST_STEP][PASSED] - click(findTestObject("TestUserLocation/addPlusIcon")): Object: 'Object Repository/TestUserLocation/addPlusIcon' is clicked on

2019-01-24 13:32:08 - [MESSAGE][PASSED] - Object: 'Object Repository/TestUserLocation/addPlusIcon' is clicked on

2019-01-24 13:32:08 - [TEST_STEP][PASSED] - setText(findTestObject("TestUserLocation/setNewName"), findTestData("LocationData").getValue("CustomerName", 1)): Text 'Customer_24/01/19-13:31' is set on object 'Object Repository/TestUserLocation/setNewName'

2019-01-24 13:32:08 - [MESSAGE][PASSED] - Text 'Customer_24/01/19-13:31' is set on object 'Object Repository/TestUserLocation/setNewName'

2019-01-24 13:32:08 - [TEST_STEP][PASSED] - Thread.sleep(2000): null

2019-01-24 13:32:10 - [TEST_STEP][PASSED] - click(findTestObject("TestUserLocation/saveButton")): Object: 'Object Repository/TestUserLocation/saveButton' is clicked on

2019-01-24 13:32:11 - [MESSAGE][PASSED] - Object: 'Object Repository/TestUserLocation/saveButton' is clicked on

2019-01-24 13:32:11 - [TEST_STEP][PASSED] - Thread.sleep(4000): null

2019-01-24 13:32:15 - [TEST_STEP][PASSED] - click(findTestObject("TestUserLocation/mainmenu_button")): Object: 'Object Repository/TestUserLocation/mainmenu_button' is clicked on

2019-01-24 13:32:15 - [MESSAGE][PASSED] - Object: 'Object Repository/TestUserLocation/mainmenu_button' is clicked on

2019-01-24 13:32:15 - [TEST_STEP][PASSED] - Thread.sleep(2000): null

2019-01-24 13:32:17 - [TEST_STEP][PASSED] - click(findTestObject("TestResource/mainMenu_resources")): Object: 'Object Repository/TestResource/mainMenu_resources' is clicked on

2019-01-24 13:32:17 - [MESSAGE][PASSED] - Object: 'Object Repository/TestResource/mainMenu_resources' is clicked on

2019-01-24 13:32:17 - [TEST_STEP][PASSED] - Thread.sleep(4000): null

2019-01-24 13:32:21 - [TEST_STEP][PASSED] - click(findTestObject("TestResource/customers")): Object: 'Object Repository/TestResource/customers' is clicked on

2019-01-24 13:32:21 - [MESSAGE][PASSED] - Object: 'Object Repository/TestResource/customers' is clicked on

2019-01-24 13:32:21 - [TEST_STEP][PASSED] - Thread.sleep(4000): null

2019-01-24 13:32:25 - [TEST_STEP][PASSED] - AdminTool_Location.selectCustomer(): Element has been clicked

2019-01-24 13:32:29 - [MESSAGE][PASSED] - Element has been clicked

2019-01-24 13:32:29 - [TEST_STEP][PASSED] - Thread.sleep(4000): null

2019-01-24 13:32:33 - [TEST_STEP][PASSED] - waitForElementClickable(findTestObject("TestUserLocation/addPlusIcon"), 45): Object 'Object Repository/TestUserLocation/addPlusIcon' is clickable

2019-01-24 13:32:33 - [MESSAGE][PASSED] - Object 'Object Repository/TestUserLocation/addPlusIcon' is clickable

2019-01-24 13:32:33 - [TEST_STEP][PASSED] - click(findTestObject("TestUserLocation/addPlusIcon")): Object: 'Object Repository/TestUserLocation/addPlusIcon' is clicked on

2019-01-24 13:32:33 - [MESSAGE][PASSED] - Object: 'Object Repository/TestUserLocation/addPlusIcon' is clicked on

2019-01-24 13:32:33 - [TEST_STEP][PASSED] - Thread.sleep(2000): null

2019-01-24 13:32:35 - [TEST_STEP][PASSED] - setText(findTestObject("TestUserLocation/setNewName"), findTestData("LocationData").getValue("SubCustomerName1", 1)): Text 'SubCustomer1_24/01/19-13:31' is set on object 'Object Repository/TestUserLocation/setNewName'

2019-01-24 13:32:36 - [MESSAGE][PASSED] - Text 'SubCustomer1_24/01/19-13:31' is set on object 'Object Repository/TestUserLocation/setNewName'

2019-01-24 13:32:36 - [TEST_STEP][PASSED] - Thread.sleep(2000): null

2019-01-24 13:32:38 - [TEST_STEP][PASSED] - Submission.createResource(): Submission.createResource is PASSED

2019-01-24 13:32:42 - [MESSAGE][PASSED] - Submission.createResource is PASSED

2019-01-24 13:32:42 - [TEST_STEP][PASSED] - Thread.sleep(2000): null

2019-01-24 13:32:44 - [TEST_STEP][PASSED] - click(findTestObject("TestResource/saveDetailButton")): Object: 'Object Repository/TestResource/saveDetailButton' is clicked on

2019-01-24 13:32:44 - [MESSAGE][PASSED] - Object: 'Object Repository/TestResource/saveDetailButton' is clicked on

2019-01-24 13:32:44 - [TEST_STEP][PASSED] - AdminTool_Location.moveCursor(): AdminTool_Location.moveCursor is PASSED

2019-01-24 13:32:44 - [MESSAGE][PASSED] - AdminTool_Location.moveCursor is PASSED

2019-01-24 13:32:44 - [TEST_STEP][PASSED] - Thread.sleep(7000): null

2019-01-24 13:32:51 - [TEST_STEP][PASSED] - click(findTestObject("TestResource/disableResource")): Object: 'Object Repository/TestResource/disableResource' is clicked on

2019-01-24 13:32:51 - [MESSAGE][PASSED] - Object: 'Object Repository/TestResource/disableResource' is clicked on

2019-01-24 13:32:51 - [TEST_STEP][PASSED] - Thread.sleep(2000): null

2019-01-24 13:32:53 - [TEST_STEP][PASSED] - click(findTestObject("TestResource/button2Yes")): Object: 'Object Repository/TestResource/button2Yes' is clicked on

2019-01-24 13:32:54 - [MESSAGE][PASSED] - Object: 'Object Repository/TestResource/button2Yes' is clicked on

2019-01-24 13:32:54 - [TEST_STEP][PASSED] - Thread.sleep(2000): null

2019-01-24 13:32:56 - [TEST_STEP][PASSED] - click(findTestObject("TestResource/saveDetailButton")): Object: 'Object Repository/TestResource/saveDetailButton' is clicked on

2019-01-24 13:32:56 - [MESSAGE][PASSED] - Object: 'Object Repository/TestResource/saveDetailButton' is clicked on

2019-01-24 13:32:56 - [TEST_STEP][PASSED] - Thread.sleep(7000): null

2019-01-24 13:33:03 - [TEST_STEP][PASSED] - click(findTestObject("TestResource/locationTab")): Object: 'Object Repository/TestResource/locationTab' is clicked on

2019-01-24 13:33:03 - [MESSAGE][PASSED] - Object: 'Object Repository/TestResource/locationTab' is clicked on

2019-01-24 13:33:03 - [TEST_STEP][PASSED] - Thread.sleep(5000): null

2019-01-24 13:33:08 - [TEST_STEP][PASSED] - AdminTool_Location.checkLocation(): AdminTool_Location.checkLocation is PASSED

2019-01-24 13:33:10 - [MESSAGE][PASSED] - AdminTool_Location.checkLocation is PASSED

2019-01-24 13:33:10 - [TEST_STEP][PASSED] - Thread.sleep(4000): null

2019-01-24 13:33:14 - [TEST_STEP][PASSED] - click(findTestObject("TestResource/saveLocation")): Object: 'Object Repository/TestResource/saveLocation' is clicked on

2019-01-24 13:33:14 - [MESSAGE][PASSED] - Object: 'Object Repository/TestResource/saveLocation' is clicked on

2019-01-24 13:33:14 - [TEST_STEP][PASSED] - Thread.sleep(2000): null

2019-01-24 13:33:16 - [TEST_STEP][PASSED] - click(findTestObject("TestUserLocation/mainmenu_button")): Object: 'Object Repository/TestUserLocation/mainmenu_button' is clicked on

2019-01-24 13:33:16 - [MESSAGE][PASSED] - Object: 'Object Repository/TestUserLocation/mainmenu_button' is clicked on

2019-01-24 13:33:16 - [TEST_STEP][PASSED] - Thread.sleep(2000): null

2019-01-24 13:33:18 - [TEST_STEP][PASSED] - click(findTestObject("TestResource/mainMenu_resources")): Object: 'Object Repository/TestResource/mainMenu_resources' is clicked on

2019-01-24 13:33:18 - [MESSAGE][PASSED] - Object: 'Object Repository/TestResource/mainMenu_resources' is clicked on

2019-01-24 13:33:18 - [TEST_STEP][PASSED] - Thread.sleep(4000): null

2019-01-24 13:33:22 - [TEST_STEP][PASSED] - click(findTestObject("TestResource/customers")): Object: 'Object Repository/TestResource/customers' is clicked on

2019-01-24 13:33:22 - [MESSAGE][PASSED] - Object: 'Object Repository/TestResource/customers' is clicked on

2019-01-24 13:33:22 - [TEST_STEP][PASSED] - Thread.sleep(4000): null

2019-01-24 13:33:26 - [TEST_STEP][PASSED] - AdminTool_Location.selectCustomer(): Element has been clicked

2019-01-24 13:33:31 - [MESSAGE][PASSED] - Element has been clicked

2019-01-24 13:33:31 - [TEST_STEP][PASSED] - Thread.sleep(4000): null

2019-01-24 13:33:35 - [TEST_STEP][PASSED] - waitForElementClickable(findTestObject("TestUserLocation/addPlusIcon"), 45): Object 'Object Repository/TestUserLocation/addPlusIcon' is clickable

2019-01-24 13:33:35 - [MESSAGE][PASSED] - Object 'Object Repository/TestUserLocation/addPlusIcon' is clickable

2019-01-24 13:33:35 - [TEST_STEP][PASSED] - click(findTestObject("TestUserLocation/addPlusIcon")): Object: 'Object Repository/TestUserLocation/addPlusIcon' is clicked on

2019-01-24 13:33:35 - [MESSAGE][PASSED] - Object: 'Object Repository/TestUserLocation/addPlusIcon' is clicked on

2019-01-24 13:33:35 - [TEST_STEP][PASSED] - Thread.sleep(2000): null

2019-01-24 13:33:37 - [TEST_STEP][PASSED] - setText(findTestObject("TestUserLocation/setNewName"), findTestData("LocationData").getValue("SubCustomerName2", 1)): Text 'SubCustomer2_24/01/19-13:31' is set on object 'Object Repository/TestUserLocation/setNewName'

2019-01-24 13:33:37 - [MESSAGE][PASSED] - Text 'SubCustomer2_24/01/19-13:31' is set on object 'Object Repository/TestUserLocation/setNewName'

2019-01-24 13:33:37 - [TEST_STEP][PASSED] - Thread.sleep(2000): null

2019-01-24 13:33:39 - [TEST_STEP][PASSED] - Submission.createResource(): Submission.createResource is PASSED

2019-01-24 13:33:44 - [MESSAGE][PASSED] - Submission.createResource is PASSED

2019-01-24 13:33:44 - [TEST_STEP][PASSED] - Thread.sleep(2000): null

2019-01-24 13:33:46 - [TEST_STEP][PASSED] - click(findTestObject("TestResource/saveDetailButton")): Object: 'Object Repository/TestResource/saveDetailButton' is clicked on

2019-01-24 13:33:46 - [MESSAGE][PASSED] - Object: 'Object Repository/TestResource/saveDetailButton' is clicked on

2019-01-24 13:33:46 - [TEST_STEP][PASSED] - Thread.sleep(7000): null

2019-01-24 13:33:53 - [TEST_STEP][PASSED] - click(findTestObject("TestResource/locationTab")): Object: 'Object Repository/TestResource/locationTab' is clicked on

2019-01-24 13:33:53 - [MESSAGE][PASSED] - Object: 'Object Repository/TestResource/locationTab' is clicked on

2019-01-24 13:33:53 - [TEST_STEP][PASSED] - Thread.sleep(5000): null

2019-01-24 13:33:58 - [TEST_STEP][PASSED] - AdminTool_Location.checkLocation(): AdminTool_Location.checkLocation is PASSED

2019-01-24 13:34:00 - [MESSAGE][PASSED] - AdminTool_Location.checkLocation is PASSED

2019-01-24 13:34:00 - [TEST_STEP][PASSED] - Thread.sleep(4000): null

2019-01-24 13:34:04 - [TEST_STEP][PASSED] - click(findTestObject("TestResource/saveLocation")): Object: 'Object Repository/TestResource/saveLocation' is clicked on

2019-01-24 13:34:04 - [MESSAGE][PASSED] - Object: 'Object Repository/TestResource/saveLocation' is clicked on

2019-01-24 13:34:04 - [TEST_STEP][PASSED] - Thread.sleep(2000): null]]></system-out>
         <system-err><![CDATA[]]></system-err>
      </testcase>
      <testcase name="Test Cases/Data-Security/CreateRes_Equipment" classname="Test Cases/Data-Security/CreateRes_Equipment" status="PASSED">
         <system-out><![CDATA[2019-01-24 13:34:06 - [TEST_CASE][PASSED] - Test Cases/Data-Security/CreateRes_Equipment: Test Cases/Data-Security/CreateRes_Equipment

2019-01-24 13:34:06 - [TEST_STEP][NOT_RUN] - openBrowser(URL): NOT_RUN: openBrowser(URL)

2019-01-24 13:34:06 - [MESSAGE][NOT_RUN] - NOT_RUN: openBrowser(URL)

2019-01-24 13:34:07 - [TEST_STEP][NOT_RUN] - maximizeWindow(): NOT_RUN: maximizeWindow()

2019-01-24 13:34:07 - [MESSAGE][NOT_RUN] - NOT_RUN: maximizeWindow()

2019-01-24 13:34:07 - [TEST_STEP][NOT_RUN] - setText(findTestObject("TestUserLocation/login_Username"), UserName1): NOT_RUN: setText(findTestObject("TestUserLocation/login_Username"), UserName1)

2019-01-24 13:34:07 - [MESSAGE][NOT_RUN] - NOT_RUN: setText(findTestObject("TestUserLocation/login_Username"), UserName1)

2019-01-24 13:34:07 - [TEST_STEP][NOT_RUN] - setText(findTestObject("TestUserLocation/login_Password"), Password1): NOT_RUN: setText(findTestObject("TestUserLocation/login_Password"), Password1)

2019-01-24 13:34:07 - [MESSAGE][NOT_RUN] - NOT_RUN: setText(findTestObject("TestUserLocation/login_Password"), Password1)

2019-01-24 13:34:07 - [TEST_STEP][PASSED] - AdminTool_Location.setEquipmentName(): AdminTool_Location.setEquipmentName is PASSED

2019-01-24 13:34:07 - [MESSAGE][PASSED] - AdminTool_Location.setEquipmentName is PASSED

2019-01-24 13:34:07 - [TEST_STEP][NOT_RUN] - click(findTestObject("TestUserLocation/login_Button")): NOT_RUN: click(findTestObject("TestUserLocation/login_Button"))

2019-01-24 13:34:07 - [MESSAGE][NOT_RUN] - NOT_RUN: click(findTestObject("TestUserLocation/login_Button"))

2019-01-24 13:34:07 - [TEST_STEP][PASSED] - Thread.sleep(4000): null

2019-01-24 13:34:11 - [TEST_STEP][PASSED] - click(findTestObject("TestUserLocation/mainmenu_button")): Object: 'Object Repository/TestUserLocation/mainmenu_button' is clicked on

2019-01-24 13:34:11 - [MESSAGE][PASSED] - Object: 'Object Repository/TestUserLocation/mainmenu_button' is clicked on

2019-01-24 13:34:11 - [TEST_STEP][PASSED] - Thread.sleep(2000): null

2019-01-24 13:34:13 - [TEST_STEP][NOT_RUN] - click(findTestObject("TestUserLocation/adminTool")): NOT_RUN: click(findTestObject("TestUserLocation/adminTool"))

2019-01-24 13:34:13 - [MESSAGE][NOT_RUN] - NOT_RUN: click(findTestObject("TestUserLocation/adminTool"))

2019-01-24 13:34:13 - [TEST_STEP][PASSED] - click(findTestObject("TestUserLocation/mainMenuResourceDesigner")): Object: 'Object Repository/TestUserLocation/mainMenuResourceDesigner' is clicked on

2019-01-24 13:34:13 - [MESSAGE][PASSED] - Object: 'Object Repository/TestUserLocation/mainMenuResourceDesigner' is clicked on

2019-01-24 13:34:13 - [TEST_STEP][PASSED] - Thread.sleep(4000): null

2019-01-24 13:34:17 - [TEST_STEP][PASSED] - click(findTestObject("TestResource/equipment")): Object: 'Object Repository/TestResource/equipment' is clicked on

2019-01-24 13:34:17 - [MESSAGE][PASSED] - Object: 'Object Repository/TestResource/equipment' is clicked on

2019-01-24 13:34:17 - [TEST_STEP][PASSED] - Thread.sleep(4000): null

2019-01-24 13:34:21 - [TEST_STEP][PASSED] - waitForElementClickable(findTestObject("TestUserLocation/categories"), 45): Object 'Object Repository/TestUserLocation/categories' is clickable

2019-01-24 13:34:21 - [MESSAGE][PASSED] - Object 'Object Repository/TestUserLocation/categories' is clickable

2019-01-24 13:34:21 - [TEST_STEP][PASSED] - click(findTestObject("TestUserLocation/categories")): Object: 'Object Repository/TestUserLocation/categories' is clicked on

2019-01-24 13:34:21 - [MESSAGE][PASSED] - Object: 'Object Repository/TestUserLocation/categories' is clicked on

2019-01-24 13:34:21 - [TEST_STEP][PASSED] - Thread.sleep(2000): null

2019-01-24 13:34:23 - [TEST_STEP][PASSED] - click(findTestObject("TestUserLocation/defaultArea")): Object: 'Object Repository/TestUserLocation/defaultArea' is clicked on

2019-01-24 13:34:23 - [MESSAGE][PASSED] - Object: 'Object Repository/TestUserLocation/defaultArea' is clicked on

2019-01-24 13:34:23 - [TEST_STEP][PASSED] - Thread.sleep(2000): null

2019-01-24 13:34:25 - [TEST_STEP][PASSED] - click(findTestObject("TestUserLocation/hoverHeading")): Object: 'Object Repository/TestUserLocation/hoverHeading' is clicked on

2019-01-24 13:34:25 - [MESSAGE][PASSED] - Object: 'Object Repository/TestUserLocation/hoverHeading' is clicked on

2019-01-24 13:34:25 - [TEST_STEP][PASSED] - click(findTestObject("TestUserLocation/addPlusIcon")): Object: 'Object Repository/TestUserLocation/addPlusIcon' is clicked on

2019-01-24 13:34:25 - [MESSAGE][PASSED] - Object: 'Object Repository/TestUserLocation/addPlusIcon' is clicked on

2019-01-24 13:34:25 - [TEST_STEP][PASSED] - setText(findTestObject("TestUserLocation/setNewName"), findTestData("LocationData").getValue("EquipmentName", 1)): Text 'Equipment_24/01/19-13:34' is set on object 'Object Repository/TestUserLocation/setNewName'

2019-01-24 13:34:26 - [MESSAGE][PASSED] - Text 'Equipment_24/01/19-13:34' is set on object 'Object Repository/TestUserLocation/setNewName'

2019-01-24 13:34:26 - [TEST_STEP][PASSED] - Thread.sleep(2000): null

2019-01-24 13:34:28 - [TEST_STEP][PASSED] - click(findTestObject("TestUserLocation/saveButton")): Object: 'Object Repository/TestUserLocation/saveButton' is clicked on

2019-01-24 13:34:37 - [MESSAGE][PASSED] - Object: 'Object Repository/TestUserLocation/saveButton' is clicked on

2019-01-24 13:34:37 - [TEST_STEP][PASSED] - Thread.sleep(4000): null

2019-01-24 13:34:41 - [TEST_STEP][PASSED] - click(findTestObject("TestUserLocation/mainmenu_button")): Object: 'Object Repository/TestUserLocation/mainmenu_button' is clicked on

2019-01-24 13:34:41 - [MESSAGE][PASSED] - Object: 'Object Repository/TestUserLocation/mainmenu_button' is clicked on

2019-01-24 13:34:41 - [TEST_STEP][PASSED] - Thread.sleep(2000): null

2019-01-24 13:34:43 - [TEST_STEP][PASSED] - click(findTestObject("TestResource/mainMenu_resources")): Object: 'Object Repository/TestResource/mainMenu_resources' is clicked on

2019-01-24 13:34:43 - [MESSAGE][PASSED] - Object: 'Object Repository/TestResource/mainMenu_resources' is clicked on

2019-01-24 13:34:43 - [TEST_STEP][PASSED] - Thread.sleep(4000): null

2019-01-24 13:34:47 - [TEST_STEP][PASSED] - click(findTestObject("TestResource/equipment")): Object: 'Object Repository/TestResource/equipment' is clicked on

2019-01-24 13:34:47 - [MESSAGE][PASSED] - Object: 'Object Repository/TestResource/equipment' is clicked on

2019-01-24 13:34:47 - [TEST_STEP][PASSED] - Thread.sleep(4000): null

2019-01-24 13:34:51 - [TEST_STEP][PASSED] - AdminTool_Location.selectEquipment(): Element has been clicked

2019-01-24 13:34:55 - [MESSAGE][PASSED] - Element has been clicked

2019-01-24 13:34:55 - [TEST_STEP][PASSED] - Thread.sleep(4000): null

2019-01-24 13:34:59 - [TEST_STEP][PASSED] - waitForElementClickable(findTestObject("TestUserLocation/addPlusIcon"), 45): Object 'Object Repository/TestUserLocation/addPlusIcon' is clickable

2019-01-24 13:34:59 - [MESSAGE][PASSED] - Object 'Object Repository/TestUserLocation/addPlusIcon' is clickable

2019-01-24 13:34:59 - [TEST_STEP][PASSED] - click(findTestObject("TestUserLocation/addPlusIcon")): Object: 'Object Repository/TestUserLocation/addPlusIcon' is clicked on

2019-01-24 13:34:59 - [MESSAGE][PASSED] - Object: 'Object Repository/TestUserLocation/addPlusIcon' is clicked on

2019-01-24 13:34:59 - [TEST_STEP][PASSED] - Thread.sleep(2000): null

2019-01-24 13:35:01 - [TEST_STEP][PASSED] - setText(findTestObject("TestUserLocation/setNewName"), findTestData("LocationData").getValue("SubEquipmentName1", 1)): Text 'SubEquipment1_24/01/19-13:34' is set on object 'Object Repository/TestUserLocation/setNewName'

2019-01-24 13:35:02 - [MESSAGE][PASSED] - Text 'SubEquipment1_24/01/19-13:34' is set on object 'Object Repository/TestUserLocation/setNewName'

2019-01-24 13:35:02 - [TEST_STEP][PASSED] - Thread.sleep(2000): null

2019-01-24 13:35:04 - [TEST_STEP][PASSED] - Submission.createResource(): Submission.createResource is PASSED

2019-01-24 13:35:08 - [MESSAGE][PASSED] - Submission.createResource is PASSED

2019-01-24 13:35:08 - [TEST_STEP][PASSED] - Thread.sleep(2000): null

2019-01-24 13:35:10 - [TEST_STEP][PASSED] - click(findTestObject("TestResource/saveDetailButton")): Object: 'Object Repository/TestResource/saveDetailButton' is clicked on

2019-01-24 13:35:10 - [MESSAGE][PASSED] - Object: 'Object Repository/TestResource/saveDetailButton' is clicked on

2019-01-24 13:35:10 - [TEST_STEP][PASSED] - AdminTool_Location.moveCursor(): AdminTool_Location.moveCursor is PASSED

2019-01-24 13:35:10 - [MESSAGE][PASSED] - AdminTool_Location.moveCursor is PASSED

2019-01-24 13:35:10 - [TEST_STEP][PASSED] - Thread.sleep(7000): null

2019-01-24 13:35:17 - [TEST_STEP][PASSED] - click(findTestObject("TestResource/disableResource")): Object: 'Object Repository/TestResource/disableResource' is clicked on

2019-01-24 13:35:17 - [MESSAGE][PASSED] - Object: 'Object Repository/TestResource/disableResource' is clicked on

2019-01-24 13:35:17 - [TEST_STEP][PASSED] - Thread.sleep(2000): null

2019-01-24 13:35:19 - [TEST_STEP][PASSED] - click(findTestObject("TestResource/button2Yes")): Object: 'Object Repository/TestResource/button2Yes' is clicked on

2019-01-24 13:35:19 - [MESSAGE][PASSED] - Object: 'Object Repository/TestResource/button2Yes' is clicked on

2019-01-24 13:35:19 - [TEST_STEP][PASSED] - Thread.sleep(2000): null

2019-01-24 13:35:21 - [TEST_STEP][PASSED] - click(findTestObject("TestResource/saveDetailButton")): Object: 'Object Repository/TestResource/saveDetailButton' is clicked on

2019-01-24 13:35:21 - [MESSAGE][PASSED] - Object: 'Object Repository/TestResource/saveDetailButton' is clicked on

2019-01-24 13:35:21 - [TEST_STEP][PASSED] - Thread.sleep(7000): null

2019-01-24 13:35:28 - [TEST_STEP][PASSED] - click(findTestObject("TestResource/locationTab")): Object: 'Object Repository/TestResource/locationTab' is clicked on

2019-01-24 13:35:29 - [MESSAGE][PASSED] - Object: 'Object Repository/TestResource/locationTab' is clicked on

2019-01-24 13:35:29 - [TEST_STEP][PASSED] - Thread.sleep(5000): null

2019-01-24 13:35:34 - [TEST_STEP][PASSED] - AdminTool_Location.checkLocation2(): AdminTool_Location.checkLocation2 is PASSED

2019-01-24 13:35:36 - [MESSAGE][PASSED] - AdminTool_Location.checkLocation2 is PASSED

2019-01-24 13:35:36 - [TEST_STEP][PASSED] - Thread.sleep(4000): null

2019-01-24 13:35:40 - [TEST_STEP][PASSED] - click(findTestObject("TestResource/saveLocation")): Object: 'Object Repository/TestResource/saveLocation' is clicked on

2019-01-24 13:35:40 - [MESSAGE][PASSED] - Object: 'Object Repository/TestResource/saveLocation' is clicked on

2019-01-24 13:35:40 - [TEST_STEP][PASSED] - Thread.sleep(2000): null

2019-01-24 13:35:42 - [TEST_STEP][PASSED] - click(findTestObject("TestUserLocation/mainmenu_button")): Object: 'Object Repository/TestUserLocation/mainmenu_button' is clicked on

2019-01-24 13:35:42 - [MESSAGE][PASSED] - Object: 'Object Repository/TestUserLocation/mainmenu_button' is clicked on

2019-01-24 13:35:42 - [TEST_STEP][PASSED] - Thread.sleep(2000): null

2019-01-24 13:35:44 - [TEST_STEP][PASSED] - click(findTestObject("TestResource/mainMenu_resources")): Object: 'Object Repository/TestResource/mainMenu_resources' is clicked on

2019-01-24 13:35:44 - [MESSAGE][PASSED] - Object: 'Object Repository/TestResource/mainMenu_resources' is clicked on

2019-01-24 13:35:44 - [TEST_STEP][PASSED] - Thread.sleep(4000): null

2019-01-24 13:35:48 - [TEST_STEP][PASSED] - AdminTool_Location.moveCursor(): AdminTool_Location.moveCursor is PASSED

2019-01-24 13:35:48 - [MESSAGE][PASSED] - AdminTool_Location.moveCursor is PASSED

2019-01-24 13:35:48 - [TEST_STEP][PASSED] - Thread.sleep(2000): null

2019-01-24 13:35:50 - [TEST_STEP][PASSED] - click(findTestObject("TestResource/equipment")): Object: 'Object Repository/TestResource/equipment' is clicked on

2019-01-24 13:35:50 - [MESSAGE][PASSED] - Object: 'Object Repository/TestResource/equipment' is clicked on

2019-01-24 13:35:50 - [TEST_STEP][PASSED] - Thread.sleep(4000): null

2019-01-24 13:35:54 - [TEST_STEP][PASSED] - AdminTool_Location.selectEquipment(): Element has been clicked

2019-01-24 13:35:58 - [MESSAGE][PASSED] - Element has been clicked

2019-01-24 13:35:58 - [TEST_STEP][PASSED] - Thread.sleep(4000): null

2019-01-24 13:36:02 - [TEST_STEP][PASSED] - waitForElementClickable(findTestObject("TestUserLocation/addPlusIcon"), 45): Object 'Object Repository/TestUserLocation/addPlusIcon' is clickable

2019-01-24 13:36:03 - [MESSAGE][PASSED] - Object 'Object Repository/TestUserLocation/addPlusIcon' is clickable

2019-01-24 13:36:03 - [TEST_STEP][PASSED] - click(findTestObject("TestUserLocation/addPlusIcon")): Object: 'Object Repository/TestUserLocation/addPlusIcon' is clicked on

2019-01-24 13:36:03 - [MESSAGE][PASSED] - Object: 'Object Repository/TestUserLocation/addPlusIcon' is clicked on

2019-01-24 13:36:03 - [TEST_STEP][PASSED] - Thread.sleep(2000): null

2019-01-24 13:36:05 - [TEST_STEP][PASSED] - setText(findTestObject("TestUserLocation/setNewName"), findTestData("LocationData").getValue("SubEquipmentName2", 1)): Text 'SubEquipment2_24/01/19-13:34' is set on object 'Object Repository/TestUserLocation/setNewName'

2019-01-24 13:36:05 - [MESSAGE][PASSED] - Text 'SubEquipment2_24/01/19-13:34' is set on object 'Object Repository/TestUserLocation/setNewName'

2019-01-24 13:36:05 - [TEST_STEP][PASSED] - Thread.sleep(2000): null

2019-01-24 13:36:07 - [TEST_STEP][PASSED] - Submission.createResource(): Submission.createResource is PASSED

2019-01-24 13:36:11 - [MESSAGE][PASSED] - Submission.createResource is PASSED

2019-01-24 13:36:11 - [TEST_STEP][PASSED] - Thread.sleep(2000): null

2019-01-24 13:36:13 - [TEST_STEP][PASSED] - click(findTestObject("TestResource/saveDetailButton")): Object: 'Object Repository/TestResource/saveDetailButton' is clicked on

2019-01-24 13:36:13 - [MESSAGE][PASSED] - Object: 'Object Repository/TestResource/saveDetailButton' is clicked on

2019-01-24 13:36:13 - [TEST_STEP][PASSED] - Thread.sleep(7000): null

2019-01-24 13:36:20 - [TEST_STEP][PASSED] - click(findTestObject("TestResource/locationTab")): Object: 'Object Repository/TestResource/locationTab' is clicked on

2019-01-24 13:36:21 - [MESSAGE][PASSED] - Object: 'Object Repository/TestResource/locationTab' is clicked on

2019-01-24 13:36:21 - [TEST_STEP][PASSED] - Thread.sleep(5000): null

2019-01-24 13:36:26 - [TEST_STEP][PASSED] - AdminTool_Location.checkLocation2(): AdminTool_Location.checkLocation2 is PASSED

2019-01-24 13:36:28 - [MESSAGE][PASSED] - AdminTool_Location.checkLocation2 is PASSED

2019-01-24 13:36:28 - [TEST_STEP][PASSED] - Thread.sleep(4000): null

2019-01-24 13:36:32 - [TEST_STEP][PASSED] - click(findTestObject("TestResource/saveLocation")): Object: 'Object Repository/TestResource/saveLocation' is clicked on

2019-01-24 13:36:32 - [MESSAGE][PASSED] - Object: 'Object Repository/TestResource/saveLocation' is clicked on

2019-01-24 13:36:32 - [TEST_STEP][PASSED] - Thread.sleep(2000): null]]></system-out>
         <system-err><![CDATA[]]></system-err>
      </testcase>
      <testcase name="Test Cases/Data-Security/CreateRes_Items" classname="Test Cases/Data-Security/CreateRes_Items" status="PASSED">
         <system-out><![CDATA[2019-01-24 13:36:34 - [TEST_CASE][PASSED] - Test Cases/Data-Security/CreateRes_Items: Test Cases/Data-Security/CreateRes_Items

2019-01-24 13:36:34 - [TEST_STEP][NOT_RUN] - openBrowser(URL): NOT_RUN: openBrowser(URL)

2019-01-24 13:36:34 - [MESSAGE][NOT_RUN] - NOT_RUN: openBrowser(URL)

2019-01-24 13:36:34 - [TEST_STEP][NOT_RUN] - maximizeWindow(): NOT_RUN: maximizeWindow()

2019-01-24 13:36:34 - [MESSAGE][NOT_RUN] - NOT_RUN: maximizeWindow()

2019-01-24 13:36:34 - [TEST_STEP][NOT_RUN] - setText(findTestObject("TestUserLocation/login_Username"), UserName1): NOT_RUN: setText(findTestObject("TestUserLocation/login_Username"), UserName1)

2019-01-24 13:36:34 - [MESSAGE][NOT_RUN] - NOT_RUN: setText(findTestObject("TestUserLocation/login_Username"), UserName1)

2019-01-24 13:36:34 - [TEST_STEP][NOT_RUN] - setText(findTestObject("TestUserLocation/login_Password"), Password1): NOT_RUN: setText(findTestObject("TestUserLocation/login_Password"), Password1)

2019-01-24 13:36:34 - [MESSAGE][NOT_RUN] - NOT_RUN: setText(findTestObject("TestUserLocation/login_Password"), Password1)

2019-01-24 13:36:34 - [TEST_STEP][PASSED] - AdminTool_Location.setItemName(): AdminTool_Location.setItemName is PASSED

2019-01-24 13:36:34 - [MESSAGE][PASSED] - AdminTool_Location.setItemName is PASSED

2019-01-24 13:36:34 - [TEST_STEP][NOT_RUN] - click(findTestObject("TestUserLocation/login_Button")): NOT_RUN: click(findTestObject("TestUserLocation/login_Button"))

2019-01-24 13:36:34 - [MESSAGE][NOT_RUN] - NOT_RUN: click(findTestObject("TestUserLocation/login_Button"))

2019-01-24 13:36:34 - [TEST_STEP][NOT_RUN] - Thread.sleep(4000): NOT_RUN: Thread.sleep(4000)

2019-01-24 13:36:34 - [MESSAGE][NOT_RUN] - NOT_RUN: Thread.sleep(4000)

2019-01-24 13:36:34 - [TEST_STEP][PASSED] - click(findTestObject("TestUserLocation/mainmenu_button")): Object: 'Object Repository/TestUserLocation/mainmenu_button' is clicked on

2019-01-24 13:36:34 - [MESSAGE][PASSED] - Object: 'Object Repository/TestUserLocation/mainmenu_button' is clicked on

2019-01-24 13:36:34 - [TEST_STEP][NOT_RUN] - click(findTestObject("TestUserLocation/adminTool")): NOT_RUN: click(findTestObject("TestUserLocation/adminTool"))

2019-01-24 13:36:34 - [MESSAGE][NOT_RUN] - NOT_RUN: click(findTestObject("TestUserLocation/adminTool"))

2019-01-24 13:36:34 - [TEST_STEP][PASSED] - click(findTestObject("TestUserLocation/mainMenuResourceDesigner")): Object: 'Object Repository/TestUserLocation/mainMenuResourceDesigner' is clicked on

2019-01-24 13:36:35 - [MESSAGE][PASSED] - Object: 'Object Repository/TestUserLocation/mainMenuResourceDesigner' is clicked on

2019-01-24 13:36:35 - [TEST_STEP][PASSED] - Thread.sleep(2000): null

2019-01-24 13:36:37 - [TEST_STEP][PASSED] - Thread.sleep(4000): null

2019-01-24 13:36:41 - [TEST_STEP][PASSED] - click(findTestObject("TestResource/items")): Object: 'Object Repository/TestResource/items' is clicked on

2019-01-24 13:36:41 - [MESSAGE][PASSED] - Object: 'Object Repository/TestResource/items' is clicked on

2019-01-24 13:36:41 - [TEST_STEP][PASSED] - Thread.sleep(4000): null

2019-01-24 13:36:45 - [TEST_STEP][PASSED] - waitForElementClickable(findTestObject("TestUserLocation/categories"), 45): Object 'Object Repository/TestUserLocation/categories' is clickable

2019-01-24 13:36:45 - [MESSAGE][PASSED] - Object 'Object Repository/TestUserLocation/categories' is clickable

2019-01-24 13:36:45 - [TEST_STEP][PASSED] - click(findTestObject("TestUserLocation/categories")): Object: 'Object Repository/TestUserLocation/categories' is clicked on

2019-01-24 13:36:45 - [MESSAGE][PASSED] - Object: 'Object Repository/TestUserLocation/categories' is clicked on

2019-01-24 13:36:45 - [TEST_STEP][PASSED] - Thread.sleep(2000): null

2019-01-24 13:36:47 - [TEST_STEP][PASSED] - click(findTestObject("TestUserLocation/defaultArea")): Object: 'Object Repository/TestUserLocation/defaultArea' is clicked on

2019-01-24 13:36:47 - [MESSAGE][PASSED] - Object: 'Object Repository/TestUserLocation/defaultArea' is clicked on

2019-01-24 13:36:47 - [TEST_STEP][PASSED] - Thread.sleep(2000): null

2019-01-24 13:36:49 - [TEST_STEP][PASSED] - click(findTestObject("TestUserLocation/hoverHeading")): Object: 'Object Repository/TestUserLocation/hoverHeading' is clicked on

2019-01-24 13:36:49 - [MESSAGE][PASSED] - Object: 'Object Repository/TestUserLocation/hoverHeading' is clicked on

2019-01-24 13:36:49 - [TEST_STEP][PASSED] - click(findTestObject("TestUserLocation/addPlusIcon")): Object: 'Object Repository/TestUserLocation/addPlusIcon' is clicked on

2019-01-24 13:36:49 - [MESSAGE][PASSED] - Object: 'Object Repository/TestUserLocation/addPlusIcon' is clicked on

2019-01-24 13:36:49 - [TEST_STEP][PASSED] - setText(findTestObject("TestUserLocation/setNewName"), findTestData("LocationData").getValue("ItemsName", 1)): Text 'Item_24/01/19-13:36' is set on object 'Object Repository/TestUserLocation/setNewName'

2019-01-24 13:36:49 - [MESSAGE][PASSED] - Text 'Item_24/01/19-13:36' is set on object 'Object Repository/TestUserLocation/setNewName'

2019-01-24 13:36:49 - [TEST_STEP][PASSED] - Thread.sleep(2000): null

2019-01-24 13:36:51 - [TEST_STEP][PASSED] - click(findTestObject("TestUserLocation/saveButton")): Object: 'Object Repository/TestUserLocation/saveButton' is clicked on

2019-01-24 13:36:51 - [MESSAGE][PASSED] - Object: 'Object Repository/TestUserLocation/saveButton' is clicked on

2019-01-24 13:36:51 - [TEST_STEP][PASSED] - Thread.sleep(4000): null

2019-01-24 13:36:55 - [TEST_STEP][PASSED] - click(findTestObject("TestUserLocation/mainmenu_button")): Object: 'Object Repository/TestUserLocation/mainmenu_button' is clicked on

2019-01-24 13:36:56 - [MESSAGE][PASSED] - Object: 'Object Repository/TestUserLocation/mainmenu_button' is clicked on

2019-01-24 13:36:56 - [TEST_STEP][PASSED] - Thread.sleep(2000): null

2019-01-24 13:36:58 - [TEST_STEP][PASSED] - click(findTestObject("TestResource/mainMenu_resources")): Object: 'Object Repository/TestResource/mainMenu_resources' is clicked on

2019-01-24 13:36:58 - [MESSAGE][PASSED] - Object: 'Object Repository/TestResource/mainMenu_resources' is clicked on

2019-01-24 13:36:58 - [TEST_STEP][PASSED] - Thread.sleep(4000): null

2019-01-24 13:37:02 - [TEST_STEP][PASSED] - click(findTestObject("TestResource/items")): Object: 'Object Repository/TestResource/items' is clicked on

2019-01-24 13:37:02 - [MESSAGE][PASSED] - Object: 'Object Repository/TestResource/items' is clicked on

2019-01-24 13:37:02 - [TEST_STEP][PASSED] - Thread.sleep(4000): null

2019-01-24 13:37:06 - [TEST_STEP][PASSED] - AdminTool_Location.selectItem(): Element has been clicked

2019-01-24 13:37:10 - [MESSAGE][PASSED] - Element has been clicked

2019-01-24 13:37:10 - [TEST_STEP][PASSED] - Thread.sleep(4000): null

2019-01-24 13:37:14 - [TEST_STEP][PASSED] - waitForElementClickable(findTestObject("TestUserLocation/addPlusIcon"), 45): Object 'Object Repository/TestUserLocation/addPlusIcon' is clickable

2019-01-24 13:37:14 - [MESSAGE][PASSED] - Object 'Object Repository/TestUserLocation/addPlusIcon' is clickable

2019-01-24 13:37:14 - [TEST_STEP][PASSED] - click(findTestObject("TestUserLocation/addPlusIcon")): Object: 'Object Repository/TestUserLocation/addPlusIcon' is clicked on

2019-01-24 13:37:14 - [MESSAGE][PASSED] - Object: 'Object Repository/TestUserLocation/addPlusIcon' is clicked on

2019-01-24 13:37:14 - [TEST_STEP][PASSED] - Thread.sleep(2000): null

2019-01-24 13:37:16 - [TEST_STEP][PASSED] - setText(findTestObject("TestUserLocation/setNewName"), findTestData("LocationData").getValue("SubItemsName1", 1)): Text 'SubItem1_24/01/19-13:36' is set on object 'Object Repository/TestUserLocation/setNewName'

2019-01-24 13:37:16 - [MESSAGE][PASSED] - Text 'SubItem1_24/01/19-13:36' is set on object 'Object Repository/TestUserLocation/setNewName'

2019-01-24 13:37:16 - [TEST_STEP][PASSED] - Thread.sleep(2000): null

2019-01-24 13:37:18 - [TEST_STEP][PASSED] - Submission.createResource(): Submission.createResource is PASSED

2019-01-24 13:37:19 - [MESSAGE][PASSED] - Submission.createResource is PASSED

2019-01-24 13:37:19 - [TEST_STEP][PASSED] - Thread.sleep(2000): null

2019-01-24 13:37:21 - [TEST_STEP][PASSED] - click(findTestObject("TestResource/saveDetailButton")): Object: 'Object Repository/TestResource/saveDetailButton' is clicked on

2019-01-24 13:37:21 - [MESSAGE][PASSED] - Object: 'Object Repository/TestResource/saveDetailButton' is clicked on

2019-01-24 13:37:21 - [TEST_STEP][PASSED] - Thread.sleep(7000): null

2019-01-24 13:37:28 - [TEST_STEP][PASSED] - click(findTestObject("TestResource/disableResource")): Object: 'Object Repository/TestResource/disableResource' is clicked on

2019-01-24 13:37:28 - [MESSAGE][PASSED] - Object: 'Object Repository/TestResource/disableResource' is clicked on

2019-01-24 13:37:28 - [TEST_STEP][PASSED] - Thread.sleep(2000): null

2019-01-24 13:37:30 - [TEST_STEP][PASSED] - click(findTestObject("TestResource/button2Yes")): Object: 'Object Repository/TestResource/button2Yes' is clicked on

2019-01-24 13:37:30 - [MESSAGE][PASSED] - Object: 'Object Repository/TestResource/button2Yes' is clicked on

2019-01-24 13:37:30 - [TEST_STEP][PASSED] - Thread.sleep(2000): null

2019-01-24 13:37:32 - [TEST_STEP][PASSED] - click(findTestObject("TestResource/saveDetailButton")): Object: 'Object Repository/TestResource/saveDetailButton' is clicked on

2019-01-24 13:37:32 - [MESSAGE][PASSED] - Object: 'Object Repository/TestResource/saveDetailButton' is clicked on

2019-01-24 13:37:32 - [TEST_STEP][PASSED] - AdminTool_Location.moveCursor(): AdminTool_Location.moveCursor is PASSED

2019-01-24 13:37:32 - [MESSAGE][PASSED] - AdminTool_Location.moveCursor is PASSED

2019-01-24 13:37:32 - [TEST_STEP][PASSED] - Thread.sleep(7000): null

2019-01-24 13:37:39 - [TEST_STEP][PASSED] - click(findTestObject("TestResource/locationTab")): Object: 'Object Repository/TestResource/locationTab' is clicked on

2019-01-24 13:37:39 - [MESSAGE][PASSED] - Object: 'Object Repository/TestResource/locationTab' is clicked on

2019-01-24 13:37:39 - [TEST_STEP][PASSED] - Thread.sleep(5000): null

2019-01-24 13:37:44 - [TEST_STEP][PASSED] - AdminTool_Location.checkLocation(): AdminTool_Location.checkLocation is PASSED

2019-01-24 13:37:46 - [MESSAGE][PASSED] - AdminTool_Location.checkLocation is PASSED

2019-01-24 13:37:46 - [TEST_STEP][PASSED] - Thread.sleep(4000): null

2019-01-24 13:37:50 - [TEST_STEP][PASSED] - click(findTestObject("TestResource/saveLocation")): Object: 'Object Repository/TestResource/saveLocation' is clicked on

2019-01-24 13:37:50 - [MESSAGE][PASSED] - Object: 'Object Repository/TestResource/saveLocation' is clicked on

2019-01-24 13:37:50 - [TEST_STEP][PASSED] - Thread.sleep(2000): null

2019-01-24 13:37:52 - [TEST_STEP][PASSED] - click(findTestObject("TestUserLocation/mainmenu_button")): Object: 'Object Repository/TestUserLocation/mainmenu_button' is clicked on

2019-01-24 13:37:53 - [MESSAGE][PASSED] - Object: 'Object Repository/TestUserLocation/mainmenu_button' is clicked on

2019-01-24 13:37:53 - [TEST_STEP][PASSED] - Thread.sleep(2000): null

2019-01-24 13:37:55 - [TEST_STEP][PASSED] - click(findTestObject("TestResource/mainMenu_resources")): Object: 'Object Repository/TestResource/mainMenu_resources' is clicked on

2019-01-24 13:37:55 - [MESSAGE][PASSED] - Object: 'Object Repository/TestResource/mainMenu_resources' is clicked on

2019-01-24 13:37:55 - [TEST_STEP][PASSED] - Thread.sleep(4000): null

2019-01-24 13:37:59 - [TEST_STEP][PASSED] - click(findTestObject("TestResource/items")): Object: 'Object Repository/TestResource/items' is clicked on

2019-01-24 13:37:59 - [MESSAGE][PASSED] - Object: 'Object Repository/TestResource/items' is clicked on

2019-01-24 13:37:59 - [TEST_STEP][PASSED] - Thread.sleep(4000): null

2019-01-24 13:38:03 - [TEST_STEP][PASSED] - AdminTool_Location.selectItem(): Element has been clicked

2019-01-24 13:38:07 - [MESSAGE][PASSED] - Element has been clicked

2019-01-24 13:38:07 - [TEST_STEP][PASSED] - Thread.sleep(4000): null

2019-01-24 13:38:11 - [TEST_STEP][PASSED] - waitForElementClickable(findTestObject("TestUserLocation/addPlusIcon"), 45): Object 'Object Repository/TestUserLocation/addPlusIcon' is clickable

2019-01-24 13:38:15 - [MESSAGE][PASSED] - Object 'Object Repository/TestUserLocation/addPlusIcon' is clickable

2019-01-24 13:38:15 - [TEST_STEP][PASSED] - click(findTestObject("TestUserLocation/addPlusIcon")): Object: 'Object Repository/TestUserLocation/addPlusIcon' is clicked on

2019-01-24 13:38:16 - [MESSAGE][PASSED] - Object: 'Object Repository/TestUserLocation/addPlusIcon' is clicked on

2019-01-24 13:38:16 - [TEST_STEP][PASSED] - Thread.sleep(2000): null

2019-01-24 13:38:18 - [TEST_STEP][PASSED] - setText(findTestObject("TestUserLocation/setNewName"), findTestData("LocationData").getValue("SubItemsName2", 1)): Text 'SubItem2_24/01/19-13:36' is set on object 'Object Repository/TestUserLocation/setNewName'

2019-01-24 13:38:18 - [MESSAGE][PASSED] - Text 'SubItem2_24/01/19-13:36' is set on object 'Object Repository/TestUserLocation/setNewName'

2019-01-24 13:38:18 - [TEST_STEP][PASSED] - Thread.sleep(2000): null

2019-01-24 13:38:20 - [TEST_STEP][PASSED] - Submission.createResource(): Submission.createResource is PASSED

2019-01-24 13:38:20 - [MESSAGE][PASSED] - Submission.createResource is PASSED

2019-01-24 13:38:20 - [TEST_STEP][PASSED] - Thread.sleep(2000): null

2019-01-24 13:38:22 - [TEST_STEP][PASSED] - click(findTestObject("TestResource/saveDetailButton")): Object: 'Object Repository/TestResource/saveDetailButton' is clicked on

2019-01-24 13:38:22 - [MESSAGE][PASSED] - Object: 'Object Repository/TestResource/saveDetailButton' is clicked on

2019-01-24 13:38:22 - [TEST_STEP][PASSED] - Thread.sleep(7000): null

2019-01-24 13:38:29 - [TEST_STEP][PASSED] - click(findTestObject("TestResource/locationTab")): Object: 'Object Repository/TestResource/locationTab' is clicked on

2019-01-24 13:38:29 - [MESSAGE][PASSED] - Object: 'Object Repository/TestResource/locationTab' is clicked on

2019-01-24 13:38:29 - [TEST_STEP][PASSED] - Thread.sleep(5000): null

2019-01-24 13:38:34 - [TEST_STEP][PASSED] - AdminTool_Location.checkLocation(): AdminTool_Location.checkLocation is PASSED

2019-01-24 13:38:36 - [MESSAGE][PASSED] - AdminTool_Location.checkLocation is PASSED

2019-01-24 13:38:36 - [TEST_STEP][PASSED] - Thread.sleep(4000): null

2019-01-24 13:38:40 - [TEST_STEP][PASSED] - click(findTestObject("TestResource/saveLocation")): Object: 'Object Repository/TestResource/saveLocation' is clicked on

2019-01-24 13:38:41 - [MESSAGE][PASSED] - Object: 'Object Repository/TestResource/saveLocation' is clicked on

2019-01-24 13:38:41 - [TEST_STEP][PASSED] - Thread.sleep(2000): null]]></system-out>
         <system-err><![CDATA[]]></system-err>
      </testcase>
      <testcase name="Test Cases/Data-Security/CreateRes_Supplier" classname="Test Cases/Data-Security/CreateRes_Supplier" status="PASSED">
         <system-out><![CDATA[2019-01-24 13:38:43 - [TEST_CASE][PASSED] - Test Cases/Data-Security/CreateRes_Supplier: Test Cases/Data-Security/CreateRes_Supplier

2019-01-24 13:38:43 - [TEST_STEP][NOT_RUN] - openBrowser(URL): NOT_RUN: openBrowser(URL)

2019-01-24 13:38:43 - [MESSAGE][NOT_RUN] - NOT_RUN: openBrowser(URL)

2019-01-24 13:38:43 - [TEST_STEP][NOT_RUN] - maximizeWindow(): NOT_RUN: maximizeWindow()

2019-01-24 13:38:43 - [MESSAGE][NOT_RUN] - NOT_RUN: maximizeWindow()

2019-01-24 13:38:43 - [TEST_STEP][NOT_RUN] - setText(findTestObject("TestUserLocation/login_Username"), UserName1): NOT_RUN: setText(findTestObject("TestUserLocation/login_Username"), UserName1)

2019-01-24 13:38:43 - [MESSAGE][NOT_RUN] - NOT_RUN: setText(findTestObject("TestUserLocation/login_Username"), UserName1)

2019-01-24 13:38:43 - [TEST_STEP][NOT_RUN] - setText(findTestObject("TestUserLocation/login_Password"), Password1): NOT_RUN: setText(findTestObject("TestUserLocation/login_Password"), Password1)

2019-01-24 13:38:43 - [MESSAGE][NOT_RUN] - NOT_RUN: setText(findTestObject("TestUserLocation/login_Password"), Password1)

2019-01-24 13:38:43 - [TEST_STEP][PASSED] - AdminTool_Location.setSupplierName(): AdminTool_Location.setSupplierName is PASSED

2019-01-24 13:38:43 - [MESSAGE][PASSED] - AdminTool_Location.setSupplierName is PASSED

2019-01-24 13:38:43 - [TEST_STEP][NOT_RUN] - click(findTestObject("TestUserLocation/login_Button")): NOT_RUN: click(findTestObject("TestUserLocation/login_Button"))

2019-01-24 13:38:43 - [MESSAGE][NOT_RUN] - NOT_RUN: click(findTestObject("TestUserLocation/login_Button"))

2019-01-24 13:38:43 - [TEST_STEP][PASSED] - Thread.sleep(4000): null

2019-01-24 13:38:47 - [TEST_STEP][PASSED] - click(findTestObject("TestUserLocation/mainmenu_button")): Object: 'Object Repository/TestUserLocation/mainmenu_button' is clicked on

2019-01-24 13:38:47 - [MESSAGE][PASSED] - Object: 'Object Repository/TestUserLocation/mainmenu_button' is clicked on

2019-01-24 13:38:47 - [TEST_STEP][PASSED] - Thread.sleep(2000): null

2019-01-24 13:38:49 - [TEST_STEP][NOT_RUN] - click(findTestObject("TestUserLocation/adminTool")): NOT_RUN: click(findTestObject("TestUserLocation/adminTool"))

2019-01-24 13:38:49 - [MESSAGE][NOT_RUN] - NOT_RUN: click(findTestObject("TestUserLocation/adminTool"))

2019-01-24 13:38:49 - [TEST_STEP][PASSED] - click(findTestObject("TestUserLocation/mainMenuResourceDesigner")): Object: 'Object Repository/TestUserLocation/mainMenuResourceDesigner' is clicked on

2019-01-24 13:38:49 - [MESSAGE][PASSED] - Object: 'Object Repository/TestUserLocation/mainMenuResourceDesigner' is clicked on

2019-01-24 13:38:49 - [TEST_STEP][PASSED] - Thread.sleep(4000): null

2019-01-24 13:38:53 - [TEST_STEP][PASSED] - click(findTestObject("TestResource/SuppliersDesign")): Object: 'Object Repository/TestResource/SuppliersDesign' is clicked on

2019-01-24 13:38:53 - [MESSAGE][PASSED] - Object: 'Object Repository/TestResource/SuppliersDesign' is clicked on

2019-01-24 13:38:53 - [TEST_STEP][PASSED] - Thread.sleep(4000): null

2019-01-24 13:38:57 - [TEST_STEP][PASSED] - waitForElementClickable(findTestObject("TestUserLocation/categories"), 45): Object 'Object Repository/TestUserLocation/categories' is clickable

2019-01-24 13:38:57 - [MESSAGE][PASSED] - Object 'Object Repository/TestUserLocation/categories' is clickable

2019-01-24 13:38:57 - [TEST_STEP][PASSED] - click(findTestObject("TestUserLocation/categories")): Object: 'Object Repository/TestUserLocation/categories' is clicked on

2019-01-24 13:38:57 - [MESSAGE][PASSED] - Object: 'Object Repository/TestUserLocation/categories' is clicked on

2019-01-24 13:38:57 - [TEST_STEP][PASSED] - Thread.sleep(2000): null

2019-01-24 13:38:59 - [TEST_STEP][PASSED] - click(findTestObject("TestUserLocation/defaultArea")): Object: 'Object Repository/TestUserLocation/defaultArea' is clicked on

2019-01-24 13:38:59 - [MESSAGE][PASSED] - Object: 'Object Repository/TestUserLocation/defaultArea' is clicked on

2019-01-24 13:38:59 - [TEST_STEP][PASSED] - Thread.sleep(2000): null

2019-01-24 13:39:01 - [TEST_STEP][PASSED] - click(findTestObject("TestUserLocation/hoverHeading")): Object: 'Object Repository/TestUserLocation/hoverHeading' is clicked on

2019-01-24 13:39:02 - [MESSAGE][PASSED] - Object: 'Object Repository/TestUserLocation/hoverHeading' is clicked on

2019-01-24 13:39:02 - [TEST_STEP][PASSED] - click(findTestObject("TestUserLocation/addPlusIcon")): Object: 'Object Repository/TestUserLocation/addPlusIcon' is clicked on

2019-01-24 13:39:02 - [MESSAGE][PASSED] - Object: 'Object Repository/TestUserLocation/addPlusIcon' is clicked on

2019-01-24 13:39:02 - [TEST_STEP][PASSED] - setText(findTestObject("TestUserLocation/setNewName"), findTestData("LocationData").getValue("SuppliersName", 1)): Text 'Supplier_24/01/19-13:38' is set on object 'Object Repository/TestUserLocation/setNewName'

2019-01-24 13:39:02 - [MESSAGE][PASSED] - Text 'Supplier_24/01/19-13:38' is set on object 'Object Repository/TestUserLocation/setNewName'

2019-01-24 13:39:02 - [TEST_STEP][PASSED] - Thread.sleep(2000): null

2019-01-24 13:39:04 - [TEST_STEP][PASSED] - click(findTestObject("TestUserLocation/saveButton")): Object: 'Object Repository/TestUserLocation/saveButton' is clicked on

2019-01-24 13:39:04 - [MESSAGE][PASSED] - Object: 'Object Repository/TestUserLocation/saveButton' is clicked on

2019-01-24 13:39:04 - [TEST_STEP][PASSED] - Thread.sleep(4000): null

2019-01-24 13:39:08 - [TEST_STEP][PASSED] - click(findTestObject("TestUserLocation/mainmenu_button")): Object: 'Object Repository/TestUserLocation/mainmenu_button' is clicked on

2019-01-24 13:39:08 - [MESSAGE][PASSED] - Object: 'Object Repository/TestUserLocation/mainmenu_button' is clicked on

2019-01-24 13:39:08 - [TEST_STEP][PASSED] - Thread.sleep(2000): null

2019-01-24 13:39:10 - [TEST_STEP][PASSED] - click(findTestObject("TestResource/mainMenu_resources")): Object: 'Object Repository/TestResource/mainMenu_resources' is clicked on

2019-01-24 13:39:11 - [MESSAGE][PASSED] - Object: 'Object Repository/TestResource/mainMenu_resources' is clicked on

2019-01-24 13:39:11 - [TEST_STEP][PASSED] - Thread.sleep(4000): null

2019-01-24 13:39:15 - [TEST_STEP][PASSED] - click(findTestObject("TestResource/suppliers")): Object: 'Object Repository/TestResource/suppliers' is clicked on

2019-01-24 13:39:15 - [MESSAGE][PASSED] - Object: 'Object Repository/TestResource/suppliers' is clicked on

2019-01-24 13:39:15 - [TEST_STEP][PASSED] - Thread.sleep(4000): null

2019-01-24 13:39:19 - [TEST_STEP][PASSED] - AdminTool_Location.selectSupplier(): Element has been clicked

2019-01-24 13:39:23 - [MESSAGE][PASSED] - Element has been clicked

2019-01-24 13:39:23 - [TEST_STEP][PASSED] - Thread.sleep(4000): null

2019-01-24 13:39:27 - [TEST_STEP][PASSED] - waitForElementClickable(findTestObject("TestUserLocation/addPlusIcon"), 45): Object 'Object Repository/TestUserLocation/addPlusIcon' is clickable

2019-01-24 13:39:27 - [MESSAGE][PASSED] - Object 'Object Repository/TestUserLocation/addPlusIcon' is clickable

2019-01-24 13:39:27 - [TEST_STEP][PASSED] - click(findTestObject("TestUserLocation/addPlusIcon")): Object: 'Object Repository/TestUserLocation/addPlusIcon' is clicked on

2019-01-24 13:39:27 - [MESSAGE][PASSED] - Object: 'Object Repository/TestUserLocation/addPlusIcon' is clicked on

2019-01-24 13:39:27 - [TEST_STEP][PASSED] - Thread.sleep(2000): null

2019-01-24 13:39:29 - [TEST_STEP][PASSED] - setText(findTestObject("TestUserLocation/setNewName"), findTestData("LocationData").getValue("SubSuppliersName1", 1)): Text 'SubSupplier1_24/01/19-13:38' is set on object 'Object Repository/TestUserLocation/setNewName'

2019-01-24 13:39:29 - [MESSAGE][PASSED] - Text 'SubSupplier1_24/01/19-13:38' is set on object 'Object Repository/TestUserLocation/setNewName'

2019-01-24 13:39:29 - [TEST_STEP][PASSED] - Thread.sleep(2000): null

2019-01-24 13:39:31 - [TEST_STEP][PASSED] - Submission.createResource(): Submission.createResource is PASSED

2019-01-24 13:39:31 - [MESSAGE][PASSED] - Submission.createResource is PASSED

2019-01-24 13:39:31 - [TEST_STEP][PASSED] - Thread.sleep(2000): null

2019-01-24 13:39:33 - [TEST_STEP][PASSED] - click(findTestObject("TestResource/saveDetailButton")): Object: 'Object Repository/TestResource/saveDetailButton' is clicked on

2019-01-24 13:39:34 - [MESSAGE][PASSED] - Object: 'Object Repository/TestResource/saveDetailButton' is clicked on

2019-01-24 13:39:34 - [TEST_STEP][PASSED] - Thread.sleep(7000): null

2019-01-24 13:39:41 - [TEST_STEP][PASSED] - click(findTestObject("TestResource/disableResource")): Object: 'Object Repository/TestResource/disableResource' is clicked on

2019-01-24 13:39:41 - [MESSAGE][PASSED] - Object: 'Object Repository/TestResource/disableResource' is clicked on

2019-01-24 13:39:41 - [TEST_STEP][PASSED] - Thread.sleep(2000): null

2019-01-24 13:39:43 - [TEST_STEP][PASSED] - click(findTestObject("TestResource/button2Yes")): Object: 'Object Repository/TestResource/button2Yes' is clicked on

2019-01-24 13:39:43 - [MESSAGE][PASSED] - Object: 'Object Repository/TestResource/button2Yes' is clicked on

2019-01-24 13:39:43 - [TEST_STEP][PASSED] - Thread.sleep(2000): null

2019-01-24 13:39:45 - [TEST_STEP][PASSED] - click(findTestObject("TestResource/saveDetailButton")): Object: 'Object Repository/TestResource/saveDetailButton' is clicked on

2019-01-24 13:39:45 - [MESSAGE][PASSED] - Object: 'Object Repository/TestResource/saveDetailButton' is clicked on

2019-01-24 13:39:45 - [TEST_STEP][PASSED] - AdminTool_Location.moveCursor(): AdminTool_Location.moveCursor is PASSED

2019-01-24 13:39:45 - [MESSAGE][PASSED] - AdminTool_Location.moveCursor is PASSED

2019-01-24 13:39:45 - [TEST_STEP][PASSED] - Thread.sleep(7000): null

2019-01-24 13:39:52 - [TEST_STEP][PASSED] - click(findTestObject("TestResource/locationTab")): Object: 'Object Repository/TestResource/locationTab' is clicked on

2019-01-24 13:39:52 - [MESSAGE][PASSED] - Object: 'Object Repository/TestResource/locationTab' is clicked on

2019-01-24 13:39:52 - [TEST_STEP][PASSED] - Thread.sleep(5000): null

2019-01-24 13:39:57 - [TEST_STEP][PASSED] - AdminTool_Location.checkLocation2(): AdminTool_Location.checkLocation2 is PASSED

2019-01-24 13:39:59 - [MESSAGE][PASSED] - AdminTool_Location.checkLocation2 is PASSED

2019-01-24 13:39:59 - [TEST_STEP][PASSED] - Thread.sleep(4000): null

2019-01-24 13:40:03 - [TEST_STEP][PASSED] - click(findTestObject("TestResource/saveLocation")): Object: 'Object Repository/TestResource/saveLocation' is clicked on

2019-01-24 13:40:03 - [MESSAGE][PASSED] - Object: 'Object Repository/TestResource/saveLocation' is clicked on

2019-01-24 13:40:03 - [TEST_STEP][PASSED] - Thread.sleep(2000): null

2019-01-24 13:40:05 - [TEST_STEP][PASSED] - click(findTestObject("TestUserLocation/mainmenu_button")): Object: 'Object Repository/TestUserLocation/mainmenu_button' is clicked on

2019-01-24 13:40:05 - [MESSAGE][PASSED] - Object: 'Object Repository/TestUserLocation/mainmenu_button' is clicked on

2019-01-24 13:40:05 - [TEST_STEP][PASSED] - Thread.sleep(2000): null

2019-01-24 13:40:07 - [TEST_STEP][PASSED] - click(findTestObject("TestResource/mainMenu_resources")): Object: 'Object Repository/TestResource/mainMenu_resources' is clicked on

2019-01-24 13:40:07 - [MESSAGE][PASSED] - Object: 'Object Repository/TestResource/mainMenu_resources' is clicked on

2019-01-24 13:40:07 - [TEST_STEP][PASSED] - Thread.sleep(4000): null

2019-01-24 13:40:11 - [TEST_STEP][PASSED] - click(findTestObject("TestResource/suppliers")): Object: 'Object Repository/TestResource/suppliers' is clicked on

2019-01-24 13:40:12 - [MESSAGE][PASSED] - Object: 'Object Repository/TestResource/suppliers' is clicked on

2019-01-24 13:40:12 - [TEST_STEP][PASSED] - Thread.sleep(4000): null

2019-01-24 13:40:16 - [TEST_STEP][PASSED] - AdminTool_Location.selectSupplier(): Element has been clicked

2019-01-24 13:40:20 - [MESSAGE][PASSED] - Element has been clicked

2019-01-24 13:40:20 - [TEST_STEP][PASSED] - Thread.sleep(4000): null

2019-01-24 13:40:24 - [TEST_STEP][PASSED] - waitForElementClickable(findTestObject("TestUserLocation/addPlusIcon"), 45): Object 'Object Repository/TestUserLocation/addPlusIcon' is clickable

2019-01-24 13:40:24 - [MESSAGE][PASSED] - Object 'Object Repository/TestUserLocation/addPlusIcon' is clickable

2019-01-24 13:40:24 - [TEST_STEP][PASSED] - click(findTestObject("TestUserLocation/addPlusIcon")): Object: 'Object Repository/TestUserLocation/addPlusIcon' is clicked on

2019-01-24 13:40:24 - [MESSAGE][PASSED] - Object: 'Object Repository/TestUserLocation/addPlusIcon' is clicked on

2019-01-24 13:40:24 - [TEST_STEP][PASSED] - Thread.sleep(2000): null

2019-01-24 13:40:26 - [TEST_STEP][PASSED] - setText(findTestObject("TestUserLocation/setNewName"), findTestData("LocationData").getValue("SubSuppliersName2", 1)): Text 'SubSupplier2_24/01/19-13:38' is set on object 'Object Repository/TestUserLocation/setNewName'

2019-01-24 13:40:26 - [MESSAGE][PASSED] - Text 'SubSupplier2_24/01/19-13:38' is set on object 'Object Repository/TestUserLocation/setNewName'

2019-01-24 13:40:26 - [TEST_STEP][PASSED] - Thread.sleep(2000): null

2019-01-24 13:40:28 - [TEST_STEP][PASSED] - Submission.createResource(): Submission.createResource is PASSED

2019-01-24 13:40:29 - [MESSAGE][PASSED] - Submission.createResource is PASSED

2019-01-24 13:40:29 - [TEST_STEP][PASSED] - Thread.sleep(2000): null

2019-01-24 13:40:31 - [TEST_STEP][PASSED] - click(findTestObject("TestResource/saveDetailButton")): Object: 'Object Repository/TestResource/saveDetailButton' is clicked on

2019-01-24 13:40:31 - [MESSAGE][PASSED] - Object: 'Object Repository/TestResource/saveDetailButton' is clicked on

2019-01-24 13:40:31 - [TEST_STEP][PASSED] - Thread.sleep(7000): null

2019-01-24 13:40:38 - [TEST_STEP][PASSED] - click(findTestObject("TestResource/locationTab")): Object: 'Object Repository/TestResource/locationTab' is clicked on

2019-01-24 13:40:38 - [MESSAGE][PASSED] - Object: 'Object Repository/TestResource/locationTab' is clicked on

2019-01-24 13:40:38 - [TEST_STEP][PASSED] - Thread.sleep(5000): null

2019-01-24 13:40:43 - [TEST_STEP][PASSED] - AdminTool_Location.checkLocation2(): AdminTool_Location.checkLocation2 is PASSED

2019-01-24 13:40:45 - [MESSAGE][PASSED] - AdminTool_Location.checkLocation2 is PASSED

2019-01-24 13:40:45 - [TEST_STEP][PASSED] - Thread.sleep(4000): null

2019-01-24 13:40:49 - [TEST_STEP][PASSED] - click(findTestObject("TestResource/saveLocation")): Object: 'Object Repository/TestResource/saveLocation' is clicked on

2019-01-24 13:40:49 - [MESSAGE][PASSED] - Object: 'Object Repository/TestResource/saveLocation' is clicked on

2019-01-24 13:40:49 - [TEST_STEP][PASSED] - Thread.sleep(2000): null]]></system-out>
         <system-err><![CDATA[]]></system-err>
      </testcase>
      <testcase name="Test Cases/Data-Security/createUser" classname="Test Cases/Data-Security/createUser" status="PASSED">
         <system-out><![CDATA[2019-01-24 13:40:51 - [TEST_CASE][PASSED] - Test Cases/Data-Security/createUser: Test Cases/Data-Security/createUser

2019-01-24 13:40:51 - [TEST_STEP][NOT_RUN] - openBrowser(URL): NOT_RUN: openBrowser(URL)

2019-01-24 13:40:51 - [MESSAGE][NOT_RUN] - NOT_RUN: openBrowser(URL)

2019-01-24 13:40:51 - [TEST_STEP][NOT_RUN] - maximizeWindow(): NOT_RUN: maximizeWindow()

2019-01-24 13:40:51 - [MESSAGE][NOT_RUN] - NOT_RUN: maximizeWindow()

2019-01-24 13:40:51 - [TEST_STEP][NOT_RUN] - waitForElementVisible(findTestObject("TestUserLocation/login_Username"), 70): NOT_RUN: waitForElementVisible(findTestObject("TestUserLocation/login_Username"), 70)

2019-01-24 13:40:51 - [MESSAGE][NOT_RUN] - NOT_RUN: waitForElementVisible(findTestObject("TestUserLocation/login_Username"), 70)

2019-01-24 13:40:51 - [TEST_STEP][NOT_RUN] - setText(findTestObject("TestUserLocation/login_Username"), UserName): NOT_RUN: setText(findTestObject("TestUserLocation/login_Username"), UserName)

2019-01-24 13:40:51 - [MESSAGE][NOT_RUN] - NOT_RUN: setText(findTestObject("TestUserLocation/login_Username"), UserName)

2019-01-24 13:40:51 - [TEST_STEP][NOT_RUN] - setText(findTestObject("TestUserLocation/login_Password"), Password): NOT_RUN: setText(findTestObject("TestUserLocation/login_Password"), Password)

2019-01-24 13:40:51 - [MESSAGE][NOT_RUN] - NOT_RUN: setText(findTestObject("TestUserLocation/login_Password"), Password)

2019-01-24 13:40:51 - [TEST_STEP][PASSED] - User.setNamePass(): User.setNamePass is PASSED

2019-01-24 13:40:51 - [MESSAGE][PASSED] - User.setNamePass is PASSED

2019-01-24 13:40:51 - [TEST_STEP][NOT_RUN] - click(findTestObject("TestUserLocation/login_Button")): NOT_RUN: click(findTestObject("TestUserLocation/login_Button"))

2019-01-24 13:40:51 - [MESSAGE][NOT_RUN] - NOT_RUN: click(findTestObject("TestUserLocation/login_Button"))

2019-01-24 13:40:51 - [TEST_STEP][PASSED] - Thread.sleep(6000): null

2019-01-24 13:40:57 - [TEST_STEP][PASSED] - waitForElementClickable(findTestObject("TestUserLocation/mainmenu_button"), 70): Object 'Object Repository/TestUserLocation/mainmenu_button' is clickable

2019-01-24 13:40:57 - [MESSAGE][PASSED] - Object 'Object Repository/TestUserLocation/mainmenu_button' is clickable

2019-01-24 13:40:57 - [TEST_STEP][PASSED] - click(findTestObject("TestUserLocation/mainmenu_button")): Object: 'Object Repository/TestUserLocation/mainmenu_button' is clicked on

2019-01-24 13:40:58 - [MESSAGE][PASSED] - Object: 'Object Repository/TestUserLocation/mainmenu_button' is clicked on

2019-01-24 13:40:58 - [TEST_STEP][NOT_RUN] - click(findTestObject("Form_Selection_Creation/mainMenu_AdminTools")): NOT_RUN: click(findTestObject("Form_Selection_Creation/mainMenu_AdminTools"))

2019-01-24 13:40:58 - [MESSAGE][NOT_RUN] - NOT_RUN: click(findTestObject("Form_Selection_Creation/mainMenu_AdminTools"))

2019-01-24 13:40:58 - [TEST_STEP][PASSED] - Thread.sleep(2000): null

2019-01-24 13:41:00 - [TEST_STEP][PASSED] - click(findTestObject("TestUser/users")): Object: 'Object Repository/TestUser/users' is clicked on

2019-01-24 13:41:00 - [MESSAGE][PASSED] - Object: 'Object Repository/TestUser/users' is clicked on

2019-01-24 13:41:00 - [TEST_STEP][PASSED] - Thread.sleep(6000): null

2019-01-24 13:41:06 - [TEST_STEP][PASSED] - click(findTestObject("TestUser/addNewUser")): Object: 'Object Repository/TestUser/addNewUser' is clicked on

2019-01-24 13:41:06 - [MESSAGE][PASSED] - Object: 'Object Repository/TestUser/addNewUser' is clicked on

2019-01-24 13:41:06 - [TEST_STEP][PASSED] - Thread.sleep(4000): null

2019-01-24 13:41:10 - [TEST_STEP][PASSED] - setText(findTestObject("TestUser/userName"), findTestData("UserData").getValue("UserName", 1)): Text 'User_On_24/01/19-13:40' is set on object 'Object Repository/TestUser/userName'

2019-01-24 13:41:10 - [MESSAGE][PASSED] - Text 'User_On_24/01/19-13:40' is set on object 'Object Repository/TestUser/userName'

2019-01-24 13:41:10 - [TEST_STEP][PASSED] - setText(findTestObject("TestUser/password"), findTestData("UserData").getValue("Password", 1)): Text 'password' is set on object 'Object Repository/TestUser/password'

2019-01-24 13:41:10 - [MESSAGE][PASSED] - Text 'password' is set on object 'Object Repository/TestUser/password'

2019-01-24 13:41:10 - [TEST_STEP][PASSED] - setText(findTestObject("TestUser/firstName"), "Test"): Text 'Test' is set on object 'Object Repository/TestUser/firstName'

2019-01-24 13:41:10 - [MESSAGE][PASSED] - Text 'Test' is set on object 'Object Repository/TestUser/firstName'

2019-01-24 13:41:10 - [TEST_STEP][PASSED] - setText(findTestObject("TestUser/lastName"), "Auto"): Text 'Auto' is set on object 'Object Repository/TestUser/lastName'

2019-01-24 13:41:11 - [MESSAGE][PASSED] - Text 'Auto' is set on object 'Object Repository/TestUser/lastName'

2019-01-24 13:41:11 - [TEST_STEP][PASSED] - setText(findTestObject("TestUser/email"), "test123@auto.com"): Text 'test123@auto.com' is set on object 'Object Repository/TestUser/email'

2019-01-24 13:41:11 - [MESSAGE][PASSED] - Text 'test123@auto.com' is set on object 'Object Repository/TestUser/email'

2019-01-24 13:41:11 - [TEST_STEP][PASSED] - click(findTestObject("TestUser/timeZoneOpen")): Object: 'Object Repository/TestUser/timeZoneOpen' is clicked on

2019-01-24 13:41:11 - [MESSAGE][PASSED] - Object: 'Object Repository/TestUser/timeZoneOpen' is clicked on

2019-01-24 13:41:11 - [TEST_STEP][PASSED] - Thread.sleep(2000): null

2019-01-24 13:41:13 - [TEST_STEP][PASSED] - click(findTestObject("TestUser/selectTimeZone")): Object: 'Object Repository/TestUser/selectTimeZone' is clicked on

2019-01-24 13:41:13 - [MESSAGE][PASSED] - Object: 'Object Repository/TestUser/selectTimeZone' is clicked on

2019-01-24 13:41:13 - [TEST_STEP][PASSED] - Thread.sleep(2000): null

2019-01-24 13:41:15 - [TEST_STEP][PASSED] - click(findTestObject("TestUser/clickOutside")): Object: 'Object Repository/TestUser/clickOutside' is clicked on

2019-01-24 13:41:15 - [MESSAGE][PASSED] - Object: 'Object Repository/TestUser/clickOutside' is clicked on

2019-01-24 13:41:15 - [TEST_STEP][PASSED] - click(findTestObject("TestUser/locationOpen")): Object: 'Object Repository/TestUser/locationOpen' is clicked on

2019-01-24 13:41:16 - [MESSAGE][PASSED] - Object: 'Object Repository/TestUser/locationOpen' is clicked on

2019-01-24 13:41:16 - [TEST_STEP][PASSED] - AdminTool_Location.selectLocations(): Element has been clicked

2019-01-24 13:41:22 - [MESSAGE][PASSED] - Element has been clicked

2019-01-24 13:41:22 - [TEST_STEP][PASSED] - Thread.sleep(2000): null

2019-01-24 13:41:24 - [TEST_STEP][NOT_RUN] - click(findTestObject("TestUser/selectLocation")): NOT_RUN: click(findTestObject("TestUser/selectLocation"))

2019-01-24 13:41:24 - [MESSAGE][NOT_RUN] - NOT_RUN: click(findTestObject("TestUser/selectLocation"))

2019-01-24 13:41:24 - [TEST_STEP][NOT_RUN] - Thread.sleep(2000): NOT_RUN: Thread.sleep(2000)

2019-01-24 13:41:24 - [MESSAGE][NOT_RUN] - NOT_RUN: Thread.sleep(2000)

2019-01-24 13:41:24 - [TEST_STEP][PASSED] - click(findTestObject("TestUser/clickOutside")): Object: 'Object Repository/TestUser/clickOutside' is clicked on

2019-01-24 13:41:25 - [MESSAGE][PASSED] - Object: 'Object Repository/TestUser/clickOutside' is clicked on

2019-01-24 13:41:25 - [TEST_STEP][PASSED] - click(findTestObject("TestUser/roleOpen")): Object: 'Object Repository/TestUser/roleOpen' is clicked on

2019-01-24 13:41:25 - [MESSAGE][PASSED] - Object: 'Object Repository/TestUser/roleOpen' is clicked on

2019-01-24 13:41:25 - [TEST_STEP][PASSED] - Thread.sleep(2000): null

2019-01-24 13:41:27 - [TEST_STEP][PASSED] - setText(findTestObject("TestUser/selectRole"), "Superadmin"): Text 'Superadmin' is set on object 'Object Repository/TestUser/selectRole'

2019-01-24 13:41:27 - [MESSAGE][PASSED] - Text 'Superadmin' is set on object 'Object Repository/TestUser/selectRole'

2019-01-24 13:41:27 - [TEST_STEP][PASSED] - Thread.sleep(2000): null

2019-01-24 13:41:29 - [TEST_STEP][PASSED] - sendKeys(findTestObject("TestUser/selectRole"), Keys.chord(ENTER)): Keys 'ENTER + ' sent to object: 'Object Repository/TestUser/selectRole'

2019-01-24 13:41:29 - [MESSAGE][PASSED] - Keys 'ENTER + ' sent to object: 'Object Repository/TestUser/selectRole'

2019-01-24 13:41:29 - [TEST_STEP][PASSED] - Thread.sleep(2000): null

2019-01-24 13:41:31 - [TEST_STEP][PASSED] - AdminTool_Location.moveCursor(): AdminTool_Location.moveCursor is PASSED

2019-01-24 13:41:31 - [MESSAGE][PASSED] - AdminTool_Location.moveCursor is PASSED

2019-01-24 13:41:31 - [TEST_STEP][PASSED] - Thread.sleep(2000): null

2019-01-24 13:41:33 - [TEST_STEP][PASSED] - click(findTestObject("TestUser/clickOutside")): Object: 'Object Repository/TestUser/clickOutside' is clicked on

2019-01-24 13:41:33 - [MESSAGE][PASSED] - Object: 'Object Repository/TestUser/clickOutside' is clicked on

2019-01-24 13:41:33 - [TEST_STEP][PASSED] - Thread.sleep(2000): null

2019-01-24 13:41:35 - [TEST_STEP][PASSED] - click(findTestObject("TestUser/saveUser")): Object: 'Object Repository/TestUser/saveUser' is clicked on

2019-01-24 13:41:35 - [MESSAGE][PASSED] - Object: 'Object Repository/TestUser/saveUser' is clicked on

2019-01-24 13:41:35 - [TEST_STEP][PASSED] - Thread.sleep(6000): null]]></system-out>
         <system-err><![CDATA[]]></system-err>
      </testcase>
      <testcase name="Test Cases/Data-Security/5_CreateWG" classname="Test Cases/Data-Security/5_CreateWG" status="PASSED">
         <system-out><![CDATA[2019-01-24 13:41:41 - [TEST_CASE][PASSED] - Test Cases/Data-Security/5_CreateWG: Test Cases/Data-Security/5_CreateWG

2019-01-24 13:41:42 - [TEST_STEP][NOT_RUN] - openBrowser(URL): NOT_RUN: openBrowser(URL)

2019-01-24 13:41:42 - [MESSAGE][NOT_RUN] - NOT_RUN: openBrowser(URL)

2019-01-24 13:41:42 - [TEST_STEP][NOT_RUN] - maximizeWindow(): NOT_RUN: maximizeWindow()

2019-01-24 13:41:42 - [MESSAGE][NOT_RUN] - NOT_RUN: maximizeWindow()

2019-01-24 13:41:42 - [TEST_STEP][NOT_RUN] - setText(findTestObject("Form_Selection_Creation/login_Username"), UserName): NOT_RUN: setText(findTestObject("Form_Selection_Creation/login_Username"), UserName)

2019-01-24 13:41:42 - [MESSAGE][NOT_RUN] - NOT_RUN: setText(findTestObject("Form_Selection_Creation/login_Username"), UserName)

2019-01-24 13:41:42 - [TEST_STEP][NOT_RUN] - setText(findTestObject("Form_Selection_Creation/login_Password"), Password): NOT_RUN: setText(findTestObject("Form_Selection_Creation/login_Password"), Password)

2019-01-24 13:41:42 - [MESSAGE][NOT_RUN] - NOT_RUN: setText(findTestObject("Form_Selection_Creation/login_Password"), Password)

2019-01-24 13:41:42 - [TEST_STEP][PASSED] - Supplier.setWG(): Supplier.setWG is PASSED

2019-01-24 13:41:42 - [MESSAGE][PASSED] - Supplier.setWG is PASSED

2019-01-24 13:41:42 - [TEST_STEP][NOT_RUN] - click(findTestObject("Form_Selection_Creation/login_Button")): NOT_RUN: click(findTestObject("Form_Selection_Creation/login_Button"))

2019-01-24 13:41:42 - [MESSAGE][NOT_RUN] - NOT_RUN: click(findTestObject("Form_Selection_Creation/login_Button"))

2019-01-24 13:41:42 - [TEST_STEP][PASSED] - Thread.sleep(4000): null

2019-01-24 13:41:46 - [TEST_STEP][PASSED] - click(findTestObject("Form_Selection_Creation/mainMenu_Button")): Object: 'Object Repository/Form_Selection_Creation/mainMenu_Button' is clicked on

2019-01-24 13:41:46 - [MESSAGE][PASSED] - Object: 'Object Repository/Form_Selection_Creation/mainMenu_Button' is clicked on

2019-01-24 13:41:46 - [TEST_STEP][NOT_RUN] - click(findTestObject("Form_Selection_Creation/mainMenu_AdminTools")): NOT_RUN: click(findTestObject("Form_Selection_Creation/mainMenu_AdminTools"))

2019-01-24 13:41:46 - [MESSAGE][NOT_RUN] - NOT_RUN: click(findTestObject("Form_Selection_Creation/mainMenu_AdminTools"))

2019-01-24 13:41:46 - [TEST_STEP][PASSED] - click(findTestObject("SupplierFlow/workgroup")): Object: 'Object Repository/SupplierFlow/workgroup' is clicked on

2019-01-24 13:41:46 - [MESSAGE][PASSED] - Object: 'Object Repository/SupplierFlow/workgroup' is clicked on

2019-01-24 13:41:46 - [TEST_STEP][PASSED] - Thread.sleep(5000): null

2019-01-24 13:41:51 - [TEST_STEP][PASSED] - click(findTestObject("SupplierFlow/addButtonWG")): Object: 'Object Repository/SupplierFlow/addButtonWG' is clicked on

2019-01-24 13:41:51 - [MESSAGE][PASSED] - Object: 'Object Repository/SupplierFlow/addButtonWG' is clicked on

2019-01-24 13:41:51 - [TEST_STEP][PASSED] - setText(findTestObject("SupplierFlow/setWGText"), findTestData("SupplierData").getValue("WorkGroupName", 1)): Text 'WorkGroup_24/01/19-13:41' is set on object 'Object Repository/SupplierFlow/setWGText'

2019-01-24 13:41:52 - [MESSAGE][PASSED] - Text 'WorkGroup_24/01/19-13:41' is set on object 'Object Repository/SupplierFlow/setWGText'

2019-01-24 13:41:52 - [TEST_STEP][PASSED] - sendKeys(findTestObject("SupplierFlow/setWGText"), Keys.chord(ENTER)): Keys 'ENTER + ' sent to object: 'Object Repository/SupplierFlow/setWGText'

2019-01-24 13:41:52 - [MESSAGE][PASSED] - Keys 'ENTER + ' sent to object: 'Object Repository/SupplierFlow/setWGText'

2019-01-24 13:41:52 - [TEST_STEP][PASSED] - Thread.sleep(6000): null

2019-01-24 13:41:58 - [TEST_STEP][PASSED] - AdminTool_Location.moveCursor(): AdminTool_Location.moveCursor is PASSED

2019-01-24 13:41:58 - [MESSAGE][PASSED] - AdminTool_Location.moveCursor is PASSED

2019-01-24 13:41:58 - [TEST_STEP][PASSED] - Thread.sleep(2000): null

2019-01-24 13:42:00 - [TEST_STEP][PASSED] - setText(findTestObject("SupplierFlow/searchUserInWG"), findTestData("UserData").getValue("UserName", 1)): Text 'User_On_24/01/19-13:40' is set on object 'Object Repository/SupplierFlow/searchUserInWG'

2019-01-24 13:42:01 - [MESSAGE][PASSED] - Text 'User_On_24/01/19-13:40' is set on object 'Object Repository/SupplierFlow/searchUserInWG'

2019-01-24 13:42:01 - [TEST_STEP][NOT_RUN] - setText(findTestObject("SupplierFlow/searchUserInWG"), "tester"): NOT_RUN: setText(findTestObject("SupplierFlow/searchUserInWG"), "tester")

2019-01-24 13:42:01 - [MESSAGE][NOT_RUN] - NOT_RUN: setText(findTestObject("SupplierFlow/searchUserInWG"), "tester")

2019-01-24 13:42:01 - [TEST_STEP][PASSED] - sendKeys(findTestObject("SupplierFlow/searchUserInWG"), Keys.chord(ENTER)): Keys 'ENTER + ' sent to object: 'Object Repository/SupplierFlow/searchUserInWG'

2019-01-24 13:42:01 - [MESSAGE][PASSED] - Keys 'ENTER + ' sent to object: 'Object Repository/SupplierFlow/searchUserInWG'

2019-01-24 13:42:01 - [TEST_STEP][PASSED] - Thread.sleep(4000): null

2019-01-24 13:42:05 - [TEST_STEP][PASSED] - check(findTestObject("SupplierFlow/checkUserinWG")): Object 'Object Repository/SupplierFlow/checkUserinWG' is checked

2019-01-24 13:42:05 - [MESSAGE][PASSED] - Object 'Object Repository/SupplierFlow/checkUserinWG' is checked

2019-01-24 13:42:05 - [TEST_STEP][PASSED] - Thread.sleep(3000): null

2019-01-24 13:42:08 - [TEST_STEP][PASSED] - clearText(findTestObject("SupplierFlow/searchUserInWG"), STOP_ON_FAILURE): Text of object 'Object Repository/SupplierFlow/searchUserInWG' is cleared

2019-01-24 13:42:08 - [MESSAGE][PASSED] - Text of object 'Object Repository/SupplierFlow/searchUserInWG' is cleared

2019-01-24 13:42:08 - [TEST_STEP][PASSED] - Thread.sleep(2000): null

2019-01-24 13:42:10 - [TEST_STEP][PASSED] - setText(findTestObject("SupplierFlow/searchUserInWG"), UserName): Text 'Superadmin' is set on object 'Object Repository/SupplierFlow/searchUserInWG'

2019-01-24 13:42:10 - [MESSAGE][PASSED] - Text 'Superadmin' is set on object 'Object Repository/SupplierFlow/searchUserInWG'

2019-01-24 13:42:10 - [TEST_STEP][PASSED] - sendKeys(findTestObject("SupplierFlow/searchUserInWG"), Keys.chord(ENTER)): Keys 'ENTER + ' sent to object: 'Object Repository/SupplierFlow/searchUserInWG'

2019-01-24 13:42:10 - [MESSAGE][PASSED] - Keys 'ENTER + ' sent to object: 'Object Repository/SupplierFlow/searchUserInWG'

2019-01-24 13:42:10 - [TEST_STEP][PASSED] - Thread.sleep(4000): null

2019-01-24 13:42:14 - [TEST_STEP][PASSED] - check(findTestObject("SupplierFlow/checkUserinWG")): Object 'Object Repository/SupplierFlow/checkUserinWG' is checked

2019-01-24 13:42:15 - [MESSAGE][PASSED] - Object 'Object Repository/SupplierFlow/checkUserinWG' is checked

2019-01-24 13:42:15 - [TEST_STEP][PASSED] - Thread.sleep(3000): null

2019-01-24 13:42:18 - [TEST_STEP][PASSED] - click(findTestObject("SupplierFlow/saveInWG")): Object: 'Object Repository/SupplierFlow/saveInWG' is clicked on

2019-01-24 13:42:18 - [MESSAGE][PASSED] - Object: 'Object Repository/SupplierFlow/saveInWG' is clicked on

2019-01-24 13:42:18 - [TEST_STEP][PASSED] - Thread.sleep(3000): null

2019-01-24 13:42:21 - [TEST_STEP][PASSED] - click(findTestObject("Form_Selection_Creation/home")): Object: 'Object Repository/Form_Selection_Creation/home' is clicked on

2019-01-24 13:42:21 - [MESSAGE][PASSED] - Object: 'Object Repository/Form_Selection_Creation/home' is clicked on]]></system-out>
         <system-err><![CDATA[]]></system-err>
      </testcase>
      <testcase name="Test Cases/Data-Security/1_CreateForm" classname="Test Cases/Data-Security/1_CreateForm" status="PASSED">
         <system-out><![CDATA[2019-01-24 13:42:21 - [TEST_CASE][PASSED] - Test Cases/Data-Security/1_CreateForm: Test Cases/Data-Security/1_CreateForm

2019-01-24 13:42:21 - [TEST_STEP][NOT_RUN] - openBrowser(URL): NOT_RUN: openBrowser(URL)

2019-01-24 13:42:21 - [MESSAGE][NOT_RUN] - NOT_RUN: openBrowser(URL)

2019-01-24 13:42:21 - [TEST_STEP][NOT_RUN] - maximizeWindow(): NOT_RUN: maximizeWindow()

2019-01-24 13:42:21 - [MESSAGE][NOT_RUN] - NOT_RUN: maximizeWindow()

2019-01-24 13:42:21 - [TEST_STEP][NOT_RUN] - setText(findTestObject("Form_Selection_Creation/login_Username"), UserName): NOT_RUN: setText(findTestObject("Form_Selection_Creation/login_Username"), UserName)

2019-01-24 13:42:21 - [MESSAGE][NOT_RUN] - NOT_RUN: setText(findTestObject("Form_Selection_Creation/login_Username"), UserName)

2019-01-24 13:42:21 - [TEST_STEP][NOT_RUN] - setText(findTestObject("Form_Selection_Creation/login_Password"), Password): NOT_RUN: setText(findTestObject("Form_Selection_Creation/login_Password"), Password)

2019-01-24 13:42:21 - [MESSAGE][NOT_RUN] - NOT_RUN: setText(findTestObject("Form_Selection_Creation/login_Password"), Password)

2019-01-24 13:42:21 - [TEST_STEP][PASSED] - FormName.setData(): FormName.setData is PASSED

2019-01-24 13:42:21 - [MESSAGE][PASSED] - FormName.setData is PASSED

2019-01-24 13:42:21 - [TEST_STEP][NOT_RUN] - click(findTestObject("Form_Selection_Creation/login_Button")): NOT_RUN: click(findTestObject("Form_Selection_Creation/login_Button"))

2019-01-24 13:42:21 - [MESSAGE][NOT_RUN] - NOT_RUN: click(findTestObject("Form_Selection_Creation/login_Button"))

2019-01-24 13:42:21 - [TEST_STEP][PASSED] - Thread.sleep(3000): null

2019-01-24 13:42:24 - [TEST_STEP][PASSED] - AdminTool_Location.moveCursor(): AdminTool_Location.moveCursor is PASSED

2019-01-24 13:42:24 - [MESSAGE][PASSED] - AdminTool_Location.moveCursor is PASSED

2019-01-24 13:42:24 - [TEST_STEP][NOT_RUN] - Thread.sleep(2000): NOT_RUN: Thread.sleep(2000)

2019-01-24 13:42:24 - [MESSAGE][NOT_RUN] - NOT_RUN: Thread.sleep(2000)

2019-01-24 13:42:24 - [TEST_STEP][PASSED] - click(findTestObject("Form_Selection_Creation/mainMenu_Button")): Object: 'Object Repository/Form_Selection_Creation/mainMenu_Button' is clicked on

2019-01-24 13:42:24 - [MESSAGE][PASSED] - Object: 'Object Repository/Form_Selection_Creation/mainMenu_Button' is clicked on

2019-01-24 13:42:24 - [TEST_STEP][NOT_RUN] - click(findTestObject("Form_Selection_Creation/mainMenu_AdminTools")): NOT_RUN: click(findTestObject("Form_Selection_Creation/mainMenu_AdminTools"))

2019-01-24 13:42:24 - [MESSAGE][NOT_RUN] - NOT_RUN: click(findTestObject("Form_Selection_Creation/mainMenu_AdminTools"))

2019-01-24 13:42:24 - [TEST_STEP][PASSED] - waitForElementVisible(findTestObject("Form_Selection_Creation/mainMenu_AdminTools_FormDesigner"), 45): Object 'Object Repository/Form_Selection_Creation/mainMenu_AdminTools_FormDesigner' is visible

2019-01-24 13:42:24 - [MESSAGE][PASSED] - Object 'Object Repository/Form_Selection_Creation/mainMenu_AdminTools_FormDesigner' is visible

2019-01-24 13:42:24 - [TEST_STEP][PASSED] - click(findTestObject("Form_Selection_Creation/mainMenu_AdminTools_FormDesigner")): Object: 'Object Repository/Form_Selection_Creation/mainMenu_AdminTools_FormDesigner' is clicked on

2019-01-24 13:42:25 - [MESSAGE][PASSED] - Object: 'Object Repository/Form_Selection_Creation/mainMenu_AdminTools_FormDesigner' is clicked on

2019-01-24 13:42:25 - [TEST_STEP][PASSED] - click(findTestObject("Form_Selection_Creation/selectCheckForm")): Object: 'Object Repository/Form_Selection_Creation/selectCheckForm' is clicked on

2019-01-24 13:42:25 - [MESSAGE][PASSED] - Object: 'Object Repository/Form_Selection_Creation/selectCheckForm' is clicked on

2019-01-24 13:42:25 - [TEST_STEP][PASSED] - Thread.sleep(3000): null

2019-01-24 13:42:28 - [TEST_STEP][PASSED] - waitForElementClickable(findTestObject("Form_Selection_Creation/formDesign_selectResource"), 25): Object 'Object Repository/Form_Selection_Creation/formDesign_selectResource' is clickable

2019-01-24 13:42:28 - [MESSAGE][PASSED] - Object 'Object Repository/Form_Selection_Creation/formDesign_selectResource' is clickable

2019-01-24 13:42:28 - [TEST_STEP][PASSED] - AdminTool_Location.dragDropCust(2): Element has been clicked

2019-01-24 13:42:32 - [MESSAGE][PASSED] - Element has been clicked

2019-01-24 13:42:32 - [TEST_STEP][NOT_RUN] - dragAndDropToObject(findTestObject("Form_Selection_Creation/formDesign_selectResource"), findTestObject("Form_Selection_Creation/Target_Res_Object")): NOT_RUN: dragAndDropToObject(findTestObject("Form_Selection_Creation/formDesign_selectResource"), findTestObject("Form_Selection_Creation/Target_Res_Object"))

2019-01-24 13:42:32 - [MESSAGE][NOT_RUN] - NOT_RUN: dragAndDropToObject(findTestObject("Form_Selection_Creation/formDesign_selectResource"), findTestObject("Form_Selection_Creation/Target_Res_Object"))

2019-01-24 13:42:32 - [TEST_STEP][PASSED] - waitForElementClickable(findTestObject("Form_Selection_Creation/openResType"), 25): Object 'Object Repository/Form_Selection_Creation/openResType' is clickable

2019-01-24 13:42:32 - [MESSAGE][PASSED] - Object 'Object Repository/Form_Selection_Creation/openResType' is clickable

2019-01-24 13:42:32 - [TEST_STEP][PASSED] - Thread.sleep(4000): null

2019-01-24 13:42:36 - [TEST_STEP][PASSED] - click(findTestObject("Form_Selection_Creation/openResType")): Object: 'Object Repository/Form_Selection_Creation/openResType' is clicked on

2019-01-24 13:42:36 - [MESSAGE][PASSED] - Object: 'Object Repository/Form_Selection_Creation/openResType' is clicked on

2019-01-24 13:42:36 - [TEST_STEP][PASSED] - Thread.sleep(2000): null

2019-01-24 13:42:38 - [TEST_STEP][PASSED] - click(findTestObject("Form_Selection_Creation/selectEquipment")): Object: 'Object Repository/Form_Selection_Creation/selectEquipment' is clicked on

2019-01-24 13:42:38 - [MESSAGE][PASSED] - Object: 'Object Repository/Form_Selection_Creation/selectEquipment' is clicked on

2019-01-24 13:42:38 - [TEST_STEP][PASSED] - waitForElementClickable(findTestObject("Form_Selection_Creation/formDesign_selectResource"), 25): Object 'Object Repository/Form_Selection_Creation/formDesign_selectResource' is clickable

2019-01-24 13:42:38 - [MESSAGE][PASSED] - Object 'Object Repository/Form_Selection_Creation/formDesign_selectResource' is clickable

2019-01-24 13:42:38 - [TEST_STEP][PASSED] - Thread.sleep(2000): null

2019-01-24 13:42:40 - [TEST_STEP][PASSED] - AdminTool_Location.dragDropCust(3): Element has been clicked

2019-01-24 13:42:45 - [MESSAGE][PASSED] - Element has been clicked

2019-01-24 13:42:45 - [TEST_STEP][NOT_RUN] - dragAndDropToObject(findTestObject("Form_Selection_Creation/formDesign_selectResource"), findTestObject("Form_Selection_Creation/Target_Res_Object")): NOT_RUN: dragAndDropToObject(findTestObject("Form_Selection_Creation/formDesign_selectResource"), findTestObject("Form_Selection_Creation/Target_Res_Object"))

2019-01-24 13:42:45 - [MESSAGE][NOT_RUN] - NOT_RUN: dragAndDropToObject(findTestObject("Form_Selection_Creation/formDesign_selectResource"), findTestObject("Form_Selection_Creation/Target_Res_Object"))

2019-01-24 13:42:45 - [TEST_STEP][PASSED] - waitForElementClickable(findTestObject("Form_Selection_Creation/openResType"), 25): Object 'Object Repository/Form_Selection_Creation/openResType' is clickable

2019-01-24 13:42:45 - [MESSAGE][PASSED] - Object 'Object Repository/Form_Selection_Creation/openResType' is clickable

2019-01-24 13:42:45 - [TEST_STEP][PASSED] - Thread.sleep(4000): null

2019-01-24 13:42:49 - [TEST_STEP][PASSED] - click(findTestObject("Form_Selection_Creation/openResType")): Object: 'Object Repository/Form_Selection_Creation/openResType' is clicked on

2019-01-24 13:42:49 - [MESSAGE][PASSED] - Object: 'Object Repository/Form_Selection_Creation/openResType' is clicked on

2019-01-24 13:42:49 - [TEST_STEP][PASSED] - Thread.sleep(2000): null

2019-01-24 13:42:51 - [TEST_STEP][PASSED] - click(findTestObject("Form_Selection_Creation/selectItem")): Object: 'Object Repository/Form_Selection_Creation/selectItem' is clicked on

2019-01-24 13:42:51 - [MESSAGE][PASSED] - Object: 'Object Repository/Form_Selection_Creation/selectItem' is clicked on

2019-01-24 13:42:51 - [TEST_STEP][PASSED] - waitForElementClickable(findTestObject("Form_Selection_Creation/formDesign_selectResource"), 25): Object 'Object Repository/Form_Selection_Creation/formDesign_selectResource' is clickable

2019-01-24 13:42:51 - [MESSAGE][PASSED] - Object 'Object Repository/Form_Selection_Creation/formDesign_selectResource' is clickable

2019-01-24 13:42:51 - [TEST_STEP][PASSED] - Thread.sleep(2000): null

2019-01-24 13:42:53 - [TEST_STEP][PASSED] - AdminTool_Location.dragDropCust(4): Element has been clicked

2019-01-24 13:42:57 - [MESSAGE][PASSED] - Element has been clicked

2019-01-24 13:42:57 - [TEST_STEP][NOT_RUN] - dragAndDropToObject(findTestObject("Form_Selection_Creation/formDesign_selectResource"), findTestObject("Form_Selection_Creation/Target_Res_Object")): NOT_RUN: dragAndDropToObject(findTestObject("Form_Selection_Creation/formDesign_selectResource"), findTestObject("Form_Selection_Creation/Target_Res_Object"))

2019-01-24 13:42:57 - [MESSAGE][NOT_RUN] - NOT_RUN: dragAndDropToObject(findTestObject("Form_Selection_Creation/formDesign_selectResource"), findTestObject("Form_Selection_Creation/Target_Res_Object"))

2019-01-24 13:42:57 - [TEST_STEP][PASSED] - waitForElementClickable(findTestObject("Form_Selection_Creation/openResType"), 25): Object 'Object Repository/Form_Selection_Creation/openResType' is clickable

2019-01-24 13:42:57 - [MESSAGE][PASSED] - Object 'Object Repository/Form_Selection_Creation/openResType' is clickable

2019-01-24 13:42:57 - [TEST_STEP][PASSED] - Thread.sleep(4000): null

2019-01-24 13:43:01 - [TEST_STEP][PASSED] - click(findTestObject("Form_Selection_Creation/openResType")): Object: 'Object Repository/Form_Selection_Creation/openResType' is clicked on

2019-01-24 13:43:01 - [MESSAGE][PASSED] - Object: 'Object Repository/Form_Selection_Creation/openResType' is clicked on

2019-01-24 13:43:01 - [TEST_STEP][PASSED] - Thread.sleep(2000): null

2019-01-24 13:43:03 - [TEST_STEP][PASSED] - click(findTestObject("Form_Selection_Creation/selectSupplier")): Object: 'Object Repository/Form_Selection_Creation/selectSupplier' is clicked on

2019-01-24 13:43:03 - [MESSAGE][PASSED] - Object: 'Object Repository/Form_Selection_Creation/selectSupplier' is clicked on

2019-01-24 13:43:03 - [TEST_STEP][PASSED] - waitForElementClickable(findTestObject("Form_Selection_Creation/formDesign_selectResource"), 25): Object 'Object Repository/Form_Selection_Creation/formDesign_selectResource' is clickable

2019-01-24 13:43:04 - [MESSAGE][PASSED] - Object 'Object Repository/Form_Selection_Creation/formDesign_selectResource' is clickable

2019-01-24 13:43:04 - [TEST_STEP][PASSED] - Thread.sleep(2000): null

2019-01-24 13:43:06 - [TEST_STEP][PASSED] - AdminTool_Location.dragDropCust(5): Element has been clicked

2019-01-24 13:43:10 - [MESSAGE][PASSED] - Element has been clicked

2019-01-24 13:43:10 - [TEST_STEP][NOT_RUN] - dragAndDropToObject(findTestObject("Form_Selection_Creation/formDesign_selectResource"), findTestObject("Form_Selection_Creation/Target_Res_Object")): NOT_RUN: dragAndDropToObject(findTestObject("Form_Selection_Creation/formDesign_selectResource"), findTestObject("Form_Selection_Creation/Target_Res_Object"))

2019-01-24 13:43:10 - [MESSAGE][NOT_RUN] - NOT_RUN: dragAndDropToObject(findTestObject("Form_Selection_Creation/formDesign_selectResource"), findTestObject("Form_Selection_Creation/Target_Res_Object"))

2019-01-24 13:43:10 - [TEST_STEP][PASSED] - waitForElementClickable(findTestObject("Form_Selection_Creation/formDesign_selectResource"), 25): Object 'Object Repository/Form_Selection_Creation/formDesign_selectResource' is clickable

2019-01-24 13:43:10 - [MESSAGE][PASSED] - Object 'Object Repository/Form_Selection_Creation/formDesign_selectResource' is clickable

2019-01-24 13:43:10 - [TEST_STEP][PASSED] - Thread.sleep(4000): null

2019-01-24 13:43:14 - [TEST_STEP][PASSED] - click(findTestObject("Form_Selection_Creation/formCreation_NextToDesignForm")): Object: 'Object Repository/Form_Selection_Creation/formCreation_NextToDesignForm' is clicked on

2019-01-24 13:43:14 - [MESSAGE][PASSED] - Object: 'Object Repository/Form_Selection_Creation/formCreation_NextToDesignForm' is clicked on

2019-01-24 13:43:14 - [TEST_STEP][PASSED] - Thread.sleep(4000): null

2019-01-24 13:43:18 - [TEST_STEP][PASSED] - FormName.createForm(findTestObject("Form_Selection_Creation/formDesign_FormName")): FormName.createForm is PASSED

2019-01-24 13:43:18 - [MESSAGE][PASSED] - FormName.createForm is PASSED

2019-01-24 13:43:18 - [TEST_STEP][PASSED] - Thread.sleep(2000): null

2019-01-24 13:43:20 - [TEST_STEP][PASSED] - dragAndDropToObject(findTestObject("Form_Selection_Creation/formDesign_SelectSection"), findTestObject("Form_Selection_Creation/default_area")): Dragged object with id 'Object Repository/Form_Selection_Creation/formDesign_SelectSection' to object with id 'TestObject - 'Object Repository/Form_Selection_Creation/default_area'' successfully

2019-01-24 13:43:21 - [MESSAGE][PASSED] - Dragged object with id 'Object Repository/Form_Selection_Creation/formDesign_SelectSection' to object with id 'TestObject - 'Object Repository/Form_Selection_Creation/default_area'' successfully

2019-01-24 13:43:21 - [TEST_STEP][PASSED] - setText(findTestObject("Form_Selection_Creation/formDesign_SectionName"), "This is a Section"): Text 'This is a Section' is set on object 'Object Repository/Form_Selection_Creation/formDesign_SectionName'

2019-01-24 13:43:21 - [MESSAGE][PASSED] - Text 'This is a Section' is set on object 'Object Repository/Form_Selection_Creation/formDesign_SectionName'

2019-01-24 13:43:21 - [TEST_STEP][PASSED] - Thread.sleep(2000): null

2019-01-24 13:43:23 - [TEST_STEP][PASSED] - dragAndDropToObject(findTestObject("Form_Selection_Creation/formDesign_SelectFieldgroup"), findTestObject("Form_Selection_Creation/section_area")): Dragged object with id 'Object Repository/Form_Selection_Creation/formDesign_SelectFieldgroup' to object with id 'TestObject - 'Object Repository/Form_Selection_Creation/section_area'' successfully

2019-01-24 13:43:24 - [MESSAGE][PASSED] - Dragged object with id 'Object Repository/Form_Selection_Creation/formDesign_SelectFieldgroup' to object with id 'TestObject - 'Object Repository/Form_Selection_Creation/section_area'' successfully

2019-01-24 13:43:24 - [TEST_STEP][PASSED] - setText(findTestObject("Form_Selection_Creation/formDesign_FieldGroupName"), "This is Field Group"): Text 'This is Field Group' is set on object 'Object Repository/Form_Selection_Creation/formDesign_FieldGroupName'

2019-01-24 13:43:25 - [MESSAGE][PASSED] - Text 'This is Field Group' is set on object 'Object Repository/Form_Selection_Creation/formDesign_FieldGroupName'

2019-01-24 13:43:25 - [TEST_STEP][PASSED] - Thread.sleep(2000): null

2019-01-24 13:43:27 - [TEST_STEP][PASSED] - dragAndDropToObject(findTestObject("Form_Selection_Creation/formDesign_SelectFree Text"), findTestObject("Form_Selection_Creation/group_area")): Dragged object with id 'Object Repository/Form_Selection_Creation/formDesign_SelectFree Text' to object with id 'TestObject - 'Object Repository/Form_Selection_Creation/group_area'' successfully

2019-01-24 13:43:27 - [MESSAGE][PASSED] - Dragged object with id 'Object Repository/Form_Selection_Creation/formDesign_SelectFree Text' to object with id 'TestObject - 'Object Repository/Form_Selection_Creation/group_area'' successfully

2019-01-24 13:43:27 - [TEST_STEP][PASSED] - setText(findTestObject("Form_Selection_Creation/formDesign_FreetextName"), "This is Free Text"): Text 'This is Free Text' is set on object 'Object Repository/Form_Selection_Creation/formDesign_FreetextName'

2019-01-24 13:43:28 - [MESSAGE][PASSED] - Text 'This is Free Text' is set on object 'Object Repository/Form_Selection_Creation/formDesign_FreetextName'

2019-01-24 13:43:28 - [TEST_STEP][PASSED] - Thread.sleep(2000): null

2019-01-24 13:43:30 - [TEST_STEP][PASSED] - dragAndDropToObject(findTestObject("Form_Selection_Creation/formDesign_SelectParagraphText"), findTestObject("Form_Selection_Creation/group_area")): Dragged object with id 'Object Repository/Form_Selection_Creation/formDesign_SelectParagraphText' to object with id 'TestObject - 'Object Repository/Form_Selection_Creation/group_area'' successfully

2019-01-24 13:43:31 - [MESSAGE][PASSED] - Dragged object with id 'Object Repository/Form_Selection_Creation/formDesign_SelectParagraphText' to object with id 'TestObject - 'Object Repository/Form_Selection_Creation/group_area'' successfully

2019-01-24 13:43:31 - [TEST_STEP][PASSED] - setText(findTestObject("Form_Selection_Creation/formDesign_ParagraphName"), "This is Paragraph"): Text 'This is Paragraph' is set on object 'Object Repository/Form_Selection_Creation/formDesign_ParagraphName'

2019-01-24 13:43:31 - [MESSAGE][PASSED] - Text 'This is Paragraph' is set on object 'Object Repository/Form_Selection_Creation/formDesign_ParagraphName'

2019-01-24 13:43:31 - [TEST_STEP][PASSED] - Thread.sleep(2000): null

2019-01-24 13:43:33 - [TEST_STEP][PASSED] - dragAndDropToObject(findTestObject("Form_Selection_Creation/formDesign_Select_SelectOne"), findTestObject("Form_Selection_Creation/group_area")): Dragged object with id 'Object Repository/Form_Selection_Creation/formDesign_Select_SelectOne' to object with id 'TestObject - 'Object Repository/Form_Selection_Creation/group_area'' successfully

2019-01-24 13:43:34 - [MESSAGE][PASSED] - Dragged object with id 'Object Repository/Form_Selection_Creation/formDesign_Select_SelectOne' to object with id 'TestObject - 'Object Repository/Form_Selection_Creation/group_area'' successfully

2019-01-24 13:43:34 - [TEST_STEP][PASSED] - setText(findTestObject("Form_Selection_Creation/formDesign_Select_OneName"), "This is Select One"): Text 'This is Select One' is set on object 'Object Repository/Form_Selection_Creation/formDesign_Select_OneName'

2019-01-24 13:43:34 - [MESSAGE][PASSED] - Text 'This is Select One' is set on object 'Object Repository/Form_Selection_Creation/formDesign_Select_OneName'

2019-01-24 13:43:34 - [TEST_STEP][PASSED] - Thread.sleep(3000): null

2019-01-24 13:43:37 - [TEST_STEP][PASSED] - click(findTestObject("Form_Selection_Creation/button_Add New")): Object: 'Object Repository/Form_Selection_Creation/button_Add New' is clicked on

2019-01-24 13:43:38 - [MESSAGE][PASSED] - Object: 'Object Repository/Form_Selection_Creation/button_Add New' is clicked on

2019-01-24 13:43:38 - [TEST_STEP][PASSED] - setText(findTestObject("Form_Selection_Creation/addSingleValue1"), "Select Option1"): Text 'Select Option1' is set on object 'Object Repository/Form_Selection_Creation/addSingleValue1'

2019-01-24 13:43:38 - [MESSAGE][PASSED] - Text 'Select Option1' is set on object 'Object Repository/Form_Selection_Creation/addSingleValue1'

2019-01-24 13:43:38 - [TEST_STEP][PASSED] - Thread.sleep(2000): null

2019-01-24 13:43:40 - [TEST_STEP][PASSED] - click(findTestObject("Form_Selection_Creation/button_Add New")): Object: 'Object Repository/Form_Selection_Creation/button_Add New' is clicked on

2019-01-24 13:43:40 - [MESSAGE][PASSED] - Object: 'Object Repository/Form_Selection_Creation/button_Add New' is clicked on

2019-01-24 13:43:40 - [TEST_STEP][PASSED] - setText(findTestObject("Form_Selection_Creation/addSingleValue2"), "Select Option2"): Text 'Select Option2' is set on object 'Object Repository/Form_Selection_Creation/addSingleValue2'

2019-01-24 13:43:40 - [MESSAGE][PASSED] - Text 'Select Option2' is set on object 'Object Repository/Form_Selection_Creation/addSingleValue2'

2019-01-24 13:43:40 - [TEST_STEP][PASSED] - Thread.sleep(2000): null

2019-01-24 13:43:42 - [TEST_STEP][PASSED] - dragAndDropToObject(findTestObject("Form_Selection_Creation/formDesign_Select_SelectMultiple"), findTestObject("Form_Selection_Creation/group_area")): Dragged object with id 'Object Repository/Form_Selection_Creation/formDesign_Select_SelectMultiple' to object with id 'TestObject - 'Object Repository/Form_Selection_Creation/group_area'' successfully

2019-01-24 13:43:43 - [MESSAGE][PASSED] - Dragged object with id 'Object Repository/Form_Selection_Creation/formDesign_Select_SelectMultiple' to object with id 'TestObject - 'Object Repository/Form_Selection_Creation/group_area'' successfully

2019-01-24 13:43:43 - [TEST_STEP][PASSED] - setText(findTestObject("Form_Selection_Creation/formDesign_Select_MultipleName"), "This is Select Multiple "): Text 'This is Select Multiple ' is set on object 'Object Repository/Form_Selection_Creation/formDesign_Select_MultipleName'

2019-01-24 13:43:44 - [MESSAGE][PASSED] - Text 'This is Select Multiple ' is set on object 'Object Repository/Form_Selection_Creation/formDesign_Select_MultipleName'

2019-01-24 13:43:44 - [TEST_STEP][PASSED] - Thread.sleep(3000): null

2019-01-24 13:43:47 - [TEST_STEP][PASSED] - click(findTestObject("Form_Selection_Creation/button_AddNewMul")): Object: 'Object Repository/Form_Selection_Creation/button_AddNewMul' is clicked on

2019-01-24 13:43:47 - [MESSAGE][PASSED] - Object: 'Object Repository/Form_Selection_Creation/button_AddNewMul' is clicked on

2019-01-24 13:43:47 - [TEST_STEP][PASSED] - setText(findTestObject("Form_Selection_Creation/addMultipleValue1"), "Multiple Option1"): Text 'Multiple Option1' is set on object 'Object Repository/Form_Selection_Creation/addMultipleValue1'

2019-01-24 13:43:47 - [MESSAGE][PASSED] - Text 'Multiple Option1' is set on object 'Object Repository/Form_Selection_Creation/addMultipleValue1'

2019-01-24 13:43:47 - [TEST_STEP][PASSED] - Thread.sleep(2000): null

2019-01-24 13:43:49 - [TEST_STEP][PASSED] - click(findTestObject("Form_Selection_Creation/button_AddNewMul")): Object: 'Object Repository/Form_Selection_Creation/button_AddNewMul' is clicked on

2019-01-24 13:43:49 - [MESSAGE][PASSED] - Object: 'Object Repository/Form_Selection_Creation/button_AddNewMul' is clicked on

2019-01-24 13:43:49 - [TEST_STEP][PASSED] - setText(findTestObject("Form_Selection_Creation/addMultipleValue2"), "Multiple Option2"): Text 'Multiple Option2' is set on object 'Object Repository/Form_Selection_Creation/addMultipleValue2'

2019-01-24 13:43:49 - [MESSAGE][PASSED] - Text 'Multiple Option2' is set on object 'Object Repository/Form_Selection_Creation/addMultipleValue2'

2019-01-24 13:43:49 - [TEST_STEP][PASSED] - Thread.sleep(2000): null

2019-01-24 13:43:51 - [TEST_STEP][PASSED] - dragAndDropToObject(findTestObject("Form_Selection_Creation/formDesign_SelectNumeric"), findTestObject("Form_Selection_Creation/group_area")): Dragged object with id 'Object Repository/Form_Selection_Creation/formDesign_SelectNumeric' to object with id 'TestObject - 'Object Repository/Form_Selection_Creation/group_area'' successfully

2019-01-24 13:43:52 - [MESSAGE][PASSED] - Dragged object with id 'Object Repository/Form_Selection_Creation/formDesign_SelectNumeric' to object with id 'TestObject - 'Object Repository/Form_Selection_Creation/group_area'' successfully

2019-01-24 13:43:52 - [TEST_STEP][PASSED] - setText(findTestObject("Form_Selection_Creation/formDesignt_NumericName"), "This is Numeric Field."): Text 'This is Numeric Field.' is set on object 'Object Repository/Form_Selection_Creation/formDesignt_NumericName'

2019-01-24 13:43:53 - [MESSAGE][PASSED] - Text 'This is Numeric Field.' is set on object 'Object Repository/Form_Selection_Creation/formDesignt_NumericName'

2019-01-24 13:43:53 - [TEST_STEP][PASSED] - Thread.sleep(2000): null

2019-01-24 13:43:55 - [TEST_STEP][PASSED] - dragAndDropToObject(findTestObject("Form_Selection_Creation/formDesign_SelectDate"), findTestObject("Form_Selection_Creation/group_area")): Dragged object with id 'Object Repository/Form_Selection_Creation/formDesign_SelectDate' to object with id 'TestObject - 'Object Repository/Form_Selection_Creation/group_area'' successfully

2019-01-24 13:43:56 - [MESSAGE][PASSED] - Dragged object with id 'Object Repository/Form_Selection_Creation/formDesign_SelectDate' to object with id 'TestObject - 'Object Repository/Form_Selection_Creation/group_area'' successfully

2019-01-24 13:43:56 - [TEST_STEP][PASSED] - setText(findTestObject("Form_Selection_Creation/formDesign_DateName"), "This is Date"): Text 'This is Date' is set on object 'Object Repository/Form_Selection_Creation/formDesign_DateName'

2019-01-24 13:43:56 - [MESSAGE][PASSED] - Text 'This is Date' is set on object 'Object Repository/Form_Selection_Creation/formDesign_DateName'

2019-01-24 13:43:56 - [TEST_STEP][PASSED] - Thread.sleep(2000): null

2019-01-24 13:43:58 - [TEST_STEP][PASSED] - dragAndDropToObject(findTestObject("Form_Selection_Creation/formDesign_SelectTime"), findTestObject("Form_Selection_Creation/group_area")): Dragged object with id 'Object Repository/Form_Selection_Creation/formDesign_SelectTime' to object with id 'TestObject - 'Object Repository/Form_Selection_Creation/group_area'' successfully

2019-01-24 13:43:59 - [MESSAGE][PASSED] - Dragged object with id 'Object Repository/Form_Selection_Creation/formDesign_SelectTime' to object with id 'TestObject - 'Object Repository/Form_Selection_Creation/group_area'' successfully

2019-01-24 13:43:59 - [TEST_STEP][PASSED] - setText(findTestObject("Form_Selection_Creation/formDesign_TimeName"), "This is Time"): Text 'This is Time' is set on object 'Object Repository/Form_Selection_Creation/formDesign_TimeName'

2019-01-24 13:43:59 - [MESSAGE][PASSED] - Text 'This is Time' is set on object 'Object Repository/Form_Selection_Creation/formDesign_TimeName'

2019-01-24 13:43:59 - [TEST_STEP][PASSED] - Thread.sleep(2000): null

2019-01-24 13:44:01 - [TEST_STEP][PASSED] - dragAndDropToObject(findTestObject("Form_Selection_Creation/formDesign_SelectDateTime"), findTestObject("Form_Selection_Creation/group_area")): Dragged object with id 'Object Repository/Form_Selection_Creation/formDesign_SelectDateTime' to object with id 'TestObject - 'Object Repository/Form_Selection_Creation/group_area'' successfully

2019-01-24 13:44:02 - [MESSAGE][PASSED] - Dragged object with id 'Object Repository/Form_Selection_Creation/formDesign_SelectDateTime' to object with id 'TestObject - 'Object Repository/Form_Selection_Creation/group_area'' successfully

2019-01-24 13:44:02 - [TEST_STEP][PASSED] - setText(findTestObject("Form_Selection_Creation/formDesign_DateTimeName"), "This is Date-Time"): Text 'This is Date-Time' is set on object 'Object Repository/Form_Selection_Creation/formDesign_DateTimeName'

2019-01-24 13:44:03 - [MESSAGE][PASSED] - Text 'This is Date-Time' is set on object 'Object Repository/Form_Selection_Creation/formDesign_DateTimeName'

2019-01-24 13:44:03 - [TEST_STEP][PASSED] - Thread.sleep(2000): null

2019-01-24 13:44:05 - [TEST_STEP][PASSED] - click(findTestObject("Form_Selection_Creation/formCreation_NextToDesignForm")): Object: 'Object Repository/Form_Selection_Creation/formCreation_NextToDesignForm' is clicked on

2019-01-24 13:44:05 - [MESSAGE][PASSED] - Object: 'Object Repository/Form_Selection_Creation/formCreation_NextToDesignForm' is clicked on

2019-01-24 13:44:05 - [TEST_STEP][PASSED] - Thread.sleep(7000): null

2019-01-24 13:44:12 - [TEST_STEP][PASSED] - click(findTestObject("Form_Selection_Creation/div_Preview             Form1")): Object: 'Object Repository/Form_Selection_Creation/div_Preview             Form1' is clicked on

2019-01-24 13:44:12 - [MESSAGE][PASSED] - Object: 'Object Repository/Form_Selection_Creation/div_Preview             Form1' is clicked on

2019-01-24 13:44:12 - [TEST_STEP][PASSED] - Thread.sleep(5000): null

2019-01-24 13:44:17 - [TEST_STEP][PASSED] - click(findTestObject("Form_Selection_Creation/button_Release")): Object: 'Object Repository/Form_Selection_Creation/button_Release' is clicked on

2019-01-24 13:44:17 - [MESSAGE][PASSED] - Object: 'Object Repository/Form_Selection_Creation/button_Release' is clicked on

2019-01-24 13:44:17 - [TEST_STEP][PASSED] - Thread.sleep(4000): null

2019-01-24 13:44:21 - [TEST_STEP][PASSED] - waitForElementClickable(findTestObject("TestUser/clickToCheck"), 45): Object 'Object Repository/TestUser/clickToCheck' is clickable

2019-01-24 13:44:21 - [MESSAGE][PASSED] - Object 'Object Repository/TestUser/clickToCheck' is clickable

2019-01-24 13:44:21 - [TEST_STEP][PASSED] - Thread.sleep(2000): null

2019-01-24 13:44:23 - [TEST_STEP][PASSED] - click(findTestObject("TestUser/clickToCheck")): Object: 'Object Repository/TestUser/clickToCheck' is clicked on

2019-01-24 13:44:23 - [MESSAGE][PASSED] - Object: 'Object Repository/TestUser/clickToCheck' is clicked on

2019-01-24 13:44:23 - [TEST_STEP][PASSED] - Thread.sleep(2000): null

2019-01-24 13:44:25 - [TEST_STEP][PASSED] - click(findTestObject("TestUser/logoutUser")): Object: 'Object Repository/TestUser/logoutUser' is clicked on

2019-01-24 13:44:30 - [MESSAGE][PASSED] - Object: 'Object Repository/TestUser/logoutUser' is clicked on

2019-01-24 13:44:30 - [TEST_STEP][PASSED] - Thread.sleep(2000): null]]></system-out>
         <system-err><![CDATA[]]></system-err>
      </testcase>
      <testcase name="Test Cases/Data-Security/userFirstLogin" classname="Test Cases/Data-Security/userFirstLogin" status="PASSED">
         <system-out><![CDATA[2019-01-24 13:44:32 - [TEST_CASE][PASSED] - Test Cases/Data-Security/userFirstLogin: Test Cases/Data-Security/userFirstLogin

2019-01-24 13:44:32 - [TEST_STEP][NOT_RUN] - openBrowser(URL): NOT_RUN: openBrowser(URL)

2019-01-24 13:44:32 - [MESSAGE][NOT_RUN] - NOT_RUN: openBrowser(URL)

2019-01-24 13:44:32 - [TEST_STEP][NOT_RUN] - maximizeWindow(): NOT_RUN: maximizeWindow()

2019-01-24 13:44:32 - [MESSAGE][NOT_RUN] - NOT_RUN: maximizeWindow()

2019-01-24 13:44:32 - [TEST_STEP][PASSED] - Thread.sleep(4000): null

2019-01-24 13:44:36 - [TEST_STEP][PASSED] - setText(findTestObject("TestUserLocation/login_Username"), findTestData("UserData").getValue("UserName", 1)): Text 'User_On_24/01/19-13:40' is set on object 'Object Repository/TestUserLocation/login_Username'

2019-01-24 13:44:36 - [MESSAGE][PASSED] - Text 'User_On_24/01/19-13:40' is set on object 'Object Repository/TestUserLocation/login_Username'

2019-01-24 13:44:36 - [TEST_STEP][PASSED] - User.setNewPass(): User.setNewPass is PASSED

2019-01-24 13:44:36 - [MESSAGE][PASSED] - User.setNewPass is PASSED

2019-01-24 13:44:36 - [TEST_STEP][PASSED] - setText(findTestObject("TestUserLocation/login_Password"), findTestData("UserData").getValue("Password", 1)): Text 'password' is set on object 'Object Repository/TestUserLocation/login_Password'

2019-01-24 13:44:36 - [MESSAGE][PASSED] - Text 'password' is set on object 'Object Repository/TestUserLocation/login_Password'

2019-01-24 13:44:36 - [TEST_STEP][PASSED] - Thread.sleep(2000): null

2019-01-24 13:44:38 - [TEST_STEP][PASSED] - click(findTestObject("TestUserLocation/login_Button")): Object: 'Object Repository/TestUserLocation/login_Button' is clicked on

2019-01-24 13:44:39 - [MESSAGE][PASSED] - Object: 'Object Repository/TestUserLocation/login_Button' is clicked on

2019-01-24 13:44:39 - [TEST_STEP][PASSED] - AdminTool_Location.moveCursor(): AdminTool_Location.moveCursor is PASSED

2019-01-24 13:44:39 - [MESSAGE][PASSED] - AdminTool_Location.moveCursor is PASSED

2019-01-24 13:44:39 - [TEST_STEP][PASSED] - Thread.sleep(4000): null

2019-01-24 13:44:43 - [TEST_STEP][PASSED] - setText(findTestObject("TestUser/newPassword"), findTestData("UserData").getValue("NewPassword", 1)): Text 'password@123#' is set on object 'Object Repository/TestUser/newPassword'

2019-01-24 13:44:43 - [MESSAGE][PASSED] - Text 'password@123#' is set on object 'Object Repository/TestUser/newPassword'

2019-01-24 13:44:43 - [TEST_STEP][PASSED] - setText(findTestObject("TestUser/confirmPassword"), findTestData("UserData").getValue("NewPassword", 1)): Text 'password@123#' is set on object 'Object Repository/TestUser/confirmPassword'

2019-01-24 13:44:43 - [MESSAGE][PASSED] - Text 'password@123#' is set on object 'Object Repository/TestUser/confirmPassword'

2019-01-24 13:44:43 - [TEST_STEP][PASSED] - Thread.sleep(2000): null

2019-01-24 13:44:45 - [TEST_STEP][PASSED] - click(findTestObject("TestUser/createPasswordButton")): Object: 'Object Repository/TestUser/createPasswordButton' is clicked on

2019-01-24 13:44:46 - [MESSAGE][PASSED] - Object: 'Object Repository/TestUser/createPasswordButton' is clicked on

2019-01-24 13:44:46 - [TEST_STEP][PASSED] - Thread.sleep(4000): null

2019-01-24 13:44:50 - [TEST_STEP][PASSED] - setText(findTestObject("TestUserLocation/login_Username"), findTestData("UserData").getValue("UserName", 1)): Text 'User_On_24/01/19-13:40' is set on object 'Object Repository/TestUserLocation/login_Username'

2019-01-24 13:44:50 - [MESSAGE][PASSED] - Text 'User_On_24/01/19-13:40' is set on object 'Object Repository/TestUserLocation/login_Username'

2019-01-24 13:44:50 - [TEST_STEP][PASSED] - setText(findTestObject("TestUserLocation/login_Password"), findTestData("UserData").getValue("NewPassword", 1)): Text 'password@123#' is set on object 'Object Repository/TestUserLocation/login_Password'

2019-01-24 13:44:50 - [MESSAGE][PASSED] - Text 'password@123#' is set on object 'Object Repository/TestUserLocation/login_Password'

2019-01-24 13:44:50 - [TEST_STEP][PASSED] - Thread.sleep(2000): null

2019-01-24 13:44:52 - [TEST_STEP][PASSED] - click(findTestObject("TestUserLocation/login_Button")): Object: 'Object Repository/TestUserLocation/login_Button' is clicked on

2019-01-24 13:44:54 - [MESSAGE][PASSED] - Object: 'Object Repository/TestUserLocation/login_Button' is clicked on

2019-01-24 13:44:54 - [TEST_STEP][PASSED] - Thread.sleep(4000): null]]></system-out>
         <system-err><![CDATA[]]></system-err>
      </testcase>
      <system-out><![CDATA[2019-01-24 13:30:24 - [TEST_SUITE][PASSED] - Data Security: Test Cases/Data-Security/userFirstLogin]]></system-out>
      <system-err><![CDATA[]]></system-err>
   </testsuite>
</testsuites>
