<?xml version="1.0" encoding="UTF-8"?>
<testsuites name="MyTest" time="838" tests="10" failures="0" errors="0">
   <testsuite name="MyTest" tests="10" failures="0" errors="0" time="838" timestamp="2019-03-06 16:32:13" hostname="pashine_a - Abhishek-Pashine.India.XoriantCorp.com" id="Test Suites/MyTest">
      <properties>
         <property name="deviceName" value=""/>
         <property name="devicePlatform" value=""/>
         <property name="logFolder" value="D:\\Git Data\\SafetyChain-Test-Automation-Katalon\\Reports\\MyTest\\20190306_163211"/>
         <property name="logFiles" value="D:\\Git Data\\SafetyChain-Test-Automation-Katalon\\Reports\\MyTest\\20190306_163211\\execution0.log"/>
         <property name="attachments" value=""/>
         <property name="hostName" value="pashine_a - Abhishek-Pashine.India.XoriantCorp.com"/>
         <property name="os" value="Windows 7 64bit"/>
         <property name="katalonVersion" value="6.0.5.4"/>
         <property name="browser" value="Chrome 72.0.3626.119"/>
         <property name="hostAddress" value="10.21.7.147"/>
         <property name="sessionId" value="f1e2b03890c3b978b58690f671707335"/>
         <property name="seleniumVersion" value="3.7.1"/>
         <property name="proxyInformation" value="ProxyInformation{proxyOption=NO_PROXY, proxyServerType=HTTP, password=, proxyServerAddress=, proxyServerPort=0}"/>
         <property name="platform" value="Windows 7"/>
      </properties>
      <testcase name="Test Cases/Forms/AuditForm/1_CreateForm" classname="Test Cases/Forms/AuditForm/1_CreateForm" status="PASSED">
         <system-out><![CDATA[2019-03-06 16:32:14 - [TEST_CASE][PASSED] - Test Cases/Forms/AuditForm/1_CreateForm: Test Cases/Forms/AuditForm/1_CreateForm

2019-03-06 16:32:15 - [TEST_STEP][PASSED] - openBrowser(URL): Browser is opened with url: 'https://test2.stage.safetychain.com'

2019-03-06 16:32:15 - [MESSAGE][INFO] - Starting 'Chrome' driver

2019-03-06 16:32:15 - [MESSAGE][INFO] - Action delay is set to 0 seconds

2019-03-06 16:32:50 - [MESSAGE][PASSED] - Browser is opened with url: 'https://test2.stage.safetychain.com'

2019-03-06 16:32:50 - [TEST_STEP][PASSED] - maximizeWindow(): Current window maximized

2019-03-06 16:32:51 - [MESSAGE][PASSED] - Current window maximized

2019-03-06 16:32:51 - [TEST_STEP][PASSED] - setText(findTestObject("Form_Selection_Creation/login_Username"), UserName): Text 'tester' is set on object 'Object Repository/Form_Selection_Creation/login_Username'

2019-03-06 16:32:55 - [MESSAGE][PASSED] - Text 'tester' is set on object 'Object Repository/Form_Selection_Creation/login_Username'

2019-03-06 16:32:55 - [TEST_STEP][PASSED] - setText(findTestObject("Form_Selection_Creation/login_Password"), Password): Text 'TestSt@ge' is set on object 'Object Repository/Form_Selection_Creation/login_Password'

2019-03-06 16:32:55 - [MESSAGE][PASSED] - Text 'TestSt@ge' is set on object 'Object Repository/Form_Selection_Creation/login_Password'

2019-03-06 16:32:55 - [TEST_STEP][PASSED] - FormName.setData(): FormName.setData is PASSED

2019-03-06 16:32:57 - [MESSAGE][PASSED] - FormName.setData is PASSED

2019-03-06 16:32:57 - [TEST_STEP][PASSED] - click(findTestObject("Form_Selection_Creation/login_Button")): Object: 'Object Repository/Form_Selection_Creation/login_Button' is clicked on

2019-03-06 16:32:58 - [MESSAGE][PASSED] - Object: 'Object Repository/Form_Selection_Creation/login_Button' is clicked on

2019-03-06 16:32:58 - [TEST_STEP][PASSED] - Thread.sleep(3000): null

2019-03-06 16:33:01 - [TEST_STEP][PASSED] - click(findTestObject("Form_Selection_Creation/mainMenu_Button")): Object: 'Object Repository/Form_Selection_Creation/mainMenu_Button' is clicked on

2019-03-06 16:33:04 - [MESSAGE][PASSED] - Object: 'Object Repository/Form_Selection_Creation/mainMenu_Button' is clicked on

2019-03-06 16:33:04 - [TEST_STEP][PASSED] - click(findTestObject("Form_Selection_Creation/mainMenu_AdminTools")): Object: 'Object Repository/Form_Selection_Creation/mainMenu_AdminTools' is clicked on

2019-03-06 16:33:04 - [MESSAGE][PASSED] - Object: 'Object Repository/Form_Selection_Creation/mainMenu_AdminTools' is clicked on

2019-03-06 16:33:04 - [TEST_STEP][PASSED] - click(findTestObject("Form_Selection_Creation/mainMenu_AdminTools_FormDesigner")): Object: 'Object Repository/Form_Selection_Creation/mainMenu_AdminTools_FormDesigner' is clicked on

2019-03-06 16:33:05 - [MESSAGE][PASSED] - Object: 'Object Repository/Form_Selection_Creation/mainMenu_AdminTools_FormDesigner' is clicked on

2019-03-06 16:33:05 - [TEST_STEP][PASSED] - Thread.sleep(2000): null

2019-03-06 16:33:07 - [TEST_STEP][PASSED] - click(findTestObject("Form_Selection_Creation/selectAuditForm")): Object: 'Object Repository/Form_Selection_Creation/selectAuditForm' is clicked on

2019-03-06 16:33:07 - [MESSAGE][PASSED] - Object: 'Object Repository/Form_Selection_Creation/selectAuditForm' is clicked on

2019-03-06 16:33:07 - [TEST_STEP][PASSED] - Thread.sleep(3000): null

2019-03-06 16:33:10 - [TEST_STEP][PASSED] - dragAndDropToObject(findTestObject("Form_Selection_Creation/formDesign_selectResource"), findTestObject("Form_Selection_Creation/Target_Res_Object")): Dragged object with id 'Object Repository/Form_Selection_Creation/formDesign_selectResource' to object with id 'TestObject - 'Object Repository/Form_Selection_Creation/Target_Res_Object'' successfully

2019-03-06 16:33:11 - [MESSAGE][PASSED] - Dragged object with id 'Object Repository/Form_Selection_Creation/formDesign_selectResource' to object with id 'TestObject - 'Object Repository/Form_Selection_Creation/Target_Res_Object'' successfully

2019-03-06 16:33:11 - [TEST_STEP][PASSED] - waitForElementClickable(findTestObject("Form_Selection_Creation/select1Res"), 45): Object 'Object Repository/Form_Selection_Creation/select1Res' is clickable

2019-03-06 16:33:11 - [MESSAGE][PASSED] - Object 'Object Repository/Form_Selection_Creation/select1Res' is clickable

2019-03-06 16:33:11 - [TEST_STEP][PASSED] - dragAndDropToObject(findTestObject("Form_Selection_Creation/select1Res"), findTestObject("Form_Selection_Creation/Target_Res_Object")): Dragged object with id 'Object Repository/Form_Selection_Creation/select1Res' to object with id 'TestObject - 'Object Repository/Form_Selection_Creation/Target_Res_Object'' successfully

2019-03-06 16:33:12 - [MESSAGE][PASSED] - Dragged object with id 'Object Repository/Form_Selection_Creation/select1Res' to object with id 'TestObject - 'Object Repository/Form_Selection_Creation/Target_Res_Object'' successfully

2019-03-06 16:33:12 - [TEST_STEP][PASSED] - waitForElementClickable(findTestObject("Form_Selection_Creation/select2Res"), 45): Object 'Object Repository/Form_Selection_Creation/select2Res' is clickable

2019-03-06 16:33:12 - [MESSAGE][PASSED] - Object 'Object Repository/Form_Selection_Creation/select2Res' is clickable

2019-03-06 16:33:12 - [TEST_STEP][PASSED] - dragAndDropToObject(findTestObject("Form_Selection_Creation/select2Res"), findTestObject("Form_Selection_Creation/Target_Res_Object")): Dragged object with id 'Object Repository/Form_Selection_Creation/select2Res' to object with id 'TestObject - 'Object Repository/Form_Selection_Creation/Target_Res_Object'' successfully

2019-03-06 16:33:13 - [MESSAGE][PASSED] - Dragged object with id 'Object Repository/Form_Selection_Creation/select2Res' to object with id 'TestObject - 'Object Repository/Form_Selection_Creation/Target_Res_Object'' successfully

2019-03-06 16:33:13 - [TEST_STEP][PASSED] - Thread.sleep(6000): null

2019-03-06 16:33:19 - [TEST_STEP][PASSED] - click(findTestObject("Form_Selection_Creation/formCreation_NextToDesignForm")): Object: 'Object Repository/Form_Selection_Creation/formCreation_NextToDesignForm' is clicked on

2019-03-06 16:33:19 - [MESSAGE][PASSED] - Object: 'Object Repository/Form_Selection_Creation/formCreation_NextToDesignForm' is clicked on

2019-03-06 16:33:19 - [TEST_STEP][PASSED] - Thread.sleep(4000): null

2019-03-06 16:33:23 - [TEST_STEP][PASSED] - AdminTool_Location.moveCursor(): AdminTool_Location.moveCursor is PASSED

2019-03-06 16:33:23 - [MESSAGE][PASSED] - AdminTool_Location.moveCursor is PASSED

2019-03-06 16:33:23 - [TEST_STEP][PASSED] - Thread.sleep(2000): null

2019-03-06 16:33:25 - [TEST_STEP][PASSED] - FormName.createForm(findTestObject("Form_Selection_Creation/formDesign_FormName")): FormName.createForm is PASSED

2019-03-06 16:33:25 - [MESSAGE][PASSED] - FormName.createForm is PASSED

2019-03-06 16:33:25 - [TEST_STEP][PASSED] - Thread.sleep(2000): null

2019-03-06 16:33:27 - [TEST_STEP][PASSED] - dragAndDropToObject(findTestObject("Form_Selection_Creation/formDesign_SelectSection"), findTestObject("Form_Selection_Creation/default_area")): Dragged object with id 'Object Repository/Form_Selection_Creation/formDesign_SelectSection' to object with id 'TestObject - 'Object Repository/Form_Selection_Creation/default_area'' successfully

2019-03-06 16:33:28 - [MESSAGE][PASSED] - Dragged object with id 'Object Repository/Form_Selection_Creation/formDesign_SelectSection' to object with id 'TestObject - 'Object Repository/Form_Selection_Creation/default_area'' successfully

2019-03-06 16:33:28 - [TEST_STEP][PASSED] - setText(findTestObject("Form_Selection_Creation/formDesign_SectionName"), "This is a Section"): Text 'This is a Section' is set on object 'Object Repository/Form_Selection_Creation/formDesign_SectionName'

2019-03-06 16:33:29 - [MESSAGE][PASSED] - Text 'This is a Section' is set on object 'Object Repository/Form_Selection_Creation/formDesign_SectionName'

2019-03-06 16:33:29 - [TEST_STEP][PASSED] - Thread.sleep(2000): null

2019-03-06 16:33:31 - [TEST_STEP][PASSED] - dragAndDropToObject(findTestObject("Form_Selection_Creation/formDesign_SelectFieldgroup"), findTestObject("Form_Selection_Creation/section_area")): Dragged object with id 'Object Repository/Form_Selection_Creation/formDesign_SelectFieldgroup' to object with id 'TestObject - 'Object Repository/Form_Selection_Creation/section_area'' successfully

2019-03-06 16:33:32 - [MESSAGE][PASSED] - Dragged object with id 'Object Repository/Form_Selection_Creation/formDesign_SelectFieldgroup' to object with id 'TestObject - 'Object Repository/Form_Selection_Creation/section_area'' successfully

2019-03-06 16:33:32 - [TEST_STEP][PASSED] - setText(findTestObject("Form_Selection_Creation/formDesign_questionGroupName_Text"), "This is Field Group"): Text 'This is Field Group' is set on object 'Object Repository/Form_Selection_Creation/formDesign_questionGroupName_Text'

2019-03-06 16:33:32 - [MESSAGE][PASSED] - Text 'This is Field Group' is set on object 'Object Repository/Form_Selection_Creation/formDesign_questionGroupName_Text'

2019-03-06 16:33:32 - [TEST_STEP][PASSED] - Thread.sleep(2000): null

2019-03-06 16:33:34 - [TEST_STEP][PASSED] - dragAndDropToObject(findTestObject("Form_Selection_Creation/formDesign_SelectFree Text"), findTestObject("Form_Selection_Creation/questionGroupArea")): Dragged object with id 'Object Repository/Form_Selection_Creation/formDesign_SelectFree Text' to object with id 'TestObject - 'Object Repository/Form_Selection_Creation/questionGroupArea'' successfully

2019-03-06 16:33:35 - [MESSAGE][PASSED] - Dragged object with id 'Object Repository/Form_Selection_Creation/formDesign_SelectFree Text' to object with id 'TestObject - 'Object Repository/Form_Selection_Creation/questionGroupArea'' successfully

2019-03-06 16:33:35 - [TEST_STEP][PASSED] - setText(findTestObject("Form_Selection_Creation/formDesign_SingleLineName"), "This is Free Text"): Text 'This is Free Text' is set on object 'Object Repository/Form_Selection_Creation/formDesign_SingleLineName'

2019-03-06 16:33:35 - [MESSAGE][PASSED] - Text 'This is Free Text' is set on object 'Object Repository/Form_Selection_Creation/formDesign_SingleLineName'

2019-03-06 16:33:35 - [TEST_STEP][PASSED] - Thread.sleep(2000): null

2019-03-06 16:33:37 - [TEST_STEP][PASSED] - dragAndDropToObject(findTestObject("Form_Selection_Creation/formDesign_SelectParagraphText"), findTestObject("Form_Selection_Creation/questionGroupArea")): Dragged object with id 'Object Repository/Form_Selection_Creation/formDesign_SelectParagraphText' to object with id 'TestObject - 'Object Repository/Form_Selection_Creation/questionGroupArea'' successfully

2019-03-06 16:33:38 - [MESSAGE][PASSED] - Dragged object with id 'Object Repository/Form_Selection_Creation/formDesign_SelectParagraphText' to object with id 'TestObject - 'Object Repository/Form_Selection_Creation/questionGroupArea'' successfully

2019-03-06 16:33:38 - [TEST_STEP][PASSED] - setText(findTestObject("Form_Selection_Creation/formDesign_ParagraphName"), "This is Paragraph"): Text 'This is Paragraph' is set on object 'Object Repository/Form_Selection_Creation/formDesign_ParagraphName'

2019-03-06 16:33:39 - [MESSAGE][PASSED] - Text 'This is Paragraph' is set on object 'Object Repository/Form_Selection_Creation/formDesign_ParagraphName'

2019-03-06 16:33:39 - [TEST_STEP][PASSED] - Thread.sleep(2000): null

2019-03-06 16:33:41 - [TEST_STEP][PASSED] - dragAndDropToObject(findTestObject("Form_Selection_Creation/formDesign_Select_SelectOne"), findTestObject("Form_Selection_Creation/questionGroupArea")): Dragged object with id 'Object Repository/Form_Selection_Creation/formDesign_Select_SelectOne' to object with id 'TestObject - 'Object Repository/Form_Selection_Creation/questionGroupArea'' successfully

2019-03-06 16:33:41 - [MESSAGE][PASSED] - Dragged object with id 'Object Repository/Form_Selection_Creation/formDesign_Select_SelectOne' to object with id 'TestObject - 'Object Repository/Form_Selection_Creation/questionGroupArea'' successfully

2019-03-06 16:33:41 - [TEST_STEP][PASSED] - setText(findTestObject("Form_Selection_Creation/formDesign_Select_OneName"), "This is Select One"): Text 'This is Select One' is set on object 'Object Repository/Form_Selection_Creation/formDesign_Select_OneName'

2019-03-06 16:33:42 - [MESSAGE][PASSED] - Text 'This is Select One' is set on object 'Object Repository/Form_Selection_Creation/formDesign_Select_OneName'

2019-03-06 16:33:42 - [TEST_STEP][PASSED] - Thread.sleep(2000): null

2019-03-06 16:33:44 - [TEST_STEP][PASSED] - waitForElementClickable(findTestObject("Form_Selection_Creation/button_AddNew1"), 30): Object 'Object Repository/Form_Selection_Creation/button_AddNew1' is clickable

2019-03-06 16:33:44 - [MESSAGE][PASSED] - Object 'Object Repository/Form_Selection_Creation/button_AddNew1' is clickable

2019-03-06 16:33:44 - [TEST_STEP][PASSED] - click(findTestObject("Form_Selection_Creation/button_AddNew1")): Object: 'Object Repository/Form_Selection_Creation/button_AddNew1' is clicked on

2019-03-06 16:33:44 - [MESSAGE][PASSED] - Object: 'Object Repository/Form_Selection_Creation/button_AddNew1' is clicked on

2019-03-06 16:33:44 - [TEST_STEP][PASSED] - setText(findTestObject("Form_Selection_Creation/add1singleValue1"), "Single Option1"): Text 'Single Option1' is set on object 'Object Repository/Form_Selection_Creation/add1singleValue1'

2019-03-06 16:33:45 - [MESSAGE][PASSED] - Text 'Single Option1' is set on object 'Object Repository/Form_Selection_Creation/add1singleValue1'

2019-03-06 16:33:45 - [TEST_STEP][PASSED] - Thread.sleep(3000): null

2019-03-06 16:33:48 - [TEST_STEP][PASSED] - click(findTestObject("Form_Selection_Creation/button_AddNew1")): Object: 'Object Repository/Form_Selection_Creation/button_AddNew1' is clicked on

2019-03-06 16:33:48 - [MESSAGE][PASSED] - Object: 'Object Repository/Form_Selection_Creation/button_AddNew1' is clicked on

2019-03-06 16:33:48 - [TEST_STEP][PASSED] - setText(findTestObject("Form_Selection_Creation/add1singleValue2"), "Single Option2"): Text 'Single Option2' is set on object 'Object Repository/Form_Selection_Creation/add1singleValue2'

2019-03-06 16:33:48 - [MESSAGE][PASSED] - Text 'Single Option2' is set on object 'Object Repository/Form_Selection_Creation/add1singleValue2'

2019-03-06 16:33:48 - [TEST_STEP][PASSED] - Thread.sleep(2000): null

2019-03-06 16:33:50 - [TEST_STEP][PASSED] - dragAndDropToObject(findTestObject("Form_Selection_Creation/formDesign_Select_SelectMultiple"), findTestObject("Form_Selection_Creation/questionGroupArea")): Dragged object with id 'Object Repository/Form_Selection_Creation/formDesign_Select_SelectMultiple' to object with id 'TestObject - 'Object Repository/Form_Selection_Creation/questionGroupArea'' successfully

2019-03-06 16:33:51 - [MESSAGE][PASSED] - Dragged object with id 'Object Repository/Form_Selection_Creation/formDesign_Select_SelectMultiple' to object with id 'TestObject - 'Object Repository/Form_Selection_Creation/questionGroupArea'' successfully

2019-03-06 16:33:51 - [TEST_STEP][PASSED] - setText(findTestObject("Form_Selection_Creation/formDesign_Select_MultipleName"), "This is Select Multiple"): Text 'This is Select Multiple' is set on object 'Object Repository/Form_Selection_Creation/formDesign_Select_MultipleName'

2019-03-06 16:33:52 - [MESSAGE][PASSED] - Text 'This is Select Multiple' is set on object 'Object Repository/Form_Selection_Creation/formDesign_Select_MultipleName'

2019-03-06 16:33:52 - [TEST_STEP][PASSED] - Thread.sleep(3000): null

2019-03-06 16:33:55 - [TEST_STEP][PASSED] - click(findTestObject("Form_Selection_Creation/button_addNewMul1")): Object: 'Object Repository/Form_Selection_Creation/button_addNewMul1' is clicked on

2019-03-06 16:33:55 - [MESSAGE][PASSED] - Object: 'Object Repository/Form_Selection_Creation/button_addNewMul1' is clicked on

2019-03-06 16:33:55 - [TEST_STEP][PASSED] - setText(findTestObject("Form_Selection_Creation/add1MultipleValue1"), "Multiple Option1"): Text 'Multiple Option1' is set on object 'Object Repository/Form_Selection_Creation/add1MultipleValue1'

2019-03-06 16:33:55 - [MESSAGE][PASSED] - Text 'Multiple Option1' is set on object 'Object Repository/Form_Selection_Creation/add1MultipleValue1'

2019-03-06 16:33:55 - [TEST_STEP][PASSED] - Thread.sleep(2000): null

2019-03-06 16:33:57 - [TEST_STEP][PASSED] - click(findTestObject("Form_Selection_Creation/button_addNewMul1")): Object: 'Object Repository/Form_Selection_Creation/button_addNewMul1' is clicked on

2019-03-06 16:33:57 - [MESSAGE][PASSED] - Object: 'Object Repository/Form_Selection_Creation/button_addNewMul1' is clicked on

2019-03-06 16:33:57 - [TEST_STEP][PASSED] - setText(findTestObject("Form_Selection_Creation/add1MultipleValue2"), "Multiple Option2"): Text 'Multiple Option2' is set on object 'Object Repository/Form_Selection_Creation/add1MultipleValue2'

2019-03-06 16:33:58 - [MESSAGE][PASSED] - Text 'Multiple Option2' is set on object 'Object Repository/Form_Selection_Creation/add1MultipleValue2'

2019-03-06 16:33:58 - [TEST_STEP][PASSED] - Thread.sleep(2000): null

2019-03-06 16:34:00 - [TEST_STEP][PASSED] - dragAndDropToObject(findTestObject("Form_Selection_Creation/formDesign_SelectNumeric"), findTestObject("Form_Selection_Creation/questionGroupArea")): Dragged object with id 'Object Repository/Form_Selection_Creation/formDesign_SelectNumeric' to object with id 'TestObject - 'Object Repository/Form_Selection_Creation/questionGroupArea'' successfully

2019-03-06 16:34:01 - [MESSAGE][PASSED] - Dragged object with id 'Object Repository/Form_Selection_Creation/formDesign_SelectNumeric' to object with id 'TestObject - 'Object Repository/Form_Selection_Creation/questionGroupArea'' successfully

2019-03-06 16:34:01 - [TEST_STEP][PASSED] - setText(findTestObject("Form_Selection_Creation/formDesign_NumericName"), "This is Numeric Field"): Text 'This is Numeric Field' is set on object 'Object Repository/Form_Selection_Creation/formDesign_NumericName'

2019-03-06 16:34:02 - [MESSAGE][PASSED] - Text 'This is Numeric Field' is set on object 'Object Repository/Form_Selection_Creation/formDesign_NumericName'

2019-03-06 16:34:02 - [TEST_STEP][PASSED] - Thread.sleep(2000): null

2019-03-06 16:34:04 - [TEST_STEP][PASSED] - dragAndDropToObject(findTestObject("Form_Selection_Creation/formDesign_SelectDate"), findTestObject("Form_Selection_Creation/questionGroupArea")): Dragged object with id 'Object Repository/Form_Selection_Creation/formDesign_SelectDate' to object with id 'TestObject - 'Object Repository/Form_Selection_Creation/questionGroupArea'' successfully

2019-03-06 16:34:05 - [MESSAGE][PASSED] - Dragged object with id 'Object Repository/Form_Selection_Creation/formDesign_SelectDate' to object with id 'TestObject - 'Object Repository/Form_Selection_Creation/questionGroupArea'' successfully

2019-03-06 16:34:05 - [TEST_STEP][PASSED] - setText(findTestObject("Form_Selection_Creation/formDesign_DateName"), "This is Date"): Text 'This is Date' is set on object 'Object Repository/Form_Selection_Creation/formDesign_DateName'

2019-03-06 16:34:05 - [MESSAGE][PASSED] - Text 'This is Date' is set on object 'Object Repository/Form_Selection_Creation/formDesign_DateName'

2019-03-06 16:34:05 - [TEST_STEP][PASSED] - Thread.sleep(2000): null

2019-03-06 16:34:07 - [TEST_STEP][PASSED] - dragAndDropToObject(findTestObject("Form_Selection_Creation/formDesign_SelectTime"), findTestObject("Form_Selection_Creation/questionGroupArea")): Dragged object with id 'Object Repository/Form_Selection_Creation/formDesign_SelectTime' to object with id 'TestObject - 'Object Repository/Form_Selection_Creation/questionGroupArea'' successfully

2019-03-06 16:34:08 - [MESSAGE][PASSED] - Dragged object with id 'Object Repository/Form_Selection_Creation/formDesign_SelectTime' to object with id 'TestObject - 'Object Repository/Form_Selection_Creation/questionGroupArea'' successfully

2019-03-06 16:34:08 - [TEST_STEP][PASSED] - setText(findTestObject("Form_Selection_Creation/formDesign_TimeName"), "This is Time"): Text 'This is Time' is set on object 'Object Repository/Form_Selection_Creation/formDesign_TimeName'

2019-03-06 16:34:09 - [MESSAGE][PASSED] - Text 'This is Time' is set on object 'Object Repository/Form_Selection_Creation/formDesign_TimeName'

2019-03-06 16:34:09 - [TEST_STEP][PASSED] - Thread.sleep(2000): null

2019-03-06 16:34:11 - [TEST_STEP][PASSED] - dragAndDropToObject(findTestObject("Form_Selection_Creation/formDesign_SelectDateTime"), findTestObject("Form_Selection_Creation/questionGroupArea")): Dragged object with id 'Object Repository/Form_Selection_Creation/formDesign_SelectDateTime' to object with id 'TestObject - 'Object Repository/Form_Selection_Creation/questionGroupArea'' successfully

2019-03-06 16:34:11 - [MESSAGE][PASSED] - Dragged object with id 'Object Repository/Form_Selection_Creation/formDesign_SelectDateTime' to object with id 'TestObject - 'Object Repository/Form_Selection_Creation/questionGroupArea'' successfully

2019-03-06 16:34:11 - [TEST_STEP][PASSED] - setText(findTestObject("Form_Selection_Creation/formDesign_DateTimeName"), "This is Date-Time"): Text 'This is Date-Time' is set on object 'Object Repository/Form_Selection_Creation/formDesign_DateTimeName'

2019-03-06 16:34:12 - [MESSAGE][PASSED] - Text 'This is Date-Time' is set on object 'Object Repository/Form_Selection_Creation/formDesign_DateTimeName'

2019-03-06 16:34:12 - [TEST_STEP][PASSED] - Thread.sleep(2000): null

2019-03-06 16:34:14 - [TEST_STEP][PASSED] - click(findTestObject("Form_Selection_Creation/formCreation_NextToDesignForm")): Object: 'Object Repository/Form_Selection_Creation/formCreation_NextToDesignForm' is clicked on

2019-03-06 16:34:14 - [MESSAGE][PASSED] - Object: 'Object Repository/Form_Selection_Creation/formCreation_NextToDesignForm' is clicked on

2019-03-06 16:34:14 - [TEST_STEP][PASSED] - Thread.sleep(7000): null

2019-03-06 16:34:21 - [TEST_STEP][PASSED] - click(findTestObject("Form_Selection_Creation/div_Preview             Form1")): Object: 'Object Repository/Form_Selection_Creation/div_Preview             Form1' is clicked on

2019-03-06 16:34:21 - [MESSAGE][PASSED] - Object: 'Object Repository/Form_Selection_Creation/div_Preview             Form1' is clicked on

2019-03-06 16:34:21 - [TEST_STEP][PASSED] - Thread.sleep(5000): null

2019-03-06 16:34:26 - [TEST_STEP][PASSED] - click(findTestObject("Form_Selection_Creation/button_Release")): Object: 'Object Repository/Form_Selection_Creation/button_Release' is clicked on

2019-03-06 16:34:27 - [MESSAGE][PASSED] - Object: 'Object Repository/Form_Selection_Creation/button_Release' is clicked on

2019-03-06 16:34:27 - [TEST_STEP][PASSED] - Thread.sleep(4000): null

2019-03-06 16:34:31 - [TEST_STEP][PASSED] - click(findTestObject("Form_Selection_Creation/home")): Object: 'Object Repository/Form_Selection_Creation/home' is clicked on

2019-03-06 16:34:31 - [MESSAGE][PASSED] - Object: 'Object Repository/Form_Selection_Creation/home' is clicked on]]></system-out>
         <system-err><![CDATA[]]></system-err>
      </testcase>
      <testcase name="Test Cases/Forms/AuditForm/2_FormSubmission" classname="Test Cases/Forms/AuditForm/2_FormSubmission" status="PASSED">
         <system-out><![CDATA[2019-03-06 16:34:31 - [TEST_CASE][PASSED] - Test Cases/Forms/AuditForm/2_FormSubmission: Test Cases/Forms/AuditForm/2_FormSubmission

2019-03-06 16:34:31 - [TEST_STEP][NOT_RUN] - openBrowser(URL): NOT_RUN: openBrowser(URL)

2019-03-06 16:34:31 - [MESSAGE][NOT_RUN] - NOT_RUN: openBrowser(URL)

2019-03-06 16:34:31 - [TEST_STEP][PASSED] - waitForElementClickable(findTestObject("FormTab/selectForm"), 45): Object 'Object Repository/FormTab/selectForm' is clickable

2019-03-06 16:34:33 - [MESSAGE][PASSED] - Object 'Object Repository/FormTab/selectForm' is clickable

2019-03-06 16:34:33 - [TEST_STEP][PASSED] - Thread.sleep(2000): null

2019-03-06 16:34:35 - [TEST_STEP][PASSED] - refresh(): Refresh successfully

2019-03-06 16:34:37 - [MESSAGE][PASSED] - Refresh successfully

2019-03-06 16:34:37 - [TEST_STEP][NOT_RUN] - maximizeWindow(): NOT_RUN: maximizeWindow()

2019-03-06 16:34:37 - [MESSAGE][NOT_RUN] - NOT_RUN: maximizeWindow()

2019-03-06 16:34:37 - [TEST_STEP][PASSED] - driver = getWebDriver(): null

2019-03-06 16:34:37 - [TEST_STEP][NOT_RUN] - setText(findTestObject("FormTab/login_Username"), UserName): NOT_RUN: setText(findTestObject("FormTab/login_Username"), UserName)

2019-03-06 16:34:37 - [MESSAGE][NOT_RUN] - NOT_RUN: setText(findTestObject("FormTab/login_Username"), UserName)

2019-03-06 16:34:37 - [TEST_STEP][NOT_RUN] - setText(findTestObject("FormTab/login_Password"), Password): NOT_RUN: setText(findTestObject("FormTab/login_Password"), Password)

2019-03-06 16:34:37 - [MESSAGE][NOT_RUN] - NOT_RUN: setText(findTestObject("FormTab/login_Password"), Password)

2019-03-06 16:34:37 - [TEST_STEP][NOT_RUN] - click(findTestObject("FormTab/login_Button")): NOT_RUN: click(findTestObject("FormTab/login_Button"))

2019-03-06 16:34:37 - [MESSAGE][NOT_RUN] - NOT_RUN: click(findTestObject("FormTab/login_Button"))

2019-03-06 16:34:37 - [TEST_STEP][NOT_RUN] - Thread.sleep(2000): NOT_RUN: Thread.sleep(2000)

2019-03-06 16:34:37 - [MESSAGE][NOT_RUN] - NOT_RUN: Thread.sleep(2000)

2019-03-06 16:34:37 - [TEST_STEP][NOT_RUN] - click(findTestObject("Form_Selection_Creation/home")): NOT_RUN: click(findTestObject("Form_Selection_Creation/home"))

2019-03-06 16:34:37 - [MESSAGE][NOT_RUN] - NOT_RUN: click(findTestObject("Form_Selection_Creation/home"))

2019-03-06 16:34:37 - [TEST_STEP][PASSED] - waitForElementClickable(findTestObject("FormTab/form_Tab"), 45): Object 'Object Repository/FormTab/form_Tab' is clickable

2019-03-06 16:34:37 - [MESSAGE][PASSED] - Object 'Object Repository/FormTab/form_Tab' is clickable

2019-03-06 16:34:37 - [TEST_STEP][PASSED] - Thread.sleep(6000): null

2019-03-06 16:34:43 - [TEST_STEP][PASSED] - click(findTestObject("FormTab/form_Tab")): Object: 'Object Repository/FormTab/form_Tab' is clicked on

2019-03-06 16:34:43 - [MESSAGE][PASSED] - Object: 'Object Repository/FormTab/form_Tab' is clicked on

2019-03-06 16:34:43 - [TEST_STEP][PASSED] - waitForElementClickable(findTestObject("FormTab/selectForm"), 45): Object 'Object Repository/FormTab/selectForm' is clickable

2019-03-06 16:34:45 - [MESSAGE][PASSED] - Object 'Object Repository/FormTab/selectForm' is clickable

2019-03-06 16:34:45 - [TEST_STEP][PASSED] - Thread.sleep(6000): null

2019-03-06 16:34:51 - [TEST_STEP][PASSED] - click(findTestObject("FormTab/options")): Object: 'Object Repository/FormTab/options' is clicked on

2019-03-06 16:34:51 - [MESSAGE][PASSED] - Object: 'Object Repository/FormTab/options' is clicked on

2019-03-06 16:34:51 - [TEST_STEP][PASSED] - Thread.sleep(2000): null

2019-03-06 16:34:53 - [TEST_STEP][PASSED] - mouseOver(findTestObject("FormTab/filterOption")): Object: 'Object Repository/FormTab/filterOption' is hovered

2019-03-06 16:34:54 - [MESSAGE][PASSED] - Object: 'Object Repository/FormTab/filterOption' is hovered

2019-03-06 16:34:54 - [TEST_STEP][PASSED] - Thread.sleep(2000): null

2019-03-06 16:34:56 - [TEST_STEP][PASSED] - AdminTool_Location.moveCursor(): AdminTool_Location.moveCursor is PASSED

2019-03-06 16:34:56 - [MESSAGE][PASSED] - AdminTool_Location.moveCursor is PASSED

2019-03-06 16:34:56 - [TEST_STEP][PASSED] - Thread.sleep(2000): null

2019-03-06 16:34:58 - [TEST_STEP][PASSED] - FormName.filterFormName(): FormName.filterFormName is PASSED

2019-03-06 16:35:00 - [MESSAGE][PASSED] - FormName.filterFormName is PASSED

2019-03-06 16:35:00 - [TEST_STEP][PASSED] - Thread.sleep(2000): null

2019-03-06 16:35:02 - [TEST_STEP][PASSED] - click(findTestObject("FormTab/filterButton")): Object: 'Object Repository/FormTab/filterButton' is clicked on

2019-03-06 16:35:02 - [MESSAGE][PASSED] - Object: 'Object Repository/FormTab/filterButton' is clicked on

2019-03-06 16:35:02 - [TEST_STEP][PASSED] - Thread.sleep(4000): null

2019-03-06 16:35:06 - [TEST_STEP][PASSED] - waitForElementClickable(findTestObject("FormTab/selectForm"), 45): Object 'Object Repository/FormTab/selectForm' is clickable

2019-03-06 16:35:06 - [MESSAGE][PASSED] - Object 'Object Repository/FormTab/selectForm' is clickable

2019-03-06 16:35:06 - [TEST_STEP][PASSED] - click(findTestObject("FormTab/selectForm")): Object: 'Object Repository/FormTab/selectForm' is clicked on

2019-03-06 16:35:06 - [MESSAGE][PASSED] - Object: 'Object Repository/FormTab/selectForm' is clicked on

2019-03-06 16:35:06 - [TEST_STEP][NOT_RUN] - click(findTestObject("FormTab/clickToViewMoreOption")): NOT_RUN: click(findTestObject("FormTab/clickToViewMoreOption"))

2019-03-06 16:35:06 - [MESSAGE][NOT_RUN] - NOT_RUN: click(findTestObject("FormTab/clickToViewMoreOption"))

2019-03-06 16:35:06 - [TEST_STEP][NOT_RUN] - Thread.sleep(4000): NOT_RUN: Thread.sleep(4000)

2019-03-06 16:35:06 - [MESSAGE][NOT_RUN] - NOT_RUN: Thread.sleep(4000)

2019-03-06 16:35:06 - [TEST_STEP][NOT_RUN] - waitForElementNotVisible(findTestObject("FormTab/select500_Form"), 5): NOT_RUN: waitForElementNotVisible(findTestObject("FormTab/select500_Form"), 5)

2019-03-06 16:35:06 - [MESSAGE][NOT_RUN] - NOT_RUN: waitForElementNotVisible(findTestObject("FormTab/select500_Form"), 5)

2019-03-06 16:35:06 - [TEST_STEP][NOT_RUN] - click(findTestObject("FormTab/select500_Form"), STOP_ON_FAILURE): NOT_RUN: click(findTestObject("FormTab/select500_Form"), STOP_ON_FAILURE)

2019-03-06 16:35:06 - [MESSAGE][NOT_RUN] - NOT_RUN: click(findTestObject("FormTab/select500_Form"), STOP_ON_FAILURE)

2019-03-06 16:35:06 - [TEST_STEP][NOT_RUN] - Thread.sleep(7000): NOT_RUN: Thread.sleep(7000)

2019-03-06 16:35:06 - [MESSAGE][NOT_RUN] - NOT_RUN: Thread.sleep(7000)

2019-03-06 16:35:06 - [TEST_STEP][NOT_RUN] - FormName.fillFormName(): NOT_RUN: FormName.fillFormName()

2019-03-06 16:35:06 - [MESSAGE][NOT_RUN] - NOT_RUN: FormName.fillFormName()

2019-03-06 16:35:06 - [TEST_STEP][PASSED] - Thread.sleep(4000): null

2019-03-06 16:35:10 - [TEST_STEP][PASSED] - Submission.formSubmission(): Submission.formSubmission is PASSED

2019-03-06 16:36:17 - [MESSAGE][PASSED] - Submission.formSubmission is PASSED

2019-03-06 16:36:17 - [TEST_STEP][NOT_RUN] - click(findTestObject("FormTab/fillForm_OpenLocationOption")): NOT_RUN: click(findTestObject("FormTab/fillForm_OpenLocationOption"))

2019-03-06 16:36:17 - [MESSAGE][NOT_RUN] - NOT_RUN: click(findTestObject("FormTab/fillForm_OpenLocationOption"))

2019-03-06 16:36:17 - [TEST_STEP][NOT_RUN] - Thread.sleep(2000): NOT_RUN: Thread.sleep(2000)

2019-03-06 16:36:17 - [MESSAGE][NOT_RUN] - NOT_RUN: Thread.sleep(2000)

2019-03-06 16:36:17 - [TEST_STEP][NOT_RUN] - click(findTestObject("FormTab/fillForm_SelectLocation")): NOT_RUN: click(findTestObject("FormTab/fillForm_SelectLocation"))

2019-03-06 16:36:17 - [MESSAGE][NOT_RUN] - NOT_RUN: click(findTestObject("FormTab/fillForm_SelectLocation"))

2019-03-06 16:36:17 - [TEST_STEP][NOT_RUN] - Thread.sleep(4000): NOT_RUN: Thread.sleep(4000)

2019-03-06 16:36:17 - [MESSAGE][NOT_RUN] - NOT_RUN: Thread.sleep(4000)

2019-03-06 16:36:17 - [TEST_STEP][NOT_RUN] - click(findTestObject("FormTab/fillForm_OpenResourceOption")): NOT_RUN: click(findTestObject("FormTab/fillForm_OpenResourceOption"))

2019-03-06 16:36:17 - [MESSAGE][NOT_RUN] - NOT_RUN: click(findTestObject("FormTab/fillForm_OpenResourceOption"))

2019-03-06 16:36:17 - [TEST_STEP][NOT_RUN] - Thread.sleep(4000): NOT_RUN: Thread.sleep(4000)

2019-03-06 16:36:17 - [MESSAGE][NOT_RUN] - NOT_RUN: Thread.sleep(4000)

2019-03-06 16:36:17 - [TEST_STEP][NOT_RUN] - click(findTestObject("FormTab/fillForm_SelectResource")): NOT_RUN: click(findTestObject("FormTab/fillForm_SelectResource"))

2019-03-06 16:36:17 - [MESSAGE][NOT_RUN] - NOT_RUN: click(findTestObject("FormTab/fillForm_SelectResource"))

2019-03-06 16:36:17 - [TEST_STEP][NOT_RUN] - Thread.sleep(4000): NOT_RUN: Thread.sleep(4000)

2019-03-06 16:36:17 - [MESSAGE][NOT_RUN] - NOT_RUN: Thread.sleep(4000)

2019-03-06 16:36:17 - [TEST_STEP][NOT_RUN] - setText(findTestObject("FormTab/fillForm_FreeSingleText"), "MyText"): NOT_RUN: setText(findTestObject("FormTab/fillForm_FreeSingleText"), "MyText")

2019-03-06 16:36:17 - [MESSAGE][NOT_RUN] - NOT_RUN: setText(findTestObject("FormTab/fillForm_FreeSingleText"), "MyText")

2019-03-06 16:36:17 - [TEST_STEP][NOT_RUN] - setText(findTestObject("FormTab/fillForm_ParagraphText"), "MyParagraph"): NOT_RUN: setText(findTestObject("FormTab/fillForm_ParagraphText"), "MyParagraph")

2019-03-06 16:36:17 - [MESSAGE][NOT_RUN] - NOT_RUN: setText(findTestObject("FormTab/fillForm_ParagraphText"), "MyParagraph")

2019-03-06 16:36:17 - [TEST_STEP][NOT_RUN] - Thread.sleep(3000): NOT_RUN: Thread.sleep(3000)

2019-03-06 16:36:17 - [MESSAGE][NOT_RUN] - NOT_RUN: Thread.sleep(3000)

2019-03-06 16:36:17 - [TEST_STEP][NOT_RUN] - setText(findTestObject("FormTab/fillForm_SelectOneOption"), "Single Option1"): NOT_RUN: setText(findTestObject("FormTab/fillForm_SelectOneOption"), "Single Option1")

2019-03-06 16:36:17 - [MESSAGE][NOT_RUN] - NOT_RUN: setText(findTestObject("FormTab/fillForm_SelectOneOption"), "Single Option1")

2019-03-06 16:36:17 - [TEST_STEP][NOT_RUN] - Thread.sleep(3000): NOT_RUN: Thread.sleep(3000)

2019-03-06 16:36:17 - [MESSAGE][NOT_RUN] - NOT_RUN: Thread.sleep(3000)

2019-03-06 16:36:17 - [TEST_STEP][NOT_RUN] - xpath("//*[@id='scs-form-level']/div/div/div/div/div/div/div[4]/div/field-template/div/div/div/div/span/span/input")).sendKeys(ENTER): NOT_RUN: xpath("//*[@id='scs-form-level']/div/div/div/div/div/div/div[4]/div/field-template/div/div/div/div/span/span/input")).sendKeys(ENTER)

2019-03-06 16:36:17 - [MESSAGE][NOT_RUN] - NOT_RUN: xpath("//*[@id='scs-form-level']/div/div/div/div/div/div/div[4]/div/field-template/div/div/div/div/span/span/input")).sendKeys(ENTER)

2019-03-06 16:36:17 - [TEST_STEP][NOT_RUN] - Thread.sleep(3000): NOT_RUN: Thread.sleep(3000)

2019-03-06 16:36:17 - [MESSAGE][NOT_RUN] - NOT_RUN: Thread.sleep(3000)

2019-03-06 16:36:17 - [TEST_STEP][NOT_RUN] - setText(findTestObject("FormTab/fillForm_SelectMultipleOption"), "Multiple Option1"): NOT_RUN: setText(findTestObject("FormTab/fillForm_SelectMultipleOption"), "Multiple Option1")

2019-03-06 16:36:17 - [MESSAGE][NOT_RUN] - NOT_RUN: setText(findTestObject("FormTab/fillForm_SelectMultipleOption"), "Multiple Option1")

2019-03-06 16:36:17 - [TEST_STEP][NOT_RUN] - Thread.sleep(3000): NOT_RUN: Thread.sleep(3000)

2019-03-06 16:36:17 - [MESSAGE][NOT_RUN] - NOT_RUN: Thread.sleep(3000)

2019-03-06 16:36:17 - [TEST_STEP][NOT_RUN] - xpath("//*[@id='scs-form-level']/div/div/div/div/div/div/div[5]/div/field-template/div/div/div/div/div/div/input")).sendKeys(ENTER): NOT_RUN: xpath("//*[@id='scs-form-level']/div/div/div/div/div/div/div[5]/div/field-template/div/div/div/div/div/div/input")).sendKeys(ENTER)

2019-03-06 16:36:17 - [MESSAGE][NOT_RUN] - NOT_RUN: xpath("//*[@id='scs-form-level']/div/div/div/div/div/div/div[5]/div/field-template/div/div/div/div/div/div/input")).sendKeys(ENTER)

2019-03-06 16:36:17 - [TEST_STEP][NOT_RUN] - Thread.sleep(3000): NOT_RUN: Thread.sleep(3000)

2019-03-06 16:36:17 - [MESSAGE][NOT_RUN] - NOT_RUN: Thread.sleep(3000)

2019-03-06 16:36:17 - [TEST_STEP][NOT_RUN] - click(findTestObject("FormTab/fillForm_SelectMultipleOption")): NOT_RUN: click(findTestObject("FormTab/fillForm_SelectMultipleOption"))

2019-03-06 16:36:17 - [MESSAGE][NOT_RUN] - NOT_RUN: click(findTestObject("FormTab/fillForm_SelectMultipleOption"))

2019-03-06 16:36:17 - [TEST_STEP][NOT_RUN] - Thread.sleep(4000): NOT_RUN: Thread.sleep(4000)

2019-03-06 16:36:17 - [MESSAGE][NOT_RUN] - NOT_RUN: Thread.sleep(4000)

2019-03-06 16:36:17 - [TEST_STEP][NOT_RUN] - xpath("//*[@id='scs-form-level']/div/div/div/div[2]/div/div/div[6]/div/field-template/div/div[2]/div/div/span[1]/span/input[1]")).sendKeys("9"): NOT_RUN: xpath("//*[@id='scs-form-level']/div/div/div/div[2]/div/div/div[6]/div/field-template/div/div[2]/div/div/span[1]/span/input[1]")).sendKeys("9")

2019-03-06 16:36:17 - [MESSAGE][NOT_RUN] - NOT_RUN: xpath("//*[@id='scs-form-level']/div/div/div/div[2]/div/div/div[6]/div/field-template/div/div[2]/div/div/span[1]/span/input[1]")).sendKeys("9")

2019-03-06 16:36:17 - [TEST_STEP][NOT_RUN] - setText(findTestObject("FormTab/fillForm_DateText"), "10/29/2018"): NOT_RUN: setText(findTestObject("FormTab/fillForm_DateText"), "10/29/2018")

2019-03-06 16:36:17 - [MESSAGE][NOT_RUN] - NOT_RUN: setText(findTestObject("FormTab/fillForm_DateText"), "10/29/2018")

2019-03-06 16:36:17 - [TEST_STEP][NOT_RUN] - setText(findTestObject("FormTab/fillForm_TimeText"), "4:00 PM"): NOT_RUN: setText(findTestObject("FormTab/fillForm_TimeText"), "4:00 PM")

2019-03-06 16:36:17 - [MESSAGE][NOT_RUN] - NOT_RUN: setText(findTestObject("FormTab/fillForm_TimeText"), "4:00 PM")

2019-03-06 16:36:17 - [TEST_STEP][NOT_RUN] - setText(findTestObject("FormTab/fillForm_DateTimeText"), "10/29/2018 4:00 PM"): NOT_RUN: setText(findTestObject("FormTab/fillForm_DateTimeText"), "10/29/2018 4:00 PM")

2019-03-06 16:36:17 - [MESSAGE][NOT_RUN] - NOT_RUN: setText(findTestObject("FormTab/fillForm_DateTimeText"), "10/29/2018 4:00 PM")

2019-03-06 16:36:17 - [TEST_STEP][NOT_RUN] - click(findTestObject("FormTab/fillForm_SubmitButton")): NOT_RUN: click(findTestObject("FormTab/fillForm_SubmitButton"))

2019-03-06 16:36:17 - [MESSAGE][NOT_RUN] - NOT_RUN: click(findTestObject("FormTab/fillForm_SubmitButton"))

2019-03-06 16:36:18 - [TEST_STEP][NOT_RUN] - Thread.sleep(4000): NOT_RUN: Thread.sleep(4000)

2019-03-06 16:36:18 - [MESSAGE][NOT_RUN] - NOT_RUN: Thread.sleep(4000)

2019-03-06 16:36:18 - [TEST_STEP][NOT_RUN] - click(findTestObject("FormTab/fillForm_SubmissionOkButton")): NOT_RUN: click(findTestObject("FormTab/fillForm_SubmissionOkButton"))

2019-03-06 16:36:18 - [MESSAGE][NOT_RUN] - NOT_RUN: click(findTestObject("FormTab/fillForm_SubmissionOkButton"))

2019-03-06 16:36:18 - [TEST_STEP][PASSED] - Thread.sleep(2000): null]]></system-out>
         <system-err><![CDATA[]]></system-err>
      </testcase>
      <testcase name="Test Cases/Forms/AuditForm/3_VerifyingRecord" classname="Test Cases/Forms/AuditForm/3_VerifyingRecord" status="PASSED">
         <system-out><![CDATA[2019-03-06 16:36:20 - [TEST_CASE][PASSED] - Test Cases/Forms/AuditForm/3_VerifyingRecord: Test Cases/Forms/AuditForm/3_VerifyingRecord

2019-03-06 16:36:20 - [TEST_STEP][NOT_RUN] - openBrowser(URL): NOT_RUN: openBrowser(URL)

2019-03-06 16:36:20 - [MESSAGE][NOT_RUN] - NOT_RUN: openBrowser(URL)

2019-03-06 16:36:20 - [TEST_STEP][NOT_RUN] - maximizeWindow(): NOT_RUN: maximizeWindow()

2019-03-06 16:36:20 - [MESSAGE][NOT_RUN] - NOT_RUN: maximizeWindow()

2019-03-06 16:36:20 - [TEST_STEP][NOT_RUN] - setText(findTestObject("Record/login_Username"), UserName): NOT_RUN: setText(findTestObject("Record/login_Username"), UserName)

2019-03-06 16:36:20 - [MESSAGE][NOT_RUN] - NOT_RUN: setText(findTestObject("Record/login_Username"), UserName)

2019-03-06 16:36:20 - [TEST_STEP][NOT_RUN] - setText(findTestObject("Record/login_Password"), Password): NOT_RUN: setText(findTestObject("Record/login_Password"), Password)

2019-03-06 16:36:20 - [MESSAGE][NOT_RUN] - NOT_RUN: setText(findTestObject("Record/login_Password"), Password)

2019-03-06 16:36:20 - [TEST_STEP][NOT_RUN] - click(findTestObject("Record/login_Button")): NOT_RUN: click(findTestObject("Record/login_Button"))

2019-03-06 16:36:20 - [MESSAGE][NOT_RUN] - NOT_RUN: click(findTestObject("Record/login_Button"))

2019-03-06 16:36:20 - [TEST_STEP][PASSED] - refresh(): Refresh successfully

2019-03-06 16:36:22 - [MESSAGE][PASSED] - Refresh successfully

2019-03-06 16:36:22 - [TEST_STEP][PASSED] - waitForElementClickable(findTestObject("Record/record_Tab"), 45): Object 'Object Repository/Record/record_Tab' is clickable

2019-03-06 16:36:22 - [MESSAGE][PASSED] - Object 'Object Repository/Record/record_Tab' is clickable

2019-03-06 16:36:22 - [TEST_STEP][PASSED] - Thread.sleep(4000): null

2019-03-06 16:36:26 - [TEST_STEP][PASSED] - click(findTestObject("Record/record_Tab")): Object: 'Object Repository/Record/record_Tab' is clicked on

2019-03-06 16:36:26 - [MESSAGE][PASSED] - Object: 'Object Repository/Record/record_Tab' is clicked on

2019-03-06 16:36:26 - [TEST_STEP][PASSED] - waitForElementClickable(findTestObject("FormTab/selectForm"), 45): Object 'Object Repository/FormTab/selectForm' is clickable

2019-03-06 16:36:29 - [MESSAGE][PASSED] - Object 'Object Repository/FormTab/selectForm' is clickable

2019-03-06 16:36:29 - [TEST_STEP][PASSED] - Thread.sleep(5000): null

2019-03-06 16:36:34 - [TEST_STEP][PASSED] - click(findTestObject("Record/formNameOptions")): Object: 'Object Repository/Record/formNameOptions' is clicked on

2019-03-06 16:36:49 - [MESSAGE][PASSED] - Object: 'Object Repository/Record/formNameOptions' is clicked on

2019-03-06 16:36:49 - [TEST_STEP][PASSED] - Thread.sleep(2000): null

2019-03-06 16:36:51 - [TEST_STEP][PASSED] - mouseOver(findTestObject("FormTab/filterOption")): Object: 'Object Repository/FormTab/filterOption' is hovered

2019-03-06 16:36:51 - [MESSAGE][PASSED] - Object: 'Object Repository/FormTab/filterOption' is hovered

2019-03-06 16:36:51 - [TEST_STEP][PASSED] - Thread.sleep(2000): null

2019-03-06 16:36:53 - [TEST_STEP][PASSED] - FormName.filterDocumentName(): FormName.filterDocumentName is PASSED

2019-03-06 16:36:56 - [MESSAGE][PASSED] - FormName.filterDocumentName is PASSED

2019-03-06 16:36:56 - [TEST_STEP][PASSED] - click(findTestObject("FormTab/filterButton")): Object: 'Object Repository/FormTab/filterButton' is clicked on

2019-03-06 16:36:56 - [MESSAGE][PASSED] - Object: 'Object Repository/FormTab/filterButton' is clicked on

2019-03-06 16:36:56 - [TEST_STEP][PASSED] - Thread.sleep(4000): null

2019-03-06 16:37:00 - [TEST_STEP][PASSED] - waitForElementClickable(findTestObject("FormTab/selectForm"), 45): Object 'Object Repository/FormTab/selectForm' is clickable

2019-03-06 16:37:00 - [MESSAGE][PASSED] - Object 'Object Repository/FormTab/selectForm' is clickable

2019-03-06 16:37:00 - [TEST_STEP][PASSED] - Thread.sleep(2000): null

2019-03-06 16:37:02 - [TEST_STEP][PASSED] - doubleClick(findTestObject("FormTab/selectForm")): Object: 'Object Repository/FormTab/selectForm' is double clicked on

2019-03-06 16:37:02 - [MESSAGE][PASSED] - Object: 'Object Repository/FormTab/selectForm' is double clicked on

2019-03-06 16:37:02 - [TEST_STEP][NOT_RUN] - click(findTestObject("FormTab/clickToViewMoreOption")): NOT_RUN: click(findTestObject("FormTab/clickToViewMoreOption"))

2019-03-06 16:37:02 - [MESSAGE][NOT_RUN] - NOT_RUN: click(findTestObject("FormTab/clickToViewMoreOption"))

2019-03-06 16:37:02 - [TEST_STEP][NOT_RUN] - Thread.sleep(4000): NOT_RUN: Thread.sleep(4000)

2019-03-06 16:37:02 - [MESSAGE][NOT_RUN] - NOT_RUN: Thread.sleep(4000)

2019-03-06 16:37:02 - [TEST_STEP][NOT_RUN] - waitForElementNotVisible(findTestObject("FormTab/select500_Form"), 5): NOT_RUN: waitForElementNotVisible(findTestObject("FormTab/select500_Form"), 5)

2019-03-06 16:37:02 - [MESSAGE][NOT_RUN] - NOT_RUN: waitForElementNotVisible(findTestObject("FormTab/select500_Form"), 5)

2019-03-06 16:37:02 - [TEST_STEP][NOT_RUN] - click(findTestObject("FormTab/select500_Form")): NOT_RUN: click(findTestObject("FormTab/select500_Form"))

2019-03-06 16:37:02 - [MESSAGE][NOT_RUN] - NOT_RUN: click(findTestObject("FormTab/select500_Form"))

2019-03-06 16:37:02 - [TEST_STEP][NOT_RUN] - Thread.sleep(7000): NOT_RUN: Thread.sleep(7000)

2019-03-06 16:37:02 - [MESSAGE][NOT_RUN] - NOT_RUN: Thread.sleep(7000)

2019-03-06 16:37:02 - [TEST_STEP][PASSED] - AdminTool_Location.moveCursor(): AdminTool_Location.moveCursor is PASSED

2019-03-06 16:37:02 - [MESSAGE][PASSED] - AdminTool_Location.moveCursor is PASSED

2019-03-06 16:37:02 - [TEST_STEP][NOT_RUN] - Thread.sleep(2000): NOT_RUN: Thread.sleep(2000)

2019-03-06 16:37:02 - [MESSAGE][NOT_RUN] - NOT_RUN: Thread.sleep(2000)

2019-03-06 16:37:02 - [TEST_STEP][NOT_RUN] - FormName.recordFormName(): NOT_RUN: FormName.recordFormName()

2019-03-06 16:37:02 - [MESSAGE][NOT_RUN] - NOT_RUN: FormName.recordFormName()

2019-03-06 16:37:02 - [TEST_STEP][PASSED] - Thread.sleep(4000): null

2019-03-06 16:37:06 - [TEST_STEP][PASSED] - click(findTestObject("Record/editForm")): Object: 'Object Repository/Record/editForm' is clicked on

2019-03-06 16:37:06 - [MESSAGE][PASSED] - Object: 'Object Repository/Record/editForm' is clicked on

2019-03-06 16:37:06 - [TEST_STEP][PASSED] - Thread.sleep(3000): null

2019-03-06 16:37:09 - [TEST_STEP][PASSED] - setText(findTestObject("FormTab/fillForm_FreeSingleText"), "MyTextEdited"): Text 'MyTextEdited' is set on object 'Object Repository/FormTab/fillForm_FreeSingleText'

2019-03-06 16:37:09 - [MESSAGE][PASSED] - Text 'MyTextEdited' is set on object 'Object Repository/FormTab/fillForm_FreeSingleText'

2019-03-06 16:37:09 - [TEST_STEP][PASSED] - setText(findTestObject("FormTab/fillForm_ParagraphText"), "MyParagraphEdited"): Text 'MyParagraphEdited' is set on object 'Object Repository/FormTab/fillForm_ParagraphText'

2019-03-06 16:37:10 - [MESSAGE][PASSED] - Text 'MyParagraphEdited' is set on object 'Object Repository/FormTab/fillForm_ParagraphText'

2019-03-06 16:37:10 - [TEST_STEP][PASSED] - Thread.sleep(2000): null

2019-03-06 16:37:12 - [TEST_STEP][PASSED] - click(findTestObject("Record/submitButton")): Object: 'Object Repository/Record/submitButton' is clicked on

2019-03-06 16:37:12 - [MESSAGE][PASSED] - Object: 'Object Repository/Record/submitButton' is clicked on

2019-03-06 16:37:12 - [TEST_STEP][PASSED] - Thread.sleep(4000): null

2019-03-06 16:37:16 - [TEST_STEP][PASSED] - setText(findTestObject("Record/commentText"), "This form is edited in record."): Text 'This form is edited in record.' is set on object 'Object Repository/Record/commentText'

2019-03-06 16:37:16 - [MESSAGE][PASSED] - Text 'This form is edited in record.' is set on object 'Object Repository/Record/commentText'

2019-03-06 16:37:16 - [TEST_STEP][PASSED] - Thread.sleep(2000): null

2019-03-06 16:37:18 - [TEST_STEP][PASSED] - click(findTestObject("Record/acceptSubmitButton")): Object: 'Object Repository/Record/acceptSubmitButton' is clicked on

2019-03-06 16:37:18 - [MESSAGE][PASSED] - Object: 'Object Repository/Record/acceptSubmitButton' is clicked on

2019-03-06 16:37:18 - [TEST_STEP][PASSED] - Thread.sleep(6000): null

2019-03-06 16:37:24 - [TEST_STEP][PASSED] - click(findTestObject("Record/okButton")): Object: 'Object Repository/Record/okButton' is clicked on

2019-03-06 16:37:24 - [MESSAGE][PASSED] - Object: 'Object Repository/Record/okButton' is clicked on

2019-03-06 16:37:24 - [TEST_STEP][PASSED] - Thread.sleep(4000): null

2019-03-06 16:37:28 - [TEST_STEP][PASSED] - click(findTestObject("Record/record")): Object: 'Object Repository/Record/record' is clicked on

2019-03-06 16:37:28 - [MESSAGE][PASSED] - Object: 'Object Repository/Record/record' is clicked on

2019-03-06 16:37:28 - [TEST_STEP][PASSED] - waitForElementClickable(findTestObject("FormTab/selectForm"), 45): Object 'Object Repository/FormTab/selectForm' is clickable

2019-03-06 16:37:30 - [MESSAGE][PASSED] - Object 'Object Repository/FormTab/selectForm' is clickable

2019-03-06 16:37:30 - [TEST_STEP][PASSED] - Thread.sleep(2000): null

2019-03-06 16:37:32 - [TEST_STEP][PASSED] - doubleClick(findTestObject("FormTab/selectForm")): Object: 'Object Repository/FormTab/selectForm' is double clicked on

2019-03-06 16:37:32 - [MESSAGE][PASSED] - Object: 'Object Repository/FormTab/selectForm' is double clicked on

2019-03-06 16:37:32 - [TEST_STEP][NOT_RUN] - Thread.sleep(5000): NOT_RUN: Thread.sleep(5000)

2019-03-06 16:37:32 - [MESSAGE][NOT_RUN] - NOT_RUN: Thread.sleep(5000)

2019-03-06 16:37:32 - [TEST_STEP][NOT_RUN] - click(findTestObject("FormTab/clickToViewMoreOption")): NOT_RUN: click(findTestObject("FormTab/clickToViewMoreOption"))

2019-03-06 16:37:32 - [MESSAGE][NOT_RUN] - NOT_RUN: click(findTestObject("FormTab/clickToViewMoreOption"))

2019-03-06 16:37:32 - [TEST_STEP][NOT_RUN] - Thread.sleep(4000): NOT_RUN: Thread.sleep(4000)

2019-03-06 16:37:32 - [MESSAGE][NOT_RUN] - NOT_RUN: Thread.sleep(4000)

2019-03-06 16:37:32 - [TEST_STEP][NOT_RUN] - waitForElementNotVisible(findTestObject("FormTab/select500_Form"), 5): NOT_RUN: waitForElementNotVisible(findTestObject("FormTab/select500_Form"), 5)

2019-03-06 16:37:32 - [MESSAGE][NOT_RUN] - NOT_RUN: waitForElementNotVisible(findTestObject("FormTab/select500_Form"), 5)

2019-03-06 16:37:32 - [TEST_STEP][NOT_RUN] - click(findTestObject("FormTab/select500_Form")): NOT_RUN: click(findTestObject("FormTab/select500_Form"))

2019-03-06 16:37:32 - [MESSAGE][NOT_RUN] - NOT_RUN: click(findTestObject("FormTab/select500_Form"))

2019-03-06 16:37:32 - [TEST_STEP][NOT_RUN] - Thread.sleep(7000): NOT_RUN: Thread.sleep(7000)

2019-03-06 16:37:32 - [MESSAGE][NOT_RUN] - NOT_RUN: Thread.sleep(7000)

2019-03-06 16:37:32 - [TEST_STEP][NOT_RUN] - FormName.recordFormName(): NOT_RUN: FormName.recordFormName()

2019-03-06 16:37:32 - [MESSAGE][NOT_RUN] - NOT_RUN: FormName.recordFormName()

2019-03-06 16:37:32 - [TEST_STEP][PASSED] - Thread.sleep(4000): null]]></system-out>
         <system-err><![CDATA[]]></system-err>
      </testcase>
      <testcase name="Test Cases/Forms/CheckForm/1_CreateForm" classname="Test Cases/Forms/CheckForm/1_CreateForm" status="PASSED">
         <system-out><![CDATA[2019-03-06 16:37:36 - [TEST_CASE][PASSED] - Test Cases/Forms/CheckForm/1_CreateForm: Test Cases/Forms/CheckForm/1_CreateForm

2019-03-06 16:37:36 - [TEST_STEP][NOT_RUN] - openBrowser(URL): NOT_RUN: openBrowser(URL)

2019-03-06 16:37:36 - [MESSAGE][NOT_RUN] - NOT_RUN: openBrowser(URL)

2019-03-06 16:37:36 - [TEST_STEP][NOT_RUN] - maximizeWindow(): NOT_RUN: maximizeWindow()

2019-03-06 16:37:36 - [MESSAGE][NOT_RUN] - NOT_RUN: maximizeWindow()

2019-03-06 16:37:36 - [TEST_STEP][NOT_RUN] - setText(findTestObject("Form_Selection_Creation/login_Username"), UserName1): NOT_RUN: setText(findTestObject("Form_Selection_Creation/login_Username"), UserName1)

2019-03-06 16:37:36 - [MESSAGE][NOT_RUN] - NOT_RUN: setText(findTestObject("Form_Selection_Creation/login_Username"), UserName1)

2019-03-06 16:37:36 - [TEST_STEP][NOT_RUN] - setText(findTestObject("Form_Selection_Creation/login_Password"), Password1): NOT_RUN: setText(findTestObject("Form_Selection_Creation/login_Password"), Password1)

2019-03-06 16:37:36 - [MESSAGE][NOT_RUN] - NOT_RUN: setText(findTestObject("Form_Selection_Creation/login_Password"), Password1)

2019-03-06 16:37:36 - [TEST_STEP][PASSED] - FormName.setData(): FormName.setData is PASSED

2019-03-06 16:37:36 - [MESSAGE][PASSED] - FormName.setData is PASSED

2019-03-06 16:37:36 - [TEST_STEP][NOT_RUN] - click(findTestObject("Form_Selection_Creation/login_Button")): NOT_RUN: click(findTestObject("Form_Selection_Creation/login_Button"))

2019-03-06 16:37:36 - [MESSAGE][NOT_RUN] - NOT_RUN: click(findTestObject("Form_Selection_Creation/login_Button"))

2019-03-06 16:37:36 - [TEST_STEP][PASSED] - Thread.sleep(3000): null

2019-03-06 16:37:39 - [TEST_STEP][PASSED] - AdminTool_Location.moveCursor(): AdminTool_Location.moveCursor is PASSED

2019-03-06 16:37:39 - [MESSAGE][PASSED] - AdminTool_Location.moveCursor is PASSED

2019-03-06 16:37:39 - [TEST_STEP][PASSED] - Thread.sleep(2000): null

2019-03-06 16:37:41 - [TEST_STEP][PASSED] - click(findTestObject("Form_Selection_Creation/mainMenu_Button")): Object: 'Object Repository/Form_Selection_Creation/mainMenu_Button' is clicked on

2019-03-06 16:37:41 - [MESSAGE][PASSED] - Object: 'Object Repository/Form_Selection_Creation/mainMenu_Button' is clicked on

2019-03-06 16:37:41 - [TEST_STEP][PASSED] - click(findTestObject("Form_Selection_Creation/mainMenu_AdminTools")): Object: 'Object Repository/Form_Selection_Creation/mainMenu_AdminTools' is clicked on

2019-03-06 16:37:41 - [MESSAGE][PASSED] - Object: 'Object Repository/Form_Selection_Creation/mainMenu_AdminTools' is clicked on

2019-03-06 16:37:41 - [TEST_STEP][PASSED] - waitForElementVisible(findTestObject("Form_Selection_Creation/mainMenu_AdminTools_FormDesigner"), 45): Object 'Object Repository/Form_Selection_Creation/mainMenu_AdminTools_FormDesigner' is visible

2019-03-06 16:37:41 - [MESSAGE][PASSED] - Object 'Object Repository/Form_Selection_Creation/mainMenu_AdminTools_FormDesigner' is visible

2019-03-06 16:37:41 - [TEST_STEP][PASSED] - click(findTestObject("Form_Selection_Creation/mainMenu_AdminTools_FormDesigner")): Object: 'Object Repository/Form_Selection_Creation/mainMenu_AdminTools_FormDesigner' is clicked on

2019-03-06 16:37:42 - [MESSAGE][PASSED] - Object: 'Object Repository/Form_Selection_Creation/mainMenu_AdminTools_FormDesigner' is clicked on

2019-03-06 16:37:42 - [TEST_STEP][PASSED] - click(findTestObject("Form_Selection_Creation/selectCheckForm")): Object: 'Object Repository/Form_Selection_Creation/selectCheckForm' is clicked on

2019-03-06 16:37:42 - [MESSAGE][PASSED] - Object: 'Object Repository/Form_Selection_Creation/selectCheckForm' is clicked on

2019-03-06 16:37:42 - [TEST_STEP][PASSED] - Thread.sleep(3000): null

2019-03-06 16:37:45 - [TEST_STEP][PASSED] - dragAndDropToObject(findTestObject("Form_Selection_Creation/formDesign_selectResource"), findTestObject("Form_Selection_Creation/Target_Res_Object")): Dragged object with id 'Object Repository/Form_Selection_Creation/formDesign_selectResource' to object with id 'TestObject - 'Object Repository/Form_Selection_Creation/Target_Res_Object'' successfully

2019-03-06 16:37:46 - [MESSAGE][PASSED] - Dragged object with id 'Object Repository/Form_Selection_Creation/formDesign_selectResource' to object with id 'TestObject - 'Object Repository/Form_Selection_Creation/Target_Res_Object'' successfully

2019-03-06 16:37:46 - [TEST_STEP][PASSED] - waitForElementClickable(findTestObject("Form_Selection_Creation/select1Res"), 45): Object 'Object Repository/Form_Selection_Creation/select1Res' is clickable

2019-03-06 16:37:46 - [MESSAGE][PASSED] - Object 'Object Repository/Form_Selection_Creation/select1Res' is clickable

2019-03-06 16:37:46 - [TEST_STEP][PASSED] - dragAndDropToObject(findTestObject("Form_Selection_Creation/select1Res"), findTestObject("Form_Selection_Creation/Target_Res_Object")): Dragged object with id 'Object Repository/Form_Selection_Creation/select1Res' to object with id 'TestObject - 'Object Repository/Form_Selection_Creation/Target_Res_Object'' successfully

2019-03-06 16:37:47 - [MESSAGE][PASSED] - Dragged object with id 'Object Repository/Form_Selection_Creation/select1Res' to object with id 'TestObject - 'Object Repository/Form_Selection_Creation/Target_Res_Object'' successfully

2019-03-06 16:37:47 - [TEST_STEP][PASSED] - waitForElementClickable(findTestObject("Form_Selection_Creation/select2Res"), 45): Object 'Object Repository/Form_Selection_Creation/select2Res' is clickable

2019-03-06 16:37:47 - [MESSAGE][PASSED] - Object 'Object Repository/Form_Selection_Creation/select2Res' is clickable

2019-03-06 16:37:47 - [TEST_STEP][PASSED] - dragAndDropToObject(findTestObject("Form_Selection_Creation/select2Res"), findTestObject("Form_Selection_Creation/Target_Res_Object")): Dragged object with id 'Object Repository/Form_Selection_Creation/select2Res' to object with id 'TestObject - 'Object Repository/Form_Selection_Creation/Target_Res_Object'' successfully

2019-03-06 16:37:52 - [MESSAGE][PASSED] - Dragged object with id 'Object Repository/Form_Selection_Creation/select2Res' to object with id 'TestObject - 'Object Repository/Form_Selection_Creation/Target_Res_Object'' successfully

2019-03-06 16:37:52 - [TEST_STEP][PASSED] - Thread.sleep(6000): null

2019-03-06 16:37:58 - [TEST_STEP][PASSED] - click(findTestObject("Form_Selection_Creation/formCreation_NextToDesignForm")): Object: 'Object Repository/Form_Selection_Creation/formCreation_NextToDesignForm' is clicked on

2019-03-06 16:37:59 - [MESSAGE][PASSED] - Object: 'Object Repository/Form_Selection_Creation/formCreation_NextToDesignForm' is clicked on

2019-03-06 16:37:59 - [TEST_STEP][PASSED] - Thread.sleep(4000): null

2019-03-06 16:38:03 - [TEST_STEP][PASSED] - FormName.createForm(findTestObject("Form_Selection_Creation/formDesign_FormName")): FormName.createForm is PASSED

2019-03-06 16:38:03 - [MESSAGE][PASSED] - FormName.createForm is PASSED

2019-03-06 16:38:03 - [TEST_STEP][PASSED] - Thread.sleep(2000): null

2019-03-06 16:38:05 - [TEST_STEP][PASSED] - dragAndDropToObject(findTestObject("Form_Selection_Creation/formDesign_SelectSection"), findTestObject("Form_Selection_Creation/default_area")): Dragged object with id 'Object Repository/Form_Selection_Creation/formDesign_SelectSection' to object with id 'TestObject - 'Object Repository/Form_Selection_Creation/default_area'' successfully

2019-03-06 16:38:06 - [MESSAGE][PASSED] - Dragged object with id 'Object Repository/Form_Selection_Creation/formDesign_SelectSection' to object with id 'TestObject - 'Object Repository/Form_Selection_Creation/default_area'' successfully

2019-03-06 16:38:06 - [TEST_STEP][PASSED] - setText(findTestObject("Form_Selection_Creation/formDesign_SectionName"), "This is a Section"): Text 'This is a Section' is set on object 'Object Repository/Form_Selection_Creation/formDesign_SectionName'

2019-03-06 16:38:06 - [MESSAGE][PASSED] - Text 'This is a Section' is set on object 'Object Repository/Form_Selection_Creation/formDesign_SectionName'

2019-03-06 16:38:06 - [TEST_STEP][PASSED] - Thread.sleep(2000): null

2019-03-06 16:38:08 - [TEST_STEP][PASSED] - dragAndDropToObject(findTestObject("Form_Selection_Creation/formDesign_SelectFieldgroup"), findTestObject("Form_Selection_Creation/section_area")): Dragged object with id 'Object Repository/Form_Selection_Creation/formDesign_SelectFieldgroup' to object with id 'TestObject - 'Object Repository/Form_Selection_Creation/section_area'' successfully

2019-03-06 16:38:09 - [MESSAGE][PASSED] - Dragged object with id 'Object Repository/Form_Selection_Creation/formDesign_SelectFieldgroup' to object with id 'TestObject - 'Object Repository/Form_Selection_Creation/section_area'' successfully

2019-03-06 16:38:09 - [TEST_STEP][PASSED] - setText(findTestObject("Form_Selection_Creation/formDesign_FieldGroupName"), "This is Field Group"): Text 'This is Field Group' is set on object 'Object Repository/Form_Selection_Creation/formDesign_FieldGroupName'

2019-03-06 16:38:09 - [MESSAGE][PASSED] - Text 'This is Field Group' is set on object 'Object Repository/Form_Selection_Creation/formDesign_FieldGroupName'

2019-03-06 16:38:09 - [TEST_STEP][PASSED] - Thread.sleep(2000): null

2019-03-06 16:38:11 - [TEST_STEP][PASSED] - dragAndDropToObject(findTestObject("Form_Selection_Creation/formDesign_SelectFree Text"), findTestObject("Form_Selection_Creation/group_area")): Dragged object with id 'Object Repository/Form_Selection_Creation/formDesign_SelectFree Text' to object with id 'TestObject - 'Object Repository/Form_Selection_Creation/group_area'' successfully

2019-03-06 16:38:12 - [MESSAGE][PASSED] - Dragged object with id 'Object Repository/Form_Selection_Creation/formDesign_SelectFree Text' to object with id 'TestObject - 'Object Repository/Form_Selection_Creation/group_area'' successfully

2019-03-06 16:38:12 - [TEST_STEP][PASSED] - setText(findTestObject("Form_Selection_Creation/formDesign_FreetextName"), "This is Free Text"): Text 'This is Free Text' is set on object 'Object Repository/Form_Selection_Creation/formDesign_FreetextName'

2019-03-06 16:38:13 - [MESSAGE][PASSED] - Text 'This is Free Text' is set on object 'Object Repository/Form_Selection_Creation/formDesign_FreetextName'

2019-03-06 16:38:13 - [TEST_STEP][PASSED] - Thread.sleep(2000): null

2019-03-06 16:38:15 - [TEST_STEP][PASSED] - dragAndDropToObject(findTestObject("Form_Selection_Creation/formDesign_SelectParagraphText"), findTestObject("Form_Selection_Creation/group_area")): Dragged object with id 'Object Repository/Form_Selection_Creation/formDesign_SelectParagraphText' to object with id 'TestObject - 'Object Repository/Form_Selection_Creation/group_area'' successfully

2019-03-06 16:38:16 - [MESSAGE][PASSED] - Dragged object with id 'Object Repository/Form_Selection_Creation/formDesign_SelectParagraphText' to object with id 'TestObject - 'Object Repository/Form_Selection_Creation/group_area'' successfully

2019-03-06 16:38:16 - [TEST_STEP][PASSED] - setText(findTestObject("Form_Selection_Creation/formDesign_ParagraphName"), "This is Paragraph"): Text 'This is Paragraph' is set on object 'Object Repository/Form_Selection_Creation/formDesign_ParagraphName'

2019-03-06 16:38:16 - [MESSAGE][PASSED] - Text 'This is Paragraph' is set on object 'Object Repository/Form_Selection_Creation/formDesign_ParagraphName'

2019-03-06 16:38:16 - [TEST_STEP][PASSED] - Thread.sleep(2000): null

2019-03-06 16:38:18 - [TEST_STEP][PASSED] - dragAndDropToObject(findTestObject("Form_Selection_Creation/formDesign_Select_SelectOne"), findTestObject("Form_Selection_Creation/group_area")): Dragged object with id 'Object Repository/Form_Selection_Creation/formDesign_Select_SelectOne' to object with id 'TestObject - 'Object Repository/Form_Selection_Creation/group_area'' successfully

2019-03-06 16:38:19 - [MESSAGE][PASSED] - Dragged object with id 'Object Repository/Form_Selection_Creation/formDesign_Select_SelectOne' to object with id 'TestObject - 'Object Repository/Form_Selection_Creation/group_area'' successfully

2019-03-06 16:38:19 - [TEST_STEP][PASSED] - setText(findTestObject("Form_Selection_Creation/formDesign_Select_OneName"), "This is Select One"): Text 'This is Select One' is set on object 'Object Repository/Form_Selection_Creation/formDesign_Select_OneName'

2019-03-06 16:38:20 - [MESSAGE][PASSED] - Text 'This is Select One' is set on object 'Object Repository/Form_Selection_Creation/formDesign_Select_OneName'

2019-03-06 16:38:20 - [TEST_STEP][PASSED] - Thread.sleep(3000): null

2019-03-06 16:38:23 - [TEST_STEP][PASSED] - waitForElementClickable(findTestObject("Form_Selection_Creation/button_Add New"), 30): Object 'Object Repository/Form_Selection_Creation/button_Add New' is clickable

2019-03-06 16:38:23 - [MESSAGE][PASSED] - Object 'Object Repository/Form_Selection_Creation/button_Add New' is clickable

2019-03-06 16:38:23 - [TEST_STEP][PASSED] - click(findTestObject("Form_Selection_Creation/button_Add New")): Object: 'Object Repository/Form_Selection_Creation/button_Add New' is clicked on

2019-03-06 16:38:23 - [MESSAGE][PASSED] - Object: 'Object Repository/Form_Selection_Creation/button_Add New' is clicked on

2019-03-06 16:38:23 - [TEST_STEP][PASSED] - setText(findTestObject("Form_Selection_Creation/addSingleValue1"), "Select Option1"): Text 'Select Option1' is set on object 'Object Repository/Form_Selection_Creation/addSingleValue1'

2019-03-06 16:38:23 - [MESSAGE][PASSED] - Text 'Select Option1' is set on object 'Object Repository/Form_Selection_Creation/addSingleValue1'

2019-03-06 16:38:23 - [TEST_STEP][PASSED] - Thread.sleep(2000): null

2019-03-06 16:38:25 - [TEST_STEP][PASSED] - click(findTestObject("Form_Selection_Creation/button_Add New")): Object: 'Object Repository/Form_Selection_Creation/button_Add New' is clicked on

2019-03-06 16:38:25 - [MESSAGE][PASSED] - Object: 'Object Repository/Form_Selection_Creation/button_Add New' is clicked on

2019-03-06 16:38:25 - [TEST_STEP][PASSED] - setText(findTestObject("Form_Selection_Creation/addSingleValue2"), "Select Option2"): Text 'Select Option2' is set on object 'Object Repository/Form_Selection_Creation/addSingleValue2'

2019-03-06 16:38:26 - [MESSAGE][PASSED] - Text 'Select Option2' is set on object 'Object Repository/Form_Selection_Creation/addSingleValue2'

2019-03-06 16:38:26 - [TEST_STEP][PASSED] - Thread.sleep(2000): null

2019-03-06 16:38:28 - [TEST_STEP][PASSED] - dragAndDropToObject(findTestObject("Form_Selection_Creation/formDesign_Select_SelectMultiple"), findTestObject("Form_Selection_Creation/group_area")): Dragged object with id 'Object Repository/Form_Selection_Creation/formDesign_Select_SelectMultiple' to object with id 'TestObject - 'Object Repository/Form_Selection_Creation/group_area'' successfully

2019-03-06 16:38:29 - [MESSAGE][PASSED] - Dragged object with id 'Object Repository/Form_Selection_Creation/formDesign_Select_SelectMultiple' to object with id 'TestObject - 'Object Repository/Form_Selection_Creation/group_area'' successfully

2019-03-06 16:38:29 - [TEST_STEP][PASSED] - setText(findTestObject("Form_Selection_Creation/formDesign_Select_MultipleName"), "This is Select Multiple "): Text 'This is Select Multiple ' is set on object 'Object Repository/Form_Selection_Creation/formDesign_Select_MultipleName'

2019-03-06 16:38:29 - [MESSAGE][PASSED] - Text 'This is Select Multiple ' is set on object 'Object Repository/Form_Selection_Creation/formDesign_Select_MultipleName'

2019-03-06 16:38:29 - [TEST_STEP][PASSED] - Thread.sleep(3000): null

2019-03-06 16:38:32 - [TEST_STEP][PASSED] - click(findTestObject("Form_Selection_Creation/button_AddNewMul")): Object: 'Object Repository/Form_Selection_Creation/button_AddNewMul' is clicked on

2019-03-06 16:38:32 - [MESSAGE][PASSED] - Object: 'Object Repository/Form_Selection_Creation/button_AddNewMul' is clicked on

2019-03-06 16:38:32 - [TEST_STEP][PASSED] - setText(findTestObject("Form_Selection_Creation/addMultipleValue1"), "Multiple Option1"): Text 'Multiple Option1' is set on object 'Object Repository/Form_Selection_Creation/addMultipleValue1'

2019-03-06 16:38:33 - [MESSAGE][PASSED] - Text 'Multiple Option1' is set on object 'Object Repository/Form_Selection_Creation/addMultipleValue1'

2019-03-06 16:38:33 - [TEST_STEP][PASSED] - Thread.sleep(2000): null

2019-03-06 16:38:35 - [TEST_STEP][PASSED] - click(findTestObject("Form_Selection_Creation/button_AddNewMul")): Object: 'Object Repository/Form_Selection_Creation/button_AddNewMul' is clicked on

2019-03-06 16:38:35 - [MESSAGE][PASSED] - Object: 'Object Repository/Form_Selection_Creation/button_AddNewMul' is clicked on

2019-03-06 16:38:35 - [TEST_STEP][PASSED] - setText(findTestObject("Form_Selection_Creation/addMultipleValue2"), "Multiple Option2"): Text 'Multiple Option2' is set on object 'Object Repository/Form_Selection_Creation/addMultipleValue2'

2019-03-06 16:38:35 - [MESSAGE][PASSED] - Text 'Multiple Option2' is set on object 'Object Repository/Form_Selection_Creation/addMultipleValue2'

2019-03-06 16:38:35 - [TEST_STEP][PASSED] - Thread.sleep(2000): null

2019-03-06 16:38:37 - [TEST_STEP][PASSED] - dragAndDropToObject(findTestObject("Form_Selection_Creation/formDesign_SelectNumeric"), findTestObject("Form_Selection_Creation/group_area")): Dragged object with id 'Object Repository/Form_Selection_Creation/formDesign_SelectNumeric' to object with id 'TestObject - 'Object Repository/Form_Selection_Creation/group_area'' successfully

2019-03-06 16:38:38 - [MESSAGE][PASSED] - Dragged object with id 'Object Repository/Form_Selection_Creation/formDesign_SelectNumeric' to object with id 'TestObject - 'Object Repository/Form_Selection_Creation/group_area'' successfully

2019-03-06 16:38:38 - [TEST_STEP][PASSED] - setText(findTestObject("Form_Selection_Creation/formDesign_NumericName"), "This is Numeric Field."): Text 'This is Numeric Field.' is set on object 'Object Repository/Form_Selection_Creation/formDesign_NumericName'

2019-03-06 16:38:38 - [MESSAGE][PASSED] - Text 'This is Numeric Field.' is set on object 'Object Repository/Form_Selection_Creation/formDesign_NumericName'

2019-03-06 16:38:38 - [TEST_STEP][PASSED] - Thread.sleep(2000): null

2019-03-06 16:38:40 - [TEST_STEP][PASSED] - dragAndDropToObject(findTestObject("Form_Selection_Creation/formDesign_SelectDate"), findTestObject("Form_Selection_Creation/group_area")): Dragged object with id 'Object Repository/Form_Selection_Creation/formDesign_SelectDate' to object with id 'TestObject - 'Object Repository/Form_Selection_Creation/group_area'' successfully

2019-03-06 16:38:41 - [MESSAGE][PASSED] - Dragged object with id 'Object Repository/Form_Selection_Creation/formDesign_SelectDate' to object with id 'TestObject - 'Object Repository/Form_Selection_Creation/group_area'' successfully

2019-03-06 16:38:41 - [TEST_STEP][PASSED] - setText(findTestObject("Form_Selection_Creation/formDesign_DateName"), "This is Date"): Text 'This is Date' is set on object 'Object Repository/Form_Selection_Creation/formDesign_DateName'

2019-03-06 16:38:42 - [MESSAGE][PASSED] - Text 'This is Date' is set on object 'Object Repository/Form_Selection_Creation/formDesign_DateName'

2019-03-06 16:38:42 - [TEST_STEP][PASSED] - Thread.sleep(2000): null

2019-03-06 16:38:44 - [TEST_STEP][PASSED] - dragAndDropToObject(findTestObject("Form_Selection_Creation/formDesign_SelectTime"), findTestObject("Form_Selection_Creation/group_area")): Dragged object with id 'Object Repository/Form_Selection_Creation/formDesign_SelectTime' to object with id 'TestObject - 'Object Repository/Form_Selection_Creation/group_area'' successfully

2019-03-06 16:38:44 - [MESSAGE][PASSED] - Dragged object with id 'Object Repository/Form_Selection_Creation/formDesign_SelectTime' to object with id 'TestObject - 'Object Repository/Form_Selection_Creation/group_area'' successfully

2019-03-06 16:38:44 - [TEST_STEP][PASSED] - setText(findTestObject("Form_Selection_Creation/formDesign_TimeName"), "This is Time"): Text 'This is Time' is set on object 'Object Repository/Form_Selection_Creation/formDesign_TimeName'

2019-03-06 16:38:45 - [MESSAGE][PASSED] - Text 'This is Time' is set on object 'Object Repository/Form_Selection_Creation/formDesign_TimeName'

2019-03-06 16:38:45 - [TEST_STEP][PASSED] - Thread.sleep(2000): null

2019-03-06 16:38:47 - [TEST_STEP][PASSED] - dragAndDropToObject(findTestObject("Form_Selection_Creation/formDesign_SelectDateTime"), findTestObject("Form_Selection_Creation/group_area")): Dragged object with id 'Object Repository/Form_Selection_Creation/formDesign_SelectDateTime' to object with id 'TestObject - 'Object Repository/Form_Selection_Creation/group_area'' successfully

2019-03-06 16:38:48 - [MESSAGE][PASSED] - Dragged object with id 'Object Repository/Form_Selection_Creation/formDesign_SelectDateTime' to object with id 'TestObject - 'Object Repository/Form_Selection_Creation/group_area'' successfully

2019-03-06 16:38:48 - [TEST_STEP][PASSED] - setText(findTestObject("Form_Selection_Creation/formDesign_DateTimeName"), "This is Date-Time"): Text 'This is Date-Time' is set on object 'Object Repository/Form_Selection_Creation/formDesign_DateTimeName'

2019-03-06 16:38:48 - [MESSAGE][PASSED] - Text 'This is Date-Time' is set on object 'Object Repository/Form_Selection_Creation/formDesign_DateTimeName'

2019-03-06 16:38:48 - [TEST_STEP][PASSED] - Thread.sleep(2000): null

2019-03-06 16:38:50 - [TEST_STEP][PASSED] - click(findTestObject("Form_Selection_Creation/formCreation_NextToDesignForm")): Object: 'Object Repository/Form_Selection_Creation/formCreation_NextToDesignForm' is clicked on

2019-03-06 16:38:50 - [MESSAGE][PASSED] - Object: 'Object Repository/Form_Selection_Creation/formCreation_NextToDesignForm' is clicked on

2019-03-06 16:38:50 - [TEST_STEP][PASSED] - Thread.sleep(7000): null

2019-03-06 16:38:57 - [TEST_STEP][PASSED] - click(findTestObject("Form_Selection_Creation/div_Preview             Form1")): Object: 'Object Repository/Form_Selection_Creation/div_Preview             Form1' is clicked on

2019-03-06 16:38:58 - [MESSAGE][PASSED] - Object: 'Object Repository/Form_Selection_Creation/div_Preview             Form1' is clicked on

2019-03-06 16:38:58 - [TEST_STEP][PASSED] - Thread.sleep(5000): null

2019-03-06 16:39:03 - [TEST_STEP][PASSED] - click(findTestObject("Form_Selection_Creation/button_Release")): Object: 'Object Repository/Form_Selection_Creation/button_Release' is clicked on

2019-03-06 16:39:03 - [MESSAGE][PASSED] - Object: 'Object Repository/Form_Selection_Creation/button_Release' is clicked on

2019-03-06 16:39:03 - [TEST_STEP][PASSED] - Thread.sleep(4000): null

2019-03-06 16:39:07 - [TEST_STEP][PASSED] - click(findTestObject("Form_Selection_Creation/home")): Object: 'Object Repository/Form_Selection_Creation/home' is clicked on

2019-03-06 16:39:07 - [MESSAGE][PASSED] - Object: 'Object Repository/Form_Selection_Creation/home' is clicked on]]></system-out>
         <system-err><![CDATA[]]></system-err>
      </testcase>
      <testcase name="Test Cases/Forms/CheckForm/2_FormSubmission" classname="Test Cases/Forms/CheckForm/2_FormSubmission" status="PASSED">
         <system-out><![CDATA[2019-03-06 16:39:07 - [TEST_CASE][PASSED] - Test Cases/Forms/CheckForm/2_FormSubmission: Test Cases/Forms/CheckForm/2_FormSubmission

2019-03-06 16:39:07 - [TEST_STEP][NOT_RUN] - openBrowser(URL): NOT_RUN: openBrowser(URL)

2019-03-06 16:39:07 - [MESSAGE][NOT_RUN] - NOT_RUN: openBrowser(URL)

2019-03-06 16:39:07 - [TEST_STEP][PASSED] - waitForElementClickable(findTestObject("FormTab/selectForm"), 45): Object 'Object Repository/FormTab/selectForm' is clickable

2019-03-06 16:39:10 - [MESSAGE][PASSED] - Object 'Object Repository/FormTab/selectForm' is clickable

2019-03-06 16:39:10 - [TEST_STEP][PASSED] - Thread.sleep(2000): null

2019-03-06 16:39:12 - [TEST_STEP][PASSED] - refresh(): Refresh successfully

2019-03-06 16:39:13 - [MESSAGE][PASSED] - Refresh successfully

2019-03-06 16:39:13 - [TEST_STEP][NOT_RUN] - maximizeWindow(): NOT_RUN: maximizeWindow()

2019-03-06 16:39:13 - [MESSAGE][NOT_RUN] - NOT_RUN: maximizeWindow()

2019-03-06 16:39:13 - [TEST_STEP][PASSED] - Thread.sleep(3000): null

2019-03-06 16:39:16 - [TEST_STEP][PASSED] - driver = getWebDriver(): null

2019-03-06 16:39:16 - [TEST_STEP][NOT_RUN] - setText(findTestObject("FormTab/login_Username"), UserName): NOT_RUN: setText(findTestObject("FormTab/login_Username"), UserName)

2019-03-06 16:39:16 - [MESSAGE][NOT_RUN] - NOT_RUN: setText(findTestObject("FormTab/login_Username"), UserName)

2019-03-06 16:39:16 - [TEST_STEP][NOT_RUN] - setText(findTestObject("FormTab/login_Password"), Password): NOT_RUN: setText(findTestObject("FormTab/login_Password"), Password)

2019-03-06 16:39:16 - [MESSAGE][NOT_RUN] - NOT_RUN: setText(findTestObject("FormTab/login_Password"), Password)

2019-03-06 16:39:16 - [TEST_STEP][NOT_RUN] - click(findTestObject("FormTab/login_Button")): NOT_RUN: click(findTestObject("FormTab/login_Button"))

2019-03-06 16:39:16 - [MESSAGE][NOT_RUN] - NOT_RUN: click(findTestObject("FormTab/login_Button"))

2019-03-06 16:39:16 - [TEST_STEP][NOT_RUN] - Thread.sleep(2000): NOT_RUN: Thread.sleep(2000)

2019-03-06 16:39:16 - [MESSAGE][NOT_RUN] - NOT_RUN: Thread.sleep(2000)

2019-03-06 16:39:16 - [TEST_STEP][NOT_RUN] - click(findTestObject("Form_Selection_Creation/home")): NOT_RUN: click(findTestObject("Form_Selection_Creation/home"))

2019-03-06 16:39:16 - [MESSAGE][NOT_RUN] - NOT_RUN: click(findTestObject("Form_Selection_Creation/home"))

2019-03-06 16:39:16 - [TEST_STEP][PASSED] - Thread.sleep(6000): null

2019-03-06 16:39:22 - [TEST_STEP][PASSED] - click(findTestObject("FormTab/form_Tab")): Object: 'Object Repository/FormTab/form_Tab' is clicked on

2019-03-06 16:39:22 - [MESSAGE][PASSED] - Object: 'Object Repository/FormTab/form_Tab' is clicked on

2019-03-06 16:39:22 - [TEST_STEP][PASSED] - waitForElementClickable(findTestObject("FormTab/selectForm"), 45): Object 'Object Repository/FormTab/selectForm' is clickable

2019-03-06 16:39:24 - [MESSAGE][PASSED] - Object 'Object Repository/FormTab/selectForm' is clickable

2019-03-06 16:39:24 - [TEST_STEP][PASSED] - Thread.sleep(6000): null

2019-03-06 16:39:30 - [TEST_STEP][NOT_RUN] - click(findTestObject("FormTab/clickToViewMoreOption")): NOT_RUN: click(findTestObject("FormTab/clickToViewMoreOption"))

2019-03-06 16:39:30 - [MESSAGE][NOT_RUN] - NOT_RUN: click(findTestObject("FormTab/clickToViewMoreOption"))

2019-03-06 16:39:30 - [TEST_STEP][NOT_RUN] - Thread.sleep(3000): NOT_RUN: Thread.sleep(3000)

2019-03-06 16:39:30 - [MESSAGE][NOT_RUN] - NOT_RUN: Thread.sleep(3000)

2019-03-06 16:39:30 - [TEST_STEP][NOT_RUN] - waitForElementNotVisible(findTestObject("FormTab/select500_Form"), 5): NOT_RUN: waitForElementNotVisible(findTestObject("FormTab/select500_Form"), 5)

2019-03-06 16:39:30 - [MESSAGE][NOT_RUN] - NOT_RUN: waitForElementNotVisible(findTestObject("FormTab/select500_Form"), 5)

2019-03-06 16:39:30 - [TEST_STEP][NOT_RUN] - click(findTestObject("FormTab/select500_Form")): NOT_RUN: click(findTestObject("FormTab/select500_Form"))

2019-03-06 16:39:30 - [MESSAGE][NOT_RUN] - NOT_RUN: click(findTestObject("FormTab/select500_Form"))

2019-03-06 16:39:30 - [TEST_STEP][NOT_RUN] - Thread.sleep(7000): NOT_RUN: Thread.sleep(7000)

2019-03-06 16:39:30 - [MESSAGE][NOT_RUN] - NOT_RUN: Thread.sleep(7000)

2019-03-06 16:39:30 - [TEST_STEP][NOT_RUN] - FormName.fillFormName(): NOT_RUN: FormName.fillFormName()

2019-03-06 16:39:30 - [MESSAGE][NOT_RUN] - NOT_RUN: FormName.fillFormName()

2019-03-06 16:39:30 - [TEST_STEP][PASSED] - click(findTestObject("FormTab/options")): Object: 'Object Repository/FormTab/options' is clicked on

2019-03-06 16:39:30 - [MESSAGE][PASSED] - Object: 'Object Repository/FormTab/options' is clicked on

2019-03-06 16:39:30 - [TEST_STEP][PASSED] - Thread.sleep(2000): null

2019-03-06 16:39:32 - [TEST_STEP][PASSED] - mouseOver(findTestObject("FormTab/filterOption")): Object: 'Object Repository/FormTab/filterOption' is hovered

2019-03-06 16:39:32 - [MESSAGE][PASSED] - Object: 'Object Repository/FormTab/filterOption' is hovered

2019-03-06 16:39:32 - [TEST_STEP][PASSED] - Thread.sleep(2000): null

2019-03-06 16:39:34 - [TEST_STEP][PASSED] - AdminTool_Location.moveCursor(): AdminTool_Location.moveCursor is PASSED

2019-03-06 16:39:34 - [MESSAGE][PASSED] - AdminTool_Location.moveCursor is PASSED

2019-03-06 16:39:34 - [TEST_STEP][PASSED] - Thread.sleep(2000): null

2019-03-06 16:39:36 - [TEST_STEP][PASSED] - FormName.filterFormName(): FormName.filterFormName is PASSED

2019-03-06 16:39:38 - [MESSAGE][PASSED] - FormName.filterFormName is PASSED

2019-03-06 16:39:38 - [TEST_STEP][PASSED] - Thread.sleep(2000): null

2019-03-06 16:39:40 - [TEST_STEP][PASSED] - click(findTestObject("FormTab/filterButton")): Object: 'Object Repository/FormTab/filterButton' is clicked on

2019-03-06 16:39:40 - [MESSAGE][PASSED] - Object: 'Object Repository/FormTab/filterButton' is clicked on

2019-03-06 16:39:40 - [TEST_STEP][PASSED] - Thread.sleep(4000): null

2019-03-06 16:39:44 - [TEST_STEP][PASSED] - waitForElementClickable(findTestObject("FormTab/selectForm"), 45): Object 'Object Repository/FormTab/selectForm' is clickable

2019-03-06 16:39:44 - [MESSAGE][PASSED] - Object 'Object Repository/FormTab/selectForm' is clickable

2019-03-06 16:39:44 - [TEST_STEP][PASSED] - click(findTestObject("FormTab/selectForm")): Object: 'Object Repository/FormTab/selectForm' is clicked on

2019-03-06 16:39:44 - [MESSAGE][PASSED] - Object: 'Object Repository/FormTab/selectForm' is clicked on

2019-03-06 16:39:44 - [TEST_STEP][PASSED] - Thread.sleep(4000): null

2019-03-06 16:39:48 - [TEST_STEP][PASSED] - Submission.formSubmission(): Submission.formSubmission is PASSED

2019-03-06 16:40:55 - [MESSAGE][PASSED] - Submission.formSubmission is PASSED

2019-03-06 16:40:55 - [TEST_STEP][NOT_RUN] - click(findTestObject("FormTab/fillForm_OpenLocationOption")): NOT_RUN: click(findTestObject("FormTab/fillForm_OpenLocationOption"))

2019-03-06 16:40:55 - [MESSAGE][NOT_RUN] - NOT_RUN: click(findTestObject("FormTab/fillForm_OpenLocationOption"))

2019-03-06 16:40:55 - [TEST_STEP][NOT_RUN] - Thread.sleep(2000): NOT_RUN: Thread.sleep(2000)

2019-03-06 16:40:55 - [MESSAGE][NOT_RUN] - NOT_RUN: Thread.sleep(2000)

2019-03-06 16:40:55 - [TEST_STEP][NOT_RUN] - click(findTestObject("FormTab/fillForm_SelectLocation")): NOT_RUN: click(findTestObject("FormTab/fillForm_SelectLocation"))

2019-03-06 16:40:55 - [MESSAGE][NOT_RUN] - NOT_RUN: click(findTestObject("FormTab/fillForm_SelectLocation"))

2019-03-06 16:40:55 - [TEST_STEP][NOT_RUN] - Thread.sleep(4000): NOT_RUN: Thread.sleep(4000)

2019-03-06 16:40:55 - [MESSAGE][NOT_RUN] - NOT_RUN: Thread.sleep(4000)

2019-03-06 16:40:55 - [TEST_STEP][NOT_RUN] - click(findTestObject("FormTab/fillForm_OpenResourceOption")): NOT_RUN: click(findTestObject("FormTab/fillForm_OpenResourceOption"))

2019-03-06 16:40:55 - [MESSAGE][NOT_RUN] - NOT_RUN: click(findTestObject("FormTab/fillForm_OpenResourceOption"))

2019-03-06 16:40:55 - [TEST_STEP][NOT_RUN] - Thread.sleep(4000): NOT_RUN: Thread.sleep(4000)

2019-03-06 16:40:55 - [MESSAGE][NOT_RUN] - NOT_RUN: Thread.sleep(4000)

2019-03-06 16:40:55 - [TEST_STEP][NOT_RUN] - click(findTestObject("FormTab/fillForm_SelectResource")): NOT_RUN: click(findTestObject("FormTab/fillForm_SelectResource"))

2019-03-06 16:40:55 - [MESSAGE][NOT_RUN] - NOT_RUN: click(findTestObject("FormTab/fillForm_SelectResource"))

2019-03-06 16:40:55 - [TEST_STEP][NOT_RUN] - Thread.sleep(4000): NOT_RUN: Thread.sleep(4000)

2019-03-06 16:40:55 - [MESSAGE][NOT_RUN] - NOT_RUN: Thread.sleep(4000)

2019-03-06 16:40:55 - [TEST_STEP][NOT_RUN] - setText(findTestObject("FormTab/fillForm_FreeSingleText"), "MyText"): NOT_RUN: setText(findTestObject("FormTab/fillForm_FreeSingleText"), "MyText")

2019-03-06 16:40:55 - [MESSAGE][NOT_RUN] - NOT_RUN: setText(findTestObject("FormTab/fillForm_FreeSingleText"), "MyText")

2019-03-06 16:40:55 - [TEST_STEP][NOT_RUN] - setText(findTestObject("FormTab/fillForm_ParagraphText"), "MyParagraph"): NOT_RUN: setText(findTestObject("FormTab/fillForm_ParagraphText"), "MyParagraph")

2019-03-06 16:40:55 - [MESSAGE][NOT_RUN] - NOT_RUN: setText(findTestObject("FormTab/fillForm_ParagraphText"), "MyParagraph")

2019-03-06 16:40:55 - [TEST_STEP][NOT_RUN] - Thread.sleep(3000): NOT_RUN: Thread.sleep(3000)

2019-03-06 16:40:55 - [MESSAGE][NOT_RUN] - NOT_RUN: Thread.sleep(3000)

2019-03-06 16:40:55 - [TEST_STEP][NOT_RUN] - setText(findTestObject("FormTab/fillForm_SelectOneOption"), "Select Option1"): NOT_RUN: setText(findTestObject("FormTab/fillForm_SelectOneOption"), "Select Option1")

2019-03-06 16:40:55 - [MESSAGE][NOT_RUN] - NOT_RUN: setText(findTestObject("FormTab/fillForm_SelectOneOption"), "Select Option1")

2019-03-06 16:40:55 - [TEST_STEP][NOT_RUN] - Thread.sleep(3000): NOT_RUN: Thread.sleep(3000)

2019-03-06 16:40:55 - [MESSAGE][NOT_RUN] - NOT_RUN: Thread.sleep(3000)

2019-03-06 16:40:55 - [TEST_STEP][NOT_RUN] - xpath("//*[@id='scs-form-level']/div/div/div/div/div/div/div[4]/div/field-template/div/div/div/div/span/span/input")).sendKeys(ENTER): NOT_RUN: xpath("//*[@id='scs-form-level']/div/div/div/div/div/div/div[4]/div/field-template/div/div/div/div/span/span/input")).sendKeys(ENTER)

2019-03-06 16:40:55 - [MESSAGE][NOT_RUN] - NOT_RUN: xpath("//*[@id='scs-form-level']/div/div/div/div/div/div/div[4]/div/field-template/div/div/div/div/span/span/input")).sendKeys(ENTER)

2019-03-06 16:40:55 - [TEST_STEP][NOT_RUN] - Thread.sleep(3000): NOT_RUN: Thread.sleep(3000)

2019-03-06 16:40:55 - [MESSAGE][NOT_RUN] - NOT_RUN: Thread.sleep(3000)

2019-03-06 16:40:55 - [TEST_STEP][NOT_RUN] - setText(findTestObject("FormTab/fillForm_SelectMultipleOption"), "Multiple Option1"): NOT_RUN: setText(findTestObject("FormTab/fillForm_SelectMultipleOption"), "Multiple Option1")

2019-03-06 16:40:55 - [MESSAGE][NOT_RUN] - NOT_RUN: setText(findTestObject("FormTab/fillForm_SelectMultipleOption"), "Multiple Option1")

2019-03-06 16:40:55 - [TEST_STEP][NOT_RUN] - Thread.sleep(3000): NOT_RUN: Thread.sleep(3000)

2019-03-06 16:40:55 - [MESSAGE][NOT_RUN] - NOT_RUN: Thread.sleep(3000)

2019-03-06 16:40:55 - [TEST_STEP][NOT_RUN] - xpath("//*[@id='scs-form-level']/div/div/div/div/div/div/div[5]/div/field-template/div/div/div/div/div/div/input")).sendKeys(ENTER): NOT_RUN: xpath("//*[@id='scs-form-level']/div/div/div/div/div/div/div[5]/div/field-template/div/div/div/div/div/div/input")).sendKeys(ENTER)

2019-03-06 16:40:55 - [MESSAGE][NOT_RUN] - NOT_RUN: xpath("//*[@id='scs-form-level']/div/div/div/div/div/div/div[5]/div/field-template/div/div/div/div/div/div/input")).sendKeys(ENTER)

2019-03-06 16:40:55 - [TEST_STEP][NOT_RUN] - Thread.sleep(3000): NOT_RUN: Thread.sleep(3000)

2019-03-06 16:40:55 - [MESSAGE][NOT_RUN] - NOT_RUN: Thread.sleep(3000)

2019-03-06 16:40:55 - [TEST_STEP][NOT_RUN] - click(findTestObject("FormTab/fillForm_SelectMultipleOption")): NOT_RUN: click(findTestObject("FormTab/fillForm_SelectMultipleOption"))

2019-03-06 16:40:55 - [MESSAGE][NOT_RUN] - NOT_RUN: click(findTestObject("FormTab/fillForm_SelectMultipleOption"))

2019-03-06 16:40:55 - [TEST_STEP][NOT_RUN] - Thread.sleep(4000): NOT_RUN: Thread.sleep(4000)

2019-03-06 16:40:55 - [MESSAGE][NOT_RUN] - NOT_RUN: Thread.sleep(4000)

2019-03-06 16:40:55 - [TEST_STEP][NOT_RUN] - xpath("//*[@id='scs-form-level']/div/div/div/div[2]/div/div/div[6]/div/field-template/div/div[2]/div/div/span[1]/span/input[1]")).sendKeys("9"): NOT_RUN: xpath("//*[@id='scs-form-level']/div/div/div/div[2]/div/div/div[6]/div/field-template/div/div[2]/div/div/span[1]/span/input[1]")).sendKeys("9")

2019-03-06 16:40:55 - [MESSAGE][NOT_RUN] - NOT_RUN: xpath("//*[@id='scs-form-level']/div/div/div/div[2]/div/div/div[6]/div/field-template/div/div[2]/div/div/span[1]/span/input[1]")).sendKeys("9")

2019-03-06 16:40:55 - [TEST_STEP][NOT_RUN] - setText(findTestObject("FormTab/fillForm_DateText"), "10/18/2018"): NOT_RUN: setText(findTestObject("FormTab/fillForm_DateText"), "10/18/2018")

2019-03-06 16:40:55 - [MESSAGE][NOT_RUN] - NOT_RUN: setText(findTestObject("FormTab/fillForm_DateText"), "10/18/2018")

2019-03-06 16:40:55 - [TEST_STEP][NOT_RUN] - setText(findTestObject("FormTab/fillForm_TimeText"), "9:00 AM"): NOT_RUN: setText(findTestObject("FormTab/fillForm_TimeText"), "9:00 AM")

2019-03-06 16:40:55 - [MESSAGE][NOT_RUN] - NOT_RUN: setText(findTestObject("FormTab/fillForm_TimeText"), "9:00 AM")

2019-03-06 16:40:55 - [TEST_STEP][NOT_RUN] - setText(findTestObject("FormTab/fillForm_DateTimeText"), "10/18/2018 9:00 AM"): NOT_RUN: setText(findTestObject("FormTab/fillForm_DateTimeText"), "10/18/2018 9:00 AM")

2019-03-06 16:40:55 - [MESSAGE][NOT_RUN] - NOT_RUN: setText(findTestObject("FormTab/fillForm_DateTimeText"), "10/18/2018 9:00 AM")

2019-03-06 16:40:55 - [TEST_STEP][NOT_RUN] - click(findTestObject("FormTab/fillForm_SubmitButton")): NOT_RUN: click(findTestObject("FormTab/fillForm_SubmitButton"))

2019-03-06 16:40:55 - [MESSAGE][NOT_RUN] - NOT_RUN: click(findTestObject("FormTab/fillForm_SubmitButton"))

2019-03-06 16:40:56 - [TEST_STEP][NOT_RUN] - Thread.sleep(4000): NOT_RUN: Thread.sleep(4000)

2019-03-06 16:40:56 - [MESSAGE][NOT_RUN] - NOT_RUN: Thread.sleep(4000)

2019-03-06 16:40:56 - [TEST_STEP][NOT_RUN] - click(findTestObject("FormTab/fillForm_SubmissionOkButton")): NOT_RUN: click(findTestObject("FormTab/fillForm_SubmissionOkButton"))

2019-03-06 16:40:56 - [MESSAGE][NOT_RUN] - NOT_RUN: click(findTestObject("FormTab/fillForm_SubmissionOkButton"))

2019-03-06 16:40:56 - [TEST_STEP][PASSED] - Thread.sleep(2000): null]]></system-out>
         <system-err><![CDATA[]]></system-err>
      </testcase>
      <testcase name="Test Cases/Forms/CheckForm/3_VerifyingRecord" classname="Test Cases/Forms/CheckForm/3_VerifyingRecord" status="PASSED">
         <system-out><![CDATA[2019-03-06 16:40:58 - [TEST_CASE][PASSED] - Test Cases/Forms/CheckForm/3_VerifyingRecord: Test Cases/Forms/CheckForm/3_VerifyingRecord

2019-03-06 16:40:58 - [TEST_STEP][NOT_RUN] - openBrowser(URL): NOT_RUN: openBrowser(URL)

2019-03-06 16:40:58 - [MESSAGE][NOT_RUN] - NOT_RUN: openBrowser(URL)

2019-03-06 16:40:58 - [TEST_STEP][NOT_RUN] - maximizeWindow(): NOT_RUN: maximizeWindow()

2019-03-06 16:40:58 - [MESSAGE][NOT_RUN] - NOT_RUN: maximizeWindow()

2019-03-06 16:40:58 - [TEST_STEP][NOT_RUN] - setText(findTestObject("Record/login_Username"), UserName): NOT_RUN: setText(findTestObject("Record/login_Username"), UserName)

2019-03-06 16:40:58 - [MESSAGE][NOT_RUN] - NOT_RUN: setText(findTestObject("Record/login_Username"), UserName)

2019-03-06 16:40:58 - [TEST_STEP][NOT_RUN] - setText(findTestObject("Record/login_Password"), Password): NOT_RUN: setText(findTestObject("Record/login_Password"), Password)

2019-03-06 16:40:58 - [MESSAGE][NOT_RUN] - NOT_RUN: setText(findTestObject("Record/login_Password"), Password)

2019-03-06 16:40:58 - [TEST_STEP][NOT_RUN] - click(findTestObject("Record/login_Button")): NOT_RUN: click(findTestObject("Record/login_Button"))

2019-03-06 16:40:58 - [MESSAGE][NOT_RUN] - NOT_RUN: click(findTestObject("Record/login_Button"))

2019-03-06 16:40:58 - [TEST_STEP][PASSED] - refresh(): Refresh successfully

2019-03-06 16:40:59 - [MESSAGE][PASSED] - Refresh successfully

2019-03-06 16:40:59 - [TEST_STEP][PASSED] - waitForElementClickable(findTestObject("Record/record_Tab"), 45): Object 'Object Repository/Record/record_Tab' is clickable

2019-03-06 16:40:59 - [MESSAGE][PASSED] - Object 'Object Repository/Record/record_Tab' is clickable

2019-03-06 16:40:59 - [TEST_STEP][PASSED] - Thread.sleep(4000): null

2019-03-06 16:41:03 - [TEST_STEP][PASSED] - click(findTestObject("Record/record_Tab")): Object: 'Object Repository/Record/record_Tab' is clicked on

2019-03-06 16:41:04 - [MESSAGE][PASSED] - Object: 'Object Repository/Record/record_Tab' is clicked on

2019-03-06 16:41:04 - [TEST_STEP][PASSED] - waitForElementClickable(findTestObject("FormTab/selectForm"), 45): Object 'Object Repository/FormTab/selectForm' is clickable

2019-03-06 16:41:05 - [MESSAGE][PASSED] - Object 'Object Repository/FormTab/selectForm' is clickable

2019-03-06 16:41:05 - [TEST_STEP][PASSED] - Thread.sleep(5000): null

2019-03-06 16:41:10 - [TEST_STEP][PASSED] - click(findTestObject("Record/formNameOptions")): Object: 'Object Repository/Record/formNameOptions' is clicked on

2019-03-06 16:41:10 - [MESSAGE][PASSED] - Object: 'Object Repository/Record/formNameOptions' is clicked on

2019-03-06 16:41:10 - [TEST_STEP][PASSED] - Thread.sleep(2000): null

2019-03-06 16:41:12 - [TEST_STEP][PASSED] - mouseOver(findTestObject("FormTab/filterOption")): Object: 'Object Repository/FormTab/filterOption' is hovered

2019-03-06 16:41:12 - [MESSAGE][PASSED] - Object: 'Object Repository/FormTab/filterOption' is hovered

2019-03-06 16:41:12 - [TEST_STEP][PASSED] - Thread.sleep(2000): null

2019-03-06 16:41:14 - [TEST_STEP][PASSED] - FormName.filterDocumentName(): FormName.filterDocumentName is PASSED

2019-03-06 16:41:16 - [MESSAGE][PASSED] - FormName.filterDocumentName is PASSED

2019-03-06 16:41:16 - [TEST_STEP][PASSED] - click(findTestObject("FormTab/filterButton")): Object: 'Object Repository/FormTab/filterButton' is clicked on

2019-03-06 16:41:16 - [MESSAGE][PASSED] - Object: 'Object Repository/FormTab/filterButton' is clicked on

2019-03-06 16:41:16 - [TEST_STEP][PASSED] - Thread.sleep(4000): null

2019-03-06 16:41:20 - [TEST_STEP][PASSED] - waitForElementClickable(findTestObject("FormTab/selectForm"), 45): Object 'Object Repository/FormTab/selectForm' is clickable

2019-03-06 16:41:20 - [MESSAGE][PASSED] - Object 'Object Repository/FormTab/selectForm' is clickable

2019-03-06 16:41:20 - [TEST_STEP][PASSED] - Thread.sleep(2000): null

2019-03-06 16:41:22 - [TEST_STEP][PASSED] - doubleClick(findTestObject("FormTab/selectForm")): Object: 'Object Repository/FormTab/selectForm' is double clicked on

2019-03-06 16:41:23 - [MESSAGE][PASSED] - Object: 'Object Repository/FormTab/selectForm' is double clicked on

2019-03-06 16:41:23 - [TEST_STEP][PASSED] - AdminTool_Location.moveCursor(): AdminTool_Location.moveCursor is PASSED

2019-03-06 16:41:23 - [MESSAGE][PASSED] - AdminTool_Location.moveCursor is PASSED

2019-03-06 16:41:23 - [TEST_STEP][NOT_RUN] - waitForElementClickable(findTestObject("Record/record_Tab"), 45): NOT_RUN: waitForElementClickable(findTestObject("Record/record_Tab"), 45)

2019-03-06 16:41:23 - [MESSAGE][NOT_RUN] - NOT_RUN: waitForElementClickable(findTestObject("Record/record_Tab"), 45)

2019-03-06 16:41:23 - [TEST_STEP][NOT_RUN] - Thread.sleep(6000): NOT_RUN: Thread.sleep(6000)

2019-03-06 16:41:23 - [MESSAGE][NOT_RUN] - NOT_RUN: Thread.sleep(6000)

2019-03-06 16:41:23 - [TEST_STEP][NOT_RUN] - click(findTestObject("Record/record_Tab")): NOT_RUN: click(findTestObject("Record/record_Tab"))

2019-03-06 16:41:23 - [MESSAGE][NOT_RUN] - NOT_RUN: click(findTestObject("Record/record_Tab"))

2019-03-06 16:41:23 - [TEST_STEP][NOT_RUN] - Thread.sleep(5000): NOT_RUN: Thread.sleep(5000)

2019-03-06 16:41:23 - [MESSAGE][NOT_RUN] - NOT_RUN: Thread.sleep(5000)

2019-03-06 16:41:23 - [TEST_STEP][NOT_RUN] - click(findTestObject("FormTab/clickToViewMoreOption")): NOT_RUN: click(findTestObject("FormTab/clickToViewMoreOption"))

2019-03-06 16:41:23 - [MESSAGE][NOT_RUN] - NOT_RUN: click(findTestObject("FormTab/clickToViewMoreOption"))

2019-03-06 16:41:23 - [TEST_STEP][NOT_RUN] - Thread.sleep(4000): NOT_RUN: Thread.sleep(4000)

2019-03-06 16:41:23 - [MESSAGE][NOT_RUN] - NOT_RUN: Thread.sleep(4000)

2019-03-06 16:41:23 - [TEST_STEP][NOT_RUN] - AdminTool_Location.moveCursor(): NOT_RUN: AdminTool_Location.moveCursor()

2019-03-06 16:41:23 - [MESSAGE][NOT_RUN] - NOT_RUN: AdminTool_Location.moveCursor()

2019-03-06 16:41:23 - [TEST_STEP][NOT_RUN] - Thread.sleep(2000): NOT_RUN: Thread.sleep(2000)

2019-03-06 16:41:23 - [MESSAGE][NOT_RUN] - NOT_RUN: Thread.sleep(2000)

2019-03-06 16:41:23 - [TEST_STEP][NOT_RUN] - waitForElementNotVisible(findTestObject("FormTab/select500_Form"), 5): NOT_RUN: waitForElementNotVisible(findTestObject("FormTab/select500_Form"), 5)

2019-03-06 16:41:23 - [MESSAGE][NOT_RUN] - NOT_RUN: waitForElementNotVisible(findTestObject("FormTab/select500_Form"), 5)

2019-03-06 16:41:23 - [TEST_STEP][NOT_RUN] - click(findTestObject("FormTab/select500_Form")): NOT_RUN: click(findTestObject("FormTab/select500_Form"))

2019-03-06 16:41:23 - [MESSAGE][NOT_RUN] - NOT_RUN: click(findTestObject("FormTab/select500_Form"))

2019-03-06 16:41:23 - [TEST_STEP][NOT_RUN] - Thread.sleep(7000): NOT_RUN: Thread.sleep(7000)

2019-03-06 16:41:23 - [MESSAGE][NOT_RUN] - NOT_RUN: Thread.sleep(7000)

2019-03-06 16:41:23 - [TEST_STEP][NOT_RUN] - FormName.recordFormName(): NOT_RUN: FormName.recordFormName()

2019-03-06 16:41:23 - [MESSAGE][NOT_RUN] - NOT_RUN: FormName.recordFormName()

2019-03-06 16:41:23 - [TEST_STEP][PASSED] - Thread.sleep(4000): null

2019-03-06 16:41:27 - [TEST_STEP][PASSED] - click(findTestObject("Record/editForm")): Object: 'Object Repository/Record/editForm' is clicked on

2019-03-06 16:41:27 - [MESSAGE][PASSED] - Object: 'Object Repository/Record/editForm' is clicked on

2019-03-06 16:41:27 - [TEST_STEP][PASSED] - Thread.sleep(2000): null

2019-03-06 16:41:29 - [TEST_STEP][PASSED] - setText(findTestObject("FormTab/fillForm_FreeSingleText"), "MyTextEdited"): Text 'MyTextEdited' is set on object 'Object Repository/FormTab/fillForm_FreeSingleText'

2019-03-06 16:41:29 - [MESSAGE][PASSED] - Text 'MyTextEdited' is set on object 'Object Repository/FormTab/fillForm_FreeSingleText'

2019-03-06 16:41:29 - [TEST_STEP][PASSED] - setText(findTestObject("FormTab/fillForm_ParagraphText"), "MyParagraphEdited"): Text 'MyParagraphEdited' is set on object 'Object Repository/FormTab/fillForm_ParagraphText'

2019-03-06 16:41:29 - [MESSAGE][PASSED] - Text 'MyParagraphEdited' is set on object 'Object Repository/FormTab/fillForm_ParagraphText'

2019-03-06 16:41:29 - [TEST_STEP][PASSED] - Thread.sleep(2000): null

2019-03-06 16:41:31 - [TEST_STEP][PASSED] - click(findTestObject("Record/submitButton")): Object: 'Object Repository/Record/submitButton' is clicked on

2019-03-06 16:41:31 - [MESSAGE][PASSED] - Object: 'Object Repository/Record/submitButton' is clicked on

2019-03-06 16:41:31 - [TEST_STEP][PASSED] - Thread.sleep(4000): null

2019-03-06 16:41:35 - [TEST_STEP][PASSED] - setText(findTestObject("Record/commentText"), "This form is edited in record."): Text 'This form is edited in record.' is set on object 'Object Repository/Record/commentText'

2019-03-06 16:41:36 - [MESSAGE][PASSED] - Text 'This form is edited in record.' is set on object 'Object Repository/Record/commentText'

2019-03-06 16:41:36 - [TEST_STEP][PASSED] - Thread.sleep(2000): null

2019-03-06 16:41:38 - [TEST_STEP][PASSED] - click(findTestObject("Record/acceptSubmitButton")): Object: 'Object Repository/Record/acceptSubmitButton' is clicked on

2019-03-06 16:41:38 - [MESSAGE][PASSED] - Object: 'Object Repository/Record/acceptSubmitButton' is clicked on

2019-03-06 16:41:38 - [TEST_STEP][PASSED] - Thread.sleep(6000): null

2019-03-06 16:41:44 - [TEST_STEP][PASSED] - click(findTestObject("Record/okButton")): Object: 'Object Repository/Record/okButton' is clicked on

2019-03-06 16:41:44 - [MESSAGE][PASSED] - Object: 'Object Repository/Record/okButton' is clicked on

2019-03-06 16:41:44 - [TEST_STEP][PASSED] - Thread.sleep(4000): null

2019-03-06 16:41:48 - [TEST_STEP][PASSED] - click(findTestObject("Record/record")): Object: 'Object Repository/Record/record' is clicked on

2019-03-06 16:41:48 - [MESSAGE][PASSED] - Object: 'Object Repository/Record/record' is clicked on

2019-03-06 16:41:48 - [TEST_STEP][PASSED] - waitForElementClickable(findTestObject("FormTab/selectForm"), 45): Object 'Object Repository/FormTab/selectForm' is clickable

2019-03-06 16:41:49 - [MESSAGE][PASSED] - Object 'Object Repository/FormTab/selectForm' is clickable

2019-03-06 16:41:49 - [TEST_STEP][PASSED] - Thread.sleep(2000): null

2019-03-06 16:41:51 - [TEST_STEP][PASSED] - doubleClick(findTestObject("FormTab/selectForm")): Object: 'Object Repository/FormTab/selectForm' is double clicked on

2019-03-06 16:41:51 - [MESSAGE][PASSED] - Object: 'Object Repository/FormTab/selectForm' is double clicked on

2019-03-06 16:41:51 - [TEST_STEP][NOT_RUN] - Thread.sleep(5000): NOT_RUN: Thread.sleep(5000)

2019-03-06 16:41:51 - [MESSAGE][NOT_RUN] - NOT_RUN: Thread.sleep(5000)

2019-03-06 16:41:51 - [TEST_STEP][NOT_RUN] - FormName.recordFormName(): NOT_RUN: FormName.recordFormName()

2019-03-06 16:41:51 - [MESSAGE][NOT_RUN] - NOT_RUN: FormName.recordFormName()

2019-03-06 16:41:51 - [TEST_STEP][PASSED] - Thread.sleep(4000): null]]></system-out>
         <system-err><![CDATA[]]></system-err>
      </testcase>
      <testcase name="Test Cases/Forms/QuestionaitreForm/1_CreateForm" classname="Test Cases/Forms/QuestionaitreForm/1_CreateForm" status="PASSED">
         <system-out><![CDATA[2019-03-06 16:41:55 - [TEST_CASE][PASSED] - Test Cases/Forms/QuestionaitreForm/1_CreateForm: Test Cases/Forms/QuestionaitreForm/1_CreateForm

2019-03-06 16:41:56 - [TEST_STEP][NOT_RUN] - openBrowser(URL): NOT_RUN: openBrowser(URL)

2019-03-06 16:41:56 - [MESSAGE][NOT_RUN] - NOT_RUN: openBrowser(URL)

2019-03-06 16:41:56 - [TEST_STEP][NOT_RUN] - maximizeWindow(): NOT_RUN: maximizeWindow()

2019-03-06 16:41:56 - [MESSAGE][NOT_RUN] - NOT_RUN: maximizeWindow()

2019-03-06 16:41:56 - [TEST_STEP][NOT_RUN] - setText(findTestObject("Form_Selection_Creation/login_Username"), UserName): NOT_RUN: setText(findTestObject("Form_Selection_Creation/login_Username"), UserName)

2019-03-06 16:41:56 - [MESSAGE][NOT_RUN] - NOT_RUN: setText(findTestObject("Form_Selection_Creation/login_Username"), UserName)

2019-03-06 16:41:56 - [TEST_STEP][NOT_RUN] - setText(findTestObject("Form_Selection_Creation/login_Password"), Password): NOT_RUN: setText(findTestObject("Form_Selection_Creation/login_Password"), Password)

2019-03-06 16:41:56 - [MESSAGE][NOT_RUN] - NOT_RUN: setText(findTestObject("Form_Selection_Creation/login_Password"), Password)

2019-03-06 16:41:56 - [TEST_STEP][PASSED] - FormName.setData(): FormName.setData is PASSED

2019-03-06 16:41:56 - [MESSAGE][PASSED] - FormName.setData is PASSED

2019-03-06 16:41:56 - [TEST_STEP][NOT_RUN] - click(findTestObject("Form_Selection_Creation/login_Button")): NOT_RUN: click(findTestObject("Form_Selection_Creation/login_Button"))

2019-03-06 16:41:56 - [MESSAGE][NOT_RUN] - NOT_RUN: click(findTestObject("Form_Selection_Creation/login_Button"))

2019-03-06 16:41:56 - [TEST_STEP][PASSED] - Thread.sleep(3000): null

2019-03-06 16:41:59 - [TEST_STEP][PASSED] - click(findTestObject("Form_Selection_Creation/mainMenu_Button")): Object: 'Object Repository/Form_Selection_Creation/mainMenu_Button' is clicked on

2019-03-06 16:41:59 - [MESSAGE][PASSED] - Object: 'Object Repository/Form_Selection_Creation/mainMenu_Button' is clicked on

2019-03-06 16:41:59 - [TEST_STEP][PASSED] - click(findTestObject("Form_Selection_Creation/mainMenu_AdminTools")): Object: 'Object Repository/Form_Selection_Creation/mainMenu_AdminTools' is clicked on

2019-03-06 16:41:59 - [MESSAGE][PASSED] - Object: 'Object Repository/Form_Selection_Creation/mainMenu_AdminTools' is clicked on

2019-03-06 16:41:59 - [TEST_STEP][PASSED] - waitForElementVisible(findTestObject("Form_Selection_Creation/mainMenu_AdminTools_FormDesigner"), 45): Object 'Object Repository/Form_Selection_Creation/mainMenu_AdminTools_FormDesigner' is visible

2019-03-06 16:41:59 - [MESSAGE][PASSED] - Object 'Object Repository/Form_Selection_Creation/mainMenu_AdminTools_FormDesigner' is visible

2019-03-06 16:41:59 - [TEST_STEP][PASSED] - click(findTestObject("Form_Selection_Creation/mainMenu_AdminTools_FormDesigner")): Object: 'Object Repository/Form_Selection_Creation/mainMenu_AdminTools_FormDesigner' is clicked on

2019-03-06 16:41:59 - [MESSAGE][PASSED] - Object: 'Object Repository/Form_Selection_Creation/mainMenu_AdminTools_FormDesigner' is clicked on

2019-03-06 16:41:59 - [TEST_STEP][PASSED] - Thread.sleep(2000): null

2019-03-06 16:42:01 - [TEST_STEP][PASSED] - AdminTool_Location.moveCursor(): AdminTool_Location.moveCursor is PASSED

2019-03-06 16:42:01 - [MESSAGE][PASSED] - AdminTool_Location.moveCursor is PASSED

2019-03-06 16:42:01 - [TEST_STEP][PASSED] - Thread.sleep(2000): null

2019-03-06 16:42:03 - [TEST_STEP][PASSED] - click(findTestObject("Form_Selection_Creation/selectQuestionaireForm")): Object: 'Object Repository/Form_Selection_Creation/selectQuestionaireForm' is clicked on

2019-03-06 16:42:03 - [MESSAGE][PASSED] - Object: 'Object Repository/Form_Selection_Creation/selectQuestionaireForm' is clicked on

2019-03-06 16:42:03 - [TEST_STEP][PASSED] - Thread.sleep(3000): null

2019-03-06 16:42:06 - [TEST_STEP][PASSED] - dragAndDropToObject(findTestObject("Form_Selection_Creation/formDesign_selectResource"), findTestObject("Form_Selection_Creation/Target_Res_Object")): Dragged object with id 'Object Repository/Form_Selection_Creation/formDesign_selectResource' to object with id 'TestObject - 'Object Repository/Form_Selection_Creation/Target_Res_Object'' successfully

2019-03-06 16:42:07 - [MESSAGE][PASSED] - Dragged object with id 'Object Repository/Form_Selection_Creation/formDesign_selectResource' to object with id 'TestObject - 'Object Repository/Form_Selection_Creation/Target_Res_Object'' successfully

2019-03-06 16:42:07 - [TEST_STEP][PASSED] - waitForElementClickable(findTestObject("Form_Selection_Creation/select1Res"), 45): Object 'Object Repository/Form_Selection_Creation/select1Res' is clickable

2019-03-06 16:42:07 - [MESSAGE][PASSED] - Object 'Object Repository/Form_Selection_Creation/select1Res' is clickable

2019-03-06 16:42:07 - [TEST_STEP][PASSED] - dragAndDropToObject(findTestObject("Form_Selection_Creation/select1Res"), findTestObject("Form_Selection_Creation/Target_Res_Object")): Dragged object with id 'Object Repository/Form_Selection_Creation/select1Res' to object with id 'TestObject - 'Object Repository/Form_Selection_Creation/Target_Res_Object'' successfully

2019-03-06 16:42:08 - [MESSAGE][PASSED] - Dragged object with id 'Object Repository/Form_Selection_Creation/select1Res' to object with id 'TestObject - 'Object Repository/Form_Selection_Creation/Target_Res_Object'' successfully

2019-03-06 16:42:08 - [TEST_STEP][PASSED] - waitForElementClickable(findTestObject("Form_Selection_Creation/select2Res"), 45): Object 'Object Repository/Form_Selection_Creation/select2Res' is clickable

2019-03-06 16:42:08 - [MESSAGE][PASSED] - Object 'Object Repository/Form_Selection_Creation/select2Res' is clickable

2019-03-06 16:42:08 - [TEST_STEP][PASSED] - dragAndDropToObject(findTestObject("Form_Selection_Creation/select2Res"), findTestObject("Form_Selection_Creation/Target_Res_Object")): Dragged object with id 'Object Repository/Form_Selection_Creation/select2Res' to object with id 'TestObject - 'Object Repository/Form_Selection_Creation/Target_Res_Object'' successfully

2019-03-06 16:42:08 - [MESSAGE][PASSED] - Dragged object with id 'Object Repository/Form_Selection_Creation/select2Res' to object with id 'TestObject - 'Object Repository/Form_Selection_Creation/Target_Res_Object'' successfully

2019-03-06 16:42:08 - [TEST_STEP][PASSED] - Thread.sleep(6000): null

2019-03-06 16:42:14 - [TEST_STEP][PASSED] - click(findTestObject("Form_Selection_Creation/formCreation_NextToDesignForm")): Object: 'Object Repository/Form_Selection_Creation/formCreation_NextToDesignForm' is clicked on

2019-03-06 16:42:15 - [MESSAGE][PASSED] - Object: 'Object Repository/Form_Selection_Creation/formCreation_NextToDesignForm' is clicked on

2019-03-06 16:42:15 - [TEST_STEP][PASSED] - Thread.sleep(4000): null

2019-03-06 16:42:19 - [TEST_STEP][PASSED] - FormName.createForm(findTestObject("Form_Selection_Creation/formDesign_FormName")): FormName.createForm is PASSED

2019-03-06 16:42:19 - [MESSAGE][PASSED] - FormName.createForm is PASSED

2019-03-06 16:42:19 - [TEST_STEP][PASSED] - Thread.sleep(2000): null

2019-03-06 16:42:21 - [TEST_STEP][PASSED] - dragAndDropToObject(findTestObject("Form_Selection_Creation/formDesign_SelectSection"), findTestObject("Form_Selection_Creation/default_area")): Dragged object with id 'Object Repository/Form_Selection_Creation/formDesign_SelectSection' to object with id 'TestObject - 'Object Repository/Form_Selection_Creation/default_area'' successfully

2019-03-06 16:42:22 - [MESSAGE][PASSED] - Dragged object with id 'Object Repository/Form_Selection_Creation/formDesign_SelectSection' to object with id 'TestObject - 'Object Repository/Form_Selection_Creation/default_area'' successfully

2019-03-06 16:42:22 - [TEST_STEP][PASSED] - setText(findTestObject("Form_Selection_Creation/formDesign_SectionName_text"), "This is Section "): Text 'This is Section ' is set on object 'Object Repository/Form_Selection_Creation/formDesign_SectionName_text'

2019-03-06 16:42:22 - [MESSAGE][PASSED] - Text 'This is Section ' is set on object 'Object Repository/Form_Selection_Creation/formDesign_SectionName_text'

2019-03-06 16:42:22 - [TEST_STEP][PASSED] - Thread.sleep(2000): null

2019-03-06 16:42:24 - [TEST_STEP][PASSED] - dragAndDropToObject(findTestObject("Form_Selection_Creation/formDesign_SelectFieldgroup"), findTestObject("Form_Selection_Creation/section_area")): Dragged object with id 'Object Repository/Form_Selection_Creation/formDesign_SelectFieldgroup' to object with id 'TestObject - 'Object Repository/Form_Selection_Creation/section_area'' successfully

2019-03-06 16:42:25 - [MESSAGE][PASSED] - Dragged object with id 'Object Repository/Form_Selection_Creation/formDesign_SelectFieldgroup' to object with id 'TestObject - 'Object Repository/Form_Selection_Creation/section_area'' successfully

2019-03-06 16:42:25 - [TEST_STEP][PASSED] - setText(findTestObject("Form_Selection_Creation/formDesign_FieldGroupName_text"), "This is Field Group "): Text 'This is Field Group ' is set on object 'Object Repository/Form_Selection_Creation/formDesign_FieldGroupName_text'

2019-03-06 16:42:26 - [MESSAGE][PASSED] - Text 'This is Field Group ' is set on object 'Object Repository/Form_Selection_Creation/formDesign_FieldGroupName_text'

2019-03-06 16:42:26 - [TEST_STEP][PASSED] - Thread.sleep(2000): null

2019-03-06 16:42:28 - [TEST_STEP][PASSED] - dragAndDropToObject(findTestObject("Form_Selection_Creation/formDesign_SelectFree Text"), findTestObject("Form_Selection_Creation/group_area")): Dragged object with id 'Object Repository/Form_Selection_Creation/formDesign_SelectFree Text' to object with id 'TestObject - 'Object Repository/Form_Selection_Creation/group_area'' successfully

2019-03-06 16:42:28 - [MESSAGE][PASSED] - Dragged object with id 'Object Repository/Form_Selection_Creation/formDesign_SelectFree Text' to object with id 'TestObject - 'Object Repository/Form_Selection_Creation/group_area'' successfully

2019-03-06 16:42:28 - [TEST_STEP][PASSED] - setText(findTestObject("Form_Selection_Creation/formDesign_SingleLineName_Text"), "This is Single Line Text"): Text 'This is Single Line Text' is set on object 'Object Repository/Form_Selection_Creation/formDesign_SingleLineName_Text'

2019-03-06 16:42:29 - [MESSAGE][PASSED] - Text 'This is Single Line Text' is set on object 'Object Repository/Form_Selection_Creation/formDesign_SingleLineName_Text'

2019-03-06 16:42:29 - [TEST_STEP][PASSED] - Thread.sleep(2000): null

2019-03-06 16:42:31 - [TEST_STEP][PASSED] - dragAndDropToObject(findTestObject("Form_Selection_Creation/formDesign_SelectParagraphText"), findTestObject("Form_Selection_Creation/group_area")): Dragged object with id 'Object Repository/Form_Selection_Creation/formDesign_SelectParagraphText' to object with id 'TestObject - 'Object Repository/Form_Selection_Creation/group_area'' successfully

2019-03-06 16:42:32 - [MESSAGE][PASSED] - Dragged object with id 'Object Repository/Form_Selection_Creation/formDesign_SelectParagraphText' to object with id 'TestObject - 'Object Repository/Form_Selection_Creation/group_area'' successfully

2019-03-06 16:42:32 - [TEST_STEP][PASSED] - setText(findTestObject("Form_Selection_Creation/formDesign_ParagraphName_Text"), "This is Paragraph"): Text 'This is Paragraph' is set on object 'Object Repository/Form_Selection_Creation/formDesign_ParagraphName_Text'

2019-03-06 16:42:32 - [MESSAGE][PASSED] - Text 'This is Paragraph' is set on object 'Object Repository/Form_Selection_Creation/formDesign_ParagraphName_Text'

2019-03-06 16:42:32 - [TEST_STEP][PASSED] - Thread.sleep(2000): null

2019-03-06 16:42:34 - [TEST_STEP][PASSED] - dragAndDropToObject(findTestObject("Form_Selection_Creation/formDesign_Select_SelectOne"), findTestObject("Form_Selection_Creation/group_area")): Dragged object with id 'Object Repository/Form_Selection_Creation/formDesign_Select_SelectOne' to object with id 'TestObject - 'Object Repository/Form_Selection_Creation/group_area'' successfully

2019-03-06 16:42:35 - [MESSAGE][PASSED] - Dragged object with id 'Object Repository/Form_Selection_Creation/formDesign_Select_SelectOne' to object with id 'TestObject - 'Object Repository/Form_Selection_Creation/group_area'' successfully

2019-03-06 16:42:35 - [TEST_STEP][PASSED] - setText(findTestObject("Form_Selection_Creation/formDesign_Select_OneName_text"), "This is Select One"): Text 'This is Select One' is set on object 'Object Repository/Form_Selection_Creation/formDesign_Select_OneName_text'

2019-03-06 16:42:36 - [MESSAGE][PASSED] - Text 'This is Select One' is set on object 'Object Repository/Form_Selection_Creation/formDesign_Select_OneName_text'

2019-03-06 16:42:36 - [TEST_STEP][PASSED] - Thread.sleep(3000): null

2019-03-06 16:42:39 - [TEST_STEP][PASSED] - waitForElementClickable(findTestObject("Form_Selection_Creation/button_AddNew1"), 30): Object 'Object Repository/Form_Selection_Creation/button_AddNew1' is clickable

2019-03-06 16:42:39 - [MESSAGE][PASSED] - Object 'Object Repository/Form_Selection_Creation/button_AddNew1' is clickable

2019-03-06 16:42:39 - [TEST_STEP][PASSED] - click(findTestObject("Form_Selection_Creation/button_AddNew1")): Object: 'Object Repository/Form_Selection_Creation/button_AddNew1' is clicked on

2019-03-06 16:42:39 - [MESSAGE][PASSED] - Object: 'Object Repository/Form_Selection_Creation/button_AddNew1' is clicked on

2019-03-06 16:42:39 - [TEST_STEP][PASSED] - setText(findTestObject("Form_Selection_Creation/add1singleValue1"), "SingleOption1"): Text 'SingleOption1' is set on object 'Object Repository/Form_Selection_Creation/add1singleValue1'

2019-03-06 16:42:39 - [MESSAGE][PASSED] - Text 'SingleOption1' is set on object 'Object Repository/Form_Selection_Creation/add1singleValue1'

2019-03-06 16:42:39 - [TEST_STEP][PASSED] - Thread.sleep(2000): null

2019-03-06 16:42:41 - [TEST_STEP][PASSED] - click(findTestObject("Form_Selection_Creation/button_AddNew1")): Object: 'Object Repository/Form_Selection_Creation/button_AddNew1' is clicked on

2019-03-06 16:42:41 - [MESSAGE][PASSED] - Object: 'Object Repository/Form_Selection_Creation/button_AddNew1' is clicked on

2019-03-06 16:42:41 - [TEST_STEP][PASSED] - setText(findTestObject("Form_Selection_Creation/add1singleValue2"), "SingleOption2"): Text 'SingleOption2' is set on object 'Object Repository/Form_Selection_Creation/add1singleValue2'

2019-03-06 16:42:41 - [MESSAGE][PASSED] - Text 'SingleOption2' is set on object 'Object Repository/Form_Selection_Creation/add1singleValue2'

2019-03-06 16:42:41 - [TEST_STEP][PASSED] - Thread.sleep(2000): null

2019-03-06 16:42:43 - [TEST_STEP][PASSED] - dragAndDropToObject(findTestObject("Form_Selection_Creation/formDesign_Select_SelectMultiple"), findTestObject("Form_Selection_Creation/group_area")): Dragged object with id 'Object Repository/Form_Selection_Creation/formDesign_Select_SelectMultiple' to object with id 'TestObject - 'Object Repository/Form_Selection_Creation/group_area'' successfully

2019-03-06 16:42:44 - [MESSAGE][PASSED] - Dragged object with id 'Object Repository/Form_Selection_Creation/formDesign_Select_SelectMultiple' to object with id 'TestObject - 'Object Repository/Form_Selection_Creation/group_area'' successfully

2019-03-06 16:42:44 - [TEST_STEP][PASSED] - setText(findTestObject("Form_Selection_Creation/formDesign_Select_MultipleName_text"), "This is Select Multiple"): Text 'This is Select Multiple' is set on object 'Object Repository/Form_Selection_Creation/formDesign_Select_MultipleName_text'

2019-03-06 16:42:45 - [MESSAGE][PASSED] - Text 'This is Select Multiple' is set on object 'Object Repository/Form_Selection_Creation/formDesign_Select_MultipleName_text'

2019-03-06 16:42:45 - [TEST_STEP][PASSED] - Thread.sleep(3000): null

2019-03-06 16:42:48 - [TEST_STEP][PASSED] - click(findTestObject("Form_Selection_Creation/button_addNewMul1")): Object: 'Object Repository/Form_Selection_Creation/button_addNewMul1' is clicked on

2019-03-06 16:42:48 - [MESSAGE][PASSED] - Object: 'Object Repository/Form_Selection_Creation/button_addNewMul1' is clicked on

2019-03-06 16:42:48 - [TEST_STEP][PASSED] - setText(findTestObject("Form_Selection_Creation/add1MultipleValue1"), "MultipleOption1"): Text 'MultipleOption1' is set on object 'Object Repository/Form_Selection_Creation/add1MultipleValue1'

2019-03-06 16:42:49 - [MESSAGE][PASSED] - Text 'MultipleOption1' is set on object 'Object Repository/Form_Selection_Creation/add1MultipleValue1'

2019-03-06 16:42:49 - [TEST_STEP][PASSED] - Thread.sleep(2000): null

2019-03-06 16:42:51 - [TEST_STEP][PASSED] - click(findTestObject("Form_Selection_Creation/button_addNewMul1")): Object: 'Object Repository/Form_Selection_Creation/button_addNewMul1' is clicked on

2019-03-06 16:42:51 - [MESSAGE][PASSED] - Object: 'Object Repository/Form_Selection_Creation/button_addNewMul1' is clicked on

2019-03-06 16:42:51 - [TEST_STEP][PASSED] - setText(findTestObject("Form_Selection_Creation/add1MultipleValue2"), "MultipleOption2"): Text 'MultipleOption2' is set on object 'Object Repository/Form_Selection_Creation/add1MultipleValue2'

2019-03-06 16:42:51 - [MESSAGE][PASSED] - Text 'MultipleOption2' is set on object 'Object Repository/Form_Selection_Creation/add1MultipleValue2'

2019-03-06 16:42:51 - [TEST_STEP][PASSED] - Thread.sleep(2000): null

2019-03-06 16:42:53 - [TEST_STEP][PASSED] - dragAndDropToObject(findTestObject("Form_Selection_Creation/formDesign_SelectNumeric"), findTestObject("Form_Selection_Creation/group_area")): Dragged object with id 'Object Repository/Form_Selection_Creation/formDesign_SelectNumeric' to object with id 'TestObject - 'Object Repository/Form_Selection_Creation/group_area'' successfully

2019-03-06 16:42:54 - [MESSAGE][PASSED] - Dragged object with id 'Object Repository/Form_Selection_Creation/formDesign_SelectNumeric' to object with id 'TestObject - 'Object Repository/Form_Selection_Creation/group_area'' successfully

2019-03-06 16:42:54 - [TEST_STEP][PASSED] - setText(findTestObject("Form_Selection_Creation/formDesign_NumericName_Text"), "This is a Number"): Text 'This is a Number' is set on object 'Object Repository/Form_Selection_Creation/formDesign_NumericName_Text'

2019-03-06 16:42:54 - [MESSAGE][PASSED] - Text 'This is a Number' is set on object 'Object Repository/Form_Selection_Creation/formDesign_NumericName_Text'

2019-03-06 16:42:54 - [TEST_STEP][PASSED] - Thread.sleep(2000): null

2019-03-06 16:42:56 - [TEST_STEP][PASSED] - dragAndDropToObject(findTestObject("Form_Selection_Creation/formDesign_SelectDate"), findTestObject("Form_Selection_Creation/group_area")): Dragged object with id 'Object Repository/Form_Selection_Creation/formDesign_SelectDate' to object with id 'TestObject - 'Object Repository/Form_Selection_Creation/group_area'' successfully

2019-03-06 16:42:57 - [MESSAGE][PASSED] - Dragged object with id 'Object Repository/Form_Selection_Creation/formDesign_SelectDate' to object with id 'TestObject - 'Object Repository/Form_Selection_Creation/group_area'' successfully

2019-03-06 16:42:57 - [TEST_STEP][PASSED] - setText(findTestObject("Form_Selection_Creation/formDesign_DateName_Text"), "This is a Date"): Text 'This is a Date' is set on object 'Object Repository/Form_Selection_Creation/formDesign_DateName_Text'

2019-03-06 16:42:58 - [MESSAGE][PASSED] - Text 'This is a Date' is set on object 'Object Repository/Form_Selection_Creation/formDesign_DateName_Text'

2019-03-06 16:42:58 - [TEST_STEP][PASSED] - Thread.sleep(2000): null

2019-03-06 16:43:00 - [TEST_STEP][PASSED] - dragAndDropToObject(findTestObject("Form_Selection_Creation/formDesign_SelectTime"), findTestObject("Form_Selection_Creation/group_area")): Dragged object with id 'Object Repository/Form_Selection_Creation/formDesign_SelectTime' to object with id 'TestObject - 'Object Repository/Form_Selection_Creation/group_area'' successfully

2019-03-06 16:43:00 - [MESSAGE][PASSED] - Dragged object with id 'Object Repository/Form_Selection_Creation/formDesign_SelectTime' to object with id 'TestObject - 'Object Repository/Form_Selection_Creation/group_area'' successfully

2019-03-06 16:43:00 - [TEST_STEP][PASSED] - setText(findTestObject("Form_Selection_Creation/formDesign_TimeName_text"), "This is a Time"): Text 'This is a Time' is set on object 'Object Repository/Form_Selection_Creation/formDesign_TimeName_text'

2019-03-06 16:43:01 - [MESSAGE][PASSED] - Text 'This is a Time' is set on object 'Object Repository/Form_Selection_Creation/formDesign_TimeName_text'

2019-03-06 16:43:01 - [TEST_STEP][PASSED] - Thread.sleep(2000): null

2019-03-06 16:43:03 - [TEST_STEP][PASSED] - dragAndDropToObject(findTestObject("Form_Selection_Creation/formDesign_SelectDateTime"), findTestObject("Form_Selection_Creation/group_area")): Dragged object with id 'Object Repository/Form_Selection_Creation/formDesign_SelectDateTime' to object with id 'TestObject - 'Object Repository/Form_Selection_Creation/group_area'' successfully

2019-03-06 16:43:04 - [MESSAGE][PASSED] - Dragged object with id 'Object Repository/Form_Selection_Creation/formDesign_SelectDateTime' to object with id 'TestObject - 'Object Repository/Form_Selection_Creation/group_area'' successfully

2019-03-06 16:43:04 - [TEST_STEP][PASSED] - setText(findTestObject("Form_Selection_Creation/formDesign_DateTimeName_Text"), "This is a Date-Time"): Text 'This is a Date-Time' is set on object 'Object Repository/Form_Selection_Creation/formDesign_DateTimeName_Text'

2019-03-06 16:43:04 - [MESSAGE][PASSED] - Text 'This is a Date-Time' is set on object 'Object Repository/Form_Selection_Creation/formDesign_DateTimeName_Text'

2019-03-06 16:43:04 - [TEST_STEP][PASSED] - Thread.sleep(2000): null

2019-03-06 16:43:06 - [TEST_STEP][PASSED] - click(findTestObject("Form_Selection_Creation/formCreation_NextToDesignForm")): Object: 'Object Repository/Form_Selection_Creation/formCreation_NextToDesignForm' is clicked on

2019-03-06 16:43:07 - [MESSAGE][PASSED] - Object: 'Object Repository/Form_Selection_Creation/formCreation_NextToDesignForm' is clicked on

2019-03-06 16:43:07 - [TEST_STEP][PASSED] - Thread.sleep(7000): null

2019-03-06 16:43:14 - [TEST_STEP][PASSED] - click(findTestObject("Form_Selection_Creation/div_Preview             Form1")): Object: 'Object Repository/Form_Selection_Creation/div_Preview             Form1' is clicked on

2019-03-06 16:43:14 - [MESSAGE][PASSED] - Object: 'Object Repository/Form_Selection_Creation/div_Preview             Form1' is clicked on

2019-03-06 16:43:14 - [TEST_STEP][PASSED] - Thread.sleep(5000): null

2019-03-06 16:43:19 - [TEST_STEP][PASSED] - click(findTestObject("Form_Selection_Creation/button_Release")): Object: 'Object Repository/Form_Selection_Creation/button_Release' is clicked on

2019-03-06 16:43:19 - [MESSAGE][PASSED] - Object: 'Object Repository/Form_Selection_Creation/button_Release' is clicked on

2019-03-06 16:43:19 - [TEST_STEP][PASSED] - Thread.sleep(4000): null

2019-03-06 16:43:23 - [TEST_STEP][PASSED] - click(findTestObject("Form_Selection_Creation/home")): Object: 'Object Repository/Form_Selection_Creation/home' is clicked on

2019-03-06 16:43:23 - [MESSAGE][PASSED] - Object: 'Object Repository/Form_Selection_Creation/home' is clicked on]]></system-out>
         <system-err><![CDATA[]]></system-err>
      </testcase>
      <testcase name="Test Cases/Forms/QuestionaitreForm/2_FormSubmission" classname="Test Cases/Forms/QuestionaitreForm/2_FormSubmission" status="PASSED">
         <system-out><![CDATA[2019-03-06 16:43:23 - [TEST_CASE][PASSED] - Test Cases/Forms/QuestionaitreForm/2_FormSubmission: Test Cases/Forms/QuestionaitreForm/2_FormSubmission

2019-03-06 16:43:23 - [TEST_STEP][NOT_RUN] - openBrowser(""): NOT_RUN: openBrowser("")

2019-03-06 16:43:23 - [MESSAGE][NOT_RUN] - NOT_RUN: openBrowser("")

2019-03-06 16:43:23 - [TEST_STEP][PASSED] - waitForElementClickable(findTestObject("FormTab/selectForm"), 45): Object 'Object Repository/FormTab/selectForm' is clickable

2019-03-06 16:43:25 - [MESSAGE][PASSED] - Object 'Object Repository/FormTab/selectForm' is clickable

2019-03-06 16:43:25 - [TEST_STEP][PASSED] - Thread.sleep(2000): null

2019-03-06 16:43:27 - [TEST_STEP][PASSED] - refresh(): Refresh successfully

2019-03-06 16:43:29 - [MESSAGE][PASSED] - Refresh successfully

2019-03-06 16:43:29 - [TEST_STEP][PASSED] - Thread.sleep(2000): null

2019-03-06 16:43:31 - [TEST_STEP][NOT_RUN] - navigateToUrl(URL): NOT_RUN: navigateToUrl(URL)

2019-03-06 16:43:31 - [MESSAGE][NOT_RUN] - NOT_RUN: navigateToUrl(URL)

2019-03-06 16:43:31 - [TEST_STEP][NOT_RUN] - maximizeWindow(): NOT_RUN: maximizeWindow()

2019-03-06 16:43:31 - [MESSAGE][NOT_RUN] - NOT_RUN: maximizeWindow()

2019-03-06 16:43:31 - [TEST_STEP][PASSED] - driver = getWebDriver(): null

2019-03-06 16:43:31 - [TEST_STEP][NOT_RUN] - Thread.sleep(3000): NOT_RUN: Thread.sleep(3000)

2019-03-06 16:43:31 - [MESSAGE][NOT_RUN] - NOT_RUN: Thread.sleep(3000)

2019-03-06 16:43:31 - [TEST_STEP][NOT_RUN] - setText(findTestObject("FormTab/login_Username"), UserName): NOT_RUN: setText(findTestObject("FormTab/login_Username"), UserName)

2019-03-06 16:43:31 - [MESSAGE][NOT_RUN] - NOT_RUN: setText(findTestObject("FormTab/login_Username"), UserName)

2019-03-06 16:43:31 - [TEST_STEP][NOT_RUN] - setText(findTestObject("FormTab/login_Password"), Password): NOT_RUN: setText(findTestObject("FormTab/login_Password"), Password)

2019-03-06 16:43:31 - [MESSAGE][NOT_RUN] - NOT_RUN: setText(findTestObject("FormTab/login_Password"), Password)

2019-03-06 16:43:31 - [TEST_STEP][NOT_RUN] - click(findTestObject("FormTab/login_Button")): NOT_RUN: click(findTestObject("FormTab/login_Button"))

2019-03-06 16:43:31 - [MESSAGE][NOT_RUN] - NOT_RUN: click(findTestObject("FormTab/login_Button"))

2019-03-06 16:43:31 - [TEST_STEP][NOT_RUN] - Thread.sleep(2000): NOT_RUN: Thread.sleep(2000)

2019-03-06 16:43:31 - [MESSAGE][NOT_RUN] - NOT_RUN: Thread.sleep(2000)

2019-03-06 16:43:31 - [TEST_STEP][NOT_RUN] - click(findTestObject("Form_Selection_Creation/home")): NOT_RUN: click(findTestObject("Form_Selection_Creation/home"))

2019-03-06 16:43:31 - [MESSAGE][NOT_RUN] - NOT_RUN: click(findTestObject("Form_Selection_Creation/home"))

2019-03-06 16:43:31 - [TEST_STEP][PASSED] - waitForElementClickable(findTestObject("FormTab/form_Tab"), 45): Object 'Object Repository/FormTab/form_Tab' is clickable

2019-03-06 16:43:31 - [MESSAGE][PASSED] - Object 'Object Repository/FormTab/form_Tab' is clickable

2019-03-06 16:43:31 - [TEST_STEP][PASSED] - Thread.sleep(6000): null

2019-03-06 16:43:37 - [TEST_STEP][PASSED] - click(findTestObject("FormTab/form_Tab")): Object: 'Object Repository/FormTab/form_Tab' is clicked on

2019-03-06 16:43:37 - [MESSAGE][PASSED] - Object: 'Object Repository/FormTab/form_Tab' is clicked on

2019-03-06 16:43:37 - [TEST_STEP][PASSED] - waitForElementClickable(findTestObject("FormTab/selectForm"), 45): Object 'Object Repository/FormTab/selectForm' is clickable

2019-03-06 16:43:38 - [MESSAGE][PASSED] - Object 'Object Repository/FormTab/selectForm' is clickable

2019-03-06 16:43:38 - [TEST_STEP][NOT_RUN] - Thread.sleep(4000): NOT_RUN: Thread.sleep(4000)

2019-03-06 16:43:38 - [MESSAGE][NOT_RUN] - NOT_RUN: Thread.sleep(4000)

2019-03-06 16:43:38 - [TEST_STEP][NOT_RUN] - click(findTestObject("FormTab/clickToViewMoreOption")): NOT_RUN: click(findTestObject("FormTab/clickToViewMoreOption"))

2019-03-06 16:43:38 - [MESSAGE][NOT_RUN] - NOT_RUN: click(findTestObject("FormTab/clickToViewMoreOption"))

2019-03-06 16:43:38 - [TEST_STEP][NOT_RUN] - waitForElementNotVisible(findTestObject("FormTab/select500_Form"), 5): NOT_RUN: waitForElementNotVisible(findTestObject("FormTab/select500_Form"), 5)

2019-03-06 16:43:38 - [MESSAGE][NOT_RUN] - NOT_RUN: waitForElementNotVisible(findTestObject("FormTab/select500_Form"), 5)

2019-03-06 16:43:38 - [TEST_STEP][NOT_RUN] - click(findTestObject("FormTab/select500_Form")): NOT_RUN: click(findTestObject("FormTab/select500_Form"))

2019-03-06 16:43:38 - [MESSAGE][NOT_RUN] - NOT_RUN: click(findTestObject("FormTab/select500_Form"))

2019-03-06 16:43:38 - [TEST_STEP][PASSED] - Thread.sleep(2000): null

2019-03-06 16:43:40 - [TEST_STEP][PASSED] - click(findTestObject("FormTab/options")): Object: 'Object Repository/FormTab/options' is clicked on

2019-03-06 16:43:40 - [MESSAGE][PASSED] - Object: 'Object Repository/FormTab/options' is clicked on

2019-03-06 16:43:40 - [TEST_STEP][PASSED] - Thread.sleep(2000): null

2019-03-06 16:43:42 - [TEST_STEP][PASSED] - mouseOver(findTestObject("FormTab/filterOption")): Object: 'Object Repository/FormTab/filterOption' is hovered

2019-03-06 16:43:42 - [MESSAGE][PASSED] - Object: 'Object Repository/FormTab/filterOption' is hovered

2019-03-06 16:43:42 - [TEST_STEP][PASSED] - Thread.sleep(2000): null

2019-03-06 16:43:44 - [TEST_STEP][PASSED] - FormName.filterFormName(): FormName.filterFormName is PASSED

2019-03-06 16:43:47 - [MESSAGE][PASSED] - FormName.filterFormName is PASSED

2019-03-06 16:43:47 - [TEST_STEP][PASSED] - Thread.sleep(4000): null

2019-03-06 16:43:51 - [TEST_STEP][PASSED] - click(findTestObject("FormTab/filterButton")): Object: 'Object Repository/FormTab/filterButton' is clicked on

2019-03-06 16:43:51 - [MESSAGE][PASSED] - Object: 'Object Repository/FormTab/filterButton' is clicked on

2019-03-06 16:43:51 - [TEST_STEP][PASSED] - Thread.sleep(4000): null

2019-03-06 16:43:55 - [TEST_STEP][PASSED] - waitForElementClickable(findTestObject("FormTab/selectForm"), 45): Object 'Object Repository/FormTab/selectForm' is clickable

2019-03-06 16:43:55 - [MESSAGE][PASSED] - Object 'Object Repository/FormTab/selectForm' is clickable

2019-03-06 16:43:55 - [TEST_STEP][PASSED] - click(findTestObject("FormTab/selectForm")): Object: 'Object Repository/FormTab/selectForm' is clicked on

2019-03-06 16:43:55 - [MESSAGE][PASSED] - Object: 'Object Repository/FormTab/selectForm' is clicked on

2019-03-06 16:43:55 - [TEST_STEP][PASSED] - Thread.sleep(4000): null

2019-03-06 16:43:59 - [TEST_STEP][PASSED] - AdminTool_Location.moveCursor(): AdminTool_Location.moveCursor is PASSED

2019-03-06 16:43:59 - [MESSAGE][PASSED] - AdminTool_Location.moveCursor is PASSED

2019-03-06 16:43:59 - [TEST_STEP][PASSED] - Thread.sleep(2000): null

2019-03-06 16:44:01 - [TEST_STEP][PASSED] - Submission.formSubmission(): Submission.formSubmission is PASSED

2019-03-06 16:45:08 - [MESSAGE][PASSED] - Submission.formSubmission is PASSED

2019-03-06 16:45:08 - [TEST_STEP][NOT_RUN] - FormName.fillFormName(): NOT_RUN: FormName.fillFormName()

2019-03-06 16:45:08 - [MESSAGE][NOT_RUN] - NOT_RUN: FormName.fillFormName()

2019-03-06 16:45:08 - [TEST_STEP][NOT_RUN] - Thread.sleep(4000): NOT_RUN: Thread.sleep(4000)

2019-03-06 16:45:08 - [MESSAGE][NOT_RUN] - NOT_RUN: Thread.sleep(4000)

2019-03-06 16:45:08 - [TEST_STEP][NOT_RUN] - click(findTestObject("FormTab/fillForm_OpenLocationOption")): NOT_RUN: click(findTestObject("FormTab/fillForm_OpenLocationOption"))

2019-03-06 16:45:08 - [MESSAGE][NOT_RUN] - NOT_RUN: click(findTestObject("FormTab/fillForm_OpenLocationOption"))

2019-03-06 16:45:08 - [TEST_STEP][NOT_RUN] - Thread.sleep(4000): NOT_RUN: Thread.sleep(4000)

2019-03-06 16:45:08 - [MESSAGE][NOT_RUN] - NOT_RUN: Thread.sleep(4000)

2019-03-06 16:45:08 - [TEST_STEP][NOT_RUN] - delay(3000): NOT_RUN: delay(3000)

2019-03-06 16:45:08 - [MESSAGE][NOT_RUN] - NOT_RUN: delay(3000)

2019-03-06 16:45:08 - [TEST_STEP][NOT_RUN] - waitForElementNotVisible(findTestObject("FormTab/fillForm_SelectLocation"), 5): NOT_RUN: waitForElementNotVisible(findTestObject("FormTab/fillForm_SelectLocation"), 5)

2019-03-06 16:45:08 - [MESSAGE][NOT_RUN] - NOT_RUN: waitForElementNotVisible(findTestObject("FormTab/fillForm_SelectLocation"), 5)

2019-03-06 16:45:08 - [TEST_STEP][NOT_RUN] - click(findTestObject("FormTab/fillForm_SelectLocation")): NOT_RUN: click(findTestObject("FormTab/fillForm_SelectLocation"))

2019-03-06 16:45:08 - [MESSAGE][NOT_RUN] - NOT_RUN: click(findTestObject("FormTab/fillForm_SelectLocation"))

2019-03-06 16:45:08 - [TEST_STEP][NOT_RUN] - Thread.sleep(4000): NOT_RUN: Thread.sleep(4000)

2019-03-06 16:45:08 - [MESSAGE][NOT_RUN] - NOT_RUN: Thread.sleep(4000)

2019-03-06 16:45:08 - [TEST_STEP][NOT_RUN] - click(findTestObject("FormTab/fillForm_OpenResourceOption")): NOT_RUN: click(findTestObject("FormTab/fillForm_OpenResourceOption"))

2019-03-06 16:45:08 - [MESSAGE][NOT_RUN] - NOT_RUN: click(findTestObject("FormTab/fillForm_OpenResourceOption"))

2019-03-06 16:45:08 - [TEST_STEP][NOT_RUN] - Thread.sleep(4000): NOT_RUN: Thread.sleep(4000)

2019-03-06 16:45:08 - [MESSAGE][NOT_RUN] - NOT_RUN: Thread.sleep(4000)

2019-03-06 16:45:08 - [TEST_STEP][NOT_RUN] - delay(4000): NOT_RUN: delay(4000)

2019-03-06 16:45:08 - [MESSAGE][NOT_RUN] - NOT_RUN: delay(4000)

2019-03-06 16:45:08 - [TEST_STEP][NOT_RUN] - waitForElementNotVisible(findTestObject("FormTab/fillForm_SelectResource"), 5): NOT_RUN: waitForElementNotVisible(findTestObject("FormTab/fillForm_SelectResource"), 5)

2019-03-06 16:45:08 - [MESSAGE][NOT_RUN] - NOT_RUN: waitForElementNotVisible(findTestObject("FormTab/fillForm_SelectResource"), 5)

2019-03-06 16:45:08 - [TEST_STEP][NOT_RUN] - click(findTestObject("FormTab/fillForm_SelectResource")): NOT_RUN: click(findTestObject("FormTab/fillForm_SelectResource"))

2019-03-06 16:45:08 - [MESSAGE][NOT_RUN] - NOT_RUN: click(findTestObject("FormTab/fillForm_SelectResource"))

2019-03-06 16:45:08 - [TEST_STEP][NOT_RUN] - Thread.sleep(4000): NOT_RUN: Thread.sleep(4000)

2019-03-06 16:45:08 - [MESSAGE][NOT_RUN] - NOT_RUN: Thread.sleep(4000)

2019-03-06 16:45:08 - [TEST_STEP][NOT_RUN] - setText(findTestObject("FormTab/fillForm_FreeSingleText"), "MyText"): NOT_RUN: setText(findTestObject("FormTab/fillForm_FreeSingleText"), "MyText")

2019-03-06 16:45:08 - [MESSAGE][NOT_RUN] - NOT_RUN: setText(findTestObject("FormTab/fillForm_FreeSingleText"), "MyText")

2019-03-06 16:45:08 - [TEST_STEP][NOT_RUN] - setText(findTestObject("FormTab/fillForm_ParagraphText"), "MyParagraph"): NOT_RUN: setText(findTestObject("FormTab/fillForm_ParagraphText"), "MyParagraph")

2019-03-06 16:45:08 - [MESSAGE][NOT_RUN] - NOT_RUN: setText(findTestObject("FormTab/fillForm_ParagraphText"), "MyParagraph")

2019-03-06 16:45:08 - [TEST_STEP][NOT_RUN] - Thread.sleep(3000): NOT_RUN: Thread.sleep(3000)

2019-03-06 16:45:08 - [MESSAGE][NOT_RUN] - NOT_RUN: Thread.sleep(3000)

2019-03-06 16:45:08 - [TEST_STEP][NOT_RUN] - setText(findTestObject("FormTab/fillForm_SelectOneOption"), "SingleOption1"): NOT_RUN: setText(findTestObject("FormTab/fillForm_SelectOneOption"), "SingleOption1")

2019-03-06 16:45:08 - [MESSAGE][NOT_RUN] - NOT_RUN: setText(findTestObject("FormTab/fillForm_SelectOneOption"), "SingleOption1")

2019-03-06 16:45:08 - [TEST_STEP][NOT_RUN] - Thread.sleep(3000): NOT_RUN: Thread.sleep(3000)

2019-03-06 16:45:08 - [MESSAGE][NOT_RUN] - NOT_RUN: Thread.sleep(3000)

2019-03-06 16:45:08 - [TEST_STEP][NOT_RUN] - xpath("//*[@id='scs-form-level']/div/div/div/div/div/div/div[4]/div/field-template/div/div/div/div/span/span/input")).sendKeys(Keys.chord(ENTER)): NOT_RUN: xpath("//*[@id='scs-form-level']/div/div/div/div/div/div/div[4]/div/field-template/div/div/div/div/span/span/input")).sendKeys(Keys.chord(ENTER))

2019-03-06 16:45:08 - [MESSAGE][NOT_RUN] - NOT_RUN: xpath("//*[@id='scs-form-level']/div/div/div/div/div/div/div[4]/div/field-template/div/div/div/div/span/span/input")).sendKeys(Keys.chord(ENTER))

2019-03-06 16:45:08 - [TEST_STEP][NOT_RUN] - Thread.sleep(3000): NOT_RUN: Thread.sleep(3000)

2019-03-06 16:45:08 - [MESSAGE][NOT_RUN] - NOT_RUN: Thread.sleep(3000)

2019-03-06 16:45:08 - [TEST_STEP][NOT_RUN] - setText(findTestObject("FormTab/fillForm_SelectMultipleOption"), "MultipleOption1"): NOT_RUN: setText(findTestObject("FormTab/fillForm_SelectMultipleOption"), "MultipleOption1")

2019-03-06 16:45:08 - [MESSAGE][NOT_RUN] - NOT_RUN: setText(findTestObject("FormTab/fillForm_SelectMultipleOption"), "MultipleOption1")

2019-03-06 16:45:08 - [TEST_STEP][NOT_RUN] - Thread.sleep(3000): NOT_RUN: Thread.sleep(3000)

2019-03-06 16:45:08 - [MESSAGE][NOT_RUN] - NOT_RUN: Thread.sleep(3000)

2019-03-06 16:45:08 - [TEST_STEP][NOT_RUN] - xpath("//*[@id='scs-form-level']/div/div/div/div/div/div/div[5]/div/field-template/div/div/div/div/div/div/input")).sendKeys(Keys.chord(ENTER)): NOT_RUN: xpath("//*[@id='scs-form-level']/div/div/div/div/div/div/div[5]/div/field-template/div/div/div/div/div/div/input")).sendKeys(Keys.chord(ENTER))

2019-03-06 16:45:08 - [MESSAGE][NOT_RUN] - NOT_RUN: xpath("//*[@id='scs-form-level']/div/div/div/div/div/div/div[5]/div/field-template/div/div/div/div/div/div/input")).sendKeys(Keys.chord(ENTER))

2019-03-06 16:45:08 - [TEST_STEP][NOT_RUN] - click(findTestObject("FormTab/fillForm_SelectMultipleOption")): NOT_RUN: click(findTestObject("FormTab/fillForm_SelectMultipleOption"))

2019-03-06 16:45:08 - [MESSAGE][NOT_RUN] - NOT_RUN: click(findTestObject("FormTab/fillForm_SelectMultipleOption"))

2019-03-06 16:45:08 - [TEST_STEP][NOT_RUN] - Thread.sleep(4000): NOT_RUN: Thread.sleep(4000)

2019-03-06 16:45:08 - [MESSAGE][NOT_RUN] - NOT_RUN: Thread.sleep(4000)

2019-03-06 16:45:08 - [TEST_STEP][NOT_RUN] - xpath("//*[@id='scs-form-level']/div/div/div/div[2]/div/div/div[6]/div/field-template/div/div[2]/div/div/span[1]/span/input[1]")).sendKeys("9"): NOT_RUN: xpath("//*[@id='scs-form-level']/div/div/div/div[2]/div/div/div[6]/div/field-template/div/div[2]/div/div/span[1]/span/input[1]")).sendKeys("9")

2019-03-06 16:45:08 - [MESSAGE][NOT_RUN] - NOT_RUN: xpath("//*[@id='scs-form-level']/div/div/div/div[2]/div/div/div[6]/div/field-template/div/div[2]/div/div/span[1]/span/input[1]")).sendKeys("9")

2019-03-06 16:45:08 - [TEST_STEP][NOT_RUN] - setText(findTestObject("FormTab/fillForm_DateText"), "10/18/2018"): NOT_RUN: setText(findTestObject("FormTab/fillForm_DateText"), "10/18/2018")

2019-03-06 16:45:08 - [MESSAGE][NOT_RUN] - NOT_RUN: setText(findTestObject("FormTab/fillForm_DateText"), "10/18/2018")

2019-03-06 16:45:08 - [TEST_STEP][NOT_RUN] - setText(findTestObject("FormTab/fillForm_TimeText"), "9:00 AM"): NOT_RUN: setText(findTestObject("FormTab/fillForm_TimeText"), "9:00 AM")

2019-03-06 16:45:08 - [MESSAGE][NOT_RUN] - NOT_RUN: setText(findTestObject("FormTab/fillForm_TimeText"), "9:00 AM")

2019-03-06 16:45:08 - [TEST_STEP][NOT_RUN] - setText(findTestObject("FormTab/fillForm_DateTimeText"), "10/18/2018 9:00 AM"): NOT_RUN: setText(findTestObject("FormTab/fillForm_DateTimeText"), "10/18/2018 9:00 AM")

2019-03-06 16:45:08 - [MESSAGE][NOT_RUN] - NOT_RUN: setText(findTestObject("FormTab/fillForm_DateTimeText"), "10/18/2018 9:00 AM")

2019-03-06 16:45:08 - [TEST_STEP][NOT_RUN] - click(findTestObject("FormTab/fillForm_SubmitButton")): NOT_RUN: click(findTestObject("FormTab/fillForm_SubmitButton"))

2019-03-06 16:45:08 - [MESSAGE][NOT_RUN] - NOT_RUN: click(findTestObject("FormTab/fillForm_SubmitButton"))

2019-03-06 16:45:08 - [TEST_STEP][NOT_RUN] - Thread.sleep(2000): NOT_RUN: Thread.sleep(2000)

2019-03-06 16:45:08 - [MESSAGE][NOT_RUN] - NOT_RUN: Thread.sleep(2000)

2019-03-06 16:45:09 - [TEST_STEP][NOT_RUN] - click(findTestObject("FormTab/fillForm_SubmissionOkButton")): NOT_RUN: click(findTestObject("FormTab/fillForm_SubmissionOkButton"))

2019-03-06 16:45:09 - [MESSAGE][NOT_RUN] - NOT_RUN: click(findTestObject("FormTab/fillForm_SubmissionOkButton"))

2019-03-06 16:45:09 - [TEST_STEP][PASSED] - Thread.sleep(2000): null]]></system-out>
         <system-err><![CDATA[]]></system-err>
      </testcase>
      <testcase name="Test Cases/Forms/QuestionaitreForm/3_VerifyingDocument" classname="Test Cases/Forms/QuestionaitreForm/3_VerifyingDocument" status="PASSED">
         <system-out><![CDATA[2019-03-06 16:45:11 - [TEST_CASE][PASSED] - Test Cases/Forms/QuestionaitreForm/3_VerifyingDocument: Test Cases/Forms/QuestionaitreForm/3_VerifyingDocument

2019-03-06 16:45:11 - [TEST_STEP][NOT_RUN] - openBrowser(URL): NOT_RUN: openBrowser(URL)

2019-03-06 16:45:11 - [MESSAGE][NOT_RUN] - NOT_RUN: openBrowser(URL)

2019-03-06 16:45:11 - [TEST_STEP][NOT_RUN] - setText(findTestObject("DocumentTab/login_Username"), UserName): NOT_RUN: setText(findTestObject("DocumentTab/login_Username"), UserName)

2019-03-06 16:45:11 - [MESSAGE][NOT_RUN] - NOT_RUN: setText(findTestObject("DocumentTab/login_Username"), UserName)

2019-03-06 16:45:11 - [TEST_STEP][NOT_RUN] - setText(findTestObject("DocumentTab/login_Password"), Password): NOT_RUN: setText(findTestObject("DocumentTab/login_Password"), Password)

2019-03-06 16:45:11 - [MESSAGE][NOT_RUN] - NOT_RUN: setText(findTestObject("DocumentTab/login_Password"), Password)

2019-03-06 16:45:11 - [TEST_STEP][NOT_RUN] - click(findTestObject("DocumentTab/login_Button")): NOT_RUN: click(findTestObject("DocumentTab/login_Button"))

2019-03-06 16:45:11 - [MESSAGE][NOT_RUN] - NOT_RUN: click(findTestObject("DocumentTab/login_Button"))

2019-03-06 16:45:11 - [TEST_STEP][PASSED] - refresh(): Refresh successfully

2019-03-06 16:45:13 - [MESSAGE][PASSED] - Refresh successfully

2019-03-06 16:45:13 - [TEST_STEP][PASSED] - Thread.sleep(2000): null

2019-03-06 16:45:15 - [TEST_STEP][PASSED] - waitForElementClickable(findTestObject("DocumentTab/documentTab"), 45): Object 'Object Repository/DocumentTab/documentTab' is clickable

2019-03-06 16:45:15 - [MESSAGE][PASSED] - Object 'Object Repository/DocumentTab/documentTab' is clickable

2019-03-06 16:45:15 - [TEST_STEP][PASSED] - Thread.sleep(6000): null

2019-03-06 16:45:21 - [TEST_STEP][PASSED] - click(findTestObject("DocumentTab/documentTab")): Object: 'Object Repository/DocumentTab/documentTab' is clicked on

2019-03-06 16:45:21 - [MESSAGE][PASSED] - Object: 'Object Repository/DocumentTab/documentTab' is clicked on

2019-03-06 16:45:21 - [TEST_STEP][PASSED] - waitForElementClickable(findTestObject("DocumentTab/selectDocument"), 45): Object 'Object Repository/DocumentTab/selectDocument' is clickable

2019-03-06 16:45:25 - [MESSAGE][PASSED] - Object 'Object Repository/DocumentTab/selectDocument' is clickable

2019-03-06 16:45:25 - [TEST_STEP][PASSED] - Thread.sleep(4000): null

2019-03-06 16:45:29 - [TEST_STEP][PASSED] - AdminTool_Location.moveCursor(): AdminTool_Location.moveCursor is PASSED

2019-03-06 16:45:29 - [MESSAGE][PASSED] - AdminTool_Location.moveCursor is PASSED

2019-03-06 16:45:29 - [TEST_STEP][PASSED] - Thread.sleep(2000): null

2019-03-06 16:45:31 - [TEST_STEP][PASSED] - click(findTestObject("DocumentTab/options")): Object: 'Object Repository/DocumentTab/options' is clicked on

2019-03-06 16:45:31 - [MESSAGE][PASSED] - Object: 'Object Repository/DocumentTab/options' is clicked on

2019-03-06 16:45:31 - [TEST_STEP][PASSED] - Thread.sleep(2000): null

2019-03-06 16:45:33 - [TEST_STEP][PASSED] - mouseOver(findTestObject("FormTab/filterOption")): Object: 'Object Repository/FormTab/filterOption' is hovered

2019-03-06 16:45:33 - [MESSAGE][PASSED] - Object: 'Object Repository/FormTab/filterOption' is hovered

2019-03-06 16:45:33 - [TEST_STEP][NOT_RUN] - click(findTestObject("FormTab/filterOption")): NOT_RUN: click(findTestObject("FormTab/filterOption"))

2019-03-06 16:45:33 - [MESSAGE][NOT_RUN] - NOT_RUN: click(findTestObject("FormTab/filterOption"))

2019-03-06 16:45:33 - [TEST_STEP][PASSED] - Thread.sleep(2000): null

2019-03-06 16:45:35 - [TEST_STEP][PASSED] - FormName.filterDocumentName(): FormName.filterDocumentName is PASSED

2019-03-06 16:45:38 - [MESSAGE][PASSED] - FormName.filterDocumentName is PASSED

2019-03-06 16:45:38 - [TEST_STEP][PASSED] - Thread.sleep(2000): null

2019-03-06 16:45:40 - [TEST_STEP][PASSED] - click(findTestObject("FormTab/filterButton")): Object: 'Object Repository/FormTab/filterButton' is clicked on

2019-03-06 16:45:40 - [MESSAGE][PASSED] - Object: 'Object Repository/FormTab/filterButton' is clicked on

2019-03-06 16:45:40 - [TEST_STEP][PASSED] - Thread.sleep(4000): null

2019-03-06 16:45:44 - [TEST_STEP][PASSED] - waitForElementClickable(findTestObject("DocumentTab/selectDocument"), 45): Object 'Object Repository/DocumentTab/selectDocument' is clickable

2019-03-06 16:45:44 - [MESSAGE][PASSED] - Object 'Object Repository/DocumentTab/selectDocument' is clickable

2019-03-06 16:45:44 - [TEST_STEP][PASSED] - doubleClick(findTestObject("DocumentTab/selectDocument")): Object: 'Object Repository/DocumentTab/selectDocument' is double clicked on

2019-03-06 16:45:44 - [MESSAGE][PASSED] - Object: 'Object Repository/DocumentTab/selectDocument' is double clicked on

2019-03-06 16:45:44 - [TEST_STEP][NOT_RUN] - FormName.documentFormName(): NOT_RUN: FormName.documentFormName()

2019-03-06 16:45:44 - [MESSAGE][NOT_RUN] - NOT_RUN: FormName.documentFormName()

2019-03-06 16:45:44 - [TEST_STEP][PASSED] - Thread.sleep(4000): null]]></system-out>
         <system-err><![CDATA[]]></system-err>
      </testcase>
      <testcase name="Test Cases/Forms/QuestionaitreForm/4_VerifyingDMS" classname="Test Cases/Forms/QuestionaitreForm/4_VerifyingDMS" status="PASSED">
         <system-out><![CDATA[2019-03-06 16:45:48 - [TEST_CASE][PASSED] - Test Cases/Forms/QuestionaitreForm/4_VerifyingDMS: Test Cases/Forms/QuestionaitreForm/4_VerifyingDMS

2019-03-06 16:45:48 - [TEST_STEP][NOT_RUN] - openBrowser(URL): NOT_RUN: openBrowser(URL)

2019-03-06 16:45:48 - [MESSAGE][NOT_RUN] - NOT_RUN: openBrowser(URL)

2019-03-06 16:45:48 - [TEST_STEP][NOT_RUN] - setText(findTestObject("DMS_Forms/login_Username"), UserName1): NOT_RUN: setText(findTestObject("DMS_Forms/login_Username"), UserName1)

2019-03-06 16:45:48 - [MESSAGE][NOT_RUN] - NOT_RUN: setText(findTestObject("DMS_Forms/login_Username"), UserName1)

2019-03-06 16:45:48 - [TEST_STEP][NOT_RUN] - setText(findTestObject("DMS_Forms/login_Password"), Password111): NOT_RUN: setText(findTestObject("DMS_Forms/login_Password"), Password111)

2019-03-06 16:45:48 - [MESSAGE][NOT_RUN] - NOT_RUN: setText(findTestObject("DMS_Forms/login_Password"), Password111)

2019-03-06 16:45:48 - [TEST_STEP][NOT_RUN] - click(findTestObject("DMS_Forms/login_Button")): NOT_RUN: click(findTestObject("DMS_Forms/login_Button"))

2019-03-06 16:45:48 - [MESSAGE][NOT_RUN] - NOT_RUN: click(findTestObject("DMS_Forms/login_Button"))

2019-03-06 16:45:48 - [TEST_STEP][PASSED] - Thread.sleep(4000): null

2019-03-06 16:45:52 - [TEST_STEP][PASSED] - click(findTestObject("DMS_Forms/mainmenu_button")): Object: 'Object Repository/DMS_Forms/mainmenu_button' is clicked on

2019-03-06 16:45:52 - [MESSAGE][PASSED] - Object: 'Object Repository/DMS_Forms/mainmenu_button' is clicked on

2019-03-06 16:45:52 - [TEST_STEP][PASSED] - click(findTestObject("DMS_Forms/mainmenu_Document")): Object: 'Object Repository/DMS_Forms/mainmenu_Document' is clicked on

2019-03-06 16:45:52 - [MESSAGE][PASSED] - Object: 'Object Repository/DMS_Forms/mainmenu_Document' is clicked on

2019-03-06 16:45:52 - [TEST_STEP][PASSED] - Thread.sleep(4000): null

2019-03-06 16:45:56 - [TEST_STEP][PASSED] - AdminTool_Location.moveCursor(): AdminTool_Location.moveCursor is PASSED

2019-03-06 16:45:56 - [MESSAGE][PASSED] - AdminTool_Location.moveCursor is PASSED

2019-03-06 16:45:56 - [TEST_STEP][PASSED] - Thread.sleep(2000): null

2019-03-06 16:45:58 - [TEST_STEP][PASSED] - FormName.findinDMS(): FormName.findinDMS is PASSED

2019-03-06 16:46:03 - [MESSAGE][PASSED] - FormName.findinDMS is PASSED

2019-03-06 16:46:03 - [TEST_STEP][PASSED] - Thread.sleep(4000): null

2019-03-06 16:46:07 - [TEST_STEP][PASSED] - doubleClick(findTestObject("DMS_Forms/openDocument")): Object: 'Object Repository/DMS_Forms/openDocument' is double clicked on

2019-03-06 16:46:07 - [MESSAGE][PASSED] - Object: 'Object Repository/DMS_Forms/openDocument' is double clicked on

2019-03-06 16:46:07 - [TEST_STEP][PASSED] - Thread.sleep(4000): null]]></system-out>
         <system-err><![CDATA[]]></system-err>
      </testcase>
      <system-out><![CDATA[2019-03-06 16:32:13 - [TEST_SUITE][PASSED] - MyTest: Test Cases/Forms/QuestionaitreForm/4_VerifyingDMS]]></system-out>
      <system-err><![CDATA[]]></system-err>
   </testsuite>
</testsuites>
