<?xml version="1.0" encoding="UTF-8"?>
<testsuites name="Items_Resource" time="252" tests="2" failures="0" errors="0">
   <testsuite name="Items_Resource" tests="2" failures="0" errors="0" time="252" timestamp="2018-12-04 10:42:32" hostname="pashine_a - Abhishek-Pashine.India.XoriantCorp.com" id="Test Suites/Items_Resource">
      <properties>
         <property name="deviceName" value=""/>
         <property name="devicePlatform" value=""/>
         <property name="logFolder" value="D:\\Git Data\\SafetyChain-Test-Automation-Katalon\\Reports\\Items_Resource\\20181204_103211"/>
         <property name="logFiles" value="D:\\Git Data\\SafetyChain-Test-Automation-Katalon\\Reports\\Items_Resource\\20181204_103211\\execution0.log"/>
         <property name="attachments" value=""/>
         <property name="hostName" value="pashine_a - Abhishek-Pashine.India.XoriantCorp.com"/>
         <property name="os" value="Windows 7 64bit"/>
         <property name="katalonVersion" value="5.9.1.2"/>
         <property name="browser" value="Chrome 70.0.3538.110"/>
         <property name="hostAddress" value="10.21.7.147"/>
         <property name="sessionId" value="fdcdebf02f0d2deb748d091ec79e9d8e"/>
         <property name="seleniumVersion" value="3.7.1"/>
         <property name="proxyInformation" value="ProxyInformation{proxyOption=NO_PROXY, proxyServerType=HTTP, password=, proxyServerAddress=, proxyServerPort=0}"/>
         <property name="platform" value="Windows 7"/>
      </properties>
      <testcase name="Test Cases/CheckResoucesAsPerLocation/checkResource_Items" classname="Test Cases/CheckResoucesAsPerLocation/checkResource_Items" status="PASSED">
         <system-out><![CDATA[2018-12-04 10:42:33 - [TEST_CASE][PASSED] - Test Cases/CheckResoucesAsPerLocation/checkResource_Items: Test Cases/CheckResoucesAsPerLocation/checkResource_Items

2018-12-04 10:42:35 - [TEST_STEP][PASSED] - openBrowser(URL): Browser is opened with url: 'http://test1.stage.safetychain.com/'

2018-12-04 10:42:36 - [MESSAGE][INFO] - Starting 'Chrome' driver

2018-12-04 10:42:36 - [MESSAGE][INFO] - Action delay is set to 0 seconds

2018-12-04 10:43:23 - [MESSAGE][PASSED] - Browser is opened with url: 'http://test1.stage.safetychain.com/'

2018-12-04 10:43:23 - [TEST_STEP][PASSED] - maximizeWindow(): Current window maximized

2018-12-04 10:43:24 - [MESSAGE][PASSED] - Current window maximized

2018-12-04 10:43:24 - [TEST_STEP][PASSED] - setText(findTestObject("TestUserLocation/login_Username"), UserName): Text 'Superadmin' is set on object 'Object Repository/TestUserLocation/login_Username'

2018-12-04 10:43:30 - [MESSAGE][PASSED] - Text 'Superadmin' is set on object 'Object Repository/TestUserLocation/login_Username'

2018-12-04 10:43:30 - [TEST_STEP][PASSED] - setText(findTestObject("TestUserLocation/login_Password"), Password): Text 'sliptest13772boot' is set on object 'Object Repository/TestUserLocation/login_Password'

2018-12-04 10:43:30 - [MESSAGE][PASSED] - Text 'sliptest13772boot' is set on object 'Object Repository/TestUserLocation/login_Password'

2018-12-04 10:43:30 - [TEST_STEP][PASSED] - AdminTool_Location.setItemName(): AdminTool_Location.setItemName is PASSED

2018-12-04 10:43:32 - [MESSAGE][PASSED] - AdminTool_Location.setItemName is PASSED

2018-12-04 10:43:32 - [TEST_STEP][PASSED] - click(findTestObject("TestUserLocation/login_Button")): Object: 'Object Repository/TestUserLocation/login_Button' is clicked on

2018-12-04 10:43:39 - [MESSAGE][PASSED] - Object: 'Object Repository/TestUserLocation/login_Button' is clicked on

2018-12-04 10:43:39 - [TEST_STEP][PASSED] - Thread.sleep(4000): null

2018-12-04 10:43:43 - [TEST_STEP][PASSED] - click(findTestObject("TestUserLocation/mainmenu_button")): Object: 'Object Repository/TestUserLocation/mainmenu_button' is clicked on

2018-12-04 10:43:48 - [MESSAGE][PASSED] - Object: 'Object Repository/TestUserLocation/mainmenu_button' is clicked on

2018-12-04 10:43:48 - [TEST_STEP][PASSED] - click(findTestObject("TestUserLocation/adminTool")): Object: 'Object Repository/TestUserLocation/adminTool' is clicked on

2018-12-04 10:43:48 - [MESSAGE][PASSED] - Object: 'Object Repository/TestUserLocation/adminTool' is clicked on

2018-12-04 10:43:48 - [TEST_STEP][PASSED] - click(findTestObject("TestUserLocation/mainMenuResourceDesigner")): Object: 'Object Repository/TestUserLocation/mainMenuResourceDesigner' is clicked on

2018-12-04 10:43:49 - [MESSAGE][PASSED] - Object: 'Object Repository/TestUserLocation/mainMenuResourceDesigner' is clicked on

2018-12-04 10:43:49 - [TEST_STEP][PASSED] - Thread.sleep(4000): null

2018-12-04 10:43:53 - [TEST_STEP][PASSED] - click(findTestObject("TestResource/items")): Object: 'Object Repository/TestResource/items' is clicked on

2018-12-04 10:43:53 - [MESSAGE][PASSED] - Object: 'Object Repository/TestResource/items' is clicked on

2018-12-04 10:43:53 - [TEST_STEP][PASSED] - Thread.sleep(4000): null

2018-12-04 10:43:57 - [TEST_STEP][PASSED] - click(findTestObject("TestUserLocation/categories")): Object: 'Object Repository/TestUserLocation/categories' is clicked on

2018-12-04 10:43:57 - [MESSAGE][PASSED] - Object: 'Object Repository/TestUserLocation/categories' is clicked on

2018-12-04 10:43:57 - [TEST_STEP][PASSED] - Thread.sleep(2000): null

2018-12-04 10:43:59 - [TEST_STEP][PASSED] - click(findTestObject("TestUserLocation/defaultArea")): Object: 'Object Repository/TestUserLocation/defaultArea' is clicked on

2018-12-04 10:43:59 - [MESSAGE][PASSED] - Object: 'Object Repository/TestUserLocation/defaultArea' is clicked on

2018-12-04 10:43:59 - [TEST_STEP][PASSED] - Thread.sleep(2000): null

2018-12-04 10:44:01 - [TEST_STEP][PASSED] - click(findTestObject("TestUserLocation/hoverHeading")): Object: 'Object Repository/TestUserLocation/hoverHeading' is clicked on

2018-12-04 10:44:01 - [MESSAGE][PASSED] - Object: 'Object Repository/TestUserLocation/hoverHeading' is clicked on

2018-12-04 10:44:01 - [TEST_STEP][PASSED] - click(findTestObject("TestUserLocation/addPlusIcon")): Object: 'Object Repository/TestUserLocation/addPlusIcon' is clicked on

2018-12-04 10:44:01 - [MESSAGE][PASSED] - Object: 'Object Repository/TestUserLocation/addPlusIcon' is clicked on

2018-12-04 10:44:01 - [TEST_STEP][PASSED] - setText(findTestObject("TestUserLocation/setNewName"), findTestData("LocationData").getValue("ItemsName", 1)): Text 'ITEM_ON_04/12/18-10:43' is set on object 'Object Repository/TestUserLocation/setNewName'

2018-12-04 10:44:02 - [MESSAGE][PASSED] - Text 'ITEM_ON_04/12/18-10:43' is set on object 'Object Repository/TestUserLocation/setNewName'

2018-12-04 10:44:02 - [TEST_STEP][PASSED] - Thread.sleep(2000): null

2018-12-04 10:44:04 - [TEST_STEP][PASSED] - click(findTestObject("TestUserLocation/saveButton")): Object: 'Object Repository/TestUserLocation/saveButton' is clicked on

2018-12-04 10:44:04 - [MESSAGE][PASSED] - Object: 'Object Repository/TestUserLocation/saveButton' is clicked on

2018-12-04 10:44:04 - [TEST_STEP][PASSED] - Thread.sleep(4000): null

2018-12-04 10:44:08 - [TEST_STEP][PASSED] - Thread.sleep(4000): null

2018-12-04 10:44:12 - [TEST_STEP][PASSED] - click(findTestObject("TestUserLocation/mainmenu_button")): Object: 'Object Repository/TestUserLocation/mainmenu_button' is clicked on

2018-12-04 10:44:12 - [MESSAGE][PASSED] - Object: 'Object Repository/TestUserLocation/mainmenu_button' is clicked on

2018-12-04 10:44:12 - [TEST_STEP][PASSED] - click(findTestObject("TestResource/mainMenu_resources")): Object: 'Object Repository/TestResource/mainMenu_resources' is clicked on

2018-12-04 10:44:12 - [MESSAGE][PASSED] - Object: 'Object Repository/TestResource/mainMenu_resources' is clicked on

2018-12-04 10:44:12 - [TEST_STEP][PASSED] - Thread.sleep(4000): null

2018-12-04 10:44:16 - [TEST_STEP][PASSED] - click(findTestObject("TestResource/items")): Object: 'Object Repository/TestResource/items' is clicked on

2018-12-04 10:44:16 - [MESSAGE][PASSED] - Object: 'Object Repository/TestResource/items' is clicked on

2018-12-04 10:44:16 - [TEST_STEP][PASSED] - Thread.sleep(4000): null

2018-12-04 10:44:20 - [TEST_STEP][PASSED] - AdminTool_Location.selectItem(): Element has been clicked

2018-12-04 10:44:29 - [MESSAGE][PASSED] - Element has been clicked

2018-12-04 10:44:29 - [TEST_STEP][PASSED] - Thread.sleep(4000): null

2018-12-04 10:44:33 - [TEST_STEP][PASSED] - click(findTestObject("TestUserLocation/addPlusIcon")): Object: 'Object Repository/TestUserLocation/addPlusIcon' is clicked on

2018-12-04 10:44:33 - [MESSAGE][PASSED] - Object: 'Object Repository/TestUserLocation/addPlusIcon' is clicked on

2018-12-04 10:44:33 - [TEST_STEP][PASSED] - Thread.sleep(2000): null

2018-12-04 10:44:35 - [TEST_STEP][PASSED] - setText(findTestObject("TestUserLocation/setNewName"), findTestData("LocationData").getValue("SubItemsName1", 1)): Text 'SUBITEM1_ON_04/12/18-10:43' is set on object 'Object Repository/TestUserLocation/setNewName'

2018-12-04 10:44:36 - [MESSAGE][PASSED] - Text 'SUBITEM1_ON_04/12/18-10:43' is set on object 'Object Repository/TestUserLocation/setNewName'

2018-12-04 10:44:36 - [TEST_STEP][NOT_RUN] - setText(findTestObject("TestResource/setPhoneNumber"), "912378456"): NOT_RUN: setText(findTestObject("TestResource/setPhoneNumber"), "912378456")

2018-12-04 10:44:36 - [MESSAGE][NOT_RUN] - NOT_RUN: setText(findTestObject("TestResource/setPhoneNumber"), "912378456")

2018-12-04 10:44:36 - [TEST_STEP][PASSED] - Thread.sleep(2000): null

2018-12-04 10:44:38 - [TEST_STEP][PASSED] - click(findTestObject("TestResource/saveDetailButton")): Object: 'Object Repository/TestResource/saveDetailButton' is clicked on

2018-12-04 10:44:38 - [MESSAGE][PASSED] - Object: 'Object Repository/TestResource/saveDetailButton' is clicked on

2018-12-04 10:44:38 - [TEST_STEP][PASSED] - Thread.sleep(7000): null

2018-12-04 10:44:45 - [TEST_STEP][PASSED] - click(findTestObject("TestResource/disableResource")): Object: 'Object Repository/TestResource/disableResource' is clicked on

2018-12-04 10:44:45 - [MESSAGE][PASSED] - Object: 'Object Repository/TestResource/disableResource' is clicked on

2018-12-04 10:44:45 - [TEST_STEP][PASSED] - Thread.sleep(2000): null

2018-12-04 10:44:47 - [TEST_STEP][PASSED] - click(findTestObject("TestResource/button2Yes")): Object: 'Object Repository/TestResource/button2Yes' is clicked on

2018-12-04 10:44:47 - [MESSAGE][PASSED] - Object: 'Object Repository/TestResource/button2Yes' is clicked on

2018-12-04 10:44:47 - [TEST_STEP][PASSED] - Thread.sleep(2000): null

2018-12-04 10:44:49 - [TEST_STEP][PASSED] - click(findTestObject("TestResource/saveDetailButton")): Object: 'Object Repository/TestResource/saveDetailButton' is clicked on

2018-12-04 10:44:50 - [MESSAGE][PASSED] - Object: 'Object Repository/TestResource/saveDetailButton' is clicked on

2018-12-04 10:44:50 - [TEST_STEP][PASSED] - Thread.sleep(7000): null

2018-12-04 10:44:57 - [TEST_STEP][PASSED] - click(findTestObject("TestResource/linksTab")): Object: 'Object Repository/TestResource/linksTab' is clicked on

2018-12-04 10:44:57 - [MESSAGE][PASSED] - Object: 'Object Repository/TestResource/linksTab' is clicked on

2018-12-04 10:44:57 - [TEST_STEP][PASSED] - Thread.sleep(2000): null

2018-12-04 10:44:59 - [TEST_STEP][PASSED] - click(findTestObject("TestResource/addLink")): Object: 'Object Repository/TestResource/addLink' is clicked on

2018-12-04 10:44:59 - [MESSAGE][PASSED] - Object: 'Object Repository/TestResource/addLink' is clicked on

2018-12-04 10:44:59 - [TEST_STEP][PASSED] - Thread.sleep(5000): null

2018-12-04 10:45:04 - [TEST_STEP][PASSED] - check(findTestObject("TestResource/selectSecondResourceToLink")): Object 'Object Repository/TestResource/selectSecondResourceToLink' is checked

2018-12-04 10:45:04 - [MESSAGE][PASSED] - Object 'Object Repository/TestResource/selectSecondResourceToLink' is checked

2018-12-04 10:45:04 - [TEST_STEP][PASSED] - AdminTool_Location.resourceLinkName(): AdminTool_Location.resourceLinkName is PASSED

2018-12-04 10:45:04 - [MESSAGE][PASSED] - AdminTool_Location.resourceLinkName is PASSED

2018-12-04 10:45:04 - [TEST_STEP][PASSED] - Thread.sleep(2000): null

2018-12-04 10:45:06 - [TEST_STEP][PASSED] - click(findTestObject("TestResource/button2Save")): Object: 'Object Repository/TestResource/button2Save' is clicked on

2018-12-04 10:45:07 - [MESSAGE][PASSED] - Object: 'Object Repository/TestResource/button2Save' is clicked on

2018-12-04 10:45:07 - [TEST_STEP][PASSED] - Thread.sleep(4000): null

2018-12-04 10:45:11 - [TEST_STEP][PASSED] - click(findTestObject("TestResource/locationTab")): Object: 'Object Repository/TestResource/locationTab' is clicked on

2018-12-04 10:45:11 - [MESSAGE][PASSED] - Object: 'Object Repository/TestResource/locationTab' is clicked on

2018-12-04 10:45:11 - [TEST_STEP][PASSED] - Thread.sleep(5000): null

2018-12-04 10:45:16 - [TEST_STEP][PASSED] - AdminTool_Location.checkLocation(): AdminTool_Location.checkLocation is PASSED

2018-12-04 10:45:18 - [MESSAGE][PASSED] - AdminTool_Location.checkLocation is PASSED

2018-12-04 10:45:18 - [TEST_STEP][PASSED] - Thread.sleep(4000): null

2018-12-04 10:45:22 - [TEST_STEP][PASSED] - click(findTestObject("TestResource/saveLocation")): Object: 'Object Repository/TestResource/saveLocation' is clicked on

2018-12-04 10:45:22 - [MESSAGE][PASSED] - Object: 'Object Repository/TestResource/saveLocation' is clicked on

2018-12-04 10:45:22 - [TEST_STEP][PASSED] - click(findTestObject("TestUserLocation/mainmenu_button")): Object: 'Object Repository/TestUserLocation/mainmenu_button' is clicked on

2018-12-04 10:45:24 - [MESSAGE][PASSED] - Object: 'Object Repository/TestUserLocation/mainmenu_button' is clicked on

2018-12-04 10:45:24 - [TEST_STEP][PASSED] - click(findTestObject("TestResource/mainMenu_resources")): Object: 'Object Repository/TestResource/mainMenu_resources' is clicked on

2018-12-04 10:45:24 - [MESSAGE][PASSED] - Object: 'Object Repository/TestResource/mainMenu_resources' is clicked on

2018-12-04 10:45:24 - [TEST_STEP][PASSED] - Thread.sleep(4000): null

2018-12-04 10:45:28 - [TEST_STEP][PASSED] - click(findTestObject("TestResource/items")): Object: 'Object Repository/TestResource/items' is clicked on

2018-12-04 10:45:28 - [MESSAGE][PASSED] - Object: 'Object Repository/TestResource/items' is clicked on

2018-12-04 10:45:28 - [TEST_STEP][PASSED] - Thread.sleep(4000): null

2018-12-04 10:45:32 - [TEST_STEP][PASSED] - AdminTool_Location.selectItem(): Element has been clicked

2018-12-04 10:45:37 - [MESSAGE][PASSED] - Element has been clicked

2018-12-04 10:45:37 - [TEST_STEP][PASSED] - Thread.sleep(4000): null

2018-12-04 10:45:41 - [TEST_STEP][PASSED] - click(findTestObject("TestUserLocation/addPlusIcon")): Object: 'Object Repository/TestUserLocation/addPlusIcon' is clicked on

2018-12-04 10:45:41 - [MESSAGE][PASSED] - Object: 'Object Repository/TestUserLocation/addPlusIcon' is clicked on

2018-12-04 10:45:41 - [TEST_STEP][PASSED] - Thread.sleep(2000): null

2018-12-04 10:45:43 - [TEST_STEP][PASSED] - setText(findTestObject("TestUserLocation/setNewName"), findTestData("LocationData").getValue("SubItemsName2", 1)): Text 'SUBITEM2_ON_04/12/18-10:43' is set on object 'Object Repository/TestUserLocation/setNewName'

2018-12-04 10:45:43 - [MESSAGE][PASSED] - Text 'SUBITEM2_ON_04/12/18-10:43' is set on object 'Object Repository/TestUserLocation/setNewName'

2018-12-04 10:45:43 - [TEST_STEP][NOT_RUN] - setText(findTestObject("TestResource/setPhoneNumber"), "912378456"): NOT_RUN: setText(findTestObject("TestResource/setPhoneNumber"), "912378456")

2018-12-04 10:45:43 - [MESSAGE][NOT_RUN] - NOT_RUN: setText(findTestObject("TestResource/setPhoneNumber"), "912378456")

2018-12-04 10:45:43 - [TEST_STEP][PASSED] - Thread.sleep(2000): null

2018-12-04 10:45:45 - [TEST_STEP][PASSED] - click(findTestObject("TestResource/saveDetailButton")): Object: 'Object Repository/TestResource/saveDetailButton' is clicked on

2018-12-04 10:45:45 - [MESSAGE][PASSED] - Object: 'Object Repository/TestResource/saveDetailButton' is clicked on

2018-12-04 10:45:45 - [TEST_STEP][PASSED] - Thread.sleep(7000): null

2018-12-04 10:45:52 - [TEST_STEP][PASSED] - click(findTestObject("TestResource/linksTab")): Object: 'Object Repository/TestResource/linksTab' is clicked on

2018-12-04 10:45:52 - [MESSAGE][PASSED] - Object: 'Object Repository/TestResource/linksTab' is clicked on

2018-12-04 10:45:52 - [TEST_STEP][PASSED] - Thread.sleep(2000): null

2018-12-04 10:45:55 - [TEST_STEP][PASSED] - click(findTestObject("TestResource/addLink")): Object: 'Object Repository/TestResource/addLink' is clicked on

2018-12-04 10:45:55 - [MESSAGE][PASSED] - Object: 'Object Repository/TestResource/addLink' is clicked on

2018-12-04 10:45:55 - [TEST_STEP][PASSED] - Thread.sleep(5000): null

2018-12-04 10:46:00 - [TEST_STEP][PASSED] - check(findTestObject("TestResource/selectSecondResourceToLink")): Object 'Object Repository/TestResource/selectSecondResourceToLink' is checked

2018-12-04 10:46:00 - [MESSAGE][PASSED] - Object 'Object Repository/TestResource/selectSecondResourceToLink' is checked

2018-12-04 10:46:00 - [TEST_STEP][PASSED] - AdminTool_Location.resourceLinkName(): AdminTool_Location.resourceLinkName is PASSED

2018-12-04 10:46:00 - [MESSAGE][PASSED] - AdminTool_Location.resourceLinkName is PASSED

2018-12-04 10:46:00 - [TEST_STEP][PASSED] - Thread.sleep(2000): null

2018-12-04 10:46:02 - [TEST_STEP][PASSED] - click(findTestObject("TestResource/button2Save")): Object: 'Object Repository/TestResource/button2Save' is clicked on

2018-12-04 10:46:02 - [MESSAGE][PASSED] - Object: 'Object Repository/TestResource/button2Save' is clicked on

2018-12-04 10:46:02 - [TEST_STEP][PASSED] - Thread.sleep(4000): null

2018-12-04 10:46:06 - [TEST_STEP][PASSED] - click(findTestObject("TestResource/locationTab")): Object: 'Object Repository/TestResource/locationTab' is clicked on

2018-12-04 10:46:06 - [MESSAGE][PASSED] - Object: 'Object Repository/TestResource/locationTab' is clicked on

2018-12-04 10:46:06 - [TEST_STEP][PASSED] - Thread.sleep(5000): null

2018-12-04 10:46:11 - [TEST_STEP][PASSED] - AdminTool_Location.checkLocation(): AdminTool_Location.checkLocation is PASSED

2018-12-04 10:46:13 - [MESSAGE][PASSED] - AdminTool_Location.checkLocation is PASSED

2018-12-04 10:46:13 - [TEST_STEP][PASSED] - Thread.sleep(4000): null

2018-12-04 10:46:17 - [TEST_STEP][PASSED] - click(findTestObject("TestResource/saveLocation")): Object: 'Object Repository/TestResource/saveLocation' is clicked on

2018-12-04 10:46:18 - [MESSAGE][PASSED] - Object: 'Object Repository/TestResource/saveLocation' is clicked on]]></system-out>
         <system-err><![CDATA[]]></system-err>
      </testcase>
      <testcase name="Test Cases/CheckResoucesAsPerLocation/validateResource" classname="Test Cases/CheckResoucesAsPerLocation/validateResource" status="PASSED">
         <system-out><![CDATA[2018-12-04 10:46:18 - [TEST_CASE][PASSED] - Test Cases/CheckResoucesAsPerLocation/validateResource: Test Cases/CheckResoucesAsPerLocation/validateResource

2018-12-04 10:46:18 - [TEST_STEP][NOT_RUN] - openBrowser(URL): NOT_RUN: openBrowser(URL)

2018-12-04 10:46:18 - [MESSAGE][NOT_RUN] - NOT_RUN: openBrowser(URL)

2018-12-04 10:46:18 - [TEST_STEP][NOT_RUN] - maximizeWindow(): NOT_RUN: maximizeWindow()

2018-12-04 10:46:18 - [MESSAGE][NOT_RUN] - NOT_RUN: maximizeWindow()

2018-12-04 10:46:18 - [TEST_STEP][NOT_RUN] - setText(findTestObject("Form_Selection_Creation/login_Username"), UserName): NOT_RUN: setText(findTestObject("Form_Selection_Creation/login_Username"), UserName)

2018-12-04 10:46:18 - [MESSAGE][NOT_RUN] - NOT_RUN: setText(findTestObject("Form_Selection_Creation/login_Username"), UserName)

2018-12-04 10:46:18 - [TEST_STEP][NOT_RUN] - setText(findTestObject("Form_Selection_Creation/login_Password"), Password): NOT_RUN: setText(findTestObject("Form_Selection_Creation/login_Password"), Password)

2018-12-04 10:46:18 - [MESSAGE][NOT_RUN] - NOT_RUN: setText(findTestObject("Form_Selection_Creation/login_Password"), Password)

2018-12-04 10:46:18 - [TEST_STEP][PASSED] - Thread.sleep(4000): null

2018-12-04 10:46:22 - [TEST_STEP][PASSED] - FormName.setData(): FormName.setData is PASSED

2018-12-04 10:46:22 - [MESSAGE][PASSED] - FormName.setData is PASSED

2018-12-04 10:46:22 - [TEST_STEP][NOT_RUN] - click(findTestObject("Form_Selection_Creation/login_Button")): NOT_RUN: click(findTestObject("Form_Selection_Creation/login_Button"))

2018-12-04 10:46:22 - [MESSAGE][NOT_RUN] - NOT_RUN: click(findTestObject("Form_Selection_Creation/login_Button"))

2018-12-04 10:46:22 - [TEST_STEP][PASSED] - click(findTestObject("Form_Selection_Creation/mainMenu_Button")): Object: 'Object Repository/Form_Selection_Creation/mainMenu_Button' is clicked on

2018-12-04 10:46:22 - [MESSAGE][PASSED] - Object: 'Object Repository/Form_Selection_Creation/mainMenu_Button' is clicked on

2018-12-04 10:46:22 - [TEST_STEP][NOT_RUN] - click(findTestObject("Form_Selection_Creation/mainMenu_AdminTools")): NOT_RUN: click(findTestObject("Form_Selection_Creation/mainMenu_AdminTools"))

2018-12-04 10:46:22 - [MESSAGE][NOT_RUN] - NOT_RUN: click(findTestObject("Form_Selection_Creation/mainMenu_AdminTools"))

2018-12-04 10:46:22 - [TEST_STEP][PASSED] - click(findTestObject("Form_Selection_Creation/mainMenu_AdminTools_FormDesigner")): Object: 'Object Repository/Form_Selection_Creation/mainMenu_AdminTools_FormDesigner' is clicked on

2018-12-04 10:46:22 - [MESSAGE][PASSED] - Object: 'Object Repository/Form_Selection_Creation/mainMenu_AdminTools_FormDesigner' is clicked on

2018-12-04 10:46:22 - [TEST_STEP][PASSED] - click(findTestObject("Form_Selection_Creation/selectCheckForm")): Object: 'Object Repository/Form_Selection_Creation/selectCheckForm' is clicked on

2018-12-04 10:46:23 - [MESSAGE][PASSED] - Object: 'Object Repository/Form_Selection_Creation/selectCheckForm' is clicked on

2018-12-04 10:46:23 - [TEST_STEP][PASSED] - Thread.sleep(5000): null

2018-12-04 10:46:28 - [TEST_STEP][PASSED] - AdminTool_Location.selectResType(): AdminTool_Location.selectResType is PASSED

2018-12-04 10:46:36 - [MESSAGE][PASSED] - AdminTool_Location.selectResType is PASSED

2018-12-04 10:46:36 - [TEST_STEP][PASSED] - AdminTool_Location.dragDropRes(): Element has been clicked

2018-12-04 10:46:40 - [MESSAGE][PASSED] - Element has been clicked

2018-12-04 10:46:40 - [TEST_STEP][PASSED] - Thread.sleep(3000): null

2018-12-04 10:46:43 - [TEST_STEP][NOT_RUN] - dragAndDropToObject(findTestObject("validateResources"), findTestObject("Form_Selection_Creation/Target_Res_Object")): NOT_RUN: dragAndDropToObject(findTestObject("validateResources"), findTestObject("Form_Selection_Creation/Target_Res_Object"))

2018-12-04 10:46:43 - [MESSAGE][NOT_RUN] - NOT_RUN: dragAndDropToObject(findTestObject("validateResources"), findTestObject("Form_Selection_Creation/Target_Res_Object"))

2018-12-04 10:46:43 - [TEST_STEP][PASSED] - AdminTool_Location.validate(): AdminTool_Location.validate is PASSED

2018-12-04 10:46:43 - [MESSAGE][PASSED] - AdminTool_Location.validate is PASSED

2018-12-04 10:46:43 - [TEST_STEP][PASSED] - s = getText(findTestObject("Text")): Text of object 'Object Repository/Text' is: 'Items > ITEM_ON_04/12/18-10:43 > SUBITEM2_ON_04/12/18-10:43'

2018-12-04 10:46:43 - [MESSAGE][PASSED] - Text of object 'Object Repository/Text' is: 'Items > ITEM_ON_04/12/18-10:43 > SUBITEM2_ON_04/12/18-10:43'

2018-12-04 10:46:43 - [TEST_STEP][PASSED] - println(s): null]]></system-out>
         <system-err><![CDATA[]]></system-err>
      </testcase>
      <system-out><![CDATA[2018-12-04 10:42:32 - [TEST_SUITE][PASSED] - Items_Resource: Test Cases/CheckResoucesAsPerLocation/validateResource]]></system-out>
      <system-err><![CDATA[]]></system-err>
   </testsuite>
</testsuites>
