<?xml version="1.0" encoding="UTF-8"?>
<testsuites name="TestSupplier" time="945" tests="10" failures="0" errors="0">
   <testsuite name="TestSupplier" tests="10" failures="0" errors="0" time="945" timestamp="2019-01-11 10:18:30" hostname="pashine_a - Abhishek-Pashine.India.XoriantCorp.com" id="Test Suites/TestSupplier">
      <properties>
         <property name="deviceName" value=""/>
         <property name="devicePlatform" value=""/>
         <property name="logFolder" value="D:\\Git Data\\SafetyChain-Test-Automation-Katalon\\Reports\\TestSupplier\\20190111_101826"/>
         <property name="logFiles" value="D:\\Git Data\\SafetyChain-Test-Automation-Katalon\\Reports\\TestSupplier\\20190111_101826\\execution0.log"/>
         <property name="attachments" value=""/>
         <property name="hostName" value="pashine_a - Abhishek-Pashine.India.XoriantCorp.com"/>
         <property name="os" value="Windows 7 64bit"/>
         <property name="katalonVersion" value="5.10.1.1"/>
         <property name="browser" value="Chrome 71.0.3578.98"/>
         <property name="hostAddress" value="10.21.7.147"/>
         <property name="sessionId" value="c76c9a2a410a9ee65f48b38eb6f50499"/>
         <property name="seleniumVersion" value="3.7.1"/>
         <property name="proxyInformation" value="ProxyInformation{proxyOption=NO_PROXY, proxyServerType=HTTP, password=, proxyServerAddress=, proxyServerPort=0}"/>
         <property name="platform" value="Windows 7"/>
      </properties>
      <testcase name="Test Cases/SupplierFlow/1_CreateForm" classname="Test Cases/SupplierFlow/1_CreateForm" status="PASSED">
         <system-out><![CDATA[2019-01-11 10:18:30 - [TEST_CASE][PASSED] - Test Cases/SupplierFlow/1_CreateForm: Test Cases/SupplierFlow/1_CreateForm

2019-01-11 10:18:31 - [TEST_STEP][PASSED] - openBrowser(URL): Browser is opened with url: 'https://test2.stage.safetychain.com'

2019-01-11 10:18:31 - [MESSAGE][INFO] - Starting 'Chrome' driver

2019-01-11 10:18:31 - [MESSAGE][INFO] - Action delay is set to 0 seconds

2019-01-11 10:19:09 - [MESSAGE][PASSED] - Browser is opened with url: 'https://test2.stage.safetychain.com'

2019-01-11 10:19:09 - [TEST_STEP][PASSED] - maximizeWindow(): Current window maximized

2019-01-11 10:19:11 - [MESSAGE][PASSED] - Current window maximized

2019-01-11 10:19:11 - [TEST_STEP][PASSED] - setText(findTestObject("Form_Selection_Creation/login_Username"), UserName): Text 'superadmin' is set on object 'Object Repository/Form_Selection_Creation/login_Username'

2019-01-11 10:19:22 - [MESSAGE][PASSED] - Text 'superadmin' is set on object 'Object Repository/Form_Selection_Creation/login_Username'

2019-01-11 10:19:22 - [TEST_STEP][PASSED] - setText(findTestObject("Form_Selection_Creation/login_Password"), Password): Text 'sliptest23772boot' is set on object 'Object Repository/Form_Selection_Creation/login_Password'

2019-01-11 10:19:22 - [MESSAGE][PASSED] - Text 'sliptest23772boot' is set on object 'Object Repository/Form_Selection_Creation/login_Password'

2019-01-11 10:19:22 - [TEST_STEP][PASSED] - FormName.setData(): FormName.setData is PASSED

2019-01-11 10:19:24 - [MESSAGE][PASSED] - FormName.setData is PASSED

2019-01-11 10:19:24 - [TEST_STEP][PASSED] - click(findTestObject("Form_Selection_Creation/login_Button")): Object: 'Object Repository/Form_Selection_Creation/login_Button' is clicked on

2019-01-11 10:19:26 - [MESSAGE][PASSED] - Object: 'Object Repository/Form_Selection_Creation/login_Button' is clicked on

2019-01-11 10:19:26 - [TEST_STEP][PASSED] - Thread.sleep(3000): null

2019-01-11 10:19:29 - [TEST_STEP][PASSED] - click(findTestObject("Form_Selection_Creation/mainMenu_Button")): Object: 'Object Repository/Form_Selection_Creation/mainMenu_Button' is clicked on

2019-01-11 10:19:32 - [MESSAGE][PASSED] - Object: 'Object Repository/Form_Selection_Creation/mainMenu_Button' is clicked on

2019-01-11 10:19:32 - [TEST_STEP][PASSED] - click(findTestObject("Form_Selection_Creation/mainMenu_AdminTools")): Object: 'Object Repository/Form_Selection_Creation/mainMenu_AdminTools' is clicked on

2019-01-11 10:19:32 - [MESSAGE][PASSED] - Object: 'Object Repository/Form_Selection_Creation/mainMenu_AdminTools' is clicked on

2019-01-11 10:19:32 - [TEST_STEP][PASSED] - AdminTool_Location.moveCursor(): AdminTool_Location.moveCursor is PASSED

2019-01-11 10:19:32 - [MESSAGE][PASSED] - AdminTool_Location.moveCursor is PASSED

2019-01-11 10:19:32 - [TEST_STEP][PASSED] - Thread.sleep(2000): null

2019-01-11 10:19:34 - [TEST_STEP][PASSED] - click(findTestObject("Form_Selection_Creation/mainMenu_AdminTools_FormDesigner")): Object: 'Object Repository/Form_Selection_Creation/mainMenu_AdminTools_FormDesigner' is clicked on

2019-01-11 10:19:34 - [MESSAGE][PASSED] - Object: 'Object Repository/Form_Selection_Creation/mainMenu_AdminTools_FormDesigner' is clicked on

2019-01-11 10:19:34 - [TEST_STEP][PASSED] - Thread.sleep(2000): null

2019-01-11 10:19:36 - [TEST_STEP][PASSED] - click(findTestObject("Form_Selection_Creation/selectQuestionaireForm")): Object: 'Object Repository/Form_Selection_Creation/selectQuestionaireForm' is clicked on

2019-01-11 10:19:36 - [MESSAGE][PASSED] - Object: 'Object Repository/Form_Selection_Creation/selectQuestionaireForm' is clicked on

2019-01-11 10:19:36 - [TEST_STEP][PASSED] - Thread.sleep(3000): null

2019-01-11 10:19:39 - [TEST_STEP][PASSED] - dragAndDropToObject(findTestObject("Form_Selection_Creation/formDesign_selectResource"), findTestObject("Form_Selection_Creation/Target_Res_Object")): Dragged object with id 'Object Repository/Form_Selection_Creation/formDesign_selectResource' to object with id 'TestObject - 'Object Repository/Form_Selection_Creation/Target_Res_Object'' successfully

2019-01-11 10:19:40 - [MESSAGE][PASSED] - Dragged object with id 'Object Repository/Form_Selection_Creation/formDesign_selectResource' to object with id 'TestObject - 'Object Repository/Form_Selection_Creation/Target_Res_Object'' successfully

2019-01-11 10:19:40 - [TEST_STEP][PASSED] - Thread.sleep(6000): null

2019-01-11 10:19:46 - [TEST_STEP][PASSED] - click(findTestObject("Form_Selection_Creation/formCreation_NextToDesignForm")): Object: 'Object Repository/Form_Selection_Creation/formCreation_NextToDesignForm' is clicked on

2019-01-11 10:19:46 - [MESSAGE][PASSED] - Object: 'Object Repository/Form_Selection_Creation/formCreation_NextToDesignForm' is clicked on

2019-01-11 10:19:46 - [TEST_STEP][PASSED] - Thread.sleep(4000): null

2019-01-11 10:19:50 - [TEST_STEP][PASSED] - FormName.createForm(findTestObject("Form_Selection_Creation/formDesign_FormName")): FormName.createForm is PASSED

2019-01-11 10:19:50 - [MESSAGE][PASSED] - FormName.createForm is PASSED

2019-01-11 10:19:50 - [TEST_STEP][PASSED] - Thread.sleep(2000): null

2019-01-11 10:19:52 - [TEST_STEP][PASSED] - dragAndDropToObject(findTestObject("Form_Selection_Creation/formDesign_SelectSection"), findTestObject("Form_Selection_Creation/default_area")): Dragged object with id 'Object Repository/Form_Selection_Creation/formDesign_SelectSection' to object with id 'TestObject - 'Object Repository/Form_Selection_Creation/default_area'' successfully

2019-01-11 10:19:53 - [MESSAGE][PASSED] - Dragged object with id 'Object Repository/Form_Selection_Creation/formDesign_SelectSection' to object with id 'TestObject - 'Object Repository/Form_Selection_Creation/default_area'' successfully

2019-01-11 10:19:53 - [TEST_STEP][PASSED] - setText(findTestObject("Form_Selection_Creation/formDesign_SectionName_text"), "This is Section "): Text 'This is Section ' is set on object 'Object Repository/Form_Selection_Creation/formDesign_SectionName_text'

2019-01-11 10:19:54 - [MESSAGE][PASSED] - Text 'This is Section ' is set on object 'Object Repository/Form_Selection_Creation/formDesign_SectionName_text'

2019-01-11 10:19:54 - [TEST_STEP][PASSED] - Thread.sleep(2000): null

2019-01-11 10:19:56 - [TEST_STEP][PASSED] - dragAndDropToObject(findTestObject("Form_Selection_Creation/formDesign_SelectFieldgroup"), findTestObject("Form_Selection_Creation/section_area")): Dragged object with id 'Object Repository/Form_Selection_Creation/formDesign_SelectFieldgroup' to object with id 'TestObject - 'Object Repository/Form_Selection_Creation/section_area'' successfully

2019-01-11 10:19:56 - [MESSAGE][PASSED] - Dragged object with id 'Object Repository/Form_Selection_Creation/formDesign_SelectFieldgroup' to object with id 'TestObject - 'Object Repository/Form_Selection_Creation/section_area'' successfully

2019-01-11 10:19:56 - [TEST_STEP][PASSED] - setText(findTestObject("Form_Selection_Creation/formDesign_FieldGroupName_text"), "This is Field Group "): Text 'This is Field Group ' is set on object 'Object Repository/Form_Selection_Creation/formDesign_FieldGroupName_text'

2019-01-11 10:19:57 - [MESSAGE][PASSED] - Text 'This is Field Group ' is set on object 'Object Repository/Form_Selection_Creation/formDesign_FieldGroupName_text'

2019-01-11 10:19:57 - [TEST_STEP][PASSED] - Thread.sleep(2000): null

2019-01-11 10:19:59 - [TEST_STEP][PASSED] - dragAndDropToObject(findTestObject("Form_Selection_Creation/formDesign_SelectFree Text"), findTestObject("Form_Selection_Creation/group_area")): Dragged object with id 'Object Repository/Form_Selection_Creation/formDesign_SelectFree Text' to object with id 'TestObject - 'Object Repository/Form_Selection_Creation/group_area'' successfully

2019-01-11 10:20:00 - [MESSAGE][PASSED] - Dragged object with id 'Object Repository/Form_Selection_Creation/formDesign_SelectFree Text' to object with id 'TestObject - 'Object Repository/Form_Selection_Creation/group_area'' successfully

2019-01-11 10:20:00 - [TEST_STEP][PASSED] - setText(findTestObject("Form_Selection_Creation/formDesign_SingleLineName_Text"), "This is Single Line Text"): Text 'This is Single Line Text' is set on object 'Object Repository/Form_Selection_Creation/formDesign_SingleLineName_Text'

2019-01-11 10:20:00 - [MESSAGE][PASSED] - Text 'This is Single Line Text' is set on object 'Object Repository/Form_Selection_Creation/formDesign_SingleLineName_Text'

2019-01-11 10:20:00 - [TEST_STEP][PASSED] - Thread.sleep(2000): null

2019-01-11 10:20:02 - [TEST_STEP][PASSED] - dragAndDropToObject(findTestObject("Form_Selection_Creation/formDesign_SelectParagraphText"), findTestObject("Form_Selection_Creation/group_area")): Dragged object with id 'Object Repository/Form_Selection_Creation/formDesign_SelectParagraphText' to object with id 'TestObject - 'Object Repository/Form_Selection_Creation/group_area'' successfully

2019-01-11 10:20:03 - [MESSAGE][PASSED] - Dragged object with id 'Object Repository/Form_Selection_Creation/formDesign_SelectParagraphText' to object with id 'TestObject - 'Object Repository/Form_Selection_Creation/group_area'' successfully

2019-01-11 10:20:03 - [TEST_STEP][PASSED] - setText(findTestObject("Form_Selection_Creation/formDesign_ParagraphName_Text"), "This is Paragraph"): Text 'This is Paragraph' is set on object 'Object Repository/Form_Selection_Creation/formDesign_ParagraphName_Text'

2019-01-11 10:20:03 - [MESSAGE][PASSED] - Text 'This is Paragraph' is set on object 'Object Repository/Form_Selection_Creation/formDesign_ParagraphName_Text'

2019-01-11 10:20:03 - [TEST_STEP][PASSED] - Thread.sleep(2000): null

2019-01-11 10:20:05 - [TEST_STEP][PASSED] - dragAndDropToObject(findTestObject("Form_Selection_Creation/formDesign_Select_SelectOne"), findTestObject("Form_Selection_Creation/group_area")): Dragged object with id 'Object Repository/Form_Selection_Creation/formDesign_Select_SelectOne' to object with id 'TestObject - 'Object Repository/Form_Selection_Creation/group_area'' successfully

2019-01-11 10:20:06 - [MESSAGE][PASSED] - Dragged object with id 'Object Repository/Form_Selection_Creation/formDesign_Select_SelectOne' to object with id 'TestObject - 'Object Repository/Form_Selection_Creation/group_area'' successfully

2019-01-11 10:20:06 - [TEST_STEP][PASSED] - setText(findTestObject("Form_Selection_Creation/formDesign_Select_OneName_text"), "This is Select One"): Text 'This is Select One' is set on object 'Object Repository/Form_Selection_Creation/formDesign_Select_OneName_text'

2019-01-11 10:20:07 - [MESSAGE][PASSED] - Text 'This is Select One' is set on object 'Object Repository/Form_Selection_Creation/formDesign_Select_OneName_text'

2019-01-11 10:20:07 - [TEST_STEP][PASSED] - Thread.sleep(3000): null

2019-01-11 10:20:10 - [TEST_STEP][PASSED] - click(findTestObject("Form_Selection_Creation/button_AddNew1")): Object: 'Object Repository/Form_Selection_Creation/button_AddNew1' is clicked on

2019-01-11 10:20:10 - [MESSAGE][PASSED] - Object: 'Object Repository/Form_Selection_Creation/button_AddNew1' is clicked on

2019-01-11 10:20:10 - [TEST_STEP][PASSED] - setText(findTestObject("Form_Selection_Creation/add1singleValue1"), "SingleOption1"): Text 'SingleOption1' is set on object 'Object Repository/Form_Selection_Creation/add1singleValue1'

2019-01-11 10:20:10 - [MESSAGE][PASSED] - Text 'SingleOption1' is set on object 'Object Repository/Form_Selection_Creation/add1singleValue1'

2019-01-11 10:20:10 - [TEST_STEP][PASSED] - Thread.sleep(2000): null

2019-01-11 10:20:12 - [TEST_STEP][PASSED] - click(findTestObject("Form_Selection_Creation/button_AddNew1")): Object: 'Object Repository/Form_Selection_Creation/button_AddNew1' is clicked on

2019-01-11 10:20:12 - [MESSAGE][PASSED] - Object: 'Object Repository/Form_Selection_Creation/button_AddNew1' is clicked on

2019-01-11 10:20:12 - [TEST_STEP][PASSED] - setText(findTestObject("Form_Selection_Creation/add1singleValue2"), "SingleOption2"): Text 'SingleOption2' is set on object 'Object Repository/Form_Selection_Creation/add1singleValue2'

2019-01-11 10:20:13 - [MESSAGE][PASSED] - Text 'SingleOption2' is set on object 'Object Repository/Form_Selection_Creation/add1singleValue2'

2019-01-11 10:20:13 - [TEST_STEP][PASSED] - Thread.sleep(2000): null

2019-01-11 10:20:15 - [TEST_STEP][PASSED] - dragAndDropToObject(findTestObject("Form_Selection_Creation/formDesign_Select_SelectMultiple"), findTestObject("Form_Selection_Creation/group_area")): Dragged object with id 'Object Repository/Form_Selection_Creation/formDesign_Select_SelectMultiple' to object with id 'TestObject - 'Object Repository/Form_Selection_Creation/group_area'' successfully

2019-01-11 10:20:16 - [MESSAGE][PASSED] - Dragged object with id 'Object Repository/Form_Selection_Creation/formDesign_Select_SelectMultiple' to object with id 'TestObject - 'Object Repository/Form_Selection_Creation/group_area'' successfully

2019-01-11 10:20:16 - [TEST_STEP][PASSED] - setText(findTestObject("Form_Selection_Creation/formDesign_Select_MultipleName_text"), "This is Select Multiple"): Text 'This is Select Multiple' is set on object 'Object Repository/Form_Selection_Creation/formDesign_Select_MultipleName_text'

2019-01-11 10:20:16 - [MESSAGE][PASSED] - Text 'This is Select Multiple' is set on object 'Object Repository/Form_Selection_Creation/formDesign_Select_MultipleName_text'

2019-01-11 10:20:16 - [TEST_STEP][PASSED] - Thread.sleep(3000): null

2019-01-11 10:20:19 - [TEST_STEP][PASSED] - click(findTestObject("Form_Selection_Creation/button_addNewMul1")): Object: 'Object Repository/Form_Selection_Creation/button_addNewMul1' is clicked on

2019-01-11 10:20:19 - [MESSAGE][PASSED] - Object: 'Object Repository/Form_Selection_Creation/button_addNewMul1' is clicked on

2019-01-11 10:20:19 - [TEST_STEP][PASSED] - setText(findTestObject("Form_Selection_Creation/add1MultipleValue1"), "MultipleOption1"): Text 'MultipleOption1' is set on object 'Object Repository/Form_Selection_Creation/add1MultipleValue1'

2019-01-11 10:20:20 - [MESSAGE][PASSED] - Text 'MultipleOption1' is set on object 'Object Repository/Form_Selection_Creation/add1MultipleValue1'

2019-01-11 10:20:20 - [TEST_STEP][PASSED] - Thread.sleep(2000): null

2019-01-11 10:20:22 - [TEST_STEP][PASSED] - click(findTestObject("Form_Selection_Creation/button_addNewMul1")): Object: 'Object Repository/Form_Selection_Creation/button_addNewMul1' is clicked on

2019-01-11 10:20:22 - [MESSAGE][PASSED] - Object: 'Object Repository/Form_Selection_Creation/button_addNewMul1' is clicked on

2019-01-11 10:20:22 - [TEST_STEP][PASSED] - setText(findTestObject("Form_Selection_Creation/add1MultipleValue2"), "MultipleOption2"): Text 'MultipleOption2' is set on object 'Object Repository/Form_Selection_Creation/add1MultipleValue2'

2019-01-11 10:20:22 - [MESSAGE][PASSED] - Text 'MultipleOption2' is set on object 'Object Repository/Form_Selection_Creation/add1MultipleValue2'

2019-01-11 10:20:22 - [TEST_STEP][PASSED] - Thread.sleep(2000): null

2019-01-11 10:20:24 - [TEST_STEP][PASSED] - dragAndDropToObject(findTestObject("Form_Selection_Creation/formDesign_SelectNumeric"), findTestObject("Form_Selection_Creation/group_area")): Dragged object with id 'Object Repository/Form_Selection_Creation/formDesign_SelectNumeric' to object with id 'TestObject - 'Object Repository/Form_Selection_Creation/group_area'' successfully

2019-01-11 10:20:25 - [MESSAGE][PASSED] - Dragged object with id 'Object Repository/Form_Selection_Creation/formDesign_SelectNumeric' to object with id 'TestObject - 'Object Repository/Form_Selection_Creation/group_area'' successfully

2019-01-11 10:20:25 - [TEST_STEP][PASSED] - setText(findTestObject("Form_Selection_Creation/formDesign_NumericName_Text"), "This is a Number"): Text 'This is a Number' is set on object 'Object Repository/Form_Selection_Creation/formDesign_NumericName_Text'

2019-01-11 10:20:26 - [MESSAGE][PASSED] - Text 'This is a Number' is set on object 'Object Repository/Form_Selection_Creation/formDesign_NumericName_Text'

2019-01-11 10:20:26 - [TEST_STEP][PASSED] - Thread.sleep(2000): null

2019-01-11 10:20:28 - [TEST_STEP][PASSED] - dragAndDropToObject(findTestObject("Form_Selection_Creation/formDesign_SelectDate"), findTestObject("Form_Selection_Creation/group_area")): Dragged object with id 'Object Repository/Form_Selection_Creation/formDesign_SelectDate' to object with id 'TestObject - 'Object Repository/Form_Selection_Creation/group_area'' successfully

2019-01-11 10:20:28 - [MESSAGE][PASSED] - Dragged object with id 'Object Repository/Form_Selection_Creation/formDesign_SelectDate' to object with id 'TestObject - 'Object Repository/Form_Selection_Creation/group_area'' successfully

2019-01-11 10:20:28 - [TEST_STEP][PASSED] - setText(findTestObject("Form_Selection_Creation/formDesign_DateName_Text"), "This is a Date"): Text 'This is a Date' is set on object 'Object Repository/Form_Selection_Creation/formDesign_DateName_Text'

2019-01-11 10:20:29 - [MESSAGE][PASSED] - Text 'This is a Date' is set on object 'Object Repository/Form_Selection_Creation/formDesign_DateName_Text'

2019-01-11 10:20:29 - [TEST_STEP][PASSED] - Thread.sleep(2000): null

2019-01-11 10:20:31 - [TEST_STEP][PASSED] - dragAndDropToObject(findTestObject("Form_Selection_Creation/formDesign_SelectTime"), findTestObject("Form_Selection_Creation/group_area")): Dragged object with id 'Object Repository/Form_Selection_Creation/formDesign_SelectTime' to object with id 'TestObject - 'Object Repository/Form_Selection_Creation/group_area'' successfully

2019-01-11 10:20:32 - [MESSAGE][PASSED] - Dragged object with id 'Object Repository/Form_Selection_Creation/formDesign_SelectTime' to object with id 'TestObject - 'Object Repository/Form_Selection_Creation/group_area'' successfully

2019-01-11 10:20:32 - [TEST_STEP][PASSED] - setText(findTestObject("Form_Selection_Creation/formDesign_TimeName_text"), "This is a Time"): Text 'This is a Time' is set on object 'Object Repository/Form_Selection_Creation/formDesign_TimeName_text'

2019-01-11 10:20:32 - [MESSAGE][PASSED] - Text 'This is a Time' is set on object 'Object Repository/Form_Selection_Creation/formDesign_TimeName_text'

2019-01-11 10:20:32 - [TEST_STEP][PASSED] - Thread.sleep(2000): null

2019-01-11 10:20:34 - [TEST_STEP][PASSED] - dragAndDropToObject(findTestObject("Form_Selection_Creation/formDesign_SelectDateTime"), findTestObject("Form_Selection_Creation/group_area")): Dragged object with id 'Object Repository/Form_Selection_Creation/formDesign_SelectDateTime' to object with id 'TestObject - 'Object Repository/Form_Selection_Creation/group_area'' successfully

2019-01-11 10:20:35 - [MESSAGE][PASSED] - Dragged object with id 'Object Repository/Form_Selection_Creation/formDesign_SelectDateTime' to object with id 'TestObject - 'Object Repository/Form_Selection_Creation/group_area'' successfully

2019-01-11 10:20:35 - [TEST_STEP][PASSED] - setText(findTestObject("Form_Selection_Creation/formDesign_DateTimeName_Text"), "This is a Date-Time"): Text 'This is a Date-Time' is set on object 'Object Repository/Form_Selection_Creation/formDesign_DateTimeName_Text'

2019-01-11 10:20:36 - [MESSAGE][PASSED] - Text 'This is a Date-Time' is set on object 'Object Repository/Form_Selection_Creation/formDesign_DateTimeName_Text'

2019-01-11 10:20:36 - [TEST_STEP][PASSED] - Thread.sleep(2000): null

2019-01-11 10:20:38 - [TEST_STEP][PASSED] - click(findTestObject("Form_Selection_Creation/formCreation_NextToDesignForm")): Object: 'Object Repository/Form_Selection_Creation/formCreation_NextToDesignForm' is clicked on

2019-01-11 10:20:38 - [MESSAGE][PASSED] - Object: 'Object Repository/Form_Selection_Creation/formCreation_NextToDesignForm' is clicked on

2019-01-11 10:20:38 - [TEST_STEP][PASSED] - Thread.sleep(7000): null

2019-01-11 10:20:45 - [TEST_STEP][PASSED] - click(findTestObject("Form_Selection_Creation/div_Preview             Form1")): Object: 'Object Repository/Form_Selection_Creation/div_Preview             Form1' is clicked on

2019-01-11 10:20:45 - [MESSAGE][PASSED] - Object: 'Object Repository/Form_Selection_Creation/div_Preview             Form1' is clicked on

2019-01-11 10:20:45 - [TEST_STEP][PASSED] - Thread.sleep(5000): null

2019-01-11 10:20:50 - [TEST_STEP][PASSED] - click(findTestObject("Form_Selection_Creation/button_Release")): Object: 'Object Repository/Form_Selection_Creation/button_Release' is clicked on

2019-01-11 10:20:51 - [MESSAGE][PASSED] - Object: 'Object Repository/Form_Selection_Creation/button_Release' is clicked on

2019-01-11 10:20:51 - [TEST_STEP][PASSED] - Thread.sleep(6000): null]]></system-out>
         <system-err><![CDATA[]]></system-err>
      </testcase>
      <testcase name="Test Cases/SupplierFlow/2_CreateLocation" classname="Test Cases/SupplierFlow/2_CreateLocation" status="PASSED">
         <system-out><![CDATA[2019-01-11 10:20:57 - [TEST_CASE][PASSED] - Test Cases/SupplierFlow/2_CreateLocation: Test Cases/SupplierFlow/2_CreateLocation

2019-01-11 10:20:57 - [TEST_STEP][NOT_RUN] - openBrowser(URL): NOT_RUN: openBrowser(URL)

2019-01-11 10:20:57 - [MESSAGE][NOT_RUN] - NOT_RUN: openBrowser(URL)

2019-01-11 10:20:57 - [TEST_STEP][NOT_RUN] - maximizeWindow(): NOT_RUN: maximizeWindow()

2019-01-11 10:20:57 - [MESSAGE][NOT_RUN] - NOT_RUN: maximizeWindow()

2019-01-11 10:20:57 - [TEST_STEP][NOT_RUN] - setText(findTestObject("TestUserLocation/login_Username"), UserName): NOT_RUN: setText(findTestObject("TestUserLocation/login_Username"), UserName)

2019-01-11 10:20:57 - [MESSAGE][NOT_RUN] - NOT_RUN: setText(findTestObject("TestUserLocation/login_Username"), UserName)

2019-01-11 10:20:57 - [TEST_STEP][NOT_RUN] - setText(findTestObject("TestUserLocation/login_Password"), Password11): NOT_RUN: setText(findTestObject("TestUserLocation/login_Password"), Password11)

2019-01-11 10:20:57 - [MESSAGE][NOT_RUN] - NOT_RUN: setText(findTestObject("TestUserLocation/login_Password"), Password11)

2019-01-11 10:20:57 - [TEST_STEP][PASSED] - Thread.sleep(2000): null

2019-01-11 10:20:59 - [TEST_STEP][PASSED] - AdminTool_Location.setLocationName(): AdminTool_Location.setLocationName is PASSED

2019-01-11 10:20:59 - [MESSAGE][PASSED] - AdminTool_Location.setLocationName is PASSED

2019-01-11 10:20:59 - [TEST_STEP][NOT_RUN] - click(findTestObject("TestUserLocation/login_Button")): NOT_RUN: click(findTestObject("TestUserLocation/login_Button"))

2019-01-11 10:20:59 - [MESSAGE][NOT_RUN] - NOT_RUN: click(findTestObject("TestUserLocation/login_Button"))

2019-01-11 10:20:59 - [TEST_STEP][PASSED] - Thread.sleep(4000): null

2019-01-11 10:21:03 - [TEST_STEP][PASSED] - AdminTool_Location.setLocationNameInLocation(): AdminTool_Location.setLocationNameInLocation is PASSED

2019-01-11 10:21:03 - [MESSAGE][PASSED] - AdminTool_Location.setLocationNameInLocation is PASSED

2019-01-11 10:21:03 - [TEST_STEP][PASSED] - click(findTestObject("TestUserLocation/mainmenu_button")): Object: 'Object Repository/TestUserLocation/mainmenu_button' is clicked on

2019-01-11 10:21:03 - [MESSAGE][PASSED] - Object: 'Object Repository/TestUserLocation/mainmenu_button' is clicked on

2019-01-11 10:21:03 - [TEST_STEP][NOT_RUN] - click(findTestObject("TestUserLocation/adminTool")): NOT_RUN: click(findTestObject("TestUserLocation/adminTool"))

2019-01-11 10:21:03 - [MESSAGE][NOT_RUN] - NOT_RUN: click(findTestObject("TestUserLocation/adminTool"))

2019-01-11 10:21:03 - [TEST_STEP][PASSED] - click(findTestObject("TestUserLocation/mainMenuResourceDesigner")): Object: 'Object Repository/TestUserLocation/mainMenuResourceDesigner' is clicked on

2019-01-11 10:21:04 - [MESSAGE][PASSED] - Object: 'Object Repository/TestUserLocation/mainMenuResourceDesigner' is clicked on

2019-01-11 10:21:04 - [TEST_STEP][PASSED] - Thread.sleep(4000): null

2019-01-11 10:21:08 - [TEST_STEP][PASSED] - click(findTestObject("TestUserLocation/locations")): Object: 'Object Repository/TestUserLocation/locations' is clicked on

2019-01-11 10:21:08 - [MESSAGE][PASSED] - Object: 'Object Repository/TestUserLocation/locations' is clicked on

2019-01-11 10:21:08 - [TEST_STEP][PASSED] - Thread.sleep(4000): null

2019-01-11 10:21:12 - [TEST_STEP][PASSED] - AdminTool_Location.moveCursor(): AdminTool_Location.moveCursor is PASSED

2019-01-11 10:21:12 - [MESSAGE][PASSED] - AdminTool_Location.moveCursor is PASSED

2019-01-11 10:21:12 - [TEST_STEP][PASSED] - Thread.sleep(2000): null

2019-01-11 10:21:14 - [TEST_STEP][NOT_RUN] - refresh(): NOT_RUN: refresh()

2019-01-11 10:21:14 - [MESSAGE][NOT_RUN] - NOT_RUN: refresh()

2019-01-11 10:21:14 - [TEST_STEP][NOT_RUN] - Thread.sleep(4000): NOT_RUN: Thread.sleep(4000)

2019-01-11 10:21:14 - [MESSAGE][NOT_RUN] - NOT_RUN: Thread.sleep(4000)

2019-01-11 10:21:14 - [TEST_STEP][PASSED] - click(findTestObject("TestUserLocation/categories")): Object: 'Object Repository/TestUserLocation/categories' is clicked on

2019-01-11 10:21:14 - [MESSAGE][PASSED] - Object: 'Object Repository/TestUserLocation/categories' is clicked on

2019-01-11 10:21:14 - [TEST_STEP][PASSED] - Thread.sleep(2000): null

2019-01-11 10:21:16 - [TEST_STEP][PASSED] - click(findTestObject("TestUserLocation/defaultArea")): Object: 'Object Repository/TestUserLocation/defaultArea' is clicked on

2019-01-11 10:21:16 - [MESSAGE][PASSED] - Object: 'Object Repository/TestUserLocation/defaultArea' is clicked on

2019-01-11 10:21:16 - [TEST_STEP][PASSED] - click(findTestObject("TestUserLocation/hoverHeading")): Object: 'Object Repository/TestUserLocation/hoverHeading' is clicked on

2019-01-11 10:21:16 - [MESSAGE][PASSED] - Object: 'Object Repository/TestUserLocation/hoverHeading' is clicked on

2019-01-11 10:21:16 - [TEST_STEP][PASSED] - click(findTestObject("TestUserLocation/addPlusIcon")): Object: 'Object Repository/TestUserLocation/addPlusIcon' is clicked on

2019-01-11 10:21:17 - [MESSAGE][PASSED] - Object: 'Object Repository/TestUserLocation/addPlusIcon' is clicked on

2019-01-11 10:21:17 - [TEST_STEP][PASSED] - setText(findTestObject("TestUserLocation/setNewName"), findTestData("LocationData").getValue("LocationName", 1)): Text 'LOCATION_ON_11/01/19-10:20' is set on object 'Object Repository/TestUserLocation/setNewName'

2019-01-11 10:21:17 - [MESSAGE][PASSED] - Text 'LOCATION_ON_11/01/19-10:20' is set on object 'Object Repository/TestUserLocation/setNewName'

2019-01-11 10:21:17 - [TEST_STEP][PASSED] - Thread.sleep(2000): null

2019-01-11 10:21:19 - [TEST_STEP][PASSED] - click(findTestObject("TestUserLocation/saveButton")): Object: 'Object Repository/TestUserLocation/saveButton' is clicked on

2019-01-11 10:21:19 - [MESSAGE][PASSED] - Object: 'Object Repository/TestUserLocation/saveButton' is clicked on

2019-01-11 10:21:19 - [TEST_STEP][PASSED] - Thread.sleep(4000): null

2019-01-11 10:21:23 - [TEST_STEP][PASSED] - click(findTestObject("TestUserLocation/mainmenu_button")): Object: 'Object Repository/TestUserLocation/mainmenu_button' is clicked on

2019-01-11 10:21:24 - [MESSAGE][PASSED] - Object: 'Object Repository/TestUserLocation/mainmenu_button' is clicked on

2019-01-11 10:21:24 - [TEST_STEP][PASSED] - click(findTestObject("TestUserLocation/mainMenuLocation")): Object: 'Object Repository/TestUserLocation/mainMenuLocation' is clicked on

2019-01-11 10:21:24 - [MESSAGE][PASSED] - Object: 'Object Repository/TestUserLocation/mainMenuLocation' is clicked on

2019-01-11 10:21:24 - [TEST_STEP][PASSED] - Thread.sleep(4000): null

2019-01-11 10:21:28 - [TEST_STEP][PASSED] - AdminTool_Location.selectLocation(): Element has been clicked

2019-01-11 10:21:32 - [MESSAGE][PASSED] - Element has been clicked

2019-01-11 10:21:32 - [TEST_STEP][PASSED] - click(findTestObject("TestUserLocation/addPlusIcon")): Object: 'Object Repository/TestUserLocation/addPlusIcon' is clicked on

2019-01-11 10:21:32 - [MESSAGE][PASSED] - Object: 'Object Repository/TestUserLocation/addPlusIcon' is clicked on

2019-01-11 10:21:32 - [TEST_STEP][PASSED] - Thread.sleep(2000): null

2019-01-11 10:21:34 - [TEST_STEP][PASSED] - setText(findTestObject("TestUserLocation/setNewName"), findTestData("LocationData").getValue("SubLocationName", 1)): Text 'SUBLOCATION_ON_11/01/19-10:21' is set on object 'Object Repository/TestUserLocation/setNewName'

2019-01-11 10:21:35 - [MESSAGE][PASSED] - Text 'SUBLOCATION_ON_11/01/19-10:21' is set on object 'Object Repository/TestUserLocation/setNewName'

2019-01-11 10:21:35 - [TEST_STEP][PASSED] - Thread.sleep(2000): null

2019-01-11 10:21:37 - [TEST_STEP][PASSED] - click(findTestObject("TestUserLocation/saveLocationDetailButton")): Object: 'Object Repository/TestUserLocation/saveLocationDetailButton' is clicked on

2019-01-11 10:21:37 - [MESSAGE][PASSED] - Object: 'Object Repository/TestUserLocation/saveLocationDetailButton' is clicked on

2019-01-11 10:21:37 - [TEST_STEP][PASSED] - Thread.sleep(4000): null

2019-01-11 10:21:41 - [TEST_STEP][PASSED] - click(findTestObject("TestUserLocation/customerSelect")): Object: 'Object Repository/TestUserLocation/customerSelect' is clicked on

2019-01-11 10:21:41 - [MESSAGE][PASSED] - Object: 'Object Repository/TestUserLocation/customerSelect' is clicked on

2019-01-11 10:21:41 - [TEST_STEP][PASSED] - Thread.sleep(4000): null

2019-01-11 10:21:45 - [TEST_STEP][PASSED] - check(findTestObject("TestUserLocation/select4ResouceInCustomer")): Object 'Object Repository/TestUserLocation/select4ResouceInCustomer' is checked

2019-01-11 10:21:45 - [MESSAGE][PASSED] - Object 'Object Repository/TestUserLocation/select4ResouceInCustomer' is checked

2019-01-11 10:21:45 - [TEST_STEP][PASSED] - Thread.sleep(2000): null

2019-01-11 10:21:47 - [TEST_STEP][PASSED] - click(findTestObject("TestUserLocation/saveLocationDetailButton")): Object: 'Object Repository/TestUserLocation/saveLocationDetailButton' is clicked on

2019-01-11 10:21:47 - [MESSAGE][PASSED] - Object: 'Object Repository/TestUserLocation/saveLocationDetailButton' is clicked on

2019-01-11 10:21:47 - [TEST_STEP][PASSED] - Thread.sleep(6000): null]]></system-out>
         <system-err><![CDATA[]]></system-err>
      </testcase>
      <testcase name="Test Cases/SupplierFlow/3_CreateResource_Supplier" classname="Test Cases/SupplierFlow/3_CreateResource_Supplier" status="PASSED">
         <system-out><![CDATA[2019-01-11 10:21:53 - [TEST_CASE][PASSED] - Test Cases/SupplierFlow/3_CreateResource_Supplier: Test Cases/SupplierFlow/3_CreateResource_Supplier

2019-01-11 10:21:54 - [TEST_STEP][NOT_RUN] - openBrowser(URL): NOT_RUN: openBrowser(URL)

2019-01-11 10:21:54 - [MESSAGE][NOT_RUN] - NOT_RUN: openBrowser(URL)

2019-01-11 10:21:54 - [TEST_STEP][NOT_RUN] - maximizeWindow(): NOT_RUN: maximizeWindow()

2019-01-11 10:21:54 - [MESSAGE][NOT_RUN] - NOT_RUN: maximizeWindow()

2019-01-11 10:21:54 - [TEST_STEP][NOT_RUN] - setText(findTestObject("TestUserLocation/login_Username"), UserName): NOT_RUN: setText(findTestObject("TestUserLocation/login_Username"), UserName)

2019-01-11 10:21:54 - [MESSAGE][NOT_RUN] - NOT_RUN: setText(findTestObject("TestUserLocation/login_Username"), UserName)

2019-01-11 10:21:54 - [TEST_STEP][NOT_RUN] - setText(findTestObject("TestUserLocation/login_Password"), Password11): NOT_RUN: setText(findTestObject("TestUserLocation/login_Password"), Password11)

2019-01-11 10:21:54 - [MESSAGE][NOT_RUN] - NOT_RUN: setText(findTestObject("TestUserLocation/login_Password"), Password11)

2019-01-11 10:21:54 - [TEST_STEP][PASSED] - Thread.sleep(2000): null

2019-01-11 10:21:56 - [TEST_STEP][PASSED] - AdminTool_Location.setSupplierName(): AdminTool_Location.setSupplierName is PASSED

2019-01-11 10:21:56 - [MESSAGE][PASSED] - AdminTool_Location.setSupplierName is PASSED

2019-01-11 10:21:56 - [TEST_STEP][NOT_RUN] - click(findTestObject("TestUserLocation/login_Button")): NOT_RUN: click(findTestObject("TestUserLocation/login_Button"))

2019-01-11 10:21:56 - [MESSAGE][NOT_RUN] - NOT_RUN: click(findTestObject("TestUserLocation/login_Button"))

2019-01-11 10:21:56 - [TEST_STEP][PASSED] - Thread.sleep(4000): null

2019-01-11 10:22:00 - [TEST_STEP][PASSED] - click(findTestObject("TestUserLocation/mainmenu_button")): Object: 'Object Repository/TestUserLocation/mainmenu_button' is clicked on

2019-01-11 10:22:00 - [MESSAGE][PASSED] - Object: 'Object Repository/TestUserLocation/mainmenu_button' is clicked on

2019-01-11 10:22:00 - [TEST_STEP][NOT_RUN] - click(findTestObject("TestUserLocation/adminTool")): NOT_RUN: click(findTestObject("TestUserLocation/adminTool"))

2019-01-11 10:22:00 - [MESSAGE][NOT_RUN] - NOT_RUN: click(findTestObject("TestUserLocation/adminTool"))

2019-01-11 10:22:00 - [TEST_STEP][PASSED] - click(findTestObject("TestUserLocation/mainMenuResourceDesigner")): Object: 'Object Repository/TestUserLocation/mainMenuResourceDesigner' is clicked on

2019-01-11 10:22:00 - [MESSAGE][PASSED] - Object: 'Object Repository/TestUserLocation/mainMenuResourceDesigner' is clicked on

2019-01-11 10:22:00 - [TEST_STEP][PASSED] - Thread.sleep(4000): null

2019-01-11 10:22:04 - [TEST_STEP][PASSED] - click(findTestObject("TestResource/SuppliersDesign")): Object: 'Object Repository/TestResource/SuppliersDesign' is clicked on

2019-01-11 10:22:04 - [MESSAGE][PASSED] - Object: 'Object Repository/TestResource/SuppliersDesign' is clicked on

2019-01-11 10:22:04 - [TEST_STEP][PASSED] - Thread.sleep(4000): null

2019-01-11 10:22:08 - [TEST_STEP][PASSED] - click(findTestObject("TestUserLocation/categories")): Object: 'Object Repository/TestUserLocation/categories' is clicked on

2019-01-11 10:22:08 - [MESSAGE][PASSED] - Object: 'Object Repository/TestUserLocation/categories' is clicked on

2019-01-11 10:22:08 - [TEST_STEP][PASSED] - Thread.sleep(2000): null

2019-01-11 10:22:10 - [TEST_STEP][PASSED] - click(findTestObject("TestUserLocation/defaultArea")): Object: 'Object Repository/TestUserLocation/defaultArea' is clicked on

2019-01-11 10:22:10 - [MESSAGE][PASSED] - Object: 'Object Repository/TestUserLocation/defaultArea' is clicked on

2019-01-11 10:22:10 - [TEST_STEP][PASSED] - Thread.sleep(2000): null

2019-01-11 10:22:12 - [TEST_STEP][PASSED] - click(findTestObject("TestUserLocation/hoverHeading")): Object: 'Object Repository/TestUserLocation/hoverHeading' is clicked on

2019-01-11 10:22:13 - [MESSAGE][PASSED] - Object: 'Object Repository/TestUserLocation/hoverHeading' is clicked on

2019-01-11 10:22:13 - [TEST_STEP][PASSED] - click(findTestObject("TestUserLocation/addPlusIcon")): Object: 'Object Repository/TestUserLocation/addPlusIcon' is clicked on

2019-01-11 10:22:13 - [MESSAGE][PASSED] - Object: 'Object Repository/TestUserLocation/addPlusIcon' is clicked on

2019-01-11 10:22:13 - [TEST_STEP][PASSED] - setText(findTestObject("TestUserLocation/setNewName"), findTestData("LocationData").getValue("SuppliersName", 1)): Text 'SUPPLIER_ON_11/01/19-10:21' is set on object 'Object Repository/TestUserLocation/setNewName'

2019-01-11 10:22:13 - [MESSAGE][PASSED] - Text 'SUPPLIER_ON_11/01/19-10:21' is set on object 'Object Repository/TestUserLocation/setNewName'

2019-01-11 10:22:13 - [TEST_STEP][PASSED] - Thread.sleep(2000): null

2019-01-11 10:22:15 - [TEST_STEP][PASSED] - click(findTestObject("TestUserLocation/saveButton")): Object: 'Object Repository/TestUserLocation/saveButton' is clicked on

2019-01-11 10:22:15 - [MESSAGE][PASSED] - Object: 'Object Repository/TestUserLocation/saveButton' is clicked on

2019-01-11 10:22:15 - [TEST_STEP][PASSED] - Thread.sleep(4000): null

2019-01-11 10:22:19 - [TEST_STEP][PASSED] - Thread.sleep(4000): null

2019-01-11 10:22:23 - [TEST_STEP][PASSED] - click(findTestObject("TestUserLocation/mainmenu_button")): Object: 'Object Repository/TestUserLocation/mainmenu_button' is clicked on

2019-01-11 10:22:24 - [MESSAGE][PASSED] - Object: 'Object Repository/TestUserLocation/mainmenu_button' is clicked on

2019-01-11 10:22:24 - [TEST_STEP][PASSED] - click(findTestObject("TestResource/mainMenu_resources")): Object: 'Object Repository/TestResource/mainMenu_resources' is clicked on

2019-01-11 10:22:24 - [MESSAGE][PASSED] - Object: 'Object Repository/TestResource/mainMenu_resources' is clicked on

2019-01-11 10:22:24 - [TEST_STEP][PASSED] - Thread.sleep(4000): null

2019-01-11 10:22:28 - [TEST_STEP][PASSED] - click(findTestObject("TestResource/suppliers")): Object: 'Object Repository/TestResource/suppliers' is clicked on

2019-01-11 10:22:28 - [MESSAGE][PASSED] - Object: 'Object Repository/TestResource/suppliers' is clicked on

2019-01-11 10:22:28 - [TEST_STEP][PASSED] - Thread.sleep(4000): null

2019-01-11 10:22:32 - [TEST_STEP][PASSED] - AdminTool_Location.selectSupplier(): Element has been clicked

2019-01-11 10:22:36 - [MESSAGE][PASSED] - Element has been clicked

2019-01-11 10:22:36 - [TEST_STEP][PASSED] - Thread.sleep(4000): null

2019-01-11 10:22:40 - [TEST_STEP][NOT_RUN] - click(findTestObject("TestUserLocation/addPlusIcon")): NOT_RUN: click(findTestObject("TestUserLocation/addPlusIcon"))

2019-01-11 10:22:40 - [MESSAGE][NOT_RUN] - NOT_RUN: click(findTestObject("TestUserLocation/addPlusIcon"))

2019-01-11 10:22:40 - [TEST_STEP][NOT_RUN] - Thread.sleep(2000): NOT_RUN: Thread.sleep(2000)

2019-01-11 10:22:40 - [MESSAGE][NOT_RUN] - NOT_RUN: Thread.sleep(2000)

2019-01-11 10:22:40 - [TEST_STEP][NOT_RUN] - setText(findTestObject("TestUserLocation/setNewName"), findTestData("LocationData").getValue("SubSuppliersName1", 1)): NOT_RUN: setText(findTestObject("TestUserLocation/setNewName"), findTestData("LocationData").getValue("SubSuppliersName1", 1))

2019-01-11 10:22:40 - [MESSAGE][NOT_RUN] - NOT_RUN: setText(findTestObject("TestUserLocation/setNewName"), findTestData("LocationData").getValue("SubSuppliersName1", 1))

2019-01-11 10:22:40 - [TEST_STEP][NOT_RUN] - setText(findTestObject("TestResource/setPhoneNumber"), "912378456"): NOT_RUN: setText(findTestObject("TestResource/setPhoneNumber"), "912378456")

2019-01-11 10:22:40 - [MESSAGE][NOT_RUN] - NOT_RUN: setText(findTestObject("TestResource/setPhoneNumber"), "912378456")

2019-01-11 10:22:40 - [TEST_STEP][NOT_RUN] - Thread.sleep(2000): NOT_RUN: Thread.sleep(2000)

2019-01-11 10:22:40 - [MESSAGE][NOT_RUN] - NOT_RUN: Thread.sleep(2000)

2019-01-11 10:22:40 - [TEST_STEP][NOT_RUN] - click(findTestObject("TestResource/saveDetailButton")): NOT_RUN: click(findTestObject("TestResource/saveDetailButton"))

2019-01-11 10:22:40 - [MESSAGE][NOT_RUN] - NOT_RUN: click(findTestObject("TestResource/saveDetailButton"))

2019-01-11 10:22:40 - [TEST_STEP][NOT_RUN] - Thread.sleep(7000): NOT_RUN: Thread.sleep(7000)

2019-01-11 10:22:40 - [MESSAGE][NOT_RUN] - NOT_RUN: Thread.sleep(7000)

2019-01-11 10:22:40 - [TEST_STEP][NOT_RUN] - click(findTestObject("TestResource/disableResource")): NOT_RUN: click(findTestObject("TestResource/disableResource"))

2019-01-11 10:22:40 - [MESSAGE][NOT_RUN] - NOT_RUN: click(findTestObject("TestResource/disableResource"))

2019-01-11 10:22:40 - [TEST_STEP][NOT_RUN] - Thread.sleep(2000): NOT_RUN: Thread.sleep(2000)

2019-01-11 10:22:40 - [MESSAGE][NOT_RUN] - NOT_RUN: Thread.sleep(2000)

2019-01-11 10:22:40 - [TEST_STEP][NOT_RUN] - click(findTestObject("TestResource/button2Yes")): NOT_RUN: click(findTestObject("TestResource/button2Yes"))

2019-01-11 10:22:40 - [MESSAGE][NOT_RUN] - NOT_RUN: click(findTestObject("TestResource/button2Yes"))

2019-01-11 10:22:40 - [TEST_STEP][NOT_RUN] - Thread.sleep(2000): NOT_RUN: Thread.sleep(2000)

2019-01-11 10:22:40 - [MESSAGE][NOT_RUN] - NOT_RUN: Thread.sleep(2000)

2019-01-11 10:22:40 - [TEST_STEP][NOT_RUN] - click(findTestObject("TestResource/saveDetailButton")): NOT_RUN: click(findTestObject("TestResource/saveDetailButton"))

2019-01-11 10:22:40 - [MESSAGE][NOT_RUN] - NOT_RUN: click(findTestObject("TestResource/saveDetailButton"))

2019-01-11 10:22:40 - [TEST_STEP][NOT_RUN] - Thread.sleep(7000): NOT_RUN: Thread.sleep(7000)

2019-01-11 10:22:40 - [MESSAGE][NOT_RUN] - NOT_RUN: Thread.sleep(7000)

2019-01-11 10:22:40 - [TEST_STEP][NOT_RUN] - click(findTestObject("TestResource/linksTab")): NOT_RUN: click(findTestObject("TestResource/linksTab"))

2019-01-11 10:22:40 - [MESSAGE][NOT_RUN] - NOT_RUN: click(findTestObject("TestResource/linksTab"))

2019-01-11 10:22:40 - [TEST_STEP][NOT_RUN] - Thread.sleep(2000): NOT_RUN: Thread.sleep(2000)

2019-01-11 10:22:40 - [MESSAGE][NOT_RUN] - NOT_RUN: Thread.sleep(2000)

2019-01-11 10:22:40 - [TEST_STEP][NOT_RUN] - click(findTestObject("TestResource/addLink")): NOT_RUN: click(findTestObject("TestResource/addLink"))

2019-01-11 10:22:40 - [MESSAGE][NOT_RUN] - NOT_RUN: click(findTestObject("TestResource/addLink"))

2019-01-11 10:22:40 - [TEST_STEP][NOT_RUN] - Thread.sleep(5000): NOT_RUN: Thread.sleep(5000)

2019-01-11 10:22:40 - [MESSAGE][NOT_RUN] - NOT_RUN: Thread.sleep(5000)

2019-01-11 10:22:40 - [TEST_STEP][NOT_RUN] - check(findTestObject("TestResource/selectSecondResourceToLink")): NOT_RUN: check(findTestObject("TestResource/selectSecondResourceToLink"))

2019-01-11 10:22:40 - [MESSAGE][NOT_RUN] - NOT_RUN: check(findTestObject("TestResource/selectSecondResourceToLink"))

2019-01-11 10:22:40 - [TEST_STEP][NOT_RUN] - AdminTool_Location.resourceLinkName(): NOT_RUN: AdminTool_Location.resourceLinkName()

2019-01-11 10:22:40 - [MESSAGE][NOT_RUN] - NOT_RUN: AdminTool_Location.resourceLinkName()

2019-01-11 10:22:40 - [TEST_STEP][NOT_RUN] - Thread.sleep(2000): NOT_RUN: Thread.sleep(2000)

2019-01-11 10:22:40 - [MESSAGE][NOT_RUN] - NOT_RUN: Thread.sleep(2000)

2019-01-11 10:22:40 - [TEST_STEP][NOT_RUN] - click(findTestObject("TestResource/button2Save")): NOT_RUN: click(findTestObject("TestResource/button2Save"))

2019-01-11 10:22:40 - [MESSAGE][NOT_RUN] - NOT_RUN: click(findTestObject("TestResource/button2Save"))

2019-01-11 10:22:40 - [TEST_STEP][NOT_RUN] - Thread.sleep(4000): NOT_RUN: Thread.sleep(4000)

2019-01-11 10:22:40 - [MESSAGE][NOT_RUN] - NOT_RUN: Thread.sleep(4000)

2019-01-11 10:22:40 - [TEST_STEP][NOT_RUN] - click(findTestObject("TestResource/locationTab")): NOT_RUN: click(findTestObject("TestResource/locationTab"))

2019-01-11 10:22:40 - [MESSAGE][NOT_RUN] - NOT_RUN: click(findTestObject("TestResource/locationTab"))

2019-01-11 10:22:40 - [TEST_STEP][NOT_RUN] - Thread.sleep(5000): NOT_RUN: Thread.sleep(5000)

2019-01-11 10:22:40 - [MESSAGE][NOT_RUN] - NOT_RUN: Thread.sleep(5000)

2019-01-11 10:22:40 - [TEST_STEP][NOT_RUN] - AdminTool_Location.checkLocation(): NOT_RUN: AdminTool_Location.checkLocation()

2019-01-11 10:22:40 - [MESSAGE][NOT_RUN] - NOT_RUN: AdminTool_Location.checkLocation()

2019-01-11 10:22:40 - [TEST_STEP][NOT_RUN] - Thread.sleep(4000): NOT_RUN: Thread.sleep(4000)

2019-01-11 10:22:40 - [MESSAGE][NOT_RUN] - NOT_RUN: Thread.sleep(4000)

2019-01-11 10:22:40 - [TEST_STEP][NOT_RUN] - click(findTestObject("TestResource/saveLocation")): NOT_RUN: click(findTestObject("TestResource/saveLocation"))

2019-01-11 10:22:40 - [MESSAGE][NOT_RUN] - NOT_RUN: click(findTestObject("TestResource/saveLocation"))

2019-01-11 10:22:40 - [TEST_STEP][NOT_RUN] - click(findTestObject("TestUserLocation/mainmenu_button")): NOT_RUN: click(findTestObject("TestUserLocation/mainmenu_button"))

2019-01-11 10:22:40 - [MESSAGE][NOT_RUN] - NOT_RUN: click(findTestObject("TestUserLocation/mainmenu_button"))

2019-01-11 10:22:40 - [TEST_STEP][NOT_RUN] - click(findTestObject("TestResource/mainMenu_resources")): NOT_RUN: click(findTestObject("TestResource/mainMenu_resources"))

2019-01-11 10:22:40 - [MESSAGE][NOT_RUN] - NOT_RUN: click(findTestObject("TestResource/mainMenu_resources"))

2019-01-11 10:22:40 - [TEST_STEP][NOT_RUN] - Thread.sleep(4000): NOT_RUN: Thread.sleep(4000)

2019-01-11 10:22:40 - [MESSAGE][NOT_RUN] - NOT_RUN: Thread.sleep(4000)

2019-01-11 10:22:40 - [TEST_STEP][NOT_RUN] - click(findTestObject("TestResource/suppliers")): NOT_RUN: click(findTestObject("TestResource/suppliers"))

2019-01-11 10:22:40 - [MESSAGE][NOT_RUN] - NOT_RUN: click(findTestObject("TestResource/suppliers"))

2019-01-11 10:22:40 - [TEST_STEP][NOT_RUN] - Thread.sleep(4000): NOT_RUN: Thread.sleep(4000)

2019-01-11 10:22:40 - [MESSAGE][NOT_RUN] - NOT_RUN: Thread.sleep(4000)

2019-01-11 10:22:40 - [TEST_STEP][NOT_RUN] - AdminTool_Location.selectSupplier(): NOT_RUN: AdminTool_Location.selectSupplier()

2019-01-11 10:22:40 - [MESSAGE][NOT_RUN] - NOT_RUN: AdminTool_Location.selectSupplier()

2019-01-11 10:22:40 - [TEST_STEP][NOT_RUN] - Thread.sleep(4000): NOT_RUN: Thread.sleep(4000)

2019-01-11 10:22:40 - [MESSAGE][NOT_RUN] - NOT_RUN: Thread.sleep(4000)

2019-01-11 10:22:40 - [TEST_STEP][PASSED] - click(findTestObject("TestUserLocation/addPlusIcon")): Object: 'Object Repository/TestUserLocation/addPlusIcon' is clicked on

2019-01-11 10:22:41 - [MESSAGE][PASSED] - Object: 'Object Repository/TestUserLocation/addPlusIcon' is clicked on

2019-01-11 10:22:41 - [TEST_STEP][PASSED] - Thread.sleep(2000): null

2019-01-11 10:22:43 - [TEST_STEP][PASSED] - setText(findTestObject("TestUserLocation/setNewName"), findTestData("LocationData").getValue("SubSuppliersName2", 1)): Text 'SUBSUPPLIER2_ON_11/01/19-10:21' is set on object 'Object Repository/TestUserLocation/setNewName'

2019-01-11 10:22:43 - [MESSAGE][PASSED] - Text 'SUBSUPPLIER2_ON_11/01/19-10:21' is set on object 'Object Repository/TestUserLocation/setNewName'

2019-01-11 10:22:43 - [TEST_STEP][NOT_RUN] - setText(findTestObject("TestResource/setPhoneNumber"), "912378456"): NOT_RUN: setText(findTestObject("TestResource/setPhoneNumber"), "912378456")

2019-01-11 10:22:43 - [MESSAGE][NOT_RUN] - NOT_RUN: setText(findTestObject("TestResource/setPhoneNumber"), "912378456")

2019-01-11 10:22:43 - [TEST_STEP][PASSED] - Thread.sleep(2000): null

2019-01-11 10:22:45 - [TEST_STEP][PASSED] - click(findTestObject("TestResource/saveDetailButton")): Object: 'Object Repository/TestResource/saveDetailButton' is clicked on

2019-01-11 10:22:45 - [MESSAGE][PASSED] - Object: 'Object Repository/TestResource/saveDetailButton' is clicked on

2019-01-11 10:22:45 - [TEST_STEP][PASSED] - Thread.sleep(7000): null

2019-01-11 10:22:52 - [TEST_STEP][PASSED] - click(findTestObject("TestResource/linksTab")): Object: 'Object Repository/TestResource/linksTab' is clicked on

2019-01-11 10:22:53 - [MESSAGE][PASSED] - Object: 'Object Repository/TestResource/linksTab' is clicked on

2019-01-11 10:22:53 - [TEST_STEP][PASSED] - Thread.sleep(2000): null

2019-01-11 10:22:55 - [TEST_STEP][PASSED] - click(findTestObject("TestResource/addLink")): Object: 'Object Repository/TestResource/addLink' is clicked on

2019-01-11 10:22:55 - [MESSAGE][PASSED] - Object: 'Object Repository/TestResource/addLink' is clicked on

2019-01-11 10:22:55 - [TEST_STEP][PASSED] - Thread.sleep(5000): null

2019-01-11 10:23:00 - [TEST_STEP][PASSED] - check(findTestObject("TestResource/selectSecondResourceToLink")): Object 'Object Repository/TestResource/selectSecondResourceToLink' is checked

2019-01-11 10:23:22 - [MESSAGE][PASSED] - Object 'Object Repository/TestResource/selectSecondResourceToLink' is checked

2019-01-11 10:23:22 - [TEST_STEP][PASSED] - AdminTool_Location.resourceLinkName(): AdminTool_Location.resourceLinkName is PASSED

2019-01-11 10:23:22 - [MESSAGE][PASSED] - AdminTool_Location.resourceLinkName is PASSED

2019-01-11 10:23:22 - [TEST_STEP][PASSED] - Thread.sleep(2000): null

2019-01-11 10:23:24 - [TEST_STEP][PASSED] - click(findTestObject("TestResource/button2Save")): Object: 'Object Repository/TestResource/button2Save' is clicked on

2019-01-11 10:23:25 - [MESSAGE][PASSED] - Object: 'Object Repository/TestResource/button2Save' is clicked on

2019-01-11 10:23:25 - [TEST_STEP][PASSED] - Thread.sleep(4000): null

2019-01-11 10:23:29 - [TEST_STEP][PASSED] - click(findTestObject("TestResource/locationTab")): Object: 'Object Repository/TestResource/locationTab' is clicked on

2019-01-11 10:23:29 - [MESSAGE][PASSED] - Object: 'Object Repository/TestResource/locationTab' is clicked on

2019-01-11 10:23:29 - [TEST_STEP][PASSED] - Thread.sleep(5000): null

2019-01-11 10:23:34 - [TEST_STEP][PASSED] - AdminTool_Location.checkLocation(): AdminTool_Location.checkLocation is PASSED

2019-01-11 10:23:36 - [MESSAGE][PASSED] - AdminTool_Location.checkLocation is PASSED

2019-01-11 10:23:36 - [TEST_STEP][PASSED] - Thread.sleep(4000): null

2019-01-11 10:23:40 - [TEST_STEP][PASSED] - click(findTestObject("TestResource/saveLocation")): Object: 'Object Repository/TestResource/saveLocation' is clicked on

2019-01-11 10:23:40 - [MESSAGE][PASSED] - Object: 'Object Repository/TestResource/saveLocation' is clicked on

2019-01-11 10:23:40 - [TEST_STEP][PASSED] - Thread.sleep(6000): null]]></system-out>
         <system-err><![CDATA[]]></system-err>
      </testcase>
      <testcase name="Test Cases/SupplierFlow/4_CreateUser_Supplier" classname="Test Cases/SupplierFlow/4_CreateUser_Supplier" status="PASSED">
         <system-out><![CDATA[2019-01-11 10:23:46 - [TEST_CASE][PASSED] - Test Cases/SupplierFlow/4_CreateUser_Supplier: Test Cases/SupplierFlow/4_CreateUser_Supplier

2019-01-11 10:23:46 - [TEST_STEP][NOT_RUN] - openBrowser(URL): NOT_RUN: openBrowser(URL)

2019-01-11 10:23:46 - [MESSAGE][NOT_RUN] - NOT_RUN: openBrowser(URL)

2019-01-11 10:23:46 - [TEST_STEP][NOT_RUN] - maximizeWindow(): NOT_RUN: maximizeWindow()

2019-01-11 10:23:46 - [MESSAGE][NOT_RUN] - NOT_RUN: maximizeWindow()

2019-01-11 10:23:46 - [TEST_STEP][NOT_RUN] - setText(findTestObject("TestUserLocation/login_Username"), UserName): NOT_RUN: setText(findTestObject("TestUserLocation/login_Username"), UserName)

2019-01-11 10:23:46 - [MESSAGE][NOT_RUN] - NOT_RUN: setText(findTestObject("TestUserLocation/login_Username"), UserName)

2019-01-11 10:23:46 - [TEST_STEP][NOT_RUN] - setText(findTestObject("TestUserLocation/login_Password"), Password11): NOT_RUN: setText(findTestObject("TestUserLocation/login_Password"), Password11)

2019-01-11 10:23:46 - [MESSAGE][NOT_RUN] - NOT_RUN: setText(findTestObject("TestUserLocation/login_Password"), Password11)

2019-01-11 10:23:46 - [TEST_STEP][PASSED] - Thread.sleep(2000): null

2019-01-11 10:23:48 - [TEST_STEP][PASSED] - Supplier.setSupplier(): Supplier.setSupplier is PASSED

2019-01-11 10:23:48 - [MESSAGE][PASSED] - Supplier.setSupplier is PASSED

2019-01-11 10:23:48 - [TEST_STEP][NOT_RUN] - click(findTestObject("TestUserLocation/login_Button")): NOT_RUN: click(findTestObject("TestUserLocation/login_Button"))

2019-01-11 10:23:48 - [MESSAGE][NOT_RUN] - NOT_RUN: click(findTestObject("TestUserLocation/login_Button"))

2019-01-11 10:23:48 - [TEST_STEP][NOT_RUN] - Thread.sleep(6000): NOT_RUN: Thread.sleep(6000)

2019-01-11 10:23:48 - [MESSAGE][NOT_RUN] - NOT_RUN: Thread.sleep(6000)

2019-01-11 10:23:48 - [TEST_STEP][PASSED] - Thread.sleep(4000): null

2019-01-11 10:23:52 - [TEST_STEP][PASSED] - click(findTestObject("TestUserLocation/mainmenu_button")): Object: 'Object Repository/TestUserLocation/mainmenu_button' is clicked on

2019-01-11 10:23:52 - [MESSAGE][PASSED] - Object: 'Object Repository/TestUserLocation/mainmenu_button' is clicked on

2019-01-11 10:23:52 - [TEST_STEP][NOT_RUN] - click(findTestObject("Form_Selection_Creation/mainMenu_AdminTools")): NOT_RUN: click(findTestObject("Form_Selection_Creation/mainMenu_AdminTools"))

2019-01-11 10:23:52 - [MESSAGE][NOT_RUN] - NOT_RUN: click(findTestObject("Form_Selection_Creation/mainMenu_AdminTools"))

2019-01-11 10:23:52 - [TEST_STEP][PASSED] - Thread.sleep(2000): null

2019-01-11 10:23:54 - [TEST_STEP][PASSED] - click(findTestObject("TestUser/users")): Object: 'Object Repository/TestUser/users' is clicked on

2019-01-11 10:23:55 - [MESSAGE][PASSED] - Object: 'Object Repository/TestUser/users' is clicked on

2019-01-11 10:23:55 - [TEST_STEP][PASSED] - Thread.sleep(6000): null

2019-01-11 10:24:01 - [TEST_STEP][PASSED] - click(findTestObject("SupplierFlow/selectSupplierTab")): Object: 'Object Repository/SupplierFlow/selectSupplierTab' is clicked on

2019-01-11 10:24:01 - [MESSAGE][PASSED] - Object: 'Object Repository/SupplierFlow/selectSupplierTab' is clicked on

2019-01-11 10:24:01 - [TEST_STEP][PASSED] - AdminTool_Location.moveCursor(): AdminTool_Location.moveCursor is PASSED

2019-01-11 10:24:01 - [MESSAGE][PASSED] - AdminTool_Location.moveCursor is PASSED

2019-01-11 10:24:01 - [TEST_STEP][PASSED] - Thread.sleep(2000): null

2019-01-11 10:24:03 - [TEST_STEP][PASSED] - Thread.sleep(6000): null

2019-01-11 10:24:09 - [TEST_STEP][PASSED] - click(findTestObject("SupplierFlow/addNewSupplierButton")): Object: 'Object Repository/SupplierFlow/addNewSupplierButton' is clicked on

2019-01-11 10:24:09 - [MESSAGE][PASSED] - Object: 'Object Repository/SupplierFlow/addNewSupplierButton' is clicked on

2019-01-11 10:24:09 - [TEST_STEP][PASSED] - Thread.sleep(3000): null

2019-01-11 10:24:12 - [TEST_STEP][PASSED] - click(findTestObject("SupplierFlow/openSupplierOption"), STOP_ON_FAILURE): Object: 'Object Repository/SupplierFlow/openSupplierOption' is clicked on

2019-01-11 10:24:13 - [MESSAGE][PASSED] - Object: 'Object Repository/SupplierFlow/openSupplierOption' is clicked on

2019-01-11 10:24:13 - [TEST_STEP][PASSED] - Thread.sleep(2000): null

2019-01-11 10:24:15 - [TEST_STEP][PASSED] - Supplier.getSupplierName(): Supplier.getSupplierName is PASSED

2019-01-11 10:24:15 - [MESSAGE][PASSED] - Supplier.getSupplierName is PASSED

2019-01-11 10:24:15 - [TEST_STEP][PASSED] - Supplier.setSupplier(): Supplier.setSupplier is PASSED

2019-01-11 10:24:15 - [MESSAGE][PASSED] - Supplier.setSupplier is PASSED

2019-01-11 10:24:15 - [TEST_STEP][PASSED] - setText(findTestObject("SupplierFlow/userName"), findTestData("SupplierData").getValue("UserName", 1)): Text 'Supplier_On_11/01/19-10:24' is set on object 'Object Repository/SupplierFlow/userName'

2019-01-11 10:24:16 - [MESSAGE][PASSED] - Text 'Supplier_On_11/01/19-10:24' is set on object 'Object Repository/SupplierFlow/userName'

2019-01-11 10:24:16 - [TEST_STEP][PASSED] - setText(findTestObject("SupplierFlow/firstName"), "Supplier"): Text 'Supplier' is set on object 'Object Repository/SupplierFlow/firstName'

2019-01-11 10:24:16 - [MESSAGE][PASSED] - Text 'Supplier' is set on object 'Object Repository/SupplierFlow/firstName'

2019-01-11 10:24:16 - [TEST_STEP][PASSED] - setText(findTestObject("SupplierFlow/lastName"), "Test"): Text 'Test' is set on object 'Object Repository/SupplierFlow/lastName'

2019-01-11 10:24:16 - [MESSAGE][PASSED] - Text 'Test' is set on object 'Object Repository/SupplierFlow/lastName'

2019-01-11 10:24:16 - [TEST_STEP][PASSED] - setText(findTestObject("SupplierFlow/email"), "Sup@gmail.com"): Text 'Sup@gmail.com' is set on object 'Object Repository/SupplierFlow/email'

2019-01-11 10:24:16 - [MESSAGE][PASSED] - Text 'Sup@gmail.com' is set on object 'Object Repository/SupplierFlow/email'

2019-01-11 10:24:16 - [TEST_STEP][PASSED] - setText(findTestObject("SupplierFlow/password"), findTestData("SupplierData").getValue("Password", 1)): Text 'password' is set on object 'Object Repository/SupplierFlow/password'

2019-01-11 10:24:17 - [MESSAGE][PASSED] - Text 'password' is set on object 'Object Repository/SupplierFlow/password'

2019-01-11 10:24:17 - [TEST_STEP][PASSED] - setText(findTestObject("SupplierFlow/title"), "Test"): Text 'Test' is set on object 'Object Repository/SupplierFlow/title'

2019-01-11 10:24:17 - [MESSAGE][PASSED] - Text 'Test' is set on object 'Object Repository/SupplierFlow/title'

2019-01-11 10:24:17 - [TEST_STEP][PASSED] - click(findTestObject("SupplierFlow/openTimeZone")): Object: 'Object Repository/SupplierFlow/openTimeZone' is clicked on

2019-01-11 10:24:17 - [MESSAGE][PASSED] - Object: 'Object Repository/SupplierFlow/openTimeZone' is clicked on

2019-01-11 10:24:17 - [TEST_STEP][PASSED] - Thread.sleep(2000): null

2019-01-11 10:24:19 - [TEST_STEP][PASSED] - click(findTestObject("SupplierFlow/selectTimeZone_India")): Object: 'Object Repository/SupplierFlow/selectTimeZone_India' is clicked on

2019-01-11 10:24:20 - [MESSAGE][PASSED] - Object: 'Object Repository/SupplierFlow/selectTimeZone_India' is clicked on

2019-01-11 10:24:20 - [TEST_STEP][PASSED] - Thread.sleep(4000): null

2019-01-11 10:24:24 - [TEST_STEP][PASSED] - click(findTestObject("SupplierFlow/saveButton")): Object: 'Object Repository/SupplierFlow/saveButton' is clicked on

2019-01-11 10:24:24 - [MESSAGE][PASSED] - Object: 'Object Repository/SupplierFlow/saveButton' is clicked on

2019-01-11 10:24:24 - [TEST_STEP][PASSED] - Thread.sleep(6000): null]]></system-out>
         <system-err><![CDATA[]]></system-err>
      </testcase>
      <testcase name="Test Cases/SupplierFlow/5_CreateWG" classname="Test Cases/SupplierFlow/5_CreateWG" status="PASSED">
         <system-out><![CDATA[2019-01-11 10:24:30 - [TEST_CASE][PASSED] - Test Cases/SupplierFlow/5_CreateWG: Test Cases/SupplierFlow/5_CreateWG

2019-01-11 10:24:30 - [TEST_STEP][NOT_RUN] - openBrowser(URL): NOT_RUN: openBrowser(URL)

2019-01-11 10:24:30 - [MESSAGE][NOT_RUN] - NOT_RUN: openBrowser(URL)

2019-01-11 10:24:30 - [TEST_STEP][NOT_RUN] - maximizeWindow(): NOT_RUN: maximizeWindow()

2019-01-11 10:24:30 - [MESSAGE][NOT_RUN] - NOT_RUN: maximizeWindow()

2019-01-11 10:24:30 - [TEST_STEP][NOT_RUN] - setText(findTestObject("Form_Selection_Creation/login_Username"), UserName): NOT_RUN: setText(findTestObject("Form_Selection_Creation/login_Username"), UserName)

2019-01-11 10:24:30 - [MESSAGE][NOT_RUN] - NOT_RUN: setText(findTestObject("Form_Selection_Creation/login_Username"), UserName)

2019-01-11 10:24:30 - [TEST_STEP][NOT_RUN] - setText(findTestObject("Form_Selection_Creation/login_Password"), Password11): NOT_RUN: setText(findTestObject("Form_Selection_Creation/login_Password"), Password11)

2019-01-11 10:24:30 - [MESSAGE][NOT_RUN] - NOT_RUN: setText(findTestObject("Form_Selection_Creation/login_Password"), Password11)

2019-01-11 10:24:30 - [TEST_STEP][NOT_RUN] - click(findTestObject("Form_Selection_Creation/login_Button")): NOT_RUN: click(findTestObject("Form_Selection_Creation/login_Button"))

2019-01-11 10:24:30 - [MESSAGE][NOT_RUN] - NOT_RUN: click(findTestObject("Form_Selection_Creation/login_Button"))

2019-01-11 10:24:30 - [TEST_STEP][PASSED] - Thread.sleep(4000): null

2019-01-11 10:24:34 - [TEST_STEP][PASSED] - click(findTestObject("Form_Selection_Creation/mainMenu_Button")): Object: 'Object Repository/Form_Selection_Creation/mainMenu_Button' is clicked on

2019-01-11 10:24:34 - [MESSAGE][PASSED] - Object: 'Object Repository/Form_Selection_Creation/mainMenu_Button' is clicked on

2019-01-11 10:24:34 - [TEST_STEP][NOT_RUN] - click(findTestObject("Form_Selection_Creation/mainMenu_AdminTools")): NOT_RUN: click(findTestObject("Form_Selection_Creation/mainMenu_AdminTools"))

2019-01-11 10:24:34 - [MESSAGE][NOT_RUN] - NOT_RUN: click(findTestObject("Form_Selection_Creation/mainMenu_AdminTools"))

2019-01-11 10:24:34 - [TEST_STEP][PASSED] - click(findTestObject("SupplierFlow/workgroup")): Object: 'Object Repository/SupplierFlow/workgroup' is clicked on

2019-01-11 10:24:34 - [MESSAGE][PASSED] - Object: 'Object Repository/SupplierFlow/workgroup' is clicked on

2019-01-11 10:24:34 - [TEST_STEP][PASSED] - Thread.sleep(5000): null

2019-01-11 10:24:39 - [TEST_STEP][PASSED] - click(findTestObject("SupplierFlow/addButtonWG")): Object: 'Object Repository/SupplierFlow/addButtonWG' is clicked on

2019-01-11 10:24:40 - [MESSAGE][PASSED] - Object: 'Object Repository/SupplierFlow/addButtonWG' is clicked on

2019-01-11 10:24:40 - [TEST_STEP][PASSED] - setText(findTestObject("SupplierFlow/setWGText"), findTestData("SupplierData").getValue("WorkGroupName", 1)): Text 'WorkGroup_11/01/19-10:24' is set on object 'Object Repository/SupplierFlow/setWGText'

2019-01-11 10:24:40 - [MESSAGE][PASSED] - Text 'WorkGroup_11/01/19-10:24' is set on object 'Object Repository/SupplierFlow/setWGText'

2019-01-11 10:24:40 - [TEST_STEP][PASSED] - sendKeys(findTestObject("SupplierFlow/setWGText"), Keys.chord(ENTER)): Keys 'ENTER + ' sent to object: 'Object Repository/SupplierFlow/setWGText'

2019-01-11 10:24:40 - [MESSAGE][PASSED] - Keys 'ENTER + ' sent to object: 'Object Repository/SupplierFlow/setWGText'

2019-01-11 10:24:40 - [TEST_STEP][PASSED] - Thread.sleep(6000): null

2019-01-11 10:24:46 - [TEST_STEP][PASSED] - AdminTool_Location.moveCursor(): AdminTool_Location.moveCursor is PASSED

2019-01-11 10:24:46 - [MESSAGE][PASSED] - AdminTool_Location.moveCursor is PASSED

2019-01-11 10:24:46 - [TEST_STEP][PASSED] - Thread.sleep(2000): null

2019-01-11 10:24:48 - [TEST_STEP][PASSED] - setText(findTestObject("SupplierFlow/searchUserInWG"), "Superadmin"): Text 'Superadmin' is set on object 'Object Repository/SupplierFlow/searchUserInWG'

2019-01-11 10:24:49 - [MESSAGE][PASSED] - Text 'Superadmin' is set on object 'Object Repository/SupplierFlow/searchUserInWG'

2019-01-11 10:24:49 - [TEST_STEP][PASSED] - sendKeys(findTestObject("SupplierFlow/searchUserInWG"), Keys.chord(ENTER)): Keys 'ENTER + ' sent to object: 'Object Repository/SupplierFlow/searchUserInWG'

2019-01-11 10:24:49 - [MESSAGE][PASSED] - Keys 'ENTER + ' sent to object: 'Object Repository/SupplierFlow/searchUserInWG'

2019-01-11 10:24:49 - [TEST_STEP][PASSED] - Thread.sleep(4000): null

2019-01-11 10:24:53 - [TEST_STEP][PASSED] - check(findTestObject("SupplierFlow/checkUserinWG")): Object 'Object Repository/SupplierFlow/checkUserinWG' is checked

2019-01-11 10:24:53 - [MESSAGE][PASSED] - Object 'Object Repository/SupplierFlow/checkUserinWG' is checked

2019-01-11 10:24:53 - [TEST_STEP][PASSED] - Thread.sleep(3000): null

2019-01-11 10:24:56 - [TEST_STEP][PASSED] - click(findTestObject("SupplierFlow/saveInWG")): Object: 'Object Repository/SupplierFlow/saveInWG' is clicked on

2019-01-11 10:24:56 - [MESSAGE][PASSED] - Object: 'Object Repository/SupplierFlow/saveInWG' is clicked on]]></system-out>
         <system-err><![CDATA[]]></system-err>
      </testcase>
      <testcase name="Test Cases/SupplierFlow/6_CreateRequirement" classname="Test Cases/SupplierFlow/6_CreateRequirement" status="PASSED">
         <system-out><![CDATA[2019-01-11 10:24:56 - [TEST_CASE][PASSED] - Test Cases/SupplierFlow/6_CreateRequirement: Test Cases/SupplierFlow/6_CreateRequirement

2019-01-11 10:24:57 - [TEST_STEP][NOT_RUN] - openBrowser(URL): NOT_RUN: openBrowser(URL)

2019-01-11 10:24:57 - [MESSAGE][NOT_RUN] - NOT_RUN: openBrowser(URL)

2019-01-11 10:24:57 - [TEST_STEP][NOT_RUN] - maximizeWindow(): NOT_RUN: maximizeWindow()

2019-01-11 10:24:57 - [MESSAGE][NOT_RUN] - NOT_RUN: maximizeWindow()

2019-01-11 10:24:57 - [TEST_STEP][NOT_RUN] - setText(findTestObject("TestUserLocation/login_Username"), UserName): NOT_RUN: setText(findTestObject("TestUserLocation/login_Username"), UserName)

2019-01-11 10:24:57 - [MESSAGE][NOT_RUN] - NOT_RUN: setText(findTestObject("TestUserLocation/login_Username"), UserName)

2019-01-11 10:24:57 - [TEST_STEP][NOT_RUN] - setText(findTestObject("TestUserLocation/login_Password"), Password): NOT_RUN: setText(findTestObject("TestUserLocation/login_Password"), Password)

2019-01-11 10:24:57 - [MESSAGE][NOT_RUN] - NOT_RUN: setText(findTestObject("TestUserLocation/login_Password"), Password)

2019-01-11 10:24:57 - [TEST_STEP][PASSED] - Thread.sleep(2000): null

2019-01-11 10:24:59 - [TEST_STEP][PASSED] - Supplier.setSupplierName(): Supplier.setSupplierName is PASSED

2019-01-11 10:24:59 - [MESSAGE][PASSED] - Supplier.setSupplierName is PASSED

2019-01-11 10:24:59 - [TEST_STEP][NOT_RUN] - click(findTestObject("TestUserLocation/login_Button")): NOT_RUN: click(findTestObject("TestUserLocation/login_Button"))

2019-01-11 10:24:59 - [MESSAGE][NOT_RUN] - NOT_RUN: click(findTestObject("TestUserLocation/login_Button"))

2019-01-11 10:24:59 - [TEST_STEP][NOT_RUN] - Thread.sleep(6000): NOT_RUN: Thread.sleep(6000)

2019-01-11 10:24:59 - [MESSAGE][NOT_RUN] - NOT_RUN: Thread.sleep(6000)

2019-01-11 10:24:59 - [TEST_STEP][PASSED] - Thread.sleep(4000): null

2019-01-11 10:25:03 - [TEST_STEP][PASSED] - click(findTestObject("TestUserLocation/mainmenu_button")): Object: 'Object Repository/TestUserLocation/mainmenu_button' is clicked on

2019-01-11 10:25:03 - [MESSAGE][PASSED] - Object: 'Object Repository/TestUserLocation/mainmenu_button' is clicked on

2019-01-11 10:25:03 - [TEST_STEP][NOT_RUN] - click(findTestObject("Form_Selection_Creation/mainMenu_AdminTools")): NOT_RUN: click(findTestObject("Form_Selection_Creation/mainMenu_AdminTools"))

2019-01-11 10:25:03 - [MESSAGE][NOT_RUN] - NOT_RUN: click(findTestObject("Form_Selection_Creation/mainMenu_AdminTools"))

2019-01-11 10:25:03 - [TEST_STEP][PASSED] - Thread.sleep(2000): null

2019-01-11 10:25:05 - [TEST_STEP][PASSED] - click(findTestObject("SupplierFlow/requirements")): Object: 'Object Repository/SupplierFlow/requirements' is clicked on

2019-01-11 10:25:05 - [MESSAGE][PASSED] - Object: 'Object Repository/SupplierFlow/requirements' is clicked on

2019-01-11 10:25:05 - [TEST_STEP][PASSED] - Thread.sleep(4000): null

2019-01-11 10:25:09 - [TEST_STEP][PASSED] - click(findTestObject("SupplierFlow/addSupplierPlus")): Object: 'Object Repository/SupplierFlow/addSupplierPlus' is clicked on

2019-01-11 10:25:09 - [MESSAGE][PASSED] - Object: 'Object Repository/SupplierFlow/addSupplierPlus' is clicked on

2019-01-11 10:25:09 - [TEST_STEP][PASSED] - Thread.sleep(2000): null

2019-01-11 10:25:11 - [TEST_STEP][PASSED] - setText(findTestObject("SupplierFlow/setSupplierInRequirement"), findTestData("SupplierData").getValue("SupplierName", 1)): Text 'Req_Supplier_On_11/01/19-10:24' is set on object 'Object Repository/SupplierFlow/setSupplierInRequirement'

2019-01-11 10:25:12 - [MESSAGE][PASSED] - Text 'Req_Supplier_On_11/01/19-10:24' is set on object 'Object Repository/SupplierFlow/setSupplierInRequirement'

2019-01-11 10:25:12 - [TEST_STEP][PASSED] - sendKeys(findTestObject("SupplierFlow/setSupplierInRequirement"), Keys.chord(ENTER)): Keys 'ENTER + ' sent to object: 'Object Repository/SupplierFlow/setSupplierInRequirement'

2019-01-11 10:25:12 - [MESSAGE][PASSED] - Keys 'ENTER + ' sent to object: 'Object Repository/SupplierFlow/setSupplierInRequirement'

2019-01-11 10:25:12 - [TEST_STEP][PASSED] - Thread.sleep(4000): null

2019-01-11 10:25:16 - [TEST_STEP][PASSED] - click(findTestObject("SupplierFlow/optionToSelectNewRequirement")): Object: 'Object Repository/SupplierFlow/optionToSelectNewRequirement' is clicked on

2019-01-11 10:25:16 - [MESSAGE][PASSED] - Object: 'Object Repository/SupplierFlow/optionToSelectNewRequirement' is clicked on

2019-01-11 10:25:16 - [TEST_STEP][PASSED] - Thread.sleep(2000): null

2019-01-11 10:25:18 - [TEST_STEP][PASSED] - click(findTestObject("SupplierFlow/selectAckOption")): Object: 'Object Repository/SupplierFlow/selectAckOption' is clicked on

2019-01-11 10:25:18 - [MESSAGE][PASSED] - Object: 'Object Repository/SupplierFlow/selectAckOption' is clicked on

2019-01-11 10:25:18 - [TEST_STEP][PASSED] - Thread.sleep(10000): null

2019-01-11 10:25:28 - [TEST_STEP][PASSED] - Supplier.selectACK(): Supplier.selectACK is PASSED

2019-01-11 10:25:28 - [MESSAGE][PASSED] - Supplier.selectACK is PASSED

2019-01-11 10:25:28 - [TEST_STEP][PASSED] - Thread.sleep(2000): null

2019-01-11 10:25:30 - [TEST_STEP][PASSED] - click(findTestObject("SupplierFlow/nextButtonReqForm")): Object: 'Object Repository/SupplierFlow/nextButtonReqForm' is clicked on

2019-01-11 10:25:31 - [MESSAGE][PASSED] - Object: 'Object Repository/SupplierFlow/nextButtonReqForm' is clicked on

2019-01-11 10:25:31 - [TEST_STEP][NOT_RUN] - Thread.sleep(3000): NOT_RUN: Thread.sleep(3000)

2019-01-11 10:25:31 - [MESSAGE][NOT_RUN] - NOT_RUN: Thread.sleep(3000)

2019-01-11 10:25:31 - [TEST_STEP][NOT_RUN] - click(findTestObject("SupplierFlow/bold")): NOT_RUN: click(findTestObject("SupplierFlow/bold"))

2019-01-11 10:25:31 - [MESSAGE][NOT_RUN] - NOT_RUN: click(findTestObject("SupplierFlow/bold"))

2019-01-11 10:25:31 - [TEST_STEP][NOT_RUN] - Thread.sleep(2000): NOT_RUN: Thread.sleep(2000)

2019-01-11 10:25:31 - [MESSAGE][NOT_RUN] - NOT_RUN: Thread.sleep(2000)

2019-01-11 10:25:31 - [TEST_STEP][NOT_RUN] - sendKeys(findTestObject("SupplierFlow/ackMessage"), "This is automatic acknowledment message."): NOT_RUN: sendKeys(findTestObject("SupplierFlow/ackMessage"), "This is automatic acknowledment message.")

2019-01-11 10:25:31 - [MESSAGE][NOT_RUN] - NOT_RUN: sendKeys(findTestObject("SupplierFlow/ackMessage"), "This is automatic acknowledment message.")

2019-01-11 10:25:31 - [TEST_STEP][PASSED] - Thread.sleep(2000): null

2019-01-11 10:25:33 - [TEST_STEP][PASSED] - click(findTestObject("SupplierFlow/nextButtonReqForm")): Object: 'Object Repository/SupplierFlow/nextButtonReqForm' is clicked on

2019-01-11 10:25:33 - [MESSAGE][PASSED] - Object: 'Object Repository/SupplierFlow/nextButtonReqForm' is clicked on

2019-01-11 10:25:33 - [TEST_STEP][PASSED] - Supplier.setACKTaskName(): Supplier.setACKTaskName is PASSED

2019-01-11 10:25:33 - [MESSAGE][PASSED] - Supplier.setACKTaskName is PASSED

2019-01-11 10:25:33 - [TEST_STEP][PASSED] - Thread.sleep(4000): null

2019-01-11 10:25:37 - [TEST_STEP][PASSED] - setText(findTestObject("SupplierFlow/setTaskName"), findTestData("SupplierData").getValue("ACKTask", 1)): Text 'TestACKTask_11/01/19-10:25' is set on object 'Object Repository/SupplierFlow/setTaskName'

2019-01-11 10:25:37 - [MESSAGE][PASSED] - Text 'TestACKTask_11/01/19-10:25' is set on object 'Object Repository/SupplierFlow/setTaskName'

2019-01-11 10:25:37 - [TEST_STEP][PASSED] - click(findTestObject("SupplierFlow/approvedBy")): Object: 'Object Repository/SupplierFlow/approvedBy' is clicked on

2019-01-11 10:25:38 - [MESSAGE][PASSED] - Object: 'Object Repository/SupplierFlow/approvedBy' is clicked on

2019-01-11 10:25:38 - [TEST_STEP][PASSED] - Thread.sleep(2000): null

2019-01-11 10:25:40 - [TEST_STEP][PASSED] - Supplier.selectWG(): Supplier.selectWG is PASSED

2019-01-11 10:25:42 - [MESSAGE][PASSED] - Supplier.selectWG is PASSED

2019-01-11 10:25:42 - [TEST_STEP][PASSED] - Thread.sleep(2000): null

2019-01-11 10:25:44 - [TEST_STEP][PASSED] - click(findTestObject("SupplierFlow/saveButtonTask")): Object: 'Object Repository/SupplierFlow/saveButtonTask' is clicked on

2019-01-11 10:25:44 - [MESSAGE][PASSED] - Object: 'Object Repository/SupplierFlow/saveButtonTask' is clicked on

2019-01-11 10:25:44 - [TEST_STEP][PASSED] - Thread.sleep(6000): null

2019-01-11 10:25:50 - [TEST_STEP][PASSED] - click(findTestObject("SupplierFlow/optionToSelectNewRequirement")): Object: 'Object Repository/SupplierFlow/optionToSelectNewRequirement' is clicked on

2019-01-11 10:25:50 - [MESSAGE][PASSED] - Object: 'Object Repository/SupplierFlow/optionToSelectNewRequirement' is clicked on

2019-01-11 10:25:50 - [TEST_STEP][PASSED] - Thread.sleep(2000): null

2019-01-11 10:25:52 - [TEST_STEP][PASSED] - click(findTestObject("SupplierFlow/selectCompleteForm")): Object: 'Object Repository/SupplierFlow/selectCompleteForm' is clicked on

2019-01-11 10:25:52 - [MESSAGE][PASSED] - Object: 'Object Repository/SupplierFlow/selectCompleteForm' is clicked on

2019-01-11 10:25:52 - [TEST_STEP][PASSED] - Thread.sleep(10000): null

2019-01-11 10:26:02 - [TEST_STEP][NOT_RUN] - check(findTestObject("SupplierFlow/selectForm")): NOT_RUN: check(findTestObject("SupplierFlow/selectForm"))

2019-01-11 10:26:02 - [MESSAGE][NOT_RUN] - NOT_RUN: check(findTestObject("SupplierFlow/selectForm"))

2019-01-11 10:26:02 - [TEST_STEP][PASSED] - Supplier.selectForm(): Supplier.selectForm is PASSED

2019-01-11 10:26:03 - [MESSAGE][PASSED] - Supplier.selectForm is PASSED

2019-01-11 10:26:03 - [TEST_STEP][PASSED] - Thread.sleep(2000): null

2019-01-11 10:26:05 - [TEST_STEP][PASSED] - click(findTestObject("SupplierFlow/nextButtonReqForm")): Object: 'Object Repository/SupplierFlow/nextButtonReqForm' is clicked on

2019-01-11 10:26:05 - [MESSAGE][PASSED] - Object: 'Object Repository/SupplierFlow/nextButtonReqForm' is clicked on

2019-01-11 10:26:05 - [TEST_STEP][PASSED] - Supplier.setFormTaskName(): Supplier.setFormTaskName is PASSED

2019-01-11 10:26:05 - [MESSAGE][PASSED] - Supplier.setFormTaskName is PASSED

2019-01-11 10:26:05 - [TEST_STEP][PASSED] - Thread.sleep(4000): null

2019-01-11 10:26:09 - [TEST_STEP][PASSED] - setText(findTestObject("SupplierFlow/setTaskName"), findTestData("SupplierData").getValue("FormTask", 1)): Text 'TestFormTask_11/01/19-10:26' is set on object 'Object Repository/SupplierFlow/setTaskName'

2019-01-11 10:26:10 - [MESSAGE][PASSED] - Text 'TestFormTask_11/01/19-10:26' is set on object 'Object Repository/SupplierFlow/setTaskName'

2019-01-11 10:26:10 - [TEST_STEP][PASSED] - click(findTestObject("SupplierFlow/approvedBy")): Object: 'Object Repository/SupplierFlow/approvedBy' is clicked on

2019-01-11 10:26:10 - [MESSAGE][PASSED] - Object: 'Object Repository/SupplierFlow/approvedBy' is clicked on

2019-01-11 10:26:10 - [TEST_STEP][PASSED] - Thread.sleep(2000): null

2019-01-11 10:26:12 - [TEST_STEP][PASSED] - Supplier.selectWG(): Supplier.selectWG is PASSED

2019-01-11 10:26:17 - [MESSAGE][PASSED] - Supplier.selectWG is PASSED

2019-01-11 10:26:17 - [TEST_STEP][PASSED] - Thread.sleep(2000): null

2019-01-11 10:26:19 - [TEST_STEP][PASSED] - click(findTestObject("SupplierFlow/saveButtonTask")): Object: 'Object Repository/SupplierFlow/saveButtonTask' is clicked on

2019-01-11 10:26:19 - [MESSAGE][PASSED] - Object: 'Object Repository/SupplierFlow/saveButtonTask' is clicked on

2019-01-11 10:26:19 - [TEST_STEP][PASSED] - AdminTool_Location.moveCursor(): AdminTool_Location.moveCursor is PASSED

2019-01-11 10:26:19 - [MESSAGE][PASSED] - AdminTool_Location.moveCursor is PASSED

2019-01-11 10:26:19 - [TEST_STEP][PASSED] - Thread.sleep(2000): null

2019-01-11 10:26:21 - [TEST_STEP][PASSED] - Thread.sleep(6000): null

2019-01-11 10:26:27 - [TEST_STEP][PASSED] - click(findTestObject("SupplierFlow/optionToSelectNewRequirement")): Object: 'Object Repository/SupplierFlow/optionToSelectNewRequirement' is clicked on

2019-01-11 10:26:28 - [MESSAGE][PASSED] - Object: 'Object Repository/SupplierFlow/optionToSelectNewRequirement' is clicked on

2019-01-11 10:26:28 - [TEST_STEP][PASSED] - Thread.sleep(2000): null

2019-01-11 10:26:30 - [TEST_STEP][PASSED] - click(findTestObject("SupplierFlow/selectDocumentUploadOption")): Object: 'Object Repository/SupplierFlow/selectDocumentUploadOption' is clicked on

2019-01-11 10:26:30 - [MESSAGE][PASSED] - Object: 'Object Repository/SupplierFlow/selectDocumentUploadOption' is clicked on

2019-01-11 10:26:30 - [TEST_STEP][PASSED] - Thread.sleep(10000): null

2019-01-11 10:26:40 - [TEST_STEP][PASSED] - Supplier.selectDocument(): Supplier.selectDocument is PASSED

2019-01-11 10:26:40 - [MESSAGE][PASSED] - Supplier.selectDocument is PASSED

2019-01-11 10:26:40 - [TEST_STEP][PASSED] - Thread.sleep(2000): null

2019-01-11 10:26:42 - [TEST_STEP][PASSED] - click(findTestObject("SupplierFlow/nextButtonReqForm")): Object: 'Object Repository/SupplierFlow/nextButtonReqForm' is clicked on

2019-01-11 10:26:42 - [MESSAGE][PASSED] - Object: 'Object Repository/SupplierFlow/nextButtonReqForm' is clicked on

2019-01-11 10:26:42 - [TEST_STEP][PASSED] - Supplier.setDocTaskName(): Supplier.setDocTaskName is PASSED

2019-01-11 10:26:42 - [MESSAGE][PASSED] - Supplier.setDocTaskName is PASSED

2019-01-11 10:26:42 - [TEST_STEP][PASSED] - Thread.sleep(4000): null

2019-01-11 10:26:46 - [TEST_STEP][PASSED] - setText(findTestObject("SupplierFlow/setTaskName"), findTestData("SupplierData").getValue("DocTask", 1)): Text 'TestDocTask_11/01/19-10:26' is set on object 'Object Repository/SupplierFlow/setTaskName'

2019-01-11 10:26:47 - [MESSAGE][PASSED] - Text 'TestDocTask_11/01/19-10:26' is set on object 'Object Repository/SupplierFlow/setTaskName'

2019-01-11 10:26:47 - [TEST_STEP][PASSED] - click(findTestObject("SupplierFlow/approvedBy")): Object: 'Object Repository/SupplierFlow/approvedBy' is clicked on

2019-01-11 10:26:47 - [MESSAGE][PASSED] - Object: 'Object Repository/SupplierFlow/approvedBy' is clicked on

2019-01-11 10:26:47 - [TEST_STEP][PASSED] - Thread.sleep(2000): null

2019-01-11 10:26:49 - [TEST_STEP][PASSED] - Supplier.selectWG(): Supplier.selectWG is PASSED

2019-01-11 10:26:57 - [MESSAGE][PASSED] - Supplier.selectWG is PASSED

2019-01-11 10:26:57 - [TEST_STEP][PASSED] - Thread.sleep(2000): null

2019-01-11 10:26:59 - [TEST_STEP][PASSED] - click(findTestObject("SupplierFlow/saveButtonTask")): Object: 'Object Repository/SupplierFlow/saveButtonTask' is clicked on

2019-01-11 10:27:00 - [MESSAGE][PASSED] - Object: 'Object Repository/SupplierFlow/saveButtonTask' is clicked on

2019-01-11 10:27:00 - [TEST_STEP][PASSED] - Thread.sleep(6000): null

2019-01-11 10:27:06 - [TEST_STEP][PASSED] - click(findTestObject("SupplierFlow/supplierTabInRequirement")): Object: 'Object Repository/SupplierFlow/supplierTabInRequirement' is clicked on

2019-01-11 10:27:06 - [MESSAGE][PASSED] - Object: 'Object Repository/SupplierFlow/supplierTabInRequirement' is clicked on

2019-01-11 10:27:06 - [TEST_STEP][PASSED] - Thread.sleep(4000): null

2019-01-11 10:27:10 - [TEST_STEP][PASSED] - click(findTestObject("SupplierFlow/selectNewSupplier")): Object: 'Object Repository/SupplierFlow/selectNewSupplier' is clicked on

2019-01-11 10:27:10 - [MESSAGE][PASSED] - Object: 'Object Repository/SupplierFlow/selectNewSupplier' is clicked on

2019-01-11 10:27:10 - [TEST_STEP][PASSED] - Thread.sleep(4000): null

2019-01-11 10:27:14 - [TEST_STEP][PASSED] - Supplier.selectNewSupplier(): Supplier.selectNewSupplier is PASSED

2019-01-11 10:27:19 - [MESSAGE][PASSED] - Supplier.selectNewSupplier is PASSED

2019-01-11 10:27:19 - [TEST_STEP][PASSED] - Thread.sleep(2000): null

2019-01-11 10:27:21 - [TEST_STEP][PASSED] - click(findTestObject("SupplierFlow/saveSupplierSelection")): Object: 'Object Repository/SupplierFlow/saveSupplierSelection' is clicked on

2019-01-11 10:27:21 - [MESSAGE][PASSED] - Object: 'Object Repository/SupplierFlow/saveSupplierSelection' is clicked on

2019-01-11 10:27:21 - [TEST_STEP][PASSED] - Thread.sleep(6000): null

2019-01-11 10:27:27 - [TEST_STEP][PASSED] - click(findTestObject("TestUser/clickToCheck")): Object: 'Object Repository/TestUser/clickToCheck' is clicked on

2019-01-11 10:27:28 - [MESSAGE][PASSED] - Object: 'Object Repository/TestUser/clickToCheck' is clicked on

2019-01-11 10:27:28 - [TEST_STEP][PASSED] - Thread.sleep(2000): null

2019-01-11 10:27:30 - [TEST_STEP][PASSED] - click(findTestObject("TestUser/logoutUser")): Object: 'Object Repository/TestUser/logoutUser' is clicked on

2019-01-11 10:27:34 - [MESSAGE][PASSED] - Object: 'Object Repository/TestUser/logoutUser' is clicked on

2019-01-11 10:27:34 - [TEST_STEP][PASSED] - Thread.sleep(2000): null]]></system-out>
         <system-err><![CDATA[]]></system-err>
      </testcase>
      <testcase name="Test Cases/SupplierFlow/7_SupplierFirstLogin" classname="Test Cases/SupplierFlow/7_SupplierFirstLogin" status="PASSED">
         <system-out><![CDATA[2019-01-11 10:27:36 - [TEST_CASE][PASSED] - Test Cases/SupplierFlow/7_SupplierFirstLogin: Test Cases/SupplierFlow/7_SupplierFirstLogin

2019-01-11 10:27:37 - [TEST_STEP][NOT_RUN] - openBrowser(URL): NOT_RUN: openBrowser(URL)

2019-01-11 10:27:37 - [MESSAGE][NOT_RUN] - NOT_RUN: openBrowser(URL)

2019-01-11 10:27:37 - [TEST_STEP][PASSED] - Thread.sleep(2000): null

2019-01-11 10:27:39 - [TEST_STEP][NOT_RUN] - maximizeWindow(): NOT_RUN: maximizeWindow()

2019-01-11 10:27:39 - [MESSAGE][NOT_RUN] - NOT_RUN: maximizeWindow()

2019-01-11 10:27:39 - [TEST_STEP][NOT_RUN] - Thread.sleep(2000): NOT_RUN: Thread.sleep(2000)

2019-01-11 10:27:39 - [MESSAGE][NOT_RUN] - NOT_RUN: Thread.sleep(2000)

2019-01-11 10:27:39 - [TEST_STEP][PASSED] - driver = getWebDriver(): null

2019-01-11 10:27:39 - [TEST_STEP][PASSED] - setText(findTestObject("TestUserLocation/login_Username"), findTestData("SupplierData").getValue("UserName", 1)): Text 'Supplier_On_11/01/19-10:24' is set on object 'Object Repository/TestUserLocation/login_Username'

2019-01-11 10:27:39 - [MESSAGE][PASSED] - Text 'Supplier_On_11/01/19-10:24' is set on object 'Object Repository/TestUserLocation/login_Username'

2019-01-11 10:27:39 - [TEST_STEP][PASSED] - setText(findTestObject("TestUserLocation/login_Password"), findTestData("SupplierData").getValue("Password", 1)): Text 'password' is set on object 'Object Repository/TestUserLocation/login_Password'

2019-01-11 10:27:39 - [MESSAGE][PASSED] - Text 'password' is set on object 'Object Repository/TestUserLocation/login_Password'

2019-01-11 10:27:39 - [TEST_STEP][PASSED] - Thread.sleep(2000): null

2019-01-11 10:27:41 - [TEST_STEP][PASSED] - click(findTestObject("TestUserLocation/login_Button")): Object: 'Object Repository/TestUserLocation/login_Button' is clicked on

2019-01-11 10:27:42 - [MESSAGE][PASSED] - Object: 'Object Repository/TestUserLocation/login_Button' is clicked on

2019-01-11 10:27:42 - [TEST_STEP][PASSED] - Thread.sleep(6000): null

2019-01-11 10:27:48 - [TEST_STEP][PASSED] - setText(findTestObject("TestUser/newPassword"), findTestData("SupplierData").getValue("NewPassword", 1)): Text 'password@123#' is set on object 'Object Repository/TestUser/newPassword'

2019-01-11 10:27:48 - [MESSAGE][PASSED] - Text 'password@123#' is set on object 'Object Repository/TestUser/newPassword'

2019-01-11 10:27:48 - [TEST_STEP][PASSED] - setText(findTestObject("TestUser/confirmPassword"), findTestData("SupplierData").getValue("NewPassword", 1)): Text 'password@123#' is set on object 'Object Repository/TestUser/confirmPassword'

2019-01-11 10:27:48 - [MESSAGE][PASSED] - Text 'password@123#' is set on object 'Object Repository/TestUser/confirmPassword'

2019-01-11 10:27:48 - [TEST_STEP][PASSED] - Thread.sleep(2000): null

2019-01-11 10:27:50 - [TEST_STEP][PASSED] - click(findTestObject("TestUser/createPasswordButton")): Object: 'Object Repository/TestUser/createPasswordButton' is clicked on

2019-01-11 10:27:51 - [MESSAGE][PASSED] - Object: 'Object Repository/TestUser/createPasswordButton' is clicked on

2019-01-11 10:27:51 - [TEST_STEP][PASSED] - Thread.sleep(4000): null

2019-01-11 10:27:55 - [TEST_STEP][PASSED] - setText(findTestObject("TestUserLocation/login_Username"), findTestData("SupplierData").getValue("UserName", 1)): Text 'Supplier_On_11/01/19-10:24' is set on object 'Object Repository/TestUserLocation/login_Username'

2019-01-11 10:27:55 - [MESSAGE][PASSED] - Text 'Supplier_On_11/01/19-10:24' is set on object 'Object Repository/TestUserLocation/login_Username'

2019-01-11 10:27:55 - [TEST_STEP][PASSED] - setText(findTestObject("TestUserLocation/login_Password"), findTestData("SupplierData").getValue("NewPassword", 1)): Text 'password@123#' is set on object 'Object Repository/TestUserLocation/login_Password'

2019-01-11 10:27:55 - [MESSAGE][PASSED] - Text 'password@123#' is set on object 'Object Repository/TestUserLocation/login_Password'

2019-01-11 10:27:55 - [TEST_STEP][PASSED] - Thread.sleep(2000): null

2019-01-11 10:27:57 - [TEST_STEP][PASSED] - click(findTestObject("TestUserLocation/login_Button")): Object: 'Object Repository/TestUserLocation/login_Button' is clicked on

2019-01-11 10:27:59 - [MESSAGE][PASSED] - Object: 'Object Repository/TestUserLocation/login_Button' is clicked on

2019-01-11 10:27:59 - [TEST_STEP][PASSED] - Thread.sleep(6000): null

2019-01-11 10:28:05 - [TEST_STEP][PASSED] - AdminTool_Location.moveCursor(): AdminTool_Location.moveCursor is PASSED

2019-01-11 10:28:05 - [MESSAGE][PASSED] - AdminTool_Location.moveCursor is PASSED

2019-01-11 10:28:05 - [TEST_STEP][PASSED] - Thread.sleep(2000): null

2019-01-11 10:28:07 - [TEST_STEP][PASSED] - Submission.supplierPortalSubmission(): Submission.supplierPortalSubmission is PASSED

2019-01-11 10:30:13 - [MESSAGE][PASSED] - Submission.supplierPortalSubmission is PASSED

2019-01-11 10:30:13 - [TEST_STEP][NOT_RUN] - Supplier.selectSupplierTask(): NOT_RUN: Supplier.selectSupplierTask()

2019-01-11 10:30:13 - [MESSAGE][NOT_RUN] - NOT_RUN: Supplier.selectSupplierTask()

2019-01-11 10:30:13 - [TEST_STEP][NOT_RUN] - Thread.sleep(4000): NOT_RUN: Thread.sleep(4000)

2019-01-11 10:30:13 - [MESSAGE][NOT_RUN] - NOT_RUN: Thread.sleep(4000)

2019-01-11 10:30:13 - [TEST_STEP][NOT_RUN] - setText(findTestObject("FormTab/fillForm_FreeSingleText"), "MyText"): NOT_RUN: setText(findTestObject("FormTab/fillForm_FreeSingleText"), "MyText")

2019-01-11 10:30:13 - [MESSAGE][NOT_RUN] - NOT_RUN: setText(findTestObject("FormTab/fillForm_FreeSingleText"), "MyText")

2019-01-11 10:30:13 - [TEST_STEP][NOT_RUN] - setText(findTestObject("FormTab/fillForm_ParagraphText"), "MyParagraph"): NOT_RUN: setText(findTestObject("FormTab/fillForm_ParagraphText"), "MyParagraph")

2019-01-11 10:30:13 - [MESSAGE][NOT_RUN] - NOT_RUN: setText(findTestObject("FormTab/fillForm_ParagraphText"), "MyParagraph")

2019-01-11 10:30:13 - [TEST_STEP][NOT_RUN] - Thread.sleep(3000): NOT_RUN: Thread.sleep(3000)

2019-01-11 10:30:13 - [MESSAGE][NOT_RUN] - NOT_RUN: Thread.sleep(3000)

2019-01-11 10:30:13 - [TEST_STEP][NOT_RUN] - setText(findTestObject("FormTab/fillForm_SelectOneOption"), "SingleOption1"): NOT_RUN: setText(findTestObject("FormTab/fillForm_SelectOneOption"), "SingleOption1")

2019-01-11 10:30:13 - [MESSAGE][NOT_RUN] - NOT_RUN: setText(findTestObject("FormTab/fillForm_SelectOneOption"), "SingleOption1")

2019-01-11 10:30:13 - [TEST_STEP][NOT_RUN] - Thread.sleep(3000): NOT_RUN: Thread.sleep(3000)

2019-01-11 10:30:13 - [MESSAGE][NOT_RUN] - NOT_RUN: Thread.sleep(3000)

2019-01-11 10:30:13 - [TEST_STEP][NOT_RUN] - xpath("//*[@id='scs-form-level']/div/div/div/div/div/div/div[4]/div/field-template/div/div/div/div/span/span/input")).sendKeys(Keys.chord(ENTER)): NOT_RUN: xpath("//*[@id='scs-form-level']/div/div/div/div/div/div/div[4]/div/field-template/div/div/div/div/span/span/input")).sendKeys(Keys.chord(ENTER))

2019-01-11 10:30:13 - [MESSAGE][NOT_RUN] - NOT_RUN: xpath("//*[@id='scs-form-level']/div/div/div/div/div/div/div[4]/div/field-template/div/div/div/div/span/span/input")).sendKeys(Keys.chord(ENTER))

2019-01-11 10:30:13 - [TEST_STEP][NOT_RUN] - Thread.sleep(3000): NOT_RUN: Thread.sleep(3000)

2019-01-11 10:30:13 - [MESSAGE][NOT_RUN] - NOT_RUN: Thread.sleep(3000)

2019-01-11 10:30:13 - [TEST_STEP][NOT_RUN] - setText(findTestObject("FormTab/fillForm_SelectMultipleOption"), "MultipleOption1"): NOT_RUN: setText(findTestObject("FormTab/fillForm_SelectMultipleOption"), "MultipleOption1")

2019-01-11 10:30:13 - [MESSAGE][NOT_RUN] - NOT_RUN: setText(findTestObject("FormTab/fillForm_SelectMultipleOption"), "MultipleOption1")

2019-01-11 10:30:13 - [TEST_STEP][NOT_RUN] - Thread.sleep(3000): NOT_RUN: Thread.sleep(3000)

2019-01-11 10:30:13 - [MESSAGE][NOT_RUN] - NOT_RUN: Thread.sleep(3000)

2019-01-11 10:30:13 - [TEST_STEP][NOT_RUN] - xpath("//*[@id='scs-form-level']/div/div/div/div/div/div/div[5]/div/field-template/div/div/div/div/div/div/input")).sendKeys(Keys.chord(ENTER)): NOT_RUN: xpath("//*[@id='scs-form-level']/div/div/div/div/div/div/div[5]/div/field-template/div/div/div/div/div/div/input")).sendKeys(Keys.chord(ENTER))

2019-01-11 10:30:13 - [MESSAGE][NOT_RUN] - NOT_RUN: xpath("//*[@id='scs-form-level']/div/div/div/div/div/div/div[5]/div/field-template/div/div/div/div/div/div/input")).sendKeys(Keys.chord(ENTER))

2019-01-11 10:30:13 - [TEST_STEP][NOT_RUN] - click(findTestObject("FormTab/fillForm_SelectMultipleOption")): NOT_RUN: click(findTestObject("FormTab/fillForm_SelectMultipleOption"))

2019-01-11 10:30:13 - [MESSAGE][NOT_RUN] - NOT_RUN: click(findTestObject("FormTab/fillForm_SelectMultipleOption"))

2019-01-11 10:30:13 - [TEST_STEP][NOT_RUN] - Thread.sleep(4000): NOT_RUN: Thread.sleep(4000)

2019-01-11 10:30:13 - [MESSAGE][NOT_RUN] - NOT_RUN: Thread.sleep(4000)

2019-01-11 10:30:13 - [TEST_STEP][NOT_RUN] - xpath("//*[@id='scs-form-level']/div/div/div/div[2]/div/div/div[6]/div/field-template/div/div[2]/div/div/span[1]/span/input[1]")).sendKeys("9"): NOT_RUN: xpath("//*[@id='scs-form-level']/div/div/div/div[2]/div/div/div[6]/div/field-template/div/div[2]/div/div/span[1]/span/input[1]")).sendKeys("9")

2019-01-11 10:30:13 - [MESSAGE][NOT_RUN] - NOT_RUN: xpath("//*[@id='scs-form-level']/div/div/div/div[2]/div/div/div[6]/div/field-template/div/div[2]/div/div/span[1]/span/input[1]")).sendKeys("9")

2019-01-11 10:30:13 - [TEST_STEP][NOT_RUN] - setText(findTestObject("FormTab/fillForm_DateText"), "10/18/2018"): NOT_RUN: setText(findTestObject("FormTab/fillForm_DateText"), "10/18/2018")

2019-01-11 10:30:13 - [MESSAGE][NOT_RUN] - NOT_RUN: setText(findTestObject("FormTab/fillForm_DateText"), "10/18/2018")

2019-01-11 10:30:13 - [TEST_STEP][NOT_RUN] - setText(findTestObject("FormTab/fillForm_TimeText"), "9:00 AM"): NOT_RUN: setText(findTestObject("FormTab/fillForm_TimeText"), "9:00 AM")

2019-01-11 10:30:13 - [MESSAGE][NOT_RUN] - NOT_RUN: setText(findTestObject("FormTab/fillForm_TimeText"), "9:00 AM")

2019-01-11 10:30:13 - [TEST_STEP][NOT_RUN] - setText(findTestObject("FormTab/fillForm_DateTimeText"), "10/18/2018 9:00 AM"): NOT_RUN: setText(findTestObject("FormTab/fillForm_DateTimeText"), "10/18/2018 9:00 AM")

2019-01-11 10:30:13 - [MESSAGE][NOT_RUN] - NOT_RUN: setText(findTestObject("FormTab/fillForm_DateTimeText"), "10/18/2018 9:00 AM")

2019-01-11 10:30:13 - [TEST_STEP][NOT_RUN] - click(findTestObject("FormTab/fillForm_SubmitButton")): NOT_RUN: click(findTestObject("FormTab/fillForm_SubmitButton"))

2019-01-11 10:30:13 - [MESSAGE][NOT_RUN] - NOT_RUN: click(findTestObject("FormTab/fillForm_SubmitButton"))

2019-01-11 10:30:13 - [TEST_STEP][NOT_RUN] - Thread.sleep(2000): NOT_RUN: Thread.sleep(2000)

2019-01-11 10:30:13 - [MESSAGE][NOT_RUN] - NOT_RUN: Thread.sleep(2000)

2019-01-11 10:30:13 - [TEST_STEP][NOT_RUN] - setText(findTestObject("SupplierFlow/formSubmissionNote"), "Form may require correction."): NOT_RUN: setText(findTestObject("SupplierFlow/formSubmissionNote"), "Form may require correction.")

2019-01-11 10:30:13 - [MESSAGE][NOT_RUN] - NOT_RUN: setText(findTestObject("SupplierFlow/formSubmissionNote"), "Form may require correction.")

2019-01-11 10:30:13 - [TEST_STEP][NOT_RUN] - Thread.sleep(2000): NOT_RUN: Thread.sleep(2000)

2019-01-11 10:30:13 - [MESSAGE][NOT_RUN] - NOT_RUN: Thread.sleep(2000)

2019-01-11 10:30:13 - [TEST_STEP][NOT_RUN] - click(findTestObject("FormTab/fillForm_SubmissionOkButton")): NOT_RUN: click(findTestObject("FormTab/fillForm_SubmissionOkButton"))

2019-01-11 10:30:13 - [MESSAGE][NOT_RUN] - NOT_RUN: click(findTestObject("FormTab/fillForm_SubmissionOkButton"))

2019-01-11 10:30:13 - [TEST_STEP][NOT_RUN] - Thread.sleep(4000): NOT_RUN: Thread.sleep(4000)

2019-01-11 10:30:13 - [MESSAGE][NOT_RUN] - NOT_RUN: Thread.sleep(4000)

2019-01-11 10:30:13 - [TEST_STEP][PASSED] - waitForElementClickable(findTestObject("TestUser/clickToCheck"), 45): Object 'Object Repository/TestUser/clickToCheck' is clickable

2019-01-11 10:30:13 - [MESSAGE][PASSED] - Object 'Object Repository/TestUser/clickToCheck' is clickable

2019-01-11 10:30:13 - [TEST_STEP][PASSED] - click(findTestObject("TestUser/clickToCheck")): Object: 'Object Repository/TestUser/clickToCheck' is clicked on

2019-01-11 10:30:13 - [MESSAGE][PASSED] - Object: 'Object Repository/TestUser/clickToCheck' is clicked on

2019-01-11 10:30:13 - [TEST_STEP][PASSED] - Thread.sleep(2000): null

2019-01-11 10:30:15 - [TEST_STEP][PASSED] - click(findTestObject("TestUser/logoutUser")): Object: 'Object Repository/TestUser/logoutUser' is clicked on

2019-01-11 10:30:16 - [MESSAGE][PASSED] - Object: 'Object Repository/TestUser/logoutUser' is clicked on

2019-01-11 10:30:16 - [TEST_STEP][PASSED] - Thread.sleep(2000): null]]></system-out>
         <system-err><![CDATA[]]></system-err>
      </testcase>
      <testcase name="Test Cases/SupplierFlow/8_RejectFromInbox" classname="Test Cases/SupplierFlow/8_RejectFromInbox" status="PASSED">
         <system-out><![CDATA[2019-01-11 10:30:18 - [TEST_CASE][PASSED] - Test Cases/SupplierFlow/8_RejectFromInbox: Test Cases/SupplierFlow/8_RejectFromInbox

2019-01-11 10:30:19 - [TEST_STEP][NOT_RUN] - openBrowser(URL): NOT_RUN: openBrowser(URL)

2019-01-11 10:30:19 - [MESSAGE][NOT_RUN] - NOT_RUN: openBrowser(URL)

2019-01-11 10:30:19 - [TEST_STEP][NOT_RUN] - maximizeWindow(): NOT_RUN: maximizeWindow()

2019-01-11 10:30:19 - [MESSAGE][NOT_RUN] - NOT_RUN: maximizeWindow()

2019-01-11 10:30:19 - [TEST_STEP][PASSED] - setText(findTestObject("Form_Selection_Creation/login_Username"), UserName): Text 'superadmin' is set on object 'Object Repository/Form_Selection_Creation/login_Username'

2019-01-11 10:30:20 - [MESSAGE][PASSED] - Text 'superadmin' is set on object 'Object Repository/Form_Selection_Creation/login_Username'

2019-01-11 10:30:20 - [TEST_STEP][PASSED] - setText(findTestObject("Form_Selection_Creation/login_Password"), Password): Text 'sliptest23772boot' is set on object 'Object Repository/Form_Selection_Creation/login_Password'

2019-01-11 10:30:20 - [MESSAGE][PASSED] - Text 'sliptest23772boot' is set on object 'Object Repository/Form_Selection_Creation/login_Password'

2019-01-11 10:30:20 - [TEST_STEP][PASSED] - click(findTestObject("Form_Selection_Creation/login_Button")): Object: 'Object Repository/Form_Selection_Creation/login_Button' is clicked on

2019-01-11 10:30:22 - [MESSAGE][PASSED] - Object: 'Object Repository/Form_Selection_Creation/login_Button' is clicked on

2019-01-11 10:30:22 - [TEST_STEP][PASSED] - Thread.sleep(4000): null

2019-01-11 10:30:26 - [TEST_STEP][PASSED] - click(findTestObject("Form_Selection_Creation/mainMenu_Button")): Object: 'Object Repository/Form_Selection_Creation/mainMenu_Button' is clicked on

2019-01-11 10:30:28 - [MESSAGE][PASSED] - Object: 'Object Repository/Form_Selection_Creation/mainMenu_Button' is clicked on

2019-01-11 10:30:28 - [TEST_STEP][PASSED] - click(findTestObject("SupplierFlow/inbox")): Object: 'Object Repository/SupplierFlow/inbox' is clicked on

2019-01-11 10:30:28 - [MESSAGE][PASSED] - Object: 'Object Repository/SupplierFlow/inbox' is clicked on

2019-01-11 10:30:28 - [TEST_STEP][PASSED] - Thread.sleep(6000): null

2019-01-11 10:30:34 - [TEST_STEP][PASSED] - setText(findTestObject("SupplierFlow/searchTaskInInbox"), findTestData("SupplierData").getValue("FormTask", 1)): Text 'TestFormTask_11/01/19-10:26' is set on object 'Object Repository/SupplierFlow/searchTaskInInbox'

2019-01-11 10:30:39 - [MESSAGE][PASSED] - Text 'TestFormTask_11/01/19-10:26' is set on object 'Object Repository/SupplierFlow/searchTaskInInbox'

2019-01-11 10:30:39 - [TEST_STEP][PASSED] - sendKeys(findTestObject("SupplierFlow/searchTaskInInbox"), Keys.chord(ENTER)): Keys 'ENTER + ' sent to object: 'Object Repository/SupplierFlow/searchTaskInInbox'

2019-01-11 10:30:39 - [MESSAGE][PASSED] - Keys 'ENTER + ' sent to object: 'Object Repository/SupplierFlow/searchTaskInInbox'

2019-01-11 10:30:39 - [TEST_STEP][PASSED] - Thread.sleep(3000): null

2019-01-11 10:30:42 - [TEST_STEP][PASSED] - Supplier.selectTaskInInbox(): Supplier.selectTaskInInbox is PASSED

2019-01-11 10:30:43 - [MESSAGE][PASSED] - Supplier.selectTaskInInbox is PASSED

2019-01-11 10:30:43 - [TEST_STEP][PASSED] - Thread.sleep(6000): null

2019-01-11 10:30:49 - [TEST_STEP][PASSED] - click(findTestObject("SupplierFlow/rejectButton")): Object: 'Object Repository/SupplierFlow/rejectButton' is clicked on

2019-01-11 10:30:49 - [MESSAGE][PASSED] - Object: 'Object Repository/SupplierFlow/rejectButton' is clicked on

2019-01-11 10:30:49 - [TEST_STEP][PASSED] - Thread.sleep(3000): null

2019-01-11 10:30:52 - [TEST_STEP][PASSED] - setText(findTestObject("SupplierFlow/rejectionNote"), "This Task is rejected"): Text 'This Task is rejected' is set on object 'Object Repository/SupplierFlow/rejectionNote'

2019-01-11 10:30:52 - [MESSAGE][PASSED] - Text 'This Task is rejected' is set on object 'Object Repository/SupplierFlow/rejectionNote'

2019-01-11 10:30:52 - [TEST_STEP][PASSED] - Thread.sleep(2000): null

2019-01-11 10:30:54 - [TEST_STEP][PASSED] - click(findTestObject("SupplierFlow/sendTask")): Object: 'Object Repository/SupplierFlow/sendTask' is clicked on

2019-01-11 10:30:54 - [MESSAGE][PASSED] - Object: 'Object Repository/SupplierFlow/sendTask' is clicked on

2019-01-11 10:30:54 - [TEST_STEP][PASSED] - Thread.sleep(6000): null

2019-01-11 10:31:00 - [TEST_STEP][PASSED] - AdminTool_Location.moveCursor(): AdminTool_Location.moveCursor is PASSED

2019-01-11 10:31:00 - [MESSAGE][PASSED] - AdminTool_Location.moveCursor is PASSED

2019-01-11 10:31:00 - [TEST_STEP][PASSED] - Thread.sleep(2000): null

2019-01-11 10:31:02 - [TEST_STEP][PASSED] - setText(findTestObject("SupplierFlow/searchTaskInInbox"), findTestData("SupplierData").getValue("DocTask", 1)): Text 'TestDocTask_11/01/19-10:26' is set on object 'Object Repository/SupplierFlow/searchTaskInInbox'

2019-01-11 10:31:03 - [MESSAGE][PASSED] - Text 'TestDocTask_11/01/19-10:26' is set on object 'Object Repository/SupplierFlow/searchTaskInInbox'

2019-01-11 10:31:03 - [TEST_STEP][PASSED] - sendKeys(findTestObject("SupplierFlow/searchTaskInInbox"), Keys.chord(ENTER)): Keys 'ENTER + ' sent to object: 'Object Repository/SupplierFlow/searchTaskInInbox'

2019-01-11 10:31:03 - [MESSAGE][PASSED] - Keys 'ENTER + ' sent to object: 'Object Repository/SupplierFlow/searchTaskInInbox'

2019-01-11 10:31:03 - [TEST_STEP][PASSED] - Thread.sleep(3000): null

2019-01-11 10:31:06 - [TEST_STEP][PASSED] - Supplier.selectTaskInInbox(): Supplier.selectTaskInInbox is PASSED

2019-01-11 10:31:06 - [MESSAGE][PASSED] - Supplier.selectTaskInInbox is PASSED

2019-01-11 10:31:06 - [TEST_STEP][PASSED] - Thread.sleep(6000): null

2019-01-11 10:31:12 - [TEST_STEP][PASSED] - click(findTestObject("SupplierFlow/rejectButton")): Object: 'Object Repository/SupplierFlow/rejectButton' is clicked on

2019-01-11 10:31:12 - [MESSAGE][PASSED] - Object: 'Object Repository/SupplierFlow/rejectButton' is clicked on

2019-01-11 10:31:12 - [TEST_STEP][PASSED] - Thread.sleep(3000): null

2019-01-11 10:31:15 - [TEST_STEP][PASSED] - setText(findTestObject("SupplierFlow/rejectionNote"), "This Task is rejected"): Text 'This Task is rejected' is set on object 'Object Repository/SupplierFlow/rejectionNote'

2019-01-11 10:31:15 - [MESSAGE][PASSED] - Text 'This Task is rejected' is set on object 'Object Repository/SupplierFlow/rejectionNote'

2019-01-11 10:31:15 - [TEST_STEP][PASSED] - Thread.sleep(2000): null

2019-01-11 10:31:17 - [TEST_STEP][PASSED] - click(findTestObject("SupplierFlow/sendTask")): Object: 'Object Repository/SupplierFlow/sendTask' is clicked on

2019-01-11 10:31:18 - [MESSAGE][PASSED] - Object: 'Object Repository/SupplierFlow/sendTask' is clicked on

2019-01-11 10:31:18 - [TEST_STEP][PASSED] - Thread.sleep(9000): null

2019-01-11 10:31:27 - [TEST_STEP][PASSED] - waitForElementClickable(findTestObject("TestUser/clickToCheck"), 45): Object 'Object Repository/TestUser/clickToCheck' is clickable

2019-01-11 10:31:27 - [MESSAGE][PASSED] - Object 'Object Repository/TestUser/clickToCheck' is clickable

2019-01-11 10:31:27 - [TEST_STEP][PASSED] - click(findTestObject("TestUser/clickToCheck")): Object: 'Object Repository/TestUser/clickToCheck' is clicked on

2019-01-11 10:31:27 - [MESSAGE][PASSED] - Object: 'Object Repository/TestUser/clickToCheck' is clicked on

2019-01-11 10:31:27 - [TEST_STEP][PASSED] - Thread.sleep(2000): null

2019-01-11 10:31:29 - [TEST_STEP][PASSED] - click(findTestObject("TestUser/logoutUser")): Object: 'Object Repository/TestUser/logoutUser' is clicked on

2019-01-11 10:31:31 - [MESSAGE][PASSED] - Object: 'Object Repository/TestUser/logoutUser' is clicked on

2019-01-11 10:31:31 - [TEST_STEP][PASSED] - Thread.sleep(2000): null]]></system-out>
         <system-err><![CDATA[]]></system-err>
      </testcase>
      <testcase name="Test Cases/SupplierFlow/9_Resubmission_Supplier" classname="Test Cases/SupplierFlow/9_Resubmission_Supplier" status="PASSED">
         <system-out><![CDATA[2019-01-11 10:31:33 - [TEST_CASE][PASSED] - Test Cases/SupplierFlow/9_Resubmission_Supplier: Test Cases/SupplierFlow/9_Resubmission_Supplier

2019-01-11 10:31:33 - [TEST_STEP][NOT_RUN] - openBrowser(URL): NOT_RUN: openBrowser(URL)

2019-01-11 10:31:33 - [MESSAGE][NOT_RUN] - NOT_RUN: openBrowser(URL)

2019-01-11 10:31:33 - [TEST_STEP][NOT_RUN] - maximizeWindow(): NOT_RUN: maximizeWindow()

2019-01-11 10:31:33 - [MESSAGE][NOT_RUN] - NOT_RUN: maximizeWindow()

2019-01-11 10:31:33 - [TEST_STEP][PASSED] - driver = getWebDriver(): null

2019-01-11 10:31:33 - [TEST_STEP][PASSED] - Thread.sleep(2000): null

2019-01-11 10:31:35 - [TEST_STEP][PASSED] - setText(findTestObject("TestUserLocation/login_Username"), findTestData("SupplierData").getValue("UserName", 1)): Text 'Supplier_On_11/01/19-10:24' is set on object 'Object Repository/TestUserLocation/login_Username'

2019-01-11 10:31:35 - [MESSAGE][PASSED] - Text 'Supplier_On_11/01/19-10:24' is set on object 'Object Repository/TestUserLocation/login_Username'

2019-01-11 10:31:35 - [TEST_STEP][PASSED] - setText(findTestObject("TestUserLocation/login_Password"), findTestData("SupplierData").getValue("NewPassword", 1)): Text 'password@123#' is set on object 'Object Repository/TestUserLocation/login_Password'

2019-01-11 10:31:36 - [MESSAGE][PASSED] - Text 'password@123#' is set on object 'Object Repository/TestUserLocation/login_Password'

2019-01-11 10:31:36 - [TEST_STEP][PASSED] - Thread.sleep(2000): null

2019-01-11 10:31:38 - [TEST_STEP][PASSED] - click(findTestObject("TestUserLocation/login_Button")): Object: 'Object Repository/TestUserLocation/login_Button' is clicked on

2019-01-11 10:31:40 - [MESSAGE][PASSED] - Object: 'Object Repository/TestUserLocation/login_Button' is clicked on

2019-01-11 10:31:40 - [TEST_STEP][PASSED] - Thread.sleep(6000): null

2019-01-11 10:31:46 - [TEST_STEP][PASSED] - click(findTestObject("SupplierFlow/clickOnSuppReject")): Object: 'Object Repository/SupplierFlow/clickOnSuppReject' is clicked on

2019-01-11 10:31:46 - [MESSAGE][PASSED] - Object: 'Object Repository/SupplierFlow/clickOnSuppReject' is clicked on

2019-01-11 10:31:46 - [TEST_STEP][PASSED] - Thread.sleep(2000): null

2019-01-11 10:31:48 - [TEST_STEP][PASSED] - Submission.supplierPortalSubmission(): Submission.supplierPortalSubmission is PASSED

2019-01-11 10:32:52 - [MESSAGE][PASSED] - Submission.supplierPortalSubmission is PASSED

2019-01-11 10:32:52 - [TEST_STEP][NOT_RUN] - Supplier.selectSupplierTask(): NOT_RUN: Supplier.selectSupplierTask()

2019-01-11 10:32:52 - [MESSAGE][NOT_RUN] - NOT_RUN: Supplier.selectSupplierTask()

2019-01-11 10:32:52 - [TEST_STEP][NOT_RUN] - Thread.sleep(4000): NOT_RUN: Thread.sleep(4000)

2019-01-11 10:32:52 - [MESSAGE][NOT_RUN] - NOT_RUN: Thread.sleep(4000)

2019-01-11 10:32:52 - [TEST_STEP][NOT_RUN] - click(findTestObject("FormTab/fillForm_SubmitButton")): NOT_RUN: click(findTestObject("FormTab/fillForm_SubmitButton"))

2019-01-11 10:32:52 - [MESSAGE][NOT_RUN] - NOT_RUN: click(findTestObject("FormTab/fillForm_SubmitButton"))

2019-01-11 10:32:52 - [TEST_STEP][NOT_RUN] - Thread.sleep(2000): NOT_RUN: Thread.sleep(2000)

2019-01-11 10:32:52 - [MESSAGE][NOT_RUN] - NOT_RUN: Thread.sleep(2000)

2019-01-11 10:32:52 - [TEST_STEP][NOT_RUN] - setText(findTestObject("SupplierFlow/formSubmissionNote"), "Form is Finally submitted Correctly."): NOT_RUN: setText(findTestObject("SupplierFlow/formSubmissionNote"), "Form is Finally submitted Correctly.")

2019-01-11 10:32:52 - [MESSAGE][NOT_RUN] - NOT_RUN: setText(findTestObject("SupplierFlow/formSubmissionNote"), "Form is Finally submitted Correctly.")

2019-01-11 10:32:52 - [TEST_STEP][NOT_RUN] - Thread.sleep(2000): NOT_RUN: Thread.sleep(2000)

2019-01-11 10:32:52 - [MESSAGE][NOT_RUN] - NOT_RUN: Thread.sleep(2000)

2019-01-11 10:32:52 - [TEST_STEP][NOT_RUN] - click(findTestObject("FormTab/fillForm_SubmissionOkButton")): NOT_RUN: click(findTestObject("FormTab/fillForm_SubmissionOkButton"))

2019-01-11 10:32:52 - [MESSAGE][NOT_RUN] - NOT_RUN: click(findTestObject("FormTab/fillForm_SubmissionOkButton"))

2019-01-11 10:32:52 - [TEST_STEP][PASSED] - Thread.sleep(6000): null

2019-01-11 10:32:58 - [TEST_STEP][PASSED] - click(findTestObject("TestUser/clickToCheck")): Object: 'Object Repository/TestUser/clickToCheck' is clicked on

2019-01-11 10:32:58 - [MESSAGE][PASSED] - Object: 'Object Repository/TestUser/clickToCheck' is clicked on

2019-01-11 10:32:58 - [TEST_STEP][PASSED] - Thread.sleep(2000): null

2019-01-11 10:33:00 - [TEST_STEP][PASSED] - click(findTestObject("TestUser/logoutUser")): Object: 'Object Repository/TestUser/logoutUser' is clicked on

2019-01-11 10:33:02 - [MESSAGE][PASSED] - Object: 'Object Repository/TestUser/logoutUser' is clicked on

2019-01-11 10:33:02 - [TEST_STEP][PASSED] - Thread.sleep(2000): null]]></system-out>
         <system-err><![CDATA[]]></system-err>
      </testcase>
      <testcase name="Test Cases/SupplierFlow/10_ApprovedFromInbox" classname="Test Cases/SupplierFlow/10_ApprovedFromInbox" status="PASSED">
         <system-out><![CDATA[2019-01-11 10:33:04 - [TEST_CASE][PASSED] - Test Cases/SupplierFlow/10_ApprovedFromInbox: Test Cases/SupplierFlow/10_ApprovedFromInbox

2019-01-11 10:33:05 - [TEST_STEP][NOT_RUN] - openBrowser(URL): NOT_RUN: openBrowser(URL)

2019-01-11 10:33:05 - [MESSAGE][NOT_RUN] - NOT_RUN: openBrowser(URL)

2019-01-11 10:33:05 - [TEST_STEP][NOT_RUN] - maximizeWindow(): NOT_RUN: maximizeWindow()

2019-01-11 10:33:05 - [MESSAGE][NOT_RUN] - NOT_RUN: maximizeWindow()

2019-01-11 10:33:05 - [TEST_STEP][PASSED] - setText(findTestObject("Form_Selection_Creation/login_Username"), UserName): Text 'superadmin' is set on object 'Object Repository/Form_Selection_Creation/login_Username'

2019-01-11 10:33:05 - [MESSAGE][PASSED] - Text 'superadmin' is set on object 'Object Repository/Form_Selection_Creation/login_Username'

2019-01-11 10:33:05 - [TEST_STEP][PASSED] - setText(findTestObject("Form_Selection_Creation/login_Password"), Password): Text 'sliptest23772boot' is set on object 'Object Repository/Form_Selection_Creation/login_Password'

2019-01-11 10:33:05 - [MESSAGE][PASSED] - Text 'sliptest23772boot' is set on object 'Object Repository/Form_Selection_Creation/login_Password'

2019-01-11 10:33:05 - [TEST_STEP][PASSED] - click(findTestObject("Form_Selection_Creation/login_Button")): Object: 'Object Repository/Form_Selection_Creation/login_Button' is clicked on

2019-01-11 10:33:06 - [MESSAGE][PASSED] - Object: 'Object Repository/Form_Selection_Creation/login_Button' is clicked on

2019-01-11 10:33:06 - [TEST_STEP][PASSED] - Thread.sleep(3000): null

2019-01-11 10:33:09 - [TEST_STEP][PASSED] - click(findTestObject("Form_Selection_Creation/mainMenu_Button")): Object: 'Object Repository/Form_Selection_Creation/mainMenu_Button' is clicked on

2019-01-11 10:33:12 - [MESSAGE][PASSED] - Object: 'Object Repository/Form_Selection_Creation/mainMenu_Button' is clicked on

2019-01-11 10:33:12 - [TEST_STEP][PASSED] - click(findTestObject("SupplierFlow/inbox")): Object: 'Object Repository/SupplierFlow/inbox' is clicked on

2019-01-11 10:33:12 - [MESSAGE][PASSED] - Object: 'Object Repository/SupplierFlow/inbox' is clicked on

2019-01-11 10:33:12 - [TEST_STEP][PASSED] - Thread.sleep(6000): null

2019-01-11 10:33:18 - [TEST_STEP][PASSED] - setText(findTestObject("SupplierFlow/searchTaskInInbox"), findTestData("SupplierData").getValue("FormTask", 1)): Text 'TestFormTask_11/01/19-10:26' is set on object 'Object Repository/SupplierFlow/searchTaskInInbox'

2019-01-11 10:33:18 - [MESSAGE][PASSED] - Text 'TestFormTask_11/01/19-10:26' is set on object 'Object Repository/SupplierFlow/searchTaskInInbox'

2019-01-11 10:33:18 - [TEST_STEP][PASSED] - sendKeys(findTestObject("SupplierFlow/searchTaskInInbox"), Keys.chord(ENTER)): Keys 'ENTER + ' sent to object: 'Object Repository/SupplierFlow/searchTaskInInbox'

2019-01-11 10:33:19 - [MESSAGE][PASSED] - Keys 'ENTER + ' sent to object: 'Object Repository/SupplierFlow/searchTaskInInbox'

2019-01-11 10:33:19 - [TEST_STEP][PASSED] - Thread.sleep(3000): null

2019-01-11 10:33:22 - [TEST_STEP][PASSED] - Supplier.selectTaskInInbox(): Supplier.selectTaskInInbox is PASSED

2019-01-11 10:33:22 - [MESSAGE][PASSED] - Supplier.selectTaskInInbox is PASSED

2019-01-11 10:33:22 - [TEST_STEP][PASSED] - Thread.sleep(6000): null

2019-01-11 10:33:28 - [TEST_STEP][PASSED] - click(findTestObject("SupplierFlow/approveButton")): Object: 'Object Repository/SupplierFlow/approveButton' is clicked on

2019-01-11 10:33:28 - [MESSAGE][PASSED] - Object: 'Object Repository/SupplierFlow/approveButton' is clicked on

2019-01-11 10:33:28 - [TEST_STEP][PASSED] - Thread.sleep(3000): null

2019-01-11 10:33:31 - [TEST_STEP][PASSED] - setText(findTestObject("SupplierFlow/expirtionDate_ApproveTask"), "12/17/2018"): Text '12/17/2018' is set on object 'Object Repository/SupplierFlow/expirtionDate_ApproveTask'

2019-01-11 10:33:31 - [MESSAGE][PASSED] - Text '12/17/2018' is set on object 'Object Repository/SupplierFlow/expirtionDate_ApproveTask'

2019-01-11 10:33:31 - [TEST_STEP][PASSED] - Thread.sleep(2000): null

2019-01-11 10:33:33 - [TEST_STEP][PASSED] - click(findTestObject("SupplierFlow/approveYesButton")): Object: 'Object Repository/SupplierFlow/approveYesButton' is clicked on

2019-01-11 10:33:33 - [MESSAGE][PASSED] - Object: 'Object Repository/SupplierFlow/approveYesButton' is clicked on

2019-01-11 10:33:33 - [TEST_STEP][PASSED] - Thread.sleep(6000): null

2019-01-11 10:33:39 - [TEST_STEP][PASSED] - setText(findTestObject("SupplierFlow/searchTaskInInbox"), findTestData("FormData").getValue("TaskName", 1)): Text 'AUTO_TEST_TASK_ON_07/01/2019-18:19:41' is set on object 'Object Repository/SupplierFlow/searchTaskInInbox'

2019-01-11 10:33:40 - [MESSAGE][PASSED] - Text 'AUTO_TEST_TASK_ON_07/01/2019-18:19:41' is set on object 'Object Repository/SupplierFlow/searchTaskInInbox'

2019-01-11 10:33:40 - [TEST_STEP][PASSED] - sendKeys(findTestObject("SupplierFlow/searchTaskInInbox"), Keys.chord(ENTER)): Keys 'ENTER + ' sent to object: 'Object Repository/SupplierFlow/searchTaskInInbox'

2019-01-11 10:33:40 - [MESSAGE][PASSED] - Keys 'ENTER + ' sent to object: 'Object Repository/SupplierFlow/searchTaskInInbox'

2019-01-11 10:33:40 - [TEST_STEP][PASSED] - Thread.sleep(6000): null

2019-01-11 10:33:46 - [TEST_STEP][PASSED] - setText(findTestObject("SupplierFlow/searchTaskInInbox"), findTestData("SupplierData").getValue("DocTask", 1)): Text 'TestDocTask_11/01/19-10:26' is set on object 'Object Repository/SupplierFlow/searchTaskInInbox'

2019-01-11 10:33:46 - [MESSAGE][PASSED] - Text 'TestDocTask_11/01/19-10:26' is set on object 'Object Repository/SupplierFlow/searchTaskInInbox'

2019-01-11 10:33:46 - [TEST_STEP][PASSED] - sendKeys(findTestObject("SupplierFlow/searchTaskInInbox"), Keys.chord(ENTER)): Keys 'ENTER + ' sent to object: 'Object Repository/SupplierFlow/searchTaskInInbox'

2019-01-11 10:33:46 - [MESSAGE][PASSED] - Keys 'ENTER + ' sent to object: 'Object Repository/SupplierFlow/searchTaskInInbox'

2019-01-11 10:33:46 - [TEST_STEP][PASSED] - Thread.sleep(3000): null

2019-01-11 10:33:49 - [TEST_STEP][PASSED] - Supplier.selectTaskInInbox(): Supplier.selectTaskInInbox is PASSED

2019-01-11 10:33:49 - [MESSAGE][PASSED] - Supplier.selectTaskInInbox is PASSED

2019-01-11 10:33:49 - [TEST_STEP][PASSED] - Thread.sleep(6000): null

2019-01-11 10:33:55 - [TEST_STEP][PASSED] - click(findTestObject("SupplierFlow/approveButton")): Object: 'Object Repository/SupplierFlow/approveButton' is clicked on

2019-01-11 10:33:56 - [MESSAGE][PASSED] - Object: 'Object Repository/SupplierFlow/approveButton' is clicked on

2019-01-11 10:33:56 - [TEST_STEP][PASSED] - Thread.sleep(3000): null

2019-01-11 10:33:59 - [TEST_STEP][PASSED] - setText(findTestObject("SupplierFlow/expirtionDate_ApproveTask"), "12/17/2018"): Text '12/17/2018' is set on object 'Object Repository/SupplierFlow/expirtionDate_ApproveTask'

2019-01-11 10:33:59 - [MESSAGE][PASSED] - Text '12/17/2018' is set on object 'Object Repository/SupplierFlow/expirtionDate_ApproveTask'

2019-01-11 10:33:59 - [TEST_STEP][PASSED] - Thread.sleep(2000): null

2019-01-11 10:34:01 - [TEST_STEP][PASSED] - click(findTestObject("SupplierFlow/approveYesButton")): Object: 'Object Repository/SupplierFlow/approveYesButton' is clicked on

2019-01-11 10:34:01 - [MESSAGE][PASSED] - Object: 'Object Repository/SupplierFlow/approveYesButton' is clicked on

2019-01-11 10:34:01 - [TEST_STEP][PASSED] - Thread.sleep(6000): null

2019-01-11 10:34:07 - [TEST_STEP][PASSED] - setText(findTestObject("SupplierFlow/searchTaskInInbox"), findTestData("FormData").getValue("TaskName", 1)): Text 'AUTO_TEST_TASK_ON_07/01/2019-18:19:41' is set on object 'Object Repository/SupplierFlow/searchTaskInInbox'

2019-01-11 10:34:07 - [MESSAGE][PASSED] - Text 'AUTO_TEST_TASK_ON_07/01/2019-18:19:41' is set on object 'Object Repository/SupplierFlow/searchTaskInInbox'

2019-01-11 10:34:07 - [TEST_STEP][PASSED] - sendKeys(findTestObject("SupplierFlow/searchTaskInInbox"), Keys.chord(ENTER)): Keys 'ENTER + ' sent to object: 'Object Repository/SupplierFlow/searchTaskInInbox'

2019-01-11 10:34:08 - [MESSAGE][PASSED] - Keys 'ENTER + ' sent to object: 'Object Repository/SupplierFlow/searchTaskInInbox'

2019-01-11 10:34:08 - [TEST_STEP][PASSED] - Thread.sleep(6000): null]]></system-out>
         <system-err><![CDATA[]]></system-err>
      </testcase>
      <system-out><![CDATA[2019-01-11 10:18:30 - [TEST_SUITE][PASSED] - TestSupplier: Test Cases/SupplierFlow/10_ApprovedFromInbox]]></system-out>
      <system-err><![CDATA[]]></system-err>
   </testsuite>
</testsuites>
