<?xml version="1.0" encoding="UTF-8"?>
<testsuites name="UserCheck" time="452" tests="7" failures="0" errors="0">
   <testsuite name="UserCheck" tests="7" failures="0" errors="0" time="452" timestamp="2018-12-07 13:43:35" hostname="pashine_a - Abhishek-Pashine.India.XoriantCorp.com" id="Test Suites/UserCheck">
      <properties>
         <property name="deviceName" value=""/>
         <property name="devicePlatform" value=""/>
         <property name="logFolder" value="D:\\Git Data\\SafetyChain-Test-Automation-Katalon\\Reports\\UserCheck\\20181207_134333"/>
         <property name="logFiles" value="D:\\Git Data\\SafetyChain-Test-Automation-Katalon\\Reports\\UserCheck\\20181207_134333\\execution0.log"/>
         <property name="attachments" value=""/>
         <property name="hostName" value="pashine_a - Abhishek-Pashine.India.XoriantCorp.com"/>
         <property name="os" value="Windows 7 64bit"/>
         <property name="katalonVersion" value="5.9.1.2"/>
         <property name="browser" value="Chrome 70.0.3538.110"/>
         <property name="hostAddress" value="10.21.7.147"/>
         <property name="sessionId" value="0fd961fae74b0896dffe4cf85bd96d07"/>
         <property name="seleniumVersion" value="3.7.1"/>
         <property name="proxyInformation" value="ProxyInformation{proxyOption=NO_PROXY, proxyServerType=HTTP, password=, proxyServerAddress=, proxyServerPort=0}"/>
         <property name="platform" value="Windows 7"/>
      </properties>
      <testcase name="Test Cases/TestUser/createUser" classname="Test Cases/TestUser/createUser" status="PASSED">
         <system-out><![CDATA[2018-12-07 13:43:35 - [TEST_CASE][PASSED] - Test Cases/TestUser/createUser: Test Cases/TestUser/createUser

2018-12-07 13:43:36 - [TEST_STEP][PASSED] - openBrowser(URL): Browser is opened with url: 'https://test2.stage.safetychain.com'

2018-12-07 13:43:37 - [MESSAGE][INFO] - Starting 'Chrome' driver

2018-12-07 13:43:37 - [MESSAGE][INFO] - Action delay is set to 0 seconds

2018-12-07 13:44:07 - [MESSAGE][PASSED] - Browser is opened with url: 'https://test2.stage.safetychain.com'

2018-12-07 13:44:07 - [TEST_STEP][PASSED] - maximizeWindow(): Current window maximized

2018-12-07 13:44:08 - [MESSAGE][PASSED] - Current window maximized

2018-12-07 13:44:08 - [TEST_STEP][PASSED] - setText(findTestObject("TestUserLocation/login_Username"), UserName): Text 'superadmin' is set on object 'Object Repository/TestUserLocation/login_Username'

2018-12-07 13:44:13 - [MESSAGE][PASSED] - Text 'superadmin' is set on object 'Object Repository/TestUserLocation/login_Username'

2018-12-07 13:44:13 - [TEST_STEP][PASSED] - setText(findTestObject("TestUserLocation/login_Password"), Password): Text 'sliptest23772boot' is set on object 'Object Repository/TestUserLocation/login_Password'

2018-12-07 13:44:13 - [MESSAGE][PASSED] - Text 'sliptest23772boot' is set on object 'Object Repository/TestUserLocation/login_Password'

2018-12-07 13:44:13 - [TEST_STEP][PASSED] - User.setNamePass(): User.setNamePass is PASSED

2018-12-07 13:44:14 - [MESSAGE][PASSED] - User.setNamePass is PASSED

2018-12-07 13:44:14 - [TEST_STEP][PASSED] - click(findTestObject("TestUserLocation/login_Button")): Object: 'Object Repository/TestUserLocation/login_Button' is clicked on

2018-12-07 13:44:16 - [MESSAGE][PASSED] - Object: 'Object Repository/TestUserLocation/login_Button' is clicked on

2018-12-07 13:44:16 - [TEST_STEP][PASSED] - Thread.sleep(6000): null

2018-12-07 13:44:22 - [TEST_STEP][PASSED] - click(findTestObject("TestUserLocation/mainmenu_button")): Object: 'Object Repository/TestUserLocation/mainmenu_button' is clicked on

2018-12-07 13:44:23 - [MESSAGE][PASSED] - Object: 'Object Repository/TestUserLocation/mainmenu_button' is clicked on

2018-12-07 13:44:23 - [TEST_STEP][PASSED] - click(findTestObject("Form_Selection_Creation/mainMenu_AdminTools")): Object: 'Object Repository/Form_Selection_Creation/mainMenu_AdminTools' is clicked on

2018-12-07 13:44:23 - [MESSAGE][PASSED] - Object: 'Object Repository/Form_Selection_Creation/mainMenu_AdminTools' is clicked on

2018-12-07 13:44:23 - [TEST_STEP][PASSED] - Thread.sleep(2000): null

2018-12-07 13:44:25 - [TEST_STEP][PASSED] - click(findTestObject("TestUser/users")): Object: 'Object Repository/TestUser/users' is clicked on

2018-12-07 13:44:25 - [MESSAGE][PASSED] - Object: 'Object Repository/TestUser/users' is clicked on

2018-12-07 13:44:25 - [TEST_STEP][PASSED] - Thread.sleep(6000): null

2018-12-07 13:44:31 - [TEST_STEP][PASSED] - click(findTestObject("TestUser/addNewUser")): Object: 'Object Repository/TestUser/addNewUser' is clicked on

2018-12-07 13:44:31 - [MESSAGE][PASSED] - Object: 'Object Repository/TestUser/addNewUser' is clicked on

2018-12-07 13:44:31 - [TEST_STEP][PASSED] - Thread.sleep(4000): null

2018-12-07 13:44:35 - [TEST_STEP][PASSED] - setText(findTestObject("TestUser/userName"), findTestData("UserData").getValue("UserName", 1)): Text 'User_On_07/12/18-13:44' is set on object 'Object Repository/TestUser/userName'

2018-12-07 13:44:35 - [MESSAGE][PASSED] - Text 'User_On_07/12/18-13:44' is set on object 'Object Repository/TestUser/userName'

2018-12-07 13:44:35 - [TEST_STEP][PASSED] - setText(findTestObject("TestUser/password"), findTestData("UserData").getValue("Password", 1)): Text 'password' is set on object 'Object Repository/TestUser/password'

2018-12-07 13:44:36 - [MESSAGE][PASSED] - Text 'password' is set on object 'Object Repository/TestUser/password'

2018-12-07 13:44:36 - [TEST_STEP][PASSED] - setText(findTestObject("TestUser/firstName"), "Test"): Text 'Test' is set on object 'Object Repository/TestUser/firstName'

2018-12-07 13:44:36 - [MESSAGE][PASSED] - Text 'Test' is set on object 'Object Repository/TestUser/firstName'

2018-12-07 13:44:36 - [TEST_STEP][PASSED] - setText(findTestObject("TestUser/lastName"), "Auto"): Text 'Auto' is set on object 'Object Repository/TestUser/lastName'

2018-12-07 13:44:36 - [MESSAGE][PASSED] - Text 'Auto' is set on object 'Object Repository/TestUser/lastName'

2018-12-07 13:44:36 - [TEST_STEP][PASSED] - setText(findTestObject("TestUser/email"), "test123@auto.com"): Text 'test123@auto.com' is set on object 'Object Repository/TestUser/email'

2018-12-07 13:44:36 - [MESSAGE][PASSED] - Text 'test123@auto.com' is set on object 'Object Repository/TestUser/email'

2018-12-07 13:44:36 - [TEST_STEP][PASSED] - click(findTestObject("TestUser/timeZoneOpen")): Object: 'Object Repository/TestUser/timeZoneOpen' is clicked on

2018-12-07 13:44:37 - [MESSAGE][PASSED] - Object: 'Object Repository/TestUser/timeZoneOpen' is clicked on

2018-12-07 13:44:37 - [TEST_STEP][PASSED] - Thread.sleep(2000): null

2018-12-07 13:44:39 - [TEST_STEP][PASSED] - click(findTestObject("TestUser/selectTimeZone")): Object: 'Object Repository/TestUser/selectTimeZone' is clicked on

2018-12-07 13:44:39 - [MESSAGE][PASSED] - Object: 'Object Repository/TestUser/selectTimeZone' is clicked on

2018-12-07 13:44:39 - [TEST_STEP][PASSED] - Thread.sleep(2000): null

2018-12-07 13:44:41 - [TEST_STEP][PASSED] - click(findTestObject("TestUser/clickOutside")): Object: 'Object Repository/TestUser/clickOutside' is clicked on

2018-12-07 13:44:41 - [MESSAGE][PASSED] - Object: 'Object Repository/TestUser/clickOutside' is clicked on

2018-12-07 13:44:41 - [TEST_STEP][PASSED] - click(findTestObject("TestUser/locationOpen")): Object: 'Object Repository/TestUser/locationOpen' is clicked on

2018-12-07 13:44:41 - [MESSAGE][PASSED] - Object: 'Object Repository/TestUser/locationOpen' is clicked on

2018-12-07 13:44:41 - [TEST_STEP][PASSED] - Thread.sleep(2000): null

2018-12-07 13:44:43 - [TEST_STEP][PASSED] - click(findTestObject("TestUser/selectLocation")): Object: 'Object Repository/TestUser/selectLocation' is clicked on

2018-12-07 13:44:43 - [MESSAGE][PASSED] - Object: 'Object Repository/TestUser/selectLocation' is clicked on

2018-12-07 13:44:43 - [TEST_STEP][PASSED] - Thread.sleep(2000): null

2018-12-07 13:44:45 - [TEST_STEP][PASSED] - click(findTestObject("TestUser/clickOutside")): Object: 'Object Repository/TestUser/clickOutside' is clicked on

2018-12-07 13:44:45 - [MESSAGE][PASSED] - Object: 'Object Repository/TestUser/clickOutside' is clicked on

2018-12-07 13:44:45 - [TEST_STEP][PASSED] - click(findTestObject("TestUser/roleOpen")): Object: 'Object Repository/TestUser/roleOpen' is clicked on

2018-12-07 13:44:46 - [MESSAGE][PASSED] - Object: 'Object Repository/TestUser/roleOpen' is clicked on

2018-12-07 13:44:46 - [TEST_STEP][PASSED] - Thread.sleep(2000): null

2018-12-07 13:44:48 - [TEST_STEP][PASSED] - click(findTestObject("TestUser/selectRole")): Object: 'Object Repository/TestUser/selectRole' is clicked on

2018-12-07 13:44:48 - [MESSAGE][PASSED] - Object: 'Object Repository/TestUser/selectRole' is clicked on

2018-12-07 13:44:48 - [TEST_STEP][PASSED] - Thread.sleep(2000): null

2018-12-07 13:44:50 - [TEST_STEP][PASSED] - click(findTestObject("TestUser/clickOutside")): Object: 'Object Repository/TestUser/clickOutside' is clicked on

2018-12-07 13:44:50 - [MESSAGE][PASSED] - Object: 'Object Repository/TestUser/clickOutside' is clicked on

2018-12-07 13:44:50 - [TEST_STEP][PASSED] - Thread.sleep(2000): null

2018-12-07 13:44:52 - [TEST_STEP][PASSED] - click(findTestObject("TestUser/saveUser")): Object: 'Object Repository/TestUser/saveUser' is clicked on

2018-12-07 13:44:52 - [MESSAGE][PASSED] - Object: 'Object Repository/TestUser/saveUser' is clicked on

2018-12-07 13:44:52 - [TEST_STEP][PASSED] - Thread.sleep(6000): null]]></system-out>
         <system-err><![CDATA[]]></system-err>
      </testcase>
      <testcase name="Test Cases/TestUser/userFirstLogin" classname="Test Cases/TestUser/userFirstLogin" status="PASSED">
         <system-out><![CDATA[2018-12-07 13:44:58 - [TEST_CASE][PASSED] - Test Cases/TestUser/userFirstLogin: Test Cases/TestUser/userFirstLogin

2018-12-07 13:44:58 - [TEST_STEP][PASSED] - openBrowser(URL): Browser is opened with url: 'https://test2.stage.safetychain.com'

2018-12-07 13:44:58 - [MESSAGE][WARNING] - A browser is already opened. Closing browser and opening a new one

2018-12-07 13:44:59 - [MESSAGE][INFO] - Starting 'Chrome' driver

2018-12-07 13:45:21 - [MESSAGE][PASSED] - Browser is opened with url: 'https://test2.stage.safetychain.com'

2018-12-07 13:45:21 - [TEST_STEP][PASSED] - maximizeWindow(): Current window maximized

2018-12-07 13:45:22 - [MESSAGE][PASSED] - Current window maximized

2018-12-07 13:45:22 - [TEST_STEP][PASSED] - Thread.sleep(2000): null

2018-12-07 13:45:24 - [TEST_STEP][PASSED] - setText(findTestObject("TestUserLocation/login_Username"), findTestData("UserData").getValue("UserName", 1)): Text 'User_On_07/12/18-13:44' is set on object 'Object Repository/TestUserLocation/login_Username'

2018-12-07 13:45:27 - [MESSAGE][PASSED] - Text 'User_On_07/12/18-13:44' is set on object 'Object Repository/TestUserLocation/login_Username'

2018-12-07 13:45:27 - [TEST_STEP][PASSED] - User.setNewPass(): User.setNewPass is PASSED

2018-12-07 13:45:27 - [MESSAGE][PASSED] - User.setNewPass is PASSED

2018-12-07 13:45:27 - [TEST_STEP][PASSED] - setText(findTestObject("TestUserLocation/login_Password"), findTestData("UserData").getValue("Password", 1)): Text 'password' is set on object 'Object Repository/TestUserLocation/login_Password'

2018-12-07 13:45:27 - [MESSAGE][PASSED] - Text 'password' is set on object 'Object Repository/TestUserLocation/login_Password'

2018-12-07 13:45:27 - [TEST_STEP][PASSED] - Thread.sleep(2000): null

2018-12-07 13:45:29 - [TEST_STEP][PASSED] - click(findTestObject("TestUserLocation/login_Button")): Object: 'Object Repository/TestUserLocation/login_Button' is clicked on

2018-12-07 13:45:32 - [MESSAGE][PASSED] - Object: 'Object Repository/TestUserLocation/login_Button' is clicked on

2018-12-07 13:45:32 - [TEST_STEP][PASSED] - Thread.sleep(6000): null

2018-12-07 13:45:38 - [TEST_STEP][PASSED] - setText(findTestObject("TestUser/newPassword"), "a"): Text 'a' is set on object 'Object Repository/TestUser/newPassword'

2018-12-07 13:45:39 - [MESSAGE][PASSED] - Text 'a' is set on object 'Object Repository/TestUser/newPassword'

2018-12-07 13:45:39 - [TEST_STEP][PASSED] - setText(findTestObject("TestUser/confirmPassword"), "b"): Text 'b' is set on object 'Object Repository/TestUser/confirmPassword'

2018-12-07 13:45:39 - [MESSAGE][PASSED] - Text 'b' is set on object 'Object Repository/TestUser/confirmPassword'

2018-12-07 13:45:39 - [TEST_STEP][PASSED] - Thread.sleep(2000): null

2018-12-07 13:45:41 - [TEST_STEP][PASSED] - click(findTestObject("TestUser/createPasswordButton")): Object: 'Object Repository/TestUser/createPasswordButton' is clicked on

2018-12-07 13:45:41 - [MESSAGE][PASSED] - Object: 'Object Repository/TestUser/createPasswordButton' is clicked on

2018-12-07 13:45:41 - [TEST_STEP][PASSED] - Thread.sleep(4000): null

2018-12-07 13:45:45 - [TEST_STEP][PASSED] - click(findTestObject("TestUser/passwordMatch")): Object: 'Object Repository/TestUser/passwordMatch' is clicked on

2018-12-07 13:45:45 - [MESSAGE][PASSED] - Object: 'Object Repository/TestUser/passwordMatch' is clicked on

2018-12-07 13:45:45 - [TEST_STEP][PASSED] - setText(findTestObject("TestUser/newPassword"), "a"): Text 'a' is set on object 'Object Repository/TestUser/newPassword'

2018-12-07 13:45:45 - [MESSAGE][PASSED] - Text 'a' is set on object 'Object Repository/TestUser/newPassword'

2018-12-07 13:45:45 - [TEST_STEP][PASSED] - setText(findTestObject("TestUser/confirmPassword"), "a"): Text 'a' is set on object 'Object Repository/TestUser/confirmPassword'

2018-12-07 13:45:45 - [MESSAGE][PASSED] - Text 'a' is set on object 'Object Repository/TestUser/confirmPassword'

2018-12-07 13:45:45 - [TEST_STEP][PASSED] - Thread.sleep(2000): null

2018-12-07 13:45:47 - [TEST_STEP][PASSED] - click(findTestObject("TestUser/createPasswordButton")): Object: 'Object Repository/TestUser/createPasswordButton' is clicked on

2018-12-07 13:45:48 - [MESSAGE][PASSED] - Object: 'Object Repository/TestUser/createPasswordButton' is clicked on

2018-12-07 13:45:48 - [TEST_STEP][PASSED] - Thread.sleep(4000): null

2018-12-07 13:45:52 - [TEST_STEP][PASSED] - click(findTestObject("TestUser/characterLength")): Object: 'Object Repository/TestUser/characterLength' is clicked on

2018-12-07 13:45:52 - [MESSAGE][PASSED] - Object: 'Object Repository/TestUser/characterLength' is clicked on

2018-12-07 13:45:52 - [TEST_STEP][PASSED] - setText(findTestObject("TestUser/newPassword"), findTestData("UserData").getValue("Password", 1)): Text 'password' is set on object 'Object Repository/TestUser/newPassword'

2018-12-07 13:45:52 - [MESSAGE][PASSED] - Text 'password' is set on object 'Object Repository/TestUser/newPassword'

2018-12-07 13:45:52 - [TEST_STEP][PASSED] - setText(findTestObject("TestUser/confirmPassword"), findTestData("UserData").getValue("Password", 1)): Text 'password' is set on object 'Object Repository/TestUser/confirmPassword'

2018-12-07 13:45:52 - [MESSAGE][PASSED] - Text 'password' is set on object 'Object Repository/TestUser/confirmPassword'

2018-12-07 13:45:52 - [TEST_STEP][PASSED] - Thread.sleep(2000): null

2018-12-07 13:45:54 - [TEST_STEP][PASSED] - click(findTestObject("TestUser/createPasswordButton")): Object: 'Object Repository/TestUser/createPasswordButton' is clicked on

2018-12-07 13:45:55 - [MESSAGE][PASSED] - Object: 'Object Repository/TestUser/createPasswordButton' is clicked on

2018-12-07 13:45:55 - [TEST_STEP][PASSED] - Thread.sleep(4000): null

2018-12-07 13:45:59 - [TEST_STEP][PASSED] - click(findTestObject("TestUser/specialCharacater")): Object: 'Object Repository/TestUser/specialCharacater' is clicked on

2018-12-07 13:45:59 - [MESSAGE][PASSED] - Object: 'Object Repository/TestUser/specialCharacater' is clicked on

2018-12-07 13:45:59 - [TEST_STEP][PASSED] - setText(findTestObject("TestUser/newPassword"), findTestData("UserData").getValue("NewPassword", 1)): Text 'password@123#' is set on object 'Object Repository/TestUser/newPassword'

2018-12-07 13:45:59 - [MESSAGE][PASSED] - Text 'password@123#' is set on object 'Object Repository/TestUser/newPassword'

2018-12-07 13:45:59 - [TEST_STEP][PASSED] - setText(findTestObject("TestUser/confirmPassword"), findTestData("UserData").getValue("NewPassword", 1)): Text 'password@123#' is set on object 'Object Repository/TestUser/confirmPassword'

2018-12-07 13:45:59 - [MESSAGE][PASSED] - Text 'password@123#' is set on object 'Object Repository/TestUser/confirmPassword'

2018-12-07 13:45:59 - [TEST_STEP][PASSED] - Thread.sleep(2000): null

2018-12-07 13:46:01 - [TEST_STEP][PASSED] - click(findTestObject("TestUser/createPasswordButton")): Object: 'Object Repository/TestUser/createPasswordButton' is clicked on

2018-12-07 13:46:02 - [MESSAGE][PASSED] - Object: 'Object Repository/TestUser/createPasswordButton' is clicked on

2018-12-07 13:46:02 - [TEST_STEP][PASSED] - Thread.sleep(4000): null

2018-12-07 13:46:06 - [TEST_STEP][PASSED] - setText(findTestObject("TestUserLocation/login_Username"), findTestData("UserData").getValue("UserName", 1)): Text 'User_On_07/12/18-13:44' is set on object 'Object Repository/TestUserLocation/login_Username'

2018-12-07 13:46:06 - [MESSAGE][PASSED] - Text 'User_On_07/12/18-13:44' is set on object 'Object Repository/TestUserLocation/login_Username'

2018-12-07 13:46:06 - [TEST_STEP][PASSED] - setText(findTestObject("TestUserLocation/login_Password"), findTestData("UserData").getValue("NewPassword", 1)): Text 'password@123#' is set on object 'Object Repository/TestUserLocation/login_Password'

2018-12-07 13:46:07 - [MESSAGE][PASSED] - Text 'password@123#' is set on object 'Object Repository/TestUserLocation/login_Password'

2018-12-07 13:46:07 - [TEST_STEP][PASSED] - Thread.sleep(2000): null

2018-12-07 13:46:09 - [TEST_STEP][PASSED] - click(findTestObject("TestUserLocation/login_Button")): Object: 'Object Repository/TestUserLocation/login_Button' is clicked on

2018-12-07 13:46:11 - [MESSAGE][PASSED] - Object: 'Object Repository/TestUserLocation/login_Button' is clicked on

2018-12-07 13:46:11 - [TEST_STEP][PASSED] - Thread.sleep(4000): null]]></system-out>
         <system-err><![CDATA[]]></system-err>
      </testcase>
      <testcase name="Test Cases/TestUser/CheckUser_Invalid" classname="Test Cases/TestUser/CheckUser_Invalid" status="PASSED">
         <system-out><![CDATA[2018-12-07 13:46:15 - [TEST_CASE][PASSED] - Test Cases/TestUser/CheckUser_Invalid: Test Cases/TestUser/CheckUser_Invalid

2018-12-07 13:46:15 - [TEST_STEP][PASSED] - openBrowser(URL): Browser is opened with url: 'https://test2.stage.safetychain.com'

2018-12-07 13:46:15 - [MESSAGE][WARNING] - A browser is already opened. Closing browser and opening a new one

2018-12-07 13:46:16 - [MESSAGE][INFO] - Starting 'Chrome' driver

2018-12-07 13:46:30 - [MESSAGE][PASSED] - Browser is opened with url: 'https://test2.stage.safetychain.com'

2018-12-07 13:46:30 - [TEST_STEP][PASSED] - maximizeWindow(): Current window maximized

2018-12-07 13:46:31 - [MESSAGE][PASSED] - Current window maximized

2018-12-07 13:46:31 - [TEST_STEP][PASSED] - for (def index : (0..10)): null

2018-12-07 13:46:31 - [TEST_STEP][PASSED] - setText(findTestObject("TestUserLocation/login_Username"), findTestData("UserData").getValue("UserName", 1)): Text 'User_On_07/12/18-13:44' is set on object 'Object Repository/TestUserLocation/login_Username'

2018-12-07 13:46:34 - [MESSAGE][PASSED] - Text 'User_On_07/12/18-13:44' is set on object 'Object Repository/TestUserLocation/login_Username'

2018-12-07 13:46:34 - [TEST_STEP][PASSED] - setText(findTestObject("TestUserLocation/login_Password"), findTestData("UserData").getValue("Password", 1)): Text 'password' is set on object 'Object Repository/TestUserLocation/login_Password'

2018-12-07 13:46:34 - [MESSAGE][PASSED] - Text 'password' is set on object 'Object Repository/TestUserLocation/login_Password'

2018-12-07 13:46:34 - [TEST_STEP][PASSED] - click(findTestObject("TestUserLocation/login_Button")): Object: 'Object Repository/TestUserLocation/login_Button' is clicked on

2018-12-07 13:46:36 - [MESSAGE][PASSED] - Object: 'Object Repository/TestUserLocation/login_Button' is clicked on

2018-12-07 13:46:36 - [TEST_STEP][PASSED] - Thread.sleep(2000): null

2018-12-07 13:46:38 - [TEST_STEP][PASSED] - setText(findTestObject("TestUserLocation/login_Username"), findTestData("UserData").getValue("UserName", 1)): Text 'User_On_07/12/18-13:44' is set on object 'Object Repository/TestUserLocation/login_Username'

2018-12-07 13:46:43 - [MESSAGE][PASSED] - Text 'User_On_07/12/18-13:44' is set on object 'Object Repository/TestUserLocation/login_Username'

2018-12-07 13:46:43 - [TEST_STEP][PASSED] - setText(findTestObject("TestUserLocation/login_Password"), findTestData("UserData").getValue("Password", 1)): Text 'password' is set on object 'Object Repository/TestUserLocation/login_Password'

2018-12-07 13:46:43 - [MESSAGE][PASSED] - Text 'password' is set on object 'Object Repository/TestUserLocation/login_Password'

2018-12-07 13:46:43 - [TEST_STEP][PASSED] - click(findTestObject("TestUserLocation/login_Button")): Object: 'Object Repository/TestUserLocation/login_Button' is clicked on

2018-12-07 13:46:44 - [MESSAGE][PASSED] - Object: 'Object Repository/TestUserLocation/login_Button' is clicked on

2018-12-07 13:46:44 - [TEST_STEP][PASSED] - Thread.sleep(2000): null

2018-12-07 13:46:46 - [TEST_STEP][PASSED] - setText(findTestObject("TestUserLocation/login_Username"), findTestData("UserData").getValue("UserName", 1)): Text 'User_On_07/12/18-13:44' is set on object 'Object Repository/TestUserLocation/login_Username'

2018-12-07 13:46:46 - [MESSAGE][PASSED] - Text 'User_On_07/12/18-13:44' is set on object 'Object Repository/TestUserLocation/login_Username'

2018-12-07 13:46:46 - [TEST_STEP][PASSED] - setText(findTestObject("TestUserLocation/login_Password"), findTestData("UserData").getValue("Password", 1)): Text 'password' is set on object 'Object Repository/TestUserLocation/login_Password'

2018-12-07 13:46:46 - [MESSAGE][PASSED] - Text 'password' is set on object 'Object Repository/TestUserLocation/login_Password'

2018-12-07 13:46:46 - [TEST_STEP][PASSED] - click(findTestObject("TestUserLocation/login_Button")): Object: 'Object Repository/TestUserLocation/login_Button' is clicked on

2018-12-07 13:46:47 - [MESSAGE][PASSED] - Object: 'Object Repository/TestUserLocation/login_Button' is clicked on

2018-12-07 13:46:47 - [TEST_STEP][PASSED] - Thread.sleep(2000): null

2018-12-07 13:46:49 - [TEST_STEP][PASSED] - setText(findTestObject("TestUserLocation/login_Username"), findTestData("UserData").getValue("UserName", 1)): Text 'User_On_07/12/18-13:44' is set on object 'Object Repository/TestUserLocation/login_Username'

2018-12-07 13:46:49 - [MESSAGE][PASSED] - Text 'User_On_07/12/18-13:44' is set on object 'Object Repository/TestUserLocation/login_Username'

2018-12-07 13:46:49 - [TEST_STEP][PASSED] - setText(findTestObject("TestUserLocation/login_Password"), findTestData("UserData").getValue("Password", 1)): Text 'password' is set on object 'Object Repository/TestUserLocation/login_Password'

2018-12-07 13:46:49 - [MESSAGE][PASSED] - Text 'password' is set on object 'Object Repository/TestUserLocation/login_Password'

2018-12-07 13:46:49 - [TEST_STEP][PASSED] - click(findTestObject("TestUserLocation/login_Button")): Object: 'Object Repository/TestUserLocation/login_Button' is clicked on

2018-12-07 13:46:50 - [MESSAGE][PASSED] - Object: 'Object Repository/TestUserLocation/login_Button' is clicked on

2018-12-07 13:46:50 - [TEST_STEP][PASSED] - Thread.sleep(2000): null

2018-12-07 13:46:52 - [TEST_STEP][PASSED] - setText(findTestObject("TestUserLocation/login_Username"), findTestData("UserData").getValue("UserName", 1)): Text 'User_On_07/12/18-13:44' is set on object 'Object Repository/TestUserLocation/login_Username'

2018-12-07 13:46:52 - [MESSAGE][PASSED] - Text 'User_On_07/12/18-13:44' is set on object 'Object Repository/TestUserLocation/login_Username'

2018-12-07 13:46:52 - [TEST_STEP][PASSED] - setText(findTestObject("TestUserLocation/login_Password"), findTestData("UserData").getValue("Password", 1)): Text 'password' is set on object 'Object Repository/TestUserLocation/login_Password'

2018-12-07 13:46:52 - [MESSAGE][PASSED] - Text 'password' is set on object 'Object Repository/TestUserLocation/login_Password'

2018-12-07 13:46:52 - [TEST_STEP][PASSED] - click(findTestObject("TestUserLocation/login_Button")): Object: 'Object Repository/TestUserLocation/login_Button' is clicked on

2018-12-07 13:46:53 - [MESSAGE][PASSED] - Object: 'Object Repository/TestUserLocation/login_Button' is clicked on

2018-12-07 13:46:53 - [TEST_STEP][PASSED] - Thread.sleep(2000): null

2018-12-07 13:46:55 - [TEST_STEP][PASSED] - setText(findTestObject("TestUserLocation/login_Username"), findTestData("UserData").getValue("UserName", 1)): Text 'User_On_07/12/18-13:44' is set on object 'Object Repository/TestUserLocation/login_Username'

2018-12-07 13:46:55 - [MESSAGE][PASSED] - Text 'User_On_07/12/18-13:44' is set on object 'Object Repository/TestUserLocation/login_Username'

2018-12-07 13:46:55 - [TEST_STEP][PASSED] - setText(findTestObject("TestUserLocation/login_Password"), findTestData("UserData").getValue("Password", 1)): Text 'password' is set on object 'Object Repository/TestUserLocation/login_Password'

2018-12-07 13:46:55 - [MESSAGE][PASSED] - Text 'password' is set on object 'Object Repository/TestUserLocation/login_Password'

2018-12-07 13:46:55 - [TEST_STEP][PASSED] - click(findTestObject("TestUserLocation/login_Button")): Object: 'Object Repository/TestUserLocation/login_Button' is clicked on

2018-12-07 13:46:56 - [MESSAGE][PASSED] - Object: 'Object Repository/TestUserLocation/login_Button' is clicked on

2018-12-07 13:46:56 - [TEST_STEP][PASSED] - Thread.sleep(2000): null

2018-12-07 13:46:58 - [TEST_STEP][PASSED] - setText(findTestObject("TestUserLocation/login_Username"), findTestData("UserData").getValue("UserName", 1)): Text 'User_On_07/12/18-13:44' is set on object 'Object Repository/TestUserLocation/login_Username'

2018-12-07 13:46:58 - [MESSAGE][PASSED] - Text 'User_On_07/12/18-13:44' is set on object 'Object Repository/TestUserLocation/login_Username'

2018-12-07 13:46:58 - [TEST_STEP][PASSED] - setText(findTestObject("TestUserLocation/login_Password"), findTestData("UserData").getValue("Password", 1)): Text 'password' is set on object 'Object Repository/TestUserLocation/login_Password'

2018-12-07 13:46:58 - [MESSAGE][PASSED] - Text 'password' is set on object 'Object Repository/TestUserLocation/login_Password'

2018-12-07 13:46:58 - [TEST_STEP][PASSED] - click(findTestObject("TestUserLocation/login_Button")): Object: 'Object Repository/TestUserLocation/login_Button' is clicked on

2018-12-07 13:46:59 - [MESSAGE][PASSED] - Object: 'Object Repository/TestUserLocation/login_Button' is clicked on

2018-12-07 13:46:59 - [TEST_STEP][PASSED] - Thread.sleep(2000): null

2018-12-07 13:47:01 - [TEST_STEP][PASSED] - setText(findTestObject("TestUserLocation/login_Username"), findTestData("UserData").getValue("UserName", 1)): Text 'User_On_07/12/18-13:44' is set on object 'Object Repository/TestUserLocation/login_Username'

2018-12-07 13:47:01 - [MESSAGE][PASSED] - Text 'User_On_07/12/18-13:44' is set on object 'Object Repository/TestUserLocation/login_Username'

2018-12-07 13:47:01 - [TEST_STEP][PASSED] - setText(findTestObject("TestUserLocation/login_Password"), findTestData("UserData").getValue("Password", 1)): Text 'password' is set on object 'Object Repository/TestUserLocation/login_Password'

2018-12-07 13:47:01 - [MESSAGE][PASSED] - Text 'password' is set on object 'Object Repository/TestUserLocation/login_Password'

2018-12-07 13:47:01 - [TEST_STEP][PASSED] - click(findTestObject("TestUserLocation/login_Button")): Object: 'Object Repository/TestUserLocation/login_Button' is clicked on

2018-12-07 13:47:01 - [MESSAGE][PASSED] - Object: 'Object Repository/TestUserLocation/login_Button' is clicked on

2018-12-07 13:47:01 - [TEST_STEP][PASSED] - Thread.sleep(2000): null

2018-12-07 13:47:03 - [TEST_STEP][PASSED] - setText(findTestObject("TestUserLocation/login_Username"), findTestData("UserData").getValue("UserName", 1)): Text 'User_On_07/12/18-13:44' is set on object 'Object Repository/TestUserLocation/login_Username'

2018-12-07 13:47:04 - [MESSAGE][PASSED] - Text 'User_On_07/12/18-13:44' is set on object 'Object Repository/TestUserLocation/login_Username'

2018-12-07 13:47:04 - [TEST_STEP][PASSED] - setText(findTestObject("TestUserLocation/login_Password"), findTestData("UserData").getValue("Password", 1)): Text 'password' is set on object 'Object Repository/TestUserLocation/login_Password'

2018-12-07 13:47:04 - [MESSAGE][PASSED] - Text 'password' is set on object 'Object Repository/TestUserLocation/login_Password'

2018-12-07 13:47:04 - [TEST_STEP][PASSED] - click(findTestObject("TestUserLocation/login_Button")): Object: 'Object Repository/TestUserLocation/login_Button' is clicked on

2018-12-07 13:47:05 - [MESSAGE][PASSED] - Object: 'Object Repository/TestUserLocation/login_Button' is clicked on

2018-12-07 13:47:05 - [TEST_STEP][PASSED] - Thread.sleep(2000): null

2018-12-07 13:47:07 - [TEST_STEP][PASSED] - setText(findTestObject("TestUserLocation/login_Username"), findTestData("UserData").getValue("UserName", 1)): Text 'User_On_07/12/18-13:44' is set on object 'Object Repository/TestUserLocation/login_Username'

2018-12-07 13:47:07 - [MESSAGE][PASSED] - Text 'User_On_07/12/18-13:44' is set on object 'Object Repository/TestUserLocation/login_Username'

2018-12-07 13:47:07 - [TEST_STEP][PASSED] - setText(findTestObject("TestUserLocation/login_Password"), findTestData("UserData").getValue("Password", 1)): Text 'password' is set on object 'Object Repository/TestUserLocation/login_Password'

2018-12-07 13:47:07 - [MESSAGE][PASSED] - Text 'password' is set on object 'Object Repository/TestUserLocation/login_Password'

2018-12-07 13:47:07 - [TEST_STEP][PASSED] - click(findTestObject("TestUserLocation/login_Button")): Object: 'Object Repository/TestUserLocation/login_Button' is clicked on

2018-12-07 13:47:08 - [MESSAGE][PASSED] - Object: 'Object Repository/TestUserLocation/login_Button' is clicked on

2018-12-07 13:47:08 - [TEST_STEP][PASSED] - Thread.sleep(2000): null

2018-12-07 13:47:10 - [TEST_STEP][PASSED] - setText(findTestObject("TestUserLocation/login_Username"), findTestData("UserData").getValue("UserName", 1)): Text 'User_On_07/12/18-13:44' is set on object 'Object Repository/TestUserLocation/login_Username'

2018-12-07 13:47:10 - [MESSAGE][PASSED] - Text 'User_On_07/12/18-13:44' is set on object 'Object Repository/TestUserLocation/login_Username'

2018-12-07 13:47:10 - [TEST_STEP][PASSED] - setText(findTestObject("TestUserLocation/login_Password"), findTestData("UserData").getValue("Password", 1)): Text 'password' is set on object 'Object Repository/TestUserLocation/login_Password'

2018-12-07 13:47:11 - [MESSAGE][PASSED] - Text 'password' is set on object 'Object Repository/TestUserLocation/login_Password'

2018-12-07 13:47:11 - [TEST_STEP][PASSED] - click(findTestObject("TestUserLocation/login_Button")): Object: 'Object Repository/TestUserLocation/login_Button' is clicked on

2018-12-07 13:47:11 - [MESSAGE][PASSED] - Object: 'Object Repository/TestUserLocation/login_Button' is clicked on

2018-12-07 13:47:11 - [TEST_STEP][PASSED] - Thread.sleep(2000): null

2018-12-07 13:47:13 - [TEST_STEP][PASSED] - click(findTestObject("TestUser/lockedAccount")): Object: 'Object Repository/TestUser/lockedAccount' is clicked on

2018-12-07 13:47:13 - [MESSAGE][PASSED] - Object: 'Object Repository/TestUser/lockedAccount' is clicked on

2018-12-07 13:47:13 - [TEST_STEP][PASSED] - Thread.sleep(6000): null

2018-12-07 13:47:19 - [TEST_STEP][NOT_RUN] - setText(findTestObject("TestUserLocation/login_Username"), findTestData("UserData").getValue("UserName", 1)): NOT_RUN: setText(findTestObject("TestUserLocation/login_Username"), findTestData("UserData").getValue("UserName", 1))

2018-12-07 13:47:19 - [MESSAGE][NOT_RUN] - NOT_RUN: setText(findTestObject("TestUserLocation/login_Username"), findTestData("UserData").getValue("UserName", 1))

2018-12-07 13:47:19 - [TEST_STEP][NOT_RUN] - setText(findTestObject("TestUserLocation/login_Password"), findTestData("UserData").getValue("NewPassword", 1)): NOT_RUN: setText(findTestObject("TestUserLocation/login_Password"), findTestData("UserData").getValue("NewPassword", 1))

2018-12-07 13:47:19 - [MESSAGE][NOT_RUN] - NOT_RUN: setText(findTestObject("TestUserLocation/login_Password"), findTestData("UserData").getValue("NewPassword", 1))

2018-12-07 13:47:19 - [TEST_STEP][NOT_RUN] - click(findTestObject("TestUserLocation/login_Button")): NOT_RUN: click(findTestObject("TestUserLocation/login_Button"))

2018-12-07 13:47:19 - [MESSAGE][NOT_RUN] - NOT_RUN: click(findTestObject("TestUserLocation/login_Button"))]]></system-out>
         <system-err><![CDATA[]]></system-err>
      </testcase>
      <testcase name="Test Cases/TestUser/UnlockUser" classname="Test Cases/TestUser/UnlockUser" status="PASSED">
         <system-out><![CDATA[2018-12-07 13:47:19 - [TEST_CASE][PASSED] - Test Cases/TestUser/UnlockUser: Test Cases/TestUser/UnlockUser

2018-12-07 13:47:19 - [TEST_STEP][PASSED] - openBrowser(URL): Browser is opened with url: 'https://test2.stage.safetychain.com'

2018-12-07 13:47:19 - [MESSAGE][WARNING] - A browser is already opened. Closing browser and opening a new one

2018-12-07 13:47:20 - [MESSAGE][INFO] - Starting 'Chrome' driver

2018-12-07 13:47:39 - [MESSAGE][PASSED] - Browser is opened with url: 'https://test2.stage.safetychain.com'

2018-12-07 13:47:39 - [TEST_STEP][PASSED] - maximizeWindow(): Current window maximized

2018-12-07 13:47:41 - [MESSAGE][PASSED] - Current window maximized

2018-12-07 13:47:41 - [TEST_STEP][PASSED] - setText(findTestObject("TestUserLocation/login_Username"), UserName): Text 'superadmin' is set on object 'Object Repository/TestUserLocation/login_Username'

2018-12-07 13:47:45 - [MESSAGE][PASSED] - Text 'superadmin' is set on object 'Object Repository/TestUserLocation/login_Username'

2018-12-07 13:47:45 - [TEST_STEP][PASSED] - setText(findTestObject("TestUserLocation/login_Password"), Password): Text 'sliptest23772boot' is set on object 'Object Repository/TestUserLocation/login_Password'

2018-12-07 13:47:45 - [MESSAGE][PASSED] - Text 'sliptest23772boot' is set on object 'Object Repository/TestUserLocation/login_Password'

2018-12-07 13:47:45 - [TEST_STEP][NOT_RUN] - User.setNamePass(): NOT_RUN: User.setNamePass()

2018-12-07 13:47:45 - [MESSAGE][NOT_RUN] - NOT_RUN: User.setNamePass()

2018-12-07 13:47:45 - [TEST_STEP][PASSED] - click(findTestObject("TestUserLocation/login_Button")): Object: 'Object Repository/TestUserLocation/login_Button' is clicked on

2018-12-07 13:47:47 - [MESSAGE][PASSED] - Object: 'Object Repository/TestUserLocation/login_Button' is clicked on

2018-12-07 13:47:47 - [TEST_STEP][PASSED] - Thread.sleep(6000): null

2018-12-07 13:47:53 - [TEST_STEP][PASSED] - click(findTestObject("TestUserLocation/mainmenu_button")): Object: 'Object Repository/TestUserLocation/mainmenu_button' is clicked on

2018-12-07 13:47:53 - [MESSAGE][PASSED] - Object: 'Object Repository/TestUserLocation/mainmenu_button' is clicked on

2018-12-07 13:47:53 - [TEST_STEP][PASSED] - click(findTestObject("Form_Selection_Creation/mainMenu_AdminTools")): Object: 'Object Repository/Form_Selection_Creation/mainMenu_AdminTools' is clicked on

2018-12-07 13:47:53 - [MESSAGE][PASSED] - Object: 'Object Repository/Form_Selection_Creation/mainMenu_AdminTools' is clicked on

2018-12-07 13:47:53 - [TEST_STEP][PASSED] - Thread.sleep(2000): null

2018-12-07 13:47:55 - [TEST_STEP][PASSED] - click(findTestObject("TestUser/users")): Object: 'Object Repository/TestUser/users' is clicked on

2018-12-07 13:47:55 - [MESSAGE][PASSED] - Object: 'Object Repository/TestUser/users' is clicked on

2018-12-07 13:47:55 - [TEST_STEP][PASSED] - Thread.sleep(4000): null

2018-12-07 13:47:59 - [TEST_STEP][PASSED] - setText(findTestObject("TestUser/filterUser"), findTestData("UserData").getValue("UserName", 1)): Text 'User_On_07/12/18-13:44' is set on object 'Object Repository/TestUser/filterUser'

2018-12-07 13:48:00 - [MESSAGE][PASSED] - Text 'User_On_07/12/18-13:44' is set on object 'Object Repository/TestUser/filterUser'

2018-12-07 13:48:00 - [TEST_STEP][PASSED] - Thread.sleep(2000): null

2018-12-07 13:48:02 - [TEST_STEP][PASSED] - sendKeys(findTestObject("TestUser/filterUser"), Keys.chord(ENTER)): Keys 'ENTER + ' sent to object: 'Object Repository/TestUser/filterUser'

2018-12-07 13:48:02 - [MESSAGE][PASSED] - Keys 'ENTER + ' sent to object: 'Object Repository/TestUser/filterUser'

2018-12-07 13:48:02 - [TEST_STEP][PASSED] - Thread.sleep(4000): null

2018-12-07 13:48:06 - [TEST_STEP][PASSED] - click(findTestObject("TestUser/moveToUser")): Object: 'Object Repository/TestUser/moveToUser' is clicked on

2018-12-07 13:48:06 - [MESSAGE][PASSED] - Object: 'Object Repository/TestUser/moveToUser' is clicked on

2018-12-07 13:48:06 - [TEST_STEP][PASSED] - Thread.sleep(2000): null

2018-12-07 13:48:08 - [TEST_STEP][PASSED] - click(findTestObject("TestUser/openUserOptions")): Object: 'Object Repository/TestUser/openUserOptions' is clicked on

2018-12-07 13:48:08 - [MESSAGE][PASSED] - Object: 'Object Repository/TestUser/openUserOptions' is clicked on

2018-12-07 13:48:08 - [TEST_STEP][PASSED] - Thread.sleep(2000): null

2018-12-07 13:48:10 - [TEST_STEP][PASSED] - click(findTestObject("TestUser/unlockUserOption")): Object: 'Object Repository/TestUser/unlockUserOption' is clicked on

2018-12-07 13:48:10 - [MESSAGE][PASSED] - Object: 'Object Repository/TestUser/unlockUserOption' is clicked on

2018-12-07 13:48:10 - [TEST_STEP][PASSED] - Thread.sleep(2000): null

2018-12-07 13:48:12 - [TEST_STEP][PASSED] - click(findTestObject("TestUser/confirmUserYes")): Object: 'Object Repository/TestUser/confirmUserYes' is clicked on

2018-12-07 13:48:13 - [MESSAGE][PASSED] - Object: 'Object Repository/TestUser/confirmUserYes' is clicked on

2018-12-07 13:48:13 - [TEST_STEP][PASSED] - Thread.sleep(7000): null]]></system-out>
         <system-err><![CDATA[]]></system-err>
      </testcase>
      <testcase name="Test Cases/TestUser/LoginUser_Unlock" classname="Test Cases/TestUser/LoginUser_Unlock" status="PASSED">
         <system-out><![CDATA[2018-12-07 13:48:20 - [TEST_CASE][PASSED] - Test Cases/TestUser/LoginUser_Unlock: Test Cases/TestUser/LoginUser_Unlock

2018-12-07 13:48:20 - [TEST_STEP][PASSED] - openBrowser(URL): Browser is opened with url: 'https://test2.stage.safetychain.com'

2018-12-07 13:48:20 - [MESSAGE][WARNING] - A browser is already opened. Closing browser and opening a new one

2018-12-07 13:48:21 - [MESSAGE][INFO] - Starting 'Chrome' driver

2018-12-07 13:48:45 - [MESSAGE][PASSED] - Browser is opened with url: 'https://test2.stage.safetychain.com'

2018-12-07 13:48:45 - [TEST_STEP][PASSED] - maximizeWindow(): Current window maximized

2018-12-07 13:48:47 - [MESSAGE][PASSED] - Current window maximized

2018-12-07 13:48:47 - [TEST_STEP][PASSED] - setText(findTestObject("TestUserLocation/login_Username"), findTestData("UserData").getValue("UserName", 1)): Text 'User_On_07/12/18-13:44' is set on object 'Object Repository/TestUserLocation/login_Username'

2018-12-07 13:48:51 - [MESSAGE][PASSED] - Text 'User_On_07/12/18-13:44' is set on object 'Object Repository/TestUserLocation/login_Username'

2018-12-07 13:48:51 - [TEST_STEP][PASSED] - setText(findTestObject("TestUserLocation/login_Password"), findTestData("UserData").getValue("NewPassword", 1)): Text 'password@123#' is set on object 'Object Repository/TestUserLocation/login_Password'

2018-12-07 13:48:51 - [MESSAGE][PASSED] - Text 'password@123#' is set on object 'Object Repository/TestUserLocation/login_Password'

2018-12-07 13:48:51 - [TEST_STEP][PASSED] - Thread.sleep(2000): null

2018-12-07 13:48:53 - [TEST_STEP][PASSED] - click(findTestObject("TestUserLocation/login_Button")): Object: 'Object Repository/TestUserLocation/login_Button' is clicked on

2018-12-07 13:48:56 - [MESSAGE][PASSED] - Object: 'Object Repository/TestUserLocation/login_Button' is clicked on

2018-12-07 13:48:56 - [TEST_STEP][PASSED] - Thread.sleep(6000): null

2018-12-07 13:49:02 - [TEST_STEP][PASSED] - click(findTestObject("TestUser/clickToCheck")): Object: 'Object Repository/TestUser/clickToCheck' is clicked on

2018-12-07 13:49:02 - [MESSAGE][PASSED] - Object: 'Object Repository/TestUser/clickToCheck' is clicked on

2018-12-07 13:49:02 - [TEST_STEP][PASSED] - Thread.sleep(6000): null]]></system-out>
         <system-err><![CDATA[]]></system-err>
      </testcase>
      <testcase name="Test Cases/TestUser/DeactivateUser" classname="Test Cases/TestUser/DeactivateUser" status="PASSED">
         <system-out><![CDATA[2018-12-07 13:49:08 - [TEST_CASE][PASSED] - Test Cases/TestUser/DeactivateUser: Test Cases/TestUser/DeactivateUser

2018-12-07 13:49:08 - [TEST_STEP][PASSED] - openBrowser(URL): Browser is opened with url: 'https://test2.stage.safetychain.com'

2018-12-07 13:49:08 - [MESSAGE][WARNING] - A browser is already opened. Closing browser and opening a new one

2018-12-07 13:49:09 - [MESSAGE][INFO] - Starting 'Chrome' driver

2018-12-07 13:49:29 - [MESSAGE][PASSED] - Browser is opened with url: 'https://test2.stage.safetychain.com'

2018-12-07 13:49:29 - [TEST_STEP][PASSED] - maximizeWindow(): Current window maximized

2018-12-07 13:49:31 - [MESSAGE][PASSED] - Current window maximized

2018-12-07 13:49:31 - [TEST_STEP][PASSED] - setText(findTestObject("TestUserLocation/login_Username"), UserName): Text 'superadmin' is set on object 'Object Repository/TestUserLocation/login_Username'

2018-12-07 13:49:34 - [MESSAGE][PASSED] - Text 'superadmin' is set on object 'Object Repository/TestUserLocation/login_Username'

2018-12-07 13:49:34 - [TEST_STEP][PASSED] - setText(findTestObject("TestUserLocation/login_Password"), Password): Text 'sliptest23772boot' is set on object 'Object Repository/TestUserLocation/login_Password'

2018-12-07 13:49:34 - [MESSAGE][PASSED] - Text 'sliptest23772boot' is set on object 'Object Repository/TestUserLocation/login_Password'

2018-12-07 13:49:34 - [TEST_STEP][NOT_RUN] - User.setNamePass(): NOT_RUN: User.setNamePass()

2018-12-07 13:49:34 - [MESSAGE][NOT_RUN] - NOT_RUN: User.setNamePass()

2018-12-07 13:49:34 - [TEST_STEP][PASSED] - click(findTestObject("TestUserLocation/login_Button")): Object: 'Object Repository/TestUserLocation/login_Button' is clicked on

2018-12-07 13:49:36 - [MESSAGE][PASSED] - Object: 'Object Repository/TestUserLocation/login_Button' is clicked on

2018-12-07 13:49:36 - [TEST_STEP][PASSED] - Thread.sleep(6000): null

2018-12-07 13:49:42 - [TEST_STEP][PASSED] - click(findTestObject("TestUserLocation/mainmenu_button")): Object: 'Object Repository/TestUserLocation/mainmenu_button' is clicked on

2018-12-07 13:49:44 - [MESSAGE][PASSED] - Object: 'Object Repository/TestUserLocation/mainmenu_button' is clicked on

2018-12-07 13:49:44 - [TEST_STEP][PASSED] - click(findTestObject("Form_Selection_Creation/mainMenu_AdminTools")): Object: 'Object Repository/Form_Selection_Creation/mainMenu_AdminTools' is clicked on

2018-12-07 13:49:45 - [MESSAGE][PASSED] - Object: 'Object Repository/Form_Selection_Creation/mainMenu_AdminTools' is clicked on

2018-12-07 13:49:45 - [TEST_STEP][PASSED] - Thread.sleep(2000): null

2018-12-07 13:49:47 - [TEST_STEP][PASSED] - click(findTestObject("TestUser/users")): Object: 'Object Repository/TestUser/users' is clicked on

2018-12-07 13:49:47 - [MESSAGE][PASSED] - Object: 'Object Repository/TestUser/users' is clicked on

2018-12-07 13:49:47 - [TEST_STEP][PASSED] - Thread.sleep(6000): null

2018-12-07 13:49:53 - [TEST_STEP][PASSED] - setText(findTestObject("TestUser/filterUser"), findTestData("UserData").getValue("UserName", 1)): Text 'User_On_07/12/18-13:44' is set on object 'Object Repository/TestUser/filterUser'

2018-12-07 13:49:53 - [MESSAGE][PASSED] - Text 'User_On_07/12/18-13:44' is set on object 'Object Repository/TestUser/filterUser'

2018-12-07 13:49:53 - [TEST_STEP][PASSED] - Thread.sleep(2000): null

2018-12-07 13:49:55 - [TEST_STEP][PASSED] - sendKeys(findTestObject("TestUser/filterUser"), Keys.chord(ENTER)): Keys 'ENTER + ' sent to object: 'Object Repository/TestUser/filterUser'

2018-12-07 13:49:55 - [MESSAGE][PASSED] - Keys 'ENTER + ' sent to object: 'Object Repository/TestUser/filterUser'

2018-12-07 13:49:55 - [TEST_STEP][PASSED] - Thread.sleep(4000): null

2018-12-07 13:49:59 - [TEST_STEP][PASSED] - click(findTestObject("TestUser/moveToUser")): Object: 'Object Repository/TestUser/moveToUser' is clicked on

2018-12-07 13:49:59 - [MESSAGE][PASSED] - Object: 'Object Repository/TestUser/moveToUser' is clicked on

2018-12-07 13:49:59 - [TEST_STEP][PASSED] - Thread.sleep(2000): null

2018-12-07 13:50:01 - [TEST_STEP][PASSED] - click(findTestObject("TestUser/openUserOptions")): Object: 'Object Repository/TestUser/openUserOptions' is clicked on

2018-12-07 13:50:02 - [MESSAGE][PASSED] - Object: 'Object Repository/TestUser/openUserOptions' is clicked on

2018-12-07 13:50:02 - [TEST_STEP][PASSED] - Thread.sleep(2000): null

2018-12-07 13:50:04 - [TEST_STEP][PASSED] - click(findTestObject("TestUser/deactivateUserOption")): Object: 'Object Repository/TestUser/deactivateUserOption' is clicked on

2018-12-07 13:50:04 - [MESSAGE][PASSED] - Object: 'Object Repository/TestUser/deactivateUserOption' is clicked on

2018-12-07 13:50:04 - [TEST_STEP][PASSED] - Thread.sleep(2000): null

2018-12-07 13:50:06 - [TEST_STEP][PASSED] - click(findTestObject("TestUser/confirmUserYes")): Object: 'Object Repository/TestUser/confirmUserYes' is clicked on

2018-12-07 13:50:06 - [MESSAGE][PASSED] - Object: 'Object Repository/TestUser/confirmUserYes' is clicked on

2018-12-07 13:50:06 - [TEST_STEP][PASSED] - Thread.sleep(7000): null]]></system-out>
         <system-err><![CDATA[]]></system-err>
      </testcase>
      <testcase name="Test Cases/TestUser/LoginUser_Deactivate" classname="Test Cases/TestUser/LoginUser_Deactivate" status="PASSED">
         <system-out><![CDATA[2018-12-07 13:50:13 - [TEST_CASE][PASSED] - Test Cases/TestUser/LoginUser_Deactivate: Test Cases/TestUser/LoginUser_Deactivate

2018-12-07 13:50:13 - [TEST_STEP][PASSED] - openBrowser(URL): Browser is opened with url: 'https://test2.stage.safetychain.com'

2018-12-07 13:50:13 - [MESSAGE][WARNING] - A browser is already opened. Closing browser and opening a new one

2018-12-07 13:50:14 - [MESSAGE][INFO] - Starting 'Chrome' driver

2018-12-07 13:50:38 - [MESSAGE][PASSED] - Browser is opened with url: 'https://test2.stage.safetychain.com'

2018-12-07 13:50:38 - [TEST_STEP][PASSED] - maximizeWindow(): Current window maximized

2018-12-07 13:50:40 - [MESSAGE][PASSED] - Current window maximized

2018-12-07 13:50:40 - [TEST_STEP][PASSED] - setText(findTestObject("TestUserLocation/login_Username"), findTestData("UserData").getValue("UserName", 1)): Text 'User_On_07/12/18-13:44' is set on object 'Object Repository/TestUserLocation/login_Username'

2018-12-07 13:50:42 - [MESSAGE][PASSED] - Text 'User_On_07/12/18-13:44' is set on object 'Object Repository/TestUserLocation/login_Username'

2018-12-07 13:50:42 - [TEST_STEP][PASSED] - setText(findTestObject("TestUserLocation/login_Password"), findTestData("UserData").getValue("NewPassword", 1)): Text 'password@123#' is set on object 'Object Repository/TestUserLocation/login_Password'

2018-12-07 13:50:43 - [MESSAGE][PASSED] - Text 'password@123#' is set on object 'Object Repository/TestUserLocation/login_Password'

2018-12-07 13:50:43 - [TEST_STEP][PASSED] - Thread.sleep(2000): null

2018-12-07 13:50:45 - [TEST_STEP][PASSED] - click(findTestObject("TestUserLocation/login_Button")): Object: 'Object Repository/TestUserLocation/login_Button' is clicked on

2018-12-07 13:50:50 - [MESSAGE][PASSED] - Object: 'Object Repository/TestUserLocation/login_Button' is clicked on

2018-12-07 13:50:50 - [TEST_STEP][PASSED] - Thread.sleep(6000): null

2018-12-07 13:50:56 - [TEST_STEP][PASSED] - click(findTestObject("TestUser/deactivateTest")): Object: 'Object Repository/TestUser/deactivateTest' is clicked on

2018-12-07 13:51:01 - [MESSAGE][PASSED] - Object: 'Object Repository/TestUser/deactivateTest' is clicked on

2018-12-07 13:51:01 - [TEST_STEP][PASSED] - Thread.sleep(6000): null]]></system-out>
         <system-err><![CDATA[]]></system-err>
      </testcase>
      <system-out><![CDATA[2018-12-07 13:43:35 - [TEST_SUITE][PASSED] - UserCheck: Test Cases/TestUser/LoginUser_Deactivate]]></system-out>
      <system-err><![CDATA[]]></system-err>
   </testsuite>
</testsuites>
