<?xml version="1.0" encoding="UTF-8"?>
<testsuites name="MyTest" time="865" tests="10" failures="0" errors="0">
   <testsuite name="MyTest" tests="10" failures="0" errors="0" time="865" timestamp="2019-01-04 08:48:53" hostname="pashine_a - Abhishek-Pashine.India.XoriantCorp.com" id="Test Suites/MyTest">
      <properties>
         <property name="deviceName" value=""/>
         <property name="devicePlatform" value=""/>
         <property name="logFolder" value="D:\\Git Data\\SafetyChain-Test-Automation-Katalon\\Reports\\MyTest\\20190104_084847"/>
         <property name="logFiles" value="D:\\Git Data\\SafetyChain-Test-Automation-Katalon\\Reports\\MyTest\\20190104_084847\\execution0.log"/>
         <property name="attachments" value=""/>
         <property name="hostName" value="pashine_a - Abhishek-Pashine.India.XoriantCorp.com"/>
         <property name="os" value="Windows 7 64bit"/>
         <property name="katalonVersion" value="5.10.1.1"/>
         <property name="browser" value="Chrome 71.0.3578.98"/>
         <property name="hostAddress" value="10.21.7.147"/>
         <property name="sessionId" value="964bda495b8449678c117b5eea096f14"/>
         <property name="seleniumVersion" value="3.7.1"/>
         <property name="proxyInformation" value="ProxyInformation{proxyOption=NO_PROXY, proxyServerType=HTTP, password=, proxyServerAddress=, proxyServerPort=0}"/>
         <property name="platform" value="Windows 7"/>
      </properties>
      <testcase name="Test Cases/Forms/AuditForm/1_CreateForm" classname="Test Cases/Forms/AuditForm/1_CreateForm" status="PASSED">
         <system-out><![CDATA[2019-01-04 08:48:53 - [TEST_CASE][PASSED] - Test Cases/Forms/AuditForm/1_CreateForm: Test Cases/Forms/AuditForm/1_CreateForm

2019-01-04 08:48:54 - [TEST_STEP][PASSED] - openBrowser(URL): Browser is opened with url: 'https://test2.stage.safetychain.com'

2019-01-04 08:48:56 - [MESSAGE][INFO] - Starting 'Chrome' driver

2019-01-04 08:48:56 - [MESSAGE][INFO] - Action delay is set to 0 seconds

2019-01-04 08:49:31 - [MESSAGE][PASSED] - Browser is opened with url: 'https://test2.stage.safetychain.com'

2019-01-04 08:49:31 - [TEST_STEP][PASSED] - maximizeWindow(): Current window maximized

2019-01-04 08:49:32 - [MESSAGE][PASSED] - Current window maximized

2019-01-04 08:49:32 - [TEST_STEP][PASSED] - setText(findTestObject("Form_Selection_Creation/login_Username"), UserName): Text 'superadmin' is set on object 'Object Repository/Form_Selection_Creation/login_Username'

2019-01-04 08:49:34 - [MESSAGE][PASSED] - Text 'superadmin' is set on object 'Object Repository/Form_Selection_Creation/login_Username'

2019-01-04 08:49:34 - [TEST_STEP][PASSED] - setText(findTestObject("Form_Selection_Creation/login_Password"), Password): Text 'sliptest23772boot' is set on object 'Object Repository/Form_Selection_Creation/login_Password'

2019-01-04 08:49:35 - [MESSAGE][PASSED] - Text 'sliptest23772boot' is set on object 'Object Repository/Form_Selection_Creation/login_Password'

2019-01-04 08:49:35 - [TEST_STEP][PASSED] - FormName.setData(): FormName.setData is PASSED

2019-01-04 08:49:36 - [MESSAGE][PASSED] - FormName.setData is PASSED

2019-01-04 08:49:36 - [TEST_STEP][PASSED] - click(findTestObject("Form_Selection_Creation/login_Button")): Object: 'Object Repository/Form_Selection_Creation/login_Button' is clicked on

2019-01-04 08:49:39 - [MESSAGE][PASSED] - Object: 'Object Repository/Form_Selection_Creation/login_Button' is clicked on

2019-01-04 08:49:39 - [TEST_STEP][PASSED] - Thread.sleep(3000): null

2019-01-04 08:49:42 - [TEST_STEP][PASSED] - click(findTestObject("Form_Selection_Creation/mainMenu_Button")): Object: 'Object Repository/Form_Selection_Creation/mainMenu_Button' is clicked on

2019-01-04 08:49:43 - [MESSAGE][PASSED] - Object: 'Object Repository/Form_Selection_Creation/mainMenu_Button' is clicked on

2019-01-04 08:49:43 - [TEST_STEP][PASSED] - click(findTestObject("Form_Selection_Creation/mainMenu_AdminTools")): Object: 'Object Repository/Form_Selection_Creation/mainMenu_AdminTools' is clicked on

2019-01-04 08:49:44 - [MESSAGE][PASSED] - Object: 'Object Repository/Form_Selection_Creation/mainMenu_AdminTools' is clicked on

2019-01-04 08:49:44 - [TEST_STEP][PASSED] - click(findTestObject("Form_Selection_Creation/mainMenu_AdminTools_FormDesigner")): Object: 'Object Repository/Form_Selection_Creation/mainMenu_AdminTools_FormDesigner' is clicked on

2019-01-04 08:49:44 - [MESSAGE][PASSED] - Object: 'Object Repository/Form_Selection_Creation/mainMenu_AdminTools_FormDesigner' is clicked on

2019-01-04 08:49:44 - [TEST_STEP][PASSED] - Thread.sleep(2000): null

2019-01-04 08:49:46 - [TEST_STEP][PASSED] - click(findTestObject("Form_Selection_Creation/selectAuditForm")): Object: 'Object Repository/Form_Selection_Creation/selectAuditForm' is clicked on

2019-01-04 08:49:46 - [MESSAGE][PASSED] - Object: 'Object Repository/Form_Selection_Creation/selectAuditForm' is clicked on

2019-01-04 08:49:46 - [TEST_STEP][PASSED] - Thread.sleep(3000): null

2019-01-04 08:49:49 - [TEST_STEP][PASSED] - dragAndDropToObject(findTestObject("Form_Selection_Creation/formDesign_selectResource"), findTestObject("Form_Selection_Creation/Target_Res_Object")): Dragged object with id 'Object Repository/Form_Selection_Creation/formDesign_selectResource' to object with id 'TestObject - 'Object Repository/Form_Selection_Creation/Target_Res_Object'' successfully

2019-01-04 08:49:50 - [MESSAGE][PASSED] - Dragged object with id 'Object Repository/Form_Selection_Creation/formDesign_selectResource' to object with id 'TestObject - 'Object Repository/Form_Selection_Creation/Target_Res_Object'' successfully

2019-01-04 08:49:50 - [TEST_STEP][PASSED] - Thread.sleep(6000): null

2019-01-04 08:49:56 - [TEST_STEP][PASSED] - click(findTestObject("Form_Selection_Creation/formCreation_NextToDesignForm")): Object: 'Object Repository/Form_Selection_Creation/formCreation_NextToDesignForm' is clicked on

2019-01-04 08:49:56 - [MESSAGE][PASSED] - Object: 'Object Repository/Form_Selection_Creation/formCreation_NextToDesignForm' is clicked on

2019-01-04 08:49:56 - [TEST_STEP][PASSED] - Thread.sleep(4000): null

2019-01-04 08:50:00 - [TEST_STEP][PASSED] - FormName.createForm(findTestObject("Form_Selection_Creation/formDesign_FormName")): FormName.createForm is PASSED

2019-01-04 08:50:01 - [MESSAGE][PASSED] - FormName.createForm is PASSED

2019-01-04 08:50:01 - [TEST_STEP][PASSED] - Thread.sleep(2000): null

2019-01-04 08:50:03 - [TEST_STEP][PASSED] - dragAndDropToObject(findTestObject("Form_Selection_Creation/formDesign_SelectSection"), findTestObject("Form_Selection_Creation/default_area")): Dragged object with id 'Object Repository/Form_Selection_Creation/formDesign_SelectSection' to object with id 'TestObject - 'Object Repository/Form_Selection_Creation/default_area'' successfully

2019-01-04 08:50:03 - [MESSAGE][PASSED] - Dragged object with id 'Object Repository/Form_Selection_Creation/formDesign_SelectSection' to object with id 'TestObject - 'Object Repository/Form_Selection_Creation/default_area'' successfully

2019-01-04 08:50:03 - [TEST_STEP][PASSED] - setText(findTestObject("Form_Selection_Creation/formDesign_SectionName"), "This is a Section"): Text 'This is a Section' is set on object 'Object Repository/Form_Selection_Creation/formDesign_SectionName'

2019-01-04 08:50:04 - [MESSAGE][PASSED] - Text 'This is a Section' is set on object 'Object Repository/Form_Selection_Creation/formDesign_SectionName'

2019-01-04 08:50:04 - [TEST_STEP][PASSED] - Thread.sleep(2000): null

2019-01-04 08:50:06 - [TEST_STEP][PASSED] - dragAndDropToObject(findTestObject("Form_Selection_Creation/formDesign_SelectFieldgroup"), findTestObject("Form_Selection_Creation/section_area")): Dragged object with id 'Object Repository/Form_Selection_Creation/formDesign_SelectFieldgroup' to object with id 'TestObject - 'Object Repository/Form_Selection_Creation/section_area'' successfully

2019-01-04 08:50:07 - [MESSAGE][PASSED] - Dragged object with id 'Object Repository/Form_Selection_Creation/formDesign_SelectFieldgroup' to object with id 'TestObject - 'Object Repository/Form_Selection_Creation/section_area'' successfully

2019-01-04 08:50:07 - [TEST_STEP][PASSED] - setText(findTestObject("Form_Selection_Creation/formDesign_questionGroupName_Text"), "This is Field Group"): Text 'This is Field Group' is set on object 'Object Repository/Form_Selection_Creation/formDesign_questionGroupName_Text'

2019-01-04 08:50:07 - [MESSAGE][PASSED] - Text 'This is Field Group' is set on object 'Object Repository/Form_Selection_Creation/formDesign_questionGroupName_Text'

2019-01-04 08:50:07 - [TEST_STEP][PASSED] - Thread.sleep(2000): null

2019-01-04 08:50:09 - [TEST_STEP][PASSED] - dragAndDropToObject(findTestObject("Form_Selection_Creation/formDesign_SelectFree Text"), findTestObject("Form_Selection_Creation/questionGroupArea")): Dragged object with id 'Object Repository/Form_Selection_Creation/formDesign_SelectFree Text' to object with id 'TestObject - 'Object Repository/Form_Selection_Creation/questionGroupArea'' successfully

2019-01-04 08:50:10 - [MESSAGE][PASSED] - Dragged object with id 'Object Repository/Form_Selection_Creation/formDesign_SelectFree Text' to object with id 'TestObject - 'Object Repository/Form_Selection_Creation/questionGroupArea'' successfully

2019-01-04 08:50:10 - [TEST_STEP][PASSED] - setText(findTestObject("Form_Selection_Creation/formDesign_SingleLineName"), "This is Free Text"): Text 'This is Free Text' is set on object 'Object Repository/Form_Selection_Creation/formDesign_SingleLineName'

2019-01-04 08:50:10 - [MESSAGE][PASSED] - Text 'This is Free Text' is set on object 'Object Repository/Form_Selection_Creation/formDesign_SingleLineName'

2019-01-04 08:50:10 - [TEST_STEP][PASSED] - Thread.sleep(2000): null

2019-01-04 08:50:12 - [TEST_STEP][PASSED] - dragAndDropToObject(findTestObject("Form_Selection_Creation/formDesign_SelectParagraphText"), findTestObject("Form_Selection_Creation/questionGroupArea")): Dragged object with id 'Object Repository/Form_Selection_Creation/formDesign_SelectParagraphText' to object with id 'TestObject - 'Object Repository/Form_Selection_Creation/questionGroupArea'' successfully

2019-01-04 08:50:13 - [MESSAGE][PASSED] - Dragged object with id 'Object Repository/Form_Selection_Creation/formDesign_SelectParagraphText' to object with id 'TestObject - 'Object Repository/Form_Selection_Creation/questionGroupArea'' successfully

2019-01-04 08:50:13 - [TEST_STEP][PASSED] - setText(findTestObject("Form_Selection_Creation/formDesign_ParagraphName"), "This is Paragraph"): Text 'This is Paragraph' is set on object 'Object Repository/Form_Selection_Creation/formDesign_ParagraphName'

2019-01-04 08:50:13 - [MESSAGE][PASSED] - Text 'This is Paragraph' is set on object 'Object Repository/Form_Selection_Creation/formDesign_ParagraphName'

2019-01-04 08:50:13 - [TEST_STEP][PASSED] - Thread.sleep(2000): null

2019-01-04 08:50:15 - [TEST_STEP][PASSED] - dragAndDropToObject(findTestObject("Form_Selection_Creation/formDesign_Select_SelectOne"), findTestObject("Form_Selection_Creation/questionGroupArea")): Dragged object with id 'Object Repository/Form_Selection_Creation/formDesign_Select_SelectOne' to object with id 'TestObject - 'Object Repository/Form_Selection_Creation/questionGroupArea'' successfully

2019-01-04 08:50:16 - [MESSAGE][PASSED] - Dragged object with id 'Object Repository/Form_Selection_Creation/formDesign_Select_SelectOne' to object with id 'TestObject - 'Object Repository/Form_Selection_Creation/questionGroupArea'' successfully

2019-01-04 08:50:16 - [TEST_STEP][PASSED] - setText(findTestObject("Form_Selection_Creation/formDesign_Select_OneName"), "This is Select One"): Text 'This is Select One' is set on object 'Object Repository/Form_Selection_Creation/formDesign_Select_OneName'

2019-01-04 08:50:17 - [MESSAGE][PASSED] - Text 'This is Select One' is set on object 'Object Repository/Form_Selection_Creation/formDesign_Select_OneName'

2019-01-04 08:50:17 - [TEST_STEP][PASSED] - Thread.sleep(2000): null

2019-01-04 08:50:19 - [TEST_STEP][PASSED] - click(findTestObject("Form_Selection_Creation/button_AddNew1")): Object: 'Object Repository/Form_Selection_Creation/button_AddNew1' is clicked on

2019-01-04 08:50:19 - [MESSAGE][PASSED] - Object: 'Object Repository/Form_Selection_Creation/button_AddNew1' is clicked on

2019-01-04 08:50:19 - [TEST_STEP][PASSED] - setText(findTestObject("Form_Selection_Creation/add1singleValue1"), "Single Option1"): Text 'Single Option1' is set on object 'Object Repository/Form_Selection_Creation/add1singleValue1'

2019-01-04 08:50:19 - [MESSAGE][PASSED] - Text 'Single Option1' is set on object 'Object Repository/Form_Selection_Creation/add1singleValue1'

2019-01-04 08:50:19 - [TEST_STEP][PASSED] - Thread.sleep(3000): null

2019-01-04 08:50:22 - [TEST_STEP][PASSED] - click(findTestObject("Form_Selection_Creation/button_AddNew1")): Object: 'Object Repository/Form_Selection_Creation/button_AddNew1' is clicked on

2019-01-04 08:50:22 - [MESSAGE][PASSED] - Object: 'Object Repository/Form_Selection_Creation/button_AddNew1' is clicked on

2019-01-04 08:50:22 - [TEST_STEP][PASSED] - setText(findTestObject("Form_Selection_Creation/add1singleValue2"), "Single Option2"): Text 'Single Option2' is set on object 'Object Repository/Form_Selection_Creation/add1singleValue2'

2019-01-04 08:50:23 - [MESSAGE][PASSED] - Text 'Single Option2' is set on object 'Object Repository/Form_Selection_Creation/add1singleValue2'

2019-01-04 08:50:23 - [TEST_STEP][PASSED] - Thread.sleep(2000): null

2019-01-04 08:50:25 - [TEST_STEP][PASSED] - dragAndDropToObject(findTestObject("Form_Selection_Creation/formDesign_Select_SelectMultiple"), findTestObject("Form_Selection_Creation/questionGroupArea")): Dragged object with id 'Object Repository/Form_Selection_Creation/formDesign_Select_SelectMultiple' to object with id 'TestObject - 'Object Repository/Form_Selection_Creation/questionGroupArea'' successfully

2019-01-04 08:50:26 - [MESSAGE][PASSED] - Dragged object with id 'Object Repository/Form_Selection_Creation/formDesign_Select_SelectMultiple' to object with id 'TestObject - 'Object Repository/Form_Selection_Creation/questionGroupArea'' successfully

2019-01-04 08:50:26 - [TEST_STEP][PASSED] - setText(findTestObject("Form_Selection_Creation/formDesign_Select_MultipleName"), "This is Select Multiple"): Text 'This is Select Multiple' is set on object 'Object Repository/Form_Selection_Creation/formDesign_Select_MultipleName'

2019-01-04 08:50:26 - [MESSAGE][PASSED] - Text 'This is Select Multiple' is set on object 'Object Repository/Form_Selection_Creation/formDesign_Select_MultipleName'

2019-01-04 08:50:26 - [TEST_STEP][PASSED] - Thread.sleep(3000): null

2019-01-04 08:50:29 - [TEST_STEP][PASSED] - click(findTestObject("Form_Selection_Creation/button_addNewMul1")): Object: 'Object Repository/Form_Selection_Creation/button_addNewMul1' is clicked on

2019-01-04 08:50:29 - [MESSAGE][PASSED] - Object: 'Object Repository/Form_Selection_Creation/button_addNewMul1' is clicked on

2019-01-04 08:50:29 - [TEST_STEP][PASSED] - setText(findTestObject("Form_Selection_Creation/add1MultipleValue1"), "Multiple Option1"): Text 'Multiple Option1' is set on object 'Object Repository/Form_Selection_Creation/add1MultipleValue1'

2019-01-04 08:50:30 - [MESSAGE][PASSED] - Text 'Multiple Option1' is set on object 'Object Repository/Form_Selection_Creation/add1MultipleValue1'

2019-01-04 08:50:30 - [TEST_STEP][PASSED] - Thread.sleep(2000): null

2019-01-04 08:50:32 - [TEST_STEP][PASSED] - click(findTestObject("Form_Selection_Creation/button_addNewMul1")): Object: 'Object Repository/Form_Selection_Creation/button_addNewMul1' is clicked on

2019-01-04 08:50:32 - [MESSAGE][PASSED] - Object: 'Object Repository/Form_Selection_Creation/button_addNewMul1' is clicked on

2019-01-04 08:50:32 - [TEST_STEP][PASSED] - setText(findTestObject("Form_Selection_Creation/add1MultipleValue2"), "Multiple Option2"): Text 'Multiple Option2' is set on object 'Object Repository/Form_Selection_Creation/add1MultipleValue2'

2019-01-04 08:50:32 - [MESSAGE][PASSED] - Text 'Multiple Option2' is set on object 'Object Repository/Form_Selection_Creation/add1MultipleValue2'

2019-01-04 08:50:32 - [TEST_STEP][PASSED] - Thread.sleep(2000): null

2019-01-04 08:50:34 - [TEST_STEP][PASSED] - dragAndDropToObject(findTestObject("Form_Selection_Creation/formDesign_SelectNumeric"), findTestObject("Form_Selection_Creation/questionGroupArea")): Dragged object with id 'Object Repository/Form_Selection_Creation/formDesign_SelectNumeric' to object with id 'TestObject - 'Object Repository/Form_Selection_Creation/questionGroupArea'' successfully

2019-01-04 08:50:35 - [MESSAGE][PASSED] - Dragged object with id 'Object Repository/Form_Selection_Creation/formDesign_SelectNumeric' to object with id 'TestObject - 'Object Repository/Form_Selection_Creation/questionGroupArea'' successfully

2019-01-04 08:50:35 - [TEST_STEP][PASSED] - setText(findTestObject("Form_Selection_Creation/formDesignt_NumericName"), "This is Numeric Field"): Text 'This is Numeric Field' is set on object 'Object Repository/Form_Selection_Creation/formDesignt_NumericName'

2019-01-04 08:50:36 - [MESSAGE][PASSED] - Text 'This is Numeric Field' is set on object 'Object Repository/Form_Selection_Creation/formDesignt_NumericName'

2019-01-04 08:50:36 - [TEST_STEP][PASSED] - Thread.sleep(2000): null

2019-01-04 08:50:38 - [TEST_STEP][PASSED] - dragAndDropToObject(findTestObject("Form_Selection_Creation/formDesign_SelectDate"), findTestObject("Form_Selection_Creation/questionGroupArea")): Dragged object with id 'Object Repository/Form_Selection_Creation/formDesign_SelectDate' to object with id 'TestObject - 'Object Repository/Form_Selection_Creation/questionGroupArea'' successfully

2019-01-04 08:50:39 - [MESSAGE][PASSED] - Dragged object with id 'Object Repository/Form_Selection_Creation/formDesign_SelectDate' to object with id 'TestObject - 'Object Repository/Form_Selection_Creation/questionGroupArea'' successfully

2019-01-04 08:50:39 - [TEST_STEP][PASSED] - setText(findTestObject("Form_Selection_Creation/formDesign_DateName"), "This is Date"): Text 'This is Date' is set on object 'Object Repository/Form_Selection_Creation/formDesign_DateName'

2019-01-04 08:50:39 - [MESSAGE][PASSED] - Text 'This is Date' is set on object 'Object Repository/Form_Selection_Creation/formDesign_DateName'

2019-01-04 08:50:39 - [TEST_STEP][PASSED] - Thread.sleep(2000): null

2019-01-04 08:50:41 - [TEST_STEP][PASSED] - dragAndDropToObject(findTestObject("Form_Selection_Creation/formDesign_SelectTime"), findTestObject("Form_Selection_Creation/questionGroupArea")): Dragged object with id 'Object Repository/Form_Selection_Creation/formDesign_SelectTime' to object with id 'TestObject - 'Object Repository/Form_Selection_Creation/questionGroupArea'' successfully

2019-01-04 08:50:42 - [MESSAGE][PASSED] - Dragged object with id 'Object Repository/Form_Selection_Creation/formDesign_SelectTime' to object with id 'TestObject - 'Object Repository/Form_Selection_Creation/questionGroupArea'' successfully

2019-01-04 08:50:42 - [TEST_STEP][PASSED] - setText(findTestObject("Form_Selection_Creation/formDesign_TimeName"), "This is Time"): Text 'This is Time' is set on object 'Object Repository/Form_Selection_Creation/formDesign_TimeName'

2019-01-04 08:50:43 - [MESSAGE][PASSED] - Text 'This is Time' is set on object 'Object Repository/Form_Selection_Creation/formDesign_TimeName'

2019-01-04 08:50:43 - [TEST_STEP][PASSED] - Thread.sleep(2000): null

2019-01-04 08:50:45 - [TEST_STEP][PASSED] - dragAndDropToObject(findTestObject("Form_Selection_Creation/formDesign_SelectDateTime"), findTestObject("Form_Selection_Creation/questionGroupArea")): Dragged object with id 'Object Repository/Form_Selection_Creation/formDesign_SelectDateTime' to object with id 'TestObject - 'Object Repository/Form_Selection_Creation/questionGroupArea'' successfully

2019-01-04 08:50:46 - [MESSAGE][PASSED] - Dragged object with id 'Object Repository/Form_Selection_Creation/formDesign_SelectDateTime' to object with id 'TestObject - 'Object Repository/Form_Selection_Creation/questionGroupArea'' successfully

2019-01-04 08:50:46 - [TEST_STEP][PASSED] - setText(findTestObject("Form_Selection_Creation/formDesign_DateTimeName"), "This is Date-Time"): Text 'This is Date-Time' is set on object 'Object Repository/Form_Selection_Creation/formDesign_DateTimeName'

2019-01-04 08:50:46 - [MESSAGE][PASSED] - Text 'This is Date-Time' is set on object 'Object Repository/Form_Selection_Creation/formDesign_DateTimeName'

2019-01-04 08:50:46 - [TEST_STEP][PASSED] - Thread.sleep(2000): null

2019-01-04 08:50:48 - [TEST_STEP][PASSED] - click(findTestObject("Form_Selection_Creation/formCreation_NextToDesignForm")): Object: 'Object Repository/Form_Selection_Creation/formCreation_NextToDesignForm' is clicked on

2019-01-04 08:50:49 - [MESSAGE][PASSED] - Object: 'Object Repository/Form_Selection_Creation/formCreation_NextToDesignForm' is clicked on

2019-01-04 08:50:49 - [TEST_STEP][PASSED] - Thread.sleep(7000): null

2019-01-04 08:50:56 - [TEST_STEP][PASSED] - click(findTestObject("Form_Selection_Creation/div_Preview             Form1")): Object: 'Object Repository/Form_Selection_Creation/div_Preview             Form1' is clicked on

2019-01-04 08:50:56 - [MESSAGE][PASSED] - Object: 'Object Repository/Form_Selection_Creation/div_Preview             Form1' is clicked on

2019-01-04 08:50:56 - [TEST_STEP][PASSED] - Thread.sleep(5000): null

2019-01-04 08:51:01 - [TEST_STEP][PASSED] - click(findTestObject("Form_Selection_Creation/button_Release")): Object: 'Object Repository/Form_Selection_Creation/button_Release' is clicked on

2019-01-04 08:51:01 - [MESSAGE][PASSED] - Object: 'Object Repository/Form_Selection_Creation/button_Release' is clicked on

2019-01-04 08:51:01 - [TEST_STEP][PASSED] - Thread.sleep(4000): null]]></system-out>
         <system-err><![CDATA[]]></system-err>
      </testcase>
      <testcase name="Test Cases/Forms/AuditForm/2_FormSubmission" classname="Test Cases/Forms/AuditForm/2_FormSubmission" status="PASSED">
         <system-out><![CDATA[2019-01-04 08:51:05 - [TEST_CASE][PASSED] - Test Cases/Forms/AuditForm/2_FormSubmission: Test Cases/Forms/AuditForm/2_FormSubmission

2019-01-04 08:51:05 - [TEST_STEP][PASSED] - openBrowser(URL): Browser is opened with url: 'https://test2.stage.safetychain.com'

2019-01-04 08:51:05 - [MESSAGE][WARNING] - A browser is already opened. Closing browser and opening a new one

2019-01-04 08:51:06 - [MESSAGE][INFO] - Starting 'Chrome' driver

2019-01-04 08:51:38 - [MESSAGE][PASSED] - Browser is opened with url: 'https://test2.stage.safetychain.com'

2019-01-04 08:51:38 - [TEST_STEP][PASSED] - maximizeWindow(): Current window maximized

2019-01-04 08:51:39 - [MESSAGE][PASSED] - Current window maximized

2019-01-04 08:51:39 - [TEST_STEP][PASSED] - driver = getWebDriver(): null

2019-01-04 08:51:39 - [TEST_STEP][PASSED] - setText(findTestObject("FormTab/login_Username"), UserName): Text 'superadmin' is set on object 'Object Repository/FormTab/login_Username'

2019-01-04 08:51:43 - [MESSAGE][PASSED] - Text 'superadmin' is set on object 'Object Repository/FormTab/login_Username'

2019-01-04 08:51:43 - [TEST_STEP][PASSED] - setText(findTestObject("FormTab/login_Password"), Password): Text 'sliptest23772boot' is set on object 'Object Repository/FormTab/login_Password'

2019-01-04 08:51:43 - [MESSAGE][PASSED] - Text 'sliptest23772boot' is set on object 'Object Repository/FormTab/login_Password'

2019-01-04 08:51:43 - [TEST_STEP][PASSED] - click(findTestObject("FormTab/login_Button")): Object: 'Object Repository/FormTab/login_Button' is clicked on

2019-01-04 08:51:45 - [MESSAGE][PASSED] - Object: 'Object Repository/FormTab/login_Button' is clicked on

2019-01-04 08:51:45 - [TEST_STEP][PASSED] - Thread.sleep(8000): null

2019-01-04 08:51:53 - [TEST_STEP][PASSED] - click(findTestObject("FormTab/form_Tab")): Object: 'Object Repository/FormTab/form_Tab' is clicked on

2019-01-04 08:51:53 - [MESSAGE][PASSED] - Object: 'Object Repository/FormTab/form_Tab' is clicked on

2019-01-04 08:51:53 - [TEST_STEP][PASSED] - Thread.sleep(5000): null

2019-01-04 08:51:58 - [TEST_STEP][PASSED] - click(findTestObject("FormTab/options")): Object: 'Object Repository/FormTab/options' is clicked on

2019-01-04 08:51:59 - [MESSAGE][PASSED] - Object: 'Object Repository/FormTab/options' is clicked on

2019-01-04 08:51:59 - [TEST_STEP][PASSED] - Thread.sleep(2000): null

2019-01-04 08:52:01 - [TEST_STEP][PASSED] - mouseOver(findTestObject("FormTab/filterOption")): Object: 'Object Repository/FormTab/filterOption' is hovered

2019-01-04 08:52:01 - [MESSAGE][PASSED] - Object: 'Object Repository/FormTab/filterOption' is hovered

2019-01-04 08:52:01 - [TEST_STEP][PASSED] - Thread.sleep(2000): null

2019-01-04 08:52:03 - [TEST_STEP][PASSED] - FormName.filterFormName(): FormName.filterFormName is PASSED

2019-01-04 08:52:03 - [MESSAGE][PASSED] - FormName.filterFormName is PASSED

2019-01-04 08:52:03 - [TEST_STEP][PASSED] - Thread.sleep(2000): null

2019-01-04 08:52:05 - [TEST_STEP][PASSED] - click(findTestObject("FormTab/filterButton")): Object: 'Object Repository/FormTab/filterButton' is clicked on

2019-01-04 08:52:05 - [MESSAGE][PASSED] - Object: 'Object Repository/FormTab/filterButton' is clicked on

2019-01-04 08:52:05 - [TEST_STEP][PASSED] - Thread.sleep(4000): null

2019-01-04 08:52:09 - [TEST_STEP][PASSED] - click(findTestObject("FormTab/selectForm")): Object: 'Object Repository/FormTab/selectForm' is clicked on

2019-01-04 08:52:09 - [MESSAGE][PASSED] - Object: 'Object Repository/FormTab/selectForm' is clicked on

2019-01-04 08:52:09 - [TEST_STEP][NOT_RUN] - click(findTestObject("FormTab/clickToViewMoreOption")): NOT_RUN: click(findTestObject("FormTab/clickToViewMoreOption"))

2019-01-04 08:52:09 - [MESSAGE][NOT_RUN] - NOT_RUN: click(findTestObject("FormTab/clickToViewMoreOption"))

2019-01-04 08:52:09 - [TEST_STEP][NOT_RUN] - Thread.sleep(4000): NOT_RUN: Thread.sleep(4000)

2019-01-04 08:52:09 - [MESSAGE][NOT_RUN] - NOT_RUN: Thread.sleep(4000)

2019-01-04 08:52:09 - [TEST_STEP][NOT_RUN] - waitForElementNotVisible(findTestObject("FormTab/select500_Form"), 5): NOT_RUN: waitForElementNotVisible(findTestObject("FormTab/select500_Form"), 5)

2019-01-04 08:52:09 - [MESSAGE][NOT_RUN] - NOT_RUN: waitForElementNotVisible(findTestObject("FormTab/select500_Form"), 5)

2019-01-04 08:52:09 - [TEST_STEP][NOT_RUN] - click(findTestObject("FormTab/select500_Form"), STOP_ON_FAILURE): NOT_RUN: click(findTestObject("FormTab/select500_Form"), STOP_ON_FAILURE)

2019-01-04 08:52:09 - [MESSAGE][NOT_RUN] - NOT_RUN: click(findTestObject("FormTab/select500_Form"), STOP_ON_FAILURE)

2019-01-04 08:52:09 - [TEST_STEP][NOT_RUN] - Thread.sleep(7000): NOT_RUN: Thread.sleep(7000)

2019-01-04 08:52:09 - [MESSAGE][NOT_RUN] - NOT_RUN: Thread.sleep(7000)

2019-01-04 08:52:09 - [TEST_STEP][NOT_RUN] - FormName.fillFormName(): NOT_RUN: FormName.fillFormName()

2019-01-04 08:52:09 - [MESSAGE][NOT_RUN] - NOT_RUN: FormName.fillFormName()

2019-01-04 08:52:09 - [TEST_STEP][PASSED] - Thread.sleep(4000): null

2019-01-04 08:52:13 - [TEST_STEP][PASSED] - click(findTestObject("FormTab/fillForm_OpenLocationOption")): Object: 'Object Repository/FormTab/fillForm_OpenLocationOption' is clicked on

2019-01-04 08:52:14 - [MESSAGE][PASSED] - Object: 'Object Repository/FormTab/fillForm_OpenLocationOption' is clicked on

2019-01-04 08:52:14 - [TEST_STEP][PASSED] - Thread.sleep(2000): null

2019-01-04 08:52:16 - [TEST_STEP][PASSED] - click(findTestObject("FormTab/fillForm_SelectLocation")): Object: 'Object Repository/FormTab/fillForm_SelectLocation' is clicked on

2019-01-04 08:52:16 - [MESSAGE][PASSED] - Object: 'Object Repository/FormTab/fillForm_SelectLocation' is clicked on

2019-01-04 08:52:16 - [TEST_STEP][PASSED] - Thread.sleep(4000): null

2019-01-04 08:52:20 - [TEST_STEP][PASSED] - click(findTestObject("FormTab/fillForm_OpenResourceOption")): Object: 'Object Repository/FormTab/fillForm_OpenResourceOption' is clicked on

2019-01-04 08:52:20 - [MESSAGE][PASSED] - Object: 'Object Repository/FormTab/fillForm_OpenResourceOption' is clicked on

2019-01-04 08:52:20 - [TEST_STEP][PASSED] - Thread.sleep(4000): null

2019-01-04 08:52:24 - [TEST_STEP][PASSED] - click(findTestObject("FormTab/fillForm_SelectResource")): Object: 'Object Repository/FormTab/fillForm_SelectResource' is clicked on

2019-01-04 08:52:24 - [MESSAGE][PASSED] - Object: 'Object Repository/FormTab/fillForm_SelectResource' is clicked on

2019-01-04 08:52:24 - [TEST_STEP][PASSED] - Thread.sleep(4000): null

2019-01-04 08:52:28 - [TEST_STEP][PASSED] - setText(findTestObject("FormTab/fillForm_FreeSingleText"), "MyText"): Text 'MyText' is set on object 'Object Repository/FormTab/fillForm_FreeSingleText'

2019-01-04 08:52:29 - [MESSAGE][PASSED] - Text 'MyText' is set on object 'Object Repository/FormTab/fillForm_FreeSingleText'

2019-01-04 08:52:29 - [TEST_STEP][PASSED] - setText(findTestObject("FormTab/fillForm_ParagraphText"), "MyParagraph"): Text 'MyParagraph' is set on object 'Object Repository/FormTab/fillForm_ParagraphText'

2019-01-04 08:52:29 - [MESSAGE][PASSED] - Text 'MyParagraph' is set on object 'Object Repository/FormTab/fillForm_ParagraphText'

2019-01-04 08:52:29 - [TEST_STEP][PASSED] - Thread.sleep(3000): null

2019-01-04 08:52:32 - [TEST_STEP][PASSED] - setText(findTestObject("FormTab/fillForm_SelectOneOption"), "Single Option1"): Text 'Single Option1' is set on object 'Object Repository/FormTab/fillForm_SelectOneOption'

2019-01-04 08:52:32 - [MESSAGE][PASSED] - Text 'Single Option1' is set on object 'Object Repository/FormTab/fillForm_SelectOneOption'

2019-01-04 08:52:32 - [TEST_STEP][PASSED] - Thread.sleep(3000): null

2019-01-04 08:52:35 - [TEST_STEP][PASSED] - xpath("//*[@id='scs-form-level']/div/div/div/div/div/div/div[4]/div/field-template/div/div/div/div/span/span/input")).sendKeys(ENTER): null

2019-01-04 08:52:35 - [TEST_STEP][PASSED] - Thread.sleep(3000): null

2019-01-04 08:52:38 - [TEST_STEP][PASSED] - setText(findTestObject("FormTab/fillForm_SelectMultipleOption"), "Multiple Option1"): Text 'Multiple Option1' is set on object 'Object Repository/FormTab/fillForm_SelectMultipleOption'

2019-01-04 08:52:39 - [MESSAGE][PASSED] - Text 'Multiple Option1' is set on object 'Object Repository/FormTab/fillForm_SelectMultipleOption'

2019-01-04 08:52:39 - [TEST_STEP][PASSED] - Thread.sleep(3000): null

2019-01-04 08:52:42 - [TEST_STEP][PASSED] - xpath("//*[@id='scs-form-level']/div/div/div/div/div/div/div[5]/div/field-template/div/div/div/div/div/div/input")).sendKeys(ENTER): null

2019-01-04 08:52:42 - [TEST_STEP][PASSED] - Thread.sleep(3000): null

2019-01-04 08:52:45 - [TEST_STEP][PASSED] - click(findTestObject("FormTab/fillForm_SelectMultipleOption")): Object: 'Object Repository/FormTab/fillForm_SelectMultipleOption' is clicked on

2019-01-04 08:52:45 - [MESSAGE][PASSED] - Object: 'Object Repository/FormTab/fillForm_SelectMultipleOption' is clicked on

2019-01-04 08:52:45 - [TEST_STEP][PASSED] - Thread.sleep(4000): null

2019-01-04 08:52:49 - [TEST_STEP][PASSED] - xpath("//*[@id='scs-form-level']/div/div/div/div[2]/div/div/div[6]/div/field-template/div/div[2]/div/div/span[1]/span/input[1]")).sendKeys("9"): null

2019-01-04 08:52:49 - [TEST_STEP][PASSED] - setText(findTestObject("FormTab/fillForm_DateText"), "10/29/2018"): Text '10/29/2018' is set on object 'Object Repository/FormTab/fillForm_DateText'

2019-01-04 08:52:49 - [MESSAGE][PASSED] - Text '10/29/2018' is set on object 'Object Repository/FormTab/fillForm_DateText'

2019-01-04 08:52:49 - [TEST_STEP][PASSED] - setText(findTestObject("FormTab/fillForm_TimeText"), "4:00 PM"): Text '4:00 PM' is set on object 'Object Repository/FormTab/fillForm_TimeText'

2019-01-04 08:52:50 - [MESSAGE][PASSED] - Text '4:00 PM' is set on object 'Object Repository/FormTab/fillForm_TimeText'

2019-01-04 08:52:50 - [TEST_STEP][PASSED] - setText(findTestObject("FormTab/fillForm_DateTimeText"), "10/29/2018 4:00 PM"): Text '10/29/2018 4:00 PM' is set on object 'Object Repository/FormTab/fillForm_DateTimeText'

2019-01-04 08:52:50 - [MESSAGE][PASSED] - Text '10/29/2018 4:00 PM' is set on object 'Object Repository/FormTab/fillForm_DateTimeText'

2019-01-04 08:52:50 - [TEST_STEP][PASSED] - click(findTestObject("FormTab/fillForm_SubmitButton")): Object: 'Object Repository/FormTab/fillForm_SubmitButton' is clicked on

2019-01-04 08:52:50 - [MESSAGE][PASSED] - Object: 'Object Repository/FormTab/fillForm_SubmitButton' is clicked on

2019-01-04 08:52:50 - [TEST_STEP][PASSED] - Thread.sleep(4000): null

2019-01-04 08:52:54 - [TEST_STEP][PASSED] - click(findTestObject("FormTab/fillForm_SubmissionOkButton")): Object: 'Object Repository/FormTab/fillForm_SubmissionOkButton' is clicked on

2019-01-04 08:52:54 - [MESSAGE][PASSED] - Object: 'Object Repository/FormTab/fillForm_SubmissionOkButton' is clicked on

2019-01-04 08:52:54 - [TEST_STEP][PASSED] - Thread.sleep(6000): null]]></system-out>
         <system-err><![CDATA[]]></system-err>
      </testcase>
      <testcase name="Test Cases/Forms/AuditForm/3_VerifyingRecord" classname="Test Cases/Forms/AuditForm/3_VerifyingRecord" status="PASSED">
         <system-out><![CDATA[2019-01-04 08:53:00 - [TEST_CASE][PASSED] - Test Cases/Forms/AuditForm/3_VerifyingRecord: Test Cases/Forms/AuditForm/3_VerifyingRecord

2019-01-04 08:53:01 - [TEST_STEP][NOT_RUN] - openBrowser(URL): NOT_RUN: openBrowser(URL)

2019-01-04 08:53:01 - [MESSAGE][NOT_RUN] - NOT_RUN: openBrowser(URL)

2019-01-04 08:53:01 - [TEST_STEP][NOT_RUN] - maximizeWindow(): NOT_RUN: maximizeWindow()

2019-01-04 08:53:01 - [MESSAGE][NOT_RUN] - NOT_RUN: maximizeWindow()

2019-01-04 08:53:01 - [TEST_STEP][NOT_RUN] - setText(findTestObject("Record/login_Username"), UserName): NOT_RUN: setText(findTestObject("Record/login_Username"), UserName)

2019-01-04 08:53:01 - [MESSAGE][NOT_RUN] - NOT_RUN: setText(findTestObject("Record/login_Username"), UserName)

2019-01-04 08:53:01 - [TEST_STEP][NOT_RUN] - setText(findTestObject("Record/login_Password"), Password11): NOT_RUN: setText(findTestObject("Record/login_Password"), Password11)

2019-01-04 08:53:01 - [MESSAGE][NOT_RUN] - NOT_RUN: setText(findTestObject("Record/login_Password"), Password11)

2019-01-04 08:53:01 - [TEST_STEP][NOT_RUN] - click(findTestObject("Record/login_Button")): NOT_RUN: click(findTestObject("Record/login_Button"))

2019-01-04 08:53:01 - [MESSAGE][NOT_RUN] - NOT_RUN: click(findTestObject("Record/login_Button"))

2019-01-04 08:53:01 - [TEST_STEP][NOT_RUN] - Thread.sleep(8000): NOT_RUN: Thread.sleep(8000)

2019-01-04 08:53:01 - [MESSAGE][NOT_RUN] - NOT_RUN: Thread.sleep(8000)

2019-01-04 08:53:01 - [TEST_STEP][PASSED] - click(findTestObject("Record/record_Tab")): Object: 'Object Repository/Record/record_Tab' is clicked on

2019-01-04 08:53:01 - [MESSAGE][PASSED] - Object: 'Object Repository/Record/record_Tab' is clicked on

2019-01-04 08:53:01 - [TEST_STEP][PASSED] - Thread.sleep(5000): null

2019-01-04 08:53:06 - [TEST_STEP][PASSED] - click(findTestObject("FormTab/clickToViewMoreOption")): Object: 'Object Repository/FormTab/clickToViewMoreOption' is clicked on

2019-01-04 08:53:06 - [MESSAGE][PASSED] - Object: 'Object Repository/FormTab/clickToViewMoreOption' is clicked on

2019-01-04 08:53:06 - [TEST_STEP][PASSED] - Thread.sleep(4000): null

2019-01-04 08:53:10 - [TEST_STEP][PASSED] - waitForElementNotVisible(findTestObject("FormTab/select500_Form"), 5): Object 'Object Repository/FormTab/select500_Form' is visible after 5 second(s)

2019-01-04 08:53:16 - [MESSAGE][WARNING] - Object 'Object Repository/FormTab/select500_Form' is visible after 5 second(s)

2019-01-04 08:53:16 - [TEST_STEP][PASSED] - click(findTestObject("FormTab/select500_Form")): Object: 'Object Repository/FormTab/select500_Form' is clicked on

2019-01-04 08:53:16 - [MESSAGE][PASSED] - Object: 'Object Repository/FormTab/select500_Form' is clicked on

2019-01-04 08:53:16 - [TEST_STEP][PASSED] - Thread.sleep(7000): null

2019-01-04 08:53:23 - [TEST_STEP][PASSED] - FormName.recordFormName(): FormName.recordFormName is PASSED

2019-01-04 08:53:23 - [MESSAGE][PASSED] - FormName.recordFormName is PASSED

2019-01-04 08:53:23 - [TEST_STEP][PASSED] - Thread.sleep(4000): null

2019-01-04 08:53:27 - [TEST_STEP][PASSED] - click(findTestObject("Record/editForm")): Object: 'Object Repository/Record/editForm' is clicked on

2019-01-04 08:53:28 - [MESSAGE][PASSED] - Object: 'Object Repository/Record/editForm' is clicked on

2019-01-04 08:53:28 - [TEST_STEP][PASSED] - Thread.sleep(2000): null

2019-01-04 08:53:30 - [TEST_STEP][PASSED] - setText(findTestObject("FormTab/fillForm_FreeSingleText"), "MyTextEdited"): Text 'MyTextEdited' is set on object 'Object Repository/FormTab/fillForm_FreeSingleText'

2019-01-04 08:53:30 - [MESSAGE][PASSED] - Text 'MyTextEdited' is set on object 'Object Repository/FormTab/fillForm_FreeSingleText'

2019-01-04 08:53:30 - [TEST_STEP][PASSED] - setText(findTestObject("FormTab/fillForm_ParagraphText"), "MyParagraphEdited"): Text 'MyParagraphEdited' is set on object 'Object Repository/FormTab/fillForm_ParagraphText'

2019-01-04 08:53:30 - [MESSAGE][PASSED] - Text 'MyParagraphEdited' is set on object 'Object Repository/FormTab/fillForm_ParagraphText'

2019-01-04 08:53:30 - [TEST_STEP][PASSED] - Thread.sleep(2000): null

2019-01-04 08:53:32 - [TEST_STEP][PASSED] - click(findTestObject("Record/submitButton")): Object: 'Object Repository/Record/submitButton' is clicked on

2019-01-04 08:53:32 - [MESSAGE][PASSED] - Object: 'Object Repository/Record/submitButton' is clicked on

2019-01-04 08:53:32 - [TEST_STEP][PASSED] - Thread.sleep(4000): null

2019-01-04 08:53:36 - [TEST_STEP][PASSED] - setText(findTestObject("Record/commentText"), "This form is edited in record."): Text 'This form is edited in record.' is set on object 'Object Repository/Record/commentText'

2019-01-04 08:53:36 - [MESSAGE][PASSED] - Text 'This form is edited in record.' is set on object 'Object Repository/Record/commentText'

2019-01-04 08:53:36 - [TEST_STEP][PASSED] - Thread.sleep(2000): null

2019-01-04 08:53:38 - [TEST_STEP][PASSED] - click(findTestObject("Record/acceptSubmitButton")): Object: 'Object Repository/Record/acceptSubmitButton' is clicked on

2019-01-04 08:53:39 - [MESSAGE][PASSED] - Object: 'Object Repository/Record/acceptSubmitButton' is clicked on

2019-01-04 08:53:39 - [TEST_STEP][PASSED] - Thread.sleep(6000): null

2019-01-04 08:53:45 - [TEST_STEP][PASSED] - click(findTestObject("Record/okButton")): Object: 'Object Repository/Record/okButton' is clicked on

2019-01-04 08:53:45 - [MESSAGE][PASSED] - Object: 'Object Repository/Record/okButton' is clicked on

2019-01-04 08:53:45 - [TEST_STEP][PASSED] - Thread.sleep(4000): null

2019-01-04 08:53:49 - [TEST_STEP][PASSED] - click(findTestObject("Record/record")): Object: 'Object Repository/Record/record' is clicked on

2019-01-04 08:53:49 - [MESSAGE][PASSED] - Object: 'Object Repository/Record/record' is clicked on

2019-01-04 08:53:49 - [TEST_STEP][PASSED] - Thread.sleep(5000): null

2019-01-04 08:53:54 - [TEST_STEP][NOT_RUN] - click(findTestObject("FormTab/clickToViewMoreOption")): NOT_RUN: click(findTestObject("FormTab/clickToViewMoreOption"))

2019-01-04 08:53:54 - [MESSAGE][NOT_RUN] - NOT_RUN: click(findTestObject("FormTab/clickToViewMoreOption"))

2019-01-04 08:53:54 - [TEST_STEP][NOT_RUN] - Thread.sleep(4000): NOT_RUN: Thread.sleep(4000)

2019-01-04 08:53:54 - [MESSAGE][NOT_RUN] - NOT_RUN: Thread.sleep(4000)

2019-01-04 08:53:54 - [TEST_STEP][NOT_RUN] - waitForElementNotVisible(findTestObject("FormTab/select500_Form"), 5): NOT_RUN: waitForElementNotVisible(findTestObject("FormTab/select500_Form"), 5)

2019-01-04 08:53:54 - [MESSAGE][NOT_RUN] - NOT_RUN: waitForElementNotVisible(findTestObject("FormTab/select500_Form"), 5)

2019-01-04 08:53:54 - [TEST_STEP][NOT_RUN] - click(findTestObject("FormTab/select500_Form")): NOT_RUN: click(findTestObject("FormTab/select500_Form"))

2019-01-04 08:53:54 - [MESSAGE][NOT_RUN] - NOT_RUN: click(findTestObject("FormTab/select500_Form"))

2019-01-04 08:53:54 - [TEST_STEP][NOT_RUN] - Thread.sleep(7000): NOT_RUN: Thread.sleep(7000)

2019-01-04 08:53:54 - [MESSAGE][NOT_RUN] - NOT_RUN: Thread.sleep(7000)

2019-01-04 08:53:54 - [TEST_STEP][PASSED] - FormName.recordFormName(): FormName.recordFormName is PASSED

2019-01-04 08:53:54 - [MESSAGE][PASSED] - FormName.recordFormName is PASSED

2019-01-04 08:53:54 - [TEST_STEP][PASSED] - Thread.sleep(4000): null]]></system-out>
         <system-err><![CDATA[]]></system-err>
      </testcase>
      <testcase name="Test Cases/Forms/CheckForm/1_CreateForm" classname="Test Cases/Forms/CheckForm/1_CreateForm" status="PASSED">
         <system-out><![CDATA[2019-01-04 08:53:58 - [TEST_CASE][PASSED] - Test Cases/Forms/CheckForm/1_CreateForm: Test Cases/Forms/CheckForm/1_CreateForm

2019-01-04 08:53:58 - [TEST_STEP][PASSED] - openBrowser(URL): Browser is opened with url: 'https://test2.stage.safetychain.com'

2019-01-04 08:53:58 - [MESSAGE][WARNING] - A browser is already opened. Closing browser and opening a new one

2019-01-04 08:53:59 - [MESSAGE][INFO] - Starting 'Chrome' driver

2019-01-04 08:54:26 - [MESSAGE][PASSED] - Browser is opened with url: 'https://test2.stage.safetychain.com'

2019-01-04 08:54:26 - [TEST_STEP][PASSED] - maximizeWindow(): Current window maximized

2019-01-04 08:54:27 - [MESSAGE][PASSED] - Current window maximized

2019-01-04 08:54:27 - [TEST_STEP][PASSED] - setText(findTestObject("Form_Selection_Creation/login_Username"), UserName): Text 'superadmin' is set on object 'Object Repository/Form_Selection_Creation/login_Username'

2019-01-04 08:54:31 - [MESSAGE][PASSED] - Text 'superadmin' is set on object 'Object Repository/Form_Selection_Creation/login_Username'

2019-01-04 08:54:31 - [TEST_STEP][PASSED] - setText(findTestObject("Form_Selection_Creation/login_Password"), Password): Text 'sliptest23772boot' is set on object 'Object Repository/Form_Selection_Creation/login_Password'

2019-01-04 08:54:31 - [MESSAGE][PASSED] - Text 'sliptest23772boot' is set on object 'Object Repository/Form_Selection_Creation/login_Password'

2019-01-04 08:54:31 - [TEST_STEP][PASSED] - FormName.setData(): FormName.setData is PASSED

2019-01-04 08:54:31 - [MESSAGE][PASSED] - FormName.setData is PASSED

2019-01-04 08:54:31 - [TEST_STEP][PASSED] - click(findTestObject("Form_Selection_Creation/login_Button")): Object: 'Object Repository/Form_Selection_Creation/login_Button' is clicked on

2019-01-04 08:54:33 - [MESSAGE][PASSED] - Object: 'Object Repository/Form_Selection_Creation/login_Button' is clicked on

2019-01-04 08:54:33 - [TEST_STEP][PASSED] - Thread.sleep(3000): null

2019-01-04 08:54:36 - [TEST_STEP][PASSED] - click(findTestObject("Form_Selection_Creation/mainMenu_Button")): Object: 'Object Repository/Form_Selection_Creation/mainMenu_Button' is clicked on

2019-01-04 08:54:37 - [MESSAGE][PASSED] - Object: 'Object Repository/Form_Selection_Creation/mainMenu_Button' is clicked on

2019-01-04 08:54:37 - [TEST_STEP][PASSED] - click(findTestObject("Form_Selection_Creation/mainMenu_AdminTools")): Object: 'Object Repository/Form_Selection_Creation/mainMenu_AdminTools' is clicked on

2019-01-04 08:54:37 - [MESSAGE][PASSED] - Object: 'Object Repository/Form_Selection_Creation/mainMenu_AdminTools' is clicked on

2019-01-04 08:54:37 - [TEST_STEP][PASSED] - click(findTestObject("Form_Selection_Creation/mainMenu_AdminTools_FormDesigner")): Object: 'Object Repository/Form_Selection_Creation/mainMenu_AdminTools_FormDesigner' is clicked on

2019-01-04 08:54:37 - [MESSAGE][PASSED] - Object: 'Object Repository/Form_Selection_Creation/mainMenu_AdminTools_FormDesigner' is clicked on

2019-01-04 08:54:37 - [TEST_STEP][PASSED] - click(findTestObject("Form_Selection_Creation/selectCheckForm")): Object: 'Object Repository/Form_Selection_Creation/selectCheckForm' is clicked on

2019-01-04 08:54:37 - [MESSAGE][PASSED] - Object: 'Object Repository/Form_Selection_Creation/selectCheckForm' is clicked on

2019-01-04 08:54:37 - [TEST_STEP][PASSED] - Thread.sleep(3000): null

2019-01-04 08:54:40 - [TEST_STEP][PASSED] - dragAndDropToObject(findTestObject("Form_Selection_Creation/formDesign_selectResource"), findTestObject("Form_Selection_Creation/Target_Res_Object")): Dragged object with id 'Object Repository/Form_Selection_Creation/formDesign_selectResource' to object with id 'TestObject - 'Object Repository/Form_Selection_Creation/Target_Res_Object'' successfully

2019-01-04 08:54:41 - [MESSAGE][PASSED] - Dragged object with id 'Object Repository/Form_Selection_Creation/formDesign_selectResource' to object with id 'TestObject - 'Object Repository/Form_Selection_Creation/Target_Res_Object'' successfully

2019-01-04 08:54:41 - [TEST_STEP][PASSED] - Thread.sleep(6000): null

2019-01-04 08:54:47 - [TEST_STEP][PASSED] - click(findTestObject("Form_Selection_Creation/formCreation_NextToDesignForm")): Object: 'Object Repository/Form_Selection_Creation/formCreation_NextToDesignForm' is clicked on

2019-01-04 08:54:47 - [MESSAGE][PASSED] - Object: 'Object Repository/Form_Selection_Creation/formCreation_NextToDesignForm' is clicked on

2019-01-04 08:54:47 - [TEST_STEP][PASSED] - Thread.sleep(4000): null

2019-01-04 08:54:51 - [TEST_STEP][PASSED] - FormName.createForm(findTestObject("Form_Selection_Creation/formDesign_FormName")): FormName.createForm is PASSED

2019-01-04 08:54:51 - [MESSAGE][PASSED] - FormName.createForm is PASSED

2019-01-04 08:54:51 - [TEST_STEP][PASSED] - Thread.sleep(2000): null

2019-01-04 08:54:53 - [TEST_STEP][PASSED] - dragAndDropToObject(findTestObject("Form_Selection_Creation/formDesign_SelectSection"), findTestObject("Form_Selection_Creation/default_area")): Dragged object with id 'Object Repository/Form_Selection_Creation/formDesign_SelectSection' to object with id 'TestObject - 'Object Repository/Form_Selection_Creation/default_area'' successfully

2019-01-04 08:54:54 - [MESSAGE][PASSED] - Dragged object with id 'Object Repository/Form_Selection_Creation/formDesign_SelectSection' to object with id 'TestObject - 'Object Repository/Form_Selection_Creation/default_area'' successfully

2019-01-04 08:54:54 - [TEST_STEP][PASSED] - setText(findTestObject("Form_Selection_Creation/formDesign_SectionName"), "This is a Section"): Text 'This is a Section' is set on object 'Object Repository/Form_Selection_Creation/formDesign_SectionName'

2019-01-04 08:54:55 - [MESSAGE][PASSED] - Text 'This is a Section' is set on object 'Object Repository/Form_Selection_Creation/formDesign_SectionName'

2019-01-04 08:54:55 - [TEST_STEP][PASSED] - Thread.sleep(2000): null

2019-01-04 08:54:57 - [TEST_STEP][PASSED] - dragAndDropToObject(findTestObject("Form_Selection_Creation/formDesign_SelectFieldgroup"), findTestObject("Form_Selection_Creation/section_area")): Dragged object with id 'Object Repository/Form_Selection_Creation/formDesign_SelectFieldgroup' to object with id 'TestObject - 'Object Repository/Form_Selection_Creation/section_area'' successfully

2019-01-04 08:54:57 - [MESSAGE][PASSED] - Dragged object with id 'Object Repository/Form_Selection_Creation/formDesign_SelectFieldgroup' to object with id 'TestObject - 'Object Repository/Form_Selection_Creation/section_area'' successfully

2019-01-04 08:54:57 - [TEST_STEP][PASSED] - setText(findTestObject("Form_Selection_Creation/formDesign_FieldGroupName"), "This is Field Group"): Text 'This is Field Group' is set on object 'Object Repository/Form_Selection_Creation/formDesign_FieldGroupName'

2019-01-04 08:54:58 - [MESSAGE][PASSED] - Text 'This is Field Group' is set on object 'Object Repository/Form_Selection_Creation/formDesign_FieldGroupName'

2019-01-04 08:54:58 - [TEST_STEP][PASSED] - Thread.sleep(2000): null

2019-01-04 08:55:00 - [TEST_STEP][PASSED] - dragAndDropToObject(findTestObject("Form_Selection_Creation/formDesign_SelectFree Text"), findTestObject("Form_Selection_Creation/group_area")): Dragged object with id 'Object Repository/Form_Selection_Creation/formDesign_SelectFree Text' to object with id 'TestObject - 'Object Repository/Form_Selection_Creation/group_area'' successfully

2019-01-04 08:55:01 - [MESSAGE][PASSED] - Dragged object with id 'Object Repository/Form_Selection_Creation/formDesign_SelectFree Text' to object with id 'TestObject - 'Object Repository/Form_Selection_Creation/group_area'' successfully

2019-01-04 08:55:01 - [TEST_STEP][PASSED] - setText(findTestObject("Form_Selection_Creation/formDesign_FreetextName"), "This is Free Text"): Text 'This is Free Text' is set on object 'Object Repository/Form_Selection_Creation/formDesign_FreetextName'

2019-01-04 08:55:01 - [MESSAGE][PASSED] - Text 'This is Free Text' is set on object 'Object Repository/Form_Selection_Creation/formDesign_FreetextName'

2019-01-04 08:55:01 - [TEST_STEP][PASSED] - Thread.sleep(2000): null

2019-01-04 08:55:03 - [TEST_STEP][PASSED] - dragAndDropToObject(findTestObject("Form_Selection_Creation/formDesign_SelectParagraphText"), findTestObject("Form_Selection_Creation/group_area")): Dragged object with id 'Object Repository/Form_Selection_Creation/formDesign_SelectParagraphText' to object with id 'TestObject - 'Object Repository/Form_Selection_Creation/group_area'' successfully

2019-01-04 08:55:04 - [MESSAGE][PASSED] - Dragged object with id 'Object Repository/Form_Selection_Creation/formDesign_SelectParagraphText' to object with id 'TestObject - 'Object Repository/Form_Selection_Creation/group_area'' successfully

2019-01-04 08:55:04 - [TEST_STEP][PASSED] - setText(findTestObject("Form_Selection_Creation/formDesign_ParagraphName"), "This is Paragraph"): Text 'This is Paragraph' is set on object 'Object Repository/Form_Selection_Creation/formDesign_ParagraphName'

2019-01-04 08:55:04 - [MESSAGE][PASSED] - Text 'This is Paragraph' is set on object 'Object Repository/Form_Selection_Creation/formDesign_ParagraphName'

2019-01-04 08:55:04 - [TEST_STEP][PASSED] - Thread.sleep(2000): null

2019-01-04 08:55:06 - [TEST_STEP][PASSED] - dragAndDropToObject(findTestObject("Form_Selection_Creation/formDesign_Select_SelectOne"), findTestObject("Form_Selection_Creation/group_area")): Dragged object with id 'Object Repository/Form_Selection_Creation/formDesign_Select_SelectOne' to object with id 'TestObject - 'Object Repository/Form_Selection_Creation/group_area'' successfully

2019-01-04 08:55:07 - [MESSAGE][PASSED] - Dragged object with id 'Object Repository/Form_Selection_Creation/formDesign_Select_SelectOne' to object with id 'TestObject - 'Object Repository/Form_Selection_Creation/group_area'' successfully

2019-01-04 08:55:07 - [TEST_STEP][PASSED] - setText(findTestObject("Form_Selection_Creation/formDesign_Select_OneName"), "This is Select One"): Text 'This is Select One' is set on object 'Object Repository/Form_Selection_Creation/formDesign_Select_OneName'

2019-01-04 08:55:07 - [MESSAGE][PASSED] - Text 'This is Select One' is set on object 'Object Repository/Form_Selection_Creation/formDesign_Select_OneName'

2019-01-04 08:55:07 - [TEST_STEP][PASSED] - Thread.sleep(3000): null

2019-01-04 08:55:10 - [TEST_STEP][PASSED] - click(findTestObject("Form_Selection_Creation/button_Add New")): Object: 'Object Repository/Form_Selection_Creation/button_Add New' is clicked on

2019-01-04 08:55:11 - [MESSAGE][PASSED] - Object: 'Object Repository/Form_Selection_Creation/button_Add New' is clicked on

2019-01-04 08:55:11 - [TEST_STEP][PASSED] - setText(findTestObject("Form_Selection_Creation/addSingleValue1"), "Select Option1"): Text 'Select Option1' is set on object 'Object Repository/Form_Selection_Creation/addSingleValue1'

2019-01-04 08:55:11 - [MESSAGE][PASSED] - Text 'Select Option1' is set on object 'Object Repository/Form_Selection_Creation/addSingleValue1'

2019-01-04 08:55:11 - [TEST_STEP][PASSED] - Thread.sleep(2000): null

2019-01-04 08:55:13 - [TEST_STEP][PASSED] - click(findTestObject("Form_Selection_Creation/button_Add New")): Object: 'Object Repository/Form_Selection_Creation/button_Add New' is clicked on

2019-01-04 08:55:13 - [MESSAGE][PASSED] - Object: 'Object Repository/Form_Selection_Creation/button_Add New' is clicked on

2019-01-04 08:55:13 - [TEST_STEP][PASSED] - setText(findTestObject("Form_Selection_Creation/addSingleValue2"), "Select Option2"): Text 'Select Option2' is set on object 'Object Repository/Form_Selection_Creation/addSingleValue2'

2019-01-04 08:55:13 - [MESSAGE][PASSED] - Text 'Select Option2' is set on object 'Object Repository/Form_Selection_Creation/addSingleValue2'

2019-01-04 08:55:13 - [TEST_STEP][PASSED] - Thread.sleep(2000): null

2019-01-04 08:55:15 - [TEST_STEP][PASSED] - dragAndDropToObject(findTestObject("Form_Selection_Creation/formDesign_Select_SelectMultiple"), findTestObject("Form_Selection_Creation/group_area")): Dragged object with id 'Object Repository/Form_Selection_Creation/formDesign_Select_SelectMultiple' to object with id 'TestObject - 'Object Repository/Form_Selection_Creation/group_area'' successfully

2019-01-04 08:55:16 - [MESSAGE][PASSED] - Dragged object with id 'Object Repository/Form_Selection_Creation/formDesign_Select_SelectMultiple' to object with id 'TestObject - 'Object Repository/Form_Selection_Creation/group_area'' successfully

2019-01-04 08:55:16 - [TEST_STEP][PASSED] - setText(findTestObject("Form_Selection_Creation/formDesign_Select_MultipleName"), "This is Select Multiple "): Text 'This is Select Multiple ' is set on object 'Object Repository/Form_Selection_Creation/formDesign_Select_MultipleName'

2019-01-04 08:55:16 - [MESSAGE][PASSED] - Text 'This is Select Multiple ' is set on object 'Object Repository/Form_Selection_Creation/formDesign_Select_MultipleName'

2019-01-04 08:55:16 - [TEST_STEP][PASSED] - Thread.sleep(3000): null

2019-01-04 08:55:19 - [TEST_STEP][PASSED] - click(findTestObject("Form_Selection_Creation/button_AddNewMul")): Object: 'Object Repository/Form_Selection_Creation/button_AddNewMul' is clicked on

2019-01-04 08:55:20 - [MESSAGE][PASSED] - Object: 'Object Repository/Form_Selection_Creation/button_AddNewMul' is clicked on

2019-01-04 08:55:20 - [TEST_STEP][PASSED] - setText(findTestObject("Form_Selection_Creation/addMultipleValue1"), "Multiple Option1"): Text 'Multiple Option1' is set on object 'Object Repository/Form_Selection_Creation/addMultipleValue1'

2019-01-04 08:55:20 - [MESSAGE][PASSED] - Text 'Multiple Option1' is set on object 'Object Repository/Form_Selection_Creation/addMultipleValue1'

2019-01-04 08:55:20 - [TEST_STEP][PASSED] - Thread.sleep(2000): null

2019-01-04 08:55:22 - [TEST_STEP][PASSED] - click(findTestObject("Form_Selection_Creation/button_AddNewMul")): Object: 'Object Repository/Form_Selection_Creation/button_AddNewMul' is clicked on

2019-01-04 08:55:22 - [MESSAGE][PASSED] - Object: 'Object Repository/Form_Selection_Creation/button_AddNewMul' is clicked on

2019-01-04 08:55:22 - [TEST_STEP][PASSED] - setText(findTestObject("Form_Selection_Creation/addMultipleValue2"), "Multiple Option2"): Text 'Multiple Option2' is set on object 'Object Repository/Form_Selection_Creation/addMultipleValue2'

2019-01-04 08:55:22 - [MESSAGE][PASSED] - Text 'Multiple Option2' is set on object 'Object Repository/Form_Selection_Creation/addMultipleValue2'

2019-01-04 08:55:22 - [TEST_STEP][PASSED] - Thread.sleep(2000): null

2019-01-04 08:55:24 - [TEST_STEP][PASSED] - dragAndDropToObject(findTestObject("Form_Selection_Creation/formDesign_SelectNumeric"), findTestObject("Form_Selection_Creation/group_area")): Dragged object with id 'Object Repository/Form_Selection_Creation/formDesign_SelectNumeric' to object with id 'TestObject - 'Object Repository/Form_Selection_Creation/group_area'' successfully

2019-01-04 08:55:25 - [MESSAGE][PASSED] - Dragged object with id 'Object Repository/Form_Selection_Creation/formDesign_SelectNumeric' to object with id 'TestObject - 'Object Repository/Form_Selection_Creation/group_area'' successfully

2019-01-04 08:55:25 - [TEST_STEP][PASSED] - setText(findTestObject("Form_Selection_Creation/formDesignt_NumericName"), "This is Numeric Field."): Text 'This is Numeric Field.' is set on object 'Object Repository/Form_Selection_Creation/formDesignt_NumericName'

2019-01-04 08:55:26 - [MESSAGE][PASSED] - Text 'This is Numeric Field.' is set on object 'Object Repository/Form_Selection_Creation/formDesignt_NumericName'

2019-01-04 08:55:26 - [TEST_STEP][PASSED] - Thread.sleep(2000): null

2019-01-04 08:55:28 - [TEST_STEP][PASSED] - dragAndDropToObject(findTestObject("Form_Selection_Creation/formDesign_SelectDate"), findTestObject("Form_Selection_Creation/group_area")): Dragged object with id 'Object Repository/Form_Selection_Creation/formDesign_SelectDate' to object with id 'TestObject - 'Object Repository/Form_Selection_Creation/group_area'' successfully

2019-01-04 08:55:28 - [MESSAGE][PASSED] - Dragged object with id 'Object Repository/Form_Selection_Creation/formDesign_SelectDate' to object with id 'TestObject - 'Object Repository/Form_Selection_Creation/group_area'' successfully

2019-01-04 08:55:28 - [TEST_STEP][PASSED] - setText(findTestObject("Form_Selection_Creation/formDesign_DateName"), "This is Date"): Text 'This is Date' is set on object 'Object Repository/Form_Selection_Creation/formDesign_DateName'

2019-01-04 08:55:29 - [MESSAGE][PASSED] - Text 'This is Date' is set on object 'Object Repository/Form_Selection_Creation/formDesign_DateName'

2019-01-04 08:55:29 - [TEST_STEP][PASSED] - Thread.sleep(2000): null

2019-01-04 08:55:31 - [TEST_STEP][PASSED] - dragAndDropToObject(findTestObject("Form_Selection_Creation/formDesign_SelectTime"), findTestObject("Form_Selection_Creation/group_area")): Dragged object with id 'Object Repository/Form_Selection_Creation/formDesign_SelectTime' to object with id 'TestObject - 'Object Repository/Form_Selection_Creation/group_area'' successfully

2019-01-04 08:55:32 - [MESSAGE][PASSED] - Dragged object with id 'Object Repository/Form_Selection_Creation/formDesign_SelectTime' to object with id 'TestObject - 'Object Repository/Form_Selection_Creation/group_area'' successfully

2019-01-04 08:55:32 - [TEST_STEP][PASSED] - setText(findTestObject("Form_Selection_Creation/formDesign_TimeName"), "This is Time"): Text 'This is Time' is set on object 'Object Repository/Form_Selection_Creation/formDesign_TimeName'

2019-01-04 08:55:32 - [MESSAGE][PASSED] - Text 'This is Time' is set on object 'Object Repository/Form_Selection_Creation/formDesign_TimeName'

2019-01-04 08:55:32 - [TEST_STEP][PASSED] - Thread.sleep(2000): null

2019-01-04 08:55:34 - [TEST_STEP][PASSED] - dragAndDropToObject(findTestObject("Form_Selection_Creation/formDesign_SelectDateTime"), findTestObject("Form_Selection_Creation/group_area")): Dragged object with id 'Object Repository/Form_Selection_Creation/formDesign_SelectDateTime' to object with id 'TestObject - 'Object Repository/Form_Selection_Creation/group_area'' successfully

2019-01-04 08:55:35 - [MESSAGE][PASSED] - Dragged object with id 'Object Repository/Form_Selection_Creation/formDesign_SelectDateTime' to object with id 'TestObject - 'Object Repository/Form_Selection_Creation/group_area'' successfully

2019-01-04 08:55:35 - [TEST_STEP][PASSED] - setText(findTestObject("Form_Selection_Creation/formDesign_DateTimeName"), "This is Date-Time"): Text 'This is Date-Time' is set on object 'Object Repository/Form_Selection_Creation/formDesign_DateTimeName'

2019-01-04 08:55:36 - [MESSAGE][PASSED] - Text 'This is Date-Time' is set on object 'Object Repository/Form_Selection_Creation/formDesign_DateTimeName'

2019-01-04 08:55:36 - [TEST_STEP][PASSED] - Thread.sleep(2000): null

2019-01-04 08:55:38 - [TEST_STEP][PASSED] - click(findTestObject("Form_Selection_Creation/formCreation_NextToDesignForm")): Object: 'Object Repository/Form_Selection_Creation/formCreation_NextToDesignForm' is clicked on

2019-01-04 08:55:38 - [MESSAGE][PASSED] - Object: 'Object Repository/Form_Selection_Creation/formCreation_NextToDesignForm' is clicked on

2019-01-04 08:55:38 - [TEST_STEP][PASSED] - Thread.sleep(7000): null

2019-01-04 08:55:45 - [TEST_STEP][PASSED] - click(findTestObject("Form_Selection_Creation/div_Preview             Form1")): Object: 'Object Repository/Form_Selection_Creation/div_Preview             Form1' is clicked on

2019-01-04 08:55:45 - [MESSAGE][PASSED] - Object: 'Object Repository/Form_Selection_Creation/div_Preview             Form1' is clicked on

2019-01-04 08:55:45 - [TEST_STEP][PASSED] - Thread.sleep(5000): null

2019-01-04 08:55:50 - [TEST_STEP][PASSED] - click(findTestObject("Form_Selection_Creation/button_Release")): Object: 'Object Repository/Form_Selection_Creation/button_Release' is clicked on

2019-01-04 08:55:50 - [MESSAGE][PASSED] - Object: 'Object Repository/Form_Selection_Creation/button_Release' is clicked on

2019-01-04 08:55:50 - [TEST_STEP][PASSED] - Thread.sleep(4000): null]]></system-out>
         <system-err><![CDATA[]]></system-err>
      </testcase>
      <testcase name="Test Cases/Forms/CheckForm/2_FormSubmission" classname="Test Cases/Forms/CheckForm/2_FormSubmission" status="PASSED">
         <system-out><![CDATA[2019-01-04 08:55:54 - [TEST_CASE][PASSED] - Test Cases/Forms/CheckForm/2_FormSubmission: Test Cases/Forms/CheckForm/2_FormSubmission

2019-01-04 08:55:54 - [TEST_STEP][PASSED] - openBrowser(URL): Browser is opened with url: 'https://test2.stage.safetychain.com'

2019-01-04 08:55:54 - [MESSAGE][WARNING] - A browser is already opened. Closing browser and opening a new one

2019-01-04 08:55:55 - [MESSAGE][INFO] - Starting 'Chrome' driver

2019-01-04 08:56:37 - [MESSAGE][PASSED] - Browser is opened with url: 'https://test2.stage.safetychain.com'

2019-01-04 08:56:37 - [TEST_STEP][PASSED] - maximizeWindow(): Current window maximized

2019-01-04 08:56:38 - [MESSAGE][PASSED] - Current window maximized

2019-01-04 08:56:38 - [TEST_STEP][PASSED] - driver = getWebDriver(): null

2019-01-04 08:56:38 - [TEST_STEP][PASSED] - Thread.sleep(3000): null

2019-01-04 08:56:41 - [TEST_STEP][PASSED] - setText(findTestObject("FormTab/login_Username"), UserName): Text 'superadmin' is set on object 'Object Repository/FormTab/login_Username'

2019-01-04 08:56:42 - [MESSAGE][PASSED] - Text 'superadmin' is set on object 'Object Repository/FormTab/login_Username'

2019-01-04 08:56:42 - [TEST_STEP][PASSED] - setText(findTestObject("FormTab/login_Password"), Password): Text 'sliptest23772boot' is set on object 'Object Repository/FormTab/login_Password'

2019-01-04 08:56:42 - [MESSAGE][PASSED] - Text 'sliptest23772boot' is set on object 'Object Repository/FormTab/login_Password'

2019-01-04 08:56:42 - [TEST_STEP][PASSED] - click(findTestObject("FormTab/login_Button")): Object: 'Object Repository/FormTab/login_Button' is clicked on

2019-01-04 08:56:44 - [MESSAGE][PASSED] - Object: 'Object Repository/FormTab/login_Button' is clicked on

2019-01-04 08:56:44 - [TEST_STEP][PASSED] - Thread.sleep(8000): null

2019-01-04 08:56:52 - [TEST_STEP][PASSED] - click(findTestObject("FormTab/form_Tab")): Object: 'Object Repository/FormTab/form_Tab' is clicked on

2019-01-04 08:56:52 - [MESSAGE][PASSED] - Object: 'Object Repository/FormTab/form_Tab' is clicked on

2019-01-04 08:56:52 - [TEST_STEP][PASSED] - Thread.sleep(5000): null

2019-01-04 08:56:57 - [TEST_STEP][NOT_RUN] - click(findTestObject("FormTab/clickToViewMoreOption")): NOT_RUN: click(findTestObject("FormTab/clickToViewMoreOption"))

2019-01-04 08:56:57 - [MESSAGE][NOT_RUN] - NOT_RUN: click(findTestObject("FormTab/clickToViewMoreOption"))

2019-01-04 08:56:57 - [TEST_STEP][NOT_RUN] - Thread.sleep(3000): NOT_RUN: Thread.sleep(3000)

2019-01-04 08:56:57 - [MESSAGE][NOT_RUN] - NOT_RUN: Thread.sleep(3000)

2019-01-04 08:56:57 - [TEST_STEP][NOT_RUN] - waitForElementNotVisible(findTestObject("FormTab/select500_Form"), 5): NOT_RUN: waitForElementNotVisible(findTestObject("FormTab/select500_Form"), 5)

2019-01-04 08:56:57 - [MESSAGE][NOT_RUN] - NOT_RUN: waitForElementNotVisible(findTestObject("FormTab/select500_Form"), 5)

2019-01-04 08:56:57 - [TEST_STEP][NOT_RUN] - click(findTestObject("FormTab/select500_Form")): NOT_RUN: click(findTestObject("FormTab/select500_Form"))

2019-01-04 08:56:57 - [MESSAGE][NOT_RUN] - NOT_RUN: click(findTestObject("FormTab/select500_Form"))

2019-01-04 08:56:57 - [TEST_STEP][NOT_RUN] - Thread.sleep(7000): NOT_RUN: Thread.sleep(7000)

2019-01-04 08:56:57 - [MESSAGE][NOT_RUN] - NOT_RUN: Thread.sleep(7000)

2019-01-04 08:56:57 - [TEST_STEP][NOT_RUN] - FormName.fillFormName(): NOT_RUN: FormName.fillFormName()

2019-01-04 08:56:57 - [MESSAGE][NOT_RUN] - NOT_RUN: FormName.fillFormName()

2019-01-04 08:56:57 - [TEST_STEP][PASSED] - click(findTestObject("FormTab/options")): Object: 'Object Repository/FormTab/options' is clicked on

2019-01-04 08:56:57 - [MESSAGE][PASSED] - Object: 'Object Repository/FormTab/options' is clicked on

2019-01-04 08:56:57 - [TEST_STEP][PASSED] - Thread.sleep(2000): null

2019-01-04 08:56:59 - [TEST_STEP][PASSED] - mouseOver(findTestObject("FormTab/filterOption")): Object: 'Object Repository/FormTab/filterOption' is hovered

2019-01-04 08:56:59 - [MESSAGE][PASSED] - Object: 'Object Repository/FormTab/filterOption' is hovered

2019-01-04 08:56:59 - [TEST_STEP][PASSED] - Thread.sleep(2000): null

2019-01-04 08:57:01 - [TEST_STEP][PASSED] - FormName.filterFormName(): FormName.filterFormName is PASSED

2019-01-04 08:57:01 - [MESSAGE][PASSED] - FormName.filterFormName is PASSED

2019-01-04 08:57:01 - [TEST_STEP][PASSED] - Thread.sleep(2000): null

2019-01-04 08:57:03 - [TEST_STEP][PASSED] - click(findTestObject("FormTab/filterButton")): Object: 'Object Repository/FormTab/filterButton' is clicked on

2019-01-04 08:57:04 - [MESSAGE][PASSED] - Object: 'Object Repository/FormTab/filterButton' is clicked on

2019-01-04 08:57:04 - [TEST_STEP][PASSED] - Thread.sleep(4000): null

2019-01-04 08:57:08 - [TEST_STEP][PASSED] - click(findTestObject("FormTab/selectForm")): Object: 'Object Repository/FormTab/selectForm' is clicked on

2019-01-04 08:57:08 - [MESSAGE][PASSED] - Object: 'Object Repository/FormTab/selectForm' is clicked on

2019-01-04 08:57:08 - [TEST_STEP][PASSED] - Thread.sleep(4000): null

2019-01-04 08:57:12 - [TEST_STEP][PASSED] - click(findTestObject("FormTab/fillForm_OpenLocationOption")): Object: 'Object Repository/FormTab/fillForm_OpenLocationOption' is clicked on

2019-01-04 08:57:12 - [MESSAGE][PASSED] - Object: 'Object Repository/FormTab/fillForm_OpenLocationOption' is clicked on

2019-01-04 08:57:12 - [TEST_STEP][PASSED] - Thread.sleep(2000): null

2019-01-04 08:57:14 - [TEST_STEP][PASSED] - click(findTestObject("FormTab/fillForm_SelectLocation")): Object: 'Object Repository/FormTab/fillForm_SelectLocation' is clicked on

2019-01-04 08:57:14 - [MESSAGE][PASSED] - Object: 'Object Repository/FormTab/fillForm_SelectLocation' is clicked on

2019-01-04 08:57:14 - [TEST_STEP][PASSED] - Thread.sleep(4000): null

2019-01-04 08:57:18 - [TEST_STEP][PASSED] - click(findTestObject("FormTab/fillForm_OpenResourceOption")): Object: 'Object Repository/FormTab/fillForm_OpenResourceOption' is clicked on

2019-01-04 08:57:18 - [MESSAGE][PASSED] - Object: 'Object Repository/FormTab/fillForm_OpenResourceOption' is clicked on

2019-01-04 08:57:18 - [TEST_STEP][PASSED] - Thread.sleep(4000): null

2019-01-04 08:57:22 - [TEST_STEP][PASSED] - click(findTestObject("FormTab/fillForm_SelectResource")): Object: 'Object Repository/FormTab/fillForm_SelectResource' is clicked on

2019-01-04 08:57:22 - [MESSAGE][PASSED] - Object: 'Object Repository/FormTab/fillForm_SelectResource' is clicked on

2019-01-04 08:57:22 - [TEST_STEP][PASSED] - Thread.sleep(4000): null

2019-01-04 08:57:26 - [TEST_STEP][PASSED] - setText(findTestObject("FormTab/fillForm_FreeSingleText"), "MyText"): Text 'MyText' is set on object 'Object Repository/FormTab/fillForm_FreeSingleText'

2019-01-04 08:57:26 - [MESSAGE][PASSED] - Text 'MyText' is set on object 'Object Repository/FormTab/fillForm_FreeSingleText'

2019-01-04 08:57:26 - [TEST_STEP][PASSED] - setText(findTestObject("FormTab/fillForm_ParagraphText"), "MyParagraph"): Text 'MyParagraph' is set on object 'Object Repository/FormTab/fillForm_ParagraphText'

2019-01-04 08:57:26 - [MESSAGE][PASSED] - Text 'MyParagraph' is set on object 'Object Repository/FormTab/fillForm_ParagraphText'

2019-01-04 08:57:26 - [TEST_STEP][PASSED] - Thread.sleep(3000): null

2019-01-04 08:57:29 - [TEST_STEP][PASSED] - setText(findTestObject("FormTab/fillForm_SelectOneOption"), "Select Option1"): Text 'Select Option1' is set on object 'Object Repository/FormTab/fillForm_SelectOneOption'

2019-01-04 08:57:30 - [MESSAGE][PASSED] - Text 'Select Option1' is set on object 'Object Repository/FormTab/fillForm_SelectOneOption'

2019-01-04 08:57:30 - [TEST_STEP][PASSED] - Thread.sleep(3000): null

2019-01-04 08:57:33 - [TEST_STEP][PASSED] - xpath("//*[@id='scs-form-level']/div/div/div/div/div/div/div[4]/div/field-template/div/div/div/div/span/span/input")).sendKeys(ENTER): null

2019-01-04 08:57:33 - [TEST_STEP][PASSED] - Thread.sleep(3000): null

2019-01-04 08:57:36 - [TEST_STEP][PASSED] - setText(findTestObject("FormTab/fillForm_SelectMultipleOption"), "Multiple Option1"): Text 'Multiple Option1' is set on object 'Object Repository/FormTab/fillForm_SelectMultipleOption'

2019-01-04 08:57:36 - [MESSAGE][PASSED] - Text 'Multiple Option1' is set on object 'Object Repository/FormTab/fillForm_SelectMultipleOption'

2019-01-04 08:57:36 - [TEST_STEP][PASSED] - Thread.sleep(3000): null

2019-01-04 08:57:39 - [TEST_STEP][PASSED] - xpath("//*[@id='scs-form-level']/div/div/div/div/div/div/div[5]/div/field-template/div/div/div/div/div/div/input")).sendKeys(ENTER): null

2019-01-04 08:57:39 - [TEST_STEP][PASSED] - Thread.sleep(3000): null

2019-01-04 08:57:42 - [TEST_STEP][PASSED] - click(findTestObject("FormTab/fillForm_SelectMultipleOption")): Object: 'Object Repository/FormTab/fillForm_SelectMultipleOption' is clicked on

2019-01-04 08:57:42 - [MESSAGE][PASSED] - Object: 'Object Repository/FormTab/fillForm_SelectMultipleOption' is clicked on

2019-01-04 08:57:42 - [TEST_STEP][PASSED] - Thread.sleep(4000): null

2019-01-04 08:57:46 - [TEST_STEP][PASSED] - xpath("//*[@id='scs-form-level']/div/div/div/div[2]/div/div/div[6]/div/field-template/div/div[2]/div/div/span[1]/span/input[1]")).sendKeys("9"): null

2019-01-04 08:57:46 - [TEST_STEP][PASSED] - setText(findTestObject("FormTab/fillForm_DateText"), "10/18/2018"): Text '10/18/2018' is set on object 'Object Repository/FormTab/fillForm_DateText'

2019-01-04 08:57:46 - [MESSAGE][PASSED] - Text '10/18/2018' is set on object 'Object Repository/FormTab/fillForm_DateText'

2019-01-04 08:57:46 - [TEST_STEP][PASSED] - setText(findTestObject("FormTab/fillForm_TimeText"), "9:00 AM"): Text '9:00 AM' is set on object 'Object Repository/FormTab/fillForm_TimeText'

2019-01-04 08:57:47 - [MESSAGE][PASSED] - Text '9:00 AM' is set on object 'Object Repository/FormTab/fillForm_TimeText'

2019-01-04 08:57:47 - [TEST_STEP][PASSED] - setText(findTestObject("FormTab/fillForm_DateTimeText"), "10/18/2018 9:00 AM"): Text '10/18/2018 9:00 AM' is set on object 'Object Repository/FormTab/fillForm_DateTimeText'

2019-01-04 08:57:52 - [MESSAGE][PASSED] - Text '10/18/2018 9:00 AM' is set on object 'Object Repository/FormTab/fillForm_DateTimeText'

2019-01-04 08:57:52 - [TEST_STEP][PASSED] - click(findTestObject("FormTab/fillForm_SubmitButton")): Object: 'Object Repository/FormTab/fillForm_SubmitButton' is clicked on

2019-01-04 08:57:52 - [MESSAGE][PASSED] - Object: 'Object Repository/FormTab/fillForm_SubmitButton' is clicked on

2019-01-04 08:57:52 - [TEST_STEP][PASSED] - Thread.sleep(4000): null

2019-01-04 08:57:56 - [TEST_STEP][PASSED] - click(findTestObject("FormTab/fillForm_SubmissionOkButton")): Object: 'Object Repository/FormTab/fillForm_SubmissionOkButton' is clicked on

2019-01-04 08:57:56 - [MESSAGE][PASSED] - Object: 'Object Repository/FormTab/fillForm_SubmissionOkButton' is clicked on

2019-01-04 08:57:56 - [TEST_STEP][PASSED] - Thread.sleep(6000): null]]></system-out>
         <system-err><![CDATA[]]></system-err>
      </testcase>
      <testcase name="Test Cases/Forms/CheckForm/3_VerifyingRecord" classname="Test Cases/Forms/CheckForm/3_VerifyingRecord" status="PASSED">
         <system-out><![CDATA[2019-01-04 08:58:02 - [TEST_CASE][PASSED] - Test Cases/Forms/CheckForm/3_VerifyingRecord: Test Cases/Forms/CheckForm/3_VerifyingRecord

2019-01-04 08:58:02 - [TEST_STEP][NOT_RUN] - openBrowser(URL): NOT_RUN: openBrowser(URL)

2019-01-04 08:58:02 - [MESSAGE][NOT_RUN] - NOT_RUN: openBrowser(URL)

2019-01-04 08:58:02 - [TEST_STEP][NOT_RUN] - maximizeWindow(): NOT_RUN: maximizeWindow()

2019-01-04 08:58:02 - [MESSAGE][NOT_RUN] - NOT_RUN: maximizeWindow()

2019-01-04 08:58:02 - [TEST_STEP][NOT_RUN] - setText(findTestObject("Record/login_Username"), UserName): NOT_RUN: setText(findTestObject("Record/login_Username"), UserName)

2019-01-04 08:58:02 - [MESSAGE][NOT_RUN] - NOT_RUN: setText(findTestObject("Record/login_Username"), UserName)

2019-01-04 08:58:02 - [TEST_STEP][NOT_RUN] - setText(findTestObject("Record/login_Password"), Password11): NOT_RUN: setText(findTestObject("Record/login_Password"), Password11)

2019-01-04 08:58:02 - [MESSAGE][NOT_RUN] - NOT_RUN: setText(findTestObject("Record/login_Password"), Password11)

2019-01-04 08:58:02 - [TEST_STEP][NOT_RUN] - click(findTestObject("Record/login_Button")): NOT_RUN: click(findTestObject("Record/login_Button"))

2019-01-04 08:58:02 - [MESSAGE][NOT_RUN] - NOT_RUN: click(findTestObject("Record/login_Button"))

2019-01-04 08:58:02 - [TEST_STEP][NOT_RUN] - Thread.sleep(8000): NOT_RUN: Thread.sleep(8000)

2019-01-04 08:58:02 - [MESSAGE][NOT_RUN] - NOT_RUN: Thread.sleep(8000)

2019-01-04 08:58:02 - [TEST_STEP][PASSED] - click(findTestObject("Record/record_Tab")): Object: 'Object Repository/Record/record_Tab' is clicked on

2019-01-04 08:58:02 - [MESSAGE][PASSED] - Object: 'Object Repository/Record/record_Tab' is clicked on

2019-01-04 08:58:02 - [TEST_STEP][PASSED] - Thread.sleep(5000): null

2019-01-04 08:58:07 - [TEST_STEP][PASSED] - click(findTestObject("FormTab/clickToViewMoreOption")): Object: 'Object Repository/FormTab/clickToViewMoreOption' is clicked on

2019-01-04 08:58:08 - [MESSAGE][PASSED] - Object: 'Object Repository/FormTab/clickToViewMoreOption' is clicked on

2019-01-04 08:58:08 - [TEST_STEP][PASSED] - Thread.sleep(4000): null

2019-01-04 08:58:12 - [TEST_STEP][PASSED] - waitForElementNotVisible(findTestObject("FormTab/select500_Form"), 5): Object 'Object Repository/FormTab/select500_Form' is visible after 5 second(s)

2019-01-04 08:58:17 - [MESSAGE][WARNING] - Object 'Object Repository/FormTab/select500_Form' is visible after 5 second(s)

2019-01-04 08:58:17 - [TEST_STEP][PASSED] - click(findTestObject("FormTab/select500_Form")): Object: 'Object Repository/FormTab/select500_Form' is clicked on

2019-01-04 08:58:17 - [MESSAGE][PASSED] - Object: 'Object Repository/FormTab/select500_Form' is clicked on

2019-01-04 08:58:17 - [TEST_STEP][PASSED] - Thread.sleep(7000): null

2019-01-04 08:58:24 - [TEST_STEP][PASSED] - FormName.recordFormName(): FormName.recordFormName is PASSED

2019-01-04 08:58:25 - [MESSAGE][PASSED] - FormName.recordFormName is PASSED

2019-01-04 08:58:25 - [TEST_STEP][PASSED] - Thread.sleep(4000): null

2019-01-04 08:58:29 - [TEST_STEP][PASSED] - click(findTestObject("Record/editForm")): Object: 'Object Repository/Record/editForm' is clicked on

2019-01-04 08:58:29 - [MESSAGE][PASSED] - Object: 'Object Repository/Record/editForm' is clicked on

2019-01-04 08:58:29 - [TEST_STEP][PASSED] - Thread.sleep(2000): null

2019-01-04 08:58:31 - [TEST_STEP][PASSED] - setText(findTestObject("FormTab/fillForm_FreeSingleText"), "MyTextEdited"): Text 'MyTextEdited' is set on object 'Object Repository/FormTab/fillForm_FreeSingleText'

2019-01-04 08:58:31 - [MESSAGE][PASSED] - Text 'MyTextEdited' is set on object 'Object Repository/FormTab/fillForm_FreeSingleText'

2019-01-04 08:58:31 - [TEST_STEP][PASSED] - setText(findTestObject("FormTab/fillForm_ParagraphText"), "MyParagraphEdited"): Text 'MyParagraphEdited' is set on object 'Object Repository/FormTab/fillForm_ParagraphText'

2019-01-04 08:58:31 - [MESSAGE][PASSED] - Text 'MyParagraphEdited' is set on object 'Object Repository/FormTab/fillForm_ParagraphText'

2019-01-04 08:58:31 - [TEST_STEP][PASSED] - Thread.sleep(2000): null

2019-01-04 08:58:33 - [TEST_STEP][PASSED] - click(findTestObject("Record/submitButton")): Object: 'Object Repository/Record/submitButton' is clicked on

2019-01-04 08:58:33 - [MESSAGE][PASSED] - Object: 'Object Repository/Record/submitButton' is clicked on

2019-01-04 08:58:33 - [TEST_STEP][PASSED] - Thread.sleep(4000): null

2019-01-04 08:58:37 - [TEST_STEP][PASSED] - setText(findTestObject("Record/commentText"), "This form is edited in record."): Text 'This form is edited in record.' is set on object 'Object Repository/Record/commentText'

2019-01-04 08:58:38 - [MESSAGE][PASSED] - Text 'This form is edited in record.' is set on object 'Object Repository/Record/commentText'

2019-01-04 08:58:38 - [TEST_STEP][PASSED] - Thread.sleep(2000): null

2019-01-04 08:58:40 - [TEST_STEP][PASSED] - click(findTestObject("Record/acceptSubmitButton")): Object: 'Object Repository/Record/acceptSubmitButton' is clicked on

2019-01-04 08:58:40 - [MESSAGE][PASSED] - Object: 'Object Repository/Record/acceptSubmitButton' is clicked on

2019-01-04 08:58:40 - [TEST_STEP][PASSED] - Thread.sleep(6000): null

2019-01-04 08:58:46 - [TEST_STEP][PASSED] - click(findTestObject("Record/okButton")): Object: 'Object Repository/Record/okButton' is clicked on

2019-01-04 08:58:46 - [MESSAGE][PASSED] - Object: 'Object Repository/Record/okButton' is clicked on

2019-01-04 08:58:46 - [TEST_STEP][PASSED] - Thread.sleep(4000): null

2019-01-04 08:58:50 - [TEST_STEP][PASSED] - click(findTestObject("Record/record")): Object: 'Object Repository/Record/record' is clicked on

2019-01-04 08:58:50 - [MESSAGE][PASSED] - Object: 'Object Repository/Record/record' is clicked on

2019-01-04 08:58:50 - [TEST_STEP][PASSED] - Thread.sleep(5000): null

2019-01-04 08:58:55 - [TEST_STEP][PASSED] - FormName.recordFormName(): FormName.recordFormName is PASSED

2019-01-04 08:58:55 - [MESSAGE][PASSED] - FormName.recordFormName is PASSED

2019-01-04 08:58:55 - [TEST_STEP][PASSED] - Thread.sleep(4000): null]]></system-out>
         <system-err><![CDATA[]]></system-err>
      </testcase>
      <testcase name="Test Cases/Forms/QuestionaitreForm/1_CreateForm" classname="Test Cases/Forms/QuestionaitreForm/1_CreateForm" status="PASSED">
         <system-out><![CDATA[2019-01-04 08:58:59 - [TEST_CASE][PASSED] - Test Cases/Forms/QuestionaitreForm/1_CreateForm: Test Cases/Forms/QuestionaitreForm/1_CreateForm

2019-01-04 08:58:59 - [TEST_STEP][PASSED] - openBrowser(URL): Browser is opened with url: 'https://test2.stage.safetychain.com'

2019-01-04 08:58:59 - [MESSAGE][WARNING] - A browser is already opened. Closing browser and opening a new one

2019-01-04 08:59:00 - [MESSAGE][INFO] - Starting 'Chrome' driver

2019-01-04 08:59:28 - [MESSAGE][PASSED] - Browser is opened with url: 'https://test2.stage.safetychain.com'

2019-01-04 08:59:28 - [TEST_STEP][PASSED] - maximizeWindow(): Current window maximized

2019-01-04 08:59:29 - [MESSAGE][PASSED] - Current window maximized

2019-01-04 08:59:29 - [TEST_STEP][PASSED] - setText(findTestObject("Form_Selection_Creation/login_Username"), UserName): Text 'superadmin' is set on object 'Object Repository/Form_Selection_Creation/login_Username'

2019-01-04 08:59:32 - [MESSAGE][PASSED] - Text 'superadmin' is set on object 'Object Repository/Form_Selection_Creation/login_Username'

2019-01-04 08:59:32 - [TEST_STEP][PASSED] - setText(findTestObject("Form_Selection_Creation/login_Password"), Password): Text 'sliptest23772boot' is set on object 'Object Repository/Form_Selection_Creation/login_Password'

2019-01-04 08:59:33 - [MESSAGE][PASSED] - Text 'sliptest23772boot' is set on object 'Object Repository/Form_Selection_Creation/login_Password'

2019-01-04 08:59:33 - [TEST_STEP][PASSED] - FormName.setData(): FormName.setData is PASSED

2019-01-04 08:59:33 - [MESSAGE][PASSED] - FormName.setData is PASSED

2019-01-04 08:59:33 - [TEST_STEP][PASSED] - click(findTestObject("Form_Selection_Creation/login_Button")): Object: 'Object Repository/Form_Selection_Creation/login_Button' is clicked on

2019-01-04 08:59:34 - [MESSAGE][PASSED] - Object: 'Object Repository/Form_Selection_Creation/login_Button' is clicked on

2019-01-04 08:59:34 - [TEST_STEP][PASSED] - Thread.sleep(3000): null

2019-01-04 08:59:37 - [TEST_STEP][PASSED] - click(findTestObject("Form_Selection_Creation/mainMenu_Button")): Object: 'Object Repository/Form_Selection_Creation/mainMenu_Button' is clicked on

2019-01-04 08:59:38 - [MESSAGE][PASSED] - Object: 'Object Repository/Form_Selection_Creation/mainMenu_Button' is clicked on

2019-01-04 08:59:38 - [TEST_STEP][PASSED] - click(findTestObject("Form_Selection_Creation/mainMenu_AdminTools")): Object: 'Object Repository/Form_Selection_Creation/mainMenu_AdminTools' is clicked on

2019-01-04 08:59:38 - [MESSAGE][PASSED] - Object: 'Object Repository/Form_Selection_Creation/mainMenu_AdminTools' is clicked on

2019-01-04 08:59:38 - [TEST_STEP][PASSED] - click(findTestObject("Form_Selection_Creation/mainMenu_AdminTools_FormDesigner")): Object: 'Object Repository/Form_Selection_Creation/mainMenu_AdminTools_FormDesigner' is clicked on

2019-01-04 08:59:39 - [MESSAGE][PASSED] - Object: 'Object Repository/Form_Selection_Creation/mainMenu_AdminTools_FormDesigner' is clicked on

2019-01-04 08:59:39 - [TEST_STEP][PASSED] - Thread.sleep(2000): null

2019-01-04 08:59:41 - [TEST_STEP][PASSED] - click(findTestObject("Form_Selection_Creation/selectQuestionaireForm")): Object: 'Object Repository/Form_Selection_Creation/selectQuestionaireForm' is clicked on

2019-01-04 08:59:41 - [MESSAGE][PASSED] - Object: 'Object Repository/Form_Selection_Creation/selectQuestionaireForm' is clicked on

2019-01-04 08:59:41 - [TEST_STEP][PASSED] - Thread.sleep(3000): null

2019-01-04 08:59:44 - [TEST_STEP][PASSED] - dragAndDropToObject(findTestObject("Form_Selection_Creation/formDesign_selectResource"), findTestObject("Form_Selection_Creation/Target_Res_Object")): Dragged object with id 'Object Repository/Form_Selection_Creation/formDesign_selectResource' to object with id 'TestObject - 'Object Repository/Form_Selection_Creation/Target_Res_Object'' successfully

2019-01-04 08:59:45 - [MESSAGE][PASSED] - Dragged object with id 'Object Repository/Form_Selection_Creation/formDesign_selectResource' to object with id 'TestObject - 'Object Repository/Form_Selection_Creation/Target_Res_Object'' successfully

2019-01-04 08:59:45 - [TEST_STEP][PASSED] - Thread.sleep(6000): null

2019-01-04 08:59:51 - [TEST_STEP][PASSED] - click(findTestObject("Form_Selection_Creation/formCreation_NextToDesignForm")): Object: 'Object Repository/Form_Selection_Creation/formCreation_NextToDesignForm' is clicked on

2019-01-04 08:59:51 - [MESSAGE][PASSED] - Object: 'Object Repository/Form_Selection_Creation/formCreation_NextToDesignForm' is clicked on

2019-01-04 08:59:51 - [TEST_STEP][PASSED] - Thread.sleep(4000): null

2019-01-04 08:59:55 - [TEST_STEP][PASSED] - FormName.createForm(findTestObject("Form_Selection_Creation/formDesign_FormName")): FormName.createForm is PASSED

2019-01-04 08:59:55 - [MESSAGE][PASSED] - FormName.createForm is PASSED

2019-01-04 08:59:55 - [TEST_STEP][PASSED] - Thread.sleep(2000): null

2019-01-04 08:59:57 - [TEST_STEP][PASSED] - dragAndDropToObject(findTestObject("Form_Selection_Creation/formDesign_SelectSection"), findTestObject("Form_Selection_Creation/default_area")): Dragged object with id 'Object Repository/Form_Selection_Creation/formDesign_SelectSection' to object with id 'TestObject - 'Object Repository/Form_Selection_Creation/default_area'' successfully

2019-01-04 08:59:58 - [MESSAGE][PASSED] - Dragged object with id 'Object Repository/Form_Selection_Creation/formDesign_SelectSection' to object with id 'TestObject - 'Object Repository/Form_Selection_Creation/default_area'' successfully

2019-01-04 08:59:58 - [TEST_STEP][PASSED] - setText(findTestObject("Form_Selection_Creation/formDesign_SectionName_text"), "This is Section "): Text 'This is Section ' is set on object 'Object Repository/Form_Selection_Creation/formDesign_SectionName_text'

2019-01-04 08:59:58 - [MESSAGE][PASSED] - Text 'This is Section ' is set on object 'Object Repository/Form_Selection_Creation/formDesign_SectionName_text'

2019-01-04 08:59:58 - [TEST_STEP][PASSED] - Thread.sleep(2000): null

2019-01-04 09:00:00 - [TEST_STEP][PASSED] - dragAndDropToObject(findTestObject("Form_Selection_Creation/formDesign_SelectFieldgroup"), findTestObject("Form_Selection_Creation/section_area")): Dragged object with id 'Object Repository/Form_Selection_Creation/formDesign_SelectFieldgroup' to object with id 'TestObject - 'Object Repository/Form_Selection_Creation/section_area'' successfully

2019-01-04 09:00:01 - [MESSAGE][PASSED] - Dragged object with id 'Object Repository/Form_Selection_Creation/formDesign_SelectFieldgroup' to object with id 'TestObject - 'Object Repository/Form_Selection_Creation/section_area'' successfully

2019-01-04 09:00:01 - [TEST_STEP][PASSED] - setText(findTestObject("Form_Selection_Creation/formDesign_FieldGroupName_text"), "This is Field Group "): Text 'This is Field Group ' is set on object 'Object Repository/Form_Selection_Creation/formDesign_FieldGroupName_text'

2019-01-04 09:00:01 - [MESSAGE][PASSED] - Text 'This is Field Group ' is set on object 'Object Repository/Form_Selection_Creation/formDesign_FieldGroupName_text'

2019-01-04 09:00:01 - [TEST_STEP][PASSED] - Thread.sleep(2000): null

2019-01-04 09:00:03 - [TEST_STEP][PASSED] - dragAndDropToObject(findTestObject("Form_Selection_Creation/formDesign_SelectFree Text"), findTestObject("Form_Selection_Creation/group_area")): Dragged object with id 'Object Repository/Form_Selection_Creation/formDesign_SelectFree Text' to object with id 'TestObject - 'Object Repository/Form_Selection_Creation/group_area'' successfully

2019-01-04 09:00:04 - [MESSAGE][PASSED] - Dragged object with id 'Object Repository/Form_Selection_Creation/formDesign_SelectFree Text' to object with id 'TestObject - 'Object Repository/Form_Selection_Creation/group_area'' successfully

2019-01-04 09:00:04 - [TEST_STEP][PASSED] - setText(findTestObject("Form_Selection_Creation/formDesign_SingleLineName_Text"), "This is Single Line Text"): Text 'This is Single Line Text' is set on object 'Object Repository/Form_Selection_Creation/formDesign_SingleLineName_Text'

2019-01-04 09:00:05 - [MESSAGE][PASSED] - Text 'This is Single Line Text' is set on object 'Object Repository/Form_Selection_Creation/formDesign_SingleLineName_Text'

2019-01-04 09:00:05 - [TEST_STEP][PASSED] - Thread.sleep(2000): null

2019-01-04 09:00:07 - [TEST_STEP][PASSED] - dragAndDropToObject(findTestObject("Form_Selection_Creation/formDesign_SelectParagraphText"), findTestObject("Form_Selection_Creation/group_area")): Dragged object with id 'Object Repository/Form_Selection_Creation/formDesign_SelectParagraphText' to object with id 'TestObject - 'Object Repository/Form_Selection_Creation/group_area'' successfully

2019-01-04 09:00:07 - [MESSAGE][PASSED] - Dragged object with id 'Object Repository/Form_Selection_Creation/formDesign_SelectParagraphText' to object with id 'TestObject - 'Object Repository/Form_Selection_Creation/group_area'' successfully

2019-01-04 09:00:07 - [TEST_STEP][PASSED] - setText(findTestObject("Form_Selection_Creation/formDesign_ParagraphName_Text"), "This is Paragraph"): Text 'This is Paragraph' is set on object 'Object Repository/Form_Selection_Creation/formDesign_ParagraphName_Text'

2019-01-04 09:00:08 - [MESSAGE][PASSED] - Text 'This is Paragraph' is set on object 'Object Repository/Form_Selection_Creation/formDesign_ParagraphName_Text'

2019-01-04 09:00:08 - [TEST_STEP][PASSED] - Thread.sleep(2000): null

2019-01-04 09:00:10 - [TEST_STEP][PASSED] - dragAndDropToObject(findTestObject("Form_Selection_Creation/formDesign_Select_SelectOne"), findTestObject("Form_Selection_Creation/group_area")): Dragged object with id 'Object Repository/Form_Selection_Creation/formDesign_Select_SelectOne' to object with id 'TestObject - 'Object Repository/Form_Selection_Creation/group_area'' successfully

2019-01-04 09:00:10 - [MESSAGE][PASSED] - Dragged object with id 'Object Repository/Form_Selection_Creation/formDesign_Select_SelectOne' to object with id 'TestObject - 'Object Repository/Form_Selection_Creation/group_area'' successfully

2019-01-04 09:00:10 - [TEST_STEP][PASSED] - setText(findTestObject("Form_Selection_Creation/formDesign_Select_OneName_text"), "This is Select One"): Text 'This is Select One' is set on object 'Object Repository/Form_Selection_Creation/formDesign_Select_OneName_text'

2019-01-04 09:00:11 - [MESSAGE][PASSED] - Text 'This is Select One' is set on object 'Object Repository/Form_Selection_Creation/formDesign_Select_OneName_text'

2019-01-04 09:00:11 - [TEST_STEP][PASSED] - Thread.sleep(3000): null

2019-01-04 09:00:14 - [TEST_STEP][PASSED] - click(findTestObject("Form_Selection_Creation/button_AddNew1")): Object: 'Object Repository/Form_Selection_Creation/button_AddNew1' is clicked on

2019-01-04 09:00:14 - [MESSAGE][PASSED] - Object: 'Object Repository/Form_Selection_Creation/button_AddNew1' is clicked on

2019-01-04 09:00:14 - [TEST_STEP][PASSED] - setText(findTestObject("Form_Selection_Creation/add1singleValue1"), "SingleOption1"): Text 'SingleOption1' is set on object 'Object Repository/Form_Selection_Creation/add1singleValue1'

2019-01-04 09:00:14 - [MESSAGE][PASSED] - Text 'SingleOption1' is set on object 'Object Repository/Form_Selection_Creation/add1singleValue1'

2019-01-04 09:00:14 - [TEST_STEP][PASSED] - Thread.sleep(2000): null

2019-01-04 09:00:16 - [TEST_STEP][PASSED] - click(findTestObject("Form_Selection_Creation/button_AddNew1")): Object: 'Object Repository/Form_Selection_Creation/button_AddNew1' is clicked on

2019-01-04 09:00:16 - [MESSAGE][PASSED] - Object: 'Object Repository/Form_Selection_Creation/button_AddNew1' is clicked on

2019-01-04 09:00:16 - [TEST_STEP][PASSED] - setText(findTestObject("Form_Selection_Creation/add1singleValue2"), "SingleOption2"): Text 'SingleOption2' is set on object 'Object Repository/Form_Selection_Creation/add1singleValue2'

2019-01-04 09:00:17 - [MESSAGE][PASSED] - Text 'SingleOption2' is set on object 'Object Repository/Form_Selection_Creation/add1singleValue2'

2019-01-04 09:00:17 - [TEST_STEP][PASSED] - Thread.sleep(2000): null

2019-01-04 09:00:19 - [TEST_STEP][PASSED] - dragAndDropToObject(findTestObject("Form_Selection_Creation/formDesign_Select_SelectMultiple"), findTestObject("Form_Selection_Creation/group_area")): Dragged object with id 'Object Repository/Form_Selection_Creation/formDesign_Select_SelectMultiple' to object with id 'TestObject - 'Object Repository/Form_Selection_Creation/group_area'' successfully

2019-01-04 09:00:19 - [MESSAGE][PASSED] - Dragged object with id 'Object Repository/Form_Selection_Creation/formDesign_Select_SelectMultiple' to object with id 'TestObject - 'Object Repository/Form_Selection_Creation/group_area'' successfully

2019-01-04 09:00:19 - [TEST_STEP][PASSED] - setText(findTestObject("Form_Selection_Creation/formDesign_Select_MultipleName_text"), "This is Select Multiple"): Text 'This is Select Multiple' is set on object 'Object Repository/Form_Selection_Creation/formDesign_Select_MultipleName_text'

2019-01-04 09:00:20 - [MESSAGE][PASSED] - Text 'This is Select Multiple' is set on object 'Object Repository/Form_Selection_Creation/formDesign_Select_MultipleName_text'

2019-01-04 09:00:20 - [TEST_STEP][PASSED] - Thread.sleep(3000): null

2019-01-04 09:00:23 - [TEST_STEP][PASSED] - click(findTestObject("Form_Selection_Creation/button_addNewMul1")): Object: 'Object Repository/Form_Selection_Creation/button_addNewMul1' is clicked on

2019-01-04 09:00:23 - [MESSAGE][PASSED] - Object: 'Object Repository/Form_Selection_Creation/button_addNewMul1' is clicked on

2019-01-04 09:00:23 - [TEST_STEP][PASSED] - setText(findTestObject("Form_Selection_Creation/add1MultipleValue1"), "MultipleOption1"): Text 'MultipleOption1' is set on object 'Object Repository/Form_Selection_Creation/add1MultipleValue1'

2019-01-04 09:00:23 - [MESSAGE][PASSED] - Text 'MultipleOption1' is set on object 'Object Repository/Form_Selection_Creation/add1MultipleValue1'

2019-01-04 09:00:23 - [TEST_STEP][PASSED] - Thread.sleep(2000): null

2019-01-04 09:00:25 - [TEST_STEP][PASSED] - click(findTestObject("Form_Selection_Creation/button_addNewMul1")): Object: 'Object Repository/Form_Selection_Creation/button_addNewMul1' is clicked on

2019-01-04 09:00:26 - [MESSAGE][PASSED] - Object: 'Object Repository/Form_Selection_Creation/button_addNewMul1' is clicked on

2019-01-04 09:00:26 - [TEST_STEP][PASSED] - setText(findTestObject("Form_Selection_Creation/add1MultipleValue2"), "MultipleOption2"): Text 'MultipleOption2' is set on object 'Object Repository/Form_Selection_Creation/add1MultipleValue2'

2019-01-04 09:00:26 - [MESSAGE][PASSED] - Text 'MultipleOption2' is set on object 'Object Repository/Form_Selection_Creation/add1MultipleValue2'

2019-01-04 09:00:26 - [TEST_STEP][PASSED] - Thread.sleep(2000): null

2019-01-04 09:00:28 - [TEST_STEP][PASSED] - dragAndDropToObject(findTestObject("Form_Selection_Creation/formDesign_SelectNumeric"), findTestObject("Form_Selection_Creation/group_area")): Dragged object with id 'Object Repository/Form_Selection_Creation/formDesign_SelectNumeric' to object with id 'TestObject - 'Object Repository/Form_Selection_Creation/group_area'' successfully

2019-01-04 09:00:29 - [MESSAGE][PASSED] - Dragged object with id 'Object Repository/Form_Selection_Creation/formDesign_SelectNumeric' to object with id 'TestObject - 'Object Repository/Form_Selection_Creation/group_area'' successfully

2019-01-04 09:00:29 - [TEST_STEP][PASSED] - setText(findTestObject("Form_Selection_Creation/formDesign_NumericName_Text"), "This is a Number"): Text 'This is a Number' is set on object 'Object Repository/Form_Selection_Creation/formDesign_NumericName_Text'

2019-01-04 09:00:29 - [MESSAGE][PASSED] - Text 'This is a Number' is set on object 'Object Repository/Form_Selection_Creation/formDesign_NumericName_Text'

2019-01-04 09:00:29 - [TEST_STEP][PASSED] - Thread.sleep(2000): null

2019-01-04 09:00:31 - [TEST_STEP][PASSED] - dragAndDropToObject(findTestObject("Form_Selection_Creation/formDesign_SelectDate"), findTestObject("Form_Selection_Creation/group_area")): Dragged object with id 'Object Repository/Form_Selection_Creation/formDesign_SelectDate' to object with id 'TestObject - 'Object Repository/Form_Selection_Creation/group_area'' successfully

2019-01-04 09:00:32 - [MESSAGE][PASSED] - Dragged object with id 'Object Repository/Form_Selection_Creation/formDesign_SelectDate' to object with id 'TestObject - 'Object Repository/Form_Selection_Creation/group_area'' successfully

2019-01-04 09:00:32 - [TEST_STEP][PASSED] - setText(findTestObject("Form_Selection_Creation/formDesign_DateName_Text"), "This is a Date"): Text 'This is a Date' is set on object 'Object Repository/Form_Selection_Creation/formDesign_DateName_Text'

2019-01-04 09:00:32 - [MESSAGE][PASSED] - Text 'This is a Date' is set on object 'Object Repository/Form_Selection_Creation/formDesign_DateName_Text'

2019-01-04 09:00:32 - [TEST_STEP][PASSED] - Thread.sleep(2000): null

2019-01-04 09:00:34 - [TEST_STEP][PASSED] - dragAndDropToObject(findTestObject("Form_Selection_Creation/formDesign_SelectTime"), findTestObject("Form_Selection_Creation/group_area")): Dragged object with id 'Object Repository/Form_Selection_Creation/formDesign_SelectTime' to object with id 'TestObject - 'Object Repository/Form_Selection_Creation/group_area'' successfully

2019-01-04 09:00:35 - [MESSAGE][PASSED] - Dragged object with id 'Object Repository/Form_Selection_Creation/formDesign_SelectTime' to object with id 'TestObject - 'Object Repository/Form_Selection_Creation/group_area'' successfully

2019-01-04 09:00:35 - [TEST_STEP][PASSED] - setText(findTestObject("Form_Selection_Creation/formDesign_TimeName_text"), "This is a Time"): Text 'This is a Time' is set on object 'Object Repository/Form_Selection_Creation/formDesign_TimeName_text'

2019-01-04 09:00:36 - [MESSAGE][PASSED] - Text 'This is a Time' is set on object 'Object Repository/Form_Selection_Creation/formDesign_TimeName_text'

2019-01-04 09:00:36 - [TEST_STEP][PASSED] - Thread.sleep(2000): null

2019-01-04 09:00:38 - [TEST_STEP][PASSED] - dragAndDropToObject(findTestObject("Form_Selection_Creation/formDesign_SelectDateTime"), findTestObject("Form_Selection_Creation/group_area")): Dragged object with id 'Object Repository/Form_Selection_Creation/formDesign_SelectDateTime' to object with id 'TestObject - 'Object Repository/Form_Selection_Creation/group_area'' successfully

2019-01-04 09:00:39 - [MESSAGE][PASSED] - Dragged object with id 'Object Repository/Form_Selection_Creation/formDesign_SelectDateTime' to object with id 'TestObject - 'Object Repository/Form_Selection_Creation/group_area'' successfully

2019-01-04 09:00:39 - [TEST_STEP][PASSED] - setText(findTestObject("Form_Selection_Creation/formDesign_DateTimeName_Text"), "This is a Date-Time"): Text 'This is a Date-Time' is set on object 'Object Repository/Form_Selection_Creation/formDesign_DateTimeName_Text'

2019-01-04 09:00:39 - [MESSAGE][PASSED] - Text 'This is a Date-Time' is set on object 'Object Repository/Form_Selection_Creation/formDesign_DateTimeName_Text'

2019-01-04 09:00:39 - [TEST_STEP][PASSED] - Thread.sleep(2000): null

2019-01-04 09:00:41 - [TEST_STEP][PASSED] - click(findTestObject("Form_Selection_Creation/formCreation_NextToDesignForm")): Object: 'Object Repository/Form_Selection_Creation/formCreation_NextToDesignForm' is clicked on

2019-01-04 09:00:41 - [MESSAGE][PASSED] - Object: 'Object Repository/Form_Selection_Creation/formCreation_NextToDesignForm' is clicked on

2019-01-04 09:00:41 - [TEST_STEP][PASSED] - Thread.sleep(7000): null

2019-01-04 09:00:48 - [TEST_STEP][PASSED] - click(findTestObject("Form_Selection_Creation/div_Preview             Form1")): Object: 'Object Repository/Form_Selection_Creation/div_Preview             Form1' is clicked on

2019-01-04 09:00:48 - [MESSAGE][PASSED] - Object: 'Object Repository/Form_Selection_Creation/div_Preview             Form1' is clicked on

2019-01-04 09:00:48 - [TEST_STEP][PASSED] - Thread.sleep(5000): null

2019-01-04 09:00:53 - [TEST_STEP][PASSED] - click(findTestObject("Form_Selection_Creation/button_Release")): Object: 'Object Repository/Form_Selection_Creation/button_Release' is clicked on

2019-01-04 09:00:54 - [MESSAGE][PASSED] - Object: 'Object Repository/Form_Selection_Creation/button_Release' is clicked on

2019-01-04 09:00:54 - [TEST_STEP][PASSED] - Thread.sleep(4000): null]]></system-out>
         <system-err><![CDATA[]]></system-err>
      </testcase>
      <testcase name="Test Cases/Forms/QuestionaitreForm/2_FormSubmission" classname="Test Cases/Forms/QuestionaitreForm/2_FormSubmission" status="PASSED">
         <system-out><![CDATA[2019-01-04 09:00:58 - [TEST_CASE][PASSED] - Test Cases/Forms/QuestionaitreForm/2_FormSubmission: Test Cases/Forms/QuestionaitreForm/2_FormSubmission

2019-01-04 09:00:58 - [TEST_STEP][PASSED] - openBrowser(""): Browser is opened with url: ''

2019-01-04 09:00:58 - [MESSAGE][WARNING] - A browser is already opened. Closing browser and opening a new one

2019-01-04 09:00:59 - [MESSAGE][INFO] - Starting 'Chrome' driver

2019-01-04 09:01:01 - [MESSAGE][PASSED] - Browser is opened with url: ''

2019-01-04 09:01:01 - [TEST_STEP][PASSED] - navigateToUrl(URL): Navigate to 'https://test2.stage.safetychain.com' successfully

2019-01-04 09:01:26 - [MESSAGE][PASSED] - Navigate to 'https://test2.stage.safetychain.com' successfully

2019-01-04 09:01:26 - [TEST_STEP][PASSED] - maximizeWindow(): Current window maximized

2019-01-04 09:01:27 - [MESSAGE][PASSED] - Current window maximized

2019-01-04 09:01:27 - [TEST_STEP][PASSED] - driver = getWebDriver(): null

2019-01-04 09:01:27 - [TEST_STEP][PASSED] - Thread.sleep(3000): null

2019-01-04 09:01:30 - [TEST_STEP][PASSED] - setText(findTestObject("FormTab/login_Username"), UserName): Text 'superadmin' is set on object 'Object Repository/FormTab/login_Username'

2019-01-04 09:01:30 - [MESSAGE][PASSED] - Text 'superadmin' is set on object 'Object Repository/FormTab/login_Username'

2019-01-04 09:01:30 - [TEST_STEP][PASSED] - setText(findTestObject("FormTab/login_Password"), Password): Text 'sliptest23772boot' is set on object 'Object Repository/FormTab/login_Password'

2019-01-04 09:01:31 - [MESSAGE][PASSED] - Text 'sliptest23772boot' is set on object 'Object Repository/FormTab/login_Password'

2019-01-04 09:01:31 - [TEST_STEP][PASSED] - click(findTestObject("FormTab/login_Button")): Object: 'Object Repository/FormTab/login_Button' is clicked on

2019-01-04 09:01:32 - [MESSAGE][PASSED] - Object: 'Object Repository/FormTab/login_Button' is clicked on

2019-01-04 09:01:32 - [TEST_STEP][PASSED] - Thread.sleep(10000): null

2019-01-04 09:01:42 - [TEST_STEP][PASSED] - click(findTestObject("FormTab/form_Tab")): Object: 'Object Repository/FormTab/form_Tab' is clicked on

2019-01-04 09:01:42 - [MESSAGE][PASSED] - Object: 'Object Repository/FormTab/form_Tab' is clicked on

2019-01-04 09:01:42 - [TEST_STEP][NOT_RUN] - Thread.sleep(4000): NOT_RUN: Thread.sleep(4000)

2019-01-04 09:01:42 - [MESSAGE][NOT_RUN] - NOT_RUN: Thread.sleep(4000)

2019-01-04 09:01:42 - [TEST_STEP][NOT_RUN] - click(findTestObject("FormTab/clickToViewMoreOption")): NOT_RUN: click(findTestObject("FormTab/clickToViewMoreOption"))

2019-01-04 09:01:42 - [MESSAGE][NOT_RUN] - NOT_RUN: click(findTestObject("FormTab/clickToViewMoreOption"))

2019-01-04 09:01:42 - [TEST_STEP][NOT_RUN] - waitForElementNotVisible(findTestObject("FormTab/select500_Form"), 5): NOT_RUN: waitForElementNotVisible(findTestObject("FormTab/select500_Form"), 5)

2019-01-04 09:01:42 - [MESSAGE][NOT_RUN] - NOT_RUN: waitForElementNotVisible(findTestObject("FormTab/select500_Form"), 5)

2019-01-04 09:01:42 - [TEST_STEP][NOT_RUN] - click(findTestObject("FormTab/select500_Form")): NOT_RUN: click(findTestObject("FormTab/select500_Form"))

2019-01-04 09:01:42 - [MESSAGE][NOT_RUN] - NOT_RUN: click(findTestObject("FormTab/select500_Form"))

2019-01-04 09:01:42 - [TEST_STEP][PASSED] - Thread.sleep(3000): null

2019-01-04 09:01:45 - [TEST_STEP][PASSED] - click(findTestObject("FormTab/options")): Object: 'Object Repository/FormTab/options' is clicked on

2019-01-04 09:01:46 - [MESSAGE][PASSED] - Object: 'Object Repository/FormTab/options' is clicked on

2019-01-04 09:01:46 - [TEST_STEP][PASSED] - Thread.sleep(2000): null

2019-01-04 09:01:48 - [TEST_STEP][PASSED] - mouseOver(findTestObject("FormTab/filterOption")): Object: 'Object Repository/FormTab/filterOption' is hovered

2019-01-04 09:01:48 - [MESSAGE][PASSED] - Object: 'Object Repository/FormTab/filterOption' is hovered

2019-01-04 09:01:48 - [TEST_STEP][PASSED] - Thread.sleep(2000): null

2019-01-04 09:01:50 - [TEST_STEP][PASSED] - FormName.filterFormName(): FormName.filterFormName is PASSED

2019-01-04 09:01:50 - [MESSAGE][PASSED] - FormName.filterFormName is PASSED

2019-01-04 09:01:50 - [TEST_STEP][PASSED] - Thread.sleep(2000): null

2019-01-04 09:01:52 - [TEST_STEP][PASSED] - click(findTestObject("FormTab/filterButton")): Object: 'Object Repository/FormTab/filterButton' is clicked on

2019-01-04 09:01:52 - [MESSAGE][PASSED] - Object: 'Object Repository/FormTab/filterButton' is clicked on

2019-01-04 09:01:52 - [TEST_STEP][PASSED] - Thread.sleep(4000): null

2019-01-04 09:01:56 - [TEST_STEP][PASSED] - click(findTestObject("FormTab/selectForm")): Object: 'Object Repository/FormTab/selectForm' is clicked on

2019-01-04 09:01:56 - [MESSAGE][PASSED] - Object: 'Object Repository/FormTab/selectForm' is clicked on

2019-01-04 09:01:56 - [TEST_STEP][PASSED] - Thread.sleep(4000): null

2019-01-04 09:02:00 - [TEST_STEP][NOT_RUN] - FormName.fillFormName(): NOT_RUN: FormName.fillFormName()

2019-01-04 09:02:00 - [MESSAGE][NOT_RUN] - NOT_RUN: FormName.fillFormName()

2019-01-04 09:02:00 - [TEST_STEP][NOT_RUN] - Thread.sleep(4000): NOT_RUN: Thread.sleep(4000)

2019-01-04 09:02:00 - [MESSAGE][NOT_RUN] - NOT_RUN: Thread.sleep(4000)

2019-01-04 09:02:00 - [TEST_STEP][PASSED] - click(findTestObject("FormTab/fillForm_OpenLocationOption")): Object: 'Object Repository/FormTab/fillForm_OpenLocationOption' is clicked on

2019-01-04 09:02:01 - [MESSAGE][PASSED] - Object: 'Object Repository/FormTab/fillForm_OpenLocationOption' is clicked on

2019-01-04 09:02:01 - [TEST_STEP][PASSED] - Thread.sleep(4000): null

2019-01-04 09:02:05 - [TEST_STEP][NOT_RUN] - delay(3000): NOT_RUN: delay(3000)

2019-01-04 09:02:05 - [MESSAGE][NOT_RUN] - NOT_RUN: delay(3000)

2019-01-04 09:02:05 - [TEST_STEP][NOT_RUN] - waitForElementNotVisible(findTestObject("FormTab/fillForm_SelectLocation"), 5): NOT_RUN: waitForElementNotVisible(findTestObject("FormTab/fillForm_SelectLocation"), 5)

2019-01-04 09:02:05 - [MESSAGE][NOT_RUN] - NOT_RUN: waitForElementNotVisible(findTestObject("FormTab/fillForm_SelectLocation"), 5)

2019-01-04 09:02:05 - [TEST_STEP][PASSED] - click(findTestObject("FormTab/fillForm_SelectLocation")): Object: 'Object Repository/FormTab/fillForm_SelectLocation' is clicked on

2019-01-04 09:02:05 - [MESSAGE][PASSED] - Object: 'Object Repository/FormTab/fillForm_SelectLocation' is clicked on

2019-01-04 09:02:05 - [TEST_STEP][PASSED] - Thread.sleep(4000): null

2019-01-04 09:02:09 - [TEST_STEP][PASSED] - click(findTestObject("FormTab/fillForm_OpenResourceOption")): Object: 'Object Repository/FormTab/fillForm_OpenResourceOption' is clicked on

2019-01-04 09:02:09 - [MESSAGE][PASSED] - Object: 'Object Repository/FormTab/fillForm_OpenResourceOption' is clicked on

2019-01-04 09:02:09 - [TEST_STEP][PASSED] - Thread.sleep(4000): null

2019-01-04 09:02:13 - [TEST_STEP][NOT_RUN] - delay(4000): NOT_RUN: delay(4000)

2019-01-04 09:02:13 - [MESSAGE][NOT_RUN] - NOT_RUN: delay(4000)

2019-01-04 09:02:13 - [TEST_STEP][NOT_RUN] - waitForElementNotVisible(findTestObject("FormTab/fillForm_SelectResource"), 5): NOT_RUN: waitForElementNotVisible(findTestObject("FormTab/fillForm_SelectResource"), 5)

2019-01-04 09:02:13 - [MESSAGE][NOT_RUN] - NOT_RUN: waitForElementNotVisible(findTestObject("FormTab/fillForm_SelectResource"), 5)

2019-01-04 09:02:13 - [TEST_STEP][PASSED] - click(findTestObject("FormTab/fillForm_SelectResource")): Object: 'Object Repository/FormTab/fillForm_SelectResource' is clicked on

2019-01-04 09:02:13 - [MESSAGE][PASSED] - Object: 'Object Repository/FormTab/fillForm_SelectResource' is clicked on

2019-01-04 09:02:13 - [TEST_STEP][PASSED] - Thread.sleep(4000): null

2019-01-04 09:02:17 - [TEST_STEP][PASSED] - setText(findTestObject("FormTab/fillForm_FreeSingleText"), "MyText"): Text 'MyText' is set on object 'Object Repository/FormTab/fillForm_FreeSingleText'

2019-01-04 09:02:17 - [MESSAGE][PASSED] - Text 'MyText' is set on object 'Object Repository/FormTab/fillForm_FreeSingleText'

2019-01-04 09:02:17 - [TEST_STEP][PASSED] - setText(findTestObject("FormTab/fillForm_ParagraphText"), "MyParagraph"): Text 'MyParagraph' is set on object 'Object Repository/FormTab/fillForm_ParagraphText'

2019-01-04 09:02:17 - [MESSAGE][PASSED] - Text 'MyParagraph' is set on object 'Object Repository/FormTab/fillForm_ParagraphText'

2019-01-04 09:02:17 - [TEST_STEP][PASSED] - Thread.sleep(3000): null

2019-01-04 09:02:20 - [TEST_STEP][PASSED] - setText(findTestObject("FormTab/fillForm_SelectOneOption"), "SingleOption1"): Text 'SingleOption1' is set on object 'Object Repository/FormTab/fillForm_SelectOneOption'

2019-01-04 09:02:21 - [MESSAGE][PASSED] - Text 'SingleOption1' is set on object 'Object Repository/FormTab/fillForm_SelectOneOption'

2019-01-04 09:02:21 - [TEST_STEP][PASSED] - Thread.sleep(3000): null

2019-01-04 09:02:24 - [TEST_STEP][PASSED] - xpath("//*[@id='scs-form-level']/div/div/div/div/div/div/div[4]/div/field-template/div/div/div/div/span/span/input")).sendKeys(Keys.chord(ENTER)): null

2019-01-04 09:02:24 - [TEST_STEP][PASSED] - Thread.sleep(3000): null

2019-01-04 09:02:27 - [TEST_STEP][PASSED] - setText(findTestObject("FormTab/fillForm_SelectMultipleOption"), "MultipleOption1"): Text 'MultipleOption1' is set on object 'Object Repository/FormTab/fillForm_SelectMultipleOption'

2019-01-04 09:02:27 - [MESSAGE][PASSED] - Text 'MultipleOption1' is set on object 'Object Repository/FormTab/fillForm_SelectMultipleOption'

2019-01-04 09:02:27 - [TEST_STEP][PASSED] - Thread.sleep(3000): null

2019-01-04 09:02:30 - [TEST_STEP][PASSED] - xpath("//*[@id='scs-form-level']/div/div/div/div/div/div/div[5]/div/field-template/div/div/div/div/div/div/input")).sendKeys(Keys.chord(ENTER)): null

2019-01-04 09:02:30 - [TEST_STEP][PASSED] - click(findTestObject("FormTab/fillForm_SelectMultipleOption")): Object: 'Object Repository/FormTab/fillForm_SelectMultipleOption' is clicked on

2019-01-04 09:02:30 - [MESSAGE][PASSED] - Object: 'Object Repository/FormTab/fillForm_SelectMultipleOption' is clicked on

2019-01-04 09:02:30 - [TEST_STEP][PASSED] - Thread.sleep(4000): null

2019-01-04 09:02:34 - [TEST_STEP][PASSED] - xpath("//*[@id='scs-form-level']/div/div/div/div[2]/div/div/div[6]/div/field-template/div/div[2]/div/div/span[1]/span/input[1]")).sendKeys("9"): null

2019-01-04 09:02:34 - [TEST_STEP][PASSED] - setText(findTestObject("FormTab/fillForm_DateText"), "10/18/2018"): Text '10/18/2018' is set on object 'Object Repository/FormTab/fillForm_DateText'

2019-01-04 09:02:34 - [MESSAGE][PASSED] - Text '10/18/2018' is set on object 'Object Repository/FormTab/fillForm_DateText'

2019-01-04 09:02:34 - [TEST_STEP][PASSED] - setText(findTestObject("FormTab/fillForm_TimeText"), "9:00 AM"): Text '9:00 AM' is set on object 'Object Repository/FormTab/fillForm_TimeText'

2019-01-04 09:02:35 - [MESSAGE][PASSED] - Text '9:00 AM' is set on object 'Object Repository/FormTab/fillForm_TimeText'

2019-01-04 09:02:35 - [TEST_STEP][PASSED] - setText(findTestObject("FormTab/fillForm_DateTimeText"), "10/18/2018 9:00 AM"): Text '10/18/2018 9:00 AM' is set on object 'Object Repository/FormTab/fillForm_DateTimeText'

2019-01-04 09:02:35 - [MESSAGE][PASSED] - Text '10/18/2018 9:00 AM' is set on object 'Object Repository/FormTab/fillForm_DateTimeText'

2019-01-04 09:02:35 - [TEST_STEP][PASSED] - click(findTestObject("FormTab/fillForm_SubmitButton")): Object: 'Object Repository/FormTab/fillForm_SubmitButton' is clicked on

2019-01-04 09:02:35 - [MESSAGE][PASSED] - Object: 'Object Repository/FormTab/fillForm_SubmitButton' is clicked on

2019-01-04 09:02:35 - [TEST_STEP][PASSED] - Thread.sleep(2000): null

2019-01-04 09:02:37 - [TEST_STEP][PASSED] - click(findTestObject("FormTab/fillForm_SubmissionOkButton")): Object: 'Object Repository/FormTab/fillForm_SubmissionOkButton' is clicked on

2019-01-04 09:02:37 - [MESSAGE][PASSED] - Object: 'Object Repository/FormTab/fillForm_SubmissionOkButton' is clicked on

2019-01-04 09:02:37 - [TEST_STEP][PASSED] - Thread.sleep(4000): null]]></system-out>
         <system-err><![CDATA[]]></system-err>
      </testcase>
      <testcase name="Test Cases/Forms/QuestionaitreForm/3_VerifyingDocument" classname="Test Cases/Forms/QuestionaitreForm/3_VerifyingDocument" status="PASSED">
         <system-out><![CDATA[2019-01-04 09:02:41 - [TEST_CASE][PASSED] - Test Cases/Forms/QuestionaitreForm/3_VerifyingDocument: Test Cases/Forms/QuestionaitreForm/3_VerifyingDocument

2019-01-04 09:02:41 - [TEST_STEP][NOT_RUN] - openBrowser(URL): NOT_RUN: openBrowser(URL)

2019-01-04 09:02:41 - [MESSAGE][NOT_RUN] - NOT_RUN: openBrowser(URL)

2019-01-04 09:02:41 - [TEST_STEP][NOT_RUN] - setText(findTestObject("DocumentTab/login_Username"), UserName): NOT_RUN: setText(findTestObject("DocumentTab/login_Username"), UserName)

2019-01-04 09:02:41 - [MESSAGE][NOT_RUN] - NOT_RUN: setText(findTestObject("DocumentTab/login_Username"), UserName)

2019-01-04 09:02:41 - [TEST_STEP][NOT_RUN] - setText(findTestObject("DocumentTab/login_Password"), Password11): NOT_RUN: setText(findTestObject("DocumentTab/login_Password"), Password11)

2019-01-04 09:02:41 - [MESSAGE][NOT_RUN] - NOT_RUN: setText(findTestObject("DocumentTab/login_Password"), Password11)

2019-01-04 09:02:41 - [TEST_STEP][NOT_RUN] - click(findTestObject("DocumentTab/login_Button")): NOT_RUN: click(findTestObject("DocumentTab/login_Button"))

2019-01-04 09:02:41 - [MESSAGE][NOT_RUN] - NOT_RUN: click(findTestObject("DocumentTab/login_Button"))

2019-01-04 09:02:41 - [TEST_STEP][PASSED] - Thread.sleep(8000): null

2019-01-04 09:02:49 - [TEST_STEP][PASSED] - click(findTestObject("DocumentTab/documentTab")): Object: 'Object Repository/DocumentTab/documentTab' is clicked on

2019-01-04 09:02:50 - [MESSAGE][PASSED] - Object: 'Object Repository/DocumentTab/documentTab' is clicked on

2019-01-04 09:02:50 - [TEST_STEP][PASSED] - Thread.sleep(7000): null

2019-01-04 09:02:57 - [TEST_STEP][PASSED] - FormName.documentFormName(): FormName.documentFormName is PASSED

2019-01-04 09:02:57 - [MESSAGE][PASSED] - FormName.documentFormName is PASSED

2019-01-04 09:02:57 - [TEST_STEP][PASSED] - Thread.sleep(4000): null]]></system-out>
         <system-err><![CDATA[]]></system-err>
      </testcase>
      <testcase name="Test Cases/Forms/QuestionaitreForm/4_VerifyingDMS" classname="Test Cases/Forms/QuestionaitreForm/4_VerifyingDMS" status="PASSED">
         <system-out><![CDATA[2019-01-04 09:03:01 - [TEST_CASE][PASSED] - Test Cases/Forms/QuestionaitreForm/4_VerifyingDMS: Test Cases/Forms/QuestionaitreForm/4_VerifyingDMS

2019-01-04 09:03:01 - [TEST_STEP][NOT_RUN] - openBrowser(URL): NOT_RUN: openBrowser(URL)

2019-01-04 09:03:01 - [MESSAGE][NOT_RUN] - NOT_RUN: openBrowser(URL)

2019-01-04 09:03:01 - [TEST_STEP][NOT_RUN] - setText(findTestObject("DMS_Forms/login_Username"), UserName): NOT_RUN: setText(findTestObject("DMS_Forms/login_Username"), UserName)

2019-01-04 09:03:01 - [MESSAGE][NOT_RUN] - NOT_RUN: setText(findTestObject("DMS_Forms/login_Username"), UserName)

2019-01-04 09:03:01 - [TEST_STEP][NOT_RUN] - setText(findTestObject("DMS_Forms/login_Password"), Password11): NOT_RUN: setText(findTestObject("DMS_Forms/login_Password"), Password11)

2019-01-04 09:03:01 - [MESSAGE][NOT_RUN] - NOT_RUN: setText(findTestObject("DMS_Forms/login_Password"), Password11)

2019-01-04 09:03:01 - [TEST_STEP][NOT_RUN] - click(findTestObject("DMS_Forms/login_Button")): NOT_RUN: click(findTestObject("DMS_Forms/login_Button"))

2019-01-04 09:03:01 - [MESSAGE][NOT_RUN] - NOT_RUN: click(findTestObject("DMS_Forms/login_Button"))

2019-01-04 09:03:01 - [TEST_STEP][PASSED] - Thread.sleep(4000): null

2019-01-04 09:03:05 - [TEST_STEP][PASSED] - click(findTestObject("DMS_Forms/mainmenu_button")): Object: 'Object Repository/DMS_Forms/mainmenu_button' is clicked on

2019-01-04 09:03:05 - [MESSAGE][PASSED] - Object: 'Object Repository/DMS_Forms/mainmenu_button' is clicked on

2019-01-04 09:03:05 - [TEST_STEP][PASSED] - click(findTestObject("DMS_Forms/mainmenu_Document")): Object: 'Object Repository/DMS_Forms/mainmenu_Document' is clicked on

2019-01-04 09:03:05 - [MESSAGE][PASSED] - Object: 'Object Repository/DMS_Forms/mainmenu_Document' is clicked on

2019-01-04 09:03:05 - [TEST_STEP][PASSED] - Thread.sleep(4000): null

2019-01-04 09:03:09 - [TEST_STEP][PASSED] - FormName.findinDMS(): FormName.findinDMS is PASSED

2019-01-04 09:03:10 - [MESSAGE][PASSED] - FormName.findinDMS is PASSED

2019-01-04 09:03:10 - [TEST_STEP][PASSED] - Thread.sleep(4000): null

2019-01-04 09:03:14 - [TEST_STEP][PASSED] - doubleClick(findTestObject("DMS_Forms/openDocument")): Object: 'Object Repository/DMS_Forms/openDocument' is double clicked on

2019-01-04 09:03:14 - [MESSAGE][PASSED] - Object: 'Object Repository/DMS_Forms/openDocument' is double clicked on

2019-01-04 09:03:14 - [TEST_STEP][PASSED] - Thread.sleep(4000): null]]></system-out>
         <system-err><![CDATA[]]></system-err>
      </testcase>
      <system-out><![CDATA[2019-01-04 08:48:53 - [TEST_SUITE][PASSED] - MyTest: Test Cases/Forms/QuestionaitreForm/4_VerifyingDMS]]></system-out>
      <system-err><![CDATA[]]></system-err>
   </testsuite>
</testsuites>
