<?xml version="1.0" encoding="UTF-8"?>
<testsuites name="UserCheck" time="330" tests="7" failures="0" errors="0">
   <testsuite name="UserCheck" tests="7" failures="0" errors="0" time="330" timestamp="2019-01-10 17:02:13" hostname="pashine_a - Abhishek-Pashine.India.XoriantCorp.com" id="Test Suites/UserCheck">
      <properties>
         <property name="deviceName" value=""/>
         <property name="devicePlatform" value=""/>
         <property name="logFolder" value="D:\\Git Data\\SafetyChain-Test-Automation-Katalon\\Reports\\UserCheck\\20190110_162953"/>
         <property name="logFiles" value="D:\\Git Data\\SafetyChain-Test-Automation-Katalon\\Reports\\UserCheck\\20190110_162953\\execution0.log"/>
         <property name="attachments" value=""/>
         <property name="hostName" value="pashine_a - Abhishek-Pashine.India.XoriantCorp.com"/>
         <property name="os" value="Windows 7 64bit"/>
         <property name="katalonVersion" value="5.10.1.1"/>
         <property name="browser" value="Chrome 71.0.3578.98"/>
         <property name="hostAddress" value="10.21.7.147"/>
         <property name="sessionId" value="0d0eb575947955212871ed0c545dcb72"/>
         <property name="seleniumVersion" value="3.7.1"/>
         <property name="proxyInformation" value="ProxyInformation{proxyOption=NO_PROXY, proxyServerType=HTTP, password=, proxyServerAddress=, proxyServerPort=0}"/>
         <property name="platform" value="Windows 7"/>
      </properties>
      <testcase name="Test Cases/TestUser/createUser" classname="Test Cases/TestUser/createUser" status="PASSED">
         <system-out><![CDATA[2019-01-10 17:02:14 - [TEST_CASE][PASSED] - Test Cases/TestUser/createUser: Test Cases/TestUser/createUser

2019-01-10 17:02:14 - [TEST_STEP][PASSED] - openBrowser(URL): Browser is opened with url: 'https://test2.stage.safetychain.com'

2019-01-10 17:02:15 - [MESSAGE][INFO] - Starting 'Chrome' driver

2019-01-10 17:02:15 - [MESSAGE][INFO] - Action delay is set to 0 seconds

2019-01-10 17:02:55 - [MESSAGE][PASSED] - Browser is opened with url: 'https://test2.stage.safetychain.com'

2019-01-10 17:02:55 - [TEST_STEP][PASSED] - maximizeWindow(): Current window maximized

2019-01-10 17:02:57 - [MESSAGE][PASSED] - Current window maximized

2019-01-10 17:02:57 - [TEST_STEP][PASSED] - waitForElementVisible(findTestObject("TestUserLocation/login_Username"), 70): Object 'Object Repository/TestUserLocation/login_Username' is visible

2019-01-10 17:03:00 - [MESSAGE][PASSED] - Object 'Object Repository/TestUserLocation/login_Username' is visible

2019-01-10 17:03:00 - [TEST_STEP][PASSED] - setText(findTestObject("TestUserLocation/login_Username"), UserName): Text 'superadmin' is set on object 'Object Repository/TestUserLocation/login_Username'

2019-01-10 17:03:00 - [MESSAGE][PASSED] - Text 'superadmin' is set on object 'Object Repository/TestUserLocation/login_Username'

2019-01-10 17:03:00 - [TEST_STEP][PASSED] - setText(findTestObject("TestUserLocation/login_Password"), Password): Text 'sliptest23772boot' is set on object 'Object Repository/TestUserLocation/login_Password'

2019-01-10 17:03:00 - [MESSAGE][PASSED] - Text 'sliptest23772boot' is set on object 'Object Repository/TestUserLocation/login_Password'

2019-01-10 17:03:00 - [TEST_STEP][PASSED] - User.setNamePass(): User.setNamePass is PASSED

2019-01-10 17:03:01 - [MESSAGE][PASSED] - User.setNamePass is PASSED

2019-01-10 17:03:01 - [TEST_STEP][PASSED] - click(findTestObject("TestUserLocation/login_Button")): Object: 'Object Repository/TestUserLocation/login_Button' is clicked on

2019-01-10 17:03:04 - [MESSAGE][PASSED] - Object: 'Object Repository/TestUserLocation/login_Button' is clicked on

2019-01-10 17:03:04 - [TEST_STEP][PASSED] - Thread.sleep(6000): null

2019-01-10 17:03:10 - [TEST_STEP][PASSED] - waitForElementClickable(findTestObject("TestUserLocation/mainmenu_button"), 70): Object 'Object Repository/TestUserLocation/mainmenu_button' is clickable

2019-01-10 17:03:10 - [MESSAGE][PASSED] - Object 'Object Repository/TestUserLocation/mainmenu_button' is clickable

2019-01-10 17:03:10 - [TEST_STEP][PASSED] - click(findTestObject("TestUserLocation/mainmenu_button")): Object: 'Object Repository/TestUserLocation/mainmenu_button' is clicked on

2019-01-10 17:03:10 - [MESSAGE][PASSED] - Object: 'Object Repository/TestUserLocation/mainmenu_button' is clicked on

2019-01-10 17:03:10 - [TEST_STEP][PASSED] - click(findTestObject("Form_Selection_Creation/mainMenu_AdminTools")): Object: 'Object Repository/Form_Selection_Creation/mainMenu_AdminTools' is clicked on

2019-01-10 17:03:10 - [MESSAGE][PASSED] - Object: 'Object Repository/Form_Selection_Creation/mainMenu_AdminTools' is clicked on

2019-01-10 17:03:10 - [TEST_STEP][PASSED] - Thread.sleep(2000): null

2019-01-10 17:03:12 - [TEST_STEP][PASSED] - click(findTestObject("TestUser/users")): Object: 'Object Repository/TestUser/users' is clicked on

2019-01-10 17:03:12 - [MESSAGE][PASSED] - Object: 'Object Repository/TestUser/users' is clicked on

2019-01-10 17:03:12 - [TEST_STEP][PASSED] - Thread.sleep(6000): null

2019-01-10 17:03:18 - [TEST_STEP][PASSED] - click(findTestObject("TestUser/addNewUser")): Object: 'Object Repository/TestUser/addNewUser' is clicked on

2019-01-10 17:03:18 - [MESSAGE][PASSED] - Object: 'Object Repository/TestUser/addNewUser' is clicked on

2019-01-10 17:03:18 - [TEST_STEP][PASSED] - Thread.sleep(4000): null

2019-01-10 17:03:22 - [TEST_STEP][PASSED] - setText(findTestObject("TestUser/userName"), findTestData("UserData").getValue("UserName", 1)): Text 'User_On_10/01/19-17:03' is set on object 'Object Repository/TestUser/userName'

2019-01-10 17:03:24 - [MESSAGE][PASSED] - Text 'User_On_10/01/19-17:03' is set on object 'Object Repository/TestUser/userName'

2019-01-10 17:03:24 - [TEST_STEP][PASSED] - setText(findTestObject("TestUser/password"), findTestData("UserData").getValue("Password", 1)): Text 'password' is set on object 'Object Repository/TestUser/password'

2019-01-10 17:03:24 - [MESSAGE][PASSED] - Text 'password' is set on object 'Object Repository/TestUser/password'

2019-01-10 17:03:24 - [TEST_STEP][PASSED] - setText(findTestObject("TestUser/firstName"), "Test"): Text 'Test' is set on object 'Object Repository/TestUser/firstName'

2019-01-10 17:03:24 - [MESSAGE][PASSED] - Text 'Test' is set on object 'Object Repository/TestUser/firstName'

2019-01-10 17:03:24 - [TEST_STEP][PASSED] - setText(findTestObject("TestUser/lastName"), "Auto"): Text 'Auto' is set on object 'Object Repository/TestUser/lastName'

2019-01-10 17:03:24 - [MESSAGE][PASSED] - Text 'Auto' is set on object 'Object Repository/TestUser/lastName'

2019-01-10 17:03:24 - [TEST_STEP][PASSED] - setText(findTestObject("TestUser/email"), "test123@auto.com"): Text 'test123@auto.com' is set on object 'Object Repository/TestUser/email'

2019-01-10 17:03:24 - [MESSAGE][PASSED] - Text 'test123@auto.com' is set on object 'Object Repository/TestUser/email'

2019-01-10 17:03:24 - [TEST_STEP][PASSED] - click(findTestObject("TestUser/timeZoneOpen")): Object: 'Object Repository/TestUser/timeZoneOpen' is clicked on

2019-01-10 17:03:25 - [MESSAGE][PASSED] - Object: 'Object Repository/TestUser/timeZoneOpen' is clicked on

2019-01-10 17:03:25 - [TEST_STEP][PASSED] - Thread.sleep(2000): null

2019-01-10 17:03:27 - [TEST_STEP][PASSED] - click(findTestObject("TestUser/selectTimeZone")): Object: 'Object Repository/TestUser/selectTimeZone' is clicked on

2019-01-10 17:03:27 - [MESSAGE][PASSED] - Object: 'Object Repository/TestUser/selectTimeZone' is clicked on

2019-01-10 17:03:27 - [TEST_STEP][PASSED] - Thread.sleep(2000): null

2019-01-10 17:03:29 - [TEST_STEP][PASSED] - click(findTestObject("TestUser/clickOutside")): Object: 'Object Repository/TestUser/clickOutside' is clicked on

2019-01-10 17:03:29 - [MESSAGE][PASSED] - Object: 'Object Repository/TestUser/clickOutside' is clicked on

2019-01-10 17:03:29 - [TEST_STEP][PASSED] - click(findTestObject("TestUser/locationOpen")): Object: 'Object Repository/TestUser/locationOpen' is clicked on

2019-01-10 17:03:30 - [MESSAGE][PASSED] - Object: 'Object Repository/TestUser/locationOpen' is clicked on

2019-01-10 17:03:30 - [TEST_STEP][PASSED] - Thread.sleep(2000): null

2019-01-10 17:03:32 - [TEST_STEP][PASSED] - click(findTestObject("TestUser/selectLocation")): Object: 'Object Repository/TestUser/selectLocation' is clicked on

2019-01-10 17:03:32 - [MESSAGE][PASSED] - Object: 'Object Repository/TestUser/selectLocation' is clicked on

2019-01-10 17:03:32 - [TEST_STEP][PASSED] - Thread.sleep(2000): null

2019-01-10 17:03:34 - [TEST_STEP][PASSED] - click(findTestObject("TestUser/clickOutside")): Object: 'Object Repository/TestUser/clickOutside' is clicked on

2019-01-10 17:03:34 - [MESSAGE][PASSED] - Object: 'Object Repository/TestUser/clickOutside' is clicked on

2019-01-10 17:03:34 - [TEST_STEP][PASSED] - click(findTestObject("TestUser/roleOpen")): Object: 'Object Repository/TestUser/roleOpen' is clicked on

2019-01-10 17:03:34 - [MESSAGE][PASSED] - Object: 'Object Repository/TestUser/roleOpen' is clicked on

2019-01-10 17:03:34 - [TEST_STEP][PASSED] - Thread.sleep(2000): null

2019-01-10 17:03:36 - [TEST_STEP][PASSED] - click(findTestObject("TestUser/selectRole")): Object: 'Object Repository/TestUser/selectRole' is clicked on

2019-01-10 17:03:36 - [MESSAGE][PASSED] - Object: 'Object Repository/TestUser/selectRole' is clicked on

2019-01-10 17:03:36 - [TEST_STEP][PASSED] - Thread.sleep(2000): null

2019-01-10 17:03:38 - [TEST_STEP][PASSED] - AdminTool_Location.moveCursor(): AdminTool_Location.moveCursor is PASSED

2019-01-10 17:03:38 - [MESSAGE][PASSED] - AdminTool_Location.moveCursor is PASSED

2019-01-10 17:03:38 - [TEST_STEP][PASSED] - Thread.sleep(2000): null

2019-01-10 17:03:40 - [TEST_STEP][PASSED] - click(findTestObject("TestUser/clickOutside")): Object: 'Object Repository/TestUser/clickOutside' is clicked on

2019-01-10 17:03:40 - [MESSAGE][PASSED] - Object: 'Object Repository/TestUser/clickOutside' is clicked on

2019-01-10 17:03:40 - [TEST_STEP][PASSED] - Thread.sleep(2000): null

2019-01-10 17:03:42 - [TEST_STEP][PASSED] - click(findTestObject("TestUser/saveUser")): Object: 'Object Repository/TestUser/saveUser' is clicked on

2019-01-10 17:03:42 - [MESSAGE][PASSED] - Object: 'Object Repository/TestUser/saveUser' is clicked on

2019-01-10 17:03:42 - [TEST_STEP][PASSED] - Thread.sleep(6000): null

2019-01-10 17:03:48 - [TEST_STEP][PASSED] - click(findTestObject("TestUser/clickToCheck")): Object: 'Object Repository/TestUser/clickToCheck' is clicked on

2019-01-10 17:03:48 - [MESSAGE][PASSED] - Object: 'Object Repository/TestUser/clickToCheck' is clicked on

2019-01-10 17:03:48 - [TEST_STEP][PASSED] - Thread.sleep(2000): null

2019-01-10 17:03:50 - [TEST_STEP][PASSED] - click(findTestObject("TestUser/logoutUser")): Object: 'Object Repository/TestUser/logoutUser' is clicked on

2019-01-10 17:03:53 - [MESSAGE][PASSED] - Object: 'Object Repository/TestUser/logoutUser' is clicked on

2019-01-10 17:03:53 - [TEST_STEP][PASSED] - Thread.sleep(2000): null]]></system-out>
         <system-err><![CDATA[]]></system-err>
      </testcase>
      <testcase name="Test Cases/TestUser/userFirstLogin" classname="Test Cases/TestUser/userFirstLogin" status="PASSED">
         <system-out><![CDATA[2019-01-10 17:03:55 - [TEST_CASE][PASSED] - Test Cases/TestUser/userFirstLogin: Test Cases/TestUser/userFirstLogin

2019-01-10 17:03:56 - [TEST_STEP][NOT_RUN] - openBrowser(URL): NOT_RUN: openBrowser(URL)

2019-01-10 17:03:56 - [MESSAGE][NOT_RUN] - NOT_RUN: openBrowser(URL)

2019-01-10 17:03:56 - [TEST_STEP][NOT_RUN] - maximizeWindow(): NOT_RUN: maximizeWindow()

2019-01-10 17:03:56 - [MESSAGE][NOT_RUN] - NOT_RUN: maximizeWindow()

2019-01-10 17:03:56 - [TEST_STEP][PASSED] - Thread.sleep(4000): null

2019-01-10 17:04:00 - [TEST_STEP][PASSED] - setText(findTestObject("TestUserLocation/login_Username"), findTestData("UserData").getValue("UserName", 1)): Text 'User_On_10/01/19-17:03' is set on object 'Object Repository/TestUserLocation/login_Username'

2019-01-10 17:04:00 - [MESSAGE][PASSED] - Text 'User_On_10/01/19-17:03' is set on object 'Object Repository/TestUserLocation/login_Username'

2019-01-10 17:04:00 - [TEST_STEP][PASSED] - User.setNewPass(): User.setNewPass is PASSED

2019-01-10 17:04:00 - [MESSAGE][PASSED] - User.setNewPass is PASSED

2019-01-10 17:04:00 - [TEST_STEP][PASSED] - setText(findTestObject("TestUserLocation/login_Password"), findTestData("UserData").getValue("Password", 1)): Text 'password' is set on object 'Object Repository/TestUserLocation/login_Password'

2019-01-10 17:04:00 - [MESSAGE][PASSED] - Text 'password' is set on object 'Object Repository/TestUserLocation/login_Password'

2019-01-10 17:04:00 - [TEST_STEP][PASSED] - Thread.sleep(2000): null

2019-01-10 17:04:02 - [TEST_STEP][PASSED] - click(findTestObject("TestUserLocation/login_Button")): Object: 'Object Repository/TestUserLocation/login_Button' is clicked on

2019-01-10 17:04:03 - [MESSAGE][PASSED] - Object: 'Object Repository/TestUserLocation/login_Button' is clicked on

2019-01-10 17:04:03 - [TEST_STEP][PASSED] - Thread.sleep(6000): null

2019-01-10 17:04:09 - [TEST_STEP][PASSED] - setText(findTestObject("TestUser/newPassword"), "a"): Text 'a' is set on object 'Object Repository/TestUser/newPassword'

2019-01-10 17:04:09 - [MESSAGE][PASSED] - Text 'a' is set on object 'Object Repository/TestUser/newPassword'

2019-01-10 17:04:09 - [TEST_STEP][PASSED] - setText(findTestObject("TestUser/confirmPassword"), "b"): Text 'b' is set on object 'Object Repository/TestUser/confirmPassword'

2019-01-10 17:04:09 - [MESSAGE][PASSED] - Text 'b' is set on object 'Object Repository/TestUser/confirmPassword'

2019-01-10 17:04:09 - [TEST_STEP][PASSED] - Thread.sleep(2000): null

2019-01-10 17:04:11 - [TEST_STEP][PASSED] - click(findTestObject("TestUser/createPasswordButton")): Object: 'Object Repository/TestUser/createPasswordButton' is clicked on

2019-01-10 17:04:12 - [MESSAGE][PASSED] - Object: 'Object Repository/TestUser/createPasswordButton' is clicked on

2019-01-10 17:04:12 - [TEST_STEP][PASSED] - Thread.sleep(4000): null

2019-01-10 17:04:16 - [TEST_STEP][PASSED] - click(findTestObject("TestUser/passwordMatch")): Object: 'Object Repository/TestUser/passwordMatch' is clicked on

2019-01-10 17:04:16 - [MESSAGE][PASSED] - Object: 'Object Repository/TestUser/passwordMatch' is clicked on

2019-01-10 17:04:16 - [TEST_STEP][PASSED] - setText(findTestObject("TestUser/newPassword"), "a"): Text 'a' is set on object 'Object Repository/TestUser/newPassword'

2019-01-10 17:04:16 - [MESSAGE][PASSED] - Text 'a' is set on object 'Object Repository/TestUser/newPassword'

2019-01-10 17:04:16 - [TEST_STEP][PASSED] - setText(findTestObject("TestUser/confirmPassword"), "a"): Text 'a' is set on object 'Object Repository/TestUser/confirmPassword'

2019-01-10 17:04:16 - [MESSAGE][PASSED] - Text 'a' is set on object 'Object Repository/TestUser/confirmPassword'

2019-01-10 17:04:16 - [TEST_STEP][PASSED] - Thread.sleep(2000): null

2019-01-10 17:04:18 - [TEST_STEP][PASSED] - AdminTool_Location.moveCursor(): AdminTool_Location.moveCursor is PASSED

2019-01-10 17:04:18 - [MESSAGE][PASSED] - AdminTool_Location.moveCursor is PASSED

2019-01-10 17:04:18 - [TEST_STEP][PASSED] - Thread.sleep(2000): null

2019-01-10 17:04:20 - [TEST_STEP][PASSED] - click(findTestObject("TestUser/createPasswordButton")): Object: 'Object Repository/TestUser/createPasswordButton' is clicked on

2019-01-10 17:04:20 - [MESSAGE][PASSED] - Object: 'Object Repository/TestUser/createPasswordButton' is clicked on

2019-01-10 17:04:20 - [TEST_STEP][PASSED] - Thread.sleep(4000): null

2019-01-10 17:04:24 - [TEST_STEP][PASSED] - click(findTestObject("TestUser/characterLength")): Object: 'Object Repository/TestUser/characterLength' is clicked on

2019-01-10 17:04:24 - [MESSAGE][PASSED] - Object: 'Object Repository/TestUser/characterLength' is clicked on

2019-01-10 17:04:24 - [TEST_STEP][PASSED] - setText(findTestObject("TestUser/newPassword"), findTestData("UserData").getValue("Password", 1)): Text 'password' is set on object 'Object Repository/TestUser/newPassword'

2019-01-10 17:04:25 - [MESSAGE][PASSED] - Text 'password' is set on object 'Object Repository/TestUser/newPassword'

2019-01-10 17:04:25 - [TEST_STEP][PASSED] - setText(findTestObject("TestUser/confirmPassword"), findTestData("UserData").getValue("Password", 1)): Text 'password' is set on object 'Object Repository/TestUser/confirmPassword'

2019-01-10 17:04:25 - [MESSAGE][PASSED] - Text 'password' is set on object 'Object Repository/TestUser/confirmPassword'

2019-01-10 17:04:25 - [TEST_STEP][PASSED] - Thread.sleep(2000): null

2019-01-10 17:04:27 - [TEST_STEP][PASSED] - click(findTestObject("TestUser/createPasswordButton")): Object: 'Object Repository/TestUser/createPasswordButton' is clicked on

2019-01-10 17:04:27 - [MESSAGE][PASSED] - Object: 'Object Repository/TestUser/createPasswordButton' is clicked on

2019-01-10 17:04:27 - [TEST_STEP][PASSED] - Thread.sleep(4000): null

2019-01-10 17:04:31 - [TEST_STEP][PASSED] - click(findTestObject("TestUser/specialCharacater")): Object: 'Object Repository/TestUser/specialCharacater' is clicked on

2019-01-10 17:04:31 - [MESSAGE][PASSED] - Object: 'Object Repository/TestUser/specialCharacater' is clicked on

2019-01-10 17:04:31 - [TEST_STEP][PASSED] - setText(findTestObject("TestUser/newPassword"), findTestData("UserData").getValue("NewPassword", 1)): Text 'password@123#' is set on object 'Object Repository/TestUser/newPassword'

2019-01-10 17:04:31 - [MESSAGE][PASSED] - Text 'password@123#' is set on object 'Object Repository/TestUser/newPassword'

2019-01-10 17:04:31 - [TEST_STEP][PASSED] - setText(findTestObject("TestUser/confirmPassword"), findTestData("UserData").getValue("NewPassword", 1)): Text 'password@123#' is set on object 'Object Repository/TestUser/confirmPassword'

2019-01-10 17:04:32 - [MESSAGE][PASSED] - Text 'password@123#' is set on object 'Object Repository/TestUser/confirmPassword'

2019-01-10 17:04:32 - [TEST_STEP][PASSED] - Thread.sleep(2000): null

2019-01-10 17:04:34 - [TEST_STEP][PASSED] - click(findTestObject("TestUser/createPasswordButton")): Object: 'Object Repository/TestUser/createPasswordButton' is clicked on

2019-01-10 17:04:34 - [MESSAGE][PASSED] - Object: 'Object Repository/TestUser/createPasswordButton' is clicked on

2019-01-10 17:04:34 - [TEST_STEP][PASSED] - Thread.sleep(4000): null

2019-01-10 17:04:38 - [TEST_STEP][PASSED] - setText(findTestObject("TestUserLocation/login_Username"), findTestData("UserData").getValue("UserName", 1)): Text 'User_On_10/01/19-17:03' is set on object 'Object Repository/TestUserLocation/login_Username'

2019-01-10 17:04:38 - [MESSAGE][PASSED] - Text 'User_On_10/01/19-17:03' is set on object 'Object Repository/TestUserLocation/login_Username'

2019-01-10 17:04:38 - [TEST_STEP][PASSED] - setText(findTestObject("TestUserLocation/login_Password"), findTestData("UserData").getValue("NewPassword", 1)): Text 'password@123#' is set on object 'Object Repository/TestUserLocation/login_Password'

2019-01-10 17:04:39 - [MESSAGE][PASSED] - Text 'password@123#' is set on object 'Object Repository/TestUserLocation/login_Password'

2019-01-10 17:04:39 - [TEST_STEP][PASSED] - Thread.sleep(2000): null

2019-01-10 17:04:41 - [TEST_STEP][PASSED] - click(findTestObject("TestUserLocation/login_Button")): Object: 'Object Repository/TestUserLocation/login_Button' is clicked on

2019-01-10 17:04:42 - [MESSAGE][PASSED] - Object: 'Object Repository/TestUserLocation/login_Button' is clicked on

2019-01-10 17:04:42 - [TEST_STEP][PASSED] - Thread.sleep(4000): null

2019-01-10 17:04:46 - [TEST_STEP][PASSED] - waitForElementClickable(findTestObject("TestUser/clickToCheck"), 70): Object 'Object Repository/TestUser/clickToCheck' is clickable

2019-01-10 17:04:46 - [MESSAGE][PASSED] - Object 'Object Repository/TestUser/clickToCheck' is clickable

2019-01-10 17:04:46 - [TEST_STEP][PASSED] - click(findTestObject("TestUser/clickToCheck")): Object: 'Object Repository/TestUser/clickToCheck' is clicked on

2019-01-10 17:04:46 - [MESSAGE][PASSED] - Object: 'Object Repository/TestUser/clickToCheck' is clicked on

2019-01-10 17:04:46 - [TEST_STEP][PASSED] - Thread.sleep(2000): null

2019-01-10 17:04:48 - [TEST_STEP][PASSED] - click(findTestObject("TestUser/logoutUser")): Object: 'Object Repository/TestUser/logoutUser' is clicked on

2019-01-10 17:04:49 - [MESSAGE][PASSED] - Object: 'Object Repository/TestUser/logoutUser' is clicked on]]></system-out>
         <system-err><![CDATA[]]></system-err>
      </testcase>
      <testcase name="Test Cases/TestUser/CheckUser_Invalid" classname="Test Cases/TestUser/CheckUser_Invalid" status="PASSED">
         <system-out><![CDATA[2019-01-10 17:04:49 - [TEST_CASE][PASSED] - Test Cases/TestUser/CheckUser_Invalid: Test Cases/TestUser/CheckUser_Invalid

2019-01-10 17:04:49 - [TEST_STEP][NOT_RUN] - openBrowser(URL): NOT_RUN: openBrowser(URL)

2019-01-10 17:04:49 - [MESSAGE][NOT_RUN] - NOT_RUN: openBrowser(URL)

2019-01-10 17:04:49 - [TEST_STEP][NOT_RUN] - maximizeWindow(): NOT_RUN: maximizeWindow()

2019-01-10 17:04:49 - [MESSAGE][NOT_RUN] - NOT_RUN: maximizeWindow()

2019-01-10 17:04:49 - [TEST_STEP][PASSED] - for (def index : (0..10)): null

2019-01-10 17:04:49 - [TEST_STEP][PASSED] - setText(findTestObject("TestUserLocation/login_Username"), findTestData("UserData").getValue("UserName", 1)): Text 'User_On_10/01/19-17:03' is set on object 'Object Repository/TestUserLocation/login_Username'

2019-01-10 17:04:51 - [MESSAGE][PASSED] - Text 'User_On_10/01/19-17:03' is set on object 'Object Repository/TestUserLocation/login_Username'

2019-01-10 17:04:51 - [TEST_STEP][PASSED] - setText(findTestObject("TestUserLocation/login_Password"), findTestData("UserData").getValue("Password", 1)): Text 'password' is set on object 'Object Repository/TestUserLocation/login_Password'

2019-01-10 17:04:51 - [MESSAGE][PASSED] - Text 'password' is set on object 'Object Repository/TestUserLocation/login_Password'

2019-01-10 17:04:51 - [TEST_STEP][PASSED] - click(findTestObject("TestUserLocation/login_Button")): Object: 'Object Repository/TestUserLocation/login_Button' is clicked on

2019-01-10 17:04:52 - [MESSAGE][PASSED] - Object: 'Object Repository/TestUserLocation/login_Button' is clicked on

2019-01-10 17:04:52 - [TEST_STEP][PASSED] - Thread.sleep(2000): null

2019-01-10 17:04:54 - [TEST_STEP][PASSED] - setText(findTestObject("TestUserLocation/login_Username"), findTestData("UserData").getValue("UserName", 1)): Text 'User_On_10/01/19-17:03' is set on object 'Object Repository/TestUserLocation/login_Username'

2019-01-10 17:04:54 - [MESSAGE][PASSED] - Text 'User_On_10/01/19-17:03' is set on object 'Object Repository/TestUserLocation/login_Username'

2019-01-10 17:04:54 - [TEST_STEP][PASSED] - setText(findTestObject("TestUserLocation/login_Password"), findTestData("UserData").getValue("Password", 1)): Text 'password' is set on object 'Object Repository/TestUserLocation/login_Password'

2019-01-10 17:04:54 - [MESSAGE][PASSED] - Text 'password' is set on object 'Object Repository/TestUserLocation/login_Password'

2019-01-10 17:04:54 - [TEST_STEP][PASSED] - click(findTestObject("TestUserLocation/login_Button")): Object: 'Object Repository/TestUserLocation/login_Button' is clicked on

2019-01-10 17:04:54 - [MESSAGE][PASSED] - Object: 'Object Repository/TestUserLocation/login_Button' is clicked on

2019-01-10 17:04:54 - [TEST_STEP][PASSED] - Thread.sleep(2000): null

2019-01-10 17:04:56 - [TEST_STEP][PASSED] - setText(findTestObject("TestUserLocation/login_Username"), findTestData("UserData").getValue("UserName", 1)): Text 'User_On_10/01/19-17:03' is set on object 'Object Repository/TestUserLocation/login_Username'

2019-01-10 17:04:56 - [MESSAGE][PASSED] - Text 'User_On_10/01/19-17:03' is set on object 'Object Repository/TestUserLocation/login_Username'

2019-01-10 17:04:56 - [TEST_STEP][PASSED] - setText(findTestObject("TestUserLocation/login_Password"), findTestData("UserData").getValue("Password", 1)): Text 'password' is set on object 'Object Repository/TestUserLocation/login_Password'

2019-01-10 17:04:57 - [MESSAGE][PASSED] - Text 'password' is set on object 'Object Repository/TestUserLocation/login_Password'

2019-01-10 17:04:57 - [TEST_STEP][PASSED] - click(findTestObject("TestUserLocation/login_Button")): Object: 'Object Repository/TestUserLocation/login_Button' is clicked on

2019-01-10 17:04:57 - [MESSAGE][PASSED] - Object: 'Object Repository/TestUserLocation/login_Button' is clicked on

2019-01-10 17:04:57 - [TEST_STEP][PASSED] - Thread.sleep(2000): null

2019-01-10 17:04:59 - [TEST_STEP][PASSED] - setText(findTestObject("TestUserLocation/login_Username"), findTestData("UserData").getValue("UserName", 1)): Text 'User_On_10/01/19-17:03' is set on object 'Object Repository/TestUserLocation/login_Username'

2019-01-10 17:04:59 - [MESSAGE][PASSED] - Text 'User_On_10/01/19-17:03' is set on object 'Object Repository/TestUserLocation/login_Username'

2019-01-10 17:04:59 - [TEST_STEP][PASSED] - setText(findTestObject("TestUserLocation/login_Password"), findTestData("UserData").getValue("Password", 1)): Text 'password' is set on object 'Object Repository/TestUserLocation/login_Password'

2019-01-10 17:04:59 - [MESSAGE][PASSED] - Text 'password' is set on object 'Object Repository/TestUserLocation/login_Password'

2019-01-10 17:04:59 - [TEST_STEP][PASSED] - click(findTestObject("TestUserLocation/login_Button")): Object: 'Object Repository/TestUserLocation/login_Button' is clicked on

2019-01-10 17:05:00 - [MESSAGE][PASSED] - Object: 'Object Repository/TestUserLocation/login_Button' is clicked on

2019-01-10 17:05:00 - [TEST_STEP][PASSED] - Thread.sleep(2000): null

2019-01-10 17:05:02 - [TEST_STEP][PASSED] - setText(findTestObject("TestUserLocation/login_Username"), findTestData("UserData").getValue("UserName", 1)): Text 'User_On_10/01/19-17:03' is set on object 'Object Repository/TestUserLocation/login_Username'

2019-01-10 17:05:02 - [MESSAGE][PASSED] - Text 'User_On_10/01/19-17:03' is set on object 'Object Repository/TestUserLocation/login_Username'

2019-01-10 17:05:02 - [TEST_STEP][PASSED] - setText(findTestObject("TestUserLocation/login_Password"), findTestData("UserData").getValue("Password", 1)): Text 'password' is set on object 'Object Repository/TestUserLocation/login_Password'

2019-01-10 17:05:02 - [MESSAGE][PASSED] - Text 'password' is set on object 'Object Repository/TestUserLocation/login_Password'

2019-01-10 17:05:02 - [TEST_STEP][PASSED] - click(findTestObject("TestUserLocation/login_Button")): Object: 'Object Repository/TestUserLocation/login_Button' is clicked on

2019-01-10 17:05:03 - [MESSAGE][PASSED] - Object: 'Object Repository/TestUserLocation/login_Button' is clicked on

2019-01-10 17:05:03 - [TEST_STEP][PASSED] - Thread.sleep(2000): null

2019-01-10 17:05:05 - [TEST_STEP][PASSED] - setText(findTestObject("TestUserLocation/login_Username"), findTestData("UserData").getValue("UserName", 1)): Text 'User_On_10/01/19-17:03' is set on object 'Object Repository/TestUserLocation/login_Username'

2019-01-10 17:05:05 - [MESSAGE][PASSED] - Text 'User_On_10/01/19-17:03' is set on object 'Object Repository/TestUserLocation/login_Username'

2019-01-10 17:05:05 - [TEST_STEP][PASSED] - setText(findTestObject("TestUserLocation/login_Password"), findTestData("UserData").getValue("Password", 1)): Text 'password' is set on object 'Object Repository/TestUserLocation/login_Password'

2019-01-10 17:05:05 - [MESSAGE][PASSED] - Text 'password' is set on object 'Object Repository/TestUserLocation/login_Password'

2019-01-10 17:05:05 - [TEST_STEP][PASSED] - click(findTestObject("TestUserLocation/login_Button")): Object: 'Object Repository/TestUserLocation/login_Button' is clicked on

2019-01-10 17:05:06 - [MESSAGE][PASSED] - Object: 'Object Repository/TestUserLocation/login_Button' is clicked on

2019-01-10 17:05:06 - [TEST_STEP][PASSED] - Thread.sleep(2000): null

2019-01-10 17:05:08 - [TEST_STEP][PASSED] - setText(findTestObject("TestUserLocation/login_Username"), findTestData("UserData").getValue("UserName", 1)): Text 'User_On_10/01/19-17:03' is set on object 'Object Repository/TestUserLocation/login_Username'

2019-01-10 17:05:08 - [MESSAGE][PASSED] - Text 'User_On_10/01/19-17:03' is set on object 'Object Repository/TestUserLocation/login_Username'

2019-01-10 17:05:08 - [TEST_STEP][PASSED] - setText(findTestObject("TestUserLocation/login_Password"), findTestData("UserData").getValue("Password", 1)): Text 'password' is set on object 'Object Repository/TestUserLocation/login_Password'

2019-01-10 17:05:08 - [MESSAGE][PASSED] - Text 'password' is set on object 'Object Repository/TestUserLocation/login_Password'

2019-01-10 17:05:08 - [TEST_STEP][PASSED] - click(findTestObject("TestUserLocation/login_Button")): Object: 'Object Repository/TestUserLocation/login_Button' is clicked on

2019-01-10 17:05:08 - [MESSAGE][PASSED] - Object: 'Object Repository/TestUserLocation/login_Button' is clicked on

2019-01-10 17:05:08 - [TEST_STEP][PASSED] - Thread.sleep(2000): null

2019-01-10 17:05:10 - [TEST_STEP][PASSED] - setText(findTestObject("TestUserLocation/login_Username"), findTestData("UserData").getValue("UserName", 1)): Text 'User_On_10/01/19-17:03' is set on object 'Object Repository/TestUserLocation/login_Username'

2019-01-10 17:05:11 - [MESSAGE][PASSED] - Text 'User_On_10/01/19-17:03' is set on object 'Object Repository/TestUserLocation/login_Username'

2019-01-10 17:05:11 - [TEST_STEP][PASSED] - setText(findTestObject("TestUserLocation/login_Password"), findTestData("UserData").getValue("Password", 1)): Text 'password' is set on object 'Object Repository/TestUserLocation/login_Password'

2019-01-10 17:05:11 - [MESSAGE][PASSED] - Text 'password' is set on object 'Object Repository/TestUserLocation/login_Password'

2019-01-10 17:05:11 - [TEST_STEP][PASSED] - click(findTestObject("TestUserLocation/login_Button")): Object: 'Object Repository/TestUserLocation/login_Button' is clicked on

2019-01-10 17:05:11 - [MESSAGE][PASSED] - Object: 'Object Repository/TestUserLocation/login_Button' is clicked on

2019-01-10 17:05:11 - [TEST_STEP][PASSED] - Thread.sleep(2000): null

2019-01-10 17:05:13 - [TEST_STEP][PASSED] - setText(findTestObject("TestUserLocation/login_Username"), findTestData("UserData").getValue("UserName", 1)): Text 'User_On_10/01/19-17:03' is set on object 'Object Repository/TestUserLocation/login_Username'

2019-01-10 17:05:13 - [MESSAGE][PASSED] - Text 'User_On_10/01/19-17:03' is set on object 'Object Repository/TestUserLocation/login_Username'

2019-01-10 17:05:13 - [TEST_STEP][PASSED] - setText(findTestObject("TestUserLocation/login_Password"), findTestData("UserData").getValue("Password", 1)): Text 'password' is set on object 'Object Repository/TestUserLocation/login_Password'

2019-01-10 17:05:13 - [MESSAGE][PASSED] - Text 'password' is set on object 'Object Repository/TestUserLocation/login_Password'

2019-01-10 17:05:13 - [TEST_STEP][PASSED] - click(findTestObject("TestUserLocation/login_Button")): Object: 'Object Repository/TestUserLocation/login_Button' is clicked on

2019-01-10 17:05:14 - [MESSAGE][PASSED] - Object: 'Object Repository/TestUserLocation/login_Button' is clicked on

2019-01-10 17:05:14 - [TEST_STEP][PASSED] - Thread.sleep(2000): null

2019-01-10 17:05:16 - [TEST_STEP][PASSED] - setText(findTestObject("TestUserLocation/login_Username"), findTestData("UserData").getValue("UserName", 1)): Text 'User_On_10/01/19-17:03' is set on object 'Object Repository/TestUserLocation/login_Username'

2019-01-10 17:05:16 - [MESSAGE][PASSED] - Text 'User_On_10/01/19-17:03' is set on object 'Object Repository/TestUserLocation/login_Username'

2019-01-10 17:05:16 - [TEST_STEP][PASSED] - setText(findTestObject("TestUserLocation/login_Password"), findTestData("UserData").getValue("Password", 1)): Text 'password' is set on object 'Object Repository/TestUserLocation/login_Password'

2019-01-10 17:05:16 - [MESSAGE][PASSED] - Text 'password' is set on object 'Object Repository/TestUserLocation/login_Password'

2019-01-10 17:05:16 - [TEST_STEP][PASSED] - click(findTestObject("TestUserLocation/login_Button")): Object: 'Object Repository/TestUserLocation/login_Button' is clicked on

2019-01-10 17:05:17 - [MESSAGE][PASSED] - Object: 'Object Repository/TestUserLocation/login_Button' is clicked on

2019-01-10 17:05:17 - [TEST_STEP][PASSED] - Thread.sleep(2000): null

2019-01-10 17:05:19 - [TEST_STEP][PASSED] - setText(findTestObject("TestUserLocation/login_Username"), findTestData("UserData").getValue("UserName", 1)): Text 'User_On_10/01/19-17:03' is set on object 'Object Repository/TestUserLocation/login_Username'

2019-01-10 17:05:19 - [MESSAGE][PASSED] - Text 'User_On_10/01/19-17:03' is set on object 'Object Repository/TestUserLocation/login_Username'

2019-01-10 17:05:19 - [TEST_STEP][PASSED] - setText(findTestObject("TestUserLocation/login_Password"), findTestData("UserData").getValue("Password", 1)): Text 'password' is set on object 'Object Repository/TestUserLocation/login_Password'

2019-01-10 17:05:19 - [MESSAGE][PASSED] - Text 'password' is set on object 'Object Repository/TestUserLocation/login_Password'

2019-01-10 17:05:19 - [TEST_STEP][PASSED] - click(findTestObject("TestUserLocation/login_Button")): Object: 'Object Repository/TestUserLocation/login_Button' is clicked on

2019-01-10 17:05:19 - [MESSAGE][PASSED] - Object: 'Object Repository/TestUserLocation/login_Button' is clicked on

2019-01-10 17:05:19 - [TEST_STEP][PASSED] - Thread.sleep(2000): null

2019-01-10 17:05:21 - [TEST_STEP][PASSED] - click(findTestObject("TestUser/lockedAccount")): Object: 'Object Repository/TestUser/lockedAccount' is clicked on

2019-01-10 17:05:21 - [MESSAGE][PASSED] - Object: 'Object Repository/TestUser/lockedAccount' is clicked on

2019-01-10 17:05:21 - [TEST_STEP][PASSED] - Thread.sleep(6000): null

2019-01-10 17:05:27 - [TEST_STEP][NOT_RUN] - click(findTestObject("TestUser/clickToCheck")): NOT_RUN: click(findTestObject("TestUser/clickToCheck"))

2019-01-10 17:05:27 - [MESSAGE][NOT_RUN] - NOT_RUN: click(findTestObject("TestUser/clickToCheck"))

2019-01-10 17:05:27 - [TEST_STEP][NOT_RUN] - Thread.sleep(2000): NOT_RUN: Thread.sleep(2000)

2019-01-10 17:05:27 - [MESSAGE][NOT_RUN] - NOT_RUN: Thread.sleep(2000)

2019-01-10 17:05:27 - [TEST_STEP][NOT_RUN] - click(findTestObject("TestUser/logoutUser")): NOT_RUN: click(findTestObject("TestUser/logoutUser"))

2019-01-10 17:05:27 - [MESSAGE][NOT_RUN] - NOT_RUN: click(findTestObject("TestUser/logoutUser"))

2019-01-10 17:05:27 - [TEST_STEP][NOT_RUN] - setText(findTestObject("TestUserLocation/login_Username"), findTestData("UserData").getValue("UserName", 1)): NOT_RUN: setText(findTestObject("TestUserLocation/login_Username"), findTestData("UserData").getValue("UserName", 1))

2019-01-10 17:05:27 - [MESSAGE][NOT_RUN] - NOT_RUN: setText(findTestObject("TestUserLocation/login_Username"), findTestData("UserData").getValue("UserName", 1))

2019-01-10 17:05:27 - [TEST_STEP][NOT_RUN] - setText(findTestObject("TestUserLocation/login_Password"), findTestData("UserData").getValue("NewPassword", 1)): NOT_RUN: setText(findTestObject("TestUserLocation/login_Password"), findTestData("UserData").getValue("NewPassword", 1))

2019-01-10 17:05:27 - [MESSAGE][NOT_RUN] - NOT_RUN: setText(findTestObject("TestUserLocation/login_Password"), findTestData("UserData").getValue("NewPassword", 1))

2019-01-10 17:05:27 - [TEST_STEP][NOT_RUN] - click(findTestObject("TestUserLocation/login_Button")): NOT_RUN: click(findTestObject("TestUserLocation/login_Button"))

2019-01-10 17:05:27 - [MESSAGE][NOT_RUN] - NOT_RUN: click(findTestObject("TestUserLocation/login_Button"))]]></system-out>
         <system-err><![CDATA[]]></system-err>
      </testcase>
      <testcase name="Test Cases/TestUser/UnlockUser" classname="Test Cases/TestUser/UnlockUser" status="PASSED">
         <system-out><![CDATA[2019-01-10 17:05:27 - [TEST_CASE][PASSED] - Test Cases/TestUser/UnlockUser: Test Cases/TestUser/UnlockUser

2019-01-10 17:05:28 - [TEST_STEP][NOT_RUN] - openBrowser(URL): NOT_RUN: openBrowser(URL)

2019-01-10 17:05:28 - [MESSAGE][NOT_RUN] - NOT_RUN: openBrowser(URL)

2019-01-10 17:05:28 - [TEST_STEP][NOT_RUN] - maximizeWindow(): NOT_RUN: maximizeWindow()

2019-01-10 17:05:28 - [MESSAGE][NOT_RUN] - NOT_RUN: maximizeWindow()

2019-01-10 17:05:28 - [TEST_STEP][PASSED] - Thread.sleep(2000): null

2019-01-10 17:05:30 - [TEST_STEP][PASSED] - setText(findTestObject("TestUserLocation/login_Username"), UserName): Text 'superadmin' is set on object 'Object Repository/TestUserLocation/login_Username'

2019-01-10 17:05:30 - [MESSAGE][PASSED] - Text 'superadmin' is set on object 'Object Repository/TestUserLocation/login_Username'

2019-01-10 17:05:30 - [TEST_STEP][PASSED] - setText(findTestObject("TestUserLocation/login_Password"), Password): Text 'sliptest23772boot' is set on object 'Object Repository/TestUserLocation/login_Password'

2019-01-10 17:05:30 - [MESSAGE][PASSED] - Text 'sliptest23772boot' is set on object 'Object Repository/TestUserLocation/login_Password'

2019-01-10 17:05:30 - [TEST_STEP][NOT_RUN] - User.setNamePass(): NOT_RUN: User.setNamePass()

2019-01-10 17:05:30 - [MESSAGE][NOT_RUN] - NOT_RUN: User.setNamePass()

2019-01-10 17:05:30 - [TEST_STEP][PASSED] - click(findTestObject("TestUserLocation/login_Button")): Object: 'Object Repository/TestUserLocation/login_Button' is clicked on

2019-01-10 17:05:32 - [MESSAGE][PASSED] - Object: 'Object Repository/TestUserLocation/login_Button' is clicked on

2019-01-10 17:05:32 - [TEST_STEP][PASSED] - Thread.sleep(6000): null

2019-01-10 17:05:38 - [TEST_STEP][PASSED] - click(findTestObject("TestUserLocation/mainmenu_button")): Object: 'Object Repository/TestUserLocation/mainmenu_button' is clicked on

2019-01-10 17:05:38 - [MESSAGE][PASSED] - Object: 'Object Repository/TestUserLocation/mainmenu_button' is clicked on

2019-01-10 17:05:38 - [TEST_STEP][PASSED] - click(findTestObject("Form_Selection_Creation/mainMenu_AdminTools")): Object: 'Object Repository/Form_Selection_Creation/mainMenu_AdminTools' is clicked on

2019-01-10 17:05:38 - [MESSAGE][PASSED] - Object: 'Object Repository/Form_Selection_Creation/mainMenu_AdminTools' is clicked on

2019-01-10 17:05:38 - [TEST_STEP][PASSED] - Thread.sleep(2000): null

2019-01-10 17:05:40 - [TEST_STEP][PASSED] - click(findTestObject("TestUser/users")): Object: 'Object Repository/TestUser/users' is clicked on

2019-01-10 17:05:40 - [MESSAGE][PASSED] - Object: 'Object Repository/TestUser/users' is clicked on

2019-01-10 17:05:40 - [TEST_STEP][PASSED] - Thread.sleep(4000): null

2019-01-10 17:05:44 - [TEST_STEP][PASSED] - setText(findTestObject("TestUser/filterUser"), findTestData("UserData").getValue("UserName", 1)): Text 'User_On_10/01/19-17:03' is set on object 'Object Repository/TestUser/filterUser'

2019-01-10 17:05:45 - [MESSAGE][PASSED] - Text 'User_On_10/01/19-17:03' is set on object 'Object Repository/TestUser/filterUser'

2019-01-10 17:05:45 - [TEST_STEP][PASSED] - Thread.sleep(2000): null

2019-01-10 17:05:47 - [TEST_STEP][PASSED] - sendKeys(findTestObject("TestUser/filterUser"), Keys.chord(ENTER)): Keys 'ENTER + ' sent to object: 'Object Repository/TestUser/filterUser'

2019-01-10 17:05:47 - [MESSAGE][PASSED] - Keys 'ENTER + ' sent to object: 'Object Repository/TestUser/filterUser'

2019-01-10 17:05:47 - [TEST_STEP][PASSED] - Thread.sleep(4000): null

2019-01-10 17:05:51 - [TEST_STEP][PASSED] - AdminTool_Location.moveCursor(): AdminTool_Location.moveCursor is PASSED

2019-01-10 17:05:51 - [MESSAGE][PASSED] - AdminTool_Location.moveCursor is PASSED

2019-01-10 17:05:51 - [TEST_STEP][PASSED] - Thread.sleep(2000): null

2019-01-10 17:05:53 - [TEST_STEP][PASSED] - click(findTestObject("TestUser/moveToUser")): Object: 'Object Repository/TestUser/moveToUser' is clicked on

2019-01-10 17:05:53 - [MESSAGE][PASSED] - Object: 'Object Repository/TestUser/moveToUser' is clicked on

2019-01-10 17:05:53 - [TEST_STEP][PASSED] - Thread.sleep(2000): null

2019-01-10 17:05:55 - [TEST_STEP][PASSED] - click(findTestObject("TestUser/openUserOptions")): Object: 'Object Repository/TestUser/openUserOptions' is clicked on

2019-01-10 17:05:55 - [MESSAGE][PASSED] - Object: 'Object Repository/TestUser/openUserOptions' is clicked on

2019-01-10 17:05:55 - [TEST_STEP][PASSED] - Thread.sleep(2000): null

2019-01-10 17:05:57 - [TEST_STEP][PASSED] - click(findTestObject("TestUser/unlockUserOption")): Object: 'Object Repository/TestUser/unlockUserOption' is clicked on

2019-01-10 17:05:57 - [MESSAGE][PASSED] - Object: 'Object Repository/TestUser/unlockUserOption' is clicked on

2019-01-10 17:05:57 - [TEST_STEP][PASSED] - Thread.sleep(2000): null

2019-01-10 17:05:59 - [TEST_STEP][PASSED] - click(findTestObject("TestUser/confirmUserYes")): Object: 'Object Repository/TestUser/confirmUserYes' is clicked on

2019-01-10 17:05:59 - [MESSAGE][PASSED] - Object: 'Object Repository/TestUser/confirmUserYes' is clicked on

2019-01-10 17:05:59 - [TEST_STEP][PASSED] - Thread.sleep(7000): null

2019-01-10 17:06:06 - [TEST_STEP][PASSED] - click(findTestObject("TestUser/clickToCheck")): Object: 'Object Repository/TestUser/clickToCheck' is clicked on

2019-01-10 17:06:06 - [MESSAGE][PASSED] - Object: 'Object Repository/TestUser/clickToCheck' is clicked on

2019-01-10 17:06:06 - [TEST_STEP][PASSED] - Thread.sleep(2000): null

2019-01-10 17:06:08 - [TEST_STEP][PASSED] - click(findTestObject("TestUser/logoutUser")): Object: 'Object Repository/TestUser/logoutUser' is clicked on

2019-01-10 17:06:11 - [MESSAGE][PASSED] - Object: 'Object Repository/TestUser/logoutUser' is clicked on

2019-01-10 17:06:11 - [TEST_STEP][PASSED] - Thread.sleep(2000): null]]></system-out>
         <system-err><![CDATA[]]></system-err>
      </testcase>
      <testcase name="Test Cases/TestUser/LoginUser_Unlock" classname="Test Cases/TestUser/LoginUser_Unlock" status="PASSED">
         <system-out><![CDATA[2019-01-10 17:06:13 - [TEST_CASE][PASSED] - Test Cases/TestUser/LoginUser_Unlock: Test Cases/TestUser/LoginUser_Unlock

2019-01-10 17:06:13 - [TEST_STEP][NOT_RUN] - openBrowser(URL): NOT_RUN: openBrowser(URL)

2019-01-10 17:06:13 - [MESSAGE][NOT_RUN] - NOT_RUN: openBrowser(URL)

2019-01-10 17:06:13 - [TEST_STEP][NOT_RUN] - maximizeWindow(): NOT_RUN: maximizeWindow()

2019-01-10 17:06:13 - [MESSAGE][NOT_RUN] - NOT_RUN: maximizeWindow()

2019-01-10 17:06:13 - [TEST_STEP][PASSED] - setText(findTestObject("TestUserLocation/login_Username"), findTestData("UserData").getValue("UserName", 1)): Text 'User_On_10/01/19-17:03' is set on object 'Object Repository/TestUserLocation/login_Username'

2019-01-10 17:06:13 - [MESSAGE][PASSED] - Text 'User_On_10/01/19-17:03' is set on object 'Object Repository/TestUserLocation/login_Username'

2019-01-10 17:06:13 - [TEST_STEP][PASSED] - setText(findTestObject("TestUserLocation/login_Password"), findTestData("UserData").getValue("NewPassword", 1)): Text 'password@123#' is set on object 'Object Repository/TestUserLocation/login_Password'

2019-01-10 17:06:13 - [MESSAGE][PASSED] - Text 'password@123#' is set on object 'Object Repository/TestUserLocation/login_Password'

2019-01-10 17:06:13 - [TEST_STEP][PASSED] - Thread.sleep(2000): null

2019-01-10 17:06:15 - [TEST_STEP][PASSED] - click(findTestObject("TestUserLocation/login_Button")): Object: 'Object Repository/TestUserLocation/login_Button' is clicked on

2019-01-10 17:06:18 - [MESSAGE][PASSED] - Object: 'Object Repository/TestUserLocation/login_Button' is clicked on

2019-01-10 17:06:18 - [TEST_STEP][PASSED] - Thread.sleep(10000): null

2019-01-10 17:06:28 - [TEST_STEP][PASSED] - AdminTool_Location.moveCursor(): AdminTool_Location.moveCursor is PASSED

2019-01-10 17:06:28 - [MESSAGE][PASSED] - AdminTool_Location.moveCursor is PASSED

2019-01-10 17:06:28 - [TEST_STEP][PASSED] - Thread.sleep(2000): null

2019-01-10 17:06:30 - [TEST_STEP][PASSED] - click(findTestObject("TestUser/clickToCheck")): Object: 'Object Repository/TestUser/clickToCheck' is clicked on

2019-01-10 17:06:30 - [MESSAGE][PASSED] - Object: 'Object Repository/TestUser/clickToCheck' is clicked on

2019-01-10 17:06:30 - [TEST_STEP][PASSED] - Thread.sleep(2000): null

2019-01-10 17:06:32 - [TEST_STEP][PASSED] - click(findTestObject("TestUser/logoutUser")): Object: 'Object Repository/TestUser/logoutUser' is clicked on

2019-01-10 17:06:34 - [MESSAGE][PASSED] - Object: 'Object Repository/TestUser/logoutUser' is clicked on

2019-01-10 17:06:34 - [TEST_STEP][PASSED] - Thread.sleep(6000): null]]></system-out>
         <system-err><![CDATA[]]></system-err>
      </testcase>
      <testcase name="Test Cases/TestUser/DeactivateUser" classname="Test Cases/TestUser/DeactivateUser" status="PASSED">
         <system-out><![CDATA[2019-01-10 17:06:40 - [TEST_CASE][PASSED] - Test Cases/TestUser/DeactivateUser: Test Cases/TestUser/DeactivateUser

2019-01-10 17:06:40 - [TEST_STEP][NOT_RUN] - openBrowser(URL): NOT_RUN: openBrowser(URL)

2019-01-10 17:06:40 - [MESSAGE][NOT_RUN] - NOT_RUN: openBrowser(URL)

2019-01-10 17:06:40 - [TEST_STEP][NOT_RUN] - maximizeWindow(): NOT_RUN: maximizeWindow()

2019-01-10 17:06:40 - [MESSAGE][NOT_RUN] - NOT_RUN: maximizeWindow()

2019-01-10 17:06:40 - [TEST_STEP][PASSED] - setText(findTestObject("TestUserLocation/login_Username"), UserName): Text 'superadmin' is set on object 'Object Repository/TestUserLocation/login_Username'

2019-01-10 17:06:40 - [MESSAGE][PASSED] - Text 'superadmin' is set on object 'Object Repository/TestUserLocation/login_Username'

2019-01-10 17:06:40 - [TEST_STEP][PASSED] - setText(findTestObject("TestUserLocation/login_Password"), Password): Text 'sliptest23772boot' is set on object 'Object Repository/TestUserLocation/login_Password'

2019-01-10 17:06:40 - [MESSAGE][PASSED] - Text 'sliptest23772boot' is set on object 'Object Repository/TestUserLocation/login_Password'

2019-01-10 17:06:40 - [TEST_STEP][NOT_RUN] - User.setNamePass(): NOT_RUN: User.setNamePass()

2019-01-10 17:06:40 - [MESSAGE][NOT_RUN] - NOT_RUN: User.setNamePass()

2019-01-10 17:06:40 - [TEST_STEP][PASSED] - click(findTestObject("TestUserLocation/login_Button")): Object: 'Object Repository/TestUserLocation/login_Button' is clicked on

2019-01-10 17:06:42 - [MESSAGE][PASSED] - Object: 'Object Repository/TestUserLocation/login_Button' is clicked on

2019-01-10 17:06:42 - [TEST_STEP][PASSED] - Thread.sleep(6000): null

2019-01-10 17:06:48 - [TEST_STEP][PASSED] - click(findTestObject("TestUserLocation/mainmenu_button")): Object: 'Object Repository/TestUserLocation/mainmenu_button' is clicked on

2019-01-10 17:06:48 - [MESSAGE][PASSED] - Object: 'Object Repository/TestUserLocation/mainmenu_button' is clicked on

2019-01-10 17:06:48 - [TEST_STEP][PASSED] - click(findTestObject("Form_Selection_Creation/mainMenu_AdminTools")): Object: 'Object Repository/Form_Selection_Creation/mainMenu_AdminTools' is clicked on

2019-01-10 17:06:48 - [MESSAGE][PASSED] - Object: 'Object Repository/Form_Selection_Creation/mainMenu_AdminTools' is clicked on

2019-01-10 17:06:48 - [TEST_STEP][PASSED] - Thread.sleep(2000): null

2019-01-10 17:06:50 - [TEST_STEP][PASSED] - click(findTestObject("TestUser/users")): Object: 'Object Repository/TestUser/users' is clicked on

2019-01-10 17:06:50 - [MESSAGE][PASSED] - Object: 'Object Repository/TestUser/users' is clicked on

2019-01-10 17:06:50 - [TEST_STEP][PASSED] - Thread.sleep(6000): null

2019-01-10 17:06:56 - [TEST_STEP][PASSED] - setText(findTestObject("TestUser/filterUser"), findTestData("UserData").getValue("UserName", 1)): Text 'User_On_10/01/19-17:03' is set on object 'Object Repository/TestUser/filterUser'

2019-01-10 17:06:57 - [MESSAGE][PASSED] - Text 'User_On_10/01/19-17:03' is set on object 'Object Repository/TestUser/filterUser'

2019-01-10 17:06:57 - [TEST_STEP][PASSED] - Thread.sleep(2000): null

2019-01-10 17:06:59 - [TEST_STEP][PASSED] - sendKeys(findTestObject("TestUser/filterUser"), Keys.chord(ENTER)): Keys 'ENTER + ' sent to object: 'Object Repository/TestUser/filterUser'

2019-01-10 17:06:59 - [MESSAGE][PASSED] - Keys 'ENTER + ' sent to object: 'Object Repository/TestUser/filterUser'

2019-01-10 17:06:59 - [TEST_STEP][PASSED] - Thread.sleep(4000): null

2019-01-10 17:07:03 - [TEST_STEP][PASSED] - AdminTool_Location.moveCursor(): AdminTool_Location.moveCursor is PASSED

2019-01-10 17:07:03 - [MESSAGE][PASSED] - AdminTool_Location.moveCursor is PASSED

2019-01-10 17:07:03 - [TEST_STEP][PASSED] - Thread.sleep(2000): null

2019-01-10 17:07:05 - [TEST_STEP][PASSED] - click(findTestObject("TestUser/moveToUser")): Object: 'Object Repository/TestUser/moveToUser' is clicked on

2019-01-10 17:07:05 - [MESSAGE][PASSED] - Object: 'Object Repository/TestUser/moveToUser' is clicked on

2019-01-10 17:07:05 - [TEST_STEP][PASSED] - Thread.sleep(2000): null

2019-01-10 17:07:07 - [TEST_STEP][PASSED] - click(findTestObject("TestUser/openUserOptions")): Object: 'Object Repository/TestUser/openUserOptions' is clicked on

2019-01-10 17:07:07 - [MESSAGE][PASSED] - Object: 'Object Repository/TestUser/openUserOptions' is clicked on

2019-01-10 17:07:07 - [TEST_STEP][PASSED] - Thread.sleep(2000): null

2019-01-10 17:07:09 - [TEST_STEP][PASSED] - click(findTestObject("TestUser/deactivateUserOption")): Object: 'Object Repository/TestUser/deactivateUserOption' is clicked on

2019-01-10 17:07:09 - [MESSAGE][PASSED] - Object: 'Object Repository/TestUser/deactivateUserOption' is clicked on

2019-01-10 17:07:09 - [TEST_STEP][PASSED] - Thread.sleep(2000): null

2019-01-10 17:07:11 - [TEST_STEP][PASSED] - click(findTestObject("TestUser/confirmUserYes")): Object: 'Object Repository/TestUser/confirmUserYes' is clicked on

2019-01-10 17:07:11 - [MESSAGE][PASSED] - Object: 'Object Repository/TestUser/confirmUserYes' is clicked on

2019-01-10 17:07:11 - [TEST_STEP][PASSED] - Thread.sleep(7000): null

2019-01-10 17:07:18 - [TEST_STEP][PASSED] - click(findTestObject("TestUser/clickToCheck")): Object: 'Object Repository/TestUser/clickToCheck' is clicked on

2019-01-10 17:07:18 - [MESSAGE][PASSED] - Object: 'Object Repository/TestUser/clickToCheck' is clicked on

2019-01-10 17:07:18 - [TEST_STEP][PASSED] - Thread.sleep(2000): null

2019-01-10 17:07:20 - [TEST_STEP][PASSED] - click(findTestObject("TestUser/logoutUser")): Object: 'Object Repository/TestUser/logoutUser' is clicked on

2019-01-10 17:07:22 - [MESSAGE][PASSED] - Object: 'Object Repository/TestUser/logoutUser' is clicked on

2019-01-10 17:07:22 - [TEST_STEP][PASSED] - Thread.sleep(2000): null]]></system-out>
         <system-err><![CDATA[]]></system-err>
      </testcase>
      <testcase name="Test Cases/TestUser/LoginUser_Deactivate" classname="Test Cases/TestUser/LoginUser_Deactivate" status="PASSED">
         <system-out><![CDATA[2019-01-10 17:07:24 - [TEST_CASE][PASSED] - Test Cases/TestUser/LoginUser_Deactivate: Test Cases/TestUser/LoginUser_Deactivate

2019-01-10 17:07:24 - [TEST_STEP][NOT_RUN] - openBrowser(URL): NOT_RUN: openBrowser(URL)

2019-01-10 17:07:24 - [MESSAGE][NOT_RUN] - NOT_RUN: openBrowser(URL)

2019-01-10 17:07:24 - [TEST_STEP][NOT_RUN] - maximizeWindow(): NOT_RUN: maximizeWindow()

2019-01-10 17:07:24 - [MESSAGE][NOT_RUN] - NOT_RUN: maximizeWindow()

2019-01-10 17:07:24 - [TEST_STEP][PASSED] - Thread.sleep(2000): null

2019-01-10 17:07:26 - [TEST_STEP][PASSED] - setText(findTestObject("TestUserLocation/login_Username"), findTestData("UserData").getValue("UserName", 1)): Text 'User_On_10/01/19-17:03' is set on object 'Object Repository/TestUserLocation/login_Username'

2019-01-10 17:07:26 - [MESSAGE][PASSED] - Text 'User_On_10/01/19-17:03' is set on object 'Object Repository/TestUserLocation/login_Username'

2019-01-10 17:07:26 - [TEST_STEP][PASSED] - setText(findTestObject("TestUserLocation/login_Password"), findTestData("UserData").getValue("NewPassword", 1)): Text 'password@123#' is set on object 'Object Repository/TestUserLocation/login_Password'

2019-01-10 17:07:27 - [MESSAGE][PASSED] - Text 'password@123#' is set on object 'Object Repository/TestUserLocation/login_Password'

2019-01-10 17:07:27 - [TEST_STEP][PASSED] - Thread.sleep(2000): null

2019-01-10 17:07:29 - [TEST_STEP][PASSED] - click(findTestObject("TestUserLocation/login_Button")): Object: 'Object Repository/TestUserLocation/login_Button' is clicked on

2019-01-10 17:07:29 - [MESSAGE][PASSED] - Object: 'Object Repository/TestUserLocation/login_Button' is clicked on

2019-01-10 17:07:29 - [TEST_STEP][PASSED] - Thread.sleep(6000): null

2019-01-10 17:07:35 - [TEST_STEP][PASSED] - AdminTool_Location.moveCursor(): AdminTool_Location.moveCursor is PASSED

2019-01-10 17:07:35 - [MESSAGE][PASSED] - AdminTool_Location.moveCursor is PASSED

2019-01-10 17:07:35 - [TEST_STEP][PASSED] - Thread.sleep(2000): null

2019-01-10 17:07:37 - [TEST_STEP][PASSED] - click(findTestObject("TestUser/deactivateTest")): Object: 'Object Repository/TestUser/deactivateTest' is clicked on

2019-01-10 17:07:37 - [MESSAGE][PASSED] - Object: 'Object Repository/TestUser/deactivateTest' is clicked on

2019-01-10 17:07:37 - [TEST_STEP][PASSED] - Thread.sleep(6000): null]]></system-out>
         <system-err><![CDATA[]]></system-err>
      </testcase>
      <system-out><![CDATA[2019-01-10 17:02:13 - [TEST_SUITE][PASSED] - UserCheck: Test Cases/TestUser/LoginUser_Deactivate]]></system-out>
      <system-err><![CDATA[]]></system-err>
   </testsuite>
</testsuites>
