<?xml version="1.0" encoding="UTF-8"?>
<testsuites name="Customer_Resource" time="221" tests="2" failures="0" errors="0">
   <testsuite name="Customer_Resource" tests="2" failures="0" errors="0" time="221" timestamp="2018-11-30 15:11:57" hostname="pashine_a - Abhishek-Pashine.India.XoriantCorp.com" id="Test Suites/Customer_Resource">
      <properties>
         <property name="deviceName" value=""/>
         <property name="devicePlatform" value=""/>
         <property name="logFolder" value="D:\\Git Data\\SafetyChain-Test-Automation-Katalon\\Reports\\Customer_Resource\\20181130_151023"/>
         <property name="logFiles" value="D:\\Git Data\\SafetyChain-Test-Automation-Katalon\\Reports\\Customer_Resource\\20181130_151023\\execution0.log"/>
         <property name="attachments" value=""/>
         <property name="hostName" value="pashine_a - Abhishek-Pashine.India.XoriantCorp.com"/>
         <property name="os" value="Windows 7 64bit"/>
         <property name="katalonVersion" value="5.9.0.1"/>
         <property name="browser" value="Chrome 70.0.3538.110"/>
         <property name="hostAddress" value="10.21.7.147"/>
         <property name="sessionId" value="390a2d08ae1ca34092db8bbcaba46f94"/>
         <property name="seleniumVersion" value="3.7.1"/>
         <property name="proxyInformation" value="ProxyInformation{proxyOption=NO_PROXY, proxyServerType=HTTP, password=, proxyServerAddress=, proxyServerPort=0}"/>
         <property name="platform" value="Windows 7"/>
      </properties>
      <testcase name="Test Cases/CheckResoucesAsPerLocation/checkResource_Customer" classname="Test Cases/CheckResoucesAsPerLocation/checkResource_Customer" status="PASSED">
         <system-out><![CDATA[2018-11-30 15:11:57 - [TEST_CASE][PASSED] - Test Cases/CheckResoucesAsPerLocation/checkResource_Customer: Test Cases/CheckResoucesAsPerLocation/checkResource_Customer

2018-11-30 15:11:58 - [TEST_STEP][PASSED] - openBrowser(URL): Browser is opened with url: 'https://test2.stage.safetychain.com'

2018-11-30 15:11:58 - [MESSAGE][INFO] - Starting 'Chrome' driver

2018-11-30 15:11:58 - [MESSAGE][INFO] - Action delay is set to 0 seconds

2018-11-30 15:12:22 - [MESSAGE][PASSED] - Browser is opened with url: 'https://test2.stage.safetychain.com'

2018-11-30 15:12:22 - [TEST_STEP][PASSED] - maximizeWindow(): Current window maximized

2018-11-30 15:12:23 - [MESSAGE][PASSED] - Current window maximized

2018-11-30 15:12:23 - [TEST_STEP][PASSED] - setText(findTestObject("TestUserLocation/login_Username"), UserName): Text 'superadmin' is set on object 'Object Repository/TestUserLocation/login_Username'

2018-11-30 15:12:26 - [MESSAGE][PASSED] - Text 'superadmin' is set on object 'Object Repository/TestUserLocation/login_Username'

2018-11-30 15:12:26 - [TEST_STEP][PASSED] - setText(findTestObject("TestUserLocation/login_Password"), Password): Text 'sliptest23772boot' is set on object 'Object Repository/TestUserLocation/login_Password'

2018-11-30 15:12:26 - [MESSAGE][PASSED] - Text 'sliptest23772boot' is set on object 'Object Repository/TestUserLocation/login_Password'

2018-11-30 15:12:26 - [TEST_STEP][PASSED] - AdminTool_Location.setCustomerName(): AdminTool_Location.setCustomerName is PASSED

2018-11-30 15:12:27 - [MESSAGE][PASSED] - AdminTool_Location.setCustomerName is PASSED

2018-11-30 15:12:27 - [TEST_STEP][PASSED] - click(findTestObject("TestUserLocation/login_Button")): Object: 'Object Repository/TestUserLocation/login_Button' is clicked on

2018-11-30 15:12:29 - [MESSAGE][PASSED] - Object: 'Object Repository/TestUserLocation/login_Button' is clicked on

2018-11-30 15:12:29 - [TEST_STEP][PASSED] - Thread.sleep(4000): null

2018-11-30 15:12:33 - [TEST_STEP][PASSED] - click(findTestObject("TestUserLocation/mainmenu_button")): Object: 'Object Repository/TestUserLocation/mainmenu_button' is clicked on

2018-11-30 15:12:34 - [MESSAGE][PASSED] - Object: 'Object Repository/TestUserLocation/mainmenu_button' is clicked on

2018-11-30 15:12:34 - [TEST_STEP][PASSED] - click(findTestObject("TestUserLocation/adminTool")): Object: 'Object Repository/TestUserLocation/adminTool' is clicked on

2018-11-30 15:12:34 - [MESSAGE][PASSED] - Object: 'Object Repository/TestUserLocation/adminTool' is clicked on

2018-11-30 15:12:34 - [TEST_STEP][PASSED] - click(findTestObject("TestUserLocation/mainMenuResourceDesigner")): Object: 'Object Repository/TestUserLocation/mainMenuResourceDesigner' is clicked on

2018-11-30 15:12:34 - [MESSAGE][PASSED] - Object: 'Object Repository/TestUserLocation/mainMenuResourceDesigner' is clicked on

2018-11-30 15:12:34 - [TEST_STEP][PASSED] - Thread.sleep(4000): null

2018-11-30 15:12:38 - [TEST_STEP][PASSED] - click(findTestObject("TestResource/customers")): Object: 'Object Repository/TestResource/customers' is clicked on

2018-11-30 15:12:38 - [MESSAGE][PASSED] - Object: 'Object Repository/TestResource/customers' is clicked on

2018-11-30 15:12:38 - [TEST_STEP][PASSED] - Thread.sleep(4000): null

2018-11-30 15:12:42 - [TEST_STEP][PASSED] - click(findTestObject("TestUserLocation/categories")): Object: 'Object Repository/TestUserLocation/categories' is clicked on

2018-11-30 15:12:42 - [MESSAGE][PASSED] - Object: 'Object Repository/TestUserLocation/categories' is clicked on

2018-11-30 15:12:42 - [TEST_STEP][PASSED] - Thread.sleep(2000): null

2018-11-30 15:12:44 - [TEST_STEP][PASSED] - click(findTestObject("TestUserLocation/defaultArea")): Object: 'Object Repository/TestUserLocation/defaultArea' is clicked on

2018-11-30 15:12:44 - [MESSAGE][PASSED] - Object: 'Object Repository/TestUserLocation/defaultArea' is clicked on

2018-11-30 15:12:44 - [TEST_STEP][PASSED] - Thread.sleep(2000): null

2018-11-30 15:12:46 - [TEST_STEP][PASSED] - click(findTestObject("TestUserLocation/hoverHeading")): Object: 'Object Repository/TestUserLocation/hoverHeading' is clicked on

2018-11-30 15:12:47 - [MESSAGE][PASSED] - Object: 'Object Repository/TestUserLocation/hoverHeading' is clicked on

2018-11-30 15:12:47 - [TEST_STEP][PASSED] - click(findTestObject("TestUserLocation/addPlusIcon")): Object: 'Object Repository/TestUserLocation/addPlusIcon' is clicked on

2018-11-30 15:12:47 - [MESSAGE][PASSED] - Object: 'Object Repository/TestUserLocation/addPlusIcon' is clicked on

2018-11-30 15:12:47 - [TEST_STEP][PASSED] - setText(findTestObject("TestUserLocation/setNewName"), findTestData("LocationData").getValue("CustomerName", 1)): Text 'CUSTOMER_ON_30/11/18-15:12' is set on object 'Object Repository/TestUserLocation/setNewName'

2018-11-30 15:12:47 - [MESSAGE][PASSED] - Text 'CUSTOMER_ON_30/11/18-15:12' is set on object 'Object Repository/TestUserLocation/setNewName'

2018-11-30 15:12:47 - [TEST_STEP][PASSED] - Thread.sleep(2000): null

2018-11-30 15:12:49 - [TEST_STEP][PASSED] - click(findTestObject("TestUserLocation/saveButton")): Object: 'Object Repository/TestUserLocation/saveButton' is clicked on

2018-11-30 15:12:49 - [MESSAGE][PASSED] - Object: 'Object Repository/TestUserLocation/saveButton' is clicked on

2018-11-30 15:12:49 - [TEST_STEP][PASSED] - Thread.sleep(4000): null

2018-11-30 15:12:53 - [TEST_STEP][PASSED] - Thread.sleep(4000): null

2018-11-30 15:12:57 - [TEST_STEP][PASSED] - click(findTestObject("TestUserLocation/mainmenu_button")): Object: 'Object Repository/TestUserLocation/mainmenu_button' is clicked on

2018-11-30 15:12:57 - [MESSAGE][PASSED] - Object: 'Object Repository/TestUserLocation/mainmenu_button' is clicked on

2018-11-30 15:12:57 - [TEST_STEP][PASSED] - click(findTestObject("TestResource/mainMenu_resources")): Object: 'Object Repository/TestResource/mainMenu_resources' is clicked on

2018-11-30 15:12:58 - [MESSAGE][PASSED] - Object: 'Object Repository/TestResource/mainMenu_resources' is clicked on

2018-11-30 15:12:58 - [TEST_STEP][PASSED] - Thread.sleep(4000): null

2018-11-30 15:13:02 - [TEST_STEP][PASSED] - click(findTestObject("TestResource/customers")): Object: 'Object Repository/TestResource/customers' is clicked on

2018-11-30 15:13:02 - [MESSAGE][PASSED] - Object: 'Object Repository/TestResource/customers' is clicked on

2018-11-30 15:13:02 - [TEST_STEP][PASSED] - Thread.sleep(4000): null

2018-11-30 15:13:06 - [TEST_STEP][PASSED] - AdminTool_Location.selectCustomer(): Element has been clicked

2018-11-30 15:13:10 - [MESSAGE][PASSED] - Element has been clicked

2018-11-30 15:13:10 - [TEST_STEP][PASSED] - Thread.sleep(4000): null

2018-11-30 15:13:14 - [TEST_STEP][PASSED] - click(findTestObject("TestUserLocation/addPlusIcon")): Object: 'Object Repository/TestUserLocation/addPlusIcon' is clicked on

2018-11-30 15:13:14 - [MESSAGE][PASSED] - Object: 'Object Repository/TestUserLocation/addPlusIcon' is clicked on

2018-11-30 15:13:14 - [TEST_STEP][PASSED] - Thread.sleep(2000): null

2018-11-30 15:13:16 - [TEST_STEP][PASSED] - setText(findTestObject("TestUserLocation/setNewName"), findTestData("LocationData").getValue("SubCustomerName1", 1)): Text 'SUBCUSTOMER1_ON_30/11/18-15:12' is set on object 'Object Repository/TestUserLocation/setNewName'

2018-11-30 15:13:22 - [MESSAGE][PASSED] - Text 'SUBCUSTOMER1_ON_30/11/18-15:12' is set on object 'Object Repository/TestUserLocation/setNewName'

2018-11-30 15:13:22 - [TEST_STEP][PASSED] - setText(findTestObject("TestResource/setPhoneNumber"), "912378456"): Text '912378456' is set on object 'Object Repository/TestResource/setPhoneNumber'

2018-11-30 15:13:22 - [MESSAGE][PASSED] - Text '912378456' is set on object 'Object Repository/TestResource/setPhoneNumber'

2018-11-30 15:13:22 - [TEST_STEP][PASSED] - Thread.sleep(2000): null

2018-11-30 15:13:24 - [TEST_STEP][PASSED] - click(findTestObject("TestResource/saveDetailButton")): Object: 'Object Repository/TestResource/saveDetailButton' is clicked on

2018-11-30 15:13:24 - [MESSAGE][PASSED] - Object: 'Object Repository/TestResource/saveDetailButton' is clicked on

2018-11-30 15:13:24 - [TEST_STEP][PASSED] - Thread.sleep(7000): null

2018-11-30 15:13:31 - [TEST_STEP][PASSED] - click(findTestObject("TestResource/disableResource")): Object: 'Object Repository/TestResource/disableResource' is clicked on

2018-11-30 15:13:31 - [MESSAGE][PASSED] - Object: 'Object Repository/TestResource/disableResource' is clicked on

2018-11-30 15:13:31 - [TEST_STEP][PASSED] - Thread.sleep(2000): null

2018-11-30 15:13:33 - [TEST_STEP][PASSED] - click(findTestObject("TestResource/button2Yes")): Object: 'Object Repository/TestResource/button2Yes' is clicked on

2018-11-30 15:13:33 - [MESSAGE][PASSED] - Object: 'Object Repository/TestResource/button2Yes' is clicked on

2018-11-30 15:13:33 - [TEST_STEP][PASSED] - Thread.sleep(2000): null

2018-11-30 15:13:35 - [TEST_STEP][PASSED] - click(findTestObject("TestResource/saveDetailButton")): Object: 'Object Repository/TestResource/saveDetailButton' is clicked on

2018-11-30 15:13:35 - [MESSAGE][PASSED] - Object: 'Object Repository/TestResource/saveDetailButton' is clicked on

2018-11-30 15:13:35 - [TEST_STEP][PASSED] - Thread.sleep(7000): null

2018-11-30 15:13:42 - [TEST_STEP][PASSED] - click(findTestObject("TestResource/linksTab")): Object: 'Object Repository/TestResource/linksTab' is clicked on

2018-11-30 15:13:43 - [MESSAGE][PASSED] - Object: 'Object Repository/TestResource/linksTab' is clicked on

2018-11-30 15:13:43 - [TEST_STEP][PASSED] - Thread.sleep(2000): null

2018-11-30 15:13:45 - [TEST_STEP][PASSED] - click(findTestObject("TestResource/addLink")): Object: 'Object Repository/TestResource/addLink' is clicked on

2018-11-30 15:13:45 - [MESSAGE][PASSED] - Object: 'Object Repository/TestResource/addLink' is clicked on

2018-11-30 15:13:45 - [TEST_STEP][PASSED] - Thread.sleep(5000): null

2018-11-30 15:13:50 - [TEST_STEP][PASSED] - check(findTestObject("TestResource/selectSecondResourceToLink")): Object 'Object Repository/TestResource/selectSecondResourceToLink' is checked

2018-11-30 15:13:50 - [MESSAGE][PASSED] - Object 'Object Repository/TestResource/selectSecondResourceToLink' is checked

2018-11-30 15:13:50 - [TEST_STEP][PASSED] - AdminTool_Location.resourceLinkName(): AdminTool_Location.resourceLinkName is PASSED

2018-11-30 15:13:55 - [MESSAGE][PASSED] - AdminTool_Location.resourceLinkName is PASSED

2018-11-30 15:13:55 - [TEST_STEP][PASSED] - Thread.sleep(2000): null

2018-11-30 15:13:57 - [TEST_STEP][PASSED] - click(findTestObject("TestResource/button2Save")): Object: 'Object Repository/TestResource/button2Save' is clicked on

2018-11-30 15:13:57 - [MESSAGE][PASSED] - Object: 'Object Repository/TestResource/button2Save' is clicked on

2018-11-30 15:13:57 - [TEST_STEP][PASSED] - Thread.sleep(4000): null

2018-11-30 15:14:01 - [TEST_STEP][PASSED] - click(findTestObject("TestResource/locationTab")): Object: 'Object Repository/TestResource/locationTab' is clicked on

2018-11-30 15:14:01 - [MESSAGE][PASSED] - Object: 'Object Repository/TestResource/locationTab' is clicked on

2018-11-30 15:14:01 - [TEST_STEP][PASSED] - Thread.sleep(5000): null

2018-11-30 15:14:06 - [TEST_STEP][PASSED] - AdminTool_Location.checkLocation(): AdminTool_Location.checkLocation is PASSED

2018-11-30 15:14:08 - [MESSAGE][PASSED] - AdminTool_Location.checkLocation is PASSED

2018-11-30 15:14:08 - [TEST_STEP][PASSED] - Thread.sleep(4000): null

2018-11-30 15:14:12 - [TEST_STEP][PASSED] - click(findTestObject("TestResource/saveLocation")): Object: 'Object Repository/TestResource/saveLocation' is clicked on

2018-11-30 15:14:13 - [MESSAGE][PASSED] - Object: 'Object Repository/TestResource/saveLocation' is clicked on

2018-11-30 15:14:13 - [TEST_STEP][PASSED] - click(findTestObject("TestUserLocation/mainmenu_button")): Object: 'Object Repository/TestUserLocation/mainmenu_button' is clicked on

2018-11-30 15:14:13 - [MESSAGE][PASSED] - Object: 'Object Repository/TestUserLocation/mainmenu_button' is clicked on

2018-11-30 15:14:13 - [TEST_STEP][PASSED] - click(findTestObject("TestResource/mainMenu_resources")): Object: 'Object Repository/TestResource/mainMenu_resources' is clicked on

2018-11-30 15:14:13 - [MESSAGE][PASSED] - Object: 'Object Repository/TestResource/mainMenu_resources' is clicked on

2018-11-30 15:14:13 - [TEST_STEP][PASSED] - Thread.sleep(4000): null

2018-11-30 15:14:17 - [TEST_STEP][PASSED] - click(findTestObject("TestResource/customers")): Object: 'Object Repository/TestResource/customers' is clicked on

2018-11-30 15:14:17 - [MESSAGE][PASSED] - Object: 'Object Repository/TestResource/customers' is clicked on

2018-11-30 15:14:17 - [TEST_STEP][PASSED] - Thread.sleep(4000): null

2018-11-30 15:14:21 - [TEST_STEP][PASSED] - AdminTool_Location.selectCustomer(): Element has been clicked

2018-11-30 15:14:26 - [MESSAGE][PASSED] - Element has been clicked

2018-11-30 15:14:26 - [TEST_STEP][PASSED] - Thread.sleep(4000): null

2018-11-30 15:14:30 - [TEST_STEP][PASSED] - click(findTestObject("TestUserLocation/addPlusIcon")): Object: 'Object Repository/TestUserLocation/addPlusIcon' is clicked on

2018-11-30 15:14:30 - [MESSAGE][PASSED] - Object: 'Object Repository/TestUserLocation/addPlusIcon' is clicked on

2018-11-30 15:14:30 - [TEST_STEP][PASSED] - Thread.sleep(2000): null

2018-11-30 15:14:32 - [TEST_STEP][PASSED] - setText(findTestObject("TestUserLocation/setNewName"), findTestData("LocationData").getValue("SubCustomerName2", 1)): Text 'SUBCUSTOMER2_ON_30/11/18-15:12' is set on object 'Object Repository/TestUserLocation/setNewName'

2018-11-30 15:14:32 - [MESSAGE][PASSED] - Text 'SUBCUSTOMER2_ON_30/11/18-15:12' is set on object 'Object Repository/TestUserLocation/setNewName'

2018-11-30 15:14:32 - [TEST_STEP][PASSED] - setText(findTestObject("TestResource/setPhoneNumber"), "912378456"): Text '912378456' is set on object 'Object Repository/TestResource/setPhoneNumber'

2018-11-30 15:14:33 - [MESSAGE][PASSED] - Text '912378456' is set on object 'Object Repository/TestResource/setPhoneNumber'

2018-11-30 15:14:33 - [TEST_STEP][PASSED] - Thread.sleep(2000): null

2018-11-30 15:14:35 - [TEST_STEP][PASSED] - click(findTestObject("TestResource/saveDetailButton")): Object: 'Object Repository/TestResource/saveDetailButton' is clicked on

2018-11-30 15:14:35 - [MESSAGE][PASSED] - Object: 'Object Repository/TestResource/saveDetailButton' is clicked on

2018-11-30 15:14:35 - [TEST_STEP][PASSED] - Thread.sleep(7000): null

2018-11-30 15:14:42 - [TEST_STEP][PASSED] - click(findTestObject("TestResource/linksTab")): Object: 'Object Repository/TestResource/linksTab' is clicked on

2018-11-30 15:14:42 - [MESSAGE][PASSED] - Object: 'Object Repository/TestResource/linksTab' is clicked on

2018-11-30 15:14:42 - [TEST_STEP][PASSED] - Thread.sleep(2000): null

2018-11-30 15:14:44 - [TEST_STEP][PASSED] - click(findTestObject("TestResource/addLink")): Object: 'Object Repository/TestResource/addLink' is clicked on

2018-11-30 15:14:44 - [MESSAGE][PASSED] - Object: 'Object Repository/TestResource/addLink' is clicked on

2018-11-30 15:14:44 - [TEST_STEP][PASSED] - Thread.sleep(5000): null

2018-11-30 15:14:49 - [TEST_STEP][PASSED] - check(findTestObject("TestResource/selectSecondResourceToLink")): Object 'Object Repository/TestResource/selectSecondResourceToLink' is checked

2018-11-30 15:14:49 - [MESSAGE][PASSED] - Object 'Object Repository/TestResource/selectSecondResourceToLink' is checked

2018-11-30 15:14:49 - [TEST_STEP][PASSED] - AdminTool_Location.resourceLinkName(): AdminTool_Location.resourceLinkName is PASSED

2018-11-30 15:14:49 - [MESSAGE][PASSED] - AdminTool_Location.resourceLinkName is PASSED

2018-11-30 15:14:49 - [TEST_STEP][PASSED] - Thread.sleep(2000): null

2018-11-30 15:14:51 - [TEST_STEP][PASSED] - click(findTestObject("TestResource/button2Save")): Object: 'Object Repository/TestResource/button2Save' is clicked on

2018-11-30 15:14:51 - [MESSAGE][PASSED] - Object: 'Object Repository/TestResource/button2Save' is clicked on

2018-11-30 15:14:51 - [TEST_STEP][PASSED] - Thread.sleep(4000): null

2018-11-30 15:14:55 - [TEST_STEP][PASSED] - click(findTestObject("TestResource/locationTab")): Object: 'Object Repository/TestResource/locationTab' is clicked on

2018-11-30 15:14:56 - [MESSAGE][PASSED] - Object: 'Object Repository/TestResource/locationTab' is clicked on

2018-11-30 15:14:56 - [TEST_STEP][PASSED] - Thread.sleep(5000): null

2018-11-30 15:15:01 - [TEST_STEP][PASSED] - AdminTool_Location.checkLocation(): AdminTool_Location.checkLocation is PASSED

2018-11-30 15:15:08 - [MESSAGE][PASSED] - AdminTool_Location.checkLocation is PASSED

2018-11-30 15:15:08 - [TEST_STEP][PASSED] - Thread.sleep(4000): null

2018-11-30 15:15:12 - [TEST_STEP][PASSED] - click(findTestObject("TestResource/saveLocation")): Object: 'Object Repository/TestResource/saveLocation' is clicked on

2018-11-30 15:15:12 - [MESSAGE][PASSED] - Object: 'Object Repository/TestResource/saveLocation' is clicked on]]></system-out>
         <system-err><![CDATA[]]></system-err>
      </testcase>
      <testcase name="Test Cases/CheckResoucesAsPerLocation/validateResource" classname="Test Cases/CheckResoucesAsPerLocation/validateResource" status="PASSED">
         <system-out><![CDATA[2018-11-30 15:15:12 - [TEST_CASE][PASSED] - Test Cases/CheckResoucesAsPerLocation/validateResource: Test Cases/CheckResoucesAsPerLocation/validateResource

2018-11-30 15:15:12 - [TEST_STEP][NOT_RUN] - openBrowser(URL): NOT_RUN: openBrowser(URL)

2018-11-30 15:15:12 - [MESSAGE][NOT_RUN] - NOT_RUN: openBrowser(URL)

2018-11-30 15:15:12 - [TEST_STEP][NOT_RUN] - maximizeWindow(): NOT_RUN: maximizeWindow()

2018-11-30 15:15:12 - [MESSAGE][NOT_RUN] - NOT_RUN: maximizeWindow()

2018-11-30 15:15:12 - [TEST_STEP][NOT_RUN] - setText(findTestObject("Form_Selection_Creation/login_Username"), UserName): NOT_RUN: setText(findTestObject("Form_Selection_Creation/login_Username"), UserName)

2018-11-30 15:15:12 - [MESSAGE][NOT_RUN] - NOT_RUN: setText(findTestObject("Form_Selection_Creation/login_Username"), UserName)

2018-11-30 15:15:12 - [TEST_STEP][NOT_RUN] - setText(findTestObject("Form_Selection_Creation/login_Password"), Password): NOT_RUN: setText(findTestObject("Form_Selection_Creation/login_Password"), Password)

2018-11-30 15:15:12 - [MESSAGE][NOT_RUN] - NOT_RUN: setText(findTestObject("Form_Selection_Creation/login_Password"), Password)

2018-11-30 15:15:12 - [TEST_STEP][PASSED] - Thread.sleep(4000): null

2018-11-30 15:15:16 - [TEST_STEP][PASSED] - FormName.setData(): FormName.setData is PASSED

2018-11-30 15:15:16 - [MESSAGE][PASSED] - FormName.setData is PASSED

2018-11-30 15:15:16 - [TEST_STEP][NOT_RUN] - click(findTestObject("Form_Selection_Creation/login_Button")): NOT_RUN: click(findTestObject("Form_Selection_Creation/login_Button"))

2018-11-30 15:15:16 - [MESSAGE][NOT_RUN] - NOT_RUN: click(findTestObject("Form_Selection_Creation/login_Button"))

2018-11-30 15:15:16 - [TEST_STEP][PASSED] - click(findTestObject("Form_Selection_Creation/mainMenu_Button")): Object: 'Object Repository/Form_Selection_Creation/mainMenu_Button' is clicked on

2018-11-30 15:15:16 - [MESSAGE][PASSED] - Object: 'Object Repository/Form_Selection_Creation/mainMenu_Button' is clicked on

2018-11-30 15:15:16 - [TEST_STEP][NOT_RUN] - click(findTestObject("Form_Selection_Creation/mainMenu_AdminTools")): NOT_RUN: click(findTestObject("Form_Selection_Creation/mainMenu_AdminTools"))

2018-11-30 15:15:16 - [MESSAGE][NOT_RUN] - NOT_RUN: click(findTestObject("Form_Selection_Creation/mainMenu_AdminTools"))

2018-11-30 15:15:16 - [TEST_STEP][PASSED] - click(findTestObject("Form_Selection_Creation/mainMenu_AdminTools_FormDesigner")): Object: 'Object Repository/Form_Selection_Creation/mainMenu_AdminTools_FormDesigner' is clicked on

2018-11-30 15:15:17 - [MESSAGE][PASSED] - Object: 'Object Repository/Form_Selection_Creation/mainMenu_AdminTools_FormDesigner' is clicked on

2018-11-30 15:15:17 - [TEST_STEP][PASSED] - click(findTestObject("Form_Selection_Creation/selectCheckForm")): Object: 'Object Repository/Form_Selection_Creation/selectCheckForm' is clicked on

2018-11-30 15:15:17 - [MESSAGE][PASSED] - Object: 'Object Repository/Form_Selection_Creation/selectCheckForm' is clicked on

2018-11-30 15:15:17 - [TEST_STEP][PASSED] - Thread.sleep(5000): null

2018-11-30 15:15:22 - [TEST_STEP][PASSED] - AdminTool_Location.selectResType(): AdminTool_Location.selectResType is PASSED

2018-11-30 15:15:30 - [MESSAGE][PASSED] - AdminTool_Location.selectResType is PASSED

2018-11-30 15:15:30 - [TEST_STEP][PASSED] - AdminTool_Location.dragDropRes(): Element has been clicked

2018-11-30 15:15:34 - [MESSAGE][PASSED] - Element has been clicked

2018-11-30 15:15:34 - [TEST_STEP][PASSED] - Thread.sleep(3000): null

2018-11-30 15:15:37 - [TEST_STEP][NOT_RUN] - dragAndDropToObject(findTestObject("validateResources"), findTestObject("Form_Selection_Creation/Target_Res_Object")): NOT_RUN: dragAndDropToObject(findTestObject("validateResources"), findTestObject("Form_Selection_Creation/Target_Res_Object"))

2018-11-30 15:15:37 - [MESSAGE][NOT_RUN] - NOT_RUN: dragAndDropToObject(findTestObject("validateResources"), findTestObject("Form_Selection_Creation/Target_Res_Object"))

2018-11-30 15:15:37 - [TEST_STEP][PASSED] - AdminTool_Location.validate(): AdminTool_Location.validate is PASSED

2018-11-30 15:15:37 - [MESSAGE][PASSED] - AdminTool_Location.validate is PASSED

2018-11-30 15:15:37 - [TEST_STEP][PASSED] - s = getText(findTestObject("Text")): Text of object 'Object Repository/Text' is: 'Customers > CUSTOMER_ON_30/11/18-15:12 > SUBCUSTOMER2_ON_30/11/18-15:12'

2018-11-30 15:15:37 - [MESSAGE][PASSED] - Text of object 'Object Repository/Text' is: 'Customers > CUSTOMER_ON_30/11/18-15:12 > SUBCUSTOMER2_ON_30/11/18-15:12'

2018-11-30 15:15:37 - [TEST_STEP][PASSED] - println(s): null]]></system-out>
         <system-err><![CDATA[]]></system-err>
      </testcase>
      <system-out><![CDATA[2018-11-30 15:11:57 - [TEST_SUITE][PASSED] - Customer_Resource: Test Cases/CheckResoucesAsPerLocation/validateResource]]></system-out>
      <system-err><![CDATA[]]></system-err>
   </testsuite>
</testsuites>
