<?xml version="1.0" encoding="UTF-8"?>
<testsuites name="Customer_Resource" time="224" tests="2" failures="0" errors="0">
   <testsuite name="Customer_Resource" tests="2" failures="0" errors="0" time="224" timestamp="2018-11-30 16:49:02" hostname="pashine_a - Abhishek-Pashine.India.XoriantCorp.com" id="Test Suites/Customer_Resource">
      <properties>
         <property name="deviceName" value=""/>
         <property name="devicePlatform" value=""/>
         <property name="logFolder" value="D:\\Git Data\\SafetyChain-Test-Automation-Katalon\\Reports\\Customer_Resource\\20181130_164741"/>
         <property name="logFiles" value="D:\\Git Data\\SafetyChain-Test-Automation-Katalon\\Reports\\Customer_Resource\\20181130_164741\\execution0.log"/>
         <property name="attachments" value=""/>
         <property name="hostName" value="pashine_a - Abhishek-Pashine.India.XoriantCorp.com"/>
         <property name="os" value="Windows 7 64bit"/>
         <property name="katalonVersion" value="5.9.0.1"/>
         <property name="browser" value="Chrome 70.0.3538.110"/>
         <property name="hostAddress" value="10.21.7.147"/>
         <property name="sessionId" value="2eba9f3896f119f256eff4ecf98237b1"/>
         <property name="seleniumVersion" value="3.7.1"/>
         <property name="proxyInformation" value="ProxyInformation{proxyOption=NO_PROXY, proxyServerType=HTTP, password=, proxyServerAddress=, proxyServerPort=0}"/>
         <property name="platform" value="Windows 7"/>
      </properties>
      <testcase name="Test Cases/CheckResoucesAsPerLocation/checkResource_Customer" classname="Test Cases/CheckResoucesAsPerLocation/checkResource_Customer" status="PASSED">
         <system-out><![CDATA[2018-11-30 16:49:02 - [TEST_CASE][PASSED] - Test Cases/CheckResoucesAsPerLocation/checkResource_Customer: Test Cases/CheckResoucesAsPerLocation/checkResource_Customer

2018-11-30 16:49:03 - [TEST_STEP][PASSED] - openBrowser(URL): Browser is opened with url: 'https://test2.stage.safetychain.com'

2018-11-30 16:49:03 - [MESSAGE][INFO] - Starting 'Chrome' driver

2018-11-30 16:49:03 - [MESSAGE][INFO] - Action delay is set to 0 seconds

2018-11-30 16:49:35 - [MESSAGE][PASSED] - Browser is opened with url: 'https://test2.stage.safetychain.com'

2018-11-30 16:49:35 - [TEST_STEP][PASSED] - maximizeWindow(): Current window maximized

2018-11-30 16:49:36 - [MESSAGE][PASSED] - Current window maximized

2018-11-30 16:49:36 - [TEST_STEP][PASSED] - setText(findTestObject("TestUserLocation/login_Username"), UserName): Text 'superadmin' is set on object 'Object Repository/TestUserLocation/login_Username'

2018-11-30 16:49:40 - [MESSAGE][PASSED] - Text 'superadmin' is set on object 'Object Repository/TestUserLocation/login_Username'

2018-11-30 16:49:40 - [TEST_STEP][PASSED] - setText(findTestObject("TestUserLocation/login_Password"), Password): Text 'sliptest23772boot' is set on object 'Object Repository/TestUserLocation/login_Password'

2018-11-30 16:49:40 - [MESSAGE][PASSED] - Text 'sliptest23772boot' is set on object 'Object Repository/TestUserLocation/login_Password'

2018-11-30 16:49:40 - [TEST_STEP][PASSED] - AdminTool_Location.setCustomerName(): AdminTool_Location.setCustomerName is PASSED

2018-11-30 16:49:41 - [MESSAGE][PASSED] - AdminTool_Location.setCustomerName is PASSED

2018-11-30 16:49:41 - [TEST_STEP][PASSED] - click(findTestObject("TestUserLocation/login_Button")): Object: 'Object Repository/TestUserLocation/login_Button' is clicked on

2018-11-30 16:49:43 - [MESSAGE][PASSED] - Object: 'Object Repository/TestUserLocation/login_Button' is clicked on

2018-11-30 16:49:43 - [TEST_STEP][PASSED] - Thread.sleep(4000): null

2018-11-30 16:49:47 - [TEST_STEP][PASSED] - click(findTestObject("TestUserLocation/mainmenu_button")): Object: 'Object Repository/TestUserLocation/mainmenu_button' is clicked on

2018-11-30 16:49:48 - [MESSAGE][PASSED] - Object: 'Object Repository/TestUserLocation/mainmenu_button' is clicked on

2018-11-30 16:49:48 - [TEST_STEP][PASSED] - click(findTestObject("TestUserLocation/adminTool")): Object: 'Object Repository/TestUserLocation/adminTool' is clicked on

2018-11-30 16:49:48 - [MESSAGE][PASSED] - Object: 'Object Repository/TestUserLocation/adminTool' is clicked on

2018-11-30 16:49:48 - [TEST_STEP][PASSED] - click(findTestObject("TestUserLocation/mainMenuResourceDesigner")): Object: 'Object Repository/TestUserLocation/mainMenuResourceDesigner' is clicked on

2018-11-30 16:49:49 - [MESSAGE][PASSED] - Object: 'Object Repository/TestUserLocation/mainMenuResourceDesigner' is clicked on

2018-11-30 16:49:49 - [TEST_STEP][PASSED] - Thread.sleep(4000): null

2018-11-30 16:49:53 - [TEST_STEP][PASSED] - click(findTestObject("TestResource/customers")): Object: 'Object Repository/TestResource/customers' is clicked on

2018-11-30 16:49:53 - [MESSAGE][PASSED] - Object: 'Object Repository/TestResource/customers' is clicked on

2018-11-30 16:49:53 - [TEST_STEP][PASSED] - Thread.sleep(4000): null

2018-11-30 16:49:57 - [TEST_STEP][PASSED] - click(findTestObject("TestUserLocation/categories")): Object: 'Object Repository/TestUserLocation/categories' is clicked on

2018-11-30 16:49:57 - [MESSAGE][PASSED] - Object: 'Object Repository/TestUserLocation/categories' is clicked on

2018-11-30 16:49:57 - [TEST_STEP][PASSED] - Thread.sleep(2000): null

2018-11-30 16:49:59 - [TEST_STEP][PASSED] - click(findTestObject("TestUserLocation/defaultArea")): Object: 'Object Repository/TestUserLocation/defaultArea' is clicked on

2018-11-30 16:49:59 - [MESSAGE][PASSED] - Object: 'Object Repository/TestUserLocation/defaultArea' is clicked on

2018-11-30 16:49:59 - [TEST_STEP][PASSED] - Thread.sleep(2000): null

2018-11-30 16:50:01 - [TEST_STEP][PASSED] - click(findTestObject("TestUserLocation/hoverHeading")): Object: 'Object Repository/TestUserLocation/hoverHeading' is clicked on

2018-11-30 16:50:01 - [MESSAGE][PASSED] - Object: 'Object Repository/TestUserLocation/hoverHeading' is clicked on

2018-11-30 16:50:01 - [TEST_STEP][PASSED] - click(findTestObject("TestUserLocation/addPlusIcon")): Object: 'Object Repository/TestUserLocation/addPlusIcon' is clicked on

2018-11-30 16:50:02 - [MESSAGE][PASSED] - Object: 'Object Repository/TestUserLocation/addPlusIcon' is clicked on

2018-11-30 16:50:02 - [TEST_STEP][PASSED] - setText(findTestObject("TestUserLocation/setNewName"), findTestData("LocationData").getValue("CustomerName", 1)): Text 'CUSTOMER_ON_30/11/18-16:49' is set on object 'Object Repository/TestUserLocation/setNewName'

2018-11-30 16:50:02 - [MESSAGE][PASSED] - Text 'CUSTOMER_ON_30/11/18-16:49' is set on object 'Object Repository/TestUserLocation/setNewName'

2018-11-30 16:50:02 - [TEST_STEP][PASSED] - Thread.sleep(2000): null

2018-11-30 16:50:04 - [TEST_STEP][PASSED] - click(findTestObject("TestUserLocation/saveButton")): Object: 'Object Repository/TestUserLocation/saveButton' is clicked on

2018-11-30 16:50:04 - [MESSAGE][PASSED] - Object: 'Object Repository/TestUserLocation/saveButton' is clicked on

2018-11-30 16:50:04 - [TEST_STEP][PASSED] - Thread.sleep(4000): null

2018-11-30 16:50:08 - [TEST_STEP][PASSED] - Thread.sleep(4000): null

2018-11-30 16:50:12 - [TEST_STEP][PASSED] - click(findTestObject("TestUserLocation/mainmenu_button")): Object: 'Object Repository/TestUserLocation/mainmenu_button' is clicked on

2018-11-30 16:50:12 - [MESSAGE][PASSED] - Object: 'Object Repository/TestUserLocation/mainmenu_button' is clicked on

2018-11-30 16:50:12 - [TEST_STEP][PASSED] - click(findTestObject("TestResource/mainMenu_resources")): Object: 'Object Repository/TestResource/mainMenu_resources' is clicked on

2018-11-30 16:50:13 - [MESSAGE][PASSED] - Object: 'Object Repository/TestResource/mainMenu_resources' is clicked on

2018-11-30 16:50:13 - [TEST_STEP][PASSED] - Thread.sleep(4000): null

2018-11-30 16:50:17 - [TEST_STEP][PASSED] - click(findTestObject("TestResource/customers")): Object: 'Object Repository/TestResource/customers' is clicked on

2018-11-30 16:50:17 - [MESSAGE][PASSED] - Object: 'Object Repository/TestResource/customers' is clicked on

2018-11-30 16:50:17 - [TEST_STEP][PASSED] - Thread.sleep(4000): null

2018-11-30 16:50:21 - [TEST_STEP][PASSED] - AdminTool_Location.selectCustomer(): Element has been clicked

2018-11-30 16:50:25 - [MESSAGE][PASSED] - Element has been clicked

2018-11-30 16:50:25 - [TEST_STEP][PASSED] - Thread.sleep(4000): null

2018-11-30 16:50:29 - [TEST_STEP][PASSED] - click(findTestObject("TestUserLocation/addPlusIcon")): Object: 'Object Repository/TestUserLocation/addPlusIcon' is clicked on

2018-11-30 16:50:29 - [MESSAGE][PASSED] - Object: 'Object Repository/TestUserLocation/addPlusIcon' is clicked on

2018-11-30 16:50:29 - [TEST_STEP][PASSED] - Thread.sleep(2000): null

2018-11-30 16:50:31 - [TEST_STEP][PASSED] - setText(findTestObject("TestUserLocation/setNewName"), findTestData("LocationData").getValue("SubCustomerName1", 1)): Text 'SUBCUSTOMER1_ON_30/11/18-16:49' is set on object 'Object Repository/TestUserLocation/setNewName'

2018-11-30 16:50:32 - [MESSAGE][PASSED] - Text 'SUBCUSTOMER1_ON_30/11/18-16:49' is set on object 'Object Repository/TestUserLocation/setNewName'

2018-11-30 16:50:32 - [TEST_STEP][PASSED] - setText(findTestObject("TestResource/setPhoneNumber"), "912378456"): Text '912378456' is set on object 'Object Repository/TestResource/setPhoneNumber'

2018-11-30 16:50:32 - [MESSAGE][PASSED] - Text '912378456' is set on object 'Object Repository/TestResource/setPhoneNumber'

2018-11-30 16:50:32 - [TEST_STEP][PASSED] - Thread.sleep(2000): null

2018-11-30 16:50:34 - [TEST_STEP][PASSED] - click(findTestObject("TestResource/saveDetailButton")): Object: 'Object Repository/TestResource/saveDetailButton' is clicked on

2018-11-30 16:50:34 - [MESSAGE][PASSED] - Object: 'Object Repository/TestResource/saveDetailButton' is clicked on

2018-11-30 16:50:34 - [TEST_STEP][PASSED] - Thread.sleep(7000): null

2018-11-30 16:50:41 - [TEST_STEP][PASSED] - click(findTestObject("TestResource/disableResource")): Object: 'Object Repository/TestResource/disableResource' is clicked on

2018-11-30 16:50:41 - [MESSAGE][PASSED] - Object: 'Object Repository/TestResource/disableResource' is clicked on

2018-11-30 16:50:41 - [TEST_STEP][PASSED] - Thread.sleep(2000): null

2018-11-30 16:50:43 - [TEST_STEP][PASSED] - click(findTestObject("TestResource/button2Yes")): Object: 'Object Repository/TestResource/button2Yes' is clicked on

2018-11-30 16:50:43 - [MESSAGE][PASSED] - Object: 'Object Repository/TestResource/button2Yes' is clicked on

2018-11-30 16:50:43 - [TEST_STEP][PASSED] - Thread.sleep(2000): null

2018-11-30 16:50:45 - [TEST_STEP][PASSED] - click(findTestObject("TestResource/saveDetailButton")): Object: 'Object Repository/TestResource/saveDetailButton' is clicked on

2018-11-30 16:50:46 - [MESSAGE][PASSED] - Object: 'Object Repository/TestResource/saveDetailButton' is clicked on

2018-11-30 16:50:46 - [TEST_STEP][PASSED] - Thread.sleep(7000): null

2018-11-30 16:50:53 - [TEST_STEP][PASSED] - click(findTestObject("TestResource/linksTab")): Object: 'Object Repository/TestResource/linksTab' is clicked on

2018-11-30 16:50:53 - [MESSAGE][PASSED] - Object: 'Object Repository/TestResource/linksTab' is clicked on

2018-11-30 16:50:53 - [TEST_STEP][PASSED] - Thread.sleep(2000): null

2018-11-30 16:50:55 - [TEST_STEP][PASSED] - click(findTestObject("TestResource/addLink")): Object: 'Object Repository/TestResource/addLink' is clicked on

2018-11-30 16:50:55 - [MESSAGE][PASSED] - Object: 'Object Repository/TestResource/addLink' is clicked on

2018-11-30 16:50:55 - [TEST_STEP][PASSED] - Thread.sleep(5000): null

2018-11-30 16:51:00 - [TEST_STEP][PASSED] - check(findTestObject("TestResource/selectSecondResourceToLink")): Object 'Object Repository/TestResource/selectSecondResourceToLink' is checked

2018-11-30 16:51:00 - [MESSAGE][PASSED] - Object 'Object Repository/TestResource/selectSecondResourceToLink' is checked

2018-11-30 16:51:00 - [TEST_STEP][PASSED] - AdminTool_Location.resourceLinkName(): AdminTool_Location.resourceLinkName is PASSED

2018-11-30 16:51:00 - [MESSAGE][PASSED] - AdminTool_Location.resourceLinkName is PASSED

2018-11-30 16:51:00 - [TEST_STEP][PASSED] - Thread.sleep(2000): null

2018-11-30 16:51:03 - [TEST_STEP][PASSED] - click(findTestObject("TestResource/button2Save")): Object: 'Object Repository/TestResource/button2Save' is clicked on

2018-11-30 16:51:03 - [MESSAGE][PASSED] - Object: 'Object Repository/TestResource/button2Save' is clicked on

2018-11-30 16:51:03 - [TEST_STEP][PASSED] - Thread.sleep(4000): null

2018-11-30 16:51:07 - [TEST_STEP][PASSED] - click(findTestObject("TestResource/locationTab")): Object: 'Object Repository/TestResource/locationTab' is clicked on

2018-11-30 16:51:07 - [MESSAGE][PASSED] - Object: 'Object Repository/TestResource/locationTab' is clicked on

2018-11-30 16:51:07 - [TEST_STEP][PASSED] - Thread.sleep(5000): null

2018-11-30 16:51:12 - [TEST_STEP][PASSED] - AdminTool_Location.checkLocation(): AdminTool_Location.checkLocation is PASSED

2018-11-30 16:51:14 - [MESSAGE][PASSED] - AdminTool_Location.checkLocation is PASSED

2018-11-30 16:51:14 - [TEST_STEP][PASSED] - Thread.sleep(4000): null

2018-11-30 16:51:18 - [TEST_STEP][PASSED] - click(findTestObject("TestResource/saveLocation")): Object: 'Object Repository/TestResource/saveLocation' is clicked on

2018-11-30 16:51:19 - [MESSAGE][PASSED] - Object: 'Object Repository/TestResource/saveLocation' is clicked on

2018-11-30 16:51:19 - [TEST_STEP][PASSED] - click(findTestObject("TestUserLocation/mainmenu_button")): Object: 'Object Repository/TestUserLocation/mainmenu_button' is clicked on

2018-11-30 16:51:20 - [MESSAGE][PASSED] - Object: 'Object Repository/TestUserLocation/mainmenu_button' is clicked on

2018-11-30 16:51:20 - [TEST_STEP][PASSED] - click(findTestObject("TestResource/mainMenu_resources")): Object: 'Object Repository/TestResource/mainMenu_resources' is clicked on

2018-11-30 16:51:20 - [MESSAGE][PASSED] - Object: 'Object Repository/TestResource/mainMenu_resources' is clicked on

2018-11-30 16:51:20 - [TEST_STEP][PASSED] - Thread.sleep(4000): null

2018-11-30 16:51:24 - [TEST_STEP][PASSED] - click(findTestObject("TestResource/customers")): Object: 'Object Repository/TestResource/customers' is clicked on

2018-11-30 16:51:24 - [MESSAGE][PASSED] - Object: 'Object Repository/TestResource/customers' is clicked on

2018-11-30 16:51:24 - [TEST_STEP][PASSED] - Thread.sleep(4000): null

2018-11-30 16:51:28 - [TEST_STEP][PASSED] - AdminTool_Location.selectCustomer(): Element has been clicked

2018-11-30 16:51:33 - [MESSAGE][PASSED] - Element has been clicked

2018-11-30 16:51:33 - [TEST_STEP][PASSED] - Thread.sleep(4000): null

2018-11-30 16:51:37 - [TEST_STEP][PASSED] - click(findTestObject("TestUserLocation/addPlusIcon")): Object: 'Object Repository/TestUserLocation/addPlusIcon' is clicked on

2018-11-30 16:51:37 - [MESSAGE][PASSED] - Object: 'Object Repository/TestUserLocation/addPlusIcon' is clicked on

2018-11-30 16:51:37 - [TEST_STEP][PASSED] - Thread.sleep(2000): null

2018-11-30 16:51:39 - [TEST_STEP][PASSED] - setText(findTestObject("TestUserLocation/setNewName"), findTestData("LocationData").getValue("SubCustomerName2", 1)): Text 'SUBCUSTOMER2_ON_30/11/18-16:49' is set on object 'Object Repository/TestUserLocation/setNewName'

2018-11-30 16:51:40 - [MESSAGE][PASSED] - Text 'SUBCUSTOMER2_ON_30/11/18-16:49' is set on object 'Object Repository/TestUserLocation/setNewName'

2018-11-30 16:51:40 - [TEST_STEP][PASSED] - setText(findTestObject("TestResource/setPhoneNumber"), "912378456"): Text '912378456' is set on object 'Object Repository/TestResource/setPhoneNumber'

2018-11-30 16:51:40 - [MESSAGE][PASSED] - Text '912378456' is set on object 'Object Repository/TestResource/setPhoneNumber'

2018-11-30 16:51:40 - [TEST_STEP][PASSED] - Thread.sleep(2000): null

2018-11-30 16:51:42 - [TEST_STEP][PASSED] - click(findTestObject("TestResource/saveDetailButton")): Object: 'Object Repository/TestResource/saveDetailButton' is clicked on

2018-11-30 16:51:42 - [MESSAGE][PASSED] - Object: 'Object Repository/TestResource/saveDetailButton' is clicked on

2018-11-30 16:51:42 - [TEST_STEP][PASSED] - Thread.sleep(7000): null

2018-11-30 16:51:49 - [TEST_STEP][PASSED] - click(findTestObject("TestResource/linksTab")): Object: 'Object Repository/TestResource/linksTab' is clicked on

2018-11-30 16:51:49 - [MESSAGE][PASSED] - Object: 'Object Repository/TestResource/linksTab' is clicked on

2018-11-30 16:51:49 - [TEST_STEP][PASSED] - Thread.sleep(2000): null

2018-11-30 16:51:51 - [TEST_STEP][PASSED] - click(findTestObject("TestResource/addLink")): Object: 'Object Repository/TestResource/addLink' is clicked on

2018-11-30 16:51:51 - [MESSAGE][PASSED] - Object: 'Object Repository/TestResource/addLink' is clicked on

2018-11-30 16:51:51 - [TEST_STEP][PASSED] - Thread.sleep(5000): null

2018-11-30 16:51:56 - [TEST_STEP][PASSED] - check(findTestObject("TestResource/selectSecondResourceToLink")): Object 'Object Repository/TestResource/selectSecondResourceToLink' is checked

2018-11-30 16:51:56 - [MESSAGE][PASSED] - Object 'Object Repository/TestResource/selectSecondResourceToLink' is checked

2018-11-30 16:51:56 - [TEST_STEP][PASSED] - AdminTool_Location.resourceLinkName(): AdminTool_Location.resourceLinkName is PASSED

2018-11-30 16:51:56 - [MESSAGE][PASSED] - AdminTool_Location.resourceLinkName is PASSED

2018-11-30 16:51:56 - [TEST_STEP][PASSED] - Thread.sleep(2000): null

2018-11-30 16:51:58 - [TEST_STEP][PASSED] - click(findTestObject("TestResource/button2Save")): Object: 'Object Repository/TestResource/button2Save' is clicked on

2018-11-30 16:51:59 - [MESSAGE][PASSED] - Object: 'Object Repository/TestResource/button2Save' is clicked on

2018-11-30 16:51:59 - [TEST_STEP][PASSED] - Thread.sleep(4000): null

2018-11-30 16:52:03 - [TEST_STEP][PASSED] - click(findTestObject("TestResource/locationTab")): Object: 'Object Repository/TestResource/locationTab' is clicked on

2018-11-30 16:52:03 - [MESSAGE][PASSED] - Object: 'Object Repository/TestResource/locationTab' is clicked on

2018-11-30 16:52:03 - [TEST_STEP][PASSED] - Thread.sleep(5000): null

2018-11-30 16:52:08 - [TEST_STEP][PASSED] - AdminTool_Location.checkLocation(): AdminTool_Location.checkLocation is PASSED

2018-11-30 16:52:10 - [MESSAGE][PASSED] - AdminTool_Location.checkLocation is PASSED

2018-11-30 16:52:10 - [TEST_STEP][PASSED] - Thread.sleep(4000): null

2018-11-30 16:52:14 - [TEST_STEP][PASSED] - click(findTestObject("TestResource/saveLocation")): Object: 'Object Repository/TestResource/saveLocation' is clicked on

2018-11-30 16:52:14 - [MESSAGE][PASSED] - Object: 'Object Repository/TestResource/saveLocation' is clicked on]]></system-out>
         <system-err><![CDATA[]]></system-err>
      </testcase>
      <testcase name="Test Cases/CheckResoucesAsPerLocation/validateResource" classname="Test Cases/CheckResoucesAsPerLocation/validateResource" status="PASSED">
         <system-out><![CDATA[2018-11-30 16:52:14 - [TEST_CASE][PASSED] - Test Cases/CheckResoucesAsPerLocation/validateResource: Test Cases/CheckResoucesAsPerLocation/validateResource

2018-11-30 16:52:14 - [TEST_STEP][NOT_RUN] - openBrowser(URL): NOT_RUN: openBrowser(URL)

2018-11-30 16:52:14 - [MESSAGE][NOT_RUN] - NOT_RUN: openBrowser(URL)

2018-11-30 16:52:14 - [TEST_STEP][NOT_RUN] - maximizeWindow(): NOT_RUN: maximizeWindow()

2018-11-30 16:52:14 - [MESSAGE][NOT_RUN] - NOT_RUN: maximizeWindow()

2018-11-30 16:52:14 - [TEST_STEP][NOT_RUN] - setText(findTestObject("Form_Selection_Creation/login_Username"), UserName): NOT_RUN: setText(findTestObject("Form_Selection_Creation/login_Username"), UserName)

2018-11-30 16:52:14 - [MESSAGE][NOT_RUN] - NOT_RUN: setText(findTestObject("Form_Selection_Creation/login_Username"), UserName)

2018-11-30 16:52:14 - [TEST_STEP][NOT_RUN] - setText(findTestObject("Form_Selection_Creation/login_Password"), Password): NOT_RUN: setText(findTestObject("Form_Selection_Creation/login_Password"), Password)

2018-11-30 16:52:14 - [MESSAGE][NOT_RUN] - NOT_RUN: setText(findTestObject("Form_Selection_Creation/login_Password"), Password)

2018-11-30 16:52:14 - [TEST_STEP][PASSED] - Thread.sleep(4000): null

2018-11-30 16:52:18 - [TEST_STEP][PASSED] - FormName.setData(): FormName.setData is PASSED

2018-11-30 16:52:19 - [MESSAGE][PASSED] - FormName.setData is PASSED

2018-11-30 16:52:19 - [TEST_STEP][NOT_RUN] - click(findTestObject("Form_Selection_Creation/login_Button")): NOT_RUN: click(findTestObject("Form_Selection_Creation/login_Button"))

2018-11-30 16:52:19 - [MESSAGE][NOT_RUN] - NOT_RUN: click(findTestObject("Form_Selection_Creation/login_Button"))

2018-11-30 16:52:19 - [TEST_STEP][PASSED] - click(findTestObject("Form_Selection_Creation/mainMenu_Button")): Object: 'Object Repository/Form_Selection_Creation/mainMenu_Button' is clicked on

2018-11-30 16:52:19 - [MESSAGE][PASSED] - Object: 'Object Repository/Form_Selection_Creation/mainMenu_Button' is clicked on

2018-11-30 16:52:19 - [TEST_STEP][NOT_RUN] - click(findTestObject("Form_Selection_Creation/mainMenu_AdminTools")): NOT_RUN: click(findTestObject("Form_Selection_Creation/mainMenu_AdminTools"))

2018-11-30 16:52:19 - [MESSAGE][NOT_RUN] - NOT_RUN: click(findTestObject("Form_Selection_Creation/mainMenu_AdminTools"))

2018-11-30 16:52:19 - [TEST_STEP][PASSED] - click(findTestObject("Form_Selection_Creation/mainMenu_AdminTools_FormDesigner")): Object: 'Object Repository/Form_Selection_Creation/mainMenu_AdminTools_FormDesigner' is clicked on

2018-11-30 16:52:19 - [MESSAGE][PASSED] - Object: 'Object Repository/Form_Selection_Creation/mainMenu_AdminTools_FormDesigner' is clicked on

2018-11-30 16:52:19 - [TEST_STEP][PASSED] - click(findTestObject("Form_Selection_Creation/selectCheckForm")): Object: 'Object Repository/Form_Selection_Creation/selectCheckForm' is clicked on

2018-11-30 16:52:19 - [MESSAGE][PASSED] - Object: 'Object Repository/Form_Selection_Creation/selectCheckForm' is clicked on

2018-11-30 16:52:19 - [TEST_STEP][PASSED] - Thread.sleep(5000): null

2018-11-30 16:52:24 - [TEST_STEP][PASSED] - AdminTool_Location.selectResType(): AdminTool_Location.selectResType is PASSED

2018-11-30 16:52:38 - [MESSAGE][PASSED] - AdminTool_Location.selectResType is PASSED

2018-11-30 16:52:38 - [TEST_STEP][PASSED] - AdminTool_Location.dragDropRes(): Element has been clicked

2018-11-30 16:52:42 - [MESSAGE][PASSED] - Element has been clicked

2018-11-30 16:52:42 - [TEST_STEP][PASSED] - Thread.sleep(3000): null

2018-11-30 16:52:45 - [TEST_STEP][NOT_RUN] - dragAndDropToObject(findTestObject("validateResources"), findTestObject("Form_Selection_Creation/Target_Res_Object")): NOT_RUN: dragAndDropToObject(findTestObject("validateResources"), findTestObject("Form_Selection_Creation/Target_Res_Object"))

2018-11-30 16:52:45 - [MESSAGE][NOT_RUN] - NOT_RUN: dragAndDropToObject(findTestObject("validateResources"), findTestObject("Form_Selection_Creation/Target_Res_Object"))

2018-11-30 16:52:45 - [TEST_STEP][PASSED] - AdminTool_Location.validate(): AdminTool_Location.validate is PASSED

2018-11-30 16:52:45 - [MESSAGE][PASSED] - AdminTool_Location.validate is PASSED

2018-11-30 16:52:45 - [TEST_STEP][PASSED] - s = getText(findTestObject("Text")): Text of object 'Object Repository/Text' is: 'Customers > CUSTOMER_ON_30/11/18-16:49 > SUBCUSTOMER2_ON_30/11/18-16:49'

2018-11-30 16:52:45 - [MESSAGE][PASSED] - Text of object 'Object Repository/Text' is: 'Customers > CUSTOMER_ON_30/11/18-16:49 > SUBCUSTOMER2_ON_30/11/18-16:49'

2018-11-30 16:52:45 - [TEST_STEP][PASSED] - println(s): null]]></system-out>
         <system-err><![CDATA[]]></system-err>
      </testcase>
      <system-out><![CDATA[2018-11-30 16:49:02 - [TEST_SUITE][PASSED] - Customer_Resource: Test Cases/CheckResoucesAsPerLocation/validateResource]]></system-out>
      <system-err><![CDATA[]]></system-err>
   </testsuite>
</testsuites>
